L 03/05/2015 - 19:38:01: Log file started (file "logs/L0305036.log") (game "cstrike") (version "48/1.6.3.7/Stdio/5787")
L 03/05/2015 - 19:38:01: Loading map "awp_india"
L 03/05/2015 - 19:38:01: Server cvars start
L 03/05/2015 - 19:38:01: Server cvar "_tutor_bomb_viewable_check_interval" = "0.5"
L 03/05/2015 - 19:38:01: Server cvar "_tutor_debug_level" = "0"
L 03/05/2015 - 19:38:01: Server cvar "_tutor_examine_time" = "0.5"
L 03/05/2015 - 19:38:01: Server cvar "_tutor_hint_interval_time" = "10.0"
L 03/05/2015 - 19:38:01: Server cvar "_tutor_look_angle" = "10"
L 03/05/2015 - 19:38:01: Server cvar "_tutor_look_distance" = "200"
L 03/05/2015 - 19:38:01: Server cvar "_tutor_message_character_display_time_coefficient" = "0.07"
L 03/05/2015 - 19:38:01: Server cvar "_tutor_message_minimum_display_time" = "1"
L 03/05/2015 - 19:38:01: Server cvar "_tutor_message_repeats" = "5"
L 03/05/2015 - 19:38:01: Server cvar "_tutor_view_distance" = "1000"
L 03/05/2015 - 19:38:01: Server cvar "aesp_version" = "1.5b_mini"
L 03/05/2015 - 19:38:01: Server cvar "allow_spectators" = "2"
L 03/05/2015 - 19:38:01: Server cvar "amx_client_languages" = "0"
L 03/05/2015 - 19:38:01: Server cvar "amx_contactinfo" = "ICQ: 691322983"
L 03/05/2015 - 19:38:01: Server cvar "amx_language" = "ru"
L 03/05/2015 - 19:38:01: Server cvar "amx_nextmap" = "fy_pool_day"
L 03/05/2015 - 19:38:01: Server cvar "amx_timeleft" = "14:46"
L 03/05/2015 - 19:38:01: Server cvar "amxbans_ssversion" = "Gm 1.6"
L 03/05/2015 - 19:38:01: Server cvar "amxbans_version" = "Gm 1.6"
L 03/05/2015 - 19:38:01: Server cvar "amxmodx_version" = "1.8.1.3746"
L 03/05/2015 - 19:38:01: Server cvar "Colored Translit Cheat" = "Loaded"
L 03/05/2015 - 19:38:01: Server cvar "Colored Translit Config" = "Loaded"
L 03/05/2015 - 19:38:01: Server cvar "Colored Translit Ignores" = "Loaded"
L 03/05/2015 - 19:38:01: Server cvar "Colored Translit Replace" = "Loaded"
L 03/05/2015 - 19:38:01: Server cvar "Colored Translit Spam" = "Loaded"
L 03/05/2015 - 19:38:01: Server cvar "Colored Translit Status" = "Loaded"
L 03/05/2015 - 19:38:01: Server cvar "Colored Translit Swear" = "Loaded"
L 03/05/2015 - 19:38:01: Server cvar "Colored Translit Version" = "2.0b Final"
L 03/05/2015 - 19:38:01: Server cvar "coop" = "0"
L 03/05/2015 - 19:38:01: Server cvar "deathmatch" = "1"
L 03/05/2015 - 19:38:01: Server cvar "decalfrequency" = "9"
L 03/05/2015 - 19:38:01: Server cvar "dp_version" = "0.9.391"
L 03/05/2015 - 19:38:01: Server cvar "edgefriction" = "2"
L 03/05/2015 - 19:38:01: Server cvar "hostage_debug" = "0"
L 03/05/2015 - 19:38:01: Server cvar "hostage_stop" = "0"
L 03/05/2015 - 19:38:01: Server cvar "humans_join_team" = "any"
L 03/05/2015 - 19:38:01: Server cvar "jtp10181" = "chute"
L 03/05/2015 - 19:38:01: Server cvar "max_queries_sec" = "3.0"
L 03/05/2015 - 19:38:01: Server cvar "max_queries_sec_global" = "30"
L 03/05/2015 - 19:38:01: Server cvar "max_queries_window" = "60"
L 03/05/2015 - 19:38:01: Server cvar "metamod_version" = "1.19p32"
L 03/05/2015 - 19:38:01: Server cvar "mp_allowmonsters" = "0"
L 03/05/2015 - 19:38:01: Server cvar "mp_autokick" = "1"
L 03/05/2015 - 19:38:01: Server cvar "mp_autoteambalance" = "1"
L 03/05/2015 - 19:38:01: Server cvar "mp_buytime" = "1.5"
L 03/05/2015 - 19:38:01: Server cvar "mp_c4timer" = "35"
L 03/05/2015 - 19:38:01: Server cvar "mp_chattime" = "0"
L 03/05/2015 - 19:38:01: Server cvar "mp_consistency" = "1"
L 03/05/2015 - 19:38:01: Server cvar "mp_fadetoblack" = "0"
L 03/05/2015 - 19:38:01: Server cvar "mp_flashlight" = "1"
L 03/05/2015 - 19:38:01: Server cvar "mp_footsteps" = "1"
L 03/05/2015 - 19:38:01: Server cvar "mp_forcecamera" = "0"
L 03/05/2015 - 19:38:01: Server cvar "mp_forcechasecam" = "0"
L 03/05/2015 - 19:38:01: Server cvar "mp_fragsleft" = "0"
L 03/05/2015 - 19:38:01: Server cvar "mp_freezetime" = "5"
L 03/05/2015 - 19:38:01: Server cvar "mp_friendlyfire" = "0"
L 03/05/2015 - 19:38:01: Server cvar "mp_ghostfrequency" = "0.1"
L 03/05/2015 - 19:38:01: Server cvar "mp_hostagepenalty" = "2"
L 03/05/2015 - 19:38:01: Server cvar "mp_kickpercent" = "0.66"
L 03/05/2015 - 19:38:01: Server cvar "mp_limitteams" = "2"
L 03/05/2015 - 19:38:01: Server cvar "mp_logdetail" = "3"
L 03/05/2015 - 19:38:01: Server cvar "mp_logfile" = "1"
L 03/05/2015 - 19:38:01: Server cvar "mp_logmessages" = "1"
L 03/05/2015 - 19:38:01: Server cvar "mp_mapvoteratio" = "0.66"
L 03/05/2015 - 19:38:01: Server cvar "mp_maxrounds" = "0"
L 03/05/2015 - 19:38:01: Server cvar "mp_mirrordamage" = "0"
L 03/05/2015 - 19:38:01: Server cvar "mp_playerid" = "0"
L 03/05/2015 - 19:38:01: Server cvar "mp_roundtime" = "2.57"
L 03/05/2015 - 19:38:01: Server cvar "mp_startmoney" = "800"
L 03/05/2015 - 19:38:01: Server cvar "mp_timeleft" = "0"
L 03/05/2015 - 19:38:01: Server cvar "mp_timelimit" = "30"
L 03/05/2015 - 19:38:01: Server cvar "mp_tkpunish" = "1"
L 03/05/2015 - 19:38:01: Server cvar "mp_windifference" = "1"
L 03/05/2015 - 19:38:01: Server cvar "mp_winlimit" = "0"
L 03/05/2015 - 19:38:01: Server cvar "pausable" = "0"
L 03/05/2015 - 19:38:01: Server cvar "sv_accelerate" = "5"
L 03/05/2015 - 19:38:01: Server cvar "sv_aim" = "off"
L 03/05/2015 - 19:38:01: Server cvar "sv_airaccelerate" = "10"
L 03/05/2015 - 19:38:01: Server cvar "sv_airmove" = "1"
L 03/05/2015 - 19:38:01: Server cvar "sv_allowupload" = "1"
L 03/05/2015 - 19:38:01: Server cvar "sv_alltalk" = "1"
L 03/05/2015 - 19:38:01: Server cvar "sv_bounce" = "1"
L 03/05/2015 - 19:38:01: Server cvar "sv_cheats" = "off"
L 03/05/2015 - 19:38:01: Server cvar "sv_clienttrace" = "1"
L 03/05/2015 - 19:38:01: Server cvar "sv_clipmode" = "0"
L 03/05/2015 - 19:38:01: Server cvar "sv_contact" = ""
L 03/05/2015 - 19:38:01: Server cvar "sv_friction" = "4"
L 03/05/2015 - 19:38:01: Server cvar "sv_gravity" = "800"
L 03/05/2015 - 19:38:01: Server cvar "sv_logblocks" = "0"
L 03/05/2015 - 19:38:01: Server cvar "sv_maxrate" = "50000"
L 03/05/2015 - 19:38:01: Server cvar "sv_maxspeed" = "900"
L 03/05/2015 - 19:38:01: Server cvar "sv_minrate" = "100000"
L 03/05/2015 - 19:38:01: Server cvar "sv_password" = ""
L 03/05/2015 - 19:38:01: Server cvar "sv_proxies" = "0"
L 03/05/2015 - 19:38:01: Server cvar "sv_region" = "3"
L 03/05/2015 - 19:38:01: Server cvar "sv_restart" = "0"
L 03/05/2015 - 19:38:01: Server cvar "sv_restartround" = "0"
L 03/05/2015 - 19:38:01: Server cvar "sv_stepsize" = "18"
L 03/05/2015 - 19:38:01: Server cvar "sv_stopspeed" = "75"
L 03/05/2015 - 19:38:01: Server cvar "sv_uploadmax" = "0.5"
L 03/05/2015 - 19:38:01: Server cvar "sv_voiceenable" = "1"
L 03/05/2015 - 19:38:01: Server cvar "sv_wateraccelerate" = "10"
L 03/05/2015 - 19:38:01: Server cvar "sv_waterfriction" = "1"
L 03/05/2015 - 19:38:01: Server cvar "ultimate_sounds" = "1.7"
L 03/05/2015 - 19:38:01: Server cvar "vtc_version" = "80"
L 03/05/2015 - 19:38:01: Server cvars end
L 03/05/2015 - 19:38:02: Server cvar "amx_nextmap" = "35_hp_2011"
L 03/05/2015 - 19:38:02: Started map "awp_india" (CRC "534917220")
L 03/05/2015 - 19:38:02: [VTC] Player 7 speex
L 03/05/2015 - 19:38:02: [VTC] Player 5 speex
L 03/05/2015 - 19:38:02: [VTC] Player 1 speex
L 03/05/2015 - 19:38:02: [VTC] Player 3 speex
L 03/05/2015 - 19:38:02: [VTC] Player 4 speex
L 03/05/2015 - 19:38:05: "Vrag___SIstembI<47><STEAM_0:0:1457735169><>" entered the game
L 03/05/2015 - 19:38:05: [DPROTO]: Client 2 - Set AuthIdType 1 [dp_RevEmu]; pClient = 0xb39cdcf0
L 03/05/2015 - 19:38:05: "[Hard_Skill]_Mi{x}eR<61><STEAM_0:0:898503398><>" connected, address "37.213.176.139:27005"
L 03/05/2015 - 19:38:05: [VTC] Player 3 speex
L 03/05/2015 - 19:38:06: [DPROTO]: Client 0 - Set AuthIdType 1 [dp_RevEmu]; pClient = 0xb39c3f08
L 03/05/2015 - 19:38:06: "Rapchik@228<62><STEAM_0:0:870682240><>" connected, address "176.102.193.162:27005"
L 03/05/2015 - 19:38:06: [VTC] Player 1 speex
L 03/05/2015 - 19:38:08: World triggered "Round_Start"
L 03/05/2015 - 19:38:08: "Vrag___SIstembI<47><STEAM_0:0:1457735169><>" joined team "CT"
L 03/05/2015 - 19:38:09: [DPROTO]: Client 4 - Set AuthIdType 1 [dp_RevEmu]; pClient = 0xb39d7ad8
L 03/05/2015 - 19:38:09: "Radion#<63><STEAM_0:0:522188203><>" connected, address "178.120.204.212:53487"
L 03/05/2015 - 19:38:09: [VTC] Player 5 speex
L 03/05/2015 - 19:38:10: "GameFun# ZoniCwOw#mfk:3<59><STEAM_0:0:586625548><>" entered the game
L 03/05/2015 - 19:38:10: "[Hard_Skill]_Mi{x}eR<61><STEAM_0:0:898503398><>" entered the game
L 03/05/2015 - 19:38:10: "Rapchik@228<62><STEAM_0:0:870682240><>" entered the game
L 03/05/2015 - 19:38:13: "Radion#<63><STEAM_0:0:522188203><>" entered the game
L 03/05/2015 - 19:38:13: "[Hard_Skill]_Mi{x}eR<61><STEAM_0:0:898503398><>" joined team "TERRORIST"
L 03/05/2015 - 19:38:14: World triggered "Game_Commencing"
L 03/05/2015 - 19:38:14: World triggered "Game_Commencing" (CT "0") (T "0")
L 03/05/2015 - 19:38:14: World triggered "Round_End"
L 03/05/2015 - 19:38:15: "Rapchik@228<62><STEAM_0:0:870682240><>" joined team "CT"
L 03/05/2015 - 19:38:16: "GameFun# ZoniCwOw#mfk:3<59><STEAM_0:0:586625548><>" joined team "CT"
L 03/05/2015 - 19:38:17: "Radion#<63><STEAM_0:0:522188203><>" joined team "TERRORIST"
L 03/05/2015 - 19:38:18: "Vrag___SIstembI<47><STEAM_0:0:1457735169><CT>" committed suicide with "world"
L 03/05/2015 - 19:38:18: "Vrag___SIstembI<47><STEAM_0:0:1457735169><CT>" joined team "TERRORIST"
L 03/05/2015 - 19:38:22: World triggered "Round_Start"
L 03/05/2015 - 19:38:24: "GameFun# ZoniCwOw#mfk:3<59><STEAM_0:0:586625548><CT>" attacked "[Hard_Skill]_Mi{x}eR<61><STEAM_0:0:898503398><TERRORIST>" with "awp" (damage "106") (damage_armor "2") (health "-6") (armor "98")
L 03/05/2015 - 19:38:24: "GameFun# ZoniCwOw#mfk:3<59><STEAM_0:0:586625548><CT>" killed "[Hard_Skill]_Mi{x}eR<61><STEAM_0:0:898503398><TERRORIST>" with "awp"
L 03/05/2015 - 19:38:47: "Rapchik@228<62><STEAM_0:0:870682240><CT>" attacked "Radion#<63><STEAM_0:0:522188203><TERRORIST>" with "awp" (damage "84") (damage_armor "0") (health "16") (armor "100")
L 03/05/2015 - 19:39:03: "Rapchik@228<62><STEAM_0:0:870682240><CT>" attacked "Radion#<63><STEAM_0:0:522188203><TERRORIST>" with "awp" (damage "137") (damage_armor "2") (health "-121") (armor "98")
L 03/05/2015 - 19:39:03: "Rapchik@228<62><STEAM_0:0:870682240><CT>" killed "Radion#<63><STEAM_0:0:522188203><TERRORIST>" with "awp"
L 03/05/2015 - 19:39:03: Team "CT" triggered "CTs_Win" (CT "1") (T "0")
L 03/05/2015 - 19:39:03: World triggered "Round_End"
L 03/05/2015 - 19:39:13: World triggered "Round_Start"
L 03/05/2015 - 19:39:19: "[Hard_Skill]_Mi{x}eR<61><STEAM_0:0:898503398><TERRORIST>" attacked "Rapchik@228<62><STEAM_0:0:870682240><CT>" with "awp" (damage "52") (damage_armor "1") (health "48") (armor "99")
L 03/05/2015 - 19:39:24: "[Hard_Skill]_Mi{x}eR<61><STEAM_0:0:898503398><TERRORIST>" attacked "GameFun# ZoniCwOw#mfk:3<59><STEAM_0:0:586625548><CT>" with "awp" (damage "107") (damage_armor "2") (health "-7") (armor "98")
L 03/05/2015 - 19:39:24: "[Hard_Skill]_Mi{x}eR<61><STEAM_0:0:898503398><TERRORIST>" killed "GameFun# ZoniCwOw#mfk:3<59><STEAM_0:0:586625548><CT>" with "awp"
L 03/05/2015 - 19:39:30: "Radion#<63><STEAM_0:0:522188203><TERRORIST>" attacked "Rapchik@228<62><STEAM_0:0:870682240><CT>" with "awp" (damage "432") (damage_armor "6") (health "-384") (armor "93")
L 03/05/2015 - 19:39:30: "Radion#<63><STEAM_0:0:522188203><TERRORIST>" killed "Rapchik@228<62><STEAM_0:0:870682240><CT>" with "awp"
L 03/05/2015 - 19:39:30: Team "TERRORIST" triggered "Terrorists_Win" (CT "1") (T "1")
L 03/05/2015 - 19:39:30: World triggered "Round_End"
L 03/05/2015 - 19:39:40: World triggered "Round_Start"
L 03/05/2015 - 19:39:40: "Vrag___SIstembI<47><STEAM_0:0:1457735169><TERRORIST>" attacked "GameFun# ZoniCwOw#mfk:3<59><STEAM_0:0:586625548><CT>" with "awp" (damage "106") (damage_armor "2") (health "-6") (armor "98")
L 03/05/2015 - 19:39:40: "Vrag___SIstembI<47><STEAM_0:0:1457735169><TERRORIST>" killed "GameFun# ZoniCwOw#mfk:3<59><STEAM_0:0:586625548><CT>" with "awp"
L 03/05/2015 - 19:39:43: "[Hard_Skill]_Mi{x}eR<61><STEAM_0:0:898503398><TERRORIST>" attacked "Rapchik@228<62><STEAM_0:0:870682240><CT>" with "awp" (damage "429") (damage_armor "6") (health "-329") (armor "94")
L 03/05/2015 - 19:39:43: "[Hard_Skill]_Mi{x}eR<61><STEAM_0:0:898503398><TERRORIST>" killed "Rapchik@228<62><STEAM_0:0:870682240><CT>" with "awp"
L 03/05/2015 - 19:39:43: Team "TERRORIST" triggered "Terrorists_Win" (CT "1") (T "2")
L 03/05/2015 - 19:39:43: World triggered "Round_End"
L 03/05/2015 - 19:39:53: World triggered "Round_Start"
L 03/05/2015 - 19:39:53: "GameFun# ZoniCwOw#mfk:3<59><STEAM_0:0:586625548><CT>" attacked "[Hard_Skill]_Mi{x}eR<61><STEAM_0:0:898503398><TERRORIST>" with "awp" (damage "106") (damage_armor "2") (health "-6") (armor "98")
L 03/05/2015 - 19:39:53: "GameFun# ZoniCwOw#mfk:3<59><STEAM_0:0:586625548><CT>" killed "[Hard_Skill]_Mi{x}eR<61><STEAM_0:0:898503398><TERRORIST>" with "awp"
L 03/05/2015 - 19:40:00: "GameFun# ZoniCwOw#mfk:3<59><STEAM_0:0:586625548><CT>" attacked "Vrag___SIstembI<47><STEAM_0:0:1457735169><TERRORIST>" with "awp" (damage "138") (damage_armor "2") (health "-38") (armor "98")
L 03/05/2015 - 19:40:00: "GameFun# ZoniCwOw#mfk:3<59><STEAM_0:0:586625548><CT>" killed "Vrag___SIstembI<47><STEAM_0:0:1457735169><TERRORIST>" with "awp"
L 03/05/2015 - 19:40:06: "Radion#<63><STEAM_0:0:522188203><TERRORIST>" attacked "Rapchik@228<62><STEAM_0:0:870682240><CT>" with "awp" (damage "108") (damage_armor "2") (health "-8") (armor "98")
L 03/05/2015 - 19:40:06: "Radion#<63><STEAM_0:0:522188203><TERRORIST>" killed "Rapchik@228<62><STEAM_0:0:870682240><CT>" with "awp"
L 03/05/2015 - 19:40:15: "GameFun# ZoniCwOw#mfk:3<59><STEAM_0:0:586625548><CT>" attacked "Radion#<63><STEAM_0:0:522188203><TERRORIST>" with "knife" (damage "55") (damage_armor "5") (health "45") (armor "95")
L 03/05/2015 - 19:40:15: "Radion#<63><STEAM_0:0:522188203><TERRORIST>" attacked "GameFun# ZoniCwOw#mfk:3<59><STEAM_0:0:586625548><CT>" with "knife" (damage "55") (damage_armor "5") (health "22") (armor "95")
L 03/05/2015 - 19:40:16: "GameFun# ZoniCwOw#mfk:3<59><STEAM_0:0:586625548><CT>" attacked "Radion#<63><STEAM_0:0:522188203><TERRORIST>" with "knife" (damage "55") (damage_armor "5") (health "-10") (armor "90")
L 03/05/2015 - 19:40:16: "GameFun# ZoniCwOw#mfk:3<59><STEAM_0:0:586625548><CT>" killed "Radion#<63><STEAM_0:0:522188203><TERRORIST>" with "knife"
L 03/05/2015 - 19:40:16: Team "CT" triggered "CTs_Win" (CT "2") (T "2")
L 03/05/2015 - 19:40:16: World triggered "Round_End"
L 03/05/2015 - 19:40:26: World triggered "Round_Start"
L 03/05/2015 - 19:40:36: "Vrag___SIstembI<47><STEAM_0:0:1457735169><TERRORIST>" attacked "Rapchik@228<62><STEAM_0:0:870682240><CT>" with "awp" (damage "108") (damage_armor "2") (health "-8") (armor "98")
L 03/05/2015 - 19:40:36: "Vrag___SIstembI<47><STEAM_0:0:1457735169><TERRORIST>" killed "Rapchik@228<62><STEAM_0:0:870682240><CT>" with "awp"
L 03/05/2015 - 19:40:45: "GameFun# ZoniCwOw#mfk:3<59><STEAM_0:0:586625548><CT>" attacked "Radion#<63><STEAM_0:0:522188203><TERRORIST>" with "awp" (damage "432") (damage_armor "6") (health "-332") (armor "94")
L 03/05/2015 - 19:40:45: "GameFun# ZoniCwOw#mfk:3<59><STEAM_0:0:586625548><CT>" killed "Radion#<63><STEAM_0:0:522188203><TERRORIST>" with "awp"
L 03/05/2015 - 19:40:50: "GameFun# ZoniCwOw#mfk:3<59><STEAM_0:0:586625548><CT>" attacked "[Hard_Skill]_Mi{x}eR<61><STEAM_0:0:898503398><TERRORIST>" with "awp" (damage "109") (damage_armor "2") (health "-9") (armor "98")
L 03/05/2015 - 19:40:50: "GameFun# ZoniCwOw#mfk:3<59><STEAM_0:0:586625548><CT>" killed "[Hard_Skill]_Mi{x}eR<61><STEAM_0:0:898503398><TERRORIST>" with "awp"
L 03/05/2015 - 19:41:04: "GameFun# ZoniCwOw#mfk:3<59><STEAM_0:0:586625548><CT>" attacked "Vrag___SIstembI<47><STEAM_0:0:1457735169><TERRORIST>" with "knife" (damage "55") (damage_armor "5") (health "45") (armor "95")
L 03/05/2015 - 19:41:04: "Vrag___SIstembI<47><STEAM_0:0:1457735169><TERRORIST>" attacked "GameFun# ZoniCwOw#mfk:3<59><STEAM_0:0:586625548><CT>" with "knife" (damage "55") (damage_armor "5") (health "45") (armor "95")
L 03/05/2015 - 19:41:07: "Vrag___SIstembI<47><STEAM_0:0:1457735169><TERRORIST>" attacked "GameFun# ZoniCwOw#mfk:3<59><STEAM_0:0:586625548><CT>" with "knife" (damage "55") (damage_armor "5") (health "-10") (armor "90")
L 03/05/2015 - 19:41:07: "Vrag___SIstembI<47><STEAM_0:0:1457735169><TERRORIST>" killed "GameFun# ZoniCwOw#mfk:3<59><STEAM_0:0:586625548><CT>" with "knife"
L 03/05/2015 - 19:41:07: Team "TERRORIST" triggered "Terrorists_Win" (CT "2") (T "3")
L 03/05/2015 - 19:41:07: World triggered "Round_End"
L 03/05/2015 - 19:41:17: World triggered "Round_Start"
L 03/05/2015 - 19:41:26: "GameFun# ZoniCwOw#mfk:3<59><STEAM_0:0:586625548><CT>" attacked "Vrag___SIstembI<47><STEAM_0:0:1457735169><TERRORIST>" with "awp" (damage "108") (damage_armor "2") (health "-8") (armor "98")
L 03/05/2015 - 19:41:26: "GameFun# ZoniCwOw#mfk:3<59><STEAM_0:0:586625548><CT>" killed "Vrag___SIstembI<47><STEAM_0:0:1457735169><TERRORIST>" with "awp"
L 03/05/2015 - 19:41:27: "[Hard_Skill]_Mi{x}eR<61><STEAM_0:0:898503398><TERRORIST>" attacked "Rapchik@228<62><STEAM_0:0:870682240><CT>" with "awp" (damage "425") (damage_armor "6") (health "-325") (armor "94")
L 03/05/2015 - 19:41:27: "[Hard_Skill]_Mi{x}eR<61><STEAM_0:0:898503398><TERRORIST>" killed "Rapchik@228<62><STEAM_0:0:870682240><CT>" with "awp"
L 03/05/2015 - 19:41:32: "Vrag___SIstembI<47><STEAM_0:0:1457735169><TERRORIST>" triggered "weaponstats" (weapon "awp") (shots "13") (hits "2") (kills "2") (headshots "0") (tks "0") (damage "214") (deaths "2")
L 03/05/2015 - 19:41:32: "Vrag___SIstembI<47><STEAM_0:0:1457735169><TERRORIST>" triggered "weaponstats2" (weapon "awp") (head "0") (chest "1") (stomach "0") (leftarm "1") (rightarm "0") (leftleg "0") (rightleg "0")
L 03/05/2015 - 19:41:32: "Vrag___SIstembI<47><STEAM_0:0:1457735169><TERRORIST>" triggered "weaponstats" (weapon "knife") (shots "16") (hits "2") (kills "1") (headshots "0") (tks "0") (damage "110") (deaths "0")
L 03/05/2015 - 19:41:32: "Vrag___SIstembI<47><STEAM_0:0:1457735169><TERRORIST>" triggered "weaponstats2" (weapon "knife") (head "0") (chest "1") (stomach "0") (leftarm "0") (rightarm "0") (leftleg "0") (rightleg "0")
L 03/05/2015 - 19:41:32: "Vrag___SIstembI<47><STEAM_0:0:1457735169><TERRORIST>" triggered "time" (time "3:26")
L 03/05/2015 - 19:41:32: "Vrag___SIstembI<47><STEAM_0:0:1457735169><TERRORIST>" triggered "latency" (ping "44")
L 03/05/2015 - 19:41:32: "Vrag___SIstembI<47><STEAM_0:0:1457735169><TERRORIST>" disconnected
L 03/05/2015 - 19:41:33: "[Hard_Skill]_Mi{x}eR<61><STEAM_0:0:898503398><TERRORIST>" attacked "GameFun# ZoniCwOw#mfk:3<59><STEAM_0:0:586625548><CT>" with "awp" (damage "108") (damage_armor "2") (health "-8") (armor "98")
L 03/05/2015 - 19:41:33: "[Hard_Skill]_Mi{x}eR<61><STEAM_0:0:898503398><TERRORIST>" killed "GameFun# ZoniCwOw#mfk:3<59><STEAM_0:0:586625548><CT>" with "awp"
L 03/05/2015 - 19:41:33: Team "TERRORIST" triggered "Terrorists_Win" (CT "2") (T "4")
L 03/05/2015 - 19:41:33: World triggered "Round_End"
L 03/05/2015 - 19:41:43: World triggered "Round_Start"
L 03/05/2015 - 19:41:45: "[Hard_Skill]_Mi{x}eR<61><STEAM_0:0:898503398><TERRORIST>" attacked "GameFun# ZoniCwOw#mfk:3<59><STEAM_0:0:586625548><CT>" with "awp" (damage "107") (damage_armor "2") (health "-7") (armor "98")
L 03/05/2015 - 19:41:45: "[Hard_Skill]_Mi{x}eR<61><STEAM_0:0:898503398><TERRORIST>" killed "GameFun# ZoniCwOw#mfk:3<59><STEAM_0:0:586625548><CT>" with "awp"
L 03/05/2015 - 19:41:52: "[Hard_Skill]_Mi{x}eR<61><STEAM_0:0:898503398><TERRORIST>" attacked "Rapchik@228<62><STEAM_0:0:870682240><CT>" with "awp" (damage "108") (damage_armor "2") (health "-8") (armor "98")
L 03/05/2015 - 19:41:52: "[Hard_Skill]_Mi{x}eR<61><STEAM_0:0:898503398><TERRORIST>" killed "Rapchik@228<62><STEAM_0:0:870682240><CT>" with "awp"
L 03/05/2015 - 19:41:52: Team "TERRORIST" triggered "Terrorists_Win" (CT "2") (T "5")
L 03/05/2015 - 19:41:52: World triggered "Round_End"
L 03/05/2015 - 19:42:02: World triggered "Round_Start"
L 03/05/2015 - 19:42:14: "Radion#<63><STEAM_0:0:522188203><TERRORIST>" attacked "Rapchik@228<62><STEAM_0:0:870682240><CT>" with "awp" (damage "109") (damage_armor "2") (health "-9") (armor "98")
L 03/05/2015 - 19:42:14: "Radion#<63><STEAM_0:0:522188203><TERRORIST>" killed "Rapchik@228<62><STEAM_0:0:870682240><CT>" with "awp"
L 03/05/2015 - 19:42:17: "GameFun# ZoniCwOw#mfk:3<59><STEAM_0:0:586625548><CT>" attacked "Radion#<63><STEAM_0:0:522188203><TERRORIST>" with "awp" (damage "107") (damage_armor "2") (health "-7") (armor "98")
L 03/05/2015 - 19:42:17: "GameFun# ZoniCwOw#mfk:3<59><STEAM_0:0:586625548><CT>" killed "Radion#<63><STEAM_0:0:522188203><TERRORIST>" with "awp"
L 03/05/2015 - 19:42:21: "GameFun# ZoniCwOw#mfk:3<59><STEAM_0:0:586625548><CT>" attacked "[Hard_Skill]_Mi{x}eR<61><STEAM_0:0:898503398><TERRORIST>" with "awp" (damage "107") (damage_armor "2") (health "-7") (armor "98")
L 03/05/2015 - 19:42:21: "GameFun# ZoniCwOw#mfk:3<59><STEAM_0:0:586625548><CT>" killed "[Hard_Skill]_Mi{x}eR<61><STEAM_0:0:898503398><TERRORIST>" with "awp"
L 03/05/2015 - 19:42:21: Team "CT" triggered "CTs_Win" (CT "3") (T "5")
L 03/05/2015 - 19:42:21: World triggered "Round_End"
L 03/05/2015 - 19:42:31: World triggered "Round_Start"
L 03/05/2015 - 19:42:43: "[Hard_Skill]_Mi{x}eR<61><STEAM_0:0:898503398><TERRORIST>" attacked "GameFun# ZoniCwOw#mfk:3<59><STEAM_0:0:586625548><CT>" with "awp" (damage "108") (damage_armor "2") (health "-8") (armor "98")
L 03/05/2015 - 19:42:43: "[Hard_Skill]_Mi{x}eR<61><STEAM_0:0:898503398><TERRORIST>" killed "GameFun# ZoniCwOw#mfk:3<59><STEAM_0:0:586625548><CT>" with "awp"
L 03/05/2015 - 19:42:50: "Radion#<63><STEAM_0:0:522188203><TERRORIST>" attacked "Rapchik@228<62><STEAM_0:0:870682240><CT>" with "awp" (damage "107") (damage_armor "2") (health "-7") (armor "98")
L 03/05/2015 - 19:42:50: "Radion#<63><STEAM_0:0:522188203><TERRORIST>" killed "Rapchik@228<62><STEAM_0:0:870682240><CT>" with "awp"
L 03/05/2015 - 19:42:50: Team "TERRORIST" triggered "Terrorists_Win" (CT "3") (T "6")
L 03/05/2015 - 19:42:50: World triggered "Round_End"
L 03/05/2015 - 19:43:00: World triggered "Round_Start"
L 03/05/2015 - 19:43:01: "GameFun# ZoniCwOw#mfk:3<59><STEAM_0:0:586625548><CT>" attacked "[Hard_Skill]_Mi{x}eR<61><STEAM_0:0:898503398><TERRORIST>" with "awp" (damage "106") (damage_armor "2") (health "-6") (armor "98")
L 03/05/2015 - 19:43:01: "GameFun# ZoniCwOw#mfk:3<59><STEAM_0:0:586625548><CT>" killed "[Hard_Skill]_Mi{x}eR<61><STEAM_0:0:898503398><TERRORIST>" with "awp"
L 03/05/2015 - 19:43:03: "GameFun# ZoniCwOw#mfk:3<59><STEAM_0:0:586625548><CT>" attacked "Radion#<63><STEAM_0:0:522188203><TERRORIST>" with "awp" (damage "106") (damage_armor "2") (health "-6") (armor "98")
L 03/05/2015 - 19:43:03: "GameFun# ZoniCwOw#mfk:3<59><STEAM_0:0:586625548><CT>" killed "Radion#<63><STEAM_0:0:522188203><TERRORIST>" with "awp"
L 03/05/2015 - 19:43:03: Team "CT" triggered "CTs_Win" (CT "4") (T "6")
L 03/05/2015 - 19:43:03: World triggered "Round_End"
L 03/05/2015 - 19:43:13: World triggered "Round_Start"
L 03/05/2015 - 19:43:30: "GameFun# ZoniCwOw#mfk:3<59><STEAM_0:0:586625548><CT>" attacked "Radion#<63><STEAM_0:0:522188203><TERRORIST>" with "awp" (damage "53") (damage_armor "1") (health "47") (armor "99")
L 03/05/2015 - 19:43:32: "GameFun# ZoniCwOw#mfk:3<59><STEAM_0:0:586625548><CT>" attacked "Radion#<63><STEAM_0:0:522188203><TERRORIST>" with "awp" (damage "109") (damage_armor "2") (health "-62") (armor "97")
L 03/05/2015 - 19:43:32: "GameFun# ZoniCwOw#mfk:3<59><STEAM_0:0:586625548><CT>" killed "Radion#<63><STEAM_0:0:522188203><TERRORIST>" with "awp"
L 03/05/2015 - 19:43:39: "GameFun# ZoniCwOw#mfk:3<59><STEAM_0:0:586625548><CT>" attacked "[Hard_Skill]_Mi{x}eR<61><STEAM_0:0:898503398><TERRORIST>" with "awp" (damage "436") (damage_armor "6") (health "-336") (armor "94")
L 03/05/2015 - 19:43:39: "GameFun# ZoniCwOw#mfk:3<59><STEAM_0:0:586625548><CT>" killed "[Hard_Skill]_Mi{x}eR<61><STEAM_0:0:898503398><TERRORIST>" with "awp"
L 03/05/2015 - 19:43:39: Team "CT" triggered "CTs_Win" (CT "5") (T "6")
L 03/05/2015 - 19:43:39: World triggered "Round_End"
L 03/05/2015 - 19:43:49: World triggered "Round_Start"
L 03/05/2015 - 19:44:01: "GameFun# ZoniCwOw#mfk:3<59><STEAM_0:0:586625548><CT>" attacked "Radion#<63><STEAM_0:0:522188203><TERRORIST>" with "awp" (damage "110") (damage_armor "2") (health "-10") (armor "98")
L 03/05/2015 - 19:44:01: "GameFun# ZoniCwOw#mfk:3<59><STEAM_0:0:586625548><CT>" killed "Radion#<63><STEAM_0:0:522188203><TERRORIST>" with "awp"
L 03/05/2015 - 19:44:04: "[Hard_Skill]_Mi{x}eR<61><STEAM_0:0:898503398><TERRORIST>" attacked "Rapchik@228<62><STEAM_0:0:870682240><CT>" with "awp" (damage "109") (damage_armor "2") (health "-9") (armor "98")
L 03/05/2015 - 19:44:04: "[Hard_Skill]_Mi{x}eR<61><STEAM_0:0:898503398><TERRORIST>" killed "Rapchik@228<62><STEAM_0:0:870682240><CT>" with "awp"
L 03/05/2015 - 19:44:08: "Rapchik@228<62><STEAM_0:0:870682240><CT>" triggered "weaponstats" (weapon "awp") (shots "17") (hits "2") (kills "1") (headshots "0") (tks "0") (damage "221") (deaths "9")
L 03/05/2015 - 19:44:08: "Rapchik@228<62><STEAM_0:0:870682240><CT>" triggered "weaponstats2" (weapon "awp") (head "0") (chest "0") (stomach "1") (leftarm "0") (rightarm "0") (leftleg "1") (rightleg "0")
L 03/05/2015 - 19:44:08: "Rapchik@228<62><STEAM_0:0:870682240><CT>" triggered "time" (time "5:58")
L 03/05/2015 - 19:44:08: "Rapchik@228<62><STEAM_0:0:870682240><CT>" triggered "latency" (ping "67")
L 03/05/2015 - 19:44:08: "Rapchik@228<62><STEAM_0:0:870682240><CT>" disconnected
L 03/05/2015 - 19:44:29: "GameFun# ZoniCwOw#mfk:3<59><STEAM_0:0:586625548><CT>" attacked "[Hard_Skill]_Mi{x}eR<61><STEAM_0:0:898503398><TERRORIST>" with "knife" (damage "55") (damage_armor "5") (health "45") (armor "95")
L 03/05/2015 - 19:44:29: "[Hard_Skill]_Mi{x}eR<61><STEAM_0:0:898503398><TERRORIST>" attacked "GameFun# ZoniCwOw#mfk:3<59><STEAM_0:0:586625548><CT>" with "knife" (damage "55") (damage_armor "5") (health "24") (armor "95")
L 03/05/2015 - 19:44:30: "GameFun# ZoniCwOw#mfk:3<59><STEAM_0:0:586625548><CT>" attacked "[Hard_Skill]_Mi{x}eR<61><STEAM_0:0:898503398><TERRORIST>" with "knife" (damage "55") (damage_armor "5") (health "-10") (armor "90")
L 03/05/2015 - 19:44:30: "GameFun# ZoniCwOw#mfk:3<59><STEAM_0:0:586625548><CT>" killed "[Hard_Skill]_Mi{x}eR<61><STEAM_0:0:898503398><TERRORIST>" with "knife"
L 03/05/2015 - 19:44:30: Team "CT" triggered "CTs_Win" (CT "6") (T "6")
L 03/05/2015 - 19:44:30: World triggered "Round_End"
L 03/05/2015 - 19:44:40: World triggered "Round_Start"
L 03/05/2015 - 19:44:42: "GameFun# ZoniCwOw#mfk:3<59><STEAM_0:0:586625548><CT>" attacked "[Hard_Skill]_Mi{x}eR<61><STEAM_0:0:898503398><TERRORIST>" with "awp" (damage "107") (damage_armor "2") (health "-7") (armor "98")
L 03/05/2015 - 19:44:42: "GameFun# ZoniCwOw#mfk:3<59><STEAM_0:0:586625548><CT>" killed "[Hard_Skill]_Mi{x}eR<61><STEAM_0:0:898503398><TERRORIST>" with "awp"
L 03/05/2015 - 19:44:52: "GameFun# ZoniCwOw#mfk:3<59><STEAM_0:0:586625548><CT>" attacked "Radion#<63><STEAM_0:0:522188203><TERRORIST>" with "awp" (damage "425") (damage_armor "6") (health "-325") (armor "94")
L 03/05/2015 - 19:44:52: "GameFun# ZoniCwOw#mfk:3<59><STEAM_0:0:586625548><CT>" killed "Radion#<63><STEAM_0:0:522188203><TERRORIST>" with "awp"
L 03/05/2015 - 19:44:52: Team "CT" triggered "CTs_Win" (CT "7") (T "6")
L 03/05/2015 - 19:44:52: World triggered "Round_End"
L 03/05/2015 - 19:45:02: World triggered "Round_Start"
L 03/05/2015 - 19:45:11: [DPROTO]: Client 0 - Set AuthIdType 1 [dp_RevEmu]; pClient = 0xb39c3f08
L 03/05/2015 - 19:45:11: "FANAT CAXAPA<64><STEAM_0:0:722094344><>" connected, address "85.93.59.65:47984"
L 03/05/2015 - 19:45:11: [VTC] Player 1 speex
L 03/05/2015 - 19:45:16: "GameFun# ZoniCwOw#mfk:3<59><STEAM_0:0:586625548><CT>" attacked "[Hard_Skill]_Mi{x}eR<61><STEAM_0:0:898503398><TERRORIST>" with "awp" (damage "84") (damage_armor "0") (health "16") (armor "100")
L 03/05/2015 - 19:45:16: "[Hard_Skill]_Mi{x}eR<61><STEAM_0:0:898503398><TERRORIST>" attacked "GameFun# ZoniCwOw#mfk:3<59><STEAM_0:0:586625548><CT>" with "awp" (damage "109") (damage_armor "2") (health "-9") (armor "98")
L 03/05/2015 - 19:45:16: "[Hard_Skill]_Mi{x}eR<61><STEAM_0:0:898503398><TERRORIST>" killed "GameFun# ZoniCwOw#mfk:3<59><STEAM_0:0:586625548><CT>" with "awp"
L 03/05/2015 - 19:45:16: Team "TERRORIST" triggered "Terrorists_Win" (CT "7") (T "7")
L 03/05/2015 - 19:45:16: World triggered "Round_End"
L 03/05/2015 - 19:45:19: [DPROTO]: Client 0 - Set AuthIdType 1 [dp_RevEmu]; pClient = 0xb39c3f08
L 03/05/2015 - 19:45:19: "FANAT CAXAPA<65><STEAM_0:0:722094344><>" connected, address "85.93.59.65:47984"
L 03/05/2015 - 19:45:19: [VTC] Player 1 speex
L 03/05/2015 - 19:45:22: [DPROTO]: Client 1 - Set AuthIdType 1 [dp_RevEmu]; pClient = 0xb39c8dfc
L 03/05/2015 - 19:45:22: "makaroff /A/ #s0ft!k#e4sy#g4me#<66><STEAM_0:0:2111720015><>" connected, address "94.188.63.244:27005"
L 03/05/2015 - 19:45:22: [VTC] Player 2 speex
L 03/05/2015 - 19:45:23: "FANAT CAXAPA<65><STEAM_0:0:722094344><>" entered the game
L 03/05/2015 - 19:45:25: "FANAT CAXAPA<65><STEAM_0:0:722094344><>" joined team "CT"
L 03/05/2015 - 19:45:26: World triggered "Round_Start"
L 03/05/2015 - 19:45:28: [DPROTO]: Client 1 - Set AuthIdType 1 [dp_RevEmu]; pClient = 0xb39c8dfc
L 03/05/2015 - 19:45:28: "makaroff /A/ #s0ft!k#e4sy#g4me#<67><STEAM_0:0:2111720015><>" connected, address "94.188.63.244:27005"
L 03/05/2015 - 19:45:29: [VTC] Player 2 speex
L 03/05/2015 - 19:45:31: "[Hard_Skill]_Mi{x}eR<61><STEAM_0:0:898503398><TERRORIST>" attacked "GameFun# ZoniCwOw#mfk:3<59><STEAM_0:0:586625548><CT>" with "awp" (damage "107") (damage_armor "2") (health "-7") (armor "98")
L 03/05/2015 - 19:45:31: "[Hard_Skill]_Mi{x}eR<61><STEAM_0:0:898503398><TERRORIST>" killed "GameFun# ZoniCwOw#mfk:3<59><STEAM_0:0:586625548><CT>" with "awp"
L 03/05/2015 - 19:45:32: "makaroff /A/ #s0ft!k#e4sy#g4me#<67><STEAM_0:0:2111720015><>" entered the game
L 03/05/2015 - 19:45:33: "GameFun# ZoniCwOw#mfk:3<59><STEAM_0:0:586625548><CT>" triggered "weaponstats" (weapon "awp") (shots "51") (hits "17") (kills "15") (headshots "3") (tks "0") (damage "2749") (deaths "7")
L 03/05/2015 - 19:45:33: "GameFun# ZoniCwOw#mfk:3<59><STEAM_0:0:586625548><CT>" triggered "weaponstats2" (weapon "awp") (head "3") (chest "1") (stomach "1") (leftarm "6") (rightarm "5") (leftleg "1") (rightleg "0")
L 03/05/2015 - 19:45:33: "GameFun# ZoniCwOw#mfk:3<59><STEAM_0:0:586625548><CT>" triggered "weaponstats" (weapon "knife") (shots "57") (hits "5") (kills "2") (headshots "0") (tks "0") (damage "275") (deaths "1")
L 03/05/2015 - 19:45:33: "GameFun# ZoniCwOw#mfk:3<59><STEAM_0:0:586625548><CT>" triggered "weaponstats2" (weapon "knife") (head "0") (chest "0") (stomach "0") (leftarm "0") (rightarm "2") (leftleg "1") (rightleg "0")
L 03/05/2015 - 19:45:33: "GameFun# ZoniCwOw#mfk:3<59><STEAM_0:0:586625548><CT>" triggered "time" (time "7:23")
L 03/05/2015 - 19:45:33: "GameFun# ZoniCwOw#mfk:3<59><STEAM_0:0:586625548><CT>" triggered "latency" (ping "56")
L 03/05/2015 - 19:45:33: "GameFun# ZoniCwOw#mfk:3<59><STEAM_0:0:586625548><CT>" disconnected
L 03/05/2015 - 19:45:34: "FANAT CAXAPA<65><STEAM_0:0:722094344><CT>" attacked "Radion#<63><STEAM_0:0:522188203><TERRORIST>" with "awp" (damage "107") (damage_armor "2") (health "-7") (armor "98")
L 03/05/2015 - 19:45:34: "FANAT CAXAPA<65><STEAM_0:0:722094344><CT>" killed "Radion#<63><STEAM_0:0:522188203><TERRORIST>" with "awp"
L 03/05/2015 - 19:45:35: "[Hard_Skill]_Mi{x}eR<61><STEAM_0:0:898503398><TERRORIST>" attacked "FANAT CAXAPA<65><STEAM_0:0:722094344><CT>" with "awp" (damage "25") (damage_armor "1") (health "75") (armor "99")
L 03/05/2015 - 19:45:36: "makaroff /A/ #s0ft!k#e4sy#g4me#<67><STEAM_0:0:2111720015><>" joined team "CT"
L 03/05/2015 - 19:45:45: "Radion#<63><STEAM_0:0:522188203><TERRORIST>" triggered "weaponstats" (weapon "awp") (shots "34") (hits "4") (kills "4") (headshots "1") (tks "0") (damage "756") (deaths "7")
L 03/05/2015 - 19:45:45: "Radion#<63><STEAM_0:0:522188203><TERRORIST>" triggered "weaponstats2" (weapon "awp") (head "1") (chest "0") (stomach "0") (leftarm "3") (rightarm "0") (leftleg "0") (rightleg "0")
L 03/05/2015 - 19:45:45: "Radion#<63><STEAM_0:0:522188203><TERRORIST>" triggered "weaponstats" (weapon "knife") (shots "7") (hits "1") (kills "0") (headshots "0") (tks "0") (damage "55") (deaths "2")
L 03/05/2015 - 19:45:45: "Radion#<63><STEAM_0:0:522188203><TERRORIST>" triggered "weaponstats2" (weapon "knife") (head "0") (chest "0") (stomach "0") (leftarm "0") (rightarm "0") (leftleg "0") (rightleg "1")
L 03/05/2015 - 19:45:45: "Radion#<63><STEAM_0:0:522188203><TERRORIST>" triggered "time" (time "7:32")
L 03/05/2015 - 19:45:45: "Radion#<63><STEAM_0:0:522188203><TERRORIST>" triggered "latency" (ping "37")
L 03/05/2015 - 19:45:45: "Radion#<63><STEAM_0:0:522188203><TERRORIST>" disconnected
L 03/05/2015 - 19:45:48: "[Hard_Skill]_Mi{x}eR<61><STEAM_0:0:898503398><TERRORIST>" attacked "FANAT CAXAPA<65><STEAM_0:0:722094344><CT>" with "awp" (damage "108") (damage_armor "1") (health "-33") (armor "98")
L 03/05/2015 - 19:45:48: "[Hard_Skill]_Mi{x}eR<61><STEAM_0:0:898503398><TERRORIST>" killed "FANAT CAXAPA<65><STEAM_0:0:722094344><CT>" with "awp"
L 03/05/2015 - 19:45:48: "makaroff /A/ #s0ft!k#e4sy#g4me#<67><STEAM_0:0:2111720015><CT>" attacked "[Hard_Skill]_Mi{x}eR<61><STEAM_0:0:898503398><TERRORIST>" with "awp" (damage "432") (damage_armor "6") (health "-332") (armor "94")
L 03/05/2015 - 19:45:48: "makaroff /A/ #s0ft!k#e4sy#g4me#<67><STEAM_0:0:2111720015><CT>" killed "[Hard_Skill]_Mi{x}eR<61><STEAM_0:0:898503398><TERRORIST>" with "awp"
L 03/05/2015 - 19:45:48: Team "CT" triggered "CTs_Win" (CT "8") (T "7")
L 03/05/2015 - 19:45:48: World triggered "Round_End"
L 03/05/2015 - 19:45:58: World triggered "Round_Start"
L 03/05/2015 - 19:46:07: [DPROTO]: Client 3 - Set AuthIdType 1 [dp_RevEmu]; pClient = 0xb39d2be4
L 03/05/2015 - 19:46:07: "Strikes<68><STEAM_0:0:718900510><>" connected, address "37.212.18.27:5887"
L 03/05/2015 - 19:46:07: [VTC] Player 4 speex
L 03/05/2015 - 19:46:12: [DPROTO]: Client 3 - Set AuthIdType 1 [dp_RevEmu]; pClient = 0xb39d2be4
L 03/05/2015 - 19:46:12: "Strikes<69><STEAM_0:0:718900510><>" connected, address "37.212.18.27:5887"
L 03/05/2015 - 19:46:13: [VTC] Player 4 speex
L 03/05/2015 - 19:46:17: "makaroff /A/ #s0ft!k#e4sy#g4me#<67><STEAM_0:0:2111720015><CT>" attacked "[Hard_Skill]_Mi{x}eR<61><STEAM_0:0:898503398><TERRORIST>" with "awp" (damage "425") (damage_armor "6") (health "-325") (armor "94")
L 03/05/2015 - 19:46:17: "makaroff /A/ #s0ft!k#e4sy#g4me#<67><STEAM_0:0:2111720015><CT>" killed "[Hard_Skill]_Mi{x}eR<61><STEAM_0:0:898503398><TERRORIST>" with "awp"
L 03/05/2015 - 19:46:17: Team "CT" triggered "CTs_Win" (CT "9") (T "7")
L 03/05/2015 - 19:46:17: World triggered "Round_End"
L 03/05/2015 - 19:46:21: "Strikes<69><STEAM_0:0:718900510><>" entered the game
L 03/05/2015 - 19:46:27: "Strikes<69><STEAM_0:0:718900510><UNASSIGNED>" triggered "time" (time "0:06")
L 03/05/2015 - 19:46:27: "Strikes<69><STEAM_0:0:718900510><UNASSIGNED>" triggered "latency" (ping "0")
L 03/05/2015 - 19:46:27: "Strikes<69><STEAM_0:0:718900510><>" disconnected
L 03/05/2015 - 19:46:27: World triggered "Round_Start"
L 03/05/2015 - 19:46:33: "FANAT CAXAPA<65><STEAM_0:0:722094344><CT>" attacked "[Hard_Skill]_Mi{x}eR<61><STEAM_0:0:898503398><TERRORIST>" with "awp" (damage "137") (damage_armor "2") (health "-37") (armor "98")
L 03/05/2015 - 19:46:33: "FANAT CAXAPA<65><STEAM_0:0:722094344><CT>" killed "[Hard_Skill]_Mi{x}eR<61><STEAM_0:0:898503398><TERRORIST>" with "awp"
L 03/05/2015 - 19:46:33: Team "CT" triggered "CTs_Win" (CT "10") (T "7")
L 03/05/2015 - 19:46:33: World triggered "Round_End"
L 03/05/2015 - 19:46:43: World triggered "Round_Start"
L 03/05/2015 - 19:46:45: "makaroff /A/ #s0ft!k#e4sy#g4me#<67><STEAM_0:0:2111720015><CT>" attacked "[Hard_Skill]_Mi{x}eR<61><STEAM_0:0:898503398><TERRORIST>" with "awp" (damage "107") (damage_armor "2") (health "-7") (armor "98")
L 03/05/2015 - 19:46:45: "makaroff /A/ #s0ft!k#e4sy#g4me#<67><STEAM_0:0:2111720015><CT>" killed "[Hard_Skill]_Mi{x}eR<61><STEAM_0:0:898503398><TERRORIST>" with "awp"
L 03/05/2015 - 19:46:45: Team "CT" triggered "CTs_Win" (CT "11") (T "7")
L 03/05/2015 - 19:46:45: World triggered "Round_End"
L 03/05/2015 - 19:46:48: "FANAT CAXAPA<65><STEAM_0:0:722094344><CT>" committed suicide with "world"
L 03/05/2015 - 19:46:48: "FANAT CAXAPA<65><STEAM_0:0:722094344><CT>" joined team "TERRORIST"
L 03/05/2015 - 19:46:55: World triggered "Round_Start"
L 03/05/2015 - 19:47:00: "[Hard_Skill]_Mi{x}eR<61><STEAM_0:0:898503398><TERRORIST>" attacked "makaroff /A/ #s0ft!k#e4sy#g4me#<67><STEAM_0:0:2111720015><CT>" with "awp" (damage "429") (damage_armor "6") (health "-329") (armor "94")
L 03/05/2015 - 19:47:00: "[Hard_Skill]_Mi{x}eR<61><STEAM_0:0:898503398><TERRORIST>" killed "makaroff /A/ #s0ft!k#e4sy#g4me#<67><STEAM_0:0:2111720015><CT>" with "awp"
L 03/05/2015 - 19:47:00: Team "TERRORIST" triggered "Terrorists_Win" (CT "11") (T "8")
L 03/05/2015 - 19:47:00: World triggered "Round_End"
L 03/05/2015 - 19:47:10: World triggered "Round_Start"
L 03/05/2015 - 19:47:13: "makaroff /A/ #s0ft!k#e4sy#g4me#<67><STEAM_0:0:2111720015><CT>" attacked "[Hard_Skill]_Mi{x}eR<61><STEAM_0:0:898503398><TERRORIST>" with "awp" (damage "106") (damage_armor "2") (health "-6") (armor "98")
L 03/05/2015 - 19:47:13: "makaroff /A/ #s0ft!k#e4sy#g4me#<67><STEAM_0:0:2111720015><CT>" killed "[Hard_Skill]_Mi{x}eR<61><STEAM_0:0:898503398><TERRORIST>" with "awp"
L 03/05/2015 - 19:47:16: "makaroff /A/ #s0ft!k#e4sy#g4me#<67><STEAM_0:0:2111720015><CT>" attacked "FANAT CAXAPA<65><STEAM_0:0:722094344><TERRORIST>" with "awp" (damage "106") (damage_armor "2") (health "-6") (armor "98")
L 03/05/2015 - 19:47:16: "makaroff /A/ #s0ft!k#e4sy#g4me#<67><STEAM_0:0:2111720015><CT>" killed "FANAT CAXAPA<65><STEAM_0:0:722094344><TERRORIST>" with "awp"
L 03/05/2015 - 19:47:16: Team "CT" triggered "CTs_Win" (CT "12") (T "8")
L 03/05/2015 - 19:47:16: World triggered "Round_End"
L 03/05/2015 - 19:47:17: "[Hard_Skill]_Mi{x}eR<61><STEAM_0:0:898503398><TERRORIST>" triggered "weaponstats" (weapon "awp") (shots "24") (hits "13") (kills "11") (headshots "2") (tks "0") (damage "1902") (deaths "11")
L 03/05/2015 - 19:47:17: "[Hard_Skill]_Mi{x}eR<61><STEAM_0:0:898503398><TERRORIST>" triggered "weaponstats2" (weapon "awp") (head "2") (chest "3") (stomach "0") (leftarm "6") (rightarm "2") (leftleg "0") (rightleg "0")
L 03/05/2015 - 19:47:17: "[Hard_Skill]_Mi{x}eR<61><STEAM_0:0:898503398><TERRORIST>" triggered "weaponstats" (weapon "knife") (shots "6") (hits "2") (kills "1") (headshots "1") (tks "0") (damage "484") (deaths "2")
L 03/05/2015 - 19:47:17: "[Hard_Skill]_Mi{x}eR<61><STEAM_0:0:898503398><TERRORIST>" triggered "weaponstats2" (weapon "knife") (head "1") (chest "0") (stomach "0") (leftarm "1") (rightarm "0") (leftleg "0") (rightleg "0")
L 03/05/2015 - 19:47:17: "[Hard_Skill]_Mi{x}eR<61><STEAM_0:0:898503398><TERRORIST>" triggered "time" (time "9:06")
L 03/05/2015 - 19:47:17: "[Hard_Skill]_Mi{x}eR<61><STEAM_0:0:898503398><TERRORIST>" triggered "latency" (ping "39")
L 03/05/2015 - 19:47:17: "[Hard_Skill]_Mi{x}eR<61><STEAM_0:0:898503398><TERRORIST>" disconnected
L 03/05/2015 - 19:47:26: World triggered "Round_Start"
L 03/05/2015 - 19:47:33: "makaroff /A/ #s0ft!k#e4sy#g4me#<67><STEAM_0:0:2111720015><CT>" attacked "FANAT CAXAPA<65><STEAM_0:0:722094344><TERRORIST>" with "awp" (damage "108") (damage_armor "2") (health "-8") (armor "98")
L 03/05/2015 - 19:47:33: "makaroff /A/ #s0ft!k#e4sy#g4me#<67><STEAM_0:0:2111720015><CT>" killed "FANAT CAXAPA<65><STEAM_0:0:722094344><TERRORIST>" with "awp"
L 03/05/2015 - 19:47:33: Team "CT" triggered "CTs_Win" (CT "13") (T "8")
L 03/05/2015 - 19:47:33: World triggered "Round_End"
L 03/05/2015 - 19:47:40: "FANAT CAXAPA<65><STEAM_0:0:722094344><TERRORIST>" triggered "weaponstats" (weapon "awp") (shots "7") (hits "2") (kills "2") (headshots "0") (tks "0") (damage "244") (deaths "3")
L 03/05/2015 - 19:47:40: "FANAT CAXAPA<65><STEAM_0:0:722094344><TERRORIST>" triggered "weaponstats2" (weapon "awp") (head "0") (chest "0") (stomach "1") (leftarm "1") (rightarm "0") (leftleg "0") (rightleg "0")
L 03/05/2015 - 19:47:40: "FANAT CAXAPA<65><STEAM_0:0:722094344><TERRORIST>" triggered "weaponstats" (weapon "knife") (shots "7") (hits "0") (kills "0") (headshots "0") (tks "0") (damage "0") (deaths "0")
L 03/05/2015 - 19:47:40: "FANAT CAXAPA<65><STEAM_0:0:722094344><TERRORIST>" triggered "weaponstats2" (weapon "knife") (head "0") (chest "0") (stomach "0") (leftarm "0") (rightarm "0") (leftleg "0") (rightleg "0")
L 03/05/2015 - 19:47:40: "FANAT CAXAPA<65><STEAM_0:0:722094344><TERRORIST>" triggered "time" (time "2:17")
L 03/05/2015 - 19:47:40: "FANAT CAXAPA<65><STEAM_0:0:722094344><TERRORIST>" triggered "latency" (ping "58")
L 03/05/2015 - 19:47:40: "FANAT CAXAPA<65><STEAM_0:0:722094344><TERRORIST>" disconnected
L 03/05/2015 - 19:47:43: World triggered "Round_Start"
L 03/05/2015 - 19:50:13: [DPROTO]: Client 0 - Set AuthIdType 1 [dp_RevEmu]; pClient = 0xb39c3f08
L 03/05/2015 - 19:50:13: "gA<70><STEAM_0:0:61868154><>" connected, address "178.120.150.189:60115"
L 03/05/2015 - 19:50:13: [VTC] Player 1 speex
L 03/05/2015 - 19:50:16: [DPROTO]: Client 0 - Set AuthIdType 1 [dp_RevEmu]; pClient = 0xb39c3f08
L 03/05/2015 - 19:50:16: "gA<71><STEAM_0:0:61868154><>" connected, address "178.120.150.189:60115"
L 03/05/2015 - 19:50:16: [VTC] Player 1 speex
L 03/05/2015 - 19:50:17: "makaroff /A/ #s0ft!k#e4sy#g4me#<67><STEAM_0:0:2111720015><CT>" triggered "weaponstats" (weapon "awp") (shots "10") (hits "6") (kills "6") (headshots "2") (tks "0") (damage "1284") (deaths "1")
L 03/05/2015 - 19:50:17: "makaroff /A/ #s0ft!k#e4sy#g4me#<67><STEAM_0:0:2111720015><CT>" triggered "weaponstats2" (weapon "awp") (head "2") (chest "0") (stomach "0") (leftarm "4") (rightarm "0") (leftleg "0") (rightleg "0")
L 03/05/2015 - 19:50:17: "makaroff /A/ #s0ft!k#e4sy#g4me#<67><STEAM_0:0:2111720015><CT>" triggered "weaponstats" (weapon "knife") (shots "11") (hits "0") (kills "0") (headshots "0") (tks "0") (damage "0") (deaths "0")
L 03/05/2015 - 19:50:17: "makaroff /A/ #s0ft!k#e4sy#g4me#<67><STEAM_0:0:2111720015><CT>" triggered "weaponstats2" (weapon "knife") (head "0") (chest "0") (stomach "0") (leftarm "0") (rightarm "0") (leftleg "0") (rightleg "0")
L 03/05/2015 - 19:50:17: "makaroff /A/ #s0ft!k#e4sy#g4me#<67><STEAM_0:0:2111720015><CT>" triggered "time" (time "4:44")
L 03/05/2015 - 19:50:17: "makaroff /A/ #s0ft!k#e4sy#g4me#<67><STEAM_0:0:2111720015><CT>" triggered "latency" (ping "46")
L 03/05/2015 - 19:50:17: "makaroff /A/ #s0ft!k#e4sy#g4me#<67><STEAM_0:0:2111720015><CT>" disconnected
L 03/05/2015 - 19:50:17: World triggered "Round_Draw" (CT "13") (T "8")
L 03/05/2015 - 19:50:17: World triggered "Round_End"
L 03/05/2015 - 19:50:19: "gA<71><STEAM_0:0:61868154><>" entered the game
L 03/05/2015 - 19:50:20: "gA<71><STEAM_0:0:61868154><>" joined team "CT"
L 03/05/2015 - 19:50:27: World triggered "Round_Start"
L 03/05/2015 - 19:50:31: "gA<71><STEAM_0:0:61868154><CT>" committed suicide with "world"
L 03/05/2015 - 19:50:31: World triggered "Round_Draw" (CT "13") (T "8")
L 03/05/2015 - 19:50:31: World triggered "Round_End"
L 03/05/2015 - 19:50:31: "gA<71><STEAM_0:0:61868154><CT>" joined team "TERRORIST"
L 03/05/2015 - 19:50:31: World triggered "Round_Draw" (CT "13") (T "8")
L 03/05/2015 - 19:50:31: World triggered "Round_End"
L 03/05/2015 - 19:50:41: World triggered "Round_Start"
L 03/05/2015 - 19:50:46: "gA<71><STEAM_0:0:61868154><TERRORIST>" triggered "weaponstats" (weapon "awp") (shots "1") (hits "0") (kills "0") (headshots "0") (tks "0") (damage "0") (deaths "0")
L 03/05/2015 - 19:50:46: "gA<71><STEAM_0:0:61868154><TERRORIST>" triggered "weaponstats2" (weapon "awp") (head "0") (chest "0") (stomach "0") (leftarm "0") (rightarm "0") (leftleg "0") (rightleg "0")
L 03/05/2015 - 19:50:46: "gA<71><STEAM_0:0:61868154><TERRORIST>" triggered "time" (time "0:27")
L 03/05/2015 - 19:50:46: "gA<71><STEAM_0:0:61868154><TERRORIST>" triggered "latency" (ping "41")
L 03/05/2015 - 19:50:46: "gA<71><STEAM_0:0:61868154><TERRORIST>" disconnected
L 03/05/2015 - 19:50:46: World triggered "Round_Draw" (CT "13") (T "8")
L 03/05/2015 - 19:50:46: World triggered "Round_End"
L 03/05/2015 - 19:50:56: World triggered "Round_Start"
L 03/05/2015 - 19:53:11: [META] ini: Begin re-reading plugins list: /home/extazy/Public/cstrike/addons/metamod/plugins.ini
L 03/05/2015 - 19:53:11: [META] ini: Read plugin config for: AMX Mod X
L 03/05/2015 - 19:53:11: [META] ini: Read plugin config for: dproto_EF
L 03/05/2015 - 19:53:11: [META] ini: Read plugin config for: mmtimer
L 03/05/2015 - 19:53:11: [META] ini: Read plugin config for: VoiceTranscoder
L 03/05/2015 - 19:53:11: [META] ini: Finished reading plugins list: /home/extazy/Public/cstrike/addons/metamod/plugins.ini; Found 4 plugins
L 03/05/2015 - 19:53:11: [META] dll: Updating plugins...
L 03/05/2015 - 19:53:11: [META] WARNING: dll: Plugin 'mmtimer' isn't running; Forcing unload plugin for reloading
L 03/05/2015 - 19:53:11: [META] WARNING: dll: Failed to unload plugin 'mmtimer' for reloading
L 03/05/2015 - 19:53:11: [META] dll: Finished updating 13 plugins; kept 3, loaded 0, unloaded 0, reloaded 0, delayed 0
L 03/05/2015 - 19:53:11: Log file closed
