L 03/05/2015 - 23:04:44: Log file started (file "logs/L0305041.log") (game "cstrike") (version "48/1.6.3.7/Stdio/5787")
L 03/05/2015 - 23:04:44: Loading map "awp_india"
L 03/05/2015 - 23:04:44: Server cvars start
L 03/05/2015 - 23:04:44: Server cvar "_tutor_bomb_viewable_check_interval" = "0.5"
L 03/05/2015 - 23:04:44: Server cvar "_tutor_debug_level" = "0"
L 03/05/2015 - 23:04:44: Server cvar "_tutor_examine_time" = "0.5"
L 03/05/2015 - 23:04:44: Server cvar "_tutor_hint_interval_time" = "10.0"
L 03/05/2015 - 23:04:44: Server cvar "_tutor_look_angle" = "10"
L 03/05/2015 - 23:04:44: Server cvar "_tutor_look_distance" = "200"
L 03/05/2015 - 23:04:44: Server cvar "_tutor_message_character_display_time_coefficient" = "0.07"
L 03/05/2015 - 23:04:44: Server cvar "_tutor_message_minimum_display_time" = "1"
L 03/05/2015 - 23:04:44: Server cvar "_tutor_message_repeats" = "5"
L 03/05/2015 - 23:04:44: Server cvar "_tutor_view_distance" = "1000"
L 03/05/2015 - 23:04:44: Server cvar "aesp_version" = "1.5b_mini"
L 03/05/2015 - 23:04:44: Server cvar "allow_spectators" = "2"
L 03/05/2015 - 23:04:44: Server cvar "amx_client_languages" = "0"
L 03/05/2015 - 23:04:44: Server cvar "amx_contactinfo" = "ICQ: 691322983"
L 03/05/2015 - 23:04:44: Server cvar "amx_language" = "ru"
L 03/05/2015 - 23:04:44: Server cvar "amx_nextmap" = "awp_india"
L 03/05/2015 - 23:04:44: Server cvar "amx_timeleft" = "00:00"
L 03/05/2015 - 23:04:44: Server cvar "amxbans_ssversion" = "Gm 1.6"
L 03/05/2015 - 23:04:44: Server cvar "amxbans_version" = "Gm 1.6"
L 03/05/2015 - 23:04:44: Server cvar "amxmodx_version" = "1.8.1.3746"
L 03/05/2015 - 23:04:44: Server cvar "Colored Translit Cheat" = "Loaded"
L 03/05/2015 - 23:04:44: Server cvar "Colored Translit Config" = "Loaded"
L 03/05/2015 - 23:04:44: Server cvar "Colored Translit Ignores" = "Loaded"
L 03/05/2015 - 23:04:44: Server cvar "Colored Translit Replace" = "Loaded"
L 03/05/2015 - 23:04:44: Server cvar "Colored Translit Spam" = "Loaded"
L 03/05/2015 - 23:04:44: Server cvar "Colored Translit Status" = "Loaded"
L 03/05/2015 - 23:04:44: Server cvar "Colored Translit Swear" = "Loaded"
L 03/05/2015 - 23:04:44: Server cvar "Colored Translit Version" = "2.0b Final"
L 03/05/2015 - 23:04:44: Server cvar "coop" = "0"
L 03/05/2015 - 23:04:44: Server cvar "deathmatch" = "1"
L 03/05/2015 - 23:04:44: Server cvar "decalfrequency" = "9"
L 03/05/2015 - 23:04:44: Server cvar "dp_version" = "0.9.391"
L 03/05/2015 - 23:04:44: Server cvar "edgefriction" = "2"
L 03/05/2015 - 23:04:44: Server cvar "hostage_debug" = "0"
L 03/05/2015 - 23:04:44: Server cvar "hostage_stop" = "0"
L 03/05/2015 - 23:04:44: Server cvar "humans_join_team" = "any"
L 03/05/2015 - 23:04:44: Server cvar "jtp10181" = "chute"
L 03/05/2015 - 23:04:44: Server cvar "max_queries_sec" = "3.0"
L 03/05/2015 - 23:04:44: Server cvar "max_queries_sec_global" = "30"
L 03/05/2015 - 23:04:44: Server cvar "max_queries_window" = "60"
L 03/05/2015 - 23:04:44: Server cvar "metamod_version" = "1.19p32"
L 03/05/2015 - 23:04:44: Server cvar "mp_allowmonsters" = "0"
L 03/05/2015 - 23:04:44: Server cvar "mp_autokick" = "1"
L 03/05/2015 - 23:04:44: Server cvar "mp_autoteambalance" = "1"
L 03/05/2015 - 23:04:44: Server cvar "mp_buytime" = "1.5"
L 03/05/2015 - 23:04:44: Server cvar "mp_c4timer" = "35"
L 03/05/2015 - 23:04:44: Server cvar "mp_chattime" = "0"
L 03/05/2015 - 23:04:44: Server cvar "mp_consistency" = "1"
L 03/05/2015 - 23:04:44: Server cvar "mp_fadetoblack" = "0"
L 03/05/2015 - 23:04:44: Server cvar "mp_flashlight" = "1"
L 03/05/2015 - 23:04:44: Server cvar "mp_footsteps" = "1"
L 03/05/2015 - 23:04:44: Server cvar "mp_forcecamera" = "0"
L 03/05/2015 - 23:04:44: Server cvar "mp_forcechasecam" = "0"
L 03/05/2015 - 23:04:44: Server cvar "mp_fragsleft" = "0"
L 03/05/2015 - 23:04:44: Server cvar "mp_freezetime" = "5"
L 03/05/2015 - 23:04:44: Server cvar "mp_friendlyfire" = "0"
L 03/05/2015 - 23:04:44: Server cvar "mp_ghostfrequency" = "0.1"
L 03/05/2015 - 23:04:44: Server cvar "mp_hostagepenalty" = "2"
L 03/05/2015 - 23:04:44: Server cvar "mp_kickpercent" = "0.66"
L 03/05/2015 - 23:04:44: Server cvar "mp_limitteams" = "2"
L 03/05/2015 - 23:04:44: Server cvar "mp_logdetail" = "3"
L 03/05/2015 - 23:04:44: Server cvar "mp_logfile" = "1"
L 03/05/2015 - 23:04:44: Server cvar "mp_logmessages" = "1"
L 03/05/2015 - 23:04:44: Server cvar "mp_mapvoteratio" = "0.66"
L 03/05/2015 - 23:04:44: Server cvar "mp_maxrounds" = "0"
L 03/05/2015 - 23:04:44: Server cvar "mp_mirrordamage" = "0"
L 03/05/2015 - 23:04:44: Server cvar "mp_playerid" = "0"
L 03/05/2015 - 23:04:44: Server cvar "mp_roundtime" = "2.57"
L 03/05/2015 - 23:04:44: Server cvar "mp_startmoney" = "800"
L 03/05/2015 - 23:04:44: Server cvar "mp_timeleft" = "0"
L 03/05/2015 - 23:04:44: Server cvar "mp_timelimit" = "50"
L 03/05/2015 - 23:04:44: Server cvar "mp_tkpunish" = "1"
L 03/05/2015 - 23:04:44: Server cvar "mp_windifference" = "1"
L 03/05/2015 - 23:04:44: Server cvar "mp_winlimit" = "0"
L 03/05/2015 - 23:04:44: Server cvar "pausable" = "0"
L 03/05/2015 - 23:04:44: Server cvar "sv_accelerate" = "5"
L 03/05/2015 - 23:04:44: Server cvar "sv_aim" = "off"
L 03/05/2015 - 23:04:44: Server cvar "sv_airaccelerate" = "10"
L 03/05/2015 - 23:04:44: Server cvar "sv_airmove" = "1"
L 03/05/2015 - 23:04:44: Server cvar "sv_allowupload" = "1"
L 03/05/2015 - 23:04:44: Server cvar "sv_alltalk" = "1"
L 03/05/2015 - 23:04:44: Server cvar "sv_bounce" = "1"
L 03/05/2015 - 23:04:44: Server cvar "sv_cheats" = "off"
L 03/05/2015 - 23:04:44: Server cvar "sv_clienttrace" = "1"
L 03/05/2015 - 23:04:44: Server cvar "sv_clipmode" = "0"
L 03/05/2015 - 23:04:44: Server cvar "sv_contact" = ""
L 03/05/2015 - 23:04:44: Server cvar "sv_friction" = "4"
L 03/05/2015 - 23:04:44: Server cvar "sv_gravity" = "800"
L 03/05/2015 - 23:04:44: Server cvar "sv_logblocks" = "0"
L 03/05/2015 - 23:04:44: Server cvar "sv_maxrate" = "50000"
L 03/05/2015 - 23:04:44: Server cvar "sv_maxspeed" = "900"
L 03/05/2015 - 23:04:44: Server cvar "sv_minrate" = "100000"
L 03/05/2015 - 23:04:44: Server cvar "sv_password" = ""
L 03/05/2015 - 23:04:44: Server cvar "sv_proxies" = "0"
L 03/05/2015 - 23:04:44: Server cvar "sv_region" = "3"
L 03/05/2015 - 23:04:44: Server cvar "sv_restart" = "0"
L 03/05/2015 - 23:04:44: Server cvar "sv_restartround" = "0"
L 03/05/2015 - 23:04:44: Server cvar "sv_stepsize" = "18"
L 03/05/2015 - 23:04:44: Server cvar "sv_stopspeed" = "75"
L 03/05/2015 - 23:04:44: Server cvar "sv_uploadmax" = "0.5"
L 03/05/2015 - 23:04:44: Server cvar "sv_voiceenable" = "1"
L 03/05/2015 - 23:04:44: Server cvar "sv_wateraccelerate" = "10"
L 03/05/2015 - 23:04:44: Server cvar "sv_waterfriction" = "1"
L 03/05/2015 - 23:04:44: Server cvar "ultimate_sounds" = "1.7"
L 03/05/2015 - 23:04:44: Server cvar "vtc_version" = "80"
L 03/05/2015 - 23:04:44: Server cvars end
L 03/05/2015 - 23:04:45: Server cvar "amx_nextmap" = "cs_assault_1337"
L 03/05/2015 - 23:04:45: Started map "awp_india" (CRC "534917220")
L 03/05/2015 - 23:04:45: [VTC] Player 7 speex
L 03/05/2015 - 23:04:45: [VTC] Player 1 speex
L 03/05/2015 - 23:04:45: [VTC] Player 10 speex
L 03/05/2015 - 23:04:45: [VTC] Player 2 silk
L 03/05/2015 - 23:04:45: [VTC] Player 6 speex
L 03/05/2015 - 23:04:45: [VTC] Player 5 speex
L 03/05/2015 - 23:04:45: [VTC] Player 9 speex
L 03/05/2015 - 23:04:45: [VTC] Player 12 speex
L 03/05/2015 - 23:04:47: [DPROTO]: Client 0 - Set AuthIdType 1 [dp_RevEmu]; pClient = 0xb39c3f08
L 03/05/2015 - 23:04:47: "White Walker<227><STEAM_0:0:1428934429><>" connected, address "178.122.126.254:27005"
L 03/05/2015 - 23:04:47: [VTC] Player 1 speex
L 03/05/2015 - 23:04:48: [DPROTO]: Client 6 - Set AuthIdType 1 [dp_SteamEmu]; pClient = 0xb39e18c0
L 03/05/2015 - 23:04:48: "[Hard_Skill]_Lexa Kosmonaft<228><STEAM_0:0:226379933><>" connected, address "37.212.187.164:10669"
L 03/05/2015 - 23:04:48: [VTC] Player 7 speex
L 03/05/2015 - 23:04:49: "White Walker<227><STEAM_0:0:1428934429><>" entered the game
L 03/05/2015 - 23:04:49: [DPROTO]: Client 1 - Set AuthIdType 1 [Native]; pClient = 0xb39c8dfc
L 03/05/2015 - 23:04:49: "Mario<229><STEAM_0:0:54513453><>" connected, address "193.106.150.189:27005"
L 03/05/2015 - 23:04:49: [VTC] Player 2 silk
L 03/05/2015 - 23:04:49: "|ZADROT|<223><STEAM_0:0:266892656><>" entered the game
L 03/05/2015 - 23:04:49: "Mario<229><STEAM_0:0:54513453><>" STEAM USERID validated
L 03/05/2015 - 23:04:50: "[Hard_Skill]_Mi{x}eR<219><STEAM_0:0:898503398><>" entered the game
L 03/05/2015 - 23:04:51: "***<224><STEAM_0:0:775109720><>" entered the game
L 03/05/2015 - 23:04:51: World triggered "Round_Start"
L 03/05/2015 - 23:04:52: "Mario<229><STEAM_0:0:54513453><>" entered the game
L 03/05/2015 - 23:04:53: "[Hard_Skill]_Lexa Kosmonaft<228><STEAM_0:0:226379933><>" entered the game
L 03/05/2015 - 23:04:53: [DPROTO]: Client 4 - Set AuthIdType 1 [dp_RevEmu]; pClient = 0xb39d7ad8
L 03/05/2015 - 23:04:53: "ANGELINA<230><STEAM_0:0:1331792062><>" connected, address "178.124.25.46:27005"
L 03/05/2015 - 23:04:53: [VTC] Player 5 speex
L 03/05/2015 - 23:04:54: [DPROTO]: Client 5 - Set AuthIdType 1 [dp_SteamEmu]; pClient = 0xb39dc9cc
L 03/05/2015 - 23:04:54: "*_*<231><STEAM_0:0:1771118830><>" connected, address "37.212.187.164:21739"
L 03/05/2015 - 23:04:54: [VTC] Player 6 speex
L 03/05/2015 - 23:04:57: "Mario<229><STEAM_0:0:54513453><>" joined team "TERRORIST"
L 03/05/2015 - 23:04:57: "[Hard_Skill]_Mi{x}eR<219><STEAM_0:0:898503398><>" joined team "TERRORIST"
L 03/05/2015 - 23:04:57: "***<224><STEAM_0:0:775109720><UNASSIGNED>" triggered "time" (time "0:06")
L 03/05/2015 - 23:04:57: "***<224><STEAM_0:0:775109720><UNASSIGNED>" triggered "latency" (ping "0")
L 03/05/2015 - 23:04:57: "***<224><STEAM_0:0:775109720><>" disconnected
L 03/05/2015 - 23:04:58: "|ZADROT|<223><STEAM_0:0:266892656><>" joined team "CT"
L 03/05/2015 - 23:04:58: "ANGELINA<230><STEAM_0:0:1331792062><>" entered the game
L 03/05/2015 - 23:04:58: [DPROTO]: Client 11 - Set AuthIdType 1 [dp_RevEmu]; pClient = 0xb39fa384
L 03/05/2015 - 23:04:58: "***<232><STEAM_0:0:775109720><>" connected, address "37.212.84.208:56597"
L 03/05/2015 - 23:04:58: [VTC] Player 12 speex
L 03/05/2015 - 23:04:59: World triggered "Game_Commencing"
L 03/05/2015 - 23:04:59: World triggered "Game_Commencing" (CT "0") (T "0")
L 03/05/2015 - 23:04:59: World triggered "Round_End"
L 03/05/2015 - 23:04:59: "*_*<231><STEAM_0:0:1771118830><>" entered the game
L 03/05/2015 - 23:05:01: "White Walker<227><STEAM_0:0:1428934429><>" joined team "TERRORIST"
L 03/05/2015 - 23:05:02: "***<232><STEAM_0:0:775109720><>" entered the game
L 03/05/2015 - 23:05:03: "ANGELINA<230><STEAM_0:0:1331792062><>" joined team "CT"
L 03/05/2015 - 23:05:05: "***<232><STEAM_0:0:775109720><>" joined team "CT"
L 03/05/2015 - 23:05:06: "*_*<231><STEAM_0:0:1771118830><>" joined team "CT"
L 03/05/2015 - 23:05:07: World triggered "Round_Start"
L 03/05/2015 - 23:05:18: "Mario<229><STEAM_0:0:54513453><TERRORIST>" attacked "*_*<231><STEAM_0:0:1771118830><CT>" with "awp" (damage "109") (damage_armor "2") (health "-9") (armor "98")
L 03/05/2015 - 23:05:18: "Mario<229><STEAM_0:0:54513453><TERRORIST>" killed "*_*<231><STEAM_0:0:1771118830><CT>" with "awp"
L 03/05/2015 - 23:05:18: "|ZADROT|<223><STEAM_0:0:266892656><CT>" attacked "White Walker<227><STEAM_0:0:1428934429><TERRORIST>" with "awp" (damage "432") (damage_armor "6") (health "-332") (armor "94")
L 03/05/2015 - 23:05:18: "|ZADROT|<223><STEAM_0:0:266892656><CT>" killed "White Walker<227><STEAM_0:0:1428934429><TERRORIST>" with "awp"
L 03/05/2015 - 23:05:21: "White Walker<227><STEAM_0:0:1428934429><TERRORIST>" triggered "weaponstats" (weapon "awp") (shots "1") (hits "0") (kills "0") (headshots "0") (tks "0") (damage "0") (deaths "1")
L 03/05/2015 - 23:05:21: "White Walker<227><STEAM_0:0:1428934429><TERRORIST>" triggered "weaponstats2" (weapon "awp") (head "0") (chest "0") (stomach "0") (leftarm "0") (rightarm "0") (leftleg "0") (rightleg "0")
L 03/05/2015 - 23:05:21: "White Walker<227><STEAM_0:0:1428934429><TERRORIST>" triggered "time" (time "0:32")
L 03/05/2015 - 23:05:21: "White Walker<227><STEAM_0:0:1428934429><TERRORIST>" triggered "latency" (ping "16")
L 03/05/2015 - 23:05:21: "Mario<229><STEAM_0:0:54513453><TERRORIST>" triggered "weaponstats" (weapon "awp") (shots "3") (hits "1") (kills "1") (headshots "0") (tks "0") (damage "109") (deaths "0")
L 03/05/2015 - 23:05:21: "Mario<229><STEAM_0:0:54513453><TERRORIST>" triggered "weaponstats2" (weapon "awp") (head "0") (chest "0") (stomach "0") (leftarm "1") (rightarm "0") (leftleg "0") (rightleg "0")
L 03/05/2015 - 23:05:21: "Mario<229><STEAM_0:0:54513453><TERRORIST>" triggered "time" (time "0:28")
L 03/05/2015 - 23:05:21: "Mario<229><STEAM_0:0:54513453><TERRORIST>" triggered "latency" (ping "47")
L 03/05/2015 - 23:05:21: "ANGELINA<230><STEAM_0:0:1331792062><CT>" triggered "time" (time "0:23")
L 03/05/2015 - 23:05:21: "ANGELINA<230><STEAM_0:0:1331792062><CT>" triggered "latency" (ping "23")
L 03/05/2015 - 23:05:21: "*_*<231><STEAM_0:0:1771118830><CT>" triggered "weaponstats" (weapon "awp") (shots "1") (hits "0") (kills "0") (headshots "0") (tks "0") (damage "0") (deaths "1")
L 03/05/2015 - 23:05:21: "*_*<231><STEAM_0:0:1771118830><CT>" triggered "weaponstats2" (weapon "awp") (head "0") (chest "0") (stomach "0") (leftarm "0") (rightarm "0") (leftleg "0") (rightleg "0")
L 03/05/2015 - 23:05:21: "*_*<231><STEAM_0:0:1771118830><CT>" triggered "time" (time "0:21")
L 03/05/2015 - 23:05:21: "*_*<231><STEAM_0:0:1771118830><CT>" triggered "latency" (ping "54")
L 03/05/2015 - 23:05:21: "[Hard_Skill]_Lexa Kosmonaft<228><STEAM_0:0:226379933><UNASSIGNED>" triggered "time" (time "0:27")
L 03/05/2015 - 23:05:21: "[Hard_Skill]_Lexa Kosmonaft<228><STEAM_0:0:226379933><UNASSIGNED>" triggered "latency" (ping "39")
L 03/05/2015 - 23:05:21: "[Hard_Skill]_Mi{x}eR<219><STEAM_0:0:898503398><TERRORIST>" triggered "time" (time "0:30")
L 03/05/2015 - 23:05:21: "[Hard_Skill]_Mi{x}eR<219><STEAM_0:0:898503398><TERRORIST>" triggered "latency" (ping "61")
L 03/05/2015 - 23:05:21: "|ZADROT|<223><STEAM_0:0:266892656><CT>" triggered "weaponstats" (weapon "awp") (shots "1") (hits "1") (kills "1") (headshots "1") (tks "0") (damage "432") (deaths "0")
L 03/05/2015 - 23:05:21: "|ZADROT|<223><STEAM_0:0:266892656><CT>" triggered "weaponstats2" (weapon "awp") (head "1") (chest "0") (stomach "0") (leftarm "0") (rightarm "0") (leftleg "0") (rightleg "0")
L 03/05/2015 - 23:05:21: "|ZADROT|<223><STEAM_0:0:266892656><CT>" triggered "time" (time "0:31")
L 03/05/2015 - 23:05:21: "|ZADROT|<223><STEAM_0:0:266892656><CT>" triggered "latency" (ping "41")
L 03/05/2015 - 23:05:21: "***<232><STEAM_0:0:775109720><CT>" triggered "time" (time "0:18")
L 03/05/2015 - 23:05:21: "***<232><STEAM_0:0:775109720><CT>" triggered "latency" (ping "0")
L 03/05/2015 - 23:05:21: [META] ini: Begin re-reading plugins list: /home/extazy/Public/cstrike/addons/metamod/plugins.ini
L 03/05/2015 - 23:05:21: [META] ini: Read plugin config for: AMX Mod X
L 03/05/2015 - 23:05:21: [META] ini: Read plugin config for: dproto_EF
L 03/05/2015 - 23:05:21: [META] ini: Read plugin config for: mmtimer
L 03/05/2015 - 23:05:21: [META] ini: Read plugin config for: VoiceTranscoder
L 03/05/2015 - 23:05:21: [META] ini: Finished reading plugins list: /home/extazy/Public/cstrike/addons/metamod/plugins.ini; Found 4 plugins
L 03/05/2015 - 23:05:21: [META] dll: Updating plugins...
L 03/05/2015 - 23:05:21: [META] WARNING: dll: Plugin 'mmtimer' isn't running; Forcing unload plugin for reloading
L 03/05/2015 - 23:05:21: [META] WARNING: dll: Failed to unload plugin 'mmtimer' for reloading
L 03/05/2015 - 23:05:21: [META] dll: Finished updating 13 plugins; kept 3, loaded 0, unloaded 0, reloaded 0, delayed 0
L 03/05/2015 - 23:05:21: "White Walker<227><STEAM_0:0:1428934429><TERRORIST>" disconnected
L 03/05/2015 - 23:05:21: "Mario<229><STEAM_0:0:54513453><TERRORIST>" disconnected
L 03/05/2015 - 23:05:21: "ANGELINA<230><STEAM_0:0:1331792062><CT>" disconnected
L 03/05/2015 - 23:05:21: "*_*<231><STEAM_0:0:1771118830><CT>" disconnected
L 03/05/2015 - 23:05:21: "[Hard_Skill]_Lexa Kosmonaft<228><STEAM_0:0:226379933><>" disconnected
L 03/05/2015 - 23:05:21: "[Hard_Skill]_Mi{x}eR<219><STEAM_0:0:898503398><TERRORIST>" disconnected
L 03/05/2015 - 23:05:21: "|ZADROT|<223><STEAM_0:0:266892656><CT>" disconnected
L 03/05/2015 - 23:05:21: "***<232><STEAM_0:0:775109720><CT>" disconnected
L 03/05/2015 - 23:05:21: World triggered "Round_Draw" (CT "0") (T "0")
L 03/05/2015 - 23:05:21: World triggered "Round_End"
L 03/05/2015 - 23:05:21: Log file closed
