L 03/06/2015 - 20:50:38: Log file started (file "logs/L0306021.log") (game "cstrike") (version "48/1.6.3.7/Stdio/5787")
L 03/06/2015 - 20:50:38: Loading map "$2000$"
L 03/06/2015 - 20:50:38: Server cvars start
L 03/06/2015 - 20:50:38: Server cvar "_tutor_bomb_viewable_check_interval" = "0.5"
L 03/06/2015 - 20:50:38: Server cvar "_tutor_debug_level" = "0"
L 03/06/2015 - 20:50:38: Server cvar "_tutor_examine_time" = "0.5"
L 03/06/2015 - 20:50:38: Server cvar "_tutor_hint_interval_time" = "10.0"
L 03/06/2015 - 20:50:38: Server cvar "_tutor_look_angle" = "10"
L 03/06/2015 - 20:50:38: Server cvar "_tutor_look_distance" = "200"
L 03/06/2015 - 20:50:38: Server cvar "_tutor_message_character_display_time_coefficient" = "0.07"
L 03/06/2015 - 20:50:38: Server cvar "_tutor_message_minimum_display_time" = "1"
L 03/06/2015 - 20:50:38: Server cvar "_tutor_message_repeats" = "5"
L 03/06/2015 - 20:50:38: Server cvar "_tutor_view_distance" = "1000"
L 03/06/2015 - 20:50:38: Server cvar "aesp_version" = "1.5b_mini"
L 03/06/2015 - 20:50:38: Server cvar "allow_spectators" = "2"
L 03/06/2015 - 20:50:38: Server cvar "amx_client_languages" = "0"
L 03/06/2015 - 20:50:38: Server cvar "amx_contactinfo" = "ICQ: 691322983"
L 03/06/2015 - 20:50:38: Server cvar "amx_language" = "ru"
L 03/06/2015 - 20:50:38: Server cvar "amx_nextmap" = "aim_headshot"
L 03/06/2015 - 20:50:38: Server cvar "amx_timeleft" = "67:26"
L 03/06/2015 - 20:50:38: Server cvar "amxbans_ssversion" = "Gm 1.6"
L 03/06/2015 - 20:50:38: Server cvar "amxbans_version" = "Gm 1.6"
L 03/06/2015 - 20:50:38: Server cvar "amxmodx_version" = "1.8.1.3746"
L 03/06/2015 - 20:50:38: Server cvar "Colored Translit Cheat" = "Loaded"
L 03/06/2015 - 20:50:38: Server cvar "Colored Translit Config" = "Loaded"
L 03/06/2015 - 20:50:38: Server cvar "Colored Translit Ignores" = "Loaded"
L 03/06/2015 - 20:50:38: Server cvar "Colored Translit Replace" = "Loaded"
L 03/06/2015 - 20:50:38: Server cvar "Colored Translit Spam" = "Loaded"
L 03/06/2015 - 20:50:38: Server cvar "Colored Translit Status" = "Loaded"
L 03/06/2015 - 20:50:38: Server cvar "Colored Translit Swear" = "Loaded"
L 03/06/2015 - 20:50:38: Server cvar "Colored Translit Version" = "2.0b Final"
L 03/06/2015 - 20:50:38: Server cvar "coop" = "0"
L 03/06/2015 - 20:50:38: Server cvar "deathmatch" = "1"
L 03/06/2015 - 20:50:38: Server cvar "decalfrequency" = "9"
L 03/06/2015 - 20:50:38: Server cvar "dp_version" = "0.9.391"
L 03/06/2015 - 20:50:38: Server cvar "edgefriction" = "2"
L 03/06/2015 - 20:50:38: Server cvar "hostage_debug" = "0"
L 03/06/2015 - 20:50:38: Server cvar "hostage_stop" = "0"
L 03/06/2015 - 20:50:38: Server cvar "humans_join_team" = "any"
L 03/06/2015 - 20:50:38: Server cvar "jtp10181" = "chute"
L 03/06/2015 - 20:50:38: Server cvar "max_queries_sec" = "3.0"
L 03/06/2015 - 20:50:38: Server cvar "max_queries_sec_global" = "30"
L 03/06/2015 - 20:50:38: Server cvar "max_queries_window" = "60"
L 03/06/2015 - 20:50:38: Server cvar "metamod_version" = "1.19p32"
L 03/06/2015 - 20:50:38: Server cvar "mp_allowmonsters" = "0"
L 03/06/2015 - 20:50:38: Server cvar "mp_autokick" = "1"
L 03/06/2015 - 20:50:38: Server cvar "mp_autoteambalance" = "1"
L 03/06/2015 - 20:50:38: Server cvar "mp_buytime" = "1.5"
L 03/06/2015 - 20:50:38: Server cvar "mp_c4timer" = "35"
L 03/06/2015 - 20:50:38: Server cvar "mp_chattime" = "0"
L 03/06/2015 - 20:50:38: Server cvar "mp_consistency" = "1"
L 03/06/2015 - 20:50:38: Server cvar "mp_fadetoblack" = "0"
L 03/06/2015 - 20:50:38: Server cvar "mp_flashlight" = "1"
L 03/06/2015 - 20:50:38: Server cvar "mp_footsteps" = "1"
L 03/06/2015 - 20:50:38: Server cvar "mp_forcecamera" = "0"
L 03/06/2015 - 20:50:38: Server cvar "mp_forcechasecam" = "0"
L 03/06/2015 - 20:50:38: Server cvar "mp_fragsleft" = "0"
L 03/06/2015 - 20:50:38: Server cvar "mp_freezetime" = "5"
L 03/06/2015 - 20:50:38: Server cvar "mp_friendlyfire" = "0"
L 03/06/2015 - 20:50:38: Server cvar "mp_ghostfrequency" = "0.1"
L 03/06/2015 - 20:50:38: Server cvar "mp_hostagepenalty" = "2"
L 03/06/2015 - 20:50:38: Server cvar "mp_kickpercent" = "0.66"
L 03/06/2015 - 20:50:38: Server cvar "mp_limitteams" = "2"
L 03/06/2015 - 20:50:38: Server cvar "mp_logdetail" = "3"
L 03/06/2015 - 20:50:38: Server cvar "mp_logfile" = "1"
L 03/06/2015 - 20:50:38: Server cvar "mp_logmessages" = "1"
L 03/06/2015 - 20:50:38: Server cvar "mp_mapvoteratio" = "0.66"
L 03/06/2015 - 20:50:38: Server cvar "mp_maxrounds" = "0"
L 03/06/2015 - 20:50:38: Server cvar "mp_mirrordamage" = "0"
L 03/06/2015 - 20:50:38: Server cvar "mp_playerid" = "0"
L 03/06/2015 - 20:50:38: Server cvar "mp_roundtime" = "2.57"
L 03/06/2015 - 20:50:38: Server cvar "mp_startmoney" = "800"
L 03/06/2015 - 20:50:38: Server cvar "mp_timeleft" = "0"
L 03/06/2015 - 20:50:38: Server cvar "mp_timelimit" = "70"
L 03/06/2015 - 20:50:38: Server cvar "mp_tkpunish" = "1"
L 03/06/2015 - 20:50:38: Server cvar "mp_windifference" = "1"
L 03/06/2015 - 20:50:38: Server cvar "mp_winlimit" = "0"
L 03/06/2015 - 20:50:38: Server cvar "pausable" = "0"
L 03/06/2015 - 20:50:38: Server cvar "sv_accelerate" = "5"
L 03/06/2015 - 20:50:38: Server cvar "sv_aim" = "off"
L 03/06/2015 - 20:50:38: Server cvar "sv_airaccelerate" = "10"
L 03/06/2015 - 20:50:38: Server cvar "sv_airmove" = "1"
L 03/06/2015 - 20:50:38: Server cvar "sv_allowupload" = "1"
L 03/06/2015 - 20:50:38: Server cvar "sv_alltalk" = "1"
L 03/06/2015 - 20:50:38: Server cvar "sv_bounce" = "1"
L 03/06/2015 - 20:50:38: Server cvar "sv_cheats" = "off"
L 03/06/2015 - 20:50:38: Server cvar "sv_clienttrace" = "1"
L 03/06/2015 - 20:50:38: Server cvar "sv_clipmode" = "0"
L 03/06/2015 - 20:50:38: Server cvar "sv_contact" = ""
L 03/06/2015 - 20:50:38: Server cvar "sv_friction" = "4"
L 03/06/2015 - 20:50:38: Server cvar "sv_gravity" = "800"
L 03/06/2015 - 20:50:38: Server cvar "sv_logblocks" = "0"
L 03/06/2015 - 20:50:38: Server cvar "sv_maxrate" = "50000"
L 03/06/2015 - 20:50:38: Server cvar "sv_maxspeed" = "900"
L 03/06/2015 - 20:50:38: Server cvar "sv_minrate" = "100000"
L 03/06/2015 - 20:50:38: Server cvar "sv_password" = ""
L 03/06/2015 - 20:50:38: Server cvar "sv_proxies" = "0"
L 03/06/2015 - 20:50:38: Server cvar "sv_region" = "3"
L 03/06/2015 - 20:50:38: Server cvar "sv_restart" = "0"
L 03/06/2015 - 20:50:38: Server cvar "sv_restartround" = "0"
L 03/06/2015 - 20:50:38: Server cvar "sv_stepsize" = "18"
L 03/06/2015 - 20:50:38: Server cvar "sv_stopspeed" = "75"
L 03/06/2015 - 20:50:38: Server cvar "sv_uploadmax" = "0.5"
L 03/06/2015 - 20:50:38: Server cvar "sv_voiceenable" = "1"
L 03/06/2015 - 20:50:38: Server cvar "sv_wateraccelerate" = "10"
L 03/06/2015 - 20:50:38: Server cvar "sv_waterfriction" = "1"
L 03/06/2015 - 20:50:38: Server cvar "ultimate_sounds" = "1.7"
L 03/06/2015 - 20:50:38: Server cvar "vtc_version" = "80"
L 03/06/2015 - 20:50:38: Server cvars end
L 03/06/2015 - 20:50:42: Server cvar "amx_nextmap" = "de_dust2_2x2"
L 03/06/2015 - 20:50:43: Started map "$2000$" (CRC "-1688392397")
L 03/06/2015 - 20:50:49: World triggered "Round_Start"
L 03/06/2015 - 20:51:03: [DPROTO]: Client 3 - Set AuthIdType 1 [dp_RevEmu]; pClient = 0xb39d2be4
L 03/06/2015 - 20:51:03: "[Hard_Skill]_Leks<590><STEAM_0:0:2116245732><>" connected, address "178.120.170.150:6059"
L 03/06/2015 - 20:51:03: [VTC] Player 4 speex
L 03/06/2015 - 20:51:06: [DPROTO]: Client 0 - Set AuthIdType 1 [dp_RevEmu]; pClient = 0xb39c3f08
L 03/06/2015 - 20:51:06: "PESDYN ///LYSI<591><STEAM_0:0:496130286><>" connected, address "93.171.243.116:62032"
L 03/06/2015 - 20:51:06: [VTC] Player 1 speex
L 03/06/2015 - 20:51:09: [DPROTO]: Client 1 - Set AuthIdType 1 [dp_RevEmu]; pClient = 0xb39c8dfc
L 03/06/2015 - 20:51:09: "PESHENYSKA<592><STEAM_0:0:1971853371><>" connected, address "91.226.4.174:59145"
L 03/06/2015 - 20:51:09: [VTC] Player 2 speex
L 03/06/2015 - 20:51:11: "PESDYN ///LYSI<591><STEAM_0:0:496130286><>" entered the game
L 03/06/2015 - 20:51:13: "PESDYN ///LYSI<591><STEAM_0:0:496130286><>" joined team "CT"
L 03/06/2015 - 20:51:18: [DPROTO]: Client 1 - Set AuthIdType 1 [Native]; pClient = 0xb39c8dfc
L 03/06/2015 - 20:51:18: "AJIKOrOJIuK :D<593><STEAM_0:1:100506237><>" connected, address "178.124.234.2:27005"
L 03/06/2015 - 20:51:18: [VTC] Player 2 silk
L 03/06/2015 - 20:51:20: [DPROTO]: Client 2 - Set AuthIdType 1 [dp_RevEmu]; pClient = 0xb39cdcf0
L 03/06/2015 - 20:51:20: "PESHENYSKA<594><STEAM_0:0:1971853371><>" connected, address "91.226.4.174:59145"
L 03/06/2015 - 20:51:20: [VTC] Player 3 speex
L 03/06/2015 - 20:51:22: [DPROTO]: Client 3 - Set AuthIdType 1 [dp_RevEmu]; pClient = 0xb39d2be4
L 03/06/2015 - 20:51:22: "_KARTOSHKA_<595><STEAM_0:0:1401727519><>" connected, address "141.135.103.14:27005"
L 03/06/2015 - 20:51:22: [VTC] Player 4 speex
L 03/06/2015 - 20:51:27: [DPROTO]: Client 3 - Set AuthIdType 1 [dp_RevEmu]; pClient = 0xb39d2be4
L 03/06/2015 - 20:51:27: "_KARTOSHKA_<596><STEAM_0:0:1401727519><>" connected, address "141.135.103.14:27005"
L 03/06/2015 - 20:51:27: [VTC] Player 4 speex
L 03/06/2015 - 20:51:29: "AJIKOrOJIuK :D<593><STEAM_0:1:100506237><>" entered the game
L 03/06/2015 - 20:51:34: "AJIKOrOJIuK :D<593><STEAM_0:1:100506237><>" joined team "TERRORIST"
L 03/06/2015 - 20:51:34: "_KARTOSHKA_<596><STEAM_0:0:1401727519><>" entered the game
L 03/06/2015 - 20:51:34: World triggered "Game_Commencing"
L 03/06/2015 - 20:51:34: World triggered "Game_Commencing" (CT "0") (T "0")
L 03/06/2015 - 20:51:34: World triggered "Round_End"
L 03/06/2015 - 20:51:39: "PESHENYSKA<594><STEAM_0:0:1971853371><>" entered the game
L 03/06/2015 - 20:51:39: "_KARTOSHKA_<596><STEAM_0:0:1401727519><>" joined team "CT"
L 03/06/2015 - 20:51:42: World triggered "Round_Start"
L 03/06/2015 - 20:51:45: [DPROTO]: Client 4 - Set AuthIdType 1 [dp_RevEmu]; pClient = 0xb39d7ad8
L 03/06/2015 - 20:51:45: "Dron<597><STEAM_0:0:2133900850><>" connected, address "91.226.4.183:55573"
L 03/06/2015 - 20:51:45: "PESHENYSKA<594><STEAM_0:0:1971853371><>" joined team "TERRORIST"
L 03/06/2015 - 20:51:45: [VTC] Player 5 speex
L 03/06/2015 - 20:51:50: "AJIKOrOJIuK :D<593><STEAM_0:1:100506237><TERRORIST>" attacked "PESDYN ///LYSI<591><STEAM_0:0:496130286><CT>" with "glock18" (damage "15") (damage_armor "0") (health "85") (armor "0")
L 03/06/2015 - 20:51:50: "PESDYN ///LYSI<591><STEAM_0:0:496130286><CT>" attacked "AJIKOrOJIuK :D<593><STEAM_0:1:100506237><TERRORIST>" with "mp5navy" (damage "23") (damage_armor "0") (health "77") (armor "0")
L 03/06/2015 - 20:51:50: "PESDYN ///LYSI<591><STEAM_0:0:496130286><CT>" attacked "AJIKOrOJIuK :D<593><STEAM_0:1:100506237><TERRORIST>" with "mp5navy" (damage "19") (damage_armor "0") (health "58") (armor "0")
L 03/06/2015 - 20:51:50: "AJIKOrOJIuK :D<593><STEAM_0:1:100506237><TERRORIST>" attacked "PESDYN ///LYSI<591><STEAM_0:0:496130286><CT>" with "glock18" (damage "60") (damage_armor "0") (health "25") (armor "0")
L 03/06/2015 - 20:51:51: "AJIKOrOJIuK :D<593><STEAM_0:1:100506237><TERRORIST>" attacked "PESDYN ///LYSI<591><STEAM_0:0:496130286><CT>" with "glock18" (damage "15") (damage_armor "0") (health "10") (armor "0")
L 03/06/2015 - 20:51:51: "PESDYN ///LYSI<591><STEAM_0:0:496130286><CT>" attacked "AJIKOrOJIuK :D<593><STEAM_0:1:100506237><TERRORIST>" with "mp5navy" (damage "76") (damage_armor "0") (health "-18") (armor "0")
L 03/06/2015 - 20:51:51: "PESDYN ///LYSI<591><STEAM_0:0:496130286><CT>" killed "AJIKOrOJIuK :D<593><STEAM_0:1:100506237><TERRORIST>" with "mp5navy"
L 03/06/2015 - 20:51:54: "_KARTOSHKA_<596><STEAM_0:0:1401727519><CT>" attacked "PESHENYSKA<594><STEAM_0:0:1971853371><TERRORIST>" with "mp5navy" (damage "22") (damage_armor "0") (health "78") (armor "0")
L 03/06/2015 - 20:51:54: "_KARTOSHKA_<596><STEAM_0:0:1401727519><CT>" attacked "PESHENYSKA<594><STEAM_0:0:1971853371><TERRORIST>" with "mp5navy" (damage "23") (damage_armor "0") (health "55") (armor "0")
L 03/06/2015 - 20:51:54: "PESHENYSKA<594><STEAM_0:0:1971853371><TERRORIST>" attacked "_KARTOSHKA_<596><STEAM_0:0:1401727519><CT>" with "mp5navy" (damage "23") (damage_armor "0") (health "77") (armor "0")
L 03/06/2015 - 20:51:54: "_KARTOSHKA_<596><STEAM_0:0:1401727519><CT>" attacked "PESHENYSKA<594><STEAM_0:0:1971853371><TERRORIST>" with "mp5navy" (damage "23") (damage_armor "0") (health "32") (armor "0")
L 03/06/2015 - 20:51:55: "_KARTOSHKA_<596><STEAM_0:0:1401727519><CT>" attacked "PESHENYSKA<594><STEAM_0:0:1971853371><TERRORIST>" with "mp5navy" (damage "23") (damage_armor "0") (health "9") (armor "0")
L 03/06/2015 - 20:51:55: "_KARTOSHKA_<596><STEAM_0:0:1401727519><CT>" attacked "PESHENYSKA<594><STEAM_0:0:1971853371><TERRORIST>" with "mp5navy" (damage "23") (damage_armor "0") (health "-14") (armor "0")
L 03/06/2015 - 20:51:55: "_KARTOSHKA_<596><STEAM_0:0:1401727519><CT>" killed "PESHENYSKA<594><STEAM_0:0:1971853371><TERRORIST>" with "mp5navy"
L 03/06/2015 - 20:51:55: Team "CT" triggered "CTs_Win" (CT "1") (T "0")
L 03/06/2015 - 20:51:55: World triggered "Round_End"
L 03/06/2015 - 20:52:05: World triggered "Round_Start"
L 03/06/2015 - 20:52:09: "PESDYN ///LYSI<591><STEAM_0:0:496130286><CT>" attacked "PESHENYSKA<594><STEAM_0:0:1971853371><TERRORIST>" with "mp5navy" (damage "26") (damage_armor "0") (health "74") (armor "0")
L 03/06/2015 - 20:52:09: "PESDYN ///LYSI<591><STEAM_0:0:496130286><CT>" attacked "PESHENYSKA<594><STEAM_0:0:1971853371><TERRORIST>" with "mp5navy" (damage "22") (damage_armor "0") (health "52") (armor "0")
L 03/06/2015 - 20:52:09: "PESHENYSKA<594><STEAM_0:0:1971853371><TERRORIST>" attacked "PESDYN ///LYSI<591><STEAM_0:0:496130286><CT>" with "mp5navy" (damage "22") (damage_armor "0") (health "78") (armor "0")
L 03/06/2015 - 20:52:09: "PESHENYSKA<594><STEAM_0:0:1971853371><TERRORIST>" attacked "PESDYN ///LYSI<591><STEAM_0:0:496130286><CT>" with "mp5navy" (damage "22") (damage_armor "0") (health "56") (armor "0")
L 03/06/2015 - 20:52:10: "PESHENYSKA<594><STEAM_0:0:1971853371><TERRORIST>" attacked "PESDYN ///LYSI<591><STEAM_0:0:496130286><CT>" with "mp5navy" (damage "22") (damage_armor "0") (health "34") (armor "0")
L 03/06/2015 - 20:52:10: "PESHENYSKA<594><STEAM_0:0:1971853371><TERRORIST>" attacked "PESDYN ///LYSI<591><STEAM_0:0:496130286><CT>" with "mp5navy" (damage "22") (damage_armor "0") (health "12") (armor "0")
L 03/06/2015 - 20:52:10: "PESDYN ///LYSI<591><STEAM_0:0:496130286><CT>" attacked "PESHENYSKA<594><STEAM_0:0:1971853371><TERRORIST>" with "mp5navy" (damage "88") (damage_armor "0") (health "-36") (armor "0")
L 03/06/2015 - 20:52:10: "PESDYN ///LYSI<591><STEAM_0:0:496130286><CT>" killed "PESHENYSKA<594><STEAM_0:0:1971853371><TERRORIST>" with "mp5navy"
L 03/06/2015 - 20:52:14: [DPROTO]: Client 4 - Set AuthIdType 1 [dp_RevEmu]; pClient = 0xb39d7ad8
L 03/06/2015 - 20:52:14: "Dron<598><STEAM_0:0:2133900850><>" connected, address "91.226.4.183:55573"
L 03/06/2015 - 20:52:14: [VTC] Player 5 speex
L 03/06/2015 - 20:52:18: "Dron<598><STEAM_0:0:2133900850><>" entered the game
L 03/06/2015 - 20:52:19: "Dron<598><STEAM_0:0:2133900850><UNASSIGNED>" triggered "time" (time "0:00")
L 03/06/2015 - 20:52:19: "Dron<598><STEAM_0:0:2133900850><UNASSIGNED>" triggered "latency" (ping "0")
L 03/06/2015 - 20:52:19: "Dron<598><STEAM_0:0:2133900850><>" disconnected
L 03/06/2015 - 20:52:26: "_KARTOSHKA_<596><STEAM_0:0:1401727519><CT>" attacked "AJIKOrOJIuK :D<593><STEAM_0:1:100506237><TERRORIST>" with "mp5navy" (damage "16") (damage_armor "0") (health "84") (armor "0")
L 03/06/2015 - 20:52:26: "_KARTOSHKA_<596><STEAM_0:0:1401727519><CT>" attacked "AJIKOrOJIuK :D<593><STEAM_0:1:100506237><TERRORIST>" with "mp5navy" (damage "27") (damage_armor "0") (health "57") (armor "0")
L 03/06/2015 - 20:52:26: "_KARTOSHKA_<596><STEAM_0:0:1401727519><CT>" attacked "AJIKOrOJIuK :D<593><STEAM_0:1:100506237><TERRORIST>" with "mp5navy" (damage "22") (damage_armor "0") (health "35") (armor "0")
L 03/06/2015 - 20:52:26: "_KARTOSHKA_<596><STEAM_0:0:1401727519><CT>" attacked "AJIKOrOJIuK :D<593><STEAM_0:1:100506237><TERRORIST>" with "mp5navy" (damage "22") (damage_armor "0") (health "13") (armor "0")
L 03/06/2015 - 20:52:26: "_KARTOSHKA_<596><STEAM_0:0:1401727519><CT>" attacked "AJIKOrOJIuK :D<593><STEAM_0:1:100506237><TERRORIST>" with "mp5navy" (damage "22") (damage_armor "0") (health "-9") (armor "0")
L 03/06/2015 - 20:52:26: "_KARTOSHKA_<596><STEAM_0:0:1401727519><CT>" killed "AJIKOrOJIuK :D<593><STEAM_0:1:100506237><TERRORIST>" with "mp5navy"
L 03/06/2015 - 20:52:26: Team "CT" triggered "CTs_Win" (CT "2") (T "0")
L 03/06/2015 - 20:52:26: World triggered "Round_End"
L 03/06/2015 - 20:52:31: [DPROTO]: Client 4 - Set AuthIdType 1 [dp_RevEmu]; pClient = 0xb39d7ad8
L 03/06/2015 - 20:52:31: "Dron<599><STEAM_0:0:2133900850><>" connected, address "91.226.4.183:55573"
L 03/06/2015 - 20:52:31: [VTC] Player 5 speex
L 03/06/2015 - 20:52:35: "Dron<599><STEAM_0:0:2133900850><>" entered the game
L 03/06/2015 - 20:52:35: "Dron<599><STEAM_0:0:2133900850><UNASSIGNED>" triggered "time" (time "0:00")
L 03/06/2015 - 20:52:35: "Dron<599><STEAM_0:0:2133900850><UNASSIGNED>" triggered "latency" (ping "0")
L 03/06/2015 - 20:52:35: "Dron<599><STEAM_0:0:2133900850><>" disconnected
L 03/06/2015 - 20:52:36: World triggered "Round_Start"
L 03/06/2015 - 20:52:40: "PESHENYSKA<594><STEAM_0:0:1971853371><TERRORIST>" attacked "_KARTOSHKA_<596><STEAM_0:0:1401727519><CT>" with "mp5navy" (damage "25") (damage_armor "0") (health "75") (armor "0")
L 03/06/2015 - 20:52:40: "AJIKOrOJIuK :D<593><STEAM_0:1:100506237><TERRORIST>" attacked "_KARTOSHKA_<596><STEAM_0:0:1401727519><CT>" with "m4a1" (damage "124") (damage_armor "0") (health "-49") (armor "0")
L 03/06/2015 - 20:52:40: "AJIKOrOJIuK :D<593><STEAM_0:1:100506237><TERRORIST>" killed "_KARTOSHKA_<596><STEAM_0:0:1401727519><CT>" with "m4a1"
L 03/06/2015 - 20:52:40: [DPROTO]: Client 4 - Set AuthIdType 1 [dp_RevEmu]; pClient = 0xb39d7ad8
L 03/06/2015 - 20:52:40: "Dron<600><STEAM_0:0:2133900850><>" connected, address "91.226.4.183:55573"
L 03/06/2015 - 20:52:41: [VTC] Player 5 speex
L 03/06/2015 - 20:52:45: "Dron<600><STEAM_0:0:2133900850><>" entered the game
L 03/06/2015 - 20:52:45: "Dron<600><STEAM_0:0:2133900850><UNASSIGNED>" triggered "time" (time "0:00")
L 03/06/2015 - 20:52:45: "Dron<600><STEAM_0:0:2133900850><UNASSIGNED>" triggered "latency" (ping "0")
L 03/06/2015 - 20:52:45: "Dron<600><STEAM_0:0:2133900850><>" disconnected
L 03/06/2015 - 20:52:50: "PESDYN ///LYSI<591><STEAM_0:0:496130286><CT>" attacked "AJIKOrOJIuK :D<593><STEAM_0:1:100506237><TERRORIST>" with "mp5navy" (damage "20") (damage_armor "0") (health "80") (armor "0")
L 03/06/2015 - 20:52:50: "PESDYN ///LYSI<591><STEAM_0:0:496130286><CT>" attacked "AJIKOrOJIuK :D<593><STEAM_0:1:100506237><TERRORIST>" with "mp5navy" (damage "26") (damage_armor "0") (health "54") (armor "0")
L 03/06/2015 - 20:52:50: "PESDYN ///LYSI<591><STEAM_0:0:496130286><CT>" attacked "AJIKOrOJIuK :D<593><STEAM_0:1:100506237><TERRORIST>" with "mp5navy" (damage "21") (damage_armor "0") (health "33") (armor "0")
L 03/06/2015 - 20:52:50: "PESDYN ///LYSI<591><STEAM_0:0:496130286><CT>" attacked "AJIKOrOJIuK :D<593><STEAM_0:1:100506237><TERRORIST>" with "mp5navy" (damage "21") (damage_armor "0") (health "12") (armor "0")
L 03/06/2015 - 20:52:51: "AJIKOrOJIuK :D<593><STEAM_0:1:100506237><TERRORIST>" attacked "PESDYN ///LYSI<591><STEAM_0:0:496130286><CT>" with "m4a1" (damage "31") (damage_armor "0") (health "69") (armor "0")
L 03/06/2015 - 20:52:51: "AJIKOrOJIuK :D<593><STEAM_0:1:100506237><TERRORIST>" attacked "PESDYN ///LYSI<591><STEAM_0:0:496130286><CT>" with "m4a1" (damage "31") (damage_armor "0") (health "38") (armor "0")
L 03/06/2015 - 20:52:51: "AJIKOrOJIuK :D<593><STEAM_0:1:100506237><TERRORIST>" attacked "PESDYN ///LYSI<591><STEAM_0:0:496130286><CT>" with "m4a1" (damage "124") (damage_armor "0") (health "-86") (armor "0")
L 03/06/2015 - 20:52:51: "AJIKOrOJIuK :D<593><STEAM_0:1:100506237><TERRORIST>" killed "PESDYN ///LYSI<591><STEAM_0:0:496130286><CT>" with "m4a1"
L 03/06/2015 - 20:52:51: Team "TERRORIST" triggered "Terrorists_Win" (CT "2") (T "1")
L 03/06/2015 - 20:52:51: World triggered "Round_End"
L 03/06/2015 - 20:53:01: World triggered "Round_Start"
L 03/06/2015 - 20:53:07: "PESHENYSKA<594><STEAM_0:0:1971853371><TERRORIST>" attacked "_KARTOSHKA_<596><STEAM_0:0:1401727519><CT>" with "mp5navy" (damage "14") (damage_armor "0") (health "86") (armor "0")
L 03/06/2015 - 20:53:08: "PESHENYSKA<594><STEAM_0:0:1971853371><TERRORIST>" attacked "_KARTOSHKA_<596><STEAM_0:0:1401727519><CT>" with "mp5navy" (damage "15") (damage_armor "0") (health "71") (armor "0")
L 03/06/2015 - 20:53:08: [DPROTO]: Client 4 - Set AuthIdType 1 [dp_RevEmu]; pClient = 0xb39d7ad8
L 03/06/2015 - 20:53:08: "Dron<601><STEAM_0:0:2133900850><>" connected, address "91.226.4.183:55573"
L 03/06/2015 - 20:53:08: [VTC] Player 5 speex
L 03/06/2015 - 20:53:09: "PESHENYSKA<594><STEAM_0:0:1971853371><TERRORIST>" attacked "_KARTOSHKA_<596><STEAM_0:0:1401727519><CT>" with "mp5navy" (damage "22") (damage_armor "0") (health "49") (armor "0")
L 03/06/2015 - 20:53:09: "PESHENYSKA<594><STEAM_0:0:1971853371><TERRORIST>" attacked "_KARTOSHKA_<596><STEAM_0:0:1401727519><CT>" with "mp5navy" (damage "27") (damage_armor "0") (health "22") (armor "0")
L 03/06/2015 - 20:53:09: "PESHENYSKA<594><STEAM_0:0:1971853371><TERRORIST>" attacked "_KARTOSHKA_<596><STEAM_0:0:1401727519><CT>" with "mp5navy" (damage "23") (damage_armor "0") (health "-1") (armor "0")
L 03/06/2015 - 20:53:09: "PESHENYSKA<594><STEAM_0:0:1971853371><TERRORIST>" killed "_KARTOSHKA_<596><STEAM_0:0:1401727519><CT>" with "mp5navy"
L 03/06/2015 - 20:53:11: "AJIKOrOJIuK :D<593><STEAM_0:1:100506237><TERRORIST>" attacked "PESDYN ///LYSI<591><STEAM_0:0:496130286><CT>" with "m4a1" (damage "112") (damage_armor "0") (health "-12") (armor "0")
L 03/06/2015 - 20:53:11: "AJIKOrOJIuK :D<593><STEAM_0:1:100506237><TERRORIST>" killed "PESDYN ///LYSI<591><STEAM_0:0:496130286><CT>" with "m4a1"
L 03/06/2015 - 20:53:11: Team "TERRORIST" triggered "Terrorists_Win" (CT "2") (T "2")
L 03/06/2015 - 20:53:11: World triggered "Round_End"
L 03/06/2015 - 20:53:11: "Dron<601><STEAM_0:0:2133900850><>" entered the game
L 03/06/2015 - 20:53:12: "Dron<601><STEAM_0:0:2133900850><UNASSIGNED>" triggered "time" (time "0:00")
L 03/06/2015 - 20:53:12: "Dron<601><STEAM_0:0:2133900850><UNASSIGNED>" triggered "latency" (ping "0")
L 03/06/2015 - 20:53:12: "Dron<601><STEAM_0:0:2133900850><>" disconnected
L 03/06/2015 - 20:53:21: World triggered "Round_Start"
L 03/06/2015 - 20:53:29: "AJIKOrOJIuK :D<593><STEAM_0:1:100506237><TERRORIST>" attacked "_KARTOSHKA_<596><STEAM_0:0:1401727519><CT>" with "m4a1" (damage "30") (damage_armor "0") (health "70") (armor "0")
L 03/06/2015 - 20:53:29: "AJIKOrOJIuK :D<593><STEAM_0:1:100506237><TERRORIST>" attacked "_KARTOSHKA_<596><STEAM_0:0:1401727519><CT>" with "m4a1" (damage "30") (damage_armor "0") (health "40") (armor "0")
L 03/06/2015 - 20:53:29: "AJIKOrOJIuK :D<593><STEAM_0:1:100506237><TERRORIST>" attacked "_KARTOSHKA_<596><STEAM_0:0:1401727519><CT>" with "m4a1" (damage "30") (damage_armor "0") (health "10") (armor "0")
L 03/06/2015 - 20:53:29: "AJIKOrOJIuK :D<593><STEAM_0:1:100506237><TERRORIST>" attacked "_KARTOSHKA_<596><STEAM_0:0:1401727519><CT>" with "m4a1" (damage "37") (damage_armor "0") (health "-27") (armor "0")
L 03/06/2015 - 20:53:29: "AJIKOrOJIuK :D<593><STEAM_0:1:100506237><TERRORIST>" killed "_KARTOSHKA_<596><STEAM_0:0:1401727519><CT>" with "m4a1"
L 03/06/2015 - 20:53:36: "PESDYN ///LYSI<591><STEAM_0:0:496130286><CT>" attacked "AJIKOrOJIuK :D<593><STEAM_0:1:100506237><TERRORIST>" with "mp5navy" (damage "26") (damage_armor "0") (health "74") (armor "0")
L 03/06/2015 - 20:53:36: "PESDYN ///LYSI<591><STEAM_0:0:496130286><CT>" attacked "AJIKOrOJIuK :D<593><STEAM_0:1:100506237><TERRORIST>" with "mp5navy" (damage "22") (damage_armor "0") (health "52") (armor "0")
L 03/06/2015 - 20:53:36: "PESDYN ///LYSI<591><STEAM_0:0:496130286><CT>" attacked "AJIKOrOJIuK :D<593><STEAM_0:1:100506237><TERRORIST>" with "mp5navy" (damage "22") (damage_armor "0") (health "30") (armor "0")
L 03/06/2015 - 20:53:36: "PESDYN ///LYSI<591><STEAM_0:0:496130286><CT>" attacked "AJIKOrOJIuK :D<593><STEAM_0:1:100506237><TERRORIST>" with "mp5navy" (damage "22") (damage_armor "0") (health "8") (armor "0")
L 03/06/2015 - 20:53:37: "PESDYN ///LYSI<591><STEAM_0:0:496130286><CT>" attacked "AJIKOrOJIuK :D<593><STEAM_0:1:100506237><TERRORIST>" with "mp5navy" (damage "22") (damage_armor "0") (health "-14") (armor "0")
L 03/06/2015 - 20:53:37: "PESDYN ///LYSI<591><STEAM_0:0:496130286><CT>" killed "AJIKOrOJIuK :D<593><STEAM_0:1:100506237><TERRORIST>" with "mp5navy"
L 03/06/2015 - 20:53:37: "PESHENYSKA<594><STEAM_0:0:1971853371><TERRORIST>" attacked "PESDYN ///LYSI<591><STEAM_0:0:496130286><CT>" with "mp5navy" (damage "26") (damage_armor "0") (health "74") (armor "0")
L 03/06/2015 - 20:53:37: "PESHENYSKA<594><STEAM_0:0:1971853371><TERRORIST>" attacked "PESDYN ///LYSI<591><STEAM_0:0:496130286><CT>" with "mp5navy" (damage "26") (damage_armor "0") (health "48") (armor "0")
L 03/06/2015 - 20:53:38: "PESHENYSKA<594><STEAM_0:0:1971853371><TERRORIST>" attacked "PESDYN ///LYSI<591><STEAM_0:0:496130286><CT>" with "mp5navy" (damage "22") (damage_armor "0") (health "1") (armor "0")
L 03/06/2015 - 20:53:38: "PESHENYSKA<594><STEAM_0:0:1971853371><TERRORIST>" attacked "PESDYN ///LYSI<591><STEAM_0:0:496130286><CT>" with "mp5navy" (damage "22") (damage_armor "0") (health "-21") (armor "0")
L 03/06/2015 - 20:53:38: "PESHENYSKA<594><STEAM_0:0:1971853371><TERRORIST>" killed "PESDYN ///LYSI<591><STEAM_0:0:496130286><CT>" with "mp5navy"
L 03/06/2015 - 20:53:38: Team "TERRORIST" triggered "Terrorists_Win" (CT "2") (T "3")
L 03/06/2015 - 20:53:38: World triggered "Round_End"
L 03/06/2015 - 20:53:47: [DPROTO]: Client 4 - Set AuthIdType 1 [dp_RevEmu]; pClient = 0xb39d7ad8
L 03/06/2015 - 20:53:47: "Dron<602><STEAM_0:0:2133900850><>" connected, address "91.226.4.183:55573"
L 03/06/2015 - 20:53:47: [VTC] Player 5 speex
L 03/06/2015 - 20:53:48: World triggered "Round_Start"
L 03/06/2015 - 20:53:52: "Dron<602><STEAM_0:0:2133900850><>" entered the game
L 03/06/2015 - 20:53:53: "AJIKOrOJIuK :D<593><STEAM_0:1:100506237><TERRORIST>" attacked "_KARTOSHKA_<596><STEAM_0:0:1401727519><CT>" with "ak47" (damage "33") (damage_armor "0") (health "67") (armor "0")
L 03/06/2015 - 20:53:53: "AJIKOrOJIuK :D<593><STEAM_0:1:100506237><TERRORIST>" attacked "_KARTOSHKA_<596><STEAM_0:0:1401727519><CT>" with "ak47" (damage "33") (damage_armor "0") (health "34") (armor "0")
L 03/06/2015 - 20:53:53: "AJIKOrOJIuK :D<593><STEAM_0:1:100506237><TERRORIST>" attacked "_KARTOSHKA_<596><STEAM_0:0:1401727519><CT>" with "ak47" (damage "24") (damage_armor "0") (health "10") (armor "0")
L 03/06/2015 - 20:53:54: "AJIKOrOJIuK :D<593><STEAM_0:1:100506237><TERRORIST>" attacked "_KARTOSHKA_<596><STEAM_0:0:1401727519><CT>" with "ak47" (damage "33") (damage_armor "0") (health "-23") (armor "0")
L 03/06/2015 - 20:53:54: "AJIKOrOJIuK :D<593><STEAM_0:1:100506237><TERRORIST>" killed "_KARTOSHKA_<596><STEAM_0:0:1401727519><CT>" with "ak47"
L 03/06/2015 - 20:53:58: "AJIKOrOJIuK :D<593><STEAM_0:1:100506237><TERRORIST>" attacked "PESDYN ///LYSI<591><STEAM_0:0:496130286><CT>" with "ak47" (damage "35") (damage_armor "0") (health "65") (armor "0")
L 03/06/2015 - 20:53:58: "PESDYN ///LYSI<591><STEAM_0:0:496130286><CT>" attacked "AJIKOrOJIuK :D<593><STEAM_0:1:100506237><TERRORIST>" with "mp5navy" (damage "15") (damage_armor "0") (health "85") (armor "0")
L 03/06/2015 - 20:53:58: "PESDYN ///LYSI<591><STEAM_0:0:496130286><CT>" attacked "AJIKOrOJIuK :D<593><STEAM_0:1:100506237><TERRORIST>" with "mp5navy" (damage "21") (damage_armor "0") (health "64") (armor "0")
L 03/06/2015 - 20:53:59: "AJIKOrOJIuK :D<593><STEAM_0:1:100506237><TERRORIST>" attacked "PESDYN ///LYSI<591><STEAM_0:0:496130286><CT>" with "ak47" (damage "35") (damage_armor "0") (health "30") (armor "0")
L 03/06/2015 - 20:53:59: "AJIKOrOJIuK :D<593><STEAM_0:1:100506237><TERRORIST>" attacked "PESDYN ///LYSI<591><STEAM_0:0:496130286><CT>" with "ak47" (damage "35") (damage_armor "0") (health "-5") (armor "0")
L 03/06/2015 - 20:53:59: "AJIKOrOJIuK :D<593><STEAM_0:1:100506237><TERRORIST>" killed "PESDYN ///LYSI<591><STEAM_0:0:496130286><CT>" with "ak47"
L 03/06/2015 - 20:53:59: Team "TERRORIST" triggered "Terrorists_Win" (CT "2") (T "4")
L 03/06/2015 - 20:53:59: World triggered "Round_End"
L 03/06/2015 - 20:54:09: World triggered "Round_Start"
L 03/06/2015 - 20:54:12: "Dron<602><STEAM_0:0:2133900850><>" joined team "TERRORIST"
L 03/06/2015 - 20:54:13: "PESDYN ///LYSI<591><STEAM_0:0:496130286><CT>" attacked "AJIKOrOJIuK :D<593><STEAM_0:1:100506237><TERRORIST>" with "mp5navy" (damage "72") (damage_armor "0") (health "28") (armor "0")
L 03/06/2015 - 20:54:13: "PESDYN ///LYSI<591><STEAM_0:0:496130286><CT>" attacked "AJIKOrOJIuK :D<593><STEAM_0:1:100506237><TERRORIST>" with "mp5navy" (damage "19") (damage_armor "0") (health "9") (armor "0")
L 03/06/2015 - 20:54:16: "_KARTOSHKA_<596><STEAM_0:0:1401727519><CT>" attacked "PESHENYSKA<594><STEAM_0:0:1971853371><TERRORIST>" with "awp" (damage "112") (damage_armor "0") (health "-12") (armor "0")
L 03/06/2015 - 20:54:16: "_KARTOSHKA_<596><STEAM_0:0:1401727519><CT>" killed "PESHENYSKA<594><STEAM_0:0:1971853371><TERRORIST>" with "awp"
L 03/06/2015 - 20:54:28: "PESDYN ///LYSI<591><STEAM_0:0:496130286><CT>" attacked "AJIKOrOJIuK :D<593><STEAM_0:1:100506237><TERRORIST>" with "mp5navy" (damage "24") (damage_armor "0") (health "-15") (armor "0")
L 03/06/2015 - 20:54:28: "PESDYN ///LYSI<591><STEAM_0:0:496130286><CT>" killed "AJIKOrOJIuK :D<593><STEAM_0:1:100506237><TERRORIST>" with "mp5navy"
L 03/06/2015 - 20:54:37: "PESDYN ///LYSI<591><STEAM_0:0:496130286><CT>" attacked "Dron<602><STEAM_0:0:2133900850><TERRORIST>" with "mp5navy" (damage "23") (damage_armor "0") (health "77") (armor "0")
L 03/06/2015 - 20:54:37: "PESDYN ///LYSI<591><STEAM_0:0:496130286><CT>" attacked "Dron<602><STEAM_0:0:2133900850><TERRORIST>" with "mp5navy" (damage "23") (damage_armor "0") (health "54") (armor "0")
L 03/06/2015 - 20:54:37: "PESDYN ///LYSI<591><STEAM_0:0:496130286><CT>" attacked "Dron<602><STEAM_0:0:2133900850><TERRORIST>" with "mp5navy" (damage "24") (damage_armor "0") (health "30") (armor "0")
L 03/06/2015 - 20:54:38: "PESDYN ///LYSI<591><STEAM_0:0:496130286><CT>" attacked "Dron<602><STEAM_0:0:2133900850><TERRORIST>" with "mp5navy" (damage "24") (damage_armor "0") (health "6") (armor "0")
L 03/06/2015 - 20:54:38: "PESDYN ///LYSI<591><STEAM_0:0:496130286><CT>" attacked "Dron<602><STEAM_0:0:2133900850><TERRORIST>" with "mp5navy" (damage "24") (damage_armor "0") (health "-18") (armor "0")
L 03/06/2015 - 20:54:38: "PESDYN ///LYSI<591><STEAM_0:0:496130286><CT>" killed "Dron<602><STEAM_0:0:2133900850><TERRORIST>" with "mp5navy"
L 03/06/2015 - 20:54:38: Team "CT" triggered "CTs_Win" (CT "3") (T "4")
L 03/06/2015 - 20:54:38: World triggered "Round_End"
L 03/06/2015 - 20:54:48: World triggered "Round_Start"
L 03/06/2015 - 20:54:49: "AJIKOrOJIuK :D<593><STEAM_0:1:100506237><TERRORIST>" attacked "_KARTOSHKA_<596><STEAM_0:0:1401727519><CT>" with "glock18" (damage "13") (damage_armor "0") (health "87") (armor "0")
L 03/06/2015 - 20:54:49: "AJIKOrOJIuK :D<593><STEAM_0:1:100506237><TERRORIST>" attacked "_KARTOSHKA_<596><STEAM_0:0:1401727519><CT>" with "glock18" (damage "13") (damage_armor "0") (health "74") (armor "0")
L 03/06/2015 - 20:54:50: "AJIKOrOJIuK :D<593><STEAM_0:1:100506237><TERRORIST>" attacked "_KARTOSHKA_<596><STEAM_0:0:1401727519><CT>" with "glock18" (damage "10") (damage_armor "0") (health "64") (armor "0")
L 03/06/2015 - 20:54:51: "AJIKOrOJIuK :D<593><STEAM_0:1:100506237><TERRORIST>" attacked "_KARTOSHKA_<596><STEAM_0:0:1401727519><CT>" with "glock18" (damage "10") (damage_armor "0") (health "54") (armor "0")
L 03/06/2015 - 20:54:54: "PESHENYSKA<594><STEAM_0:0:1971853371><TERRORIST>" attacked "_KARTOSHKA_<596><STEAM_0:0:1401727519><CT>" with "mp5navy" (damage "16") (damage_armor "0") (health "38") (armor "0")
L 03/06/2015 - 20:54:55: "PESDYN ///LYSI<591><STEAM_0:0:496130286><CT>" attacked "Dron<602><STEAM_0:0:2133900850><TERRORIST>" with "mp5navy" (damage "23") (damage_armor "0") (health "77") (armor "0")
L 03/06/2015 - 20:54:55: "PESHENYSKA<594><STEAM_0:0:1971853371><TERRORIST>" attacked "_KARTOSHKA_<596><STEAM_0:0:1401727519><CT>" with "mp5navy" (damage "16") (damage_armor "0") (health "22") (armor "0")
L 03/06/2015 - 20:54:55: "PESDYN ///LYSI<591><STEAM_0:0:496130286><CT>" attacked "Dron<602><STEAM_0:0:2133900850><TERRORIST>" with "mp5navy" (damage "24") (damage_armor "0") (health "53") (armor "0")
L 03/06/2015 - 20:54:55: "PESHENYSKA<594><STEAM_0:0:1971853371><TERRORIST>" attacked "_KARTOSHKA_<596><STEAM_0:0:1401727519><CT>" with "mp5navy" (damage "22") (damage_armor "0") (health "0") (armor "0")
L 03/06/2015 - 20:54:55: "PESHENYSKA<594><STEAM_0:0:1971853371><TERRORIST>" killed "_KARTOSHKA_<596><STEAM_0:0:1401727519><CT>" with "mp5navy"
L 03/06/2015 - 20:54:55: "PESDYN ///LYSI<591><STEAM_0:0:496130286><CT>" attacked "Dron<602><STEAM_0:0:2133900850><TERRORIST>" with "mp5navy" (damage "24") (damage_armor "0") (health "29") (armor "0")
L 03/06/2015 - 20:54:55: "PESDYN ///LYSI<591><STEAM_0:0:496130286><CT>" attacked "Dron<602><STEAM_0:0:2133900850><TERRORIST>" with "mp5navy" (damage "24") (damage_armor "0") (health "5") (armor "0")
L 03/06/2015 - 20:54:55: "PESDYN ///LYSI<591><STEAM_0:0:496130286><CT>" attacked "Dron<602><STEAM_0:0:2133900850><TERRORIST>" with "mp5navy" (damage "24") (damage_armor "0") (health "-19") (armor "0")
L 03/06/2015 - 20:54:55: "PESDYN ///LYSI<591><STEAM_0:0:496130286><CT>" killed "Dron<602><STEAM_0:0:2133900850><TERRORIST>" with "mp5navy"
L 03/06/2015 - 20:54:56: "PESHENYSKA<594><STEAM_0:0:1971853371><TERRORIST>" attacked "PESDYN ///LYSI<591><STEAM_0:0:496130286><CT>" with "mp5navy" (damage "23") (damage_armor "0") (health "77") (armor "0")
L 03/06/2015 - 20:54:56: "PESHENYSKA<594><STEAM_0:0:1971853371><TERRORIST>" attacked "PESDYN ///LYSI<591><STEAM_0:0:496130286><CT>" with "mp5navy" (damage "19") (damage_armor "0") (health "58") (armor "0")
L 03/06/2015 - 20:54:56: "PESHENYSKA<594><STEAM_0:0:1971853371><TERRORIST>" attacked "PESDYN ///LYSI<591><STEAM_0:0:496130286><CT>" with "mp5navy" (damage "13") (damage_armor "0") (health "45") (armor "0")
L 03/06/2015 - 20:54:57: "PESHENYSKA<594><STEAM_0:0:1971853371><TERRORIST>" attacked "PESDYN ///LYSI<591><STEAM_0:0:496130286><CT>" with "mp5navy" (damage "18") (damage_armor "0") (health "27") (armor "0")
L 03/06/2015 - 20:54:57: "PESHENYSKA<594><STEAM_0:0:1971853371><TERRORIST>" attacked "PESDYN ///LYSI<591><STEAM_0:0:496130286><CT>" with "mp5navy" (damage "18") (damage_armor "0") (health "9") (armor "0")
L 03/06/2015 - 20:54:57: "PESDYN ///LYSI<591><STEAM_0:0:496130286><CT>" attacked "PESHENYSKA<594><STEAM_0:0:1971853371><TERRORIST>" with "mp5navy" (damage "76") (damage_armor "0") (health "24") (armor "0")
L 03/06/2015 - 20:54:57: "PESDYN ///LYSI<591><STEAM_0:0:496130286><CT>" attacked "PESHENYSKA<594><STEAM_0:0:1971853371><TERRORIST>" with "mp5navy" (damage "19") (damage_armor "0") (health "5") (armor "0")
L 03/06/2015 - 20:54:57: "PESDYN ///LYSI<591><STEAM_0:0:496130286><CT>" attacked "PESHENYSKA<594><STEAM_0:0:1971853371><TERRORIST>" with "mp5navy" (damage "19") (damage_armor "0") (health "-14") (armor "0")
L 03/06/2015 - 20:54:57: "PESDYN ///LYSI<591><STEAM_0:0:496130286><CT>" killed "PESHENYSKA<594><STEAM_0:0:1971853371><TERRORIST>" with "mp5navy"
L 03/06/2015 - 20:55:00: "AJIKOrOJIuK :D<593><STEAM_0:1:100506237><TERRORIST>" attacked "PESDYN ///LYSI<591><STEAM_0:0:496130286><CT>" with "awp" (damage "114") (damage_armor "0") (health "-105") (armor "0")
L 03/06/2015 - 20:55:00: "AJIKOrOJIuK :D<593><STEAM_0:1:100506237><TERRORIST>" killed "PESDYN ///LYSI<591><STEAM_0:0:496130286><CT>" with "awp"
L 03/06/2015 - 20:55:00: Team "TERRORIST" triggered "Terrorists_Win" (CT "3") (T "5")
L 03/06/2015 - 20:55:00: World triggered "Round_End"
L 03/06/2015 - 20:55:10: World triggered "Round_Start"
L 03/06/2015 - 20:55:14: "PESDYN ///LYSI<591><STEAM_0:0:496130286><CT>" attacked "PESHENYSKA<594><STEAM_0:0:1971853371><TERRORIST>" with "mp5navy" (damage "25") (damage_armor "0") (health "75") (armor "0")
L 03/06/2015 - 20:55:14: "PESDYN ///LYSI<591><STEAM_0:0:496130286><CT>" attacked "PESHENYSKA<594><STEAM_0:0:1971853371><TERRORIST>" with "mp5navy" (damage "15") (damage_armor "0") (health "60") (armor "0")
L 03/06/2015 - 20:55:15: "PESHENYSKA<594><STEAM_0:0:1971853371><TERRORIST>" attacked "PESDYN ///LYSI<591><STEAM_0:0:496130286><CT>" with "mp5navy" (damage "21") (damage_armor "0") (health "79") (armor "0")
L 03/06/2015 - 20:55:15: "PESDYN ///LYSI<591><STEAM_0:0:496130286><CT>" attacked "PESHENYSKA<594><STEAM_0:0:1971853371><TERRORIST>" with "mp5navy" (damage "21") (damage_armor "0") (health "39") (armor "0")
L 03/06/2015 - 20:55:15: "PESDYN ///LYSI<591><STEAM_0:0:496130286><CT>" attacked "PESHENYSKA<594><STEAM_0:0:1971853371><TERRORIST>" with "mp5navy" (damage "21") (damage_armor "0") (health "18") (armor "0")
L 03/06/2015 - 20:55:15: "PESDYN ///LYSI<591><STEAM_0:0:496130286><CT>" attacked "PESHENYSKA<594><STEAM_0:0:1971853371><TERRORIST>" with "mp5navy" (damage "84") (damage_armor "0") (health "-66") (armor "0")
L 03/06/2015 - 20:55:15: "PESDYN ///LYSI<591><STEAM_0:0:496130286><CT>" killed "PESHENYSKA<594><STEAM_0:0:1971853371><TERRORIST>" with "mp5navy"
L 03/06/2015 - 20:55:16: "_KARTOSHKA_<596><STEAM_0:0:1401727519><CT>" attacked "Dron<602><STEAM_0:0:2133900850><TERRORIST>" with "m4a1" (damage "30") (damage_armor "0") (health "70") (armor "0")
L 03/06/2015 - 20:55:19: "AJIKOrOJIuK :D<593><STEAM_0:1:100506237><TERRORIST>" attacked "PESDYN ///LYSI<591><STEAM_0:0:496130286><CT>" with "glock18" (damage "23") (damage_armor "0") (health "56") (armor "0")
L 03/06/2015 - 20:55:19: "AJIKOrOJIuK :D<593><STEAM_0:1:100506237><TERRORIST>" attacked "PESDYN ///LYSI<591><STEAM_0:0:496130286><CT>" with "glock18" (damage "24") (damage_armor "0") (health "32") (armor "0")
L 03/06/2015 - 20:55:19: "AJIKOrOJIuK :D<593><STEAM_0:1:100506237><TERRORIST>" attacked "PESDYN ///LYSI<591><STEAM_0:0:496130286><CT>" with "glock18" (damage "96") (damage_armor "0") (health "-64") (armor "0")
L 03/06/2015 - 20:55:19: "AJIKOrOJIuK :D<593><STEAM_0:1:100506237><TERRORIST>" killed "PESDYN ///LYSI<591><STEAM_0:0:496130286><CT>" with "glock18"
L 03/06/2015 - 20:55:26: "Dron<602><STEAM_0:0:2133900850><TERRORIST>" attacked "_KARTOSHKA_<596><STEAM_0:0:1401727519><CT>" with "ak47" (damage "34") (damage_armor "0") (health "66") (armor "0")
L 03/06/2015 - 20:55:29: "AJIKOrOJIuK :D<593><STEAM_0:1:100506237><TERRORIST>" attacked "_KARTOSHKA_<596><STEAM_0:0:1401727519><CT>" with "glock18" (damage "17") (damage_armor "0") (health "49") (armor "0")
L 03/06/2015 - 20:55:29: "AJIKOrOJIuK :D<593><STEAM_0:1:100506237><TERRORIST>" attacked "_KARTOSHKA_<596><STEAM_0:0:1401727519><CT>" with "glock18" (damage "17") (damage_armor "0") (health "32") (armor "0")
L 03/06/2015 - 20:55:30: "AJIKOrOJIuK :D<593><STEAM_0:1:100506237><TERRORIST>" attacked "_KARTOSHKA_<596><STEAM_0:0:1401727519><CT>" with "glock18" (damage "21") (damage_armor "0") (health "11") (armor "0")
L 03/06/2015 - 20:55:30: "AJIKOrOJIuK :D<593><STEAM_0:1:100506237><TERRORIST>" attacked "_KARTOSHKA_<596><STEAM_0:0:1401727519><CT>" with "glock18" (damage "17") (damage_armor "0") (health "-6") (armor "0")
L 03/06/2015 - 20:55:30: "AJIKOrOJIuK :D<593><STEAM_0:1:100506237><TERRORIST>" killed "_KARTOSHKA_<596><STEAM_0:0:1401727519><CT>" with "glock18"
L 03/06/2015 - 20:55:30: Team "TERRORIST" triggered "Terrorists_Win" (CT "3") (T "6")
L 03/06/2015 - 20:55:30: World triggered "Round_End"
L 03/06/2015 - 20:55:40: World triggered "Round_Start"
L 03/06/2015 - 20:55:43: "_KARTOSHKA_<596><STEAM_0:0:1401727519><CT>" attacked "AJIKOrOJIuK :D<593><STEAM_0:1:100506237><TERRORIST>" with "mp5navy" (damage "18") (damage_armor "0") (health "82") (armor "0")
L 03/06/2015 - 20:55:43: "_KARTOSHKA_<596><STEAM_0:0:1401727519><CT>" attacked "AJIKOrOJIuK :D<593><STEAM_0:1:100506237><TERRORIST>" with "mp5navy" (damage "22") (damage_armor "0") (health "60") (armor "0")
L 03/06/2015 - 20:55:43: "_KARTOSHKA_<596><STEAM_0:0:1401727519><CT>" attacked "AJIKOrOJIuK :D<593><STEAM_0:1:100506237><TERRORIST>" with "mp5navy" (damage "13") (damage_armor "0") (health "47") (armor "0")
L 03/06/2015 - 20:55:43: "AJIKOrOJIuK :D<593><STEAM_0:1:100506237><TERRORIST>" attacked "_KARTOSHKA_<596><STEAM_0:0:1401727519><CT>" with "awp" (damage "112") (damage_armor "0") (health "-12") (armor "0")
L 03/06/2015 - 20:55:43: "AJIKOrOJIuK :D<593><STEAM_0:1:100506237><TERRORIST>" killed "_KARTOSHKA_<596><STEAM_0:0:1401727519><CT>" with "awp"
L 03/06/2015 - 20:55:45: "Dron<602><STEAM_0:0:2133900850><TERRORIST>" attacked "PESDYN ///LYSI<591><STEAM_0:0:496130286><CT>" with "ak47" (damage "34") (damage_armor "0") (health "66") (armor "0")
L 03/06/2015 - 20:55:45: "Dron<602><STEAM_0:0:2133900850><TERRORIST>" attacked "PESDYN ///LYSI<591><STEAM_0:0:496130286><CT>" with "ak47" (damage "136") (damage_armor "0") (health "-70") (armor "0")
L 03/06/2015 - 20:55:45: "Dron<602><STEAM_0:0:2133900850><TERRORIST>" killed "PESDYN ///LYSI<591><STEAM_0:0:496130286><CT>" with "ak47"
L 03/06/2015 - 20:55:45: Team "TERRORIST" triggered "Terrorists_Win" (CT "3") (T "7")
L 03/06/2015 - 20:55:45: World triggered "Round_End"
L 03/06/2015 - 20:55:55: World triggered "Round_Start"
L 03/06/2015 - 20:56:00: "PESDYN ///LYSI<591><STEAM_0:0:496130286><CT>" attacked "PESHENYSKA<594><STEAM_0:0:1971853371><TERRORIST>" with "m4a1" (damage "38") (damage_armor "0") (health "62") (armor "0")
L 03/06/2015 - 20:56:00: "PESDYN ///LYSI<591><STEAM_0:0:496130286><CT>" attacked "PESHENYSKA<594><STEAM_0:0:1971853371><TERRORIST>" with "m4a1" (damage "31") (damage_armor "0") (health "31") (armor "0")
L 03/06/2015 - 20:56:01: "_KARTOSHKA_<596><STEAM_0:0:1401727519><CT>" attacked "AJIKOrOJIuK :D<593><STEAM_0:1:100506237><TERRORIST>" with "awp" (damage "85") (damage_armor "0") (health "15") (armor "0")
L 03/06/2015 - 20:56:02: "Dron<602><STEAM_0:0:2133900850><TERRORIST>" attacked "_KARTOSHKA_<596><STEAM_0:0:1401727519><CT>" with "ak47" (damage "136") (damage_armor "0") (health "-36") (armor "0")
L 03/06/2015 - 20:56:02: "Dron<602><STEAM_0:0:2133900850><TERRORIST>" killed "_KARTOSHKA_<596><STEAM_0:0:1401727519><CT>" with "ak47"
L 03/06/2015 - 20:56:04: "PESHENYSKA<594><STEAM_0:0:1971853371><TERRORIST>" attacked "PESDYN ///LYSI<591><STEAM_0:0:496130286><CT>" with "mp5navy" (damage "22") (damage_armor "0") (health "51") (armor "0")
L 03/06/2015 - 20:56:04: "PESHENYSKA<594><STEAM_0:0:1971853371><TERRORIST>" attacked "PESDYN ///LYSI<591><STEAM_0:0:496130286><CT>" with "mp5navy" (damage "16") (damage_armor "0") (health "35") (armor "0")
L 03/06/2015 - 20:56:04: "AJIKOrOJIuK :D<593><STEAM_0:1:100506237><TERRORIST>" attacked "PESDYN ///LYSI<591><STEAM_0:0:496130286><CT>" with "glock18" (damage "17") (damage_armor "0") (health "18") (armor "0")
L 03/06/2015 - 20:56:04: "PESHENYSKA<594><STEAM_0:0:1971853371><TERRORIST>" attacked "PESDYN ///LYSI<591><STEAM_0:0:496130286><CT>" with "mp5navy" (damage "27") (damage_armor "0") (health "-9") (armor "0")
L 03/06/2015 - 20:56:04: "PESHENYSKA<594><STEAM_0:0:1971853371><TERRORIST>" killed "PESDYN ///LYSI<591><STEAM_0:0:496130286><CT>" with "mp5navy"
L 03/06/2015 - 20:56:04: Team "TERRORIST" triggered "Terrorists_Win" (CT "3") (T "8")
L 03/06/2015 - 20:56:04: World triggered "Round_End"
L 03/06/2015 - 20:56:14: World triggered "Round_Start"
L 03/06/2015 - 20:56:18: "Dron<602><STEAM_0:0:2133900850><TERRORIST>" attacked "_KARTOSHKA_<596><STEAM_0:0:1401727519><CT>" with "ak47" (damage "136") (damage_armor "0") (health "-36") (armor "0")
L 03/06/2015 - 20:56:18: "Dron<602><STEAM_0:0:2133900850><TERRORIST>" killed "_KARTOSHKA_<596><STEAM_0:0:1401727519><CT>" with "ak47"
L 03/06/2015 - 20:56:20: "PESDYN ///LYSI<591><STEAM_0:0:496130286><CT>" attacked "PESHENYSKA<594><STEAM_0:0:1971853371><TERRORIST>" with "m4a1" (damage "31") (damage_armor "0") (health "69") (armor "0")
L 03/06/2015 - 20:56:20: "PESDYN ///LYSI<591><STEAM_0:0:496130286><CT>" attacked "PESHENYSKA<594><STEAM_0:0:1971853371><TERRORIST>" with "m4a1" (damage "124") (damage_armor "0") (health "-55") (armor "0")
L 03/06/2015 - 20:56:20: "PESDYN ///LYSI<591><STEAM_0:0:496130286><CT>" killed "PESHENYSKA<594><STEAM_0:0:1971853371><TERRORIST>" with "m4a1"
L 03/06/2015 - 20:56:24: "Dron<602><STEAM_0:0:2133900850><TERRORIST>" attacked "PESDYN ///LYSI<591><STEAM_0:0:496130286><CT>" with "ak47" (damage "34") (damage_armor "0") (health "42") (armor "0")
L 03/06/2015 - 20:56:26: "PESDYN ///LYSI<591><STEAM_0:0:496130286><CT>" attacked "Dron<602><STEAM_0:0:2133900850><TERRORIST>" with "m4a1" (damage "21") (damage_armor "0") (health "79") (armor "0")
L 03/06/2015 - 20:56:26: "PESDYN ///LYSI<591><STEAM_0:0:496130286><CT>" attacked "Dron<602><STEAM_0:0:2133900850><TERRORIST>" with "m4a1" (damage "29") (damage_armor "0") (health "50") (armor "0")
L 03/06/2015 - 20:56:27: "Dron<602><STEAM_0:0:2133900850><TERRORIST>" attacked "PESDYN ///LYSI<591><STEAM_0:0:496130286><CT>" with "ak47" (damage "136") (damage_armor "0") (health "-94") (armor "0")
L 03/06/2015 - 20:56:27: "Dron<602><STEAM_0:0:2133900850><TERRORIST>" killed "PESDYN ///LYSI<591><STEAM_0:0:496130286><CT>" with "ak47"
L 03/06/2015 - 20:56:27: Team "TERRORIST" triggered "Terrorists_Win" (CT "3") (T "9")
L 03/06/2015 - 20:56:27: World triggered "Round_End"
L 03/06/2015 - 20:56:37: World triggered "Round_Start"
L 03/06/2015 - 20:56:40: "AJIKOrOJIuK :D<593><STEAM_0:1:100506237><TERRORIST>" attacked "PESDYN ///LYSI<591><STEAM_0:0:496130286><CT>" with "glock18" (damage "84") (damage_armor "0") (health "16") (armor "0")
L 03/06/2015 - 20:56:40: "AJIKOrOJIuK :D<593><STEAM_0:1:100506237><TERRORIST>" attacked "PESDYN ///LYSI<591><STEAM_0:0:496130286><CT>" with "glock18" (damage "88") (damage_armor "0") (health "-72") (armor "0")
L 03/06/2015 - 20:56:40: "AJIKOrOJIuK :D<593><STEAM_0:1:100506237><TERRORIST>" killed "PESDYN ///LYSI<591><STEAM_0:0:496130286><CT>" with "glock18"
L 03/06/2015 - 20:56:41: "PESHENYSKA<594><STEAM_0:0:1971853371><TERRORIST>" attacked "_KARTOSHKA_<596><STEAM_0:0:1401727519><CT>" with "awp" (damage "111") (damage_armor "0") (health "-11") (armor "0")
L 03/06/2015 - 20:56:41: "PESHENYSKA<594><STEAM_0:0:1971853371><TERRORIST>" killed "_KARTOSHKA_<596><STEAM_0:0:1401727519><CT>" with "awp"
L 03/06/2015 - 20:56:41: Team "TERRORIST" triggered "Terrorists_Win" (CT "3") (T "10")
L 03/06/2015 - 20:56:41: World triggered "Round_End"
L 03/06/2015 - 20:56:41: [DPROTO]: Client 5 - Set AuthIdType 1 [dp_RevEmu]; pClient = 0xb39dc9cc
L 03/06/2015 - 20:56:41: "[Hard_Skill]_Novi4ek<603><STEAM_0:0:315688883><>" connected, address "185.6.25.50:24262"
L 03/06/2015 - 20:56:41: [VTC] Player 6 speex
L 03/06/2015 - 20:56:51: World triggered "Round_Start"
L 03/06/2015 - 20:56:54: "PESHENYSKA<594><STEAM_0:0:1971853371><TERRORIST>" attacked "PESDYN ///LYSI<591><STEAM_0:0:496130286><CT>" with "mp5navy" (damage "14") (damage_armor "0") (health "50") (armor "0")
L 03/06/2015 - 20:56:54: "PESHENYSKA<594><STEAM_0:0:1971853371><TERRORIST>" attacked "PESDYN ///LYSI<591><STEAM_0:0:496130286><CT>" with "mp5navy" (damage "14") (damage_armor "0") (health "36") (armor "0")
L 03/06/2015 - 20:56:54: "Dron<602><STEAM_0:0:2133900850><TERRORIST>" attacked "PESDYN ///LYSI<591><STEAM_0:0:496130286><CT>" with "ak47" (damage "34") (damage_armor "0") (health "2") (armor "0")
L 03/06/2015 - 20:56:55: "Dron<602><STEAM_0:0:2133900850><TERRORIST>" attacked "PESDYN ///LYSI<591><STEAM_0:0:496130286><CT>" with "ak47" (damage "136") (damage_armor "0") (health "-134") (armor "0")
L 03/06/2015 - 20:56:55: "Dron<602><STEAM_0:0:2133900850><TERRORIST>" killed "PESDYN ///LYSI<591><STEAM_0:0:496130286><CT>" with "ak47"
L 03/06/2015 - 20:56:58: "_KARTOSHKA_<596><STEAM_0:0:1401727519><CT>" attacked "PESHENYSKA<594><STEAM_0:0:1971853371><TERRORIST>" with "m4a1" (damage "32") (damage_armor "0") (health "68") (armor "0")
L 03/06/2015 - 20:56:58: "_KARTOSHKA_<596><STEAM_0:0:1401727519><CT>" attacked "PESHENYSKA<594><STEAM_0:0:1971853371><TERRORIST>" with "m4a1" (damage "32") (damage_armor "0") (health "36") (armor "0")
L 03/06/2015 - 20:56:58: "_KARTOSHKA_<596><STEAM_0:0:1401727519><CT>" attacked "PESHENYSKA<594><STEAM_0:0:1971853371><TERRORIST>" with "m4a1" (damage "32") (damage_armor "0") (health "4") (armor "0")
L 03/06/2015 - 20:56:58: "_KARTOSHKA_<596><STEAM_0:0:1401727519><CT>" attacked "PESHENYSKA<594><STEAM_0:0:1971853371><TERRORIST>" with "m4a1" (damage "32") (damage_armor "0") (health "-28") (armor "0")
L 03/06/2015 - 20:56:58: "_KARTOSHKA_<596><STEAM_0:0:1401727519><CT>" killed "PESHENYSKA<594><STEAM_0:0:1971853371><TERRORIST>" with "m4a1"
L 03/06/2015 - 20:57:01: "[Hard_Skill]_Novi4ek<603><STEAM_0:0:315688883><>" entered the game
L 03/06/2015 - 20:57:02: "Dron<602><STEAM_0:0:2133900850><TERRORIST>" attacked "_KARTOSHKA_<596><STEAM_0:0:1401727519><CT>" with "ak47" (damage "16") (damage_armor "0") (health "51") (armor "0")
L 03/06/2015 - 20:57:07: "_KARTOSHKA_<596><STEAM_0:0:1401727519><CT>" attacked "Dron<602><STEAM_0:0:2133900850><TERRORIST>" with "m4a1" (damage "128") (damage_armor "0") (health "-28") (armor "0")
L 03/06/2015 - 20:57:07: "_KARTOSHKA_<596><STEAM_0:0:1401727519><CT>" killed "Dron<602><STEAM_0:0:2133900850><TERRORIST>" with "m4a1"
L 03/06/2015 - 20:57:07: "[Hard_Skill]_Novi4ek<603><STEAM_0:0:315688883><>" joined team "CT"
L 03/06/2015 - 20:57:12: "AJIKOrOJIuK :D<593><STEAM_0:1:100506237><TERRORIST>" attacked "[Hard_Skill]_Novi4ek<603><STEAM_0:0:315688883><CT>" with "ak47" (damage "105") (damage_armor "16") (health "-5") (armor "84")
L 03/06/2015 - 20:57:12: "AJIKOrOJIuK :D<593><STEAM_0:1:100506237><TERRORIST>" killed "[Hard_Skill]_Novi4ek<603><STEAM_0:0:315688883><CT>" with "ak47"
L 03/06/2015 - 20:57:14: "_KARTOSHKA_<596><STEAM_0:0:1401727519><CT>" attacked "AJIKOrOJIuK :D<593><STEAM_0:1:100506237><TERRORIST>" with "m4a1" (damage "31") (damage_armor "0") (health "69") (armor "0")
L 03/06/2015 - 20:57:15: "AJIKOrOJIuK :D<593><STEAM_0:1:100506237><TERRORIST>" attacked "_KARTOSHKA_<596><STEAM_0:0:1401727519><CT>" with "ak47" (damage "35") (damage_armor "0") (health "16") (armor "0")
L 03/06/2015 - 20:57:15: "AJIKOrOJIuK :D<593><STEAM_0:1:100506237><TERRORIST>" attacked "_KARTOSHKA_<596><STEAM_0:0:1401727519><CT>" with "ak47" (damage "35") (damage_armor "0") (health "-19") (armor "0")
L 03/06/2015 - 20:57:15: "AJIKOrOJIuK :D<593><STEAM_0:1:100506237><TERRORIST>" killed "_KARTOSHKA_<596><STEAM_0:0:1401727519><CT>" with "ak47"
L 03/06/2015 - 20:57:15: Team "TERRORIST" triggered "Terrorists_Win" (CT "3") (T "11")
L 03/06/2015 - 20:57:15: World triggered "Round_End"
L 03/06/2015 - 20:57:25: World triggered "Round_Start"
L 03/06/2015 - 20:57:27: "PESHENYSKA<594><STEAM_0:0:1971853371><TERRORIST>" attacked "[Hard_Skill]_Novi4ek<603><STEAM_0:0:315688883><CT>" with "mp5navy" (damage "12") (damage_armor "0") (health "88") (armor "100")
L 03/06/2015 - 20:57:28: "[Hard_Skill]_Novi4ek<603><STEAM_0:0:315688883><CT>" attacked "PESHENYSKA<594><STEAM_0:0:1971853371><TERRORIST>" with "ak47" (damage "25") (damage_armor "0") (health "75") (armor "0")
L 03/06/2015 - 20:57:28: "PESHENYSKA<594><STEAM_0:0:1971853371><TERRORIST>" attacked "[Hard_Skill]_Novi4ek<603><STEAM_0:0:315688883><CT>" with "mp5navy" (damage "12") (damage_armor "0") (health "76") (armor "100")
L 03/06/2015 - 20:57:28: "PESHENYSKA<594><STEAM_0:0:1971853371><TERRORIST>" attacked "[Hard_Skill]_Novi4ek<603><STEAM_0:0:315688883><CT>" with "mp5navy" (damage "8") (damage_armor "5") (health "68") (armor "95")
L 03/06/2015 - 20:57:28: "AJIKOrOJIuK :D<593><STEAM_0:1:100506237><TERRORIST>" attacked "_KARTOSHKA_<596><STEAM_0:0:1401727519><CT>" with "ak47" (damage "34") (damage_armor "0") (health "66") (armor "0")
L 03/06/2015 - 20:57:29: "Dron<602><STEAM_0:0:2133900850><TERRORIST>" attacked "_KARTOSHKA_<596><STEAM_0:0:1401727519><CT>" with "ak47" (damage "136") (damage_armor "0") (health "-70") (armor "0")
L 03/06/2015 - 20:57:29: "Dron<602><STEAM_0:0:2133900850><TERRORIST>" killed "_KARTOSHKA_<596><STEAM_0:0:1401727519><CT>" with "ak47"
L 03/06/2015 - 20:57:32: "PESHENYSKA<594><STEAM_0:0:1971853371><TERRORIST>" attacked "PESDYN ///LYSI<591><STEAM_0:0:496130286><CT>" with "mp5navy" (damage "13") (damage_armor "0") (health "87") (armor "0")
L 03/06/2015 - 20:57:32: "PESHENYSKA<594><STEAM_0:0:1971853371><TERRORIST>" attacked "PESDYN ///LYSI<591><STEAM_0:0:496130286><CT>" with "mp5navy" (damage "23") (damage_armor "0") (health "64") (armor "0")
L 03/06/2015 - 20:57:32: [DPROTO]: Client 6 - Set AuthIdType 1 [dp_RevEmu]; pClient = 0xb39e18c0
L 03/06/2015 - 20:57:32: "|ZADROT|<604><STEAM_0:0:266892656><>" connected, address "37.212.160.62:55458"
L 03/06/2015 - 20:57:33: [VTC] Player 7 speex
L 03/06/2015 - 20:57:34: [DPROTO]: Client 7 - Set AuthIdType 1 [dp_RevEmu]; pClient = 0xb39e67b4
L 03/06/2015 - 20:57:34: "***<605><STEAM_0:0:775109720><>" connected, address "37.212.132.18:24597"
L 03/06/2015 - 20:57:34: [VTC] Player 8 speex
L 03/06/2015 - 20:57:37: "Dron<602><STEAM_0:0:2133900850><TERRORIST>" attacked "PESDYN ///LYSI<591><STEAM_0:0:496130286><CT>" with "ak47" (damage "42") (damage_armor "0") (health "22") (armor "0")
L 03/06/2015 - 20:57:37: "Dron<602><STEAM_0:0:2133900850><TERRORIST>" attacked "PESDYN ///LYSI<591><STEAM_0:0:496130286><CT>" with "ak47" (damage "136") (damage_armor "0") (health "-114") (armor "0")
L 03/06/2015 - 20:57:37: "Dron<602><STEAM_0:0:2133900850><TERRORIST>" killed "PESDYN ///LYSI<591><STEAM_0:0:496130286><CT>" with "ak47"
L 03/06/2015 - 20:57:39: "|ZADROT|<604><STEAM_0:0:266892656><>" entered the game
L 03/06/2015 - 20:57:39: "Dron<602><STEAM_0:0:2133900850><TERRORIST>" attacked "[Hard_Skill]_Novi4ek<603><STEAM_0:0:315688883><CT>" with "ak47" (damage "27") (damage_armor "4") (health "28") (armor "84")
L 03/06/2015 - 20:57:40: "Dron<602><STEAM_0:0:2133900850><TERRORIST>" attacked "[Hard_Skill]_Novi4ek<603><STEAM_0:0:315688883><CT>" with "ak47" (damage "27") (damage_armor "3") (health "1") (armor "81")
L 03/06/2015 - 20:57:40: "[Hard_Skill]_Novi4ek<603><STEAM_0:0:315688883><CT>" attacked "Dron<602><STEAM_0:0:2133900850><TERRORIST>" with "ak47" (damage "140") (damage_armor "0") (health "-40") (armor "0")
L 03/06/2015 - 20:57:40: "[Hard_Skill]_Novi4ek<603><STEAM_0:0:315688883><CT>" killed "Dron<602><STEAM_0:0:2133900850><TERRORIST>" with "ak47"
L 03/06/2015 - 20:57:41: "|ZADROT|<604><STEAM_0:0:266892656><>" joined team "CT"
L 03/06/2015 - 20:57:46: "PESHENYSKA<594><STEAM_0:0:1971853371><TERRORIST>" attacked "[Hard_Skill]_Novi4ek<603><STEAM_0:0:315688883><CT>" with "xm1014" (damage "18") (damage_armor "9") (health "-17") (armor "72")
L 03/06/2015 - 20:57:46: "PESHENYSKA<594><STEAM_0:0:1971853371><TERRORIST>" killed "[Hard_Skill]_Novi4ek<603><STEAM_0:0:315688883><CT>" with "xm1014"
L 03/06/2015 - 20:57:48: "PESHENYSKA<594><STEAM_0:0:1971853371><TERRORIST>" attacked "|ZADROT|<604><STEAM_0:0:266892656><CT>" with "xm1014" (damage "36") (damage_armor "0") (health "64") (armor "0")
L 03/06/2015 - 20:57:49: "PESHENYSKA<594><STEAM_0:0:1971853371><TERRORIST>" attacked "|ZADROT|<604><STEAM_0:0:266892656><CT>" with "xm1014" (damage "31") (damage_armor "0") (health "33") (armor "0")
L 03/06/2015 - 20:57:49: "|ZADROT|<604><STEAM_0:0:266892656><CT>" attacked "PESHENYSKA<594><STEAM_0:0:1971853371><TERRORIST>" with "m4a1" (damage "40") (damage_armor "0") (health "35") (armor "0")
L 03/06/2015 - 20:57:49: "|ZADROT|<604><STEAM_0:0:266892656><CT>" attacked "PESHENYSKA<594><STEAM_0:0:1971853371><TERRORIST>" with "m4a1" (damage "32") (damage_armor "0") (health "3") (armor "0")
L 03/06/2015 - 20:57:50: "|ZADROT|<604><STEAM_0:0:266892656><CT>" attacked "PESHENYSKA<594><STEAM_0:0:1971853371><TERRORIST>" with "m4a1" (damage "32") (damage_armor "0") (health "-29") (armor "0")
L 03/06/2015 - 20:57:50: "|ZADROT|<604><STEAM_0:0:266892656><CT>" killed "PESHENYSKA<594><STEAM_0:0:1971853371><TERRORIST>" with "m4a1"
L 03/06/2015 - 20:57:51: "AJIKOrOJIuK :D<593><STEAM_0:1:100506237><TERRORIST>" attacked "|ZADROT|<604><STEAM_0:0:266892656><CT>" with "glock18" (damage "14") (damage_armor "0") (health "19") (armor "0")
L 03/06/2015 - 20:57:51: "AJIKOrOJIuK :D<593><STEAM_0:1:100506237><TERRORIST>" attacked "|ZADROT|<604><STEAM_0:0:266892656><CT>" with "glock18" (damage "17") (damage_armor "0") (health "2") (armor "0")
L 03/06/2015 - 20:57:52: "AJIKOrOJIuK :D<593><STEAM_0:1:100506237><TERRORIST>" attacked "|ZADROT|<604><STEAM_0:0:266892656><CT>" with "glock18" (damage "15") (damage_armor "0") (health "-13") (armor "0")
L 03/06/2015 - 20:57:52: "AJIKOrOJIuK :D<593><STEAM_0:1:100506237><TERRORIST>" killed "|ZADROT|<604><STEAM_0:0:266892656><CT>" with "glock18"
L 03/06/2015 - 20:57:52: Team "TERRORIST" triggered "Terrorists_Win" (CT "3") (T "12")
L 03/06/2015 - 20:57:52: World triggered "Round_End"
L 03/06/2015 - 20:57:53: "***<605><STEAM_0:0:775109720><>" entered the game
L 03/06/2015 - 20:57:58: "***<605><STEAM_0:0:775109720><>" joined team "TERRORIST"
L 03/06/2015 - 20:58:02: World triggered "Round_Start"
L 03/06/2015 - 20:58:02: [DPROTO]: Client 8 - Set AuthIdType 1 [dp_RevEmu]; pClient = 0xb39eb6a8
L 03/06/2015 - 20:58:02: "[Hard_Skill]_Dasha<606><STEAM_0:0:2052642740><>" connected, address "10.19.7.214:27005"
L 03/06/2015 - 20:58:02: [VTC] Player 9 speex
L 03/06/2015 - 20:58:05: "Dron<602><STEAM_0:0:2133900850><TERRORIST>" attacked "PESDYN ///LYSI<591><STEAM_0:0:496130286><CT>" with "aug" (damage "28") (damage_armor "0") (health "72") (armor "0")
L 03/06/2015 - 20:58:05: "Dron<602><STEAM_0:0:2133900850><TERRORIST>" attacked "PESDYN ///LYSI<591><STEAM_0:0:496130286><CT>" with "aug" (damage "28") (damage_armor "0") (health "44") (armor "0")
L 03/06/2015 - 20:58:06: "PESDYN ///LYSI<591><STEAM_0:0:496130286><CT>" attacked "Dron<602><STEAM_0:0:2133900850><TERRORIST>" with "m4a1" (damage "21") (damage_armor "0") (health "79") (armor "0")
L 03/06/2015 - 20:58:06: "Dron<602><STEAM_0:0:2133900850><TERRORIST>" attacked "PESDYN ///LYSI<591><STEAM_0:0:496130286><CT>" with "aug" (damage "28") (damage_armor "0") (health "16") (armor "0")
L 03/06/2015 - 20:58:06: "PESDYN ///LYSI<591><STEAM_0:0:496130286><CT>" attacked "Dron<602><STEAM_0:0:2133900850><TERRORIST>" with "m4a1" (damage "21") (damage_armor "0") (health "58") (armor "0")
L 03/06/2015 - 20:58:06: "Dron<602><STEAM_0:0:2133900850><TERRORIST>" attacked "PESDYN ///LYSI<591><STEAM_0:0:496130286><CT>" with "aug" (damage "28") (damage_armor "0") (health "-12") (armor "0")
L 03/06/2015 - 20:58:06: "Dron<602><STEAM_0:0:2133900850><TERRORIST>" killed "PESDYN ///LYSI<591><STEAM_0:0:496130286><CT>" with "aug"
L 03/06/2015 - 20:58:08: "|ZADROT|<604><STEAM_0:0:266892656><CT>" attacked "PESHENYSKA<594><STEAM_0:0:1971853371><TERRORIST>" with "ak47" (damage "16") (damage_armor "0") (health "84") (armor "0")
L 03/06/2015 - 20:58:09: "|ZADROT|<604><STEAM_0:0:266892656><CT>" attacked "PESHENYSKA<594><STEAM_0:0:1971853371><TERRORIST>" with "ak47" (damage "34") (damage_armor "0") (health "50") (armor "0")
L 03/06/2015 - 20:58:09: "PESHENYSKA<594><STEAM_0:0:1971853371><TERRORIST>" attacked "|ZADROT|<604><STEAM_0:0:266892656><CT>" with "xm1014" (damage "28") (damage_armor "0") (health "72") (armor "0")
L 03/06/2015 - 20:58:09: "|ZADROT|<604><STEAM_0:0:266892656><CT>" attacked "PESHENYSKA<594><STEAM_0:0:1971853371><TERRORIST>" with "ak47" (damage "25") (damage_armor "0") (health "25") (armor "0")
L 03/06/2015 - 20:58:10: "Dron<602><STEAM_0:0:2133900850><TERRORIST>" attacked "|ZADROT|<604><STEAM_0:0:266892656><CT>" with "aug" (damage "52") (damage_armor "0") (health "20") (armor "0")
L 03/06/2015 - 20:58:12: "[Hard_Skill]_Novi4ek<603><STEAM_0:0:315688883><CT>" attacked "AJIKOrOJIuK :D<593><STEAM_0:1:100506237><TERRORIST>" with "ak47" (damage "34") (damage_armor "0") (health "45") (armor "0")
L 03/06/2015 - 20:58:13: "AJIKOrOJIuK :D<593><STEAM_0:1:100506237><TERRORIST>" attacked "[Hard_Skill]_Novi4ek<603><STEAM_0:0:315688883><CT>" with "ak47" (damage "32") (damage_armor "5") (health "68") (armor "95")
L 03/06/2015 - 20:58:13: "[Hard_Skill]_Novi4ek<603><STEAM_0:0:315688883><CT>" attacked "AJIKOrOJIuK :D<593><STEAM_0:1:100506237><TERRORIST>" with "ak47" (damage "136") (damage_armor "0") (health "-91") (armor "0")
L 03/06/2015 - 20:58:13: "[Hard_Skill]_Novi4ek<603><STEAM_0:0:315688883><CT>" killed "AJIKOrOJIuK :D<593><STEAM_0:1:100506237><TERRORIST>" with "ak47"
L 03/06/2015 - 20:58:15: "Dron<602><STEAM_0:0:2133900850><TERRORIST>" attacked "|ZADROT|<604><STEAM_0:0:266892656><CT>" with "aug" (damage "28") (damage_armor "0") (health "-8") (armor "0")
L 03/06/2015 - 20:58:15: "Dron<602><STEAM_0:0:2133900850><TERRORIST>" killed "|ZADROT|<604><STEAM_0:0:266892656><CT>" with "aug"
L 03/06/2015 - 20:58:17: "[Hard_Skill]_Dasha<606><STEAM_0:0:2052642740><>" entered the game
L 03/06/2015 - 20:58:18: "PESHENYSKA<594><STEAM_0:0:1971853371><TERRORIST>" attacked "[Hard_Skill]_Novi4ek<603><STEAM_0:0:315688883><CT>" with "xm1014" (damage "11") (damage_armor "0") (health "57") (armor "95")
L 03/06/2015 - 20:58:20: "_KARTOSHKA_<596><STEAM_0:0:1401727519><CT>" attacked "***<605><STEAM_0:0:775109720><TERRORIST>" with "ak47" (damage "24") (damage_armor "0") (health "76") (armor "0")
L 03/06/2015 - 20:58:20: "_KARTOSHKA_<596><STEAM_0:0:1401727519><CT>" attacked "***<605><STEAM_0:0:775109720><TERRORIST>" with "ak47" (damage "24") (damage_armor "0") (health "52") (armor "0")
L 03/06/2015 - 20:58:21: "***<605><STEAM_0:0:775109720><TERRORIST>" attacked "_KARTOSHKA_<596><STEAM_0:0:1401727519><CT>" with "ak47" (damage "33") (damage_armor "0") (health "67") (armor "0")
L 03/06/2015 - 20:58:21: "[Hard_Skill]_Novi4ek<603><STEAM_0:0:315688883><CT>" attacked "***<605><STEAM_0:0:775109720><TERRORIST>" with "ak47" (damage "34") (damage_armor "0") (health "18") (armor "0")
L 03/06/2015 - 20:58:21: "_KARTOSHKA_<596><STEAM_0:0:1401727519><CT>" attacked "***<605><STEAM_0:0:775109720><TERRORIST>" with "ak47" (damage "33") (damage_armor "0") (health "-15") (armor "0")
L 03/06/2015 - 20:58:21: "_KARTOSHKA_<596><STEAM_0:0:1401727519><CT>" killed "***<605><STEAM_0:0:775109720><TERRORIST>" with "ak47"
L 03/06/2015 - 20:58:23: [DPROTO]: Client 9 - Set AuthIdType 1 [dp_RevEmu]; pClient = 0xb39f059c
L 03/06/2015 - 20:58:23: "6850.56+-;?( *:;<607><STEAM_0:0:1704239148><>" connected, address "91.226.4.183:61323"
L 03/06/2015 - 20:58:24: [VTC] Player 10 speex
L 03/06/2015 - 20:58:32: "[Hard_Skill]_Novi4ek<603><STEAM_0:0:315688883><CT>" attacked "PESHENYSKA<594><STEAM_0:0:1971853371><TERRORIST>" with "ak47" (damage "26") (damage_armor "0") (health "-1") (armor "0")
L 03/06/2015 - 20:58:32: "[Hard_Skill]_Novi4ek<603><STEAM_0:0:315688883><CT>" killed "PESHENYSKA<594><STEAM_0:0:1971853371><TERRORIST>" with "ak47"
L 03/06/2015 - 20:58:33: "[Hard_Skill]_Dasha<606><STEAM_0:0:2052642740><>" joined team "CT"
L 03/06/2015 - 20:58:39: "6850.56+-;?( *:;<607><STEAM_0:0:1704239148><>" entered the game
L 03/06/2015 - 20:58:42: "Dron<602><STEAM_0:0:2133900850><TERRORIST>" attacked "[Hard_Skill]_Novi4ek<603><STEAM_0:0:315688883><CT>" with "aug" (damage "20") (damage_armor "4") (health "-10") (armor "67")
L 03/06/2015 - 20:58:42: "Dron<602><STEAM_0:0:2133900850><TERRORIST>" killed "[Hard_Skill]_Novi4ek<603><STEAM_0:0:315688883><CT>" with "aug"
L 03/06/2015 - 20:58:46: [DPROTO]: Client 10 - Set AuthIdType 1 [dp_RevEmu]; pClient = 0xb39f5490
L 03/06/2015 - 20:58:46: "Zl@9|_P@nDa<608><STEAM_0:0:967170807><>" connected, address "178.120.6.90:1271"
L 03/06/2015 - 20:58:46: [VTC] Player 11 speex
L 03/06/2015 - 20:58:46: "Dron<602><STEAM_0:0:2133900850><TERRORIST>" attacked "_KARTOSHKA_<596><STEAM_0:0:1401727519><CT>" with "aug" (damage "29") (damage_armor "0") (health "38") (armor "0")
L 03/06/2015 - 20:58:46: "Dron<602><STEAM_0:0:2133900850><TERRORIST>" attacked "_KARTOSHKA_<596><STEAM_0:0:1401727519><CT>" with "aug" (damage "116") (damage_armor "0") (health "-78") (armor "0")
L 03/06/2015 - 20:58:46: "Dron<602><STEAM_0:0:2133900850><TERRORIST>" killed "_KARTOSHKA_<596><STEAM_0:0:1401727519><CT>" with "aug"
L 03/06/2015 - 20:58:46: Team "TERRORIST" triggered "Terrorists_Win" (CT "3") (T "13")
L 03/06/2015 - 20:58:46: World triggered "Round_End"
L 03/06/2015 - 20:58:47: Kick: "Zl@9|_P@nDa<608><STEAM_0:0:967170807><>" was kicked by "Console" (message "     .   .")
L 03/06/2015 - 20:58:56: World triggered "Round_Start"
L 03/06/2015 - 20:58:58: "6850.56+-;?( *:;<607><STEAM_0:0:1704239148><>" joined team "TERRORIST"
L 03/06/2015 - 20:59:02: "***<605><STEAM_0:0:775109720><TERRORIST>" attacked "[Hard_Skill]_Dasha<606><STEAM_0:0:2052642740><CT>" with "awp" (damage "84") (damage_armor "0") (health "16") (armor "0")
L 03/06/2015 - 20:59:02: "[Hard_Skill]_Dasha<606><STEAM_0:0:2052642740><CT>" attacked "***<605><STEAM_0:0:775109720><TERRORIST>" with "m4a1" (damage "29") (damage_armor "0") (health "71") (armor "0")
L 03/06/2015 - 20:59:02: "[Hard_Skill]_Dasha<606><STEAM_0:0:2052642740><CT>" attacked "***<605><STEAM_0:0:775109720><TERRORIST>" with "m4a1" (damage "21") (damage_armor "0") (health "50") (armor "0")
L 03/06/2015 - 20:59:02: "|ZADROT|<604><STEAM_0:0:266892656><CT>" attacked "***<605><STEAM_0:0:775109720><TERRORIST>" with "m4a1" (damage "29") (damage_armor "0") (health "21") (armor "0")
L 03/06/2015 - 20:59:02: "[Hard_Skill]_Dasha<606><STEAM_0:0:2052642740><CT>" attacked "***<605><STEAM_0:0:775109720><TERRORIST>" with "m4a1" (damage "21") (damage_armor "0") (health "0") (armor "0")
L 03/06/2015 - 20:59:02: "[Hard_Skill]_Dasha<606><STEAM_0:0:2052642740><CT>" killed "***<605><STEAM_0:0:775109720><TERRORIST>" with "m4a1"
L 03/06/2015 - 20:59:03: "Dron<602><STEAM_0:0:2133900850><TERRORIST>" attacked "PESDYN ///LYSI<591><STEAM_0:0:496130286><CT>" with "aug" (damage "30") (damage_armor "0") (health "70") (armor "0")
L 03/06/2015 - 20:59:03: "Dron<602><STEAM_0:0:2133900850><TERRORIST>" attacked "PESDYN ///LYSI<591><STEAM_0:0:496130286><CT>" with "aug" (damage "120") (damage_armor "0") (health "-50") (armor "0")
L 03/06/2015 - 20:59:03: "Dron<602><STEAM_0:0:2133900850><TERRORIST>" killed "PESDYN ///LYSI<591><STEAM_0:0:496130286><CT>" with "aug"
L 03/06/2015 - 20:59:05: "[Hard_Skill]_Novi4ek<603><STEAM_0:0:315688883><CT>" attacked "AJIKOrOJIuK :D<593><STEAM_0:1:100506237><TERRORIST>" with "ak47" (damage "12") (damage_armor "0") (health "40") (armor "0")
L 03/06/2015 - 20:59:06: "AJIKOrOJIuK :D<593><STEAM_0:1:100506237><TERRORIST>" attacked "[Hard_Skill]_Novi4ek<603><STEAM_0:0:315688883><CT>" with "awp" (damage "108") (damage_armor "2") (health "-8") (armor "98")
L 03/06/2015 - 20:59:06: "AJIKOrOJIuK :D<593><STEAM_0:1:100506237><TERRORIST>" killed "[Hard_Skill]_Novi4ek<603><STEAM_0:0:315688883><CT>" with "awp"
L 03/06/2015 - 20:59:06: "|ZADROT|<604><STEAM_0:0:266892656><CT>" attacked "Dron<602><STEAM_0:0:2133900850><TERRORIST>" with "m4a1" (damage "37") (damage_armor "0") (health "55") (armor "0")
L 03/06/2015 - 20:59:07: "|ZADROT|<604><STEAM_0:0:266892656><CT>" attacked "Dron<602><STEAM_0:0:2133900850><TERRORIST>" with "m4a1" (damage "22") (damage_armor "0") (health "33") (armor "0")
L 03/06/2015 - 20:59:07: "|ZADROT|<604><STEAM_0:0:266892656><CT>" attacked "Dron<602><STEAM_0:0:2133900850><TERRORIST>" with "m4a1" (damage "30") (damage_armor "0") (health "3") (armor "0")
L 03/06/2015 - 20:59:07: "|ZADROT|<604><STEAM_0:0:266892656><CT>" attacked "Dron<602><STEAM_0:0:2133900850><TERRORIST>" with "m4a1" (damage "120") (damage_armor "0") (health "-117") (armor "0")
L 03/06/2015 - 20:59:07: "|ZADROT|<604><STEAM_0:0:266892656><CT>" killed "Dron<602><STEAM_0:0:2133900850><TERRORIST>" with "m4a1"
L 03/06/2015 - 20:59:11: "[Hard_Skill]_Dasha<606><STEAM_0:0:2052642740><CT>" attacked "6850.56+-;?( *:;<607><STEAM_0:0:1704239148><TERRORIST>" with "m4a1" (damage "10") (damage_armor "0") (health "90") (armor "0")
L 03/06/2015 - 20:59:11: "[Hard_Skill]_Dasha<606><STEAM_0:0:2052642740><CT>" attacked "6850.56+-;?( *:;<607><STEAM_0:0:1704239148><TERRORIST>" with "m4a1" (damage "29") (damage_armor "0") (health "61") (armor "0")
L 03/06/2015 - 20:59:11: "[Hard_Skill]_Dasha<606><STEAM_0:0:2052642740><CT>" attacked "6850.56+-;?( *:;<607><STEAM_0:0:1704239148><TERRORIST>" with "m4a1" (damage "29") (damage_armor "0") (health "32") (armor "0")
L 03/06/2015 - 20:59:11: "6850.56+-;?( *:;<607><STEAM_0:0:1704239148><TERRORIST>" attacked "[Hard_Skill]_Dasha<606><STEAM_0:0:2052642740><CT>" with "mp5navy" (damage "16") (damage_armor "0") (health "0") (armor "0")
L 03/06/2015 - 20:59:11: "6850.56+-;?( *:;<607><STEAM_0:0:1704239148><TERRORIST>" killed "[Hard_Skill]_Dasha<606><STEAM_0:0:2052642740><CT>" with "mp5navy"
L 03/06/2015 - 20:59:21: [DPROTO]: Client 10 - Set AuthIdType 7 [HLTV]; pClient = 0xb39f5490
L 03/06/2015 - 20:59:21: "Zl@9|_P@nDa<609><HLTV><>" connected, address "178.120.6.90:1271"
L 03/06/2015 - 20:59:21: [VTC] Player 11 speex
L 03/06/2015 - 20:59:25: "|ZADROT|<604><STEAM_0:0:266892656><CT>" attacked "6850.56+-;?( *:;<607><STEAM_0:0:1704239148><TERRORIST>" with "m4a1" (damage "23") (damage_armor "0") (health "-17") (armor "0")
L 03/06/2015 - 20:59:25: "|ZADROT|<604><STEAM_0:0:266892656><CT>" killed "6850.56+-;?( *:;<607><STEAM_0:0:1704239148><TERRORIST>" with "m4a1"
L 03/06/2015 - 20:59:26: "|ZADROT|<604><STEAM_0:0:266892656><CT>" attacked "PESHENYSKA<594><STEAM_0:0:1971853371><TERRORIST>" with "m4a1" (damage "40") (damage_armor "0") (health "60") (armor "0")
L 03/06/2015 - 20:59:26: "|ZADROT|<604><STEAM_0:0:266892656><CT>" attacked "PESHENYSKA<594><STEAM_0:0:1971853371><TERRORIST>" with "m4a1" (damage "24") (damage_armor "0") (health "36") (armor "0")
L 03/06/2015 - 20:59:26: "PESHENYSKA<594><STEAM_0:0:1971853371><TERRORIST>" attacked "|ZADROT|<604><STEAM_0:0:266892656><CT>" with "mp5navy" (damage "96") (damage_armor "0") (health "4") (armor "0")
L 03/06/2015 - 20:59:26: "PESHENYSKA<594><STEAM_0:0:1971853371><TERRORIST>" attacked "|ZADROT|<604><STEAM_0:0:266892656><CT>" with "mp5navy" (damage "96") (damage_armor "0") (health "-92") (armor "0")
L 03/06/2015 - 20:59:26: "PESHENYSKA<594><STEAM_0:0:1971853371><TERRORIST>" killed "|ZADROT|<604><STEAM_0:0:266892656><CT>" with "mp5navy"
L 03/06/2015 - 20:59:28: "_KARTOSHKA_<596><STEAM_0:0:1401727519><CT>" triggered "weaponstats" (weapon "awp") (shots "7") (hits "2") (kills "1") (headshots "0") (tks "0") (damage "197") (deaths "5")
L 03/06/2015 - 20:59:28: "_KARTOSHKA_<596><STEAM_0:0:1401727519><CT>" triggered "weaponstats2" (weapon "awp") (head "0") (chest "0") (stomach "0") (leftarm "1") (rightarm "0") (leftleg "1") (rightleg "0")
L 03/06/2015 - 20:59:28: "_KARTOSHKA_<596><STEAM_0:0:1401727519><CT>" triggered "weaponstats" (weapon "mp5navy") (shots "50") (hits "13") (kills "2") (headshots "0") (tks "0") (damage "276") (deaths "2")
L 03/06/2015 - 20:59:28: "_KARTOSHKA_<596><STEAM_0:0:1401727519><CT>" triggered "weaponstats2" (weapon "mp5navy") (head "0") (chest "0") (stomach "2") (leftarm "8") (rightarm "1") (leftleg "1") (rightleg "1")
L 03/06/2015 - 20:59:28: "_KARTOSHKA_<596><STEAM_0:0:1401727519><CT>" triggered "weaponstats" (weapon "m4a1") (shots "68") (hits "7") (kills "2") (headshots "1") (tks "0") (damage "317") (deaths "3")
L 03/06/2015 - 20:59:28: "_KARTOSHKA_<596><STEAM_0:0:1401727519><CT>" triggered "weaponstats2" (weapon "m4a1") (head "1") (chest "2") (stomach "0") (leftarm "2") (rightarm "2") (leftleg "0") (rightleg "0")
L 03/06/2015 - 20:59:28: "_KARTOSHKA_<596><STEAM_0:0:1401727519><CT>" triggered "weaponstats" (weapon "ak47") (shots "27") (hits "3") (kills "1") (headshots "0") (tks "0") (damage "115") (deaths "2")
L 03/06/2015 - 20:59:28: "_KARTOSHKA_<596><STEAM_0:0:1401727519><CT>" triggered "weaponstats2" (weapon "ak47") (head "0") (chest "1") (stomach "0") (leftarm "0") (rightarm "0") (leftleg "1") (rightleg "1")
L 03/06/2015 - 20:59:28: "_KARTOSHKA_<596><STEAM_0:0:1401727519><CT>" triggered "time" (time "7:54")
L 03/06/2015 - 20:59:28: "_KARTOSHKA_<596><STEAM_0:0:1401727519><CT>" triggered "latency" (ping "63")
L 03/06/2015 - 20:59:28: "_KARTOSHKA_<596><STEAM_0:0:1401727519><CT>" disconnected
L 03/06/2015 - 20:59:28: Team "TERRORIST" triggered "Terrorists_Win" (CT "3") (T "14")
L 03/06/2015 - 20:59:28: World triggered "Round_End"
L 03/06/2015 - 20:59:28: [DPROTO]: Client 3 - Set AuthIdType 1 [dp_RevEmu]; pClient = 0xb39d2be4
L 03/06/2015 - 20:59:28: "_KARTOSHKA_<610><STEAM_0:0:1401727519><>" connected, address "141.135.103.14:27005"
L 03/06/2015 - 20:59:28: [VTC] Player 4 speex
L 03/06/2015 - 20:59:29: [DPROTO]: Client 10 - Set AuthIdType 7 [HLTV]; pClient = 0xb39f5490
L 03/06/2015 - 20:59:29: "Zl@9|_P@nDa<611><HLTV><>" connected, address "178.120.6.90:1271"
L 03/06/2015 - 20:59:29: [VTC] Player 11 speex
L 03/06/2015 - 20:59:31: [DPROTO]: banned ip 178.120.6.90 for 120.000000 minutes for fake players spamming or protocol violations
L 03/06/2015 - 20:59:32: "_KARTOSHKA_<610><STEAM_0:0:1401727519><>" entered the game
L 03/06/2015 - 20:59:36: "_KARTOSHKA_<610><STEAM_0:0:1401727519><>" joined team "CT"
L 03/06/2015 - 20:59:38: World triggered "Round_Start"
L 03/06/2015 - 20:59:41: "AJIKOrOJIuK :D<593><STEAM_0:1:100506237><TERRORIST>" attacked "[Hard_Skill]_Novi4ek<603><STEAM_0:0:315688883><CT>" with "awp" (damage "109") (damage_armor "2") (health "-9") (armor "98")
L 03/06/2015 - 20:59:41: "AJIKOrOJIuK :D<593><STEAM_0:1:100506237><TERRORIST>" killed "[Hard_Skill]_Novi4ek<603><STEAM_0:0:315688883><CT>" with "awp"
L 03/06/2015 - 20:59:42: "|ZADROT|<604><STEAM_0:0:266892656><CT>" attacked "PESHENYSKA<594><STEAM_0:0:1971853371><TERRORIST>" with "m4a1" (damage "29") (damage_armor "0") (health "71") (armor "0")
L 03/06/2015 - 20:59:42: "PESHENYSKA<594><STEAM_0:0:1971853371><TERRORIST>" attacked "|ZADROT|<604><STEAM_0:0:266892656><CT>" with "mp5navy" (damage "12") (damage_armor "0") (health "88") (armor "0")
L 03/06/2015 - 20:59:42: "PESHENYSKA<594><STEAM_0:0:1971853371><TERRORIST>" attacked "|ZADROT|<604><STEAM_0:0:266892656><CT>" with "mp5navy" (damage "12") (damage_armor "0") (health "76") (armor "0")
L 03/06/2015 - 20:59:42: "_KARTOSHKA_<610><STEAM_0:0:1401727519><CT>" attacked "***<605><STEAM_0:0:775109720><TERRORIST>" with "mp5navy" (damage "19") (damage_armor "0") (health "81") (armor "0")
L 03/06/2015 - 20:59:42: "PESHENYSKA<594><STEAM_0:0:1971853371><TERRORIST>" attacked "|ZADROT|<604><STEAM_0:0:266892656><CT>" with "mp5navy" (damage "12") (damage_armor "0") (health "64") (armor "0")
L 03/06/2015 - 20:59:43: "|ZADROT|<604><STEAM_0:0:266892656><CT>" attacked "PESHENYSKA<594><STEAM_0:0:1971853371><TERRORIST>" with "m4a1" (damage "36") (damage_armor "0") (health "35") (armor "0")
L 03/06/2015 - 20:59:43: "|ZADROT|<604><STEAM_0:0:266892656><CT>" attacked "PESHENYSKA<594><STEAM_0:0:1971853371><TERRORIST>" with "m4a1" (damage "29") (damage_armor "0") (health "6") (armor "0")
L 03/06/2015 - 20:59:43: "PESHENYSKA<594><STEAM_0:0:1971853371><TERRORIST>" attacked "|ZADROT|<604><STEAM_0:0:266892656><CT>" with "mp5navy" (damage "68") (damage_armor "0") (health "-4") (armor "0")
L 03/06/2015 - 20:59:43: "PESHENYSKA<594><STEAM_0:0:1971853371><TERRORIST>" killed "|ZADROT|<604><STEAM_0:0:266892656><CT>" with "mp5navy"
L 03/06/2015 - 20:59:43: "_KARTOSHKA_<610><STEAM_0:0:1401727519><CT>" attacked "***<605><STEAM_0:0:775109720><TERRORIST>" with "mp5navy" (damage "20") (damage_armor "0") (health "61") (armor "0")
L 03/06/2015 - 20:59:43: "_KARTOSHKA_<610><STEAM_0:0:1401727519><CT>" attacked "***<605><STEAM_0:0:775109720><TERRORIST>" with "mp5navy" (damage "14") (damage_armor "0") (health "47") (armor "0")
L 03/06/2015 - 20:59:43: "_KARTOSHKA_<610><STEAM_0:0:1401727519><CT>" attacked "***<605><STEAM_0:0:775109720><TERRORIST>" with "mp5navy" (damage "76") (damage_armor "0") (health "-29") (armor "0")
L 03/06/2015 - 20:59:43: "_KARTOSHKA_<610><STEAM_0:0:1401727519><CT>" killed "***<605><STEAM_0:0:775109720><TERRORIST>" with "mp5navy"
L 03/06/2015 - 20:59:44: "[Hard_Skill]_Dasha<606><STEAM_0:0:2052642740><CT>" attacked "Dron<602><STEAM_0:0:2133900850><TERRORIST>" with "m4a1" (damage "37") (damage_armor "0") (health "63") (armor "0")
L 03/06/2015 - 20:59:44: "[Hard_Skill]_Dasha<606><STEAM_0:0:2052642740><CT>" attacked "PESHENYSKA<594><STEAM_0:0:1971853371><TERRORIST>" with "m4a1" (damage "26") (damage_armor "0") (health "-20") (armor "0")
L 03/06/2015 - 20:59:44: "[Hard_Skill]_Dasha<606><STEAM_0:0:2052642740><CT>" killed "PESHENYSKA<594><STEAM_0:0:1971853371><TERRORIST>" with "m4a1"
L 03/06/2015 - 20:59:44: "[Hard_Skill]_Dasha<606><STEAM_0:0:2052642740><CT>" attacked "Dron<602><STEAM_0:0:2133900850><TERRORIST>" with "m4a1" (damage "37") (damage_armor "0") (health "26") (armor "0")
L 03/06/2015 - 20:59:44: "PESDYN ///LYSI<591><STEAM_0:0:496130286><CT>" attacked "Dron<602><STEAM_0:0:2133900850><TERRORIST>" with "m4a1" (damage "17") (damage_armor "0") (health "9") (armor "0")
L 03/06/2015 - 20:59:44: "AJIKOrOJIuK :D<593><STEAM_0:1:100506237><TERRORIST>" attacked "_KARTOSHKA_<610><STEAM_0:0:1401727519><CT>" with "glock18" (damage "13") (damage_armor "0") (health "87") (armor "0")
L 03/06/2015 - 20:59:45: "AJIKOrOJIuK :D<593><STEAM_0:1:100506237><TERRORIST>" attacked "_KARTOSHKA_<610><STEAM_0:0:1401727519><CT>" with "glock18" (damage "20") (damage_armor "0") (health "67") (armor "0")
L 03/06/2015 - 20:59:46: "AJIKOrOJIuK :D<593><STEAM_0:1:100506237><TERRORIST>" attacked "_KARTOSHKA_<610><STEAM_0:0:1401727519><CT>" with "glock18" (damage "16") (damage_armor "0") (health "51") (armor "0")
L 03/06/2015 - 20:59:46: "AJIKOrOJIuK :D<593><STEAM_0:1:100506237><TERRORIST>" attacked "_KARTOSHKA_<610><STEAM_0:0:1401727519><CT>" with "glock18" (damage "22") (damage_armor "0") (health "29") (armor "0")
L 03/06/2015 - 20:59:46: "AJIKOrOJIuK :D<593><STEAM_0:1:100506237><TERRORIST>" attacked "_KARTOSHKA_<610><STEAM_0:0:1401727519><CT>" with "glock18" (damage "22") (damage_armor "0") (health "7") (armor "0")
L 03/06/2015 - 20:59:46: "AJIKOrOJIuK :D<593><STEAM_0:1:100506237><TERRORIST>" attacked "_KARTOSHKA_<610><STEAM_0:0:1401727519><CT>" with "glock18" (damage "84") (damage_armor "0") (health "-77") (armor "0")
L 03/06/2015 - 20:59:46: "AJIKOrOJIuK :D<593><STEAM_0:1:100506237><TERRORIST>" killed "_KARTOSHKA_<610><STEAM_0:0:1401727519><CT>" with "glock18"
L 03/06/2015 - 20:59:50: "[Hard_Skill]_Dasha<606><STEAM_0:0:2052642740><CT>" attacked "AJIKOrOJIuK :D<593><STEAM_0:1:100506237><TERRORIST>" with "m4a1" (damage "38") (damage_armor "0") (health "62") (armor "0")
L 03/06/2015 - 20:59:50: "[Hard_Skill]_Dasha<606><STEAM_0:0:2052642740><CT>" attacked "AJIKOrOJIuK :D<593><STEAM_0:1:100506237><TERRORIST>" with "m4a1" (damage "23") (damage_armor "0") (health "39") (armor "0")
L 03/06/2015 - 20:59:50: "PESDYN ///LYSI<591><STEAM_0:0:496130286><CT>" attacked "AJIKOrOJIuK :D<593><STEAM_0:1:100506237><TERRORIST>" with "m4a1" (damage "32") (damage_armor "0") (health "7") (armor "0")
L 03/06/2015 - 20:59:50: "PESDYN ///LYSI<591><STEAM_0:0:496130286><CT>" attacked "AJIKOrOJIuK :D<593><STEAM_0:1:100506237><TERRORIST>" with "m4a1" (damage "32") (damage_armor "0") (health "-25") (armor "0")
L 03/06/2015 - 20:59:50: "PESDYN ///LYSI<591><STEAM_0:0:496130286><CT>" killed "AJIKOrOJIuK :D<593><STEAM_0:1:100506237><TERRORIST>" with "m4a1"
L 03/06/2015 - 20:59:52: "6850.56+-;?( *:;<607><STEAM_0:0:1704239148><TERRORIST>" triggered "weaponstats" (weapon "mp5navy") (shots "19") (hits "1") (kills "1") (headshots "0") (tks "0") (damage "16") (deaths "1")
L 03/06/2015 - 20:59:52: "6850.56+-;?( *:;<607><STEAM_0:0:1704239148><TERRORIST>" triggered "weaponstats2" (weapon "mp5navy") (head "0") (chest "0") (stomach "0") (leftarm "1") (rightarm "0") (leftleg "0") (rightleg "0")
L 03/06/2015 - 20:59:52: "6850.56+-;?( *:;<607><STEAM_0:0:1704239148><TERRORIST>" triggered "time" (time "1:12")
L 03/06/2015 - 20:59:52: "6850.56+-;?( *:;<607><STEAM_0:0:1704239148><TERRORIST>" triggered "latency" (ping "77")
L 03/06/2015 - 20:59:52: "6850.56+-;?( *:;<607><STEAM_0:0:1704239148><TERRORIST>" disconnected
L 03/06/2015 - 20:59:52: [DPROTO]: Client 9 - Set AuthIdType 1 [dp_RevEmu]; pClient = 0xb39f059c
L 03/06/2015 - 20:59:52: "6850.56+-;?( *:;<612><STEAM_0:0:1704239148><>" connected, address "91.226.4.183:61323"
L 03/06/2015 - 20:59:52: [VTC] Player 10 speex
L 03/06/2015 - 20:59:58: "6850.56+-;?( *:;<612><STEAM_0:0:1704239148><>" entered the game
L 03/06/2015 - 21:00:02: "6850.56+-;?( *:;<612><STEAM_0:0:1704239148><>" joined team "TERRORIST"
L 03/06/2015 - 21:00:04: [DPROTO]: Client 10 - Set AuthIdType 1 [dp_RevEmu]; pClient = 0xb39f5490
L 03/06/2015 - 21:00:04: "[Hard_Skill]_Mi{x}eR<613><STEAM_0:0:898503398><>" connected, address "37.213.97.132:27005"
L 03/06/2015 - 21:00:04: [VTC] Player 11 speex
L 03/06/2015 - 21:00:08: "Dron<602><STEAM_0:0:2133900850><TERRORIST>" attacked "PESDYN ///LYSI<591><STEAM_0:0:496130286><CT>" with "ak47" (damage "35") (damage_armor "0") (health "65") (armor "0")
L 03/06/2015 - 21:00:08: [DPROTO]: Client 11 - Set AuthIdType 1 [dp_SteamEmu]; pClient = 0xb39fa384
L 03/06/2015 - 21:00:08: "[Hard_Skill]_Lexa Kosmonaft<614><STEAM_0:0:226379933><>" connected, address "37.212.187.164:52337"
L 03/06/2015 - 21:00:08: "Dron<602><STEAM_0:0:2133900850><TERRORIST>" attacked "PESDYN ///LYSI<591><STEAM_0:0:496130286><CT>" with "ak47" (damage "35") (damage_armor "0") (health "30") (armor "0")
L 03/06/2015 - 21:00:08: "PESDYN ///LYSI<591><STEAM_0:0:496130286><CT>" attacked "Dron<602><STEAM_0:0:2133900850><TERRORIST>" with "m4a1" (damage "32") (damage_armor "0") (health "-23") (armor "0")
L 03/06/2015 - 21:00:08: "PESDYN ///LYSI<591><STEAM_0:0:496130286><CT>" killed "Dron<602><STEAM_0:0:2133900850><TERRORIST>" with "m4a1"
L 03/06/2015 - 21:00:08: Team "CT" triggered "CTs_Win" (CT "4") (T "14")
L 03/06/2015 - 21:00:08: World triggered "Round_End"
L 03/06/2015 - 21:00:08: [VTC] Player 12 speex
L 03/06/2015 - 21:00:10: "[Hard_Skill]_Mi{x}eR<613><STEAM_0:0:898503398><>" entered the game
L 03/06/2015 - 21:00:17: "PESDYN ///LYSI<591><STEAM_0:0:496130286><CT>" triggered "weaponstats" (weapon "mp5navy") (shots "182") (hits "38") (kills "8") (headshots "3") (tks "0") (damage "1124") (deaths "9")
L 03/06/2015 - 21:00:17: "PESDYN ///LYSI<591><STEAM_0:0:496130286><CT>" triggered "weaponstats2" (weapon "mp5navy") (head "5") (chest "9") (stomach "5") (leftarm "14") (rightarm "3") (leftleg "0") (rightleg "2")
L 03/06/2015 - 21:00:17: "PESDYN ///LYSI<591><STEAM_0:0:496130286><CT>" triggered "weaponstats" (weapon "m4a1") (shots "69") (hits "12") (kills "3") (headshots "1") (tks "0") (damage "429") (deaths "4")
L 03/06/2015 - 21:00:17: "PESDYN ///LYSI<591><STEAM_0:0:496130286><CT>" triggered "weaponstats2" (weapon "m4a1") (head "1") (chest "1") (stomach "2") (leftarm "4") (rightarm "1") (leftleg "0") (rightleg "3")
L 03/06/2015 - 21:00:17: "PESDYN ///LYSI<591><STEAM_0:0:496130286><CT>" triggered "time" (time "9:06")
L 03/06/2015 - 21:00:17: "PESDYN ///LYSI<591><STEAM_0:0:496130286><CT>" triggered "latency" (ping "50")
L 03/06/2015 - 21:00:17: "AJIKOrOJIuK :D<593><STEAM_0:1:100506237><TERRORIST>" triggered "weaponstats" (weapon "grenade") (shots "3") (hits "2") (kills "0") (headshots "0") (tks "0") (damage "45") (deaths "0")
L 03/06/2015 - 21:00:17: "AJIKOrOJIuK :D<593><STEAM_0:1:100506237><TERRORIST>" triggered "weaponstats2" (weapon "grenade") (head "0") (chest "0") (stomach "0") (leftarm "0") (rightarm "0") (leftleg "0") (rightleg "0")
L 03/06/2015 - 21:00:17: "AJIKOrOJIuK :D<593><STEAM_0:1:100506237><TERRORIST>" triggered "weaponstats" (weapon "glock18") (shots "74") (hits "26") (kills "5") (headshots "3") (tks "0") (damage "763") (deaths "2")
L 03/06/2015 - 21:00:17: "AJIKOrOJIuK :D<593><STEAM_0:1:100506237><TERRORIST>" triggered "weaponstats2" (weapon "glock18") (head "5") (chest "2") (stomach "2") (leftarm "10") (rightarm "3") (leftleg "0") (rightleg "4")
L 03/06/2015 - 21:00:17: "AJIKOrOJIuK :D<593><STEAM_0:1:100506237><TERRORIST>" triggered "weaponstats" (weapon "awp") (shots "7") (hits "4") (kills "4") (headshots "0") (tks "0") (damage "443") (deaths "0")
L 03/06/2015 - 21:00:17: "AJIKOrOJIuK :D<593><STEAM_0:1:100506237><TERRORIST>" triggered "weaponstats2" (weapon "awp") (head "0") (chest "0") (stomach "0") (leftarm "3") (rightarm "1") (leftleg "0") (rightleg "0")
L 03/06/2015 - 21:00:17: "AJIKOrOJIuK :D<593><STEAM_0:1:100506237><TERRORIST>" triggered "weaponstats" (weapon "m4a1") (shots "34") (hits "9") (kills "4") (headshots "3") (tks "0") (damage "549") (deaths "1")
L 03/06/2015 - 21:00:17: "AJIKOrOJIuK :D<593><STEAM_0:1:100506237><TERRORIST>" triggered "weaponstats2" (weapon "m4a1") (head "3") (chest "3") (stomach "1") (leftarm "1") (rightarm "1") (leftleg "0") (rightleg "0")
L 03/06/2015 - 21:00:17: "AJIKOrOJIuK :D<593><STEAM_0:1:100506237><TERRORIST>" triggered "weaponstats" (weapon "ak47") (shots "99") (hits "12") (kills "4") (headshots "1") (tks "0") (damage "469") (deaths "3")
L 03/06/2015 - 21:00:17: "AJIKOrOJIuK :D<593><STEAM_0:1:100506237><TERRORIST>" triggered "weaponstats2" (weapon "ak47") (head "1") (chest "3") (stomach "1") (leftarm "3") (rightarm "3") (leftleg "0") (rightleg "1")
L 03/06/2015 - 21:00:17: "AJIKOrOJIuK :D<593><STEAM_0:1:100506237><TERRORIST>" triggered "weaponstats" (weapon "knife") (shots "4") (hits "0") (kills "0") (headshots "0") (tks "0") (damage "0") (deaths "0")
L 03/06/2015 - 21:00:17: "AJIKOrOJIuK :D<593><STEAM_0:1:100506237><TERRORIST>" triggered "weaponstats2" (weapon "knife") (head "0") (chest "0") (stomach "0") (leftarm "0") (rightarm "0") (leftleg "0") (rightleg "0")
L 03/06/2015 - 21:00:17: "AJIKOrOJIuK :D<593><STEAM_0:1:100506237><TERRORIST>" triggered "time" (time "8:47")
L 03/06/2015 - 21:00:17: "AJIKOrOJIuK :D<593><STEAM_0:1:100506237><TERRORIST>" triggered "latency" (ping "33")
L 03/06/2015 - 21:00:17: "PESHENYSKA<594><STEAM_0:0:1971853371><TERRORIST>" triggered "weaponstats" (weapon "grenade") (shots "9") (hits "6") (kills "0") (headshots "0") (tks "0") (damage "156") (deaths "2")
L 03/06/2015 - 21:00:17: "PESHENYSKA<594><STEAM_0:0:1971853371><TERRORIST>" triggered "weaponstats2" (weapon "grenade") (head "0") (chest "0") (stomach "0") (leftarm "0") (rightarm "0") (leftleg "0") (rightleg "0")
L 03/06/2015 - 21:00:17: "PESHENYSKA<594><STEAM_0:0:1971853371><TERRORIST>" triggered "weaponstats" (weapon "xm1014") (shots "18") (hits "5") (kills "1") (headshots "0") (tks "0") (damage "124") (deaths "2")
L 03/06/2015 - 21:00:17: "PESHENYSKA<594><STEAM_0:0:1971853371><TERRORIST>" triggered "weaponstats2" (weapon "xm1014") (head "0") (chest "2") (stomach "1") (leftarm "0") (rightarm "1") (leftleg "0") (rightleg "1")
L 03/06/2015 - 21:00:17: "PESHENYSKA<594><STEAM_0:0:1971853371><TERRORIST>" triggered "weaponstats" (weapon "glock18") (shots "4") (hits "0") (kills "0") (headshots "0") (tks "0") (damage "0") (deaths "0")
L 03/06/2015 - 21:00:17: "PESHENYSKA<594><STEAM_0:0:1971853371><TERRORIST>" triggered "weaponstats2" (weapon "glock18") (head "0") (chest "0") (stomach "0") (leftarm "0") (rightarm "0") (leftleg "0") (rightleg "0")
L 03/06/2015 - 21:00:17: "PESHENYSKA<594><STEAM_0:0:1971853371><TERRORIST>" triggered "weaponstats" (weapon "awp") (shots "1") (hits "1") (kills "1") (headshots "0") (tks "0") (damage "111") (deaths "0")
L 03/06/2015 - 21:00:17: "PESHENYSKA<594><STEAM_0:0:1971853371><TERRORIST>" triggered "weaponstats2" (weapon "awp") (head "0") (chest "1") (stomach "0") (leftarm "0") (rightarm "0") (leftleg "0") (rightleg "0")
L 03/06/2015 - 21:00:17: "PESHENYSKA<594><STEAM_0:0:1971853371><TERRORIST>" triggered "weaponstats" (weapon "mp5navy") (shots "200") (hits "40") (kills "6") (headshots "2") (tks "0") (damage "956") (deaths "5")
L 03/06/2015 - 21:00:17: "PESHENYSKA<594><STEAM_0:0:1971853371><TERRORIST>" triggered "weaponstats2" (weapon "mp5navy") (head "3") (chest "6") (stomach "7") (leftarm "10") (rightarm "0") (leftleg "8") (rightleg "6")
L 03/06/2015 - 21:00:17: "PESHENYSKA<594><STEAM_0:0:1971853371><TERRORIST>" triggered "time" (time "8:38")
L 03/06/2015 - 21:00:17: "PESHENYSKA<594><STEAM_0:0:1971853371><TERRORIST>" triggered "latency" (ping "63")
L 03/06/2015 - 21:00:17: "_KARTOSHKA_<610><STEAM_0:0:1401727519><CT>" triggered "weaponstats" (weapon "mp5navy") (shots "19") (hits "4") (kills "1") (headshots "1") (tks "0") (damage "129") (deaths "1")
L 03/06/2015 - 21:00:17: "_KARTOSHKA_<610><STEAM_0:0:1401727519><CT>" triggered "weaponstats2" (weapon "mp5navy") (head "1") (chest "1") (stomach "0") (leftarm "1") (rightarm "0") (leftleg "0") (rightleg "1")
L 03/06/2015 - 21:00:17: "_KARTOSHKA_<610><STEAM_0:0:1401727519><CT>" triggered "time" (time "0:44")
L 03/06/2015 - 21:00:17: "_KARTOSHKA_<610><STEAM_0:0:1401727519><CT>" triggered "latency" (ping "73")
L 03/06/2015 - 21:00:17: "Dron<602><STEAM_0:0:2133900850><TERRORIST>" triggered "weaponstats" (weapon "grenade") (shots "4") (hits "2") (kills "0") (headshots "0") (tks "0") (damage "49") (deaths "0")
L 03/06/2015 - 21:00:17: "Dron<602><STEAM_0:0:2133900850><TERRORIST>" triggered "weaponstats2" (weapon "grenade") (head "0") (chest "0") (stomach "0") (leftarm "0") (rightarm "0") (leftleg "0") (rightleg "0")
L 03/06/2015 - 21:00:17: "Dron<602><STEAM_0:0:2133900850><TERRORIST>" triggered "weaponstats" (weapon "aug") (shots "32") (hits "11") (kills "5") (headshots "2") (tks "0") (damage "507") (deaths "1")
L 03/06/2015 - 21:00:17: "Dron<602><STEAM_0:0:2133900850><TERRORIST>" triggered "weaponstats2" (weapon "aug") (head "3") (chest "1") (stomach "0") (leftarm "4") (rightarm "3") (leftleg "0") (rightleg "0")
L 03/06/2015 - 21:00:17: "Dron<602><STEAM_0:0:2133900850><TERRORIST>" triggered "weaponstats" (weapon "glock18") (shots "2") (hits "0") (kills "0") (headshots "0") (tks "0") (damage "0") (deaths "0")
L 03/06/2015 - 21:00:17: "Dron<602><STEAM_0:0:2133900850><TERRORIST>" triggered "weaponstats2" (weapon "glock18") (head "0") (chest "0") (stomach "0") (leftarm "0") (rightarm "0") (leftleg "0") (rightleg "0")
L 03/06/2015 - 21:00:17: "Dron<602><STEAM_0:0:2133900850><TERRORIST>" triggered "weaponstats" (weapon "awp") (shots "1") (hits "0") (kills "0") (headshots "0") (tks "0") (damage "0") (deaths "0")
L 03/06/2015 - 21:00:17: "Dron<602><STEAM_0:0:2133900850><TERRORIST>" triggered "weaponstats2" (weapon "awp") (head "0") (chest "0") (stomach "0") (leftarm "0") (rightarm "0") (leftleg "0") (rightleg "0")
L 03/06/2015 - 21:00:17: "Dron<602><STEAM_0:0:2133900850><TERRORIST>" triggered "weaponstats" (weapon "mp5navy") (shots "1") (hits "0") (kills "0") (headshots "0") (tks "0") (damage "0") (deaths "0")
L 03/06/2015 - 21:00:17: "Dron<602><STEAM_0:0:2133900850><TERRORIST>" triggered "weaponstats2" (weapon "mp5navy") (head "0") (chest "0") (stomach "0") (leftarm "0") (rightarm "0") (leftleg "0") (rightleg "0")
L 03/06/2015 - 21:00:17: "Dron<602><STEAM_0:0:2133900850><TERRORIST>" triggered "weaponstats" (weapon "m4a1") (shots "1") (hits "0") (kills "0") (headshots "0") (tks "0") (damage "0") (deaths "0")
L 03/06/2015 - 21:00:17: "Dron<602><STEAM_0:0:2133900850><TERRORIST>" triggered "weaponstats2" (weapon "m4a1") (head "0") (chest "0") (stomach "0") (leftarm "0") (rightarm "0") (leftleg "0") (rightleg "0")
L 03/06/2015 - 21:00:17: "Dron<602><STEAM_0:0:2133900850><TERRORIST>" triggered "weaponstats" (weapon "ak47") (shots "63") (hits "17") (kills "7") (headshots "7") (tks "0") (damage "1270") (deaths "5")
L 03/06/2015 - 21:00:17: "Dron<602><STEAM_0:0:2133900850><TERRORIST>" triggered "weaponstats2" (weapon "ak47") (head "7") (chest "2") (stomach "1") (leftarm "6") (rightarm "1") (leftleg "0") (rightleg "0")
L 03/06/2015 - 21:00:17: "Dron<602><STEAM_0:0:2133900850><TERRORIST>" triggered "time" (time "6:25")
L 03/06/2015 - 21:00:17: "Dron<602><STEAM_0:0:2133900850><TERRORIST>" triggered "latency" (ping "80")
L 03/06/2015 - 21:00:17: "[Hard_Skill]_Novi4ek<603><STEAM_0:0:315688883><CT>" triggered "weaponstats" (weapon "grenade") (shots "4") (hits "3") (kills "0") (headshots "0") (tks "0") (damage "77") (deaths "0")
L 03/06/2015 - 21:00:17: "[Hard_Skill]_Novi4ek<603><STEAM_0:0:315688883><CT>" triggered "weaponstats2" (weapon "grenade") (head "0") (chest "0") (stomach "0") (leftarm "0") (rightarm "0") (leftleg "0") (rightleg "0")
L 03/06/2015 - 21:00:17: "[Hard_Skill]_Novi4ek<603><STEAM_0:0:315688883><CT>" triggered "weaponstats" (weapon "ak47") (shots "66") (hits "6") (kills "3") (headshots "2") (tks "0") (damage "373") (deaths "5")
L 03/06/2015 - 21:00:17: "[Hard_Skill]_Novi4ek<603><STEAM_0:0:315688883><CT>" triggered "weaponstats2" (weapon "ak47") (head "2") (chest "1") (stomach "0") (leftarm "0") (rightarm "0") (leftleg "0") (rightleg "3")
L 03/06/2015 - 21:00:17: "[Hard_Skill]_Novi4ek<603><STEAM_0:0:315688883><CT>" triggered "time" (time "3:16")
L 03/06/2015 - 21:00:17: "[Hard_Skill]_Novi4ek<603><STEAM_0:0:315688883><CT>" triggered "latency" (ping "75")
L 03/06/2015 - 21:00:17: "|ZADROT|<604><STEAM_0:0:266892656><CT>" triggered "weaponstats" (weapon "grenade") (shots "1") (hits "2") (kills "0") (headshots "0") (tks "0") (damage "27") (deaths "0")
L 03/06/2015 - 21:00:17: "|ZADROT|<604><STEAM_0:0:266892656><CT>" triggered "weaponstats2" (weapon "grenade") (head "0") (chest "0") (stomach "0") (leftarm "0") (rightarm "0") (leftleg "0") (rightleg "0")
L 03/06/2015 - 21:00:17: "|ZADROT|<604><STEAM_0:0:266892656><CT>" triggered "weaponstats" (weapon "m4a1") (shots "45") (hits "14") (kills "3") (headshots "1") (tks "0") (damage "523") (deaths "3")
L 03/06/2015 - 21:00:17: "|ZADROT|<604><STEAM_0:0:266892656><CT>" triggered "weaponstats2" (weapon "m4a1") (head "1") (chest "3") (stomach "4") (leftarm "1") (rightarm "2") (leftleg "2") (rightleg "1")
L 03/06/2015 - 21:00:17: "|ZADROT|<604><STEAM_0:0:266892656><CT>" triggered "weaponstats" (weapon "ak47") (shots "11") (hits "3") (kills "0") (headshots "0") (tks "0") (damage "75") (deaths "1")
L 03/06/2015 - 21:00:17: "|ZADROT|<604><STEAM_0:0:266892656><CT>" triggered "weaponstats2" (weapon "ak47") (head "0") (chest "0") (stomach "0") (leftarm "1") (rightarm "1") (leftleg "1") (rightleg "0")
L 03/06/2015 - 21:00:17: "|ZADROT|<604><STEAM_0:0:266892656><CT>" triggered "time" (time "2:38")
L 03/06/2015 - 21:00:17: "|ZADROT|<604><STEAM_0:0:266892656><CT>" triggered "latency" (ping "39")
L 03/06/2015 - 21:00:17: "***<605><STEAM_0:0:775109720><TERRORIST>" triggered "weaponstats" (weapon "awp") (shots "1") (hits "1") (kills "0") (headshots "0") (tks "0") (damage "84") (deaths "1")
L 03/06/2015 - 21:00:17: "***<605><STEAM_0:0:775109720><TERRORIST>" triggered "weaponstats2" (weapon "awp") (head "0") (chest "0") (stomach "0") (leftarm "0") (rightarm "0") (leftleg "1") (rightleg "0")
L 03/06/2015 - 21:00:17: "***<605><STEAM_0:0:775109720><TERRORIST>" triggered "weaponstats" (weapon "m4a1") (shots "12") (hits "0") (kills "0") (headshots "0") (tks "0") (damage "0") (deaths "1")
L 03/06/2015 - 21:00:17: "***<605><STEAM_0:0:775109720><TERRORIST>" triggered "weaponstats2" (weapon "m4a1") (head "0") (chest "0") (stomach "0") (leftarm "0") (rightarm "0") (leftleg "0") (rightleg "0")
L 03/06/2015 - 21:00:17: "***<605><STEAM_0:0:775109720><TERRORIST>" triggered "weaponstats" (weapon "ak47") (shots "7") (hits "1") (kills "0") (headshots "0") (tks "0") (damage "33") (deaths "1")
L 03/06/2015 - 21:00:17: "***<605><STEAM_0:0:775109720><TERRORIST>" triggered "weaponstats2" (weapon "ak47") (head "0") (chest "0") (stomach "0") (leftarm "1") (rightarm "0") (leftleg "0") (rightleg "0")
L 03/06/2015 - 21:00:17: "***<605><STEAM_0:0:775109720><TERRORIST>" triggered "weaponstats" (weapon "knife") (shots "2") (hits "0") (kills "0") (headshots "0") (tks "0") (damage "0") (deaths "0")
L 03/06/2015 - 21:00:17: "***<605><STEAM_0:0:775109720><TERRORIST>" triggered "weaponstats2" (weapon "knife") (head "0") (chest "0") (stomach "0") (leftarm "0") (rightarm "0") (leftleg "0") (rightleg "0")
L 03/06/2015 - 21:00:17: "***<605><STEAM_0:0:775109720><TERRORIST>" triggered "time" (time "2:23")
L 03/06/2015 - 21:00:17: "***<605><STEAM_0:0:775109720><TERRORIST>" triggered "latency" (ping "46")
L 03/06/2015 - 21:00:17: "[Hard_Skill]_Dasha<606><STEAM_0:0:2052642740><CT>" triggered "weaponstats" (weapon "m4a1") (shots "24") (hits "11") (kills "2") (headshots "0") (tks "0") (damage "300") (deaths "1")
L 03/06/2015 - 21:00:17: "[Hard_Skill]_Dasha<606><STEAM_0:0:2052642740><CT>" triggered "weaponstats2" (weapon "m4a1") (head "0") (chest "0") (stomach "4") (leftarm "3") (rightarm "0") (leftleg "2") (rightleg "2")
L 03/06/2015 - 21:00:17: "[Hard_Skill]_Dasha<606><STEAM_0:0:2052642740><CT>" triggered "weaponstats" (weapon "knife") (shots "1") (hits "0") (kills "0") (headshots "0") (tks "0") (damage "0") (deaths "0")
L 03/06/2015 - 21:00:17: "[Hard_Skill]_Dasha<606><STEAM_0:0:2052642740><CT>" triggered "weaponstats2" (weapon "knife") (head "0") (chest "0") (stomach "0") (leftarm "0") (rightarm "0") (leftleg "0") (rightleg "0")
L 03/06/2015 - 21:00:17: "[Hard_Skill]_Dasha<606><STEAM_0:0:2052642740><CT>" triggered "time" (time "1:59")
L 03/06/2015 - 21:00:17: "[Hard_Skill]_Dasha<606><STEAM_0:0:2052642740><CT>" triggered "latency" (ping "4")
L 03/06/2015 - 21:00:17: "6850.56+-;?( *:;<612><STEAM_0:0:1704239148><TERRORIST>" triggered "time" (time "0:18")
L 03/06/2015 - 21:00:17: "6850.56+-;?( *:;<612><STEAM_0:0:1704239148><TERRORIST>" triggered "latency" (ping "0")
L 03/06/2015 - 21:00:17: "[Hard_Skill]_Mi{x}eR<613><STEAM_0:0:898503398><UNASSIGNED>" triggered "time" (time "0:07")
L 03/06/2015 - 21:00:17: "[Hard_Skill]_Mi{x}eR<613><STEAM_0:0:898503398><UNASSIGNED>" triggered "latency" (ping "0")
L 03/06/2015 - 21:00:17: [META] ini: Begin re-reading plugins list: /home/extazy/Public/cstrike/addons/metamod/plugins.ini
L 03/06/2015 - 21:00:17: [META] ini: Read plugin config for: AMX Mod X
L 03/06/2015 - 21:00:17: [META] ini: Read plugin config for: dproto_EF
L 03/06/2015 - 21:00:17: [META] ini: Read plugin config for: mmtimer
L 03/06/2015 - 21:00:17: [META] ini: Read plugin config for: VoiceTranscoder
L 03/06/2015 - 21:00:17: [META] ini: Finished reading plugins list: /home/extazy/Public/cstrike/addons/metamod/plugins.ini; Found 4 plugins
L 03/06/2015 - 21:00:17: [META] dll: Updating plugins...
L 03/06/2015 - 21:00:17: [META] WARNING: dll: Plugin 'mmtimer' isn't running; Forcing unload plugin for reloading
L 03/06/2015 - 21:00:17: [META] WARNING: dll: Failed to unload plugin 'mmtimer' for reloading
L 03/06/2015 - 21:00:17: [META] dll: Finished updating 13 plugins; kept 3, loaded 0, unloaded 0, reloaded 0, delayed 0
L 03/06/2015 - 21:00:17: "PESDYN ///LYSI<591><STEAM_0:0:496130286><CT>" disconnected
L 03/06/2015 - 21:00:17: "AJIKOrOJIuK :D<593><STEAM_0:1:100506237><TERRORIST>" disconnected
L 03/06/2015 - 21:00:17: "PESHENYSKA<594><STEAM_0:0:1971853371><TERRORIST>" disconnected
L 03/06/2015 - 21:00:17: "_KARTOSHKA_<610><STEAM_0:0:1401727519><CT>" disconnected
L 03/06/2015 - 21:00:17: "Dron<602><STEAM_0:0:2133900850><TERRORIST>" disconnected
L 03/06/2015 - 21:00:17: "[Hard_Skill]_Novi4ek<603><STEAM_0:0:315688883><CT>" disconnected
L 03/06/2015 - 21:00:17: "|ZADROT|<604><STEAM_0:0:266892656><CT>" disconnected
L 03/06/2015 - 21:00:17: "***<605><STEAM_0:0:775109720><TERRORIST>" disconnected
L 03/06/2015 - 21:00:17: "[Hard_Skill]_Dasha<606><STEAM_0:0:2052642740><CT>" disconnected
L 03/06/2015 - 21:00:17: "6850.56+-;?( *:;<612><STEAM_0:0:1704239148><TERRORIST>" disconnected
L 03/06/2015 - 21:00:17: World triggered "Round_Draw" (CT "4") (T "14")
L 03/06/2015 - 21:00:17: World triggered "Round_End"
L 03/06/2015 - 21:00:17: "[Hard_Skill]_Mi{x}eR<613><STEAM_0:0:898503398><>" disconnected
L 03/06/2015 - 21:00:17: World triggered "Round_Draw" (CT "4") (T "14")
L 03/06/2015 - 21:00:17: World triggered "Round_End"
L 03/06/2015 - 21:00:17: Log file closed
