L 03/06/2015 - 22:16:09: Log file started (file "logs/L0306024.log") (game "cstrike") (version "48/1.6.3.7/Stdio/5787")
L 03/06/2015 - 22:16:09: Loading map "aim_headshot"
L 03/06/2015 - 22:16:09: Server cvars start
L 03/06/2015 - 22:16:09: Server cvar "_tutor_bomb_viewable_check_interval" = "0.5"
L 03/06/2015 - 22:16:09: Server cvar "_tutor_debug_level" = "0"
L 03/06/2015 - 22:16:09: Server cvar "_tutor_examine_time" = "0.5"
L 03/06/2015 - 22:16:09: Server cvar "_tutor_hint_interval_time" = "10.0"
L 03/06/2015 - 22:16:09: Server cvar "_tutor_look_angle" = "10"
L 03/06/2015 - 22:16:09: Server cvar "_tutor_look_distance" = "200"
L 03/06/2015 - 22:16:09: Server cvar "_tutor_message_character_display_time_coefficient" = "0.07"
L 03/06/2015 - 22:16:09: Server cvar "_tutor_message_minimum_display_time" = "1"
L 03/06/2015 - 22:16:09: Server cvar "_tutor_message_repeats" = "5"
L 03/06/2015 - 22:16:09: Server cvar "_tutor_view_distance" = "1000"
L 03/06/2015 - 22:16:09: Server cvar "aesp_version" = "1.5b_mini"
L 03/06/2015 - 22:16:09: Server cvar "allow_spectators" = "2"
L 03/06/2015 - 22:16:09: Server cvar "amx_client_languages" = "0"
L 03/06/2015 - 22:16:09: Server cvar "amx_contactinfo" = "ICQ: 691322983"
L 03/06/2015 - 22:16:09: Server cvar "amx_language" = "ru"
L 03/06/2015 - 22:16:09: Server cvar "amx_nextmap" = "aim_headshot"
L 03/06/2015 - 22:16:09: Server cvar "amx_timeleft" = "00:00"
L 03/06/2015 - 22:16:09: Server cvar "amxbans_ssversion" = "Gm 1.6"
L 03/06/2015 - 22:16:09: Server cvar "amxbans_version" = "Gm 1.6"
L 03/06/2015 - 22:16:09: Server cvar "amxmodx_version" = "1.8.1.3746"
L 03/06/2015 - 22:16:09: Server cvar "Colored Translit Cheat" = "Loaded"
L 03/06/2015 - 22:16:09: Server cvar "Colored Translit Config" = "Loaded"
L 03/06/2015 - 22:16:09: Server cvar "Colored Translit Ignores" = "Loaded"
L 03/06/2015 - 22:16:09: Server cvar "Colored Translit Replace" = "Loaded"
L 03/06/2015 - 22:16:09: Server cvar "Colored Translit Spam" = "Loaded"
L 03/06/2015 - 22:16:09: Server cvar "Colored Translit Status" = "Loaded"
L 03/06/2015 - 22:16:09: Server cvar "Colored Translit Swear" = "Loaded"
L 03/06/2015 - 22:16:09: Server cvar "Colored Translit Version" = "2.0b Final"
L 03/06/2015 - 22:16:09: Server cvar "coop" = "0"
L 03/06/2015 - 22:16:09: Server cvar "deathmatch" = "1"
L 03/06/2015 - 22:16:09: Server cvar "decalfrequency" = "9"
L 03/06/2015 - 22:16:09: Server cvar "dp_version" = "0.9.391"
L 03/06/2015 - 22:16:09: Server cvar "edgefriction" = "2"
L 03/06/2015 - 22:16:09: Server cvar "hostage_debug" = "0"
L 03/06/2015 - 22:16:09: Server cvar "hostage_stop" = "0"
L 03/06/2015 - 22:16:09: Server cvar "humans_join_team" = "any"
L 03/06/2015 - 22:16:09: Server cvar "jtp10181" = "chute"
L 03/06/2015 - 22:16:09: Server cvar "max_queries_sec" = "3.0"
L 03/06/2015 - 22:16:09: Server cvar "max_queries_sec_global" = "30"
L 03/06/2015 - 22:16:09: Server cvar "max_queries_window" = "60"
L 03/06/2015 - 22:16:09: Server cvar "metamod_version" = "1.19p32"
L 03/06/2015 - 22:16:09: Server cvar "mp_allowmonsters" = "0"
L 03/06/2015 - 22:16:09: Server cvar "mp_autokick" = "1"
L 03/06/2015 - 22:16:09: Server cvar "mp_autoteambalance" = "1"
L 03/06/2015 - 22:16:09: Server cvar "mp_buytime" = "1.5"
L 03/06/2015 - 22:16:09: Server cvar "mp_c4timer" = "35"
L 03/06/2015 - 22:16:09: Server cvar "mp_chattime" = "0"
L 03/06/2015 - 22:16:09: Server cvar "mp_consistency" = "1"
L 03/06/2015 - 22:16:09: Server cvar "mp_fadetoblack" = "0"
L 03/06/2015 - 22:16:09: Server cvar "mp_flashlight" = "1"
L 03/06/2015 - 22:16:09: Server cvar "mp_footsteps" = "1"
L 03/06/2015 - 22:16:09: Server cvar "mp_forcecamera" = "0"
L 03/06/2015 - 22:16:09: Server cvar "mp_forcechasecam" = "0"
L 03/06/2015 - 22:16:09: Server cvar "mp_fragsleft" = "0"
L 03/06/2015 - 22:16:09: Server cvar "mp_freezetime" = "5"
L 03/06/2015 - 22:16:09: Server cvar "mp_friendlyfire" = "0"
L 03/06/2015 - 22:16:09: Server cvar "mp_ghostfrequency" = "0.1"
L 03/06/2015 - 22:16:09: Server cvar "mp_hostagepenalty" = "2"
L 03/06/2015 - 22:16:09: Server cvar "mp_kickpercent" = "0.66"
L 03/06/2015 - 22:16:09: Server cvar "mp_limitteams" = "2"
L 03/06/2015 - 22:16:09: Server cvar "mp_logdetail" = "3"
L 03/06/2015 - 22:16:09: Server cvar "mp_logfile" = "1"
L 03/06/2015 - 22:16:09: Server cvar "mp_logmessages" = "1"
L 03/06/2015 - 22:16:09: Server cvar "mp_mapvoteratio" = "0.66"
L 03/06/2015 - 22:16:09: Server cvar "mp_maxrounds" = "0"
L 03/06/2015 - 22:16:09: Server cvar "mp_mirrordamage" = "0"
L 03/06/2015 - 22:16:09: Server cvar "mp_playerid" = "0"
L 03/06/2015 - 22:16:09: Server cvar "mp_roundtime" = "2.57"
L 03/06/2015 - 22:16:09: Server cvar "mp_startmoney" = "800"
L 03/06/2015 - 22:16:09: Server cvar "mp_timeleft" = "0"
L 03/06/2015 - 22:16:09: Server cvar "mp_timelimit" = "70"
L 03/06/2015 - 22:16:09: Server cvar "mp_tkpunish" = "1"
L 03/06/2015 - 22:16:09: Server cvar "mp_windifference" = "1"
L 03/06/2015 - 22:16:09: Server cvar "mp_winlimit" = "0"
L 03/06/2015 - 22:16:09: Server cvar "pausable" = "0"
L 03/06/2015 - 22:16:09: Server cvar "sv_accelerate" = "5"
L 03/06/2015 - 22:16:09: Server cvar "sv_aim" = "off"
L 03/06/2015 - 22:16:09: Server cvar "sv_airaccelerate" = "10"
L 03/06/2015 - 22:16:09: Server cvar "sv_airmove" = "1"
L 03/06/2015 - 22:16:09: Server cvar "sv_allowupload" = "1"
L 03/06/2015 - 22:16:09: Server cvar "sv_alltalk" = "1"
L 03/06/2015 - 22:16:09: Server cvar "sv_bounce" = "1"
L 03/06/2015 - 22:16:09: Server cvar "sv_cheats" = "off"
L 03/06/2015 - 22:16:09: Server cvar "sv_clienttrace" = "1"
L 03/06/2015 - 22:16:09: Server cvar "sv_clipmode" = "0"
L 03/06/2015 - 22:16:09: Server cvar "sv_contact" = ""
L 03/06/2015 - 22:16:09: Server cvar "sv_friction" = "4"
L 03/06/2015 - 22:16:09: Server cvar "sv_gravity" = "800"
L 03/06/2015 - 22:16:09: Server cvar "sv_logblocks" = "0"
L 03/06/2015 - 22:16:09: Server cvar "sv_maxrate" = "50000"
L 03/06/2015 - 22:16:09: Server cvar "sv_maxspeed" = "900"
L 03/06/2015 - 22:16:09: Server cvar "sv_minrate" = "100000"
L 03/06/2015 - 22:16:09: Server cvar "sv_password" = ""
L 03/06/2015 - 22:16:09: Server cvar "sv_proxies" = "0"
L 03/06/2015 - 22:16:09: Server cvar "sv_region" = "3"
L 03/06/2015 - 22:16:09: Server cvar "sv_restart" = "0"
L 03/06/2015 - 22:16:09: Server cvar "sv_restartround" = "0"
L 03/06/2015 - 22:16:09: Server cvar "sv_stepsize" = "18"
L 03/06/2015 - 22:16:09: Server cvar "sv_stopspeed" = "75"
L 03/06/2015 - 22:16:09: Server cvar "sv_uploadmax" = "0.5"
L 03/06/2015 - 22:16:09: Server cvar "sv_voiceenable" = "1"
L 03/06/2015 - 22:16:09: Server cvar "sv_wateraccelerate" = "10"
L 03/06/2015 - 22:16:09: Server cvar "sv_waterfriction" = "1"
L 03/06/2015 - 22:16:09: Server cvar "ultimate_sounds" = "1.7"
L 03/06/2015 - 22:16:09: Server cvar "vtc_version" = "80"
L 03/06/2015 - 22:16:09: Server cvars end
L 03/06/2015 - 22:16:10: Server cvar "amx_nextmap" = "awp_india"
L 03/06/2015 - 22:16:10: Started map "aim_headshot" (CRC "-1615079173")
L 03/06/2015 - 22:16:10: [VTC] Player 12 speex
L 03/06/2015 - 22:16:10: [VTC] Player 5 speex
L 03/06/2015 - 22:16:10: [VTC] Player 4 speex
L 03/06/2015 - 22:16:11: [VTC] Player 6 speex
L 03/06/2015 - 22:16:11: [VTC] Player 1 speex
L 03/06/2015 - 22:16:11: [VTC] Player 3 speex
L 03/06/2015 - 22:16:11: [VTC] Player 7 speex
L 03/06/2015 - 22:16:12: "White Walker<698><STEAM_0:0:1428934429><>" entered the game
L 03/06/2015 - 22:16:13: "|Xyligans|kpy}I{ka<702><STEAM_0:0:1696161005><>" entered the game
L 03/06/2015 - 22:16:14: "[Hard_Skill]_Lexa Kosmonaft<641><STEAM_0:0:226379933><>" entered the game
L 03/06/2015 - 22:16:15: [DPROTO]: Client 2 - Set AuthIdType 1 [dp_RevEmu]; pClient = 0xb39cdcf0
L 03/06/2015 - 22:16:15: "Maks<706><STEAM_0:0:1743086578><>" connected, address "178.121.180.92:32349"
L 03/06/2015 - 22:16:15: [VTC] Player 3 speex
L 03/06/2015 - 22:16:16: World triggered "Round_Start"
L 03/06/2015 - 22:16:17: "|Xyligans|kpy}I{ka<702><STEAM_0:0:1696161005><>" joined team "CT"
L 03/06/2015 - 22:16:19: "[Hard_Skill]_Lexa Kosmonaft<641><STEAM_0:0:226379933><>" joined team "TERRORIST"
L 03/06/2015 - 22:16:20: World triggered "Game_Commencing"
L 03/06/2015 - 22:16:20: World triggered "Game_Commencing" (CT "0") (T "0")
L 03/06/2015 - 22:16:20: World triggered "Round_End"
L 03/06/2015 - 22:16:20: "White Walker<698><STEAM_0:0:1428934429><>" joined team "TERRORIST"
L 03/06/2015 - 22:16:20: "Maks<706><STEAM_0:0:1743086578><>" entered the game
L 03/06/2015 - 22:16:26: "[Hard_Skill]_Dasha<690><STEAM_0:0:2052642740><>" entered the game
L 03/06/2015 - 22:16:26: "Maks<706><STEAM_0:0:1743086578><>" joined team "CT"
L 03/06/2015 - 22:16:28: World triggered "Round_Start"
L 03/06/2015 - 22:16:31: "White Walker<698><STEAM_0:0:1428934429><TERRORIST>" attacked "|Xyligans|kpy}I{ka<702><STEAM_0:0:1696161005><CT>" with "m4a1" (damage "29") (damage_armor "0") (health "71") (armor "0")
L 03/06/2015 - 22:16:32: "Maks<706><STEAM_0:0:1743086578><CT>" attacked "White Walker<698><STEAM_0:0:1428934429><TERRORIST>" with "ak47" (damage "33") (damage_armor "0") (health "67") (armor "0")
L 03/06/2015 - 22:16:32: "Maks<706><STEAM_0:0:1743086578><CT>" attacked "White Walker<698><STEAM_0:0:1428934429><TERRORIST>" with "ak47" (damage "132") (damage_armor "0") (health "-65") (armor "0")
L 03/06/2015 - 22:16:32: "Maks<706><STEAM_0:0:1743086578><CT>" killed "White Walker<698><STEAM_0:0:1428934429><TERRORIST>" with "ak47"
L 03/06/2015 - 22:16:32: "[Hard_Skill]_Lexa Kosmonaft<641><STEAM_0:0:226379933><TERRORIST>" attacked "|Xyligans|kpy}I{ka<702><STEAM_0:0:1696161005><CT>" with "ak47" (damage "25") (damage_armor "0") (health "46") (armor "0")
L 03/06/2015 - 22:16:32: "[Hard_Skill]_Lexa Kosmonaft<641><STEAM_0:0:226379933><TERRORIST>" attacked "|Xyligans|kpy}I{ka<702><STEAM_0:0:1696161005><CT>" with "ak47" (damage "42") (damage_armor "0") (health "4") (armor "0")
L 03/06/2015 - 22:16:33: "|Xyligans|kpy}I{ka<702><STEAM_0:0:1696161005><CT>" attacked "[Hard_Skill]_Lexa Kosmonaft<641><STEAM_0:0:226379933><TERRORIST>" with "ak47" (damage "25") (damage_armor "0") (health "75") (armor "100")
L 03/06/2015 - 22:16:36: "[Hard_Skill]_Dasha<690><STEAM_0:0:2052642740><>" joined team "CT"
L 03/06/2015 - 22:16:43: "[Hard_Skill]_Lexa Kosmonaft<641><STEAM_0:0:226379933><TERRORIST>" attacked "[Hard_Skill]_Dasha<690><STEAM_0:0:2052642740><CT>" with "m4a1" (damage "21") (damage_armor "5") (health "79") (armor "95")
L 03/06/2015 - 22:16:44: "[Hard_Skill]_Lexa Kosmonaft<641><STEAM_0:0:226379933><TERRORIST>" attacked "[Hard_Skill]_Dasha<690><STEAM_0:0:2052642740><CT>" with "m4a1" (damage "120") (damage_armor "0") (health "-41") (armor "95")
L 03/06/2015 - 22:16:44: "[Hard_Skill]_Lexa Kosmonaft<641><STEAM_0:0:226379933><TERRORIST>" killed "[Hard_Skill]_Dasha<690><STEAM_0:0:2052642740><CT>" with "m4a1"
L 03/06/2015 - 22:16:45: "[Hard_Skill]_Lexa Kosmonaft<641><STEAM_0:0:226379933><TERRORIST>" attacked "|Xyligans|kpy}I{ka<702><STEAM_0:0:1696161005><CT>" with "m4a1" (damage "29") (damage_armor "0") (health "-25") (armor "0")
L 03/06/2015 - 22:16:45: "[Hard_Skill]_Lexa Kosmonaft<641><STEAM_0:0:226379933><TERRORIST>" killed "|Xyligans|kpy}I{ka<702><STEAM_0:0:1696161005><CT>" with "m4a1"
L 03/06/2015 - 22:16:47: "Maks<706><STEAM_0:0:1743086578><CT>" attacked "[Hard_Skill]_Lexa Kosmonaft<641><STEAM_0:0:226379933><TERRORIST>" with "ak47" (damage "25") (damage_armor "4") (health "50") (armor "96")
L 03/06/2015 - 22:16:52: "Maks<706><STEAM_0:0:1743086578><CT>" attacked "[Hard_Skill]_Lexa Kosmonaft<641><STEAM_0:0:226379933><TERRORIST>" with "ak47" (damage "26") (damage_armor "4") (health "24") (armor "92")
L 03/06/2015 - 22:16:52: "[Hard_Skill]_Lexa Kosmonaft<641><STEAM_0:0:226379933><TERRORIST>" attacked "Maks<706><STEAM_0:0:1743086578><CT>" with "m4a1" (damage "30") (damage_armor "0") (health "70") (armor "0")
L 03/06/2015 - 22:16:52: "Maks<706><STEAM_0:0:1743086578><CT>" attacked "[Hard_Skill]_Lexa Kosmonaft<641><STEAM_0:0:226379933><TERRORIST>" with "ak47" (damage "26") (damage_armor "4") (health "-2") (armor "88")
L 03/06/2015 - 22:16:52: "Maks<706><STEAM_0:0:1743086578><CT>" killed "[Hard_Skill]_Lexa Kosmonaft<641><STEAM_0:0:226379933><TERRORIST>" with "ak47"
L 03/06/2015 - 22:16:52: Team "CT" triggered "CTs_Win" (CT "1") (T "0")
L 03/06/2015 - 22:16:52: World triggered "Round_End"
L 03/06/2015 - 22:17:03: World triggered "Round_Start"
L 03/06/2015 - 22:17:03: "Maks<706><STEAM_0:0:1743086578><CT>" attacked "[Hard_Skill]_Lexa Kosmonaft<641><STEAM_0:0:226379933><TERRORIST>" with "ak47" (damage "25") (damage_armor "4") (health "75") (armor "96")
L 03/06/2015 - 22:17:03: "[Hard_Skill]_Lexa Kosmonaft<641><STEAM_0:0:226379933><TERRORIST>" attacked "Maks<706><STEAM_0:0:1743086578><CT>" with "deagle" (damage "88") (damage_armor "0") (health "12") (armor "0")
L 03/06/2015 - 22:17:03: "[Hard_Skill]_Lexa Kosmonaft<641><STEAM_0:0:226379933><TERRORIST>" attacked "Maks<706><STEAM_0:0:1743086578><CT>" with "deagle" (damage "16") (damage_armor "0") (health "-4") (armor "0")
L 03/06/2015 - 22:17:03: "[Hard_Skill]_Lexa Kosmonaft<641><STEAM_0:0:226379933><TERRORIST>" killed "Maks<706><STEAM_0:0:1743086578><CT>" with "deagle"
L 03/06/2015 - 22:17:11: "White Walker<698><STEAM_0:0:1428934429><TERRORIST>" attacked "|Xyligans|kpy}I{ka<702><STEAM_0:0:1696161005><CT>" with "m4a1" (damage "29") (damage_armor "0") (health "71") (armor "0")
L 03/06/2015 - 22:17:11: "White Walker<698><STEAM_0:0:1428934429><TERRORIST>" attacked "|Xyligans|kpy}I{ka<702><STEAM_0:0:1696161005><CT>" with "m4a1" (damage "36") (damage_armor "0") (health "35") (armor "0")
L 03/06/2015 - 22:17:11: "White Walker<698><STEAM_0:0:1428934429><TERRORIST>" attacked "|Xyligans|kpy}I{ka<702><STEAM_0:0:1696161005><CT>" with "m4a1" (damage "29") (damage_armor "0") (health "6") (armor "0")
L 03/06/2015 - 22:17:11: "White Walker<698><STEAM_0:0:1428934429><TERRORIST>" attacked "|Xyligans|kpy}I{ka<702><STEAM_0:0:1696161005><CT>" with "m4a1" (damage "116") (damage_armor "0") (health "-110") (armor "0")
L 03/06/2015 - 22:17:11: "White Walker<698><STEAM_0:0:1428934429><TERRORIST>" killed "|Xyligans|kpy}I{ka<702><STEAM_0:0:1696161005><CT>" with "m4a1"
L 03/06/2015 - 22:17:12: "[Hard_Skill]_Lexa Kosmonaft<641><STEAM_0:0:226379933><TERRORIST>" attacked "[Hard_Skill]_Dasha<690><STEAM_0:0:2052642740><CT>" with "deagle" (damage "42") (damage_armor "0") (health "58") (armor "0")
L 03/06/2015 - 22:17:12: "[Hard_Skill]_Lexa Kosmonaft<641><STEAM_0:0:226379933><TERRORIST>" attacked "[Hard_Skill]_Dasha<690><STEAM_0:0:2052642740><CT>" with "deagle" (damage "51") (damage_armor "0") (health "7") (armor "0")
L 03/06/2015 - 22:17:13: "White Walker<698><STEAM_0:0:1428934429><TERRORIST>" attacked "[Hard_Skill]_Dasha<690><STEAM_0:0:2052642740><CT>" with "m4a1" (damage "112") (damage_armor "0") (health "-105") (armor "0")
L 03/06/2015 - 22:17:13: "White Walker<698><STEAM_0:0:1428934429><TERRORIST>" killed "[Hard_Skill]_Dasha<690><STEAM_0:0:2052642740><CT>" with "m4a1"
L 03/06/2015 - 22:17:13: Team "TERRORIST" triggered "Terrorists_Win" (CT "1") (T "1")
L 03/06/2015 - 22:17:13: World triggered "Round_End"
L 03/06/2015 - 22:17:23: World triggered "Round_Start"
L 03/06/2015 - 22:17:25: "White Walker<698><STEAM_0:0:1428934429><TERRORIST>" attacked "[Hard_Skill]_Dasha<690><STEAM_0:0:2052642740><CT>" with "m4a1" (damage "104") (damage_armor "0") (health "-4") (armor "0")
L 03/06/2015 - 22:17:25: "White Walker<698><STEAM_0:0:1428934429><TERRORIST>" killed "[Hard_Skill]_Dasha<690><STEAM_0:0:2052642740><CT>" with "m4a1"
L 03/06/2015 - 22:17:27: "White Walker<698><STEAM_0:0:1428934429><TERRORIST>" attacked "Maks<706><STEAM_0:0:1743086578><CT>" with "m4a1" (damage "26") (damage_armor "0") (health "74") (armor "0")
L 03/06/2015 - 22:17:28: "Maks<706><STEAM_0:0:1743086578><CT>" attacked "White Walker<698><STEAM_0:0:1428934429><TERRORIST>" with "ak47" (damage "25") (damage_armor "4") (health "75") (armor "96")
L 03/06/2015 - 22:17:28: "[Hard_Skill]_Lexa Kosmonaft<641><STEAM_0:0:226379933><TERRORIST>" attacked "Maks<706><STEAM_0:0:1743086578><CT>" with "ak47" (damage "33") (damage_armor "0") (health "41") (armor "0")
L 03/06/2015 - 22:17:28: "Maks<706><STEAM_0:0:1743086578><CT>" attacked "White Walker<698><STEAM_0:0:1428934429><TERRORIST>" with "ak47" (damage "24") (damage_armor "0") (health "51") (armor "96")
L 03/06/2015 - 22:17:29: "[Hard_Skill]_Lexa Kosmonaft<641><STEAM_0:0:226379933><TERRORIST>" attacked "Maks<706><STEAM_0:0:1743086578><CT>" with "ak47" (damage "33") (damage_armor "0") (health "8") (armor "0")
L 03/06/2015 - 22:17:30: "White Walker<698><STEAM_0:0:1428934429><TERRORIST>" attacked "Maks<706><STEAM_0:0:1743086578><CT>" with "m4a1" (damage "32") (damage_armor "0") (health "-24") (armor "0")
L 03/06/2015 - 22:17:30: "White Walker<698><STEAM_0:0:1428934429><TERRORIST>" killed "Maks<706><STEAM_0:0:1743086578><CT>" with "m4a1"
L 03/06/2015 - 22:17:33: "|Xyligans|kpy}I{ka<702><STEAM_0:0:1696161005><CT>" attacked "[Hard_Skill]_Lexa Kosmonaft<641><STEAM_0:0:226379933><TERRORIST>" with "ak47" (damage "27") (damage_armor "4") (health "73") (armor "96")
L 03/06/2015 - 22:17:33: "|Xyligans|kpy}I{ka<702><STEAM_0:0:1696161005><CT>" attacked "[Hard_Skill]_Lexa Kosmonaft<641><STEAM_0:0:226379933><TERRORIST>" with "ak47" (damage "27") (damage_armor "4") (health "46") (armor "92")
L 03/06/2015 - 22:17:33: "|Xyligans|kpy}I{ka<702><STEAM_0:0:1696161005><CT>" attacked "[Hard_Skill]_Lexa Kosmonaft<641><STEAM_0:0:226379933><TERRORIST>" with "ak47" (damage "27") (damage_armor "4") (health "19") (armor "88")
L 03/06/2015 - 22:17:33: "|Xyligans|kpy}I{ka<702><STEAM_0:0:1696161005><CT>" attacked "[Hard_Skill]_Lexa Kosmonaft<641><STEAM_0:0:226379933><TERRORIST>" with "ak47" (damage "108") (damage_armor "16") (health "-89") (armor "72")
L 03/06/2015 - 22:17:33: "|Xyligans|kpy}I{ka<702><STEAM_0:0:1696161005><CT>" killed "[Hard_Skill]_Lexa Kosmonaft<641><STEAM_0:0:226379933><TERRORIST>" with "ak47"
L 03/06/2015 - 22:17:35: "White Walker<698><STEAM_0:0:1428934429><TERRORIST>" attacked "|Xyligans|kpy}I{ka<702><STEAM_0:0:1696161005><CT>" with "m4a1" (damage "30") (damage_armor "0") (health "70") (armor "0")
L 03/06/2015 - 22:17:35: "White Walker<698><STEAM_0:0:1428934429><TERRORIST>" attacked "|Xyligans|kpy}I{ka<702><STEAM_0:0:1696161005><CT>" with "m4a1" (damage "22") (damage_armor "0") (health "48") (armor "0")
L 03/06/2015 - 22:17:35: "White Walker<698><STEAM_0:0:1428934429><TERRORIST>" attacked "|Xyligans|kpy}I{ka<702><STEAM_0:0:1696161005><CT>" with "m4a1" (damage "37") (damage_armor "0") (health "11") (armor "0")
L 03/06/2015 - 22:17:36: "White Walker<698><STEAM_0:0:1428934429><TERRORIST>" attacked "|Xyligans|kpy}I{ka<702><STEAM_0:0:1696161005><CT>" with "m4a1" (damage "30") (damage_armor "0") (health "-19") (armor "0")
L 03/06/2015 - 22:17:36: "White Walker<698><STEAM_0:0:1428934429><TERRORIST>" killed "|Xyligans|kpy}I{ka<702><STEAM_0:0:1696161005><CT>" with "m4a1"
L 03/06/2015 - 22:17:36: Team "TERRORIST" triggered "Terrorists_Win" (CT "1") (T "2")
L 03/06/2015 - 22:17:36: World triggered "Round_End"
L 03/06/2015 - 22:17:46: World triggered "Round_Start"
L 03/06/2015 - 22:17:46: "[Hard_Skill]_Lexa Kosmonaft<641><STEAM_0:0:226379933><TERRORIST>" attacked "[Hard_Skill]_Dasha<690><STEAM_0:0:2052642740><CT>" with "deagle" (damage "44") (damage_armor "0") (health "56") (armor "0")
L 03/06/2015 - 22:17:48: "White Walker<698><STEAM_0:0:1428934429><TERRORIST>" attacked "|Xyligans|kpy}I{ka<702><STEAM_0:0:1696161005><CT>" with "m4a1" (damage "33") (damage_armor "0") (health "67") (armor "0")
L 03/06/2015 - 22:17:49: "White Walker<698><STEAM_0:0:1428934429><TERRORIST>" attacked "|Xyligans|kpy}I{ka<702><STEAM_0:0:1696161005><CT>" with "m4a1" (damage "27") (damage_armor "0") (health "40") (armor "0")
L 03/06/2015 - 22:17:50: "Maks<706><STEAM_0:0:1743086578><CT>" attacked "[Hard_Skill]_Lexa Kosmonaft<641><STEAM_0:0:226379933><TERRORIST>" with "ak47" (damage "15") (damage_armor "3") (health "85") (armor "97")
L 03/06/2015 - 22:17:50: "Maks<706><STEAM_0:0:1743086578><CT>" attacked "[Hard_Skill]_Lexa Kosmonaft<641><STEAM_0:0:226379933><TERRORIST>" with "ak47" (damage "12") (damage_armor "0") (health "73") (armor "97")
L 03/06/2015 - 22:17:50: "White Walker<698><STEAM_0:0:1428934429><TERRORIST>" attacked "|Xyligans|kpy}I{ka<702><STEAM_0:0:1696161005><CT>" with "m4a1" (damage "27") (damage_armor "0") (health "13") (armor "0")
L 03/06/2015 - 22:17:51: "|Xyligans|kpy}I{ka<702><STEAM_0:0:1696161005><CT>" attacked "White Walker<698><STEAM_0:0:1428934429><TERRORIST>" with "ak47" (damage "11") (damage_armor "2") (health "89") (armor "94")
L 03/06/2015 - 22:17:52: "|Xyligans|kpy}I{ka<702><STEAM_0:0:1696161005><CT>" attacked "White Walker<698><STEAM_0:0:1428934429><TERRORIST>" with "ak47" (damage "25") (damage_armor "4") (health "64") (armor "90")
L 03/06/2015 - 22:17:52: "White Walker<698><STEAM_0:0:1428934429><TERRORIST>" attacked "|Xyligans|kpy}I{ka<702><STEAM_0:0:1696161005><CT>" with "m4a1" (damage "27") (damage_armor "0") (health "-14") (armor "0")
L 03/06/2015 - 22:17:52: "White Walker<698><STEAM_0:0:1428934429><TERRORIST>" killed "|Xyligans|kpy}I{ka<702><STEAM_0:0:1696161005><CT>" with "m4a1"
L 03/06/2015 - 22:17:53: "[Hard_Skill]_Lexa Kosmonaft<641><STEAM_0:0:226379933><TERRORIST>" attacked "Maks<706><STEAM_0:0:1743086578><CT>" with "deagle" (damage "32") (damage_armor "0") (health "68") (armor "0")
L 03/06/2015 - 22:17:53: "Maks<706><STEAM_0:0:1743086578><CT>" attacked "[Hard_Skill]_Lexa Kosmonaft<641><STEAM_0:0:226379933><TERRORIST>" with "ak47" (damage "26") (damage_armor "4") (health "47") (armor "93")
L 03/06/2015 - 22:17:54: "[Hard_Skill]_Lexa Kosmonaft<641><STEAM_0:0:226379933><TERRORIST>" attacked "Maks<706><STEAM_0:0:1743086578><CT>" with "deagle" (damage "32") (damage_armor "0") (health "36") (armor "0")
L 03/06/2015 - 22:17:55: [DPROTO]: Client 3 - Set AuthIdType 1 [dp_RevEmu]; pClient = 0xb39d2be4
L 03/06/2015 - 22:17:55: "Parxyt<707><STEAM_0:0:550704327><>" connected, address "178.120.162.161:31563"
L 03/06/2015 - 22:17:55: [VTC] Player 4 speex
L 03/06/2015 - 22:17:58: "Parxyt<707><STEAM_0:0:550704327><>" entered the game
L 03/06/2015 - 22:17:59: "[Hard_Skill]_Dasha<690><STEAM_0:0:2052642740><CT>" attacked "White Walker<698><STEAM_0:0:1428934429><TERRORIST>" with "m4a1" (damage "21") (damage_armor "0") (health "43") (armor "90")
L 03/06/2015 - 22:17:59: "White Walker<698><STEAM_0:0:1428934429><TERRORIST>" attacked "[Hard_Skill]_Dasha<690><STEAM_0:0:2052642740><CT>" with "m4a1" (damage "29") (damage_armor "0") (health "27") (armor "0")
L 03/06/2015 - 22:17:59: "[Hard_Skill]_Dasha<690><STEAM_0:0:2052642740><CT>" attacked "White Walker<698><STEAM_0:0:1428934429><TERRORIST>" with "m4a1" (damage "20") (damage_armor "4") (health "23") (armor "86")
L 03/06/2015 - 22:17:59: "White Walker<698><STEAM_0:0:1428934429><TERRORIST>" attacked "[Hard_Skill]_Dasha<690><STEAM_0:0:2052642740><CT>" with "m4a1" (damage "116") (damage_armor "0") (health "-89") (armor "0")
L 03/06/2015 - 22:17:59: "White Walker<698><STEAM_0:0:1428934429><TERRORIST>" killed "[Hard_Skill]_Dasha<690><STEAM_0:0:2052642740><CT>" with "m4a1"
L 03/06/2015 - 22:18:01: "Maks<706><STEAM_0:0:1743086578><CT>" attacked "[Hard_Skill]_Lexa Kosmonaft<641><STEAM_0:0:226379933><TERRORIST>" with "ak47" (damage "25") (damage_armor "0") (health "22") (armor "93")
L 03/06/2015 - 22:18:01: "Maks<706><STEAM_0:0:1743086578><CT>" attacked "[Hard_Skill]_Lexa Kosmonaft<641><STEAM_0:0:226379933><TERRORIST>" with "ak47" (damage "105") (damage_armor "15") (health "-83") (armor "78")
L 03/06/2015 - 22:18:01: "Maks<706><STEAM_0:0:1743086578><CT>" killed "[Hard_Skill]_Lexa Kosmonaft<641><STEAM_0:0:226379933><TERRORIST>" with "ak47"
L 03/06/2015 - 22:18:01: "White Walker<698><STEAM_0:0:1428934429><TERRORIST>" attacked "Maks<706><STEAM_0:0:1743086578><CT>" with "m4a1" (damage "29") (damage_armor "0") (health "7") (armor "0")
L 03/06/2015 - 22:18:02: "White Walker<698><STEAM_0:0:1428934429><TERRORIST>" attacked "Maks<706><STEAM_0:0:1743086578><CT>" with "m4a1" (damage "29") (damage_armor "0") (health "-22") (armor "0")
L 03/06/2015 - 22:18:02: "White Walker<698><STEAM_0:0:1428934429><TERRORIST>" killed "Maks<706><STEAM_0:0:1743086578><CT>" with "m4a1"
L 03/06/2015 - 22:18:02: Team "TERRORIST" triggered "Terrorists_Win" (CT "1") (T "3")
L 03/06/2015 - 22:18:02: World triggered "Round_End"
L 03/06/2015 - 22:18:04: "Parxyt<707><STEAM_0:0:550704327><>" joined team "TERRORIST"
L 03/06/2015 - 22:18:06: "[Hard_Skill]_Dasha<690><STEAM_0:0:2052642740><CT>" joined team "SPECTATOR"
L 03/06/2015 - 22:18:12: World triggered "Round_Start"
L 03/06/2015 - 22:18:15: "Maks<706><STEAM_0:0:1743086578><CT>" attacked "White Walker<698><STEAM_0:0:1428934429><TERRORIST>" with "ak47" (damage "25") (damage_armor "4") (health "75") (armor "82")
L 03/06/2015 - 22:18:15: "Maks<706><STEAM_0:0:1743086578><CT>" attacked "White Walker<698><STEAM_0:0:1428934429><TERRORIST>" with "ak47" (damage "132") (damage_armor "0") (health "-57") (armor "82")
L 03/06/2015 - 22:18:15: "Maks<706><STEAM_0:0:1743086578><CT>" killed "White Walker<698><STEAM_0:0:1428934429><TERRORIST>" with "ak47"
L 03/06/2015 - 22:18:17: "Maks<706><STEAM_0:0:1743086578><CT>" attacked "Parxyt<707><STEAM_0:0:550704327><TERRORIST>" with "ak47" (damage "35") (damage_armor "0") (health "65") (armor "0")
L 03/06/2015 - 22:18:17: "Maks<706><STEAM_0:0:1743086578><CT>" attacked "Parxyt<707><STEAM_0:0:550704327><TERRORIST>" with "ak47" (damage "35") (damage_armor "0") (health "30") (armor "0")
L 03/06/2015 - 22:18:18: "Parxyt<707><STEAM_0:0:550704327><TERRORIST>" attacked "|Xyligans|kpy}I{ka<702><STEAM_0:0:1696161005><CT>" with "ak47" (damage "12") (damage_armor "0") (health "88") (armor "0")
L 03/06/2015 - 22:18:18: "Parxyt<707><STEAM_0:0:550704327><TERRORIST>" attacked "|Xyligans|kpy}I{ka<702><STEAM_0:0:1696161005><CT>" with "ak47" (damage "12") (damage_armor "0") (health "76") (armor "0")
L 03/06/2015 - 22:18:18: "Parxyt<707><STEAM_0:0:550704327><TERRORIST>" attacked "|Xyligans|kpy}I{ka<702><STEAM_0:0:1696161005><CT>" with "ak47" (damage "12") (damage_armor "0") (health "64") (armor "0")
L 03/06/2015 - 22:18:18: "Parxyt<707><STEAM_0:0:550704327><TERRORIST>" attacked "Maks<706><STEAM_0:0:1743086578><CT>" with "ak47" (damage "35") (damage_armor "0") (health "65") (armor "0")
L 03/06/2015 - 22:18:19: "Maks<706><STEAM_0:0:1743086578><CT>" attacked "Parxyt<707><STEAM_0:0:550704327><TERRORIST>" with "ak47" (damage "35") (damage_armor "0") (health "-5") (armor "0")
L 03/06/2015 - 22:18:19: "Maks<706><STEAM_0:0:1743086578><CT>" killed "Parxyt<707><STEAM_0:0:550704327><TERRORIST>" with "ak47"
L 03/06/2015 - 22:18:22: "[Hard_Skill]_Lexa Kosmonaft<641><STEAM_0:0:226379933><TERRORIST>" attacked "Maks<706><STEAM_0:0:1743086578><CT>" with "ak47" (damage "25") (damage_armor "0") (health "40") (armor "0")
L 03/06/2015 - 22:18:24: "Maks<706><STEAM_0:0:1743086578><CT>" attacked "[Hard_Skill]_Lexa Kosmonaft<641><STEAM_0:0:226379933><TERRORIST>" with "ak47" (damage "26") (damage_armor "4") (health "74") (armor "96")
L 03/06/2015 - 22:18:24: "[Hard_Skill]_Lexa Kosmonaft<641><STEAM_0:0:226379933><TERRORIST>" attacked "Maks<706><STEAM_0:0:1743086578><CT>" with "ak47" (damage "34") (damage_armor "0") (health "6") (armor "0")
L 03/06/2015 - 22:18:24: "Maks<706><STEAM_0:0:1743086578><CT>" attacked "[Hard_Skill]_Lexa Kosmonaft<641><STEAM_0:0:226379933><TERRORIST>" with "ak47" (damage "32") (damage_armor "5") (health "42") (armor "91")
L 03/06/2015 - 22:18:24: "Maks<706><STEAM_0:0:1743086578><CT>" attacked "[Hard_Skill]_Lexa Kosmonaft<641><STEAM_0:0:226379933><TERRORIST>" with "ak47" (damage "12") (damage_armor "2") (health "30") (armor "89")
L 03/06/2015 - 22:18:30: "[Hard_Skill]_Lexa Kosmonaft<641><STEAM_0:0:226379933><TERRORIST>" attacked "|Xyligans|kpy}I{ka<702><STEAM_0:0:1696161005><CT>" with "ak47" (damage "35") (damage_armor "0") (health "29") (armor "0")
L 03/06/2015 - 22:18:30: "|Xyligans|kpy}I{ka<702><STEAM_0:0:1696161005><CT>" attacked "[Hard_Skill]_Lexa Kosmonaft<641><STEAM_0:0:226379933><TERRORIST>" with "m4a1" (damage "27") (damage_armor "6") (health "3") (armor "83")
L 03/06/2015 - 22:18:30: "[Hard_Skill]_Lexa Kosmonaft<641><STEAM_0:0:226379933><TERRORIST>" attacked "|Xyligans|kpy}I{ka<702><STEAM_0:0:1696161005><CT>" with "ak47" (damage "35") (damage_armor "0") (health "-6") (armor "0")
L 03/06/2015 - 22:18:30: "[Hard_Skill]_Lexa Kosmonaft<641><STEAM_0:0:226379933><TERRORIST>" killed "|Xyligans|kpy}I{ka<702><STEAM_0:0:1696161005><CT>" with "ak47"
L 03/06/2015 - 22:18:32: "Maks<706><STEAM_0:0:1743086578><CT>" attacked "[Hard_Skill]_Lexa Kosmonaft<641><STEAM_0:0:226379933><TERRORIST>" with "ak47" (damage "26") (damage_armor "4") (health "-23") (armor "79")
L 03/06/2015 - 22:18:32: "Maks<706><STEAM_0:0:1743086578><CT>" killed "[Hard_Skill]_Lexa Kosmonaft<641><STEAM_0:0:226379933><TERRORIST>" with "ak47"
L 03/06/2015 - 22:18:32: Team "CT" triggered "CTs_Win" (CT "2") (T "3")
L 03/06/2015 - 22:18:32: World triggered "Round_End"
L 03/06/2015 - 22:18:39: "Maks<706><STEAM_0:0:1743086578><CT>" triggered "weaponstats" (weapon "ak47") (shots "110") (hits "22") (kills "6") (headshots "3") (tks "0") (damage "857") (deaths "3")
L 03/06/2015 - 22:18:39: "Maks<706><STEAM_0:0:1743086578><CT>" triggered "weaponstats2" (weapon "ak47") (head "3") (chest "4") (stomach "2") (leftarm "8") (rightarm "2") (leftleg "2") (rightleg "1")
L 03/06/2015 - 22:18:39: "Maks<706><STEAM_0:0:1743086578><CT>" triggered "time" (time "2:18")
L 03/06/2015 - 22:18:39: "Maks<706><STEAM_0:0:1743086578><CT>" triggered "latency" (ping "60")
L 03/06/2015 - 22:18:39: "Parxyt<707><STEAM_0:0:550704327><TERRORIST>" triggered "weaponstats" (weapon "ak47") (shots "10") (hits "4") (kills "0") (headshots "0") (tks "0") (damage "71") (deaths "1")
L 03/06/2015 - 22:18:39: "Parxyt<707><STEAM_0:0:550704327><TERRORIST>" triggered "weaponstats2" (weapon "ak47") (head "0") (chest "0") (stomach "0") (leftarm "1") (rightarm "0") (leftleg "3") (rightleg "0")
L 03/06/2015 - 22:18:39: "Parxyt<707><STEAM_0:0:550704327><TERRORIST>" triggered "time" (time "0:40")
L 03/06/2015 - 22:18:39: "Parxyt<707><STEAM_0:0:550704327><TERRORIST>" triggered "latency" (ping "44")
L 03/06/2015 - 22:18:39: "[Hard_Skill]_Dasha<690><STEAM_0:0:2052642740><SPECTATOR>" triggered "weaponstats" (weapon "m4a1") (shots "13") (hits "2") (kills "0") (headshots "0") (tks "0") (damage "41") (deaths "3")
L 03/06/2015 - 22:18:39: "[Hard_Skill]_Dasha<690><STEAM_0:0:2052642740><SPECTATOR>" triggered "weaponstats2" (weapon "m4a1") (head "0") (chest "0") (stomach "0") (leftarm "1") (rightarm "0") (leftleg "0") (rightleg "1")
L 03/06/2015 - 22:18:39: "[Hard_Skill]_Dasha<690><STEAM_0:0:2052642740><SPECTATOR>" triggered "time" (time "2:13")
L 03/06/2015 - 22:18:39: "[Hard_Skill]_Dasha<690><STEAM_0:0:2052642740><SPECTATOR>" triggered "latency" (ping "3")
L 03/06/2015 - 22:18:39: "White Walker<698><STEAM_0:0:1428934429><TERRORIST>" triggered "weaponstats" (weapon "m4a1") (shots "66") (hits "21") (kills "8") (headshots "4") (tks "0") (damage "949") (deaths "2")
L 03/06/2015 - 22:18:39: "White Walker<698><STEAM_0:0:1428934429><TERRORIST>" triggered "weaponstats2" (weapon "m4a1") (head "4") (chest "0") (stomach "4") (leftarm "12") (rightarm "0") (leftleg "0") (rightleg "1")
L 03/06/2015 - 22:18:39: "White Walker<698><STEAM_0:0:1428934429><TERRORIST>" triggered "time" (time "2:26")
L 03/06/2015 - 22:18:39: "White Walker<698><STEAM_0:0:1428934429><TERRORIST>" triggered "latency" (ping "27")
L 03/06/2015 - 22:18:39: "|Xyligans|kpy}I{ka<702><STEAM_0:0:1696161005><CT>" triggered "weaponstats" (weapon "usp") (shots "5") (hits "0") (kills "0") (headshots "0") (tks "0") (damage "0") (deaths "0")
L 03/06/2015 - 22:18:39: "|Xyligans|kpy}I{ka<702><STEAM_0:0:1696161005><CT>" triggered "weaponstats2" (weapon "usp") (head "0") (chest "0") (stomach "0") (leftarm "0") (rightarm "0") (leftleg "0") (rightleg "0")
L 03/06/2015 - 22:18:39: "|Xyligans|kpy}I{ka<702><STEAM_0:0:1696161005><CT>" triggered "weaponstats" (weapon "m4a1") (shots "1") (hits "1") (kills "0") (headshots "0") (tks "0") (damage "27") (deaths "1")
L 03/06/2015 - 22:18:39: "|Xyligans|kpy}I{ka<702><STEAM_0:0:1696161005><CT>" triggered "weaponstats2" (weapon "m4a1") (head "0") (chest "0") (stomach "1") (leftarm "0") (rightarm "0") (leftleg "0") (rightleg "0")
L 03/06/2015 - 22:18:39: "|Xyligans|kpy}I{ka<702><STEAM_0:0:1696161005><CT>" triggered "weaponstats" (weapon "ak47") (shots "83") (hits "7") (kills "1") (headshots "1") (tks "0") (damage "250") (deaths "4")
L 03/06/2015 - 22:18:39: "|Xyligans|kpy}I{ka<702><STEAM_0:0:1696161005><CT>" triggered "weaponstats2" (weapon "ak47") (head "1") (chest "1") (stomach "0") (leftarm "1") (rightarm "3") (leftleg "1") (rightleg "0")
L 03/06/2015 - 22:18:39: "|Xyligans|kpy}I{ka<702><STEAM_0:0:1696161005><CT>" triggered "time" (time "2:25")
L 03/06/2015 - 22:18:39: "|Xyligans|kpy}I{ka<702><STEAM_0:0:1696161005><CT>" triggered "latency" (ping "18")
L 03/06/2015 - 22:18:39: "[Hard_Skill]_Lexa Kosmonaft<641><STEAM_0:0:226379933><TERRORIST>" triggered "weaponstats" (weapon "m4a1") (shots "24") (hits "4") (kills "2") (headshots "1") (tks "0") (damage "200") (deaths "2")
L 03/06/2015 - 22:18:39: "[Hard_Skill]_Lexa Kosmonaft<641><STEAM_0:0:226379933><TERRORIST>" triggered "weaponstats2" (weapon "m4a1") (head "1") (chest "1") (stomach "0") (leftarm "2") (rightarm "0") (leftleg "0") (rightleg "0")
L 03/06/2015 - 22:18:39: "[Hard_Skill]_Lexa Kosmonaft<641><STEAM_0:0:226379933><TERRORIST>" triggered "weaponstats" (weapon "deagle") (shots "32") (hits "7") (kills "1") (headshots "0") (tks "0") (damage "305") (deaths "1")
L 03/06/2015 - 22:18:39: "[Hard_Skill]_Lexa Kosmonaft<641><STEAM_0:0:226379933><TERRORIST>" triggered "weaponstats2" (weapon "deagle") (head "2") (chest "1") (stomach "1") (leftarm "2") (rightarm "0") (leftleg "0") (rightleg "1")
L 03/06/2015 - 22:18:39: "[Hard_Skill]_Lexa Kosmonaft<641><STEAM_0:0:226379933><TERRORIST>" triggered "weaponstats" (weapon "ak47") (shots "44") (hits "8") (kills "1") (headshots "0") (tks "0") (damage "262") (deaths "1")
L 03/06/2015 - 22:18:39: "[Hard_Skill]_Lexa Kosmonaft<641><STEAM_0:0:226379933><TERRORIST>" triggered "weaponstats2" (weapon "ak47") (head "0") (chest "0") (stomach "1") (leftarm "5") (rightarm "0") (leftleg "1") (rightleg "1")
L 03/06/2015 - 22:18:39: "[Hard_Skill]_Lexa Kosmonaft<641><STEAM_0:0:226379933><TERRORIST>" triggered "time" (time "2:24")
L 03/06/2015 - 22:18:39: "[Hard_Skill]_Lexa Kosmonaft<641><STEAM_0:0:226379933><TERRORIST>" triggered "latency" (ping "33")
L 03/06/2015 - 22:18:39: [META] ini: Begin re-reading plugins list: /home/extazy/Public/cstrike/addons/metamod/plugins.ini
L 03/06/2015 - 22:18:39: [META] ini: Read plugin config for: AMX Mod X
L 03/06/2015 - 22:18:39: [META] ini: Read plugin config for: dproto_EF
L 03/06/2015 - 22:18:39: [META] ini: Read plugin config for: mmtimer
L 03/06/2015 - 22:18:39: [META] ini: Read plugin config for: VoiceTranscoder
L 03/06/2015 - 22:18:39: [META] ini: Finished reading plugins list: /home/extazy/Public/cstrike/addons/metamod/plugins.ini; Found 4 plugins
L 03/06/2015 - 22:18:39: [META] dll: Updating plugins...
L 03/06/2015 - 22:18:39: [META] WARNING: dll: Plugin 'mmtimer' isn't running; Forcing unload plugin for reloading
L 03/06/2015 - 22:18:39: [META] WARNING: dll: Failed to unload plugin 'mmtimer' for reloading
L 03/06/2015 - 22:18:39: [META] dll: Finished updating 13 plugins; kept 3, loaded 0, unloaded 0, reloaded 0, delayed 0
L 03/06/2015 - 22:18:39: "Maks<706><STEAM_0:0:1743086578><CT>" disconnected
L 03/06/2015 - 22:18:39: "Parxyt<707><STEAM_0:0:550704327><TERRORIST>" disconnected
L 03/06/2015 - 22:18:39: "[Hard_Skill]_Dasha<690><STEAM_0:0:2052642740><SPECTATOR>" disconnected
L 03/06/2015 - 22:18:39: "White Walker<698><STEAM_0:0:1428934429><TERRORIST>" disconnected
L 03/06/2015 - 22:18:39: "|Xyligans|kpy}I{ka<702><STEAM_0:0:1696161005><CT>" disconnected
L 03/06/2015 - 22:18:39: "[Hard_Skill]_Lexa Kosmonaft<641><STEAM_0:0:226379933><TERRORIST>" disconnected
L 03/06/2015 - 22:18:39: World triggered "Round_Draw" (CT "2") (T "3")
L 03/06/2015 - 22:18:39: World triggered "Round_End"
L 03/06/2015 - 22:18:39: Log file closed
