L 03/18/2015 - 00:25:19: Log file started (file "logs/L0318003.log") (game "cstrike") (version "48/1.6.3.7/Stdio/5787")
L 03/18/2015 - 00:25:19: Loading map "$2000$"
L 03/18/2015 - 00:25:19: Server cvars start
L 03/18/2015 - 00:25:19: Server cvar "_tutor_bomb_viewable_check_interval" = "0.5"
L 03/18/2015 - 00:25:19: Server cvar "_tutor_debug_level" = "0"
L 03/18/2015 - 00:25:19: Server cvar "_tutor_examine_time" = "0.5"
L 03/18/2015 - 00:25:19: Server cvar "_tutor_hint_interval_time" = "10.0"
L 03/18/2015 - 00:25:19: Server cvar "_tutor_look_angle" = "10"
L 03/18/2015 - 00:25:19: Server cvar "_tutor_look_distance" = "200"
L 03/18/2015 - 00:25:19: Server cvar "_tutor_message_character_display_time_coefficient" = "0.07"
L 03/18/2015 - 00:25:19: Server cvar "_tutor_message_minimum_display_time" = "1"
L 03/18/2015 - 00:25:19: Server cvar "_tutor_message_repeats" = "5"
L 03/18/2015 - 00:25:19: Server cvar "_tutor_view_distance" = "1000"
L 03/18/2015 - 00:25:19: Server cvar "aesp_version" = "1.5b_mini"
L 03/18/2015 - 00:25:19: Server cvar "allow_spectators" = "4"
L 03/18/2015 - 00:25:19: Server cvar "amx_client_languages" = "0"
L 03/18/2015 - 00:25:19: Server cvar "amx_contactinfo" = "ICQ: 691322983"
L 03/18/2015 - 00:25:19: Server cvar "amx_language" = "ru"
L 03/18/2015 - 00:25:19: Server cvar "amx_nextmap" = "de_dust2_3x3"
L 03/18/2015 - 00:25:19: Server cvar "amx_timeleft" = "28:55"
L 03/18/2015 - 00:25:19: Server cvar "amxbans_ssversion" = "Gm 1.6"
L 03/18/2015 - 00:25:19: Server cvar "amxbans_version" = "Gm 1.6"
L 03/18/2015 - 00:25:19: Server cvar "amxmodx_version" = "1.8.1.3746"
L 03/18/2015 - 00:25:19: Server cvar "Colored Translit Cheat" = "Loaded"
L 03/18/2015 - 00:25:19: Server cvar "Colored Translit Config" = "Loaded"
L 03/18/2015 - 00:25:19: Server cvar "Colored Translit Ignores" = "Loaded"
L 03/18/2015 - 00:25:19: Server cvar "Colored Translit Replace" = "Failed"
L 03/18/2015 - 00:25:19: Server cvar "Colored Translit Spam" = "Loaded"
L 03/18/2015 - 00:25:19: Server cvar "Colored Translit Status" = "Loaded"
L 03/18/2015 - 00:25:19: Server cvar "Colored Translit Swear" = "Loaded"
L 03/18/2015 - 00:25:19: Server cvar "Colored Translit Version" = "2.0b Final"
L 03/18/2015 - 00:25:19: Server cvar "coop" = "0"
L 03/18/2015 - 00:25:19: Server cvar "deathmatch" = "1"
L 03/18/2015 - 00:25:19: Server cvar "decalfrequency" = "9"
L 03/18/2015 - 00:25:19: Server cvar "dp_version" = "0.9.391"
L 03/18/2015 - 00:25:19: Server cvar "edgefriction" = "2"
L 03/18/2015 - 00:25:19: Server cvar "hostage_debug" = "0"
L 03/18/2015 - 00:25:19: Server cvar "hostage_stop" = "0"
L 03/18/2015 - 00:25:19: Server cvar "humans_join_team" = "any"
L 03/18/2015 - 00:25:19: Server cvar "jtp10181" = "chute"
L 03/18/2015 - 00:25:19: Server cvar "max_queries_sec" = "3.0"
L 03/18/2015 - 00:25:19: Server cvar "max_queries_sec_global" = "30"
L 03/18/2015 - 00:25:19: Server cvar "max_queries_window" = "60"
L 03/18/2015 - 00:25:19: Server cvar "metamod_version" = "1.19"
L 03/18/2015 - 00:25:19: Server cvar "mp_allowmonsters" = "0"
L 03/18/2015 - 00:25:19: Server cvar "mp_autokick" = "1"
L 03/18/2015 - 00:25:19: Server cvar "mp_autoteambalance" = "1"
L 03/18/2015 - 00:25:19: Server cvar "mp_buytime" = "1.5"
L 03/18/2015 - 00:25:19: Server cvar "mp_c4timer" = "35"
L 03/18/2015 - 00:25:19: Server cvar "mp_chattime" = "0"
L 03/18/2015 - 00:25:19: Server cvar "mp_consistency" = "1"
L 03/18/2015 - 00:25:19: Server cvar "mp_fadetoblack" = "0"
L 03/18/2015 - 00:25:19: Server cvar "mp_flashlight" = "1"
L 03/18/2015 - 00:25:19: Server cvar "mp_footsteps" = "1"
L 03/18/2015 - 00:25:19: Server cvar "mp_forcecamera" = "0"
L 03/18/2015 - 00:25:19: Server cvar "mp_forcechasecam" = "0"
L 03/18/2015 - 00:25:19: Server cvar "mp_fragsleft" = "0"
L 03/18/2015 - 00:25:19: Server cvar "mp_freezetime" = "5"
L 03/18/2015 - 00:25:19: Server cvar "mp_friendlyfire" = "0"
L 03/18/2015 - 00:25:19: Server cvar "mp_ghostfrequency" = "0.1"
L 03/18/2015 - 00:25:19: Server cvar "mp_hostagepenalty" = "0"
L 03/18/2015 - 00:25:19: Server cvar "mp_kickpercent" = "0.66"
L 03/18/2015 - 00:25:19: Server cvar "mp_limitteams" = "5"
L 03/18/2015 - 00:25:19: Server cvar "mp_logdetail" = "3"
L 03/18/2015 - 00:25:19: Server cvar "mp_logfile" = "1"
L 03/18/2015 - 00:25:19: Server cvar "mp_logmessages" = "1"
L 03/18/2015 - 00:25:19: Server cvar "mp_mapvoteratio" = "0.66"
L 03/18/2015 - 00:25:19: Server cvar "mp_maxrounds" = "0"
L 03/18/2015 - 00:25:19: Server cvar "mp_mirrordamage" = "0"
L 03/18/2015 - 00:25:19: Server cvar "mp_playerid" = "0"
L 03/18/2015 - 00:25:19: Server cvar "mp_roundtime" = "2.57"
L 03/18/2015 - 00:25:19: Server cvar "mp_startmoney" = "800"
L 03/18/2015 - 00:25:19: Server cvar "mp_timeleft" = "0"
L 03/18/2015 - 00:25:19: Server cvar "mp_timelimit" = "30"
L 03/18/2015 - 00:25:19: Server cvar "mp_tkpunish" = "1"
L 03/18/2015 - 00:25:19: Server cvar "mp_windifference" = "1"
L 03/18/2015 - 00:25:19: Server cvar "mp_winlimit" = "0"
L 03/18/2015 - 00:25:19: Server cvar "pausable" = "0"
L 03/18/2015 - 00:25:19: Server cvar "sv_accelerate" = "5"
L 03/18/2015 - 00:25:19: Server cvar "sv_aim" = "0"
L 03/18/2015 - 00:25:19: Server cvar "sv_airaccelerate" = "10"
L 03/18/2015 - 00:25:19: Server cvar "sv_airmove" = "1"
L 03/18/2015 - 00:25:19: Server cvar "sv_allowupload" = "1"
L 03/18/2015 - 00:25:19: Server cvar "sv_alltalk" = "0"
L 03/18/2015 - 00:25:19: Server cvar "sv_bounce" = "1"
L 03/18/2015 - 00:25:19: Server cvar "sv_cheats" = "0"
L 03/18/2015 - 00:25:19: Server cvar "sv_clienttrace" = "1"
L 03/18/2015 - 00:25:19: Server cvar "sv_clipmode" = "0"
L 03/18/2015 - 00:25:19: Server cvar "sv_contact" = ""
L 03/18/2015 - 00:25:19: Server cvar "sv_friction" = "4"
L 03/18/2015 - 00:25:19: Server cvar "sv_gravity" = "800"
L 03/18/2015 - 00:25:19: Server cvar "sv_logblocks" = "0"
L 03/18/2015 - 00:25:19: Server cvar "sv_maxrate" = "50000"
L 03/18/2015 - 00:25:19: Server cvar "sv_maxspeed" = "900"
L 03/18/2015 - 00:25:19: Server cvar "sv_minrate" = "100000"
L 03/18/2015 - 00:25:19: Server cvar "sv_password" = ""
L 03/18/2015 - 00:25:19: Server cvar "sv_proxies" = "0"
L 03/18/2015 - 00:25:19: Server cvar "sv_region" = "255"
L 03/18/2015 - 00:25:19: Server cvar "sv_restart" = "0"
L 03/18/2015 - 00:25:19: Server cvar "sv_restartround" = "0"
L 03/18/2015 - 00:25:19: Server cvar "sv_stepsize" = "18"
L 03/18/2015 - 00:25:19: Server cvar "sv_stopspeed" = "75"
L 03/18/2015 - 00:25:19: Server cvar "sv_uploadmax" = "0.5"
L 03/18/2015 - 00:25:19: Server cvar "sv_voiceenable" = "1"
L 03/18/2015 - 00:25:19: Server cvar "sv_wateraccelerate" = "10"
L 03/18/2015 - 00:25:19: Server cvar "sv_waterfriction" = "1"
L 03/18/2015 - 00:25:19: Server cvar "vtc_version" = "80"
L 03/18/2015 - 00:25:19: Server cvars end
L 03/18/2015 - 00:25:19: Server cvar "amx_nextmap" = "de_inferno_2x2"
L 03/18/2015 - 00:25:19: Server cvar "sv_restart" = "1"
L 03/18/2015 - 00:25:19: World triggered "Restart_Round_(1_second)"
L 03/18/2015 - 00:25:19: Team "CT" scored "0" with "0" players
L 03/18/2015 - 00:25:19: Team "TERRORIST" scored "0" with "0" players
L 03/18/2015 - 00:25:19: Server cvar "sv_restart" = "0"
L 03/18/2015 - 00:25:19: Started map "$2000$" (CRC "-1688392397")
L 03/18/2015 - 00:25:20: [VTC] Player 2 speex
L 03/18/2015 - 00:25:22: "[EAsportsMEN] | 4ANHNK<1><STEAM_0:4:1996475653><>" entered the game
L 03/18/2015 - 00:25:23: "PSIX<2><STEAM_0:4:1199365><>" entered the game
L 03/18/2015 - 00:25:23: "[EAsportsMEN] | 4ANHNK<1><STEAM_0:4:1996475653><>" joined team "TERRORIST"
L 03/18/2015 - 00:25:24: World triggered "Round_Start"
L 03/18/2015 - 00:25:25: "PSIX<2><STEAM_0:4:1199365><>" joined team "CT"
L 03/18/2015 - 00:25:26: World triggered "Game_Commencing"
L 03/18/2015 - 00:25:26: World triggered "Game_Commencing" (CT "0") (T "0")
L 03/18/2015 - 00:25:26: World triggered "Round_End"
L 03/18/2015 - 00:25:34: World triggered "Round_Start"
L 03/18/2015 - 00:25:41: "PSIX<2><STEAM_0:4:1199365><CT>" attacked "[EAsportsMEN] | 4ANHNK<1><STEAM_0:4:1996475653><TERRORIST>" with "m4a1" (damage "116") (damage_armor "0") (health "-16") (armor "0")
L 03/18/2015 - 00:25:41: "PSIX<2><STEAM_0:4:1199365><CT>" killed "[EAsportsMEN] | 4ANHNK<1><STEAM_0:4:1996475653><TERRORIST>" with "m4a1"
L 03/18/2015 - 00:25:41: Team "CT" triggered "CTs_Win" (CT "1") (T "0")
L 03/18/2015 - 00:25:41: World triggered "Round_End"
L 03/18/2015 - 00:25:51: World triggered "Round_Start"
L 03/18/2015 - 00:25:54: "[EAsportsMEN] | 4ANHNK<1><STEAM_0:4:1996475653><TERRORIST>" attacked "PSIX<2><STEAM_0:4:1199365><CT>" with "mp5navy" (damage "20") (damage_armor "0") (health "80") (armor "0")
L 03/18/2015 - 00:25:54: "[EAsportsMEN] | 4ANHNK<1><STEAM_0:4:1996475653><TERRORIST>" attacked "PSIX<2><STEAM_0:4:1199365><CT>" with "mp5navy" (damage "20") (damage_armor "0") (health "60") (armor "0")
L 03/18/2015 - 00:25:55: "[EAsportsMEN] | 4ANHNK<1><STEAM_0:4:1996475653><TERRORIST>" attacked "PSIX<2><STEAM_0:4:1199365><CT>" with "mp5navy" (damage "20") (damage_armor "0") (health "40") (armor "0")
L 03/18/2015 - 00:25:55: "[EAsportsMEN] | 4ANHNK<1><STEAM_0:4:1996475653><TERRORIST>" attacked "PSIX<2><STEAM_0:4:1199365><CT>" with "mp5navy" (damage "80") (damage_armor "0") (health "-40") (armor "0")
L 03/18/2015 - 00:25:55: "[EAsportsMEN] | 4ANHNK<1><STEAM_0:4:1996475653><TERRORIST>" killed "PSIX<2><STEAM_0:4:1199365><CT>" with "mp5navy"
L 03/18/2015 - 00:25:55: Team "TERRORIST" triggered "Terrorists_Win" (CT "1") (T "1")
L 03/18/2015 - 00:25:55: World triggered "Round_End"
L 03/18/2015 - 00:26:05: World triggered "Round_Start"
L 03/18/2015 - 00:26:23: "PSIX<2><STEAM_0:4:1199365><CT>" attacked "[EAsportsMEN] | 4ANHNK<1><STEAM_0:4:1996475653><TERRORIST>" with "ak47" (damage "35") (damage_armor "0") (health "36") (armor "0")
L 03/18/2015 - 00:26:23: "PSIX<2><STEAM_0:4:1199365><CT>" attacked "[EAsportsMEN] | 4ANHNK<1><STEAM_0:4:1996475653><TERRORIST>" with "ak47" (damage "35") (damage_armor "0") (health "1") (armor "0")
L 03/18/2015 - 00:26:23: "PSIX<2><STEAM_0:4:1199365><CT>" attacked "[EAsportsMEN] | 4ANHNK<1><STEAM_0:4:1996475653><TERRORIST>" with "ak47" (damage "43") (damage_armor "0") (health "-42") (armor "0")
L 03/18/2015 - 00:26:23: "PSIX<2><STEAM_0:4:1199365><CT>" killed "[EAsportsMEN] | 4ANHNK<1><STEAM_0:4:1996475653><TERRORIST>" with "ak47"
L 03/18/2015 - 00:26:23: Team "CT" triggered "CTs_Win" (CT "2") (T "1")
L 03/18/2015 - 00:26:23: World triggered "Round_End"
L 03/18/2015 - 00:26:33: World triggered "Round_Start"
L 03/18/2015 - 00:26:48: "[EAsportsMEN] | 4ANHNK<1><STEAM_0:4:1996475653><TERRORIST>" attacked "PSIX<2><STEAM_0:4:1199365><CT>" with "ak47" (damage "34") (damage_armor "0") (health "66") (armor "0")
L 03/18/2015 - 00:26:48: "[EAsportsMEN] | 4ANHNK<1><STEAM_0:4:1996475653><TERRORIST>" attacked "PSIX<2><STEAM_0:4:1199365><CT>" with "ak47" (damage "136") (damage_armor "0") (health "-70") (armor "0")
L 03/18/2015 - 00:26:48: "[EAsportsMEN] | 4ANHNK<1><STEAM_0:4:1996475653><TERRORIST>" killed "PSIX<2><STEAM_0:4:1199365><CT>" with "ak47"
L 03/18/2015 - 00:26:48: Team "TERRORIST" triggered "Terrorists_Win" (CT "2") (T "2")
L 03/18/2015 - 00:26:48: World triggered "Round_End"
L 03/18/2015 - 00:26:58: World triggered "Round_Start"
L 03/18/2015 - 00:27:00: "PSIX<2><STEAM_0:4:1199365><CT>" attacked "[EAsportsMEN] | 4ANHNK<1><STEAM_0:4:1996475653><TERRORIST>" with "aug" (damage "28") (damage_armor "0") (health "72") (armor "0")
L 03/18/2015 - 00:27:00: "[EAsportsMEN] | 4ANHNK<1><STEAM_0:4:1996475653><TERRORIST>" attacked "PSIX<2><STEAM_0:4:1199365><CT>" with "ak47" (damage "41") (damage_armor "0") (health "59") (armor "0")
L 03/18/2015 - 00:27:01: "[EAsportsMEN] | 4ANHNK<1><STEAM_0:4:1996475653><TERRORIST>" attacked "PSIX<2><STEAM_0:4:1199365><CT>" with "ak47" (damage "41") (damage_armor "0") (health "18") (armor "0")
L 03/18/2015 - 00:27:01: "[EAsportsMEN] | 4ANHNK<1><STEAM_0:4:1996475653><TERRORIST>" attacked "PSIX<2><STEAM_0:4:1199365><CT>" with "ak47" (damage "33") (damage_armor "0") (health "-15") (armor "0")
L 03/18/2015 - 00:27:01: "[EAsportsMEN] | 4ANHNK<1><STEAM_0:4:1996475653><TERRORIST>" killed "PSIX<2><STEAM_0:4:1199365><CT>" with "ak47"
L 03/18/2015 - 00:27:01: Team "TERRORIST" triggered "Terrorists_Win" (CT "2") (T "3")
L 03/18/2015 - 00:27:01: World triggered "Round_End"
L 03/18/2015 - 00:27:11: World triggered "Round_Start"
L 03/18/2015 - 00:27:15: "PSIX<2><STEAM_0:4:1199365><CT>" attacked "[EAsportsMEN] | 4ANHNK<1><STEAM_0:4:1996475653><TERRORIST>" with "ak47" (damage "136") (damage_armor "0") (health "-36") (armor "0")
L 03/18/2015 - 00:27:15: "PSIX<2><STEAM_0:4:1199365><CT>" killed "[EAsportsMEN] | 4ANHNK<1><STEAM_0:4:1996475653><TERRORIST>" with "ak47"
L 03/18/2015 - 00:27:15: Team "CT" triggered "CTs_Win" (CT "3") (T "3")
L 03/18/2015 - 00:27:15: World triggered "Round_End"
L 03/18/2015 - 00:27:25: World triggered "Round_Start"
L 03/18/2015 - 00:27:35: "PSIX<2><STEAM_0:4:1199365><CT>" attacked "[EAsportsMEN] | 4ANHNK<1><STEAM_0:4:1996475653><TERRORIST>" with "ak47" (damage "25") (damage_armor "0") (health "75") (armor "0")
L 03/18/2015 - 00:27:41: "[EAsportsMEN] | 4ANHNK<1><STEAM_0:4:1996475653><TERRORIST>" attacked "PSIX<2><STEAM_0:4:1199365><CT>" with "m4a1" (damage "29") (damage_armor "0") (health "51") (armor "0")
L 03/18/2015 - 00:27:41: "[EAsportsMEN] | 4ANHNK<1><STEAM_0:4:1996475653><TERRORIST>" attacked "PSIX<2><STEAM_0:4:1199365><CT>" with "m4a1" (damage "29") (damage_armor "0") (health "22") (armor "0")
L 03/18/2015 - 00:27:42: "[EAsportsMEN] | 4ANHNK<1><STEAM_0:4:1996475653><TERRORIST>" attacked "PSIX<2><STEAM_0:4:1199365><CT>" with "m4a1" (damage "29") (damage_armor "0") (health "-7") (armor "0")
L 03/18/2015 - 00:27:42: "[EAsportsMEN] | 4ANHNK<1><STEAM_0:4:1996475653><TERRORIST>" killed "PSIX<2><STEAM_0:4:1199365><CT>" with "m4a1"
L 03/18/2015 - 00:27:42: Team "TERRORIST" triggered "Terrorists_Win" (CT "3") (T "4")
L 03/18/2015 - 00:27:42: World triggered "Round_End"
L 03/18/2015 - 00:27:52: World triggered "Round_Start"
L 03/18/2015 - 00:27:55: "[EAsportsMEN] | 4ANHNK<1><STEAM_0:4:1996475653><TERRORIST>" attacked "PSIX<2><STEAM_0:4:1199365><CT>" with "m4a1" (damage "31") (damage_armor "0") (health "69") (armor "0")
L 03/18/2015 - 00:27:55: "PSIX<2><STEAM_0:4:1199365><CT>" attacked "[EAsportsMEN] | 4ANHNK<1><STEAM_0:4:1996475653><TERRORIST>" with "m4a1" (damage "21") (damage_armor "5") (health "79") (armor "95")
L 03/18/2015 - 00:27:55: "PSIX<2><STEAM_0:4:1199365><CT>" attacked "[EAsportsMEN] | 4ANHNK<1><STEAM_0:4:1996475653><TERRORIST>" with "m4a1" (damage "21") (damage_armor "4") (health "58") (armor "91")
L 03/18/2015 - 00:27:55: "[EAsportsMEN] | 4ANHNK<1><STEAM_0:4:1996475653><TERRORIST>" attacked "PSIX<2><STEAM_0:4:1199365><CT>" with "m4a1" (damage "31") (damage_armor "0") (health "38") (armor "0")
L 03/18/2015 - 00:27:55: "PSIX<2><STEAM_0:4:1199365><CT>" attacked "[EAsportsMEN] | 4ANHNK<1><STEAM_0:4:1996475653><TERRORIST>" with "m4a1" (damage "22") (damage_armor "0") (health "36") (armor "91")
L 03/18/2015 - 00:27:55: "PSIX<2><STEAM_0:4:1199365><CT>" attacked "[EAsportsMEN] | 4ANHNK<1><STEAM_0:4:1996475653><TERRORIST>" with "m4a1" (damage "22") (damage_armor "0") (health "14") (armor "91")
L 03/18/2015 - 00:27:55: "[EAsportsMEN] | 4ANHNK<1><STEAM_0:4:1996475653><TERRORIST>" attacked "PSIX<2><STEAM_0:4:1199365><CT>" with "m4a1" (damage "31") (damage_armor "0") (health "7") (armor "0")
L 03/18/2015 - 00:27:55: "[EAsportsMEN] | 4ANHNK<1><STEAM_0:4:1996475653><TERRORIST>" attacked "PSIX<2><STEAM_0:4:1199365><CT>" with "m4a1" (damage "31") (damage_armor "0") (health "-24") (armor "0")
L 03/18/2015 - 00:27:55: "[EAsportsMEN] | 4ANHNK<1><STEAM_0:4:1996475653><TERRORIST>" killed "PSIX<2><STEAM_0:4:1199365><CT>" with "m4a1"
L 03/18/2015 - 00:27:55: Team "TERRORIST" triggered "Terrorists_Win" (CT "3") (T "5")
L 03/18/2015 - 00:27:55: World triggered "Round_End"
L 03/18/2015 - 00:28:05: World triggered "Round_Start"
L 03/18/2015 - 00:28:10: "[EAsportsMEN] | 4ANHNK<1><STEAM_0:4:1996475653><TERRORIST>" attacked "PSIX<2><STEAM_0:4:1199365><CT>" with "m4a1" (damage "37") (damage_armor "0") (health "-19") (armor "0")
L 03/18/2015 - 00:28:10: "[EAsportsMEN] | 4ANHNK<1><STEAM_0:4:1996475653><TERRORIST>" killed "PSIX<2><STEAM_0:4:1199365><CT>" with "m4a1"
L 03/18/2015 - 00:28:10: Team "TERRORIST" triggered "Terrorists_Win" (CT "3") (T "6")
L 03/18/2015 - 00:28:10: World triggered "Round_End"
L 03/18/2015 - 00:28:20: World triggered "Round_Start"
L 03/18/2015 - 00:28:28: "[EAsportsMEN] | 4ANHNK<1><STEAM_0:4:1996475653><TERRORIST>" attacked "PSIX<2><STEAM_0:4:1199365><CT>" with "m4a1" (damage "112") (damage_armor "0") (health "-12") (armor "0")
L 03/18/2015 - 00:28:28: "[EAsportsMEN] | 4ANHNK<1><STEAM_0:4:1996475653><TERRORIST>" killed "PSIX<2><STEAM_0:4:1199365><CT>" with "m4a1"
L 03/18/2015 - 00:28:28: Team "TERRORIST" triggered "Terrorists_Win" (CT "3") (T "7")
L 03/18/2015 - 00:28:28: World triggered "Round_End"
L 03/18/2015 - 00:28:38: World triggered "Round_Start"
L 03/18/2015 - 00:28:43: "[EAsportsMEN] | 4ANHNK<1><STEAM_0:4:1996475653><TERRORIST>" attacked "PSIX<2><STEAM_0:4:1199365><CT>" with "m4a1" (damage "29") (damage_armor "0") (health "71") (armor "0")
L 03/18/2015 - 00:28:43: "[EAsportsMEN] | 4ANHNK<1><STEAM_0:4:1996475653><TERRORIST>" attacked "PSIX<2><STEAM_0:4:1199365><CT>" with "m4a1" (damage "29") (damage_armor "0") (health "42") (armor "0")
L 03/18/2015 - 00:28:43: "[EAsportsMEN] | 4ANHNK<1><STEAM_0:4:1996475653><TERRORIST>" attacked "PSIX<2><STEAM_0:4:1199365><CT>" with "m4a1" (damage "29") (damage_armor "0") (health "13") (armor "0")
L 03/18/2015 - 00:28:43: "[EAsportsMEN] | 4ANHNK<1><STEAM_0:4:1996475653><TERRORIST>" attacked "PSIX<2><STEAM_0:4:1199365><CT>" with "m4a1" (damage "36") (damage_armor "0") (health "-23") (armor "0")
L 03/18/2015 - 00:28:43: "[EAsportsMEN] | 4ANHNK<1><STEAM_0:4:1996475653><TERRORIST>" killed "PSIX<2><STEAM_0:4:1199365><CT>" with "m4a1"
L 03/18/2015 - 00:28:43: Team "TERRORIST" triggered "Terrorists_Win" (CT "3") (T "8")
L 03/18/2015 - 00:28:43: World triggered "Round_End"
L 03/18/2015 - 00:28:53: World triggered "Round_Start"
L 03/18/2015 - 00:29:14: "PSIX<2><STEAM_0:4:1199365><CT>" attacked "[EAsportsMEN] | 4ANHNK<1><STEAM_0:4:1996475653><TERRORIST>" with "m4a1" (damage "20") (damage_armor "5") (health "80") (armor "95")
L 03/18/2015 - 00:29:16: "[EAsportsMEN] | 4ANHNK<1><STEAM_0:4:1996475653><TERRORIST>" attacked "PSIX<2><STEAM_0:4:1199365><CT>" with "m4a1" (damage "21") (damage_armor "0") (health "79") (armor "0")
L 03/18/2015 - 00:29:16: "[EAsportsMEN] | 4ANHNK<1><STEAM_0:4:1996475653><TERRORIST>" attacked "PSIX<2><STEAM_0:4:1199365><CT>" with "m4a1" (damage "36") (damage_armor "0") (health "43") (armor "0")
L 03/18/2015 - 00:29:16: "[EAsportsMEN] | 4ANHNK<1><STEAM_0:4:1996475653><TERRORIST>" attacked "PSIX<2><STEAM_0:4:1199365><CT>" with "m4a1" (damage "36") (damage_armor "0") (health "7") (armor "0")
L 03/18/2015 - 00:29:17: "[EAsportsMEN] | 4ANHNK<1><STEAM_0:4:1996475653><TERRORIST>" attacked "PSIX<2><STEAM_0:4:1199365><CT>" with "m4a1" (damage "29") (damage_armor "0") (health "-22") (armor "0")
L 03/18/2015 - 00:29:17: "[EAsportsMEN] | 4ANHNK<1><STEAM_0:4:1996475653><TERRORIST>" killed "PSIX<2><STEAM_0:4:1199365><CT>" with "m4a1"
L 03/18/2015 - 00:29:17: Team "TERRORIST" triggered "Terrorists_Win" (CT "3") (T "9")
L 03/18/2015 - 00:29:17: World triggered "Round_End"
L 03/18/2015 - 00:29:27: World triggered "Round_Start"
L 03/18/2015 - 00:30:13: "[EAsportsMEN] | 4ANHNK<1><STEAM_0:4:1996475653><TERRORIST>" attacked "PSIX<2><STEAM_0:4:1199365><CT>" with "m4a1" (damage "32") (damage_armor "0") (health "68") (armor "0")
L 03/18/2015 - 00:30:14: "[EAsportsMEN] | 4ANHNK<1><STEAM_0:4:1996475653><TERRORIST>" attacked "PSIX<2><STEAM_0:4:1199365><CT>" with "m4a1" (damage "32") (damage_armor "0") (health "36") (armor "0")
L 03/18/2015 - 00:30:14: "[EAsportsMEN] | 4ANHNK<1><STEAM_0:4:1996475653><TERRORIST>" attacked "PSIX<2><STEAM_0:4:1199365><CT>" with "m4a1" (damage "32") (damage_armor "0") (health "4") (armor "0")
L 03/18/2015 - 00:30:14: "[EAsportsMEN] | 4ANHNK<1><STEAM_0:4:1996475653><TERRORIST>" attacked "PSIX<2><STEAM_0:4:1199365><CT>" with "m4a1" (damage "32") (damage_armor "0") (health "-28") (armor "0")
L 03/18/2015 - 00:30:14: "[EAsportsMEN] | 4ANHNK<1><STEAM_0:4:1996475653><TERRORIST>" killed "PSIX<2><STEAM_0:4:1199365><CT>" with "m4a1"
L 03/18/2015 - 00:30:14: Team "TERRORIST" triggered "Terrorists_Win" (CT "3") (T "10")
L 03/18/2015 - 00:30:14: World triggered "Round_End"
L 03/18/2015 - 00:30:24: World triggered "Round_Start"
L 03/18/2015 - 00:30:36: "[EAsportsMEN] | 4ANHNK<1><STEAM_0:4:1996475653><TERRORIST>" attacked "PSIX<2><STEAM_0:4:1199365><CT>" with "m4a1" (damage "31") (damage_armor "0") (health "69") (armor "0")
L 03/18/2015 - 00:30:36: "[EAsportsMEN] | 4ANHNK<1><STEAM_0:4:1996475653><TERRORIST>" attacked "PSIX<2><STEAM_0:4:1199365><CT>" with "m4a1" (damage "31") (damage_armor "0") (health "38") (armor "0")
L 03/18/2015 - 00:30:36: "[EAsportsMEN] | 4ANHNK<1><STEAM_0:4:1996475653><TERRORIST>" attacked "PSIX<2><STEAM_0:4:1199365><CT>" with "m4a1" (damage "31") (damage_armor "0") (health "7") (armor "0")
L 03/18/2015 - 00:30:37: "[EAsportsMEN] | 4ANHNK<1><STEAM_0:4:1996475653><TERRORIST>" attacked "PSIX<2><STEAM_0:4:1199365><CT>" with "m4a1" (damage "124") (damage_armor "0") (health "-117") (armor "0")
L 03/18/2015 - 00:30:37: "[EAsportsMEN] | 4ANHNK<1><STEAM_0:4:1996475653><TERRORIST>" killed "PSIX<2><STEAM_0:4:1199365><CT>" with "m4a1"
L 03/18/2015 - 00:30:37: Team "TERRORIST" triggered "Terrorists_Win" (CT "3") (T "11")
L 03/18/2015 - 00:30:37: World triggered "Round_End"
L 03/18/2015 - 00:30:47: World triggered "Round_Start"
L 03/18/2015 - 00:30:55: "PSIX<2><STEAM_0:4:1199365><CT>" attacked "[EAsportsMEN] | 4ANHNK<1><STEAM_0:4:1996475653><TERRORIST>" with "ak47" (damage "32") (damage_armor "5") (health "68") (armor "87")
L 03/18/2015 - 00:30:56: "PSIX<2><STEAM_0:4:1199365><CT>" attacked "[EAsportsMEN] | 4ANHNK<1><STEAM_0:4:1996475653><TERRORIST>" with "ak47" (damage "26") (damage_armor "4") (health "42") (armor "83")
L 03/18/2015 - 00:30:56: "PSIX<2><STEAM_0:4:1199365><CT>" attacked "[EAsportsMEN] | 4ANHNK<1><STEAM_0:4:1996475653><TERRORIST>" with "ak47" (damage "26") (damage_armor "3") (health "16") (armor "80")
L 03/18/2015 - 00:30:56: "[EAsportsMEN] | 4ANHNK<1><STEAM_0:4:1996475653><TERRORIST>" attacked "PSIX<2><STEAM_0:4:1199365><CT>" with "m4a1" (damage "29") (damage_armor "0") (health "71") (armor "0")
L 03/18/2015 - 00:30:56: "PSIX<2><STEAM_0:4:1199365><CT>" attacked "[EAsportsMEN] | 4ANHNK<1><STEAM_0:4:1996475653><TERRORIST>" with "ak47" (damage "25") (damage_armor "0") (health "-9") (armor "80")
L 03/18/2015 - 00:30:56: "PSIX<2><STEAM_0:4:1199365><CT>" killed "[EAsportsMEN] | 4ANHNK<1><STEAM_0:4:1996475653><TERRORIST>" with "ak47"
L 03/18/2015 - 00:30:56: Team "CT" triggered "CTs_Win" (CT "4") (T "11")
L 03/18/2015 - 00:30:56: World triggered "Round_End"
L 03/18/2015 - 00:31:06: World triggered "Round_Start"
L 03/18/2015 - 00:31:17: "[EAsportsMEN] | 4ANHNK<1><STEAM_0:4:1996475653><TERRORIST>" attacked "PSIX<2><STEAM_0:4:1199365><CT>" with "m4a1" (damage "23") (damage_armor "0") (health "77") (armor "0")
L 03/18/2015 - 00:31:17: "[EAsportsMEN] | 4ANHNK<1><STEAM_0:4:1996475653><TERRORIST>" attacked "PSIX<2><STEAM_0:4:1199365><CT>" with "m4a1" (damage "38") (damage_armor "0") (health "39") (armor "0")
L 03/18/2015 - 00:31:17: "[EAsportsMEN] | 4ANHNK<1><STEAM_0:4:1996475653><TERRORIST>" attacked "PSIX<2><STEAM_0:4:1199365><CT>" with "m4a1" (damage "31") (damage_armor "0") (health "8") (armor "0")
L 03/18/2015 - 00:31:17: "[EAsportsMEN] | 4ANHNK<1><STEAM_0:4:1996475653><TERRORIST>" attacked "PSIX<2><STEAM_0:4:1199365><CT>" with "m4a1" (damage "124") (damage_armor "0") (health "-116") (armor "0")
L 03/18/2015 - 00:31:17: "[EAsportsMEN] | 4ANHNK<1><STEAM_0:4:1996475653><TERRORIST>" killed "PSIX<2><STEAM_0:4:1199365><CT>" with "m4a1"
L 03/18/2015 - 00:31:17: Team "TERRORIST" triggered "Terrorists_Win" (CT "4") (T "12")
L 03/18/2015 - 00:31:17: World triggered "Round_End"
L 03/18/2015 - 00:31:27: World triggered "Round_Start"
L 03/18/2015 - 00:31:30: "PSIX<2><STEAM_0:4:1199365><CT>" attacked "[EAsportsMEN] | 4ANHNK<1><STEAM_0:4:1996475653><TERRORIST>" with "ak47" (damage "25") (damage_armor "0") (health "75") (armor "0")
L 03/18/2015 - 00:31:30: "PSIX<2><STEAM_0:4:1199365><CT>" attacked "[EAsportsMEN] | 4ANHNK<1><STEAM_0:4:1996475653><TERRORIST>" with "ak47" (damage "34") (damage_armor "0") (health "41") (armor "0")
L 03/18/2015 - 00:31:30: "[EAsportsMEN] | 4ANHNK<1><STEAM_0:4:1996475653><TERRORIST>" attacked "PSIX<2><STEAM_0:4:1199365><CT>" with "m4a1" (damage "29") (damage_armor "0") (health "71") (armor "0")
L 03/18/2015 - 00:31:31: "PSIX<2><STEAM_0:4:1199365><CT>" attacked "[EAsportsMEN] | 4ANHNK<1><STEAM_0:4:1996475653><TERRORIST>" with "ak47" (damage "25") (damage_armor "0") (health "16") (armor "0")
L 03/18/2015 - 00:31:31: "[EAsportsMEN] | 4ANHNK<1><STEAM_0:4:1996475653><TERRORIST>" attacked "PSIX<2><STEAM_0:4:1199365><CT>" with "m4a1" (damage "36") (damage_armor "0") (health "35") (armor "0")
L 03/18/2015 - 00:31:31: "PSIX<2><STEAM_0:4:1199365><CT>" attacked "[EAsportsMEN] | 4ANHNK<1><STEAM_0:4:1996475653><TERRORIST>" with "ak47" (damage "136") (damage_armor "0") (health "-120") (armor "0")
L 03/18/2015 - 00:31:31: "PSIX<2><STEAM_0:4:1199365><CT>" killed "[EAsportsMEN] | 4ANHNK<1><STEAM_0:4:1996475653><TERRORIST>" with "ak47"
L 03/18/2015 - 00:31:31: Team "CT" triggered "CTs_Win" (CT "5") (T "12")
L 03/18/2015 - 00:31:31: World triggered "Round_End"
L 03/18/2015 - 00:31:41: World triggered "Round_Start"
L 03/18/2015 - 00:31:43: "[EAsportsMEN] | 4ANHNK<1><STEAM_0:4:1996475653><TERRORIST>" attacked "PSIX<2><STEAM_0:4:1199365><CT>" with "ak47" (damage "136") (damage_armor "0") (health "-36") (armor "0")
L 03/18/2015 - 00:31:43: "[EAsportsMEN] | 4ANHNK<1><STEAM_0:4:1996475653><TERRORIST>" killed "PSIX<2><STEAM_0:4:1199365><CT>" with "ak47"
L 03/18/2015 - 00:31:43: Team "TERRORIST" triggered "Terrorists_Win" (CT "5") (T "13")
L 03/18/2015 - 00:31:43: World triggered "Round_End"
L 03/18/2015 - 00:31:53: World triggered "Round_Start"
L 03/18/2015 - 00:32:07: "[EAsportsMEN] | 4ANHNK<1><STEAM_0:4:1996475653><TERRORIST>" attacked "PSIX<2><STEAM_0:4:1199365><CT>" with "p228" (damage "92") (damage_armor "0") (health "8") (armor "0")
L 03/18/2015 - 00:32:07: "[EAsportsMEN] | 4ANHNK<1><STEAM_0:4:1996475653><TERRORIST>" attacked "PSIX<2><STEAM_0:4:1199365><CT>" with "p228" (damage "23") (damage_armor "0") (health "-15") (armor "0")
L 03/18/2015 - 00:32:07: "[EAsportsMEN] | 4ANHNK<1><STEAM_0:4:1996475653><TERRORIST>" killed "PSIX<2><STEAM_0:4:1199365><CT>" with "p228"
L 03/18/2015 - 00:32:07: Team "TERRORIST" triggered "Terrorists_Win" (CT "5") (T "14")
L 03/18/2015 - 00:32:07: World triggered "Round_End"
L 03/18/2015 - 00:32:17: World triggered "Round_Start"
L 03/18/2015 - 00:32:29: "[EAsportsMEN] | 4ANHNK<1><STEAM_0:4:1996475653><TERRORIST>" attacked "PSIX<2><STEAM_0:4:1199365><CT>" with "ak47" (damage "25") (damage_armor "0") (health "60") (armor "0")
L 03/18/2015 - 00:32:29: "[EAsportsMEN] | 4ANHNK<1><STEAM_0:4:1996475653><TERRORIST>" attacked "PSIX<2><STEAM_0:4:1199365><CT>" with "ak47" (damage "136") (damage_armor "0") (health "-76") (armor "0")
L 03/18/2015 - 00:32:29: "[EAsportsMEN] | 4ANHNK<1><STEAM_0:4:1996475653><TERRORIST>" killed "PSIX<2><STEAM_0:4:1199365><CT>" with "ak47"
L 03/18/2015 - 00:32:29: Team "TERRORIST" triggered "Terrorists_Win" (CT "5") (T "15")
L 03/18/2015 - 00:32:29: World triggered "Round_End"
L 03/18/2015 - 00:32:39: World triggered "Round_Start"
L 03/18/2015 - 00:32:46: "[EAsportsMEN] | 4ANHNK<1><STEAM_0:4:1996475653><TERRORIST>" attacked "PSIX<2><STEAM_0:4:1199365><CT>" with "ak47" (damage "136") (damage_armor "0") (health "-42") (armor "0")
L 03/18/2015 - 00:32:46: "[EAsportsMEN] | 4ANHNK<1><STEAM_0:4:1996475653><TERRORIST>" killed "PSIX<2><STEAM_0:4:1199365><CT>" with "ak47"
L 03/18/2015 - 00:32:46: Team "TERRORIST" triggered "Terrorists_Win" (CT "5") (T "16")
L 03/18/2015 - 00:32:46: World triggered "Round_End"
L 03/18/2015 - 00:32:56: World triggered "Round_Start"
L 03/18/2015 - 00:33:06: "[EAsportsMEN] | 4ANHNK<1><STEAM_0:4:1996475653><TERRORIST>" attacked "PSIX<2><STEAM_0:4:1199365><CT>" with "p228" (damage "23") (damage_armor "0") (health "39") (armor "0")
L 03/18/2015 - 00:33:08: "[EAsportsMEN] | 4ANHNK<1><STEAM_0:4:1996475653><TERRORIST>" attacked "PSIX<2><STEAM_0:4:1199365><CT>" with "ak47" (damage "140") (damage_armor "0") (health "-101") (armor "0")
L 03/18/2015 - 00:33:08: "[EAsportsMEN] | 4ANHNK<1><STEAM_0:4:1996475653><TERRORIST>" killed "PSIX<2><STEAM_0:4:1199365><CT>" with "ak47"
L 03/18/2015 - 00:33:08: Team "TERRORIST" triggered "Terrorists_Win" (CT "5") (T "17")
L 03/18/2015 - 00:33:08: World triggered "Round_End"
L 03/18/2015 - 00:33:18: World triggered "Round_Start"
L 03/18/2015 - 00:33:25: "[EAsportsMEN] | 4ANHNK<1><STEAM_0:4:1996475653><TERRORIST>" attacked "PSIX<2><STEAM_0:4:1199365><CT>" with "deagle" (damage "164") (damage_armor "0") (health "-64") (armor "0")
L 03/18/2015 - 00:33:25: "[EAsportsMEN] | 4ANHNK<1><STEAM_0:4:1996475653><TERRORIST>" killed "PSIX<2><STEAM_0:4:1199365><CT>" with "deagle"
L 03/18/2015 - 00:33:25: Team "TERRORIST" triggered "Terrorists_Win" (CT "5") (T "18")
L 03/18/2015 - 00:33:25: World triggered "Round_End"
L 03/18/2015 - 00:33:35: World triggered "Round_Start"
L 03/18/2015 - 00:34:00: "[EAsportsMEN] | 4ANHNK<1><STEAM_0:4:1996475653><TERRORIST>" attacked "PSIX<2><STEAM_0:4:1199365><CT>" with "deagle" (damage "29") (damage_armor "0") (health "71") (armor "0")
L 03/18/2015 - 00:34:01: "PSIX<2><STEAM_0:4:1199365><CT>" attacked "[EAsportsMEN] | 4ANHNK<1><STEAM_0:4:1996475653><TERRORIST>" with "m4a1" (damage "20") (damage_armor "5") (health "80") (armor "95")
L 03/18/2015 - 00:34:01: "[EAsportsMEN] | 4ANHNK<1><STEAM_0:4:1996475653><TERRORIST>" attacked "PSIX<2><STEAM_0:4:1199365><CT>" with "deagle" (damage "116") (damage_armor "0") (health "-45") (armor "0")
L 03/18/2015 - 00:34:01: "[EAsportsMEN] | 4ANHNK<1><STEAM_0:4:1996475653><TERRORIST>" killed "PSIX<2><STEAM_0:4:1199365><CT>" with "deagle"
L 03/18/2015 - 00:34:01: Team "TERRORIST" triggered "Terrorists_Win" (CT "5") (T "19")
L 03/18/2015 - 00:34:01: World triggered "Round_End"
L 03/18/2015 - 00:34:11: World triggered "Round_Start"
L 03/18/2015 - 00:34:25: "PSIX<2><STEAM_0:4:1199365><CT>" attacked "[EAsportsMEN] | 4ANHNK<1><STEAM_0:4:1996475653><TERRORIST>" with "m4a1" (damage "21") (damage_armor "5") (health "67") (armor "84")
L 03/18/2015 - 00:34:25: "PSIX<2><STEAM_0:4:1199365><CT>" attacked "[EAsportsMEN] | 4ANHNK<1><STEAM_0:4:1996475653><TERRORIST>" with "m4a1" (damage "21") (damage_armor "4") (health "46") (armor "80")
L 03/18/2015 - 00:34:25: "PSIX<2><STEAM_0:4:1199365><CT>" attacked "[EAsportsMEN] | 4ANHNK<1><STEAM_0:4:1996475653><TERRORIST>" with "m4a1" (damage "21") (damage_armor "5") (health "25") (armor "75")
L 03/18/2015 - 00:34:25: "PSIX<2><STEAM_0:4:1199365><CT>" attacked "[EAsportsMEN] | 4ANHNK<1><STEAM_0:4:1996475653><TERRORIST>" with "m4a1" (damage "21") (damage_armor "5") (health "4") (armor "70")
L 03/18/2015 - 00:34:25: "PSIX<2><STEAM_0:4:1199365><CT>" attacked "[EAsportsMEN] | 4ANHNK<1><STEAM_0:4:1996475653><TERRORIST>" with "m4a1" (damage "21") (damage_armor "4") (health "-17") (armor "66")
L 03/18/2015 - 00:34:25: "PSIX<2><STEAM_0:4:1199365><CT>" killed "[EAsportsMEN] | 4ANHNK<1><STEAM_0:4:1996475653><TERRORIST>" with "m4a1"
L 03/18/2015 - 00:34:25: Team "CT" triggered "CTs_Win" (CT "6") (T "19")
L 03/18/2015 - 00:34:25: World triggered "Round_End"
L 03/18/2015 - 00:34:35: World triggered "Round_Start"
L 03/18/2015 - 00:34:41: "PSIX<2><STEAM_0:4:1199365><CT>" attacked "[EAsportsMEN] | 4ANHNK<1><STEAM_0:4:1996475653><TERRORIST>" with "ak47" (damage "42") (damage_armor "0") (health "58") (armor "0")
L 03/18/2015 - 00:34:42: "PSIX<2><STEAM_0:4:1199365><CT>" attacked "[EAsportsMEN] | 4ANHNK<1><STEAM_0:4:1996475653><TERRORIST>" with "ak47" (damage "42") (damage_armor "0") (health "16") (armor "0")
L 03/18/2015 - 00:34:42: "PSIX<2><STEAM_0:4:1199365><CT>" attacked "[EAsportsMEN] | 4ANHNK<1><STEAM_0:4:1996475653><TERRORIST>" with "ak47" (damage "34") (damage_armor "0") (health "-18") (armor "0")
L 03/18/2015 - 00:34:42: "PSIX<2><STEAM_0:4:1199365><CT>" killed "[EAsportsMEN] | 4ANHNK<1><STEAM_0:4:1996475653><TERRORIST>" with "ak47"
L 03/18/2015 - 00:34:42: Team "CT" triggered "CTs_Win" (CT "7") (T "19")
L 03/18/2015 - 00:34:42: World triggered "Round_End"
L 03/18/2015 - 00:34:52: World triggered "Round_Start"
L 03/18/2015 - 00:34:55: "PSIX<2><STEAM_0:4:1199365><CT>" attacked "[EAsportsMEN] | 4ANHNK<1><STEAM_0:4:1996475653><TERRORIST>" with "ak47" (damage "34"