L 03/14/2015 - 19:25:03: Log file started (file "logs/L0314041.log") (game "cstrike") (version "48/1.6.3.7/Stdio/5787")
L 03/14/2015 - 19:25:03: Loading map "de_dust2_2x2"
L 03/14/2015 - 19:25:03: Server cvars start
L 03/14/2015 - 19:25:03: Server cvar "_tutor_bomb_viewable_check_interval" = "0.5"
L 03/14/2015 - 19:25:03: Server cvar "_tutor_debug_level" = "0"
L 03/14/2015 - 19:25:03: Server cvar "_tutor_examine_time" = "0.5"
L 03/14/2015 - 19:25:03: Server cvar "_tutor_hint_interval_time" = "10.0"
L 03/14/2015 - 19:25:03: Server cvar "_tutor_look_angle" = "10"
L 03/14/2015 - 19:25:03: Server cvar "_tutor_look_distance" = "200"
L 03/14/2015 - 19:25:03: Server cvar "_tutor_message_character_display_time_coefficient" = "0.07"
L 03/14/2015 - 19:25:03: Server cvar "_tutor_message_minimum_display_time" = "1"
L 03/14/2015 - 19:25:03: Server cvar "_tutor_message_repeats" = "5"
L 03/14/2015 - 19:25:03: Server cvar "_tutor_view_distance" = "1000"
L 03/14/2015 - 19:25:03: Server cvar "aesp_version" = "1.5b_mini"
L 03/14/2015 - 19:25:03: Server cvar "allow_spectators" = "2"
L 03/14/2015 - 19:25:03: Server cvar "amx_client_languages" = "0"
L 03/14/2015 - 19:25:03: Server cvar "amx_contactinfo" = "ICQ: 691322983"
L 03/14/2015 - 19:25:03: Server cvar "amx_language" = "ru"
L 03/14/2015 - 19:25:03: Server cvar "amx_nextmap" = "fy_pool_day"
L 03/14/2015 - 19:25:03: Server cvar "amx_timeleft" = "05:51"
L 03/14/2015 - 19:25:03: Server cvar "amxbans_ssversion" = "Gm 1.6"
L 03/14/2015 - 19:25:03: Server cvar "amxbans_version" = "Gm 1.6"
L 03/14/2015 - 19:25:03: Server cvar "amxmodx_version" = "1.8.1.3746"
L 03/14/2015 - 19:25:03: Server cvar "Colored Translit Cheat" = "Loaded"
L 03/14/2015 - 19:25:03: Server cvar "Colored Translit Config" = "Loaded"
L 03/14/2015 - 19:25:03: Server cvar "Colored Translit Ignores" = "Loaded"
L 03/14/2015 - 19:25:03: Server cvar "Colored Translit Replace" = "Loaded"
L 03/14/2015 - 19:25:03: Server cvar "Colored Translit Spam" = "Loaded"
L 03/14/2015 - 19:25:03: Server cvar "Colored Translit Status" = "Loaded"
L 03/14/2015 - 19:25:03: Server cvar "Colored Translit Swear" = "Loaded"
L 03/14/2015 - 19:25:03: Server cvar "Colored Translit Version" = "2.0b Final"
L 03/14/2015 - 19:25:03: Server cvar "coop" = "0"
L 03/14/2015 - 19:25:03: Server cvar "deathmatch" = "1"
L 03/14/2015 - 19:25:03: Server cvar "decalfrequency" = "9"
L 03/14/2015 - 19:25:03: Server cvar "dp_version" = "0.9.391"
L 03/14/2015 - 19:25:03: Server cvar "edgefriction" = "2"
L 03/14/2015 - 19:25:03: Server cvar "hostage_debug" = "0"
L 03/14/2015 - 19:25:03: Server cvar "hostage_stop" = "0"
L 03/14/2015 - 19:25:03: Server cvar "humans_join_team" = "any"
L 03/14/2015 - 19:25:03: Server cvar "jtp10181" = "chute"
L 03/14/2015 - 19:25:03: Server cvar "max_queries_sec" = "3.0"
L 03/14/2015 - 19:25:03: Server cvar "max_queries_sec_global" = "30"
L 03/14/2015 - 19:25:03: Server cvar "max_queries_window" = "60"
L 03/14/2015 - 19:25:03: Server cvar "metamod_version" = "1.19p32"
L 03/14/2015 - 19:25:03: Server cvar "mp_allowmonsters" = "0"
L 03/14/2015 - 19:25:03: Server cvar "mp_autokick" = "1"
L 03/14/2015 - 19:25:03: Server cvar "mp_autoteambalance" = "1"
L 03/14/2015 - 19:25:03: Server cvar "mp_buytime" = "1.5"
L 03/14/2015 - 19:25:03: Server cvar "mp_c4timer" = "35"
L 03/14/2015 - 19:25:03: Server cvar "mp_chattime" = "0"
L 03/14/2015 - 19:25:03: Server cvar "mp_consistency" = "1"
L 03/14/2015 - 19:25:03: Server cvar "mp_fadetoblack" = "0"
L 03/14/2015 - 19:25:03: Server cvar "mp_flashlight" = "1"
L 03/14/2015 - 19:25:03: Server cvar "mp_footsteps" = "1"
L 03/14/2015 - 19:25:03: Server cvar "mp_forcecamera" = "0"
L 03/14/2015 - 19:25:03: Server cvar "mp_forcechasecam" = "0"
L 03/14/2015 - 19:25:03: Server cvar "mp_fragsleft" = "0"
L 03/14/2015 - 19:25:03: Server cvar "mp_freezetime" = "5"
L 03/14/2015 - 19:25:03: Server cvar "mp_friendlyfire" = "0"
L 03/14/2015 - 19:25:03: Server cvar "mp_ghostfrequency" = "0.1"
L 03/14/2015 - 19:25:03: Server cvar "mp_hostagepenalty" = "2"
L 03/14/2015 - 19:25:03: Server cvar "mp_kickpercent" = "0.66"
L 03/14/2015 - 19:25:03: Server cvar "mp_limitteams" = "2"
L 03/14/2015 - 19:25:03: Server cvar "mp_logdetail" = "3"
L 03/14/2015 - 19:25:03: Server cvar "mp_logfile" = "1"
L 03/14/2015 - 19:25:03: Server cvar "mp_logmessages" = "1"
L 03/14/2015 - 19:25:03: Server cvar "mp_mapvoteratio" = "0.66"
L 03/14/2015 - 19:25:03: Server cvar "mp_maxrounds" = "0"
L 03/14/2015 - 19:25:03: Server cvar "mp_mirrordamage" = "0"
L 03/14/2015 - 19:25:03: Server cvar "mp_playerid" = "0"
L 03/14/2015 - 19:25:03: Server cvar "mp_roundtime" = "2.57"
L 03/14/2015 - 19:25:03: Server cvar "mp_startmoney" = "800"
L 03/14/2015 - 19:25:03: Server cvar "mp_timeleft" = "0"
L 03/14/2015 - 19:25:03: Server cvar "mp_timelimit" = "30"
L 03/14/2015 - 19:25:03: Server cvar "mp_tkpunish" = "1"
L 03/14/2015 - 19:25:03: Server cvar "mp_windifference" = "1"
L 03/14/2015 - 19:25:03: Server cvar "mp_winlimit" = "0"
L 03/14/2015 - 19:25:03: Server cvar "pausable" = "0"
L 03/14/2015 - 19:25:03: Server cvar "sb_ignoresteam" = "1"
L 03/14/2015 - 19:25:03: Server cvar "sb_kickreason" = "Your subnet is banned"
L 03/14/2015 - 19:25:03: Server cvar "sb_version" = "1.4"
L 03/14/2015 - 19:25:03: Server cvar "sv_accelerate" = "5"
L 03/14/2015 - 19:25:03: Server cvar "sv_aim" = "off"
L 03/14/2015 - 19:25:03: Server cvar "sv_airaccelerate" = "10"
L 03/14/2015 - 19:25:03: Server cvar "sv_airmove" = "1"
L 03/14/2015 - 19:25:03: Server cvar "sv_allowupload" = "1"
L 03/14/2015 - 19:25:03: Server cvar "sv_alltalk" = "1"
L 03/14/2015 - 19:25:03: Server cvar "sv_bounce" = "1"
L 03/14/2015 - 19:25:03: Server cvar "sv_cheats" = "off"
L 03/14/2015 - 19:25:03: Server cvar "sv_clienttrace" = "1"
L 03/14/2015 - 19:25:03: Server cvar "sv_clipmode" = "0"
L 03/14/2015 - 19:25:03: Server cvar "sv_contact" = ""
L 03/14/2015 - 19:25:03: Server cvar "sv_friction" = "4"
L 03/14/2015 - 19:25:03: Server cvar "sv_gravity" = "800"
L 03/14/2015 - 19:25:03: Server cvar "sv_logblocks" = "0"
L 03/14/2015 - 19:25:03: Server cvar "sv_maxrate" = "50000"
L 03/14/2015 - 19:25:03: Server cvar "sv_maxspeed" = "900"
L 03/14/2015 - 19:25:03: Server cvar "sv_minrate" = "100000"
L 03/14/2015 - 19:25:03: Server cvar "sv_password" = ""
L 03/14/2015 - 19:25:03: Server cvar "sv_proxies" = "0"
L 03/14/2015 - 19:25:03: Server cvar "sv_region" = "3"
L 03/14/2015 - 19:25:03: Server cvar "sv_restart" = "0"
L 03/14/2015 - 19:25:03: Server cvar "sv_restartround" = "0"
L 03/14/2015 - 19:25:03: Server cvar "sv_stepsize" = "18"
L 03/14/2015 - 19:25:03: Server cvar "sv_stopspeed" = "75"
L 03/14/2015 - 19:25:03: Server cvar "sv_uploadmax" = "0.5"
L 03/14/2015 - 19:25:03: Server cvar "sv_voiceenable" = "1"
L 03/14/2015 - 19:25:03: Server cvar "sv_wateraccelerate" = "10"
L 03/14/2015 - 19:25:03: Server cvar "sv_waterfriction" = "1"
L 03/14/2015 - 19:25:03: Server cvar "vtc_version" = "80"
L 03/14/2015 - 19:25:03: Server cvars end
L 03/14/2015 - 19:25:03: Server cvar "amx_nextmap" = "35_hp_2011"
L 03/14/2015 - 19:25:03: Started map "de_dust2_2x2" (CRC "1607683513")
L 03/14/2015 - 19:25:03: [VTC] Player 3 speex
L 03/14/2015 - 19:25:03: [VTC] Player 9 silk
L 03/14/2015 - 19:25:03: [VTC] Player 4 speex
L 03/14/2015 - 19:25:03: [VTC] Player 1 speex
L 03/14/2015 - 19:25:03: [VTC] Player 2 speex
L 03/14/2015 - 19:25:03: [VTC] Player 8 speex
L 03/14/2015 - 19:25:04: [VTC] Player 5 speex
L 03/14/2015 - 19:25:04: [VTC] Player 6 speex
L 03/14/2015 - 19:25:06: "nok1a.minsk<256><STEAM_0:4:1589890437><>" entered the game
L 03/14/2015 - 19:25:06: "|Xyligans|kpy}I{ka<254><STEAM_0:4:1954401541><>" entered the game
L 03/14/2015 - 19:25:06: "JESUS<258><STEAM_0:1:109981386><>" entered the game
L 03/14/2015 - 19:25:06: "4ANHNK<259><STEAM_0:4:61000965><>" entered the game
L 03/14/2015 - 19:25:07: "[Hard_Skill]_Leks<250><STEAM_0:4:672615685><>" entered the game
L 03/14/2015 - 19:25:07: "[Hard_Skill]_Funny*Apple<248><STEAM_0:4:1364633349><>" entered the game
L 03/14/2015 - 19:25:08: "|Xyligans|kpy}I{ka<254><STEAM_0:4:1954401541><>" joined team "TERRORIST"
L 03/14/2015 - 19:25:08: "|Xyligans|kpy}I{ka<254><STEAM_0:4:1954401541><TERRORIST>" triggered "Spawned_With_The_Bomb"
L 03/14/2015 - 19:25:09: "[Hard_Skill]_Novi4ek<251><STEAM_0:4:589511685><>" entered the game
L 03/14/2015 - 19:25:09: World triggered "Round_Start"
L 03/14/2015 - 19:25:10: "nok1a.minsk<256><STEAM_0:4:1589890437><>" joined team "CT"
L 03/14/2015 - 19:25:11: "[Hard_Skill]_Leks<250><STEAM_0:4:672615685><>" joined team "CT"
L 03/14/2015 - 19:25:11: World triggered "Game_Commencing"
L 03/14/2015 - 19:25:11: World triggered "Game_Commencing" (CT "0") (T "0")
L 03/14/2015 - 19:25:11: World triggered "Round_End"
L 03/14/2015 - 19:25:12: "[Hard_Skill]_Novi4ek<251><STEAM_0:4:589511685><>" joined team "CT"
L 03/14/2015 - 19:25:13: "JESUS<258><STEAM_0:1:109981386><>" joined team "TERRORIST"
L 03/14/2015 - 19:25:13: "nok1a.minsk<256><STEAM_0:4:1589890437><CT>" triggered "time" (time "0:07")
L 03/14/2015 - 19:25:13: "nok1a.minsk<256><STEAM_0:4:1589890437><CT>" triggered "latency" (ping "0")
L 03/14/2015 - 19:25:13: "nok1a.minsk<256><STEAM_0:4:1589890437><CT>" disconnected
L 03/14/2015 - 19:25:14: "JESUS<258><STEAM_0:1:109981386><TERRORIST>" triggered "Spawned_With_The_Bomb"
L 03/14/2015 - 19:25:15: "[Hard_Skill]_Funny*Apple<248><STEAM_0:4:1364633349><>" joined team "CT"
L 03/14/2015 - 19:25:19: World triggered "Round_Start"
L 03/14/2015 - 19:25:32: "|Xyligans|kpy}I{ka<254><STEAM_0:4:1954401541><TERRORIST>" attacked "[Hard_Skill]_Novi4ek<251><STEAM_0:4:589511685><CT>" with "usp" (damage "15") (damage_armor "0") (health "85") (armor "100")
L 03/14/2015 - 19:25:33: "JESUS<258><STEAM_0:1:109981386><TERRORIST>" attacked "[Hard_Skill]_Novi4ek<251><STEAM_0:4:589511685><CT>" with "deagle" (damage "41") (damage_armor "7") (health "44") (armor "93")
L 03/14/2015 - 19:25:33: "[Hard_Skill]_Novi4ek<251><STEAM_0:4:589511685><CT>" attacked "JESUS<258><STEAM_0:1:109981386><TERRORIST>" with "usp" (damage "27") (damage_armor "0") (health "73") (armor "0")
L 03/14/2015 - 19:25:33: "JESUS<258><STEAM_0:1:109981386><TERRORIST>" attacked "[Hard_Skill]_Novi4ek<251><STEAM_0:4:589511685><CT>" with "deagle" (damage "42") (damage_armor "7") (health "2") (armor "86")
L 03/14/2015 - 19:25:33: "[Hard_Skill]_Novi4ek<251><STEAM_0:4:589511685><CT>" attacked "JESUS<258><STEAM_0:1:109981386><TERRORIST>" with "usp" (damage "27") (damage_armor "0") (health "46") (armor "0")
L 03/14/2015 - 19:25:37: "[Hard_Skill]_Novi4ek<251><STEAM_0:4:589511685><CT>" attacked "|Xyligans|kpy}I{ka<254><STEAM_0:4:1954401541><TERRORIST>" with "deagle" (damage "48") (damage_armor "0") (health "52") (armor "0")
L 03/14/2015 - 19:25:37: "[Hard_Skill]_Novi4ek<251><STEAM_0:4:589511685><CT>" attacked "JESUS<258><STEAM_0:1:109981386><TERRORIST>" with "deagle" (damage "27") (damage_armor "0") (health "19") (armor "0")
L 03/14/2015 - 19:25:38: "[Hard_Skill]_Funny*Apple<248><STEAM_0:4:1364633349><CT>" triggered "time" (time "0:30")
L 03/14/2015 - 19:25:38: "[Hard_Skill]_Funny*Apple<248><STEAM_0:4:1364633349><CT>" triggered "latency" (ping "54")
L 03/14/2015 - 19:25:38: "[Hard_Skill]_Funny*Apple<248><STEAM_0:4:1364633349><CT>" disconnected
L 03/14/2015 - 19:25:38: [DPROTO]: Client 3 - Set AuthIdType 3 [dp_RevEmu]; pClient = 0xb397dbe4
L 03/14/2015 - 19:25:38: "[Hard_Skill]_Funny*Apple<260><STEAM_0:4:1364633349><>" connected, address "178.172.241.11:33144"
L 03/14/2015 - 19:25:38: [VTC] Player 4 speex
L 03/14/2015 - 19:25:39: "[Hard_Skill]_Novi4ek<251><STEAM_0:4:589511685><CT>" attacked "JESUS<258><STEAM_0:1:109981386><TERRORIST>" with "deagle" (damage "29") (damage_armor "0") (health "-10") (armor "0")
L 03/14/2015 - 19:25:39: "[Hard_Skill]_Novi4ek<251><STEAM_0:4:589511685><CT>" killed "JESUS<258><STEAM_0:1:109981386><TERRORIST>" with "deagle"
L 03/14/2015 - 19:25:39: "JESUS<258><STEAM_0:1:109981386><TERRORIST>" triggered "Dropped_The_Bomb"
L 03/14/2015 - 19:25:40: "|Xyligans|kpy}I{ka<254><STEAM_0:4:1954401541><TERRORIST>" attacked "[Hard_Skill]_Novi4ek<251><STEAM_0:4:589511685><CT>" with "usp" (damage "10") (damage_armor "6") (health "-8") (armor "80")
L 03/14/2015 - 19:25:40: "|Xyligans|kpy}I{ka<254><STEAM_0:4:1954401541><TERRORIST>" killed "[Hard_Skill]_Novi4ek<251><STEAM_0:4:589511685><CT>" with "usp"
L 03/14/2015 - 19:25:44: [DPROTO]: Client 2 - Set AuthIdType 3 [dp_RevEmu]; pClient = 0xb3978cf0
L 03/14/2015 - 19:25:44: "[Hard_Skill]_Extazy<261><STEAM_0:4:397277401><>" connected, address "10.19.7.134:27005"
L 03/14/2015 - 19:25:44: [VTC] Player 3 speex
L 03/14/2015 - 19:25:45: "|Xyligans|kpy}I{ka<254><STEAM_0:4:1954401541><TERRORIST>" triggered "Got_The_Bomb"
L 03/14/2015 - 19:25:46: "[Hard_Skill]_Funny*Apple<260><STEAM_0:4:1364633349><>" entered the game
L 03/14/2015 - 19:25:47: "|Xyligans|kpy}I{ka<254><STEAM_0:4:1954401541><TERRORIST>" attacked "[Hard_Skill]_Leks<250><STEAM_0:4:672615685><CT>" with "usp" (damage "25") (damage_armor "0") (health "75") (armor "0")
L 03/14/2015 - 19:25:47: "|Xyligans|kpy}I{ka<254><STEAM_0:4:1954401541><TERRORIST>" attacked "[Hard_Skill]_Leks<250><STEAM_0:4:672615685><CT>" with "usp" (damage "31") (damage_armor "0") (health "44") (armor "0")
L 03/14/2015 - 19:25:47: "|Xyligans|kpy}I{ka<254><STEAM_0:4:1954401541><TERRORIST>" attacked "[Hard_Skill]_Leks<250><STEAM_0:4:672615685><CT>" with "usp" (damage "25") (damage_armor "0") (health "19") (armor "0")
L 03/14/2015 - 19:25:47: "|Xyligans|kpy}I{ka<254><STEAM_0:4:1954401541><TERRORIST>" attacked "[Hard_Skill]_Leks<250><STEAM_0:4:672615685><CT>" with "usp" (damage "25") (damage_armor "0") (health "-6") (armor "0")
L 03/14/2015 - 19:25:47: "|Xyligans|kpy}I{ka<254><STEAM_0:4:1954401541><TERRORIST>" killed "[Hard_Skill]_Leks<250><STEAM_0:4:672615685><CT>" with "usp"
L 03/14/2015 - 19:25:47: Team "TERRORIST" triggered "Terrorists_Win" (CT "0") (T "1")
L 03/14/2015 - 19:25:47: World triggered "Round_End"
L 03/14/2015 - 19:25:48: "[Hard_Skill]_Funny*Apple<260><STEAM_0:4:1364633349><>" joined team "CT"
L 03/14/2015 - 19:25:52: "|Xyligans|kpy}I{ka<254><STEAM_0:4:1954401541><TERRORIST>" triggered "Spawned_With_The_Bomb"
L 03/14/2015 - 19:25:57: World triggered "Round_Start"
L 03/14/2015 - 19:26:09: "[Hard_Skill]_Extazy<261><STEAM_0:4:397277401><>" entered the game
L 03/14/2015 - 19:26:12: "[Hard_Skill]_Novi4ek<251><STEAM_0:4:589511685><CT>" attacked "|Xyligans|kpy}I{ka<254><STEAM_0:4:1954401541><TERRORIST>" with "m4a1" (damage "10") (damage_armor "0") (health "90") (armor "100")
L 03/14/2015 - 19:26:12: "[Hard_Skill]_Novi4ek<251><STEAM_0:4:589511685><CT>" attacked "|Xyligans|kpy}I{ka<254><STEAM_0:4:1954401541><TERRORIST>" with "m4a1" (damage "9") (damage_armor "3") (health "81") (armor "97")
L 03/14/2015 - 19:26:12: "[Hard_Skill]_Novi4ek<251><STEAM_0:4:589511685><CT>" attacked "|Xyligans|kpy}I{ka<254><STEAM_0:4:1954401541><TERRORIST>" with "m4a1" (damage "10") (damage_armor "0") (health "71") (armor "97")
L 03/14/2015 - 19:26:12: "[Hard_Skill]_Novi4ek<251><STEAM_0:4:589511685><CT>" attacked "|Xyligans|kpy}I{ka<254><STEAM_0:4:1954401541><TERRORIST>" with "m4a1" (damage "9") (damage_armor "2") (health "62") (armor "95")
L 03/14/2015 - 19:26:12: "[Hard_Skill]_Novi4ek<251><STEAM_0:4:589511685><CT>" attacked "|Xyligans|kpy}I{ka<254><STEAM_0:4:1954401541><TERRORIST>" with "m4a1" (damage "9") (damage_armor "2") (health "53") (armor "93")
L 03/14/2015 - 19:26:12: "[Hard_Skill]_Novi4ek<251><STEAM_0:4:589511685><CT>" attacked "|Xyligans|kpy}I{ka<254><STEAM_0:4:1954401541><TERRORIST>" with "m4a1" (damage "10") (damage_armor "0") (health "43") (armor "93")
L 03/14/2015 - 19:26:13: "4ANHNK<259><STEAM_0:4:61000965><UNASSIGNED>" triggered "time" (time "1:06")
L 03/14/2015 - 19:26:13: "4ANHNK<259><STEAM_0:4:61000965><UNASSIGNED>" triggered "latency" (ping "42")
L 03/14/2015 - 19:26:13: "4ANHNK<259><STEAM_0:4:61000965><>" disconnected
L 03/14/2015 - 19:26:13: "|Xyligans|kpy}I{ka<254><STEAM_0:4:1954401541><TERRORIST>" attacked "[Hard_Skill]_Novi4ek<251><STEAM_0:4:589511685><CT>" with "ak47" (damage "26") (damage_armor "4") (health "74") (armor "96")
L 03/14/2015 - 19:26:15: "|Xyligans|kpy}I{ka<254><STEAM_0:4:1954401541><TERRORIST>" attacked "[Hard_Skill]_Novi4ek<251><STEAM_0:4:589511685><CT>" with "ak47" (damage "25") (damage_armor "0") (health "49") (armor "96")
L 03/14/2015 - 19:26:16: "[Hard_Skill]_Novi4ek<251><STEAM_0:4:589511685><CT>" attacked "|Xyligans|kpy}I{ka<254><STEAM_0:4:1954401541><TERRORIST>" with "deagle" (damage "35") (damage_armor "6") (health "8") (armor "87")
L 03/14/2015 - 19:26:16: "|Xyligans|kpy}I{ka<254><STEAM_0:4:1954401541><TERRORIST>" attacked "[Hard_Skill]_Novi4ek<251><STEAM_0:4:589511685><CT>" with "ak47" (damage "26") (damage_armor "4") (health "23") (armor "92")
L 03/14/2015 - 19:26:16: "[Hard_Skill]_Novi4ek<251><STEAM_0:4:589511685><CT>" attacked "|Xyligans|kpy}I{ka<254><STEAM_0:4:1954401541><TERRORIST>" with "deagle" (damage "28") (damage_armor "0") (health "-20") (armor "87")
L 03/14/2015 - 19:26:16: "[Hard_Skill]_Novi4ek<251><STEAM_0:4:589511685><CT>" killed "|Xyligans|kpy}I{ka<254><STEAM_0:4:1954401541><TERRORIST>" with "deagle"
L 03/14/2015 - 19:26:16: "|Xyligans|kpy}I{ka<254><STEAM_0:4:1954401541><TERRORIST>" triggered "Dropped_The_Bomb"
L 03/14/2015 - 19:26:21: "JESUS<258><STEAM_0:1:109981386><TERRORIST>" attacked "[Hard_Skill]_Leks<250><STEAM_0:4:672615685><CT>" with "ak47" (damage "35") (damage_armor "0") (health "65") (armor "0")
L 03/14/2015 - 19:26:21: "JESUS<258><STEAM_0:1:109981386><TERRORIST>" attacked "[Hard_Skill]_Leks<250><STEAM_0:4:672615685><CT>" with "ak47" (damage "35") (damage_armor "0") (health "30") (armor "0")
L 03/14/2015 - 19:26:21: "JESUS<258><STEAM_0:1:109981386><TERRORIST>" attacked "[Hard_Skill]_Leks<250><STEAM_0:4:672615685><CT>" with "ak47" (damage "26") (damage_armor "0") (health "4") (armor "0")
L 03/14/2015 - 19:26:22: "JESUS<258><STEAM_0:1:109981386><TERRORIST>" attacked "[Hard_Skill]_Leks<250><STEAM_0:4:672615685><CT>" with "ak47" (damage "140") (damage_armor "0") (health "-136") (armor "0")
L 03/14/2015 - 19:26:22: "JESUS<258><STEAM_0:1:109981386><TERRORIST>" killed "[Hard_Skill]_Leks<250><STEAM_0:4:672615685><CT>" with "ak47"
L 03/14/2015 - 19:26:22: "JESUS<258><STEAM_0:1:109981386><TERRORIST>" attacked "[Hard_Skill]_Funny*Apple<260><STEAM_0:4:1364633349><CT>" with "ak47" (damage "26") (damage_armor "0") (health "74") (armor "0")
L 03/14/2015 - 19:26:22: "JESUS<258><STEAM_0:1:109981386><TERRORIST>" attacked "[Hard_Skill]_Funny*Apple<260><STEAM_0:4:1364633349><CT>" with "ak47" (damage "43") (damage_armor "0") (health "31") (armor "0")
L 03/14/2015 - 19:26:34: "[Hard_Skill]_Funny*Apple<260><STEAM_0:4:1364633349><CT>" attacked "JESUS<258><STEAM_0:1:109981386><TERRORIST>" with "deagle" (damage "180") (damage_armor "0") (health "-80") (armor "0")
L 03/14/2015 - 19:26:34: "[Hard_Skill]_Funny*Apple<260><STEAM_0:4:1364633349><CT>" killed "JESUS<258><STEAM_0:1:109981386><TERRORIST>" with "deagle"
L 03/14/2015 - 19:26:34: Team "CT" triggered "CTs_Win" (CT "1") (T "1")
L 03/14/2015 - 19:26:34: World triggered "Round_End"
L 03/14/2015 - 19:26:39: "JESUS<258><STEAM_0:1:109981386><TERRORIST>" triggered "Spawned_With_The_Bomb"
L 03/14/2015 - 19:26:44: World triggered "Round_Start"
L 03/14/2015 - 19:26:55: "[Hard_Skill]_Novi4ek<251><STEAM_0:4:589511685><CT>" attacked "|Xyligans|kpy}I{ka<254><STEAM_0:4:1954401541><TERRORIST>" with "m4a1" (damage "37") (damage_armor "0") (health "63") (armor "0")
L 03/14/2015 - 19:26:55: "[Hard_Skill]_Novi4ek<251><STEAM_0:4:589511685><CT>" attacked "|Xyligans|kpy}I{ka<254><STEAM_0:4:1954401541><TERRORIST>" with "m4a1" (damage "37") (damage_armor "0") (health "26") (armor "0")
L 03/14/2015 - 19:26:55: "|Xyligans|kpy}I{ka<254><STEAM_0:4:1954401541><TERRORIST>" attacked "[Hard_Skill]_Novi4ek<251><STEAM_0:4:589511685><CT>" with "usp" (damage "11") (damage_armor "6") (health "89") (armor "94")
L 03/14/2015 - 19:26:55: "[Hard_Skill]_Novi4ek<251><STEAM_0:4:589511685><CT>" attacked "|Xyligans|kpy}I{ka<254><STEAM_0:4:1954401541><TERRORIST>" with "m4a1" (damage "30") (damage_armor "0") (health "-4") (armor "0")
L 03/14/2015 - 19:26:55: "[Hard_Skill]_Novi4ek<251><STEAM_0:4:589511685><CT>" killed "|Xyligans|kpy}I{ka<254><STEAM_0:4:1954401541><TERRORIST>" with "m4a1"
L 03/14/2015 - 19:27:01: "[Hard_Skill]_Novi4ek<251><STEAM_0:4:589511685><CT>" attacked "JESUS<258><STEAM_0:1:109981386><TERRORIST>" with "m4a1" (damage "30") (damage_armor "0") (health "70") (armor "0")
L 03/14/2015 - 19:27:02: "JESUS<258><STEAM_0:1:109981386><TERRORIST>" attacked "[Hard_Skill]_Novi4ek<251><STEAM_0:4:589511685><CT>" with "mp5navy" (damage "10") (damage_armor "5") (health "79") (armor "88")
L 03/14/2015 - 19:27:02: "JESUS<258><STEAM_0:1:109981386><TERRORIST>" attacked "[Hard_Skill]_Novi4ek<251><STEAM_0:4:589511685><CT>" with "mp5navy" (damage "10") (damage_armor "5") (health "69") (armor "83")
L 03/14/2015 - 19:27:02: "[Hard_Skill]_Novi4ek<251><STEAM_0:4:589511685><CT>" attacked "JESUS<258><STEAM_0:1:109981386><TERRORIST>" with "m4a1" (damage "30") (damage_armor "0") (health "40") (armor "0")
L 03/14/2015 - 19:27:02: "JESUS<258><STEAM_0:1:109981386><TERRORIST>" attacked "[Hard_Skill]_Novi4ek<251><STEAM_0:4:589511685><CT>" with "mp5navy" (damage "12") (damage_armor "6") (health "57") (armor "77")
L 03/14/2015 - 19:27:02: "JESUS<258><STEAM_0:1:109981386><TERRORIST>" attacked "[Hard_Skill]_Novi4ek<251><STEAM_0:4:589511685><CT>" with "mp5navy" (damage "10") (damage_armor "5") (health "47") (armor "72")
L 03/14/2015 - 19:27:02: "[Hard_Skill]_Novi4ek<251><STEAM_0:4:589511685><CT>" attacked "JESUS<258><STEAM_0:1:109981386><TERRORIST>" with "m4a1" (damage "30") (damage_armor "0") (health "10") (armor "0")
L 03/14/2015 - 19:27:02: "JESUS<258><STEAM_0:1:109981386><TERRORIST>" attacked "[Hard_Skill]_Novi4ek<251><STEAM_0:4:589511685><CT>" with "mp5navy" (damage "10") (damage_armor "5") (health "37") (armor "67")
L 03/14/2015 - 19:27:03: "[Hard_Skill]_Novi4ek<251><STEAM_0:4:589511685><CT>" attacked "JESUS<258><STEAM_0:1:109981386><TERRORIST>" with "m4a1" (damage "22") (damage_armor "0") (health "-12") (armor "0")
L 03/14/2015 - 19:27:03: "[Hard_Skill]_Novi4ek<251><STEAM_0:4:589511685><CT>" killed "JESUS<258><STEAM_0:1:109981386><TERRORIST>" with "m4a1"
L 03/14/2015 - 19:27:03: Team "CT" triggered "CTs_Win" (CT "2") (T "1")
L 03/14/2015 - 19:27:03: World triggered "Round_End"
L 03/14/2015 - 19:27:08: "|Xyligans|kpy}I{ka<254><STEAM_0:4:1954401541><TERRORIST>" triggered "Spawned_With_The_Bomb"
L 03/14/2015 - 19:27:13: World triggered "Round_Start"
L 03/14/2015 - 19:27:30: "[Hard_Skill]_Leks<250><STEAM_0:4:672615685><CT>" attacked "|Xyligans|kpy}I{ka<254><STEAM_0:4:1954401541><TERRORIST>" with "m4a1" (damage "32") (damage_armor "0") (health "6") (armor "0")
L 03/14/2015 - 19:27:31: "[Hard_Skill]_Leks<250><STEAM_0:4:672615685><CT>" attacked "|Xyligans|kpy}I{ka<254><STEAM_0:4:1954401541><TERRORIST>" with "m4a1" (damage "32") (damage_armor "0") (health "-26") (armor "0")
L 03/14/2015 - 19:27:31: "[Hard_Skill]_Leks<250><STEAM_0:4:672615685><CT>" killed "|Xyligans|kpy}I{ka<254><STEAM_0:4:1954401541><TERRORIST>" with "m4a1"
L 03/14/2015 - 19:27:31: "|Xyligans|kpy}I{ka<254><STEAM_0:4:1954401541><TERRORIST>" triggered "Dropped_The_Bomb"
L 03/14/2015 - 19:27:34: "[Hard_Skill]_Novi4ek<251><STEAM_0:4:589511685><CT>" attacked "JESUS<258><STEAM_0:1:109981386><TERRORIST>" with "m4a1" (damage "31") (damage_armor "0") (health "69") (armor "0")
L 03/14/2015 - 19:27:34: "[Hard_Skill]_Novi4ek<251><STEAM_0:4:589511685><CT>" attacked "JESUS<258><STEAM_0:1:109981386><TERRORIST>" with "m4a1" (damage "124") (damage_armor "0") (health "-55") (armor "0")
L 03/14/2015 - 19:27:34: "[Hard_Skill]_Novi4ek<251><STEAM_0:4:589511685><CT>" killed "JESUS<258><STEAM_0:1:109981386><TERRORIST>" with "m4a1"
L 03/14/2015 - 19:27:34: Team "CT" triggered "CTs_Win" (CT "3") (T "1")
L 03/14/2015 - 19:27:34: World triggered "Round_End"
L 03/14/2015 - 19:27:39: "JESUS<258><STEAM_0:1:109981386><TERRORIST>" triggered "Spawned_With_The_Bomb"
L 03/14/2015 - 19:27:44: World triggered "Round_Start"
L 03/14/2015 - 19:27:55: "JESUS<258><STEAM_0:1:109981386><TERRORIST>" triggered "Dropped_The_Bomb"
L 03/14/2015 - 19:27:59: "|Xyligans|kpy}I{ka<254><STEAM_0:4:1954401541><TERRORIST>" attacked "[Hard_Skill]_Leks<250><STEAM_0:4:672615685><CT>" with "galil" (damage "22") (damage_armor "4") (health "78") (armor "96")
L 03/14/2015 - 19:27:59: "|Xyligans|kpy}I{ka<254><STEAM_0:4:1954401541><TERRORIST>" attacked "[Hard_Skill]_Funny*Apple<260><STEAM_0:4:1364633349><CT>" with "galil" (damage "21") (damage_armor "0") (health "66") (armor "93")
L 03/14/2015 - 19:28:00: "|Xyligans|kpy}I{ka<254><STEAM_0:4:1954401541><TERRORIST>" attacked "[Hard_Skill]_Funny*Apple<260><STEAM_0:4:1364633349><CT>" with "galil" (damage "22") (damage_armor "4") (health "44") (armor "89")
L 03/14/2015 - 19:28:00: "|Xyligans|kpy}I{ka<254><STEAM_0:4:1954401541><TERRORIST>" attacked "[Hard_Skill]_Funny*Apple<260><STEAM_0:4:1364633349><CT>" with "galil" (damage "28") (damage_armor "4") (health "16") (armor "85")
L 03/14/2015 - 19:28:00: "|Xyligans|kpy}I{ka<254><STEAM_0:4:1954401541><TERRORIST>" attacked "[Hard_Skill]_Funny*Apple<260><STEAM_0:4:1364633349><CT>" with "galil" (damage "28") (damage_armor "4") (health "-12") (armor "81")
L 03/14/2015 - 19:28:00: "|Xyligans|kpy}I{ka<254><STEAM_0:4:1954401541><TERRORIST>" killed "[Hard_Skill]_Funny*Apple<260><STEAM_0:4:1364633349><CT>" with "galil"
L 03/14/2015 - 19:28:01: "|Xyligans|kpy}I{ka<254><STEAM_0:4:1954401541><TERRORIST>" attacked "[Hard_Skill]_Leks<250><STEAM_0:4:672615685><CT>" with "galil" (damage "28") (damage_armor "4") (health "50") (armor "92")
L 03/14/2015 - 19:28:01: "|Xyligans|kpy}I{ka<254><STEAM_0:4:1954401541><TERRORIST>" attacked "[Hard_Skill]_Leks<250><STEAM_0:4:672615685><CT>" with "galil" (damage "22") (damage_armor "3") (health "28") (armor "89")
L 03/14/2015 - 19:28:01: "|Xyligans|kpy}I{ka<254><STEAM_0:4:1954401541><TERRORIST>" attacked "[Hard_Skill]_Leks<250><STEAM_0:4:672615685><CT>" with "galil" (damage "22") (damage_armor "3") (health "6") (armor "86")
L 03/14/2015 - 19:28:01: "[Hard_Skill]_Leks<250><STEAM_0:4:672615685><CT>" attacked "|Xyligans|kpy}I{ka<254><STEAM_0:4:1954401541><TERRORIST>" with "m4a1" (damage "31") (damage_armor "0") (health "69") (armor "0")
L 03/14/2015 - 19:28:01: "|Xyligans|kpy}I{ka<254><STEAM_0:4:1954401541><TERRORIST>" attacked "[Hard_Skill]_Leks<250><STEAM_0:4:672615685><CT>" with "galil" (damage "21") (damage_armor "0") (health "-15") (armor "86")
L 03/14/2015 - 19:28:01: "|Xyligans|kpy}I{ka<254><STEAM_0:4:1954401541><TERRORIST>" killed "[Hard_Skill]_Leks<250><STEAM_0:4:672615685><CT>" with "galil"
L 03/14/2015 - 19:28:12: "[Hard_Skill]_Novi4ek<251><STEAM_0:4:589511685><CT>" attacked "JESUS<258><STEAM_0:1:109981386><TERRORIST>" with "m4a1" (damage "22") (damage_armor "0") (health "78") (armor "100")
L 03/14/2015 - 19:28:12: "[Hard_Skill]_Novi4ek<251><STEAM_0:4:589511685><CT>" attacked "JESUS<258><STEAM_0:1:109981386><TERRORIST>" with "m4a1" (damage "22") (damage_armor "0") (health "56") (armor "100")
L 03/14/2015 - 19:28:12: "JESUS<258><STEAM_0:1:109981386><TERRORIST>" attacked "[Hard_Skill]_Novi4ek<251><STEAM_0:4:589511685><CT>" with "ak47" (damage "25") (damage_armor "0") (health "75") (armor "100")
L 03/14/2015 - 19:28:12: "[Hard_Skill]_Novi4ek<251><STEAM_0:4:589511685><CT>" attacked "JESUS<258><STEAM_0:1:109981386><TERRORIST>" with "m4a1" (damage "22") (damage_armor "0") (health "34") (armor "100")
L 03/14/2015 - 19:28:12: "JESUS<258><STEAM_0:1:109981386><TERRORIST>" attacked "[Hard_Skill]_Novi4ek<251><STEAM_0:4:589511685><CT>" with "ak47" (damage "25") (damage_armor "0") (health "50") (armor "100")
L 03/14/2015 - 19:28:13: "[Hard_Skill]_Novi4ek<251><STEAM_0:4:589511685><CT>" attacked "JESUS<258><STEAM_0:1:109981386><TERRORIST>" with "m4a1" (damage "21") (damage_armor "5") (health "13") (armor "95")
L 03/14/2015 - 19:28:13: "JESUS<258><STEAM_0:1:109981386><TERRORIST>" attacked "[Hard_Skill]_Novi4ek<251><STEAM_0:4:589511685><CT>" with "ak47" (damage "25") (damage_armor "0") (health "25") (armor "100")
L 03/14/2015 - 19:28:13: "JESUS<258><STEAM_0:1:109981386><TERRORIST>" attacked "[Hard_Skill]_Novi4ek<251><STEAM_0:4:589511685><CT>" with "ak47" (damage "105") (damage_armor "16") (health "-80") (armor "84")
L 03/14/2015 - 19:28:13: "JESUS<258><STEAM_0:1:109981386><TERRORIST>" killed "[Hard_Skill]_Novi4ek<251><STEAM_0:4:589511685><CT>" with "ak47"
L 03/14/2015 - 19:28:13: Team "TERRORIST" triggered "Terrorists_Win" (CT "3") (T "2")
L 03/14/2015 - 19:28:13: World triggered "Round_End"
L 03/14/2015 - 19:28:18: "|Xyligans|kpy}I{ka<254><STEAM_0:4:1954401541><TERRORIST>" triggered "Spawned_With_The_Bomb"
L 03/14/2015 - 19:28:23: World triggered "Round_Start"
L 03/14/2015 - 19:28:44: "[Hard_Skill]_Novi4ek<251><STEAM_0:4:589511685><CT>" attacked "|Xyligans|kpy}I{ka<254><STEAM_0:4:1954401541><TERRORIST>" with "m4a1" (damage "28") (damage_armor "6") (health "72") (armor "94")
L 03/14/2015 - 19:28:44: "[Hard_Skill]_Novi4ek<251><STEAM_0:4:589511685><CT>" attacked "|Xyligans|kpy}I{ka<254><STEAM_0:4:1954401541><TERRORIST>" with "m4a1" (damage "28") (damage_armor "6") (health "44") (armor "88")
L 03/14/2015 - 19:28:44: "[Hard_Skill]_Novi4ek<251><STEAM_0:4:589511685><CT>" attacked "|Xyligans|kpy}I{ka<254><STEAM_0:4:1954401541><TERRORIST>" with "m4a1" (damage "28") (damage_armor "6") (health "16") (armor "82")
L 03/14/2015 - 19:28:44: "[Hard_Skill]_Novi4ek<251><STEAM_0:4:589511685><CT>" attacked "|Xyligans|kpy}I{ka<254><STEAM_0:4:1954401541><TERRORIST>" with "m4a1" (damage "22") (damage_armor "5") (health "-6") (armor "77")
L 03/14/2015 - 19:28:44: "[Hard_Skill]_Novi4ek<251><STEAM_0:4:589511685><CT>" killed "|Xyligans|kpy}I{ka<254><STEAM_0:4:1954401541><TERRORIST>" with "m4a1"
L 03/14/2015 - 19:28:44: "|Xyligans|kpy}I{ka<254><STEAM_0:4:1954401541><TERRORIST>" triggered "Dropped_The_Bomb"
L 03/14/2015 - 19:28:46: "JESUS<258><STEAM_0:1:109981386><TERRORIST>" attacked "[Hard_Skill]_Leks<250><STEAM_0:4:672615685><CT>" with "ak47" (damage "43") (damage_armor "0") (health "7") (armor "0")
L 03/14/2015 - 19:28:47: "[Hard_Skill]_Leks<250><STEAM_0:4:672615685><CT>" attacked "JESUS<258><STEAM_0:1:109981386><TERRORIST>" with "awp" (damage "42") (damage_armor "0") (health "58") (armor "100")
L 03/14/2015 - 19:28:49: "JESUS<258><STEAM_0:1:109981386><TERRORIST>" attacked "[Hard_Skill]_Leks<250><STEAM_0:4:672615685><CT>" with "ak47" (damage "35") (damage_armor "0") (health "-28") (armor "0")
L 03/14/2015 - 19:28:49: "JESUS<258><STEAM_0:1:109981386><TERRORIST>" killed "[Hard_Skill]_Leks<250><STEAM_0:4:672615685><CT>" with "ak47"
L 03/14/2015 - 19:29:03: "[Hard_Skill]_Novi4ek<251><STEAM_0:4:589511685><CT>" attacked "JESUS<258><STEAM_0:1:109981386><TERRORIST>" with "deagle" (damage "35") (damage_armor "6") (health "-7") (armor "78")
L 03/14/2015 - 19:29:03: "[Hard_Skill]_Novi4ek<251><STEAM_0:4:589511685><CT>" killed "JESUS<258><STEAM_0:1:109981386><TERRORIST>" with "deagle"
L 03/14/2015 - 19:29:03: Team "CT" triggered "CTs_Win" (CT "4") (T "2")
L 03/14/2015 - 19:29:03: World triggered "Round_End"
L 03/14/2015 - 19:29:08: "JESUS<258><STEAM_0:1:109981386><TERRORIST>" triggered "Spawned_With_The_Bomb"
L 03/14/2015 - 19:29:13: World triggered "Round_Start"
L 03/14/2015 - 19:29:37: "|Xyligans|kpy}I{ka<254><STEAM_0:4:1954401541><TERRORIST>" attacked "[Hard_Skill]_Leks<250><STEAM_0:4:672615685><CT>" with "galil" (damage "21") (damage_armor "0") (health "79") (armor "0")
L 03/14/2015 - 19:29:38: "|Xyligans|kpy}I{ka<254><STEAM_0:4:1954401541><TERRORIST>" attacked "[Hard_Skill]_Leks<250><STEAM_0:4:672615685><CT>" with "galil" (damage "29") (damage_armor "0") (health "50") (armor "0")
L 03/14/2015 - 19:29:38: "[Hard_Skill]_Leks<250><STEAM_0:4:672615685><CT>" attacked "|Xyligans|kpy}I{ka<254><STEAM_0:4:1954401541><TERRORIST>" with "m4a1" (damage "22") (damage_armor "5") (health "78") (armor "95")
L 03/14/2015 - 19:29:38: "|Xyligans|kpy}I{ka<254><STEAM_0:4:1954401541><TERRORIST>" attacked "[Hard_Skill]_Leks<250><STEAM_0:4:672615685><CT>" with "galil" (damage "29") (damage_armor "0") (health "21") (armor "0")
L 03/14/2015 - 19:29:38: "|Xyligans|kpy}I{ka<254><STEAM_0:4:1954401541><TERRORIST>" attacked "[Hard_Skill]_Leks<250><STEAM_0:4:672615685><CT>" with "galil" (damage "36") (damage_armor "0") (health "-15") (armor "0")
L 03/14/2015 - 19:29:38: "|Xyligans|kpy}I{ka<254><STEAM_0:4:1954401541><TERRORIST>" killed "[Hard_Skill]_Leks<250><STEAM_0:4:672615685><CT>" with "galil"
L 03/14/2015 - 19:29:39: "[Hard_Skill]_Funny*Apple<260><STEAM_0:4:1364633349><CT>" attacked "|Xyligans|kpy}I{ka<254><STEAM_0:4:1954401541><TERRORIST>" with "deagle" (damage "15") (damage_armor "3") (health "63") (armor "92")
L 03/14/2015 - 19:29:40: "[Hard_Skill]_Funny*Apple<260><STEAM_0:4:1364633349><CT>" attacked "|Xyligans|kpy}I{ka<254><STEAM_0:4:1954401541><TERRORIST>" with "deagle" (damage "15") (damage_armor "0") (health "48") (armor "92")
L 03/14/2015 - 19:29:40: "[Hard_Skill]_Funny*Apple<260><STEAM_0:4:1364633349><CT>" attacked "|Xyligans|kpy}I{ka<254><STEAM_0:4:1954401541><TERRORIST>" with "deagle" (damage "15") (damage_armor "2") (health "33") (armor "90")
L 03/14/2015 - 19:29:41: "JESUS<258><STEAM_0:1:109981386><TERRORIST>" attacked "[Hard_Skill]_Novi4ek<251><STEAM_0:4:589511685><CT>" with "ak47" (damage "27") (damage_armor "4") (health "73") (armor "96")
L 03/14/2015 - 19:29:41: "JESUS<258><STEAM_0:1:109981386><TERRORIST>" attacked "[Hard_Skill]_Novi4ek<251><STEAM_0:4:589511685><CT>" with "ak47" (damage "27") (damage_armor "4") (health "46") (armor "92")
L 03/14/2015 - 19:29:41: "JESUS<258><STEAM_0:1:109981386><TERRORIST>" attacked "[Hard_Skill]_Novi4ek<251><STEAM_0:4:589511685><CT>" with "ak47" (damage "27") (damage_armor "4") (health "19") (armor "88")
L 03/14/2015 - 19:29:41: "[Hard_Skill]_Novi4ek<251><STEAM_0:4:589511685><CT>" attacked "JESUS<258><STEAM_0:1:109981386><TERRORIST>" with "m4a1" (damage "22") (damage_armor "5") (health "78") (armor "95")
L 03/14/2015 - 19:29:41: "[Hard_Skill]_Novi4ek<251><STEAM_0:4:589511685><CT>" attacked "JESUS<258><STEAM_0:1:109981386><TERRORIST>" with "m4a1" (damage "89") (damage_armor "19") (health "-11") (armor "76")
L 03/14/2015 - 19:29:41: "[Hard_Skill]_Novi4ek<251><STEAM_0:4:589511685><CT>" killed "JESUS<258><STEAM_0:1:109981386><TERRORIST>" with "m4a1"
L 03/14/2015 - 19:29:41: "JESUS<258><STEAM_0:1:109981386><TERRORIST>" triggered "Dropped_The_Bomb"
L 03/14/2015 - 19:29:47: "|Xyligans|kpy}I{ka<254><STEAM_0:4:1954401541><TERRORIST>" attacked "[Hard_Skill]_Funny*Apple<260><STEAM_0:4:1364633349><CT>" with "galil" (damage "22") (damage_armor "4") (health "78") (armor "96")
L 03/14/2015 - 19:29:48: "|Xyligans|kpy}I{ka<254><STEAM_0:4:1954401541><TERRORIST>" attacked "[Hard_Skill]_Funny*Apple<260><STEAM_0:4:1364633349><CT>" with "galil" (damage "22") (damage_armor "3") (health "56") (armor "93")
L 03/14/2015 - 19:29:48: "|Xyligans|kpy}I{ka<254><STEAM_0:4:1954401541><TERRORIST>" attacked "[Hard_Skill]_Funny*Apple<260><STEAM_0:4:1364633349><CT>" with "galil" (damage "21") (damage_armor "0") (health "35") (armor "93")
L 03/14/2015 - 19:29:48: "[Hard_Skill]_Funny*Apple<260><STEAM_0:4:1364633349><CT>" attacked "|Xyligans|kpy}I{ka<254><STEAM_0:4:1954401541><TERRORIST>" with "deagle" (damage "34") (damage_armor "6") (health "-1") (armor "84")
L 03/14/2015 - 19:29:48: "[Hard_Skill]_Funny*Apple<260><STEAM_0:4:1364633349><CT>" killed "|Xyligans|kpy}I{ka<254><STEAM_0:4:1954401541><TERRORIST>" with "deagle"
L 03/14/2015 - 19:29:48: Team "CT" triggered "CTs_Win" (CT "5") (T "2")
L 03/14/2015 - 19:29:48: World triggered "Round_End"
L 03/14/2015 - 19:29:53: "|Xyligans|kpy}I{ka<254><STEAM_0:4:1954401541><TERRORIST>" triggered "Spawned_With_The_Bomb"
L 03/14/2015 - 19:29:58: World triggered "Round_Start"
L 03/14/2015 - 19:30:10: "|Xyligans|kpy}I{ka<254><STEAM_0:4:1954401541><TERRORIST>" attacked "[Hard_Skill]_Leks<250><STEAM_0:4:672615685><CT>" with "galil" (damage "9") (damage_armor "0") (health "91") (armor "0")
L 03/14/2015 - 19:30:10: "[Hard_Skill]_Novi4ek<251><STEAM_0:4:589511685><CT>" attacked "|Xyligans|kpy}I{ka<254><STEAM_0:4:1954401541><TERRORIST>" with "m4a1" (damage "30") (damage_armor "0") (health "70") (armor "0")
L 03/14/2015 - 19:30:10: "[Hard_Skill]_Novi4ek<251><STEAM_0:4:589511685><CT>" attacked "|Xyligans|kpy}I{ka<254><STEAM_0:4:1954401541><TERRORIST>" with "m4a1" (damage "30") (damage_armor "0") (health "40") (armor "0")
L 03/14/2015 - 19:30:10: "|Xyligans|kpy}I{ka<254><STEAM_0:4:1954401541><TERRORIST>" attacked "[Hard_Skill]_Leks<250><STEAM_0:4:672615685><CT>" with "galil" (damage "16") (damage_armor "0") (health "75") (armor "0")
L 03/14/2015 - 19:30:11: "|Xyligans|kpy}I{ka<254><STEAM_0:4:1954401541><TERRORIST>" attacked "[Hard_Skill]_Novi4ek<251><STEAM_0:4:589511685><CT>" with "galil" (damage "21") (damage_armor "0") (health "79") (armor "100")
L 03/14/2015 - 19:30:11: "|Xyligans|kpy}I{ka<254><STEAM_0:4:1954401541><TERRORIST>" attacked "[Hard_Skill]_Leks<250><STEAM_0:4:672615685><CT>" with "galil" (damage "9") (damage_armor "0") (health "66") (armor "0")
L 03/14/2015 - 19:30:11: "[Hard_Skill]_Novi4ek<251><STEAM_0:4:589511685><CT>" attacked "|Xyligans|kpy}I{ka<254><STEAM_0:4:1954401541><TERRORIST>" with "m4a1" (damage "30") (damage_armor "0") (health "10") (armor "0")
L 03/14/2015 - 19:30:11: "|Xyligans|kpy}I{ka<254><STEAM_0:4:1954401541><TERRORIST>" attacked "[Hard_Skill]_Leks<250><STEAM_0:4:672615685><CT>" with "galil" (damage "21") (damage_armor "0") (health "45") (armor "0")
L 03/14/2015 - 19:30:11: "|Xyligans|kpy}I{ka<254><STEAM_0:4:1954401541><TERRORIST>" attacked "[Hard_Skill]_Novi4ek<251><STEAM_0:4:589511685><CT>" with "galil" (damage "15") (damage_armor "0") (health "64") (armor "100")
L 03/14/2015 - 19:30:11: "[Hard_Skill]_Novi4ek<251><STEAM_0:4:589511685><CT>" attacked "|Xyligans|kpy}I{ka<254><STEAM_0:4:1954401541><TERRORIST>" with "m4a1" (damage "17") (damage_armor "0") (health "-7") (armor "0")
L 03/14/2015 - 19:30:11: "[Hard_Skill]_Novi4ek<251><STEAM_0:4:589511685><CT>" killed "|Xyligans|kpy}I{ka<254><STEAM_0:4:1954401541><TERRORIST>" with "m4a1"
L 03/14/2015 - 19:30:11: "|Xyligans|kpy}I{ka<254><STEAM_0:4:1954401541><TERRORIST>" triggered "Dropped_The_Bomb"
L 03/14/2015 - 19:30:13: "JESUS<258><STEAM_0:1:109981386><TERRORIST>" attacked "[Hard_Skill]_Leks<250><STEAM_0:4:672615685><CT>" with "galil" (damage "29") (damage_armor "0") (health "16") (armor "0")
L 03/14/2015 - 19:30:14: "[Hard_Skill]_Leks<250><STEAM_0:4:672615685><CT>" attacked "JESUS<258><STEAM_0:1:109981386><TERRORIST>" with "m4a1" (damage "30") (damage_armor "0") (health "70") (armor "0")
L 03/14/2015 - 19:30:14: "[Hard_Skill]_Leks<250><STEAM_0:4:672615685><CT>" attacked "JESUS<258><STEAM_0:1:109981386><TERRORIST>" with "m4a1" (damage "30") (damage_armor "0") (health "40") (armor "0")
L 03/14/2015 - 19:30:14: "[Hard_Skill]_Leks<250><STEAM_0:4:672615685><CT>" attacked "JESUS<258><STEAM_0:1:109981386><TERRORIST>" with "m4a1" (damage "30") (damage_armor "0") (health "10") (armor "0")
L 03/14/2015 - 19:30:14: "JESUS<258><STEAM_0:1:109981386><TERRORIST>" attacked "[Hard_Skill]_Leks<250><STEAM_0:4:672615685><CT>" with "galil" (damage "21") (damage_armor "0") (health "-5") (armor "0")
L 03/14/2015 - 19:30:14: "JESUS<258><STEAM_0:1:109981386><TERRORIST>" killed "[Hard_Skill]_Leks<250><STEAM_0:4:672615685><CT>" with "galil"
L 03/14/2015 - 19:30:24: "[Hard_Skill]_Funny*Apple<260><STEAM_0:4:1364633349><CT>" attacked "JESUS<258><STEAM_0:1:109981386><TERRORIST>" with "awp" (damage "114") (damage_armor "0") (health "-104") (armor "0")
L 03/14/2015 - 19:30:24: "[Hard_Skill]_Funny*Apple<260><STEAM_0:4:1364633349><CT>" killed "JESUS<258><STEAM_0:1:109981386><TERRORIST>" with "awp"
L 03/14/2015 - 19:30:24: Team "CT" triggered "CTs_Win" (CT "6") (T "2")
L 03/14/2015 - 19:30:24: World triggered "Round_End"
L 03/14/2015 - 19:30:29: "JESUS<258><STEAM_0:1:109981386><TERRORIST>" triggered "Spawned_With_The_Bomb"
L 03/14/2015 - 19:30:34: World triggered "Round_Start"
L 03/14/2015 - 19:30:50: "[Hard_Skill]_Novi4ek<251><STEAM_0:4:589511685><CT>" attacked "JESUS<258><STEAM_0:1:109981386><TERRORIST>" with "m4a1" (damage "21") (damage_armor "5") (health "79") (armor "95")
L 03/14/2015 - 19:30:50: "[Hard_Skill]_Novi4ek<251><STEAM_0:4:589511685><CT>" attacked "JESUS<258><STEAM_0:1:109981386><TERRORIST>" with "m4a1" (damage "21") (damage_armor "4") (health "58") (armor "91")
L 03/14/2015 - 19:30:50: "[Hard_Skill]_Novi4ek<251><STEAM_0:4:589511685><CT>" attacked "JESUS<258><STEAM_0:1:109981386><TERRORIST>" with "m4a1" (damage "84") (damage_armor "18") (health "-26") (armor "73")
L 03/14/2015 - 19:30:50: "[Hard_Skill]_Novi4ek<251><STEAM_0:4:589511685><CT>" killed "JESUS<258><STEAM_0:1:109981386><TERRORIST>" with "m4a1"
L 03/14/2015 - 19:30:50: "JESUS<258><STEAM_0:1:109981386><TERRORIST>" triggered "Dropped_The_Bomb"
L 03/14/2015 - 19:30:56: "[Hard_Skill]_Novi4ek<251><STEAM_0:4:589511685><CT>" attacked "|Xyligans|kpy}I{ka<254><STEAM_0:4:1954401541><TERRORIST>" with "m4a1" (damage "14") (damage_armor "0") (health "86") (armor "0")
L 03/14/2015 - 19:30:56: "[Hard_Skill]_Novi4ek<251><STEAM_0:4:589511685><CT>" attacked "|Xyligans|kpy}I{ka<254><STEAM_0:4:1954401541><TERRORIST>" with "m4a1" (damage "14") (damage_armor "0") (health "72") (armor "0")
L 03/14/2015 - 19:30:56: "[Hard_Skill]_Novi4ek<251><STEAM_0:4:589511685><CT>" attacked "|Xyligans|kpy}I{ka<254><STEAM_0:4:1954401541><TERRORIST>" with "m4a1" (damage "17") (damage_armor "0") (health "55") (armor "0")
L 03/14/2015 - 19:30:57: "|Xyligans|kpy}I{ka<254><STEAM_0:4:1954401541><TERRORIST>" attacked "[Hard_Skill]_Leks<250><STEAM_0:4:672615685><CT>" with "galil" (damage "21") (damage_armor "0") (health "79") (armor "100")
L 03/14/2015 - 19:30:57: "[Hard_Skill]_Leks<250><STEAM_0:4:672615685><CT>" attacked "|Xyligans|kpy}I{ka<254><STEAM_0:4:1954401541><TERRORIST>" with "m3" (damage "54") (damage_armor "0") (health "1") (armor "0")
L 03/14/2015 - 19:30:58: "|Xyligans|kpy}I{ka<254><STEAM_0:4:1954401541><TERRORIST>" attacked "[Hard_Skill]_Leks<250><STEAM_0:4:672615685><CT>" with "galil" (damage "22") (damage_armor "4") (health "57") (armor "96")
L 03/14/2015 - 19:30:58: "|Xyligans|kpy}I{ka<254><STEAM_0:4:1954401541><TERRORIST>" attacked "[Hard_Skill]_Leks<250><STEAM_0:4:672615685><CT>" with "galil" (damage "22") (damage_armor "3") (health "35") (armor "93")
L 03/14/2015 - 19:30:58: "|Xyligans|kpy}I{ka<254><STEAM_0:4:1954401541><TERRORIST>" attacked "[Hard_Skill]_Leks<250><STEAM_0:4:672615685><CT>" with "galil" (damage "28") (damage_armor "4") (health "7") (armor "89")
L 03/14/2015 - 19:30:58: "|Xyligans|kpy}I{ka<254><STEAM_0:4:1954401541><TERRORIST>" attacked "[Hard_Skill]_Leks<250><STEAM_0:4:672615685><CT>" with "galil" (damage "22") (damage_armor "3") (health "-15") (armor "86")
L 03/14/2015 - 19:30:58: "|Xyligans|kpy}I{ka<254><STEAM_0:4:1954401541><TERRORIST>" killed "[Hard_Skill]_Leks<250><STEAM_0:4:672615685><CT>" with "galil"
L 03/14/2015 - 19:30:58: "[Hard_Skill]_Novi4ek<251><STEAM_0:4:589511685><CT>" attacked "|Xyligans|kpy}I{ka<254><STEAM_0:4:1954401541><TERRORIST>" with "deagle" (damage "164") (damage_armor "0") (health "-163") (armor "0")
L 03/14/2015 - 19:30:58: "[Hard_Skill]_Novi4ek<251><STEAM_0:4:589511685><CT>" killed "|Xyligans|kpy}I{ka<254><STEAM_0:4:1954401541><TERRORIST>" with "deagle"
L 03/14/2015 - 19:30:58: Team "CT" triggered "CTs_Win" (CT "7") (T "2")
L 03/14/2015 - 19:30:58: World triggered "Round_End"
L 03/14/2015 - 19:31:03: "|Xyligans|kpy}I{ka<254><STEAM_0:4:1954401541><TERRORIST>" triggered "Spawned_With_The_Bomb"
L 03/14/2015 - 19:31:08: World triggered "Round_Start"
L 03/14/2015 - 19:31:19: "[Hard_Skill]_Extazy<261><STEAM_0:4:397277401><>" triggered "Game_idle_kick" (auto)
L 03/14/2015 - 19:31:19: Kick: "[Hard_Skill]_Extazy<261><STEAM_0:4:397277401><>" was kicked by "Console"
L 03/14/2015 - 19:31:19: "[Hard_Skill]_Extazy<261><STEAM_0:4:397277401><UNASSIGNED>" triggered "time" (time "5:10")
L 03/14/2015 - 19:31:19: "[Hard_Skill]_Extazy<261><STEAM_0:4:397277401><UNASSIGNED>" triggered "latency" (ping "2")
L 03/14/2015 - 19:31:19: "[Hard_Skill]_Extazy<261><STEAM_0:4:397277401><>" disconnected
L 03/14/2015 - 19:31:20: "|Xyligans|kpy}I{ka<254><STEAM_0:4:1954401541><TERRORIST>" attacked "[Hard_Skill]_Leks<250><STEAM_0:4:672615685><CT>" with "ak47" (damage "26") (damage_armor "0") (health "74") (armor "100")
L 03/14/2015 - 19:31:20: "[Hard_Skill]_Leks<250><STEAM_0:4:672615685><CT>" attacked "|Xyligans|kpy}I{ka<254><STEAM_0:4:1954401541><TERRORIST>" with "m3" (damage "12") (damage_armor "0") (health "88") (armor "0")
L 03/14/2015 - 19:31:23: "[Hard_Skill]_Leks<250><STEAM_0:4:672615685><CT>" attacked "|Xyligans|kpy}I{ka<254><STEAM_0:4:1954401541><TERRORIST>" with "m3" (damage "41") (damage_armor "0") (health "47") (armor "0")
L 03/14/2015 - 19:31:23: "|Xyligans|kpy}I{ka<254><STEAM_0:4:1954401541><TERRORIST>" attacked "[Hard_Skill]_Leks<250><STEAM_0:4:672615685><CT>" with "ak47" (damage "26") (damage_armor "0") (health "48") (armor "100")
L 03/14/2015 - 19:31:24: "|Xyligans|kpy}I{ka<254><STEAM_0:4:1954401541><TERRORIST>" attacked "[Hard_Skill]_Leks<250><STEAM_0:4:672615685><CT>" with "ak47" (damage "26") (damage_armor "0") (health "22") (armor "100")
L 03/14/2015 - 19:31:24: "|Xyligans|kpy}I{ka<254><STEAM_0:4:1954401541><TERRORIST>" attacked "[Hard_Skill]_Leks<250><STEAM_0:4:672615685><CT>" with "ak47" (damage "26") (damage_armor "0") (health "-4") (armor "100")
L 03/14/2015 - 19:31:24: "|Xyligans|kpy}I{ka<254><STEAM_0:4:1954401541><TERRORIST>" killed "[Hard_Skill]_Leks<250><STEAM_0:4:672615685><CT>" with "ak47"
L 03/14/2015 - 19:31:24: "[Hard_Skill]_Funny*Apple<260><STEAM_0:4:1364633349><CT>" attacked "JESUS<258><STEAM_0:1:109981386><TERRORIST>" with "deagle" (damage "49") (damage_armor "0") (health "51") (armor "0")
L 03/14/2015 - 19:31:26: "JESUS<258><STEAM_0:1:109981386><TERRORIST>" attacked "[Hard_Skill]_Funny*Apple<260><STEAM_0:4:1364633349><CT>" with "ak47" (damage "27") (damage_armor "4") (health "73") (armor "96")
L 03/14/2015 - 19:31:27: "JESUS<258><STEAM_0:1:109981386><TERRORIST>" attacked "[Hard_Skill]_Funny*Apple<260><STEAM_0:4:1364633349><CT>" with "ak47" (damage "108") (damage_armor "16") (health "-35") (armor "80")
L 03/14/2015 - 19:31:27: "JESUS<258><STEAM_0:1:109981386><TERRORIST>" killed "[Hard_Skill]_Funny*Apple<260><STEAM_0:4:1364633349><CT>" with "ak47"
L 03/14/2015 - 19:31:28: "[Hard_Skill]_Novi4ek<251><STEAM_0:4:589511685><CT>" attacked "|Xyligans|kpy}I{ka<254><STEAM_0:4:1954401541><TERRORIST>" with "m4a1" (damage "30") (damage_armor "0") (health "17") (armor "0")
L 03/14/2015 - 19:31:28: "|Xyligans|kpy}I{ka<254><STEAM_0:4:1954401541><TERRORIST>" attacked "[Hard_Skill]_Novi4ek<251><STEAM_0:4:589511685><CT>" with "ak47" (damage "27") (damage_armor "4") (health "73") (armor "96")
L 03/14/2015 - 19:31:28: "|Xyligans|kpy}I{ka<254><STEAM_0:4:1954401541><TERRORIST>" attacked "[Hard_Skill]_Novi4ek<251><STEAM_0:4:589511685><CT>" with "ak47" (damage "26") (damage_armor "0") (health "47") (armor "96")
L 03/14/2015 - 19:31:28: "[Hard_Skill]_Novi4ek<251><STEAM_0:4:589511685><CT>" attacked "|Xyligans|kpy}I{ka<254><STEAM_0:4:1954401541><TERRORIST>" with "m4a1" (damage "30") (damage_armor "0") (health "-13") (armor "0")
L 03/14/2015 - 19:31:28: "[Hard_Skill]_Novi4ek<251><STEAM_0:4:589511685><CT>" killed "|Xyligans|kpy}I{ka<254><STEAM_0:4:1954401541><TERRORIST>" with "m4a1"
L 03/14/2015 - 19:31:28: "|Xyligans|kpy}I{ka<254><STEAM_0:4:1954401541><TERRORIST>" triggered "Dropped_The_Bomb"
L 03/14/2015 - 19:31:42: "JESUS<258><STEAM_0:1:109981386><TERRORIST>" attacked "[Hard_Skill]_Novi4ek<251><STEAM_0:4:589511685><CT>" with "ak47" (damage "33") (damage_armor "5") (health "14") (armor "91")
L 03/14/2015 - 19:31:42: "JESUS<258><STEAM_0:1:109981386><TERRORIST>" attacked "[Hard_Skill]_Novi4ek<251><STEAM_0:4:589511685><CT>" with "ak47" (damage "27") (damage_armor "4") (health "-13") (armor "87")
L 03/14/2015 - 19:31:42: "JESUS<258><STEAM_0:1:109981386><TERRORIST>" killed "[Hard_Skill]_Novi4ek<251><STEAM_0:4:589511685><CT>" with "ak47"
L 03/14/2015 - 19:31:42: Team "TERRORIST" triggered "Terrorists_Win" (CT "7") (T "3")
L 03/14/2015 - 19:31:42: World triggered "Round_End"
L 03/14/2015 - 19:31:47: "JESUS<258><STEAM_0:1:109981386><TERRORIST>" triggered "Spawned_With_The_Bomb"
L 03/14/2015 - 19:31:52: World triggered "Round_Start"
L 03/14/2015 - 19:32:00: "JESUS<258><STEAM_0:1:109981386><TERRORIST>" triggered "Dropped_The_Bomb"
L 03/14/2015 - 19:32:01: "JESUS<258><STEAM_0:1:109981386><TERRORIST>" triggered "Got_The_Bomb"
L 03/14/2015 - 19:32:04: "|Xyligans|kpy}I{ka<254><STEAM_0:4:1954401541><TERRORIST>" attacked "[Hard_Skill]_Leks<250><STEAM_0:4:672615685><CT>" with "ak47" (damage "25") (damage_armor "0") (health "75") (armor "0")
L 03/14/2015 - 19:32:04: "[Hard_Skill]_Leks<250><STEAM_0:4:672615685><CT>" attacked "|Xyligans|kpy}I{ka<254><STEAM_0:4:1954401541><TERRORIST>" with "mp5navy" (damage "9") (damage_armor "5") (health "91") (armor "95")
L 03/14/2015 - 19:32:05: "[Hard_Skill]_Leks<250><STEAM_0:4:672615685><CT>" attacked "|Xyligans|kpy}I{ka<254><STEAM_0:4:1954401541><TERRORIST>" with "mp5navy" (damage "9") (damage_armor "5") (health "82") (armor "90")
L 03/14/2015 - 19:32:06: "|Xyligans|kpy}I{ka<254><STEAM_0:4:1954401541><TERRORIST>" attacked "[Hard_Skill]_Leks<250><STEAM_0:4:672615685><CT>" with "ak47" (damage "34") (damage_armor "0") (health "41") (armor "0")
L 03/14/2015 - 19:32:06: "[Hard_Skill]_Leks<250><STEAM_0:4:672615685><CT>" attacked "|Xyligans|kpy}I{ka<254><STEAM_0:4:1954401541><TERRORIST>" with "mp5navy" (damage "38") (damage_armor "19") (health "44") (armor "71")
L 03/14/2015 - 19:32:11: "JESUS<258><STEAM_0:1:109981386><TERRORIST>" attacked "[Hard_Skill]_Leks<250><STEAM_0:4:672615685><CT>" with "ak47" (damage "35") (damage_armor "0") (health "6") (armor "0")
L 03/14/2015 - 19:32:11: "|Xyligans|kpy}I{ka<254><STEAM_0:4:1954401541><TERRORIST>" attacked "[Hard_Skill]_Leks<250><STEAM_0:4:672615685><CT>" with "ak47" (damage "136") (damage_armor "0") (health "-130") (armor "0")
L 03/14/2015 - 19:32:11: "|Xyligans|kpy}I{ka<254><STEAM_0:4:1954401541><TERRORIST>" killed "[Hard_Skill]_Leks<250><STEAM_0:4:672615685><CT>" with "ak47"
L 03/14/2015 - 19:32:12: "[Hard_Skill]_Novi4ek<251><STEAM_0:4:589511685><CT>" attacked "JESUS<258><STEAM_0:1:109981386><TERRORIST>" with "m4a1" (damage "19") (damage_armor "5") (health "81") (armor "95")
L 03/14/2015 - 19:32:13: "JESUS<258><STEAM_0:1:109981386><TERRORIST>" attacked "[Hard_Skill]_Novi4ek<251><STEAM_0:4:589511685><CT>" with "ak47" (damage "25") (damage_armor "3") (health "47") (armor "82")
L 03/14/2015 - 19:32:14: "JESUS<258><STEAM_0:1:109981386><TERRORIST>" attacked "[Hard_Skill]_Novi4ek<251><STEAM_0:4:589511685><CT>" with "ak47" (damage "25") (damage_armor "4") (health "22") (armor "78")
L 03/14/2015 - 19:32:14: "JESUS<258><STEAM_0:1:109981386><TERRORIST>" attacked "[Hard_Skill]_Novi4ek<251><STEAM_0:4:589511685><CT>" with "ak47" (damage "24") (damage_armor "0") (health "-2") (armor "78")
L 03/14/2015 - 19:32:14: "JESUS<258><STEAM_0:1:109981386><TERRORIST>" killed "[Hard_Skill]_Novi4ek<251><STEAM_0:4:589511685><CT>" with "ak47"
L 03/14/2015 - 19:32:24: "JESUS<258><STEAM_0:1:109981386><TERRORIST>" attacked "[Hard_Skill]_Funny*Apple<260><STEAM_0:4:1364633349><CT>" with "ak47" (damage "26") (damage_armor "0") (health "74") (armor "100")
L 03/14/2015 - 19:32:25: "JESUS<258><STEAM_0:1:109981386><TERRORIST>" attacked "[Hard_Skill]_Funny*Apple<260><STEAM_0:4:1364633349><CT>" with "ak47" (damage "27") (damage_armor "4") (health "47") (armor "96")
L 03/14/2015 - 19:32:25: "|Xyligans|kpy}I{ka<254><STEAM_0:4:1954401541><TERRORIST>" attacked "[Hard_Skill]_Funny*Apple<260><STEAM_0:4:1364633349><CT>" with "ak47" (damage "26") (damage_armor "4") (health "21") (armor "92")
L 03/14/2015 - 19:32:25: "|Xyligans|kpy}I{ka<254><STEAM_0:4:1954401541><TERRORIST>" attacked "[Hard_Skill]_Funny*Apple<260><STEAM_0:4:1364633349><CT>" with "ak47" (damage "26") (damage_armor "4") (health "-5") (armor "88")
L 03/14/2015 - 19:32:25: "|Xyligans|kpy}I{ka<254><STEAM_0:4:1954401541><TERRORIST>" killed "[Hard_Skill]_Funny*Apple<260><STEAM_0:4:1364633349><CT>" with "ak47"
L 03/14/2015 - 19:32:25: Team "TERRORIST" triggered "Terrorists_Win" (CT "7") (T "4")
L 03/14/2015 - 19:32:25: World triggered "Round_End"
L 03/14/2015 - 19:32:30: "|Xyligans|kpy}I{ka<254><STEAM_0:4:1954401541><TERRORIST>" triggered "Spawned_With_The_Bomb"
L 03/14/2015 - 19:32:35: World triggered "Round_Start"
L 03/14/2015 - 19:32:47: "[Hard_Skill]_Funny*Apple<260><STEAM_0:4:1364633349><CT>" attacked "JESUS<258><STEAM_0:1:109981386><TERRORIST>" with "awp" (damage "436") (damage_armor "6") (health "-336") (armor "94")
L 03/14/2015 - 19:32:47: "[Hard_Skill]_Funny*Apple<260><STEAM_0:4:1364633349><CT>" killed "JESUS<258><STEAM_0:1:109981386><TERRORIST>" with "awp"
L 03/14/2015 - 19:32:50: "|Xyligans|kpy}I{ka<254><STEAM_0:4:1954401541><TERRORIST>" killed "[Hard_Skill]_Funny*Apple<260><STEAM_0:4:1364633349><CT>" with "grenade"
L 03/14/2015 - 19:32:52: "|Xyligans|kpy}I{ka<254><STEAM_0:4:1954401541><TERRORIST>" attacked "[Hard_Skill]_Novi4ek<251><STEAM_0:4:589511685><CT>" with "ak47" (damage "27") (damage_armor "4") (health "27") (armor "72")
L 03/14/2015 - 19:32:52: "[Hard_Skill]_Novi4ek<251><STEAM_0:4:589511685><CT>" attacked "|Xyligans|kpy}I{ka<254><STEAM_0:4:1954401541><TERRORIST>" with "m4a1" (damage "22") (damage_armor "5") (health "78") (armor "95")
L 03/14/2015 - 19:32:52: "|Xyligans|kpy}I{ka<254><STEAM_0:4:1954401541><TERRORIST>" attacked "[Hard_Skill]_Novi4ek<251><STEAM_0:4:589511685><CT>" with "ak47" (damage "27") (damage_armor "4") (health "0") (armor "68")
L 03/14/2015 - 19:32:52: "|Xyligans|kpy}I{ka<254><STEAM_0:4:1954401541><TERRORIST>" killed "[Hard_Skill]_Novi4ek<251><STEAM_0:4:589511685><CT>" with "ak47"
L 03/14/2015 - 19:33:13: "|Xyligans|kpy}I{ka<254><STEAM_0:4:1954401541><TERRORIST>" triggered "Planted_The_Bomb"
L 03/14/2015 - 19:33:33: Kick: "[Hard_Skill]_Leks<250><STEAM_0:4:672615685><>" was kicked by "Console"
L 03/14/2015 - 19:33:33: "[Hard_Skill]_Leks<250><STEAM_0:4:672615685><CT>" triggered "weaponstats" (weapon "usp") (shots "5") (hits "0") (kills "0") (headshots "0") (tks "0") (damage "0") (deaths "2")
L 03/14/2015 - 19:33:33: "[Hard_Skill]_Leks<250><STEAM_0:4:672615685><CT>" triggered "weaponstats2" (weapon "usp") (head "0") (chest "0") (stomach "0") (leftarm "0") (rightarm "0") (leftleg "0") (rightleg "0")
L 03/14/2015 - 19:33:33: "[Hard_Skill]_Leks<250><STEAM_0:4:672615685><CT>" triggered "weaponstats" (weapon "awp") (shots "5") (hits "1") (kills "0") (headshots "0") (tks "0") (damage "42") (deaths "0")
L 03/14/2015 - 19:33:33: "[Hard_Skill]_Leks<250><STEAM_0:4:672615685><CT>" triggered "weaponstats2" (weapon "awp") (head "0") (chest "0") (stomach "0") (leftarm "0") (rightarm "0") (leftleg "1") (rightleg "0")
L 03/14/2015 - 19:33:33: "[Hard_Skill]_Leks<250><STEAM_0:4:672615685><CT>" triggered "weaponstats" (weapon "mp5navy") (shots "30") (hits "3") (kills "0") (headshots "0") (tks "0") (damage "56") (deaths "0")
L 03/14/2015 - 19:33:33: "[Hard_Skill]_Leks<250><STEAM_0:4:672615685><CT>" triggered "weaponstats2" (weapon "mp5navy") (head "1") (chest "1") (stomach "0") (leftarm "0") (rightarm "1") (leftleg "0") (rightleg "0")
L 03/14/2015 - 19:33:33: "[Hard_Skill]_Leks<250><STEAM_0:4:672615685><CT>" triggered "weaponstats" (weapon "m3") (shots "7") (hits "3") (kills "0") (headshots "0") (tks "0") (damage "107") (deaths "2")
L 03/14/2015 - 19:33:33: "[Hard_Skill]_Leks<250><STEAM_0:4:672615685><CT>" triggered "weaponstats2" (weapon "m3") (head "0") (chest "0") (stomach "0") (leftarm "2") (rightarm "0") (leftleg "1") (rightleg "0")
L 03/14/2015 - 19:33:33: "[Hard_Skill]_Leks<250><STEAM_0:4:672615685><CT>" triggered "weaponstats" (weapon "m4a1") (shots "50") (hits "7") (kills "1") (headshots "0") (tks "0") (damage "207") (deaths "3")
L 03/14/2015 - 19:33:33: "[Hard_Skill]_Leks<250><STEAM_0:4:672615685><CT>" triggered "weaponstats2" (weapon "m4a1") (head "0") (chest "0") (stomach "0") (leftarm "5") (rightarm "2") (leftleg "0") (rightleg "0")
L 03/14/2015 - 19:33:33: "[Hard_Skill]_Leks<250><STEAM_0:4:672615685><CT>" triggered "weaponstats" (weapon "deagle") (shots "6") (hits "0") (kills "0") (headshots "0") (tks "0") (damage "0") (deaths "1")
L 03/14/2015 - 19:33:33: "[Hard_Skill]_Leks<250><STEAM_0:4:672615685><CT>" triggered "weaponstats2" (weapon "deagle") (head "0") (chest "0") (stomach "0") (leftarm "0") (rightarm "0") (leftleg "0") (rightleg "0")
L 03/14/2015 - 19:33:33: "[Hard_Skill]_Leks<250><STEAM_0:4:672615685><CT>" triggered "weaponstats" (weapon "knife") (shots "17") (hits "0") (kills "0") (headshots "0") (tks "0") (damage "0") (deaths "1")
L 03/14/2015 - 19:33:33: "[Hard_Skill]_Leks<250><STEAM_0:4:672615685><CT>" triggered "weaponstats2" (weapon "knife") (head "0") (chest "0") (stomach "0") (leftarm "0") (rightarm "0") (leftleg "0") (rightleg "0")
L 03/14/2015 - 19:33:33: "[Hard_Skill]_Leks<250><STEAM_0:4:672615685><CT>" triggered "time" (time "8:25")
L 03/14/2015 - 19:33:33: "[Hard_Skill]_Leks<250><STEAM_0:4:672615685><CT>" triggered "latency" (ping "57")
L 03/14/2015 - 19:33:33: "[Hard_Skill]_Leks<250><STEAM_0:4:672615685><CT>" disconnected
L 03/14/2015 - 19:33:33: Team "TERRORIST" triggered "Terrorists_Win" (CT "7") (T "5")
L 03/14/2015 - 19:33:33: World triggered "Round_End"
L 03/14/2015 - 19:33:38: "JESUS<258><STEAM_0:1:109981386><TERRORIST>" triggered "Spawned_With_The_Bomb"
L 03/14/2015 - 19:33:43: World triggered "Round_Start"
L 03/14/2015 - 19:33:53: "[Hard_Skill]_Novi4ek<251><STEAM_0:4:589511685><CT>" attacked "|Xyligans|kpy}I{ka<254><STEAM_0:4:1954401541><TERRORIST>" with "m4a1" (damage "20") (damage_armor "5") (health "80") (armor "95")
L 03/14/2015 - 19:34:01: "[Hard_Skill]_Novi4ek<251><STEAM_0:4:589511685><CT>" attacked "|Xyligans|kpy}I{ka<254><STEAM_0:4:1954401541><TERRORIST>" with "m4a1" (damage "20") (damage_armor "4") (health "60") (armor "91")
L 03/14/2015 - 19:34:01: "[Hard_Skill]_Novi4ek<251><STEAM_0:4:589511685><CT>" attacked "|Xyligans|kpy}I{ka<254><STEAM_0:4:1954401541><TERRORIST>" with "m4a1" (damage "9") (damage_armor "2") (health "51") (armor "89")
L 03/14/2015 - 19:34:02: "|Xyligans|kpy}I{ka<254><STEAM_0:4:1954401541><TERRORIST>" attacked "[Hard_Skill]_Novi4ek<251><STEAM_0:4:589511685><CT>" with "ak47" (damage "26") (damage_armor "4") (health "74") (armor "96")
L 03/14/2015 - 19:34:04: "|Xyligans|kpy}I{ka<254><STEAM_0:4:1954401541><TERRORIST>" attacked "[Hard_Skill]_Novi4ek<251><STEAM_0:4:589511685><CT>" with "ak47" (damage "26") (damage_armor "4") (health "48") (armor "92")
L 03/14/2015 - 19:34:05: "|Xyligans|kpy}I{ka<254><STEAM_0:4:1954401541><TERRORIST>" attacked "[Hard_Skill]_Novi4ek<251><STEAM_0:4:589511685><CT>" with "ak47" (damage "15") (damage_armor "2") (health "26") (armor "86")
L 03/14/2015 - 19:34:06: "JESUS<258><STEAM_0:1:109981386><TERRORIST>" attacked "[Hard_Skill]_Novi4ek<251><STEAM_0:4:589511685><CT>" with "ak47" (damage "26") (damage_armor "4") (health "0") (armor "82")
L 03/14/2015 - 19:34:06: "JESUS<258><STEAM_0:1:109981386><TERRORIST>" killed "[Hard_Skill]_Novi4ek<251><STEAM_0:4:589511685><CT>" with "ak47"
L 03/14/2015 - 19:34:27: "[Hard_Skill]_Funny*Apple<260><STEAM_0:4:1364633349><CT>" attacked "|Xyligans|kpy}I{ka<254><STEAM_0:4:1954401541><TERRORIST>" with "m4a1" (damage "21") (damage_armor "5") (health "30") (armor "84")
L 03/14/2015 - 19:34:28: "[Hard_Skill]_Funny*Apple<260><STEAM_0:4:1364633349><CT>" attacked "|Xyligans|kpy}I{ka<254><STEAM_0:4:1954401541><TERRORIST>" with "m4a1" (damage "21") (damage_armor "4") (health "9") (armor "80")
L 03/14/2015 - 19:34:28: "[Hard_Skill]_Funny*Apple<260><STEAM_0:4:1364633349><CT>" attacked "|Xyligans|kpy}I{ka<254><STEAM_0:4:1954401541><TERRORIST>" with "m4a1" (damage "84") (damage_armor "18") (health "-75") (armor "62")
L 03/14/2015 - 19:34:28: "[Hard_Skill]_Funny*Apple<260><STEAM_0:4:1364633349><CT>" killed "|Xyligans|kpy}I{ka<254><STEAM_0:4:1954401541><TERRORIST>" with "m4a1"
L 03/14/2015 - 19:34:28: "JESUS<258><STEAM_0:1:109981386><TERRORIST>" attacked "[Hard_Skill]_Funny*Apple<260><STEAM_0:4:1364633349><CT>" with "m4a1" (damage "120") (damage_armor "0") (health "-20") (armor "0")
L 03/14/2015 - 19:34:28: "JESUS<258><STEAM_0:1:109981386><TERRORIST>" killed "[Hard_Skill]_Funny*Apple<260><STEAM_0:4:1364633349><CT>" with "m4a1"
L 03/14/2015 - 19:34:28: Team "TERRORIST" triggered "Terrorists_Win" (CT "7") (T "6")
L 03/14/2015 - 19:34:28: World triggered "Round_End"
L 03/14/2015 - 19:34:30: [DPROTO]: Client 2 - Set AuthIdType 3 [dp_RevEmu]; pClient = 0xb3978cf0
L 03/14/2015 - 19:34:30: "[Hard_Skill]_Extazy<262><STEAM_0:4:397277401><>" connected, address "10.19.7.134:27005"
L 03/14/2015 - 19:34:30: [VTC] Player 3 speex
L 03/14/2015 - 19:34:33: "|Xyligans|kpy}I{ka<254><STEAM_0:4:1954401541><TERRORIST>" triggered "Spawned_With_The_Bomb"
L 03/14/2015 - 19:34:36: [DPROTO]: Client 1 - Set AuthIdType 3 [dp_RevEmu]; pClient = 0xb3973dfc
L 03/14/2015 - 19:34:36: "4ANHNK<263><STEAM_0:4:61000965><>" connected, address "178.120.25.174:27419"
L 03/14/2015 - 19:34:37: [VTC] Player 2 speex
L 03/14/2015 - 19:34:38: "[Hard_Skill]_Extazy<262><STEAM_0:4:397277401><>" entered the game
L 03/14/2015 - 19:34:38: World triggered "Round_Start"
L 03/14/2015 - 19:34:39: "4ANHNK<263><STEAM_0:4:61000965><>" entered the game
L 03/14/2015 - 19:34:40: "4ANHNK<263><STEAM_0:4:61000965><>" joined team "CT"
L 03/14/2015 - 19:34:48: "[Hard_Skill]_Funny*Apple<260><STEAM_0:4:1364633349><CT>" attacked "|Xyligans|kpy}I{ka<254><STEAM_0:4:1954401541><TERRORIST>" with "m4a1" (damage "21") (damage_armor "5") (health "79") (armor "95")
L 03/14/2015 - 19:34:48: "[Hard_Skill]_Funny*Apple<260><STEAM_0:4:1364633349><CT>" attacked "|Xyligans|kpy}I{ka<254><STEAM_0:4:1954401541><TERRORIST>" with "m4a1" (damage "21") (damage_armor "4") (health "58") (armor "91")
L 03/14/2015 - 19:34:50: "|Xyligans|kpy}I{ka<254><STEAM_0:4:1954401541><TERRORIST>" attacked "[Hard_Skill]_Funny*Apple<260><STEAM_0:4:1364633349><CT>" with "ak47" (damage "16") (damage_armor "0") (health "84") (armor "0")
L 03/14/2015 - 19:34:52: "|Xyligans|kpy}I{ka<254><STEAM_0:4:1954401541><TERRORIST>" attacked "4ANHNK<263><STEAM_0:4:61000965><CT>" with "ak47" (damage "16") (damage_armor "0") (health "47") (armor "0")
L 03/14/2015 - 19:34:56: "JESUS<258><STEAM_0:1:109981386><TERRORIST>" attacked "[Hard_Skill]_Funny*Apple<260><STEAM_0:4:1364633349><CT>" with "m4a1" (damage "31") (damage_armor "0") (health "23") (armor "0")
L 03/14/2015 - 19:34:56: "JESUS<258><STEAM_0:1:109981386><TERRORIST>" attacked "[Hard_Skill]_Funny*Apple<260><STEAM_0:4:1364633349><CT>" with "m4a1" (damage "124") (damage_armor "0") (health "-101") (armor "0")
L 03/14/2015 - 19:34:56: "JESUS<258><STEAM_0:1:109981386><TERRORIST>" killed "[Hard_Skill]_Funny*Apple<260><STEAM_0:4:1364633349><CT>" with "m4a1"
L 03/14/2015 - 19:34:59: "|Xyligans|kpy}I{ka<254><STEAM_0:4:1954401541><TERRORIST>" attacked "4ANHNK<263><STEAM_0:4:61000965><CT>" with "ak47" (damage "35") (damage_armor "0") (health "12") (armor "0")
L 03/14/2015 - 19:34:59: "|Xyligans|kpy}I{ka<254><STEAM_0:4:1954401541><TERRORIST>" attacked "4ANHNK<263><STEAM_0:4:61000965><CT>" with "ak47" (damage "26") (damage_armor "0") (health "-14") (armor "0")
L 03/14/2015 - 19:34:59: "|Xyligans|kpy}I{ka<254><STEAM_0:4:1954401541><TERRORIST>" killed "4ANHNK<263><STEAM_0:4:61000965><CT>" with "ak47"
L 03/14/2015 - 19:35:01: "4ANHNK<263><STEAM_0:4:61000965><CT>" triggered "weaponstats" (weapon "usp") (shots "12") (hits "0") (kills "0") (headshots "0") (tks "0") (damage "0") (deaths "1")
L 03/14/2015 - 19:35:01: "4ANHNK<263><STEAM_0:4:61000965><CT>" triggered "weaponstats2" (weapon "usp") (head "0") (chest "0") (stomach "0") (leftarm "0") (rightarm "0") (leftleg "0") (rightleg "0")
L 03/14/2015 - 19:35:01: "4ANHNK<263><STEAM_0:4:61000965><CT>" triggered "time" (time "0:21")
L 03/14/2015 - 19:35:01: "4ANHNK<263><STEAM_0:4:61000965><CT>" triggered "latency" (ping "44")
L 03/14/2015 - 19:35:01: "4ANHNK<263><STEAM_0:4:61000965><CT>" disconnected
L 03/14/2015 - 19:35:05: "JESUS<258><STEAM_0:1:109981386><TERRORIST>" attacked "[Hard_Skill]_Novi4ek<251><STEAM_0:4:589511685><CT>" with "m4a1" (damage "18") (damage_armor "4") (health "82") (armor "96")
L 03/14/2015 - 19:35:05: "|Xyligans|kpy}I{ka<254><STEAM_0:4:1954401541><TERRORIST>" attacked "[Hard_Skill]_Novi4ek<251><STEAM_0:4:589511685><CT>" with "ak47" (damage "24") (damage_armor "0") (health "58") (armor "96")
L 03/14/2015 - 19:35:05: "[Hard_Skill]_Novi4ek<251><STEAM_0:4:589511685><CT>" attacked "JESUS<258><STEAM_0:1:109981386><TERRORIST>" with "awp" (damage "82") (damage_armor "0") (health "17") (armor "100")
L 03/14/2015 - 19:35:06: "|Xyligans|kpy}I{ka<254><STEAM_0:4:1954401541><TERRORIST>" attacked "[Hard_Skill]_Novi4ek<251><STEAM_0:4:589511685><CT>" with "ak47" (damage "25") (damage_armor "4") (health "33") (armor "92")
L 03/14/2015 - 19:35:13: "[Hard_Skill]_Extazy<262><STEAM_0:4:397277401><>" joined team "SPECTATOR"
L 03/14/2015 - 19:35:13: "JESUS<258><STEAM_0:1:109981386><TERRORIST>" attacked "[Hard_Skill]_Novi4ek<251><STEAM_0:4:589511685><CT>" with "m4a1" (damage "21") (damage_armor "5") (health "12") (armor "87")
L 03/14/2015 - 19:35:13: "JESUS<258><STEAM_0:1:109981386><TERRORIST>" attacked "[Hard_Skill]_Novi4ek<251><STEAM_0:4:589511685><CT>" with "m4a1" (damage "21") (damage_armor "4") (health "-9") (armor "83")
L 03/14/2015 - 19:35:13: "JESUS<258><STEAM_0:1:109981386><TERRORIST>" killed "[Hard_Skill]_Novi4ek<251><STEAM_0:4:589511685><CT>" with "m4a1"
L 03/14/2015 - 19:35:13: Team "TERRORIST" triggered "Terrorists_Win" (CT "7") (T "7")
L 03/14/2015 - 19:35:13: World triggered "Round_End"
L 03/14/2015 - 19:35:18: "JESUS<258><STEAM_0:1:109981386><TERRORIST>" triggered "Spawned_With_The_Bomb"
L 03/14/2015 - 19:35:23: World triggered "Round_Start"
L 03/14/2015 - 19:35:36: "JESUS<258><STEAM_0:1:109981386><TERRORIST>" attacked "[Hard_Skill]_Funny*Apple<260><STEAM_0:4:1364633349><CT>" with "m4a1" (damage "22") (damage_armor "0") (health "78") (armor "0")
L 03/14/2015 - 19:35:37: "JESUS<258><STEAM_0:1:109981386><TERRORIST>" attacked "[Hard_Skill]_Funny*Apple<260><STEAM_0:4:1364633349><CT>" with "m4a1" (damage "30") (damage_armor "0") (health "48") (armor "0")
L 03/14/2015 - 19:35:37: "|Xyligans|kpy}I{ka<254><STEAM_0:4:1954401541><TERRORIST>" attacked "[Hard_Skill]_Funny*Apple<260><STEAM_0:4:1364633349><CT>" with "ak47" (damage "12") (damage_armor "0") (health "36") (armor "0")
L 03/14/2015 - 19:35:37: "JESUS<258><STEAM_0:1:109981386><TERRORIST>" attacked "[Hard_Skill]_Funny*Apple<260><STEAM_0:4:1364633349><CT>" with "m4a1" (damage "30") (damage_armor "0") (health "6") (armor "0")
L 03/14/2015 - 19:35:37: "JESUS<258><STEAM_0:1:109981386><TERRORIST>" attacked "[Hard_Skill]_Funny*Apple<260><STEAM_0:4:1364633349><CT>" with "m4a1" (damage "30") (damage_armor "0") (health "-24") (armor "0")
L 03/14/2015 - 19:35:37: "JESUS<258><STEAM_0:1:109981386><TERRORIST>" killed "[Hard_Skill]_Funny*Apple<260><STEAM_0:4:1364633349><CT>" with "m4a1"
L 03/14/2015 - 19:35:39: "[Hard_Skill]_Novi4ek<251><STEAM_0:4:589511685><CT>" attacked "JESUS<258><STEAM_0:1:109981386><TERRORIST>" with "m4a1" (damage "25") (damage_armor "6") (health "75") (armor "94")
L 03/14/2015 - 19:35:39: "[Hard_Skill]_Novi4ek<251><STEAM_0:4:589511685><CT>" attacked "JESUS<258><STEAM_0:1:109981386><TERRORIST>" with "m4a1" (damage "21") (damage_armor "0") (health "54") (armor "94")
L 03/14/2015 - 19:35:39: "[Hard_Skill]_Novi4ek<251><STEAM_0:4:589511685><CT>" attacked "JESUS<258><STEAM_0:1:109981386><TERRORIST>" with "m4a1" (damage "20") (damage_armor "4") (health "34") (armor "90")
L 03/14/2015 - 19:35:39: "JESUS<258><STEAM_0:1:109981386><TERRORIST>" attacked "[Hard_Skill]_Novi4ek<251><STEAM_0:4:589511685><CT>" with "m4a1" (damage "81") (damage_armor "18") (health "19") (armor "82")
L 03/14/2015 - 19:35:40: "[Hard_Skill]_Novi4ek<251><STEAM_0:4:589511685><CT>" attacked "JESUS<258><STEAM_0:1:109981386><TERRORIST>" with "m4a1" (damage "25") (damage_armor "6") (health "9") (armor "84")
L 03/14/2015 - 19:35:40: "[Hard_Skill]_Novi4ek<251><STEAM_0:4:589511685><CT>" attacked "|Xyligans|kpy}I{ka<254><STEAM_0:4:1954401541><TERRORIST>" with "m4a1" (damage "21") (damage_armor "0") (health "79") (armor "100")
L 03/14/2015 - 19:35:40: "[Hard_Skill]_Novi4ek<251><STEAM_0:4:589511685><CT>" attacked "|Xyligans|kpy}I{ka<254><STEAM_0:4:1954401541><TERRORIST>" with "m4a1" (damage "21") (damage_armor "0") (health "58") (armor "100")
L 03/14/2015 - 19:35:40: "[Hard_Skill]_Novi4ek<251><STEAM_0:4:589511685><CT>" attacked "|Xyligans|kpy}I{ka<254><STEAM_0:4:1954401541><TERRORIST>" with "m4a1" (damage "21") (damage_armor "0") (health "37") (armor "100")
L 03/14/2015 - 19:35:41: "|Xyligans|kpy}I{ka<254><STEAM_0:4:1954401541><TERRORIST>" attacked "[Hard_Skill]_Novi4ek<251><STEAM_0:4:589511685><CT>" with "ak47" (damage "25") (damage_armor "0") (health "-6") (armor "82")
L 03/14/2015 - 19:35:41: "|Xyligans|kpy}I{ka<254><STEAM_0:4:1954401541><TERRORIST>" killed "[Hard_Skill]_Novi4ek<251><STEAM_0:4:589511685><CT>" with "ak47"
L 03/14/2015 - 19:35:41: Team "TERRORIST" triggered "Terrorists_Win" (CT "7") (T "8")
L 03/14/2015 - 19:35:41: World triggered "Round_End"
L 03/14/2015 - 19:35:46: "|Xyligans|kpy}I{ka<254><STEAM_0:4:1954401541><TERRORIST>" triggered "Spawned_With_The_Bomb"
L 03/14/2015 - 19:35:46: "|Xyligans|kpy}I{ka<254><STEAM_0:4:1954401541><TERRORIST>" triggered "weaponstats" (weapon "grenade") (shots "7") (hits "8") (kills "1") (headshots "0") (tks "0") (damage "268") (deaths "0")
L 03/14/2015 - 19:35:46: "|Xyligans|kpy}I{ka<254><STEAM_0:4:1954401541><TERRORIST>" triggered "weaponstats2" (weapon "grenade") (head "0") (chest "0") (stomach "0") (leftarm "0") (rightarm "0") (leftleg "0") (rightleg "0")
L 03/14/2015 - 19:35:46: "|Xyligans|kpy}I{ka<254><STEAM_0:4:1954401541><TERRORIST>" triggered "weaponstats" (weapon "galil") (shots "133") (hits "27") (kills "4") (headshots "0") (tks "0") (damage "600") (deaths "4")
L 03/14/2015 - 19:35:46: "|Xyligans|kpy}I{ka<254><STEAM_0:4:1954401541><TERRORIST>" triggered "weaponstats2" (weapon "galil") (head "0") (chest "2") (stomach "6") (leftarm "7") (rightarm "2") (leftleg "8") (rightleg "2")
L 03/14/2015 - 19:35:46: "|Xyligans|kpy}I{ka<254><STEAM_0:4:1954401541><TERRORIST>" triggered "weaponstats" (weapon "usp") (shots "24") (hits "7") (kills "2") (headshots "0") (tks "0") (damage "142") (deaths "1")
L 03/14/2015 - 19:35:46: "|Xyligans|kpy}I{ka<254><STEAM_0:4:1954401541><TERRORIST>" triggered "weaponstats2" (weapon "usp") (head "0") (chest "0") (stomach "1") (leftarm "5") (rightarm "0") (leftleg "1") (rightleg "0")
L 03/14/2015 - 19:35:46: "|Xyligans|kpy}I{ka<254><STEAM_0:4:1954401541><TERRORIST>" triggered "weaponstats" (weapon "m4a1") (shots "9") (hits "0") (kills "0") (headshots "0") (tks "0") (damage "0") (deaths "1")
L 03/14/2015 - 19:35:46: "|Xyligans|kpy}I{ka<254><STEAM_0:4:1954401541><TERRORIST>" triggered "weaponstats2" (weapon "m4a1") (head "0") (chest "0") (stomach "0") (leftarm "0") (rightarm "0") (leftleg "0") (rightleg "0")
L 03/14/2015 - 19:35:46: "|Xyligans|kpy}I{ka<254><STEAM_0:4:1954401541><TERRORIST>" triggered "weaponstats" (weapon "ak47") (shots "182") (hits "27") (kills "6") (headshots "1") (tks "0") (damage "781") (deaths "3")
L 03/14/2015 - 19:35:46: "|Xyligans|kpy}I{ka<254><STEAM_0:4:1954401541><TERRORIST>" triggered "weaponstats2" (weapon "ak47") (head "1") (chest "2") (stomach "1") (leftarm "8") (rightarm "4") (leftleg "4") (rightleg "7")
L 03/14/2015 - 19:35:46: "|Xyligans|kpy}I{ka<254><STEAM_0:4:1954401541><TERRORIST>" triggered "time" (time "10:40")
L 03/14/2015 - 19:35:46: "|Xyligans|kpy}I{ka<254><STEAM_0:4:1954401541><TERRORIST>" triggered "latency" (ping "17")
L 03/14/2015 - 19:35:46: "|Xyligans|kpy}I{ka<254><STEAM_0:4:1954401541><TERRORIST>" triggered "Dropped_The_Bomb"
L 03/14/2015 - 19:35:46: "|Xyligans|kpy}I{ka<254><STEAM_0:4:1954401541><TERRORIST>" disconnected
L 03/14/2015 - 19:35:51: World triggered "Round_Start"
L 03/14/2015 - 19:36:02: "JESUS<258><STEAM_0:1:109981386><TERRORIST>" attacked "[Hard_Skill]_Funny*Apple<260><STEAM_0:4:1364633349><CT>" with "m4a1" (damage "120") (damage_armor "0") (health "-20") (armor "0")
L 03/14/2015 - 19:36:02: "JESUS<258><STEAM_0:1:109981386><TERRORIST>" killed "[Hard_Skill]_Funny*Apple<260><STEAM_0:4:1364633349><CT>" with "m4a1"
L 03/14/2015 - 19:36:03: "JESUS<258><STEAM_0:1:109981386><TERRORIST>" attacked "[Hard_Skill]_Novi4ek<251><STEAM_0:4:589511685><CT>" with "m4a1" (damage "22") (damage_armor "0") (health "78") (armor "100")
L 03/14/2015 - 19:36:04: "JESUS<258><STEAM_0:1:109981386><TERRORIST>" attacked "[Hard_Skill]_Novi4ek<251><STEAM_0:4:589511685><CT>" with "m4a1" (damage "22") (damage_armor "0") (health "56") (armor "100")
L 03/14/2015 - 19:36:04: "JESUS<258><STEAM_0:1:109981386><TERRORIST>" attacked "[Hard_Skill]_Novi4ek<251><STEAM_0:4:589511685><CT>" with "m4a1" (damage "22") (damage_armor "0") (health "34") (armor "100")
L 03/14/2015 - 19:36:04: "[Hard_Skill]_Novi4ek<251><STEAM_0:4:589511685><CT>" attacked "JESUS<258><STEAM_0:1:109981386><TERRORIST>" with "m4a1" (damage "22") (damage_armor "0") (health "78") (armor "100")
L 03/14/2015 - 19:36:04: "[Hard_Skill]_Novi4ek<251><STEAM_0:4:589511685><CT>" attacked "JESUS<258><STEAM_0:1:109981386><TERRORIST>" with "m4a1" (damage "22") (damage_armor "0") (health "56") (armor "100")
L 03/14/2015 - 19:36:04: "JESUS<258><STEAM_0:1:109981386><TERRORIST>" attacked "[Hard_Skill]_Novi4ek<251><STEAM_0:4:589511685><CT>" with "m4a1" (damage "26") (damage_armor "6") (health "8") (armor "94")
L 03/14/2015 - 19:36:05: "[Hard_Skill]_Novi4ek<251><STEAM_0:4:589511685><CT>" attacked "JESUS<258><STEAM_0:1:109981386><TERRORIST>" with "m4a1" (damage "22") (damage_armor "0") (health "34") (armor "100")
L 03/14/2015 - 19:36:05: "[Hard_Skill]_Novi4ek<251><STEAM_0:4:589511685><CT>" attacked "JESUS<258><STEAM_0:1:109981386><TERRORIST>" with "m4a1" (damage "26") (damage_armor "6") (health "8") (armor "94")
L 03/14/2015 - 19:36:05: "JESUS<258><STEAM_0:1:109981386><TERRORIST>" attacked "[Hard_Skill]_Novi4ek<251><STEAM_0:4:589511685><CT>" with "m4a1" (damage "22") (damage_armor "0") (health "-14") (armor "94")
L 03/14/2015 - 19:36:05: "JESUS<258><STEAM_0:1:109981386><TERRORIST>" killed "[Hard_Skill]_Novi4ek<251><STEAM_0:4:589511685><CT>" with "m4a1"
L 03/14/2015 - 19:36:05: Team "TERRORIST" triggered "Terrorists_Win" (CT "7") (T "9")
L 03/14/2015 - 19:36:05: World triggered "Round_End"
L 03/14/2015 - 19:36:10: "JESUS<258><STEAM_0:1:109981386><TERRORIST>" triggered "Spawned_With_The_Bomb"
L 03/14/2015 - 19:36:15: World triggered "Round_Start"
L 03/14/2015 - 19:36:33: "JESUS<258><STEAM_0:1:109981386><TERRORIST>" attacked "[Hard_Skill]_Funny*Apple<260><STEAM_0:4:1364633349><CT>" with "m4a1" (damage "128") (damage_armor "0") (health "-28") (armor "0")
L 03/14/2015 - 19:36:33: "JESUS<258><STEAM_0:1:109981386><TERRORIST>" killed "[Hard_Skill]_Funny*Apple<260><STEAM_0:4:1364633349><CT>" with "m4a1"
L 03/14/2015 - 19:36:35: "[Hard_Skill]_Novi4ek<251><STEAM_0:4:589511685><CT>" attacked "JESUS<258><STEAM_0:1:109981386><TERRORIST>" with "m4a1" (damage "27") (damage_armor "6") (health "73") (armor "94")
L 03/14/2015 - 19:36:35: "[Hard_Skill]_Novi4ek<251><STEAM_0:4:589511685><CT>" attacked "JESUS<258><STEAM_0:1:109981386><TERRORIST>" with "m4a1" (damage "21") (damage_armor "5") (health "52") (armor "89")
L 03/14/2015 - 19:36:36: "[Hard_Skill]_Novi4ek<251><STEAM_0:4:589511685><CT>" attacked "JESUS<258><STEAM_0:1:109981386><TERRORIST>" with "m4a1" (damage "23") (damage_armor "0") (health "29") (armor "89")
L 03/14/2015 - 19:36:36: "[Hard_Skill]_Novi4ek<251><STEAM_0:4:589511685><CT>" attacked "JESUS<258><STEAM_0:1:109981386><TERRORIST>" with "m4a1" (damage "23") (damage_armor "0") (health "6") (armor "89")
L 03/14/2015 - 19:36:36: "[Hard_Skill]_Novi4ek<251><STEAM_0:4:589511685><CT>" attacked "JESUS<258><STEAM_0:1:109981386><TERRORIST>" with "m4a1" (damage "23") (damage_armor "0") (health "-17") (armor "89")
L 03/14/2015 - 19:36:36: "[Hard_Skill]_Novi4ek<251><STEAM_0:4:589511685><CT>" killed "JESUS<258><STEAM_0:1:109981386><TERRORIST>" with "m4a1"
L 03/14/2015 - 19:36:36: Team "CT" triggered "CTs_Win" (CT "8") (T "9")
L 03/14/2015 - 19:36:36: World triggered "Round_End"
L 03/14/2015 - 19:36:41: "JESUS<258><STEAM_0:1:109981386><TERRORIST>" triggered "Spawned_With_The_Bomb"
L 03/14/2015 - 19:36:46: World triggered "Round_Start"
L 03/14/2015 - 19:37:07: "[Hard_Skill]_Novi4ek<251><STEAM_0:4:589511685><CT>" attacked "JESUS<258><STEAM_0:1:109981386><TERRORIST>" with "m4a1" (damage "22") (damage_armor "4") (health "66") (armor "89")
L 03/14/2015 - 19:37:07: "JESUS<258><STEAM_0:1:109981386><TERRORIST>" attacked "[Hard_Skill]_Novi4ek<251><STEAM_0:4:589511685><CT>" with "ak47" (damage "27") (damage_armor "4") (health "73") (armor "96")
L 03/14/2015 - 19:37:07: "[Hard_Skill]_Novi4ek<251><STEAM_0:4:589511685><CT>" attacked "JESUS<258><STEAM_0:1:109981386><TERRORIST>" with "m4a1" (damage "89") (damage_armor "20") (health "-23") (armor "69")
L 03/14/2015 - 19:37:07: "[Hard_Skill]_Novi4ek<251><STEAM_0:4:589511685><CT>" killed "JESUS<258><STEAM_0:1:109981386><TERRORIST>" with "m4a1"
L 03/14/2015 - 19:37:07: Team "CT" triggered "CTs_Win" (CT "9") (T "9")
L 03/14/2015 - 19:37:07: World triggered "Round_End"
L 03/14/2015 - 19:37:12: "JESUS<258><STEAM_0:1:109981386><TERRORIST>" triggered "Spawned_With_The_Bomb"
L 03/14/2015 - 19:37:17: World triggered "Round_Start"
L 03/14/2015 - 19:37:29: "[Hard_Skill]_Novi4ek<251><STEAM_0:4:589511685><CT>" attacked "JESUS<258><STEAM_0:1:109981386><TERRORIST>" with "m4a1" (damage "20") (damage_armor "5") (health "80") (armor "95")
L 03/14/2015 - 19:37:29: "[Hard_Skill]_Novi4ek<251><STEAM_0:4:589511685><CT>" attacked "JESUS<258><STEAM_0:1:109981386><TERRORIST>" with "m4a1" (damage "20") (damage_armor "4") (health "60") (armor "91")
L 03/14/2015 - 19:37:30: "[Hard_Skill]_Novi4ek<251><STEAM_0:4:589511685><CT>" attacked "JESUS<258><STEAM_0:1:109981386><TERRORIST>" with "m4a1" (damage "25") (damage_armor "6") (health "35") (armor "85")
L 03/14/2015 - 19:37:31: "[Hard_Skill]_Novi4ek<251><STEAM_0:4:589511685><CT>" attacked "JESUS<258><STEAM_0:1:109981386><TERRORIST>" with "m4a1" (damage "21") (damage_armor "0") (health "14") (armor "85")
L 03/14/2015 - 19:37:31: "JESUS<258><STEAM_0:1:109981386><TERRORIST>" attacked "[Hard_Skill]_Funny*Apple<260><STEAM_0:4:1364633349><CT>" with "ak47" (damage "26") (damage_armor "4") (health "74") (armor "96")
L 03/14/2015 - 19:37:31: "JESUS<258><STEAM_0:1:109981386><TERRORIST>" attacked "[Hard_Skill]_Novi4ek<251><STEAM_0:4:589511685><CT>" with "ak47" (damage "26") (damage_armor "4") (health "74") (armor "96")
L 03/14/2015 - 19:37:31: "[Hard_Skill]_Novi4ek<251><STEAM_0:4:589511685><CT>" attacked "JESUS<258><STEAM_0:1:109981386><TERRORIST>" with "m4a1" (damage "21") (damage_armor "0") (health "-7") (armor "85")
L 03/14/2015 - 19:37:31: "[Hard_Skill]_Novi4ek<251><STEAM_0:4:589511685><CT>" killed "JESUS<258><STEAM_0:1:109981386><TERRORIST>" with "m4a1"
L 03/14/2015 - 19:37:31: Team "CT" triggered "CTs_Win" (CT "10") (T "9")
L 03/14/2015 - 19:37:31: World triggered "Round_End"
L 03/14/2015 - 19:37:36: "JESUS<258><STEAM_0:1:109981386><TERRORIST>" triggered "Spawned_With_The_Bomb"
L 03/14/2015 - 19:37:41: World triggered "Round_Start"
L 03/14/2015 - 19:37:56: [DPROTO]: Client 1 - Set AuthIdType 3 [dp_RevEmu]; pClient = 0xb3973dfc
L 03/14/2015 - 19:37:56: "4ANHNK<264><STEAM_0:4:61000965><>" connected, address "178.120.25.174:27419"
L 03/14/2015 - 19:37:57: [VTC] Player 2 speex
L 03/14/2015 - 19:37:57: "[Hard_Skill]_Novi4ek<251><STEAM_0:4:589511685><CT>" attacked "JESUS<258><STEAM_0:1:109981386><TERRORIST>" with "m4a1" (damage "22") (damage_armor "5") (health "78") (armor "95")
L 03/14/2015 - 19:37:57: "JESUS<258><STEAM_0:1:109981386><TERRORIST>" attacked "[Hard_Skill]_Novi4ek<251><STEAM_0:4:589511685><CT>" with "ak47" (damage "33") (damage_armor "5") (health "67") (armor "95")
L 03/14/2015 - 19:37:57: "[Hard_Skill]_Novi4ek<251><STEAM_0:4:589511685><CT>" attacked "JESUS<258><STEAM_0:1:109981386><TERRORIST>" with "m4a1" (damage "22") (damage_armor "5") (health "56") (armor "90")
L 03/14/2015 - 19:37:57: "[Hard_Skill]_Novi4ek<251><STEAM_0:4:589511685><CT>" attacked "JESUS<258><STEAM_0:1:109981386><TERRORIST>" with "m4a1" (damage "22") (damage_armor "5") (health "34") (armor "85")
L 03/14/2015 - 19:37:57: "[Hard_Skill]_Novi4ek<251><STEAM_0:4:589511685><CT>" attacked "JESUS<258><STEAM_0:1:109981386><TERRORIST>" with "m4a1" (damage "22") (damage_armor "5") (health "12") (armor "80")
L 03/14/2015 - 19:37:58: "JESUS<258><STEAM_0:1:109981386><TERRORIST>" attacked "[Hard_Skill]_Novi4ek<251><STEAM_0:4:589511685><CT>" with "ak47" (damage "27") (damage_armor "4") (health "40") (armor "91")
L 03/14/2015 - 19:37:58: "[Hard_Skill]_Novi4ek<251><STEAM_0:4:589511685><CT>" attacked "JESUS<258><STEAM_0:1:109981386><TERRORIST>" with "m4a1" (damage "22") (damage_armor "5") (health "-10") (armor "75")
L 03/14/2015 - 19:37:58: "[Hard_Skill]_Novi4ek<251><STEAM_0:4:589511685><CT>" killed "JESUS<258><STEAM_0:1:109981386><TERRORIST>" with "m4a1"
L 03/14/2015 - 19:37:58: Team "CT" triggered "CTs_Win" (CT "11") (T "9")
L 03/14/2015 - 19:37:58: World triggered "Round_End"
L 03/14/2015 - 19:38:00: "4ANHNK<264><STEAM_0:4:61000965><>" entered the game
L 03/14/2015 - 19:38:01: "4ANHNK<264><STEAM_0:4:61000965><>" joined team "CT"
L 03/14/2015 - 19:38:03: "JESUS<258><STEAM_0:1:109981386><TERRORIST>" triggered "Spawned_With_The_Bomb"
L 03/14/2015 - 19:38:08: World triggered "Round_Start"
L 03/14/2015 - 19:38:25: "JESUS<258><STEAM_0:1:109981386><TERRORIST>" attacked "[Hard_Skill]_Funny*Apple<260><STEAM_0:4:1364633349><CT>" with "ak47" (damage "27") (damage_armor "4") (health "73") (armor "96")
L 03/14/2015 - 19:38:26: "[Hard_Skill]_Novi4ek<251><STEAM_0:4:589511685><CT>" attacked "JESUS<258><STEAM_0:1:109981386><TERRORIST>" with "m4a1" (damage "22") (damage_armor "5") (health "75") (armor "93")
L 03/14/2015 - 19:38:26: "[Hard_Skill]_Novi4ek<251><STEAM_0:4:589511685><CT>" attacked "JESUS<258><STEAM_0:1:109981386><TERRORIST>" with "m4a1" (damage "22") (damage_armor "5") (health "53") (armor "88")
L 03/14/2015 - 19:38:26: "4ANHNK<264><STEAM_0:4:61000965><CT>" attacked "JESUS<258><STEAM_0:1:109981386><TERRORIST>" with "m4a1" (damage "10") (damage_armor "2") (health "43") (armor "86")
L 03/14/2015 - 19:38:26: "4ANHNK<264><STEAM_0:4:61000965><CT>" attacked "JESUS<258><STEAM_0:1:109981386><TERRORIST>" with "m4a1" (damage "21") (damage_armor "5") (health "22") (armor "81")
L 03/14/2015 - 19:38:26: "JESUS<258><STEAM_0:1:109981386><TERRORIST>" attacked "[Hard_Skill]_Novi4ek<251><STEAM_0:4:589511685><CT>" with "ak47" (damage "27") (damage_armor "4") (health "73") (armor "96")
L 03/14/2015 - 19:38:26: "[Hard_Skill]_Novi4ek<251><STEAM_0:4:589511685><CT>" attacked "JESUS<258><STEAM_0:1:109981386><TERRORIST>" with "m4a1" (damage "22") (damage_armor "5") (health "0") (armor "76")
L 03/14/2015 - 19:38:26: "[Hard_Skill]_Novi4ek<251><STEAM_0:4:589511685><CT>" killed "JESUS<258><STEAM_0:1:109981386><TERRORIST>" with "m4a1"
L 03/14/2015 - 19:38:26: Team "CT" triggered "CTs_Win" (CT "12") (T "9")
L 03/14/2015 - 19:38:26: World triggered "Round_End"
L 03/14/2015 - 19:38:31: "4ANHNK<264><STEAM_0:4:61000965><CT>" triggered "weaponstats" (weapon "grenade") (shots "1") (hits "0") (kills "0") (headshots "0") (tks "0") (damage "0") (deaths "0")
L 03/14/2015 - 19:38:31: "4ANHNK<264><STEAM_0:4:61000965><CT>" triggered "weaponstats2" (weapon "grenade") (head "0") (chest "0") (stomach "0") (leftarm "0") (rightarm "0") (leftleg "0") (rightleg "0")
L 03/14/2015 - 19:38:31: "4ANHNK<264><STEAM_0:4:61000965><CT>" triggered "weaponstats" (weapon "m4a1") (shots "13") (hits "2") (kills "0") (headshots "0") (tks "0") (damage "31") (deaths "0")
L 03/14/2015 - 19:38:31: "4ANHNK<264><STEAM_0:4:61000965><CT>" triggered "weaponstats2" (weapon "m4a1") (head "0") (chest "0") (stomach "0") (leftarm "2") (rightarm "0") (leftleg "0") (rightleg "0")
L 03/14/2015 - 19:38:31: "4ANHNK<264><STEAM_0:4:61000965><CT>" triggered "time" (time "0:31")
L 03/14/2015 - 19:38:31: "4ANHNK<264><STEAM_0:4:61000965><CT>" triggered "latency" (ping "46")
L 03/14/2015 - 19:38:31: "[Hard_Skill]_Extazy<262><STEAM_0:4:397277401><SPECTATOR>" triggered "time" (time "3:52")
L 03/14/2015 - 19:38:31: "[Hard_Skill]_Extazy<262><STEAM_0:4:397277401><SPECTATOR>" triggered "latency" (ping "3")
L 03/14/2015 - 19:38:31: "[Hard_Skill]_Funny*Apple<260><STEAM_0:4:1364633349><CT>" triggered "weaponstats" (weapon "scout") (shots "1") (hits "0") (kills "0") (headshots "0") (tks "0") (damage "0") (deaths "0")
L 03/14/2015 - 19:38:31: "[Hard_Skill]_Funny*Apple<260><STEAM_0:4:1364633349><CT>" triggered "weaponstats2" (weapon "scout") (head "0") (chest "0") (stomach "0") (leftarm "0") (rightarm "0") (leftleg "0") (rightleg "0")
L 03/14/2015 - 19:38:31: "[Hard_Skill]_Funny*Apple<260><STEAM_0:4:1364633349><CT>" triggered "weaponstats" (weapon "grenade") (shots "8") (hits "1") (kills "0") (headshots "0") (tks "0") (damage "62") (deaths "0")
L 03/14/2015 - 19:38:31: "[Hard_Skill]_Funny*Apple<260><STEAM_0:4:1364633349><CT>" triggered "weaponstats2" (weapon "grenade") (head "0") (chest "0") (stomach "0") (leftarm "0") (rightarm "0") (leftleg "0") (rightleg "0")
L 03/14/2015 - 19:38:31: "[Hard_Skill]_Funny*Apple<260><STEAM_0:4:1364633349><CT>" triggered "weaponstats" (weapon "usp") (shots "3") (hits "0") (kills "0") (headshots "0") (tks "0") (damage "0") (deaths "2")
L 03/14/2015 - 19:38:31: "[Hard_Skill]_Funny*Apple<260><STEAM_0:4:1364633349><CT>" triggered "weaponstats2" (weapon "usp") (head "0") (chest "0") (stomach "0") (leftarm "0") (rightarm "0") (leftleg "0") (rightleg "0")
L 03/14/2015 - 19:38:31: "[Hard_Skill]_Funny*Apple<260><STEAM_0:4:1364633349><CT>" triggered "weaponstats" (weapon "awp") (shots "6") (hits "2") (kills "2") (headshots "1") (tks "0") (damage "550") (deaths "1")
L 03/14/2015 - 19:38:31: "[Hard_Skill]_Funny*Apple<260><STEAM_0:4:1364633349><CT>" triggered "weaponstats2" (weapon "awp") (head "1") (chest "0") (stomach "0") (leftarm "1") (rightarm "0") (leftleg "0") (rightleg "0")
L 03/14/2015 - 19:38:31: "[Hard_Skill]_Funny*Apple<260><STEAM_0:4:1364633349><CT>" triggered "weaponstats" (weapon "m4a1") (shots "73") (hits "5") (kills "1") (headshots "1") (tks "0") (damage "168") (deaths "3")
L 03/14/2015 - 19:38:31: "[Hard_Skill]_Funny*Apple<260><STEAM_0:4:1364633349><CT>" triggered "weaponstats2" (weapon "m4a1") (head "1") (chest "2") (stomach "0") (leftarm "0") (rightarm "2") (leftleg "0") (rightleg "0")
L 03/14/2015 - 19:38:31: "[Hard_Skill]_Funny*Apple<260><STEAM_0:4:1364633349><CT>" triggered "weaponstats" (weapon "deagle") (shots "40") (hits "6") (kills "2") (headshots "1") (tks "0") (damage "308") (deaths "2")
L 03/14/2015 - 19:38:31: "[Hard_Skill]_Funny*Apple<260><STEAM_0:4:1364633349><CT>" triggered "weaponstats2" (weapon "deagle") (head "1") (chest "2") (stomach "0") (leftarm "2") (rightarm "0") (leftleg "1") (rightleg "0")
L 03/14/2015 - 19:38:31: "[Hard_Skill]_Funny*Apple<260><STEAM_0:4:1364633349><CT>" triggered "weaponstats" (weapon "ak47") (shots "18") (hits "0") (kills "0") (headshots "0") (tks "0") (damage "0") (deaths "1")
L 03/14/2015 - 19:38:31: "[Hard_Skill]_Funny*Apple<260><STEAM_0:4:1364633349><CT>" triggered "weaponstats2" (weapon "ak47") (head "0") (chest "0") (stomach "0") (leftarm "0") (rightarm "0") (leftleg "0") (rightleg "0")
L 03/14/2015 - 19:38:31: "[Hard_Skill]_Funny*Apple<260><STEAM_0:4:1364633349><CT>" triggered "weaponstats" (weapon "knife") (shots "18") (hits "0") (kills "0") (headshots "0") (tks "0") (damage "0") (deaths "0")
L 03/14/2015 - 19:38:31: "[Hard_Skill]_Funny*Apple<260><STEAM_0:4:1364633349><CT>" triggered "weaponstats2" (weapon "knife") (head "0") (chest "0") (stomach "0") (leftarm "0") (rightarm "0") (leftleg "0") (rightleg "0")
L 03/14/2015 - 19:38:31: "[Hard_Skill]_Funny*Apple<260><STEAM_0:4:1364633349><CT>" triggered "time" (time "12:45")
L 03/14/2015 - 19:38:31: "[Hard_Skill]_Funny*Apple<260><STEAM_0:4:1364633349><CT>" triggered "latency" (ping "19")
L 03/14/2015 - 19:38:31: "[Hard_Skill]_Novi4ek<251><STEAM_0:4:589511685><CT>" triggered "weaponstats" (weapon "grenade") (shots "2") (hits "1") (kills "0") (headshots "0") (tks "0") (damage "30") (deaths "0")
L 03/14/2015 - 19:38:31: "[Hard_Skill]_Novi4ek<251><STEAM_0:4:589511685><CT>" triggered "weaponstats2" (weapon "grenade") (head "0") (chest "0") (stomach "0") (leftarm "0") (rightarm "0") (leftleg "0") (rightleg "0")
L 03/14/2015 - 19:38:31: "[Hard_Skill]_Novi4ek<251><STEAM_0:4:589511685><CT>" triggered "weaponstats" (weapon "usp") (shots "12") (hits "2") (kills "0") (headshots "0") (tks "0") (damage "54") (deaths "0")
L 03/14/2015 - 19:38:31: "[Hard_Skill]_Novi4ek<251><STEAM_0:4:589511685><CT>" triggered "weaponstats2" (weapon "usp") (head "0") (chest "1") (stomach "0") (leftarm "1") (rightarm "0") (leftleg "0") (rightleg "0")
L 03/14/2015 - 19:38:31: "[Hard_Skill]_Novi4ek<251><STEAM_0:4:589511685><CT>" triggered "weaponstats" (weapon "awp") (shots "3") (hits "1") (kills "0") (headshots "0") (tks "0") (damage "82") (deaths "0")
L 03/14/2015 - 19:38:31: "[Hard_Skill]_Novi4ek<251><STEAM_0:4:589511685><CT>" triggered "weaponstats2" (weapon "awp") (head "0") (chest "0") (stomach "0") (leftarm "0") (rightarm "0") (leftleg "1") (rightleg "0")
L 03/14/2015 - 19:38:31: "[Hard_Skill]_Novi4ek<251><STEAM_0:4:589511685><CT>" triggered "weaponstats" (weapon "m4a1") (shots "360") (hits "73") (kills "13") (headshots "4") (tks "0") (damage "1917") (deaths "6")
L 03/14/2015 - 19:38:31: "[Hard_Skill]_Novi4ek<251><STEAM_0:4:589511685><CT>" triggered "weaponstats2" (weapon "m4a1") (head "4") (chest "12") (stomach "12") (leftarm "22") (rightarm "4") (leftleg "11") (rightleg "8")
L 03/14/2015 - 19:38:31: "[Hard_Skill]_Novi4ek<251><STEAM_0:4:589511685><CT>" triggered "weaponstats" (weapon "deagle") (shots "21") (hits "7") (kills "4") (headshots "1") (tks "0") (damage "366") (deaths "3")
L 03/14/2015 - 19:38:31: "[Hard_Skill]_Novi4ek<251><STEAM_0:4:589511685><CT>" triggered "weaponstats2" (weapon "deagle") (head "1") (chest "0") (stomach "4") (leftarm "0") (rightarm "0") (leftleg "0") (rightleg "2")
L 03/14/2015 - 19:38:31: "[Hard_Skill]_Novi4ek<251><STEAM_0:4:589511685><CT>" triggered "weaponstats" (weapon "knife") (shots "16") (hits "0") (kills "0") (headshots "0") (tks "0") (damage "0") (deaths "0")
L 03/14/2015 - 19:38:31: "[Hard_Skill]_Novi4ek<251><STEAM_0:4:589511685><CT>" triggered "weaponstats2" (weapon "knife") (head "0") (chest "0") (stomach "0") (leftarm "0") (rightarm "0") (leftleg "0") (rightleg "0")
L 03/14/2015 - 19:38:31: "[Hard_Skill]_Novi4ek<251><STEAM_0:4:589511685><CT>" triggered "time" (time "13:21")
L 03/14/2015 - 19:38:31: "[Hard_Skill]_Novi4ek<251><STEAM_0:4:589511685><CT>" triggered "latency" (ping "64")
L 03/14/2015 - 19:38:31: "JESUS<258><STEAM_0:1:109981386><TERRORIST>" triggered "weaponstats" (weapon "grenade") (shots "7") (hits "5") (kills "0") (headshots "0") (tks "0") (damage "141") (deaths "1")
L 03/14/2015 - 19:38:31: "JESUS<258><STEAM_0:1:109981386><TERRORIST>" triggered "weaponstats2" (weapon "grenade") (head "0") (chest "0") (stomach "0") (leftarm "0") (rightarm "0") (leftleg "0") (rightleg "0")
L 03/14/2015 - 19:38:31: "JESUS<258><STEAM_0:1:109981386><TERRORIST>" triggered "weaponstats" (weapon "galil") (shots "15") (hits "2") (kills "1") (headshots "0") (tks "0") (damage "50") (deaths "1")
L 03/14/2015 - 19:38:31: "JESUS<258><STEAM_0:1:109981386><TERRORIST>" triggered "weaponstats2" (weapon "galil") (head "0") (chest "0") (stomach "0") (leftarm "1") (rightarm "0") (leftleg "0") (rightleg "1")
L 03/14/2015 - 19:38:31: "JESUS<258><STEAM_0:1:109981386><TERRORIST>" triggered "weaponstats" (weapon "mp5navy") (shots "38") (hits "5") (kills "0") (headshots "0") (tks "0") (damage "52") (deaths "3")
L 03/14/2015 - 19:38:31: "JESUS<258><STEAM_0:1:109981386><TERRORIST>" triggered "weaponstats2" (weapon "mp5navy") (head "0") (chest "0") (stomach "1") (leftarm "3") (rightarm "1") (leftleg "0") (rightleg "0")
L 03/14/2015 - 19:38:31: "JESUS<258><STEAM_0:1:109981386><TERRORIST>" triggered "weaponstats" (weapon "m4a1") (shots "100") (hits "18") (kills "7") (headshots "4") (tks "0") (damage "890") (deaths "1")
L 03/14/2015 - 19:38:31: "JESUS<258><STEAM_0:1:109981386><TERRORIST>" triggered "weaponstats2" (weapon "m4a1") (head "5") (chest "2") (stomach "1") (leftarm "3") (rightarm "2") (leftleg "4") (rightleg "1")
L 03/14/2015 - 19:38:31: "JESUS<258><STEAM_0:1:109981386><TERRORIST>" triggered "weaponstats" (weapon "deagle") (shots "12") (hits "2") (kills "0") (headshots "0") (tks "0") (damage "83") (deaths "1")
L 03/14/2015 - 19:38:31: "JESUS<258><STEAM_0:1:109981386><TERRORIST>" triggered "weaponstats2" (weapon "deagle") (head "0") (chest "0") (stomach "2") (leftarm "0") (rightarm "0") (leftleg "0") (rightleg "0")
L 03/14/2015 - 19:38:31: "JESUS<258><STEAM_0:1:109981386><TERRORIST>" triggered "weaponstats" (weapon "ak47") (shots "201") (hits "33") (kills "7") (headshots "3") (tks "0") (damage "1220") (deaths "7")
L 03/14/2015 - 19:38:31: "JESUS<258><STEAM_0:1:109981386><TERRORIST>" triggered "weaponstats2" (weapon "ak47") (head "3") (chest "2") (stomach "4") (leftarm "15") (rightarm "2") (leftleg "4") (rightleg "3")
L 03/14/2015 - 19:38:31: "JESUS<258><STEAM_0:1:109981386><TERRORIST>" triggered "weaponstats" (weapon "knife") (shots "5") (hits "0") (kills "0") (headshots "0") (tks "0") (damage "0") (deaths "0")
L 03/14/2015 - 19:38:31: "JESUS<258><STEAM_0:1:109981386><TERRORIST>" triggered "weaponstats2" (weapon "knife") (head "0") (chest "0") (stomach "0") (leftarm "0") (rightarm "0") (leftleg "0") (rightleg "0")
L 03/14/2015 - 19:38:31: "JESUS<258><STEAM_0:1:109981386><TERRORIST>" triggered "time" (time "13:24")
L 03/14/2015 - 19:38:31: "JESUS<258><STEAM_0:1:109981386><TERRORIST>" triggered "latency" (ping "12")
L 03/14/2015 - 19:38:31: [META] ini: Begin re-reading plugins list: /home/extazy/Public/cstrike/addons/metamod/plugins.ini
L 03/14/2015 - 19:38:31: [META] ini: Read plugin config for: AMX Mod X
L 03/14/2015 - 19:38:31: [META] ini: Read plugin config for: dproto_EF
L 03/14/2015 - 19:38:31: [META] ini: Read plugin config for: mmtimer
L 03/14/2015 - 19:38:31: [META] ini: Read plugin config for: VoiceTranscoder
L 03/14/2015 - 19:38:31: [META] ini: Finished reading plugins list: /home/extazy/Public/cstrike/addons/metamod/plugins.ini; Found 4 plugins
L 03/14/2015 - 19:38:31: [META] dll: Updating plugins...
L 03/14/2015 - 19:38:31: [META] WARNING: dll: Plugin 'mmtimer' isn't running; Forcing unload plugin for reloading
L 03/14/2015 - 19:38:31: [META] WARNING: dll: Failed to unload plugin 'mmtimer' for reloading
L 03/14/2015 - 19:38:31: [META] dll: Finished updating 13 plugins; kept 3, loaded 0, unloaded 0, reloaded 0, delayed 0
L 03/14/2015 - 19:38:31: "4ANHNK<264><STEAM_0:4:61000965><CT>" disconnected
L 03/14/2015 - 19:38:31: "[Hard_Skill]_Extazy<262><STEAM_0:4:397277401><SPECTATOR>" disconnected
L 03/14/2015 - 19:38:31: "[Hard_Skill]_Funny*Apple<260><STEAM_0:4:1364633349><CT>" disconnected
L 03/14/2015 - 19:38:31: "[Hard_Skill]_Novi4ek<251><STEAM_0:4:589511685><CT>" disconnected
L 03/14/2015 - 19:38:31: "JESUS<258><STEAM_0:1:109981386><TERRORIST>" disconnected
L 03/14/2015 - 19:38:31: Log file closed
