L 03/17/2015 - 16:50:09: Log file started (file "logs/L0317048.log") (game "cstrike") (version "48/1.6.3.7/Stdio/5787")
L 03/17/2015 - 16:50:09: Loading map "$2000$"
L 03/17/2015 - 16:50:09: Server cvars start
L 03/17/2015 - 16:50:09: Server cvar "_tutor_bomb_viewable_check_interval" = "0.5"
L 03/17/2015 - 16:50:09: Server cvar "_tutor_debug_level" = "0"
L 03/17/2015 - 16:50:09: Server cvar "_tutor_examine_time" = "0.5"
L 03/17/2015 - 16:50:09: Server cvar "_tutor_hint_interval_time" = "10.0"
L 03/17/2015 - 16:50:09: Server cvar "_tutor_look_angle" = "10"
L 03/17/2015 - 16:50:09: Server cvar "_tutor_look_distance" = "200"
L 03/17/2015 - 16:50:09: Server cvar "_tutor_message_character_display_time_coefficient" = "0.07"
L 03/17/2015 - 16:50:09: Server cvar "_tutor_message_minimum_display_time" = "1"
L 03/17/2015 - 16:50:09: Server cvar "_tutor_message_repeats" = "5"
L 03/17/2015 - 16:50:09: Server cvar "_tutor_view_distance" = "1000"
L 03/17/2015 - 16:50:09: Server cvar "aesp_version" = "1.5b_mini"
L 03/17/2015 - 16:50:09: Server cvar "allow_spectators" = "4"
L 03/17/2015 - 16:50:09: Server cvar "amx_client_languages" = "0"
L 03/17/2015 - 16:50:09: Server cvar "amx_contactinfo" = "ICQ: 691322983"
L 03/17/2015 - 16:50:09: Server cvar "amx_language" = "ru"
L 03/17/2015 - 16:50:09: Server cvar "amx_nextmap" = "de_inferno_2x2"
L 03/17/2015 - 16:50:09: Server cvar "amx_timeleft" = "02:33"
L 03/17/2015 - 16:50:09: Server cvar "amxbans_ssversion" = "Gm 1.6"
L 03/17/2015 - 16:50:09: Server cvar "amxbans_version" = "Gm 1.6"
L 03/17/2015 - 16:50:09: Server cvar "amxmodx_version" = "1.8.1.3746"
L 03/17/2015 - 16:50:09: Server cvar "Colored Translit Cheat" = "Loaded"
L 03/17/2015 - 16:50:09: Server cvar "Colored Translit Config" = "Loaded"
L 03/17/2015 - 16:50:09: Server cvar "Colored Translit Ignores" = "Loaded"
L 03/17/2015 - 16:50:09: Server cvar "Colored Translit Replace" = "Failed"
L 03/17/2015 - 16:50:09: Server cvar "Colored Translit Spam" = "Loaded"
L 03/17/2015 - 16:50:09: Server cvar "Colored Translit Status" = "Loaded"
L 03/17/2015 - 16:50:09: Server cvar "Colored Translit Swear" = "Loaded"
L 03/17/2015 - 16:50:09: Server cvar "Colored Translit Version" = "2.0b Final"
L 03/17/2015 - 16:50:09: Server cvar "coop" = "0"
L 03/17/2015 - 16:50:09: Server cvar "deathmatch" = "1"
L 03/17/2015 - 16:50:09: Server cvar "decalfrequency" = "9"
L 03/17/2015 - 16:50:09: Server cvar "dp_version" = "0.9.391"
L 03/17/2015 - 16:50:09: Server cvar "edgefriction" = "2"
L 03/17/2015 - 16:50:09: Server cvar "hostage_debug" = "0"
L 03/17/2015 - 16:50:09: Server cvar "hostage_stop" = "0"
L 03/17/2015 - 16:50:09: Server cvar "humans_join_team" = "any"
L 03/17/2015 - 16:50:09: Server cvar "jtp10181" = "chute"
L 03/17/2015 - 16:50:09: Server cvar "max_queries_sec" = "3.0"
L 03/17/2015 - 16:50:09: Server cvar "max_queries_sec_global" = "30"
L 03/17/2015 - 16:50:09: Server cvar "max_queries_window" = "60"
L 03/17/2015 - 16:50:09: Server cvar "metamod_version" = "1.19"
L 03/17/2015 - 16:50:09: Server cvar "mp_allowmonsters" = "0"
L 03/17/2015 - 16:50:09: Server cvar "mp_autokick" = "1"
L 03/17/2015 - 16:50:09: Server cvar "mp_autoteambalance" = "1"
L 03/17/2015 - 16:50:09: Server cvar "mp_buytime" = "1.5"
L 03/17/2015 - 16:50:09: Server cvar "mp_c4timer" = "35"
L 03/17/2015 - 16:50:09: Server cvar "mp_chattime" = "1"
L 03/17/2015 - 16:50:09: Server cvar "mp_consistency" = "1"
L 03/17/2015 - 16:50:09: Server cvar "mp_fadetoblack" = "0"
L 03/17/2015 - 16:50:09: Server cvar "mp_flashlight" = "1"
L 03/17/2015 - 16:50:09: Server cvar "mp_footsteps" = "1"
L 03/17/2015 - 16:50:09: Server cvar "mp_forcecamera" = "0"
L 03/17/2015 - 16:50:09: Server cvar "mp_forcechasecam" = "0"
L 03/17/2015 - 16:50:09: Server cvar "mp_fragsleft" = "0"
L 03/17/2015 - 16:50:09: Server cvar "mp_freezetime" = "5"
L 03/17/2015 - 16:50:09: Server cvar "mp_friendlyfire" = "0"
L 03/17/2015 - 16:50:09: Server cvar "mp_ghostfrequency" = "0.1"
L 03/17/2015 - 16:50:09: Server cvar "mp_hostagepenalty" = "0"
L 03/17/2015 - 16:50:09: Server cvar "mp_kickpercent" = "0.66"
L 03/17/2015 - 16:50:09: Server cvar "mp_limitteams" = "5"
L 03/17/2015 - 16:50:09: Server cvar "mp_logdetail" = "3"
L 03/17/2015 - 16:50:09: Server cvar "mp_logfile" = "1"
L 03/17/2015 - 16:50:09: Server cvar "mp_logmessages" = "1"
L 03/17/2015 - 16:50:09: Server cvar "mp_mapvoteratio" = "0.66"
L 03/17/2015 - 16:50:09: Server cvar "mp_maxrounds" = "0"
L 03/17/2015 - 16:50:09: Server cvar "mp_mirrordamage" = "0"
L 03/17/2015 - 16:50:09: Server cvar "mp_playerid" = "0"
L 03/17/2015 - 16:50:09: Server cvar "mp_roundtime" = "2.57"
L 03/17/2015 - 16:50:09: Server cvar "mp_startmoney" = "800"
L 03/17/2015 - 16:50:09: Server cvar "mp_timeleft" = "0"
L 03/17/2015 - 16:50:09: Server cvar "mp_timelimit" = "30.000000"
L 03/17/2015 - 16:50:09: Server cvar "mp_tkpunish" = "1"
L 03/17/2015 - 16:50:09: Server cvar "mp_windifference" = "1"
L 03/17/2015 - 16:50:09: Server cvar "mp_winlimit" = "0"
L 03/17/2015 - 16:50:09: Server cvar "pausable" = "0"
L 03/17/2015 - 16:50:09: Server cvar "sv_accelerate" = "5"
L 03/17/2015 - 16:50:09: Server cvar "sv_aim" = "0"
L 03/17/2015 - 16:50:09: Server cvar "sv_airaccelerate" = "10"
L 03/17/2015 - 16:50:09: Server cvar "sv_airmove" = "1"
L 03/17/2015 - 16:50:09: Server cvar "sv_allowupload" = "1"
L 03/17/2015 - 16:50:09: Server cvar "sv_alltalk" = "0"
L 03/17/2015 - 16:50:09: Server cvar "sv_bounce" = "1"
L 03/17/2015 - 16:50:09: Server cvar "sv_cheats" = "0"
L 03/17/2015 - 16:50:09: Server cvar "sv_clienttrace" = "1"
L 03/17/2015 - 16:50:09: Server cvar "sv_clipmode" = "0"
L 03/17/2015 - 16:50:09: Server cvar "sv_contact" = ""
L 03/17/2015 - 16:50:09: Server cvar "sv_friction" = "4"
L 03/17/2015 - 16:50:09: Server cvar "sv_gravity" = "800"
L 03/17/2015 - 16:50:09: Server cvar "sv_logblocks" = "0"
L 03/17/2015 - 16:50:09: Server cvar "sv_maxrate" = "50000"
L 03/17/2015 - 16:50:09: Server cvar "sv_maxspeed" = "900"
L 03/17/2015 - 16:50:09: Server cvar "sv_minrate" = "100000"
L 03/17/2015 - 16:50:09: Server cvar "sv_password" = ""
L 03/17/2015 - 16:50:09: Server cvar "sv_proxies" = "0"
L 03/17/2015 - 16:50:09: Server cvar "sv_region" = "255"
L 03/17/2015 - 16:50:09: Server cvar "sv_restart" = "0"
L 03/17/2015 - 16:50:09: Server cvar "sv_restartround" = "0"
L 03/17/2015 - 16:50:09: Server cvar "sv_stepsize" = "18"
L 03/17/2015 - 16:50:09: Server cvar "sv_stopspeed" = "75"
L 03/17/2015 - 16:50:09: Server cvar "sv_uploadmax" = "0.5"
L 03/17/2015 - 16:50:09: Server cvar "sv_voiceenable" = "1"
L 03/17/2015 - 16:50:09: Server cvar "sv_wateraccelerate" = "10"
L 03/17/2015 - 16:50:09: Server cvar "sv_waterfriction" = "1"
L 03/17/2015 - 16:50:09: Server cvar "vtc_version" = "80"
L 03/17/2015 - 16:50:09: Server cvars end
L 03/17/2015 - 16:50:10: Server cvar "amx_nextmap" = "awp_india"
L 03/17/2015 - 16:50:10: Server cvar "sv_restart" = "1"
L 03/17/2015 - 16:50:10: World triggered "Restart_Round_(1_second)"
L 03/17/2015 - 16:50:10: Team "CT" scored "0" with "0" players
L 03/17/2015 - 16:50:10: Team "TERRORIST" scored "0" with "0" players
L 03/17/2015 - 16:50:10: Server cvar "sv_restart" = "0"
L 03/17/2015 - 16:50:10: Started map "$2000$" (CRC "-1688392397")
L 03/17/2015 - 16:50:15: World triggered "Round_Start"
L 03/17/2015 - 16:56:15: [DPROTO]: Client 0 - Set AuthIdType 1 [Native]; pClient = 0xb3913f08
L 03/17/2015 - 16:56:15: "AФA davau ya tipo LAM :j<22><STEAM_0:0:35281970><>" connected, address "178.121.142.44:46859"
L 03/17/2015 - 16:56:21: [DPROTO]: Reconnecting without previously passed bot detection; assuming that it's a bot. (WL=0.500000)
L 03/17/2015 - 16:56:21: [DPROTO]: Client 0 - Set AuthIdType 1 [Native]; pClient = 0xb3913f08
L 03/17/2015 - 16:56:21: "AФA davau ya tipo LAM :j<23><STEAM_0:0:35281970><>" connected, address "178.121.142.44:46859"
L 03/17/2015 - 16:56:21: [VTC] Player 1 silk
L 03/17/2015 - 16:56:21: "AA davau ya tipo LAM :j<23><STEAM_0:0:35281970><>" STEAM USERID validated
L 03/17/2015 - 16:56:24: "AA davau ya tipo LAM :j<23><STEAM_0:0:35281970><>" entered the game
L 03/17/2015 - 16:56:25: "AA davau ya tipo LAM :j<23><STEAM_0:0:35281970><>" joined team "CT"
L 03/17/2015 - 16:56:41: "AA davau ya tipo LAM :j<23><STEAM_0:0:35281970><CT>" changed name to "A davau ya tipo LAM :j"
L 03/17/2015 - 16:56:59: "A davau ya tipo LAM :j<23><STEAM_0:0:35281970><CT>" triggered "weaponstats" (weapon "ak47") (shots "40") (hits "0") (kills "0") (headshots "0") (tks "0") (damage "0") (deaths "0")
L 03/17/2015 - 16:56:59: "A davau ya tipo LAM :j<23><STEAM_0:0:35281970><CT>" triggered "weaponstats2" (weapon "ak47") (head "0") (chest "0") (stomach "0") (leftarm "0") (rightarm "0") (leftleg "0") (rightleg "0")
L 03/17/2015 - 16:56:59: "A davau ya tipo LAM :j<23><STEAM_0:0:35281970><CT>" triggered "weaponstats" (weapon "knife") (shots "2") (hits "0") (kills "0") (headshots "0") (tks "0") (damage "0") (deaths "0")
L 03/17/2015 - 16:56:59: "A davau ya tipo LAM :j<23><STEAM_0:0:35281970><CT>" triggered "weaponstats2" (weapon "knife") (head "0") (chest "0") (stomach "0") (leftarm "0") (rightarm "0") (leftleg "0") (rightleg "0")
L 03/17/2015 - 16:56:59: "A davau ya tipo LAM :j<23><STEAM_0:0:35281970><CT>" triggered "time" (time "0:35")
L 03/17/2015 - 16:56:59: "A davau ya tipo LAM :j<23><STEAM_0:0:35281970><CT>" triggered "latency" (ping "35")
L 03/17/2015 - 16:56:59: "A davau ya tipo LAM :j<23><STEAM_0:0:35281970><CT>" disconnected
L 03/17/2015 - 16:56:59: World triggered "Round_Draw" (CT "0") (T "0")
L 03/17/2015 - 16:56:59: World triggered "Round_End"
L 03/17/2015 - 16:57:04: [DPROTO]: Client 0 - Set AuthIdType 3 [dp_RevEmu]; pClient = 0xb3913f08
L 03/17/2015 - 16:57:04: "ANGELuHA<24><STEAM_0:4:1403834117><>" connected, address "178.124.5.14:27005"
L 03/17/2015 - 16:57:04: [VTC] Player 1 speex
L 03/17/2015 - 16:57:08: "ANGELuHA<24><STEAM_0:4:1403834117><>" entered the game
L 03/17/2015 - 16:57:09: World triggered "Round_Start"
L 03/17/2015 - 16:57:12: "ANGELuHA<24><STEAM_0:4:1403834117><>" joined team "CT"
L 03/17/2015 - 16:57:56: [DPROTO]: Client 1 - Set AuthIdType 3 [dp_RevEmu]; pClient = 0xb3918dfc
L 03/17/2015 - 16:57:56: "[.:.MiniXrom.:.]BRAT_Mini_Kruta<25><STEAM_0:4:1187548933><>" connected, address "178.252.205.36:27005"
L 03/17/2015 - 16:57:56: [VTC] Player 2 speex
L 03/17/2015 - 16:57:57: [DPROTO]: Client 2 - Set AuthIdType 3 [dp_RevEmu]; pClient = 0xb391dcf0
L 03/17/2015 - 16:57:57: "[.:.MiniXrom.:.]sanya<26><STEAM_0:4:409721526><>" connected, address "213.87.139.153:10029"
L 03/17/2015 - 16:57:58: [VTC] Player 3 speex
L 03/17/2015 - 16:58:00: "[.:.MiniXrom.:.]BRAT_Mini_Kruta<25><STEAM_0:4:1187548933><>" entered the game
L 03/17/2015 - 16:58:00: "[.:.MiniXrom.:.]sanya<26><STEAM_0:4:409721526><>" entered the game
L 03/17/2015 - 16:58:02: "[.:.MiniXrom.:.]BRAT_Mini_Kruta<25><STEAM_0:4:1187548933><>" joined team "TERRORIST"
L 03/17/2015 - 16:58:02: World triggered "Game_Commencing"
L 03/17/2015 - 16:58:02: World triggered "Game_Commencing" (CT "0") (T "0")
L 03/17/2015 - 16:58:02: World triggered "Round_End"
L 03/17/2015 - 16:58:03: "[.:.MiniXrom.:.]sanya<26><STEAM_0:4:409721526><>" joined team "CT"
L 03/17/2015 - 16:58:10: World triggered "Round_Start"
L 03/17/2015 - 16:58:18: "ANGELuHA<24><STEAM_0:4:1403834117><CT>" attacked "[.:.MiniXrom.:.]BRAT_Mini_Kruta<25><STEAM_0:4:1187548933><TERRORIST>" with "m4a1" (damage "10") (damage_armor "0") (health "90") (armor "0")
L 03/17/2015 - 16:58:19: "[.:.MiniXrom.:.]BRAT_Mini_Kruta<25><STEAM_0:4:1187548933><TERRORIST>" attacked "[.:.MiniXrom.:.]sanya<26><STEAM_0:4:409721526><CT>" with "m4a1" (damage "37") (damage_armor "0") (health "63") (armor "0")
L 03/17/2015 - 16:58:19: "[.:.MiniXrom.:.]BRAT_Mini_Kruta<25><STEAM_0:4:1187548933><TERRORIST>" attacked "[.:.MiniXrom.:.]sanya<26><STEAM_0:4:409721526><CT>" with "m4a1" (damage "37") (damage_armor "0") (health "26") (armor "0")
L 03/17/2015 - 16:58:19: "[.:.MiniXrom.:.]BRAT_Mini_Kruta<25><STEAM_0:4:1187548933><TERRORIST>" attacked "[.:.MiniXrom.:.]sanya<26><STEAM_0:4:409721526><CT>" with "m4a1" (damage "22") (damage_armor "0") (health "4") (armor "0")
L 03/17/2015 - 16:58:19: "ANGELuHA<24><STEAM_0:4:1403834117><CT>" attacked "[.:.MiniXrom.:.]BRAT_Mini_Kruta<25><STEAM_0:4:1187548933><TERRORIST>" with "m4a1" (damage "22") (damage_armor "0") (health "68") (armor "0")
L 03/17/2015 - 16:58:19: "ANGELuHA<24><STEAM_0:4:1403834117><CT>" attacked "[.:.MiniXrom.:.]BRAT_Mini_Kruta<25><STEAM_0:4:1187548933><TERRORIST>" with "m4a1" (damage "22") (damage_armor "0") (health "46") (armor "0")
L 03/17/2015 - 16:58:19: "[.:.MiniXrom.:.]BRAT_Mini_Kruta<25><STEAM_0:4:1187548933><TERRORIST>" attacked "[.:.MiniXrom.:.]sanya<26><STEAM_0:4:409721526><CT>" with "m4a1" (damage "22") (damage_armor "0") (health "-18") (armor "0")
L 03/17/2015 - 16:58:19: "[.:.MiniXrom.:.]BRAT_Mini_Kruta<25><STEAM_0:4:1187548933><TERRORIST>" killed "[.:.MiniXrom.:.]sanya<26><STEAM_0:4:409721526><CT>" with "m4a1"
L 03/17/2015 - 16:58:20: "ANGELuHA<24><STEAM_0:4:1403834117><CT>" attacked "[.:.MiniXrom.:.]BRAT_Mini_Kruta<25><STEAM_0:4:1187548933><TERRORIST>" with "m4a1" (damage "30") (damage_armor "0") (health "16") (armor "0")
L 03/17/2015 - 16:58:22: "[.:.MiniXrom.:.]BRAT_Mini_Kruta<25><STEAM_0:4:1187548933><TERRORIST>" attacked "ANGELuHA<24><STEAM_0:4:1403834117><CT>" with "m4a1" (damage "25") (damage_armor "6") (health "75") (armor "94")
L 03/17/2015 - 16:58:22: "ANGELuHA<24><STEAM_0:4:1403834117><CT>" attacked "[.:.MiniXrom.:.]BRAT_Mini_Kruta<25><STEAM_0:4:1187548933><TERRORIST>" with "m4a1" (damage "30") (damage_armor "0") (health "-14") (armor "0")
L 03/17/2015 - 16:58:22: "ANGELuHA<24><STEAM_0:4:1403834117><CT>" killed "[.:.MiniXrom.:.]BRAT_Mini_Kruta<25><STEAM_0:4:1187548933><TERRORIST>" with "m4a1"
L 03/17/2015 - 16:58:22: Team "CT" triggered "CTs_Win" (CT "1") (T "0")
L 03/17/2015 - 16:58:22: World triggered "Round_End"
L 03/17/2015 - 16:58:32: World triggered "Round_Start"
L 03/17/2015 - 16:58:38: "[.:.MiniXrom.:.]sanya<26><STEAM_0:4:409721526><CT>" attacked "[.:.MiniXrom.:.]BRAT_Mini_Kruta<25><STEAM_0:4:1187548933><TERRORIST>" with "ak47" (damage "43") (damage_armor "0") (health "36") (armor "0")
L 03/17/2015 - 16:58:41: "[.:.MiniXrom.:.]BRAT_Mini_Kruta<25><STEAM_0:4:1187548933><TERRORIST>" attacked "ANGELuHA<24><STEAM_0:4:1403834117><CT>" with "m4a1" (damage "39") (damage_armor "9") (health "61") (armor "91")
L 03/17/2015 - 16:58:41: "ANGELuHA<24><STEAM_0:4:1403834117><CT>" attacked "[.:.MiniXrom.:.]BRAT_Mini_Kruta<25><STEAM_0:4:1187548933><TERRORIST>" with "m4a1" (damage "30") (damage_armor "0") (health "6") (armor "0")
L 03/17/2015 - 16:58:42: "[.:.MiniXrom.:.]sanya<26><STEAM_0:4:409721526><CT>" attacked "[.:.MiniXrom.:.]BRAT_Mini_Kruta<25><STEAM_0:4:1187548933><TERRORIST>" with "famas" (damage "28") (damage_armor "0") (health "-22") (armor "0")
L 03/17/2015 - 16:58:42: "[.:.MiniXrom.:.]sanya<26><STEAM_0:4:409721526><CT>" killed "[.:.MiniXrom.:.]BRAT_Mini_Kruta<25><STEAM_0:4:1187548933><TERRORIST>" with "famas"
L 03/17/2015 - 16:58:42: Team "CT" triggered "CTs_Win" (CT "2") (T "0")
L 03/17/2015 - 16:58:42: World triggered "Round_End"
L 03/17/2015 - 16:58:52: World triggered "Round_Start"
L 03/17/2015 - 16:59:04: "ANGELuHA<24><STEAM_0:4:1403834117><CT>" attacked "[.:.MiniXrom.:.]BRAT_Mini_Kruta<25><STEAM_0:4:1187548933><TERRORIST>" with "m4a1" (damage "30") (damage_armor "0") (health "70") (armor "0")
L 03/17/2015 - 16:59:04: "ANGELuHA<24><STEAM_0:4:1403834117><CT>" attacked "[.:.MiniXrom.:.]BRAT_Mini_Kruta<25><STEAM_0:4:1187548933><TERRORIST>" with "m4a1" (damage "22") (damage_armor "0") (health "48") (armor "0")
L 03/17/2015 - 16:59:06: "[.:.MiniXrom.:.]BRAT_Mini_Kruta<25><STEAM_0:4:1187548933><TERRORIST>" attacked "ANGELuHA<24><STEAM_0:4:1403834117><CT>" with "ak47" (damage "26") (damage_armor "4") (health "74") (armor "96")
L 03/17/2015 - 16:59:10: "[.:.MiniXrom.:.]BRAT_Mini_Kruta<25><STEAM_0:4:1187548933><TERRORIST>" attacked "ANGELuHA<24><STEAM_0:4:1403834117><CT>" with "ak47" (damage "33") (damage_armor "5") (health "41") (armor "91")
L 03/17/2015 - 16:59:10: "[.:.MiniXrom.:.]BRAT_Mini_Kruta<25><STEAM_0:4:1187548933><TERRORIST>" attacked "ANGELuHA<24><STEAM_0:4:1403834117><CT>" with "ak47" (damage "27") (damage_armor "4") (health "14") (armor "87")
L 03/17/2015 - 16:59:10: "[.:.MiniXrom.:.]BRAT_Mini_Kruta<25><STEAM_0:4:1187548933><TERRORIST>" attacked "ANGELuHA<24><STEAM_0:4:1403834117><CT>" with "ak47" (damage "108") (damage_armor "16") (health "-94") (armor "71")
L 03/17/2015 - 16:59:10: "[.:.MiniXrom.:.]BRAT_Mini_Kruta<25><STEAM_0:4:1187548933><TERRORIST>" killed "ANGELuHA<24><STEAM_0:4:1403834117><CT>" with "ak47"
L 03/17/2015 - 16:59:13: "[.:.MiniXrom.:.]sanya<26><STEAM_0:4:409721526><CT>" attacked "[.:.MiniXrom.:.]BRAT_Mini_Kruta<25><STEAM_0:4:1187548933><TERRORIST>" with "famas" (damage "21") (damage_armor "0") (health "27") (armor "0")
L 03/17/2015 - 16:59:13: "[.:.MiniXrom.:.]sanya<26><STEAM_0:4:409721526><CT>" attacked "[.:.MiniXrom.:.]BRAT_Mini_Kruta<25><STEAM_0:4:1187548933><TERRORIST>" with "famas" (damage "28") (damage_armor "0") (health "-1") (armor "0")
L 03/17/2015 - 16:59:13: "[.:.MiniXrom.:.]sanya<26><STEAM_0:4:409721526><CT>" killed "[.:.MiniXrom.:.]BRAT_Mini_Kruta<25><STEAM_0:4:1187548933><TERRORIST>" with "famas"
L 03/17/2015 - 16:59:13: Team "CT" triggered "CTs_Win" (CT "3") (T "0")
L 03/17/2015 - 16:59:13: World triggered "Round_End"
L 03/17/2015 - 16:59:23: World triggered "Round_Start"
L 03/17/2015 - 16:59:41: "[.:.MiniXrom.:.]sanya<26><STEAM_0:4:409721526><CT>" attacked "[.:.MiniXrom.:.]BRAT_Mini_Kruta<25><STEAM_0:4:1187548933><TERRORIST>" with "famas" (damage "20") (damage_armor "0") (health "27") (armor "0")
L 03/17/2015 - 16:59:41: "[.:.MiniXrom.:.]BRAT_Mini_Kruta<25><STEAM_0:4:1187548933><TERRORIST>" attacked "[.:.MiniXrom.:.]sanya<26><STEAM_0:4:409721526><CT>" with "ak47" (damage "42") (damage_armor "0") (health "58") (armor "0")
L 03/17/2015 - 16:59:41: "[.:.MiniXrom.:.]BRAT_Mini_Kruta<25><STEAM_0:4:1187548933><TERRORIST>" attacked "[.:.MiniXrom.:.]sanya<26><STEAM_0:4:409721526><CT>" with "ak47" (damage "42") (damage_armor "0") (health "16") (armor "0")
L 03/17/2015 - 16:59:41: "[.:.MiniXrom.:.]sanya<26><STEAM_0:4:409721526><CT>" attacked "[.:.MiniXrom.:.]BRAT_Mini_Kruta<25><STEAM_0:4:1187548933><TERRORIST>" with "famas" (damage "112") (damage_armor "0") (health "-85") (armor "0")
L 03/17/2015 - 16:59:41: "[.:.MiniXrom.:.]sanya<26><STEAM_0:4:409721526><CT>" killed "[.:.MiniXrom.:.]BRAT_Mini_Kruta<25><STEAM_0:4:1187548933><TERRORIST>" with "famas"
L 03/17/2015 - 16:59:41: Team "CT" triggered "CTs_Win" (CT "4") (T "0")
L 03/17/2015 - 16:59:41: World triggered "Round_End"
L 03/17/2015 - 16:59:51: World triggered "Round_Start"
L 03/17/2015 - 16:59:58: "[.:.MiniXrom.:.]BRAT_Mini_Kruta<25><STEAM_0:4:1187548933><TERRORIST>" attacked "ANGELuHA<24><STEAM_0:4:1403834117><CT>" with "m4a1" (damage "22") (damage_armor "5") (health "78") (armor "95")
L 03/17/2015 - 16:59:58: "[.:.MiniXrom.:.]BRAT_Mini_Kruta<25><STEAM_0:4:1187548933><TERRORIST>" attacked "ANGELuHA<24><STEAM_0:4:1403834117><CT>" with "m4a1" (damage "22") (damage_armor "5") (health "56") (armor "90")
L 03/17/2015 - 16:59:58: "ANGELuHA<24><STEAM_0:4:1403834117><CT>" attacked "[.:.MiniXrom.:.]BRAT_Mini_Kruta<25><STEAM_0:4:1187548933><TERRORIST>" with "mp5navy" (damage "25") (damage_armor "0") (health "75") (armor "0")
L 03/17/2015 - 16:59:58: "[.:.MiniXrom.:.]BRAT_Mini_Kruta<25><STEAM_0:4:1187548933><TERRORIST>" attacked "ANGELuHA<24><STEAM_0:4:1403834117><CT>" with "m4a1" (damage "22") (damage_armor "5") (health "34") (armor "85")
L 03/17/2015 - 16:59:58: "ANGELuHA<24><STEAM_0:4:1403834117><CT>" attacked "[.:.MiniXrom.:.]BRAT_Mini_Kruta<25><STEAM_0:4:1187548933><TERRORIST>" with "mp5navy" (damage "25") (damage_armor "0") (health "50") (armor "0")
L 03/17/2015 - 16:59:59: "[.:.MiniXrom.:.]BRAT_Mini_Kruta<25><STEAM_0:4:1187548933><TERRORIST>" attacked "ANGELuHA<24><STEAM_0:4:1403834117><CT>" with "m4a1" (damage "22") (damage_armor "5") (health "12") (armor "80")
L 03/17/2015 - 16:59:59: "ANGELuHA<24><STEAM_0:4:1403834117><CT>" attacked "[.:.MiniXrom.:.]BRAT_Mini_Kruta<25><STEAM_0:4:1187548933><TERRORIST>" with "mp5navy" (damage "25") (damage_armor "0") (health "25") (armor "0")
L 03/17/2015 - 16:59:59: "[.:.MiniXrom.:.]BRAT_Mini_Kruta<25><STEAM_0:4:1187548933><TERRORIST>" attacked "ANGELuHA<24><STEAM_0:4:1403834117><CT>" with "m4a1" (damage "22") (damage_armor "5") (health "-10") (armor "75")
L 03/17/2015 - 16:59:59: "[.:.MiniXrom.:.]BRAT_Mini_Kruta<25><STEAM_0:4:1187548933><TERRORIST>" killed "ANGELuHA<24><STEAM_0:4:1403834117><CT>" with "m4a1"
L 03/17/2015 - 17:00:09: "[.:.MiniXrom.:.]BRAT_Mini_Kruta<25><STEAM_0:4:1187548933><TERRORIST>" attacked "[.:.MiniXrom.:.]sanya<26><STEAM_0:4:409721526><CT>" with "ak47" (damage "140") (damage_armor "0") (health "-40") (armor "0")
L 03/17/2015 - 17:00:09: "[.:.MiniXrom.:.]BRAT_Mini_Kruta<25><STEAM_0:4:1187548933><TERRORIST>" killed "[.:.MiniXrom.:.]sanya<26><STEAM_0:4:409721526><CT>" with "ak47"
L 03/17/2015 - 17:00:09: Team "TERRORIST" triggered "Terrorists_Win" (CT "4") (T "1")
L 03/17/2015 - 17:00:09: World triggered "Round_End"
L 03/17/2015 - 17:00:12: [DPROTO]: Client 3 - Set AuthIdType 3 [dp_RevEmu]; pClient = 0xb3922be4
L 03/17/2015 - 17:00:12: "V A M P I R<27><STEAM_0:4:1049172942><>" connected, address "37.213.78.212:27005"
L 03/17/2015 - 17:00:12: [VTC] Player 4 speex
L 03/17/2015 - 17:00:15: "V A M P I R<27><STEAM_0:4:1049172942><>" entered the game
L 03/17/2015 - 17:00:18: "V A M P I R<27><STEAM_0:4:1049172942><>" joined team "TERRORIST"
L 03/17/2015 - 17:00:19: World triggered "Round_Start"
L 03/17/2015 - 17:00:26: "[.:.MiniXrom.:.]sanya<26><STEAM_0:4:409721526><CT>" attacked "[.:.MiniXrom.:.]BRAT_Mini_Kruta<25><STEAM_0:4:1187548933><TERRORIST>" with "ak47" (damage "140") (damage_armor "0") (health "-60") (armor "0")
L 03/17/2015 - 17:00:26: "[.:.MiniXrom.:.]sanya<26><STEAM_0:4:409721526><CT>" killed "[.:.MiniXrom.:.]BRAT_Mini_Kruta<25><STEAM_0:4:1187548933><TERRORIST>" with "ak47"
L 03/17/2015 - 17:00:30: "[.:.MiniXrom.:.]sanya<26><STEAM_0:4:409721526><CT>" attacked "V A M P I R<27><STEAM_0:4:1049172942><TERRORIST>" with "ak47" (damage "16") (damage_armor "0") (health "84") (armor "0")
L 03/17/2015 - 17:00:31: "[.:.MiniXrom.:.]sanya<26><STEAM_0:4:409721526><CT>" attacked "V A M P I R<27><STEAM_0:4:1049172942><TERRORIST>" with "ak47" (damage "35") (damage_armor "0") (health "49") (armor "0")
L 03/17/2015 - 17:00:31: "[.:.MiniXrom.:.]sanya<26><STEAM_0:4:409721526><CT>" attacked "V A M P I R<27><STEAM_0:4:1049172942><TERRORIST>" with "ak47" (damage "35") (damage_armor "0") (health "14") (armor "0")
L 03/17/2015 - 17:00:31: "[.:.MiniXrom.:.]sanya<26><STEAM_0:4:409721526><CT>" attacked "V A M P I R<27><STEAM_0:4:1049172942><TERRORIST>" with "ak47" (damage "35") (damage_armor "0") (health "-21") (armor "0")
L 03/17/2015 - 17:00:31: "[.:.MiniXrom.:.]sanya<26><STEAM_0:4:409721526><CT>" killed "V A M P I R<27><STEAM_0:4:1049172942><TERRORIST>" with "ak47"
L 03/17/2015 - 17:00:31: Team "CT" triggered "CTs_Win" (CT "5") (T "1")
L 03/17/2015 - 17:00:31: World triggered "Round_End"
L 03/17/2015 - 17:00:37: "V A M P I R<27><STEAM_0:4:1049172942><TERRORIST>" triggered "weaponstats" (weapon "ak47") (shots "6") (hits "0") (kills "0") (headshots "0") (tks "0") (damage "0") (deaths "1")
L 03/17/2015 - 17:00:37: "V A M P I R<27><STEAM_0:4:1049172942><TERRORIST>" triggered "weaponstats2" (weapon "ak47") (head "0") (chest "0") (stomach "0") (leftarm "0") (rightarm "0") (leftleg "0") (rightleg "0")
L 03/17/2015 - 17:00:37: "V A M P I R<27><STEAM_0:4:1049172942><TERRORIST>" triggered "time" (time "0:21")
L 03/17/2015 - 17:00:37: "V A M P I R<27><STEAM_0:4:1049172942><TERRORIST>" triggered "latency" (ping "23")
L 03/17/2015 - 17:00:37: "V A M P I R<27><STEAM_0:4:1049172942><TERRORIST>" disconnected
L 03/17/2015 - 17:00:41: World triggered "Round_Start"
L 03/17/2015 - 17:00:47: "ANGELuHA<24><STEAM_0:4:1403834117><CT>" attacked "[.:.MiniXrom.:.]BRAT_Mini_Kruta<25><STEAM_0:4:1187548933><TERRORIST>" with "m4a1" (damage "30") (damage_armor "0") (health "70") (armor "0")
L 03/17/2015 - 17:00:47: "ANGELuHA<24><STEAM_0:4:1403834117><CT>" attacked "[.:.MiniXrom.:.]BRAT_Mini_Kruta<25><STEAM_0:4:1187548933><TERRORIST>" with "m4a1" (damage "37") (damage_armor "0") (health "33") (armor "0")
L 03/17/2015 - 17:00:48: "ANGELuHA<24><STEAM_0:4:1403834117><CT>" attacked "[.:.MiniXrom.:.]BRAT_Mini_Kruta<25><STEAM_0:4:1187548933><TERRORIST>" with "m4a1" (damage "30") (damage_armor "0") (health "3") (armor "0")
L 03/17/2015 - 17:00:52: "ANGELuHA<24><STEAM_0:4:1403834117><CT>" attacked "[.:.MiniXrom.:.]BRAT_Mini_Kruta<25><STEAM_0:4:1187548933><TERRORIST>" with "m4a1" (damage "22") (damage_armor "0") (health "-19") (armor "0")
L 03/17/2015 - 17:00:52: "ANGELuHA<24><STEAM_0:4:1403834117><CT>" killed "[.:.MiniXrom.:.]BRAT_Mini_Kruta<25><STEAM_0:4:1187548933><TERRORIST>" with "m4a1"
L 03/17/2015 - 17:00:52: Team "CT" triggered "CTs_Win" (CT "6") (T "1")
L 03/17/2015 - 17:00:52: World triggered "Round_End"
L 03/17/2015 - 17:01:02: World triggered "Round_Start"
L 03/17/2015 - 17:01:05: "[.:.MiniXrom.:.]sanya<26><STEAM_0:4:409721526><CT>" attacked "[.:.MiniXrom.:.]BRAT_Mini_Kruta<25><STEAM_0:4:1187548933><TERRORIST>" with "ak47" (damage "42") (damage_armor "0") (health "-24") (armor "0")
L 03/17/2015 - 17:01:05: "[.:.MiniXrom.:.]sanya<26><STEAM_0:4:409721526><CT>" killed "[.:.MiniXrom.:.]BRAT_Mini_Kruta<25><STEAM_0:4:1187548933><TERRORIST>" with "ak47"
L 03/17/2015 - 17:01:05: Team "CT" triggered "CTs_Win" (CT "7") (T "1")
L 03/17/2015 - 17:01:05: World triggered "Round_End"
L 03/17/2015 - 17:01:12: "[.:.MiniXrom.:.]sanya<26><STEAM_0:4:409721526><CT>" triggered "weaponstats" (weapon "grenade") (shots "8") (hits "4") (kills "0") (headshots "0") (tks "0") (damage "137") (deaths "0")
L 03/17/2015 - 17:01:12: "[.:.MiniXrom.:.]sanya<26><STEAM_0:4:409721526><CT>" triggered "weaponstats2" (weapon "grenade") (head "0") (chest "0") (stomach "0") (leftarm "0") (rightarm "0") (leftleg "0") (rightleg "0")
L 03/17/2015 - 17:01:12: "[.:.MiniXrom.:.]sanya<26><STEAM_0:4:409721526><CT>" triggered "weaponstats" (weapon "famas") (shots "61") (hits "5") (kills "3") (headshots "1") (tks "0") (damage "209") (deaths "1")
L 03/17/2015 - 17:01:12: "[.:.MiniXrom.:.]sanya<26><STEAM_0:4:409721526><CT>" triggered "weaponstats2" (weapon "famas") (head "1") (chest "1") (stomach "0") (leftarm "1") (rightarm "0") (leftleg "1") (rightleg "1")
L 03/17/2015 - 17:01:12: "[.:.MiniXrom.:.]sanya<26><STEAM_0:4:409721526><CT>" triggered "weaponstats" (weapon "ak47") (shots "45") (hits "7") (kills "3") (headshots "1") (tks "0") (damage "346") (deaths "1")
L 03/17/2015 - 17:01:12: "[.:.MiniXrom.:.]sanya<26><STEAM_0:4:409721526><CT>" triggered "weaponstats2" (weapon "ak47") (head "1") (chest "0") (stomach "2") (leftarm "4") (rightarm "0") (leftleg "0") (rightleg "0")
L 03/17/2015 - 17:01:12: "[.:.MiniXrom.:.]sanya<26><STEAM_0:4:409721526><CT>" triggered "time" (time "3:11")
L 03/17/2015 - 17:01:12: "[.:.MiniXrom.:.]sanya<26><STEAM_0:4:409721526><CT>" triggered "latency" (ping "61")
L 03/17/2015 - 17:01:12: "[.:.MiniXrom.:.]sanya<26><STEAM_0:4:409721526><CT>" disconnected
L 03/17/2015 - 17:01:15: World triggered "Round_Start"
L 03/17/2015 - 17:01:24: "[.:.MiniXrom.:.]BRAT_Mini_Kruta<25><STEAM_0:4:1187548933><TERRORIST>" attacked "ANGELuHA<24><STEAM_0:4:1403834117><CT>" with "ak47" (damage "26") (damage_armor "4") (health "74") (armor "96")
L 03/17/2015 - 17:01:27: "ANGELuHA<24><STEAM_0:4:1403834117><CT>" attacked "[.:.MiniXrom.:.]BRAT_Mini_Kruta<25><STEAM_0:4:1187548933><TERRORIST>" with "m4a1" (damage "22") (damage_armor "0") (health "78") (armor "0")
L 03/17/2015 - 17:01:32: "ANGELuHA<24><STEAM_0:4:1403834117><CT>" attacked "[.:.MiniXrom.:.]BRAT_Mini_Kruta<25><STEAM_0:4:1187548933><TERRORIST>" with "m4a1" (damage "14") (damage_armor "0") (health "64") (armor "0")
L 03/17/2015 - 17:01:40: "[.:.MiniXrom.:.]BRAT_Mini_Kruta<25><STEAM_0:4:1187548933><TERRORIST>" attacked "ANGELuHA<24><STEAM_0:4:1403834117><CT>" with "ak47" (damage "12") (damage_armor "1") (health "62") (armor "94")
L 03/17/2015 - 17:01:40: [DPROTO]: Client 2 - Set AuthIdType 3 [dp_RevEmu]; pClient = 0xb391dcf0
L 03/17/2015 - 17:01:40: "[.:.MiniXrom.:.]sanya<28><STEAM_0:4:409721526><>" connected, address "213.87.139.153:10029"
L 03/17/2015 - 17:01:40: [VTC] Player 3 speex
L 03/17/2015 - 17:01:42: "[.:.MiniXrom.:.]BRAT_Mini_Kruta<25><STEAM_0:4:1187548933><TERRORIST>" attacked "ANGELuHA<24><STEAM_0:4:1403834117><CT>" with "ak47" (damage "27") (damage_armor "4") (health "35") (armor "90")
L 03/17/2015 - 17:01:44: "[.:.MiniXrom.:.]sanya<28><STEAM_0:4:409721526><>" entered the game
L 03/17/2015 - 17:01:45: "ANGELuHA<24><STEAM_0:4:1403834117><CT>" attacked "[.:.MiniXrom.:.]BRAT_Mini_Kruta<25><STEAM_0:4:1187548933><TERRORIST>" with "deagle" (damage "44") (damage_armor "0") (health "-6") (armor "0")
L 03/17/2015 - 17:01:45: "ANGELuHA<24><STEAM_0:4:1403834117><CT>" killed "[.:.MiniXrom.:.]BRAT_Mini_Kruta<25><STEAM_0:4:1187548933><TERRORIST>" with "deagle"
L 03/17/2015 - 17:01:45: Team "CT" triggered "CTs_Win" (CT "8") (T "1")
L 03/17/2015 - 17:01:45: World triggered "Round_End"
L 03/17/2015 - 17:01:47: "[.:.MiniXrom.:.]sanya<28><STEAM_0:4:409721526><>" joined team "TERRORIST"
L 03/17/2015 - 17:01:55: World triggered "Round_Start"
L 03/17/2015 - 17:01:57: "[.:.MiniXrom.:.]sanya<28><STEAM_0:4:409721526><TERRORIST>" attacked "ANGELuHA<24><STEAM_0:4:1403834117><CT>" with "ak47" (damage "12") (damage_armor "2") (health "88") (armor "98")
L 03/17/2015 - 17:02:07: "[.:.MiniXrom.:.]BRAT_Mini_Kruta<25><STEAM_0:4:1187548933><TERRORIST>" attacked "ANGELuHA<24><STEAM_0:4:1403834117><CT>" with "aug" (damage "20") (damage_armor "5") (health "68") (armor "93")
L 03/17/2015 - 17:02:11: "[.:.MiniXrom.:.]sanya<28><STEAM_0:4:409721526><TERRORIST>" attacked "ANGELuHA<24><STEAM_0:4:1403834117><CT>" with "ak47" (damage "105") (damage_armor "15") (health "-37") (armor "78")
L 03/17/2015 - 17:02:11: "[.:.MiniXrom.:.]sanya<28><STEAM_0:4:409721526><TERRORIST>" killed "ANGELuHA<24><STEAM_0:4:1403834117><CT>" with "ak47"
L 03/17/2015 - 17:02:11: Team "TERRORIST" triggered "Terrorists_Win" (CT "8") (T "2")
L 03/17/2015 - 17:02:11: World triggered "Round_End"
L 03/17/2015 - 17:02:14: "[.:.MiniXrom.:.]BRAT_Mini_Kruta<25><STEAM_0:4:1187548933><TERRORIST>" committed suicide with "world"
L 03/17/2015 - 17:02:14: "[.:.MiniXrom.:.]BRAT_Mini_Kruta<25><STEAM_0:4:1187548933><TERRORIST>" joined team "TERRORIST"
L 03/17/2015 - 17:02:21: World triggered "Round_Start"
L 03/17/2015 - 17:02:27: "[.:.MiniXrom.:.]sanya<28><STEAM_0:4:409721526><TERRORIST>" attacked "ANGELuHA<24><STEAM_0:4:1403834117><CT>" with "ak47" (damage "108") (damage_armor "16") (health "-8") (armor "84")
L 03/17/2015 - 17:02:27: "[.:.MiniXrom.:.]sanya<28><STEAM_0:4:409721526><TERRORIST>" killed "ANGELuHA<24><STEAM_0:4:1403834117><CT>" with "ak47"
L 03/17/2015 - 17:02:27: Team "TERRORIST" triggered "Terrorists_Win" (CT "8") (T "3")
L 03/17/2015 - 17:02:27: World triggered "Round_End"
L 03/17/2015 - 17:02:28: "[.:.MiniXrom.:.]BRAT_Mini_Kruta<25><STEAM_0:4:1187548933><TERRORIST>" committed suicide with "world"
L 03/17/2015 - 17:02:28: "[.:.MiniXrom.:.]BRAT_Mini_Kruta<25><STEAM_0:4:1187548933><TERRORIST>" joined team "CT"
L 03/17/2015 - 17:02:31: "ANGELuHA<24><STEAM_0:4:1403834117><CT>" triggered "weaponstats" (weapon "grenade") (shots "9") (hits "4") (kills "0") (headshots "0") (tks "0") (damage "64") (deaths "0")
L 03/17/2015 - 17:02:31: "ANGELuHA<24><STEAM_0:4:1403834117><CT>" triggered "weaponstats2" (weapon "grenade") (head "0") (chest "0") (stomach "0") (leftarm "0") (rightarm "0") (leftleg "0") (rightleg "0")
L 03/17/2015 - 17:02:31: "ANGELuHA<24><STEAM_0:4:1403834117><CT>" triggered "weaponstats" (weapon "mp5navy") (shots "3") (hits "3") (kills "0") (headshots "0") (tks "0") (damage "75") (deaths "1")
L 03/17/2015 - 17:02:31: "ANGELuHA<24><STEAM_0:4:1403834117><CT>" triggered "weaponstats2" (weapon "mp5navy") (head "0") (chest "0") (stomach "0") (leftarm "3") (rightarm "0") (leftleg "0") (rightleg "0")
L 03/17/2015 - 17:02:31: "ANGELuHA<24><STEAM_0:4:1403834117><CT>" triggered "weaponstats" (weapon "m4a1") (shots "101") (hits "14") (kills "2") (headshots "0") (tks "0") (damage "351") (deaths "2")
L 03/17/2015 - 17:02:31: "ANGELuHA<24><STEAM_0:4:1403834117><CT>" triggered "weaponstats2" (weapon "m4a1") (head "0") (chest "1") (stomach "1") (leftarm "6") (rightarm "0") (leftleg "0") (rightleg "6")
L 03/17/2015 - 17:02:31: "ANGELuHA<24><STEAM_0:4:1403834117><CT>" triggered "weaponstats" (weapon "deagle") (shots "8") (hits "1") (kills "1") (headshots "0") (tks "0") (damage "44") (deaths "1")
L 03/17/2015 - 17:02:31: "ANGELuHA<24><STEAM_0:4:1403834117><CT>" triggered "weaponstats2" (weapon "deagle") (head "0") (chest "0") (stomach "0") (leftarm "1") (rightarm "0") (leftleg "0") (rightleg "0")
L 03/17/2015 - 17:02:31: "ANGELuHA<24><STEAM_0:4:1403834117><CT>" triggered "time" (time "5:23")
L 03/17/2015 - 17:02:31: "ANGELuHA<24><STEAM_0:4:1403834117><CT>" triggered "latency" (ping "23")
L 03/17/2015 - 17:02:31: "ANGELuHA<24><STEAM_0:4:1403834117><CT>" disconnected
L 03/17/2015 - 17:02:37: World triggered "Round_Start"
L 03/17/2015 - 17:02:40: "[.:.MiniXrom.:.]BRAT_Mini_Kruta<25><STEAM_0:4:1187548933><CT>" attacked "[.:.MiniXrom.:.]sanya<28><STEAM_0:4:409721526><TERRORIST>" with "ak47" (damage "35") (damage_armor "0") (health "65") (armor "0")
L 03/17/2015 - 17:02:40: "[.:.MiniXrom.:.]sanya<28><STEAM_0:4:409721526><TERRORIST>" attacked "[.:.MiniXrom.:.]BRAT_Mini_Kruta<25><STEAM_0:4:1187548933><CT>" with "ak47" (damage "35") (damage_armor "0") (health "37") (armor "0")
L 03/17/2015 - 17:02:40: "[.:.MiniXrom.:.]sanya<28><STEAM_0:4:409721526><TERRORIST>" attacked "[.:.MiniXrom.:.]BRAT_Mini_Kruta<25><STEAM_0:4:1187548933><CT>" with "ak47" (damage "26") (damage_armor "0") (health "11") (armor "0")
L 03/17/2015 - 17:02:44: "[.:.MiniXrom.:.]sanya<28><STEAM_0:4:409721526><TERRORIST>" attacked "[.:.MiniXrom.:.]BRAT_Mini_Kruta<25><STEAM_0:4:1187548933><CT>" with "ak47" (damage "43") (damage_armor "0") (health "-32") (armor "0")
L 03/17/2015 - 17:02:44: "[.:.MiniXrom.:.]sanya<28><STEAM_0:4:409721526><TERRORIST>" killed "[.:.MiniXrom.:.]BRAT_Mini_Kruta<25><STEAM_0:4:1187548933><CT>" with "ak47"
L 03/17/2015 - 17:02:44: Team "TERRORIST" triggered "Terrorists_Win" (CT "8") (T "4")
L 03/17/2015 - 17:02:44: World triggered "Round_End"
L 03/17/2015 - 17:02:54: World triggered "Round_Start"
L 03/17/2015 - 17:03:16: "[.:.MiniXrom.:.]BRAT_Mini_Kruta<25><STEAM_0:4:1187548933><CT>" attacked "[.:.MiniXrom.:.]sanya<28><STEAM_0:4:409721526><TERRORIST>" with "m4a1" (damage "128") (damage_armor "0") (health "-28") (armor "0")
L 03/17/2015 - 17:03:16: "[.:.MiniXrom.:.]BRAT_Mini_Kruta<25><STEAM_0:4:1187548933><CT>" killed "[.:.MiniXrom.:.]sanya<28><STEAM_0:4:409721526><TERRORIST>" with "m4a1"
L 03/17/2015 - 17:03:16: Team "CT" triggered "CTs_Win" (CT "9") (T "4")
L 03/17/2015 - 17:03:16: World triggered "Round_End"
L 03/17/2015 - 17:03:26: World triggered "Round_Start"
L 03/17/2015 - 17:03:32: [DPROTO]: Client 0 - Set AuthIdType 3 [dp_RevEmu]; pClient = 0xb3913f08
L 03/17/2015 - 17:03:32: "[.:.MiniXrom.:.] Parasha_E_}I{_<29><STEAM_0:4:1447595781><>" connected, address "178.252.205.5:27005"
L 03/17/2015 - 17:03:32: [VTC] Player 1 speex
L 03/17/2015 - 17:03:35: "[.:.MiniXrom.:.] Parasha_E_}I{_<29><STEAM_0:4:1447595781><>" entered the game
L 03/17/2015 - 17:03:39: "[.:.MiniXrom.:.]BRAT_Mini_Kruta<25><STEAM_0:4:1187548933><CT>" attacked "[.:.MiniXrom.:.]sanya<28><STEAM_0:4:409721526><TERRORIST>" with "m4a1" (damage "37") (damage_armor "0") (health "63") (armor "0")
L 03/17/2015 - 17:03:40: "[.:.MiniXrom.:.]BRAT_Mini_Kruta<25><STEAM_0:4:1187548933><CT>" attacked "[.:.MiniXrom.:.]sanya<28><STEAM_0:4:409721526><TERRORIST>" with "m4a1" (damage "30") (damage_armor "0") (health "33") (armor "0")
L 03/17/2015 - 17:03:40: "[.:.MiniXrom.:.]BRAT_Mini_Kruta<25><STEAM_0:4:1187548933><CT>" attacked "[.:.MiniXrom.:.]sanya<28><STEAM_0:4:409721526><TERRORIST>" with "m4a1" (damage "22") (damage_armor "0") (health "11") (armor "0")
L 03/17/2015 - 17:03:41: "[.:.MiniXrom.:.]sanya<28><STEAM_0:4:409721526><TERRORIST>" attacked "[.:.MiniXrom.:.]BRAT_Mini_Kruta<25><STEAM_0:4:1187548933><CT>" with "ak47" (damage "25") (damage_armor "0") (health "75") (armor "0")
L 03/17/2015 - 17:03:41: "[.:.MiniXrom.:.]sanya<28><STEAM_0:4:409721526><TERRORIST>" attacked "[.:.MiniXrom.:.]BRAT_Mini_Kruta<25><STEAM_0:4:1187548933><CT>" with "ak47" (damage "25") (damage_armor "0") (health "11") (armor "0")
L 03/17/2015 - 17:03:43: "[.:.MiniXrom.:.]sanya<28><STEAM_0:4:409721526><TERRORIST>" attacked "[.:.MiniXrom.:.]BRAT_Mini_Kruta<25><STEAM_0:4:1187548933><CT>" with "ak47" (damage "16") (damage_armor "0") (health "-5") (armor "0")
L 03/17/2015 - 17:03:43: "[.:.MiniXrom.:.]sanya<28><STEAM_0:4:409721526><TERRORIST>" killed "[.:.MiniXrom.:.]BRAT_Mini_Kruta<25><STEAM_0:4:1187548933><CT>" with "ak47"
L 03/17/2015 - 17:03:43: Team "TERRORIST" triggered "Terrorists_Win" (CT "9") (T "5")
L 03/17/2015 - 17:03:43: World triggered "Round_End"
L 03/17/2015 - 17:03:45: "[.:.MiniXrom.:.] Parasha_E_}I{_<29><STEAM_0:4:1447595781><>" joined team "CT"
L 03/17/2015 - 17:03:53: World triggered "Round_Start"
L 03/17/2015 - 17:03:56: "[.:.MiniXrom.:.]sanya<28><STEAM_0:4:409721526><TERRORIST>" attacked "[.:.MiniXrom.:.]BRAT_Mini_Kruta<25><STEAM_0:4:1187548933><CT>" with "ak47" (damage "34") (damage_armor "0") (health "66") (armor "0")
L 03/17/2015 - 17:03:57: "[.:.MiniXrom.:.]sanya<28><STEAM_0:4:409721526><TERRORIST>" attacked "[.:.MiniXrom.:.]BRAT_Mini_Kruta<25><STEAM_0:4:1187548933><CT>" with "ak47" (damage "25") (damage_armor "0") (health "41") (armor "0")
L 03/17/2015 - 17:03:57: "[.:.MiniXrom.:.]sanya<28><STEAM_0:4:409721526><TERRORIST>" attacked "[.:.MiniXrom.:.]BRAT_Mini_Kruta<25><STEAM_0:4:1187548933><CT>" with "ak47" (damage "25") (damage_armor "0") (health "16") (armor "0")
L 03/17/2015 - 17:03:57: "[.:.MiniXrom.:.]sanya<28><STEAM_0:4:409721526><TERRORIST>" attacked "[.:.MiniXrom.:.]BRAT_Mini_Kruta<25><STEAM_0:4:1187548933><CT>" with "ak47" (damage "25") (damage_armor "0") (health "-9") (armor "0")
L 03/17/2015 - 17:03:57: "[.:.MiniXrom.:.]sanya<28><STEAM_0:4:409721526><TERRORIST>" killed "[.:.MiniXrom.:.]BRAT_Mini_Kruta<25><STEAM_0:4:1187548933><CT>" with "ak47"
L 03/17/2015 - 17:04:10: "[.:.MiniXrom.:.] Parasha_E_}I{_<29><STEAM_0:4:1447595781><CT>" attacked "[.:.MiniXrom.:.]sanya<28><STEAM_0:4:409721526><TERRORIST>" with "m4a1" (damage "128") (damage_armor "0") (health "-28") (armor "0")
L 03/17/2015 - 17:04:10: "[.:.MiniXrom.:.] Parasha_E_}I{_<29><STEAM_0:4:1447595781><CT>" killed "[.:.MiniXrom.:.]sanya<28><STEAM_0:4:409721526><TERRORIST>" with "m4a1"
L 03/17/2015 - 17:04:10: Team "CT" triggered "CTs_Win" (CT "10") (T "5")
L 03/17/2015 - 17:04:10: World triggered "Round_End"
L 03/17/2015 - 17:04:20: World triggered "Round_Start"
L 03/17/2015 - 17:04:27: "[.:.MiniXrom.:.]sanya<28><STEAM_0:4:409721526><TERRORIST>" attacked "[.:.MiniXrom.:.] Parasha_E_}I{_<29><STEAM_0:4:1447595781><CT>" with "m4a1" (damage "23") (damage_armor "0") (health "77") (armor "0")
L 03/17/2015 - 17:04:27: "[.:.MiniXrom.:.] Parasha_E_}I{_<29><STEAM_0:4:1447595781><CT>" attacked "[.:.MiniXrom.:.]sanya<28><STEAM_0:4:409721526><TERRORIST>" with "m4a1" (damage "31") (damage_armor "0") (health "69") (armor "0")
L 03/17/2015 - 17:04:27: "[.:.MiniXrom.:.]sanya<28><STEAM_0:4:409721526><TERRORIST>" attacked "[.:.MiniXrom.:.] Parasha_E_}I{_<29><STEAM_0:4:1447595781><CT>" with "m4a1" (damage "31") (damage_armor "0") (health "46") (armor "0")
L 03/17/2015 - 17:04:27: "[.:.MiniXrom.:.] Parasha_E_}I{_<29><STEAM_0:4:1447595781><CT>" attacked "[.:.MiniXrom.:.]sanya<28><STEAM_0:4:409721526><TERRORIST>" with "m4a1" (damage "31") (damage_armor "0") (health "38") (armor "0")
L 03/17/2015 - 17:04:27: "[.:.MiniXrom.:.]sanya<28><STEAM_0:4:409721526><TERRORIST>" attacked "[.:.MiniXrom.:.] Parasha_E_}I{_<29><STEAM_0:4:1447595781><CT>" with "m4a1" (damage "31") (damage_armor "0") (health "15") (armor "0")
L 03/17/2015 - 17:04:28: "[.:.MiniXrom.:.] Parasha_E_}I{_<29><STEAM_0:4:1447595781><CT>" attacked "[.:.MiniXrom.:.]sanya<28><STEAM_0:4:409721526><TERRORIST>" with "m4a1" (damage "124") (damage_armor "0") (health "-86") (armor "0")
L 03/17/2015 - 17:04:28: "[.:.MiniXrom.:.] Parasha_E_}I{_<29><STEAM_0:4:1447595781><CT>" killed "[.:.MiniXrom.:.]sanya<28><STEAM_0:4:409721526><TERRORIST>" with "m4a1"
L 03/17/2015 - 17:04:28: Team "CT" triggered "CTs_Win" (CT "11") (T "5")
L 03/17/2015 - 17:04:28: World triggered "Round_End"
L 03/17/2015 - 17:04:31: "[.:.MiniXrom.:.]BRAT_Mini_Kruta<25><STEAM_0:4:1187548933><CT>" committed suicide with "world"
L 03/17/2015 - 17:04:31: "[.:.MiniXrom.:.]BRAT_Mini_Kruta<25><STEAM_0:4:1187548933><CT>" joined team "TERRORIST"
L 03/17/2015 - 17:04:38: World triggered "Round_Start"
L 03/17/2015 - 17:04:40: [DPROTO]: Client 3 - Set AuthIdType 3 [dp_RevEmu]; pClient = 0xb3922be4
L 03/17/2015 - 17:04:40: "skillet<30><STEAM_0:4:1726631301><>" connected, address "178.121.136.100:9247"
L 03/17/2015 - 17:04:40: [VTC] Player 4 speex
L 03/17/2015 - 17:04:45: "[.:.MiniXrom.:.]sanya<28><STEAM_0:4:409721526><TERRORIST>" attacked "[.:.MiniXrom.:.] Parasha_E_}I{_<29><STEAM_0:4:1447595781><CT>" with "ak47" (damage "26") (damage_armor "0") (health "74") (armor "0")
L 03/17/2015 - 17:04:45: "[.:.MiniXrom.:.] Parasha_E_}I{_<29><STEAM_0:4:1447595781><CT>" attacked "[.:.MiniXrom.:.]BRAT_Mini_Kruta<25><STEAM_0:4:1187548933><TERRORIST>" with "m4a1" (damage "38") (damage_armor "0") (health "62") (armor "0")
L 03/17/2015 - 17:04:45: "[.:.MiniXrom.:.] Parasha_E_}I{_<29><STEAM_0:4:1447595781><CT>" attacked "[.:.MiniXrom.:.]sanya<28><STEAM_0:4:409721526><TERRORIST>" with "m4a1" (damage "38") (damage_armor "0") (health "62") (armor "0")
L 03/17/2015 - 17:04:46: "[.:.MiniXrom.:.]BRAT_Mini_Kruta<25><STEAM_0:4:1187548933><TERRORIST>" attacked "[.:.MiniXrom.:.] Parasha_E_}I{_<29><STEAM_0:4:1447595781><CT>" with "m4a1" (damage "32") (damage_armor "0") (health "42") (armor "0")
L 03/17/2015 - 17:04:46: "[.:.MiniXrom.:.] Parasha_E_}I{_<29><STEAM_0:4:1447595781><CT>" attacked "[.:.MiniXrom.:.]BRAT_Mini_Kruta<25><STEAM_0:4:1187548933><TERRORIST>" with "m4a1" (damage "31") (damage_armor "0") (health "31") (armor "0")
L 03/17/2015 - 17:04:46: "[.:.MiniXrom.:.] Parasha_E_}I{_<29><STEAM_0:4:1447595781><CT>" attacked "[.:.MiniXrom.:.]BRAT_Mini_Kruta<25><STEAM_0:4:1187548933><TERRORIST>" with "m4a1" (damage "31") (damage_armor "0") (health "0") (armor "0")
L 03/17/2015 - 17:04:46: "[.:.MiniXrom.:.] Parasha_E_}I{_<29><STEAM_0:4:1447595781><CT>" killed "[.:.MiniXrom.:.]BRAT_Mini_Kruta<25><STEAM_0:4:1187548933><TERRORIST>" with "m4a1"
L 03/17/2015 - 17:04:47: "[.:.MiniXrom.:.] Parasha_E_}I{_<29><STEAM_0:4:1447595781><CT>" attacked "[.:.MiniXrom.:.]sanya<28><STEAM_0:4:409721526><TERRORIST>" with "m4a1" (damage "31") (damage_armor "0") (health "31") (armor "0")
L 03/17/2015 - 17:04:48: "skillet<30><STEAM_0:4:1726631301><>" entered the game
L 03/17/2015 - 17:04:48: "[.:.MiniXrom.:.]sanya<28><STEAM_0:4:409721526><TERRORIST>" attacked "[.:.MiniXrom.:.] Parasha_E_}I{_<29><STEAM_0:4:1447595781><CT>" with "glock18" (damage "19") (damage_armor "0") (health "23") (armor "0")
L 03/17/2015 - 17:04:48: "[.:.MiniXrom.:.] Parasha_E_}I{_<29><STEAM_0:4:1447595781><CT>" attacked "[.:.MiniXrom.:.]sanya<28><STEAM_0:4:409721526><TERRORIST>" with "usp" (damage "28") (damage_armor "0") (health "3") (armor "0")
L 03/17/2015 - 17:04:48: "[.:.MiniXrom.:.]sanya<28><STEAM_0:4:409721526><TERRORIST>" attacked "[.:.MiniXrom.:.] Parasha_E_}I{_<29><STEAM_0:4:1447595781><CT>" with "glock18" (damage "15") (damage_armor "0") (health "8") (armor "0")
L 03/17/2015 - 17:04:49: "[.:.MiniXrom.:.]sanya<28><STEAM_0:4:409721526><TERRORIST>" attacked "[.:.MiniXrom.:.] Parasha_E_}I{_<29><STEAM_0:4:1447595781><CT>" with "glock18" (damage "15") (damage_armor "0") (health "-7") (armor "0")
L 03/17/2015 - 17:04:49: "[.:.MiniXrom.:.]sanya<28><STEAM_0:4:409721526><TERRORIST>" killed "[.:.MiniXrom.:.] Parasha_E_}I{_<29><STEAM_0:4:1447595781><CT>" with "glock18"
L 03/17/2015 - 17:04:49: Team "TERRORIST" triggered "Terrorists_Win" (CT "11") (T "6")
L 03/17/2015 - 17:04:49: World triggered "Round_End"
L 03/17/2015 - 17:04:52: "skillet<30><STEAM_0:4:1726631301><>" joined team "TERRORIST"
L 03/17/2015 - 17:04:55: [DPROTO]: Client 4 - Set AuthIdType 3 [dp_RevEmu]; pClient = 0xb3927ad8
L 03/17/2015 - 17:04:55: "[.:.MiniXrom.:.]Mini_Krut<31><STEAM_0:4:648496251><>" connected, address "78.106.18.228:27005"
L 03/17/2015 - 17:04:55: [VTC] Player 5 speex
L 03/17/2015 - 17:04:59: World triggered "Round_Start"
L 03/17/2015 - 17:04:59: "[.:.MiniXrom.:.]Mini_Krut<31><STEAM_0:4:648496251><>" entered the game
L 03/17/2015 - 17:05:02: "[.:.MiniXrom.:.]Mini_Krut<31><STEAM_0:4:648496251><>" joined team "CT"
L 03/17/2015 - 17:05:05: "[.:.MiniXrom.:.] Parasha_E_}I{_<29><STEAM_0:4:1447595781><CT>" attacked "[.:.MiniXrom.:.]sanya<28><STEAM_0:4:409721526><TERRORIST>" with "ak47" (damage "34") (damage_armor "0") (health "66") (armor "0")
L 03/17/2015 - 17:05:06: "[.:.MiniXrom.:.]Mini_Krut<31><STEAM_0:4:648496251><CT>" attacked "[.:.MiniXrom.:.]BRAT_Mini_Kruta<25><STEAM_0:4:1187548933><TERRORIST>" with "m4a1" (damage "32") (damage_armor "0") (health "68") (armor "0")
L 03/17/2015 - 17:05:06: "[.:.MiniXrom.:.]Mini_Krut<31><STEAM_0:4:648496251><CT>" attacked "[.:.MiniXrom.:.]BRAT_Mini_Kruta<25><STEAM_0:4:1187548933><TERRORIST>" with "m4a1" (damage "32") (damage_armor "0") (health "36") (armor "0")
L 03/17/2015 - 17:05:07: "[.:.MiniXrom.:.]Mini_Krut<31><STEAM_0:4:648496251><CT>" attacked "[.:.MiniXrom.:.]BRAT_Mini_Kruta<25><STEAM_0:4:1187548933><TERRORIST>" with "m4a1" (damage "128") (damage_armor "0") (health "-92") (armor "0")
L 03/17/2015 - 17:05:07: "[.:.MiniXrom.:.]Mini_Krut<31><STEAM_0:4:648496251><CT>" killed "[.:.MiniXrom.:.]BRAT_Mini_Kruta<25><STEAM_0:4:1187548933><TERRORIST>" with "m4a1"
L 03/17/2015 - 17:05:08: "[.:.MiniXrom.:.]Mini_Krut<31><STEAM_0:4:648496251><CT>" attacked "skillet<30><STEAM_0:4:1726631301><TERRORIST>" with "m4a1" (damage "30") (damage_armor "0") (health "70") (armor "0")
L 03/17/2015 - 17:05:08: "skillet<30><STEAM_0:4:1726631301><TERRORIST>" attacked "[.:.MiniXrom.:.]Mini_Krut<31><STEAM_0:4:648496251><CT>" with "m4a1" (damage "30") (damage_armor "0") (health "70") (armor "0")
L 03/17/2015 - 17:05:08: "[.:.MiniXrom.:.]Mini_Krut<31><STEAM_0:4:648496251><CT>" attacked "skillet<30><STEAM_0:4:1726631301><TERRORIST>" with "m4a1" (damage "30") (damage_armor "0") (health "40") (armor "0")
L 03/17/2015 - 17:05:08: "[.:.MiniXrom.:.]Mini_Krut<31><STEAM_0:4:648496251><CT>" attacked "skillet<30><STEAM_0:4:1726631301><TERRORIST>" with "m4a1" (damage "31") (damage_armor "0") (health "9") (armor "0")
L 03/17/2015 - 17:05:08: "[.:.MiniXrom.:.]Mini_Krut<31><STEAM_0:4:648496251><CT>" attacked "skillet<30><STEAM_0:4:1726631301><TERRORIST>" with "m4a1" (damage "31") (damage_armor "0") (health "-22") (armor "0")
L 03/17/2015 - 17:05:08: "[.:.MiniXrom.:.]Mini_Krut<31><STEAM_0:4:648496251><CT>" killed "skillet<30><STEAM_0:4:1726631301><TERRORIST>" with "m4a1"
L 03/17/2015 - 17:05:20: "[.:.MiniXrom.:.]sanya<28><STEAM_0:4:409721526><TERRORIST>" attacked "[.:.MiniXrom.:.] Parasha_E_}I{_<29><STEAM_0:4:1447595781><CT>" with "ak47" (damage "34") (damage_armor "0") (health "35") (armor "0")
L 03/17/2015 - 17:05:20: "[.:.MiniXrom.:.]Mini_Krut<31><STEAM_0:4:648496251><CT>" attacked "[.:.MiniXrom.:.]sanya<28><STEAM_0:4:409721526><TERRORIST>" with "m4a1" (damage "32") (damage_armor "0") (health "34") (armor "0")
L 03/17/2015 - 17:05:20: "[.:.MiniXrom.:.]sanya<28><STEAM_0:4:409721526><TERRORIST>" attacked "[.:.MiniXrom.:.] Parasha_E_}I{_<29><STEAM_0:4:1447595781><CT>" with "ak47" (damage "25") (damage_armor "0") (health "10") (armor "0")
L 03/17/2015 - 17:05:20: "[.:.MiniXrom.:.] Parasha_E_}I{_<29><STEAM_0:4:1447595781><CT>" attacked "[.:.MiniXrom.:.]sanya<28><STEAM_0:4:409721526><TERRORIST>" with "m4a1" (damage "29") (damage_armor "0") (health "5") (armor "0")
L 03/17/2015 - 17:05:20: "[.:.MiniXrom.:.]Mini_Krut<31><STEAM_0:4:648496251><CT>" attacked "[.:.MiniXrom.:.]sanya<28><STEAM_0:4:409721526><TERRORIST>" with "m4a1" (damage "128") (damage_armor "0") (health "-123") (armor "0")
L 03/17/2015 - 17:05:20: "[.:.MiniXrom.:.]Mini_Krut<31><STEAM_0:4:648496251><CT>" killed "[.:.MiniXrom.:.]sanya<28><STEAM_0:4:409721526><TERRORIST>" with "m4a1"
L 03/17/2015 - 17:05:20: Team "CT" triggered "CTs_Win" (CT "12") (T "6")
L 03/17/2015 - 17:05:20: World triggered "Round_End"
L 03/17/2015 - 17:05:30: World triggered "Round_Start"
L 03/17/2015 - 17:05:34: "[.:.MiniXrom.:.]BRAT_Mini_Kruta<25><STEAM_0:4:1187548933><TERRORIST>" attacked "[.:.MiniXrom.:.] Parasha_E_}I{_<29><STEAM_0:4:1447595781><CT>" with "aug" (damage "21") (damage_armor "0") (health "79") (armor "0")
L 03/17/2015 - 17:05:34: "[.:.MiniXrom.:.] Parasha_E_}I{_<29><STEAM_0:4:1447595781><CT>" attacked "[.:.MiniXrom.:.]BRAT_Mini_Kruta<25><STEAM_0:4:1187548933><TERRORIST>" with "m4a1" (damage "116") (damage_armor "0") (health "-16") (armor "0")
L 03/17/2015 - 17:05:34: "[.:.MiniXrom.:.] Parasha_E_}I{_<29><STEAM_0:4:1447595781><CT>" killed "[.:.MiniXrom.:.]BRAT_Mini_Kruta<25><STEAM_0:4:1187548933><TERRORIST>" with "m4a1"
L 03/17/2015 - 17:05:34: "[.:.MiniXrom.:.]sanya<28><STEAM_0:4:409721526><TERRORIST>" attacked "[.:.MiniXrom.:.]Mini_Krut<31><STEAM_0:4:648496251><CT>" with "ak47" (damage "25") (damage_armor "0") (health "75") (armor "0")
L 03/17/2015 - 17:05:34: "[.:.MiniXrom.:.]sanya<28><STEAM_0:4:409721526><TERRORIST>" attacked "[.:.MiniXrom.:.]Mini_Krut<31><STEAM_0:4:648496251><CT>" with "ak47" (damage "42") (damage_armor "0") (health "33") (armor "0")
L 03/17/2015 - 17:05:34: "[.:.MiniXrom.:.]sanya<28><STEAM_0:4:409721526><TERRORIST>" attacked "[.:.MiniXrom.:.]Mini_Krut<31><STEAM_0:4:648496251><CT>" with "ak47" (damage "34") (damage_armor "0") (health "-1") (armor "0")
L 03/17/2015 - 17:05:34: "[.:.MiniXrom.:.]sanya<28><STEAM_0:4:409721526><TERRORIST>" killed "[.:.MiniXrom.:.]Mini_Krut<31><STEAM_0:4:648496251><CT>" with "ak47"
L 03/17/2015 - 17:05:38: "[.:.MiniXrom.:.] Parasha_E_}I{_<29><STEAM_0:4:1447595781><CT>" attacked "[.:.MiniXrom.:.]sanya<28><STEAM_0:4:409721526><TERRORIST>" with "m4a1" (damage "116") (damage_armor "0") (health "-16") (armor "0")
L 03/17/2015 - 17:05:38: "[.:.MiniXrom.:.] Parasha_E_}I{_<29><STEAM_0:4:1447595781><CT>" killed "[.:.MiniXrom.:.]sanya<28><STEAM_0:4:409721526><TERRORIST>" with "m4a1"
L 03/17/2015 - 17:05:47: "[.:.MiniXrom.:.] Parasha_E_}I{_<29><STEAM_0:4:1447595781><CT>" attacked "skillet<30><STEAM_0:4:1726631301><TERRORIST>" with "m4a1" (damage "31") (damage_armor "0") (health "69") (armor "0")
L 03/17/2015 - 17:05:47: "[.:.MiniXrom.:.] Parasha_E_}I{_<29><STEAM_0:4:1447595781><CT>" attacked "skillet<30><STEAM_0:4:1726631301><TERRORIST>" with "m4a1" (damage "31") (damage_armor "0") (health "38") (armor "0")
L 03/17/2015 - 17:05:47: "[.:.MiniXrom.:.] Parasha_E_}I{_<29><STEAM_0:4:1447595781><CT>" attacked "skillet<30><STEAM_0:4:1726631301><TERRORIST>" with "m4a1" (damage "38") (damage_armor "0") (health "0") (armor "0")
L 03/17/2015 - 17:05:47: "[.:.MiniXrom.:.] Parasha_E_}I{_<29><STEAM_0:4:1447595781><CT>" killed "skillet<30><STEAM_0:4:1726631301><TERRORIST>" with "m4a1"
L 03/17/2015 - 17:05:47: Team "CT" triggered "CTs_Win" (CT "13") (T "6")
L 03/17/2015 - 17:05:47: World triggered "Round_End"
L 03/17/2015 - 17:05:57: World triggered "Round_Start"
L 03/17/2015 - 17:06:02: "[.:.MiniXrom.:.] Parasha_E_}I{_<29><STEAM_0:4:1447595781><CT>" attacked "skillet<30><STEAM_0:4:1726631301><TERRORIST>" with "m4a1" (damage "29") (damage_armor "0") (health "15") (armor "0")
L 03/17/2015 - 17:06:03: "skillet<30><STEAM_0:4:1726631301><TERRORIST>" attacked "[.:.MiniXrom.:.] Parasha_E_}I{_<29><STEAM_0:4:1447595781><CT>" with "awp" (damage "84") (damage_armor "0") (health "16") (armor "0")
L 03/17/2015 - 17:06:04: "[.:.MiniXrom.:.] Parasha_E_}I{_<29><STEAM_0:4:1447595781><CT>" attacked "skillet<30><STEAM_0:4:1726631301><TERRORIST>" with "m4a1" (damage "29") (damage_armor "0") (health "-14") (armor "0")
L 03/17/2015 - 17:06:04: "[.:.MiniXrom.:.] Parasha_E_}I{_<29><STEAM_0:4:1447595781><CT>" killed "skillet<30><STEAM_0:4:1726631301><TERRORIST>" with "m4a1"
L 03/17/2015 - 17:06:04: "[.:.MiniXrom.:.]sanya<28><STEAM_0:4:409721526><TERRORIST>" attacked "[.:.MiniXrom.:.]Mini_Krut<31><STEAM_0:4:648496251><CT>" with "awp" (damage "112") (damage_armor "0") (health "-12") (armor "0")
L 03/17/2015 - 17:06:04: "[.:.MiniXrom.:.]sanya<28><STEAM_0:4:409721526><TERRORIST>" killed "[.:.MiniXrom.:.]Mini_Krut<31><STEAM_0:4:648496251><CT>" with "awp"
L 03/17/2015 - 17:06:06: "[.:.MiniXrom.:.] Parasha_E_}I{_<29><STEAM_0:4:1447595781><CT>" attacked "[.:.MiniXrom.:.]BRAT_Mini_Kruta<25><STEAM_0:4:1187548933><TERRORIST>" with "m4a1" (damage "124") (damage_armor "0") (health "-24") (armor "0")
L 03/17/2015 - 17:06:06: "[.:.MiniXrom.:.] Parasha_E_}I{_<29><STEAM_0:4:1447595781><CT>" killed "[.:.MiniXrom.:.]BRAT_Mini_Kruta<25><STEAM_0:4:1187548933><TERRORIST>" with "m4a1"
L 03/17/2015 - 17:06:34: "[.:.MiniXrom.:.]sanya<28><STEAM_0:4:409721526><TERRORIST>" attacked "[.:.MiniXrom.:.] Parasha_E_}I{_<29><STEAM_0:4:1447595781><CT>" with "awp" (damage "111") (damage_armor "0") (health "-95") (armor "0")
L 03/17/2015 - 17:06:34: "[.:.MiniXrom.:.]sanya<28><STEAM_0:4:409721526><TERRORIST>" killed "[.:.MiniXrom.:.] Parasha_E_}I{_<29><STEAM_0:4:1447595781><CT>" with "awp"
L 03/17/2015 - 17:06:34: Team "TERRORIST" triggered "Terrorists_Win" (CT "13") (T "7")
L 03/17/2015 - 17:06:34: World triggered "Round_End"
L 03/17/2015 - 17:06:44: World triggered "Round_Start"
L 03/17/2015 - 17:06:49: "[.:.MiniXrom.:.]sanya<28><STEAM_0:4:409721526><TERRORIST>" attacked "[.:.MiniXrom.:.] Parasha_E_}I{_<29><STEAM_0:4:1447595781><CT>" with "awp" (damage "112") (damage_armor "0") (health "-12") (armor "0")
L 03/17/2015 - 17:06:49: "[.:.MiniXrom.:.]sanya<28><STEAM_0:4:409721526><TERRORIST>" killed "[.:.MiniXrom.:.] Parasha_E_}I{_<29><STEAM_0:4:1447595781><CT>" with "awp"
L 03/17/2015 - 17:06:53: "[.:.MiniXrom.:.]Mini_Krut<31><STEAM_0:4:648496251><CT>" attacked "[.:.MiniXrom.:.]BRAT_Mini_Kruta<25><STEAM_0:4:1187548933><TERRORIST>" with "ak47" (damage "34") (damage_armor "0") (health "66") (armor "0")
L 03/17/2015 - 17:06:58: "[.:.MiniXrom.:.]BRAT_Mini_Kruta<25><STEAM_0:4:1187548933><TERRORIST>" attacked "[.:.MiniXrom.:.]Mini_Krut<31><STEAM_0:4:648496251><CT>" with "m4a1" (damage "14") (damage_armor "0") (health "86") (armor "0")
L 03/17/2015 - 17:06:58: "[.:.MiniXrom.:.]Mini_Krut<31><STEAM_0:4:648496251><CT>" attacked "[.:.MiniXrom.:.]BRAT_Mini_Kruta<25><STEAM_0:4:1187548933><TERRORIST>" with "ak47" (damage "16") (damage_armor "0") (health "50") (armor "0")
L 03/17/2015 - 17:06:58: "[.:.MiniXrom.:.]Mini_Krut<31><STEAM_0:4:648496251><CT>" attacked "[.:.MiniXrom.:.]BRAT_Mini_Kruta<25><STEAM_0:4:1187548933><TERRORIST>" with "ak47" (damage "20") (damage_armor "0") (health "30") (armor "0")
L 03/17/2015 - 17:07:03: "[.:.MiniXrom.:.]Mini_Krut<31><STEAM_0:4:648496251><CT>" attacked "[.:.MiniXrom.:.]sanya<28><STEAM_0:4:409721526><TERRORIST>" with "ak47" (damage "132") (damage_armor "0") (health "-32") (armor "0")
L 03/17/2015 - 17:07:03: "[.:.MiniXrom.:.]Mini_Krut<31><STEAM_0:4:648496251><CT>" killed "[.:.MiniXrom.:.]sanya<28><STEAM_0:4:409721526><TERRORIST>" with "ak47"
L 03/17/2015 - 17:07:05: "[.:.MiniXrom.:.]Mini_Krut<31><STEAM_0:4:648496251><CT>" attacked "[.:.MiniXrom.:.]BRAT_Mini_Kruta<25><STEAM_0:4:1187548933><TERRORIST>" with "ak47" (damage "25") (damage_armor "0") (health "5") (armor "0")
L 03/17/2015 - 17:07:05: "[.:.MiniXrom.:.]BRAT_Mini_Kruta<25><STEAM_0:4:1187548933><TERRORIST>" attacked "[.:.MiniXrom.:.]Mini_Krut<31><STEAM_0:4:648496251><CT>" with "m4a1" (damage "36") (damage_armor "0") (health "50") (armor "0")
L 03/17/2015 - 17:07:06: "[.:.MiniXrom.:.]Mini_Krut<31><STEAM_0:4:648496251><CT>" attacked "[.:.MiniXrom.:.]BRAT_Mini_Kruta<25><STEAM_0:4:1187548933><TERRORIST>" with "ak47" (damage "42") (damage_armor "0") (health "-37") (armor "0")
L 03/17/2015 - 17:07:06: "[.:.MiniXrom.:.]Mini_Krut<31><STEAM_0:4:648496251><CT>" killed "[.:.MiniXrom.:.]BRAT_Mini_Kruta<25><STEAM_0:4:1187548933><TERRORIST>" with "ak47"
L 03/17/2015 - 17:07:16: "skillet<30><STEAM_0:4:1726631301><TERRORIST>" triggered "weaponstats" (weapon "awp") (shots "1") (hits "1") (kills "0") (headshots "0") (tks "0") (damage "84") (deaths "1")
L 03/17/2015 - 17:07:16: "skillet<30><STEAM_0:4:1726631301><TERRORIST>" triggered "weaponstats2" (weapon "awp") (head "0") (chest "0") (stomach "0") (leftarm "0") (rightarm "0") (leftleg "0") (rightleg "1")
L 03/17/2015 - 17:07:16: "skillet<30><STEAM_0:4:1726631301><TERRORIST>" triggered "weaponstats" (weapon "m4a1") (shots "9") (hits "1") (kills "0") (headshots "0") (tks "0") (damage "30") (deaths "1")
L 03/17/2015 - 17:07:16: "skillet<30><STEAM_0:4:1726631301><TERRORIST>" triggered "weaponstats2" (weapon "m4a1") (head "0") (chest "0") (stomach "0") (leftarm "1") (rightarm "0") (leftleg "0") (rightleg "0")
L 03/17/2015 - 17:07:16: "skillet<30><STEAM_0:4:1726631301><TERRORIST>" triggered "time" (time "2:27")
L 03/17/2015 - 17:07:16: "skillet<30><STEAM_0:4:1726631301><TERRORIST>" triggered "latency" (ping "41")
L 03/17/2015 - 17:07:16: "skillet<30><STEAM_0:4:1726631301><TERRORIST>" disconnected
L 03/17/2015 - 17:07:16: Team "CT" triggered "CTs_Win" (CT "14") (T "7")
L 03/17/2015 - 17:07:16: World triggered "Round_End"
L 03/17/2015 - 17:07:16: [DPROTO]: Client 3 - Set AuthIdType 3 [dp_RevEmu]; pClient = 0xb3922be4
L 03/17/2015 - 17:07:16: "skillet<32><STEAM_0:4:1726631301><>" connected, address "178.121.136.100:9247"
L 03/17/2015 - 17:07:16: [VTC] Player 4 speex
L 03/17/2015 - 17:07:19: "skillet<32><STEAM_0:4:1726631301><>" entered the game
L 03/17/2015 - 17:07:23: "skillet<32><STEAM_0:4:1726631301><>" joined team "TERRORIST"
L 03/17/2015 - 17:07:26: World triggered "Round_Start"
L 03/17/2015 - 17:07:30: "[.:.MiniXrom.:.] Parasha_E_}I{_<29><STEAM_0:4:1447595781><CT>" attacked "skillet<32><STEAM_0:4:1726631301><TERRORIST>" with "m4a1" (damage "30") (damage_armor "0") (health "70") (armor "0")
L 03/17/2015 - 17:07:30: "[.:.MiniXrom.:.] Parasha_E_}I{_<29><STEAM_0:4:1447595781><CT>" attacked "skillet<32><STEAM_0:4:1726631301><TERRORIST>" with "m4a1" (damage "120") (damage_armor "0") (health "-50") (armor "0")
L 03/17/2015 - 17:07:30: "[.:.MiniXrom.:.] Parasha_E_}I{_<29><STEAM_0:4:1447595781><CT>" killed "skillet<32><STEAM_0:4:1726631301><TERRORIST>" with "m4a1"
L 03/17/2015 - 17:07:31: "[.:.MiniXrom.:.]sanya<28><STEAM_0:4:409721526><TERRORIST>" attacked "[.:.MiniXrom.:.]Mini_Krut<31><STEAM_0:4:648496251><CT>" with "ak47" (damage "26") (damage_armor "0") (health "74") (armor "0")
L 03/17/2015 - 17:07:31: "[.:.MiniXrom.:.]Mini_Krut<31><STEAM_0:4:648496251><CT>" attacked "[.:.MiniXrom.:.]sanya<28><STEAM_0:4:409721526><TERRORIST>" with "m4a1" (damage "124") (damage_armor "0") (health "-24") (armor "0")
L 03/17/2015 - 17:07:31: "[.:.MiniXrom.:.]Mini_Krut<31><STEAM_0:4:648496251><CT>" killed "[.:.MiniXrom.:.]sanya<28><STEAM_0:4:409721526><TERRORIST>" with "m4a1"
L 03/17/2015 - 17:07:35: "[.:.MiniXrom.:.]Mini_Krut<31><STEAM_0:4:648496251><CT>" attacked "[.:.MiniXrom.:.]BRAT_Mini_Kruta<25><STEAM_0:4:1187548933><TERRORIST>" with "m4a1" (damage "30") (damage_armor "0") (health "70") (armor "0")
L 03/17/2015 - 17:07:35: "[.:.MiniXrom.:.]Mini_Krut<31><STEAM_0:4:648496251><CT>" attacked "[.:.MiniXrom.:.]BRAT_Mini_Kruta<25><STEAM_0:4:1187548933><TERRORIST>" with "m4a1" (damage "30") (damage_armor "0") (health "40") (armor "0")
L 03/17/2015 - 17:07:35: "[.:.MiniXrom.:.]Mini_Krut<31><STEAM_0:4:648496251><CT>" attacked "[.:.MiniXrom.:.]BRAT_Mini_Kruta<25><STEAM_0:4:1187548933><TERRORIST>" with "m4a1" (damage "30") (damage_armor "0") (health "10") (armor "0")
L 03/17/2015 - 17:07:35: "[.:.MiniXrom.:.]Mini_Krut<31><STEAM_0:4:648496251><CT>" attacked "[.:.MiniXrom.:.]BRAT_Mini_Kruta<25><STEAM_0:4:1187548933><TERRORIST>" with "m4a1" (damage "37") (damage_armor "0") (health "-27") (armor "0")
L 03/17/2015 - 17:07:35: "[.:.MiniXrom.:.]Mini_Krut<31><STEAM_0:4:648496251><CT>" killed "[.:.MiniXrom.:.]BRAT_Mini_Kruta<25><STEAM_0:4:1187548933><TERRORIST>" with "m4a1"
L 03/17/2015 - 17:07:35: Team "CT" triggered "CTs_Win" (CT "15") (T "7")
L 03/17/2015 - 17:07:35: World triggered "Round_End"
L 03/17/2015 - 17:07:45: World triggered "Round_Start"
L 03/17/2015 - 17:07:52: "[.:.MiniXrom.:.] Parasha_E_}I{_<29><STEAM_0:4:1447595781><CT>" attacked "[.:.MiniXrom.:.]BRAT_Mini_Kruta<25><STEAM_0:4:1187548933><TERRORIST>" with "m4a1" (damage "29") (damage_armor "0") (health "71") (armor "0")
L 03/17/2015 - 17:07:52: "[.:.MiniXrom.:.] Parasha_E_}I{_<29><STEAM_0:4:1447595781><CT>" attacked "[.:.MiniXrom.:.]BRAT_Mini_Kruta<25><STEAM_0:4:1187548933><TERRORIST>" with "m4a1" (damage "29") (damage_armor "0") (health "42") (armor "0")
L 03/17/2015 - 17:07:52: "[.:.MiniXrom.:.]BRAT_Mini_Kruta<25><STEAM_0:4:1187548933><TERRORIST>" attacked "[.:.MiniXrom.:.] Parasha_E_}I{_<29><STEAM_0:4:1447595781><CT>" with "m4a1" (damage "29") (damage_armor "0") (health "67") (armor "0")
L 03/17/2015 - 17:07:52: "[.:.MiniXrom.:.]BRAT_Mini_Kruta<25><STEAM_0:4:1187548933><TERRORIST>" attacked "[.:.MiniXrom.:.] Parasha_E_}I{_<29><STEAM_0:4:1447595781><CT>" with "m4a1" (damage "29") (damage_armor "0") (health "38") (armor "0")
L 03/17/2015 - 17:07:53: "[.:.MiniXrom.:.]BRAT_Mini_Kruta<25><STEAM_0:4:1187548933><TERRORIST>" attacked "[.:.MiniXrom.:.] Parasha_E_}I{_<29><STEAM_0:4:1447595781><CT>" with "m4a1" (damage "29") (damage_armor "0") (health "9") (armor "0")
L 03/17/2015 - 17:07:53: "[.:.MiniXrom.:.] Parasha_E_}I{_<29><STEAM_0:4:1447595781><CT>" attacked "[.:.MiniXrom.:.]BRAT_Mini_Kruta<25><STEAM_0:4:1187548933><TERRORIST>" with "m4a1" (damage "21") (damage_armor "0") (health "21") (armor "0")
L 03/17/2015 - 17:07:53: "[.:.MiniXrom.:.] Parasha_E_}I{_<29><STEAM_0:4:1447595781><CT>" attacked "[.:.MiniXrom.:.]BRAT_Mini_Kruta<25><STEAM_0:4:1187548933><TERRORIST>" with "m4a1" (damage "29") (damage_armor "0") (health "-8") (armor "0")
L 03/17/2015 - 17:07:53: "[.:.MiniXrom.:.] Parasha_E_}I{_<29><STEAM_0:4:1447595781><CT>" killed "[.:.MiniXrom.:.]BRAT_Mini_Kruta<25><STEAM_0:4:1187548933><TERRORIST>" with "m4a1"
L 03/17/2015 - 17:08:05: "[.:.MiniXrom.:.]sanya<28><STEAM_0:4:409721526><TERRORIST>" attacked "[.:.MiniXrom.:.] Parasha_E_}I{_<29><STEAM_0:4:1447595781><CT>" with "awp" (damage "113") (damage_armor "0") (health "-104") (armor "0")
L 03/17/2015 - 17:08:05: "[.:.MiniXrom.:.]sanya<28><STEAM_0:4:409721526><TERRORIST>" killed "[.:.MiniXrom.:.] Parasha_E_}I{_<29><STEAM_0:4:1447595781><CT>" with "awp"
L 03/17/2015 - 17:08:05: "[.:.MiniXrom.:.]Mini_Krut<31><STEAM_0:4:648496251><CT>" attacked "skillet<32><STEAM_0:4:1726631301><TERRORIST>" with "m4a1" (damage "38") (damage_armor "0") (health "62") (armor "0")
L 03/17/2015 - 17:08:05: "[.:.MiniXrom.:.]Mini_Krut<31><STEAM_0:4:648496251><CT>" attacked "skillet<32><STEAM_0:4:1726631301><TERRORIST>" with "m4a1" (damage "38") (damage_armor "0") (health "24") (armor "0")
L 03/17/2015 - 17:08:05: "[.:.MiniXrom.:.]Mini_Krut<31><STEAM_0:4:648496251><CT>" attacked "skillet<32><STEAM_0:4:1726631301><TERRORIST>" with "m4a1" (damage "31") (damage_armor "0") (health "-7") (armor "0")
L 03/17/2015 - 17:08:05: "[.:.MiniXrom.:.]Mini_Krut<31><STEAM_0:4:648496251><CT>" killed "skillet<32><STEAM_0:4:1726631301><TERRORIST>" with "m4a1"
L 03/17/2015 - 17:08:07: "[.:.MiniXrom.:.]Mini_Krut<31><STEAM_0:4:648496251><CT>" attacked "[.:.MiniXrom.:.]sanya<28><STEAM_0:4:409721526><TERRORIST>" with "m4a1" (damage "29") (damage_armor "0") (health "71") (armor "0")
L 03/17/2015 - 17:08:09: "[.:.MiniXrom.:.]Mini_Krut<31><STEAM_0:4:648496251><CT>" attacked "[.:.MiniXrom.:.]sanya<28><STEAM_0:4:409721526><TERRORIST>" with "m4a1" (damage "29") (damage_armor "0") (health "42") (armor "0")
L 03/17/2015 - 17:08:09: "[.:.MiniXrom.:.]Mini_Krut<31><STEAM_0:4:648496251><CT>" attacked "[.:.MiniXrom.:.]sanya<28><STEAM_0:4:409721526><TERRORIST>" with "m4a1" (damage "29") (damage_armor "0") (health "13") (armor "0")
L 03/17/2015 - 17:08:09: "[.:.MiniXrom.:.]Mini_Krut<31><STEAM_0:4:648496251><CT>" attacked "[.:.MiniXrom.:.]sanya<28><STEAM_0:4:409721526><TERRORIST>" with "m4a1" (damage "36") (damage_armor "0") (health "-23") (armor "0")
L 03/17/2015 - 17:08:09: "[.:.MiniXrom.:.]Mini_Krut<31><STEAM_0:4:648496251><CT>" killed "[.:.MiniXrom.:.]sanya<28><STEAM_0:4:409721526><TERRORIST>" with "m4a1"
L 03/17/2015 - 17:08:09: Team "CT" triggered "CTs_Win" (CT "16") (T "7")
L 03/17/2015 - 17:08:09: World triggered "Round_End"
L 03/17/2015 - 17:08:19: World triggered "Round_Start"
L 03/17/2015 - 17:08:22: "[.:.MiniXrom.:.]sanya<28><STEAM_0:4:409721526><TERRORIST>" attacked "[.:.MiniXrom.:.] Parasha_E_}I{_<29><STEAM_0:4:1447595781><CT>" with "aug" (damage "21") (damage_armor "0") (health "79") (armor "0")
L 03/17/2015 - 17:08:23: "[.:.MiniXrom.:.] Parasha_E_}I{_<29><STEAM_0:4:1447595781><CT>" attacked "[.:.MiniXrom.:.]sanya<28><STEAM_0:4:409721526><TERRORIST>" with "m4a1" (damage "29") (damage_armor "0") (health "71") (armor "0")
L 03/17/2015 - 17:08:23: "[.:.MiniXrom.:.]BRAT_Mini_Kruta<25><STEAM_0:4:1187548933><TERRORIST>" attacked "[.:.MiniXrom.:.] Parasha_E_}I{_<29><STEAM_0:4:1447595781><CT>" with "m4a1" (damage "36") (damage_armor "0") (health "43") (armor "0")
L 03/17/2015 - 17:08:24: "[.:.MiniXrom.:.] Parasha_E_}I{_<29><STEAM_0:4:1447595781><CT>" attacked "[.:.MiniXrom.:.]BRAT_Mini_Kruta<25><STEAM_0:4:1187548933><TERRORIST>" with "m4a1" (damage "29") (damage_armor "0") (health "71") (armor "0")
L 03/17/2015 - 17:08:25: "[.:.MiniXrom.:.] Parasha_E_}I{_<29><STEAM_0:4:1447595781><CT>" attacked "[.:.MiniXrom.:.]sanya<28><STEAM_0:4:409721526><TERRORIST>" with "m4a1" (damage "14") (damage_armor "0") (health "57") (armor "0")
L 03/17/2015 - 17:08:28: "[.:.MiniXrom.:.]Mini_Krut<31><STEAM_0:4:648496251><CT>" attacked "[.:.MiniXrom.:.]BRAT_Mini_Kruta<25><STEAM_0:4:1187548933><TERRORIST>" with "m4a1" (damage "38") (damage_armor "0") (health "33") (armor "0")
L 03/17/2015 - 17:08:28: "[.:.MiniXrom.:.]Mini_Krut<31><STEAM_0:4:648496251><CT>" attacked "[.:.MiniXrom.:.]BRAT_Mini_Kruta<25><STEAM_0:4:1187548933><TERRORIST>" with "m4a1" (damage "31") (damage_armor "0") (health "2") (armor "0")
L 03/17/2015 - 17:08:28: "[.:.MiniXrom.:.]Mini_Krut<31><STEAM_0:4:648496251><CT>" attacked "[.:.MiniXrom.:.]BRAT_Mini_Kruta<25><STEAM_0:4:1187548933><TERRORIST>" with "m4a1" (damage "124") (damage_armor "0") (health "-122") (armor "0")
L 03/17/2015 - 17:08:28: "[.:.MiniXrom.:.]Mini_Krut<31><STEAM_0:4:648496251><CT>" killed "[.:.MiniXrom.:.]BRAT_Mini_Kruta<25><STEAM_0:4:1187548933><TERRORIST>" with "m4a1"
L 03/17/2015 - 17:08:30: "[.:.MiniXrom.:.] Parasha_E_}I{_<29><STEAM_0:4:1447595781><CT>" attacked "skillet<32><STEAM_0:4:1726631301><TERRORIST>" with "m4a1" (damage "36") (damage_armor "0") (health "60") (armor "0")
L 03/17/2015 - 17:08:30: "[.:.MiniXrom.:.] Parasha_E_}I{_<29><STEAM_0:4:1447595781><CT>" attacked "skillet<32><STEAM_0:4:1726631301><TERRORIST>" with "m4a1" (damage "116") (damage_armor "0") (health "-56") (armor "0")
L 03/17/2015 - 17:08:30: "[.:.MiniXrom.:.] Parasha_E_}I{_<29><STEAM_0:4:1447595781><CT>" killed "skillet<32><STEAM_0:4:1726631301><TERRORIST>" with "m4a1"
L 03/17/2015 - 17:08:39: "[.:.MiniXrom.:.] Parasha_E_}I{_<29><STEAM_0:4:1447595781><CT>" attacked "[.:.MiniXrom.:.]sanya<28><STEAM_0:4:409721526><TERRORIST>" with "m4a1" (damage "32") (damage_armor "0") (health "25") (armor "0")
L 03/17/2015 - 17:08:39: "[.:.MiniXrom.:.] Parasha_E_}I{_<29><STEAM_0:4:1447595781><CT>" attacked "[.:.MiniXrom.:.]sanya<28><STEAM_0:4:409721526><TERRORIST>" with "m4a1" (damage "32") (damage_armor "0") (health "-7") (armor "0")
L 03/17/2015 - 17:08:39: "[.:.MiniXrom.:.] Parasha_E_}I{_<29><STEAM_0:4:1447595781><CT>" killed "[.:.MiniXrom.:.]sanya<28><STEAM_0:4:409721526><TERRORIST>" with "m4a1"
L 03/17/2015 - 17:08:39: Team "CT" triggered "CTs_Win" (CT "17") (T "7")
L 03/17/2015 - 17:08:39: World triggered "Round_End"
L 03/17/2015 - 17:08:49: World triggered "Round_Start"
L 03/17/2015 - 17:08:51: "[.:.MiniXrom.:.]sanya<28><STEAM_0:4:409721526><TERRORIST>" attacked "[.:.MiniXrom.:.] Parasha_E_}I{_<29><STEAM_0:4:1447595781><CT>" with "ak47" (damage "132") (damage_armor "0") (health "-32") (armor "0")
L 03/17/2015 - 17:08:51: "[.:.MiniXrom.:.]sanya<28><STEAM_0:4:409721526><TERRORIST>" killed "[.:.MiniXrom.:.] Parasha_E_}I{_<29><STEAM_0:4:1447595781><CT>" with "ak47"
L 03/17/2015 - 17:08:52: "[.:.MiniXrom.:.]Mini_Krut<31><STEAM_0:4:648496251><CT>" attacked "skillet<32><STEAM_0:4:1726631301><TERRORIST>" with "m4a1" (damage "30") (damage_armor "0") (health "70") (armor "0")
L 03/17/2015 - 17:08:52: "[.:.MiniXrom.:.]Mini_Krut<31><STEAM_0:4:648496251><CT>" attacked "skillet<32><STEAM_0:4:1726631301><TERRORIST>" with "m4a1" (damage "37") (damage_armor "0") (health "33") (armor "0")
L 03/17/2015 - 17:08:52: "[.:.MiniXrom.:.]Mini_Krut<31><STEAM_0:4:648496251><CT>" attacked "skillet<32><STEAM_0:4:1726631301><TERRORIST>" with "m4a1" (damage "30") (damage_armor "0") (health "3") (armor "0")
L 03/17/2015 - 17:08:53: "[.:.MiniXrom.:.]Mini_Krut<31><STEAM_0:4:648496251><CT>" attacked "skillet<32><STEAM_0:4:1726631301><TERRORIST>" with "m4a1" (damage "22") (damage_armor "0") (health "-19") (armor "0")
L 03/17/2015 - 17:08:53: "[.:.MiniXrom.:.]Mini_Krut<31><STEAM_0:4:648496251><CT>" killed "skillet<32><STEAM_0:4:1726631301><TERRORIST>" with "m4a1"
L 03/17/2015 - 17:09:07: "[.:.MiniXrom.:.]Mini_Krut<31><STEAM_0:4:648496251><CT>" attacked "[.:.MiniXrom.:.]sanya<28><STEAM_0:4:409721526><TERRORIST>" with "m4a1" (damage "28") (damage_armor "0") (health "72") (armor "0")
L 03/17/2015 - 17:09:07: "[.:.MiniXrom.:.]Mini_Krut<31><STEAM_0:4:648496251><CT>" attacked "[.:.MiniXrom.:.]sanya<28><STEAM_0:4:409721526><TERRORIST>" with "m4a1" (damage "112") (damage_armor "0") (health "-40") (armor "0")
L 03/17/2015 - 17:09:07: "[.:.MiniXrom.:.]Mini_Krut<31><STEAM_0:4:648496251><CT>" killed "[.:.MiniXrom.:.]sanya<28><STEAM_0:4:409721526><TERRORIST>" with "m4a1"
L 03/17/2015 - 17:09:30: "[.:.MiniXrom.:.]Mini_Krut<31><STEAM_0:4:648496251><CT>" attacked "[.:.MiniXrom.:.]BRAT_Mini_Kruta<25><STEAM_0:4:1187548933><TERRORIST>" with "m4a1" (damage "29") (damage_armor "0") (health "71") (armor "0")
L 03/17/2015 - 17:09:30: "[.:.MiniXrom.:.]Mini_Krut<31><STEAM_0:4:648496251><CT>" attacked "[.:.MiniXrom.:.]BRAT_Mini_Kruta<25><STEAM_0:4:1187548933><TERRORIST>" with "m4a1" (damage "29") (damage_armor "0") (health "42") (armor "0")
L 03/17/2015 - 17:09:31: "[.:.MiniXrom.:.]Mini_Krut<31><STEAM_0:4:648496251><CT>" attacked "[.:.MiniXrom.:.]BRAT_Mini_Kruta<25><STEAM_0:4:1187548933><TERRORIST>" with "m4a1" (damage "29") (damage_armor "0") (health "13") (armor "0")
L 03/17/2015 - 17:09:31: "[.:.MiniXrom.:.]Mini_Krut<31><STEAM_0:4:648496251><CT>" attacked "[.:.MiniXrom.:.]BRAT_Mini_Kruta<25><STEAM_0:4:1187548933><TERRORIST>" with "m4a1" (damage "36") (damage_armor "0") (health "-23") (armor "0")
L 03/17/2015 - 17:09:31: "[.:.MiniXrom.:.]Mini_Krut<31><STEAM_0:4:648496251><CT>" killed "[.:.MiniXrom.:.]BRAT_Mini_Kruta<25><STEAM_0:4:1187548933><TERRORIST>" with "m4a1"
L 03/17/2015 - 17:09:31: Team "CT" triggered "CTs_Win" (CT "18") (T "7")
L 03/17/2015 - 17:09:31: World triggered "Round_End"
L 03/17/2015 - 17:09:38: "[.:.MiniXrom.:.] Parasha_E_}I{_<29><STEAM_0:4:1447595781><CT>" triggered "weaponstats" (weapon "grenade") (shots "3") (hits "1") (kills "0") (headshots "0") (tks "0") (damage "56") (deaths "0")
L 03/17/2015 - 17:09:38: "[.:.MiniXrom.:.] Parasha_E_}I{_<29><STEAM_0:4:1447595781><CT>" triggered "weaponstats2" (weapon "grenade") (head "0") (chest "0") (stomach "0") (leftarm "0") (rightarm "0") (leftleg "0") (rightleg "0")
L 03/17/2015 - 17:09:38: "[.:.MiniXrom.:.] Parasha_E_}I{_<29><STEAM_0:4:1447595781><CT>" triggered "weaponstats" (weapon "usp") (shots "5") (hits "1") (kills "0") (headshots "0") (tks "0") (damage "28") (deaths "1")
L 03/17/2015 - 17:09:38: "[.:.MiniXrom.:.] Parasha_E_}I{_<29><STEAM_0:4:1447595781><CT>" triggered "weaponstats2" (weapon "usp") (head "0") (chest "0") (stomach "0") (leftarm "1") (rightarm "0") (leftleg "0") (rightleg "0")
L 03/17/2015 - 17:09:38: "[.:.MiniXrom.:.] Parasha_E_}I{_<29><STEAM_0:4:1447595781><CT>" triggered "weaponstats" (weapon "m4a1") (shots "177") (hits "31") (kills "12") (headshots "7") (tks "0") (damage "1572") (deaths "4")
L 03/17/2015 - 17:09:38: "[.:.MiniXrom.:.] Parasha_E_}I{_<29><STEAM_0:4:1447595781><CT>" triggered "weaponstats2" (weapon "m4a1") (head "7") (chest "3") (stomach "4") (leftarm "12") (rightarm "4") (leftleg "0") (rightleg "1")
L 03/17/2015 - 17:09:38: "[.:.MiniXrom.:.] Parasha_E_}I{_<29><STEAM_0:4:1447595781><CT>" triggered "weaponstats" (weapon "ak47") (shots "14") (hits "1") (kills "0") (headshots "0") (tks "0") (damage "34") (deaths "0")
L 03/17/2015 - 17:09:38: "[.:.MiniXrom.:.] Parasha_E_}I{_<29><STEAM_0:4:1447595781><CT>" triggered "weaponstats2" (weapon "ak47") (head "0") (chest "1") (stomach "0") (leftarm "0") (rightarm "0") (leftleg "0") (rightleg "0")
L 03/17/2015 - 17:09:38: "[.:.MiniXrom.:.] Parasha_E_}I{_<29><STEAM_0:4:1447595781><CT>" triggered "time" (time "6:02")
L 03/17/2015 - 17:09:38: "[.:.MiniXrom.:.] Parasha_E_}I{_<29><STEAM_0:4:1447595781><CT>" triggered "latency" (ping "54")
L 03/17/2015 - 17:09:38: "[.:.MiniXrom.:.] Parasha_E_}I{_<29><STEAM_0:4:1447595781><CT>" disconnected
L 03/17/2015 - 17:09:38: [DPROTO]: Client 0 - Set AuthIdType 3 [dp_RevEmu]; pClient = 0xb3913f08
L 03/17/2015 - 17:09:38: "[.:.MiniXrom.:.] Parasha_E_}I{_<33><STEAM_0:4:1447595781><>" connected, address "178.252.205.5:27005"
L 03/17/2015 - 17:09:38: [VTC] Player 1 speex
L 03/17/2015 - 17:09:41: World triggered "Round_Start"
L 03/17/2015 - 17:09:42: "[.:.MiniXrom.:.] Parasha_E_}I{_<33><STEAM_0:4:1447595781><>" entered the game
L 03/17/2015 - 17:09:44: "[.:.MiniXrom.:.]sanya<28><STEAM_0:4:409721526><TERRORIST>" attacked "[.:.MiniXrom.:.]Mini_Krut<31><STEAM_0:4:648496251><CT>" with "ak47" (damage "35") (damage_armor "0") (health "65") (armor "0")
L 03/17/2015 - 17:09:44: "[.:.MiniXrom.:.]Mini_Krut<31><STEAM_0:4:648496251><CT>" attacked "[.:.MiniXrom.:.]sanya<28><STEAM_0:4:409721526><TERRORIST>" with "m4a1" (damage "31") (damage_armor "0") (health "69") (armor "0")
L 03/17/2015 - 17:09:45: "[.:.MiniXrom.:.]Mini_Krut<31><STEAM_0:4:648496251><CT>" attacked "[.:.MiniXrom.:.]sanya<28><STEAM_0:4:409721526><TERRORIST>" with "m4a1" (damage "31") (damage_armor "0") (health "38") (armor "0")
L 03/17/2015 - 17:09:45: "[.:.MiniXrom.:.]sanya<28><STEAM_0:4:409721526><TERRORIST>" attacked "[.:.MiniXrom.:.]Mini_Krut<31><STEAM_0:4:648496251><CT>" with "ak47" (damage "43") (damage_armor "0") (health "22") (armor "0")
L 03/17/2015 - 17:09:45: "[.:.MiniXrom.:.]Mini_Krut<31><STEAM_0:4:648496251><CT>" attacked "[.:.MiniXrom.:.]sanya<28><STEAM_0:4:409721526><TERRORIST>" with "m4a1" (damage "31") (damage_armor "0") (health "7") (armor "0")
L 03/17/2015 - 17:09:45: "[.:.MiniXrom.:.]sanya<28><STEAM_0:4:409721526><TERRORIST>" attacked "[.:.MiniXrom.:.]Mini_Krut<31><STEAM_0:4:648496251><CT>" with "ak47" (damage "26") (damage_armor "0") (health "-4") (armor "0")
L 03/17/2015 - 17:09:45: "[.:.MiniXrom.:.]sanya<28><STEAM_0:4:409721526><TERRORIST>" killed "[.:.MiniXrom.:.]Mini_Krut<31><STEAM_0:4:648496251><CT>" with "ak47"
L 03/17/2015 - 17:09:45: Team "TERRORIST" triggered "Terrorists_Win" (CT "18") (T "8")
L 03/17/2015 - 17:09:45: World triggered "Round_End"
L 03/17/2015 - 17:09:46: "[.:.MiniXrom.:.] Parasha_E_}I{_<33><STEAM_0:4:1447595781><>" joined team "CT"
L 03/17/2015 - 17:09:55: World triggered "Round_Start"
L 03/17/2015 - 17:09:59: "[.:.MiniXrom.:.]Mini_Krut<31><STEAM_0:4:648496251><CT>" attacked "[.:.MiniXrom.:.]BRAT_Mini_Kruta<25><STEAM_0:4:1187548933><TERRORIST>" with "m4a1" (damage "30") (damage_armor "0") (health "70") (armor "0")
L 03/17/2015 - 17:09:59: "[.:.MiniXrom.:.]Mini_Krut<31><STEAM_0:4:648496251><CT>" attacked "[.:.MiniXrom.:.]BRAT_Mini_Kruta<25><STEAM_0:4:1187548933><TERRORIST>" with "m4a1" (damage "30") (damage_armor "0") (health "40") (armor "0")
L 03/17/2015 - 17:09:59: "[.:.MiniXrom.:.]BRAT_Mini_Kruta<25><STEAM_0:4:1187548933><TERRORIST>" attacked "[.:.MiniXrom.:.]Mini_Krut<31><STEAM_0:4:648496251><CT>" with "ak47" (damage "34") (damage_armor "0") (health "34") (armor "0")
L 03/17/2015 - 17:09:59: "[.:.MiniXrom.:.]Mini_Krut<31><STEAM_0:4:648496251><CT>" attacked "[.:.MiniXrom.:.]BRAT_Mini_Kruta<25><STEAM_0:4:1187548933><TERRORIST>" with "m4a1" (damage "37") (damage_armor "0") (health "3") (armor "0")
L 03/17/2015 - 17:10:00: "[.:.MiniXrom.:.]Mini_Krut<31><STEAM_0:4:648496251><CT>" attacked "[.:.MiniXrom.:.]BRAT_Mini_Kruta<25><STEAM_0:4:1187548933><TERRORIST>" with "m4a1" (damage "30") (damage_armor "0") (health "-27") (armor "0")
L 03/17/2015 - 17:10:00: "[.:.MiniXrom.:.]Mini_Krut<31><STEAM_0:4:648496251><CT>" killed "[.:.MiniXrom.:.]BRAT_Mini_Kruta<25><STEAM_0:4:1187548933><TERRORIST>" with "m4a1"
L 03/17/2015 - 17:10:00: "[.:.MiniXrom.:.]Mini_Krut<31><STEAM_0:4:648496251><CT>" attacked "[.:.MiniXrom.:.]sanya<28><STEAM_0:4:409721526><TERRORIST>" with "m4a1" (damage "21") (damage_armor "0") (health "79") (armor "0")
L 03/17/2015 - 17:10:01: "[.:.MiniXrom.:.]sanya<28><STEAM_0:4:409721526><TERRORIST>" attacked "[.:.MiniXrom.:.]Mini_Krut<31><STEAM_0:4:648496251><CT>" with "awp" (damage "112") (damage_armor "0") (health "-78") (armor "0")
L 03/17/2015 - 17:10:01: "[.:.MiniXrom.:.]sanya<28><STEAM_0:4:409721526><TERRORIST>" killed "[.:.MiniXrom.:.]Mini_Krut<31><STEAM_0:4:648496251><CT>" with "awp"
L 03/17/2015 - 17:10:01: "skillet<32><STEAM_0:4:1726631301><TERRORIST>" attacked "[.:.MiniXrom.:.] Parasha_E_}I{_<33><STEAM_0:4:1447595781><CT>" with "m4a1" (damage "24") (damage_armor "0") (health "76") (armor "0")
L 03/17/2015 - 17:10:02: "skillet<32><STEAM_0:4:1726631301><TERRORIST>" attacked "[.:.MiniXrom.:.] Parasha_E_}I{_<33><STEAM_0:4:1447595781><CT>" with "m4a1" (damage "32") (damage_armor "0") (health "44") (armor "0")
L 03/17/2015 - 17:10:02: "[.:.MiniXrom.:.] Parasha_E_}I{_<33><STEAM_0:4:1447595781><CT>" attacked "skillet<32><STEAM_0:4:1726631301><TERRORIST>" with "m4a1" (damage "32") (damage_armor "0") (health "68") (armor "0")
L 03/17/2015 - 17:10:02: "[.:.MiniXrom.:.] Parasha_E_}I{_<33><STEAM_0:4:1447595781><CT>" attacked "skillet<32><STEAM_0:4:1726631301><TERRORIST>" with "m4a1" (damage "32") (damage_armor "0") (health "36") (armor "0")
L 03/17/2015 - 17:10:02: "skillet<32><STEAM_0:4:1726631301><TERRORIST>" attacked "[.:.MiniXrom.:.] Parasha_E_}I{_<33><STEAM_0:4:1447595781><CT>" with "m4a1" (damage "40") (damage_armor "0") (health "4") (armor "0")
L 03/17/2015 - 17:10:02: "[.:.MiniXrom.:.] Parasha_E_}I{_<33><STEAM_0:4:1447595781><CT>" attacked "skillet<32><STEAM_0:4:1726631301><TERRORIST>" with "m4a1" (damage "128") (damage_armor "0") (health "-92") (armor "0")
L 03/17/2015 - 17:10:02: "[.:.MiniXrom.:.] Parasha_E_}I{_<33><STEAM_0:4:1447595781><CT>" killed "skillet<32><STEAM_0:4:1726631301><TERRORIST>" with "m4a1"
L 03/17/2015 - 17:10:15: "[.:.MiniXrom.:.]sanya<28><STEAM_0:4:409721526><TERRORIST>" attacked "[.:.MiniXrom.:.] Parasha_E_}I{_<33><STEAM_0:4:1447595781><CT>" with "awp" (damage "84") (damage_armor "0") (health "-80") (armor "0")
L 03/17/2015 - 17:10:15: "[.:.MiniXrom.:.]sanya<28><STEAM_0:4:409721526><TERRORIST>" killed "[.:.MiniXrom.:.] Parasha_E_}I{_<33><STEAM_0:4:1447595781><CT>" with "awp"
L 03/17/2015 - 17:10:15: Team "TERRORIST" triggered "Terrorists_Win" (CT "18") (T "9")
L 03/17/2015 - 17:10:15: World triggered "Round_End"
L 03/17/2015 - 17:10:25: World triggered "Round_Start"
L 03/17/2015 - 17:10:29: "[.:.MiniXrom.:.]Mini_Krut<31><STEAM_0:4:648496251><CT>" attacked "[.:.MiniXrom.:.]BRAT_Mini_Kruta<25><STEAM_0:4:1187548933><TERRORIST>" with "m4a1" (damage "120") (damage_armor "0") (health "-20") (armor "0")
L 03/17/2015 - 17:10:29: "[.:.MiniXrom.:.]Mini_Krut<31><STEAM_0:4:648496251><CT>" killed "[.:.MiniXrom.:.]BRAT_Mini_Kruta<25><STEAM_0:4:1187548933><TERRORIST>" with "m4a1"
L 03/17/2015 - 17:10:30: "[.:.MiniXrom.:.]Mini_Krut<31><STEAM_0:4:648496251><CT>" attacked "skillet<32><STEAM_0:4:1726631301><TERRORIST>" with "m4a1" (damage "29") (damage_armor "0") (health "71") (armor "0")
L 03/17/2015 - 17:10:30: "skillet<32><STEAM_0:4:1726631301><TERRORIST>" attacked "[.:.MiniXrom.:.]Mini_Krut<31><STEAM_0:4:648496251><CT>" with "m4a1" (damage "21") (damage_armor "0") (health "79") (armor "0")
L 03/17/2015 - 17:10:31: "[.:.MiniXrom.:.]Mini_Krut<31><STEAM_0:4:648496251><CT>" attacked "skillet<32><STEAM_0:4:1726631301><TERRORIST>" with "m4a1" (damage "29") (damage_armor "0") (health "42") (armor "0")
L 03/17/2015 - 17:10:31: "[.:.MiniXrom.:.]Mini_Krut<31><STEAM_0:4:648496251><CT>" attacked "skillet<32><STEAM_0:4:1726631301><TERRORIST>" with "m4a1" (damage "21") (damage_armor "0") (health "21") (armor "0")
L 03/17/2015 - 17:10:31: "[.:.MiniXrom.:.]Mini_Krut<31><STEAM_0:4:648496251><CT>" attacked "skillet<32><STEAM_0:4:1726631301><TERRORIST>" with "m4a1" (damage "21") (damage_armor "0") (health "0") (armor "0")
L 03/17/2015 - 17:10:31: "[.:.MiniXrom.:.]Mini_Krut<31><STEAM_0:4:648496251><CT>" killed "skillet<32><STEAM_0:4:1726631301><TERRORIST>" with "m4a1"
L 03/17/2015 - 17:10:32: "[.:.MiniXrom.:.] Parasha_E_}I{_<33><STEAM_0:4:1447595781><CT>" attacked "[.:.MiniXrom.:.]sanya<28><STEAM_0:4:409721526><TERRORIST>" with "m4a1" (damage "116") (damage_armor "0") (health "-16") (armor "0")
L 03/17/2015 - 17:10:32: "[.:.MiniXrom.:.] Parasha_E_}I{_<33><STEAM_0:4:1447595781><CT>" killed "[.:.MiniXrom.:.]sanya<28><STEAM_0:4:409721526><TERRORIST>" with "m4a1"
L 03/17/2015 - 17:10:32: Team "CT" triggered "CTs_Win" (CT "19") (T "9")
L 03/17/2015 - 17:10:32: World triggered "Round_End"
L 03/17/2015 - 17:10:42: World triggered "Round_Start"
L 03/17/2015 - 17:10:44: "[.:.MiniXrom.:.]sanya<28><STEAM_0:4:409721526><TERRORIST>" attacked "[.:.MiniXrom.:.]Mini_Krut<31><STEAM_0:4:648496251><CT>" with "ak47" (damage "34") (damage_armor "0") (health "66") (armor "0")
L 03/17/2015 - 17:10:44: "[.:.MiniXrom.:.]Mini_Krut<31><STEAM_0:4:648496251><CT>" attacked "skillet<32><STEAM_0:4:1726631301><TERRORIST>" with "m4a1" (damage "27") (damage_armor "0") (health "73") (armor "0")
L 03/17/2015 - 17:10:44: "[.:.MiniXrom.:.]Mini_Krut<31><STEAM_0:4:648496251><CT>" attacked "skillet<32><STEAM_0:4:1726631301><TERRORIST>" with "m4a1" (damage "20") (damage_armor "0") (health "53") (armor "0")
L 03/17/2015 - 17:10:44: "skillet<32><STEAM_0:4:1726631301><TERRORIST>" attacked "[.:.MiniXrom.:.]Mini_Krut<31><STEAM_0:4:648496251><CT>" with "aug" (damage "20") (damage_armor "0") (health "46") (armor "0")
L 03/17/2015 - 17:10:45: "[.:.MiniXrom.:.]Mini_Krut<31><STEAM_0:4:648496251><CT>" attacked "skillet<32><STEAM_0:4:1726631301><TERRORIST>" with "m4a1" (damage "33") (damage_armor "0") (health "20") (armor "0")
L 03/17/2015 - 17:10:45: "[.:.MiniXrom.:.]Mini_Krut<31><STEAM_0:4:648496251><CT>" attacked "skillet<32><STEAM_0:4:1726631301><TERRORIST>" with "m4a1" (damage "27") (damage_armor "0") (health "-7") (armor "0")
L 03/17/2015 - 17:10:45: "[.:.MiniXrom.:.]Mini_Krut<31><STEAM_0:4:648496251><CT>" killed "skillet<32><STEAM_0:4:1726631301><TERRORIST>" with "m4a1"
L 03/17/2015 - 17:10:46: "[.:.MiniXrom.:.]Mini_Krut<31><STEAM_0:4:648496251><CT>" attacked "[.:.MiniXrom.:.]sanya<28><STEAM_0:4:409721526><TERRORIST>" with "m4a1" (damage "29") (damage_armor "0") (health "71") (armor "0")
L 03/17/2015 - 17:10:46: "[.:.MiniXrom.:.]Mini_Krut<31><STEAM_0:4:648496251><CT>" attacked "[.:.MiniXrom.:.]sanya<28><STEAM_0:4:409721526><TERRORIST>" with "m4a1" (damage "29") (damage_armor "0") (health "42") (armor "0")
L 03/17/2015 - 17:10:47: "[.:.MiniXrom.:.]Mini_Krut<31><STEAM_0:4:648496251><CT>" attacked "[.:.MiniXrom.:.]sanya<28><STEAM_0:4:409721526><TERRORIST>" with "m4a1" (damage "29") (damage_armor "0") (health "13") (armor "0")
L 03/17/2015 - 17:10:47: "[.:.MiniXrom.:.]Mini_Krut<31><STEAM_0:4:648496251><CT>" attacked "[.:.MiniXrom.:.]sanya<28><STEAM_0:4:409721526><TERRORIST>" with "m4a1" (damage "21") (damage_armor "0") (health "-8") (armor "0")
L 03/17/2015 - 17:10:47: "[.:.MiniXrom.:.]Mini_Krut<31><STEAM_0:4:648496251><CT>" killed "[.:.MiniXrom.:.]sanya<28><STEAM_0:4:409721526><TERRORIST>" with "m4a1"
L 03/17/2015 - 17:10:50: "[.:.MiniXrom.:.] Parasha_E_}I{_<33><STEAM_0:4:1447595781><CT>" attacked "[.:.MiniXrom.:.]BRAT_Mini_Kruta<25><STEAM_0:4:1187548933><TERRORIST>" with "m4a1" (damage "23") (damage_armor "0") (health "29") (armor "0")
L 03/17/2015 - 17:10:50: "[.:.MiniXrom.:.] Parasha_E_}I{_<33><STEAM_0:4:1447595781><CT>" attacked "[.:.MiniXrom.:.]BRAT_Mini_Kruta<25><STEAM_0:4:1187548933><TERRORIST>" with "m4a1" (damage "31") (damage_armor "0") (health "-2") (armor "0")
L 03/17/2015 - 17:10:50: "[.:.MiniXrom.:.] Parasha_E_}I{_<33><STEAM_0:4:1447595781><CT>" killed "[.:.MiniXrom.:.]BRAT_Mini_Kruta<25><STEAM_0:4:1187548933><TERRORIST>" with "m4a1"
L 03/17/2015 - 17:10:50: Team "CT" triggered "CTs_Win" (CT "20") (T "9")
L 03/17/2015 - 17:10:50: World triggered "Round_End"
L 03/17/2015 - 17:11:00: World triggered "Round_Start"
L 03/17/2015 - 17:11:02: "[.:.MiniXrom.:.]sanya<28><STEAM_0:4:409721526><TERRORIST>" attacked "[.:.MiniXrom.:.] Parasha_E_}I{_<33><STEAM_0:4:1447595781><CT>" with "ak47" (damage "42") (damage_armor "0") (health "58") (armor "0")
L 03/17/2015 - 17:11:03: "[.:.MiniXrom.:.]sanya<28><STEAM_0:4:409721526><TERRORIST>" attacked "[.:.MiniXrom.:.] Parasha_E_}I{_<33><STEAM_0:4:1447595781><CT>" with "ak47" (damage "25") (damage_armor "0") (health "33") (armor "0")
L 03/17/2015 - 17:11:03: "[.:.MiniXrom.:.] Parasha_E_}I{_<33><STEAM_0:4:1447595781><CT>" attacked "[.:.MiniXrom.:.]sanya<28><STEAM_0:4:409721526><TERRORIST>" with "m4a1" (damage "14") (damage_armor "0") (health "86") (armor "0")
L 03/17/2015 - 17:11:03: "[.:.MiniXrom.:.] Parasha_E_}I{_<33><STEAM_0:4:1447595781><CT>" attacked "[.:.MiniXrom.:.]sanya<28><STEAM_0:4:409721526><TERRORIST>" with "m4a1" (damage "14") (damage_armor "0") (health "72") (armor "0")
L 03/17/2015 - 17:11:05: "[.:.MiniXrom.:.]BRAT_Mini_Kruta<25><STEAM_0:4:1187548933><TERRORIST>" attacked "[.:.MiniXrom.:.]Mini_Krut<31><STEAM_0:4:648496251><CT>" with "aug" (damage "21") (damage_armor "0") (health "79") (armor "0")
L 03/17/2015 - 17:11:05: "[.:.MiniXrom.:.]BRAT_Mini_Kruta<25><STEAM_0:4:1187548933><TERRORIST>" attacked "[.:.MiniXrom.:.]Mini_Krut<31><STEAM_0:4:648496251><CT>" with "aug" (damage "21") (damage_armor "0") (health "58") (armor "0")
L 03/17/2015 - 17:11:05: "[.:.MiniXrom.:.]BRAT_Mini_Kruta<25><STEAM_0:4:1187548933><TERRORIST>" attacked "[.:.MiniXrom.:.]Mini_Krut<31><STEAM_0:4:648496251><CT>" with "aug" (damage "21") (damage_armor "0") (health "37") (armor "0")
L 03/17/2015 - 17:11:05: "[.:.MiniXrom.:.] Parasha_E_}I{_<33><STEAM_0:4:1447595781><CT>" attacked "[.:.MiniXrom.:.]sanya<28><STEAM_0:4:409721526><TERRORIST>" with "m4a1" (damage "56") (damage_armor "0") (health "16") (armor "0")
L 03/17/2015 - 17:11:06: "[.:.MiniXrom.:.]Mini_Krut<31><STEAM_0:4:648496251><CT>" attacked "[.:.MiniXrom.:.]BRAT_Mini_Kruta<25><STEAM_0:4:1187548933><TERRORIST>" with "m4a1" (damage "29") (damage_armor "0") (health "56") (armor "0")
L 03/17/2015 - 17:11:06: "[.:.MiniXrom.:.]BRAT_Mini_Kruta<25><STEAM_0:4:1187548933><TERRORIST>" attacked "[.:.MiniXrom.:.]Mini_Krut<31><STEAM_0:4:648496251><CT>" with "aug" (damage "21") (damage_armor "0") (health "16") (armor "0")
L 03/17/2015 - 17:11:06: "[.:.MiniXrom.:.]Mini_Krut<31><STEAM_0:4:648496251><CT>" attacked "[.:.MiniXrom.:.]BRAT_Mini_Kruta<25><STEAM_0:4:1187548933><TERRORIST>" with "m4a1" (damage "36") (damage_armor "0") (health "20") (armor "0")
L 03/17/2015 - 17:11:06: "[.:.MiniXrom.:.]Mini_Krut<31><STEAM_0:4:648496251><CT>" attacked "[.:.MiniXrom.:.]BRAT_Mini_Kruta<25><STEAM_0:4:1187548933><TERRORIST>" with "m4a1" (damage "36") (damage_armor "0") (health "-16") (armor "0")
L 03/17/2015 - 17:11:06: "[.:.MiniXrom.:.]Mini_Krut<31><STEAM_0:4:648496251><CT>" killed "[.:.MiniXrom.:.]BRAT_Mini_Kruta<25><STEAM_0:4:1187548933><TERRORIST>" with "m4a1"
L 03/17/2015 - 17:11:07: "skillet<32><STEAM_0:4:1726631301><TERRORIST>" attacked "[.:.MiniXrom.:.]Mini_Krut<31><STEAM_0:4:648496251><CT>" with "m4a1" (damage "23") (damage_armor "0") (health "-7") (armor "0")
L 03/17/2015 - 17:11:07: "skillet<32><STEAM_0:4:1726631301><TERRORIST>" killed "[.:.MiniXrom.:.]Mini_Krut<31><STEAM_0:4:648496251><CT>" with "m4a1"
L 03/17/2015 - 17:11:08: "[.:.MiniXrom.:.] Parasha_E_}I{_<33><STEAM_0:4:1447595781><CT>" attacked "[.:.MiniXrom.:.]sanya<28><STEAM_0:4:409721526><TERRORIST>" with "m4a1" (damage "116") (damage_armor "0") (health "-100") (armor "0")
L 03/17/2015 - 17:11:08: "[.:.MiniXrom.:.] Parasha_E_}I{_<33><STEAM_0:4:1447595781><CT>" killed "[.:.MiniXrom.:.]sanya<28><STEAM_0:4:409721526><TERRORIST>" with "m4a1"
L 03/17/2015 - 17:11:18: "skillet<32><STEAM_0:4:1726631301><TERRORIST>" attacked "[.:.MiniXrom.:.] Parasha_E_}I{_<33><STEAM_0:4:1447595781><CT>" with "m4a1" (damage "23") (damage_armor "0") (health "10") (armor "0")
L 03/17/2015 - 17:11:18: "[.:.MiniXrom.:.] Parasha_E_}I{_<33><STEAM_0:4:1447595781><CT>" attacked "skillet<32><STEAM_0:4:1726631301><TERRORIST>" with "m4a1" (damage "31") (damage_armor "0") (health "69") (armor "0")
L 03/17/2015 - 17:11:18: "[.:.MiniXrom.:.] Parasha_E_}I{_<33><STEAM_0:4:1447595781><CT>" attacked "skillet<32><STEAM_0:4:1726631301><TERRORIST>" with "m4a1" (damage "31") (damage_armor "0") (health "38") (armor "0")
L 03/17/2015 - 17:11:18: "skillet<32><STEAM_0:4:1726631301><TERRORIST>" attacked "[.:.MiniXrom.:.] Parasha_E_}I{_<33><STEAM_0:4:1447595781><CT>" with "m4a1" (damage "38") (damage_armor "0") (health "-28") (armor "0")
L 03/17/2015 - 17:11:18: "skillet<32><STEAM_0:4:1726631301><TERRORIST>" killed "[.:.MiniXrom.:.] Parasha_E_}I{_<33><STEAM_0:4:1447595781><CT>" with "m4a1"
L 03/17/2015 - 17:11:18: Team "TERRORIST" triggered "Terrorists_Win" (CT "20") (T "10")
L 03/17/2015 - 17:11:18: World trigge