L 03/16/2015 - 01:02:48: Log file started (file "logs/L0316000.log") (game "cstrike") (version "48/1.6.3.7/Stdio/5787")
L 03/16/2015 - 01:02:48: Loading map "de_dust2_3x3"
L 03/16/2015 - 01:02:48: Server cvars start
L 03/16/2015 - 01:02:48: Server cvar "_tutor_bomb_viewable_check_interval" = "0.5"
L 03/16/2015 - 01:02:48: Server cvar "_tutor_debug_level" = "0"
L 03/16/2015 - 01:02:48: Server cvar "_tutor_examine_time" = "0.5"
L 03/16/2015 - 01:02:48: Server cvar "_tutor_hint_interval_time" = "10.0"
L 03/16/2015 - 01:02:48: Server cvar "_tutor_look_angle" = "10"
L 03/16/2015 - 01:02:48: Server cvar "_tutor_look_distance" = "200"
L 03/16/2015 - 01:02:48: Server cvar "_tutor_message_character_display_time_coefficient" = "0.07"
L 03/16/2015 - 01:02:48: Server cvar "_tutor_message_minimum_display_time" = "1"
L 03/16/2015 - 01:02:48: Server cvar "_tutor_message_repeats" = "5"
L 03/16/2015 - 01:02:48: Server cvar "_tutor_view_distance" = "1000"
L 03/16/2015 - 01:02:48: Server cvar "aesp_version" = "1.5b_mini"
L 03/16/2015 - 01:02:48: Server cvar "allow_spectators" = "4"
L 03/16/2015 - 01:02:48: Server cvar "amx_client_languages" = "0"
L 03/16/2015 - 01:02:48: Server cvar "amx_contactinfo" = "ICQ: 691322983"
L 03/16/2015 - 01:02:48: Server cvar "amx_language" = "ru"
L 03/16/2015 - 01:02:48: Server cvar "amx_nextmap" = "de_dust2_3x3"
L 03/16/2015 - 01:02:48: Server cvar "amx_timeleft" = "00:00"
L 03/16/2015 - 01:02:48: Server cvar "amxbans_ssversion" = "Gm 1.6"
L 03/16/2015 - 01:02:48: Server cvar "amxbans_version" = "Gm 1.6"
L 03/16/2015 - 01:02:48: Server cvar "amxmodx_version" = "1.8.1.3746"
L 03/16/2015 - 01:02:48: Server cvar "Colored Translit Cheat" = "Loaded"
L 03/16/2015 - 01:02:48: Server cvar "Colored Translit Config" = "Loaded"
L 03/16/2015 - 01:02:48: Server cvar "Colored Translit Ignores" = "Loaded"
L 03/16/2015 - 01:02:48: Server cvar "Colored Translit Replace" = "Failed"
L 03/16/2015 - 01:02:48: Server cvar "Colored Translit Spam" = "Loaded"
L 03/16/2015 - 01:02:48: Server cvar "Colored Translit Status" = "Loaded"
L 03/16/2015 - 01:02:48: Server cvar "Colored Translit Swear" = "Loaded"
L 03/16/2015 - 01:02:48: Server cvar "Colored Translit Version" = "2.0b Final"
L 03/16/2015 - 01:02:48: Server cvar "coop" = "0"
L 03/16/2015 - 01:02:48: Server cvar "deathmatch" = "1"
L 03/16/2015 - 01:02:48: Server cvar "decalfrequency" = "9"
L 03/16/2015 - 01:02:48: Server cvar "dp_version" = "0.9.391"
L 03/16/2015 - 01:02:48: Server cvar "edgefriction" = "2"
L 03/16/2015 - 01:02:48: Server cvar "hostage_debug" = "0"
L 03/16/2015 - 01:02:48: Server cvar "hostage_stop" = "0"
L 03/16/2015 - 01:02:48: Server cvar "humans_join_team" = "any"
L 03/16/2015 - 01:02:48: Server cvar "jtp10181" = "chute"
L 03/16/2015 - 01:02:48: Server cvar "max_queries_sec" = "3.0"
L 03/16/2015 - 01:02:48: Server cvar "max_queries_sec_global" = "30"
L 03/16/2015 - 01:02:48: Server cvar "max_queries_window" = "60"
L 03/16/2015 - 01:02:48: Server cvar "metamod_version" = "1.19"
L 03/16/2015 - 01:02:48: Server cvar "mp_allowmonsters" = "0"
L 03/16/2015 - 01:02:48: Server cvar "mp_autokick" = "1"
L 03/16/2015 - 01:02:48: Server cvar "mp_autoteambalance" = "1"
L 03/16/2015 - 01:02:48: Server cvar "mp_buytime" = "1.5"
L 03/16/2015 - 01:02:48: Server cvar "mp_c4timer" = "35"
L 03/16/2015 - 01:02:48: Server cvar "mp_chattime" = "0"
L 03/16/2015 - 01:02:48: Server cvar "mp_consistency" = "1"
L 03/16/2015 - 01:02:48: Server cvar "mp_fadetoblack" = "0"
L 03/16/2015 - 01:02:48: Server cvar "mp_flashlight" = "1"
L 03/16/2015 - 01:02:48: Server cvar "mp_footsteps" = "1"
L 03/16/2015 - 01:02:48: Server cvar "mp_forcecamera" = "0"
L 03/16/2015 - 01:02:48: Server cvar "mp_forcechasecam" = "0"
L 03/16/2015 - 01:02:48: Server cvar "mp_fragsleft" = "0"
L 03/16/2015 - 01:02:48: Server cvar "mp_freezetime" = "5"
L 03/16/2015 - 01:02:48: Server cvar "mp_friendlyfire" = "0"
L 03/16/2015 - 01:02:48: Server cvar "mp_ghostfrequency" = "0.1"
L 03/16/2015 - 01:02:48: Server cvar "mp_hostagepenalty" = "0"
L 03/16/2015 - 01:02:48: Server cvar "mp_kickpercent" = "0.66"
L 03/16/2015 - 01:02:48: Server cvar "mp_limitteams" = "5"
L 03/16/2015 - 01:02:48: Server cvar "mp_logdetail" = "3"
L 03/16/2015 - 01:02:48: Server cvar "mp_logfile" = "1"
L 03/16/2015 - 01:02:48: Server cvar "mp_logmessages" = "1"
L 03/16/2015 - 01:02:48: Server cvar "mp_mapvoteratio" = "0.66"
L 03/16/2015 - 01:02:48: Server cvar "mp_maxrounds" = "0"
L 03/16/2015 - 01:02:48: Server cvar "mp_mirrordamage" = "0"
L 03/16/2015 - 01:02:48: Server cvar "mp_playerid" = "0"
L 03/16/2015 - 01:02:48: Server cvar "mp_roundtime" = "2.57"
L 03/16/2015 - 01:02:48: Server cvar "mp_startmoney" = "800"
L 03/16/2015 - 01:02:48: Server cvar "mp_timeleft" = "0"
L 03/16/2015 - 01:02:48: Server cvar "mp_timelimit" = "45"
L 03/16/2015 - 01:02:48: Server cvar "mp_tkpunish" = "1"
L 03/16/2015 - 01:02:48: Server cvar "mp_windifference" = "1"
L 03/16/2015 - 01:02:48: Server cvar "mp_winlimit" = "0"
L 03/16/2015 - 01:02:48: Server cvar "pausable" = "0"
L 03/16/2015 - 01:02:48: Server cvar "sv_accelerate" = "5"
L 03/16/2015 - 01:02:48: Server cvar "sv_aim" = "off"
L 03/16/2015 - 01:02:48: Server cvar "sv_airaccelerate" = "10"
L 03/16/2015 - 01:02:48: Server cvar "sv_airmove" = "1"
L 03/16/2015 - 01:02:48: Server cvar "sv_allowupload" = "1"
L 03/16/2015 - 01:02:48: Server cvar "sv_alltalk" = "0"
L 03/16/2015 - 01:02:48: Server cvar "sv_bounce" = "1"
L 03/16/2015 - 01:02:48: Server cvar "sv_cheats" = "off"
L 03/16/2015 - 01:02:48: Server cvar "sv_clienttrace" = "1"
L 03/16/2015 - 01:02:48: Server cvar "sv_clipmode" = "0"
L 03/16/2015 - 01:02:48: Server cvar "sv_contact" = ""
L 03/16/2015 - 01:02:48: Server cvar "sv_friction" = "4"
L 03/16/2015 - 01:02:48: Server cvar "sv_gravity" = "800"
L 03/16/2015 - 01:02:48: Server cvar "sv_logblocks" = "0"
L 03/16/2015 - 01:02:48: Server cvar "sv_maxrate" = "50000"
L 03/16/2015 - 01:02:48: Server cvar "sv_maxspeed" = "900"
L 03/16/2015 - 01:02:48: Server cvar "sv_minrate" = "100000"
L 03/16/2015 - 01:02:48: Server cvar "sv_password" = ""
L 03/16/2015 - 01:02:48: Server cvar "sv_proxies" = "0"
L 03/16/2015 - 01:02:48: Server cvar "sv_region" = "255"
L 03/16/2015 - 01:02:48: Server cvar "sv_restart" = "0"
L 03/16/2015 - 01:02:48: Server cvar "sv_restartround" = "0"
L 03/16/2015 - 01:02:48: Server cvar "sv_stepsize" = "18"
L 03/16/2015 - 01:02:48: Server cvar "sv_stopspeed" = "75"
L 03/16/2015 - 01:02:48: Server cvar "sv_uploadmax" = "0.5"
L 03/16/2015 - 01:02:48: Server cvar "sv_voiceenable" = "1"
L 03/16/2015 - 01:02:48: Server cvar "sv_wateraccelerate" = "10"
L 03/16/2015 - 01:02:48: Server cvar "sv_waterfriction" = "1"
L 03/16/2015 - 01:02:48: Server cvar "vtc_version" = "80"
L 03/16/2015 - 01:02:48: Server cvars end
L 03/16/2015 - 01:02:48: Server cvar "amx_nextmap" = "de_inferno_2x2"
L 03/16/2015 - 01:02:48: Started map "de_dust2_3x3" (CRC "1202583262")
L 03/16/2015 - 01:02:48: [VTC] Player 4 speex
L 03/16/2015 - 01:02:48: [VTC] Player 1 speex
L 03/16/2015 - 01:02:49: [VTC] Player 3 speex
L 03/16/2015 - 01:02:49: [VTC] Player 2 speex
L 03/16/2015 - 01:02:52: "Dimanski<9><STEAM_0:4:1891556210><>" entered the game
L 03/16/2015 - 01:02:53: "Dimanski<9><STEAM_0:4:1891556210><>" joined team "TERRORIST"
L 03/16/2015 - 01:02:53: "[Hard_Skill]_Novi4ek<8><STEAM_0:4:1378021888><>" entered the game
L 03/16/2015 - 01:02:53: [DPROTO]: Client 0 - Set AuthIdType 3 [dp_RevEmu]; pClient = 0xb39bbf08
L 03/16/2015 - 01:02:53: "KKK<12><STEAM_0:4:313000938><>" connected, address "109.229.12.140:27005"
L 03/16/2015 - 01:02:53: "Dimanski<9><STEAM_0:4:1891556210><TERRORIST>" triggered "Spawned_With_The_Bomb"
L 03/16/2015 - 01:02:54: [VTC] Player 1 speex
L 03/16/2015 - 01:02:54: World triggered "Round_Start"
L 03/16/2015 - 01:02:57: [DPROTO]: Client 1 - Set AuthIdType 3 [dp_RevEmu]; pClient = 0xb39c0dfc
L 03/16/2015 - 01:02:57: "KKK3<13><STEAM_0:4:313000938><>" connected, address "109.229.12.140:1024"
L 03/16/2015 - 01:02:57: "KKK<12><STEAM_0:4:313000938><>" entered the game
L 03/16/2015 - 01:02:57: [VTC] Player 2 speex
L 03/16/2015 - 01:03:00: "KKK3<13><STEAM_0:4:313000938><>" entered the game
L 03/16/2015 - 01:03:00: "[Hard_Skill]_Novi4ek<8><STEAM_0:4:1378021888><>" joined team "TERRORIST"
L 03/16/2015 - 01:03:02: "KKK<12><STEAM_0:4:313000938><UNASSIGNED>" triggered "time" (time "0:04")
L 03/16/2015 - 01:03:02: "KKK<12><STEAM_0:4:313000938><UNASSIGNED>" triggered "latency" (ping "0")
L 03/16/2015 - 01:03:02: "KKK<12><STEAM_0:4:313000938><>" disconnected
L 03/16/2015 - 01:03:04: "KKK3<13><STEAM_0:4:313000938><UNASSIGNED>" triggered "time" (time "0:04")
L 03/16/2015 - 01:03:04: "KKK3<13><STEAM_0:4:313000938><UNASSIGNED>" triggered "latency" (ping "0")
L 03/16/2015 - 01:03:04: "KKK3<13><STEAM_0:4:313000938><>" disconnected
L 03/16/2015 - 01:03:13: "Dimanski<9><STEAM_0:4:1891556210><TERRORIST>" committed suicide with "world"
L 03/16/2015 - 01:03:13: "Dimanski<9><STEAM_0:4:1891556210><TERRORIST>" triggered "Dropped_The_Bomb"
L 03/16/2015 - 01:03:13: "Dimanski<9><STEAM_0:4:1891556210><TERRORIST>" joined team "CT"
L 03/16/2015 - 01:03:13: World triggered "Game_Commencing"
L 03/16/2015 - 01:03:13: World triggered "Game_Commencing" (CT "0") (T "0")
L 03/16/2015 - 01:03:13: World triggered "Round_End"
L 03/16/2015 - 01:03:16: "[Hard_Skill]_Novi4ek<8><STEAM_0:4:1378021888><TERRORIST>" triggered "Spawned_With_The_Bomb"
L 03/16/2015 - 01:03:21: World triggered "Round_Start"
L 03/16/2015 - 01:03:28: "Dimanski<9><STEAM_0:4:1891556210><CT>" attacked "[Hard_Skill]_Novi4ek<8><STEAM_0:4:1378021888><TERRORIST>" with "usp" (damage "11") (damage_armor "6") (health "89") (armor "94")
L 03/16/2015 - 01:03:29: "[Hard_Skill]_Novi4ek<8><STEAM_0:4:1378021888><TERRORIST>" attacked "Dimanski<9><STEAM_0:4:1891556210><CT>" with "deagle" (damage "45") (damage_armor "0") (health "55") (armor "0")
L 03/16/2015 - 01:03:29: "[Hard_Skill]_Novi4ek<8><STEAM_0:4:1378021888><TERRORIST>" attacked "Dimanski<9><STEAM_0:4:1891556210><CT>" with "deagle" (damage "36") (damage_armor "0") (health "19") (armor "0")
L 03/16/2015 - 01:03:29: "[Hard_Skill]_Novi4ek<8><STEAM_0:4:1378021888><TERRORIST>" attacked "Dimanski<9><STEAM_0:4:1891556210><CT>" with "deagle" (damage "27") (damage_armor "0") (health "-8") (armor "0")
L 03/16/2015 - 01:03:29: "[Hard_Skill]_Novi4ek<8><STEAM_0:4:1378021888><TERRORIST>" killed "Dimanski<9><STEAM_0:4:1891556210><CT>" with "deagle"
L 03/16/2015 - 01:03:29: Team "TERRORIST" triggered "Terrorists_Win" (CT "0") (T "1")
L 03/16/2015 - 01:03:29: World triggered "Round_End"
L 03/16/2015 - 01:03:34: "[Hard_Skill]_Novi4ek<8><STEAM_0:4:1378021888><TERRORIST>" triggered "Spawned_With_The_Bomb"
L 03/16/2015 - 01:03:39: "[Hard_Skill]_Novi4ek<8><STEAM_0:4:1378021888><TERRORIST>" triggered "weaponstats" (weapon "deagle") (shots "5") (hits "3") (kills "1") (headshots "0") (tks "0") (damage "108") (deaths "0")
L 03/16/2015 - 01:03:39: "[Hard_Skill]_Novi4ek<8><STEAM_0:4:1378021888><TERRORIST>" triggered "weaponstats2" (weapon "deagle") (head "0") (chest "0") (stomach "1") (leftarm "1") (rightarm "0") (leftleg "0") (rightleg "1")
L 03/16/2015 - 01:03:39: "[Hard_Skill]_Novi4ek<8><STEAM_0:4:1378021888><TERRORIST>" triggered "time" (time "0:45")
L 03/16/2015 - 01:03:39: "[Hard_Skill]_Novi4ek<8><STEAM_0:4:1378021888><TERRORIST>" triggered "latency" (ping "61")
L 03/16/2015 - 01:03:39: "Dimanski<9><STEAM_0:4:1891556210><CT>" triggered "weaponstats" (weapon "usp") (shots "5") (hits "1") (kills "0") (headshots "0") (tks "0") (damage "11") (deaths "1")
L 03/16/2015 - 01:03:39: "Dimanski<9><STEAM_0:4:1891556210><CT>" triggered "weaponstats2" (weapon "usp") (head "0") (chest "0") (stomach "0") (leftarm "1") (rightarm "0") (leftleg "0") (rightleg "0")
L 03/16/2015 - 01:03:39: "Dimanski<9><STEAM_0:4:1891556210><CT>" triggered "weaponstats" (weapon "glock18") (shots "11") (hits "0") (kills "0") (headshots "0") (tks "0") (damage "0") (deaths "0")
L 03/16/2015 - 01:03:39: "Dimanski<9><STEAM_0:4:1891556210><CT>" triggered "weaponstats2" (weapon "glock18") (head "0") (chest "0") (stomach "0") (leftarm "0") (rightarm "0") (leftleg "0") (rightleg "0")
L 03/16/2015 - 01:03:39: "Dimanski<9><STEAM_0:4:1891556210><CT>" triggered "time" (time "0:47")
L 03/16/2015 - 01:03:39: "Dimanski<9><STEAM_0:4:1891556210><CT>" triggered "latency" (ping "0")
L 03/16/2015 - 01:03:39: [META] ini: Begin re-reading plugins list: /home/extazy/Public/cstrike/addons/metamod/plugins.ini
L 03/16/2015 - 01:03:39: [META] ini: Read plugin config for: AMX Mod X
L 03/16/2015 - 01:03:39: [META] ini: Read plugin config for: dproto_EF
L 03/16/2015 - 01:03:39: [META] ini: Read plugin config for: VoiceTranscoder
L 03/16/2015 - 01:03:39: [META] ini: Finished reading plugins list: /home/extazy/Public/cstrike/addons/metamod/plugins.ini; Found 3 plugins
L 03/16/2015 - 01:03:39: [META] dll: Updating plugins...
L 03/16/2015 - 01:03:39: [META] dll: Finished updating 12 plugins; kept 3, loaded 0, unloaded 0, reloaded 0, delayed 0
L 03/16/2015 - 01:03:39: "[Hard_Skill]_Novi4ek<8><STEAM_0:4:1378021888><TERRORIST>" triggered "Dropped_The_Bomb"
L 03/16/2015 - 01:03:39: "[Hard_Skill]_Novi4ek<8><STEAM_0:4:1378021888><TERRORIST>" disconnected
L 03/16/2015 - 01:03:39: "Dimanski<9><STEAM_0:4:1891556210><CT>" disconnected
L 03/16/2015 - 01:03:39: World triggered "Round_Draw" (CT "0") (T "1")
L 03/16/2015 - 01:03:39: World triggered "Round_End"
L 03/16/2015 - 01:03:39: Log file closed
