L 03/12/2015 - 12:29:34: Log file started (file "logs/L0312021.log") (game "cstrike") (version "48/1.6.3.7/Stdio/5787")
L 03/12/2015 - 12:29:34: Loading map "$2000$"
L 03/12/2015 - 12:29:34: Server cvars start
L 03/12/2015 - 12:29:34: Server cvar "_tutor_bomb_viewable_check_interval" = "0.5"
L 03/12/2015 - 12:29:34: Server cvar "_tutor_debug_level" = "0"
L 03/12/2015 - 12:29:34: Server cvar "_tutor_examine_time" = "0.5"
L 03/12/2015 - 12:29:34: Server cvar "_tutor_hint_interval_time" = "10.0"
L 03/12/2015 - 12:29:34: Server cvar "_tutor_look_angle" = "10"
L 03/12/2015 - 12:29:34: Server cvar "_tutor_look_distance" = "200"
L 03/12/2015 - 12:29:34: Server cvar "_tutor_message_character_display_time_coefficient" = "0.07"
L 03/12/2015 - 12:29:34: Server cvar "_tutor_message_minimum_display_time" = "1"
L 03/12/2015 - 12:29:34: Server cvar "_tutor_message_repeats" = "5"
L 03/12/2015 - 12:29:34: Server cvar "_tutor_view_distance" = "1000"
L 03/12/2015 - 12:29:34: Server cvar "aesp_version" = "1.5b_mini"
L 03/12/2015 - 12:29:34: Server cvar "allow_spectators" = "2"
L 03/12/2015 - 12:29:34: Server cvar "amx_client_languages" = "0"
L 03/12/2015 - 12:29:34: Server cvar "amx_contactinfo" = "ICQ: 691322983"
L 03/12/2015 - 12:29:34: Server cvar "amx_language" = "ru"
L 03/12/2015 - 12:29:34: Server cvar "amx_nextmap" = "fy_pool_day"
L 03/12/2015 - 12:29:34: Server cvar "amx_timeleft" = "24:49"
L 03/12/2015 - 12:29:34: Server cvar "amxbans_ssversion" = "Gm 1.6"
L 03/12/2015 - 12:29:34: Server cvar "amxbans_version" = "Gm 1.6"
L 03/12/2015 - 12:29:34: Server cvar "amxmodx_version" = "1.8.1.3746"
L 03/12/2015 - 12:29:34: Server cvar "Colored Translit Cheat" = "Loaded"
L 03/12/2015 - 12:29:34: Server cvar "Colored Translit Config" = "Loaded"
L 03/12/2015 - 12:29:34: Server cvar "Colored Translit Ignores" = "Loaded"
L 03/12/2015 - 12:29:34: Server cvar "Colored Translit Replace" = "Loaded"
L 03/12/2015 - 12:29:34: Server cvar "Colored Translit Spam" = "Loaded"
L 03/12/2015 - 12:29:34: Server cvar "Colored Translit Status" = "Loaded"
L 03/12/2015 - 12:29:34: Server cvar "Colored Translit Swear" = "Loaded"
L 03/12/2015 - 12:29:34: Server cvar "Colored Translit Version" = "2.0b Final"
L 03/12/2015 - 12:29:34: Server cvar "coop" = "0"
L 03/12/2015 - 12:29:34: Server cvar "deathmatch" = "1"
L 03/12/2015 - 12:29:34: Server cvar "decalfrequency" = "9"
L 03/12/2015 - 12:29:34: Server cvar "dp_version" = "0.9.391"
L 03/12/2015 - 12:29:34: Server cvar "edgefriction" = "2"
L 03/12/2015 - 12:29:34: Server cvar "hostage_debug" = "0"
L 03/12/2015 - 12:29:34: Server cvar "hostage_stop" = "0"
L 03/12/2015 - 12:29:34: Server cvar "humans_join_team" = "any"
L 03/12/2015 - 12:29:34: Server cvar "jtp10181" = "chute"
L 03/12/2015 - 12:29:34: Server cvar "max_queries_sec" = "3.0"
L 03/12/2015 - 12:29:34: Server cvar "max_queries_sec_global" = "30"
L 03/12/2015 - 12:29:34: Server cvar "max_queries_window" = "60"
L 03/12/2015 - 12:29:34: Server cvar "metamod_version" = "1.19p32"
L 03/12/2015 - 12:29:34: Server cvar "mp_allowmonsters" = "0"
L 03/12/2015 - 12:29:34: Server cvar "mp_autokick" = "1"
L 03/12/2015 - 12:29:34: Server cvar "mp_autoteambalance" = "1"
L 03/12/2015 - 12:29:34: Server cvar "mp_buytime" = "1.5"
L 03/12/2015 - 12:29:34: Server cvar "mp_c4timer" = "35"
L 03/12/2015 - 12:29:34: Server cvar "mp_chattime" = "0"
L 03/12/2015 - 12:29:34: Server cvar "mp_consistency" = "1"
L 03/12/2015 - 12:29:34: Server cvar "mp_fadetoblack" = "0"
L 03/12/2015 - 12:29:34: Server cvar "mp_flashlight" = "1"
L 03/12/2015 - 12:29:34: Server cvar "mp_footsteps" = "1"
L 03/12/2015 - 12:29:34: Server cvar "mp_forcecamera" = "0"
L 03/12/2015 - 12:29:34: Server cvar "mp_forcechasecam" = "0"
L 03/12/2015 - 12:29:34: Server cvar "mp_fragsleft" = "0"
L 03/12/2015 - 12:29:34: Server cvar "mp_freezetime" = "5"
L 03/12/2015 - 12:29:34: Server cvar "mp_friendlyfire" = "0"
L 03/12/2015 - 12:29:34: Server cvar "mp_ghostfrequency" = "0.1"
L 03/12/2015 - 12:29:34: Server cvar "mp_hostagepenalty" = "2"
L 03/12/2015 - 12:29:34: Server cvar "mp_kickpercent" = "0.66"
L 03/12/2015 - 12:29:34: Server cvar "mp_limitteams" = "2"
L 03/12/2015 - 12:29:34: Server cvar "mp_logdetail" = "3"
L 03/12/2015 - 12:29:34: Server cvar "mp_logfile" = "1"
L 03/12/2015 - 12:29:34: Server cvar "mp_logmessages" = "1"
L 03/12/2015 - 12:29:34: Server cvar "mp_mapvoteratio" = "0.66"
L 03/12/2015 - 12:29:34: Server cvar "mp_maxrounds" = "0"
L 03/12/2015 - 12:29:34: Server cvar "mp_mirrordamage" = "0"
L 03/12/2015 - 12:29:34: Server cvar "mp_playerid" = "0"
L 03/12/2015 - 12:29:34: Server cvar "mp_roundtime" = "2.57"
L 03/12/2015 - 12:29:34: Server cvar "mp_startmoney" = "800"
L 03/12/2015 - 12:29:34: Server cvar "mp_timeleft" = "0"
L 03/12/2015 - 12:29:34: Server cvar "mp_timelimit" = "30"
L 03/12/2015 - 12:29:34: Server cvar "mp_tkpunish" = "1"
L 03/12/2015 - 12:29:34: Server cvar "mp_windifference" = "1"
L 03/12/2015 - 12:29:34: Server cvar "mp_winlimit" = "0"
L 03/12/2015 - 12:29:34: Server cvar "pausable" = "0"
L 03/12/2015 - 12:29:34: Server cvar "sv_accelerate" = "5"
L 03/12/2015 - 12:29:34: Server cvar "sv_aim" = "off"
L 03/12/2015 - 12:29:34: Server cvar "sv_airaccelerate" = "10"
L 03/12/2015 - 12:29:34: Server cvar "sv_airmove" = "1"
L 03/12/2015 - 12:29:34: Server cvar "sv_allowupload" = "1"
L 03/12/2015 - 12:29:34: Server cvar "sv_alltalk" = "1"
L 03/12/2015 - 12:29:34: Server cvar "sv_bounce" = "1"
L 03/12/2015 - 12:29:34: Server cvar "sv_cheats" = "off"
L 03/12/2015 - 12:29:34: Server cvar "sv_clienttrace" = "1"
L 03/12/2015 - 12:29:34: Server cvar "sv_clipmode" = "0"
L 03/12/2015 - 12:29:34: Server cvar "sv_contact" = ""
L 03/12/2015 - 12:29:34: Server cvar "sv_friction" = "4"
L 03/12/2015 - 12:29:34: Server cvar "sv_gravity" = "800"
L 03/12/2015 - 12:29:34: Server cvar "sv_logblocks" = "0"
L 03/12/2015 - 12:29:34: Server cvar "sv_maxrate" = "50000"
L 03/12/2015 - 12:29:34: Server cvar "sv_maxspeed" = "900"
L 03/12/2015 - 12:29:34: Server cvar "sv_minrate" = "100000"
L 03/12/2015 - 12:29:34: Server cvar "sv_password" = ""
L 03/12/2015 - 12:29:34: Server cvar "sv_proxies" = "0"
L 03/12/2015 - 12:29:34: Server cvar "sv_region" = "3"
L 03/12/2015 - 12:29:34: Server cvar "sv_restart" = "0"
L 03/12/2015 - 12:29:34: Server cvar "sv_restartround" = "0"
L 03/12/2015 - 12:29:34: Server cvar "sv_stepsize" = "18"
L 03/12/2015 - 12:29:34: Server cvar "sv_stopspeed" = "75"
L 03/12/2015 - 12:29:34: Server cvar "sv_uploadmax" = "0.5"
L 03/12/2015 - 12:29:34: Server cvar "sv_voiceenable" = "1"
L 03/12/2015 - 12:29:34: Server cvar "sv_wateraccelerate" = "10"
L 03/12/2015 - 12:29:34: Server cvar "sv_waterfriction" = "1"
L 03/12/2015 - 12:29:34: Server cvar "ultimate_sounds" = "1.7"
L 03/12/2015 - 12:29:34: Server cvar "vtc_version" = "80"
L 03/12/2015 - 12:29:34: Server cvars end
L 03/12/2015 - 12:29:35: Server cvar "amx_nextmap" = "35_hp_2011"
L 03/12/2015 - 12:29:35: Started map "$2000$" (CRC "-1688392397")
L 03/12/2015 - 12:29:41: World triggered "Round_Start"
L 03/12/2015 - 12:39:30: [DPROTO]: Client 0 - Set AuthIdType 1 [dp_RevEmu]; pClient = 0xb391ff08
L 03/12/2015 - 12:39:30: "BLACK DRUMMER<30><STEAM_0:0:664715092><>" connected, address "213.109.23.17:27005"
L 03/12/2015 - 12:39:30: [VTC] Player 1 speex
L 03/12/2015 - 12:39:43: "BLACK DRUMMER<30><STEAM_0:0:664715092><>" entered the game
L 03/12/2015 - 12:39:47: "BLACK DRUMMER<30><STEAM_0:0:664715092><>" joined team "TERRORIST"
L 03/12/2015 - 12:39:58: [DPROTO]: Client 1 - Set AuthIdType 1 [dp_RevEmu]; pClient = 0xb3924dfc
L 03/12/2015 - 12:39:58: "[Hard_Skill]_4IKIST<31><STEAM_0:0:2025036726><>" connected, address "178.168.192.163:27005"
L 03/12/2015 - 12:39:58: [VTC] Player 2 speex
L 03/12/2015 - 12:40:01: "[Hard_Skill]_4IKIST<31><STEAM_0:0:2025036726><>" entered the game
L 03/12/2015 - 12:40:04: "[Hard_Skill]_4IKIST<31><STEAM_0:0:2025036726><>" joined team "CT"
L 03/12/2015 - 12:40:04: World triggered "Game_Commencing"
L 03/12/2015 - 12:40:04: World triggered "Game_Commencing" (CT "0") (T "0")
L 03/12/2015 - 12:40:04: World triggered "Round_End"
L 03/12/2015 - 12:40:12: World triggered "Round_Start"
L 03/12/2015 - 12:40:22: "[Hard_Skill]_4IKIST<31><STEAM_0:0:2025036726><CT>" attacked "BLACK DRUMMER<30><STEAM_0:0:664715092><TERRORIST>" with "m4a1" (damage "29") (damage_armor "0") (health "71") (armor "0")
L 03/12/2015 - 12:40:22: "[Hard_Skill]_4IKIST<31><STEAM_0:0:2025036726><CT>" attacked "BLACK DRUMMER<30><STEAM_0:0:664715092><TERRORIST>" with "m4a1" (damage "29") (damage_armor "0") (health "42") (armor "0")
L 03/12/2015 - 12:40:23: "[Hard_Skill]_4IKIST<31><STEAM_0:0:2025036726><CT>" attacked "BLACK DRUMMER<30><STEAM_0:0:664715092><TERRORIST>" with "m4a1" (damage "29") (damage_armor "0") (health "13") (armor "0")
L 03/12/2015 - 12:40:26: "[Hard_Skill]_4IKIST<31><STEAM_0:0:2025036726><CT>" killed "BLACK DRUMMER<30><STEAM_0:0:664715092><TERRORIST>" with "grenade"
L 03/12/2015 - 12:40:26: Team "CT" triggered "CTs_Win" (CT "1") (T "0")
L 03/12/2015 - 12:40:26: World triggered "Round_End"
L 03/12/2015 - 12:40:36: World triggered "Round_Start"
L 03/12/2015 - 12:40:45: "[Hard_Skill]_4IKIST<31><STEAM_0:0:2025036726><CT>" attacked "BLACK DRUMMER<30><STEAM_0:0:664715092><TERRORIST>" with "m4a1" (damage "30") (damage_armor "0") (health "-22") (armor "0")
L 03/12/2015 - 12:40:45: "[Hard_Skill]_4IKIST<31><STEAM_0:0:2025036726><CT>" killed "BLACK DRUMMER<30><STEAM_0:0:664715092><TERRORIST>" with "m4a1"
L 03/12/2015 - 12:40:45: Team "CT" triggered "CTs_Win" (CT "2") (T "0")
L 03/12/2015 - 12:40:45: World triggered "Round_End"
L 03/12/2015 - 12:40:55: World triggered "Round_Start"
L 03/12/2015 - 12:41:56: "[Hard_Skill]_4IKIST<31><STEAM_0:0:2025036726><CT>" attacked "BLACK DRUMMER<30><STEAM_0:0:664715092><TERRORIST>" with "m4a1" (damage "120") (damage_armor "0") (health "-20") (armor "0")
L 03/12/2015 - 12:41:56: "[Hard_Skill]_4IKIST<31><STEAM_0:0:2025036726><CT>" killed "BLACK DRUMMER<30><STEAM_0:0:664715092><TERRORIST>" with "m4a1"
L 03/12/2015 - 12:41:56: Team "CT" triggered "CTs_Win" (CT "3") (T "0")
L 03/12/2015 - 12:41:56: World triggered "Round_End"
L 03/12/2015 - 12:42:06: World triggered "Round_Start"
L 03/12/2015 - 12:42:18: "[Hard_Skill]_4IKIST<31><STEAM_0:0:2025036726><CT>" killed "BLACK DRUMMER<30><STEAM_0:0:664715092><TERRORIST>" with "grenade"
L 03/12/2015 - 12:42:18: Team "CT" triggered "CTs_Win" (CT "4") (T "0")
L 03/12/2015 - 12:42:18: World triggered "Round_End"
L 03/12/2015 - 12:42:28: World triggered "Round_Start"
L 03/12/2015 - 12:42:41: "[Hard_Skill]_4IKIST<31><STEAM_0:0:2025036726><CT>" killed "BLACK DRUMMER<30><STEAM_0:0:664715092><TERRORIST>" with "grenade"
L 03/12/2015 - 12:42:41: Team "CT" triggered "CTs_Win" (CT "5") (T "0")
L 03/12/2015 - 12:42:41: World triggered "Round_End"
L 03/12/2015 - 12:42:43: [DPROTO]: Client 2 - Set AuthIdType 1 [dp_RevEmu]; pClient = 0xb3929cf0
L 03/12/2015 - 12:42:43: "44<32><STEAM_0:0:735341120><>" connected, address "95.221.26.224:27005"
L 03/12/2015 - 12:42:43: [VTC] Player 3 speex
L 03/12/2015 - 12:42:47: "44<32><STEAM_0:0:735341120><>" entered the game
L 03/12/2015 - 12:42:51: World triggered "Round_Start"
L 03/12/2015 - 12:43:00: "[Hard_Skill]_4IKIST<31><STEAM_0:0:2025036726><CT>" attacked "BLACK DRUMMER<30><STEAM_0:0:664715092><TERRORIST>" with "m4a1" (damage "38") (damage_armor "0") (health "-1") (armor "0")
L 03/12/2015 - 12:43:00: "[Hard_Skill]_4IKIST<31><STEAM_0:0:2025036726><CT>" killed "BLACK DRUMMER<30><STEAM_0:0:664715092><TERRORIST>" with "m4a1"
L 03/12/2015 - 12:43:00: Team "CT" triggered "CTs_Win" (CT "6") (T "0")
L 03/12/2015 - 12:43:00: World triggered "Round_End"
L 03/12/2015 - 12:43:10: World triggered "Round_Start"
L 03/12/2015 - 12:43:11: "44<32><STEAM_0:0:735341120><>" joined team "TERRORIST"
L 03/12/2015 - 12:43:15: "BLACK DRUMMER<30><STEAM_0:0:664715092><TERRORIST>" attacked "[Hard_Skill]_4IKIST<31><STEAM_0:0:2025036726><CT>" with "mp5navy" (damage "11") (damage_armor "6") (health "89") (armor "94")
L 03/12/2015 - 12:43:15: "[Hard_Skill]_4IKIST<31><STEAM_0:0:2025036726><CT>" attacked "BLACK DRUMMER<30><STEAM_0:0:664715092><TERRORIST>" with "m4a1" (damage "31") (damage_armor "0") (health "69") (armor "0")
L 03/12/2015 - 12:43:15: "[Hard_Skill]_4IKIST<31><STEAM_0:0:2025036726><CT>" attacked "BLACK DRUMMER<30><STEAM_0:0:664715092><TERRORIST>" with "m4a1" (damage "31") (damage_armor "0") (health "38") (armor "0")
L 03/12/2015 - 12:43:15: "[Hard_Skill]_4IKIST<31><STEAM_0:0:2025036726><CT>" attacked "BLACK DRUMMER<30><STEAM_0:0:664715092><TERRORIST>" with "m4a1" (damage "31") (damage_armor "0") (health "7") (armor "0")
L 03/12/2015 - 12:43:16: "44<32><STEAM_0:0:735341120><TERRORIST>" attacked "[Hard_Skill]_4IKIST<31><STEAM_0:0:2025036726><CT>" with "mp5navy" (damage "12") (damage_armor "6") (health "77") (armor "88")
L 03/12/2015 - 12:43:16: "BLACK DRUMMER<30><STEAM_0:0:664715092><TERRORIST>" attacked "[Hard_Skill]_4IKIST<31><STEAM_0:0:2025036726><CT>" with "mp5navy" (damage "12") (damage_armor "6") (health "65") (armor "82")
L 03/12/2015 - 12:43:16: "BLACK DRUMMER<30><STEAM_0:0:664715092><TERRORIST>" attacked "[Hard_Skill]_4IKIST<31><STEAM_0:0:2025036726><CT>" with "mp5navy" (damage "12") (damage_armor "6") (health "53") (armor "76")
L 03/12/2015 - 12:43:16: "[Hard_Skill]_4IKIST<31><STEAM_0:0:2025036726><CT>" attacked "BLACK DRUMMER<30><STEAM_0:0:664715092><TERRORIST>" with "m4a1" (damage "124") (damage_armor "0") (health "-117") (armor "0")
L 03/12/2015 - 12:43:16: "[Hard_Skill]_4IKIST<31><STEAM_0:0:2025036726><CT>" killed "BLACK DRUMMER<30><STEAM_0:0:664715092><TERRORIST>" with "m4a1"
L 03/12/2015 - 12:43:16: "44<32><STEAM_0:0:735341120><TERRORIST>" attacked "[Hard_Skill]_4IKIST<31><STEAM_0:0:2025036726><CT>" with "mp5navy" (damage "12") (damage_armor "7") (health "41") (armor "69")
L 03/12/2015 - 12:43:16: "44<32><STEAM_0:0:735341120><TERRORIST>" attacked "[Hard_Skill]_4IKIST<31><STEAM_0:0:2025036726><CT>" with "mp5navy" (damage "12") (damage_armor "6") (health "29") (armor "63")
L 03/12/2015 - 12:43:17: "44<32><STEAM_0:0:735341120><TERRORIST>" attacked "[Hard_Skill]_4IKIST<31><STEAM_0:0:2025036726><CT>" with "mp5navy" (damage "12") (damage_armor "6") (health "17") (armor "57")
L 03/12/2015 - 12:43:17: "44<32><STEAM_0:0:735341120><TERRORIST>" attacked "[Hard_Skill]_4IKIST<31><STEAM_0:0:2025036726><CT>" with "mp5navy" (damage "12") (damage_armor "6") (health "5") (armor "51")
L 03/12/2015 - 12:43:17: "44<32><STEAM_0:0:735341120><TERRORIST>" attacked "[Hard_Skill]_4IKIST<31><STEAM_0:0:2025036726><CT>" with "mp5navy" (damage "12") (damage_armor "7") (health "-7") (armor "44")
L 03/12/2015 - 12:43:17: "44<32><STEAM_0:0:735341120><TERRORIST>" killed "[Hard_Skill]_4IKIST<31><STEAM_0:0:2025036726><CT>" with "mp5navy"
L 03/12/2015 - 12:43:17: Team "TERRORIST" triggered "Terrorists_Win" (CT "6") (T "1")
L 03/12/2015 - 12:43:17: World triggered "Round_End"
L 03/12/2015 - 12:43:27: World triggered "Round_Start"
L 03/12/2015 - 12:43:41: "[Hard_Skill]_4IKIST<31><STEAM_0:0:2025036726><CT>" attacked "44<32><STEAM_0:0:735341120><TERRORIST>" with "m4a1" (damage "14") (damage_armor "0") (health "-5") (armor "0")
L 03/12/2015 - 12:43:41: "[Hard_Skill]_4IKIST<31><STEAM_0:0:2025036726><CT>" killed "44<32><STEAM_0:0:735341120><TERRORIST>" with "m4a1"
L 03/12/2015 - 12:43:52: "[Hard_Skill]_4IKIST<31><STEAM_0:0:2025036726><CT>" attacked "BLACK DRUMMER<30><STEAM_0:0:664715092><TERRORIST>" with "m4a1" (damage "29") (damage_armor "0") (health "71") (armor "0")
L 03/12/2015 - 12:43:52: "BLACK DRUMMER<30><STEAM_0:0:664715092><TERRORIST>" attacked "[Hard_Skill]_4IKIST<31><STEAM_0:0:2025036726><CT>" with "mp5navy" (damage "10") (damage_armor "6") (health "90") (armor "94")
L 03/12/2015 - 12:43:52: "[Hard_Skill]_4IKIST<31><STEAM_0:0:2025036726><CT>" attacked "BLACK DRUMMER<30><STEAM_0:0:664715092><TERRORIST>" with "m4a1" (damage "29") (damage_armor "0") (health "42") (armor "0")
L 03/12/2015 - 12:43:57: "[Hard_Skill]_4IKIST<31><STEAM_0:0:2025036726><CT>" attacked "BLACK DRUMMER<30><STEAM_0:0:664715092><TERRORIST>" with "m4a1" (damage "120") (damage_armor "0") (health "-78") (armor "0")
L 03/12/2015 - 12:43:57: "[Hard_Skill]_4IKIST<31><STEAM_0:0:2025036726><CT>" killed "BLACK DRUMMER<30><STEAM_0:0:664715092><TERRORIST>" with "m4a1"
L 03/12/2015 - 12:43:57: Team "CT" triggered "CTs_Win" (CT "7") (T "1")
L 03/12/2015 - 12:43:57: World triggered "Round_End"
L 03/12/2015 - 12:44:07: World triggered "Round_Start"
L 03/12/2015 - 12:44:16: "[Hard_Skill]_4IKIST<31><STEAM_0:0:2025036726><CT>" attacked "BLACK DRUMMER<30><STEAM_0:0:664715092><TERRORIST>" with "m4a1" (damage "10") (damage_armor "0") (health "90") (armor "0")
L 03/12/2015 - 12:44:16: "[Hard_Skill]_4IKIST<31><STEAM_0:0:2025036726><CT>" attacked "BLACK DRUMMER<30><STEAM_0:0:664715092><TERRORIST>" with "m4a1" (damage "17") (damage_armor "0") (health "73") (armor "0")
L 03/12/2015 - 12:44:16: "[Hard_Skill]_4IKIST<31><STEAM_0:0:2025036726><CT>" attacked "BLACK DRUMMER<30><STEAM_0:0:664715092><TERRORIST>" with "m4a1" (damage "14") (damage_armor "0") (health "59") (armor "0")
L 03/12/2015 - 12:44:17: "44<32><STEAM_0:0:735341120><TERRORIST>" attacked "[Hard_Skill]_4IKIST<31><STEAM_0:0:2025036726><CT>" with "aug" (damage "22") (damage_armor "0") (health "78") (armor "100")
L 03/12/2015 - 12:44:17: "44<32><STEAM_0:0:735341120><TERRORIST>" attacked "[Hard_Skill]_4IKIST<31><STEAM_0:0:2025036726><CT>" with "aug" (damage "21") (damage_armor "5") (health "24") (armor "78")
L 03/12/2015 - 12:44:17: "44<32><STEAM_0:0:735341120><TERRORIST>" attacked "[Hard_Skill]_4IKIST<31><STEAM_0:0:2025036726><CT>" with "aug" (damage "84") (damage_armor "18") (health "-60") (armor "60")
L 03/12/2015 - 12:44:17: "44<32><STEAM_0:0:735341120><TERRORIST>" killed "[Hard_Skill]_4IKIST<31><STEAM_0:0:2025036726><CT>" with "aug"
L 03/12/2015 - 12:44:17: Team "TERRORIST" triggered "Terrorists_Win" (CT "7") (T "2")
L 03/12/2015 - 12:44:17: World triggered "Round_End"
L 03/12/2015 - 12:44:27: World triggered "Round_Start"
L 03/12/2015 - 12:44:33: "[Hard_Skill]_4IKIST<31><STEAM_0:0:2025036726><CT>" attacked "44<32><STEAM_0:0:735341120><TERRORIST>" with "m4a1" (damage "120") (damage_armor "0") (health "-20") (armor "0")
L 03/12/2015 - 12:44:33: "[Hard_Skill]_4IKIST<31><STEAM_0:0:2025036726><CT>" killed "44<32><STEAM_0:0:735341120><TERRORIST>" with "m4a1"
L 03/12/2015 - 12:44:38: "[Hard_Skill]_4IKIST<31><STEAM_0:0:2025036726><CT>" attacked "BLACK DRUMMER<30><STEAM_0:0:664715092><TERRORIST>" with "m4a1" (damage "31") (damage_armor "0") (health "22") (armor "0")
L 03/12/2015 - 12:44:38: "[Hard_Skill]_4IKIST<31><STEAM_0:0:2025036726><CT>" attacked "BLACK DRUMMER<30><STEAM_0:0:664715092><TERRORIST>" with "m4a1" (damage "31") (damage_armor "0") (health "-9") (armor "0")
L 03/12/2015 - 12:44:38: "[Hard_Skill]_4IKIST<31><STEAM_0:0:2025036726><CT>" killed "BLACK DRUMMER<30><STEAM_0:0:664715092><TERRORIST>" with "m4a1"
L 03/12/2015 - 12:44:38: Team "CT" triggered "CTs_Win" (CT "8") (T "2")
L 03/12/2015 - 12:44:38: World triggered "Round_End"
L 03/12/2015 - 12:44:48: World triggered "Round_Start"
L 03/12/2015 - 12:45:01: "[Hard_Skill]_4IKIST<31><STEAM_0:0:2025036726><CT>" attacked "BLACK DRUMMER<30><STEAM_0:0:664715092><TERRORIST>" with "m4a1" (damage "30") (damage_armor "0") (health "70") (armor "0")
L 03/12/2015 - 12:45:01: "[Hard_Skill]_4IKIST<31><STEAM_0:0:2025036726><CT>" attacked "BLACK DRUMMER<30><STEAM_0:0:664715092><TERRORIST>" with "m4a1" (damage "30") (damage_armor "0") (health "40") (armor "0")
L 03/12/2015 - 12:45:01: "[Hard_Skill]_4IKIST<31><STEAM_0:0:2025036726><CT>" attacked "BLACK DRUMMER<30><STEAM_0:0:664715092><TERRORIST>" with "m4a1" (damage "30") (damage_armor "0") (health "10") (armor "0")
L 03/12/2015 - 12:45:01: "[Hard_Skill]_4IKIST<31><STEAM_0:0:2025036726><CT>" attacked "BLACK DRUMMER<30><STEAM_0:0:664715092><TERRORIST>" with "m4a1" (damage "30") (damage_armor "0") (health "-20") (armor "0")
L 03/12/2015 - 12:45:01: "[Hard_Skill]_4IKIST<31><STEAM_0:0:2025036726><CT>" killed "BLACK DRUMMER<30><STEAM_0:0:664715092><TERRORIST>" with "m4a1"
L 03/12/2015 - 12:45:04: "[Hard_Skill]_4IKIST<31><STEAM_0:0:2025036726><CT>" attacked "44<32><STEAM_0:0:735341120><TERRORIST>" with "m4a1" (damage "30") (damage_armor "0") (health "70") (armor "0")
L 03/12/2015 - 12:45:04: "[Hard_Skill]_4IKIST<31><STEAM_0:0:2025036726><CT>" attacked "44<32><STEAM_0:0:735341120><TERRORIST>" with "m4a1" (damage "30") (damage_armor "0") (health "40") (armor "0")
L 03/12/2015 - 12:45:04: "[Hard_Skill]_4IKIST<31><STEAM_0:0:2025036726><CT>" attacked "44<32><STEAM_0:0:735341120><TERRORIST>" with "m4a1" (damage "30") (damage_armor "0") (health "10") (armor "0")
L 03/12/2015 - 12:45:05: "[Hard_Skill]_4IKIST<31><STEAM_0:0:2025036726><CT>" attacked "44<32><STEAM_0:0:735341120><TERRORIST>" with "m4a1" (damage "30") (damage_armor "0") (health "-20") (armor "0")
L 03/12/2015 - 12:45:05: "[Hard_Skill]_4IKIST<31><STEAM_0:0:2025036726><CT>" killed "44<32><STEAM_0:0:735341120><TERRORIST>" with "m4a1"
L 03/12/2015 - 12:45:05: Team "CT" triggered "CTs_Win" (CT "9") (T "2")
L 03/12/2015 - 12:45:05: World triggered "Round_End"
L 03/12/2015 - 12:45:15: World triggered "Round_Start"
L 03/12/2015 - 12:45:21: "[Hard_Skill]_4IKIST<31><STEAM_0:0:2025036726><CT>" attacked "BLACK DRUMMER<30><STEAM_0:0:664715092><TERRORIST>" with "m4a1" (damage "29") (damage_armor "0") (health "71") (armor "0")
L 03/12/2015 - 12:45:22: "[Hard_Skill]_4IKIST<31><STEAM_0:0:2025036726><CT>" attacked "BLACK DRUMMER<30><STEAM_0:0:664715092><TERRORIST>" with "m4a1" (damage "14") (damage_armor "0") (health "57") (armor "0")
L 03/12/2015 - 12:45:22: "[Hard_Skill]_4IKIST<31><STEAM_0:0:2025036726><CT>" attacked "BLACK DRUMMER<30><STEAM_0:0:664715092><TERRORIST>" with "m4a1" (damage "14") (damage_armor "0") (health "43") (armor "0")
L 03/12/2015 - 12:45:23: "[Hard_Skill]_4IKIST<31><STEAM_0:0:2025036726><CT>" attacked "BLACK DRUMMER<30><STEAM_0:0:664715092><TERRORIST>" with "m4a1" (damage "21") (damage_armor "0") (health "22") (armor "0")
L 03/12/2015 - 12:45:23: "[Hard_Skill]_4IKIST<31><STEAM_0:0:2025036726><CT>" attacked "44<32><STEAM_0:0:735341120><TERRORIST>" with "m4a1" (damage "25") (damage_armor "0") (health "75") (armor "0")
L 03/12/2015 - 12:45:23: "[Hard_Skill]_4IKIST<31><STEAM_0:0:2025036726><CT>" attacked "BLACK DRUMMER<30><STEAM_0:0:664715092><TERRORIST>" with "m4a1" (damage "29") (damage_armor "0") (health "-7") (armor "0")
L 03/12/2015 - 12:45:23: "[Hard_Skill]_4IKIST<31><STEAM_0:0:2025036726><CT>" killed "BLACK DRUMMER<30><STEAM_0:0:664715092><TERRORIST>" with "m4a1"
L 03/12/2015 - 12:45:23: "44<32><STEAM_0:0:735341120><TERRORIST>" attacked "[Hard_Skill]_4IKIST<31><STEAM_0:0:2025036726><CT>" with "awp" (damage "109") (damage_armor "2") (health "-9") (armor "98")
L 03/12/2015 - 12:45:23: "44<32><STEAM_0:0:735341120><TERRORIST>" killed "[Hard_Skill]_4IKIST<31><STEAM_0:0:2025036726><CT>" with "awp"
L 03/12/2015 - 12:45:23: Team "TERRORIST" triggered "Terrorists_Win" (CT "9") (T "3")
L 03/12/2015 - 12:45:23: World triggered "Round_End"
L 03/12/2015 - 12:45:33: World triggered "Round_Start"
L 03/12/2015 - 12:45:42: "[Hard_Skill]_4IKIST<31><STEAM_0:0:2025036726><CT>" attacked "44<32><STEAM_0:0:735341120><TERRORIST>" with "aug" (damage "112") (damage_armor "0") (health "-12") (armor "0")
L 03/12/2015 - 12:45:42: "[Hard_Skill]_4IKIST<31><STEAM_0:0:2025036726><CT>" killed "44<32><STEAM_0:0:735341120><TERRORIST>" with "aug"
L 03/12/2015 - 12:45:44: "[Hard_Skill]_4IKIST<31><STEAM_0:0:2025036726><CT>" attacked "BLACK DRUMMER<30><STEAM_0:0:664715092><TERRORIST>" with "aug" (damage "30") (damage_armor "0") (health "70") (armor "0")
L 03/12/2015 - 12:45:44: "[Hard_Skill]_4IKIST<31><STEAM_0:0:2025036726><CT>" attacked "BLACK DRUMMER<30><STEAM_0:0:664715092><TERRORIST>" with "aug" (damage "37") (damage_armor "0") (health "33") (armor "0")
L 03/12/2015 - 12:45:46: [DPROTO]: Client 3 - Set AuthIdType 1 [dp_RevEmu]; pClient = 0xb392ebe4
L 03/12/2015 - 12:45:46: "[Hard_Skill]_Angel_Smerti_<33><STEAM_0:0:1079844652><>" connected, address "178.120.78.60:33730"
L 03/12/2015 - 12:45:47: [VTC] Player 4 speex
L 03/12/2015 - 12:45:48: "[Hard_Skill]_4IKIST<31><STEAM_0:0:2025036726><CT>" killed "BLACK DRUMMER<30><STEAM_0:0:664715092><TERRORIST>" with "grenade"
L 03/12/2015 - 12:45:48: Team "CT" triggered "CTs_Win" (CT "10") (T "3")
L 03/12/2015 - 12:45:48: World triggered "Round_End"
L 03/12/2015 - 12:45:58: World triggered "Round_Start"
L 03/12/2015 - 12:46:02: "44<32><STEAM_0:0:735341120><TERRORIST>" attacked "[Hard_Skill]_4IKIST<31><STEAM_0:0:2025036726><CT>" with "mp5navy" (damage "15") (damage_armor "0") (health "85") (armor "100")
L 03/12/2015 - 12:46:02: "44<32><STEAM_0:0:735341120><TERRORIST>" attacked "[Hard_Skill]_4IKIST<31><STEAM_0:0:2025036726><CT>" with "mp5navy" (damage "13") (damage_armor "7") (health "72") (armor "93")
L 03/12/2015 - 12:46:02: "44<32><STEAM_0:0:735341120><TERRORIST>" attacked "[Hard_Skill]_4IKIST<31><STEAM_0:0:2025036726><CT>" with "mp5navy" (damage "10") (damage_armor "5") (health "62") (armor "88")
L 03/12/2015 - 12:46:02: "44<32><STEAM_0:0:735341120><TERRORIST>" attacked "[Hard_Skill]_4IKIST<31><STEAM_0:0:2025036726><CT>" with "mp5navy" (damage "10") (damage_armor "6") (health "52") (armor "82")
L 03/12/2015 - 12:46:03: "44<32><STEAM_0:0:735341120><TERRORIST>" attacked "[Hard_Skill]_4IKIST<31><STEAM_0:0:2025036726><CT>" with "mp5navy" (damage "11") (damage_armor "5") (health "41") (armor "77")
L 03/12/2015 - 12:46:03: "44<32><STEAM_0:0:735341120><TERRORIST>" attacked "[Hard_Skill]_4IKIST<31><STEAM_0:0:2025036726><CT>" with "mp5navy" (damage "11") (damage_armor "6") (health "30") (armor "71")
L 03/12/2015 - 12:46:03: "[Hard_Skill]_4IKIST<31><STEAM_0:0:2025036726><CT>" attacked "44<32><STEAM_0:0:735341120><TERRORIST>" with "m4a1" (damage "31") (damage_armor "0") (health "-4") (armor "0")
L 03/12/2015 - 12:46:03: "[Hard_Skill]_4IKIST<31><STEAM_0:0:2025036726><CT>" killed "44<32><STEAM_0:0:735341120><TERRORIST>" with "m4a1"
L 03/12/2015 - 12:46:06: "[Hard_Skill]_4IKIST<31><STEAM_0:0:2025036726><CT>" attacked "BLACK DRUMMER<30><STEAM_0:0:664715092><TERRORIST>" with "m4a1" (damage "30") (damage_armor "0") (health "70") (armor "0")
L 03/12/2015 - 12:46:06: "[Hard_Skill]_4IKIST<31><STEAM_0:0:2025036726><CT>" attacked "BLACK DRUMMER<30><STEAM_0:0:664715092><TERRORIST>" with "m4a1" (damage "120") (damage_armor "0") (health "-50") (armor "0")
L 03/12/2015 - 12:46:06: "[Hard_Skill]_4IKIST<31><STEAM_0:0:2025036726><CT>" killed "BLACK DRUMMER<30><STEAM_0:0:664715092><TERRORIST>" with "m4a1"
L 03/12/2015 - 12:46:06: Team "CT" triggered "CTs_Win" (CT "11") (T "3")
L 03/12/2015 - 12:46:06: World triggered "Round_End"
L 03/12/2015 - 12:46:09: "44<32><STEAM_0:0:735341120><TERRORIST>" triggered "weaponstats" (weapon "grenade") (shots "2") (hits "0") (kills "0") (headshots "0") (tks "0") (damage "0") (deaths "0")
L 03/12/2015 - 12:46:09: "44<32><STEAM_0:0:735341120><TERRORIST>" triggered "weaponstats2" (weapon "grenade") (head "0") (chest "0") (stomach "0") (leftarm "0") (rightarm "0") (leftleg "0") (rightleg "0")
L 03/12/2015 - 12:46:09: "44<32><STEAM_0:0:735341120><TERRORIST>" triggered "weaponstats" (weapon "aug") (shots "10") (hits "3") (kills "1") (headshots "1") (tks "0") (damage "127") (deaths "1")
L 03/12/2015 - 12:46:09: "44<32><STEAM_0:0:735341120><TERRORIST>" triggered "weaponstats2" (weapon "aug") (head "1") (chest "0") (stomach "0") (leftarm "1") (rightarm "0") (leftleg "0") (rightleg "1")
L 03/12/2015 - 12:46:09: "44<32><STEAM_0:0:735341120><TERRORIST>" triggered "weaponstats" (weapon "awp") (shots "5") (hits "1") (kills "1") (headshots "0") (tks "0") (damage "109") (deaths "2")
L 03/12/2015 - 12:46:09: "44<32><STEAM_0:0:735341120><TERRORIST>" triggered "weaponstats2" (weapon "awp") (head "0") (chest "0") (stomach "0") (leftarm "1") (rightarm "0") (leftleg "0") (rightleg "0")
L 03/12/2015 - 12:46:09: "44<32><STEAM_0:0:735341120><TERRORIST>" triggered "weaponstats" (weapon "mp5navy") (shots "47") (hits "12") (kills "1") (headshots "0") (tks "0") (damage "142") (deaths "2")
L 03/12/2015 - 12:46:09: "44<32><STEAM_0:0:735341120><TERRORIST>" triggered "weaponstats2" (weapon "mp5navy") (head "0") (chest "2") (stomach "1") (leftarm "6") (rightarm "2") (leftleg "1") (rightleg "0")
L 03/12/2015 - 12:46:09: "44<32><STEAM_0:0:735341120><TERRORIST>" triggered "time" (time "3:21")
L 03/12/2015 - 12:46:09: "44<32><STEAM_0:0:735341120><TERRORIST>" triggered "latency" (ping "40")
L 03/12/2015 - 12:46:09: "44<32><STEAM_0:0:735341120><TERRORIST>" disconnected
L 03/12/2015 - 12:46:16: World triggered "Round_Start"
L 03/12/2015 - 12:46:27: "[Hard_Skill]_4IKIST<31><STEAM_0:0:2025036726><CT>" killed "BLACK DRUMMER<30><STEAM_0:0:664715092><TERRORIST>" with "grenade"
L 03/12/2015 - 12:46:27: Team "CT" triggered "CTs_Win" (CT "12") (T "3")
L 03/12/2015 - 12:46:27: World triggered "Round_End"
L 03/12/2015 - 12:46:37: World triggered "Round_Start"
L 03/12/2015 - 12:46:52: "[Hard_Skill]_4IKIST<31><STEAM_0:0:2025036726><CT>" killed "BLACK DRUMMER<30><STEAM_0:0:664715092><TERRORIST>" with "grenade"
L 03/12/2015 - 12:46:52: Team "CT" triggered "CTs_Win" (CT "13") (T "3")
L 03/12/2015 - 12:46:52: World triggered "Round_End"
L 03/12/2015 - 12:46:53: [DPROTO]: Client 3 - Set AuthIdType 1 [dp_RevEmu]; pClient = 0xb392ebe4
L 03/12/2015 - 12:46:53: "[Hard_Skill]_Angel_Smerti_<34><STEAM_0:0:1079844652><>" connected, address "178.120.78.60:33730"
L 03/12/2015 - 12:46:53: [VTC] Player 4 speex
L 03/12/2015 - 12:46:54: "[Hard_Skill]_4IKIST<31><STEAM_0:0:2025036726><CT>" triggered "weaponstats" (weapon "grenade") (shots "29") (hits "18") (kills "6") (headshots "0") (tks "0") (damage "1157") (deaths "0")
L 03/12/2015 - 12:46:54: "[Hard_Skill]_4IKIST<31><STEAM_0:0:2025036726><CT>" triggered "weaponstats2" (weapon "grenade") (head "0") (chest "0") (stomach "0") (leftarm "0") (rightarm "0") (leftleg "0") (rightleg "0")
L 03/12/2015 - 12:46:54: "[Hard_Skill]_4IKIST<31><STEAM_0:0:2025036726><CT>" triggered "weaponstats" (weapon "aug") (shots "8") (hits "3") (kills "1") (headshots "1") (tks "0") (damage "179") (deaths "0")
L 03/12/2015 - 12:46:54: "[Hard_Skill]_4IKIST<31><STEAM_0:0:2025036726><CT>" triggered "weaponstats2" (weapon "aug") (head "1") (chest "0") (stomach "1") (leftarm "0") (rightarm "1") (leftleg "0") (rightleg "0")
L 03/12/2015 - 12:46:54: "[Hard_Skill]_4IKIST<31><STEAM_0:0:2025036726><CT>" triggered "weaponstats" (weapon "m4a1") (shots "151") (hits "37") (kills "13") (headshots "5") (tks "0") (damage "1460") (deaths "3")
L 03/12/2015 - 12:46:54: "[Hard_Skill]_4IKIST<31><STEAM_0:0:2025036726><CT>" triggered "weaponstats2" (weapon "m4a1") (head "5") (chest "7") (stomach "4") (leftarm "13") (rightarm "7") (leftleg "0") (rightleg "1")
L 03/12/2015 - 12:46:54: "[Hard_Skill]_4IKIST<31><STEAM_0:0:2025036726><CT>" triggered "weaponstats" (weapon "deagle") (shots "2") (hits "0") (kills "0") (headshots "0") (tks "0") (damage "0") (deaths "0")
L 03/12/2015 - 12:46:54: "[Hard_Skill]_4IKIST<31><STEAM_0:0:2025036726><CT>" triggered "weaponstats2" (weapon "deagle") (head "0") (chest "0") (stomach "0") (leftarm "0") (rightarm "0") (leftleg "0") (rightleg "0")
L 03/12/2015 - 12:46:54: "[Hard_Skill]_4IKIST<31><STEAM_0:0:2025036726><CT>" triggered "weaponstats" (weapon "knife") (shots "1") (hits "0") (kills "0") (headshots "0") (tks "0") (damage "0") (deaths "0")
L 03/12/2015 - 12:46:54: "[Hard_Skill]_4IKIST<31><STEAM_0:0:2025036726><CT>" triggered "weaponstats2" (weapon "knife") (head "0") (chest "0") (stomach "0") (leftarm "0") (rightarm "0") (leftleg "0") (rightleg "0")
L 03/12/2015 - 12:46:54: "[Hard_Skill]_4IKIST<31><STEAM_0:0:2025036726><CT>" triggered "time" (time "6:53")
L 03/12/2015 - 12:46:54: "[Hard_Skill]_4IKIST<31><STEAM_0:0:2025036726><CT>" triggered "latency" (ping "15")
L 03/12/2015 - 12:46:54: "[Hard_Skill]_4IKIST<31><STEAM_0:0:2025036726><CT>" disconnected
L 03/12/2015 - 12:47:02: World triggered "Round_Start"
L 03/12/2015 - 12:47:04: "[Hard_Skill]_Angel_Smerti_<34><STEAM_0:0:1079844652><>" entered the game
L 03/12/2015 - 12:47:09: "[Hard_Skill]_Angel_Smerti_<34><STEAM_0:0:1079844652><>" joined team "TERRORIST"
L 03/12/2015 - 12:47:22: "[Hard_Skill]_Angel_Smerti_<34><STEAM_0:0:1079844652><TERRORIST>" committed suicide with "world"
L 03/12/2015 - 12:47:22: "[Hard_Skill]_Angel_Smerti_<34><STEAM_0:0:1079844652><TERRORIST>" joined team "CT"
L 03/12/2015 - 12:47:22: World triggered "Game_Commencing"
L 03/12/2015 - 12:47:22: World triggered "Game_Commencing" (CT "13") (T "3")
L 03/12/2015 - 12:47:22: World triggered "Round_End"
L 03/12/2015 - 12:47:30: World triggered "Round_Start"
L 03/12/2015 - 12:47:38: "[Hard_Skill]_Angel_Smerti_<34><STEAM_0:0:1079844652><CT>" attacked "BLACK DRUMMER<30><STEAM_0:0:664715092><TERRORIST>" with "m4a1" (damage "124") (damage_armor "0") (health "-77") (armor "0")
L 03/12/2015 - 12:47:38: "[Hard_Skill]_Angel_Smerti_<34><STEAM_0:0:1079844652><CT>" killed "BLACK DRUMMER<30><STEAM_0:0:664715092><TERRORIST>" with "m4a1"
L 03/12/2015 - 12:47:38: Team "CT" triggered "CTs_Win" (CT "1") (T "0")
L 03/12/2015 - 12:47:38: World triggered "Round_End"
L 03/12/2015 - 12:47:48: World triggered "Round_Start"
L 03/12/2015 - 12:48:12: "[Hard_Skill]_Angel_Smerti_<34><STEAM_0:0:1079844652><CT>" attacked "BLACK DRUMMER<30><STEAM_0:0:664715092><TERRORIST>" with "awp" (damage "452") (damage_armor "0") (health "-380") (armor "0")
L 03/12/2015 - 12:48:12: "[Hard_Skill]_Angel_Smerti_<34><STEAM_0:0:1079844652><CT>" killed "BLACK DRUMMER<30><STEAM_0:0:664715092><TERRORIST>" with "awp"
L 03/12/2015 - 12:48:12: Team "CT" triggered "CTs_Win" (CT "2") (T "0")
L 03/12/2015 - 12:48:12: World triggered "Round_End"
L 03/12/2015 - 12:48:22: World triggered "Round_Start"
L 03/12/2015 - 12:48:53: "[Hard_Skill]_Angel_Smerti_<34><STEAM_0:0:1079844652><CT>" attacked "BLACK DRUMMER<30><STEAM_0:0:664715092><TERRORIST>" with "awp" (damage "452") (damage_armor "0") (health "-352") (armor "0")
L 03/12/2015 - 12:48:53: "[Hard_Skill]_Angel_Smerti_<34><STEAM_0:0:1079844652><CT>" killed "BLACK DRUMMER<30><STEAM_0:0:664715092><TERRORIST>" with "awp"
L 03/12/2015 - 12:48:53: Team "CT" triggered "CTs_Win" (CT "3") (T "0")
L 03/12/2015 - 12:48:53: World triggered "Round_End"
L 03/12/2015 - 12:49:03: World triggered "Round_Start"
L 03/12/2015 - 12:49:19: "[Hard_Skill]_Angel_Smerti_<34><STEAM_0:0:1079844652><CT>" killed "BLACK DRUMMER<30><STEAM_0:0:664715092><TERRORIST>" with "grenade"
L 03/12/2015 - 12:49:19: Team "CT" triggered "CTs_Win" (CT "4") (T "0")
L 03/12/2015 - 12:49:19: World triggered "Round_End"
L 03/12/2015 - 12:49:21: "BLACK DRUMMER<30><STEAM_0:0:664715092><TERRORIST>" triggered "weaponstats" (weapon "grenade") (shots "5") (hits "1") (kills "0") (headshots "0") (tks "0") (damage "33") (deaths "1")
L 03/12/2015 - 12:49:21: "BLACK DRUMMER<30><STEAM_0:0:664715092><TERRORIST>" triggered "weaponstats2" (weapon "grenade") (head "0") (chest "0") (stomach "0") (leftarm "0") (rightarm "0") (leftleg "0") (rightleg "0")
L 03/12/2015 - 12:49:21: "BLACK DRUMMER<30><STEAM_0:0:664715092><TERRORIST>" triggered "weaponstats" (weapon "mp5navy") (shots "36") (hits "4") (kills "0") (headshots "0") (tks "0") (damage "45") (deaths "2")
L 03/12/2015 - 12:49:21: "BLACK DRUMMER<30><STEAM_0:0:664715092><TERRORIST>" triggered "weaponstats2" (weapon "mp5navy") (head "0") (chest "0") (stomach "1") (leftarm "3") (rightarm "0") (leftleg "0") (rightleg "0")
L 03/12/2015 - 12:49:21: "BLACK DRUMMER<30><STEAM_0:0:664715092><TERRORIST>" triggered "time" (time "9:37")
L 03/12/2015 - 12:49:21: "BLACK DRUMMER<30><STEAM_0:0:664715092><TERRORIST>" triggered "latency" (ping "67")
L 03/12/2015 - 12:49:21: "BLACK DRUMMER<30><STEAM_0:0:664715092><TERRORIST>" disconnected
L 03/12/2015 - 12:49:28: "[Hard_Skill]_Angel_Smerti_<34><STEAM_0:0:1079844652><CT>" triggered "weaponstats" (weapon "grenade") (shots "6") (hits "4") (kills "1") (headshots "0") (tks "0") (damage "234") (deaths "0")
L 03/12/2015 - 12:49:28: "[Hard_Skill]_Angel_Smerti_<34><STEAM_0:0:1079844652><CT>" triggered "weaponstats2" (weapon "grenade") (head "0") (chest "0") (stomach "0") (leftarm "0") (rightarm "0") (leftleg "0") (rightleg "0")
L 03/12/2015 - 12:49:28: "[Hard_Skill]_Angel_Smerti_<34><STEAM_0:0:1079844652><CT>" triggered "weaponstats" (weapon "awp") (shots "9") (hits "2") (kills "2") (headshots "2") (tks "0") (damage "904") (deaths "0")
L 03/12/2015 - 12:49:28: "[Hard_Skill]_Angel_Smerti_<34><STEAM_0:0:1079844652><CT>" triggered "weaponstats2" (weapon "awp") (head "2") (chest "0") (stomach "0") (leftarm "0") (rightarm "0") (leftleg "0") (rightleg "0")
L 03/12/2015 - 12:49:28: "[Hard_Skill]_Angel_Smerti_<34><STEAM_0:0:1079844652><CT>" triggered "weaponstats" (weapon "m4a1") (shots "5") (hits "1") (kills "1") (headshots "1") (tks "0") (damage "124") (deaths "0")
L 03/12/2015 - 12:49:28: "[Hard_Skill]_Angel_Smerti_<34><STEAM_0:0:1079844652><CT>" triggered "weaponstats2" (weapon "m4a1") (head "1") (chest "0") (stomach "0") (leftarm "0") (rightarm "0") (leftleg "0") (rightleg "0")
L 03/12/2015 - 12:49:28: "[Hard_Skill]_Angel_Smerti_<34><STEAM_0:0:1079844652><CT>" triggered "time" (time "2:23")
L 03/12/2015 - 12:49:28: "[Hard_Skill]_Angel_Smerti_<34><STEAM_0:0:1079844652><CT>" triggered "latency" (ping "45")
L 03/12/2015 - 12:49:28: "[Hard_Skill]_Angel_Smerti_<34><STEAM_0:0:1079844652><CT>" disconnected
L 03/12/2015 - 12:49:28: World triggered "Round_Draw" (CT "4") (T "0")
L 03/12/2015 - 12:49:28: World triggered "Round_End"
L 03/12/2015 - 12:49:29: World triggered "Round_Start"
L 03/12/2015 - 12:49:38: World triggered "Round_Start"
L 03/12/2015 - 13:17:25: Team "CT" scored "4" with "0" players
L 03/12/2015 - 13:17:25: Team "TERRORIST" scored "0" with "0" players
L 03/12/2015 - 13:17:25: Server cvar "mp_chattime" = "2"
L 03/12/2015 - 13:17:26: Server cvar "mp_chattime" = "0"
L 03/12/2015 - 13:17:26: [META] ini: Begin re-reading plugins list: /home/extazy/Public/cstrike/addons/metamod/plugins.ini
L 03/12/2015 - 13:17:26: [META] ini: Read plugin config for: AMX Mod X
L 03/12/2015 - 13:17:26: [META] ini: Read plugin config for: dproto_EF
L 03/12/2015 - 13:17:26: [META] ini: Read plugin config for: mmtimer
L 03/12/2015 - 13:17:26: [META] ini: Read plugin config for: VoiceTranscoder
L 03/12/2015 - 13:17:26: [META] ini: Finished reading plugins list: /home/extazy/Public/cstrike/addons/metamod/plugins.ini; Found 4 plugins
L 03/12/2015 - 13:17:26: [META] dll: Updating plugins...
L 03/12/2015 - 13:17:26: [META] WARNING: dll: Plugin 'mmtimer' isn't running; Forcing unload plugin for reloading
L 03/12/2015 - 13:17:26: [META] WARNING: dll: Failed to unload plugin 'mmtimer' for reloading
L 03/12/2015 - 13:17:26: [META] dll: Finished updating 13 plugins; kept 3, loaded 0, unloaded 0, reloaded 0, delayed 0
L 03/12/2015 - 13:17:26: Log file closed
