L 03/14/2015 - 22:29:18: Log file started (file "logs/L0314049.log") (game "cstrike") (version "48/1.6.3.7/Stdio/5787")
L 03/14/2015 - 22:29:18: Loading map "aim_awp"
L 03/14/2015 - 22:29:18: Server cvars start
L 03/14/2015 - 22:29:18: Server cvar "_tutor_bomb_viewable_check_interval" = "0.5"
L 03/14/2015 - 22:29:18: Server cvar "_tutor_debug_level" = "0"
L 03/14/2015 - 22:29:18: Server cvar "_tutor_examine_time" = "0.5"
L 03/14/2015 - 22:29:18: Server cvar "_tutor_hint_interval_time" = "10.0"
L 03/14/2015 - 22:29:18: Server cvar "_tutor_look_angle" = "10"
L 03/14/2015 - 22:29:18: Server cvar "_tutor_look_distance" = "200"
L 03/14/2015 - 22:29:18: Server cvar "_tutor_message_character_display_time_coefficient" = "0.07"
L 03/14/2015 - 22:29:18: Server cvar "_tutor_message_minimum_display_time" = "1"
L 03/14/2015 - 22:29:18: Server cvar "_tutor_message_repeats" = "5"
L 03/14/2015 - 22:29:18: Server cvar "_tutor_view_distance" = "1000"
L 03/14/2015 - 22:29:18: Server cvar "aesp_version" = "1.5b_mini"
L 03/14/2015 - 22:29:18: Server cvar "allow_spectators" = "2"
L 03/14/2015 - 22:29:18: Server cvar "amx_client_languages" = "0"
L 03/14/2015 - 22:29:18: Server cvar "amx_contactinfo" = "ICQ: 691322983"
L 03/14/2015 - 22:29:18: Server cvar "amx_language" = "ru"
L 03/14/2015 - 22:29:18: Server cvar "amx_nextmap" = "35_hp_2011"
L 03/14/2015 - 22:29:18: Server cvar "amx_timeleft" = "19:13"
L 03/14/2015 - 22:29:18: Server cvar "amxbans_ssversion" = "Gm 1.6"
L 03/14/2015 - 22:29:18: Server cvar "amxbans_version" = "Gm 1.6"
L 03/14/2015 - 22:29:18: Server cvar "amxmodx_version" = "1.8.1.3746"
L 03/14/2015 - 22:29:18: Server cvar "Colored Translit Cheat" = "Loaded"
L 03/14/2015 - 22:29:18: Server cvar "Colored Translit Config" = "Loaded"
L 03/14/2015 - 22:29:18: Server cvar "Colored Translit Ignores" = "Loaded"
L 03/14/2015 - 22:29:18: Server cvar "Colored Translit Replace" = "Loaded"
L 03/14/2015 - 22:29:18: Server cvar "Colored Translit Spam" = "Loaded"
L 03/14/2015 - 22:29:18: Server cvar "Colored Translit Status" = "Loaded"
L 03/14/2015 - 22:29:18: Server cvar "Colored Translit Swear" = "Loaded"
L 03/14/2015 - 22:29:18: Server cvar "Colored Translit Version" = "2.0b Final"
L 03/14/2015 - 22:29:18: Server cvar "coop" = "0"
L 03/14/2015 - 22:29:18: Server cvar "deathmatch" = "1"
L 03/14/2015 - 22:29:18: Server cvar "decalfrequency" = "9"
L 03/14/2015 - 22:29:18: Server cvar "dp_version" = "0.9.391"
L 03/14/2015 - 22:29:18: Server cvar "edgefriction" = "2"
L 03/14/2015 - 22:29:18: Server cvar "hostage_debug" = "0"
L 03/14/2015 - 22:29:18: Server cvar "hostage_stop" = "0"
L 03/14/2015 - 22:29:18: Server cvar "humans_join_team" = "any"
L 03/14/2015 - 22:29:18: Server cvar "jtp10181" = "chute"
L 03/14/2015 - 22:29:18: Server cvar "max_queries_sec" = "3.0"
L 03/14/2015 - 22:29:18: Server cvar "max_queries_sec_global" = "30"
L 03/14/2015 - 22:29:18: Server cvar "max_queries_window" = "60"
L 03/14/2015 - 22:29:18: Server cvar "metamod_version" = "1.19p32"
L 03/14/2015 - 22:29:18: Server cvar "mp_allowmonsters" = "0"
L 03/14/2015 - 22:29:18: Server cvar "mp_autokick" = "1"
L 03/14/2015 - 22:29:18: Server cvar "mp_autoteambalance" = "1"
L 03/14/2015 - 22:29:18: Server cvar "mp_buytime" = "1.5"
L 03/14/2015 - 22:29:18: Server cvar "mp_c4timer" = "35"
L 03/14/2015 - 22:29:18: Server cvar "mp_chattime" = "0"
L 03/14/2015 - 22:29:18: Server cvar "mp_consistency" = "1"
L 03/14/2015 - 22:29:18: Server cvar "mp_fadetoblack" = "0"
L 03/14/2015 - 22:29:18: Server cvar "mp_flashlight" = "1"
L 03/14/2015 - 22:29:18: Server cvar "mp_footsteps" = "1"
L 03/14/2015 - 22:29:18: Server cvar "mp_forcecamera" = "0"
L 03/14/2015 - 22:29:18: Server cvar "mp_forcechasecam" = "0"
L 03/14/2015 - 22:29:18: Server cvar "mp_fragsleft" = "0"
L 03/14/2015 - 22:29:18: Server cvar "mp_freezetime" = "5"
L 03/14/2015 - 22:29:18: Server cvar "mp_friendlyfire" = "0"
L 03/14/2015 - 22:29:18: Server cvar "mp_ghostfrequency" = "0.1"
L 03/14/2015 - 22:29:18: Server cvar "mp_hostagepenalty" = "2"
L 03/14/2015 - 22:29:18: Server cvar "mp_kickpercent" = "0.66"
L 03/14/2015 - 22:29:18: Server cvar "mp_limitteams" = "2"
L 03/14/2015 - 22:29:18: Server cvar "mp_logdetail" = "3"
L 03/14/2015 - 22:29:18: Server cvar "mp_logfile" = "1"
L 03/14/2015 - 22:29:18: Server cvar "mp_logmessages" = "1"
L 03/14/2015 - 22:29:18: Server cvar "mp_mapvoteratio" = "0.66"
L 03/14/2015 - 22:29:18: Server cvar "mp_maxrounds" = "0"
L 03/14/2015 - 22:29:18: Server cvar "mp_mirrordamage" = "0"
L 03/14/2015 - 22:29:18: Server cvar "mp_playerid" = "0"
L 03/14/2015 - 22:29:18: Server cvar "mp_roundtime" = "2.57"
L 03/14/2015 - 22:29:18: Server cvar "mp_startmoney" = "800"
L 03/14/2015 - 22:29:18: Server cvar "mp_timeleft" = "0"
L 03/14/2015 - 22:29:18: Server cvar "mp_timelimit" = "50"
L 03/14/2015 - 22:29:18: Server cvar "mp_tkpunish" = "1"
L 03/14/2015 - 22:29:18: Server cvar "mp_windifference" = "1"
L 03/14/2015 - 22:29:18: Server cvar "mp_winlimit" = "0"
L 03/14/2015 - 22:29:18: Server cvar "pausable" = "0"
L 03/14/2015 - 22:29:18: Server cvar "sv_accelerate" = "5"
L 03/14/2015 - 22:29:18: Server cvar "sv_aim" = "off"
L 03/14/2015 - 22:29:18: Server cvar "sv_airaccelerate" = "10"
L 03/14/2015 - 22:29:18: Server cvar "sv_airmove" = "1"
L 03/14/2015 - 22:29:18: Server cvar "sv_allowupload" = "1"
L 03/14/2015 - 22:29:18: Server cvar "sv_alltalk" = "1"
L 03/14/2015 - 22:29:18: Server cvar "sv_bounce" = "1"
L 03/14/2015 - 22:29:18: Server cvar "sv_cheats" = "off"
L 03/14/2015 - 22:29:18: Server cvar "sv_clienttrace" = "1"
L 03/14/2015 - 22:29:18: Server cvar "sv_clipmode" = "0"
L 03/14/2015 - 22:29:18: Server cvar "sv_contact" = ""
L 03/14/2015 - 22:29:18: Server cvar "sv_friction" = "4"
L 03/14/2015 - 22:29:18: Server cvar "sv_gravity" = "800"
L 03/14/2015 - 22:29:18: Server cvar "sv_logblocks" = "0"
L 03/14/2015 - 22:29:18: Server cvar "sv_maxrate" = "50000"
L 03/14/2015 - 22:29:18: Server cvar "sv_maxspeed" = "900"
L 03/14/2015 - 22:29:18: Server cvar "sv_minrate" = "100000"
L 03/14/2015 - 22:29:18: Server cvar "sv_password" = ""
L 03/14/2015 - 22:29:18: Server cvar "sv_proxies" = "0"
L 03/14/2015 - 22:29:18: Server cvar "sv_region" = "3"
L 03/14/2015 - 22:29:18: Server cvar "sv_restart" = "0"
L 03/14/2015 - 22:29:18: Server cvar "sv_restartround" = "0"
L 03/14/2015 - 22:29:18: Server cvar "sv_stepsize" = "18"
L 03/14/2015 - 22:29:18: Server cvar "sv_stopspeed" = "75"
L 03/14/2015 - 22:29:18: Server cvar "sv_uploadmax" = "0.5"
L 03/14/2015 - 22:29:18: Server cvar "sv_voiceenable" = "1"
L 03/14/2015 - 22:29:18: Server cvar "sv_wateraccelerate" = "10"
L 03/14/2015 - 22:29:18: Server cvar "sv_waterfriction" = "1"
L 03/14/2015 - 22:29:18: Server cvar "vtc_version" = "80"
L 03/14/2015 - 22:29:18: Server cvars end
L 03/14/2015 - 22:29:19: Server cvar "amx_nextmap" = "aim_awp"
L 03/14/2015 - 22:29:19: Started map "aim_awp" (CRC "313702955")
L 03/14/2015 - 22:29:19: [VTC] Player 5 speex
L 03/14/2015 - 22:29:19: [VTC] Player 3 speex
L 03/14/2015 - 22:29:19: [VTC] Player 4 silk
L 03/14/2015 - 22:29:19: [VTC] Player 9 speex
L 03/14/2015 - 22:29:19: [VTC] Player 2 speex
L 03/14/2015 - 22:29:19: [VTC] Player 8 speex
L 03/14/2015 - 22:29:22: [DPROTO]: Client 1 - Set AuthIdType 3 [dp_RevEmu]; pClient = 0xb38fcdfc
L 03/14/2015 - 22:29:22: "|Xyligans|_Zl@9|_P@nD@<112><STEAM_0:4:1475267845><>" connected, address "178.120.129.6:60899"
L 03/14/2015 - 22:29:22: "|Xyligans|kpy}I{ka<77><STEAM_0:4:1954401541><>" entered the game
L 03/14/2015 - 22:29:22: [VTC] Player 2 speex
L 03/14/2015 - 22:29:22: "[Hard_Skill]_Lexa Kosmonaft<78><STEAM_0:0:226379933><>" entered the game
L 03/14/2015 - 22:29:25: "|Xyligans|_Zl@9|_P@nD@<112><STEAM_0:4:1475267845><>" entered the game
L 03/14/2015 - 22:29:25: World triggered "Round_Start"
L 03/14/2015 - 22:29:25: "[One_Skill]_$$$$matvei$$$$<110><STEAM_0:4:426122062><>" entered the game
L 03/14/2015 - 22:29:25: "[Hard_Skill]_Lexa Kosmonaft<78><STEAM_0:0:226379933><>" joined team "TERRORIST"
L 03/14/2015 - 22:29:26: [DPROTO]: Client 4 - Set AuthIdType 1 [dp_SteamEmu]; pClient = 0xb390bad8
L 03/14/2015 - 22:29:26: "CaDUCT<113><STEAM_0:0:1167208949><>" connected, address "37.44.108.60:63453"
L 03/14/2015 - 22:29:26: [VTC] Player 5 speex
L 03/14/2015 - 22:29:28: "[One_Skill]_$$$$matvei$$$$<110><STEAM_0:4:426122062><>" joined team "TERRORIST"
L 03/14/2015 - 22:29:30: "|Xyligans|_Zl@9|_P@nD@<112><STEAM_0:4:1475267845><>" joined team "CT"
L 03/14/2015 - 22:29:30: "|Xyligans|kpy}I{ka<77><STEAM_0:4:1954401541><>" joined team "CT"
L 03/14/2015 - 22:29:30: World triggered "Game_Commencing"
L 03/14/2015 - 22:29:30: World triggered "Game_Commencing" (CT "0") (T "0")
L 03/14/2015 - 22:29:30: World triggered "Round_End"
L 03/14/2015 - 22:29:35: [DPROTO]: Client 4 - Set AuthIdType 1 [dp_SteamEmu]; pClient = 0xb390bad8
L 03/14/2015 - 22:29:35: "CaDUCT<114><STEAM_0:0:1167208949><>" connected, address "37.44.108.60:63453"
L 03/14/2015 - 22:29:35: [VTC] Player 5 speex
L 03/14/2015 - 22:29:38: World triggered "Round_Start"
L 03/14/2015 - 22:29:40: "|Xyligans|_Zl@9|_P@nD@<112><STEAM_0:4:1475267845><CT>" attacked "[One_Skill]_$$$$matvei$$$$<110><STEAM_0:4:426122062><TERRORIST>" with "awp" (damage "111") (damage_armor "0") (health "-11") (armor "0")
L 03/14/2015 - 22:29:40: "|Xyligans|_Zl@9|_P@nD@<112><STEAM_0:4:1475267845><CT>" killed "[One_Skill]_$$$$matvei$$$$<110><STEAM_0:4:426122062><TERRORIST>" with "awp"
L 03/14/2015 - 22:29:42: "[Hard_Skill]_Lexa Kosmonaft<78><STEAM_0:0:226379933><TERRORIST>" attacked "|Xyligans|_Zl@9|_P@nD@<112><STEAM_0:4:1475267845><CT>" with "awp" (damage "110") (damage_armor "0") (health "-10") (armor "0")
L 03/14/2015 - 22:29:42: "[Hard_Skill]_Lexa Kosmonaft<78><STEAM_0:0:226379933><TERRORIST>" killed "|Xyligans|_Zl@9|_P@nD@<112><STEAM_0:4:1475267845><CT>" with "awp"
L 03/14/2015 - 22:29:54: "[Hard_Skill]_Lexa Kosmonaft<78><STEAM_0:0:226379933><TERRORIST>" attacked "|Xyligans|kpy}I{ka<77><STEAM_0:4:1954401541><CT>" with "glock18" (damage "9") (damage_armor "0") (health "91") (armor "0")
L 03/14/2015 - 22:29:54: "[Hard_Skill]_Lexa Kosmonaft<78><STEAM_0:0:226379933><TERRORIST>" attacked "|Xyligans|kpy}I{ka<77><STEAM_0:4:1954401541><CT>" with "glock18" (damage "9") (damage_armor "0") (health "82") (armor "0")
L 03/14/2015 - 22:29:54: "|Xyligans|kpy}I{ka<77><STEAM_0:4:1954401541><CT>" attacked "[Hard_Skill]_Lexa Kosmonaft<78><STEAM_0:0:226379933><TERRORIST>" with "usp" (damage "76") (damage_armor "0") (health "24") (armor "0")
L 03/14/2015 - 22:29:55: "|Xyligans|kpy}I{ka<77><STEAM_0:4:1954401541><CT>" attacked "[Hard_Skill]_Lexa Kosmonaft<78><STEAM_0:0:226379933><TERRORIST>" with "usp" (damage "23") (damage_armor "0") (health "1") (armor "0")
L 03/14/2015 - 22:30:04: "[Hard_Skill]_Lexa Kosmonaft<78><STEAM_0:0:226379933><TERRORIST>" attacked "|Xyligans|kpy}I{ka<77><STEAM_0:4:1954401541><CT>" with "awp" (damage "140") (damage_armor "0") (health "-58") (armor "0")
L 03/14/2015 - 22:30:04: "[Hard_Skill]_Lexa Kosmonaft<78><STEAM_0:0:226379933><TERRORIST>" killed "|Xyligans|kpy}I{ka<77><STEAM_0:4:1954401541><CT>" with "awp"
L 03/14/2015 - 22:30:04: Team "TERRORIST" triggered "Terrorists_Win" (CT "0") (T "1")
L 03/14/2015 - 22:30:04: World triggered "Round_End"
L 03/14/2015 - 22:30:14: World triggered "Round_Start"
L 03/14/2015 - 22:30:21: "|Xyligans|kpy}I{ka<77><STEAM_0:4:1954401541><CT>" attacked "[Hard_Skill]_Lexa Kosmonaft<78><STEAM_0:0:226379933><TERRORIST>" with "usp" (damage "24") (damage_armor "0") (health "76") (armor "0")
L 03/14/2015 - 22:30:21: "|Xyligans|kpy}I{ka<77><STEAM_0:4:1954401541><CT>" attacked "[Hard_Skill]_Lexa Kosmonaft<78><STEAM_0:0:226379933><TERRORIST>" with "usp" (damage "24") (damage_armor "0") (health "52") (armor "0")
L 03/14/2015 - 22:30:21: "|Xyligans|kpy}I{ka<77><STEAM_0:4:1954401541><CT>" attacked "[Hard_Skill]_Lexa Kosmonaft<78><STEAM_0:0:226379933><TERRORIST>" with "usp" (damage "25") (damage_armor "0") (health "27") (armor "0")
L 03/14/2015 - 22:30:23: "[Hard_Skill]_Lexa Kosmonaft<78><STEAM_0:0:226379933><TERRORIST>" attacked "|Xyligans|kpy}I{ka<77><STEAM_0:4:1954401541><CT>" with "glock18" (damage "26") (damage_armor "0") (health "74") (armor "0")
L 03/14/2015 - 22:30:24: "[Hard_Skill]_Lexa Kosmonaft<78><STEAM_0:0:226379933><TERRORIST>" attacked "|Xyligans|kpy}I{ka<77><STEAM_0:4:1954401541><CT>" with "glock18" (damage "22") (damage_armor "0") (health "52") (armor "0")
L 03/14/2015 - 22:30:24: "[Hard_Skill]_Lexa Kosmonaft<78><STEAM_0:0:226379933><TERRORIST>" attacked "|Xyligans|kpy}I{ka<77><STEAM_0:4:1954401541><CT>" with "glock18" (damage "23") (damage_armor "0") (health "29") (armor "0")
L 03/14/2015 - 22:30:24: "[Hard_Skill]_Lexa Kosmonaft<78><STEAM_0:0:226379933><TERRORIST>" attacked "|Xyligans|kpy}I{ka<77><STEAM_0:4:1954401541><CT>" with "glock18" (damage "23") (damage_armor "0") (health "6") (armor "0")
L 03/14/2015 - 22:30:24: "[Hard_Skill]_Lexa Kosmonaft<78><STEAM_0:0:226379933><TERRORIST>" attacked "|Xyligans|kpy}I{ka<77><STEAM_0:4:1954401541><CT>" with "glock18" (damage "24") (damage_armor "0") (health "-18") (armor "0")
L 03/14/2015 - 22:30:24: "[Hard_Skill]_Lexa Kosmonaft<78><STEAM_0:0:226379933><TERRORIST>" killed "|Xyligans|kpy}I{ka<77><STEAM_0:4:1954401541><CT>" with "glock18"
L 03/14/2015 - 22:30:28: "|Xyligans|_Zl@9|_P@nD@<112><STEAM_0:4:1475267845><CT>" attacked "[Hard_Skill]_Lexa Kosmonaft<78><STEAM_0:0:226379933><TERRORIST>" with "awp" (damage "113") (damage_armor "0") (health "-86") (armor "0")
L 03/14/2015 - 22:30:28: "|Xyligans|_Zl@9|_P@nD@<112><STEAM_0:4:1475267845><CT>" killed "[Hard_Skill]_Lexa Kosmonaft<78><STEAM_0:0:226379933><TERRORIST>" with "awp"
L 03/14/2015 - 22:30:32: "[One_Skill]_$$$$matvei$$$$<110><STEAM_0:4:426122062><TERRORIST>" attacked "|Xyligans|_Zl@9|_P@nD@<112><STEAM_0:4:1475267845><CT>" with "glock18" (damage "27") (damage_armor "0") (health "73") (armor "0")
L 03/14/2015 - 22:30:32: "[One_Skill]_$$$$matvei$$$$<110><STEAM_0:4:426122062><TERRORIST>" attacked "|Xyligans|_Zl@9|_P@nD@<112><STEAM_0:4:1475267845><CT>" with "glock18" (damage "17") (damage_armor "0") (health "56") (armor "0")
L 03/14/2015 - 22:30:32: "[One_Skill]_$$$$matvei$$$$<110><STEAM_0:4:426122062><TERRORIST>" attacked "|Xyligans|_Zl@9|_P@nD@<112><STEAM_0:4:1475267845><CT>" with "glock18" (damage "92") (damage_armor "0") (health "-36") (armor "0")
L 03/14/2015 - 22:30:32: "[One_Skill]_$$$$matvei$$$$<110><STEAM_0:4:426122062><TERRORIST>" killed "|Xyligans|_Zl@9|_P@nD@<112><STEAM_0:4:1475267845><CT>" with "glock18"
L 03/14/2015 - 22:30:32: Team "TERRORIST" triggered "Terrorists_Win" (CT "0") (T "2")
L 03/14/2015 - 22:30:32: World triggered "Round_End"
L 03/14/2015 - 22:30:42: World triggered "Round_Start"
L 03/14/2015 - 22:30:44: "|Xyligans|_Zl@9|_P@nD@<112><STEAM_0:4:1475267845><CT>" attacked "[Hard_Skill]_Lexa Kosmonaft<78><STEAM_0:0:226379933><TERRORIST>" with "awp" (damage "138") (damage_armor "0") (health "-38") (armor "0")
L 03/14/2015 - 22:30:44: "|Xyligans|_Zl@9|_P@nD@<112><STEAM_0:4:1475267845><CT>" killed "[Hard_Skill]_Lexa Kosmonaft<78><STEAM_0:0:226379933><TERRORIST>" with "awp"
L 03/14/2015 - 22:30:46: "|Xyligans|_Zl@9|_P@nD@<112><STEAM_0:4:1475267845><CT>" attacked "[One_Skill]_$$$$matvei$$$$<110><STEAM_0:4:426122062><TERRORIST>" with "awp" (damage "111") (damage_armor "0") (health "-11") (armor "0")
L 03/14/2015 - 22:30:46: "|Xyligans|_Zl@9|_P@nD@<112><STEAM_0:4:1475267845><CT>" killed "[One_Skill]_$$$$matvei$$$$<110><STEAM_0:4:426122062><TERRORIST>" with "awp"
L 03/14/2015 - 22:30:46: Team "CT" triggered "CTs_Win" (CT "1") (T "2")
L 03/14/2015 - 22:30:46: World triggered "Round_End"
L 03/14/2015 - 22:30:56: World triggered "Round_Start"
L 03/14/2015 - 22:31:00: "[Hard_Skill]_Lexa Kosmonaft<78><STEAM_0:0:226379933><TERRORIST>" attacked "|Xyligans|kpy}I{ka<77><STEAM_0:4:1954401541><CT>" with "awp" (damage "111") (damage_armor "0") (health "-11") (armor "0")
L 03/14/2015 - 22:31:00: "[Hard_Skill]_Lexa Kosmonaft<78><STEAM_0:0:226379933><TERRORIST>" killed "|Xyligans|kpy}I{ka<77><STEAM_0:4:1954401541><CT>" with "awp"
L 03/14/2015 - 22:31:08: "|Xyligans|_Zl@9|_P@nD@<112><STEAM_0:4:1475267845><CT>" attacked "[One_Skill]_$$$$matvei$$$$<110><STEAM_0:4:426122062><TERRORIST>" with "awp" (damage "112") (damage_armor "0") (health "-12") (armor "0")
L 03/14/2015 - 22:31:08: "|Xyligans|_Zl@9|_P@nD@<112><STEAM_0:4:1475267845><CT>" killed "[One_Skill]_$$$$matvei$$$$<110><STEAM_0:4:426122062><TERRORIST>" with "awp"
