L 03/17/2015 - 15:42:17: Log file started (file "logs/L0317045.log") (game "cstrike") (version "48/1.6.3.7/Stdio/5787")
L 03/17/2015 - 15:42:17: Server cvar "mp_logdetail" = "3"
L 03/17/2015 - 15:42:17: Server cvar "mp_timelimit" = "30"
L 03/17/2015 - 15:42:17: Server cvar "mp_c4timer" = "35"
L 03/17/2015 - 15:42:17: Server cvar "mp_flashlight" = "1"
L 03/17/2015 - 15:42:17: Server cvar "mp_freezetime" = "5"
L 03/17/2015 - 15:42:17: Server cvar "mp_hostagepenalty" = "0"
L 03/17/2015 - 15:42:17: Server cvar "mp_limitteams" = "5"
L 03/17/2015 - 15:42:17: Server cvar "mp_roundtime" = "2.57"
L 03/17/2015 - 15:42:17: Server cvar "mp_tkpunish" = "1"
L 03/17/2015 - 15:42:17: Server cvar "sv_restartround" = "1"
L 03/17/2015 - 15:42:17: Server cvar "sv_maxspeed" = "320"
L 03/17/2015 - 15:42:17: Server cvar "sv_proxies" = "0"
L 03/17/2015 - 15:42:17: Server cvar "allow_spectators" = "4"
L 03/17/2015 - 15:42:17: Server cvar "mp_chattime" = "0"
L 03/17/2015 - 15:42:17: Server cvar "decalfrequency" = "9"
L 03/17/2015 - 15:42:17: Server cvar "sv_aim" = "0"
L 03/17/2015 - 15:42:17: Server cvar "sv_minrate" = "100000"
L 03/17/2015 - 15:42:17: Server cvar "sv_maxrate" = "50000"
L 03/17/2015 - 15:42:18: World triggered "Restart_Round_(1_second)"
L 03/17/2015 - 15:42:18: Team "CT" scored "0" with "0" players
L 03/17/2015 - 15:42:18: Team "TERRORIST" scored "0" with "0" players
L 03/17/2015 - 15:42:18: Server cvar "sv_restartround" = "0"
L 03/17/2015 - 15:42:19: [DPROTO]: Client 0 - Set AuthIdType 1 [dp_SteamEmu]; pClient = 0xb3913f08
L 03/17/2015 - 15:42:19: "[Easy_Skill]_Faza#1<1><STEAM_0:0:969824236><>" connected, address "46.53.208.172:1494"
L 03/17/2015 - 15:42:19: [VTC] Player 1 speex
L 03/17/2015 - 15:42:20: [DPROTO]: Client 0 - Set AuthIdType 1 [dp_SteamEmu]; pClient = 0xb3913f08
L 03/17/2015 - 15:42:20: "[Easy_Skill]_Faza#1<2><STEAM_0:0:969824236><>" connected, address "46.53.208.172:1494"
L 03/17/2015 - 15:42:20: [VTC] Player 1 speex
L 03/17/2015 - 15:42:20: [DPROTO]: Client 0 - Set AuthIdType 1 [dp_SteamEmu]; pClient = 0xb3913f08
L 03/17/2015 - 15:42:20: "[Easy_Skill]_Faza#1<3><STEAM_0:0:969824236><>" connected, address "46.53.208.172:1494"
L 03/17/2015 - 15:42:20: [VTC] Player 1 speex
L 03/17/2015 - 15:42:20: [DPROTO]: Client 0 - Set AuthIdType 1 [dp_SteamEmu]; pClient = 0xb3913f08
L 03/17/2015 - 15:42:20: "[Easy_Skill]_Faza#1<4><STEAM_0:0:969824236><>" connected, address "46.53.208.172:1494"
L 03/17/2015 - 15:42:21: [VTC] Player 1 speex
L 03/17/2015 - 15:42:21: [DPROTO]: Client 0 - Set AuthIdType 1 [dp_SteamEmu]; pClient = 0xb3913f08
L 03/17/2015 - 15:42:21: "[Easy_Skill]_Faza#1<5><STEAM_0:0:969824236><>" connected, address "46.53.208.172:1494"
L 03/17/2015 - 15:42:21: [VTC] Player 1 speex
L 03/17/2015 - 15:42:24: World triggered "Round_Start"
L 03/17/2015 - 15:42:25: [DPROTO]: banned ip 46.53.208.172 for 120.000000 minutes for fake players spamming or protocol violations
L 03/17/2015 - 15:44:58: Team "CT" triggered "Target_Saved" (CT "1") (T "0")
L 03/17/2015 - 15:44:58: World triggered "Round_End"
L 03/17/2015 - 15:45:08: World triggered "Round_Start"
L 03/17/2015 - 15:46:27: [DPROTO]: Client 0 - Set AuthIdType 3 [dp_RevEmu]; pClient = 0xb3913f08
L 03/17/2015 - 15:46:27: "[Angels]DarkAngel<6><STEAM_0:4:1039936371><>" connected, address "94.180.164.210:27005"
L 03/17/2015 - 15:46:27: [VTC] Player 1 speex
L 03/17/2015 - 15:46:29: [DPROTO]: Client 0 - Set AuthIdType 3 [dp_RevEmu]; pClient = 0xb3913f08
L 03/17/2015 - 15:46:29: "[Angels]DarkAngel<7><STEAM_0:4:1039936371><>" connected, address "94.180.164.210:27005"
L 03/17/2015 - 15:46:29: [VTC] Player 1 speex
L 03/17/2015 - 15:46:32: "[Angels]DarkAngel<7><STEAM_0:4:1039936371><>" entered the game
L 03/17/2015 - 15:46:34: "[Angels]DarkAngel<7><STEAM_0:4:1039936371><>" joined team "CT"
L 03/17/2015 - 15:46:54: [DPROTO]: Client 1 - Set AuthIdType 1 [Native]; pClient = 0xb3918dfc
L 03/17/2015 - 15:46:54: "[Angels]AngelOfDeath<8><STEAM_0:0:66410872><>" connected, address "89.178.189.235:27005"
L 03/17/2015 - 15:46:54: [VTC] Player 2 silk
L 03/17/2015 - 15:46:54: "[Angels]AngelOfDeath<8><STEAM_0:0:66410872><>" STEAM USERID validated
L 03/17/2015 - 15:46:56: [DPROTO]: Client 1 - Set AuthIdType 1 [Native]; pClient = 0xb3918dfc
L 03/17/2015 - 15:46:56: "[Angels]AngelOfDeath<9><STEAM_0:0:66410872><>" connected, address "89.178.189.235:27005"
L 03/17/2015 - 15:46:56: [VTC] Player 2 silk
L 03/17/2015 - 15:46:57: "[Angels]AngelOfDeath<9><STEAM_0:0:66410872><>" STEAM USERID validated
L 03/17/2015 - 15:47:00: "[Angels]AngelOfDeath<9><STEAM_0:0:66410872><>" entered the game
L 03/17/2015 - 15:47:02: "[Angels]AngelOfDeath<9><STEAM_0:0:66410872><>" joined team "TERRORIST"
L 03/17/2015 - 15:47:02: World triggered "Game_Commencing"
L 03/17/2015 - 15:47:02: World triggered "Game_Commencing" (CT "1") (T "0")
L 03/17/2015 - 15:47:02: World triggered "Round_End"
L 03/17/2015 - 15:47:05: "[Angels]AngelOfDeath<9><STEAM_0:0:66410872><TERRORIST>" triggered "Spawned_With_The_Bomb"
L 03/17/2015 - 15:47:10: World triggered "Round_Start"
L 03/17/2015 - 15:47:23: "[Angels]DarkAngel<7><STEAM_0:4:1039936371><CT>" attacked "[Angels]AngelOfDeath<9><STEAM_0:0:66410872><TERRORIST>" with "deagle" (damage "33") (damage_armor "6") (health "67") (armor "94")
L 03/17/2015 - 15:47:25: "[Angels]DarkAngel<7><STEAM_0:4:1039936371><CT>" attacked "[Angels]AngelOfDeath<9><STEAM_0:0:66410872><TERRORIST>" with "deagle" (damage "33") (damage_armor "5") (health "34") (armor "89")
L 03/17/2015 - 15:47:35: "[Angels]AngelOfDeath<9><STEAM_0:0:66410872><TERRORIST>" attacked "[Angels]DarkAngel<7><STEAM_0:4:1039936371><CT>" with "glock18" (damage "25") (damage_armor "0") (health "75") (armor "0")
L 03/17/2015 - 15:47:36: "[Angels]DarkAngel<7><STEAM_0:4:1039936371><CT>" attacked "[Angels]AngelOfDeath<9><STEAM_0:0:66410872><TERRORIST>" with "deagle" (damage "188") (damage_armor "0") (health "-154") (armor "89")
L 03/17/2015 - 15:47:36: "[Angels]DarkAngel<7><STEAM_0:4:1039936371><CT>" killed "[Angels]AngelOfDeath<9><STEAM_0:0:66410872><TERRORIST>" with "deagle"
L 03/17/2015 - 15:47:36: Team "CT" triggered "CTs_Win" (CT "1") (T "0")
L 03/17/2015 - 15:47:36: World triggered "Round_End"
L 03/17/2015 - 15:47:41: "[Angels]AngelOfDeath<9><STEAM_0:0:66410872><TERRORIST>" triggered "Spawned_With_The_Bomb"
L 03/17/2015 - 15:47:46: World triggered "Round_Start"
L 03/17/2015 - 15:48:25: "[Angels]AngelOfDeath<9><STEAM_0:0:66410872><TERRORIST>" attacked "[Angels]DarkAngel<7><STEAM_0:4:1039936371><CT>" with "glock18" (damage "18") (damage_armor "0") (health "82") (armor "0")
L 03/17/2015 - 15:48:26: "[Angels]AngelOfDeath<9><STEAM_0:0:66410872><TERRORIST>" attacked "[Angels]DarkAngel<7><STEAM_0:4:1039936371><CT>" with "glock18" (damage "15") (damage_armor "0") (health "67") (armor "0")
L 03/17/2015 - 15:48:32: "[Angels]DarkAngel<7><STEAM_0:4:1039936371><CT>" attacked "[Angels]AngelOfDeath<9><STEAM_0:0:66410872><TERRORIST>" with "knife" (damage "55") (damage_armor "5") (health "45") (armor "95")
L 03/17/2015 - 15:48:34: "[Angels]AngelOfDeath<9><STEAM_0:0:66410872><TERRORIST>" attacked "[Angels]DarkAngel<7><STEAM_0:4:1039936371><CT>" with "glock18" (damage "23") (damage_armor "0") (health "44") (armor "0")
L 03/17/2015 - 15:48:38: "[Angels]AngelOfDeath<9><STEAM_0:0:66410872><TERRORIST>" attacked "[Angels]DarkAngel<7><STEAM_0:4:1039936371><CT>" with "glock18" (damage "92") (damage_armor "0") (health "-48") (armor "0")
L 03/17/2015 - 15:48:38: "[Angels]AngelOfDeath<9><STEAM_0:0:66410872><TERRORIST>" killed "[Angels]DarkAngel<7><STEAM_0:4:1039936371><CT>" with "glock18"
L 03/17/2015 - 15:48:38: Team "TERRORIST" triggered "Terrorists_Win" (CT "1") (T "1")
L 03/17/2015 - 15:48:38: World triggered "Round_End"
L 03/17/2015 - 15:48:43: "[Angels]AngelOfDeath<9><STEAM_0:0:66410872><TERRORIST>" triggered "Spawned_With_The_Bomb"
L 03/17/2015 - 15:48:48: World triggered "Round_Start"
L 03/17/2015 - 15:49:00: "[Angels]AngelOfDeath<9><STEAM_0:0:66410872><TERRORIST>" attacked "[Angels]DarkAngel<7><STEAM_0:4:1039936371><CT>" with "glock18" (damage "19") (damage_armor "0") (health "81") (armor "0")
L 03/17/2015 - 15:49:04: "[Angels]AngelOfDeath<9><STEAM_0:0:66410872><TERRORIST>" attacked "[Angels]DarkAngel<7><STEAM_0:4:1039936371><CT>" with "glock18" (damage "23") (damage_armor "0") (health "58") (armor "0")
L 03/17/2015 - 15:49:04: "[Angels]AngelOfDeath<9><STEAM_0:0:66410872><TERRORIST>" attacked "[Angels]DarkAngel<7><STEAM_0:4:1039936371><CT>" with "glock18" (damage "21") (damage_armor "0") (health "37") (armor "0")
L 03/17/2015 - 15:49:04: "[Angels]AngelOfDeath<9><STEAM_0:0:66410872><TERRORIST>" attacked "[Angels]DarkAngel<7><STEAM_0:4:1039936371><CT>" with "glock18" (damage "17") (damage_armor "0") (health "20") (armor "0")
L 03/17/2015 - 15:49:05: "[Angels]AngelOfDeath<9><STEAM_0:0:66410872><TERRORIST>" attacked "[Angels]DarkAngel<7><STEAM_0:4:1039936371><CT>" with "glock18" (damage "22") (damage_armor "0") (health "-2") (armor "0")
L 03/17/2015 - 15:49:05: "[Angels]AngelOfDeath<9><STEAM_0:0:66410872><TERRORIST>" killed "[Angels]DarkAngel<7><STEAM_0:4:1039936371><CT>" with "glock18"
L 03/17/2015 - 15:49:05: Team "TERRORIST" triggered "Terrorists_Win" (CT "1") (T "2")
L 03/17/2015 - 15:49:05: World triggered "Round_End"
L 03/17/2015 - 15:49:10: "[Angels]AngelOfDeath<9><STEAM_0:0:66410872><TERRORIST>" triggered "Spawned_With_The_Bomb"
L 03/17/2015 - 15:49:15: World triggered "Round_Start"
L 03/17/2015 - 15:49:39: "[Angels]AngelOfDeath<9><STEAM_0:0:66410872><TERRORIST>" attacked "[Angels]DarkAngel<7><STEAM_0:4:1039936371><CT>" with "m4a1" (damage "116") (damage_armor "0") (health "-16") (armor "0")
L 03/17/2015 - 15:49:39: "[Angels]AngelOfDeath<9><STEAM_0:0:66410872><TERRORIST>" killed "[Angels]DarkAngel<7><STEAM_0:4:1039936371><CT>" with "m4a1"
L 03/17/2015 - 15:49:39: Team "TERRORIST" triggered "Terrorists_Win" (CT "1") (T "3")
L 03/17/2015 - 15:49:39: World triggered "Round_End"
L 03/17/2015 - 15:49:44: "[Angels]AngelOfDeath<9><STEAM_0:0:66410872><TERRORIST>" triggered "Spawned_With_The_Bomb"
L 03/17/2015 - 15:49:49: World triggered "Round_Start"
L 03/17/2015 - 15:49:57: "[Angels]DarkAngel<7><STEAM_0:4:1039936371><CT>" attacked "[Angels]AngelOfDeath<9><STEAM_0:0:66410872><TERRORIST>" with "deagle" (damage "126") (damage_armor "21") (health "-26") (armor "74")
L 03/17/2015 - 15:49:57: "[Angels]DarkAngel<7><STEAM_0:4:1039936371><CT>" killed "[Angels]AngelOfDeath<9><STEAM_0:0:66410872><TERRORIST>" with "deagle"
L 03/17/2015 - 15:49:57: Team "CT" triggered "CTs_Win" (CT "2") (T "3")
L 03/17/2015 - 15:49:57: World triggered "Round_End"
L 03/17/2015 - 15:50:02: "[Angels]AngelOfDeath<9><STEAM_0:0:66410872><TERRORIST>" triggered "Spawned_With_The_Bomb"
L 03/17/2015 - 15:50:07: World triggered "Round_Start"
L 03/17/2015 - 15:50:16: "[Angels]DarkAngel<7><STEAM_0:4:1039936371><CT>" attacked "[Angels]AngelOfDeath<9><STEAM_0:0:66410872><TERRORIST>" with "deagle" (damage "27") (damage_armor "5") (health "73") (armor "95")
L 03/17/2015 - 15:50:20: "[Angels]DarkAngel<7><STEAM_0:4:1039936371><CT>" attacked "[Angels]AngelOfDeath<9><STEAM_0:0:66410872><TERRORIST>" with "deagle" (damage "26") (damage_armor "4") (health "47") (armor "91")
L 03/17/2015 - 15:50:21: "[Angels]AngelOfDeath<9><STEAM_0:0:66410872><TERRORIST>" attacked "[Angels]DarkAngel<7><STEAM_0:4:1039936371><CT>" with "ak47" (damage "34") (damage_armor "0") (health "66") (armor "0")
L 03/17/2015 - 15:50:30: "[Angels]DarkAngel<7><STEAM_0:4:1039936371><CT>" attacked "[Angels]AngelOfDeath<9><STEAM_0:0:66410872><TERRORIST>" with "deagle" (damage "24") (damage_armor "4") (health "23") (armor "87")
L 03/17/2015 - 15:50:41: "[Angels]AngelOfDeath<9><STEAM_0:0:66410872><TERRORIST>" triggered "Dropped_The_Bomb"
L 03/17/2015 - 15:51:00: "[Angels]DarkAngel<7><STEAM_0:4:1039936371><CT>" attacked "[Angels]AngelOfDeath<9><STEAM_0:0:66410872><TERRORIST>" with "knife" (damage "55") (damage_armor "5") (health "-32") (armor "82")
L 03/17/2015 - 15:51:00: "[Angels]DarkAngel<7><STEAM_0:4:1039936371><CT>" killed "[Angels]AngelOfDeath<9><STEAM_0:0:66410872><TERRORIST>" with "knife"
L 03/17/2015 - 15:51:00: Team "CT" triggered "CTs_Win" (CT "3") (T "3")
L 03/17/2015 - 15:51:00: World triggered "Round_End"
L 03/17/2015 - 15:51:05: "[Angels]AngelOfDeath<9><STEAM_0:0:66410872><TERRORIST>" triggered "Spawned_With_The_Bomb"
L 03/17/2015 - 15:51:10: World triggered "Round_Start"
L 03/17/2015 - 15:51:33: "[Angels]DarkAngel<7><STEAM_0:4:1039936371><CT>" attacked "[Angels]AngelOfDeath<9><STEAM_0:0:66410872><TERRORIST>" with "deagle" (damage "39") (damage_armor "7") (health "61") (armor "93")
L 03/17/2015 - 15:51:34: "[Angels]DarkAngel<7><STEAM_0:4:1039936371><CT>" attacked "[Angels]AngelOfDeath<9><STEAM_0:0:66410872><TERRORIST>" with "deagle" (damage "156") (damage_armor "26") (health "-95") (armor "67")
L 03/17/2015 - 15:51:34: "[Angels]DarkAngel<7><STEAM_0:4:1039936371><CT>" killed "[Angels]AngelOfDeath<9><STEAM_0:0:66410872><TERRORIST>" with "deagle"
L 03/17/2015 - 15:51:34: Team "CT" triggered "CTs_Win" (CT "4") (T "3")
L 03/17/2015 - 15:51:34: World triggered "Round_End"
L 03/17/2015 - 15:51:39: "[Angels]AngelOfDeath<9><STEAM_0:0:66410872><TERRORIST>" triggered "Spawned_With_The_Bomb"
L 03/17/2015 - 15:51:44: World triggered "Round_Start"
L 03/17/2015 - 15:52:13: "[Angels]DarkAngel<7><STEAM_0:4:1039936371><CT>" attacked "[Angels]AngelOfDeath<9><STEAM_0:0:66410872><TERRORIST>" with "m4a1" (damage "84") (damage_armor "18") (health "16") (armor "82")
L 03/17/2015 - 15:52:14: "[Angels]AngelOfDeath<9><STEAM_0:0:66410872><TERRORIST>" attacked "[Angels]DarkAngel<7><STEAM_0:4:1039936371><CT>" with "ak47" (damage "26") (damage_armor "0") (health "74") (armor "0")
L 03/17/2015 - 15:52:21: "[Angels]AngelOfDeath<9><STEAM_0:0:66410872><TERRORIST>" attacked "[Angels]DarkAngel<7><STEAM_0:4:1039936371><CT>" with "ak47" (damage "26") (damage_armor "0") (health "48") (armor "0")
L 03/17/2015 - 15:52:21: "[Angels]AngelOfDeath<9><STEAM_0:0:66410872><TERRORIST>" attacked "[Angels]DarkAngel<7><STEAM_0:4:1039936371><CT>" with "ak47" (damage "35") (damage_armor "0") (health "13") (armor "0")
L 03/17/2015 - 15:52:21: "[Angels]AngelOfDeath<9><STEAM_0:0:66410872><TERRORIST>" attacked "[Angels]DarkAngel<7><STEAM_0:4:1039936371><CT>" with "ak47" (damage "26") (damage_armor "0") (health "-13") (armor "0")
L 03/17/2015 - 15:52:21: "[Angels]AngelOfDeath<9><STEAM_0:0:66410872><TERRORIST>" killed "[Angels]DarkAngel<7><STEAM_0:4:1039936371><CT>" with "ak47"
L 03/17/2015 - 15:52:21: Team "TERRORIST" triggered "Terrorists_Win" (CT "4") (T "4")
L 03/17/2015 - 15:52:21: World triggered "Round_End"
L 03/17/2015 - 15:52:26: "[Angels]AngelOfDeath<9><STEAM_0:0:66410872><TERRORIST>" triggered "Spawned_With_The_Bomb"
L 03/17/2015 - 15:52:31: World triggered "Round_Start"
L 03/17/2015 - 15:52:39: "[Angels]DarkAngel<7><STEAM_0:4:1039936371><CT>" attacked "[Angels]AngelOfDeath<9><STEAM_0:0:66410872><TERRORIST>" with "deagle" (damage "30") (damage_armor "0") (health "70") (armor "82")
L 03/17/2015 - 15:52:41: "[Angels]DarkAngel<7><STEAM_0:4:1039936371><CT>" attacked "[Angels]AngelOfDeath<9><STEAM_0:0:66410872><TERRORIST>" with "deagle" (damage "40") (damage_armor "7") (health "30") (armor "75")
L 03/17/2015 - 15:52:41: "[Angels]DarkAngel<7><STEAM_0:4:1039936371><CT>" attacked "[Angels]AngelOfDeath<9><STEAM_0:0:66410872><TERRORIST>" with "deagle" (damage "34") (damage_armor "6") (health "-4") (armor "69")
L 03/17/2015 - 15:52:41: "[Angels]DarkAngel<7><STEAM_0:4:1039936371><CT>" killed "[Angels]AngelOfDeath<9><STEAM_0:0:66410872><TERRORIST>" with "deagle"
L 03/17/2015 - 15:52:41: Team "CT" triggered "CTs_Win" (CT "5") (T "4")
L 03/17/2015 - 15:52:41: World triggered "Round_End"
L 03/17/2015 - 15:52:46: "[Angels]AngelOfDeath<9><STEAM_0:0:66410872><TERRORIST>" triggered "Spawned_With_The_Bomb"
L 03/17/2015 - 15:52:51: World triggered "Round_Start"
L 03/17/2015 - 15:53:30: "[Angels]DarkAngel<7><STEAM_0:4:1039936371><CT>" attacked "[Angels]AngelOfDeath<9><STEAM_0:0:66410872><TERRORIST>" with "deagle" (damage "28") (damage_armor "0") (health "72") (armor "0")
L 03/17/2015 - 15:53:31: "[Angels]DarkAngel<7><STEAM_0:4:1039936371><CT>" attacked "[Angels]AngelOfDeath<9><STEAM_0:0:66410872><TERRORIST>" with "deagle" (damage "36") (damage_armor "0") (health "36") (armor "0")
L 03/17/2015 - 15:53:31: "[Angels]AngelOfDeath<9><STEAM_0:0:66410872><TERRORIST>" attacked "[Angels]DarkAngel<7><STEAM_0:4:1039936371><CT>" with "p90" (damage "10") (damage_armor "0") (health "90") (armor "100")
L 03/17/2015 - 15:53:31: "[Angels]AngelOfDeath<9><STEAM_0:0:66410872><TERRORIST>" attacked "[Angels]DarkAngel<7><STEAM_0:4:1039936371><CT>" with "p90" (damage "10") (damage_armor "0") (health "80") (armor "100")
L 03/17/2015 - 15:53:32: "[Angels]AngelOfDeath<9><STEAM_0:0:66410872><TERRORIST>" attacked "[Angels]DarkAngel<7><STEAM_0:4:1039936371><CT>" with "p90" (damage "10") (damage_armor "0") (health "70") (armor "100")
L 03/17/2015 - 15:53:33: "[Angels]DarkAngel<7><STEAM_0:4:1039936371><CT>" attacked "[Angels]AngelOfDeath<9><STEAM_0:0:66410872><TERRORIST>" with "deagle" (damage "29") (damage_armor "0") (health "7") (armor "0")
L 03/17/2015 - 15:53:34: "[Angels]DarkAngel<7><STEAM_0:4:1039936371><CT>" attacked "[Angels]AngelOfDeath<9><STEAM_0:0:66410872><TERRORIST>" with "deagle" (damage "36") (damage_armor "0") (health "-29") (armor "0")
L 03/17/2015 - 15:53:34: "[Angels]DarkAngel<7><STEAM_0:4:1039936371><CT>" killed "[Angels]AngelOfDeath<9><STEAM_0:0:66410872><TERRORIST>" with "deagle"
L 03/17/2015 - 15:53:34: Team "CT" triggered "CTs_Win" (CT "6") (T "4")
L 03/17/2015 - 15:53:34: World triggered "Round_End"
L 03/17/2015 - 15:53:39: "[Angels]AngelOfDeath<9><STEAM_0:0:66410872><TERRORIST>" triggered "Spawned_With_The_Bomb"
L 03/17/2015 - 15:53:44: World triggered "Round_Start"
L 03/17/2015 - 15:53:51: "[Angels]DarkAngel<7><STEAM_0:4:1039936371><CT>" attacked "[Angels]AngelOfDeath<9><STEAM_0:0:66410872><TERRORIST>" with "deagle" (damage "29") (damage_armor "5") (health "71") (armor "95")
L 03/17/2015 - 15:53:52: "[Angels]DarkAngel<7><STEAM_0:4:1039936371><CT>" attacked "[Angels]AngelOfDeath<9><STEAM_0:0:66410872><TERRORIST>" with "deagle" (damage "30") (damage_armor "5") (health "41") (armor "90")
L 03/17/2015 - 15:53:53: "[Angels]AngelOfDeath<9><STEAM_0:0:66410872><TERRORIST>" attacked "[Angels]DarkAngel<7><STEAM_0:4:1039936371><CT>" with "ak47" (damage "26") (damage_armor "0") (health "74") (armor "100")
L 03/17/2015 - 15:53:54: "[Angels]DarkAngel<7><STEAM_0:4:1039936371><CT>" attacked "[Angels]AngelOfDeath<9><STEAM_0:0:66410872><TERRORIST>" with "deagle" (damage "34") (damage_armor "6") (health "7") (armor "84")
L 03/17/2015 - 15:53:54: "[Angels]AngelOfDeath<9><STEAM_0:0:66410872><TERRORIST>" attacked "[Angels]DarkAngel<7><STEAM_0:4:1039936371><CT>" with "ak47" (damage "27") (damage_armor "4") (health "47") (armor "96")
L 03/17/2015 - 15:53:55: "[Angels]AngelOfDeath<9><STEAM_0:0:66410872><TERRORIST>" attacked "[Angels]DarkAngel<7><STEAM_0:4:1039936371><CT>" with "ak47" (damage "33") (damage_armor "5") (health "14") (armor "91")
L 03/17/2015 - 15:53:58: "[Angels]AngelOfDeath<9><STEAM_0:0:66410872><TERRORIST>" attacked "[Angels]DarkAngel<7><STEAM_0:4:1039936371><CT>" with "glock18" (damage "11") (damage_armor "5") (health "3") (armor "86")
L 03/17/2015 - 15:53:58: "[Angels]AngelOfDeath<9><STEAM_0:0:66410872><TERRORIST>" attacked "[Angels]DarkAngel<7><STEAM_0:4:1039936371><CT>" with "glock18" (damage "42") (damage_armor "19") (health "-39") (armor "67")
L 03/17/2015 - 15:53:58: "[Angels]AngelOfDeath<9><STEAM_0:0:66410872><TERRORIST>" killed "[Angels]DarkAngel<7><STEAM_0:4:1039936371><CT>" with "glock18"
L 03/17/2015 - 15:53:58: Team "TERRORIST" triggered "Terrorists_Win" (CT "6") (T "5")
L 03/17/2015 - 15:53:58: World triggered "Round_End"
L 03/17/2015 - 15:54:03: "[Angels]AngelOfDeath<9><STEAM_0:0:66410872><TERRORIST>" triggered "Spawned_With_The_Bomb"
L 03/17/2015 - 15:54:08: World triggered "Round_Start"
L 03/17/2015 - 15:54:18: "[Angels]DarkAngel<7><STEAM_0:4:1039936371><CT>" attacked "[Angels]AngelOfDeath<9><STEAM_0:0:66410872><TERRORIST>" with "deagle" (damage "108") (damage_armor "18") (health "-8") (armor "66")
L 03/17/2015 - 15:54:18: "[Angels]DarkAngel<7><STEAM_0:4:1039936371><CT>" killed "[Angels]AngelOfDeath<9><STEAM_0:0:66410872><TERRORIST>" with "deagle"
L 03/17/2015 - 15:54:18: Team "CT" triggered "CTs_Win" (CT "7") (T "5")
L 03/17/2015 - 15:54:18: World triggered "Round_End"
L 03/17/2015 - 15:54:23: "[Angels]AngelOfDeath<9><STEAM_0:0:66410872><TERRORIST>" triggered "Spawned_With_The_Bomb"
L 03/17/2015 - 15:54:28: World triggered "Round_Start"
L 03/17/2015 - 15:55:12: "[Angels]AngelOfDeath<9><STEAM_0:0:66410872><TERRORIST>" attacked "[Angels]DarkAngel<7><STEAM_0:4:1039936371><CT>" with "glock18" (damage "48") (damage_armor "22") (health "52") (armor "78")
L 03/17/2015 - 15:55:14: "[Angels]AngelOfDeath<9><STEAM_0:0:66410872><TERRORIST>" attacked "[Angels]DarkAngel<7><STEAM_0:4:1039936371><CT>" with "glock18" (damage "15") (damage_armor "7") (health "37") (armor "71")
L 03/17/2015 - 15:55:16: "[Angels]AngelOfDeath<9><STEAM_0:0:66410872><TERRORIST>" attacked "[Angels]DarkAngel<7><STEAM_0:4:1039936371><CT>" with "glock18" (damage "12") (damage_armor "6") (health "25") (armor "65")
L 03/17/2015 - 15:55:17: "[Angels]AngelOfDeath<9><STEAM_0:0:66410872><TERRORIST>" attacked "[Angels]DarkAngel<7><STEAM_0:4:1039936371><CT>" with "glock18" (damage "17") (damage_armor "0") (health "8") (armor "65")
L 03/17/2015 - 15:55:23: "[Angels]AngelOfDeath<9><STEAM_0:0:66410872><TERRORIST>" attacked "[Angels]DarkAngel<7><STEAM_0:4:1039936371><CT>" with "knife" (damage "55") (damage_armor "5") (health "-47") (armor "60")
L 03/17/2015 - 15:55:23: "[Angels]AngelOfDeath<9><STEAM_0:0:66410872><TERRORIST>" killed "[Angels]DarkAngel<7><STEAM_0:4:1039936371><CT>" with "knife"
L 03/17/2015 - 15:55:23: Team "TERRORIST" triggered "Terrorists_Win" (CT "7") (T "6")
L 03/17/2015 - 15:55:23: World triggered "Round_End"
L 03/17/2015 - 15:55:28: "[Angels]AngelOfDeath<9><STEAM_0:0:66410872><TERRORIST>" triggered "Spawned_With_The_Bomb"
L 03/17/2015 - 15:55:33: World triggered "Round_Start"
L 03/17/2015 - 15:55:42: [DPROTO]: Client 2 - Set AuthIdType 3 [dp_RevEmu]; pClient = 0xb391dcf0
L 03/17/2015 - 15:55:42: "S.T.A.L.K.E.R.<10><STEAM_0:4:843175685><>" connected, address "178.76.223.205:27005"
L 03/17/2015 - 15:55:42: [VTC] Player 3 speex
L 03/17/2015 - 15:55:46: [DPROTO]: Client 2 - Set AuthIdType 3 [dp_RevEmu]; pClient = 0xb391dcf0
L 03/17/2015 - 15:55:46: "S.T.A.L.K.E.R.<11><STEAM_0:4:843175685><>" connected, address "178.76.223.205:27005"
L 03/17/2015 - 15:55:46: [VTC] Player 3 speex
L 03/17/2015 - 15:55:48: "[Angels]AngelOfDeath<9><STEAM_0:0:66410872><TERRORIST>" attacked "[Angels]DarkAngel<7><STEAM_0:4:1039936371><CT>" with "m4a1" (damage "23") (damage_armor "0") (health "77") (armor "0")
L 03/17/2015 - 15:55:48: "[Angels]AngelOfDeath<9><STEAM_0:0:66410872><TERRORIST>" attacked "[Angels]DarkAngel<7><STEAM_0:4:1039936371><CT>" with "m4a1" (damage "23") (damage_armor "0") (health "54") (armor "0")
L 03/17/2015 - 15:55:48: "[Angels]AngelOfDeath<9><STEAM_0:0:66410872><TERRORIST>" attacked "[Angels]DarkAngel<7><STEAM_0:4:1039936371><CT>" with "m4a1" (damage "23") (damage_armor "0") (health "31") (armor "0")
L 03/17/2015 - 15:55:48: "[Angels]AngelOfDeath<9><STEAM_0:0:66410872><TERRORIST>" attacked "[Angels]DarkAngel<7><STEAM_0:4:1039936371><CT>" with "m4a1" (damage "31") (damage_armor "0") (health "0") (armor "0")
L 03/17/2015 - 15:55:48: "[Angels]AngelOfDeath<9><STEAM_0:0:66410872><TERRORIST>" killed "[Angels]DarkAngel<7><STEAM_0:4:1039936371><CT>" with "m4a1"
L 03/17/2015 - 15:55:48: Team "TERRORIST" triggered "Terrorists_Win" (CT "7") (T "7")
L 03/17/2015 - 15:55:48: World triggered "Round_End"
L 03/17/2015 - 15:55:52: "S.T.A.L.K.E.R.<11><STEAM_0:4:843175685><>" entered the game
L 03/17/2015 - 15:55:53: "[Angels]AngelOfDeath<9><STEAM_0:0:66410872><TERRORIST>" triggered "Spawned_With_The_Bomb"
L 03/17/2015 - 15:55:58: World triggered "Round_Start"
L 03/17/2015 - 15:56:08: "S.T.A.L.K.E.R.<11><STEAM_0:4:843175685><>" joined team "CT"
L 03/17/2015 - 15:56:29: "[Angels]DarkAngel<7><STEAM_0:4:1039936371><CT>" attacked "[Angels]AngelOfDeath<9><STEAM_0:0:66410872><TERRORIST>" with "deagle" (damage "53") (damage_armor "0") (health "47") (armor "0")
L 03/17/2015 - 15:56:31: "[Angels]AngelOfDeath<9><STEAM_0:0:66410872><TERRORIST>" attacked "[Angels]DarkAngel<7><STEAM_0:4:1039936371><CT>" with "m4a1" (damage "27") (damage_armor "6") (health "73") (armor "94")
L 03/17/2015 - 15:56:31: "[Angels]AngelOfDeath<9><STEAM_0:0:66410872><TERRORIST>" attacked "[Angels]DarkAngel<7><STEAM_0:4:1039936371><CT>" with "m4a1" (damage "27") (damage_armor "6") (health "46") (armor "88")
L 03/17/2015 - 15:56:33: "S.T.A.L.K.E.R.<11><STEAM_0:4:843175685><CT>" attacked "[Angels]AngelOfDeath<9><STEAM_0:0:66410872><TERRORIST>" with "usp" (damage "23") (damage_armor "0") (health "24") (armor "0")
L 03/17/2015 - 15:56:33: "S.T.A.L.K.E.R.<11><STEAM_0:4:843175685><CT>" attacked "[Angels]AngelOfDeath<9><STEAM_0:0:66410872><TERRORIST>" with "usp" (damage "27") (damage_armor "0") (health "-3") (armor "0")
L 03/17/2015 - 15:56:33: "S.T.A.L.K.E.R.<11><STEAM_0:4:843175685><CT>" killed "[Angels]AngelOfDeath<9><STEAM_0:0:66410872><TERRORIST>" with "usp"
L 03/17/2015 - 15:56:33: Team "CT" triggered "CTs_Win" (CT "8") (T "7")
L 03/17/2015 - 15:56:33: World triggered "Round_End"
L 03/17/2015 - 15:56:38: "[Angels]AngelOfDeath<9><STEAM_0:0:66410872><TERRORIST>" triggered "Spawned_With_The_Bomb"
L 03/17/2015 - 15:56:43: World triggered "Round_Start"
L 03/17/2015 - 15:56:56: "[Angels]AngelOfDeath<9><STEAM_0:0:66410872><TERRORIST>" attacked "S.T.A.L.K.E.R.<11><STEAM_0:4:843175685><CT>" with "ak47" (damage "25") (damage_armor "0") (health "75") (armor "100")
L 03/17/2015 - 15:56:56: "[Angels]AngelOfDeath<9><STEAM_0:0:66410872><TERRORIST>" attacked "S.T.A.L.K.E.R.<11><STEAM_0:4:843175685><CT>" with "ak47" (damage "25") (damage_armor "0") (health "50") (armor "100")
L 03/17/2015 - 15:56:57: "[Angels]AngelOfDeath<9><STEAM_0:0:66410872><TERRORIST>" attacked "S.T.A.L.K.E.R.<11><STEAM_0:4:843175685><CT>" with "ak47" (damage "26") (damage_armor "4") (health "24") (armor "96")
L 03/17/2015 - 15:56:57: "S.T.A.L.K.E.R.<11><STEAM_0:4:843175685><CT>" attacked "[Angels]AngelOfDeath<9><STEAM_0:0:66410872><TERRORIST>" with "famas" (damage "18") (damage_armor "5") (health "82") (armor "95")
L 03/17/2015 - 15:56:57: "[Angels]AngelOfDeath<9><STEAM_0:0:66410872><TERRORIST>" attacked "S.T.A.L.K.E.R.<11><STEAM_0:4:843175685><CT>" with "ak47" (damage "25") (damage_armor "0") (health "-1") (armor "96")
L 03/17/2015 - 15:56:57: "[Angels]AngelOfDeath<9><STEAM_0:0:66410872><TERRORIST>" killed "S.T.A.L.K.E.R.<11><STEAM_0:4:843175685><CT>" with "ak47"
L 03/17/2015 - 15:57:02: "[Angels]AngelOfDeath<9><STEAM_0:0:66410872><TERRORIST>" attacked "[Angels]DarkAngel<7><STEAM_0:4:1039936371><CT>" with "ak47" (damage "33") (damage_armor "5") (health "67") (armor "83")
L 03/17/2015 - 15:57:02: "[Angels]AngelOfDeath<9><STEAM_0:0:66410872><TERRORIST>" attacked "[Angels]DarkAngel<7><STEAM_0:4:1039936371><CT>" with "ak47" (damage "27") (damage_armor "4") (health "40") (armor "79")
L 03/17/2015 - 15:57:03: "[Angels]DarkAngel<7><STEAM_0:4:1039936371><CT>" attacked "[Angels]AngelOfDeath<9><STEAM_0:0:66410872><TERRORIST>" with "deagle" (damage "138") (damage_armor "23") (health "-56") (armor "72")
L 03/17/2015 - 15:57:03: "[Angels]DarkAngel<7><STEAM_0:4:1039936371><CT>" killed "[Angels]AngelOfDeath<9><STEAM_0:0:66410872><TERRORIST>" with "deagle"
L 03/17/2015 - 15:57:03: Team "CT" triggered "CTs_Win" (CT "9") (T "7")
L 03/17/2015 - 15:57:03: World triggered "Round_End"
L 03/17/2015 - 15:57:08: "[Angels]AngelOfDeath<9><STEAM_0:0:66410872><TERRORIST>" triggered "Spawned_With_The_Bomb"
L 03/17/2015 - 15:57:13: World triggered "Round_Start"
L 03/17/2015 - 15:58:09: "[Angels]AngelOfDeath<9><STEAM_0:0:66410872><TERRORIST>" attacked "S.T.A.L.K.E.R.<11><STEAM_0:4:843175685><CT>" with "ak47" (damage "34") (damage_armor "0") (health "66") (armor "0")
L 03/17/2015 - 15:58:10: "S.T.A.L.K.E.R.<11><STEAM_0:4:843175685><CT>" attacked "[Angels]AngelOfDeath<9><STEAM_0:0:66410872><TERRORIST>" with "m3" (damage "6") (damage_armor "3") (health "94") (armor "97")
L 03/17/2015 - 15:58:10: "[Angels]AngelOfDeath<9><STEAM_0:0:66410872><TERRORIST>" attacked "S.T.A.L.K.E.R.<11><STEAM_0:4:843175685><CT>" with "ak47" (damage "25") (damage_armor "0") (health "41") (armor "0")
L 03/17/2015 - 15:58:10: "[Angels]AngelOfDeath<9><STEAM_0:0:66410872><TERRORIST>" attacked "S.T.A.L.K.E.R.<11><STEAM_0:4:843175685><CT>" with "ak47" (damage "25") (damage_armor "0") (health "16") (armor "0")
L 03/17/2015 - 15:58:10: "[Angels]AngelOfDeath<9><STEAM_0:0:66410872><TERRORIST>" attacked "S.T.A.L.K.E.R.<11><STEAM_0:4:843175685><CT>" with "ak47" (damage "25") (damage_armor "0") (health "-9") (armor "0")
L 03/17/2015 - 15:58:10: "[Angels]AngelOfDeath<9><STEAM_0:0:66410872><TERRORIST>" killed "S.T.A.L.K.E.R.<11><STEAM_0:4:843175685><CT>" with "ak47"
L 03/17/2015 - 15:58:18: "[Angels]AngelOfDeath<9><STEAM_0:0:66410872><TERRORIST>" attacked "[Angels]DarkAngel<7><STEAM_0:4:1039936371><CT>" with "m3" (damage "72") (damage_armor "36") (health "28") (armor "43")
L 03/17/2015 - 15:58:18: "[Angels]DarkAngel<7><STEAM_0:4:1039936371><CT>" attacked "[Angels]AngelOfDeath<9><STEAM_0:0:66410872><TERRORIST>" with "deagle" (damage "153") (damage_armor "26") (health "-59") (armor "71")
L 03/17/2015 - 15:58:18: "[Angels]DarkAngel<7><STEAM_0:4:1039936371><CT>" killed "[Angels]AngelOfDeath<9><STEAM_0:0:66410872><TERRORIST>" with "deagle"
L 03/17/2015 - 15:58:18: Team "CT" triggered "CTs_Win" (CT "10") (T "7")
L 03/17/2015 - 15:58:18: World triggered "Round_End"
L 03/17/2015 - 15:58:23: "[Angels]AngelOfDeath<9><STEAM_0:0:66410872><TERRORIST>" triggered "Spawned_With_The_Bomb"
L 03/17/2015 - 15:58:28: World triggered "Round_Start"
L 03/17/2015 - 15:59:01: "[Angels]AngelOfDeath<9><STEAM_0:0:66410872><TERRORIST>" attacked "[Angels]DarkAngel<7><STEAM_0:4:1039936371><CT>" with "ak47" (damage "26") (damage_armor "4") (health "74") (armor "39")
L 03/17/2015 - 15:59:01: "[Angels]AngelOfDeath<9><STEAM_0:0:66410872><TERRORIST>" attacked "[Angels]DarkAngel<7><STEAM_0:4:1039936371><CT>" with "ak47" (damage "26") (damage_armor "4") (health "48") (armor "35")
L 03/17/2015 - 15:59:01: "[Angels]AngelOfDeath<9><STEAM_0:0:66410872><TERRORIST>" attacked "[Angels]DarkAngel<7><STEAM_0:4:1039936371><CT>" with "ak47" (damage "26") (damage_armor "3") (health "22") (armor "32")
L 03/17/2015 - 15:59:03: "S.T.A.L.K.E.R.<11><STEAM_0:4:843175685><CT>" attacked "[Angels]AngelOfDeath<9><STEAM_0:0:66410872><TERRORIST>" with "m3" (damage "8") (damage_armor "5") (health "92") (armor "95")
L 03/17/2015 - 15:59:03: "[Angels]AngelOfDeath<9><STEAM_0:0:66410872><TERRORIST>" attacked "S.T.A.L.K.E.R.<11><STEAM_0:4:843175685><CT>" with "ak47" (damage "16") (damage_armor "0") (health "84") (armor "0")
L 03/17/2015 - 15:59:06: "[Angels]AngelOfDeath<9><STEAM_0:0:66410872><TERRORIST>" attacked "S.T.A.L.K.E.R.<11><STEAM_0:4:843175685><CT>" with "ak47" (damage "34") (damage_armor "0") (health "50") (armor "0")
L 03/17/2015 - 15:59:06: "S.T.A.L.K.E.R.<11><STEAM_0:4:843175685><CT>" attacked "[Angels]AngelOfDeath<9><STEAM_0:0:66410872><TERRORIST>" with "m3" (damage "20") (damage_armor "10") (health "72") (armor "85")
L 03/17/2015 - 15:59:07: "[Angels]AngelOfDeath<9><STEAM_0:0:66410872><TERRORIST>" attacked "S.T.A.L.K.E.R.<11><STEAM_0:4:843175685><CT>" with "ak47" (damage "136") (damage_armor "0") (health "-86") (armor "0")
L 03/17/2015 - 15:59:07: "[Angels]AngelOfDeath<9><STEAM_0:0:66410872><TERRORIST>" killed "S.T.A.L.K.E.R.<11><STEAM_0:4:843175685><CT>" with "ak47"
L 03/17/2015 - 15:59:14: "[Angels]DarkAngel<7><STEAM_0:4:1039936371><CT>" attacked "[Angels]AngelOfDeath<9><STEAM_0:0:66410872><TERRORIST>" with "deagle" (damage "147") (damage_armor "24") (health "-75") (armor "61")
L 03/17/2015 - 15:59:14: "[Angels]DarkAngel<7><STEAM_0:4:1039936371><CT>" killed "[Angels]AngelOfDeath<9><STEAM_0:0:66410872><TERRORIST>" with "deagle"
L 03/17/2015 - 15:59:14: Team "CT" triggered "CTs_Win" (CT "11") (T "7")
L 03/17/2015 - 15:59:14: World triggered "Round_End"
L 03/17/2015 - 15:59:19: "[Angels]AngelOfDeath<9><STEAM_0:0:66410872><TERRORIST>" triggered "Spawned_With_The_Bomb"
L 03/17/2015 - 15:59:24: World triggered "Round_Start"
L 03/17/2015 - 16:00:02: "S.T.A.L.K.E.R.<11><STEAM_0:4:843175685><CT>" attacked "[Angels]AngelOfDeath<9><STEAM_0:0:66410872><TERRORIST>" with "m4a1" (damage "21") (damage_armor "5") (health "79") (armor "95")
L 03/17/2015 - 16:00:02: "S.T.A.L.K.E.R.<11><STEAM_0:4:843175685><CT>" attacked "[Angels]AngelOfDeath<9><STEAM_0:0:66410872><TERRORIST>" with "m4a1" (damage "26") (damage_armor "6") (health "53") (armor "89")
L 03/17/2015 - 16:00:02: "S.T.A.L.K.E.R.<11><STEAM_0:4:843175685><CT>" attacked "[Angels]AngelOfDeath<9><STEAM_0:0:66410872><TERRORIST>" with "m4a1" (damage "26") (damage_armor "5") (health "27") (armor "84")
L 03/17/2015 - 16:00:02: "S.T.A.L.K.E.R.<11><STEAM_0:4:843175685><CT>" attacked "[Angels]AngelOfDeath<9><STEAM_0:0:66410872><TERRORIST>" with "m4a1" (damage "21") (damage_armor "5") (health "6") (armor "79")
L 03/17/2015 - 16:00:17: "[Angels]AngelOfDeath<9><STEAM_0:0:66410872><TERRORIST>" attacked "S.T.A.L.K.E.R.<11><STEAM_0:4:843175685><CT>" with "ak47" (damage "105") (damage_armor "16") (health "-5") (armor "84")
L 03/17/2015 - 16:00:17: "[Angels]AngelOfDeath<9><STEAM_0:0:66410872><TERRORIST>" killed "S.T.A.L.K.E.R.<11><STEAM_0:4:843175685><CT>" with "ak47"
L 03/17/2015 - 16:00:33: "[Angels]AngelOfDeath<9><STEAM_0:0:66410872><TERRORIST>" attacked "[Angels]DarkAngel<7><STEAM_0:4:1039936371><CT>" with "ak47" (damage "26") (damage_armor "0") (health "74") (armor "32")
L 03/17/2015 - 16:00:33: "[Angels]AngelOfDeath<9><STEAM_0:0:66410872><TERRORIST>" attacked "[Angels]DarkAngel<7><STEAM_0:4:1039936371><CT>" with "ak47" (damage "26") (damage_armor "0") (health "48") (armor "32")
L 03/17/2015 - 16:00:34: "[Angels]AngelOfDeath<9><STEAM_0:0:66410872><TERRORIST>" attacked "[Angels]DarkAngel<7><STEAM_0:4:1039936371><CT>" with "ak47" (damage "27") (damage_armor "4") (health "21") (armor "28")
L 03/17/2015 - 16:00:34: "[Angels]AngelOfDeath<9><STEAM_0:0:66410872><TERRORIST>" attacked "[Angels]DarkAngel<7><STEAM_0:4:1039936371><CT>" with "ak47" (damage "33") (damage_armor "5") (health "-12") (armor "23")
L 03/17/2015 - 16:00:34: "[Angels]AngelOfDeath<9><STEAM_0:0:66410872><TERRORIST>" killed "[Angels]DarkAngel<7><STEAM_0:4:1039936371><CT>" with "ak47"
L 03/17/2015 - 16:00:34: Team "TERRORIST" triggered "Terrorists_Win" (CT "11") (T "8")
L 03/17/2015 - 16:00:34: World triggered "Round_End"
L 03/17/2015 - 16:00:39: "[Angels]AngelOfDeath<9><STEAM_0:0:66410872><TERRORIST>" triggered "Spawned_With_The_Bomb"
L 03/17/2015 - 16:00:44: World triggered "Round_Start"
L 03/17/2015 - 16:01:11: "[Angels]AngelOfDeath<9><STEAM_0:0:66410872><TERRORIST>" attacked "S.T.A.L.K.E.R.<11><STEAM_0:4:843175685><CT>" with "m4a1" (damage "112") (damage_armor "0") (health "-12") (armor "0")
L 03/17/2015 - 16:01:11: "[Angels]AngelOfDeath<9><STEAM_0:0:66410872><TERRORIST>" killed "S.T.A.L.K.E.R.<11><STEAM_0:4:843175685><CT>" with "m4a1"
L 03/17/2015 - 16:01:34: "[Angels]DarkAngel<7><STEAM_0:4:1039936371><CT>" attacked "[Angels]AngelOfDeath<9><STEAM_0:0:66410872><TERRORIST>" with "knife" (damage "165") (damage_armor "14") (health "-65") (armor "65")
L 03/17/2015 - 16:01:34: "[Angels]DarkAngel<7><STEAM_0:4:1039936371><CT>" killed "[Angels]AngelOfDeath<9><STEAM_0:0:66410872><TERRORIST>" with "knife"
L 03/17/2015 - 16:01:34: Team "CT" triggered "CTs_Win" (CT "12") (T "8")
L 03/17/2015 - 16:01:34: World triggered "Round_End"
L 03/17/2015 - 16:01:39: "[Angels]AngelOfDeath<9><STEAM_0:0:66410872><TERRORIST>" triggered "Spawned_With_The_Bomb"
L 03/17/2015 - 16:01:44: World triggered "Round_Start"
L 03/17/2015 - 16:02:02: "S.T.A.L.K.E.R.<11><STEAM_0:4:843175685><CT>" attacked "[Angels]AngelOfDeath<9><STEAM_0:0:66410872><TERRORIST>" with "m3" (damage "78") (damage_armor "40") (health "22") (armor "60")
L 03/17/2015 - 16:02:04: "[Angels]AngelOfDeath<9><STEAM_0:0:66410872><TERRORIST>" attacked "S.T.A.L.K.E.R.<11><STEAM_0:4:843175685><CT>" with "ak47" (damage "26") (damage_armor "0") (health "74") (armor "100")
L 03/17/2015 - 16:02:04: "S.T.A.L.K.E.R.<11><STEAM_0:4:843175685><CT>" attacked "[Angels]AngelOfDeath<9><STEAM_0:0:66410872><TERRORIST>" with "m3" (damage "80") (damage_armor "0") (health "-58") (armor "60")
L 03/17/2015 - 16:02:04: "S.T.A.L.K.E.R.<11><STEAM_0:4:843175685><CT>" killed "[Angels]AngelOfDeath<9><STEAM_0:0:66410872><TERRORIST>" with "m3"
L 03/17/2015 - 16:02:04: Team "CT" triggered "CTs_Win" (CT "13") (T "8")
L 03/17/2015 - 16:02:04: World triggered "Round_End"
L 03/17/2015 - 16:02:09: "[Angels]AngelOfDeath<9><STEAM_0:0:66410872><TERRORIST>" triggered "Spawned_With_The_Bomb"
L 03/17/2015 - 16:02:14: World triggered "Round_Start"
L 03/17/2015 - 16:03:04: "[Angels]AngelOfDeath<9><STEAM_0:0:66410872><TERRORIST>" attacked "[Angels]DarkAngel<7><STEAM_0:4:1039936371><CT>" with "ak47" (damage "12") (damage_armor "0") (health "88") (armor "100")
L 03/17/2015 - 16:03:07: "[Angels]AngelOfDeath<9><STEAM_0:0:66410872><TERRORIST>" attacked "S.T.A.L.K.E.R.<11><STEAM_0:4:843175685><CT>" with "ak47" (damage "26") (damage_armor "4") (health "74") (armor "96")
L 03/17/2015 - 16:03:07: "[Angels]AngelOfDeath<9><STEAM_0:0:66410872><TERRORIST>" attacked "S.T.A.L.K.E.R.<11><STEAM_0:4:843175685><CT>" with "ak47" (damage "32") (damage_armor "5") (health "42") (armor "91")
L 03/17/2015 - 16:03:07: "[Angels]AngelOfDeath<9><STEAM_0:0:66410872><TERRORIST>" attacked "S.T.A.L.K.E.R.<11><STEAM_0:4:843175685><CT>" with "ak47" (damage "32") (damage_armor "5") (health "10") (armor "86")
L 03/17/2015 - 16:03:07: "[Angels]AngelOfDeath<9><STEAM_0:0:66410872><TERRORIST>" attacked "S.T.A.L.K.E.R.<11><STEAM_0:4:843175685><CT>" with "ak47" (damage "32") (damage_armor "5") (health "-22") (armor "81")
L 03/17/2015 - 16:03:07: "[Angels]AngelOfDeath<9><STEAM_0:0:66410872><TERRORIST>" killed "S.T.A.L.K.E.R.<11><STEAM_0:4:843175685><CT>" with "ak47"
L 03/17/2015 - 16:03:22: "[Angels]DarkAngel<7><STEAM_0:4:1039936371><CT>" attacked "[Angels]AngelOfDeath<9><STEAM_0:0:66410872><TERRORIST>" with "knife" (damage "55") (damage_armor "5") (health "45") (armor "95")
L 03/17/2015 - 16:03:30: "[Angels]AngelOfDeath<9><STEAM_0:0:66410872><TERRORIST>" triggered "Planted_The_Bomb"
L 03/17/2015 - 16:03:34: "[Angels]AngelOfDeath<9><STEAM_0:0:66410872><TERRORIST>" attacked "[Angels]DarkAngel<7><STEAM_0:4:1039936371><CT>" with "knife" (damage "55") (damage_armor "5") (health "33") (armor "95")
L 03/17/2015 - 16:03:44: "[Angels]DarkAngel<7><STEAM_0:4:1039936371><CT>" attacked "[Angels]AngelOfDeath<9><STEAM_0:0:66410872><TERRORIST>" with "knife" (damage "55") (damage_armor "5") (health "-10") (armor "90")
L 03/17/2015 - 16:03:44: "[Angels]DarkAngel<7><STEAM_0:4:1039936371><CT>" killed "[Angels]AngelOfDeath<9><STEAM_0:0:66410872><TERRORIST>" with "knife"
L 03/17/2015 - 16:03:46: "[Angels]DarkAngel<7><STEAM_0:4:1039936371><CT>" triggered "Begin_Bomb_Defuse_With_Kit"
L 03/17/2015 - 16:03:46: "[Angels]DarkAngel<7><STEAM_0:4:1039936371><CT>" triggered "Begin_Bomb_Defuse_With_Kit"
L 03/17/2015 - 16:03:46: "[Angels]DarkAngel<7><STEAM_0:4:1039936371><CT>" triggered "Begin_Bomb_Defuse_With_Kit"
L 03/17/2015 - 16:03:46: "[Angels]DarkAngel<7><STEAM_0:4:1039936371><CT>" triggered "Begin_Bomb_Defuse_With_Kit"
L 03/17/2015 - 16:03:47: "[Angels]DarkAngel<7><STEAM_0:4:1039936371><CT>" triggered "Begin_Bomb_Defuse_With_Kit"
L 03/17/2015 - 16:03:48: "[Angels]DarkAngel<7><STEAM_0:4:1039936371><CT>" triggered "Begin_Bomb_Defuse_With_Kit"
L 03/17/2015 - 16:03:53: "[Angels]DarkAngel<7><STEAM_0:4:1039936371><CT>" triggered "Defused_The_Bomb"
L 03/17/2015 - 16:03:53: Team "CT" triggered "Bomb_Defused" (CT "14") (T "8")
L 03/17/2015 - 16:03:53: World triggered "Round_End"
L 03/17/2015 - 16:03:58: "[Angels]AngelOfDeath<9><STEAM_0:0:66410872><TERRORIST>" triggered "Spawned_With_The_Bomb"
L 03/17/2015 - 16:04:03: World triggered "Round_Start"
L 03/17/2015 - 16:04:42: "[Angels]AngelOfDeath<9><STEAM_0:0:66410872><TERRORIST>" triggered "Planted_The_Bomb"
L 03/17/2015 - 16:05:07: "[Angels]AngelOfDeath<9><STEAM_0:0:66410872><TERRORIST>" attacked "S.T.A.L.K.E.R.<11><STEAM_0:4:843175685><CT>" with "ak47" (damage "25") (damage_armor "0") (health "75") (armor "0")
L 03/17/2015 - 16:05:07: "S.T.A.L.K.E.R.<11><STEAM_0:4:843175685><CT>" attacked "[Angels]AngelOfDeath<9><STEAM_0:0:66410872><TERRORIST>" with "m249" (damage "21") (damage_armor "4") (health "79") (armor "96")
L 03/17/2015 - 16:05:07: "S.T.A.L.K.E.R.<11><STEAM_0:4:843175685><CT>" attacked "[Angels]AngelOfDeath<9><STEAM_0:0:66410872><TERRORIST>" with "m249" (damage "21") (damage_armor "4") (health "58") (armor "92")
L 03/17/2015 - 16:05:08: "[Angels]AngelOfDeath<9><STEAM_0:0:66410872><TERRORIST>" attacked "S.T.A.L.K.E.R.<11><STEAM_0:4:843175685><CT>" with "ak47" (damage "25") (damage_armor "0") (health "50") (armor "0")
L 03/17/2015 - 16:05:08: "S.T.A.L.K.E.R.<11><STEAM_0:4:843175685><CT>" attacked "[Angels]AngelOfDeath<9><STEAM_0:0:66410872><TERRORIST>" with "m249" (damage "21") (damage_armor "3") (health "37") (armor "89")
L 03/17/2015 - 16:05:08: "[Angels]AngelOfDeath<9><STEAM_0:0:66410872><TERRORIST>" attacked "S.T.A.L.K.E.R.<11><STEAM_0:4:843175685><CT>" with "ak47" (damage "25") (damage_armor "0") (health "25") (armor "0")
L 03/17/2015 - 16:05:17: Team "TERRORIST" triggered "Target_Bombed" (CT "14") (T "9")
L 03/17/2015 - 16:05:17: World triggered "Round_End"
L 03/17/2015 - 16:05:22: "[Angels]AngelOfDeath<9><STEAM_0:0:66410872><TERRORIST>" triggered "Spawned_With_The_Bomb"
L 03/17/2015 - 16:05:27: World triggered "Round_Start"
L 03/17/2015 - 16:05:56: "[Angels]AngelOfDeath<9><STEAM_0:0:66410872><TERRORIST>" attacked "[Angels]DarkAngel<7><STEAM_0:4:1039936371><CT>" with "ak47" (damage "26") (damage_armor "0") (health "74") (armor "100")
L 03/17/2015 - 16:05:58: "S.T.A.L.K.E.R.<11><STEAM_0:4:843175685><CT>" attacked "[Angels]AngelOfDeath<9><STEAM_0:0:66410872><TERRORIST>" with "m249" (damage "23") (damage_armor "4") (health "77") (armor "96")
L 03/17/2015 - 16:05:58: "S.T.A.L.K.E.R.<11><STEAM_0:4:843175685><CT>" attacked "[Angels]AngelOfDeath<9><STEAM_0:0:66410872><TERRORIST>" with "m249" (damage "23") (damage_armor "0") (health "54") (armor "96")
L 03/17/2015 - 16:05:58: "S.T.A.L.K.E.R.<11><STEAM_0:4:843175685><CT>" attacked "[Angels]AngelOfDeath<9><STEAM_0:0:66410872><TERRORIST>" with "m249" (damage "23") (damage_armor "4") (health "31") (armor "92")
L 03/17/2015 - 16:05:59: "[Angels]AngelOfDeath<9><STEAM_0:0:66410872><TERRORIST>" attacked "S.T.A.L.K.E.R.<11><STEAM_0:4:843175685><CT>" with "ak47" (damage "26") (damage_armor "0") (health "74") (armor "0")
L 03/17/2015 - 16:05:59: "[Angels]AngelOfDeath<9><STEAM_0:0:66410872><TERRORIST>" attacked "S.T.A.L.K.E.R.<11><STEAM_0:4:843175685><CT>" with "ak47" (damage "35") (damage_armor "0") (health "39") (armor "0")
L 03/17/2015 - 16:05:59: "[Angels]AngelOfDeath<9><STEAM_0:0:66410872><TERRORIST>" attacked "S.T.A.L.K.E.R.<11><STEAM_0:4:843175685><CT>" with "ak47" (damage "35") (damage_armor "0") (health "4") (armor "0")
L 03/17/2015 - 16:05:59: "[Angels]AngelOfDeath<9><STEAM_0:0:66410872><TERRORIST>" attacked "S.T.A.L.K.E.R.<11><STEAM_0:4:843175685><CT>" with "ak47" (damage "140") (damage_armor "0") (health "-136") (armor "0")
L 03/17/2015 - 16:05:59: "[Angels]AngelOfDeath<9><STEAM_0:0:66410872><TERRORIST>" killed "S.T.A.L.K.E.R.<11><STEAM_0:4:843175685><CT>" with "ak47"
L 03/17/2015 - 16:06:04: "[Angels]AngelOfDeath<9><STEAM_0:0:66410872><TERRORIST>" attacked "[Angels]DarkAngel<7><STEAM_0:4:1039936371><CT>" with "ak47" (damage "27") (damage_armor "4") (health "47") (armor "96")
L 03/17/2015 - 16:06:04: "[Angels]AngelOfDeath<9><STEAM_0:0:66410872><TERRORIST>" attacked "[Angels]DarkAngel<7><STEAM_0:4:1039936371><CT>" with "ak47" (damage "27") (damage_armor "4") (health "20") (armor "92")
L 03/17/2015 - 16:06:04: "[Angels]AngelOfDeath<9><STEAM_0:0:66410872><TERRORIST>" attacked "[Angels]DarkAngel<7><STEAM_0:4:1039936371><CT>" with "ak47" (damage "27") (damage_armor "4") (health "-7") (armor "88")
L 03/17/2015 - 16:06:04: "[Angels]AngelOfDeath<9><STEAM_0:0:66410872><TERRORIST>" killed "[Angels]DarkAngel<7><STEAM_0:4:1039936371><CT>" with "ak47"
L 03/17/2015 - 16:06:04: Team "TERRORIST" triggered "Terrorists_Win" (CT "14") (T "10")
L 03/17/2015 - 16:06:04: World triggered "Round_End"
L 03/17/2015 - 16:06:09: "[Angels]AngelOfDeath<9><STEAM_0:0:66410872><TERRORIST>" triggered "Spawned_With_The_Bomb"
L 03/17/2015 - 16:06:14: World triggered "Round_Start"
L 03/17/2015 - 16:06:26: Server cvar "amx_nextmap" = "he_tennis"
L 03/17/2015 - 16:06:26: Server cvar "mp_timelimit" = "0.000000"
L 03/17/2015 - 16:06:37: [DPROTO]: Client 3 - Set AuthIdType 1 [dp_SteamEmu]; pClient = 0xb3922be4
L 03/17/2015 - 16:06:37: "CaDUCT<12><STEAM_0:0:1167208949><>" connected, address "178.121.212.88:48737"
L 03/17/2015 - 16:06:37: [VTC] Player 4 speex
L 03/17/2015 - 16:06:43: "[Angels]AngelOfDeath<9><STEAM_0:0:66410872><TERRORIST>" attacked "S.T.A.L.K.E.R.<11><STEAM_0:4:843175685><CT>" with "ak47" (damage "26") (damage_armor "0") (health "74") (armor "0")
L 03/17/2015 - 16:06:43: "[Angels]AngelOfDeath<9><STEAM_0:0:66410872><TERRORIST>" attacked "S.T.A.L.K.E.R.<11><STEAM_0:4:843175685><CT>" with "ak47" (damage "26") (damage_armor "0") (health "48") (armor "0")
L 03/17/2015 - 16:06:43: "S.T.A.L.K.E.R.<11><STEAM_0:4:843175685><CT>" attacked "[Angels]AngelOfDeath<9><STEAM_0:0:66410872><TERRORIST>" with "m4a1" (damage "86") (damage_armor "19") (health "14") (armor "73")
L 03/17/2015 - 16:06:44: "S.T.A.L.K.E.R.<11><STEAM_0:4:843175685><CT>" attacked "[Angels]AngelOfDeath<9><STEAM_0:0:66410872><TERRORIST>" with "m4a1" (damage "21") (damage_armor "4") (health "-7") (armor "69")
L 03/17/2015 - 16:06:44: "S.T.A.L.K.E.R.<11><STEAM_0:4:843175685><CT>" killed "[Angels]AngelOfDeath<9><STEAM_0:0:66410872><TERRORIST>" with "m4a1"
L 03/17/2015 - 16:06:44: Team "CT" triggered "CTs_Win" (CT "15") (T "10")
L 03/17/2015 - 16:06:44: World triggered "Round_End"
L 03/17/2015 - 16:06:45: [DPROTO]: Client 3 - Set AuthIdType 1 [dp_SteamEmu]; pClient = 0xb3922be4
L 03/17/2015 - 16:06:45: "CaDUCT<13><STEAM_0:0:1167208949><>" connected, address "178.121.212.88:48737"
L 03/17/2015 - 16:06:45: [VTC] Player 4 speex
L 03/17/2015 - 16:06:49: "[Angels]AngelOfDeath<9><STEAM_0:0:66410872><TERRORIST>" triggered "Spawned_With_The_Bomb"
L 03/17/2015 - 16:06:54: Server cvar "mp_timelimit" = "0.010000"
L 03/17/2015 - 16:06:54: World triggered "Round_Start"
L 03/17/2015 - 16:06:54: Team "CT" scored "15" with "2" players
L 03/17/2015 - 16:06:54: Team "TERRORIST" scored "10" with "1" players
L 03/17/2015 - 16:06:54: Server cvar "mp_chattime" = "2"
L 03/17/2015 - 16:06:54: Server cvar "mp_chattime" = "3.000000"
L 03/17/2015 - 16:06:54: Server cvar "mp_chattime" = "1"
L 03/17/2015 - 16:06:54: "[Angels]DarkAngel<7><STEAM_0:4:1039936371><CT>" triggered "weaponstats" (weapon "m4a1") (shots "2") (hits "1") (kills "0") (headshots "0") (tks "0") (damage "84") (deaths "0")
L 03/17/2015 - 16:06:54: "[Angels]DarkAngel<7><STEAM_0:4:1039936371><CT>" triggered "weaponstats2" (weapon "m4a1") (head "1") (chest "0") (stomach "0") (leftarm "0") (rightarm "0") (leftleg "0") (rightleg "0")
L 03/17/2015 - 16:06:54: "[Angels]DarkAngel<7><STEAM_0:4:1039936371><CT>" triggered "weaponstats" (weapon "deagle") (shots "78") (hits "24") (kills "9") (headshots "7") (tks "0") (damage "1577") (deaths "5")
L 03/17/2015 - 16:06:54: "[Angels]DarkAngel<7><STEAM_0:4:1039936371><CT>" triggered "weaponstats2" (weapon "deagle") (head "7") (chest "2") (stomach "3") (leftarm "9") (rightarm "2") (leftleg "0") (rightleg "1")
L 03/17/2015 - 16:06:54: "[Angels]DarkAngel<7><STEAM_0:4:1039936371><CT>" triggered "weaponstats" (weapon "knife") (shots "13") (hits "5") (kills "3") (headshots "0") (tks "0") (damage "385") (deaths "2")
L 03/17/2015 - 16:06:54: "[Angels]DarkAngel<7><STEAM_0:4:1039936371><CT>" triggered "weaponstats2" (weapon "knife") (head "0") (chest "1") (stomach "0") (leftarm "0") (rightarm "1") (leftleg "0") (rightleg "0")
L 03/17/2015 - 16:06:54: "[Angels]DarkAngel<7><STEAM_0:4:1039936371><CT>" triggered "time" (time "20:21")
L 03/17/2015 - 16:06:54: "[Angels]DarkAngel<7><STEAM_0:4:1039936371><CT>" triggered "latency" (ping "27")
L 03/17/2015 - 16:06:54: "[Angels]AngelOfDeath<9><STEAM_0:0:66410872><TERRORIST>" triggered "weaponstats" (weapon "grenade") (shots "1") (hits "0") (kills "0") (headshots "0") (tks "0") (damage "0") (deaths "0")
L 03/17/2015 - 16:06:54: "[Angels]AngelOfDeath<9><STEAM_0:0:66410872><TERRORIST>" triggered "weaponstats2" (weapon "grenade") (head "0") (chest "0") (stomach "0") (leftarm "0") (rightarm "0") (leftleg "0") (rightleg "0")
L 03/17/2015 - 16:06:54: "[Angels]AngelOfDeath<9><STEAM_0:0:66410872><TERRORIST>" triggered "weaponstats" (weapon "glock18") (shots "60") (hits "15") (kills "3") (headshots "2") (tks "0") (damage "420") (deaths "1")
L 03/17/2015 - 16:06:54: "[Angels]AngelOfDeath<9><STEAM_0:0:66410872><TERRORIST>" triggered "weaponstats2" (weapon "glock18") (head "3") (chest "3") (stomach "2") (leftarm "3") (rightarm "2") (leftleg "2") (rightleg "0")
L 03/17/2015 - 16:06:54: "[Angels]AngelOfDeath<9><STEAM_0:0:66410872><TERRORIST>" triggered "weaponstats" (weapon "awp") (shots "8") (hits "0") (kills "0") (headshots "0") (tks "0") (damage "0") (deaths "1")
L 03/17/2015 - 16:06:54: "[Angels]AngelOfDeath<9><STEAM_0:0:66410872><TERRORIST>" triggered "weaponstats2" (weapon "awp") (head "0") (chest "0") (stomach "0") (leftarm "0") (rightarm "0") (leftleg "0") (rightleg "0")
L 03/17/2015 - 16:06:54: "[Angels]AngelOfDeath<9><STEAM_0:0:66410872><TERRORIST>" triggered "weaponstats" (weapon "m3") (shots "3") (hits "1") (kills "0") (headshots "0") (tks "0") (damage "72") (deaths "2")
L 03/17/2015 - 16:06:54: "[Angels]AngelOfDeath<9><STEAM_0:0:66410872><TERRORIST>" triggered "weaponstats2" (weapon "m3") (head "1") (chest "0") (stomach "0") (leftarm "0") (rightarm "0") (leftleg "0") (rightleg "0")
L 03/17/2015 - 16:06:54: "[Angels]AngelOfDeath<9><STEAM_0:0:66410872><TERRORIST>" triggered "weaponstats" (weapon "m4a1") (shots "107") (hits "8") (kills "3") (headshots "2") (tks "0") (damage "382") (deaths "4")
L 03/17/2015 - 16:06:54: "[Angels]AngelOfDeath<9><STEAM_0:0:66410872><TERRORIST>" triggered "weaponstats2" (weapon "m4a1") (head "2") (chest "0") (stomach "2") (leftarm "1") (rightarm "0") (leftleg "2") (rightleg "1")
L 03/17/2015 - 16:06:54: "[Angels]AngelOfDeath<9><STEAM_0:0:66410872><TERRORIST>" triggered "weaponstats" (weapon "ak47") (shots "333") (hits "48") (kills "9") (headshots "3") (tks "0") (damage "1614") (deaths "4")
L 03/17/2015 - 16:06:54: "[Angels]AngelOfDeath<9><STEAM_0:0:66410872><TERRORIST>" triggered "weaponstats2" (weapon "ak47") (head "3") (chest "5") (stomach "6") (leftarm "11") (rightarm "2") (leftleg "9") (rightleg "12")
L 03/17/2015 - 16:06:54: "[Angels]AngelOfDeath<9><STEAM_0:0:66410872><TERRORIST>" triggered "weaponstats" (weapon "knife") (shots "7") (hits "2") (kills "1") (headshots "0") (tks "0") (damage "110") (deaths "2")
L 03/17/2015 - 16:06:54: "[Angels]AngelOfDeath<9><STEAM_0:0:66410872><TERRORIST>" triggered "weaponstats2" (weapon "knife") (head "0") (chest "0") (stomach "0") (leftarm "0") (rightarm "0") (leftleg "0") (rightleg "1")
L 03/17/2015 - 16:06:54: "[Angels]AngelOfDeath<9><STEAM_0:0:66410872><TERRORIST>" triggered "weaponstats" (weapon "p90") (shots "50") (hits "3") (kills "0") (headshots "0") (tks "0") (damage "30") (deaths "1")
L 03/17/2015 - 16:06:54: "[Angels]AngelOfDeath<9><STEAM_0:0:66410872><TERRORIST>" triggered "weaponstats2" (weapon "p90") (head "0") (chest "0") (stomach "0") (leftarm "0") (rightarm "0") (leftleg "2") (rightleg "1")
L 03/17/2015 - 16:06:54: "[Angels]AngelOfDeath<9><STEAM_0:0:66410872><TERRORIST>" triggered "time" (time "19:54")
L 03/17/2015 - 16:06:54: "[Angels]AngelOfDeath<9><STEAM_0:0:66410872><TERRORIST>" triggered "latency" (ping "30")
L 03/17/2015 - 16:06:54: "S.T.A.L.K.E.R.<11><STEAM_0:4:843175685><CT>" triggered "weaponstats" (weapon "famas") (shots "4") (hits "1") (kills "0") (headshots "0") (tks "0") (damage "18") (deaths "2")
L 03/17/2015 - 16:06:54: "S.T.A.L.K.E.R.<11><STEAM_0:4:843175685><CT>" triggered "weaponstats2" (weapon "famas") (head "0") (chest "0") (stomach "0") (leftarm "0") (rightarm "1") (leftleg "0") (rightleg "0")
L 03/17/2015 - 16:06:54: "S.T.A.L.K.E.R.<11><STEAM_0:4:843175685><CT>" triggered "weaponstats" (weapon "usp") (shots "4") (hits "2") (kills "1") (headshots "0") (tks "0") (damage "50") (deaths "0")
L 03/17/2015 - 16:06:54: "S.T.A.L.K.E.R.<11><STEAM_0:4:843175685><CT>" triggered "weaponstats2" (weapon "usp") (head "0") (chest "0") (stomach "1") (leftarm "1") (rightarm "0") (leftleg "0") (rightleg "0")
L 03/17/2015 - 16:06:54: "S.T.A.L.K.E.R.<11><STEAM_0:4:843175685><CT>" triggered "weaponstats" (weapon "m249") (shots "119") (hits "6") (kills "0") (headshots "0") (tks "0") (damage "132") (deaths "1")
L 03/17/2015 - 16:06:54: "S.T.A.L.K.E.R.<11><STEAM_0:4:843175685><CT>" triggered "weaponstats2" (weapon "m249") (head "0") (chest "2") (stomach "0") (leftarm "2") (rightarm "1") (leftleg "1") (rightleg "0")
L 03/17/2015 - 16:06:54: "S.T.A.L.K.E.R.<11><STEAM_0:4:843175685><CT>" triggered "weaponstats" (weapon "m3") (shots "11") (hits "5") (kills "1") (headshots "0") (tks "0") (damage "192") (deaths "2")
L 03/17/2015 - 16:06:54: "S.T.A.L.K.E.R.<11><STEAM_0:4:843175685><CT>" triggered "weaponstats2" (weapon "m3") (head "1") (chest "0") (stomach "1") (leftarm "2") (rightarm "0") (leftleg "0") (rightleg "1")
L 03/17/2015 - 16:06:54: "S.T.A.L.K.E.R.<11><STEAM_0:4:843175685><CT>" triggered "weaponstats" (weapon "m4a1") (shots "75") (hits "6") (kills "1") (headshots "0") (tks "0") (damage "201") (deaths "1")
L 03/17/2015 - 16:06:54: "S.T.A.L.K.E.R.<11><STEAM_0:4:843175685><CT>" triggered "weaponstats2" (weapon "m4a1") (head "1") (chest "1") (stomach "1") (leftarm "1") (rightarm "2") (leftleg "0") (rightleg "0")
L 03/17/2015 - 16:06:54: "S.T.A.L.K.E.R.<11><STEAM_0:4:843175685><CT>" triggered "weaponstats" (weapon "ak47") (shots "8") (hits "0") (kills "0") (headshots "0") (tks "0") (damage "0") (deaths "1")
L 03/17/2015 - 16:06:54: "S.T.A.L.K.E.R.<11><STEAM_0:4:843175685><CT>" triggered "weaponstats2" (weapon "ak47") (head "0") (chest "0") (stomach "0") (leftarm "0") (rightarm "0") (leftleg "0") (rightleg "0")
L 03/17/2015 - 16:06:54: "S.T.A.L.K.E.R.<11><STEAM_0:4:843175685><CT>" triggered "time" (time "11:01")
L 03/17/2015 - 16:06:54: "S.T.A.L.K.E.R.<11><STEAM_0:4:843175685><CT>" triggered "latency" (ping "42")
L 03/17/2015 - 16:06:54: Server cvar "mp_timelimit" = "30.000000"
L 03/17/2015 - 16:06:54: [META] ini: Begin re-reading plugins list: /home/extazy/Public/cstrike/addons/metamod/plugins.ini
L 03/17/2015 - 16:06:54: [META] ini: Read plugin config for: AMX Mod X
L 03/17/2015 - 16:06:54: [META] ini: Read plugin config for: dproto_EF
L 03/17/2015 - 16:06:54: [META] ini: Read plugin config for: VoiceTranscoder
L 03/17/2015 - 16:06:54: [META] ini: Finished reading plugins list: /home/extazy/Public/cstrike/addons/metamod/plugins.ini; Found 3 plugins
L 03/17/2015 - 16:06:54: [META] dll: Updating plugins...
L 03/17/2015 - 16:06:54: [META] dll: Finished updating 12 plugins; kept 3, loaded 0, unloaded 0, reloaded 0, delayed 0
L 03/17/2015 - 16:06:54: Log file closed
