L 03/12/2015 - 11:43:46: Log file started (file "logs/L0312019.log") (game "cstrike") (version "48/1.6.3.7/Stdio/5787")
L 03/12/2015 - 11:43:46: Loading map "$2000$"
L 03/12/2015 - 11:43:46: Server cvars start
L 03/12/2015 - 11:43:46: Server cvar "_tutor_bomb_viewable_check_interval" = "0.5"
L 03/12/2015 - 11:43:46: Server cvar "_tutor_debug_level" = "0"
L 03/12/2015 - 11:43:46: Server cvar "_tutor_examine_time" = "0.5"
L 03/12/2015 - 11:43:46: Server cvar "_tutor_hint_interval_time" = "10.0"
L 03/12/2015 - 11:43:46: Server cvar "_tutor_look_angle" = "10"
L 03/12/2015 - 11:43:46: Server cvar "_tutor_look_distance" = "200"
L 03/12/2015 - 11:43:46: Server cvar "_tutor_message_character_display_time_coefficient" = "0.07"
L 03/12/2015 - 11:43:46: Server cvar "_tutor_message_minimum_display_time" = "1"
L 03/12/2015 - 11:43:46: Server cvar "_tutor_message_repeats" = "5"
L 03/12/2015 - 11:43:46: Server cvar "_tutor_view_distance" = "1000"
L 03/12/2015 - 11:43:46: Server cvar "aesp_version" = "1.5b_mini"
L 03/12/2015 - 11:43:46: Server cvar "allow_spectators" = "2"
L 03/12/2015 - 11:43:46: Server cvar "amx_client_languages" = "0"
L 03/12/2015 - 11:43:46: Server cvar "amx_contactinfo" = "ICQ: 691322983"
L 03/12/2015 - 11:43:46: Server cvar "amx_language" = "ru"
L 03/12/2015 - 11:43:46: Server cvar "amx_nextmap" = "de_inferno_2x2"
L 03/12/2015 - 11:43:46: Server cvar "amx_timeleft" = "24:49"
L 03/12/2015 - 11:43:46: Server cvar "amxbans_ssversion" = "Gm 1.6"
L 03/12/2015 - 11:43:46: Server cvar "amxbans_version" = "Gm 1.6"
L 03/12/2015 - 11:43:46: Server cvar "amxmodx_version" = "1.8.1.3746"
L 03/12/2015 - 11:43:46: Server cvar "Colored Translit Cheat" = "Loaded"
L 03/12/2015 - 11:43:46: Server cvar "Colored Translit Config" = "Loaded"
L 03/12/2015 - 11:43:46: Server cvar "Colored Translit Ignores" = "Loaded"
L 03/12/2015 - 11:43:46: Server cvar "Colored Translit Replace" = "Loaded"
L 03/12/2015 - 11:43:46: Server cvar "Colored Translit Spam" = "Loaded"
L 03/12/2015 - 11:43:46: Server cvar "Colored Translit Status" = "Loaded"
L 03/12/2015 - 11:43:46: Server cvar "Colored Translit Swear" = "Loaded"
L 03/12/2015 - 11:43:46: Server cvar "Colored Translit Version" = "2.0b Final"
L 03/12/2015 - 11:43:46: Server cvar "coop" = "0"
L 03/12/2015 - 11:43:46: Server cvar "deathmatch" = "1"
L 03/12/2015 - 11:43:46: Server cvar "decalfrequency" = "9"
L 03/12/2015 - 11:43:46: Server cvar "dp_version" = "0.9.391"
L 03/12/2015 - 11:43:46: Server cvar "edgefriction" = "2"
L 03/12/2015 - 11:43:46: Server cvar "hostage_debug" = "0"
L 03/12/2015 - 11:43:46: Server cvar "hostage_stop" = "0"
L 03/12/2015 - 11:43:46: Server cvar "humans_join_team" = "any"
L 03/12/2015 - 11:43:46: Server cvar "jtp10181" = "chute"
L 03/12/2015 - 11:43:46: Server cvar "max_queries_sec" = "3.0"
L 03/12/2015 - 11:43:46: Server cvar "max_queries_sec_global" = "30"
L 03/12/2015 - 11:43:46: Server cvar "max_queries_window" = "60"
L 03/12/2015 - 11:43:46: Server cvar "metamod_version" = "1.19p32"
L 03/12/2015 - 11:43:46: Server cvar "mp_allowmonsters" = "0"
L 03/12/2015 - 11:43:46: Server cvar "mp_autokick" = "1"
L 03/12/2015 - 11:43:46: Server cvar "mp_autoteambalance" = "1"
L 03/12/2015 - 11:43:46: Server cvar "mp_buytime" = "1.5"
L 03/12/2015 - 11:43:46: Server cvar "mp_c4timer" = "35"
L 03/12/2015 - 11:43:46: Server cvar "mp_chattime" = "0"
L 03/12/2015 - 11:43:46: Server cvar "mp_consistency" = "1"
L 03/12/2015 - 11:43:46: Server cvar "mp_fadetoblack" = "0"
L 03/12/2015 - 11:43:46: Server cvar "mp_flashlight" = "1"
L 03/12/2015 - 11:43:46: Server cvar "mp_footsteps" = "1"
L 03/12/2015 - 11:43:46: Server cvar "mp_forcecamera" = "0"
L 03/12/2015 - 11:43:46: Server cvar "mp_forcechasecam" = "0"
L 03/12/2015 - 11:43:46: Server cvar "mp_fragsleft" = "0"
L 03/12/2015 - 11:43:46: Server cvar "mp_freezetime" = "5"
L 03/12/2015 - 11:43:46: Server cvar "mp_friendlyfire" = "0"
L 03/12/2015 - 11:43:46: Server cvar "mp_ghostfrequency" = "0.1"
L 03/12/2015 - 11:43:46: Server cvar "mp_hostagepenalty" = "2"
L 03/12/2015 - 11:43:46: Server cvar "mp_kickpercent" = "0.66"
L 03/12/2015 - 11:43:46: Server cvar "mp_limitteams" = "2"
L 03/12/2015 - 11:43:46: Server cvar "mp_logdetail" = "3"
L 03/12/2015 - 11:43:46: Server cvar "mp_logfile" = "1"
L 03/12/2015 - 11:43:46: Server cvar "mp_logmessages" = "1"
L 03/12/2015 - 11:43:46: Server cvar "mp_mapvoteratio" = "0.66"
L 03/12/2015 - 11:43:46: Server cvar "mp_maxrounds" = "0"
L 03/12/2015 - 11:43:46: Server cvar "mp_mirrordamage" = "0"
L 03/12/2015 - 11:43:46: Server cvar "mp_playerid" = "0"
L 03/12/2015 - 11:43:46: Server cvar "mp_roundtime" = "2.57"
L 03/12/2015 - 11:43:46: Server cvar "mp_startmoney" = "800"
L 03/12/2015 - 11:43:46: Server cvar "mp_timeleft" = "0"
L 03/12/2015 - 11:43:46: Server cvar "mp_timelimit" = "30"
L 03/12/2015 - 11:43:46: Server cvar "mp_tkpunish" = "1"
L 03/12/2015 - 11:43:46: Server cvar "mp_windifference" = "1"
L 03/12/2015 - 11:43:46: Server cvar "mp_winlimit" = "0"
L 03/12/2015 - 11:43:46: Server cvar "pausable" = "0"
L 03/12/2015 - 11:43:46: Server cvar "sv_accelerate" = "5"
L 03/12/2015 - 11:43:46: Server cvar "sv_aim" = "off"
L 03/12/2015 - 11:43:46: Server cvar "sv_airaccelerate" = "10"
L 03/12/2015 - 11:43:46: Server cvar "sv_airmove" = "1"
L 03/12/2015 - 11:43:46: Server cvar "sv_allowupload" = "1"
L 03/12/2015 - 11:43:46: Server cvar "sv_alltalk" = "1"
L 03/12/2015 - 11:43:46: Server cvar "sv_bounce" = "1"
L 03/12/2015 - 11:43:46: Server cvar "sv_cheats" = "off"
L 03/12/2015 - 11:43:46: Server cvar "sv_clienttrace" = "1"
L 03/12/2015 - 11:43:46: Server cvar "sv_clipmode" = "0"
L 03/12/2015 - 11:43:46: Server cvar "sv_contact" = ""
L 03/12/2015 - 11:43:46: Server cvar "sv_friction" = "4"
L 03/12/2015 - 11:43:46: Server cvar "sv_gravity" = "800"
L 03/12/2015 - 11:43:46: Server cvar "sv_logblocks" = "0"
L 03/12/2015 - 11:43:46: Server cvar "sv_maxrate" = "50000"
L 03/12/2015 - 11:43:46: Server cvar "sv_maxspeed" = "900"
L 03/12/2015 - 11:43:46: Server cvar "sv_minrate" = "100000"
L 03/12/2015 - 11:43:46: Server cvar "sv_password" = ""
L 03/12/2015 - 11:43:46: Server cvar "sv_proxies" = "0"
L 03/12/2015 - 11:43:46: Server cvar "sv_region" = "3"
L 03/12/2015 - 11:43:46: Server cvar "sv_restart" = "0"
L 03/12/2015 - 11:43:46: Server cvar "sv_restartround" = "0"
L 03/12/2015 - 11:43:46: Server cvar "sv_stepsize" = "18"
L 03/12/2015 - 11:43:46: Server cvar "sv_stopspeed" = "75"
L 03/12/2015 - 11:43:46: Server cvar "sv_uploadmax" = "0.5"
L 03/12/2015 - 11:43:46: Server cvar "sv_voiceenable" = "1"
L 03/12/2015 - 11:43:46: Server cvar "sv_wateraccelerate" = "10"
L 03/12/2015 - 11:43:46: Server cvar "sv_waterfriction" = "1"
L 03/12/2015 - 11:43:46: Server cvar "ultimate_sounds" = "1.7"
L 03/12/2015 - 11:43:46: Server cvar "vtc_version" = "80"
L 03/12/2015 - 11:43:46: Server cvars end
L 03/12/2015 - 11:43:46: Server cvar "amx_nextmap" = "awp_india"
L 03/12/2015 - 11:43:46: Started map "$2000$" (CRC "-1688392397")
L 03/12/2015 - 11:43:52: World triggered "Round_Start"
L 03/12/2015 - 11:47:14: [DPROTO]: Client 4 - Set AuthIdType 1 [dp_RevEmu]; pClient = 0xb3933ad8
L 03/12/2015 - 11:47:14: "[Hard_Skill]_He3Hauka :)<22><STEAM_0:0:1466942706><>" connected, address "178.125.243.239:27005"
L 03/12/2015 - 11:47:14: [VTC] Player 5 speex
L 03/12/2015 - 11:47:17: "[Hard_Skill]_He3Hauka :)<22><STEAM_0:0:1466942706><>" entered the game
L 03/12/2015 - 11:47:20: "[Hard_Skill]_He3Hauka :)<22><STEAM_0:0:1466942706><>" joined team "CT"
L 03/12/2015 - 11:49:43: "[Hard_Skill]_He3Hauka :)<22><STEAM_0:0:1466942706><CT>" triggered "weaponstats" (weapon "grenade") (shots "5") (hits "0") (kills "0") (headshots "0") (tks "0") (damage "0") (deaths "0")
L 03/12/2015 - 11:49:43: "[Hard_Skill]_He3Hauka :)<22><STEAM_0:0:1466942706><CT>" triggered "weaponstats2" (weapon "grenade") (head "0") (chest "0") (stomach "0") (leftarm "0") (rightarm "0") (leftleg "0") (rightleg "0")
L 03/12/2015 - 11:49:43: "[Hard_Skill]_He3Hauka :)<22><STEAM_0:0:1466942706><CT>" triggered "weaponstats" (weapon "usp") (shots "12") (hits "0") (kills "0") (headshots "0") (tks "0") (damage "0") (deaths "0")
L 03/12/2015 - 11:49:43: "[Hard_Skill]_He3Hauka :)<22><STEAM_0:0:1466942706><CT>" triggered "weaponstats2" (weapon "usp") (head "0") (chest "0") (stomach "0") (leftarm "0") (rightarm "0") (leftleg "0") (rightleg "0")
L 03/12/2015 - 11:49:43: "[Hard_Skill]_He3Hauka :)<22><STEAM_0:0:1466942706><CT>" triggered "weaponstats" (weapon "ak47") (shots "40") (hits "0") (kills "0") (headshots "0") (tks "0") (damage "0") (deaths "0")
L 03/12/2015 - 11:49:43: "[Hard_Skill]_He3Hauka :)<22><STEAM_0:0:1466942706><CT>" triggered "weaponstats2" (weapon "ak47") (head "0") (chest "0") (stomach "0") (leftarm "0") (rightarm "0") (leftleg "0") (rightleg "0")
L 03/12/2015 - 11:49:43: "[Hard_Skill]_He3Hauka :)<22><STEAM_0:0:1466942706><CT>" triggered "time" (time "2:25")
L 03/12/2015 - 11:49:43: "[Hard_Skill]_He3Hauka :)<22><STEAM_0:0:1466942706><CT>" triggered "latency" (ping "39")
L 03/12/2015 - 11:49:43: "[Hard_Skill]_He3Hauka :)<22><STEAM_0:0:1466942706><CT>" disconnected
L 03/12/2015 - 11:49:43: World triggered "Round_Draw" (CT "0") (T "0")
L 03/12/2015 - 11:49:43: World triggered "Round_End"
L 03/12/2015 - 11:49:53: World triggered "Round_Start"
L 03/12/2015 - 11:54:04: [DPROTO]: Client 0 - Set AuthIdType 1 [dp_RevEmu]; pClient = 0xb391ff08
L 03/12/2015 - 11:54:04: "Nuban<23><STEAM_0:0:677484220><>" connected, address "109.196.217.16:27005"
L 03/12/2015 - 11:54:04: [VTC] Player 1 speex
L 03/12/2015 - 11:54:07: [DPROTO]: Client 0 - Set AuthIdType 1 [dp_RevEmu]; pClient = 0xb391ff08
L 03/12/2015 - 11:54:07: "EVIL_PANDA<24><STEAM_0:0:505975054><>" connected, address "109.196.217.1:27005"
L 03/12/2015 - 11:54:07: [VTC] Player 1 speex
L 03/12/2015 - 11:54:09: [DPROTO]: Client 0 - Set AuthIdType 1 [dp_RevEmu]; pClient = 0xb391ff08
L 03/12/2015 - 11:54:09: "Nuban<25><STEAM_0:0:677484220><>" connected, address "109.196.217.16:27005"
L 03/12/2015 - 11:54:10: [VTC] Player 1 speex
L 03/12/2015 - 11:54:12: [DPROTO]: Client 1 - Set AuthIdType 1 [dp_RevEmu]; pClient = 0xb3924dfc
L 03/12/2015 - 11:54:12: "EVIL_PANDA<26><STEAM_0:0:505975054><>" connected, address "109.196.217.1:27005"
L 03/12/2015 - 11:54:13: [VTC] Player 2 speex
L 03/12/2015 - 11:54:14: "Nuban<25><STEAM_0:0:677484220><>" entered the game
L 03/12/2015 - 11:54:16: "Nuban<25><STEAM_0:0:677484220><>" joined team "CT"
L 03/12/2015 - 11:54:17: "EVIL_PANDA<26><STEAM_0:0:505975054><>" entered the game
L 03/12/2015 - 11:54:21: "EVIL_PANDA<26><STEAM_0:0:505975054><>" joined team "TERRORIST"
L 03/12/2015 - 11:54:21: World triggered "Game_Commencing"
L 03/12/2015 - 11:54:21: World triggered "Game_Commencing" (CT "0") (T "0")
L 03/12/2015 - 11:54:21: World triggered "Round_End"
L 03/12/2015 - 11:54:29: World triggered "Round_Start"
L 03/12/2015 - 11:54:36: [DPROTO]: Client 2 - Set AuthIdType 1 [dp_RevEmu]; pClient = 0xb3929cf0
L 03/12/2015 - 11:54:36: "tortick_127<27><STEAM_0:0:578525566><>" connected, address "109.196.217.1:55275"
L 03/12/2015 - 11:54:36: [VTC] Player 3 speex
L 03/12/2015 - 11:54:45: [DPROTO]: Client 2 - Set AuthIdType 1 [dp_RevEmu]; pClient = 0xb3929cf0
L 03/12/2015 - 11:54:45: "tortick_127<28><STEAM_0:0:578525566><>" connected, address "109.196.217.1:55275"
L 03/12/2015 - 11:54:45: [VTC] Player 3 speex
L 03/12/2015 - 11:54:50: "tortick_127<28><STEAM_0:0:578525566><>" entered the game
L 03/12/2015 - 11:54:53: "tortick_127<28><STEAM_0:0:578525566><>" joined team "CT"
L 03/12/2015 - 11:54:56: "Nuban<25><STEAM_0:0:677484220><CT>" attacked "EVIL_PANDA<26><STEAM_0:0:505975054><TERRORIST>" with "m4a1" (damage "32") (damage_armor "0") (health "15") (armor "0")
L 03/12/2015 - 11:54:56: "Nuban<25><STEAM_0:0:677484220><CT>" attacked "EVIL_PANDA<26><STEAM_0:0:505975054><TERRORIST>" with "m4a1" (damage "32") (damage_armor "0") (health "-17") (armor "0")
L 03/12/2015 - 11:54:56: "Nuban<25><STEAM_0:0:677484220><CT>" killed "EVIL_PANDA<26><STEAM_0:0:505975054><TERRORIST>" with "m4a1"
L 03/12/2015 - 11:54:56: Team "CT" triggered "CTs_Win" (CT "1") (T "0")
L 03/12/2015 - 11:54:56: World triggered "Round_End"
L 03/12/2015 - 11:55:06: World triggered "Round_Start"
L 03/12/2015 - 11:55:10: "EVIL_PANDA<26><STEAM_0:0:505975054><TERRORIST>" attacked "Nuban<25><STEAM_0:0:677484220><CT>" with "m4a1" (damage "23") (damage_armor "0") (health "77") (armor "0")
L 03/12/2015 - 11:55:11: "EVIL_PANDA<26><STEAM_0:0:505975054><TERRORIST>" attacked "Nuban<25><STEAM_0:0:677484220><CT>" with "m4a1" (damage "14") (damage_armor "0") (health "63") (armor "0")
L 03/12/2015 - 11:55:17: "Nuban<25><STEAM_0:0:677484220><CT>" attacked "EVIL_PANDA<26><STEAM_0:0:505975054><TERRORIST>" with "m4a1" (damage "23") (damage_armor "0") (health "51") (armor "0")
L 03/12/2015 - 11:55:17: "Nuban<25><STEAM_0:0:677484220><CT>" attacked "EVIL_PANDA<26><STEAM_0:0:505975054><TERRORIST>" with "m4a1" (damage "31") (damage_armor "0") (health "20") (armor "0")
L 03/12/2015 - 11:55:18: "Nuban<25><STEAM_0:0:677484220><CT>" attacked "EVIL_PANDA<26><STEAM_0:0:505975054><TERRORIST>" with "m4a1" (damage "31") (damage_armor "0") (health "-11") (armor "0")
L 03/12/2015 - 11:55:18: "Nuban<25><STEAM_0:0:677484220><CT>" killed "EVIL_PANDA<26><STEAM_0:0:505975054><TERRORIST>" with "m4a1"
L 03/12/2015 - 11:55:18: Team "CT" triggered "CTs_Win" (CT "2") (T "0")
L 03/12/2015 - 11:55:18: World triggered "Round_End"
L 03/12/2015 - 11:55:28: World triggered "Round_Start"
L 03/12/2015 - 11:55:39: "Nuban<25><STEAM_0:0:677484220><CT>" attacked "EVIL_PANDA<26><STEAM_0:0:505975054><TERRORIST>" with "m4a1" (damage "40") (damage_armor "0") (health "60") (armor "0")
L 03/12/2015 - 11:55:40: "Nuban<25><STEAM_0:0:677484220><CT>" attacked "EVIL_PANDA<26><STEAM_0:0:505975054><TERRORIST>" with "m4a1" (damage "24") (damage_armor "0") (health "36") (armor "0")
L 03/12/2015 - 11:55:41: "Nuban<25><STEAM_0:0:677484220><CT>" attacked "EVIL_PANDA<26><STEAM_0:0:505975054><TERRORIST>" with "m4a1" (damage "32") (damage_armor "0") (health "4") (armor "0")
L 03/12/2015 - 11:55:41: "Nuban<25><STEAM_0:0:677484220><CT>" attacked "EVIL_PANDA<26><STEAM_0:0:505975054><TERRORIST>" with "m4a1" (damage "24") (damage_armor "0") (health "-20") (armor "0")
L 03/12/2015 - 11:55:41: "Nuban<25><STEAM_0:0:677484220><CT>" killed "EVIL_PANDA<26><STEAM_0:0:505975054><TERRORIST>" with "m4a1"
L 03/12/2015 - 11:55:41: Team "CT" triggered "CTs_Win" (CT "3") (T "0")
L 03/12/2015 - 11:55:41: World triggered "Round_End"
L 03/12/2015 - 11:55:51: World triggered "Round_Start"
L 03/12/2015 - 11:56:06: "tortick_127<28><STEAM_0:0:578525566><CT>" attacked "EVIL_PANDA<26><STEAM_0:0:505975054><TERRORIST>" with "aug" (damage "21") (damage_armor "0") (health "79") (armor "0")
L 03/12/2015 - 11:56:07: "tortick_127<28><STEAM_0:0:578525566><CT>" attacked "EVIL_PANDA<26><STEAM_0:0:505975054><TERRORIST>" with "aug" (damage "36") (damage_armor "0") (health "43") (armor "0")
L 03/12/2015 - 11:56:07: "tortick_127<28><STEAM_0:0:578525566><CT>" attacked "EVIL_PANDA<26><STEAM_0:0:505975054><TERRORIST>" with "aug" (damage "21") (damage_armor "0") (health "22") (armor "0")
L 03/12/2015 - 11:56:07: "tortick_127<28><STEAM_0:0:578525566><CT>" attacked "EVIL_PANDA<26><STEAM_0:0:505975054><TERRORIST>" with "aug" (damage "21") (damage_armor "0") (health "1") (armor "0")
L 03/12/2015 - 11:56:07: "tortick_127<28><STEAM_0:0:578525566><CT>" attacked "EVIL_PANDA<26><STEAM_0:0:505975054><TERRORIST>" with "aug" (damage "29") (damage_armor "0") (health "-28") (armor "0")
L 03/12/2015 - 11:56:07: "tortick_127<28><STEAM_0:0:578525566><CT>" killed "EVIL_PANDA<26><STEAM_0:0:505975054><TERRORIST>" with "aug"
L 03/12/2015 - 11:56:07: Team "CT" triggered "CTs_Win" (CT "4") (T "0")
L 03/12/2015 - 11:56:07: World triggered "Round_End"
L 03/12/2015 - 11:56:17: World triggered "Round_Start"
L 03/12/2015 - 11:56:26: "EVIL_PANDA<26><STEAM_0:0:505975054><TERRORIST>" attacked "Nuban<25><STEAM_0:0:677484220><CT>" with "xm1014" (damage "76") (damage_armor "0") (health "24") (armor "0")
L 03/12/2015 - 11:56:26: "Nuban<25><STEAM_0:0:677484220><CT>" attacked "EVIL_PANDA<26><STEAM_0:0:505975054><TERRORIST>" with "m4a1" (damage "32") (damage_armor "0") (health "29") (armor "0")
L 03/12/2015 - 11:56:27: "EVIL_PANDA<26><STEAM_0:0:505975054><TERRORIST>" attacked "Nuban<25><STEAM_0:0:677484220><CT>" with "xm1014" (damage "109") (damage_armor "0") (health "-85") (armor "0")
L 03/12/2015 - 11:56:27: "EVIL_PANDA<26><STEAM_0:0:505975054><TERRORIST>" killed "Nuban<25><STEAM_0:0:677484220><CT>" with "xm1014"
L 03/12/2015 - 11:56:28: "tortick_127<28><STEAM_0:0:578525566><CT>" attacked "EVIL_PANDA<26><STEAM_0:0:505975054><TERRORIST>" with "aug" (damage "30") (damage_armor "0") (health "-1") (armor "0")
L 03/12/2015 - 11:56:28: "tortick_127<28><STEAM_0:0:578525566><CT>" killed "EVIL_PANDA<26><STEAM_0:0:505975054><TERRORIST>" with "aug"
L 03/12/2015 - 11:56:28: Team "CT" triggered "CTs_Win" (CT "5") (T "0")
L 03/12/2015 - 11:56:28: World triggered "Round_End"
L 03/12/2015 - 11:56:38: World triggered "Round_Start"
L 03/12/2015 - 11:56:41: "tortick_127<28><STEAM_0:0:578525566><CT>" attacked "EVIL_PANDA<26><STEAM_0:0:505975054><TERRORIST>" with "xm1014" (damage "102") (damage_armor "0") (health "-2") (armor "0")
L 03/12/2015 - 11:56:41: "tortick_127<28><STEAM_0:0:578525566><CT>" killed "EVIL_PANDA<26><STEAM_0:0:505975054><TERRORIST>" with "xm1014"
L 03/12/2015 - 11:56:41: Team "CT" triggered "CTs_Win" (CT "6") (T "0")
L 03/12/2015 - 11:56:41: World triggered "Round_End"
L 03/12/2015 - 11:56:51: World triggered "Round_Start"
L 03/12/2015 - 11:56:59: "tortick_127<28><STEAM_0:0:578525566><CT>" attacked "EVIL_PANDA<26><STEAM_0:0:505975054><TERRORIST>" with "xm1014" (damage "114") (damage_armor "0") (health "-14") (armor "0")
L 03/12/2015 - 11:56:59: "tortick_127<28><STEAM_0:0:578525566><CT>" killed "EVIL_PANDA<26><STEAM_0:0:505975054><TERRORIST>" with "xm1014"
L 03/12/2015 - 11:56:59: Team "CT" triggered "CTs_Win" (CT "7") (T "0")
L 03/12/2015 - 11:56:59: World triggered "Round_End"
L 03/12/2015 - 11:57:03: "Nuban<25><STEAM_0:0:677484220><CT>" triggered "weaponstats" (weapon "grenade") (shots "5") (hits "3") (kills "0") (headshots "0") (tks "0") (damage "118") (deaths "0")
L 03/12/2015 - 11:57:03: "Nuban<25><STEAM_0:0:677484220><CT>" triggered "weaponstats2" (weapon "grenade") (head "0") (chest "0") (stomach "0") (leftarm "0") (rightarm "0") (leftleg "0") (rightleg "0")
L 03/12/2015 - 11:57:03: "Nuban<25><STEAM_0:0:677484220><CT>" triggered "weaponstats" (weapon "m4a1") (shots "52") (hits "10") (kills "3") (headshots "0") (tks "0") (damage "301") (deaths "1")
L 03/12/2015 - 11:57:03: "Nuban<25><STEAM_0:0:677484220><CT>" triggered "weaponstats2" (weapon "m4a1") (head "0") (chest "1") (stomach "0") (leftarm "3") (rightarm "3") (leftleg "2") (rightleg "1")
L 03/12/2015 - 11:57:03: "Nuban<25><STEAM_0:0:677484220><CT>" triggered "time" (time "2:48")
L 03/12/2015 - 11:57:03: "Nuban<25><STEAM_0:0:677484220><CT>" triggered "latency" (ping "76")
L 03/12/2015 - 11:57:03: "Nuban<25><STEAM_0:0:677484220><CT>" disconnected
L 03/12/2015 - 11:57:09: World triggered "Round_Start"
L 03/12/2015 - 11:57:15: "tortick_127<28><STEAM_0:0:578525566><CT>" attacked "EVIL_PANDA<26><STEAM_0:0:505975054><TERRORIST>" with "xm1014" (damage "266") (damage_armor "0") (health "-166") (armor "0")
L 03/12/2015 - 11:57:15: "tortick_127<28><STEAM_0:0:578525566><CT>" killed "EVIL_PANDA<26><STEAM_0:0:505975054><TERRORIST>" with "xm1014"
L 03/12/2015 - 11:57:15: Team "CT" triggered "CTs_Win" (CT "8") (T "0")
L 03/12/2015 - 11:57:15: World triggered "Round_End"
L 03/12/2015 - 11:57:25: World triggered "Round_Start"
L 03/12/2015 - 11:57:29: "EVIL_PANDA<26><STEAM_0:0:505975054><TERRORIST>" triggered "weaponstats" (weapon "grenade") (shots "6") (hits "0") (kills "0") (headshots "0") (tks "0") (damage "0") (deaths "0")
L 03/12/2015 - 11:57:29: "EVIL_PANDA<26><STEAM_0:0:505975054><TERRORIST>" triggered "weaponstats2" (weapon "grenade") (head "0") (chest "0") (stomach "0") (leftarm "0") (rightarm "0") (leftleg "0") (rightleg "0")
L 03/12/2015 - 11:57:29: "EVIL_PANDA<26><STEAM_0:0:505975054><TERRORIST>" triggered "weaponstats" (weapon "xm1014") (shots "5") (hits "2") (kills "1") (headshots "0") (tks "0") (damage "185") (deaths "2")
L 03/12/2015 - 11:57:29: "EVIL_PANDA<26><STEAM_0:0:505975054><TERRORIST>" triggered "weaponstats2" (weapon "xm1014") (head "0") (chest "0") (stomach "1") (leftarm "0") (rightarm "0") (leftleg "1") (rightleg "0")
L 03/12/2015 - 11:57:29: "EVIL_PANDA<26><STEAM_0:0:505975054><TERRORIST>" triggered "weaponstats" (weapon "awp") (shots "1") (hits "0") (kills "0") (headshots "0") (tks "0") (damage "0") (deaths "1")
L 03/12/2015 - 11:57:29: "EVIL_PANDA<26><STEAM_0:0:505975054><TERRORIST>" triggered "weaponstats2" (weapon "awp") (head "0") (chest "0") (stomach "0") (leftarm "0") (rightarm "0") (leftleg "0") (rightleg "0")
L 03/12/2015 - 11:57:29: "EVIL_PANDA<26><STEAM_0:0:505975054><TERRORIST>" triggered "weaponstats" (weapon "m4a1") (shots "14") (hits "2") (kills "0") (headshots "0") (tks "0") (damage "37") (deaths "1")
L 03/12/2015 - 11:57:29: "EVIL_PANDA<26><STEAM_0:0:505975054><TERRORIST>" triggered "weaponstats2" (weapon "m4a1") (head "0") (chest "0") (stomach "0") (leftarm "1") (rightarm "0") (leftleg "0") (rightleg "1")
L 03/12/2015 - 11:57:29: "EVIL_PANDA<26><STEAM_0:0:505975054><TERRORIST>" triggered "weaponstats" (weapon "ak47") (shots "18") (hits "0") (kills "0") (headshots "0") (tks "0") (damage "0") (deaths "2")
L 03/12/2015 - 11:57:29: "EVIL_PANDA<26><STEAM_0:0:505975054><TERRORIST>" triggered "weaponstats2" (weapon "ak47") (head "0") (chest "0") (stomach "0") (leftarm "0") (rightarm "0") (leftleg "0") (rightleg "0")
L 03/12/2015 - 11:57:29: "EVIL_PANDA<26><STEAM_0:0:505975054><TERRORIST>" triggered "time" (time "3:11")
L 03/12/2015 - 11:57:29: "EVIL_PANDA<26><STEAM_0:0:505975054><TERRORIST>" triggered "latency" (ping "93")
L 03/12/2015 - 11:57:29: "EVIL_PANDA<26><STEAM_0:0:505975054><TERRORIST>" disconnected
L 03/12/2015 - 11:58:07: "tortick_127<28><STEAM_0:0:578525566><CT>" triggered "weaponstats" (weapon "grenade") (shots "2") (hits "0") (kills "0") (headshots "0") (tks "0") (damage "0") (deaths "0")
L 03/12/2015 - 11:58:07: "tortick_127<28><STEAM_0:0:578525566><CT>" triggered "weaponstats2" (weapon "grenade") (head "0") (chest "0") (stomach "0") (leftarm "0") (rightarm "0") (leftleg "0") (rightleg "0")
L 03/12/2015 - 11:58:07: "tortick_127<28><STEAM_0:0:578525566><CT>" triggered "weaponstats" (weapon "xm1014") (shots "4") (hits "3") (kills "3") (headshots "1") (tks "0") (damage "482") (deaths "0")
L 03/12/2015 - 11:58:07: "tortick_127<28><STEAM_0:0:578525566><CT>" triggered "weaponstats2" (weapon "xm1014") (head "1") (chest "1") (stomach "0") (leftarm "1") (rightarm "0") (leftleg "0") (rightleg "0")
L 03/12/2015 - 11:58:07: "tortick_127<28><STEAM_0:0:578525566><CT>" triggered "weaponstats" (weapon "aug") (shots "18") (hits "6") (kills "2") (headshots "0") (tks "0") (damage "158") (deaths "0")
L 03/12/2015 - 11:58:07: "tortick_127<28><STEAM_0:0:578525566><CT>" triggered "weaponstats2" (weapon "aug") (head "0") (chest "1") (stomach "1") (leftarm "0") (rightarm "1") (leftleg "1") (rightleg "2")
L 03/12/2015 - 11:58:07: "tortick_127<28><STEAM_0:0:578525566><CT>" triggered "time" (time "3:16")
L 03/12/2015 - 11:58:07: "tortick_127<28><STEAM_0:0:578525566><CT>" triggered "latency" (ping "71")
L 03/12/2015 - 11:58:07: "tortick_127<28><STEAM_0:0:578525566><CT>" disconnected
L 03/12/2015 - 11:58:07: World triggered "Round_Draw" (CT "8") (T "0")
L 03/12/2015 - 11:58:07: World triggered "Round_End"
L 03/12/2015 - 11:58:15: [DPROTO]: Client 4 - Set AuthIdType 1 [dp_RevEmu]; pClient = 0xb3933ad8
L 03/12/2015 - 11:58:15: "[Hard_Skill]_He3Hauka :)<29><STEAM_0:0:377538746><>" connected, address "178.125.243.239:27005"
L 03/12/2015 - 11:58:15: [VTC] Player 5 speex
L 03/12/2015 - 11:58:17: World triggered "Round_Start"
L 03/12/2015 - 11:58:19: "[Hard_Skill]_He3Hauka :)<29><STEAM_0:0:377538746><>" entered the game
L 03/12/2015 - 11:58:29: "[Hard_Skill]_He3Hauka :)<29><STEAM_0:0:377538746><>" joined team "CT"
L 03/12/2015 - 12:02:27: "[Hard_Skill]_He3Hauka :)<29><STEAM_0:0:377538746><CT>" triggered "weaponstats" (weapon "grenade") (shots "5") (hits "0") (kills "0") (headshots "0") (tks "0") (damage "0") (deaths "0")
L 03/12/2015 - 12:02:27: "[Hard_Skill]_He3Hauka :)<29><STEAM_0:0:377538746><CT>" triggered "weaponstats2" (weapon "grenade") (head "0") (chest "0") (stomach "0") (leftarm "0") (rightarm "0") (leftleg "0") (rightleg "0")
L 03/12/2015 - 12:02:27: "[Hard_Skill]_He3Hauka :)<29><STEAM_0:0:377538746><CT>" triggered "weaponstats" (weapon "usp") (shots "18") (hits "0") (kills "0") (headshots "0") (tks "0") (damage "0") (deaths "0")
L 03/12/2015 - 12:02:27: "[Hard_Skill]_He3Hauka :)<29><STEAM_0:0:377538746><CT>" triggered "weaponstats2" (weapon "usp") (head "0") (chest "0") (stomach "0") (leftarm "0") (rightarm "0") (leftleg "0") (rightleg "0")
L 03/12/2015 - 12:02:27: "[Hard_Skill]_He3Hauka :)<29><STEAM_0:0:377538746><CT>" triggered "weaponstats" (weapon "m4a1") (shots "86") (hits "0") (kills "0") (headshots "0") (tks "0") (damage "0") (deaths "0")
L 03/12/2015 - 12:02:27: "[Hard_Skill]_He3Hauka :)<29><STEAM_0:0:377538746><CT>" triggered "weaponstats2" (weapon "m4a1") (head "0") (chest "0") (stomach "0") (leftarm "0") (rightarm "0") (leftleg "0") (rightleg "0")
L 03/12/2015 - 12:02:27: "[Hard_Skill]_He3Hauka :)<29><STEAM_0:0:377538746><CT>" triggered "time" (time "4:08")
L 03/12/2015 - 12:02:27: "[Hard_Skill]_He3Hauka :)<29><STEAM_0:0:377538746><CT>" triggered "latency" (ping "36")
L 03/12/2015 - 12:02:27: "[Hard_Skill]_He3Hauka :)<29><STEAM_0:0:377538746><CT>" disconnected
L 03/12/2015 - 12:02:27: World triggered "Round_Draw" (CT "8") (T "0")
L 03/12/2015 - 12:02:27: World triggered "Round_End"
L 03/12/2015 - 12:02:37: World triggered "Round_Start"
L 03/12/2015 - 12:24:24: Team "CT" scored "8" with "0" players
L 03/12/2015 - 12:24:24: Team "TERRORIST" scored "0" with "0" players
L 03/12/2015 - 12:24:24: Server cvar "mp_chattime" = "2"
L 03/12/2015 - 12:24:24: Server cvar "mp_chattime" = "0"
L 03/12/2015 - 12:24:24: [META] ini: Begin re-reading plugins list: /home/extazy/Public/cstrike/addons/metamod/plugins.ini
L 03/12/2015 - 12:24:24: [META] ini: Read plugin config for: AMX Mod X
L 03/12/2015 - 12:24:24: [META] ini: Read plugin config for: dproto_EF
L 03/12/2015 - 12:24:24: [META] ini: Read plugin config for: mmtimer
L 03/12/2015 - 12:24:24: [META] ini: Read plugin config for: VoiceTranscoder
L 03/12/2015 - 12:24:24: [META] ini: Finished reading plugins list: /home/extazy/Public/cstrike/addons/metamod/plugins.ini; Found 4 plugins
L 03/12/2015 - 12:24:24: [META] dll: Updating plugins...
L 03/12/2015 - 12:24:24: [META] WARNING: dll: Plugin 'mmtimer' isn't running; Forcing unload plugin for reloading
L 03/12/2015 - 12:24:24: [META] WARNING: dll: Failed to unload plugin 'mmtimer' for reloading
L 03/12/2015 - 12:24:24: [META] dll: Finished updating 13 plugins; kept 3, loaded 0, unloaded 0, reloaded 0, delayed 0
L 03/12/2015 - 12:24:24: Log file closed
