L 03/12/2015 - 17:35:58: Log file started (file "logs/L0312031.log") (game "cstrike") (version "48/1.6.3.7/Stdio/5787")
L 03/12/2015 - 17:35:58: Server cvar "mp_logdetail" = "3"
L 03/12/2015 - 17:36:03: [DPROTO]: Client 0 - Set AuthIdType 1 [dp_RevEmu]; pClient = 0xb3990f08
L 03/12/2015 - 17:36:03: "lexa epta<1><STEAM_0:0:910347381><>" connected, address "46.150.83.77:27005"
L 03/12/2015 - 17:36:03: [VTC] Player 1 speex
L 03/12/2015 - 17:36:06: World triggered "Round_Start"
L 03/12/2015 - 17:36:15: [DPROTO]: Client 0 - Set AuthIdType 1 [dp_RevEmu]; pClient = 0xb3990f08
L 03/12/2015 - 17:36:15: "lexa epta<2><STEAM_0:0:910347381><>" connected, address "46.150.83.77:27005"
L 03/12/2015 - 17:36:15: [VTC] Player 1 speex
L 03/12/2015 - 17:36:26: "lexa epta<2><STEAM_0:0:910347381><>" entered the game
L 03/12/2015 - 17:36:39: "lexa epta<2><STEAM_0:0:910347381><UNASSIGNED>" triggered "time" (time "0:13")
L 03/12/2015 - 17:36:39: "lexa epta<2><STEAM_0:0:910347381><UNASSIGNED>" triggered "latency" (ping "0")
L 03/12/2015 - 17:36:39: "lexa epta<2><STEAM_0:0:910347381><>" disconnected
L 03/12/2015 - 17:36:39: World triggered "Round_Draw" (CT "0") (T "0")
L 03/12/2015 - 17:36:39: World triggered "Round_End"
L 03/12/2015 - 17:36:49: World triggered "Round_Start"
L 03/12/2015 - 17:38:09: [DPROTO]: Client 0 - Set AuthIdType 1 [dp_SC2009]; pClient = 0xb3990f08
L 03/12/2015 - 17:38:09: "[St].Dorogi<3><STEAM_0:0:929856203><>" connected, address "37.215.22.198:32867"
L 03/12/2015 - 17:38:09: [VTC] Player 1 speex
L 03/12/2015 - 17:38:12: [DPROTO]: Client 0 - Set AuthIdType 1 [dp_SC2009]; pClient = 0xb3990f08
L 03/12/2015 - 17:38:12: "[St].Dorogi<4><STEAM_0:0:929856203><>" connected, address "37.215.22.198:32867"
L 03/12/2015 - 17:38:12: [VTC] Player 1 speex
L 03/12/2015 - 17:38:16: "[St].Dorogi<4><STEAM_0:0:929856203><>" entered the game
L 03/12/2015 - 17:38:46: "[St].Dorogi<4><STEAM_0:0:929856203><UNASSIGNED>" triggered "time" (time "0:30")
L 03/12/2015 - 17:38:46: "[St].Dorogi<4><STEAM_0:0:929856203><UNASSIGNED>" triggered "latency" (ping "39")
L 03/12/2015 - 17:38:46: "[St].Dorogi<4><STEAM_0:0:929856203><>" disconnected
L 03/12/2015 - 17:38:46: World triggered "Round_Draw" (CT "0") (T "0")
L 03/12/2015 - 17:38:46: World triggered "Round_End"
L 03/12/2015 - 17:38:56: World triggered "Round_Start"
L 03/12/2015 - 17:40:19: [DPROTO]: Client 0 - Set AuthIdType 1 [dp_RevEmu]; pClient = 0xb3990f08
L 03/12/2015 - 17:40:19: "3AKA3 My3b|Ku<5><STEAM_0:0:285715278><>" connected, address "5.206.123.97:27005"
L 03/12/2015 - 17:40:19: [VTC] Player 1 speex
L 03/12/2015 - 17:40:27: [DPROTO]: Client 0 - Set AuthIdType 1 [dp_RevEmu]; pClient = 0xb3990f08
L 03/12/2015 - 17:40:27: "3AKA3 My3b|Ku<6><STEAM_0:0:285715278><>" connected, address "5.206.123.97:27005"
L 03/12/2015 - 17:40:28: [VTC] Player 1 speex
L 03/12/2015 - 17:40:36: "3AKA3 My3b|Ku<6><STEAM_0:0:285715278><>" entered the game
L 03/12/2015 - 17:40:39: "3AKA3 My3b|Ku<6><STEAM_0:0:285715278><>" joined team "TERRORIST"
L 03/12/2015 - 17:40:39: "3AKA3 My3b|Ku<6><STEAM_0:0:285715278><TERRORIST>" triggered "Spawned_With_The_Bomb"
L 03/12/2015 - 17:41:29: [DPROTO]: Client 1 - Set AuthIdType 1 [dp_RevEmu]; pClient = 0xb3995dfc
L 03/12/2015 - 17:41:29: "T.N.L. DarkAngel<7><STEAM_0:0:1687049247><>" connected, address "94.180.196.177:27005"
L 03/12/2015 - 17:41:30: Team "CT" triggered "Target_Saved" (CT "1") (T "0")
L 03/12/2015 - 17:41:30: World triggered "Round_End"
L 03/12/2015 - 17:41:35: "3AKA3 My3b|Ku<6><STEAM_0:0:285715278><TERRORIST>" triggered "Spawned_With_The_Bomb"
L 03/12/2015 - 17:41:40: World triggered "Round_Start"
L 03/12/2015 - 17:42:05: [DPROTO]: Client 1 - Set AuthIdType 1 [dp_RevEmu]; pClient = 0xb3995dfc
L 03/12/2015 - 17:42:05: "Strikes<8><STEAM_0:0:1511997046><>" connected, address "5.206.100.245:27005"
L 03/12/2015 - 17:42:05: [VTC] Player 2 speex
L 03/12/2015 - 17:42:48: [DPROTO]: Client 1 - Set AuthIdType 1 [dp_RevEmu]; pClient = 0xb3995dfc
L 03/12/2015 - 17:42:48: "Strikes<9><STEAM_0:0:1511997046><>" connected, address "5.206.100.245:27005"
L 03/12/2015 - 17:42:48: [VTC] Player 2 speex
L 03/12/2015 - 17:42:58: [DPROTO]: Client 1 - Set AuthIdType 1 [dp_RevEmu]; pClient = 0xb3995dfc
L 03/12/2015 - 17:42:58: "Strikes<10><STEAM_0:0:1511997046><>" connected, address "5.206.100.245:27005"
L 03/12/2015 - 17:42:58: [VTC] Player 2 speex
L 03/12/2015 - 17:43:49: "Strikes<10><STEAM_0:0:1511997046><>" entered the game
L 03/12/2015 - 17:44:04: "Strikes<10><STEAM_0:0:1511997046><>" joined team "CT"
L 03/12/2015 - 17:44:10: World triggered "Game_Commencing"
L 03/12/2015 - 17:44:10: World triggered "Game_Commencing" (CT "1") (T "0")
L 03/12/2015 - 17:44:10: World triggered "Round_End"
L 03/12/2015 - 17:44:13: "3AKA3 My3b|Ku<6><STEAM_0:0:285715278><TERRORIST>" triggered "Spawned_With_The_Bomb"
L 03/12/2015 - 17:44:18: World triggered "Round_Start"
L 03/12/2015 - 17:44:29: "3AKA3 My3b|Ku<6><STEAM_0:0:285715278><TERRORIST>" attacked "Strikes<10><STEAM_0:0:1511997046><CT>" with "deagle" (damage "196") (damage_armor "0") (health "-96") (armor "0")
L 03/12/2015 - 17:44:29: "3AKA3 My3b|Ku<6><STEAM_0:0:285715278><TERRORIST>" killed "Strikes<10><STEAM_0:0:1511997046><CT>" with "deagle"
L 03/12/2015 - 17:44:29: Team "TERRORIST" triggered "Terrorists_Win" (CT "0") (T "1")
L 03/12/2015 - 17:44:29: World triggered "Round_End"
L 03/12/2015 - 17:44:34: "3AKA3 My3b|Ku<6><STEAM_0:0:285715278><TERRORIST>" triggered "Spawned_With_The_Bomb"
L 03/12/2015 - 17:44:39: World triggered "Round_Start"
L 03/12/2015 - 17:44:51: "3AKA3 My3b|Ku<6><STEAM_0:0:285715278><TERRORIST>" attacked "Strikes<10><STEAM_0:0:1511997046><CT>" with "ak47" (damage "35") (damage_armor "0") (health "65") (armor "0")
L 03/12/2015 - 17:44:51: "3AKA3 My3b|Ku<6><STEAM_0:0:285715278><TERRORIST>" attacked "Strikes<10><STEAM_0:0:1511997046><CT>" with "ak47" (damage "35") (damage_armor "0") (health "30") (armor "0")
L 03/12/2015 - 17:44:51: "3AKA3 My3b|Ku<6><STEAM_0:0:285715278><TERRORIST>" attacked "Strikes<10><STEAM_0:0:1511997046><CT>" with "ak47" (damage "35") (damage_armor "0") (health "-5") (armor "0")
L 03/12/2015 - 17:44:51: "3AKA3 My3b|Ku<6><STEAM_0:0:285715278><TERRORIST>" killed "Strikes<10><STEAM_0:0:1511997046><CT>" with "ak47"
L 03/12/2015 - 17:44:51: Team "TERRORIST" triggered "Terrorists_Win" (CT "0") (T "2")
L 03/12/2015 - 17:44:51: World triggered "Round_End"
L 03/12/2015 - 17:44:56: "3AKA3 My3b|Ku<6><STEAM_0:0:285715278><TERRORIST>" triggered "Spawned_With_The_Bomb"
L 03/12/2015 - 17:45:01: World triggered "Round_Start"
L 03/12/2015 - 17:45:13: "3AKA3 My3b|Ku<6><STEAM_0:0:285715278><TERRORIST>" attacked "Strikes<10><STEAM_0:0:1511997046><CT>" with "ak47" (damage "140") (damage_armor "0") (health "-40") (armor "0")
L 03/12/2015 - 17:45:13: "3AKA3 My3b|Ku<6><STEAM_0:0:285715278><TERRORIST>" killed "Strikes<10><STEAM_0:0:1511997046><CT>" with "ak47"
L 03/12/2015 - 17:45:13: Team "TERRORIST" triggered "Terrorists_Win" (CT "0") (T "3")
L 03/12/2015 - 17:45:13: World triggered "Round_End"
L 03/12/2015 - 17:45:18: [DPROTO]: Client 2 - Set AuthIdType 1 [dp_RevEmu]; pClient = 0xb399acf0
L 03/12/2015 - 17:45:18: "T.N.L. DarkAngel<11><STEAM_0:0:1053697950><>" connected, address "94.180.196.177:27005"
L 03/12/2015 - 17:45:18: [VTC] Player 3 speex
L 03/12/2015 - 17:45:18: "3AKA3 My3b|Ku<6><STEAM_0:0:285715278><TERRORIST>" triggered "Spawned_With_The_Bomb"
L 03/12/2015 - 17:45:21: [DPROTO]: Client 2 - Set AuthIdType 1 [dp_RevEmu]; pClient = 0xb399acf0
L 03/12/2015 - 17:45:21: "T.N.L. DarkAngel<12><STEAM_0:0:332825919><>" connected, address "94.180.196.177:27005"
L 03/12/2015 - 17:45:21: [VTC] Player 3 speex
L 03/12/2015 - 17:45:23: World triggered "Round_Start"
L 03/12/2015 - 17:45:25: "T.N.L. DarkAngel<12><STEAM_0:0:332825919><>" entered the game
L 03/12/2015 - 17:45:30: "T.N.L. DarkAngel<12><STEAM_0:0:332825919><>" joined team "CT"
L 03/12/2015 - 17:45:37: "3AKA3 My3b|Ku<6><STEAM_0:0:285715278><TERRORIST>" attacked "Strikes<10><STEAM_0:0:1511997046><CT>" with "ak47" (damage "35") (damage_armor "0") (health "65") (armor "0")
L 03/12/2015 - 17:45:37: "3AKA3 My3b|Ku<6><STEAM_0:0:285715278><TERRORIST>" attacked "Strikes<10><STEAM_0:0:1511997046><CT>" with "ak47" (damage "35") (damage_armor "0") (health "30") (armor "0")
L 03/12/2015 - 17:45:37: "3AKA3 My3b|Ku<6><STEAM_0:0:285715278><TERRORIST>" attacked "Strikes<10><STEAM_0:0:1511997046><CT>" with "ak47" (damage "140") (damage_armor "0") (health "-110") (armor "0")
L 03/12/2015 - 17:45:37: "3AKA3 My3b|Ku<6><STEAM_0:0:285715278><TERRORIST>" killed "Strikes<10><STEAM_0:0:1511997046><CT>" with "ak47"
L 03/12/2015 - 17:45:41: "T.N.L. DarkAngel<12><STEAM_0:0:332825919><CT>" attacked "3AKA3 My3b|Ku<6><STEAM_0:0:285715278><TERRORIST>" with "deagle" (damage "33") (damage_armor "6") (health "67") (armor "94")
L 03/12/2015 - 17:45:41: "T.N.L. DarkAngel<12><STEAM_0:0:332825919><CT>" attacked "3AKA3 My3b|Ku<6><STEAM_0:0:285715278><TERRORIST>" with "deagle" (damage "33") (damage_armor "5") (health "34") (armor "89")
L 03/12/2015 - 17:45:41: "3AKA3 My3b|Ku<6><STEAM_0:0:285715278><TERRORIST>" attacked "T.N.L. DarkAngel<12><STEAM_0:0:332825919><CT>" with "ak47" (damage "26") (damage_armor "0") (health "74") (armor "0")
L 03/12/2015 - 17:45:42: "T.N.L. DarkAngel<12><STEAM_0:0:332825919><CT>" attacked "3AKA3 My3b|Ku<6><STEAM_0:0:285715278><TERRORIST>" with "deagle" (damage "33") (damage_armor "6") (health "1") (armor "83")
L 03/12/2015 - 17:45:42: "3AKA3 My3b|Ku<6><STEAM_0:0:285715278><TERRORIST>" attacked "T.N.L. DarkAngel<12><STEAM_0:0:332825919><CT>" with "ak47" (damage "43") (damage_armor "0") (health "31") (armor "0")
L 03/12/2015 - 17:45:42: "3AKA3 My3b|Ku<6><STEAM_0:0:285715278><TERRORIST>" attacked "T.N.L. DarkAngel<12><STEAM_0:0:332825919><CT>" with "ak47" (damage "35") (damage_armor "0") (health "-4") (armor "0")
L 03/12/2015 - 17:45:42: "3AKA3 My3b|Ku<6><STEAM_0:0:285715278><TERRORIST>" killed "T.N.L. DarkAngel<12><STEAM_0:0:332825919><CT>" with "ak47"
L 03/12/2015 - 17:45:42: Team "TERRORIST" triggered "Terrorists_Win" (CT "0") (T "4")
L 03/12/2015 - 17:45:42: World triggered "Round_End"
L 03/12/2015 - 17:45:47: "3AKA3 My3b|Ku<6><STEAM_0:0:285715278><TERRORIST>" triggered "Spawned_With_The_Bomb"
L 03/12/2015 - 17:45:52: World triggered "Round_Start"
L 03/12/2015 - 17:46:07: "T.N.L. DarkAngel<12><STEAM_0:0:332825919><CT>" attacked "3AKA3 My3b|Ku<6><STEAM_0:0:285715278><TERRORIST>" with "famas" (damage "19") (damage_armor "4") (health "81") (armor "79")
L 03/12/2015 - 17:46:08: "3AKA3 My3b|Ku<6><STEAM_0:0:285715278><TERRORIST>" attacked "T.N.L. DarkAngel<12><STEAM_0:0:332825919><CT>" with "ak47" (damage "35") (damage_armor "0") (health "65") (armor "0")
L 03/12/2015 - 17:46:08: "3AKA3 My3b|Ku<6><STEAM_0:0:285715278><TERRORIST>" attacked "T.N.L. DarkAngel<12><STEAM_0:0:332825919><CT>" with "ak47" (damage "35") (damage_armor "0") (health "30") (armor "0")
L 03/12/2015 - 17:46:08: "T.N.L. DarkAngel<12><STEAM_0:0:332825919><CT>" attacked "3AKA3 My3b|Ku<6><STEAM_0:0:285715278><TERRORIST>" with "famas" (damage "19") (damage_armor "4") (health "62") (armor "75")
L 03/12/2015 - 17:46:08: "3AKA3 My3b|Ku<6><STEAM_0:0:285715278><TERRORIST>" attacked "T.N.L. DarkAngel<12><STEAM_0:0:332825919><CT>" with "ak47" (damage "26") (damage_armor "0") (health "4") (armor "0")
L 03/12/2015 - 17:46:08: "T.N.L. DarkAngel<12><STEAM_0:0:332825919><CT>" attacked "3AKA3 My3b|Ku<6><STEAM_0:0:285715278><TERRORIST>" with "famas" (damage "128") (damage_armor "0") (health "-66") (armor "75")
L 03/12/2015 - 17:46:08: "T.N.L. DarkAngel<12><STEAM_0:0:332825919><CT>" killed "3AKA3 My3b|Ku<6><STEAM_0:0:285715278><TERRORIST>" with "famas"
L 03/12/2015 - 17:46:08: Team "CT" triggered "CTs_Win" (CT "1") (T "4")
L 03/12/2015 - 17:46:08: World triggered "Round_End"
L 03/12/2015 - 17:46:13: "3AKA3 My3b|Ku<6><STEAM_0:0:285715278><TERRORIST>" triggered "Spawned_With_The_Bomb"
L 03/12/2015 - 17:46:18: World triggered "Round_Start"
L 03/12/2015 - 17:46:41: "3AKA3 My3b|Ku<6><STEAM_0:0:285715278><TERRORIST>" triggered "Planted_The_Bomb"
L 03/12/2015 - 17:46:57: "T.N.L. DarkAngel<12><STEAM_0:0:332825919><CT>" attacked "3AKA3 My3b|Ku<6><STEAM_0:0:285715278><TERRORIST>" with "m4a1" (damage "21") (damage_armor "5") (health "79") (armor "95")
L 03/12/2015 - 17:46:57: "T.N.L. DarkAngel<12><STEAM_0:0:332825919><CT>" attacked "3AKA3 My3b|Ku<6><STEAM_0:0:285715278><TERRORIST>" with "m4a1" (damage "84") (damage_armor "18") (health "-5") (armor "77")
L 03/12/2015 - 17:46:57: "T.N.L. DarkAngel<12><STEAM_0:0:332825919><CT>" killed "3AKA3 My3b|Ku<6><STEAM_0:0:285715278><TERRORIST>" with "m4a1"
L 03/12/2015 - 17:47:01: "T.N.L. DarkAngel<12><STEAM_0:0:332825919><CT>" triggered "Begin_Bomb_Defuse_With_Kit"
L 03/12/2015 - 17:47:06: "T.N.L. DarkAngel<12><STEAM_0:0:332825919><CT>" triggered "Defused_The_Bomb"
L 03/12/2015 - 17:47:06: Team "CT" triggered "Bomb_Defused" (CT "2") (T "4")
L 03/12/2015 - 17:47:06: World triggered "Round_End"
L 03/12/2015 - 17:47:11: "3AKA3 My3b|Ku<6><STEAM_0:0:285715278><TERRORIST>" triggered "Spawned_With_The_Bomb"
L 03/12/2015 - 17:47:16: World triggered "Round_Start"
L 03/12/2015 - 17:47:27: "3AKA3 My3b|Ku<6><STEAM_0:0:285715278><TERRORIST>" attacked "Strikes<10><STEAM_0:0:1511997046><CT>" with "ak47" (damage "35") (damage_armor "0") (health "65") (armor "0")
L 03/12/2015 - 17:47:27: "3AKA3 My3b|Ku<6><STEAM_0:0:285715278><TERRORIST>" attacked "Strikes<10><STEAM_0:0:1511997046><CT>" with "ak47" (damage "35") (damage_armor "0") (health "30") (armor "0")
L 03/12/2015 - 17:47:28: "3AKA3 My3b|Ku<6><STEAM_0:0:285715278><TERRORIST>" attacked "Strikes<10><STEAM_0:0:1511997046><CT>" with "ak47" (damage "35") (damage_armor "0") (health "-5") (armor "0")
L 03/12/2015 - 17:47:28: "3AKA3 My3b|Ku<6><STEAM_0:0:285715278><TERRORIST>" killed "Strikes<10><STEAM_0:0:1511997046><CT>" with "ak47"
L 03/12/2015 - 17:47:45: "3AKA3 My3b|Ku<6><STEAM_0:0:285715278><TERRORIST>" triggered "Planted_The_Bomb"
L 03/12/2015 - 17:47:52: "T.N.L. DarkAngel<12><STEAM_0:0:332825919><CT>" attacked "3AKA3 My3b|Ku<6><STEAM_0:0:285715278><TERRORIST>" with "m4a1" (damage "70") (damage_armor "15") (health "30") (armor "85")
L 03/12/2015 - 17:47:53: "3AKA3 My3b|Ku<6><STEAM_0:0:285715278><TERRORIST>" attacked "T.N.L. DarkAngel<12><STEAM_0:0:332825919><CT>" with "ak47" (damage "24") (damage_armor "4") (health "76") (armor "96")
L 03/12/2015 - 17:47:55: "3AKA3 My3b|Ku<6><STEAM_0:0:285715278><TERRORIST>" attacked "T.N.L. DarkAngel<12><STEAM_0:0:332825919><CT>" with "ak47" (damage "99") (damage_armor "14") (health "-23") (armor "82")
L 03/12/2015 - 17:47:55: "3AKA3 My3b|Ku<6><STEAM_0:0:285715278><TERRORIST>" killed "T.N.L. DarkAngel<12><STEAM_0:0:332825919><CT>" with "ak47"
L 03/12/2015 - 17:47:55: Team "TERRORIST" triggered "Terrorists_Win" (CT "2") (T "5")
L 03/12/2015 - 17:47:55: World triggered "Round_End"
L 03/12/2015 - 17:48:00: "3AKA3 My3b|Ku<6><STEAM_0:0:285715278><TERRORIST>" triggered "Spawned_With_The_Bomb"
L 03/12/2015 - 17:48:05: World triggered "Round_Start"
L 03/12/2015 - 17:48:20: "3AKA3 My3b|Ku<6><STEAM_0:0:285715278><TERRORIST>" attacked "Strikes<10><STEAM_0:0:1511997046><CT>" with "ak47" (damage "136") (damage_armor "0") (health "-36") (armor "0")
L 03/12/2015 - 17:48:20: "3AKA3 My3b|Ku<6><STEAM_0:0:285715278><TERRORIST>" killed "Strikes<10><STEAM_0:0:1511997046><CT>" with "ak47"
L 03/12/2015 - 17:48:35: "3AKA3 My3b|Ku<6><STEAM_0:0:285715278><TERRORIST>" triggered "Planted_The_Bomb"
L 03/12/2015 - 17:48:38: "T.N.L. DarkAngel<12><STEAM_0:0:332825919><CT>" attacked "3AKA3 My3b|Ku<6><STEAM_0:0:285715278><TERRORIST>" with "m4a1" (damage "9") (damage_armor "0") (health "91") (armor "85")
L 03/12/2015 - 17:48:39: "3AKA3 My3b|Ku<6><STEAM_0:0:285715278><TERRORIST>" attacked "T.N.L. DarkAngel<12><STEAM_0:0:332825919><CT>" with "ak47" (damage "24") (damage_armor "0") (health "76") (armor "0")
L 03/12/2015 - 17:48:40: "3AKA3 My3b|Ku<6><STEAM_0:0:285715278><TERRORIST>" attacked "T.N.L. DarkAngel<12><STEAM_0:0:332825919><CT>" with "ak47" (damage "33") (damage_armor "0") (health "43") (armor "0")
L 03/12/2015 - 17:48:40: "T.N.L. DarkAngel<12><STEAM_0:0:332825919><CT>" attacked "3AKA3 My3b|Ku<6><STEAM_0:0:285715278><TERRORIST>" with "m4a1" (damage "72") (damage_armor "16") (health "19") (armor "69")
L 03/12/2015 - 17:48:40: "T.N.L. DarkAngel<12><STEAM_0:0:332825919><CT>" attacked "3AKA3 My3b|Ku<6><STEAM_0:0:285715278><TERRORIST>" with "m4a1" (damage "18") (damage_armor "4") (health "1") (armor "65")
L 03/12/2015 - 17:48:40: "T.N.L. DarkAngel<12><STEAM_0:0:332825919><CT>" attacked "3AKA3 My3b|Ku<6><STEAM_0:0:285715278><TERRORIST>" with "m4a1" (damage "72") (damage_armor "16") (health "-71") (armor "49")
L 03/12/2015 - 17:48:40: "T.N.L. DarkAngel<12><STEAM_0:0:332825919><CT>" killed "3AKA3 My3b|Ku<6><STEAM_0:0:285715278><TERRORIST>" with "m4a1"
L 03/12/2015 - 17:48:50: "T.N.L. DarkAngel<12><STEAM_0:0:332825919><CT>" triggered "Begin_Bomb_Defuse_With_Kit"
L 03/12/2015 - 17:48:55: "T.N.L. DarkAngel<12><STEAM_0:0:332825919><CT>" triggered "Defused_The_Bomb"
L 03/12/2015 - 17:48:55: Team "CT" triggered "Bomb_Defused" (CT "3") (T "5")
L 03/12/2015 - 17:48:55: World triggered "Round_End"
L 03/12/2015 - 17:49:00: "3AKA3 My3b|Ku<6><STEAM_0:0:285715278><TERRORIST>" triggered "Spawned_With_The_Bomb"
L 03/12/2015 - 17:49:05: World triggered "Round_Start"
L 03/12/2015 - 17:50:14: "3AKA3 My3b|Ku<6><STEAM_0:0:285715278><TERRORIST>" triggered "Planted_The_Bomb"
L 03/12/2015 - 17:50:42: "T.N.L. DarkAngel<12><STEAM_0:0:332825919><CT>" triggered "Begin_Bomb_Defuse_With_Kit"
L 03/12/2015 - 17:50:47: "T.N.L. DarkAngel<12><STEAM_0:0:332825919><CT>" triggered "Defused_The_Bomb"
L 03/12/2015 - 17:50:47: Team "CT" triggered "Bomb_Defused" (CT "4") (T "5")
L 03/12/2015 - 17:50:47: World triggered "Round_End"
L 03/12/2015 - 17:50:50: "T.N.L. DarkAngel<12><STEAM_0:0:332825919><CT>" attacked "3AKA3 My3b|Ku<6><STEAM_0:0:285715278><TERRORIST>" with "ak47" (damage "108") (damage_armor "16") (health "-8") (armor "84")
L 03/12/2015 - 17:50:50: "T.N.L. DarkAngel<12><STEAM_0:0:332825919><CT>" killed "3AKA3 My3b|Ku<6><STEAM_0:0:285715278><TERRORIST>" with "ak47"
L 03/12/2015 - 17:50:52: "3AKA3 My3b|Ku<6><STEAM_0:0:285715278><TERRORIST>" triggered "Spawned_With_The_Bomb"
L 03/12/2015 - 17:50:57: World triggered "Round_Start"
L 03/12/2015 - 17:51:11: "T.N.L. DarkAngel<12><STEAM_0:0:332825919><CT>" attacked "3AKA3 My3b|Ku<6><STEAM_0:0:285715278><TERRORIST>" with "m4a1" (damage "18") (damage_armor "5") (health "82") (armor "95")
L 03/12/2015 - 17:51:12: "3AKA3 My3b|Ku<6><STEAM_0:0:285715278><TERRORIST>" attacked "T.N.L. DarkAngel<12><STEAM_0:0:332825919><CT>" with "ak47" (damage "25") (damage_armor "4") (health "75") (armor "96")
L 03/12/2015 - 17:51:12: "T.N.L. DarkAngel<12><STEAM_0:0:332825919><CT>" attacked "3AKA3 My3b|Ku<6><STEAM_0:0:285715278><TERRORIST>" with "m4a1" (damage "20") (damage_armor "0") (health "62") (armor "95")
L 03/12/2015 - 17:51:12: "3AKA3 My3b|Ku<6><STEAM_0:0:285715278><TERRORIST>" attacked "T.N.L. DarkAngel<12><STEAM_0:0:332825919><CT>" with "ak47" (damage "25") (damage_armor "4") (health "50") (armor "92")
L 03/12/2015 - 17:51:12: "T.N.L. DarkAngel<12><STEAM_0:0:332825919><CT>" attacked "3AKA3 My3b|Ku<6><STEAM_0:0:285715278><TERRORIST>" with "m4a1" (damage "18") (damage_armor "4") (health "44") (armor "91")
L 03/12/2015 - 17:51:12: "T.N.L. DarkAngel<12><STEAM_0:0:332825919><CT>" attacked "3AKA3 My3b|Ku<6><STEAM_0:0:285715278><TERRORIST>" with "m4a1" (damage "20") (damage_armor "0") (health "24") (armor "91")
L 03/12/2015 - 17:51:13: "T.N.L. DarkAngel<12><STEAM_0:0:332825919><CT>" attacked "3AKA3 My3b|Ku<6><STEAM_0:0:285715278><TERRORIST>" with "m4a1" (damage "20") (damage_armor "0") (health "4") (armor "91")
L 03/12/2015 - 17:51:13: "3AKA3 My3b|Ku<6><STEAM_0:0:285715278><TERRORIST>" attacked "T.N.L. DarkAngel<12><STEAM_0:0:332825919><CT>" with "ak47" (damage "25") (damage_armor "4") (health "25") (armor "88")
L 03/12/2015 - 17:51:14: "T.N.L. DarkAngel<12><STEAM_0:0:332825919><CT>" attacked "3AKA3 My3b|Ku<6><STEAM_0:0:285715278><TERRORIST>" with "m4a1" (damage "20") (damage_armor "0") (health "-16") (armor "91")
L 03/12/2015 - 17:51:14: "T.N.L. DarkAngel<12><STEAM_0:0:332825919><CT>" killed "3AKA3 My3b|Ku<6><STEAM_0:0:285715278><TERRORIST>" with "m4a1"
L 03/12/2015 - 17:51:14: Team "CT" triggered "CTs_Win" (CT "5") (T "5")
L 03/12/2015 - 17:51:14: World triggered "Round_End"
L 03/12/2015 - 17:51:19: "3AKA3 My3b|Ku<6><STEAM_0:0:285715278><TERRORIST>" triggered "Spawned_With_The_Bomb"
L 03/12/2015 - 17:51:24: World triggered "Round_Start"
L 03/12/2015 - 17:51:36: "T.N.L. DarkAngel<12><STEAM_0:0:332825919><CT>" attacked "3AKA3 My3b|Ku<6><STEAM_0:0:285715278><TERRORIST>" with "m4a1" (damage "31") (damage_armor "0") (health "69") (armor "0")
L 03/12/2015 - 17:51:36: "T.N.L. DarkAngel<12><STEAM_0:0:332825919><CT>" attacked "3AKA3 My3b|Ku<6><STEAM_0:0:285715278><TERRORIST>" with "m4a1" (damage "31") (damage_armor "0") (health "38") (armor "0")
L 03/12/2015 - 17:51:37: "T.N.L. DarkAngel<12><STEAM_0:0:332825919><CT>" attacked "3AKA3 My3b|Ku<6><STEAM_0:0:285715278><TERRORIST>" with "m4a1" (damage "31") (damage_armor "0") (health "7") (armor "0")
L 03/12/2015 - 17:51:37: "T.N.L. DarkAngel<12><STEAM_0:0:332825919><CT>" attacked "3AKA3 My3b|Ku<6><STEAM_0:0:285715278><TERRORIST>" with "m4a1" (damage "31") (damage_armor "0") (health "-24") (armor "0")
L 03/12/2015 - 17:51:37: "T.N.L. DarkAngel<12><STEAM_0:0:332825919><CT>" killed "3AKA3 My3b|Ku<6><STEAM_0:0:285715278><TERRORIST>" with "m4a1"
L 03/12/2015 - 17:51:37: Team "CT" triggered "CTs_Win" (CT "6") (T "5")
L 03/12/2015 - 17:51:37: World triggered "Round_End"
L 03/12/2015 - 17:51:42: "3AKA3 My3b|Ku<6><STEAM_0:0:285715278><TERRORIST>" triggered "Spawned_With_The_Bomb"
L 03/12/2015 - 17:51:47: World triggered "Round_Start"
L 03/12/2015 - 17:51:56: "3AKA3 My3b|Ku<6><STEAM_0:0:285715278><TERRORIST>" attacked "T.N.L. DarkAngel<12><STEAM_0:0:332825919><CT>" with "sg552" (damage "86") (damage_armor "19") (health "14") (armor "81")
L 03/12/2015 - 17:51:56: "T.N.L. DarkAngel<12><STEAM_0:0:332825919><CT>" attacked "3AKA3 My3b|Ku<6><STEAM_0:0:285715278><TERRORIST>" with "m4a1" (damage "31") (damage_armor "0") (health "69") (armor "0")
L 03/12/2015 - 17:51:56: "3AKA3 My3b|Ku<6><STEAM_0:0:285715278><TERRORIST>" attacked "T.N.L. DarkAngel<12><STEAM_0:0:332825919><CT>" with "sg552" (damage "21") (damage_armor "5") (health "-7") (armor "76")
L 03/12/2015 - 17:51:56: "3AKA3 My3b|Ku<6><STEAM_0:0:285715278><TERRORIST>" killed "T.N.L. DarkAngel<12><STEAM_0:0:332825919><CT>" with "sg552"
L 03/12/2015 - 17:52:27: "3AKA3 My3b|Ku<6><STEAM_0:0:285715278><TERRORIST>" attacked "Strikes<10><STEAM_0:0:1511997046><CT>" with "sg552" (damage "128") (damage_armor "0") (health "-28") (armor "0")
L 03/12/2015 - 17:52:27: "3AKA3 My3b|Ku<6><STEAM_0:0:285715278><TERRORIST>" killed "Strikes<10><STEAM_0:0:1511997046><CT>" with "sg552"
L 03/12/2015 - 17:52:27: Team "TERRORIST" triggered "Terrorists_Win" (CT "6") (T "6")
L 03/12/2015 - 17:52:27: World triggered "Round_End"
L 03/12/2015 - 17:52:30: [DPROTO]: Client 3 - Set AuthIdType 1 [dp_RevEmu]; pClient = 0xb399fbe4
L 03/12/2015 - 17:52:30: "|Xyligans|kpy}I{ka<13><STEAM_0:0:1696161005><>" connected, address "178.120.190.193:20173"
L 03/12/2015 - 17:52:30: [VTC] Player 4 speex
L 03/12/2015 - 17:52:32: "3AKA3 My3b|Ku<6><STEAM_0:0:285715278><TERRORIST>" triggered "Spawned_With_The_Bomb"
L 03/12/2015 - 17:52:35: [DPROTO]: Client 3 - Set AuthIdType 1 [dp_RevEmu]; pClient = 0xb399fbe4
L 03/12/2015 - 17:52:35: "|Xyligans|kpy}I{ka<14><STEAM_0:0:1696161005><>" connected, address "178.120.190.193:20173"
L 03/12/2015 - 17:52:35: [VTC] Player 4 speex
L 03/12/2015 - 17:52:37: World triggered "Round_Start"
L 03/12/2015 - 17:52:39: "|Xyligans|kpy}I{ka<14><STEAM_0:0:1696161005><>" entered the game
L 03/12/2015 - 17:52:48: "|Xyligans|kpy}I{ka<14><STEAM_0:0:1696161005><>" joined team "TERRORIST"
L 03/12/2015 - 17:52:51: "3AKA3 My3b|Ku<6><STEAM_0:0:285715278><TERRORIST>" attacked "Strikes<10><STEAM_0:0:1511997046><CT>" with "sg552" (damage "31") (damage_armor "0") (health "69") (armor "0")
L 03/12/2015 - 17:52:51: "3AKA3 My3b|Ku<6><STEAM_0:0:285715278><TERRORIST>" attacked "Strikes<10><STEAM_0:0:1511997046><CT>" with "sg552" (damage "31") (damage_armor "0") (health "38") (armor "0")
L 03/12/2015 - 17:52:51: "3AKA3 My3b|Ku<6><STEAM_0:0:285715278><TERRORIST>" attacked "Strikes<10><STEAM_0:0:1511997046><CT>" with "sg552" (damage "31") (damage_armor "0") (health "7") (armor "0")
L 03/12/2015 - 17:52:51: "3AKA3 My3b|Ku<6><STEAM_0:0:285715278><TERRORIST>" attacked "Strikes<10><STEAM_0:0:1511997046><CT>" with "sg552" (damage "31") (damage_armor "0") (health "-24") (armor "0")
L 03/12/2015 - 17:52:51: "3AKA3 My3b|Ku<6><STEAM_0:0:285715278><TERRORIST>" killed "Strikes<10><STEAM_0:0:1511997046><CT>" with "sg552"
L 03/12/2015 - 17:52:56: [DPROTO]: Client 4 - Set AuthIdType 3 [dproto]; pClient = 0xb39a4ad8
L 03/12/2015 - 17:52:56: "PrezesRafal<15><STEAM_0:4:703660784><>" connected, address "89.231.190.250:27005"
L 03/12/2015 - 17:52:56: [VTC] Player 5 speex
L 03/12/2015 - 17:52:59: "3AKA3 My3b|Ku<6><STEAM_0:0:285715278><TERRORIST>" attacked "T.N.L. DarkAngel<12><STEAM_0:0:332825919><CT>" with "sg552" (damage "21") (damage_armor "5") (health "79") (armor "95")
L 03/12/2015 - 17:52:59: "T.N.L. DarkAngel<12><STEAM_0:0:332825919><CT>" attacked "3AKA3 My3b|Ku<6><STEAM_0:0:285715278><TERRORIST>" with "m4a1" (damage "31") (damage_armor "0") (health "69") (armor "0")
L 03/12/2015 - 17:52:59: "T.N.L. DarkAngel<12><STEAM_0:0:332825919><CT>" attacked "3AKA3 My3b|Ku<6><STEAM_0:0:285715278><TERRORIST>" with "m4a1" (damage "31") (damage_armor "0") (health "38") (armor "0")
L 03/12/2015 - 17:52:59: "T.N.L. DarkAngel<12><STEAM_0:0:332825919><CT>" attacked "3AKA3 My3b|Ku<6><STEAM_0:0:285715278><TERRORIST>" with "m4a1" (damage "31") (damage_armor "0") (health "7") (armor "0")
L 03/12/2015 - 17:52:59: "T.N.L. DarkAngel<12><STEAM_0:0:332825919><CT>" attacked "3AKA3 My3b|Ku<6><STEAM_0:0:285715278><TERRORIST>" with "m4a1" (damage "31") (damage_armor "0") (health "-24") (armor "0")
L 03/12/2015 - 17:52:59: "T.N.L. DarkAngel<12><STEAM_0:0:332825919><CT>" killed "3AKA3 My3b|Ku<6><STEAM_0:0:285715278><TERRORIST>" with "m4a1"
L 03/12/2015 - 17:52:59: "3AKA3 My3b|Ku<6><STEAM_0:0:285715278><TERRORIST>" triggered "Dropped_The_Bomb"
L 03/12/2015 - 17:53:26: "T.N.L. DarkAngel<12><STEAM_0:0:332825919><CT>" attacked "|Xyligans|kpy}I{ka<14><STEAM_0:0:1696161005><TERRORIST>" with "m4a1" (damage "27") (damage_armor "0") (health "73") (armor "0")
L 03/12/2015 - 17:53:27: [DPROTO]: Client 4 - Set AuthIdType 3 [dproto]; pClient = 0xb39a4ad8
L 03/12/2015 - 17:53:27: "PrezesRafal<16><STEAM_0:4:703660784><>" connected, address "89.231.190.250:27005"
L 03/12/2015 - 17:53:27: [VTC] Player 5 speex
L 03/12/2015 - 17:53:32: "|Xyligans|kpy}I{ka<14><STEAM_0:0:1696161005><TERRORIST>" attacked "T.N.L. DarkAngel<12><STEAM_0:0:332825919><CT>" with "usp" (damage "8") (damage_armor "4") (health "71") (armor "91")
L 03/12/2015 - 17:53:32: "T.N.L. DarkAngel<12><STEAM_0:0:332825919><CT>" attacked "|Xyligans|kpy}I{ka<14><STEAM_0:0:1696161005><TERRORIST>" with "m4a1" (damage "28") (damage_armor "0") (health "45") (armor "0")
L 03/12/2015 - 17:53:33: "T.N.L. DarkAngel<12><STEAM_0:0:332825919><CT>" attacked "|Xyligans|kpy}I{ka<14><STEAM_0:0:1696161005><TERRORIST>" with "m4a1" (damage "28") (damage_armor "0") (health "17") (armor "0")
L 03/12/2015 - 17:53:33: "T.N.L. DarkAngel<12><STEAM_0:0:332825919><CT>" attacked "|Xyligans|kpy}I{ka<14><STEAM_0:0:1696161005><TERRORIST>" with "m4a1" (damage "28") (damage_armor "0") (health "-11") (armor "0")
L 03/12/2015 - 17:53:33: "T.N.L. DarkAngel<12><STEAM_0:0:332825919><CT>" killed "|Xyligans|kpy}I{ka<14><STEAM_0:0:1696161005><TERRORIST>" with "m4a1"
L 03/12/2015 - 17:53:33: Team "CT" triggered "CTs_Win" (CT "7") (T "6")
L 03/12/2015 - 17:53:33: World triggered "Round_End"
L 03/12/2015 - 17:53:34: "PrezesRafal<16><STEAM_0:4:703660784><>" entered the game
L 03/12/2015 - 17:53:38: "|Xyligans|kpy}I{ka<14><STEAM_0:0:1696161005><TERRORIST>" triggered "Spawned_With_The_Bomb"
L 03/12/2015 - 17:53:38: [DPROTO]: Client 5 - Set AuthIdType 1 [dp_RevEmu]; pClient = 0xb39a99cc
L 03/12/2015 - 17:53:38: "____JIaMIIo4Ka____<17><STEAM_0:0:2063377397><>" connected, address "176.114.16.43:27005"
L 03/12/2015 - 17:53:38: "PrezesRafal<16><STEAM_0:4:703660784><UNASSIGNED>" triggered "time" (time "0:04")
L 03/12/2015 - 17:53:38: "PrezesRafal<16><STEAM_0:4:703660784><UNASSIGNED>" triggered "latency" (ping "0")
L 03/12/2015 - 17:53:38: "PrezesRafal<16><STEAM_0:4:703660784><>" disconnected
L 03/12/2015 - 17:53:41: [VTC] Player 6 speex
L 03/12/2015 - 17:53:41: [DPROTO]: Client 4 - Set AuthIdType 1 [dp_RevEmu]; pClient = 0xb39a4ad8
L 03/12/2015 - 17:53:41: "O6ygJleHHblu gJla3<18><STEAM_0:0:61868154><>" connected, address "178.120.153.172:54724"
L 03/12/2015 - 17:53:43: World triggered "Round_Start"
L 03/12/2015 - 17:53:47: [DPROTO]: Client 4 - Set AuthIdType 1 [dp_RevEmu]; pClient = 0xb39a4ad8
L 03/12/2015 - 17:53:47: "O6ygJleHHblu gJla3<19><STEAM_0:0:61868154><>" connected, address "178.120.153.172:54724"
L 03/12/2015 - 17:53:53: "O6ygJleHHblu gJla3<19><STEAM_0:0:61868154><>" entered the game
L 03/12/2015 - 17:54:01: "O6ygJleHHblu gJla3<19><STEAM_0:0:61868154><>" joined team "TERRORIST"
L 03/12/2015 - 17:54:09: [DPROTO]: Client 5 - Set AuthIdType 1 [dp_RevEmu]; pClient = 0xb39a99cc
L 03/12/2015 - 17:54:09: "____JIaMIIo4Ka____<20><STEAM_0:0:2063377397><>" connected, address "176.114.16.43:27005"
L 03/12/2015 - 17:54:09: [VTC] Player 6 speex
L 03/12/2015 - 17:54:14: "|Xyligans|kpy}I{ka<14><STEAM_0:0:1696161005><TERRORIST>" triggered "Planted_The_Bomb"
L 03/12/2015 - 17:54:19: "____JIaMIIo4Ka____<20><STEAM_0:0:2063377397><>" entered the game
L 03/12/2015 - 17:54:26: "3AKA3 My3b|Ku<6><STEAM_0:0:285715278><TERRORIST>" attacked "T.N.L. DarkAngel<12><STEAM_0:0:332825919><CT>" with "awp" (damage "137") (damage_armor "2") (health "-37") (armor "89")
L 03/12/2015 - 17:54:26: "3AKA3 My3b|Ku<6><STEAM_0:0:285715278><TERRORIST>" killed "T.N.L. DarkAngel<12><STEAM_0:0:332825919><CT>" with "awp"
L 03/12/2015 - 17:54:29: "|Xyligans|kpy}I{ka<14><STEAM_0:0:1696161005><TERRORIST>" attacked "Strikes<10><STEAM_0:0:1511997046><CT>" with "usp" (damage "9") (damage_armor "0") (health "91") (armor "0")
L 03/12/2015 - 17:54:32: "3AKA3 My3b|Ku<6><STEAM_0:0:285715278><TERRORIST>" attacked "Strikes<10><STEAM_0:0:1511997046><CT>" with "awp" (damage "140") (damage_armor "0") (health "-49") (armor "0")
L 03/12/2015 - 17:54:32: "3AKA3 My3b|Ku<6><STEAM_0:0:285715278><TERRORIST>" killed "Strikes<10><STEAM_0:0:1511997046><CT>" with "awp"
L 03/12/2015 - 17:54:32: Team "TERRORIST" triggered "Terrorists_Win" (CT "7") (T "7")
L 03/12/2015 - 17:54:32: World triggered "Round_End"
L 03/12/2015 - 17:54:37: "O6ygJleHHblu gJla3<19><STEAM_0:0:61868154><TERRORIST>" triggered "Spawned_With_The_Bomb"
L 03/12/2015 - 17:54:42: World triggered "Round_Start"
L 03/12/2015 - 17:55:04: [DPROTO]: Client 6 - Set AuthIdType 1 [Native]; pClient = 0xb39ae8c0
L 03/12/2015 - 17:55:04: "AngelOfDeath<21><STEAM_0:0:66410872><>" connected, address "89.178.189.235:27005"
L 03/12/2015 - 17:55:04: [VTC] Player 7 silk
L 03/12/2015 - 17:55:04: "AngelOfDeath<21><STEAM_0:0:66410872><>" STEAM USERID validated
L 03/12/2015 - 17:55:07: [DPROTO]: Client 6 - Set AuthIdType 1 [Native]; pClient = 0xb39ae8c0
L 03/12/2015 - 17:55:07: "AngelOfDeath<22><STEAM_0:0:66410872><>" connected, address "89.178.189.235:27005"
L 03/12/2015 - 17:55:07: [VTC] Player 7 silk
L 03/12/2015 - 17:55:08: "AngelOfDeath<22><STEAM_0:0:66410872><>" STEAM USERID validated
L 03/12/2015 - 17:55:08: "T.N.L. DarkAngel<12><STEAM_0:0:332825919><CT>" attacked "|Xyligans|kpy}I{ka<14><STEAM_0:0:1696161005><TERRORIST>" with "m4a1" (damage "21") (damage_armor "5") (health "79") (armor "95")
L 03/12/2015 - 17:55:08: "|Xyligans|kpy}I{ka<14><STEAM_0:0:1696161005><TERRORIST>" attacked "T.N.L. DarkAngel<12><STEAM_0:0:332825919><CT>" with "ak47" (damage "33") (damage_armor "5") (health "67") (armor "95")
L 03/12/2015 - 17:55:09: "T.N.L. DarkAngel<12><STEAM_0:0:332825919><CT>" attacked "|Xyligans|kpy}I{ka<14><STEAM_0:0:1696161005><TERRORIST>" with "m4a1" (damage "21") (damage_armor "5") (health "58") (armor "90")
L 03/12/2015 - 17:55:09: "|Xyligans|kpy}I{ka<14><STEAM_0:0:1696161005><TERRORIST>" attacked "T.N.L. DarkAngel<12><STEAM_0:0:332825919><CT>" with "ak47" (damage "33") (damage_armor "5") (health "34") (armor "90")
L 03/12/2015 - 17:55:09: "|Xyligans|kpy}I{ka<14><STEAM_0:0:1696161005><TERRORIST>" attacked "T.N.L. DarkAngel<12><STEAM_0:0:332825919><CT>" with "ak47" (damage "26") (damage_armor "0") (health "8") (armor "90")
L 03/12/2015 - 17:55:09: "T.N.L. DarkAngel<12><STEAM_0:0:332825919><CT>" attacked "|Xyligans|kpy}I{ka<14><STEAM_0:0:1696161005><TERRORIST>" with "m4a1" (damage "21") (damage_armor "4") (health "37") (armor "86")
L 03/12/2015 - 17:55:09: "|Xyligans|kpy}I{ka<14><STEAM_0:0:1696161005><TERRORIST>" attacked "T.N.L. DarkAngel<12><STEAM_0:0:332825919><CT>" with "ak47" (damage "27") (damage_armor "4") (health "-19") (armor "86")
L 03/12/2015 - 17:55:09: "|Xyligans|kpy}I{ka<14><STEAM_0:0:1696161005><TERRORIST>" killed "T.N.L. DarkAngel<12><STEAM_0:0:332825919><CT>" with "ak47"
L 03/12/2015 - 17:55:12: "AngelOfDeath<22><STEAM_0:0:66410872><>" entered the game
L 03/12/2015 - 17:55:12: "3AKA3 My3b|Ku<6><STEAM_0:0:285715278><TERRORIST>" attacked "Strikes<10><STEAM_0:0:1511997046><CT>" with "awp" (damage "113") (damage_armor "0") (health "-13") (armor "0")
L 03/12/2015 - 17:55:12: "3AKA3 My3b|Ku<6><STEAM_0:0:285715278><TERRORIST>" killed "Strikes<10><STEAM_0:0:1511997046><CT>" with "awp"
L 03/12/2015 - 17:55:12: Team "TERRORIST" triggered "Terrorists_Win" (CT "7") (T "8")
L 03/12/2015 - 17:55:12: World triggered "Round_End"
L 03/12/2015 - 17:55:14: "AngelOfDeath<22><STEAM_0:0:66410872><>" joined team "TERRORIST"
L 03/12/2015 - 17:55:17: "AngelOfDeath<22><STEAM_0:0:66410872><TERRORIST>" triggered "Spawned_With_The_Bomb"
L 03/12/2015 - 17:55:22: World triggered "Round_Start"
L 03/12/2015 - 17:55:27: "T.N.L. DarkAngel<12><STEAM_0:0:332825919><CT>" changed name to "[Angels] DarkAngel"
L 03/12/2015 - 17:55:36: "|Xyligans|kpy}I{ka<14><STEAM_0:0:1696161005><TERRORIST>" attacked "Strikes<10><STEAM_0:0:1511997046><CT>" with "ak47" (damage "35") (damage_armor "0") (health "65") (armor "0")
L 03/12/2015 - 17:55:37: "Strikes<10><STEAM_0:0:1511997046><CT>" attacked "|Xyligans|kpy}I{ka<14><STEAM_0:0:1696161005><TERRORIST>" with "m249" (damage "23") (damage_armor "4") (health "77") (armor "96")
L 03/12/2015 - 17:55:37: "Strikes<10><STEAM_0:0:1511997046><CT>" attacked "|Xyligans|kpy}I{ka<14><STEAM_0:0:1696161005><TERRORIST>" with "m249" (damage "23") (damage_armor "4") (health "54") (armor "92")
L 03/12/2015 - 17:55:37: "|Xyligans|kpy}I{ka<14><STEAM_0:0:1696161005><TERRORIST>" attacked "Strikes<10><STEAM_0:0:1511997046><CT>" with "ak47" (damage "35") (damage_armor "0") (health "30") (armor "0")
L 03/12/2015 - 17:55:37: "Strikes<10><STEAM_0:0:1511997046><CT>" attacked "|Xyligans|kpy}I{ka<14><STEAM_0:0:1696161005><TERRORIST>" with "m249" (damage "23") (damage_armor "4") (health "31") (armor "88")
L 03/12/2015 - 17:55:37: "|Xyligans|kpy}I{ka<14><STEAM_0:0:1696161005><TERRORIST>" attacked "Strikes<10><STEAM_0:0:1511997046><CT>" with "ak47" (damage "35") (damage_armor "0") (health "-5") (armor "0")
L 03/12/2015 - 17:55:37: "|Xyligans|kpy}I{ka<14><STEAM_0:0:1696161005><TERRORIST>" killed "Strikes<10><STEAM_0:0:1511997046><CT>" with "ak47"
L 03/12/2015 - 17:55:38: "|Xyligans|kpy}I{ka<14><STEAM_0:0:1696161005><TERRORIST>" attacked "[Angels] DarkAngel<12><STEAM_0:0:332825919><CT>" with "ak47" (damage "27") (damage_armor "4") (health "73") (armor "96")
L 03/12/2015 - 17:55:39: "|Xyligans|kpy}I{ka<14><STEAM_0:0:1696161005><TERRORIST>" attacked "[Angels] DarkAngel<12><STEAM_0:0:332825919><CT>" with "ak47" (damage "27") (damage_armor "4") (health "46") (armor "92")
L 03/12/2015 - 17:55:39: Kick: "____JIaMIIo4Ka____<20><STEAM_0:0:2063377397><>" was kicked by "Console" (message ""[Nice Kicker] Выпилен за высокий пинг 178!"")
L 03/12/2015 - 17:55:39: "____JIaMIIo4Ka____<20><STEAM_0:0:2063377397><UNASSIGNED>" triggered "time" (time "1:20")
L 03/12/2015 - 17:55:39: "____JIaMIIo4Ka____<20><STEAM_0:0:2063377397><UNASSIGNED>" triggered "latency" (ping "229")
L 03/12/2015 - 17:55:39: "____JIaMIIo4Ka____<20><STEAM_0:0:2063377397><>" disconnected
L 03/12/2015 - 17:55:39: "[Angels] DarkAngel<12><STEAM_0:0:332825919><CT>" attacked "|Xyligans|kpy}I{ka<14><STEAM_0:0:1696161005><TERRORIST>" with "m4a1" (damage "22") (damage_armor "0") (health "9") (armor "88")
L 03/12/2015 - 17:55:39: "[Angels] DarkAngel<12><STEAM_0:0:332825919><CT>" attacked "|Xyligans|kpy}I{ka<14><STEAM_0:0:1696161005><TERRORIST>" with "m4a1" (damage "21") (damage_armor "5") (health "-12") (armor "83")
L 03/12/2015 - 17:55:39: "[Angels] DarkAngel<12><STEAM_0:0:332825919><CT>" killed "|Xyligans|kpy}I{ka<14><STEAM_0:0:1696161005><TERRORIST>" with "m4a1"
L 03/12/2015 - 17:55:54: "AngelOfDeath<22><STEAM_0:0:66410872><TERRORIST>" triggered "Planted_The_Bomb"
L 03/12/2015 - 17:55:59: "[Angels] DarkAngel<12><STEAM_0:0:332825919><CT>" attacked "AngelOfDeath<22><STEAM_0:0:66410872><TERRORIST>" with "m4a1" (damage "78") (damage_armor "17") (health "22") (armor "83")
L 03/12/2015 - 17:55:59: "[Angels] DarkAngel<12><STEAM_0:0:332825919><CT>" attacked "AngelOfDeath<22><STEAM_0:0:66410872><TERRORIST>" with "m4a1" (damage "81") (damage_armor "18") (health "-59") (armor "65")
L 03/12/2015 - 17:55:59: "[Angels] DarkAngel<12><STEAM_0:0:332825919><CT>" killed "AngelOfDeath<22><STEAM_0:0:66410872><TERRORIST>" with "m4a1"
L 03/12/2015 - 17:56:09: "[Angels] DarkAngel<12><STEAM_0:0:332825919><CT>" triggered "Begin_Bomb_Defuse_With_Kit"
L 03/12/2015 - 17:56:14: "[Angels] DarkAngel<12><STEAM_0:0:332825919><CT>" triggered "Defused_The_Bomb"
L 03/12/2015 - 17:56:14: Team "CT" triggered "Bomb_Defused" (CT "8") (T "8")
L 03/12/2015 - 17:56:14: World triggered "Round_End"
L 03/12/2015 - 17:56:19: "AngelOfDeath<22><STEAM_0:0:66410872><TERRORIST>" joined team "CT" (auto)
L 03/12/2015 - 17:56:19: "3AKA3 My3b|Ku<6><STEAM_0:0:285715278><TERRORIST>" triggered "Spawned_With_The_Bomb"
L 03/12/2015 - 17:56:24: World triggered "Round_Start"
L 03/12/2015 - 17:56:33: [DPROTO]: Client 5 - Set AuthIdType 1 [dp_RevEmu]; pClient = 0xb39a99cc
L 03/12/2015 - 17:56:33: "[SOBR]#O_o pRo !?#<23><STEAM_0:0:355994617><>" connected, address "178.120.110.68:43243"
L 03/12/2015 - 17:56:33: [VTC] Player 6 speex
L 03/12/2015 - 17:56:37: "[Angels] DarkAngel<12><STEAM_0:0:332825919><CT>" attacked "3AKA3 My3b|Ku<6><STEAM_0:0:285715278><TERRORIST>" with "m4a1" (damage "120") (damage_armor "0") (health "-20") (armor "0")
L 03/12/2015 - 17:56:37: "[Angels] DarkAngel<12><STEAM_0:0:332825919><CT>" killed "3AKA3 My3b|Ku<6><STEAM_0:0:285715278><TERRORIST>" with "m4a1"
L 03/12/2015 - 17:56:37: "3AKA3 My3b|Ku<6><STEAM_0:0:285715278><TERRORIST>" triggered "Dropped_The_Bomb"
L 03/12/2015 - 17:56:37: [DPROTO]: Client 5 - Set AuthIdType 1 [dp_RevEmu]; pClient = 0xb39a99cc
L 03/12/2015 - 17:56:37: "[SOBR]#O_o pRo !?#<24><STEAM_0:0:355994617><>" connected, address "178.120.110.68:43243"
L 03/12/2015 - 17:56:37: [VTC] Player 6 speex
L 03/12/2015 - 17:56:42: "[SOBR]#O_o pRo !?#<24><STEAM_0:0:355994617><>" entered the game
L 03/12/2015 - 17:56:48: "[SOBR]#O_o pRo !?#<24><STEAM_0:0:355994617><>" joined team "CT"
L 03/12/2015 - 17:57:22: "[SOBR]#O_o pRo !?#<24><STEAM_0:0:355994617><CT>" triggered "time" (time "0:39")
L 03/12/2015 - 17:57:22: "[SOBR]#O_o pRo !?#<24><STEAM_0:0:355994617><CT>" triggered "latency" (ping "70")
L 03/12/2015 - 17:57:22: "[SOBR]#O_o pRo !?#<24><STEAM_0:0:355994617><CT>" disconnected
L 03/12/2015 - 17:57:48: "[Angels] DarkAngel<12><STEAM_0:0:332825919><CT>" attacked "|Xyligans|kpy}I{ka<14><STEAM_0:0:1696161005><TERRORIST>" with "m4a1" (damage "21") (damage_armor "0") (health "79") (armor "100")
L 03/12/2015 - 17:57:49: "[Angels] DarkAngel<12><STEAM_0:0:332825919><CT>" attacked "|Xyligans|kpy}I{ka<14><STEAM_0:0:1696161005><TERRORIST>" with "m4a1" (damage "24") (damage_armor "6") (health "55") (armor "94")
L 03/12/2015 - 17:57:50: "|Xyligans|kpy}I{ka<14><STEAM_0:0:1696161005><TERRORIST>" attacked "[Angels] DarkAngel<12><STEAM_0:0:332825919><CT>" with "ak47" (damage "25") (damage_armor "4") (health "75") (armor "96")
L 03/12/2015 - 17:57:50: "|Xyligans|kpy}I{ka<14><STEAM_0:0:1696161005><TERRORIST>" attacked "AngelOfDeath<22><STEAM_0:0:66410872><CT>" with "ak47" (damage "23") (damage_armor "0") (health "77") (armor "0")
L 03/12/2015 - 17:57:50: "[Angels] DarkAngel<12><STEAM_0:0:332825919><CT>" attacked "|Xyligans|kpy}I{ka<14><STEAM_0:0:1696161005><TERRORIST>" with "m4a1" (damage "19") (damage_armor "4") (health "36") (armor "90")
L 03/12/2015 - 17:57:51: "[Angels] DarkAngel<12><STEAM_0:0:332825919><CT>" attacked "|Xyligans|kpy}I{ka<14><STEAM_0:0:1696161005><TERRORIST>" with "m4a1" (damage "21") (damage_armor "0") (health "15") (armor "90")
L 03/12/2015 - 17:57:52: "[Angels] DarkAngel<12><STEAM_0:0:332825919><CT>" attacked "|Xyligans|kpy}I{ka<14><STEAM_0:0:1696161005><TERRORIST>" with "m4a1" (damage "24") (damage_armor "5") (health "-9") (armor "85")
L 03/12/2015 - 17:57:52: "[Angels] DarkAngel<12><STEAM_0:0:332825919><CT>" killed "|Xyligans|kpy}I{ka<14><STEAM_0:0:1696161005><TERRORIST>" with "m4a1"
L 03/12/2015 - 17:58:09: "O6ygJleHHblu gJla3<19><STEAM_0:0:61868154><TERRORIST>" attacked "Strikes<10><STEAM_0:0:1511997046><CT>" with "ak47" (damage "35") (damage_armor "0") (health "65") (armor "0")
L 03/12/2015 - 17:58:09: "O6ygJleHHblu gJla3<19><STEAM_0:0:61868154><TERRORIST>" attacked "Strikes<10><STEAM_0:0:1511997046><CT>" with "ak47" (damage "35") (damage_armor "0") (health "30") (armor "0")
L 03/12/2015 - 17:58:09: "O6ygJleHHblu gJla3<19><STEAM_0:0:61868154><TERRORIST>" attacked "Strikes<10><STEAM_0:0:1511997046><CT>" with "ak47" (damage "35") (damage_armor "0") (health "-5") (armor "0")
L 03/12/2015 - 17:58:09: "O6ygJleHHblu gJla3<19><STEAM_0:0:61868154><TERRORIST>" killed "Strikes<10><STEAM_0:0:1511997046><CT>" with "ak47"
L 03/12/2015 - 17:58:12: "O6ygJleHHblu gJla3<19><STEAM_0:0:61868154><TERRORIST>" triggered "Got_The_Bomb"
L 03/12/2015 - 17:58:21: "O6ygJleHHblu gJla3<19><STEAM_0:0:61868154><TERRORIST>" attacked "AngelOfDeath<22><STEAM_0:0:66410872><CT>" with "ak47" (damage "35") (damage_armor "0") (health "42") (armor "0")
L 03/12/2015 - 17:58:22: "O6ygJleHHblu gJla3<19><STEAM_0:0:61868154><TERRORIST>" attacked "AngelOfDeath<22><STEAM_0:0:66410872><CT>" with "ak47" (damage "35") (damage_armor "0") (health "7") (armor "0")
L 03/12/2015 - 17:58:22: "AngelOfDeath<22><STEAM_0:0:66410872><CT>" attacked "O6ygJleHHblu gJla3<19><STEAM_0:0:61868154><TERRORIST>" with "usp" (damage "18") (damage_armor "0") (health "82") (armor "100")
L 03/12/2015 - 17:58:22: "O6ygJleHHblu gJla3<19><STEAM_0:0:61868154><TERRORIST>" attacked "AngelOfDeath<22><STEAM_0:0:66410872><CT>" with "ak47" (damage "35") (damage_armor "0") (health "-28") (armor "0")
L 03/12/2015 - 17:58:22: "O6ygJleHHblu gJla3<19><STEAM_0:0:61868154><TERRORIST>" killed "AngelOfDeath<22><STEAM_0:0:66410872><CT>" with "ak47"
L 03/12/2015 - 17:58:35: "O6ygJleHHblu gJla3<19><STEAM_0:0:61868154><TERRORIST>" attacked "[Angels] DarkAngel<12><STEAM_0:0:332825919><CT>" with "ak47" (damage "26") (damage_armor "4") (health "49") (armor "92")
L 03/12/2015 - 17:58:35: "O6ygJleHHblu gJla3<19><STEAM_0:0:61868154><TERRORIST>" attacked "[Angels] DarkAngel<12><STEAM_0:0:332825919><CT>" with "ak47" (damage "26") (damage_armor "4") (health "23") (armor "88")
L 03/12/2015 - 17:58:36: "O6ygJleHHblu gJla3<19><STEAM_0:0:61868154><TERRORIST>" attacked "[Angels] DarkAngel<12><STEAM_0:0:332825919><CT>" with "ak47" (damage "105") (damage_armor "15") (health "-82") (armor "73")
L 03/12/2015 - 17:58:36: "O6ygJleHHblu gJla3<19><STEAM_0:0:61868154><TERRORIST>" killed "[Angels] DarkAngel<12><STEAM_0:0:332825919><CT>" with "ak47"
L 03/12/2015 - 17:58:36: Team "TERRORIST" triggered "Terrorists_Win" (CT "8") (T "9")
L 03/12/2015 - 17:58:36: World triggered "Round_End"
L 03/12/2015 - 17:58:41: "|Xyligans|kpy}I{ka<14><STEAM_0:0:1696161005><TERRORIST>" triggered "Spawned_With_The_Bomb"
L 03/12/2015 - 17:58:46: World triggered "Round_Start"
L 03/12/2015 - 17:59:04: "O6ygJleHHblu gJla3<19><STEAM_0:0:61868154><TERRORIST>" attacked "[Angels] DarkAngel<12><STEAM_0:0:332825919><CT>" with "ak47" (damage "35") (damage_armor "0") (health "65") (armor "0")
L 03/12/2015 - 17:59:05: "O6ygJleHHblu gJla3<19><STEAM_0:0:61868154><TERRORIST>" attacked "[Angels] DarkAngel<12><STEAM_0:0:332825919><CT>" with "ak47" (damage "43") (damage_armor "0") (health "22") (armor "0")
L 03/12/2015 - 17:59:05: "O6ygJleHHblu gJla3<19><STEAM_0:0:61868154><TERRORIST>" attacked "[Angels] DarkAngel<12><STEAM_0:0:332825919><CT>" with "ak47" (damage "35") (damage_armor "0") (health "-13") (armor "0")
L 03/12/2015 - 17:59:05: "O6ygJleHHblu gJla3<19><STEAM_0:0:61868154><TERRORIST>" killed "[Angels] DarkAngel<12><STEAM_0:0:332825919><CT>" with "ak47"
L 03/12/2015 - 17:59:06: "O6ygJleHHblu gJla3<19><STEAM_0:0:61868154><TERRORIST>" attacked "AngelOfDeath<22><STEAM_0:0:66410872><CT>" with "ak47" (damage "26") (damage_armor "0") (health "74") (armor "0")
L 03/12/2015 - 17:59:07: "O6ygJleHHblu gJla3<19><STEAM_0:0:61868154><TERRORIST>" attacked "AngelOfDeath<22><STEAM_0:0:66410872><CT>" with "ak47" (damage "26") (damage_armor "0") (health "48") (armor "0")
L 03/12/2015 - 17:59:07: "O6ygJleHHblu gJla3<19><STEAM_0:0:61868154><TERRORIST>" attacked "AngelOfDeath<22><STEAM_0:0:66410872><CT>" with "ak47" (damage "35") (damage_armor "0") (health "13") (armor "0")
L 03/12/2015 - 17:59:08: "AngelOfDeath<22><STEAM_0:0:66410872><CT>" attacked "O6ygJleHHblu gJla3<19><STEAM_0:0:61868154><TERRORIST>" with "mp5navy" (damage "15") (damage_armor "0") (health "85") (armor "100")
L 03/12/2015 - 17:59:08: "AngelOfDeath<22><STEAM_0:0:66410872><CT>" attacked "O6ygJleHHblu gJla3<19><STEAM_0:0:61868154><TERRORIST>" with "mp5navy" (damage "15") (damage_armor "0") (health "70") (armor "100")
L 03/12/2015 - 17:59:08: "AngelOfDeath<22><STEAM_0:0:66410872><CT>" attacked "O6ygJleHHblu gJla3<19><STEAM_0:0:61868154><TERRORIST>" with "mp5navy" (damage "15") (damage_armor "0") (health "55") (armor "100")
L 03/12/2015 - 17:59:08: "AngelOfDeath<22><STEAM_0:0:66410872><CT>" attacked "O6ygJleHHblu gJla3<19><STEAM_0:0:61868154><TERRORIST>" with "mp5navy" (damage "15") (damage_armor "0") (health "40") (armor "100")
L 03/12/2015 - 17:59:09: "O6ygJleHHblu gJla3<19><STEAM_0:0:61868154><TERRORIST>" attacked "AngelOfDeath<22><STEAM_0:0:66410872><CT>" with "deagle" (damage "41") (damage_armor "0") (health "-28") (armor "0")
L 03/12/2015 - 17:59:09: "O6ygJleHHblu gJla3<19><STEAM_0:0:61868154><TERRORIST>" killed "AngelOfDeath<22><STEAM_0:0:66410872><CT>" with "deagle"
L 03/12/2015 - 17:59:10: "|Xyligans|kpy}I{ka<14><STEAM_0:0:1696161005><TERRORIST>" triggered "Planted_The_Bomb"
L 03/12/2015 - 17:59:20: "O6ygJleHHblu gJla3<19><STEAM_0:0:61868154><TERRORIST>" attacked "Strikes<10><STEAM_0:0:1511997046><CT>" with "ak47" (damage "35") (damage_armor "0") (health "65") (armor "0")
L 03/12/2015 - 17:59:20: "O6ygJleHHblu gJla3<19><STEAM_0:0:61868154><TERRORIST>" attacked "Strikes<10><STEAM_0:0:1511997046><CT>" with "ak47" (damage "35") (damage_armor "0") (health "30") (armor "0")
L 03/12/2015 - 17:59:21: "O6ygJleHHblu gJla3<19><STEAM_0:0:61868154><TERRORIST>" attacked "Strikes<10><STEAM_0:0:1511997046><CT>" with "ak47" (damage "140") (damage_armor "0") (health "-110") (armor "0")
L 03/12/2015 - 17:59:21: "O6ygJleHHblu gJla3<19><STEAM_0:0:61868154><TERRORIST>" killed "Strikes<10><STEAM_0:0:1511997046><CT>" with "ak47"
L 03/12/2015 - 17:59:21: Team "TERRORIST" triggered "Terrorists_Win" (CT "8") (T "10")
L 03/12/2015 - 17:59:21: World triggered "Round_End"
L 03/12/2015 - 17:59:26: "O6ygJleHHblu gJla3<19><STEAM_0:0:61868154><TERRORIST>" triggered "Spawned_With_The_Bomb"
L 03/12/2015 - 17:59:31: World triggered "Round_Start"
L 03/12/2015 - 17:59:44: "3AKA3 My3b|Ku<6><STEAM_0:0:285715278><TERRORIST>" attacked "Strikes<10><STEAM_0:0:1511997046><CT>" with "sg552" (damage "124") (damage_armor "0") (health "-24") (armor "0")
L 03/12/2015 - 17:59:44: "3AKA3 My3b|Ku<6><STEAM_0:0:285715278><TERRORIST>" killed "Strikes<10><STEAM_0:0:1511997046><CT>" with "sg552"
L 03/12/2015 - 17:59:50: "O6ygJleHHblu gJla3<19><STEAM_0:0:61868154><TERRORIST>" attacked "[Angels] DarkAngel<12><STEAM_0:0:332825919><CT>" with "ak47" (damage "35") (damage_armor "0") (health "65") (armor "0")
L 03/12/2015 - 17:59:50: "O6ygJleHHblu gJla3<19><STEAM_0:0:61868154><TERRORIST>" attacked "[Angels] DarkAngel<12><STEAM_0:0:332825919><CT>" with "ak47" (damage "35") (damage_armor "0") (health "30") (armor "0")
L 03/12/2015 - 17:59:50: "O6ygJleHHblu gJla3<19><STEAM_0:0:61868154><TERRORIST>" attacked "[Angels] DarkAngel<12><STEAM_0:0:332825919><CT>" with "ak47" (damage "35") (damage_armor "0") (health "-5") (armor "0")
L 03/12/2015 - 17:59:50: "O6ygJleHHblu gJla3<19><STEAM_0:0:61868154><TERRORIST>" killed "[Angels] DarkAngel<12><STEAM_0:0:332825919><CT>" with "ak47"
L 03/12/2015 - 17:59:56: "AngelOfDeath<22><STEAM_0:0:66410872><CT>" attacked "O6ygJleHHblu gJla3<19><STEAM_0:0:61868154><TERRORIST>" with "deagle" (damage "38") (damage_armor "7") (health "62") (armor "93")
L 03/12/2015 - 17:59:56: "O6ygJleHHblu gJla3<19><STEAM_0:0:61868154><TERRORIST>" attacked "AngelOfDeath<22><STEAM_0:0:66410872><CT>" with "deagle" (damage "208") (damage_armor "0") (health "-108") (armor "0")
L 03/12/2015 - 17:59:56: "O6ygJleHHblu gJla3<19><STEAM_0:0:61868154><TERRORIST>" killed "AngelOfDeath<22><STEAM_0:0:66410872><CT>" with "deagle"
L 03/12/2015 - 17:59:56: Team "TERRORIST" triggered "Terrorists_Win" (CT "8") (T "11")
L 03/12/2015 - 17:59:56: World triggered "Round_End"
L 03/12/2015 - 18:00:01: "3AKA3 My3b|Ku<6><STEAM_0:0:285715278><TERRORIST>" triggered "Spawned_With_The_Bomb"
L 03/12/2015 - 18:00:06: World triggered "Round_Start"
L 03/12/2015 - 18:00:18: "Strikes<10><STEAM_0:0:1511997046><CT>" attacked "3AKA3 My3b|Ku<6><STEAM_0:0:285715278><TERRORIST>" with "m249" (damage "22") (damage_armor "0") (health "78") (armor "0")
L 03/12/2015 - 18:00:19: "Strikes<10><STEAM_0:0:1511997046><CT>" attacked "3AKA3 My3b|Ku<6><STEAM_0:0:285715278><TERRORIST>" with "m249" (damage "30") (damage_armor "0") (health "48") (armor "0")
L 03/12/2015 - 18:00:19: "3AKA3 My3b|Ku<6><STEAM_0:0:285715278><TERRORIST>" attacked "Strikes<10><STEAM_0:0:1511997046><CT>" with "sg552" (damage "31") (damage_armor "0") (health "69") (armor "0")
L 03/12/2015 - 18:00:19: "3AKA3 My3b|Ku<6><STEAM_0:0:285715278><TERRORIST>" attacked "Strikes<10><STEAM_0:0:1511997046><CT>" with "sg552" (damage "124") (damage_armor "0") (health "-55") (armor "0")
L 03/12/2015 - 18:00:19: "3AKA3 My3b|Ku<6><STEAM_0:0:285715278><TERRORIST>" killed "Strikes<10><STEAM_0:0:1511997046><CT>" with "sg552"
L 03/12/2015 - 18:00:37: "3AKA3 My3b|Ku<6><STEAM_0:0:285715278><TERRORIST>" triggered "Planted_The_Bomb"
L 03/12/2015 - 18:00:45: "[Angels] DarkAngel<12><STEAM_0:0:332825919><CT>" attacked "O6ygJleHHblu gJla3<19><STEAM_0:0:61868154><TERRORIST>" with "m4a1" (damage "23") (damage_armor "0") (health "77") (armor "100")
L 03/12/2015 - 18:00:45: "O6ygJleHHblu gJla3<19><STEAM_0:0:61868154><TERRORIST>" attacked "[Angels] DarkAngel<12><STEAM_0:0:332825919><CT>" with "ak47" (damage "35") (damage_armor "0") (health "65") (armor "0")
L 03/12/2015 - 18:00:45: "O6ygJleHHblu gJla3<19><STEAM_0:0:61868154><TERRORIST>" attacked "[Angels] DarkAngel<12><STEAM_0:0:332825919><CT>" with "ak47" (damage "43") (damage_armor "0") (health "22") (armor "0")
L 03/12/2015 - 18:00:46: "[Angels] DarkAngel<12><STEAM_0:0:332825919><CT>" attacked "O6ygJleHHblu gJla3<19><STEAM_0:0:61868154><TERRORIST>" with "m4a1" (damage "21") (damage_armor "5") (health "56") (armor "95")
L 03/12/2015 - 18:00:46: "[Angels] DarkAngel<12><STEAM_0:0:332825919><CT>" attacked "O6ygJleHHblu gJla3<19><STEAM_0:0:61868154><TERRORIST>" with "m4a1" (damage "21") (damage_armor "5") (health "35") (armor "90")
L 03/12/2015 - 18:00:46: "[Angels] DarkAngel<12><STEAM_0:0:332825919><CT>" attacked "O6ygJleHHblu gJla3<19><STEAM_0:0:61868154><TERRORIST>" with "m4a1" (damage "21") (damage_armor "4") (health "14") (armor "86")
L 03/12/2015 - 18:00:46: "O6ygJleHHblu gJla3<19><STEAM_0:0:61868154><TERRORIST>" attacked "[Angels] DarkAngel<12><STEAM_0:0:332825919><CT>" with "ak47" (damage "35") (damage_armor "0") (health "-13") (armor "0")
L 03/12/2015 - 18:00:46: "O6ygJleHHblu gJla3<19><STEAM_0:0:61868154><TERRORIST>" killed "[Angels] DarkAngel<12><STEAM_0:0:332825919><CT>" with "ak47"
L 03/12/2015 - 18:00:47: "AngelOfDeath<22><STEAM_0:0:66410872><CT>" attacked "|Xyligans|kpy}I{ka<14><STEAM_0:0:1696161005><TERRORIST>" with "m4a1" (damage "84") (damage_armor "18") (health "16") (armor "82")
L 03/12/2015 - 18:00:47: "AngelOfDeath<22><STEAM_0:0:66410872><CT>" attacked "|Xyligans|kpy}I{ka<14><STEAM_0:0:1696161005><TERRORIST>" with "m4a1" (damage "21") (damage_armor "5") (health "-5") (armor "77")
L 03/12/2015 - 18:00:47: "AngelOfDeath<22><STEAM_0:0:66410872><CT>" killed "|Xyligans|kpy}I{ka<14><STEAM_0:0:1696161005><TERRORIST>" with "m4a1"
L 03/12/2015 - 18:00:50: "AngelOfDeath<22><STEAM_0:0:66410872><CT>" attacked "3AKA3 My3b|Ku<6><STEAM_0:0:285715278><TERRORIST>" with "m4a1" (damage "28") (damage_armor "0") (health "20") (armor "0")
L 03/12/2015 - 18:00:50: "O6ygJleHHblu gJla3<19><STEAM_0:0:61868154><TERRORIST>" attacked "AngelOfDeath<22><STEAM_0:0:66410872><CT>" with "ak47" (damage "34") (damage_armor "0") (health "66") (armor "0")
L 03/12/2015 - 18:00:51: "AngelOfDeath<22><STEAM_0:0:66410872><CT>" attacked "3AKA3 My3b|Ku<6><STEAM_0:0:285715278><TERRORIST>" with "m4a1" (damage "21") (damage_armor "0") (health "-1") (armor "0")
L 03/12/2015 - 18:00:51: "AngelOfDeath<22><STEAM_0:0:66410872><CT>" killed "3AKA3 My3b|Ku<6><STEAM_0:0:285715278><TERRORIST>" with "m4a1"
L 03/12/2015 - 18:00:51: "O6ygJleHHblu gJla3<19><STEAM_0:0:61868154><TERRORIST>" attacked "AngelOfDeath<22><STEAM_0:0:66410872><CT>" with "ak47" (damage "34") (damage_armor "0") (health "32") (armor "0")
L 03/12/2015 - 18:00:59: "O6ygJleHHblu gJla3<19><STEAM_0:0:61868154><TERRORIST>" attacked "AngelOfDeath<22><STEAM_0:0:66410872><CT>" with "ak47" (damage "34") (damage_armor "0") (health "-2") (armor "0")
L 03/12/2015 - 18:00:59: "O6ygJleHHblu gJla3<19><STEAM_0:0:61868154><TERRORIST>" killed "AngelOfDeath<22><STEAM_0:0:66410872><CT>" with "ak47"
L 03/12/2015 - 18:00:59: Team "TERRORIST" triggered "Terrorists_Win" (CT "8") (T "12")
L 03/12/2015 - 18:00:59: World triggered "Round_End"
L 03/12/2015 - 18:01:04: "|Xyligans|kpy}I{ka<14><STEAM_0:0:1696161005><TERRORIST>" triggered "Spawned_With_The_Bomb"
L 03/12/2015 - 18:01:09: World triggered "Round_Start"
L 03/12/2015 - 18:01:29: "[Angels] DarkAngel<12><STEAM_0:0:332825919><CT>" attacked "3AKA3 My3b|Ku<6><STEAM_0:0:285715278><TERRORIST>" with "mp5navy" (damage "19") (damage_armor "0") (health "81") (armor "0")
L 03/12/2015 - 18:01:29: "[Angels] DarkAngel<12><STEAM_0:0:332825919><CT>" attacked "3AKA3 My3b|Ku<6><STEAM_0:0:285715278><TERRORIST>" with "mp5navy" (damage "23") (damage_armor "0") (health "58") (armor "0")
L 03/12/2015 - 18:01:29: "[Angels] DarkAngel<12><STEAM_0:0:332825919><CT>" attacked "3AKA3 My3b|Ku<6><STEAM_0:0:285715278><TERRORIST>" with "mp5navy" (damage "19") (damage_armor "0") (health "39") (armor "0")
L 03/12/2015 - 18:01:29: "Strikes<10><STEAM_0:0:1511997046><CT>" attacked "3AKA3 My3b|Ku<6><STEAM_0:0:285715278><TERRORIST>" with "m3" (damage "58") (damage_armor "0") (health "-19") (armor "0")
L 03/12/2015 - 18:01:29: "Strikes<10><STEAM_0:0:1511997046><CT>" killed "3AKA3 My3b|Ku<6><STEAM_0:0:285715278><TERRORIST>" with "m3"
L 03/12/2015 - 18:01:41: "|Xyligans|kpy}I{ka<14><STEAM_0:0:1696161005><TERRORIST>" triggered "Planted_The_Bomb"
L 03/12/2015 - 18:01:57: "O6ygJleHHblu gJla3<19><STEAM_0:0:61868154><TERRORIST>" attacked "[Angels] DarkAngel<12><STEAM_0:0:332825919><CT>" with "ak47" (damage "35") (damage_armor "0") (health "65") (armor "0")
L 03/12/2015 - 18:01:57: "O6ygJleHHblu gJla3<19><STEAM_0:0:61868154><TERRORIST>" attacked "[Angels] DarkAngel<12><STEAM_0:0:332825919><CT>" with "ak47" (damage "35") (damage_armor "0") (health "30") (armor "0")
L 03/12/2015 - 18:01:57: "[Angels] DarkAngel<12><STEAM_0:0:332825919><CT>" attacked "O6ygJleHHblu gJla3<19><STEAM_0:0:61868154><TERRORIST>" with "sg552" (damage "22") (damage_armor "5") (health "78") (armor "81")
L 03/12/2015 - 18:01:57: "O6ygJleHHblu gJla3<19><STEAM_0:0:61868154><TERRORIST>" attacked "[Angels] DarkAngel<12><STEAM_0:0:332825919><CT>" with "ak47" (damage "35") (damage_armor "0") (health "-5") (armor "0")
L 03/12/2015 - 18:01:57: "O6ygJleHHblu gJla3<19><STEAM_0:0:61868154><TERRORIST>" killed "[Angels] DarkAngel<12><STEAM_0:0:332825919><CT>" with "ak47"
L 03/12/2015 - 18:02:08: "O6ygJleHHblu gJla3<19><STEAM_0:0:61868154><TERRORIST>" attacked "AngelOfDeath<22><STEAM_0:0:66410872><CT>" with "ak47" (damage "42") (damage_armor "0") (health "58") (armor "0")
L 03/12/2015 - 18:02:09: "O6ygJleHHblu gJla3<19><STEAM_0:0:61868154><TERRORIST>" attacked "AngelOfDeath<22><STEAM_0:0:66410872><CT>" with "ak47" (damage "136") (damage_armor "0") (health "-78") (armor "0")
L 03/12/2015 - 18:02:09: "O6ygJleHHblu gJla3<19><STEAM_0:0:61868154><TERRORIST>" killed "AngelOfDeath<22><STEAM_0:0:66410872><CT>" with "ak47"
L 03/12/2015 - 18:02:16: Team "TERRORIST" triggered "Target_Bombed" (CT "8") (T "13")
L 03/12/2015 - 18:02:16: World triggered "Round_End"
L 03/12/2015 - 18:02:21: "O6ygJleHHblu gJla3<19><STEAM_0:0:61868154><TERRORIST>" triggered "Spawned_With_The_Bomb"
L 03/12/2015 - 18:02:26: World triggered "Round_Start"
L 03/12/2015 - 18:02:36: "[Angels] DarkAngel<12><STEAM_0:0:332825919><CT>" attacked "O6ygJleHHblu gJla3<19><STEAM_0:0:61868154><TERRORIST>" with "m4a1" (damage "89") (damage_armor "20") (health "11") (armor "80")
L 03/12/2015 - 18:02:36: "[Angels] DarkAngel<12><STEAM_0:0:332825919><CT>" attacked "O6ygJleHHblu gJla3<19><STEAM_0:0:61868154><TERRORIST>" with "m4a1" (damage "22") (damage_armor "4") (health "-11") (armor "76")
L 03/12/2015 - 18:02:36: "[Angels] DarkAngel<12><STEAM_0:0:332825919><CT>" killed "O6ygJleHHblu gJla3<19><STEAM_0:0:61868154><TERRORIST>" with "m4a1"
L 03/12/2015 - 18:02:36: "O6ygJleHHblu gJla3<19><STEAM_0:0:61868154><TERRORIST>" triggered "Dropped_The_Bomb"
L 03/12/2015 - 18:02:37: "[Angels] DarkAngel<12><STEAM_0:0:332825919><CT>" attacked "|Xyligans|kpy}I{ka<14><STEAM_0:0:1696161005><TERRORIST>" with "m4a1" (damage "21") (damage_armor "5") (health "79") (armor "95")
L 03/12/2015 - 18:02:39: "Strikes<10><STEAM_0:0:1511997046><CT>" attacked "|Xyligans|kpy}I{ka<14><STEAM_0:0:1696161005><TERRORIST>" with "m3" (damage "9") (damage_armor "0") (health "70") (armor "95")
L 03/12/2015 - 18:02:40: "AngelOfDeath<22><STEAM_0:0:66410872><CT>" attacked "|Xyligans|kpy}I{ka<14><STEAM_0:0:1696161005><TERRORIST>" with "m4a1" (damage "25") (damage_armor "5") (health "45") (armor "90")
L 03/12/2015 - 18:02:40: "AngelOfDeath<22><STEAM_0:0:66410872><CT>" attacked "|Xyligans|kpy}I{ka<14><STEAM_0:0:1696161005><TERRORIST>" with "m4a1" (damage "25") (damage_armor "6") (health "20") (armor "84")
L 03/12/2015 - 18:02:40: "AngelOfDeath<22><STEAM_0:0:66410872><CT>" attacked "|Xyligans|kpy}I{ka<14><STEAM_0:0:1696161005><TERRORIST>" with "m4a1" (damage "20") (damage_armor "4") (health "0") (armor "80")
L 03/12/2015 - 18:02:40: "AngelOfDeath<22><STEAM_0:0:66410872><CT>" killed "|Xyligans|kpy}I{ka<14><STEAM_0:0:1696161005><TERRORIST>" with "m4a1"
L 03/12/2015 - 18:02:45: "3AKA3 My3b|Ku<6><STEAM_0:0:285715278><TERRORIST>" attacked "Strikes<10><STEAM_0:0:1511997046><CT>" with "ak47" (damage "35") (damage_armor "0") (health "1") (armor "0")
L 03/12/2015 - 18:02:45: "3AKA3 My3b|Ku<6><STEAM_0:0:285715278><TERRORIST>" attacked "Strikes<10><STEAM_0:0:1511997046><CT>" with "ak47" (damage "35") (damage_armor "0") (health "-34") (armor "0")
L 03/12/2015 - 18:02:45: "3AKA3 My3b|Ku<6><STEAM_0:0:285715278><TERRORIST>" killed "Strikes<10><STEAM_0:0:1511997046><CT>" with "ak47"
L 03/12/2015 - 18:02:48: "3AKA3 My3b|Ku<6><STEAM_0:0:285715278><TERRORIST>" attacked "AngelOfDeath<22><STEAM_0:0:66410872><CT>" with "ak47" (damage "35") (damage_armor "0") (health "65") (armor "0")
L 03/12/2015 - 18:02:48: "3AKA3 My3b|Ku<6><STEAM_0:0:285715278><TERRORIST>" attacked "[Angels] DarkAngel<12><STEAM_0:0:332825919><CT>" with "ak47" (damage "25") (damage_armor "0") (health "37") (armor "0")
L 03/12/2015 - 18:02:48: "3AKA3 My3b|Ku<6><STEAM_0:0:285715278><TERRORIST>" attacked "AngelOfDeath<22><STEAM_0:0:66410872><CT>" with "ak47" (damage "35") (damage_armor "0") (health "30") (armor "0")
L 03/12/2015 - 18:02:48: "3AKA3 My3b|Ku<6><STEAM_0:0:285715278><TERRORIST>" attacked "[Angels] DarkAngel<12><STEAM_0:0:332825919><CT>" with "ak47" (damage "25") (damage_armor "0") (health "12") (armor "0")
L 03/12/2015 - 18:02:48: "3AKA3 My3b|Ku<6><STEAM_0:0:285715278><TERRORIST>" attacked "[Angels] DarkAngel<12><STEAM_0:0:332825919><CT>" with "ak47" (damage "35") (damage_armor "0") (health "-23") (armor "0")
L 03/12/2015 - 18:02:48: "3AKA3 My3b|Ku<6><STEAM_0:0:285715278><TERRORIST>" killed "[Angels] DarkAngel<12><STEAM_0:0:332825919><CT>" with "ak47"
L 03/12/2015 - 18:02:48: "AngelOfDeath<22><STEAM_0:0:66410872><CT>" attacked "3AKA3 My3b|Ku<6><STEAM_0:0:285715278><TERRORIST>" with "m4a1" (damage "24") (damage_armor "0") (health "76") (armor "100")
L 03/12/2015 - 18:02:48: "AngelOfDeath<22><STEAM_0:0:66410872><CT>" attacked "3AKA3 My3b|Ku<6><STEAM_0:0:285715278><TERRORIST>" with "m4a1" (damage "24") (damage_armor "0") (health "52") (armor "100")
L 03/12/2015 - 18:02:48: "AngelOfDeath<22><STEAM_0:0:66410872><CT>" attacked "3AKA3 My3b|Ku<6><STEAM_0:0:285715278><TERRORIST>" with "m4a1" (damage "22") (damage_armor "5") (health "30") (armor "95")
L 03/12/2015 - 18:02:49: "AngelOfDeath<22><STEAM_0:0:66410872><CT>" attacked "3AKA3 My3b|Ku<6><STEAM_0:0:285715278><TERRORIST>" with "m4a1" (damage "24") (damage_armor "0") (health "6") (armor "95")
L 03/12/2015 - 18:02:49: "AngelOfDeath<22><STEAM_0:0:66410872><CT>" attacked "3AKA3 My3b|Ku<6><STEAM_0:0:285715278><TERRORIST>" with "m4a1" (damage "22") (damage_armor "5") (health "-16") (armor "90")
L 03/12/2015 - 18:02:49: "AngelOfDeath<22><STEAM_0:0:66410872><CT>" killed "3AKA3 My3b|Ku<6><STEAM_0:0:285715278><TERRORIST>" with "m4a1"
L 03/12/2015 - 18:02:49: Team "CT" triggered "CTs_Win" (CT "9") (T "13")
L 03/12/2015 - 18:02:49: World triggered "Round_End"
L 03/12/2015 - 18:02:54: "3AKA3 My3b|Ku<6><STEAM_0:0:285715278><TERRORIST>" triggered "Spawned_With_The_Bomb"
L 03/12/2015 - 18:02:59: World triggered "Round_Start"
L 03/12/2015 - 18:03:08: "3AKA3 My3b|Ku<6><STEAM_0:0:285715278><TERRORIST>" attacked "[Angels] DarkAngel<12><STEAM_0:0:332825919><CT>" with "ak47" (damage "136") (damage_armor "0") (health "-36") (armor "0")
L 03/12/2015 - 18:03:08: "3AKA3 My3b|Ku<6><STEAM_0:0:285715278><TERRORIST>" killed "[Angels] DarkAngel<12><STEAM_0:0:332825919><CT>" with "ak47"
L 03/12/2015 - 18:03:17: "3AKA3 My3b|Ku<6><STEAM_0:0:285715278><TERRORIST>" attacked "Strikes<10><STEAM_0:0:1511997046><CT>" with "glock18" (damage "92") (damage_armor "0") (health "8") (armor "0")
L 03/12/2015 - 18:03:17: "3AKA3 My3b|Ku<6><STEAM_0:0:285715278><TERRORIST>" attacked "Strikes<10><STEAM_0:0:1511997046><CT>" with "glock18" (damage "92") (damage_armor "0") (health "-84") (armor "0")
L 03/12/2015 - 18:03:17: "3AKA3 My3b|Ku<6><STEAM_0:0:285715278><TERRORIST>" killed "Strikes<10><STEAM_0:0:1511997046><CT>" with "glock18"
L 03/12/2015 - 18:03:19: "AngelOfDeath<22><STEAM_0:0:66410872><CT>" attacked "3AKA3 My3b|Ku<6><STEAM_0:0:285715278><TERRORIST>" with "m4a1" (damage "10") (damage_armor "0") (health "90") (armor "100")
L 03/12/2015 - 18:03:19: "AngelOfDeath<22><STEAM_0:0:66410872><CT>" attacked "3AKA3 My3b|Ku<6><STEAM_0:0:285715278><TERRORIST>" with "m4a1" (damage "10") (damage_armor "0") (health "80") (armor "100")
L 03/12/2015 - 18:03:19: "AngelOfDeath<22><STEAM_0:0:66410872><CT>" attacked "3AKA3 My3b|Ku<6><STEAM_0:0:285715278><TERRORIST>" with "m4a1" (damage "10") (damage_armor "0") (health "70") (armor "100")
L 03/12/2015 - 18:03:20: "|Xyligans|kpy}I{ka<14><STEAM_0:0:1696161005><TERRORIST>" attacked "AngelOfDeath<22><STEAM_0:0:66410872><CT>" with "ak47" (damage "34") (damage_armor "0") (health "66") (armor "0")
L 03/12/2015 - 18:03:27: "|Xyligans|kpy}I{ka<14><STEAM_0:0:1696161005><TERRORIST>" attacked "AngelOfDeath<22><STEAM_0:0:66410872><CT>" with "ak47" (damage "35") (damage_armor "0") (health "31") (armor "0")
L 03/12/2015 - 18:03:27: "AngelOfDeath<22><STEAM_0:0:66410872><CT>" attacked "3AKA3 My3b|Ku<6><STEAM_0:0:285715278><TERRORIST>" with "m4a1" (damage "10") (damage_armor "3") (health "60") (armor "97")
L 03/12/2015 - 18:03:28: "|Xyligans|kpy}I{ka<14><STEAM_0:0:1696161005><TERRORIST>" attacked "AngelOfDeath<22><STEAM_0:0:66410872><CT>" with "ak47" (damage "26") (damage_armor "0") (health "5") (armor "0")
L 03/12/2015 - 18:03:28: "|Xyligans|kpy}I{ka<14><STEAM_0:0:1696161005><TERRORIST>" attacked "AngelOfDeath<22><STEAM_0:0:66410872><CT>" with "ak47" (damage "140") (damage_armor "0") (health "-135") (armor "0")
L 03/12/2015 - 18:03:28: "|Xyligans|kpy}I{ka<14><STEAM_0:0:1696161005><TERRORIST>" killed "AngelOfDeath<22><STEAM_0:0:66410872><CT>" with "ak47"
L 03/12/2015 - 18:03:28: Team "TERRORIST" triggered "Terrorists_Win" (CT "9") (T "14")
L 03/12/2015 - 18:03:28: World triggered "Round_End"
L 03/12/2015 - 18:03:33: "|Xyligans|kpy}I{ka<14><STEAM_0:0:1696161005><TERRORIST>" triggered "Spawned_With_The_Bomb"
L 03/12/2015 - 18:03:38: World triggered "Round_Start"
L 03/12/2015 - 18:03:54: "3AKA3 My3b|Ku<6><STEAM_0:0:285715278><TERRORIST>" attacked "[Angels] DarkAngel<12><STEAM_0:0:332825919><CT>" with "ak47" (damage "43") (damage_armor "0") (health "57") (armor "0")
L 03/12/2015 - 18:03:55: "[Angels] DarkAngel<12><STEAM_0:0:332825919><CT>" attacked "3AKA3 My3b|Ku<6><STEAM_0:0:285715278><TERRORIST>" with "mp5navy" (damage "17") (damage_armor "0") (health "83") (armor "97")
L 03/12/2015 - 18:03:55: "[Angels] DarkAngel<12><STEAM_0:0:332825919><CT>" attacked "3AKA3 My3b|Ku<6><STEAM_0:0:285715278><TERRORIST>" with "mp5navy" (damage "17") (damage_armor "0") (health "66") (armor "97")
L 03/12/2015 - 18:03:55: "[Angels] DarkAngel<12><STEAM_0:0:332825919><CT>" attacked "3AKA3 My3b|Ku<6><STEAM_0:0:285715278><TERRORIST>" with "mp5navy" (damage "11") (damage_armor "5") (health "55") (armor "92")
L 03/12/2015 - 18:03:55: "[Angels] DarkAngel<12><STEAM_0:0:332825919><CT>" attacked "3AKA3 My3b|Ku<6><STEAM_0:0:285715278><TERRORIST>" with "mp5navy" (damage "14") (damage_armor "8") (health "41") (armor "84")
L 03/12/2015 - 18:03:55: "[Angels] DarkAngel<12><STEAM_0:0:332825919><CT>" attacked "3AKA3 My3b|Ku<6><STEAM_0:0:285715278><TERRORIST>" with "mp5navy" (damage "14") (damage_armor "7") (health "27") (armor "77")
L 03/12/2015 - 18:03:55: "3AKA3 My3b|Ku<6><STEAM_0:0:285715278><TERRORIST>" attacked "[Angels] DarkAngel<12><STEAM_0:0:332825919><CT>" with "ak47" (damage "43") (damage_armor "0") (health "14") (armor "0")
L 03/12/2015 - 18:03:55: "[Angels] DarkAngel<12><STEAM_0:0:332825919><CT>" attacked "3AKA3 My3b|Ku<6><STEAM_0:0:285715278><TERRORIST>" with "mp5navy" (damage "46") (damage_armor "23") (health "-19") (armor "54")
L 03/12/2015 - 18:03:55: "[Angels] DarkAngel<12><STEAM_0:0:332825919><CT>" killed "3AKA3 My3b|Ku<6><STEAM_0:0:285715278><TERRORIST>" with "mp5navy"
L 03/12/2015 - 18:04:01: "O6ygJleHHblu gJla3<19><STEAM_0:0:61868154><TERRORIST>" attacked "[Angels] DarkAngel<12><STEAM_0:0:332825919><CT>" with "ak47" (damage "35") (damage_armor "0") (health "-21") (armor "0")
L 03/12/2015 - 18:04:01: "O6ygJleHHblu gJla3<19><STEAM_0:0:61868154><TERRORIST>" killed "[Angels] DarkAngel<12><STEAM_0:0:332825919><CT>" with "ak47"
L 03/12/2015 - 18:04:07: "|Xyligans|kpy}I{ka<14><STEAM_0:0:1696161005><TERRORIST>" triggered "Planted_The_Bomb"
L 03/12/2015 - 18:04:21: "O6ygJleHHblu gJla3<19><STEAM_0:0:61868154><TERRORIST>" attacked "AngelOfDeath<22><STEAM_0:0:66410872><CT>" with "ak47" (damage "27") (damage_armor "4") (health "73") (armor "96")
L 03/12/2015 - 18:04:21: "O6ygJleHHblu gJla3<19><STEAM_0:0:61868154><TERRORIST>" attacked "AngelOfDeath<22><STEAM_0:0:66410872><CT>" with "ak47" (damage "27") (damage_armor "4") (health "46") (armor "92")
L 03/12/2015 - 18:04:21: "O6ygJleHHblu gJla3<19><STEAM_0:0:61868154><TERRORIST>" attacked "AngelOfDeath<22><STEAM_0:0:66410872><CT>" with "ak47" (damage "108") (damage_armor "16") (health "-62") (armor "76")
L 03/12/2015 - 18:04:21: "O6ygJleHHblu gJla3<19><STEAM_0:0:61868154><TERRORIST>" killed "AngelOfDeath<22><STEAM_0:0:66410872><CT>" with "ak47"
L 03/12/2015 - 18:04:42: Team "TERRORIST" triggered "Target_Bombed" (CT "9") (T "15")
L 03/12/2015 - 18:04:42: World triggered "Round_End"
L 03/12/2015 - 18:04:47: "O6ygJleHHblu gJla3<19><STEAM_0:0:61868154><TERRORIST>" triggered "Spawned_With_The_Bomb"
L 03/12/2015 - 18:04:52: World triggered "Round_Start"
L 03/12/2015 - 18:05:10: "O6ygJleHHblu gJla3<19><STEAM_0:0:61868154><TERRORIST>" attacked "Strikes<10><STEAM_0:0:1511997046><CT>" with "ak47" (damage "43") (damage_armor "0") (health "57") (armor "0")
L 03/12/2015 - 18:05:11: "O6ygJleHHblu gJla3<19><STEAM_0:0:61868154><TERRORIST>" attacked "Strikes<10><STEAM_0:0:1511997046><CT>" with "ak47" (damage "35") (damage_armor "0") (health "22") (armor "0")
L 03/12/2015 - 18:05:11: "O6ygJleHHblu gJla3<19><STEAM_0:0:61868154><TERRORIST>" attacked "Strikes<10><STEAM_0:0:1511997046><CT>" with "ak47" (damage "26") (damage_armor "0") (health "-4") (armor "0")
L 03/12/2015 - 18:05:11: "O6ygJleHHblu gJla3<19><STEAM_0:0:61868154><TERRORIST>" killed "Strikes<10><STEAM_0:0:1511997046><CT>" with "ak47"
L 03/12/2015 - 18:05:11: [DPROTO]: Client 5 - Set AuthIdType 1 [dp_RevEmu]; pClient = 0xb39a99cc
L 03/12/2015 - 18:05:11: "[Hard_Skill]_Novi4ek<25><STEAM_0:0:315688883><>" connected, address "178.154.5.50:27005"
L 03/12/2015 - 18:05:12: [VTC] Player 6 speex
L 03/12/2015 - 18:05:17: [DPROTO]: Client 5 - Set AuthIdType 1 [dp_RevEmu]; pClient = 0xb39a99cc
L 03/12/2015 - 18:05:17: "[Hard_Skill]_Novi4ek<26><STEAM_0:0:315688883><>" connected, address "178.154.5.50:27005"
L 03/12/2015 - 18:05:17: [VTC] Player 6 speex
L 03/12/2015 - 18:05:31: "AngelOfDeath<22><STEAM_0:0:66410872><CT>" attacked "|Xyligans|kpy}I{ka<14><STEAM_0:0:1696161005><TERRORIST>" with "famas" (damage "21") (damage_armor "0") (health "79") (armor "100")
L 03/12/2015 - 18:05:31: "AngelOfDeath<22><STEAM_0:0:66410872><CT>" attacked "|Xyligans|kpy}I{ka<14><STEAM_0:0:1696161005><TERRORIST>" with "famas" (damage "19") (damage_armor "5") (health "60") (armor "95")
L 03/12/2015 - 18:05:31: "AngelOfDeath<22><STEAM_0:0:66410872><CT>" attacked "|Xyligans|kpy}I{ka<14><STEAM_0:0:1696161005><TERRORIST>" with "famas" (damage "19") (damage_armor "4") (health "41") (armor "91")
L 03/12/2015 - 18:05:32: "|Xyligans|kpy}I{ka<14><STEAM_0:0:1696161005><TERRORIST>" attacked "AngelOfDeath<22><STEAM_0:0:66410872><CT>" with "ak47" (damage "42") (damage_armor "0") (health "58") (armor "0")
L 03/12/2015 - 18:05:33: "|Xyligans|kpy}I{ka<14><STEAM_0:0:1696161005><TERRORIST>" attacked "AngelOfDeath<22><STEAM_0:0:66410872><CT>" with "ak47" (damage "42") (damage_armor "0") (health "16") (armor "0")
L 03/12/2015 - 18:05:33: "|Xyligans|kpy}I{ka<14><STEAM_0:0:1696161005><TERRORIST>" attacked "AngelOfDeath<22><STEAM_0:0:66410872><CT>" with "ak47" (damage "42") (damage_armor "0") (health "-26") (armor "0")
L 03/12/2015 - 18:05:33: "|Xyligans|kpy}I{ka<14><STEAM_0:0:1696161005><TERRORIST>" killed "AngelOfDeath<22><STEAM_0:0:66410872><CT>" with "ak47"
L 03/12/2015 - 18:05:36: "[Hard_Skill]_Novi4ek<26><STEAM_0:0:315688883><>" entered the game
L 03/12/2015 - 18:05:36: "[Angels] DarkAngel<12><STEAM_0:0:332825919><CT>" attacked "O6ygJleHHblu gJla3<19><STEAM_0:0:61868154><TERRORIST>" with "famas" (damage "20") (damage_armor "5") (health "80") (armor "95")
L 03/12/2015 - 18:05:37: "[Angels] DarkAngel<12><STEAM_0:0:332825919><CT>" attacked "O6ygJleHHblu gJla3<19><STEAM_0:0:61868154><TERRORIST>" with "famas" (damage "17") (damage_armor "4") (health "63") (armor "91")
L 03/12/2015 - 18:05:37: "3AKA3 My3b|Ku<6><STEAM_0:0:285715278><TERRORIST>" attacked "[Angels] DarkAngel<12><STEAM_0:0:332825919><CT>" with "ak47" (damage "35") (damage_armor "0") (health "14") (armor "0")
L 03/12/2015 - 18:05:37: "3AKA3 My3b|Ku<6><STEAM_0:0:285715278><TERRORIST>" attacked "[Angels] DarkAngel<12><STEAM_0:0:332825919><CT>" with "ak47" (damage "35") (damage_armor "0") (health "-21") (armor "0")
L 03/12/2015 - 18:05:37: "3AKA3 My3b|Ku<6><STEAM_0:0:285715278><TERRORIST>" killed "[Angels] DarkAngel<12><STEAM_0:0:332825919><CT>" with "ak47"
L 03/12/2015 - 18:05:37: Team "TERRORIST" triggered "Terrorists_Win" (CT "9") (T "16")
L 03/12/2015 - 18:05:37: World triggered "Round_End"
L 03/12/2015 - 18:05:42: "3AKA3 My3b|Ku<6><STEAM_0:0:285715278><TERRORIST>" triggered "Spawned_With_The_Bomb"
L 03/12/2015 - 18:05:47: World triggered "Round_Start"
L 03/12/2015 - 18:05:51: "[Hard_Skill]_Novi4ek<26><STEAM_0:0:315688883><>" joined team "CT"
L 03/12/2015 - 18:05:57: "[Angels] DarkAngel<12><STEAM_0:0:332825919><CT>" attacked "O6ygJleHHblu gJla3<19><STEAM_0:0:61868154><TERRORIST>" with "famas" (damage "9") (damage_armor "3") (health "91") (armor "97")
L 03/12/2015 - 18:05:59: "O6ygJleHHblu gJla3<19><STEAM_0:0:61868154><TERRORIST>" attacked "[Angels] DarkAngel<12><STEAM_0:0:332825919><CT>" with "ak47" (damage "25") (damage_armor "0") (health "75") (armor "0")
L 03/12/2015 - 18:06:00: "3AKA3 My3b|Ku<6><STEAM_0:0:285715278><TERRORIST>" attacked "AngelOfDeath<22><STEAM_0:0:66410872><CT>" with "ak47" (damage "16") (damage_armor "0") (health "84") (armor "0")
L 03/12/2015 - 18:06:00: "3AKA3 My3b|Ku<6><STEAM_0:0:285715278><TERRORIST>" attacked "AngelOfDeath<22><STEAM_0:0:66410872><CT>" with "ak47" (damage "132") (damage_armor "0") (health "-48") (armor "0")
L 03/12/2015 - 18:06:00: "3AKA3 My3b|Ku<6><STEAM_0:0:285715278><TERRORIST>" killed "AngelOfDeath<22><STEAM_0:0:66410872><CT>" with "ak47"
L 03/12/2015 - 18:06:02: "|Xyligans|kpy}I{ka<14><STEAM_0:0:1696161005><TERRORIST>" attacked "Strikes<10><STEAM_0:0:1511997046><CT>" with "ak47" (damage "35") (damage_armor "0") (health "65") (armor "0")
L 03/12/2015 - 18:06:02: "|Xyligans|kpy}I{ka<14><STEAM_0:0:1696161005><TERRORIST>" attacked "Strikes<10><STEAM_0:0:1511997046><CT>" with "ak47" (damage "35") (damage_armor "0") (health "30") (armor "0")
L 03/12/2015 - 18:06:02: "|Xyligans|kpy}I{ka<14><STEAM_0:0:1696161005><TERRORIST>" attacked "Strikes<10><STEAM_0:0:1511997046><CT>" with "ak47" (damage "35") (damage_armor "0") (health "-5") (armor "0")
L 03/12/2015 - 18:06:02: "|Xyligans|kpy}I{ka<14><STEAM_0:0:1696161005><TERRORIST>" killed "Strikes<10><STEAM_0:0:1511997046><CT>" with "ak47"
L 03/12/2015 - 18:06:04: "O6ygJleHHblu gJla3<19><STEAM_0:0:61868154><TERRORIST>" attacked "[Angels] DarkAngel<12><STEAM_0:0:332825919><CT>" with "ak47" (damage "42") (damage_armor "0") (health "33") (armor "0")
L 03/12/2015 - 18:06:10: "[Angels] DarkAngel<12><STEAM_0:0:332825919><CT>" attacked "O6ygJleHHblu gJla3<19><STEAM_0:0:61868154><TERRORIST>" with "famas" (damage "21") (damage_armor "4") (health "70") (armor "93")
L 03/12/2015 - 18:06:11: "[Angels] DarkAngel<12><STEAM_0:0:332825919><CT>" attacked "O6ygJleHHblu gJla3<19><STEAM_0:0:61868154><TERRORIST>" with "famas" (damage "19") (damage_armor "4") (health "51") (armor "89")
L 03/12/2015 - 18:06:11: "O6ygJleHHblu gJla3<19><STEAM_0:0:61868154><TERRORIST>" attacked "[Angels] DarkAngel<12><STEAM_0:0:332825919><CT>" with "deagle" (damage "156") (damage_armor "0") (health "-123") (armor "0")
L 03/12/2015 - 18:06:11: "O6ygJleHHblu gJla3<19><STEAM_0:0:61868154><TERRORIST>" killed "[Angels] DarkAngel<12><STEAM_0:0:332825919><CT>" with "deagle"
L 03/12/2015 - 18:06:18: "O6ygJleHHblu gJla3<19><STEAM_0:0:61868154><TERRORIST>" attacked "[Hard_Skill]_Novi4ek<26><STEAM_0:0:315688883><CT>" with "ak47" (damage "26") (damage_armor "4") (health "74") (armor "96")
L 03/12/2015 - 18:06:18: "[Hard_Skill]_Novi4ek<26><STEAM_0:0:315688883><CT>" attacked "O6ygJleHHblu gJla3<19><STEAM_0:0:61868154><TERRORIST>" with "ak47" (damage "26") (damage_armor "4") (health "25") (armor "85")
L 03/12/2015 - 18:06:19: "[Hard_Skill]_Novi4ek<26><STEAM_0:0:315688883><CT>" attacked "O6ygJleHHblu gJla3<19><STEAM_0:0:61868154><TERRORIST>" with "ak47" (damage "26") (damage_armor "4") (health "-1") (armor "81")
L 03/12/2015 - 18:06:19: "[Hard_Skill]_Novi4ek<26><STEAM_0:0:315688883><CT>" killed "O6ygJleHHblu gJla3<19><STEAM_0:0:61868154><TERRORIST>" with "ak47"
L 03/12/2015 - 18:06:22: "[Hard_Skill]_Novi4ek<26><STEAM_0:0:315688883><CT>" attacked "3AKA3 My3b|Ku<6><STEAM_0:0:285715278><TERRORIST>" with "ak47" (damage "26") (damage_armor "4") (health "74") (armor "96")
L 03/12/2015 - 18:06:22: "[Hard_Skill]_Novi4ek<26><STEAM_0:0:315688883><CT>" attacked "3AKA3 My3b|Ku<6><STEAM_0:0:285715278><TERRORIST>" with "ak47" (damage "26") (damage_armor "4") (health "48") (armor "92")
L 03/12/2015 - 18:06:22: "[Hard_Skill]_Novi4ek<26><STEAM_0:0:315688883><CT>" attacked "3AKA3 My3b|Ku<6><STEAM_0:0:285715278><TERRORIST>" with "ak47" (damage "105") (damage_armor "15") (health "-57") (armor "77")
L 03/12/2015 - 18:06:22: "[Hard_Skill]_Novi4ek<26><STEAM_0:0:315688883><CT>" killed "3AKA3 My3b|Ku<6><STEAM_0:0:285715278><TERRORIST>" with "ak47"
L 03/12/2015 - 18:06:22: "3AKA3 My3b|Ku<6><STEAM_0:0:285715278><TERRORIST>" triggered "Dropped_The_Bomb"
L 03/12/2015 - 18:06:32: "[Hard_Skill]_Novi4ek<26><STEAM_0:0:315688883><CT>" attacked "|Xyligans|kpy}I{ka<14><STEAM_0:0:1696161005><TERRORIST>" with "ak47" (damage "26") (damage_armor "4") (health "74") (armor "96")
L 03/12/2015 - 18:06:36: "|Xyligans|kpy}I{ka<14><STEAM_0:0:1696161005><TERRORIST>" attacked "[Hard_Skill]_Novi4ek<26><STEAM_0:0:315688883><CT>" with "ak47" (damage "25") (damage_armor "0") (health "49") (armor "96")
L 03/12/2015 - 18:06:36: "|Xyligans|kpy}I{ka<14><STEAM_0:0:1696161005><TERRORIST>" attacked "[Hard_Skill]_Novi4ek<26><STEAM_0:0:315688883><CT>" with "ak47" (damage "32") (damage_armor "5") (health "17") (armor "91")
L 03/12/2015 - 18:06:39: "|Xyligans|kpy}I{ka<14><STEAM_0:0:1696161005><TERRORIST>" attacked "[Hard_Skill]_Novi4ek<26><STEAM_0:0:315688883><CT>" with "ak47" (damage "26") (damage_armor "4") (health "-9") (armor "87")
L 03/12/2015 - 18:06:39: "|Xyligans|kpy}I{ka<14><STEAM_0:0:1696161005><TERRORIST>" killed "[Hard_Skill]_Novi4ek<26><STEAM_0:0:315688883><CT>" with "ak47"
L 03/12/2015 - 18:06:39: Team "TERRORIST" triggered "Terrorists_Win" (CT "9") (T "17")
L 03/12/2015 - 18:06:39: World triggered "Round_End"
L 03/12/2015 - 18:06:41: "|Xyligans|kpy}I{ka<14><STEAM_0:0:1696161005><TERRORIST>" triggered "Got_The_Bomb"
L 03/12/2015 - 18:06:44: "|Xyligans|kpy}I{ka<14><STEAM_0:0:1696161005><TERRORIST>" triggered "Spawned_With_The_Bomb"
L 03/12/2015 - 18:06:49: World triggered "Round_Start"
L 03/12/2015 - 18:06:50: "3AKA3 My3b|Ku<6><STEAM_0:0:285715278><TERRORIST>" triggered "weaponstats" (weapon "glock18") (shots "4") (hits "2") (kills "1") (headshots "1") (tks "0") (damage "184") (deaths "0")
L 03/12/2015 - 18:06:50: "3AKA3 My3b|Ku<6><STEAM_0:0:285715278><TERRORIST>" triggered "weaponstats2" (weapon "glock18") (head "2") (chest "0") (stomach "0") (leftarm "0") (rightarm "0") (leftleg "0") (rightleg "0")
L 03/12/2015 - 18:06:50: "3AKA3 My3b|Ku<6><STEAM_0:0:285715278><TERRORIST>" triggered "weaponstats" (weapon "awp") (shots "6") (hits "3") (kills "3") (headshots "0") (tks "0") (damage "390") (deaths "1")
L 03/12/2015 - 18:06:50: "3AKA3 My3b|Ku<6><STEAM_0:0:285715278><TERRORIST>" triggered "weaponstats2" (weapon "awp") (head "0") (chest "1") (stomach "2") (leftarm "0") (rightarm "0") (leftleg "0") (rightleg "0")
L 03/12/2015 - 18:06:50: "3AKA3 My3b|Ku<6><STEAM_0:0:285715278><TERRORIST>" triggered "weaponstats" (weapon "deagle") (shots "4") (hits "1") (kills "1") (headshots "1") (tks "0") (damage "196") (deaths "0")
L 03/12/2015 - 18:06:50: "3AKA3 My3b|Ku<6><STEAM_0:0:285715278><TERRORIST>" triggered "weaponstats2" (weapon "deagle") (head "1") (chest "0") (stomach "0") (leftarm "0") (rightarm "0") (leftleg "0") (rightleg "0")
L 03/12/2015 - 18:06:50: "3AKA3 My3b|Ku<6><STEAM_0:0:285715278><TERRORIST>" triggered "weaponstats" (weapon "sg552") (shots "38") (hits "11") (kills "5") (headshots "3") (tks "0") (damage "659") (deaths "4")
L 03/12/2015 - 18:06:50: "3AKA3 My3b|Ku<6><STEAM_0:0:285715278><TERRORIST>" triggered "weaponstats2" (weapon "sg552") (head "4") (chest "3") (stomach "0") (leftarm "2") (rightarm "2") (leftleg "0") (rightleg "0")
L 03/12/2015 - 18:06:50: "3AKA3 My3b|Ku<6><STEAM_0:0:285715278><TERRORIST>" triggered "weaponstats" (weapon "ak47") (shots "134") (hits "38") (kills "12") (headshots "6") (tks "0") (damage "1816") (deaths "8")
L 03/12/2015 - 18:06:50: "3AKA3 My3b|Ku<6><STEAM_0:0:285715278><TERRORIST>" triggered "weaponstats2" (weapon "ak47") (head "6") (chest "4") (stomach "3") (leftarm "17") (rightarm "5") (leftleg "1") (rightleg "2")
L 03/12/2015 - 18:06:50: "3AKA3 My3b|Ku<6><STEAM_0:0:285715278><TERRORIST>" triggered "weaponstats" (weapon "knife") (shots "60") (hits "0") (kills "0") (headshots "0") (tks "0") (damage "0") (deaths "0")
L 03/12/2015 - 18:06:50: "3AKA3 My3b|Ku<6><STEAM_0:0:285715278><TERRORIST>" triggered "weaponstats2" (weapon "knife") (head "0") (chest "0") (stomach "0") (leftarm "0") (rightarm "0") (leftleg "0") (rightleg "0")
L 03/12/2015 - 18:06:50: "3AKA3 My3b|Ku<6><STEAM_0:0:285715278><TERRORIST>" triggered "time" (time "26:13")
L 03/12/2015 - 18:06:50: "3AKA3 My3b|Ku<6><STEAM_0:0:285715278><TERRORIST>" triggered "latency" (ping "53")
L 03/12/2015 - 18:06:50: "Strikes<10><STEAM_0:0:1511997046><CT>" triggered "weaponstats" (weapon "scout") (shots "5") (hits "0") (kills "0") (headshots "0") (tks "0") (damage "0") (deaths "4")
L 03/12/2015 - 18:06:50: "Strikes<10><STEAM_0:0:1511997046><CT>" triggered "weaponstats2" (weapon "scout") (head "0") (chest "0") (stomach "0") (leftarm "0") (rightarm "0") (leftleg "0") (rightleg "0")
L 03/12/2015 - 18:06:50: "Strikes<10><STEAM_0:0:1511997046><CT>" triggered "weaponstats" (weapon "usp") (shots "10") (hits "0") (kills "0") (headshots "0") (tks "0") (damage "0") (deaths "6")
L 03/12/2015 - 18:06:50: "Strikes<10><STEAM_0:0:1511997046><CT>" triggered "weaponstats2" (weapon "usp") (head "0") (chest "0") (stomach "0") (leftarm "0") (rightarm "0") (leftleg "0") (rightleg "0")
L 03/12/2015 - 18:06:50: "Strikes<10><STEAM_0:0:1511997046><CT>" triggered "weaponstats" (weapon "m249") (shots "21") (hits "5") (kills "0") (headshots "0") (tks "0") (damage "121") (deaths "2")
L 03/12/2015 - 18:06:50: "Strikes<10><STEAM_0:0:1511997046><CT>" triggered "weaponstats2" (weapon "m249") (head "0") (chest "2") (stomach "0") (leftarm "1") (rightarm "1") (leftleg "0") (rightleg "1")
L 03/12/2015 - 18:06:50: "Strikes<10><STEAM_0:0:1511997046><CT>" triggered "weaponstats" (weapon "m3") (shots "6") (hits "2") (kills "1") (headshots "0") (tks "0") (damage "67") (deaths "3")
L 03/12/2015 - 18:06:50: "Strikes<10><STEAM_0:0:1511997046><CT>" triggered "weaponstats2" (weapon "m3") (head "0") (chest "0") (stomach "0") (leftarm "1") (rightarm "0") (leftleg "0") (rightleg "1")
L 03/12/2015 - 18:06:50: "Strikes<10><STEAM_0:0:1511997046><CT>" triggered "weaponstats" (weapon "m4a1") (shots "1") (hits "0") (kills "0") (headshots "0") (tks "0") (damage "0") (deaths "0")
L 03/12/2015 - 18:06:50: "Strikes<10><STEAM_0:0:1511997046><CT>" triggered "weaponstats2" (weapon "m4a1") (head "0") (chest "0") (stomach "0") (leftarm "0") (rightarm "0") (leftleg "0") (rightleg "0")
L 03/12/2015 - 18:06:50: "Strikes<10><STEAM_0:0:1511997046><CT>" triggered "weaponstats" (weapon "knife") (shots "1") (hits "0") (kills "0") (headshots "0") (tks "0") (damage "0") (deaths "2")
L 03/12/2015 - 18:06:50: "Strikes<10><STEAM_0:0:1511997046><CT>" triggered "weaponstats2" (weapon "knife") (head "0") (chest "0") (stomach "0") (leftarm "0") (rightarm "0") (leftleg "0") (rightleg "0")
L 03/12/2015 - 18:06:50: "Strikes<10><STEAM_0:0:1511997046><CT>" triggered "time" (time "23:01")
L 03/12/2015 - 18:06:50: "Strikes<10><STEAM_0:0:1511997046><CT>" triggered "latency" (ping "56")
L 03/12/2015 - 18:06:50: "[Angels] DarkAngel<12><STEAM_0:0:332825919><CT>" triggered "weaponstats" (weapon "famas") (shots "41") (hits "8") (kills "1") (headshots "1") (tks "0") (damage "252") (deaths "2")
L 03/12/2015 - 18:06:50: "[Angels] DarkAngel<12><STEAM_0:0:332825919><CT>" triggered "weaponstats2" (weapon "famas") (head "1") (chest "1") (stomach "0") (leftarm "6") (rightarm "0") (leftleg "0") (rightleg "0")
L 03/12/2015 - 18:06:50: "[Angels] DarkAngel<12><STEAM_0:0:332825919><CT>" triggered "weaponstats" (weapon "usp") (shots "3") (hits "0") (kills "0") (headshots "0") (tks "0") (damage "0") (deaths "0")
L 03/12/2015 - 18:06:50: "[Angels] DarkAngel<12><STEAM_0:0:332825919><CT>" triggered "weaponstats2" (weapon "usp") (head "0") (chest "0") (stomach "0") (leftarm "0") (rightarm "0") (leftleg "0") (rightleg "0")
L 03/12/2015 - 18:06:50: "[Angels] DarkAngel<12><STEAM_0:0:332825919><CT>" triggered "weaponstats" (weapon "mp5navy") (shots "30") (hits "9") (kills "1") (headshots "1") (tks "0") (damage "180") (deaths "0")
L 03/12/2015 - 18:06:50: "[Angels] DarkAngel<12><STEAM_0:0:332825919><CT>" triggered "weaponstats2" (weapon "mp5navy") (head "1") (chest "1") (stomach "3") (leftarm "2") (rightarm "0") (leftleg "1") (rightleg "1")
L 03/12/2015 - 18:06:50: "[Angels] DarkAngel<12><STEAM_0:0:332825919><CT>" triggered "weaponstats" (weapon "m4a1") (shots "181") (hits "46") (kills "11") (headshots "4") (tks "0") (damage "1564") (deaths "6")
L 03/12/2015 - 18:06:50: "[Angels] DarkAngel<12><STEAM_0:0:332825919><CT>" triggered "weaponstats2" (weapon "m4a1") (head "8") (chest "5") (stomach "2") (leftarm "18") (rightarm "4") (leftleg "6") (rightleg "3")
L 03/12/2015 - 18:06:50: "[Angels] DarkAngel<12><STEAM_0:0:332825919><CT>" triggered "weaponstats" (weapon "deagle") (shots "12") (hits "3") (kills "0") (headshots "0") (tks "0") (damage "99") (deaths "3")
L 03/12/2015 - 18:06:50: "[Angels] DarkAngel<12><STEAM_0:0:332825919><CT>" triggered "weaponstats2" (weapon "deagle") (head "0") (chest "0") (stomach "0") (leftarm "3") (rightarm "0") (leftleg "0") (rightleg "0")
L 03/12/2015 - 18:06:50: "[Angels] DarkAngel<12><STEAM_0:0:332825919><CT>" triggered "weaponstats" (weapon "sg552") (shots "3") (hits "1") (kills "0") (headshots "0") (tks "0") (damage "22") (deaths "1")
L 03/12/2015 - 18:06:50: "[Angels] DarkAngel<12><STEAM_0:0:332825919><CT>" triggered "weaponstats2" (weapon "sg552") (head "0") (chest "0") (stomach "0") (leftarm "1") (rightarm "0") (leftleg "0") (rightleg "0")
L 03/12/2015 - 18:06:50: "[Angels] DarkAngel<12><STEAM_0:0:332825919><CT>" triggered "weaponstats" (weapon "ak47") (shots "19") (hits "1") (kills "1") (headshots "1") (tks "0") (damage "108") (deaths "3")
L 03/12/2015 - 18:06:50: "[Angels] DarkAngel<12><STEAM_0:0:332825919><CT>" triggered "weaponstats2" (weapon "ak47") (head "1") (chest "0") (stomach "0") (leftarm "0") (rightarm "0") (leftleg "0") (rightleg "0")
L 03/12/2015 - 18:06:50: "[Angels] DarkAngel<12><STEAM_0:0:332825919><CT>" triggered "time" (time "21:24")
L 03/12/2015 - 18:06:50: "[Angels] DarkAngel<12><STEAM_0:0:332825919><CT>" triggered "latency" (ping "29")
L 03/12/2015 - 18:06:50: "|Xyligans|kpy}I{ka<14><STEAM_0:0:1696161005><TERRORIST>" triggered "weaponstats" (weapon "grenade") (shots "7") (hits "0") (kills "0") (headshots "0") (tks "0") (damage "0") (deaths "1")
L 03/12/2015 - 18:06:50: "|Xyligans|kpy}I{ka<14><STEAM_0:0:1696161005><TERRORIST>" triggered "weaponstats2" (weapon "grenade") (head "0") (chest "0") (stomach "0") (leftarm "0") (rightarm "0") (leftleg "0") (rightleg "0")
L 03/12/2015 - 18:06:50: "|Xyligans|kpy}I{ka<14><STEAM_0:0:1696161005><TERRORIST>" triggered "weaponstats" (weapon "usp") (shots "18") (hits "2") (kills "0") (headshots "0") (tks "0") (damage "17") (deaths "1")
L 03/12/2015 - 18:06:50: "|Xyligans|kpy}I{ka<14><STEAM_0:0:1696161005><TERRORIST>" triggered "weaponstats2" (weapon "usp") (head "0") (chest "0") (stomach "0") (leftarm "1") (rightarm "0") (leftleg "1") (rightleg "0")
L 03/12/2015 - 18:06:50: "|Xyligans|kpy}I{ka<14><STEAM_0:0:1696161005><TERRORIST>" triggered "weaponstats" (weapon "ak47") (shots "256") (hits "24") (kills "6") (headshots "1") (tks "0") (damage "875") (deaths "3")
L 03/12/2015 - 18:06:50: "|Xyligans|kpy}I{ka<14><STEAM_0:0:1696161005><TERRORIST>" triggered "weaponstats2" (weapon "ak47") (head "1") (chest "1") (stomach "6") (leftarm "10") (rightarm "3") (leftleg "0") (rightleg "3")
L 03/12/2015 - 18:06:50: "|Xyligans|kpy}I{ka<14><STEAM_0:0:1696161005><TERRORIST>" triggered "time" (time "14:11")
L 03/12/2015 - 18:06:50: "|Xyligans|kpy}I{ka<14><STEAM_0:0:1696161005><TERRORIST>" triggered "latency" (ping "19")
L 03/12/2015 - 18:06:50: "O6ygJleHHblu gJla3<19><STEAM_0:0:61868154><TERRORIST>" triggered "weaponstats" (weapon "grenade") (shots "10") (hits "3") (kills "0") (headshots "0") (tks "0") (damage "153") (deaths "0")
L 03/12/2015 - 18:06:50: "O6ygJleHHblu gJla3<19><STEAM_0:0:61868154><TERRORIST>" triggered "weaponstats2" (weapon "grenade") (head "0") (chest "0") (stomach "0") (leftarm "0") (rightarm "0") (leftleg "0") (rightleg "0")
L 03/12/2015 - 18:06:50: "O6ygJleHHblu gJla3<19><STEAM_0:0:61868154><TERRORIST>" triggered "weaponstats" (weapon "deagle") (shots "9") (hits "3") (kills "3") (headshots "2") (tks "0") (damage "405") (deaths "0")
L 03/12/2015 - 18:06:50: "O6ygJleHHblu gJla3<19><STEAM_0:0:61868154><TERRORIST>" triggered "weaponstats2" (weapon "deagle") (head "2") (chest "0") (stomach "0") (leftarm "1") (rightarm "0") (leftleg "0") (rightleg "0")
L 03/12/2015 - 18:06:50: "O6ygJleHHblu gJla3<19><STEAM_0:0:61868154><TERRORIST>" triggered "weaponstats" (weapon "ak47") (shots "163") (hits "42") (kills "13") (headshots "4") (tks "0") (damage "1774") (deaths "2")
L 03/12/2015 - 18:06:50: "O6ygJleHHblu gJla3<19><STEAM_0:0:61868154><TERRORIST>" triggered "weaponstats2" (weapon "ak47") (head "4") (chest "7") (stomach "5") (leftarm "16") (rightarm "6") (leftleg "2") (rightleg "2")
L 03/12/2015 - 18:06:50: "O6ygJleHHblu gJla3<19><STEAM_0:0:61868154><TERRORIST>" triggered "time" (time "12:56")
L 03/12/2015 - 18:06:50: "O6ygJleHHblu gJla3<19><STEAM_0:0:61868154><TERRORIST>" triggered "latency" (ping "33")
L 03/12/2015 - 18:06:50: "[Hard_Skill]_Novi4ek<26><STEAM_0:0:315688883><CT>" triggered "weaponstats" (weapon "grenade") (shots "1") (hits "0") (kills "0") (headshots "0") (tks "0") (damage "0") (deaths "0")
L 03/12/2015 - 18:06:50: "[Hard_Skill]_Novi4ek<26><STEAM_0:0:315688883><CT>" triggered "weaponstats2" (weapon "grenade") (head "0") (chest "0") (stomach "0") (leftarm "0") (rightarm "0") (leftleg "0") (rightleg "0")
L 03/12/2015 - 18:06:50: "[Hard_Skill]_Novi4ek<26><STEAM_0:0:315688883><CT>" triggered "weaponstats" (weapon "ak47") (shots "42") (hits "6") (kills "2") (headshots "1") (tks "0") (damage "235") (deaths "1")
L 03/12/2015 - 18:06:50: "[Hard_Skill]_Novi4ek<26><STEAM_0:0:315688883><CT>" triggered "weaponstats2" (weapon "ak47") (head "1") (chest "0") (stomach "0") (leftarm "5") (rightarm "0") (leftleg "0") (rightleg "0")
L 03/12/2015 - 18:06:50: "[Hard_Skill]_Novi4ek<26><STEAM_0:0:315688883><CT>" triggered "time" (time "1:14")
L 03/12/2015 - 18:06:50: "[Hard_Skill]_Novi4ek<26><STEAM_0:0:315688883><CT>" triggered "latency" (ping "68")
L 03/12/2015 - 18:06:50: "AngelOfDeath<22><STEAM_0:0:66410872><CT>" triggered "weaponstats" (weapon "famas") (shots "22") (hits "3") (kills "0") (headshots "0") (tks "0") (damage "59") (deaths "1")
L 03/12/2015 - 18:06:50: "AngelOfDeath<22><STEAM_0:0:66410872><CT>" triggered "weaponstats2" (weapon "famas") (head "0") (chest "1") (stomach "0") (leftarm "0") (rightarm "1") (leftleg "0") (rightleg "1")
L 03/12/2015 - 18:06:50: "AngelOfDeath<22><STEAM_0:0:66410872><CT>" triggered "weaponstats" (weapon "usp") (shots "3") (hits "1") (kills "0") (headshots "0") (tks "0") (damage "18") (deaths "1")
L 03/12/2015 - 18:06:50: "AngelOfDeath<22><STEAM_0:0:66410872><CT>" triggered "weaponstats2" (weapon "usp") (head "0") (chest "0") (stomach "0") (leftarm "0") (rightarm "0") (leftleg "1") (rightleg "0")
L 03/12/2015 - 18:06:50: "AngelOfDeath<22><STEAM_0:0:66410872><CT>" triggered "weaponstats" (weapon "awp") (shots "5") (hits "0") (kills "0") (headshots "0") (tks "0") (damage "0") (deaths "0")
L 03/12/2015 - 18:06:50: "AngelOfDeath<22><STEAM_0:0:66410872><CT>" triggered "weaponstats2" (weapon "awp") (head "0") (chest "0") (stomach "0") (leftarm "0") (rightarm "0") (leftleg "0") (rightleg "0")
L 03/12/2015 - 18:06:50: "AngelOfDeath<22><STEAM_0:0:66410872><CT>" triggered "weaponstats" (weapon "mp5navy") (shots "29") (hits "4") (kills "0") (headshots "0") (tks "0") (damage "60") (deaths "1")
L 03/12/2015 - 18:06:50: "AngelOfDeath<22><STEAM_0:0:66410872><CT>" triggered "weaponstats2" (weapon "mp5navy") (head "0") (chest "0") (stomach "0") (leftarm "0") (rightarm "0") (leftleg "2") (rightleg "2")
L 03/12/2015 - 18:06:50: "AngelOfDeath<22><STEAM_0:0:66410872><CT>" triggered "weaponstats" (weapon "m4a1") (shots "117") (hits "16") (kills "4") (headshots "0") (tks "0") (damage "380") (deaths "3")
L 03/12/2015 - 18:06:50: "AngelOfDeath<22><STEAM_0:0:66410872><CT>" triggered "weaponstats2" (weapon "m4a1") (head "1") (chest "2") (stomach "2") (leftarm "4") (rightarm "0") (leftleg "1") (rightleg "6")
L 03/12/2015 - 18:06:50: "AngelOfDeath<22><STEAM_0:0:66410872><CT>" triggered "weaponstats" (weapon "deagle") (shots "2") (hits "1") (kills "0") (headshots "0") (tks "0") (damage "38") (deaths "1")
L 03/12/2015 - 18:06:50: "AngelOfDeath<22><STEAM_0:0:66410872><CT>" triggered "weaponstats2" (weapon "deagle") (head "0") (chest "1") (stomach "0") (leftarm "0") (rightarm "0") (leftleg "0") (rightleg "0")
L 03/12/2015 - 18:06:50: "AngelOfDeath<22><STEAM_0:0:66410872><CT>" triggered "weaponstats" (weapon "ak47") (shots "1") (hits "0") (kills "0") (headshots "0") (tks "0") (damage "0") (deaths "1")
L 03/12/2015 - 18:06:50: "AngelOfDeath<22><STEAM_0:0:66410872><CT>" triggered "weaponstats2" (weapon "ak47") (head "0") (chest "0") (stomach "0") (leftarm "0") (rightarm "0") (leftleg "0") (rightleg "0")
L 03/12/2015 - 18:06:50: "AngelOfDeath<22><STEAM_0:0:66410872><CT>" triggered "weaponstats" (weapon "knife") (shots "11") (hits "0") (kills "0") (headshots "0") (tks "0") (damage "0") (deaths "2")
L 03/12/2015 - 18:06:50: "AngelOfDeath<22><STEAM_0:0:66410872><CT>" triggered "weaponstats2" (weapon "knife") (head "0") (chest "0") (stomach "0") (leftarm "0") (rightarm "0") (leftleg "0") (rightleg "0")
L 03/12/2015 - 18:06:50: "AngelOfDeath<22><STEAM_0:0:66410872><CT>" triggered "time" (time "11:38")
L 03/12/2015 - 18:06:50: "AngelOfDeath<22><STEAM_0:0:66410872><CT>" triggered "latency" (ping "32")
L 03/12/2015 - 18:06:50: [META] ini: Begin re-reading plugins list: /home/extazy/Public/cstrike/addons/metamod/plugins.ini
L 03/12/2015 - 18:06:50: [META] ini: Read plugin config for: AMX Mod X
L 03/12/2015 - 18:06:50: [META] ini: Read plugin config for: dproto_EF
L 03/12/2015 - 18:06:50: [META] ini: Read plugin config for: mmtimer
L 03/12/2015 - 18:06:50: [META] ini: Read plugin config for: VoiceTranscoder
L 03/12/2015 - 18:06:50: [META] ini: Finished reading plugins list: /home/extazy/Public/cstrike/addons/metamod/plugins.ini; Found 4 plugins
L 03/12/2015 - 18:06:50: [META] dll: Updating plugins...
L 03/12/2015 - 18:06:50: [META] WARNING: dll: Plugin 'mmtimer' isn't running; Forcing unload plugin for reloading
L 03/12/2015 - 18:06:50: [META] WARNING: dll: Failed to unload plugin 'mmtimer' for reloading
L 03/12/2015 - 18:06:50: [META] dll: Finished updating 13 plugins; kept 3, loaded 0, unloaded 0, reloaded 0, delayed 0
L 03/12/2015 - 18:06:50: "3AKA3 My3b|Ku<6><STEAM_0:0:285715278><TERRORIST>" disconnected
L 03/12/2015 - 18:06:50: "Strikes<10><STEAM_0:0:1511997046><CT>" disconnected
L 03/12/2015 - 18:06:50: "[Angels] DarkAngel<12><STEAM_0:0:332825919><CT>" disconnected
L 03/12/2015 - 18:06:50: "|Xyligans|kpy}I{ka<14><STEAM_0:0:1696161005><TERRORIST>" triggered "Dropped_The_Bomb"
L 03/12/2015 - 18:06:50: "|Xyligans|kpy}I{ka<14><STEAM_0:0:1696161005><TERRORIST>" disconnected
L 03/12/2015 - 18:06:50: "O6ygJleHHblu gJla3<19><STEAM_0:0:61868154><TERRORIST>" disconnected
L 03/12/2015 - 18:06:50: "[Hard_Skill]_Novi4ek<26><STEAM_0:0:315688883><CT>" disconnected
L 03/12/2015 - 18:06:50: "AngelOfDeath<22><STEAM_0:0:66410872><CT>" disconnected
L 03/12/2015 - 18:06:50: World triggered "Round_Draw" (CT "9") (T "17")
L 03/12/2015 - 18:06:50: World triggered "Round_End"
L 03/12/2015 - 18:06:50: Log file closed
