L 03/11/2015 - 21:23:02: Log file started (file "logs/L0311048.log") (game "cstrike") (version "48/1.6.3.7/Stdio/5787")
L 03/11/2015 - 21:23:02: Loading map "35hp_2"
L 03/11/2015 - 21:23:02: Server cvars start
L 03/11/2015 - 21:23:02: Server cvar "_tutor_bomb_viewable_check_interval" = "0.5"
L 03/11/2015 - 21:23:02: Server cvar "_tutor_debug_level" = "0"
L 03/11/2015 - 21:23:02: Server cvar "_tutor_examine_time" = "0.5"
L 03/11/2015 - 21:23:02: Server cvar "_tutor_hint_interval_time" = "10.0"
L 03/11/2015 - 21:23:02: Server cvar "_tutor_look_angle" = "10"
L 03/11/2015 - 21:23:02: Server cvar "_tutor_look_distance" = "200"
L 03/11/2015 - 21:23:02: Server cvar "_tutor_message_character_display_time_coefficient" = "0.07"
L 03/11/2015 - 21:23:02: Server cvar "_tutor_message_minimum_display_time" = "1"
L 03/11/2015 - 21:23:02: Server cvar "_tutor_message_repeats" = "5"
L 03/11/2015 - 21:23:02: Server cvar "_tutor_view_distance" = "1000"
L 03/11/2015 - 21:23:02: Server cvar "aesp_version" = "1.5b_mini"
L 03/11/2015 - 21:23:02: Server cvar "allow_spectators" = "2"
L 03/11/2015 - 21:23:02: Server cvar "amx_client_languages" = "0"
L 03/11/2015 - 21:23:02: Server cvar "amx_contactinfo" = "ICQ: 691322983"
L 03/11/2015 - 21:23:02: Server cvar "amx_language" = "ru"
L 03/11/2015 - 21:23:02: Server cvar "amx_nextmap" = "35_hp_2011"
L 03/11/2015 - 21:23:02: Server cvar "amx_timeleft" = "29:38"
L 03/11/2015 - 21:23:02: Server cvar "amxbans_ssversion" = "Gm 1.6"
L 03/11/2015 - 21:23:02: Server cvar "amxbans_version" = "Gm 1.6"
L 03/11/2015 - 21:23:02: Server cvar "amxmodx_version" = "1.8.1.3746"
L 03/11/2015 - 21:23:02: Server cvar "Colored Translit Cheat" = "Loaded"
L 03/11/2015 - 21:23:02: Server cvar "Colored Translit Config" = "Loaded"
L 03/11/2015 - 21:23:02: Server cvar "Colored Translit Ignores" = "Loaded"
L 03/11/2015 - 21:23:02: Server cvar "Colored Translit Replace" = "Loaded"
L 03/11/2015 - 21:23:02: Server cvar "Colored Translit Spam" = "Loaded"
L 03/11/2015 - 21:23:02: Server cvar "Colored Translit Status" = "Loaded"
L 03/11/2015 - 21:23:02: Server cvar "Colored Translit Swear" = "Loaded"
L 03/11/2015 - 21:23:02: Server cvar "Colored Translit Version" = "2.0b Final"
L 03/11/2015 - 21:23:02: Server cvar "coop" = "0"
L 03/11/2015 - 21:23:02: Server cvar "deathmatch" = "1"
L 03/11/2015 - 21:23:02: Server cvar "decalfrequency" = "9"
L 03/11/2015 - 21:23:02: Server cvar "dp_version" = "0.9.391"
L 03/11/2015 - 21:23:02: Server cvar "edgefriction" = "2"
L 03/11/2015 - 21:23:02: Server cvar "hostage_debug" = "0"
L 03/11/2015 - 21:23:02: Server cvar "hostage_stop" = "0"
L 03/11/2015 - 21:23:02: Server cvar "humans_join_team" = "any"
L 03/11/2015 - 21:23:02: Server cvar "jtp10181" = "chute"
L 03/11/2015 - 21:23:02: Server cvar "max_queries_sec" = "3.0"
L 03/11/2015 - 21:23:02: Server cvar "max_queries_sec_global" = "30"
L 03/11/2015 - 21:23:02: Server cvar "max_queries_window" = "60"
L 03/11/2015 - 21:23:02: Server cvar "metamod_version" = "1.19p32"
L 03/11/2015 - 21:23:02: Server cvar "mp_allowmonsters" = "0"
L 03/11/2015 - 21:23:02: Server cvar "mp_autokick" = "1"
L 03/11/2015 - 21:23:02: Server cvar "mp_autoteambalance" = "1"
L 03/11/2015 - 21:23:02: Server cvar "mp_buytime" = "1.5"
L 03/11/2015 - 21:23:02: Server cvar "mp_c4timer" = "35"
L 03/11/2015 - 21:23:02: Server cvar "mp_chattime" = "0"
L 03/11/2015 - 21:23:02: Server cvar "mp_consistency" = "1"
L 03/11/2015 - 21:23:02: Server cvar "mp_fadetoblack" = "0"
L 03/11/2015 - 21:23:02: Server cvar "mp_flashlight" = "1"
L 03/11/2015 - 21:23:02: Server cvar "mp_footsteps" = "1"
L 03/11/2015 - 21:23:02: Server cvar "mp_forcecamera" = "0"
L 03/11/2015 - 21:23:02: Server cvar "mp_forcechasecam" = "0"
L 03/11/2015 - 21:23:02: Server cvar "mp_fragsleft" = "0"
L 03/11/2015 - 21:23:02: Server cvar "mp_freezetime" = "5"
L 03/11/2015 - 21:23:02: Server cvar "mp_friendlyfire" = "0"
L 03/11/2015 - 21:23:02: Server cvar "mp_ghostfrequency" = "0.1"
L 03/11/2015 - 21:23:02: Server cvar "mp_hostagepenalty" = "2"
L 03/11/2015 - 21:23:02: Server cvar "mp_kickpercent" = "0.66"
L 03/11/2015 - 21:23:02: Server cvar "mp_limitteams" = "2"
L 03/11/2015 - 21:23:02: Server cvar "mp_logdetail" = "3"
L 03/11/2015 - 21:23:02: Server cvar "mp_logfile" = "1"
L 03/11/2015 - 21:23:02: Server cvar "mp_logmessages" = "1"
L 03/11/2015 - 21:23:02: Server cvar "mp_mapvoteratio" = "0.66"
L 03/11/2015 - 21:23:02: Server cvar "mp_maxrounds" = "0"
L 03/11/2015 - 21:23:02: Server cvar "mp_mirrordamage" = "0"
L 03/11/2015 - 21:23:02: Server cvar "mp_playerid" = "0"
L 03/11/2015 - 21:23:02: Server cvar "mp_roundtime" = "2.57"
L 03/11/2015 - 21:23:02: Server cvar "mp_startmoney" = "800"
L 03/11/2015 - 21:23:02: Server cvar "mp_timeleft" = "0"
L 03/11/2015 - 21:23:02: Server cvar "mp_timelimit" = "70"
L 03/11/2015 - 21:23:02: Server cvar "mp_tkpunish" = "1"
L 03/11/2015 - 21:23:02: Server cvar "mp_windifference" = "1"
L 03/11/2015 - 21:23:02: Server cvar "mp_winlimit" = "0"
L 03/11/2015 - 21:23:02: Server cvar "pausable" = "0"
L 03/11/2015 - 21:23:02: Server cvar "sv_accelerate" = "5"
L 03/11/2015 - 21:23:02: Server cvar "sv_aim" = "off"
L 03/11/2015 - 21:23:02: Server cvar "sv_airaccelerate" = "10"
L 03/11/2015 - 21:23:02: Server cvar "sv_airmove" = "1"
L 03/11/2015 - 21:23:02: Server cvar "sv_allowupload" = "1"
L 03/11/2015 - 21:23:02: Server cvar "sv_alltalk" = "1"
L 03/11/2015 - 21:23:02: Server cvar "sv_bounce" = "1"
L 03/11/2015 - 21:23:02: Server cvar "sv_cheats" = "off"
L 03/11/2015 - 21:23:02: Server cvar "sv_clienttrace" = "1"
L 03/11/2015 - 21:23:02: Server cvar "sv_clipmode" = "0"
L 03/11/2015 - 21:23:02: Server cvar "sv_contact" = ""
L 03/11/2015 - 21:23:02: Server cvar "sv_friction" = "4"
L 03/11/2015 - 21:23:02: Server cvar "sv_gravity" = "800"
L 03/11/2015 - 21:23:02: Server cvar "sv_logblocks" = "0"
L 03/11/2015 - 21:23:02: Server cvar "sv_maxrate" = "50000"
L 03/11/2015 - 21:23:02: Server cvar "sv_maxspeed" = "900"
L 03/11/2015 - 21:23:02: Server cvar "sv_minrate" = "100000"
L 03/11/2015 - 21:23:02: Server cvar "sv_password" = ""
L 03/11/2015 - 21:23:02: Server cvar "sv_proxies" = "0"
L 03/11/2015 - 21:23:02: Server cvar "sv_region" = "3"
L 03/11/2015 - 21:23:02: Server cvar "sv_restart" = "0"
L 03/11/2015 - 21:23:02: Server cvar "sv_restartround" = "0"
L 03/11/2015 - 21:23:02: Server cvar "sv_stepsize" = "18"
L 03/11/2015 - 21:23:02: Server cvar "sv_stopspeed" = "75"
L 03/11/2015 - 21:23:02: Server cvar "sv_uploadmax" = "0.5"
L 03/11/2015 - 21:23:02: Server cvar "sv_voiceenable" = "1"
L 03/11/2015 - 21:23:02: Server cvar "sv_wateraccelerate" = "10"
L 03/11/2015 - 21:23:02: Server cvar "sv_waterfriction" = "1"
L 03/11/2015 - 21:23:02: Server cvar "ultimate_sounds" = "1.7"
L 03/11/2015 - 21:23:02: Server cvar "vtc_version" = "80"
L 03/11/2015 - 21:23:02: Server cvars end
L 03/11/2015 - 21:23:03: Server cvar "amx_nextmap" = "aim_awp"
L 03/11/2015 - 21:23:04: Started map "35hp_2" (CRC "-364611601")
L 03/11/2015 - 21:23:04: [VTC] Player 3 speex
L 03/11/2015 - 21:23:04: [VTC] Player 6 speex
L 03/11/2015 - 21:23:04: [VTC] Player 5 speex
L 03/11/2015 - 21:23:04: [VTC] Player 2 silk
L 03/11/2015 - 21:23:04: [VTC] Player 7 speex
L 03/11/2015 - 21:23:04: [VTC] Player 4 speex
L 03/11/2015 - 21:23:04: [VTC] Player 1 speex
L 03/11/2015 - 21:23:07: [DPROTO]: Client 3 - Set AuthIdType 1 [dp_SteamEmu]; pClient = 0xb39d5be4
L 03/11/2015 - 21:23:07: "Tolstopuz<214><STEAM_0:0:622962821><>" connected, address "178.120.226.209:37815"
L 03/11/2015 - 21:23:07: "PACI0raHTHENUMBER9<205><STEAM_0:0:58050347><>" entered the game
L 03/11/2015 - 21:23:07: "[Hard_Skill]_4IKIST<181><STEAM_0:0:2025036726><>" entered the game
L 03/11/2015 - 21:23:07: [VTC] Player 4 speex
L 03/11/2015 - 21:23:07: "-Stasss-<213><STEAM_0:0:1782753843><>" entered the game
L 03/11/2015 - 21:23:07: "Liubchenko<202><STEAM_0:0:1081240927><>" entered the game
L 03/11/2015 - 21:23:07: "[Hard_Skill]_Lexa Kosmonaft<204><STEAM_0:0:226379933><>" entered the game
L 03/11/2015 - 21:23:08: "PACI0raHTHENUMBER9<205><STEAM_0:0:58050347><>" joined team "TERRORIST"
L 03/11/2015 - 21:23:09: "FoxIS^<212><STEAM_0:4:1866901902><>" entered the game
L 03/11/2015 - 21:23:09: "[Hard_Skill]_4IKIST<181><STEAM_0:0:2025036726><>" joined team "TERRORIST"
L 03/11/2015 - 21:23:09: "-Stasss-<213><STEAM_0:0:1782753843><>" joined team "CT"
L 03/11/2015 - 21:23:10: World triggered "Round_Start"
L 03/11/2015 - 21:23:11: [DPROTO]: Client 3 - Set AuthIdType 1 [dp_SteamEmu]; pClient = 0xb39d5be4
L 03/11/2015 - 21:23:11: "Tolstopuz<215><STEAM_0:0:622962821><>" connected, address "178.120.226.209:37815"
L 03/11/2015 - 21:23:11: [VTC] Player 4 speex
L 03/11/2015 - 21:23:11: World triggered "Game_Commencing"
L 03/11/2015 - 21:23:11: World triggered "Game_Commencing" (CT "0") (T "0")
L 03/11/2015 - 21:23:11: World triggered "Round_End"
L 03/11/2015 - 21:23:14: "[Hard_Skill]_Lexa Kosmonaft<204><STEAM_0:0:226379933><>" joined team "CT"
L 03/11/2015 - 21:23:15: "FoxIS^<212><STEAM_0:4:1866901902><>" joined team "CT"
L 03/11/2015 - 21:23:19: [DPROTO]: Client 7 - Set AuthIdType 1 [dp_RevEmu]; pClient = 0xb39e97b4
L 03/11/2015 - 21:23:19: "|Xyligans|_Zl@9|_P@nD@<216><STEAM_0:0:967170807><>" connected, address "178.120.13.65:20899"
L 03/11/2015 - 21:23:19: World triggered "Round_Start"
L 03/11/2015 - 21:23:19: [VTC] Player 8 speex
L 03/11/2015 - 21:23:22: "|Xyligans|_Zl@9|_P@nD@<216><STEAM_0:0:967170807><>" entered the game
L 03/11/2015 - 21:23:26: "Tolstopuz<215><STEAM_0:0:622962821><>" entered the game
L 03/11/2015 - 21:23:27: "PACI0raHTHENUMBER9<205><STEAM_0:0:58050347><TERRORIST>" attacked "FoxIS^<212><STEAM_0:4:1866901902><CT>" with "knife" (damage "65") (damage_armor "0") (health "-30") (armor "0")
L 03/11/2015 - 21:23:27: "PACI0raHTHENUMBER9<205><STEAM_0:0:58050347><TERRORIST>" killed "FoxIS^<212><STEAM_0:4:1866901902><CT>" with "knife"
L 03/11/2015 - 21:23:30: "|Xyligans|_Zl@9|_P@nD@<216><STEAM_0:0:967170807><>" joined team "TERRORIST"
L 03/11/2015 - 21:23:33: "Tolstopuz<215><STEAM_0:0:622962821><>" joined team "TERRORIST"
L 03/11/2015 - 21:23:36: "-Stasss-<213><STEAM_0:0:1782753843><CT>" attacked "PACI0raHTHENUMBER9<205><STEAM_0:0:58050347><TERRORIST>" with "knife" (damage "65") (damage_armor "0") (health "-30") (armor "0")
L 03/11/2015 - 21:23:36: "-Stasss-<213><STEAM_0:0:1782753843><CT>" killed "PACI0raHTHENUMBER9<205><STEAM_0:0:58050347><TERRORIST>" with "knife"
L 03/11/2015 - 21:23:37: "-Stasss-<213><STEAM_0:0:1782753843><CT>" attacked "[Hard_Skill]_4IKIST<181><STEAM_0:0:2025036726><TERRORIST>" with "knife" (damage "65") (damage_armor "0") (health "-30") (armor "0")
L 03/11/2015 - 21:23:37: "-Stasss-<213><STEAM_0:0:1782753843><CT>" killed "[Hard_Skill]_4IKIST<181><STEAM_0:0:2025036726><TERRORIST>" with "knife"
L 03/11/2015 - 21:23:39: [DPROTO]: Client 8 - Set AuthIdType 1 [dp_RevEmu]; pClient = 0xb39ee6a8
L 03/11/2015 - 21:23:39: "HERNANDEZ<217><STEAM_0:0:2122654871><>" connected, address "46.63.199.67:27005"
L 03/11/2015 - 21:23:39: [VTC] Player 9 speex
L 03/11/2015 - 21:23:40: "|Xyligans|_Zl@9|_P@nD@<216><STEAM_0:0:967170807><TERRORIST>" attacked "-Stasss-<213><STEAM_0:0:1782753843><CT>" with "knife" (damage "65") (damage_armor "0") (health "-30") (armor "0")
L 03/11/2015 - 21:23:40: "|Xyligans|_Zl@9|_P@nD@<216><STEAM_0:0:967170807><TERRORIST>" killed "-Stasss-<213><STEAM_0:0:1782753843><CT>" with "knife"
L 03/11/2015 - 21:23:41: [DPROTO]: Client 8 - Set AuthIdType 1 [dp_RevEmu]; pClient = 0xb39ee6a8
L 03/11/2015 - 21:23:41: "HERNANDEZ<218><STEAM_0:0:2122654871><>" connected, address "46.63.199.67:27005"
L 03/11/2015 - 21:23:41: [VTC] Player 9 speex
L 03/11/2015 - 21:23:47: "[Hard_Skill]_Lexa Kosmonaft<204><STEAM_0:0:226379933><CT>" attacked "|Xyligans|_Zl@9|_P@nD@<216><STEAM_0:0:967170807><TERRORIST>" with "knife" (damage "65") (damage_armor "0") (health "-30") (armor "0")
L 03/11/2015 - 21:23:47: "[Hard_Skill]_Lexa Kosmonaft<204><STEAM_0:0:226379933><CT>" killed "|Xyligans|_Zl@9|_P@nD@<216><STEAM_0:0:967170807><TERRORIST>" with "knife"
L 03/11/2015 - 21:23:49: "HERNANDEZ<218><STEAM_0:0:2122654871><>" entered the game
L 03/11/2015 - 21:23:49: "[Hard_Skill]_Lexa Kosmonaft<204><STEAM_0:0:226379933><CT>" attacked "Tolstopuz<215><STEAM_0:0:622962821><TERRORIST>" with "knife" (damage "65") (damage_armor "0") (health "-30") (armor "0")
L 03/11/2015 - 21:23:49: "[Hard_Skill]_Lexa Kosmonaft<204><STEAM_0:0:226379933><CT>" killed "Tolstopuz<215><STEAM_0:0:622962821><TERRORIST>" with "knife"
L 03/11/2015 - 21:23:49: Team "CT" triggered "CTs_Win" (CT "1") (T "0")
L 03/11/2015 - 21:23:49: World triggered "Round_End"
L 03/11/2015 - 21:23:49: "-Stasss-<213><STEAM_0:0:1782753843><CT>" triggered "weaponstats" (weapon "knife") (shots "4") (hits "2") (kills "2") (headshots "0") (tks "0") (damage "130") (deaths "1")
L 03/11/2015 - 21:23:49: "-Stasss-<213><STEAM_0:0:1782753843><CT>" triggered "weaponstats2" (weapon "knife") (head "0") (chest "0") (stomach "0") (leftarm "0") (rightarm "0") (leftleg "0") (rightleg "0")
L 03/11/2015 - 21:23:49: "-Stasss-<213><STEAM_0:0:1782753843><CT>" triggered "time" (time "0:42")
L 03/11/2015 - 21:23:49: "-Stasss-<213><STEAM_0:0:1782753843><CT>" triggered "latency" (ping "79")
L 03/11/2015 - 21:23:49: "-Stasss-<213><STEAM_0:0:1782753843><CT>" disconnected
L 03/11/2015 - 21:23:53: "HERNANDEZ<218><STEAM_0:0:2122654871><>" joined team "TERRORIST"
L 03/11/2015 - 21:23:59: "Liubchenko<202><STEAM_0:0:1081240927><>" joined team "CT"
L 03/11/2015 - 21:23:59: World triggered "Round_Start"
L 03/11/2015 - 21:24:07: "PACI0raHTHENUMBER9<205><STEAM_0:0:58050347><TERRORIST>" attacked "FoxIS^<212><STEAM_0:4:1866901902><CT>" with "knife" (damage "65") (damage_armor "0") (health "-30") (armor "0")
L 03/11/2015 - 21:24:07: "PACI0raHTHENUMBER9<205><STEAM_0:0:58050347><TERRORIST>" killed "FoxIS^<212><STEAM_0:4:1866901902><CT>" with "knife"
L 03/11/2015 - 21:24:10: "[Hard_Skill]_4IKIST<181><STEAM_0:0:2025036726><TERRORIST>" attacked "[Hard_Skill]_Lexa Kosmonaft<204><STEAM_0:0:226379933><CT>" with "knife" (damage "65") (damage_armor "0") (health "-30") (armor "0")
L 03/11/2015 - 21:24:10: "[Hard_Skill]_4IKIST<181><STEAM_0:0:2025036726><TERRORIST>" killed "[Hard_Skill]_Lexa Kosmonaft<204><STEAM_0:0:226379933><CT>" with "knife"
L 03/11/2015 - 21:24:11: "HERNANDEZ<218><STEAM_0:0:2122654871><TERRORIST>" triggered "time" (time "0:22")
L 03/11/2015 - 21:24:11: "HERNANDEZ<218><STEAM_0:0:2122654871><TERRORIST>" triggered "latency" (ping "83")
L 03/11/2015 - 21:24:11: "HERNANDEZ<218><STEAM_0:0:2122654871><TERRORIST>" disconnected
L 03/11/2015 - 21:24:24: [DPROTO]: Client 6 - Set AuthIdType 1 [dp_RevEmu]; pClient = 0xb39e48c0
L 03/11/2015 - 21:24:24: "RoJleM ;)<219><STEAM_0:0:1415491374><>" connected, address "178.121.63.141:14973"
L 03/11/2015 - 21:24:24: [VTC] Player 7 speex
L 03/11/2015 - 21:24:26: "|Xyligans|_Zl@9|_P@nD@<216><STEAM_0:0:967170807><TERRORIST>" attacked "Liubchenko<202><STEAM_0:0:1081240927><CT>" with "knife" (damage "65") (damage_armor "0") (health "-30") (armor "0")
L 03/11/2015 - 21:24:26: "|Xyligans|_Zl@9|_P@nD@<216><STEAM_0:0:967170807><TERRORIST>" killed "Liubchenko<202><STEAM_0:0:1081240927><CT>" with "knife"
L 03/11/2015 - 21:24:26: Team "TERRORIST" triggered "Terrorists_Win" (CT "1") (T "1")
L 03/11/2015 - 21:24:26: World triggered "Round_End"
L 03/11/2015 - 21:24:31: "RoJleM ;)<219><STEAM_0:0:1415491374><>" entered the game
L 03/11/2015 - 21:24:36: World triggered "Round_Start"
L 03/11/2015 - 21:24:43: "RoJleM ;)<219><STEAM_0:0:1415491374><>" joined team "CT"
L 03/11/2015 - 21:24:44: "[Hard_Skill]_4IKIST<181><STEAM_0:0:2025036726><TERRORIST>" attacked "[Hard_Skill]_Lexa Kosmonaft<204><STEAM_0:0:226379933><CT>" with "knife" (damage "260") (damage_armor "0") (health "-225") (armor "0")
L 03/11/2015 - 21:24:44: "[Hard_Skill]_4IKIST<181><STEAM_0:0:2025036726><TERRORIST>" killed "[Hard_Skill]_Lexa Kosmonaft<204><STEAM_0:0:226379933><CT>" with "knife"
L 03/11/2015 - 21:24:46: "[Hard_Skill]_4IKIST<181><STEAM_0:0:2025036726><TERRORIST>" attacked "FoxIS^<212><STEAM_0:4:1866901902><CT>" with "knife" (damage "65") (damage_armor "0") (health "-30") (armor "0")
L 03/11/2015 - 21:24:46: "[Hard_Skill]_4IKIST<181><STEAM_0:0:2025036726><TERRORIST>" killed "FoxIS^<212><STEAM_0:4:1866901902><CT>" with "knife"
L 03/11/2015 - 21:24:48: "Tolstopuz<215><STEAM_0:0:622962821><TERRORIST>" attacked "RoJleM ;)<219><STEAM_0:0:1415491374><CT>" with "knife" (damage "65") (damage_armor "0") (health "-30") (armor "0")
L 03/11/2015 - 21:24:48: "Tolstopuz<215><STEAM_0:0:622962821><TERRORIST>" killed "RoJleM ;)<219><STEAM_0:0:1415491374><CT>" with "knife"
L 03/11/2015 - 21:24:54: "Liubchenko<202><STEAM_0:0:1081240927><CT>" attacked "|Xyligans|_Zl@9|_P@nD@<216><STEAM_0:0:967170807><TERRORIST>" with "knife" (damage "65") (damage_armor "0") (health "-30") (armor "0")
L 03/11/2015 - 21:24:54: "Liubchenko<202><STEAM_0:0:1081240927><CT>" killed "|Xyligans|_Zl@9|_P@nD@<216><STEAM_0:0:967170807><TERRORIST>" with "knife"
L 03/11/2015 - 21:24:57: "[Hard_Skill]_4IKIST<181><STEAM_0:0:2025036726><TERRORIST>" attacked "Liubchenko<202><STEAM_0:0:1081240927><CT>" with "knife" (damage "65") (damage_armor "0") (health "-30") (armor "0")
L 03/11/2015 - 21:24:57: "[Hard_Skill]_4IKIST<181><STEAM_0:0:2025036726><TERRORIST>" killed "Liubchenko<202><STEAM_0:0:1081240927><CT>" with "knife"
L 03/11/2015 - 21:24:57: Team "TERRORIST" triggered "Terrorists_Win" (CT "1") (T "2")
L 03/11/2015 - 21:24:57: World triggered "Round_End"
L 03/11/2015 - 21:25:07: World triggered "Round_Start"
L 03/11/2015 - 21:25:15: "Tolstopuz<215><STEAM_0:0:622962821><TERRORIST>" committed suicide with "worldspawn" (world)
L 03/11/2015 - 21:25:15: "FoxIS^<212><STEAM_0:4:1866901902><CT>" attacked "[Hard_Skill]_4IKIST<181><STEAM_0:0:2025036726><TERRORIST>" with "knife" (damage "65") (damage_armor "0") (health "-30") (armor "0")
L 03/11/2015 - 21:25:15: "FoxIS^<212><STEAM_0:4:1866901902><CT>" killed "[Hard_Skill]_4IKIST<181><STEAM_0:0:2025036726><TERRORIST>" with "knife"
L 03/11/2015 - 21:25:18: "|Xyligans|_Zl@9|_P@nD@<216><STEAM_0:0:967170807><TERRORIST>" attacked "[Hard_Skill]_Lexa Kosmonaft<204><STEAM_0:0:226379933><CT>" with "knife" (damage "65") (damage_armor "0") (health "-30") (armor "0")
L 03/11/2015 - 21:25:18: "|Xyligans|_Zl@9|_P@nD@<216><STEAM_0:0:967170807><TERRORIST>" killed "[Hard_Skill]_Lexa Kosmonaft<204><STEAM_0:0:226379933><CT>" with "knife"
L 03/11/2015 - 21:25:19: "Liubchenko<202><STEAM_0:0:1081240927><CT>" attacked "PACI0raHTHENUMBER9<205><STEAM_0:0:58050347><TERRORIST>" with "knife" (damage "65") (damage_armor "0") (health "-30") (armor "0")
L 03/11/2015 - 21:25:19: "Liubchenko<202><STEAM_0:0:1081240927><CT>" killed "PACI0raHTHENUMBER9<205><STEAM_0:0:58050347><TERRORIST>" with "knife"
L 03/11/2015 - 21:25:21: "Tolstopuz<215><STEAM_0:0:622962821><TERRORIST>" triggered "weaponstats" (weapon "knife") (shots "2") (hits "1") (kills "1") (headshots "0") (tks "0") (damage "65") (deaths "1")
L 03/11/2015 - 21:25:21: "Tolstopuz<215><STEAM_0:0:622962821><TERRORIST>" triggered "weaponstats2" (weapon "knife") (head "0") (chest "0") (stomach "0") (leftarm "0") (rightarm "0") (leftleg "0") (rightleg "0")
L 03/11/2015 - 21:25:21: "Tolstopuz<215><STEAM_0:0:622962821><TERRORIST>" triggered "time" (time "1:54")
L 03/11/2015 - 21:25:21: "Tolstopuz<215><STEAM_0:0:622962821><TERRORIST>" triggered "latency" (ping "32")
L 03/11/2015 - 21:25:21: "Tolstopuz<215><STEAM_0:0:622962821><TERRORIST>" disconnected
L 03/11/2015 - 21:25:26: "|Xyligans|_Zl@9|_P@nD@<216><STEAM_0:0:967170807><TERRORIST>" attacked "FoxIS^<212><STEAM_0:4:1866901902><CT>" with "knife" (damage "65") (damage_armor "0") (health "-30") (armor "0")
L 03/11/2015 - 21:25:26: "|Xyligans|_Zl@9|_P@nD@<216><STEAM_0:0:967170807><TERRORIST>" killed "FoxIS^<212><STEAM_0:4:1866901902><CT>" with "knife"
L 03/11/2015 - 21:25:34: "|Xyligans|_Zl@9|_P@nD@<216><STEAM_0:0:967170807><TERRORIST>" attacked "Liubchenko<202><STEAM_0:0:1081240927><CT>" with "knife" (damage "65") (damage_armor "0") (health "-30") (armor "0")
L 03/11/2015 - 21:25:34: "|Xyligans|_Zl@9|_P@nD@<216><STEAM_0:0:967170807><TERRORIST>" killed "Liubchenko<202><STEAM_0:0:1081240927><CT>" with "knife"
L 03/11/2015 - 21:25:37: "RoJleM ;)<219><STEAM_0:0:1415491374><CT>" attacked "|Xyligans|_Zl@9|_P@nD@<216><STEAM_0:0:967170807><TERRORIST>" with "knife" (damage "65") (damage_armor "0") (health "-30") (armor "0")
L 03/11/2015 - 21:25:37: "RoJleM ;)<219><STEAM_0:0:1415491374><CT>" killed "|Xyligans|_Zl@9|_P@nD@<216><STEAM_0:0:967170807><TERRORIST>" with "knife"
L 03/11/2015 - 21:25:37: Team "CT" triggered "CTs_Win" (CT "2") (T "2")
L 03/11/2015 - 21:25:37: World triggered "Round_End"
L 03/11/2015 - 21:25:43: [AMXBans] SteamID 'STEAM_0:0:226379933' успешно забанен (IP записан). Игрок будет удален с сервера.
L 03/11/2015 - 21:25:43: "Public<0><><>" triggered "amx_chat" (text "[Hard_Skill]_Lexa Kosmonaft<STEAM_0:0:226379933> был забанен на 1 час (60 минут). Причина: Voteban.")
L 03/11/2015 - 21:25:47: World triggered "Round_Start"
L 03/11/2015 - 21:25:53: Kick: "[Hard_Skill]_Lexa Kosmonaft<204><STEAM_0:0:226379933><>" was kicked by "Console" (message " Вы забанены на этом сервере. Подробности в консоли.")
L 03/11/2015 - 21:25:53: "[Hard_Skill]_Lexa Kosmonaft<204><STEAM_0:0:226379933><CT>" triggered "weaponstats" (weapon "knife") (shots "19") (hits "2") (kills "2") (headshots "0") (tks "0") (damage "130") (deaths "3")
L 03/11/2015 - 21:25:53: "[Hard_Skill]_Lexa Kosmonaft<204><STEAM_0:0:226379933><CT>" triggered "weaponstats2" (weapon "knife") (head "0") (chest "0") (stomach "0") (leftarm "0") (rightarm "0") (leftleg "0") (rightleg "0")
L 03/11/2015 - 21:25:53: "[Hard_Skill]_Lexa Kosmonaft<204><STEAM_0:0:226379933><CT>" triggered "time" (time "2:45")
L 03/11/2015 - 21:25:53: "[Hard_Skill]_Lexa Kosmonaft<204><STEAM_0:0:226379933><CT>" triggered "latency" (ping "25")
L 03/11/2015 - 21:25:53: "[Hard_Skill]_Lexa Kosmonaft<204><STEAM_0:0:226379933><CT>" disconnected
L 03/11/2015 - 21:25:56: "[Hard_Skill]_4IKIST<181><STEAM_0:0:2025036726><TERRORIST>" attacked "RoJleM ;)<219><STEAM_0:0:1415491374><CT>" with "knife" (damage "260") (damage_armor "0") (health "-225") (armor "0")
L 03/11/2015 - 21:25:56: "[Hard_Skill]_4IKIST<181><STEAM_0:0:2025036726><TERRORIST>" killed "RoJleM ;)<219><STEAM_0:0:1415491374><CT>" with "knife"
L 03/11/2015 - 21:25:57: "Liubchenko<202><STEAM_0:0:1081240927><CT>" attacked "|Xyligans|_Zl@9|_P@nD@<216><STEAM_0:0:967170807><TERRORIST>" with "knife" (damage "65") (damage_armor "0") (health "-30") (armor "0")
L 03/11/2015 - 21:25:57: "Liubchenko<202><STEAM_0:0:1081240927><CT>" killed "|Xyligans|_Zl@9|_P@nD@<216><STEAM_0:0:967170807><TERRORIST>" with "knife"
L 03/11/2015 - 21:25:59: [DPROTO]: Client 2 - Set AuthIdType 1 [dp_SteamEmu]; pClient = 0xb39d0cf0
L 03/11/2015 - 21:25:59: "[Hard_Skill]_Lexa Kosmonaft<220><STEAM_0:0:226379933><>" connected, address "37.212.156.253:33853"
L 03/11/2015 - 21:25:59: [VTC] Player 3 speex
L 03/11/2015 - 21:26:01: Kick: "[Hard_Skill]_Lexa Kosmonaft<220><STEAM_0:0:226379933><>" was kicked by "Console" (message " Вы забанены на этом сервере. Подробности в консоли.")
L 03/11/2015 - 21:26:10: "[Hard_Skill]_4IKIST<181><STEAM_0:0:2025036726><TERRORIST>" attacked "Liubchenko<202><STEAM_0:0:1081240927><CT>" with "knife" (damage "65") (damage_armor "0") (health "-30") (armor "0")
L 03/11/2015 - 21:26:10: "[Hard_Skill]_4IKIST<181><STEAM_0:0:2025036726><TERRORIST>" killed "Liubchenko<202><STEAM_0:0:1081240927><CT>" with "knife"
L 03/11/2015 - 21:26:13: [DPROTO]: Client 2 - Set AuthIdType 1 [dp_SteamEmu]; pClient = 0xb39d0cf0
L 03/11/2015 - 21:26:13: "[Hard_Skill]_Lexa Kosmonaft<221><STEAM_0:0:226379933><>" connected, address "37.212.156.253:33853"
L 03/11/2015 - 21:26:13: [VTC] Player 3 speex
L 03/11/2015 - 21:26:14: "PACI0raHTHENUMBER9<205><STEAM_0:0:58050347><TERRORIST>" attacked "FoxIS^<212><STEAM_0:4:1866901902><CT>" with "knife" (damage "65") (damage_armor "0") (health "-30") (armor "0")
L 03/11/2015 - 21:26:14: "PACI0raHTHENUMBER9<205><STEAM_0:0:58050347><TERRORIST>" killed "FoxIS^<212><STEAM_0:4:1866901902><CT>" with "knife"
L 03/11/2015 - 21:26:14: Team "TERRORIST" triggered "Terrorists_Win" (CT "2") (T "3")
L 03/11/2015 - 21:26:14: World triggered "Round_End"
L 03/11/2015 - 21:26:14: Kick: "[Hard_Skill]_Lexa Kosmonaft<221><STEAM_0:0:226379933><>" was kicked by "Console" (message " Вы забанены на этом сервере. Подробности в консоли.")
L 03/11/2015 - 21:26:24: World triggered "Round_Start"
L 03/11/2015 - 21:26:35: [DPROTO]: Client 2 - Set AuthIdType 1 [dp_SteamEmu]; pClient = 0xb39d0cf0
L 03/11/2015 - 21:26:35: "[Hard_Skill]_Lexa Kosmonaft<222><STEAM_0:0:226379933><>" connected, address "37.212.156.253:33853"
L 03/11/2015 - 21:26:35: [VTC] Player 3 speex
L 03/11/2015 - 21:26:37: Kick: "[Hard_Skill]_Lexa Kosmonaft<222><STEAM_0:0:226379933><>" was kicked by "Console" (message " Вы забанены на этом сервере. Подробности в консоли.")
L 03/11/2015 - 21:26:39: [DPROTO]: Client 2 - Set AuthIdType 1 [dp_RevEmu]; pClient = 0xb39d0cf0
L 03/11/2015 - 21:26:39: "[: :D OOO MARK OOO D: ]:<223><STEAM_0:0:1339482778><>" connected, address "78.84.51.73:27005"
L 03/11/2015 - 21:26:39: [VTC] Player 3 speex
L 03/11/2015 - 21:26:41: [DPROTO]: Client 3 - Set AuthIdType 1 [dp_SteamEmu]; pClient = 0xb39d5be4
L 03/11/2015 - 21:26:41: "[Hard_Skill]_Lexa Kosmonaft<224><STEAM_0:0:226379933><>" connected, address "37.212.156.253:33853"
L 03/11/2015 - 21:26:41: [VTC] Player 4 speex
L 03/11/2015 - 21:26:43: Kick: "[Hard_Skill]_Lexa Kosmonaft<224><STEAM_0:0:226379933><>" was kicked by "Console" (message " Вы забанены на этом сервере. Подробности в консоли.")
L 03/11/2015 - 21:26:44: "[: :D OOO MARK OOO D: ]:<223><STEAM_0:0:1339482778><>" entered the game
L 03/11/2015 - 21:26:47: "RoJleM ;)<219><STEAM_0:0:1415491374><CT>" attacked "[Hard_Skill]_4IKIST<181><STEAM_0:0:2025036726><TERRORIST>" with "knife" (damage "65") (damage_armor "0") (health "-30") (armor "0")
L 03/11/2015 - 21:26:47: "RoJleM ;)<219><STEAM_0:0:1415491374><CT>" killed "[Hard_Skill]_4IKIST<181><STEAM_0:0:2025036726><TERRORIST>" with "knife"
L 03/11/2015 - 21:26:48: "|Xyligans|_Zl@9|_P@nD@<216><STEAM_0:0:967170807><TERRORIST>" attacked "Liubchenko<202><STEAM_0:0:1081240927><CT>" with "knife" (damage "65") (damage_armor "0") (health "-30") (armor "0")
L 03/11/2015 - 21:26:48: "|Xyligans|_Zl@9|_P@nD@<216><STEAM_0:0:967170807><TERRORIST>" killed "Liubchenko<202><STEAM_0:0:1081240927><CT>" with "knife"
L 03/11/2015 - 21:26:49: "[: :D OOO MARK OOO D: ]:<223><STEAM_0:0:1339482778><>" joined team "TERRORIST"
L 03/11/2015 - 21:26:53: "PACI0raHTHENUMBER9<205><STEAM_0:0:58050347><TERRORIST>" attacked "FoxIS^<212><STEAM_0:4:1866901902><CT>" with "knife" (damage "65") (damage_armor "0") (health "-30") (armor "0")
L 03/11/2015 - 21:26:53: "PACI0raHTHENUMBER9<205><STEAM_0:0:58050347><TERRORIST>" killed "FoxIS^<212><STEAM_0:4:1866901902><CT>" with "knife"
L 03/11/2015 - 21:26:56: "RoJleM ;)<219><STEAM_0:0:1415491374><CT>" attacked "|Xyligans|_Zl@9|_P@nD@<216><STEAM_0:0:967170807><TERRORIST>" with "knife" (damage "65") (damage_armor "0") (health "-30") (armor "0")
L 03/11/2015 - 21:26:56: "RoJleM ;)<219><STEAM_0:0:1415491374><CT>" killed "|Xyligans|_Zl@9|_P@nD@<216><STEAM_0:0:967170807><TERRORIST>" with "knife"
L 03/11/2015 - 21:26:57: "PACI0raHTHENUMBER9<205><STEAM_0:0:58050347><TERRORIST>" attacked "RoJleM ;)<219><STEAM_0:0:1415491374><CT>" with "knife" (damage "65") (damage_armor "0") (health "-30") (armor "0")
L 03/11/2015 - 21:26:57: "PACI0raHTHENUMBER9<205><STEAM_0:0:58050347><TERRORIST>" killed "RoJleM ;)<219><STEAM_0:0:1415491374><CT>" with "knife"
L 03/11/2015 - 21:26:57: Team "TERRORIST" triggered "Terrorists_Win" (CT "2") (T "4")
L 03/11/2015 - 21:26:57: World triggered "Round_End"
L 03/11/2015 - 21:26:59: "|Xyligans|_Zl@9|_P@nD@<216><STEAM_0:0:967170807><TERRORIST>" joined team "SPECTATOR"
L 03/11/2015 - 21:27:07: World triggered "Round_Start"
L 03/11/2015 - 21:27:23: "PACI0raHTHENUMBER9<205><STEAM_0:0:58050347><TERRORIST>" attacked "FoxIS^<212><STEAM_0:4:1866901902><CT>" with "knife" (damage "65") (damage_armor "0") (health "-30") (armor "0")
L 03/11/2015 - 21:27:23: "PACI0raHTHENUMBER9<205><STEAM_0:0:58050347><TERRORIST>" killed "FoxIS^<212><STEAM_0:4:1866901902><CT>" with "knife"
L 03/11/2015 - 21:27:26: [DPROTO]: Client 3 - Set AuthIdType 1 [dp_SteamEmu]; pClient = 0xb39d5be4
L 03/11/2015 - 21:27:26: "[Hard_Skill]_Lexa Kosmonaft<225><STEAM_0:0:226379933><>" connected, address "37.212.156.253:33853"
L 03/11/2015 - 21:27:26: [VTC] Player 4 speex
L 03/11/2015 - 21:27:27: Kick: "[Hard_Skill]_Lexa Kosmonaft<225><STEAM_0:0:226379933><>" was kicked by "Console" (message " Вы забанены на этом сервере. Подробности в консоли.")
L 03/11/2015 - 21:27:34: "[Hard_Skill]_4IKIST<181><STEAM_0:0:2025036726><TERRORIST>" attacked "RoJleM ;)<219><STEAM_0:0:1415491374><CT>" with "knife" (damage "65") (damage_armor "0") (health "-55") (armor "0")
L 03/11/2015 - 21:27:34: "[Hard_Skill]_4IKIST<181><STEAM_0:0:2025036726><TERRORIST>" killed "RoJleM ;)<219><STEAM_0:0:1415491374><CT>" with "knife"
L 03/11/2015 - 21:27:36: "RoJleM ;)<219><STEAM_0:0:1415491374><CT>" triggered "weaponstats" (weapon "knife") (shots "6") (hits "3") (kills "3") (headshots "0") (tks "0") (damage "195") (deaths "4")
L 03/11/2015 - 21:27:36: "RoJleM ;)<219><STEAM_0:0:1415491374><CT>" triggered "weaponstats2" (weapon "knife") (head "0") (chest "0") (stomach "0") (leftarm "0") (rightarm "0") (leftleg "0") (rightleg "0")
L 03/11/2015 - 21:27:36: "RoJleM ;)<219><STEAM_0:0:1415491374><CT>" triggered "time" (time "3:05")
L 03/11/2015 - 21:27:36: "RoJleM ;)<219><STEAM_0:0:1415491374><CT>" triggered "latency" (ping "45")
L 03/11/2015 - 21:27:36: "RoJleM ;)<219><STEAM_0:0:1415491374><CT>" disconnected
L 03/11/2015 - 21:27:37: "[: :D OOO MARK OOO D: ]:<223><STEAM_0:0:1339482778><TERRORIST>" attacked "Liubchenko<202><STEAM_0:0:1081240927><CT>" with "knife" (damage "260") (damage_armor "0") (health "-225") (armor "0")
L 03/11/2015 - 21:27:37: "[: :D OOO MARK OOO D: ]:<223><STEAM_0:0:1339482778><TERRORIST>" killed "Liubchenko<202><STEAM_0:0:1081240927><CT>" with "knife"
L 03/11/2015 - 21:27:37: Team "TERRORIST" triggered "Terrorists_Win" (CT "2") (T "5")
L 03/11/2015 - 21:27:37: World triggered "Round_End"
L 03/11/2015 - 21:27:47: World triggered "Round_Start"
L 03/11/2015 - 21:27:52: [DPROTO]: Client 3 - Set AuthIdType 1 [dp_SteamEmu]; pClient = 0xb39d5be4
L 03/11/2015 - 21:27:52: "[Hard_Skill]_Lexa Kosmonaft<226><STEAM_0:0:226379933><>" connected, address "37.212.156.253:33853"
L 03/11/2015 - 21:27:52: [VTC] Player 4 speex
L 03/11/2015 - 21:27:53: Kick: "[Hard_Skill]_Lexa Kosmonaft<226><STEAM_0:0:226379933><>" was kicked by "Console" (message " Вы забанены на этом сервере. Подробности в консоли.")
L 03/11/2015 - 21:27:56: "[Hard_Skill]_4IKIST<181><STEAM_0:0:2025036726><TERRORIST>" attacked "Liubchenko<202><STEAM_0:0:1081240927><CT>" with "knife" (damage "65") (damage_armor "0") (health "-30") (armor "0")
L 03/11/2015 - 21:27:56: "[Hard_Skill]_4IKIST<181><STEAM_0:0:2025036726><TERRORIST>" killed "Liubchenko<202><STEAM_0:0:1081240927><CT>" with "knife"
L 03/11/2015 - 21:27:58: "[: :D OOO MARK OOO D: ]:<223><STEAM_0:0:1339482778><TERRORIST>" attacked "FoxIS^<212><STEAM_0:4:1866901902><CT>" with "knife" (damage "260") (damage_armor "0") (health "-225") (armor "0")
L 03/11/2015 - 21:27:58: "[: :D OOO MARK OOO D: ]:<223><STEAM_0:0:1339482778><TERRORIST>" killed "FoxIS^<212><STEAM_0:4:1866901902><CT>" with "knife"
L 03/11/2015 - 21:27:58: Team "TERRORIST" triggered "Terrorists_Win" (CT "2") (T "6")
L 03/11/2015 - 21:27:58: World triggered "Round_End"
L 03/11/2015 - 21:28:06: "[Hard_Skill]_4IKIST<181><STEAM_0:0:2025036726><TERRORIST>" triggered "weaponstats" (weapon "knife") (shots "14") (hits "8") (kills "8") (headshots "2") (tks "0") (damage "910") (deaths "3")
L 03/11/2015 - 21:28:06: "[Hard_Skill]_4IKIST<181><STEAM_0:0:2025036726><TERRORIST>" triggered "weaponstats2" (weapon "knife") (head "2") (chest "0") (stomach "0") (leftarm "0") (rightarm "0") (leftleg "0") (rightleg "0")
L 03/11/2015 - 21:28:06: "[Hard_Skill]_4IKIST<181><STEAM_0:0:2025036726><TERRORIST>" triggered "time" (time "4:59")
L 03/11/2015 - 21:28:06: "[Hard_Skill]_4IKIST<181><STEAM_0:0:2025036726><TERRORIST>" triggered "latency" (ping "16")
L 03/11/2015 - 21:28:06: "[Hard_Skill]_4IKIST<181><STEAM_0:0:2025036726><TERRORIST>" disconnected
L 03/11/2015 - 21:28:08: World triggered "Round_Start"
L 03/11/2015 - 21:28:14: "[: :D OOO MARK OOO D: ]:<223><STEAM_0:0:1339482778><TERRORIST>" attacked "Liubchenko<202><STEAM_0:0:1081240927><CT>" with "knife" (damage "65") (damage_armor "0") (health "-30") (armor "0")
L 03/11/2015 - 21:28:14: "[: :D OOO MARK OOO D: ]:<223><STEAM_0:0:1339482778><TERRORIST>" killed "Liubchenko<202><STEAM_0:0:1081240927><CT>" with "knife"
L 03/11/2015 - 21:28:16: "[: :D OOO MARK OOO D: ]:<223><STEAM_0:0:1339482778><TERRORIST>" attacked "FoxIS^<212><STEAM_0:4:1866901902><CT>" with "knife" (damage "65") (damage_armor "0") (health "-30") (armor "0")
L 03/11/2015 - 21:28:16: "[: :D OOO MARK OOO D: ]:<223><STEAM_0:0:1339482778><TERRORIST>" killed "FoxIS^<212><STEAM_0:4:1866901902><CT>" with "knife"
L 03/11/2015 - 21:28:16: Team "TERRORIST" triggered "Terrorists_Win" (CT "2") (T "7")
L 03/11/2015 - 21:28:16: World triggered "Round_End"
L 03/11/2015 - 21:28:20: [DPROTO]: Client 3 - Set AuthIdType 7 [HLTV]; pClient = 0xb39d5be4
L 03/11/2015 - 21:28:20: "[Hard_Skill]_Lexa Kosmonaft<227><HLTV><>" connected, address "37.212.156.253:33853"
L 03/11/2015 - 21:28:21: [VTC] Player 4 speex
L 03/11/2015 - 21:28:21: Kick: "[Hard_Skill]_Lexa Kosmonaft<227><HLTV><>" was kicked by "Console" (message " Вы не имеете права входа на этот сервер...")
L 03/11/2015 - 21:28:26: World triggered "Round_Start"
L 03/11/2015 - 21:28:38: "|Xyligans|_Zl@9|_P@nD@<216><STEAM_0:0:967170807><SPECTATOR>" joined team "CT"
L 03/11/2015 - 21:28:38: "PACI0raHTHENUMBER9<205><STEAM_0:0:58050347><TERRORIST>" committed suicide with "worldspawn" (world)
L 03/11/2015 - 21:28:44: "FoxIS^<212><STEAM_0:4:1866901902><CT>" attacked "[: :D OOO MARK OOO D: ]:<223><STEAM_0:0:1339482778><TERRORIST>" with "knife" (damage "65") (damage_armor "0") (health "-30") (armor "0")
L 03/11/2015 - 21:28:44: "FoxIS^<212><STEAM_0:4:1866901902><CT>" killed "[: :D OOO MARK OOO D: ]:<223><STEAM_0:0:1339482778><TERRORIST>" with "knife"
L 03/11/2015 - 21:28:44: Team "CT" triggered "CTs_Win" (CT "3") (T "7")
L 03/11/2015 - 21:28:44: World triggered "Round_End"
L 03/11/2015 - 21:28:51: [DPROTO]: Client 3 - Set AuthIdType 7 [HLTV]; pClient = 0xb39d5be4
L 03/11/2015 - 21:28:51: "[Hard_Skill]_Lexa Kosmonaft<228><HLTV><>" connected, address "37.212.156.253:33853"
L 03/11/2015 - 21:28:51: [VTC] Player 4 speex
L 03/11/2015 - 21:28:51: Kick: "[Hard_Skill]_Lexa Kosmonaft<228><HLTV><>" was kicked by "Console" (message " Вы не имеете права входа на этот сервер...")
L 03/11/2015 - 21:28:54: World triggered "Round_Start"
L 03/11/2015 - 21:29:08: "PACI0raHTHENUMBER9<205><STEAM_0:0:58050347><TERRORIST>" attacked "Liubchenko<202><STEAM_0:0:1081240927><CT>" with "knife" (damage "15") (damage_armor "0") (health "20") (armor "0")
L 03/11/2015 - 21:29:11: "|Xyligans|_Zl@9|_P@nD@<216><STEAM_0:0:967170807><CT>" attacked "[: :D OOO MARK OOO D: ]:<223><STEAM_0:0:1339482778><TERRORIST>" with "knife" (damage "65") (damage_armor "0") (health "-30") (armor "0")
L 03/11/2015 - 21:29:11: "|Xyligans|_Zl@9|_P@nD@<216><STEAM_0:0:967170807><CT>" killed "[: :D OOO MARK OOO D: ]:<223><STEAM_0:0:1339482778><TERRORIST>" with "knife"
L 03/11/2015 - 21:29:28: "PACI0raHTHENUMBER9<205><STEAM_0:0:58050347><TERRORIST>" attacked "FoxIS^<212><STEAM_0:4:1866901902><CT>" with "knife" (damage "15") (damage_armor "0") (health "20") (armor "0")
L 03/11/2015 - 21:29:28: "FoxIS^<212><STEAM_0:4:1866901902><CT>" attacked "PACI0raHTHENUMBER9<205><STEAM_0:0:58050347><TERRORIST>" with "knife" (damage "65") (damage_armor "0") (health "-30") (armor "0")
L 03/11/2015 - 21:29:28: "FoxIS^<212><STEAM_0:4:1866901902><CT>" killed "PACI0raHTHENUMBER9<205><STEAM_0:0:58050347><TERRORIST>" with "knife"
L 03/11/2015 - 21:29:28: Team "CT" triggered "CTs_Win" (CT "4") (T "7")
L 03/11/2015 - 21:29:28: World triggered "Round_End"
L 03/11/2015 - 21:29:38: World triggered "Round_Start"
L 03/11/2015 - 21:29:44: "PACI0raHTHENUMBER9<205><STEAM_0:0:58050347><TERRORIST>" attacked "FoxIS^<212><STEAM_0:4:1866901902><CT>" with "knife" (damage "65") (damage_armor "0") (health "-30") (armor "0")
L 03/11/2015 - 21:29:44: "PACI0raHTHENUMBER9<205><STEAM_0:0:58050347><TERRORIST>" killed "FoxIS^<212><STEAM_0:4:1866901902><CT>" with "knife"
L 03/11/2015 - 21:29:55: "|Xyligans|_Zl@9|_P@nD@<216><STEAM_0:0:967170807><CT>" attacked "[: :D OOO MARK OOO D: ]:<223><STEAM_0:0:1339482778><TERRORIST>" with "knife" (damage "65") (damage_armor "0") (health "-30") (armor "0")
L 03/11/2015 - 21:29:55: "|Xyligans|_Zl@9|_P@nD@<216><STEAM_0:0:967170807><CT>" killed "[: :D OOO MARK OOO D: ]:<223><STEAM_0:0:1339482778><TERRORIST>" with "knife"
L 03/11/2015 - 21:30:01: "PACI0raHTHENUMBER9<205><STEAM_0:0:58050347><TERRORIST>" attacked "|Xyligans|_Zl@9|_P@nD@<216><STEAM_0:0:967170807><CT>" with "knife" (damage "65") (damage_armor "0") (health "-30") (armor "0")
L 03/11/2015 - 21:30:01: "PACI0raHTHENUMBER9<205><STEAM_0:0:58050347><TERRORIST>" killed "|Xyligans|_Zl@9|_P@nD@<216><STEAM_0:0:967170807><CT>" with "knife"
L 03/11/2015 - 21:30:10: "PACI0raHTHENUMBER9<205><STEAM_0:0:58050347><TERRORIST>" attacked "Liubchenko<202><STEAM_0:0:1081240927><CT>" with "knife" (damage "65") (damage_armor "0") (health "-30") (armor "0")
L 03/11/2015 - 21:30:10: "PACI0raHTHENUMBER9<205><STEAM_0:0:58050347><TERRORIST>" killed "Liubchenko<202><STEAM_0:0:1081240927><CT>" with "knife"
L 03/11/2015 - 21:30:10: Team "TERRORIST" triggered "Terrorists_Win" (CT "4") (T "8")
L 03/11/2015 - 21:30:10: World triggered "Round_End"
L 03/11/2015 - 21:30:20: World triggered "Round_Start"
L 03/11/2015 - 21:30:31: "[: :D OOO MARK OOO D: ]:<223><STEAM_0:0:1339482778><TERRORIST>" attacked "FoxIS^<212><STEAM_0:4:1866901902><CT>" with "knife" (damage "65") (damage_armor "0") (health "-30") (armor "0")
L 03/11/2015 - 21:30:31: "[: :D OOO MARK OOO D: ]:<223><STEAM_0:0:1339482778><TERRORIST>" killed "FoxIS^<212><STEAM_0:4:1866901902><CT>" with "knife"
L 03/11/2015 - 21:30:32: "|Xyligans|_Zl@9|_P@nD@<216><STEAM_0:0:967170807><CT>" attacked "PACI0raHTHENUMBER9<205><STEAM_0:0:58050347><TERRORIST>" with "knife" (damage "65") (damage_armor "0") (health "-30") (armor "0")
L 03/11/2015 - 21:30:32: "|Xyligans|_Zl@9|_P@nD@<216><STEAM_0:0:967170807><CT>" killed "PACI0raHTHENUMBER9<205><STEAM_0:0:58050347><TERRORIST>" with "knife"
L 03/11/2015 - 21:30:36: "[: :D OOO MARK OOO D: ]:<223><STEAM_0:0:1339482778><TERRORIST>" attacked "Liubchenko<202><STEAM_0:0:1081240927><CT>" with "knife" (damage "65") (damage_armor "0") (health "-30") (armor "0")
L 03/11/2015 - 21:30:36: "[: :D OOO MARK OOO D: ]:<223><STEAM_0:0:1339482778><TERRORIST>" killed "Liubchenko<202><STEAM_0:0:1081240927><CT>" with "knife"
L 03/11/2015 - 21:30:42: "|Xyligans|_Zl@9|_P@nD@<216><STEAM_0:0:967170807><CT>" attacked "[: :D OOO MARK OOO D: ]:<223><STEAM_0:0:1339482778><TERRORIST>" with "knife" (damage "65") (damage_armor "0") (health "-30") (armor "0")
L 03/11/2015 - 21:30:42: "|Xyligans|_Zl@9|_P@nD@<216><STEAM_0:0:967170807><CT>" killed "[: :D OOO MARK OOO D: ]:<223><STEAM_0:0:1339482778><TERRORIST>" with "knife"
L 03/11/2015 - 21:30:42: Team "CT" triggered "CTs_Win" (CT "5") (T "8")
L 03/11/2015 - 21:30:42: World triggered "Round_End"
L 03/11/2015 - 21:30:48: [DPROTO]: Client 3 - Set AuthIdType 7 [HLTV]; pClient = 0xb39d5be4
L 03/11/2015 - 21:30:48: "[Hard_Skill]_Lexa Kosmonaft<229><HLTV><>" connected, address "37.212.156.253:33853"
L 03/11/2015 - 21:30:48: [VTC] Player 4 speex
L 03/11/2015 - 21:30:48: Kick: "[Hard_Skill]_Lexa Kosmonaft<229><HLTV><>" was kicked by "Console" (message " Вы не имеете права входа на этот сервер...")
L 03/11/2015 - 21:30:52: World triggered "Round_Start"
L 03/11/2015 - 21:30:59: [DPROTO]: Client 3 - Set AuthIdType 7 [HLTV]; pClient = 0xb39d5be4
L 03/11/2015 - 21:30:59: "[Hard_Skill]_Lexa Kosmonaft<230><HLTV><>" connected, address "37.212.156.253:33853"
L 03/11/2015 - 21:31:00: [VTC] Player 4 speex
L 03/11/2015 - 21:31:00: Kick: "[Hard_Skill]_Lexa Kosmonaft<230><HLTV><>" was kicked by "Console" (message " Вы не имеете права входа на этот сервер...")
L 03/11/2015 - 21:31:10: "Liubchenko<202><STEAM_0:0:1081240927><CT>" attacked "[: :D OOO MARK OOO D: ]:<223><STEAM_0:0:1339482778><TERRORIST>" with "knife" (damage "65") (damage_armor "0") (health "-30") (armor "0")
L 03/11/2015 - 21:31:10: "Liubchenko<202><STEAM_0:0:1081240927><CT>" killed "[: :D OOO MARK OOO D: ]:<223><STEAM_0:0:1339482778><TERRORIST>" with "knife"
L 03/11/2015 - 21:31:12: "PACI0raHTHENUMBER9<205><STEAM_0:0:58050347><TERRORIST>" attacked "|Xyligans|_Zl@9|_P@nD@<216><STEAM_0:0:967170807><CT>" with "knife" (damage "65") (damage_armor "0") (health "-30") (armor "0")
L 03/11/2015 - 21:31:12: "PACI0raHTHENUMBER9<205><STEAM_0:0:58050347><TERRORIST>" killed "|Xyligans|_Zl@9|_P@nD@<216><STEAM_0:0:967170807><CT>" with "knife"
L 03/11/2015 - 21:31:25: "|Xyligans|_Zl@9|_P@nD@<216><STEAM_0:0:967170807><CT>" triggered "weaponstats" (weapon "knife") (shots "21") (hits "10") (kills "10") (headshots "0") (tks "0") (damage "650") (deaths "7")
L 03/11/2015 - 21:31:25: "|Xyligans|_Zl@9|_P@nD@<216><STEAM_0:0:967170807><CT>" triggered "weaponstats2" (weapon "knife") (head "0") (chest "0") (stomach "0") (leftarm "0") (rightarm "0") (leftleg "0") (rightleg "0")
L 03/11/2015 - 21:31:25: "|Xyligans|_Zl@9|_P@nD@<216><STEAM_0:0:967170807><CT>" triggered "time" (time "8:03")
L 03/11/2015 - 21:31:25: "|Xyligans|_Zl@9|_P@nD@<216><STEAM_0:0:967170807><CT>" triggered "latency" (ping "36")
L 03/11/2015 - 21:31:25: "|Xyligans|_Zl@9|_P@nD@<216><STEAM_0:0:967170807><CT>" disconnected
L 03/11/2015 - 21:31:27: "FoxIS^<212><STEAM_0:4:1866901902><CT>" attacked "PACI0raHTHENUMBER9<205><STEAM_0:0:58050347><TERRORIST>" with "knife" (damage "65") (damage_armor "0") (health "-30") (armor "0")
L 03/11/2015 - 21:31:27: "FoxIS^<212><STEAM_0:4:1866901902><CT>" killed "PACI0raHTHENUMBER9<205><STEAM_0:0:58050347><TERRORIST>" with "knife"
L 03/11/2015 - 21:31:27: Team "CT" triggered "CTs_Win" (CT "6") (T "8")
L 03/11/2015 - 21:31:27: World triggered "Round_End"
L 03/11/2015 - 21:31:37: World triggered "Round_Start"
L 03/11/2015 - 21:31:54: "[: :D OOO MARK OOO D: ]:<223><STEAM_0:0:1339482778><TERRORIST>" attacked "Liubchenko<202><STEAM_0:0:1081240927><CT>" with "knife" (damage "65") (damage_armor "0") (health "-30") (armor "0")
L 03/11/2015 - 21:31:54: "[: :D OOO MARK OOO D: ]:<223><STEAM_0:0:1339482778><TERRORIST>" killed "Liubchenko<202><STEAM_0:0:1081240927><CT>" with "knife"
L 03/11/2015 - 21:31:54: "PACI0raHTHENUMBER9<205><STEAM_0:0:58050347><TERRORIST>" attacked "FoxIS^<212><STEAM_0:4:1866901902><CT>" with "knife" (damage "195") (damage_armor "0") (health "-160") (armor "0")
L 03/11/2015 - 21:31:54: "PACI0raHTHENUMBER9<205><STEAM_0:0:58050347><TERRORIST>" killed "FoxIS^<212><STEAM_0:4:1866901902><CT>" with "knife"
L 03/11/2015 - 21:31:54: Team "TERRORIST" triggered "Terrorists_Win" (CT "6") (T "9")
L 03/11/2015 - 21:31:54: World triggered "Round_End"
L 03/11/2015 - 21:32:01: "[: :D OOO MARK OOO D: ]:<223><STEAM_0:0:1339482778><TERRORIST>" committed suicide with "world"
L 03/11/2015 - 21:32:01: "[: :D OOO MARK OOO D: ]:<223><STEAM_0:0:1339482778><TERRORIST>" joined team "CT"
L 03/11/2015 - 21:32:04: World triggered "Round_Start"
L 03/11/2015 - 21:32:05: "Liubchenko<202><STEAM_0:0:1081240927><CT>" committed suicide with "world"
L 03/11/2015 - 21:32:05: "Liubchenko<202><STEAM_0:0:1081240927><CT>" joined team "TERRORIST"
L 03/11/2015 - 21:32:27: "PACI0raHTHENUMBER9<205><STEAM_0:0:58050347><TERRORIST>" attacked "FoxIS^<212><STEAM_0:4:1866901902><CT>" with "knife" (damage "65") (damage_armor "0") (health "-30") (armor "0")
L 03/11/2015 - 21:32:27: "PACI0raHTHENUMBER9<205><STEAM_0:0:58050347><TERRORIST>" killed "FoxIS^<212><STEAM_0:4:1866901902><CT>" with "knife"
L 03/11/2015 - 21:32:27: Team "TERRORIST" triggered "Terrorists_Win" (CT "6") (T "10")
L 03/11/2015 - 21:32:27: World triggered "Round_End"
L 03/11/2015 - 21:32:36: [DPROTO]: Client 7 - Set AuthIdType 1 [dp_RevEmu]; pClient = 0xb39e97b4
L 03/11/2015 - 21:32:36: "|Xyligans|_Zl@9|_P@nD@<231><STEAM_0:0:967170807><>" connected, address "178.120.13.65:20899"
L 03/11/2015 - 21:32:36: [VTC] Player 8 speex
L 03/11/2015 - 21:32:37: World triggered "Round_Start"
L 03/11/2015 - 21:32:39: [DPROTO]: Client 3 - Set AuthIdType 7 [HLTV]; pClient = 0xb39d5be4
L 03/11/2015 - 21:32:39: "[Hard_Skill]_Lexa Kosmonaft<232><HLTV><>" connected, address "37.212.156.253:33853"
L 03/11/2015 - 21:32:39: [VTC] Player 4 speex
L 03/11/2015 - 21:32:39: Kick: "[Hard_Skill]_Lexa Kosmonaft<232><HLTV><>" was kicked by "Console" (message " Вы не имеете права входа на этот сервер...")
L 03/11/2015 - 21:32:39: "|Xyligans|_Zl@9|_P@nD@<231><STEAM_0:0:967170807><>" entered the game
L 03/11/2015 - 21:32:43: "|Xyligans|_Zl@9|_P@nD@<231><STEAM_0:0:967170807><>" joined team "CT"
L 03/11/2015 - 21:33:00: "[: :D OOO MARK OOO D: ]:<223><STEAM_0:0:1339482778><CT>" attacked "PACI0raHTHENUMBER9<205><STEAM_0:0:58050347><TERRORIST>" with "knife" (damage "65") (damage_armor "0") (health "-30") (armor "0")
L 03/11/2015 - 21:33:00: "[: :D OOO MARK OOO D: ]:<223><STEAM_0:0:1339482778><CT>" killed "PACI0raHTHENUMBER9<205><STEAM_0:0:58050347><TERRORIST>" with "knife"
L 03/11/2015 - 21:33:15: "Liubchenko<202><STEAM_0:0:1081240927><TERRORIST>" attacked "|Xyligans|_Zl@9|_P@nD@<231><STEAM_0:0:967170807><CT>" with "knife" (damage "65") (damage_armor "0") (health "-30") (armor "0")
L 03/11/2015 - 21:33:15: "Liubchenko<202><STEAM_0:0:1081240927><TERRORIST>" killed "|Xyligans|_Zl@9|_P@nD@<231><STEAM_0:0:967170807><CT>" with "knife"
L 03/11/2015 - 21:33:22: "Liubchenko<202><STEAM_0:0:1081240927><TERRORIST>" attacked "[: :D OOO MARK OOO D: ]:<223><STEAM_0:0:1339482778><CT>" with "knife" (damage "65") (damage_armor "0") (health "-30") (armor "0")
L 03/11/2015 - 21:33:22: "Liubchenko<202><STEAM_0:0:1081240927><TERRORIST>" killed "[: :D OOO MARK OOO D: ]:<223><STEAM_0:0:1339482778><CT>" with "knife"
L 03/11/2015 - 21:33:28: "Liubchenko<202><STEAM_0:0:1081240927><TERRORIST>" attacked "FoxIS^<212><STEAM_0:4:1866901902><CT>" with "knife" (damage "65") (damage_armor "0") (health "-30") (armor "0")
L 03/11/2015 - 21:33:28: "Liubchenko<202><STEAM_0:0:1081240927><TERRORIST>" killed "FoxIS^<212><STEAM_0:4:1866901902><CT>" with "knife"
L 03/11/2015 - 21:33:28: Team "TERRORIST" triggered "Terrorists_Win" (CT "6") (T "11")
L 03/11/2015 - 21:33:28: World triggered "Round_End"
L 03/11/2015 - 21:33:33: "FoxIS^<212><STEAM_0:4:1866901902><CT>" triggered "weaponstats" (weapon "knife") (shots "23") (hits "4") (kills "4") (headshots "0") (tks "0") (damage "260") (deaths "14")
L 03/11/2015 - 21:33:33: "FoxIS^<212><STEAM_0:4:1866901902><CT>" triggered "weaponstats2" (weapon "knife") (head "0") (chest "0") (stomach "0") (leftarm "0") (rightarm "0") (leftleg "0") (rightleg "0")
L 03/11/2015 - 21:33:33: "FoxIS^<212><STEAM_0:4:1866901902><CT>" triggered "time" (time "10:24")
L 03/11/2015 - 21:33:33: "FoxIS^<212><STEAM_0:4:1866901902><CT>" triggered "latency" (ping "68")
L 03/11/2015 - 21:33:33: "FoxIS^<212><STEAM_0:4:1866901902><CT>" disconnected
L 03/11/2015 - 21:33:38: World triggered "Round_Start"
L 03/11/2015 - 21:33:44: "[: :D OOO MARK OOO D: ]:<223><STEAM_0:0:1339482778><CT>" attacked "Liubchenko<202><STEAM_0:0:1081240927><TERRORIST>" with "knife" (damage "65") (damage_armor "0") (health "-30") (armor "0")
L 03/11/2015 - 21:33:44: "[: :D OOO MARK OOO D: ]:<223><STEAM_0:0:1339482778><CT>" killed "Liubchenko<202><STEAM_0:0:1081240927><TERRORIST>" with "knife"
L 03/11/2015 - 21:33:49: "PACI0raHTHENUMBER9<205><STEAM_0:0:58050347><TERRORIST>" attacked "|Xyligans|_Zl@9|_P@nD@<231><STEAM_0:0:967170807><CT>" with "knife" (damage "65") (damage_armor "0") (health "-30") (armor "0")
L 03/11/2015 - 21:33:49: "PACI0raHTHENUMBER9<205><STEAM_0:0:58050347><TERRORIST>" killed "|Xyligans|_Zl@9|_P@nD@<231><STEAM_0:0:967170807><CT>" with "knife"
L 03/11/2015 - 21:34:10: "PACI0raHTHENUMBER9<205><STEAM_0:0:58050347><TERRORIST>" attacked "[: :D OOO MARK OOO D: ]:<223><STEAM_0:0:1339482778><CT>" with "knife" (damage "15") (damage_armor "0") (health "20") (armor "0")
L 03/11/2015 - 21:34:10: "[: :D OOO MARK OOO D: ]:<223><STEAM_0:0:1339482778><CT>" attacked "PACI0raHTHENUMBER9<205><STEAM_0:0:58050347><TERRORIST>" with "knife" (damage "65") (damage_armor "0") (health "-30") (armor "0")
L 03/11/2015 - 21:34:10: "[: :D OOO MARK OOO D: ]:<223><STEAM_0:0:1339482778><CT>" killed "PACI0raHTHENUMBER9<205><STEAM_0:0:58050347><TERRORIST>" with "knife"
L 03/11/2015 - 21:34:10: Team "CT" triggered "CTs_Win" (CT "7") (T "11")
L 03/11/2015 - 21:34:10: World triggered "Round_End"
L 03/11/2015 - 21:34:20: World triggered "Round_Start"
L 03/11/2015 - 21:34:29: "PACI0raHTHENUMBER9<205><STEAM_0:0:58050347><TERRORIST>" attacked "[: :D OOO MARK OOO D: ]:<223><STEAM_0:0:1339482778><CT>" with "knife" (damage "65") (damage_armor "0") (health "-30") (armor "0")
L 03/11/2015 - 21:34:29: "PACI0raHTHENUMBER9<205><STEAM_0:0:58050347><TERRORIST>" killed "[: :D OOO MARK OOO D: ]:<223><STEAM_0:0:1339482778><CT>" with "knife"
L 03/11/2015 - 21:34:33: "|Xyligans|_Zl@9|_P@nD@<231><STEAM_0:0:967170807><CT>" attacked "Liubchenko<202><STEAM_0:0:1081240927><TERRORIST>" with "knife" (damage "65") (damage_armor "0") (health "-30") (armor "0")
L 03/11/2015 - 21:34:33: "|Xyligans|_Zl@9|_P@nD@<231><STEAM_0:0:967170807><CT>" killed "Liubchenko<202><STEAM_0:0:1081240927><TERRORIST>" with "knife"
L 03/11/2015 - 21:34:36: "PACI0raHTHENUMBER9<205><STEAM_0:0:58050347><TERRORIST>" attacked "|Xyligans|_Zl@9|_P@nD@<231><STEAM_0:0:967170807><CT>" with "knife" (damage "65") (damage_armor "0") (health "-31") (armor "0")
L 03/11/2015 - 21:34:36: "PACI0raHTHENUMBER9<205><STEAM_0:0:58050347><TERRORIST>" killed "|Xyligans|_Zl@9|_P@nD@<231><STEAM_0:0:967170807><CT>" with "knife"
L 03/11/2015 - 21:34:36: Team "TERRORIST" triggered "Terrorists_Win" (CT "7") (T "12")
L 03/11/2015 - 21:34:36: World triggered "Round_End"
L 03/11/2015 - 21:34:46: World triggered "Round_Start"
L 03/11/2015 - 21:34:48: [DPROTO]: Client 3 - Set AuthIdType 1 [dp_RevEmu]; pClient = 0xb39d5be4
L 03/11/2015 - 21:34:48: "|Xyligans|kpy}I{ka<233><STEAM_0:0:1696161005><>" connected, address "178.120.70.56:15825"
L 03/11/2015 - 21:34:48: [VTC] Player 4 speex
L 03/11/2015 - 21:34:52: "|Xyligans|kpy}I{ka<233><STEAM_0:0:1696161005><>" entered the game
L 03/11/2015 - 21:34:53: "[: :D OOO MARK OOO D: ]:<223><STEAM_0:0:1339482778><CT>" attacked "Liubchenko<202><STEAM_0:0:1081240927><TERRORIST>" with "knife" (damage "65") (damage_armor "0") (health "-30") (armor "0")
L 03/11/2015 - 21:34:53: "[: :D OOO MARK OOO D: ]:<223><STEAM_0:0:1339482778><CT>" killed "Liubchenko<202><STEAM_0:0:1081240927><TERRORIST>" with "knife"
L 03/11/2015 - 21:34:57: "[: :D OOO MARK OOO D: ]:<223><STEAM_0:0:1339482778><CT>" attacked "PACI0raHTHENUMBER9<205><STEAM_0:0:58050347><TERRORIST>" with "knife" (damage "65") (damage_armor "0") (health "-30") (armor "0")
L 03/11/2015 - 21:34:57: "[: :D OOO MARK OOO D: ]:<223><STEAM_0:0:1339482778><CT>" killed "PACI0raHTHENUMBER9<205><STEAM_0:0:58050347><TERRORIST>" with "knife"
L 03/11/2015 - 21:34:57: Team "CT" triggered "CTs_Win" (CT "8") (T "12")
L 03/11/2015 - 21:34:57: World triggered "Round_End"
L 03/11/2015 - 21:35:07: World triggered "Round_Start"
L 03/11/2015 - 21:35:10: "|Xyligans|kpy}I{ka<233><STEAM_0:0:1696161005><>" joined team "CT"
L 03/11/2015 - 21:35:22: [DPROTO]: Client 4 - Set AuthIdType 7 [HLTV]; pClient = 0xb39daad8
L 03/11/2015 - 21:35:22: "[Hard_Skill]_Lexa Kosmonaft<234><HLTV><>" connected, address "37.212.156.253:40081"
L 03/11/2015 - 21:35:22: [VTC] Player 5 speex
L 03/11/2015 - 21:35:22: Kick: "[Hard_Skill]_Lexa Kosmonaft<234><HLTV><>" was kicked by "Console" (message " Вы не имеете права входа на этот сервер...")
L 03/11/2015 - 21:35:22: "Liubchenko<202><STEAM_0:0:1081240927><TERRORIST>" attacked "|Xyligans|_Zl@9|_P@nD@<231><STEAM_0:0:967170807><CT>" with "knife" (damage "65") (damage_armor "0") (health "-30") (armor "0")
L 03/11/2015 - 21:35:22: "Liubchenko<202><STEAM_0:0:1081240927><TERRORIST>" killed "|Xyligans|_Zl@9|_P@nD@<231><STEAM_0:0:967170807><CT>" with "knife"
L 03/11/2015 - 21:35:23: "PACI0raHTHENUMBER9<205><STEAM_0:0:58050347><TERRORIST>" attacked "[: :D OOO MARK OOO D: ]:<223><STEAM_0:0:1339482778><CT>" with "knife" (damage "65") (damage_armor "0") (health "-30") (armor "0")
L 03/11/2015 - 21:35:23: "PACI0raHTHENUMBER9<205><STEAM_0:0:58050347><TERRORIST>" killed "[: :D OOO MARK OOO D: ]:<223><STEAM_0:0:1339482778><CT>" with "knife"
L 03/11/2015 - 21:35:31: "PACI0raHTHENUMBER9<205><STEAM_0:0:58050347><TERRORIST>" attacked "|Xyligans|kpy}I{ka<233><STEAM_0:0:1696161005><CT>" with "knife" (damage "65") (damage_armor "0") (health "-30") (armor "0")
L 03/11/2015 - 21:35:31: "PACI0raHTHENUMBER9<205><STEAM_0:0:58050347><TERRORIST>" killed "|Xyligans|kpy}I{ka<233><STEAM_0:0:1696161005><CT>" with "knife"
L 03/11/2015 - 21:35:31: Team "TERRORIST" triggered "Terrorists_Win" (CT "8") (T "13")
L 03/11/2015 - 21:35:31: World triggered "Round_End"
L 03/11/2015 - 21:35:41: World triggered "Round_Start"
L 03/11/2015 - 21:35:53: "PACI0raHTHENUMBER9<205><STEAM_0:0:58050347><TERRORIST>" attacked "|Xyligans|_Zl@9|_P@nD@<231><STEAM_0:0:967170807><CT>" with "knife" (damage "65") (damage_armor "0") (health "-30") (armor "0")
L 03/11/2015 - 21:35:53: "PACI0raHTHENUMBER9<205><STEAM_0:0:58050347><TERRORIST>" killed "|Xyligans|_Zl@9|_P@nD@<231><STEAM_0:0:967170807><CT>" with "knife"
L 03/11/2015 - 21:35:56: "PACI0raHTHENUMBER9<205><STEAM_0:0:58050347><TERRORIST>" attacked "|Xyligans|kpy}I{ka<233><STEAM_0:0:1696161005><CT>" with "knife" (damage "65") (damage_armor "0") (health "-30") (armor "0")
L 03/11/2015 - 21:35:56: "PACI0raHTHENUMBER9<205><STEAM_0:0:58050347><TERRORIST>" killed "|Xyligans|kpy}I{ka<233><STEAM_0:0:1696161005><CT>" with "knife"
L 03/11/2015 - 21:36:01: "PACI0raHTHENUMBER9<205><STEAM_0:0:58050347><TERRORIST>" attacked "[: :D OOO MARK OOO D: ]:<223><STEAM_0:0:1339482778><CT>" with "knife" (damage "65") (damage_armor "0") (health "-30") (armor "0")
L 03/11/2015 - 21:36:01: "PACI0raHTHENUMBER9<205><STEAM_0:0:58050347><TERRORIST>" killed "[: :D OOO MARK OOO D: ]:<223><STEAM_0:0:1339482778><CT>" with "knife"
L 03/11/2015 - 21:36:01: Team "TERRORIST" triggered "Terrorists_Win" (CT "8") (T "14")
L 03/11/2015 - 21:36:01: World triggered "Round_End"
L 03/11/2015 - 21:36:11: World triggered "Round_Start"
L 03/11/2015 - 21:36:16: "[: :D OOO MARK OOO D: ]:<223><STEAM_0:0:1339482778><CT>" attacked "Liubchenko<202><STEAM_0:0:1081240927><TERRORIST>" with "knife" (damage "65") (damage_armor "0") (health "-30") (armor "0")
L 03/11/2015 - 21:36:16: "[: :D OOO MARK OOO D: ]:<223><STEAM_0:0:1339482778><CT>" killed "Liubchenko<202><STEAM_0:0:1081240927><TERRORIST>" with "knife"
L 03/11/2015 - 21:36:20: "PACI0raHTHENUMBER9<205><STEAM_0:0:58050347><TERRORIST>" attacked "[: :D OOO MARK OOO D: ]:<223><STEAM_0:0:1339482778><CT>" with "knife" (damage "65") (damage_armor "0") (health "-30") (armor "0")
L 03/11/2015 - 21:36:20: "PACI0raHTHENUMBER9<205><STEAM_0:0:58050347><TERRORIST>" killed "[: :D OOO MARK OOO D: ]:<223><STEAM_0:0:1339482778><CT>" with "knife"
L 03/11/2015 - 21:36:28: "PACI0raHTHENUMBER9<205><STEAM_0:0:58050347><TERRORIST>" attacked "|Xyligans|_Zl@9|_P@nD@<231><STEAM_0:0:967170807><CT>" with "knife" (damage "65") (damage_armor "0") (health "-30") (armor "0")
L 03/11/2015 - 21:36:28: "PACI0raHTHENUMBER9<205><STEAM_0:0:58050347><TERRORIST>" killed "|Xyligans|_Zl@9|_P@nD@<231><STEAM_0:0:967170807><CT>" with "knife"
L 03/11/2015 - 21:36:47: "PACI0raHTHENUMBER9<205><STEAM_0:0:58050347><TERRORIST>" attacked "|Xyligans|kpy}I{ka<233><STEAM_0:0:1696161005><CT>" with "knife" (damage "65") (damage_armor "0") (health "-30") (armor "0")
L 03/11/2015 - 21:36:47: "PACI0raHTHENUMBER9<205><STEAM_0:0:58050347><TERRORIST>" killed "|Xyligans|kpy}I{ka<233><STEAM_0:0:1696161005><CT>" with "knife"
L 03/11/2015 - 21:36:47: Team "TERRORIST" triggered "Terrorists_Win" (CT "8") (T "15")
L 03/11/2015 - 21:36:47: World triggered "Round_End"
L 03/11/2015 - 21:36:57: World triggered "Round_Start"
L 03/11/2015 - 21:36:59: "PACI0raHTHENUMBER9<205><STEAM_0:0:58050347><TERRORIST>" changed name to "|Xyligans|PACI0raH"
L 03/11/2015 - 21:37:06: "|Xyligans|_Zl@9|_P@nD@<231><STEAM_0:0:967170807><CT>" attacked "|Xyligans|PACI0raH<205><STEAM_0:0:58050347><TERRORIST>" with "knife" (damage "65") (damage_armor "0") (health "-30") (armor "0")
L 03/11/2015 - 21:37:06: "|Xyligans|_Zl@9|_P@nD@<231><STEAM_0:0:967170807><CT>" killed "|Xyligans|PACI0raH<205><STEAM_0:0:58050347><TERRORIST>" with "knife"
L 03/11/2015 - 21:37:13: "Liubchenko<202><STEAM_0:0:1081240927><TERRORIST>" attacked "|Xyligans|kpy}I{ka<233><STEAM_0:0:1696161005><CT>" with "knife" (damage "65") (damage_armor "0") (health "-30") (armor "0")
L 03/11/2015 - 21:37:13: "Liubchenko<202><STEAM_0:0:1081240927><TERRORIST>" killed "|Xyligans|kpy}I{ka<233><STEAM_0:0:1696161005><CT>" with "knife"
L 03/11/2015 - 21:37:15: "|Xyligans|_Zl@9|_P@nD@<231><STEAM_0:0:967170807><CT>" attacked "Liubchenko<202><STEAM_0:0:1081240927><TERRORIST>" with "knife" (damage "65") (damage_armor "0") (health "-30") (armor "0")
L 03/11/2015 - 21:37:15: "|Xyligans|_Zl@9|_P@nD@<231><STEAM_0:0:967170807><CT>" killed "Liubchenko<202><STEAM_0:0:1081240927><TERRORIST>" with "knife"
L 03/11/2015 - 21:37:15: Team "CT" triggered "CTs_Win" (CT "9") (T "15")
L 03/11/2015 - 21:37:15: World triggered "Round_End"
L 03/11/2015 - 21:37:25: World triggered "Round_Start"
L 03/11/2015 - 21:37:32: "[: :D OOO MARK OOO D: ]:<223><STEAM_0:0:1339482778><CT>" attacked "|Xyligans|PACI0raH<205><STEAM_0:0:58050347><TERRORIST>" with "knife" (damage "65") (damage_armor "0") (health "-30") (armor "0")
L 03/11/2015 - 21:37:32: "[: :D OOO MARK OOO D: ]:<223><STEAM_0:0:1339482778><CT>" killed "|Xyligans|PACI0raH<205><STEAM_0:0:58050347><TERRORIST>" with "knife"
L 03/11/2015 - 21:37:38: "Liubchenko<202><STEAM_0:0:1081240927><TERRORIST>" attacked "|Xyligans|kpy}I{ka<233><STEAM_0:0:1696161005><CT>" with "knife" (damage "65") (damage_armor "0") (health "-30") (armor "0")
L 03/11/2015 - 21:37:38: "Liubchenko<202><STEAM_0:0:1081240927><TERRORIST>" killed "|Xyligans|kpy}I{ka<233><STEAM_0:0:1696161005><CT>" with "knife"
L 03/11/2015 - 21:37:47: "Liubchenko<202><STEAM_0:0:1081240927><TERRORIST>" attacked "[: :D OOO MARK OOO D: ]:<223><STEAM_0:0:1339482778><CT>" with "knife" (damage "65") (damage_armor "0") (health "-30") (armor "0")
L 03/11/2015 - 21:37:47: "Liubchenko<202><STEAM_0:0:1081240927><TERRORIST>" killed "[: :D OOO MARK OOO D: ]:<223><STEAM_0:0:1339482778><CT>" with "knife"
L 03/11/2015 - 21:37:56: "Liubchenko<202><STEAM_0:0:1081240927><TERRORIST>" attacked "|Xyligans|_Zl@9|_P@nD@<231><STEAM_0:0:967170807><CT>" with "knife" (damage "65") (damage_armor "0") (health "-30") (armor "0")
L 03/11/2015 - 21:37:56: "Liubchenko<202><STEAM_0:0:1081240927><TERRORIST>" killed "|Xyligans|_Zl@9|_P@nD@<231><STEAM_0:0:967170807><CT>" with "knife"
L 03/11/2015 - 21:37:56: Team "TERRORIST" triggered "Terrorists_Win" (CT "9") (T "16")
L 03/11/2015 - 21:37:56: World triggered "Round_End"
L 03/11/2015 - 21:38:06: World triggered "Round_Start"
L 03/11/2015 - 21:38:12: "|Xyligans|kpy}I{ka<233><STEAM_0:0:1696161005><CT>" committed suicide with "worldspawn" (world)
L 03/11/2015 - 21:38:18: "[: :D OOO MARK OOO D: ]:<223><STEAM_0:0:1339482778><CT>" attacked "Liubchenko<202><STEAM_0:0:1081240927><TERRORIST>" with "knife" (damage "65") (damage_armor "0") (health "-30") (armor "0")
L 03/11/2015 - 21:38:18: "[: :D OOO MARK OOO D: ]:<223><STEAM_0:0:1339482778><CT>" killed "Liubchenko<202><STEAM_0:0:1081240927><TERRORIST>" with "knife"
L 03/11/2015 - 21:38:20: [DPROTO]: Client 4 - Set AuthIdType 1 [dp_RevEmu]; pClient = 0xb39daad8
L 03/11/2015 - 21:38:20: "NIKITA_KILIR_PRO<235><STEAM_0:0:892970284><>" connected, address "178.121.83.1:29487"
L 03/11/2015 - 21:38:20: [VTC] Player 5 speex
L 03/11/2015 - 21:38:21: "[: :D OOO MARK OOO D: ]:<223><STEAM_0:0:1339482778><CT>" attacked "|Xyligans|PACI0raH<205><STEAM_0:0:58050347><TERRORIST>" with "knife" (damage "65") (damage_armor "0") (health "-30") (armor "0")
L 03/11/2015 - 21:38:21: "[: :D OOO MARK OOO D: ]:<223><STEAM_0:0:1339482778><CT>" killed "|Xyligans|PACI0raH<205><STEAM_0:0:58050347><TERRORIST>" with "knife"
L 03/11/2015 - 21:38:21: Team "CT" triggered "CTs_Win" (CT "10") (T "16")
L 03/11/2015 - 21:38:21: World triggered "Round_End"
L 03/11/2015 - 21:38:24: "NIKITA_KILIR_PRO<235><STEAM_0:0:892970284><>" entered the game
L 03/11/2015 - 21:38:26: "NIKITA_KILIR_PRO<235><STEAM_0:0:892970284><>" joined team "TERRORIST"
L 03/11/2015 - 21:38:31: World triggered "Round_Start"
L 03/11/2015 - 21:38:41: [DPROTO]: Client 5 - Set AuthIdType 1 [dp_RevEmu]; pClient = 0xb39df9cc
L 03/11/2015 - 21:38:41: "krasavchic<236><STEAM_0:0:897303295><>" connected, address "178.93.148.181:30238"
L 03/11/2015 - 21:38:41: [VTC] Player 6 speex
L 03/11/2015 - 21:38:46: "|Xyligans|kpy}I{ka<233><STEAM_0:0:1696161005><CT>" attacked "Liubchenko<202><STEAM_0:0:1081240927><TERRORIST>" with "knife" (damage "65") (damage_armor "0") (health "-30") (armor "0")
L 03/11/2015 - 21:38:46: "|Xyligans|kpy}I{ka<233><STEAM_0:0:1696161005><CT>" killed "Liubchenko<202><STEAM_0:0:1081240927><TERRORIST>" with "knife"
L 03/11/2015 - 21:38:47: "|Xyligans|PACI0raH<205><STEAM_0:0:58050347><TERRORIST>" attacked "|Xyligans|_Zl@9|_P@nD@<231><STEAM_0:0:967170807><CT>" with "knife" (damage "65") (damage_armor "0") (health "-30") (armor "0")
L 03/11/2015 - 21:38:47: "|Xyligans|PACI0raH<205><STEAM_0:0:58050347><TERRORIST>" killed "|Xyligans|_Zl@9|_P@nD@<231><STEAM_0:0:967170807><CT>" with "knife"
L 03/11/2015 - 21:38:50: "|Xyligans|_Zl@9|_P@nD@<231><STEAM_0:0:967170807><CT>" triggered "weaponstats" (weapon "knife") (shots "15") (hits "3") (kills "3") (headshots "0") (tks "0") (damage "195") (deaths "8")
L 03/11/2015 - 21:38:50: "|Xyligans|_Zl@9|_P@nD@<231><STEAM_0:0:967170807><CT>" triggered "weaponstats2" (weapon "knife") (head "0") (chest "0") (stomach "0") (leftarm "0") (rightarm "0") (leftleg "0") (rightleg "0")
L 03/11/2015 - 21:38:50: "|Xyligans|_Zl@9|_P@nD@<231><STEAM_0:0:967170807><CT>" triggered "time" (time "6:11")
L 03/11/2015 - 21:38:50: "|Xyligans|_Zl@9|_P@nD@<231><STEAM_0:0:967170807><CT>" triggered "latency" (ping "33")
L 03/11/2015 - 21:38:50: "|Xyligans|_Zl@9|_P@nD@<231><STEAM_0:0:967170807><CT>" disconnected
L 03/11/2015 - 21:38:52: "[: :D OOO MARK OOO D: ]:<223><STEAM_0:0:1339482778><CT>" attacked "NIKITA_KILIR_PRO<235><STEAM_0:0:892970284><TERRORIST>" with "knife" (damage "65") (damage_armor "0") (health "-30") (armor "0")
L 03/11/2015 - 21:38:52: "[: :D OOO MARK OOO D: ]:<223><STEAM_0:0:1339482778><CT>" killed "NIKITA_KILIR_PRO<235><STEAM_0:0:892970284><TERRORIST>" with "knife"
L 03/11/2015 - 21:38:58: "|Xyligans|PACI0raH<205><STEAM_0:0:58050347><TERRORIST>" attacked "|Xyligans|kpy}I{ka<233><STEAM_0:0:1696161005><CT>" with "knife" (damage "65") (damage_armor "0") (health "-30") (armor "0")
L 03/11/2015 - 21:38:58: "|Xyligans|PACI0raH<205><STEAM_0:0:58050347><TERRORIST>" killed "|Xyligans|kpy}I{ka<233><STEAM_0:0:1696161005><CT>" with "knife"
L 03/11/2015 - 21:38:59: [DPROTO]: Client 5 - Set AuthIdType 1 [dp_RevEmu]; pClient = 0xb39df9cc
L 03/11/2015 - 21:38:59: "krasavchic<237><STEAM_0:0:897303295><>" connected, address "178.93.148.181:30238"
L 03/11/2015 - 21:38:59: [VTC] Player 6 speex
L 03/11/2015 - 21:39:02: "[: :D OOO MARK OOO D: ]:<223><STEAM_0:0:1339482778><CT>" attacked "|Xyligans|PACI0raH<205><STEAM_0:0:58050347><TERRORIST>" with "knife" (damage "48") (damage_armor "0") (health "-13") (armor "0")
L 03/11/2015 - 21:39:02: "[: :D OOO MARK OOO D: ]:<223><STEAM_0:0:1339482778><CT>" killed "|Xyligans|PACI0raH<205><STEAM_0:0:58050347><TERRORIST>" with "knife"
L 03/11/2015 - 21:39:02: Team "CT" triggered "CTs_Win" (CT "11") (T "16")
L 03/11/2015 - 21:39:02: World triggered "Round_End"
L 03/11/2015 - 21:39:03: [DPROTO]: Client 7 - Set AuthIdType 1 [dp_RevEmu]; pClient = 0xb39e97b4
L 03/11/2015 - 21:39:03: "|Xyligans|_Zl@9|_P@nD@<238><STEAM_0:0:967170807><>" connected, address "178.120.13.65:20899"
L 03/11/2015 - 21:39:03: [VTC] Player 8 speex
L 03/11/2015 - 21:39:04: "krasavchic<237><STEAM_0:0:897303295><>" entered the game
L 03/11/2015 - 21:39:06: [DPROTO]: Client 7 - Set AuthIdType 1 [dp_RevEmu]; pClient = 0xb39e97b4
L 03/11/2015 - 21:39:06: "|Xyligans|_Zl@9|_P@nD@<239><STEAM_0:0:967170807><>" connected, address "178.120.13.65:20899"
L 03/11/2015 - 21:39:06: [VTC] Player 8 speex
L 03/11/2015 - 21:39:09: "|Xyligans|_Zl@9|_P@nD@<239><STEAM_0:0:967170807><>" entered the game
L 03/11/2015 - 21:39:10: "krasavchic<237><STEAM_0:0:897303295><>" joined team "CT"
L 03/11/2015 - 21:39:10: "|Xyligans|_Zl@9|_P@nD@<239><STEAM_0:0:967170807><>" joined team "CT"
L 03/11/2015 - 21:39:12: World triggered "Round_Start"
L 03/11/2015 - 21:39:23: "NIKITA_KILIR_PRO<235><STEAM_0:0:892970284><TERRORIST>" attacked "[: :D OOO MARK OOO D: ]:<223><STEAM_0:0:1339482778><CT>" with "knife" (damage "65") (damage_armor "0") (health "-30") (armor "0")
L 03/11/2015 - 21:39:23: "NIKITA_KILIR_PRO<235><STEAM_0:0:892970284><TERRORIST>" killed "[: :D OOO MARK OOO D: ]:<223><STEAM_0:0:1339482778><CT>" with "knife"
L 03/11/2015 - 21:39:28: "[: :D OOO MARK OOO D: ]:<223><STEAM_0:0:1339482778><CT>" triggered "weaponstats" (weapon "knife") (shots "151") (hits "18") (kills "18") (headshots "2") (tks "0") (damage "1543") (deaths "12")
L 03/11/2015 - 21:39:28: "[: :D OOO MARK OOO D: ]:<223><STEAM_0:0:1339482778><CT>" triggered "weaponstats2" (weapon "knife") (head "2") (chest "0") (stomach "0") (leftarm "0") (rightarm "0") (leftleg "0") (rightleg "0")
L 03/11/2015 - 21:39:28: "[: :D OOO MARK OOO D: ]:<223><STEAM_0:0:1339482778><CT>" triggered "time" (time "12:44")
L 03/11/2015 - 21:39:28: "[: :D OOO MARK OOO D: ]:<223><STEAM_0:0:1339482778><CT>" triggered "latency" (ping "66")
L 03/11/2015 - 21:39:28: "[: :D OOO MARK OOO D: ]:<223><STEAM_0:0:1339482778><CT>" disconnected
L 03/11/2015 - 21:39:29: "|Xyligans|kpy}I{ka<233><STEAM_0:0:1696161005><CT>" attacked "Liubchenko<202><STEAM_0:0:1081240927><TERRORIST>" with "knife" (damage "65") (damage_armor "0") (health "-30") (armor "0")
L 03/11/2015 - 21:39:29: "|Xyligans|kpy}I{ka<233><STEAM_0:0:1696161005><CT>" killed "Liubchenko<202><STEAM_0:0:1081240927><TERRORIST>" with "knife"
L 03/11/2015 - 21:39:29: "|Xyligans|_Zl@9|_P@nD@<239><STEAM_0:0:967170807><CT>" attacked "NIKITA_KILIR_PRO<235><STEAM_0:0:892970284><TERRORIST>" with "knife" (damage "65") (damage_armor "0") (health "-30") (armor "0")
L 03/11/2015 - 21:39:29: "|Xyligans|_Zl@9|_P@nD@<239><STEAM_0:0:967170807><CT>" killed "NIKITA_KILIR_PRO<235><STEAM_0:0:892970284><TERRORIST>" with "knife"
L 03/11/2015 - 21:39:39: "|Xyligans|PACI0raH<205><STEAM_0:0:58050347><TERRORIST>" attacked "|Xyligans|_Zl@9|_P@nD@<239><STEAM_0:0:967170807><CT>" with "knife" (damage "65") (damage_armor "0") (health "-30") (armor "0")
L 03/11/2015 - 21:39:39: "|Xyligans|PACI0raH<205><STEAM_0:0:58050347><TERRORIST>" killed "|Xyligans|_Zl@9|_P@nD@<239><STEAM_0:0:967170807><CT>" with "knife"
L 03/11/2015 - 21:39:44: "|Xyligans|PACI0raH<205><STEAM_0:0:58050347><TERRORIST>" attacked "krasavchic<237><STEAM_0:0:897303295><CT>" with "knife" (damage "65") (damage_armor "0") (health "-30") (armor "0")
L 03/11/2015 - 21:39:44: "|Xyligans|PACI0raH<205><STEAM_0:0:58050347><TERRORIST>" killed "krasavchic<237><STEAM_0:0:897303295><CT>" with "knife"
L 03/11/2015 - 21:39:51: "|Xyligans|PACI0raH<205><STEAM_0:0:58050347><TERRORIST>" attacked "|Xyligans|kpy}I{ka<233><STEAM_0:0:1696161005><CT>" with "knife" (damage "65") (damage_armor "0") (health "-30") (armor "0")
L 03/11/2015 - 21:39:51: "|Xyligans|PACI0raH<205><STEAM_0:0:58050347><TERRORIST>" killed "|Xyligans|kpy}I{ka<233><STEAM_0:0:1696161005><CT>" with "knife"
L 03/11/2015 - 21:39:51: Team "TERRORIST" triggered "Terrorists_Win" (CT "11") (T "17")
L 03/11/2015 - 21:39:51: World triggered "Round_End"
L 03/11/2015 - 21:40:01: World triggered "Round_Start"
L 03/11/2015 - 21:40:09: "|Xyligans|_Zl@9|_P@nD@<239><STEAM_0:0:967170807><CT>" attacked "NIKITA_KILIR_PRO<235><STEAM_0:0:892970284><TERRORIST>" with "knife" (damage "260") (damage_armor "0") (health "-225") (armor "0")
L 03/11/2015 - 21:40:09: "|Xyligans|_Zl@9|_P@nD@<239><STEAM_0:0:967170807><CT>" killed "NIKITA_KILIR_PRO<235><STEAM_0:0:892970284><TERRORIST>" with "knife"
L 03/11/2015 - 21:40:10: "|Xyligans|PACI0raH<205><STEAM_0:0:58050347><TERRORIST>" attacked "|Xyligans|_Zl@9|_P@nD@<239><STEAM_0:0:967170807><CT>" with "knife" (damage "65") (damage_armor "0") (health "-30") (armor "0")
L 03/11/2015 - 21:40:10: "|Xyligans|PACI0raH<205><STEAM_0:0:58050347><TERRORIST>" killed "|Xyligans|_Zl@9|_P@nD@<239><STEAM_0:0:967170807><CT>" with "knife"
L 03/11/2015 - 21:40:17: "|Xyligans|kpy}I{ka<233><STEAM_0:0:1696161005><CT>" attacked "|Xyligans|PACI0raH<205><STEAM_0:0:58050347><TERRORIST>" with "knife" (damage "260") (damage_armor "0") (health "-225") (armor "0")
L 03/11/2015 - 21:40:17: "|Xyligans|kpy}I{ka<233><STEAM_0:0:1696161005><CT>" killed "|Xyligans|PACI0raH<205><STEAM_0:0:58050347><TERRORIST>" with "knife"
L 03/11/2015 - 21:40:18: "|Xyligans|kpy}I{ka<233><STEAM_0:0:1696161005><CT>" attacked "Liubchenko<202><STEAM_0:0:1081240927><TERRORIST>" with "knife" (damage "65") (damage_armor "0") (health "-30") (armor "0")
L 03/11/2015 - 21:40:18: "|Xyligans|kpy}I{ka<233><STEAM_0:0:1696161005><CT>" killed "Liubchenko<202><STEAM_0:0:1081240927><TERRORIST>" with "knife"
L 03/11/2015 - 21:40:18: Team "CT" triggered "CTs_Win" (CT "12") (T "17")
L 03/11/2015 - 21:40:18: World triggered "Round_End"
L 03/11/2015 - 21:40:25: "|Xyligans|_Zl@9|_P@nD@<239><STEAM_0:0:967170807><CT>" committed suicide with "game_player_hurt" (world)
L 03/11/2015 - 21:40:28: World triggered "Round_Start"
L 03/11/2015 - 21:40:38: "NIKITA_KILIR_PRO<235><STEAM_0:0:892970284><TERRORIST>" attacked "krasavchic<237><STEAM_0:0:897303295><CT>" with "knife" (damage "65") (damage_armor "0") (health "-30") (armor "0")
L 03/11/2015 - 21:40:38: "NIKITA_KILIR_PRO<235><STEAM_0:0:892970284><TERRORIST>" killed "krasavchic<237><STEAM_0:0:897303295><CT>" with "knife"
L 03/11/2015 - 21:40:44: "krasavchic<237><STEAM_0:0:897303295><CT>" triggered "weaponstats" (weapon "knife") (shots "11") (hits "0") (kills "0") (headshots "0") (tks "0") (damage "0") (deaths "2")
L 03/11/2015 - 21:40:44: "krasavchic<237><STEAM_0:0:897303295><CT>" triggered "weaponstats2" (weapon "knife") (head "0") (chest "0") (stomach "0") (leftarm "0") (rightarm "0") (leftleg "0") (rightleg "0")
L 03/11/2015 - 21:40:44: "krasavchic<237><STEAM_0:0:897303295><CT>" triggered "time" (time "1:39")
L 03/11/2015 - 21:40:44: "krasavchic<237><STEAM_0:0:897303295><CT>" triggered "latency" (ping "79")
L 03/11/2015 - 21:40:44: "krasavchic<237><STEAM_0:0:897303295><CT>" disconnected
L 03/11/2015 - 21:40:54: "|Xyligans|PACI0raH<205><STEAM_0:0:58050347><TERRORIST>" attacked "|Xyligans|kpy}I{ka<233><STEAM_0:0:1696161005><CT>" with "knife" (damage "65") (damage_armor "0") (health "-30") (armor "0")
L 03/11/2015 - 21:40:54: "|Xyligans|PACI0raH<205><STEAM_0:0:58050347><TERRORIST>" killed "|Xyligans|kpy}I{ka<233><STEAM_0:0:1696161005><CT>" with "knife"
L 03/11/2015 - 21:40:54: Team "TERRORIST" triggered "Terrorists_Win" (CT "12") (T "18")
L 03/11/2015 - 21:40:54: World triggered "Round_End"
L 03/11/2015 - 21:41:04: World triggered "Round_Start"
L 03/11/2015 - 21:41:17: "|Xyligans|kpy}I{ka<233><STEAM_0:0:1696161005><CT>" attacked "Liubchenko<202><STEAM_0:0:1081240927><TERRORIST>" with "knife" (damage "65") (damage_armor "0") (health "-30") (armor "0")
L 03/11/2015 - 21:41:17: "|Xyligans|kpy}I{ka<233><STEAM_0:0:1696161005><CT>" killed "Liubchenko<202><STEAM_0:0:1081240927><TERRORIST>" with "knife"
L 03/11/2015 - 21:41:20: [DPROTO]: Client 2 - Set AuthIdType 1 [dp_RevEmu]; pClient = 0xb39d0cf0
L 03/11/2015 - 21:41:20: "[Hard_Skill]_4IKIST<240><STEAM_0:0:2025036726><>" connected, address "178.168.192.163:27005"
L 03/11/2015 - 21:41:20: [VTC] Player 3 speex
L 03/11/2015 - 21:41:23: "|Xyligans|PACI0raH<205><STEAM_0:0:58050347><TERRORIST>" attacked "|Xyligans|_Zl@9|_P@nD@<239><STEAM_0:0:967170807><CT>" with "knife" (damage "65") (damage_armor "0") (health "-30") (armor "0")
L 03/11/2015 - 21:41:23: "|Xyligans|PACI0raH<205><STEAM_0:0:58050347><TERRORIST>" killed "|Xyligans|_Zl@9|_P@nD@<239><STEAM_0:0:967170807><CT>" with "knife"
L 03/11/2015 - 21:41:25: "NIKITA_KILIR_PRO<235><STEAM_0:0:892970284><TERRORIST>" attacked "|Xyligans|kpy}I{ka<233><STEAM_0:0:1696161005><CT>" with "knife" (damage "65") (damage_armor "0") (health "-31") (armor "0")
L 03/11/2015 - 21:41:25: "NIKITA_KILIR_PRO<235><STEAM_0:0:892970284><TERRORIST>" killed "|Xyligans|kpy}I{ka<233><STEAM_0:0:1696161005><CT>" with "knife"
L 03/11/2015 - 21:41:25: Team "TERRORIST" triggered "Terrorists_Win" (CT "12") (T "19")
L 03/11/2015 - 21:41:25: World triggered "Round_End"
L 03/11/2015 - 21:41:27: "[Hard_Skill]_4IKIST<240><STEAM_0:0:2025036726><>" entered the game
L 03/11/2015 - 21:41:29: "[Hard_Skill]_4IKIST<240><STEAM_0:0:2025036726><>" joined team "CT"
L 03/11/2015 - 21:41:35: World triggered "Round_Start"
L 03/11/2015 - 21:41:42: "|Xyligans|PACI0raH<205><STEAM_0:0:58050347><TERRORIST>" attacked "|Xyligans|_Zl@9|_P@nD@<239><STEAM_0:0:967170807><CT>" with "knife" (damage "65") (damage_armor "0") (health "-30") (armor "0")
L 03/11/2015 - 21:41:42: "|Xyligans|PACI0raH<205><STEAM_0:0:58050347><TERRORIST>" killed "|Xyligans|_Zl@9|_P@nD@<239><STEAM_0:0:967170807><CT>" with "knife"
L 03/11/2015 - 21:41:44: "|Xyligans|PACI0raH<205><STEAM_0:0:58050347><TERRORIST>" attacked "|Xyligans|kpy}I{ka<233><STEAM_0:0:1696161005><CT>" with "knife" (damage "65") (damage_armor "0") (health "-30") (armor "0")
L 03/11/2015 - 21:41:44: "|Xyligans|PACI0raH<205><STEAM_0:0:58050347><TERRORIST>" killed "|Xyligans|kpy}I{ka<233><STEAM_0:0:1696161005><CT>" with "knife"
L 03/11/2015 - 21:41:48: "[Hard_Skill]_4IKIST<240><STEAM_0:0:2025036726><CT>" attacked "|Xyligans|PACI0raH<205><STEAM_0:0:58050347><TERRORIST>" with "knife" (damage "65") (damage_armor "0") (health "-30") (armor "0")
L 03/11/2015 - 21:41:48: "[Hard_Skill]_4IKIST<240><STEAM_0:0:2025036726><CT>" killed "|Xyligans|PACI0raH<205><STEAM_0:0:58050347><TERRORIST>" with "knife"
L 03/11/2015 - 21:41:49: "[Hard_Skill]_4IKIST<240><STEAM_0:0:2025036726><CT>" attacked "NIKITA_KILIR_PRO<235><STEAM_0:0:892970284><TERRORIST>" with "knife" (damage "65") (damage_armor "0") (health "-30") (armor "0")
L 03/11/2015 - 21:41:49: "[Hard_Skill]_4IKIST<240><STEAM_0:0:2025036726><CT>" killed "NIKITA_KILIR_PRO<235><STEAM_0:0:892970284><TERRORIST>" with "knife"
L 03/11/2015 - 21:41:52: "[Hard_Skill]_4IKIST<240><STEAM_0:0:2025036726><CT>" attacked "Liubchenko<202><STEAM_0:0:1081240927><TERRORIST>" with "knife" (damage "65") (damage_armor "0") (health "-30") (armor "0")
L 03/11/2015 - 21:41:52: "[Hard_Skill]_4IKIST<240><STEAM_0:0:2025036726><CT>" killed "Liubchenko<202><STEAM_0:0:1081240927><TERRORIST>" with "knife"
L 03/11/2015 - 21:41:52: Team "CT" triggered "CTs_Win" (CT "13") (T "19")
L 03/11/2015 - 21:41:52: World triggered "Round_End"
L 03/11/2015 - 21:41:53: [DPROTO]: Client 5 - Set AuthIdType 7 [HLTV]; pClient = 0xb39df9cc
L 03/11/2015 - 21:41:53: "[Hard_Skill]_Lexa Kosmonaft<241><HLTV><>" connected, address "37.212.156.253:22171"
L 03/11/2015 - 21:41:53: [VTC] Player 6 speex
L 03/11/2015 - 21:41:53: Kick: "[Hard_Skill]_Lexa Kosmonaft<241><HLTV><>" was kicked by "Console" (message " Вы не имеете права входа на этот сервер...")
L 03/11/2015 - 21:42:02: World triggered "Round_Start"
L 03/11/2015 - 21:42:11: "|Xyligans|_Zl@9|_P@nD@<239><STEAM_0:0:967170807><CT>" attacked "Liubchenko<202><STEAM_0:0:1081240927><TERRORIST>" with "knife" (damage "65") (damage_armor "0") (health "-30") (armor "0")
L 03/11/2015 - 21:42:11: "|Xyligans|_Zl@9|_P@nD@<239><STEAM_0:0:967170807><CT>" killed "Liubchenko<202><STEAM_0:0:1081240927><TERRORIST>" with "knife"
L 03/11/2015 - 21:42:11: "|Xyligans|PACI0raH<205><STEAM_0:0:58050347><TERRORIST>" attacked "|Xyligans|_Zl@9|_P@nD@<239><STEAM_0:0:967170807><CT>" with "knife" (damage "65") (damage_armor "0") (health "-30") (armor "0")
L 03/11/2015 - 21:42:11: "|Xyligans|PACI0raH<205><STEAM_0:0:58050347><TERRORIST>" killed "|Xyligans|_Zl@9|_P@nD@<239><STEAM_0:0:967170807><CT>" with "knife"
L 03/11/2015 - 21:42:16: "|Xyligans|PACI0raH<205><STEAM_0:0:58050347><TERRORIST>" attacked "|Xyligans|kpy}I{ka<233><STEAM_0:0:1696161005><CT>" with "knife" (damage "65") (damage_armor "0") (health "-30") (armor "0")
L 03/11/2015 - 21:42:16: "|Xyligans|PACI0raH<205><STEAM_0:0:58050347><TERRORIST>" killed "|Xyligans|kpy}I{ka<233><STEAM_0:0:1696161005><CT>" with "knife"
L 03/11/2015 - 21:42:18: "|Xyligans|_Zl@9|_P@nD@<239><STEAM_0:0:967170807><CT>" triggered "weaponstats" (weapon "knife") (shots "5") (hits "3") (kills "3") (headshots "1") (tks "0") (damage "390") (deaths "5")
L 03/11/2015 - 21:42:18: "|Xyligans|_Zl@9|_P@nD@<239><STEAM_0:0:967170807><CT>" triggered "weaponstats2" (weapon "knife") (head "1") (chest "0") (stomach "0") (leftarm "0") (rightarm "0") (leftleg "0") (rightleg "0")
L 03/11/2015 - 21:42:18: "|Xyligans|_Zl@9|_P@nD@<239><STEAM_0:0:967170807><CT>" triggered "time" (time "3:08")
L 03/11/2015 - 21:42:18: "|Xyligans|_Zl@9|_P@nD@<239><STEAM_0:0:967170807><CT>" triggered "latency" (ping "35")
L 03/11/2015 - 21:42:18: "|Xyligans|_Zl@9|_P@nD@<239><STEAM_0:0:967170807><CT>" disconnected
L 03/11/2015 - 21:42:18: "NIKITA_KILIR_PRO<235><STEAM_0:0:892970284><TERRORIST>" attacked "[Hard_Skill]_4IKIST<240><STEAM_0:0:2025036726><CT>" with "knife" (damage "65") (damage_armor "0") (health "-30") (armor "0")
L 03/11/2015 - 21:42:18: "NIKITA_KILIR_PRO<235><STEAM_0:0:892970284><TERRORIST>" killed "[Hard_Skill]_4IKIST<240><STEAM_0:0:2025036726><CT>" with "knife"
L 03/11/2015 - 21:42:18: Team "TERRORIST" triggered "Terrorists_Win" (CT "13") (T "20")
L 03/11/2015 - 21:42:18: World triggered "Round_End"
L 03/11/2015 - 21:42:28: World triggered "Round_Start"
L 03/11/2015 - 21:42:28: [DPROTO]: Client 7 - Set AuthIdType 1 [dp_RevEmu]; pClient = 0xb39e97b4
L 03/11/2015 - 21:42:28: "|Xyligans|_Zl@9|_P@nD@<242><STEAM_0:0:967170807><>" connected, address "178.120.13.65:20899"
L 03/11/2015 - 21:42:28: [VTC] Player 8 speex
L 03/11/2015 - 21:42:31: [DPROTO]: Client 7 - Set AuthIdType 1 [dp_RevEmu]; pClient = 0xb39e97b4
L 03/11/2015 - 21:42:31: "|Xyligans|_Zl@9|_P@nD@<243><STEAM_0:0:967170807><>" connected, address "178.120.13.65:20899"
L 03/11/2015 - 21:42:31: [VTC] Player 8 speex
L 03/11/2015 - 21:42:35: "|Xyligans|_Zl@9|_P@nD@<243><STEAM_0:0:967170807><>" entered the game
L 03/11/2015 - 21:42:36: "|Xyligans|_Zl@9|_P@nD@<243><STEAM_0:0:967170807><>" joined team "CT"
L 03/11/2015 - 21:42:39: "[Hard_Skill]_4IKIST<240><STEAM_0:0:2025036726><CT>" attacked "NIKITA_KILIR_PRO<235><STEAM_0:0:892970284><TERRORIST>" with "knife" (damage "65") (damage_armor "0") (health "-30") (armor "0")
L 03/11/2015 - 21:42:39: "[Hard_Skill]_4IKIST<240><STEAM_0:0:2025036726><CT>" killed "NIKITA_KILIR_PRO<235><STEAM_0:0:892970284><TERRORIST>" with "knife"
L 03/11/2015 - 21:42:46: "[Hard_Skill]_4IKIST<240><STEAM_0:0:2025036726><CT>" attacked "|Xyligans|PACI0raH<205><STEAM_0:0:58050347><TERRORIST>" with "knife" (damage "65") (damage_armor "0") (health "-30") (armor "0")
L 03/11/2015 - 21:42:46: "[Hard_Skill]_4IKIST<240><STEAM_0:0:2025036726><CT>" killed "|Xyligans|PACI0raH<205><STEAM_0:0:58050347><TERRORIST>" with "knife"
L 03/11/2015 - 21:42:49: "|Xyligans|_Zl@9|_P@nD@<243><STEAM_0:0:967170807><CT>" attacked "Liubchenko<202><STEAM_0:0:1081240927><TERRORIST>" with "knife" (damage "65") (damage_armor "0") (health "-30") (armor "0")
L 03/11/2015 - 21:42:49: "|Xyligans|_Zl@9|_P@nD@<243><STEAM_0:0:967170807><CT>" killed "Liubchenko<202><STEAM_0:0:1081240927><TERRORIST>" with "knife"
L 03/11/2015 - 21:42:49: Team "CT" triggered "CTs_Win" (CT "14") (T "20")
L 03/11/2015 - 21:42:49: World triggered "Round_End"
L 03/11/2015 - 21:42:54: "|Xyligans|PACI0raH<205><STEAM_0:0:58050347><TERRORIST>" changed name to "[Hard_Skill]_PACI0raH"
L 03/11/2015 - 21:42:59: World triggered "Round_Start"
L 03/11/2015 - 21:43:16: "|Xyligans|_Zl@9|_P@nD@<243><STEAM_0:0:967170807><CT>" attacked "[Hard_Skill]_PACI0raH<205><STEAM_0:0:58050347><TERRORIST>" with "knife" (damage "260") (damage_armor "0") (health "-225") (armor "0")
L 03/11/2015 - 21:43:16: "|Xyligans|_Zl@9|_P@nD@<243><STEAM_0:0:967170807><CT>" killed "[Hard_Skill]_PACI0raH<205><STEAM_0:0:58050347><TERRORIST>" with "knife"
L 03/11/2015 - 21:43:25: "[Hard_Skill]_4IKIST<240><STEAM_0:0:2025036726><CT>" attacked "NIKITA_KILIR_PRO<235><STEAM_0:0:892970284><TERRORIST>" with "knife" (damage "260") (damage_armor "0") (health "-225") (armor "0")
L 03/11/2015 - 21:43:25: "[Hard_Skill]_4IKIST<240><STEAM_0:0:2025036726><CT>" killed "NIKITA_KILIR_PRO<235><STEAM_0:0:892970284><TERRORIST>" with "knife"
L 03/11/2015 - 21:43:35: Kick: "|Xyligans|_Zl@9|_P@nD@<243><STEAM_0:0:967170807><>" was kicked by "Console" (message ""[Nice Kicker] Выпилен за большие потери 14!"")
L 03/11/2015 - 21:43:35: "|Xyligans|_Zl@9|_P@nD@<243><STEAM_0:0:967170807><CT>" triggered "weaponstats" (weapon "knife") (shots "3") (hits "2") (kills "2") (headshots "1") (tks "0") (damage "325") (deaths "0")
L 03/11/2015 - 21:43:35: "|Xyligans|_Zl@9|_P@nD@<243><STEAM_0:0:967170807><CT>" triggered "weaponstats2" (weapon "knife") (head "1") (chest "0") (stomach "0") (leftarm "0") (rightarm "0") (leftleg "0") (rightleg "0")
L 03/11/2015 - 21:43:35: "|Xyligans|_Zl@9|_P@nD@<243><STEAM_0:0:967170807><CT>" triggered "time" (time "1:00")
L 03/11/2015 - 21:43:35: "|Xyligans|_Zl@9|_P@nD@<243><STEAM_0:0:967170807><CT>" triggered "latency" (ping "27")
L 03/11/2015 - 21:43:35: "|Xyligans|_Zl@9|_P@nD@<243><STEAM_0:0:967170807><CT>" disconnected
L 03/11/2015 - 21:43:35: "[Hard_Skill]_4IKIST<240><STEAM_0:0:2025036726><CT>" attacked "Liubchenko<202><STEAM_0:0:1081240927><TERRORIST>" with "knife" (damage "65") (damage_armor "0") (health "-30") (armor "0")
L 03/11/2015 - 21:43:35: "[Hard_Skill]_4IKIST<240><STEAM_0:0:2025036726><CT>" killed "Liubchenko<202><STEAM_0:0:1081240927><TERRORIST>" with "knife"
L 03/11/2015 - 21:43:35: Team "CT" triggered "CTs_Win" (CT "15") (T "20")
L 03/11/2015 - 21:43:35: World triggered "Round_End"
L 03/11/2015 - 21:43:39: [DPROTO]: Client 7 - Set AuthIdType 1 [dp_RevEmu]; pClient = 0xb39e97b4
L 03/11/2015 - 21:43:39: "|Xyligans|_Zl@9|_P@nD@<244><STEAM_0:0:967170807><>" connected, address "178.120.13.65:20899"
L 03/11/2015 - 21:43:39: [VTC] Player 8 speex
L 03/11/2015 - 21:43:41: "Liubchenko<202><STEAM_0:0:1081240927><TERRORIST>" triggered "weaponstats" (weapon "knife") (shots "98") (hits "12") (kills "12") (headshots "0") (tks "0") (damage "780") (deaths "25")
L 03/11/2015 - 21:43:41: "Liubchenko<202><STEAM_0:0:1081240927><TERRORIST>" triggered "weaponstats2" (weapon "knife") (head "0") (chest "0") (stomach "0") (leftarm "0") (rightarm "0") (leftleg "0") (rightleg "0")
L 03/11/2015 - 21:43:41: "Liubchenko<202><STEAM_0:0:1081240927><TERRORIST>" triggered "time" (time "20:33")
L 03/11/2015 - 21:43:41: "Liubchenko<202><STEAM_0:0:1081240927><TERRORIST>" triggered "latency" (ping "64")
L 03/11/2015 - 21:43:41: "[Hard_Skill]_PACI0raH<205><STEAM_0:0:58050347><TERRORIST>" triggered "weaponstats" (weapon "knife") (shots "267") (hits "38") (kills "35") (headshots "0") (tks "0") (damage "2450") (deaths "16")
L 03/11/2015 - 21:43:41: "[Hard_Skill]_PACI0raH<205><STEAM_0:0:58050347><TERRORIST>" triggered "weaponstats2" (weapon "knife") (head "0") (chest "0") (stomach "0") (leftarm "0") (rightarm "0") (leftleg "0") (rightleg "0")
L 03/11/2015 - 21:43:41: "[Hard_Skill]_PACI0raH<205><STEAM_0:0:58050347><TERRORIST>" triggered "time" (time "20:34")
L 03/11/2015 - 21:43:41: "[Hard_Skill]_PACI0raH<205><STEAM_0:0:58050347><TERRORIST>" triggered "latency" (ping "60")
L 03/11/2015 - 21:43:41: "[Hard_Skill]_4IKIST<240><STEAM_0:0:2025036726><CT>" triggered "weaponstats" (weapon "knife") (shots "9") (hits "7") (kills "7") (headshots "1") (tks "0") (damage "650") (deaths "1")
L 03/11/2015 - 21:43:41: "[Hard_Skill]_4IKIST<240><STEAM_0:0:2025036726><CT>" triggered "weaponstats2" (weapon "knife") (head "1") (chest "0") (stomach "0") (leftarm "0") (rightarm "0") (leftleg "0") (rightleg "0")
L 03/11/2015 - 21:43:41: "[Hard_Skill]_4IKIST<240><STEAM_0:0:2025036726><CT>" triggered "time" (time "2:14")
L 03/11/2015 - 21:43:41: "[Hard_Skill]_4IKIST<240><STEAM_0:0:2025036726><CT>" triggered "latency" (ping "11")
L 03/11/2015 - 21:43:41: "|Xyligans|kpy}I{ka<233><STEAM_0:0:1696161005><CT>" triggered "weaponstats" (weapon "knife") (shots "13") (hits "5") (kills "5") (headshots "1") (tks "0") (damage "520") (deaths "11")
L 03/11/2015 - 21:43:41: "|Xyligans|kpy}I{ka<233><STEAM_0:0:1696161005><CT>" triggered "weaponstats2" (weapon "knife") (head "1") (chest "0") (stomach "0") (leftarm "0") (rightarm "0") (leftleg "0") (rightleg "0")
L 03/11/2015 - 21:43:41: "|Xyligans|kpy}I{ka<233><STEAM_0:0:1696161005><CT>" triggered "time" (time "8:49")
L 03/11/2015 - 21:43:41: "|Xyligans|kpy}I{ka<233><STEAM_0:0:1696161005><CT>" triggered "latency" (ping "19")
L 03/11/2015 - 21:43:41: "NIKITA_KILIR_PRO<235><STEAM_0:0:892970284><TERRORIST>" triggered "weaponstats" (weapon "knife") (shots "50") (hits "4") (kills "4") (headshots "0") (tks "0") (damage "260") (deaths "6")
L 03/11/2015 - 21:43:41: "NIKITA_KILIR_PRO<235><STEAM_0:0:892970284><TERRORIST>" triggered "weaponstats2" (weapon "knife") (head "0") (chest "0") (stomach "0") (leftarm "0") (rightarm "0") (leftleg "0") (rightleg "0")
L 03/11/2015 - 21:43:41: "NIKITA_KILIR_PRO<235><STEAM_0:0:892970284><TERRORIST>" triggered "time" (time "5:17")
L 03/11/2015 - 21:43:41: "NIKITA_KILIR_PRO<235><STEAM_0:0:892970284><TERRORIST>" triggered "latency" (ping "40")
L 03/11/2015 - 21:43:41: [META] ini: Begin re-reading plugins list: /home/extazy/Public/cstrike/addons/metamod/plugins.ini
L 03/11/2015 - 21:43:41: [META] ini: Read plugin config for: AMX Mod X
L 03/11/2015 - 21:43:41: [META] ini: Read plugin config for: dproto_EF
L 03/11/2015 - 21:43:41: [META] ini: Read plugin config for: mmtimer
L 03/11/2015 - 21:43:41: [META] ini: Read plugin config for: VoiceTranscoder
L 03/11/2015 - 21:43:41: [META] ini: Finished reading plugins list: /home/extazy/Public/cstrike/addons/metamod/plugins.ini; Found 4 plugins
L 03/11/2015 - 21:43:41: [META] dll: Updating plugins...
L 03/11/2015 - 21:43:41: [META] WARNING: dll: Plugin 'mmtimer' isn't running; Forcing unload plugin for reloading
L 03/11/2015 - 21:43:41: [META] WARNING: dll: Failed to unload plugin 'mmtimer' for reloading
L 03/11/2015 - 21:43:41: [META] dll: Finished updating 13 plugins; kept 3, loaded 0, unloaded 0, reloaded 0, delayed 0
L 03/11/2015 - 21:43:41: "Liubchenko<202><STEAM_0:0:1081240927><TERRORIST>" disconnected
L 03/11/2015 - 21:43:41: "[Hard_Skill]_PACI0raH<205><STEAM_0:0:58050347><TERRORIST>" disconnected
L 03/11/2015 - 21:43:41: "[Hard_Skill]_4IKIST<240><STEAM_0:0:2025036726><CT>" disconnected
L 03/11/2015 - 21:43:41: "|Xyligans|kpy}I{ka<233><STEAM_0:0:1696161005><CT>" disconnected
L 03/11/2015 - 21:43:41: "NIKITA_KILIR_PRO<235><STEAM_0:0:892970284><TERRORIST>" disconnected
L 03/11/2015 - 21:43:41: World triggered "Round_Draw" (CT "15") (T "20")
L 03/11/2015 - 21:43:41: World triggered "Round_End"
L 03/11/2015 - 21:43:41: "|Xyligans|_Zl@9|_P@nD@<244><STEAM_0:0:967170807><CT>" disconnected
L 03/11/2015 - 21:43:41: World triggered "Round_Draw" (CT "15") (T "20")
L 03/11/2015 - 21:43:41: World triggered "Round_End"
L 03/11/2015 - 21:43:41: Log file closed
