L 03/17/2015 - 22:35:56: Log file started (file "logs/L0317063.log") (game "cstrike") (version "48/1.6.3.7/Stdio/5787")
L 03/17/2015 - 22:35:56: Loading map "cs_assault"
L 03/17/2015 - 22:35:56: Server cvars start
L 03/17/2015 - 22:35:56: Server cvar "_tutor_bomb_viewable_check_interval" = "0.5"
L 03/17/2015 - 22:35:56: Server cvar "_tutor_debug_level" = "0"
L 03/17/2015 - 22:35:56: Server cvar "_tutor_examine_time" = "0.5"
L 03/17/2015 - 22:35:56: Server cvar "_tutor_hint_interval_time" = "10.0"
L 03/17/2015 - 22:35:56: Server cvar "_tutor_look_angle" = "10"
L 03/17/2015 - 22:35:56: Server cvar "_tutor_look_distance" = "200"
L 03/17/2015 - 22:35:56: Server cvar "_tutor_message_character_display_time_coefficient" = "0.07"
L 03/17/2015 - 22:35:56: Server cvar "_tutor_message_minimum_display_time" = "1"
L 03/17/2015 - 22:35:56: Server cvar "_tutor_message_repeats" = "5"
L 03/17/2015 - 22:35:56: Server cvar "_tutor_view_distance" = "1000"
L 03/17/2015 - 22:35:56: Server cvar "aesp_version" = "1.5b_mini"
L 03/17/2015 - 22:35:56: Server cvar "allow_spectators" = "4"
L 03/17/2015 - 22:35:56: Server cvar "amx_client_languages" = "0"
L 03/17/2015 - 22:35:56: Server cvar "amx_contactinfo" = "ICQ: 691322983"
L 03/17/2015 - 22:35:56: Server cvar "amx_language" = "ru"
L 03/17/2015 - 22:35:56: Server cvar "amx_nextmap" = "cs_assault"
L 03/17/2015 - 22:35:56: Server cvar "amx_timeleft" = "00:00"
L 03/17/2015 - 22:35:56: Server cvar "amxbans_ssversion" = "Gm 1.6"
L 03/17/2015 - 22:35:56: Server cvar "amxbans_version" = "Gm 1.6"
L 03/17/2015 - 22:35:56: Server cvar "amxmodx_version" = "1.8.1.3746"
L 03/17/2015 - 22:35:56: Server cvar "Colored Translit Cheat" = "Loaded"
L 03/17/2015 - 22:35:56: Server cvar "Colored Translit Config" = "Loaded"
L 03/17/2015 - 22:35:56: Server cvar "Colored Translit Ignores" = "Loaded"
L 03/17/2015 - 22:35:56: Server cvar "Colored Translit Replace" = "Failed"
L 03/17/2015 - 22:35:56: Server cvar "Colored Translit Spam" = "Loaded"
L 03/17/2015 - 22:35:56: Server cvar "Colored Translit Status" = "Loaded"
L 03/17/2015 - 22:35:56: Server cvar "Colored Translit Swear" = "Loaded"
L 03/17/2015 - 22:35:56: Server cvar "Colored Translit Version" = "2.0b Final"
L 03/17/2015 - 22:35:56: Server cvar "coop" = "0"
L 03/17/2015 - 22:35:56: Server cvar "deathmatch" = "1"
L 03/17/2015 - 22:35:56: Server cvar "decalfrequency" = "9"
L 03/17/2015 - 22:35:56: Server cvar "dp_version" = "0.9.391"
L 03/17/2015 - 22:35:56: Server cvar "edgefriction" = "2"
L 03/17/2015 - 22:35:56: Server cvar "hostage_debug" = "0"
L 03/17/2015 - 22:35:56: Server cvar "hostage_stop" = "0"
L 03/17/2015 - 22:35:56: Server cvar "humans_join_team" = "any"
L 03/17/2015 - 22:35:56: Server cvar "jtp10181" = "chute"
L 03/17/2015 - 22:35:56: Server cvar "max_queries_sec" = "3.0"
L 03/17/2015 - 22:35:56: Server cvar "max_queries_sec_global" = "30"
L 03/17/2015 - 22:35:56: Server cvar "max_queries_window" = "60"
L 03/17/2015 - 22:35:56: Server cvar "metamod_version" = "1.19"
L 03/17/2015 - 22:35:56: Server cvar "mp_allowmonsters" = "0"
L 03/17/2015 - 22:35:56: Server cvar "mp_autokick" = "1"
L 03/17/2015 - 22:35:56: Server cvar "mp_autoteambalance" = "1"
L 03/17/2015 - 22:35:56: Server cvar "mp_buytime" = "1.5"
L 03/17/2015 - 22:35:56: Server cvar "mp_c4timer" = "35"
L 03/17/2015 - 22:35:56: Server cvar "mp_chattime" = "1"
L 03/17/2015 - 22:35:56: Server cvar "mp_consistency" = "1"
L 03/17/2015 - 22:35:56: Server cvar "mp_fadetoblack" = "0"
L 03/17/2015 - 22:35:56: Server cvar "mp_flashlight" = "1"
L 03/17/2015 - 22:35:56: Server cvar "mp_footsteps" = "1"
L 03/17/2015 - 22:35:56: Server cvar "mp_forcecamera" = "0"
L 03/17/2015 - 22:35:56: Server cvar "mp_forcechasecam" = "0"
L 03/17/2015 - 22:35:56: Server cvar "mp_fragsleft" = "0"
L 03/17/2015 - 22:35:56: Server cvar "mp_freezetime" = "5"
L 03/17/2015 - 22:35:56: Server cvar "mp_friendlyfire" = "0"
L 03/17/2015 - 22:35:56: Server cvar "mp_ghostfrequency" = "0.1"
L 03/17/2015 - 22:35:56: Server cvar "mp_hostagepenalty" = "0"
L 03/17/2015 - 22:35:56: Server cvar "mp_kickpercent" = "0.66"
L 03/17/2015 - 22:35:56: Server cvar "mp_limitteams" = "5"
L 03/17/2015 - 22:35:56: Server cvar "mp_logdetail" = "3"
L 03/17/2015 - 22:35:56: Server cvar "mp_logfile" = "1"
L 03/17/2015 - 22:35:56: Server cvar "mp_logmessages" = "1"
L 03/17/2015 - 22:35:56: Server cvar "mp_mapvoteratio" = "0.66"
L 03/17/2015 - 22:35:56: Server cvar "mp_maxrounds" = "0"
L 03/17/2015 - 22:35:56: Server cvar "mp_mirrordamage" = "0"
L 03/17/2015 - 22:35:56: Server cvar "mp_playerid" = "0"
L 03/17/2015 - 22:35:56: Server cvar "mp_roundtime" = "2.57"
L 03/17/2015 - 22:35:56: Server cvar "mp_startmoney" = "800"
L 03/17/2015 - 22:35:56: Server cvar "mp_timeleft" = "0"
L 03/17/2015 - 22:35:56: Server cvar "mp_timelimit" = "30.000000"
L 03/17/2015 - 22:35:56: Server cvar "mp_tkpunish" = "1"
L 03/17/2015 - 22:35:56: Server cvar "mp_windifference" = "1"
L 03/17/2015 - 22:35:56: Server cvar "mp_winlimit" = "0"
L 03/17/2015 - 22:35:56: Server cvar "pausable" = "0"
L 03/17/2015 - 22:35:56: Server cvar "sv_accelerate" = "5"
L 03/17/2015 - 22:35:56: Server cvar "sv_aim" = "0"
L 03/17/2015 - 22:35:56: Server cvar "sv_airaccelerate" = "10"
L 03/17/2015 - 22:35:56: Server cvar "sv_airmove" = "1"
L 03/17/2015 - 22:35:56: Server cvar "sv_allowupload" = "1"
L 03/17/2015 - 22:35:56: Server cvar "sv_alltalk" = "0"
L 03/17/2015 - 22:35:56: Server cvar "sv_bounce" = "1"
L 03/17/2015 - 22:35:56: Server cvar "sv_cheats" = "0"
L 03/17/2015 - 22:35:56: Server cvar "sv_clienttrace" = "1"
L 03/17/2015 - 22:35:56: Server cvar "sv_clipmode" = "0"
L 03/17/2015 - 22:35:56: Server cvar "sv_contact" = ""
L 03/17/2015 - 22:35:56: Server cvar "sv_friction" = "4"
L 03/17/2015 - 22:35:56: Server cvar "sv_gravity" = "800"
L 03/17/2015 - 22:35:56: Server cvar "sv_logblocks" = "0"
L 03/17/2015 - 22:35:56: Server cvar "sv_maxrate" = "50000"
L 03/17/2015 - 22:35:56: Server cvar "sv_maxspeed" = "900"
L 03/17/2015 - 22:35:56: Server cvar "sv_minrate" = "100000"
L 03/17/2015 - 22:35:56: Server cvar "sv_password" = ""
L 03/17/2015 - 22:35:56: Server cvar "sv_proxies" = "0"
L 03/17/2015 - 22:35:56: Server cvar "sv_region" = "255"
L 03/17/2015 - 22:35:56: Server cvar "sv_restart" = "0"
L 03/17/2015 - 22:35:56: Server cvar "sv_restartround" = "0"
L 03/17/2015 - 22:35:56: Server cvar "sv_stepsize" = "18"
L 03/17/2015 - 22:35:56: Server cvar "sv_stopspeed" = "75"
L 03/17/2015 - 22:35:56: Server cvar "sv_uploadmax" = "0.5"
L 03/17/2015 - 22:35:56: Server cvar "sv_voiceenable" = "1"
L 03/17/2015 - 22:35:56: Server cvar "sv_wateraccelerate" = "10"
L 03/17/2015 - 22:35:56: Server cvar "sv_waterfriction" = "1"
L 03/17/2015 - 22:35:56: Server cvar "vtc_version" = "80"
L 03/17/2015 - 22:35:56: Server cvars end
L 03/17/2015 - 22:35:57: Server cvar "amx_nextmap" = "fy_pool_day"
L 03/17/2015 - 22:35:57: Server cvar "sv_restart" = "1"
L 03/17/2015 - 22:35:57: World triggered "Restart_Round_(1_second)"
L 03/17/2015 - 22:35:57: Team "CT" scored "0" with "0" players
L 03/17/2015 - 22:35:57: Team "TERRORIST" scored "0" with "0" players
L 03/17/2015 - 22:35:57: Server cvar "sv_restart" = "0"
L 03/17/2015 - 22:35:58: Started map "cs_assault" (CRC "777915923")
L 03/17/2015 - 22:35:58: [VTC] Player 1 speex
L 03/17/2015 - 22:35:58: [VTC] Player 3 speex
L 03/17/2015 - 22:36:02: "Radion#<56><STEAM_0:4:786189573><>" entered the game
L 03/17/2015 - 22:36:03: World triggered "Round_Start"
L 03/17/2015 - 22:36:04: "Tolstopuz<51><STEAM_0:0:622962821><>" entered the game
L 03/17/2015 - 22:36:07: "Radion#<56><STEAM_0:4:786189573><>" joined team "CT"
L 03/17/2015 - 22:36:16: "|Zek|T*m|#[>[P]s1x[O]pA[d]#<53><STEAM_0:4:349445070><>" entered the game
L 03/17/2015 - 22:36:17: "Tolstopuz<51><STEAM_0:0:622962821><UNASSIGNED>" triggered "time" (time "0:12")
L 03/17/2015 - 22:36:17: "Tolstopuz<51><STEAM_0:0:622962821><UNASSIGNED>" triggered "latency" (ping "0")
L 03/17/2015 - 22:36:17: "Tolstopuz<51><STEAM_0:0:622962821><>" disconnected
L 03/17/2015 - 22:36:24: "|Zek|T*m|#[>[P]s1x[O]pA[d]#<53><STEAM_0:4:349445070><>" joined team "TERRORIST"
L 03/17/2015 - 22:36:24: World triggered "Game_Commencing"
L 03/17/2015 - 22:36:24: World triggered "Game_Commencing" (CT "0") (T "0")
L 03/17/2015 - 22:36:24: World triggered "Round_End"
L 03/17/2015 - 22:36:32: World triggered "Round_Start"
L 03/17/2015 - 22:37:06: "|Zek|T*m|#[>[P]s1x[O]pA[d]#<53><STEAM_0:4:349445070><TERRORIST>" attacked "Radion#<56><STEAM_0:4:786189573><CT>" with "glock18" (damage "15") (damage_armor "0") (health "85") (armor "0")
L 03/17/2015 - 22:37:06: "|Zek|T*m|#[>[P]s1x[O]pA[d]#<53><STEAM_0:4:349445070><TERRORIST>" attacked "Radion#<56><STEAM_0:4:786189573><CT>" with "glock18" (damage "15") (damage_armor "0") (health "70") (armor "0")
L 03/17/2015 - 22:37:07: "|Zek|T*m|#[>[P]s1x[O]pA[d]#<53><STEAM_0:4:349445070><TERRORIST>" attacked "Radion#<56><STEAM_0:4:786189573><CT>" with "glock18" (damage "14") (damage_armor "0") (health "56") (armor "0")
L 03/17/2015 - 22:37:07: "|Zek|T*m|#[>[P]s1x[O]pA[d]#<53><STEAM_0:4:349445070><TERRORIST>" attacked "Radion#<56><STEAM_0:4:786189573><CT>" with "glock18" (damage "14") (damage_armor "0") (health "42") (armor "0")
L 03/17/2015 - 22:37:07: "|Zek|T*m|#[>[P]s1x[O]pA[d]#<53><STEAM_0:4:349445070><TERRORIST>" attacked "Radion#<56><STEAM_0:4:786189573><CT>" with "glock18" (damage "14") (damage_armor "0") (health "28") (armor "0")
L 03/17/2015 - 22:37:07: "|Zek|T*m|#[>[P]s1x[O]pA[d]#<53><STEAM_0:4:349445070><TERRORIST>" attacked "Radion#<56><STEAM_0:4:786189573><CT>" with "glock18" (damage "14") (damage_armor "0") (health "14") (armor "0")
L 03/17/2015 - 22:38:12: [DPROTO]: Client 1 - Set AuthIdType 3 [dp_RevEmu]; pClient = 0xb395bdfc
L 03/17/2015 - 22:38:12: "White Walker<59><STEAM_0:4:1994378245><>" connected, address "178.122.227.68:27005"
L 03/17/2015 - 22:38:12: [VTC] Player 2 speex
L 03/17/2015 - 22:38:15: "White Walker<59><STEAM_0:4:1994378245><>" entered the game
L 03/17/2015 - 22:38:22: "White Walker<59><STEAM_0:4:1994378245><UNASSIGNED>" triggered "time" (time "0:06")
L 03/17/2015 - 22:38:22: "White Walker<59><STEAM_0:4:1994378245><UNASSIGNED>" triggered "latency" (ping "0")
L 03/17/2015 - 22:38:22: "White Walker<59><STEAM_0:4:1994378245><>" disconnected
L 03/17/2015 - 22:38:41: "Radion#<56><STEAM_0:4:786189573><CT>" triggered "Touched_A_Hostage"
L 03/17/2015 - 22:38:41: "Radion#<56><STEAM_0:4:786189573><CT>" triggered "Touched_A_Hostage"
L 03/17/2015 - 22:38:45: "Radion#<56><STEAM_0:4:786189573><CT>" triggered "Touched_A_Hostage"
L 03/17/2015 - 22:38:45: "Radion#<56><STEAM_0:4:786189573><CT>" triggered "Touched_A_Hostage"
L 03/17/2015 - 22:39:03: [DPROTO]: Client 1 - Set AuthIdType 3 [dp_RevEmu]; pClient = 0xb395bdfc
L 03/17/2015 - 22:39:03: "White Walker<60><STEAM_0:4:1994378245><>" connected, address "178.122.227.68:27005"
L 03/17/2015 - 22:39:03: [VTC] Player 2 speex
L 03/17/2015 - 22:39:05: "White Walker<60><STEAM_0:4:1994378245><>" entered the game
L 03/17/2015 - 22:39:06: Team "TERRORIST" triggered "Hostages_Not_Rescued" (CT "0") (T "1")
L 03/17/2015 - 22:39:06: World triggered "Round_End"
L 03/17/2015 - 22:39:07: "White Walker<60><STEAM_0:4:1994378245><UNASSIGNED>" triggered "time" (time "0:02")
L 03/17/2015 - 22:39:07: "White Walker<60><STEAM_0:4:1994378245><UNASSIGNED>" triggered "latency" (ping "0")
L 03/17/2015 - 22:39:07: "White Walker<60><STEAM_0:4:1994378245><>" disconnected
L 03/17/2015 - 22:39:16: World triggered "Round_Start"
L 03/17/2015 - 22:39:32: "|Zek|T*m|#[>[P]s1x[O]pA[d]#<53><STEAM_0:4:349445070><TERRORIST>" attacked "Radion#<56><STEAM_0:4:786189573><CT>" with "knife" (damage "65") (damage_armor "0") (health "-7") (armor "0")
L 03/17/2015 - 22:39:32: "|Zek|T*m|#[>[P]s1x[O]pA[d]#<53><STEAM_0:4:349445070><TERRORIST>" killed "Radion#<56><STEAM_0:4:786189573><CT>" with "knife"
L 03/17/2015 - 22:39:32: Team "TERRORIST" triggered "Terrorists_Win" (CT "0") (T "2")
L 03/17/2015 - 22:39:32: World triggered "Round_End"
L 03/17/2015 - 22:39:42: World triggered "Round_Start"
L 03/17/2015 - 22:39:59: "|Zek|T*m|#[>[P]s1x[O]pA[d]#<53><STEAM_0:4:349445070><TERRORIST>" killed "Radion#<56><STEAM_0:4:786189573><CT>" with "grenade"
L 03/17/2015 - 22:39:59: Team "TERRORIST" triggered "Terrorists_Win" (CT "0") (T "3")
L 03/17/2015 - 22:39:59: World triggered "Round_End"
L 03/17/2015 - 22:40:09: World triggered "Round_Start"
L 03/17/2015 - 22:41:32: "|Zek|T*m|#[>[P]s1x[O]pA[d]#<53><STEAM_0:4:349445070><TERRORIST>" attacked "Radion#<56><STEAM_0:4:786189573><CT>" with "ak47" (damage "33") (damage_armor "0") (health "56") (armor "0")
L 03/17/2015 - 22:41:32: "|Zek|T*m|#[>[P]s1x[O]pA[d]#<53><STEAM_0:4:349445070><TERRORIST>" attacked "Radion#<56><STEAM_0:4:786189573><CT>" with "ak47" (damage "33") (damage_armor "0") (health "23") (armor "0")
L 03/17/2015 - 22:41:33: "|Zek|T*m|#[>[P]s1x[O]pA[d]#<53><STEAM_0:4:349445070><TERRORIST>" attacked "Radion#<56><STEAM_0:4:786189573><CT>" with "ak47" (damage "33") (damage_armor "0") (health "-10") (armor "0")
L 03/17/2015 - 22:41:33: "|Zek|T*m|#[>[P]s1x[O]pA[d]#<53><STEAM_0:4:349445070><TERRORIST>" killed "Radion#<56><STEAM_0:4:786189573><CT>" with "ak47"
L 03/17/2015 - 22:41:33: Team "TERRORIST" triggered "Terrorists_Win" (CT "0") (T "4")
L 03/17/2015 - 22:41:33: World triggered "Round_End"
L 03/17/2015 - 22:41:43: World triggered "Round_Start"
L 03/17/2015 - 22:42:00: "Radion#<56><STEAM_0:4:786189573><CT>" attacked "|Zek|T*m|#[>[P]s1x[O]pA[d]#<53><STEAM_0:4:349445070><TERRORIST>" with "famas" (damage "9") (damage_armor "1") (health "46") (armor "89")
L 03/17/2015 - 22:42:01: "Radion#<56><STEAM_0:4:786189573><CT>" attacked "|Zek|T*m|#[>[P]s1x[O]pA[d]#<53><STEAM_0:4:349445070><TERRORIST>" with "famas" (damage "9") (damage_armor "2") (health "37") (armor "87")
L 03/17/2015 - 22:42:01: "Radion#<56><STEAM_0:4:786189573><CT>" attacked "|Zek|T*m|#[>[P]s1x[O]pA[d]#<53><STEAM_0:4:349445070><TERRORIST>" with "famas" (damage "10") (damage_armor "3") (health "27") (armor "84")
L 03/17/2015 - 22:42:01: "Radion#<56><STEAM_0:4:786189573><CT>" attacked "|Zek|T*m|#[>[P]s1x[O]pA[d]#<53><STEAM_0:4:349445070><TERRORIST>" with "famas" (damage "36") (damage_armor "7") (health "-9") (armor "77")
L 03/17/2015 - 22:42:01: "Radion#<56><STEAM_0:4:786189573><CT>" killed "|Zek|T*m|#[>[P]s1x[O]pA[d]#<53><STEAM_0:4:349445070><TERRORIST>" with "famas"
L 03/17/2015 - 22:42:01: Team "CT" triggered "CTs_Win" (CT "1") (T "4")
L 03/17/2015 - 22:42:01: World triggered "Round_End"
L 03/17/2015 - 22:42:08: "Radion#<56><STEAM_0:4:786189573><CT>" triggered "weaponstats" (weapon "grenade") (shots "1") (hits "0") (kills "0") (headshots "0") (tks "0") (damage "0") (deaths "0")
L 03/17/2015 - 22:42:08: "Radion#<56><STEAM_0:4:786189573><CT>" triggered "weaponstats2" (weapon "grenade") (head "0") (chest "0") (stomach "0") (leftarm "0") (rightarm "0") (leftleg "0") (rightleg "0")
L 03/17/2015 - 22:42:08: "Radion#<56><STEAM_0:4:786189573><CT>" triggered "weaponstats" (weapon "famas") (shots "11") (hits "4") (kills "1") (headshots "1") (tks "0") (damage "64") (deaths "1")
L 03/17/2015 - 22:42:08: "Radion#<56><STEAM_0:4:786189573><CT>" triggered "weaponstats2" (weapon "famas") (head "1") (chest "2") (stomach "0") (leftarm "0") (rightarm "1") (leftleg "0") (rightleg "0")
L 03/17/2015 - 22:42:08: "Radion#<56><STEAM_0:4:786189573><CT>" triggered "weaponstats" (weapon "usp") (shots "14") (hits "0") (kills "0") (headshots "0") (tks "0") (damage "0") (deaths "1")
L 03/17/2015 - 22:42:08: "Radion#<56><STEAM_0:4:786189573><CT>" triggered "weaponstats2" (weapon "usp") (head "0") (chest "0") (stomach "0") (leftarm "0") (rightarm "0") (leftleg "0") (rightleg "0")
L 03/17/2015 - 22:42:08: "Radion#<56><STEAM_0:4:786189573><CT>" triggered "weaponstats" (weapon "knife") (shots "1") (hits "0") (kills "0") (headshots "0") (tks "0") (damage "0") (deaths "0")
L 03/17/2015 - 22:42:08: "Radion#<56><STEAM_0:4:786189573><CT>" triggered "weaponstats2" (weapon "knife") (head "0") (chest "0") (stomach "0") (leftarm "0") (rightarm "0") (leftleg "0") (rightleg "0")
L 03/17/2015 - 22:42:08: "Radion#<56><STEAM_0:4:786189573><CT>" triggered "time" (time "6:05")
L 03/17/2015 - 22:42:08: "Radion#<56><STEAM_0:4:786189573><CT>" triggered "latency" (ping "34")
L 03/17/2015 - 22:42:08: "Radion#<56><STEAM_0:4:786189573><CT>" disconnected
L 03/17/2015 - 22:42:11: World triggered "Round_Start"
L 03/17/2015 - 22:42:20: "|Zek|T*m|#[>[P]s1x[O]pA[d]#<53><STEAM_0:4:349445070><TERRORIST>" triggered "weaponstats" (weapon "grenade") (shots "1") (hits "1") (kills "1") (headshots "0") (tks "0") (damage "69") (deaths "0")
L 03/17/2015 - 22:42:20: "|Zek|T*m|#[>[P]s1x[O]pA[d]#<53><STEAM_0:4:349445070><TERRORIST>" triggered "weaponstats2" (weapon "grenade") (head "0") (chest "0") (stomach "0") (leftarm "0") (rightarm "0") (leftleg "0") (rightleg "0")
L 03/17/2015 - 22:42:20: "|Zek|T*m|#[>[P]s1x[O]pA[d]#<53><STEAM_0:4:349445070><TERRORIST>" triggered "weaponstats" (weapon "glock18") (shots "17") (hits "6") (kills "0") (headshots "0") (tks "0") (damage "86") (deaths "0")
L 03/17/2015 - 22:42:20: "|Zek|T*m|#[>[P]s1x[O]pA[d]#<53><STEAM_0:4:349445070><TERRORIST>" triggered "weaponstats2" (weapon "glock18") (head "0") (chest "0") (stomach "0") (leftarm "4") (rightarm "2") (leftleg "0") (rightleg "0")
L 03/17/2015 - 22:42:20: "|Zek|T*m|#[>[P]s1x[O]pA[d]#<53><STEAM_0:4:349445070><TERRORIST>" triggered "weaponstats" (weapon "ak47") (shots "5") (hits "3") (kills "1") (headshots "0") (tks "0") (damage "99") (deaths "1")
L 03/17/2015 - 22:42:20: "|Zek|T*m|#[>[P]s1x[O]pA[d]#<53><STEAM_0:4:349445070><TERRORIST>" triggered "weaponstats2" (weapon "ak47") (head "0") (chest "1") (stomach "0") (leftarm "1") (rightarm "1") (leftleg "0") (rightleg "0")
L 03/17/2015 - 22:42:20: "|Zek|T*m|#[>[P]s1x[O]pA[d]#<53><STEAM_0:4:349445070><TERRORIST>" triggered "weaponstats" (weapon "knife") (shots "2") (hits "1") (kills "1") (headshots "0") (tks "0") (damage "65") (deaths "0")
L 03/17/2015 - 22:42:20: "|Zek|T*m|#[>[P]s1x[O]pA[d]#<53><STEAM_0:4:349445070><TERRORIST>" triggered "weaponstats2" (weapon "knife") (head "0") (chest "0") (stomach "0") (leftarm "0") (rightarm "0") (leftleg "0") (rightleg "0")
L 03/17/2015 - 22:42:20: "|Zek|T*m|#[>[P]s1x[O]pA[d]#<53><STEAM_0:4:349445070><TERRORIST>" triggered "time" (time "6:03")
L 03/17/2015 - 22:42:20: "|Zek|T*m|#[>[P]s1x[O]pA[d]#<53><STEAM_0:4:349445070><TERRORIST>" triggered "latency" (ping "38")
L 03/17/2015 - 22:42:20: "|Zek|T*m|#[>[P]s1x[O]pA[d]#<53><STEAM_0:4:349445070><TERRORIST>" disconnected
L 03/17/2015 - 22:42:20: World triggered "Round_Draw" (CT "1") (T "4")
L 03/17/2015 - 22:42:20: World triggered "Round_End"
L 03/17/2015 - 22:42:30: World triggered "Round_Start"
L 03/17/2015 - 22:45:04: Team "TERRORIST" triggered "Hostages_Not_Rescued" (CT "1") (T "5")
L 03/17/2015 - 22:45:04: World triggered "Round_End"
L 03/17/2015 - 22:45:14: World triggered "Round_Start"
L 03/17/2015 - 22:46:07: [META] ini: Begin re-reading plugins list: /home/extazy/Public/cstrike/addons/metamod/plugins.ini
L 03/17/2015 - 22:46:07: [META] ini: Read plugin config for: AMX Mod X
L 03/17/2015 - 22:46:07: [META] ini: Read plugin config for: dproto_EF
L 03/17/2015 - 22:46:07: [META] ini: Read plugin config for: VoiceTranscoder
L 03/17/2015 - 22:46:07: [META] ini: Finished reading plugins list: /home/extazy/Public/cstrike/addons/metamod/plugins.ini; Found 3 plugins
L 03/17/2015 - 22:46:07: [META] dll: Updating plugins...
L 03/17/2015 - 22:46:07: [META] dll: Finished updating 12 plugins; kept 3, loaded 0, unloaded 0, reloaded 0, delayed 0
L 03/17/2015 - 22:46:07: Log file closed
