L 03/17/2015 - 22:23:42: Log file started (file "logs/L0317062.log") (game "cstrike") (version "48/1.6.3.7/Stdio/5787")
L 03/17/2015 - 22:23:42: Loading map "aim_awp"
L 03/17/2015 - 22:23:42: Server cvars start
L 03/17/2015 - 22:23:42: Server cvar "_tutor_bomb_viewable_check_interval" = "0.5"
L 03/17/2015 - 22:23:42: Server cvar "_tutor_debug_level" = "0"
L 03/17/2015 - 22:23:42: Server cvar "_tutor_examine_time" = "0.5"
L 03/17/2015 - 22:23:42: Server cvar "_tutor_hint_interval_time" = "10.0"
L 03/17/2015 - 22:23:42: Server cvar "_tutor_look_angle" = "10"
L 03/17/2015 - 22:23:42: Server cvar "_tutor_look_distance" = "200"
L 03/17/2015 - 22:23:42: Server cvar "_tutor_message_character_display_time_coefficient" = "0.07"
L 03/17/2015 - 22:23:42: Server cvar "_tutor_message_minimum_display_time" = "1"
L 03/17/2015 - 22:23:42: Server cvar "_tutor_message_repeats" = "5"
L 03/17/2015 - 22:23:42: Server cvar "_tutor_view_distance" = "1000"
L 03/17/2015 - 22:23:42: Server cvar "aesp_version" = "1.5b_mini"
L 03/17/2015 - 22:23:42: Server cvar "allow_spectators" = "4"
L 03/17/2015 - 22:23:42: Server cvar "amx_client_languages" = "0"
L 03/17/2015 - 22:23:42: Server cvar "amx_contactinfo" = "ICQ: 691322983"
L 03/17/2015 - 22:23:42: Server cvar "amx_language" = "ru"
L 03/17/2015 - 22:23:42: Server cvar "amx_nextmap" = "aim_awp"
L 03/17/2015 - 22:23:42: Server cvar "amx_timeleft" = "00:00"
L 03/17/2015 - 22:23:42: Server cvar "amxbans_ssversion" = "Gm 1.6"
L 03/17/2015 - 22:23:42: Server cvar "amxbans_version" = "Gm 1.6"
L 03/17/2015 - 22:23:42: Server cvar "amxmodx_version" = "1.8.1.3746"
L 03/17/2015 - 22:23:42: Server cvar "Colored Translit Cheat" = "Loaded"
L 03/17/2015 - 22:23:42: Server cvar "Colored Translit Config" = "Loaded"
L 03/17/2015 - 22:23:42: Server cvar "Colored Translit Ignores" = "Loaded"
L 03/17/2015 - 22:23:42: Server cvar "Colored Translit Replace" = "Failed"
L 03/17/2015 - 22:23:42: Server cvar "Colored Translit Spam" = "Loaded"
L 03/17/2015 - 22:23:42: Server cvar "Colored Translit Status" = "Loaded"
L 03/17/2015 - 22:23:42: Server cvar "Colored Translit Swear" = "Loaded"
L 03/17/2015 - 22:23:42: Server cvar "Colored Translit Version" = "2.0b Final"
L 03/17/2015 - 22:23:42: Server cvar "coop" = "0"
L 03/17/2015 - 22:23:42: Server cvar "deathmatch" = "1"
L 03/17/2015 - 22:23:42: Server cvar "decalfrequency" = "9"
L 03/17/2015 - 22:23:42: Server cvar "dp_version" = "0.9.391"
L 03/17/2015 - 22:23:42: Server cvar "edgefriction" = "2"
L 03/17/2015 - 22:23:42: Server cvar "hostage_debug" = "0"
L 03/17/2015 - 22:23:42: Server cvar "hostage_stop" = "0"
L 03/17/2015 - 22:23:42: Server cvar "humans_join_team" = "any"
L 03/17/2015 - 22:23:42: Server cvar "jtp10181" = "chute"
L 03/17/2015 - 22:23:42: Server cvar "max_queries_sec" = "3.0"
L 03/17/2015 - 22:23:42: Server cvar "max_queries_sec_global" = "30"
L 03/17/2015 - 22:23:42: Server cvar "max_queries_window" = "60"
L 03/17/2015 - 22:23:42: Server cvar "metamod_version" = "1.19"
L 03/17/2015 - 22:23:42: Server cvar "mp_allowmonsters" = "0"
L 03/17/2015 - 22:23:42: Server cvar "mp_autokick" = "1"
L 03/17/2015 - 22:23:42: Server cvar "mp_autoteambalance" = "1"
L 03/17/2015 - 22:23:42: Server cvar "mp_buytime" = "1.5"
L 03/17/2015 - 22:23:42: Server cvar "mp_c4timer" = "35"
L 03/17/2015 - 22:23:42: Server cvar "mp_chattime" = "1"
L 03/17/2015 - 22:23:42: Server cvar "mp_consistency" = "1"
L 03/17/2015 - 22:23:42: Server cvar "mp_fadetoblack" = "0"
L 03/17/2015 - 22:23:42: Server cvar "mp_flashlight" = "1"
L 03/17/2015 - 22:23:42: Server cvar "mp_footsteps" = "1"
L 03/17/2015 - 22:23:42: Server cvar "mp_forcecamera" = "0"
L 03/17/2015 - 22:23:42: Server cvar "mp_forcechasecam" = "0"
L 03/17/2015 - 22:23:42: Server cvar "mp_fragsleft" = "0"
L 03/17/2015 - 22:23:42: Server cvar "mp_freezetime" = "5"
L 03/17/2015 - 22:23:42: Server cvar "mp_friendlyfire" = "0"
L 03/17/2015 - 22:23:42: Server cvar "mp_ghostfrequency" = "0.1"
L 03/17/2015 - 22:23:42: Server cvar "mp_hostagepenalty" = "0"
L 03/17/2015 - 22:23:42: Server cvar "mp_kickpercent" = "0.66"
L 03/17/2015 - 22:23:42: Server cvar "mp_limitteams" = "5"
L 03/17/2015 - 22:23:42: Server cvar "mp_logdetail" = "3"
L 03/17/2015 - 22:23:42: Server cvar "mp_logfile" = "1"
L 03/17/2015 - 22:23:42: Server cvar "mp_logmessages" = "1"
L 03/17/2015 - 22:23:42: Server cvar "mp_mapvoteratio" = "0.66"
L 03/17/2015 - 22:23:42: Server cvar "mp_maxrounds" = "0"
L 03/17/2015 - 22:23:42: Server cvar "mp_mirrordamage" = "0"
L 03/17/2015 - 22:23:42: Server cvar "mp_playerid" = "0"
L 03/17/2015 - 22:23:42: Server cvar "mp_roundtime" = "2.57"
L 03/17/2015 - 22:23:42: Server cvar "mp_startmoney" = "800"
L 03/17/2015 - 22:23:42: Server cvar "mp_timeleft" = "0"
L 03/17/2015 - 22:23:42: Server cvar "mp_timelimit" = "30.000000"
L 03/17/2015 - 22:23:42: Server cvar "mp_tkpunish" = "1"
L 03/17/2015 - 22:23:42: Server cvar "mp_windifference" = "1"
L 03/17/2015 - 22:23:42: Server cvar "mp_winlimit" = "0"
L 03/17/2015 - 22:23:42: Server cvar "pausable" = "0"
L 03/17/2015 - 22:23:42: Server cvar "sv_accelerate" = "5"
L 03/17/2015 - 22:23:42: Server cvar "sv_aim" = "0"
L 03/17/2015 - 22:23:42: Server cvar "sv_airaccelerate" = "10"
L 03/17/2015 - 22:23:42: Server cvar "sv_airmove" = "1"
L 03/17/2015 - 22:23:42: Server cvar "sv_allowupload" = "1"
L 03/17/2015 - 22:23:42: Server cvar "sv_alltalk" = "0"
L 03/17/2015 - 22:23:42: Server cvar "sv_bounce" = "1"
L 03/17/2015 - 22:23:42: Server cvar "sv_cheats" = "0"
L 03/17/2015 - 22:23:42: Server cvar "sv_clienttrace" = "1"
L 03/17/2015 - 22:23:42: Server cvar "sv_clipmode" = "0"
L 03/17/2015 - 22:23:42: Server cvar "sv_contact" = ""
L 03/17/2015 - 22:23:42: Server cvar "sv_friction" = "4"
L 03/17/2015 - 22:23:42: Server cvar "sv_gravity" = "800"
L 03/17/2015 - 22:23:42: Server cvar "sv_logblocks" = "0"
L 03/17/2015 - 22:23:42: Server cvar "sv_maxrate" = "50000"
L 03/17/2015 - 22:23:42: Server cvar "sv_maxspeed" = "900"
L 03/17/2015 - 22:23:42: Server cvar "sv_minrate" = "100000"
L 03/17/2015 - 22:23:42: Server cvar "sv_password" = ""
L 03/17/2015 - 22:23:42: Server cvar "sv_proxies" = "0"
L 03/17/2015 - 22:23:42: Server cvar "sv_region" = "255"
L 03/17/2015 - 22:23:42: Server cvar "sv_restart" = "0"
L 03/17/2015 - 22:23:42: Server cvar "sv_restartround" = "0"
L 03/17/2015 - 22:23:42: Server cvar "sv_stepsize" = "18"
L 03/17/2015 - 22:23:42: Server cvar "sv_stopspeed" = "75"
L 03/17/2015 - 22:23:42: Server cvar "sv_uploadmax" = "0.5"
L 03/17/2015 - 22:23:42: Server cvar "sv_voiceenable" = "1"
L 03/17/2015 - 22:23:42: Server cvar "sv_wateraccelerate" = "10"
L 03/17/2015 - 22:23:42: Server cvar "sv_waterfriction" = "1"
L 03/17/2015 - 22:23:42: Server cvar "vtc_version" = "80"
L 03/17/2015 - 22:23:42: Server cvars end
L 03/17/2015 - 22:23:43: Server cvar "amx_nextmap" = "awp_india"
L 03/17/2015 - 22:23:43: Server cvar "sv_restart" = "1"
L 03/17/2015 - 22:23:43: World triggered "Restart_Round_(1_second)"
L 03/17/2015 - 22:23:43: Team "CT" scored "0" with "0" players
L 03/17/2015 - 22:23:43: Team "TERRORIST" scored "0" with "0" players
L 03/17/2015 - 22:23:43: Server cvar "sv_restart" = "0"
L 03/17/2015 - 22:23:43: Started map "aim_awp" (CRC "313702955")
L 03/17/2015 - 22:23:43: [VTC] Player 1 speex
L 03/17/2015 - 22:23:43: [VTC] Player 3 speex
L 03/17/2015 - 22:23:43: [VTC] Player 5 speex
L 03/17/2015 - 22:23:43: [VTC] Player 6 speex
L 03/17/2015 - 22:23:43: [VTC] Player 8 speex
L 03/17/2015 - 22:23:43: [VTC] Player 4 speex
L 03/17/2015 - 22:23:45: [DPROTO]: Client 7 - Set AuthIdType 3 [dp_RevEmu]; pClient = 0xb39797b4
L 03/17/2015 - 22:23:45: "[Easy_Skill]_LoL#3<50><STEAM_0:4:1747046021><>" connected, address "178.127.31.121:27005"
L 03/17/2015 - 22:23:45: [VTC] Player 8 speex
L 03/17/2015 - 22:23:46: "RoJleM ;)<48><STEAM_0:4:520408453><>" entered the game
L 03/17/2015 - 22:23:46: [DPROTO]: Client 2 - Set AuthIdType 1 [dp_SteamEmu]; pClient = 0xb3960cf0
L 03/17/2015 - 22:23:46: "Tolstopuz<51><STEAM_0:0:622962821><>" connected, address "178.120.194.65:9613"
L 03/17/2015 - 22:23:46: [VTC] Player 3 speex
L 03/17/2015 - 22:23:47: "[Easy_Skill]_Faza#1<7><STEAM_0:0:969824236><>" entered the game
L 03/17/2015 - 22:23:47: "Buka<36><STEAM_0:4:855526789><>" entered the game
L 03/17/2015 - 22:23:48: [DPROTO]: Client 5 - Set AuthIdType 3 [dp_RevEmu]; pClient = 0xb396f9cc
L 03/17/2015 - 22:23:48: "Radion#<52><STEAM_0:4:786189573><>" connected, address "178.120.228.244:25039"
L 03/17/2015 - 22:23:48: [VTC] Player 6 speex
L 03/17/2015 - 22:23:48: World triggered "Round_Start"
L 03/17/2015 - 22:23:48: "[Easy_Skill]_Faza#1<7><STEAM_0:0:969824236><>" joined team "CT"
L 03/17/2015 - 22:23:49: "[Easy_Skill]_LoL#3<50><STEAM_0:4:1747046021><>" entered the game
L 03/17/2015 - 22:23:49: "Buka<36><STEAM_0:4:855526789><>" joined team "CT"
L 03/17/2015 - 22:23:50: "Tolstopuz<51><STEAM_0:0:622962821><>" entered the game
L 03/17/2015 - 22:23:51: "RoJleM ;)<48><STEAM_0:4:520408453><>" joined team "CT"
L 03/17/2015 - 22:23:53: [DPROTO]: Client 6 - Set AuthIdType 3 [dp_RevEmu]; pClient = 0xb39748c0
L 03/17/2015 - 22:23:53: "|Zek|T*m|#[>[P]s1x[O]pA[d]#<53><STEAM_0:4:349445070><>" connected, address "37.213.244.128:11674"
L 03/17/2015 - 22:23:54: "Tolstopuz<51><STEAM_0:0:622962821><>" joined team "TERRORIST"
L 03/17/2015 - 22:23:55: World triggered "Game_Commencing"
L 03/17/2015 - 22:23:55: World triggered "Game_Commencing" (CT "0") (T "0")
L 03/17/2015 - 22:23:55: World triggered "Round_End"
L 03/17/2015 - 22:24:03: World triggered "Round_Start"
L 03/17/2015 - 22:24:03: "|Zek|T*m|#[>[P]s1x[O]pA[d]#<53><STEAM_0:4:349445070><>" entered the game
L 03/17/2015 - 22:24:12: "|Zek|T*m|#[>[P]s1x[O]pA[d]#<53><STEAM_0:4:349445070><>" joined team "TERRORIST"
L 03/17/2015 - 22:24:12: "RoJleM ;)<48><STEAM_0:4:520408453><CT>" attacked "Tolstopuz<51><STEAM_0:0:622962821><TERRORIST>" with "awp" (damage "112") (damage_armor "0") (health "-12") (armor "0")
L 03/17/2015 - 22:24:12: "RoJleM ;)<48><STEAM_0:4:520408453><CT>" killed "Tolstopuz<51><STEAM_0:0:622962821><TERRORIST>" with "awp"
L 03/17/2015 - 22:24:12: [DPROTO]: Client 5 - Set AuthIdType 3 [dp_RevEmu]; pClient = 0xb396f9cc
L 03/17/2015 - 22:24:12: "Radion#<54><STEAM_0:4:786189573><>" connected, address "178.120.228.244:25039"
L 03/17/2015 - 22:24:13: [VTC] Player 6 speex
L 03/17/2015 - 22:24:16: "[Easy_Skill]_LoL#3<50><STEAM_0:4:1747046021><>" joined team "CT"
L 03/17/2015 - 22:24:24: "|Zek|T*m|#[>[P]s1x[O]pA[d]#<53><STEAM_0:4:349445070><TERRORIST>" attacked "RoJleM ;)<48><STEAM_0:4:520408453><CT>" with "awp" (damage "140") (damage_armor "0") (health "-40") (armor "0")
L 03/17/2015 - 22:24:24: "|Zek|T*m|#[>[P]s1x[O]pA[d]#<53><STEAM_0:4:349445070><TERRORIST>" killed "RoJleM ;)<48><STEAM_0:4:520408453><CT>" with "awp"
L 03/17/2015 - 22:24:45: "Buka<36><STEAM_0:4:855526789><CT>" attacked "|Zek|T*m|#[>[P]s1x[O]pA[d]#<53><STEAM_0:4:349445070><TERRORIST>" with "awp" (damage "112") (damage_armor "0") (health "-12") (armor "0")
L 03/17/2015 - 22:24:45: "Buka<36><STEAM_0:4:855526789><CT>" killed "|Zek|T*m|#[>[P]s1x[O]pA[d]#<53><STEAM_0:4:349445070><TERRORIST>" with "awp"
L 03/17/2015 - 22:24:45: Team "CT" triggered "CTs_Win" (CT "1") (T "0")
L 03/17/2015 - 22:24:45: World triggered "Round_End"
L 03/17/2015 - 22:24:50: "[Easy_Skill]_LoL#3<50><STEAM_0:4:1747046021><CT>" joined team "TERRORIST" (auto)
L 03/17/2015 - 22:24:55: World triggered "Round_Start"
L 03/17/2015 - 22:24:55: "[Easy_Skill]_Faza#1<7><STEAM_0:0:969824236><CT>" attacked "Tolstopuz<51><STEAM_0:0:622962821><TERRORIST>" with "awp" (damage "110") (damage_armor "0") (health "-10") (armor "0")
L 03/17/2015 - 22:24:55: "[Easy_Skill]_Faza#1<7><STEAM_0:0:969824236><CT>" killed "Tolstopuz<51><STEAM_0:0:622962821><TERRORIST>" with "awp"
L 03/17/2015 - 22:25:02: "[Easy_Skill]_Faza#1<7><STEAM_0:0:969824236><CT>" attacked "|Zek|T*m|#[>[P]s1x[O]pA[d]#<53><STEAM_0:4:349445070><TERRORIST>" with "awp" (damage "110") (damage_armor "0") (health "-10") (armor "0")
L 03/17/2015 - 22:25:02: "[Easy_Skill]_Faza#1<7><STEAM_0:0:969824236><CT>" killed "|Zek|T*m|#[>[P]s1x[O]pA[d]#<53><STEAM_0:4:349445070><TERRORIST>" with "awp"
L 03/17/2015 - 22:25:11: "[Easy_Skill]_LoL#3<50><STEAM_0:4:1747046021><TERRORIST>" attacked "RoJleM ;)<48><STEAM_0:4:520408453><CT>" with "awp" (damage "111") (damage_armor "0") (health "-11") (armor "0")
L 03/17/2015 - 22:25:11: "[Easy_Skill]_LoL#3<50><STEAM_0:4:1747046021><TERRORIST>" killed "RoJleM ;)<48><STEAM_0:4:520408453><CT>" with "awp"
L 03/17/2015 - 22:25:13: "Buka<36><STEAM_0:4:855526789><CT>" attacked "[Easy_Skill]_LoL#3<50><STEAM_0:4:1747046021><TERRORIST>" with "awp" (damage "113") (damage_armor "0") (health "-13") (armor "0")
L 03/17/2015 - 22:25:13: "Buka<36><STEAM_0:4:855526789><CT>" killed "[Easy_Skill]_LoL#3<50><STEAM_0:4:1747046021><TERRORIST>" with "awp"
L 03/17/2015 - 22:25:13: Team "CT" triggered "CTs_Win" (CT "2") (T "0")
L 03/17/2015 - 22:25:13: World triggered "Round_End"
L 03/17/2015 - 22:25:23: World triggered "Round_Start"
L 03/17/2015 - 22:25:23: "[Easy_Skill]_Faza#1<7><STEAM_0:0:969824236><CT>" attacked "|Zek|T*m|#[>[P]s1x[O]pA[d]#<53><STEAM_0:4:349445070><TERRORIST>" with "awp" (damage "111") (damage_armor "0") (health "-11") (armor "0")
L 03/17/2015 - 22:25:23: "[Easy_Skill]_Faza#1<7><STEAM_0:0:969824236><CT>" killed "|Zek|T*m|#[>[P]s1x[O]pA[d]#<53><STEAM_0:4:349445070><TERRORIST>" with "awp"
L 03/17/2015 - 22:25:28: "[Easy_Skill]_Faza#1<7><STEAM_0:0:969824236><CT>" attacked "[Easy_Skill]_LoL#3<50><STEAM_0:4:1747046021><TERRORIST>" with "awp" (damage "111") (damage_armor "0") (health "-11") (armor "0")
L 03/17/2015 - 22:25:28: "[Easy_Skill]_Faza#1<7><STEAM_0:0:969824236><CT>" killed "[Easy_Skill]_LoL#3<50><STEAM_0:4:1747046021><TERRORIST>" with "awp"
L 03/17/2015 - 22:25:39: "Tolstopuz<51><STEAM_0:0:622962821><TERRORIST>" attacked "[Easy_Skill]_Faza#1<7><STEAM_0:0:969824236><CT>" with "awp" (damage "114") (damage_armor "0") (health "-14") (armor "0")
L 03/17/2015 - 22:25:39: "Tolstopuz<51><STEAM_0:0:622962821><TERRORIST>" killed "[Easy_Skill]_Faza#1<7><STEAM_0:0:969824236><CT>" with "awp"
L 03/17/2015 - 22:25:46: "Tolstopuz<51><STEAM_0:0:622962821><TERRORIST>" attacked "Buka<36><STEAM_0:4:855526789><CT>" with "awp" (damage "111") (damage_armor "0") (health "-11") (armor "0")
L 03/17/2015 - 22:25:46: "Tolstopuz<51><STEAM_0:0:622962821><TERRORIST>" killed "Buka<36><STEAM_0:4:855526789><CT>" with "awp"
L 03/17/2015 - 22:25:55: "Tolstopuz<51><STEAM_0:0:622962821><TERRORIST>" attacked "RoJleM ;)<48><STEAM_0:4:520408453><CT>" with "awp" (damage "112") (damage_armor "0") (health "-12") (armor "0")
L 03/17/2015 - 22:25:55: "Tolstopuz<51><STEAM_0:0:622962821><TERRORIST>" killed "RoJleM ;)<48><STEAM_0:4:520408453><CT>" with "awp"
L 03/17/2015 - 22:25:55: Team "TERRORIST" triggered "Terrorists_Win" (CT "2") (T "1")
L 03/17/2015 - 22:25:55: World triggered "Round_End"
L 03/17/2015 - 22:26:05: World triggered "Round_Start"
L 03/17/2015 - 22:26:09: "Tolstopuz<51><STEAM_0:0:622962821><TERRORIST>" attacked "RoJleM ;)<48><STEAM_0:4:520408453><CT>" with "awp" (damage "111") (damage_armor "0") (health "-11") (armor "0")
L 03/17/2015 - 22:26:09: "Tolstopuz<51><STEAM_0:0:622962821><TERRORIST>" killed "RoJleM ;)<48><STEAM_0:4:520408453><CT>" with "awp"
L 03/17/2015 - 22:26:15: "Tolstopuz<51><STEAM_0:0:622962821><TERRORIST>" attacked "Buka<36><STEAM_0:4:855526789><CT>" with "awp" (damage "103") (damage_armor "0") (health "-3") (armor "0")
L 03/17/2015 - 22:26:15: "Tolstopuz<51><STEAM_0:0:622962821><TERRORIST>" killed "Buka<36><STEAM_0:4:855526789><CT>" with "awp"
L 03/17/2015 - 22:26:20: "Buka<36><STEAM_0:4:855526789><CT>" triggered "weaponstats" (weapon "awp") (shots "4") (hits "2") (kills "2") (headshots "0") (tks "0") (damage "225") (deaths "2")
L 03/17/2015 - 22:26:20: "Buka<36><STEAM_0:4:855526789><CT>" triggered "weaponstats2" (weapon "awp") (head "0") (chest "0") (stomach "0") (leftarm "2") (rightarm "0") (leftleg "0") (rightleg "0")
L 03/17/2015 - 22:26:20: "Buka<36><STEAM_0:4:855526789><CT>" triggered "time" (time "2:32")
L 03/17/2015 - 22:26:20: "Buka<36><STEAM_0:4:855526789><CT>" triggered "latency" (ping "46")
L 03/17/2015 - 22:26:20: "Buka<36><STEAM_0:4:855526789><CT>" disconnected
L 03/17/2015 - 22:26:21: "|Zek|T*m|#[>[P]s1x[O]pA[d]#<53><STEAM_0:4:349445070><TERRORIST>" committed suicide with "worldspawn" (world)
L 03/17/2015 - 22:26:31: "RoJleM ;)<48><STEAM_0:4:520408453><CT>" triggered "weaponstats" (weapon "usp") (shots "1") (hits "0") (kills "0") (headshots "0") (tks "0") (damage "0") (deaths "0")
L 03/17/2015 - 22:26:31: "RoJleM ;)<48><STEAM_0:4:520408453><CT>" triggered "weaponstats2" (weapon "usp") (head "0") (chest "0") (stomach "0") (leftarm "0") (rightarm "0") (leftleg "0") (rightleg "0")
L 03/17/2015 - 22:26:31: "RoJleM ;)<48><STEAM_0:4:520408453><CT>" triggered "weaponstats" (weapon "awp") (shots "14") (hits "1") (kills "1") (headshots "0") (tks "0") (damage "112") (deaths "4")
L 03/17/2015 - 22:26:31: "RoJleM ;)<48><STEAM_0:4:520408453><CT>" triggered "weaponstats2" (weapon "awp") (head "0") (chest "0") (stomach "0") (leftarm "1") (rightarm "0") (leftleg "0") (rightleg "0")
L 03/17/2015 - 22:26:31: "RoJleM ;)<48><STEAM_0:4:520408453><CT>" triggered "time" (time "2:44")
L 03/17/2015 - 22:26:31: "RoJleM ;)<48><STEAM_0:4:520408453><CT>" triggered "latency" (ping "45")
L 03/17/2015 - 22:26:31: "RoJleM ;)<48><STEAM_0:4:520408453><CT>" disconnected
L 03/17/2015 - 22:26:31: "[Easy_Skill]_LoL#3<50><STEAM_0:4:1747046021><TERRORIST>" committed suicide with "worldspawn" (world)
L 03/17/2015 - 22:26:36: "Tolstopuz<51><STEAM_0:0:622962821><TERRORIST>" attacked "[Easy_Skill]_Faza#1<7><STEAM_0:0:969824236><CT>" with "glock18" (damage "28") (damage_armor "0") (health "9") (armor "0")
L 03/17/2015 - 22:26:36: "Tolstopuz<51><STEAM_0:0:622962821><TERRORIST>" attacked "[Easy_Skill]_Faza#1<7><STEAM_0:0:969824236><CT>" with "glock18" (damage "24") (damage_armor "0") (health "-15") (armor "0")
L 03/17/2015 - 22:26:36: "Tolstopuz<51><STEAM_0:0:622962821><TERRORIST>" killed "[Easy_Skill]_Faza#1<7><STEAM_0:0:969824236><CT>" with "glock18"
L 03/17/2015 - 22:26:37: Team "TERRORIST" triggered "Terrorists_Win" (CT "2") (T "2")
L 03/17/2015 - 22:26:37: World triggered "Round_End"
L 03/17/2015 - 22:26:47: World triggered "Round_Start"
L 03/17/2015 - 22:26:47: "Tolstopuz<51><STEAM_0:0:622962821><TERRORIST>" attacked "[Easy_Skill]_Faza#1<7><STEAM_0:0:969824236><CT>" with "awp" (damage "111") (damage_armor "0") (health "-11") (armor "0")
L 03/17/2015 - 22:26:47: "Tolstopuz<51><STEAM_0:0:622962821><TERRORIST>" killed "[Easy_Skill]_Faza#1<7><STEAM_0:0:969824236><CT>" with "awp"
L 03/17/2015 - 22:26:47: Team "TERRORIST" triggered "Terrorists_Win" (CT "2") (T "3")
L 03/17/2015 - 22:26:47: World triggered "Round_End"
L 03/17/2015 - 22:26:49: "|Zek|T*m|#[>[P]s1x[O]pA[d]#<53><STEAM_0:4:349445070><TERRORIST>" committed suicide with "world"
L 03/17/2015 - 22:26:49: "|Zek|T*m|#[>[P]s1x[O]pA[d]#<53><STEAM_0:4:349445070><TERRORIST>" joined team "CT"
L 03/17/2015 - 22:26:57: World triggered "Round_Start"
L 03/17/2015 - 22:26:57: "|Zek|T*m|#[>[P]s1x[O]pA[d]#<53><STEAM_0:4:349445070><CT>" attacked "Tolstopuz<51><STEAM_0:0:622962821><TERRORIST>" with "awp" (damage "440") (damage_armor "0") (health "-340") (armor "0")
L 03/17/2015 - 22:26:57: "|Zek|T*m|#[>[P]s1x[O]pA[d]#<53><STEAM_0:4:349445070><CT>" killed "Tolstopuz<51><STEAM_0:0:622962821><TERRORIST>" with "awp"
L 03/17/2015 - 22:26:59: "[Easy_Skill]_LoL#3<50><STEAM_0:4:1747046021><TERRORIST>" attacked "[Easy_Skill]_Faza#1<7><STEAM_0:0:969824236><CT>" with "awp" (damage "112") (damage_armor "0") (health "-12") (armor "0")
L 03/17/2015 - 22:26:59: "[Easy_Skill]_LoL#3<50><STEAM_0:4:1747046021><TERRORIST>" killed "[Easy_Skill]_Faza#1<7><STEAM_0:0:969824236><CT>" with "awp"
L 03/17/2015 - 22:27:46: "|Zek|T*m|#[>[P]s1x[O]pA[d]#<53><STEAM_0:4:349445070><CT>" attacked "[Easy_Skill]_LoL#3<50><STEAM_0:4:1747046021><TERRORIST>" with "awp" (damage "112") (damage_armor "0") (health "-12") (armor "0")
L 03/17/2015 - 22:27:46: "|Zek|T*m|#[>[P]s1x[O]pA[d]#<53><STEAM_0:4:349445070><CT>" killed "[Easy_Skill]_LoL#3<50><STEAM_0:4:1747046021><TERRORIST>" with "awp"
L 03/17/2015 - 22:27:46: Team "CT" triggered "CTs_Win" (CT "3") (T "3")
L 03/17/2015 - 22:27:46: World triggered "Round_End"
L 03/17/2015 - 22:27:56: World triggered "Round_Start"
L 03/17/2015 - 22:28:04: "Tolstopuz<51><STEAM_0:0:622962821><TERRORIST>" attacked "[Easy_Skill]_Faza#1<7><STEAM_0:0:969824236><CT>" with "awp" (damage "140") (damage_armor "0") (health "-40") (armor "0")
L 03/17/2015 - 22:28:04: "Tolstopuz<51><STEAM_0:0:622962821><TERRORIST>" killed "[Easy_Skill]_Faza#1<7><STEAM_0:0:969824236><CT>" with "awp"
L 03/17/2015 - 22:28:04: "Tolstopuz<51><STEAM_0:0:622962821><TERRORIST>" attacked "|Zek|T*m|#[>[P]s1x[O]pA[d]#<53><STEAM_0:4:349445070><CT>" with "awp" (damage "62") (damage_armor "0") (health "38") (armor "0")
L 03/17/2015 - 22:28:04: "|Zek|T*m|#[>[P]s1x[O]pA[d]#<53><STEAM_0:4:349445070><CT>" attacked "Tolstopuz<51><STEAM_0:0:622962821><TERRORIST>" with "awp" (damage "112") (damage_armor "0") (health "-12") (armor "0")
L 03/17/2015 - 22:28:04: "|Zek|T*m|#[>[P]s1x[O]pA[d]#<53><STEAM_0:4:349445070><CT>" killed "Tolstopuz<51><STEAM_0:0:622962821><TERRORIST>" with "awp"
L 03/17/2015 - 22:28:04: "|Zek|T*m|#[>[P]s1x[O]pA[d]#<53><STEAM_0:4:349445070><CT>" attacked "[Easy_Skill]_LoL#3<50><STEAM_0:4:1747046021><TERRORIST>" with "awp" (damage "83") (damage_armor "0") (health "17") (armor "0")
L 03/17/2015 - 22:28:07: "|Zek|T*m|#[>[P]s1x[O]pA[d]#<53><STEAM_0:4:349445070><CT>" attacked "[Easy_Skill]_LoL#3<50><STEAM_0:4:1747046021><TERRORIST>" with "awp" (damage "140") (damage_armor "0") (health "-123") (armor "0")
L 03/17/2015 - 22:28:07: "|Zek|T*m|#[>[P]s1x[O]pA[d]#<53><STEAM_0:4:349445070><CT>" killed "[Easy_Skill]_LoL#3<50><STEAM_0:4:1747046021><TERRORIST>" with "awp"
L 03/17/2015 - 22:28:07: Team "CT" triggered "CTs_Win" (CT "4") (T "3")
L 03/17/2015 - 22:28:07: World triggered "Round_End"
L 03/17/2015 - 22:28:11: "[Easy_Skill]_LoL#3<50><STEAM_0:4:1747046021><TERRORIST>" triggered "weaponstats" (weapon "awp") (shots "15") (hits "2") (kills "2") (headshots "0") (tks "0") (damage "223") (deaths "4")
L 03/17/2015 - 22:28:11: "[Easy_Skill]_LoL#3<50><STEAM_0:4:1747046021><TERRORIST>" triggered "weaponstats2" (weapon "awp") (head "0") (chest "1") (stomach "0") (leftarm "0") (rightarm "1") (leftleg "0") (rightleg "0")
L 03/17/2015 - 22:28:11: "[Easy_Skill]_LoL#3<50><STEAM_0:4:1747046021><TERRORIST>" triggered "time" (time "4:21")
L 03/17/2015 - 22:28:11: "[Easy_Skill]_LoL#3<50><STEAM_0:4:1747046021><TERRORIST>" triggered "latency" (ping "36")
L 03/17/2015 - 22:28:11: "[Easy_Skill]_LoL#3<50><STEAM_0:4:1747046021><TERRORIST>" disconnected
L 03/17/2015 - 22:28:17: World triggered "Round_Start"
L 03/17/2015 - 22:28:20: "Tolstopuz<51><STEAM_0:0:622962821><TERRORIST>" attacked "[Easy_Skill]_Faza#1<7><STEAM_0:0:969824236><CT>" with "awp" (damage "138") (damage_armor "0") (health "-38") (armor "0")
L 03/17/2015 - 22:28:20: "Tolstopuz<51><STEAM_0:0:622962821><TERRORIST>" killed "[Easy_Skill]_Faza#1<7><STEAM_0:0:969824236><CT>" with "awp"
L 03/17/2015 - 22:28:22: "[Easy_Skill]_Faza#1<7><STEAM_0:0:969824236><CT>" triggered "weaponstats" (weapon "usp") (shots "14") (hits "0") (kills "0") (headshots "0") (tks "0") (damage "0") (deaths "1")
L 03/17/2015 - 22:28:22: "[Easy_Skill]_Faza#1<7><STEAM_0:0:969824236><CT>" triggered "weaponstats2" (weapon "usp") (head "0") (chest "0") (stomach "0") (leftarm "0") (rightarm "0") (leftleg "0") (rightleg "0")
L 03/17/2015 - 22:28:22: "[Easy_Skill]_Faza#1<7><STEAM_0:0:969824236><CT>" triggered "weaponstats" (weapon "awp") (shots "15") (hits "4") (kills "4") (headshots "0") (tks "0") (damage "442") (deaths "5")
L 03/17/2015 - 22:28:22: "[Easy_Skill]_Faza#1<7><STEAM_0:0:969824236><CT>" triggered "weaponstats2" (weapon "awp") (head "0") (chest "1") (stomach "0") (leftarm "2") (rightarm "1") (leftleg "0") (rightleg "0")
L 03/17/2015 - 22:28:22: "[Easy_Skill]_Faza#1<7><STEAM_0:0:969824236><CT>" triggered "weaponstats" (weapon "knife") (shots "11") (hits "0") (kills "0") (headshots "0") (tks "0") (damage "0") (deaths "0")
L 03/17/2015 - 22:28:22: "[Easy_Skill]_Faza#1<7><STEAM_0:0:969824236><CT>" triggered "weaponstats2" (weapon "knife") (head "0") (chest "0") (stomach "0") (leftarm "0") (rightarm "0") (leftleg "0") (rightleg "0")
L 03/17/2015 - 22:28:22: "[Easy_Skill]_Faza#1<7><STEAM_0:0:969824236><CT>" triggered "time" (time "4:35")
L 03/17/2015 - 22:28:22: "[Easy_Skill]_Faza#1<7><STEAM_0:0:969824236><CT>" triggered "latency" (ping "17")
L 03/17/2015 - 22:28:22: "[Easy_Skill]_Faza#1<7><STEAM_0:0:969824236><CT>" disconnected
L 03/17/2015 - 22:28:26: "Tolstopuz<51><STEAM_0:0:622962821><TERRORIST>" attacked "|Zek|T*m|#[>[P]s1x[O]pA[d]#<53><STEAM_0:4:349445070><CT>" with "awp" (damage "112") (damage_armor "0") (health "-12") (armor "0")
L 03/17/2015 - 22:28:26: "Tolstopuz<51><STEAM_0:0:622962821><TERRORIST>" killed "|Zek|T*m|#[>[P]s1x[O]pA[d]#<53><STEAM_0:4:349445070><CT>" with "awp"
L 03/17/2015 - 22:28:26: Team "TERRORIST" triggered "Terrorists_Win" (CT "4") (T "4")
L 03/17/2015 - 22:28:26: World triggered "Round_End"
L 03/17/2015 - 22:28:36: World triggered "Round_Start"
L 03/17/2015 - 22:28:52: "Tolstopuz<51><STEAM_0:0:622962821><TERRORIST>" attacked "|Zek|T*m|#[>[P]s1x[O]pA[d]#<53><STEAM_0:4:349445070><CT>" with "awp" (damage "444") (damage_armor "0") (health "-344") (armor "0")
L 03/17/2015 - 22:28:52: "Tolstopuz<51><STEAM_0:0:622962821><TERRORIST>" killed "|Zek|T*m|#[>[P]s1x[O]pA[d]#<53><STEAM_0:4:349445070><CT>" with "awp"
L 03/17/2015 - 22:28:52: Team "TERRORIST" triggered "Terrorists_Win" (CT "4") (T "5")
L 03/17/2015 - 22:28:52: World triggered "Round_End"
L 03/17/2015 - 22:29:02: World triggered "Round_Start"
L 03/17/2015 - 22:29:22: "Tolstopuz<51><STEAM_0:0:622962821><TERRORIST>" attacked "|Zek|T*m|#[>[P]s1x[O]pA[d]#<53><STEAM_0:4:349445070><CT>" with "glock18" (damage "10") (damage_armor "0") (health "90") (armor "0")
L 03/17/2015 - 22:29:23: "Tolstopuz<51><STEAM_0:0:622962821><TERRORIST>" attacked "|Zek|T*m|#[>[P]s1x[O]pA[d]#<53><STEAM_0:4:349445070><CT>" with "glock18" (damage "14") (damage_armor "0") (health "76") (armor "0")
L 03/17/2015 - 22:29:23: "Tolstopuz<51><STEAM_0:0:622962821><TERRORIST>" attacked "|Zek|T*m|#[>[P]s1x[O]pA[d]#<53><STEAM_0:4:349445070><CT>" with "glock18" (damage "10") (damage_armor "0") (health "66") (armor "0")
L 03/17/2015 - 22:29:24: "Tolstopuz<51><STEAM_0:0:622962821><TERRORIST>" attacked "|Zek|T*m|#[>[P]s1x[O]pA[d]#<53><STEAM_0:4:349445070><CT>" with "glock18" (damage "14") (damage_armor "0") (health "52") (armor "0")
L 03/17/2015 - 22:29:25: "|Zek|T*m|#[>[P]s1x[O]pA[d]#<53><STEAM_0:4:349445070><CT>" attacked "Tolstopuz<51><STEAM_0:0:622962821><TERRORIST>" with "awp" (damage "112") (damage_armor "0") (health "-12") (armor "0")
L 03/17/2015 - 22:29:25: "|Zek|T*m|#[>[P]s1x[O]pA[d]#<53><STEAM_0:4:349445070><CT>" killed "Tolstopuz<51><STEAM_0:0:622962821><TERRORIST>" with "awp"
L 03/17/2015 - 22:29:25: Team "CT" triggered "CTs_Win" (CT "5") (T "5")
L 03/17/2015 - 22:29:25: World triggered "Round_End"
L 03/17/2015 - 22:29:35: World triggered "Round_Start"
L 03/17/2015 - 22:29:41: "|Zek|T*m|#[>[P]s1x[O]pA[d]#<53><STEAM_0:4:349445070><CT>" attacked "Tolstopuz<51><STEAM_0:0:622962821><TERRORIST>" with "awp" (damage "55") (damage_armor "0") (health "45") (armor "0")
L 03/17/2015 - 22:29:41: [DPROTO]: Client 0 - Set AuthIdType 3 [dp_RevEmu]; pClient = 0xb3956f08
L 03/17/2015 - 22:29:41: "Radion#<55><STEAM_0:4:786189573><>" connected, address "178.120.228.244:63200"
L 03/17/2015 - 22:29:42: [VTC] Player 1 speex
L 03/17/2015 - 22:29:45: [DPROTO]: Client 0 - Set AuthIdType 3 [dp_RevEmu]; pClient = 0xb3956f08
L 03/17/2015 - 22:29:45: "Radion#<56><STEAM_0:4:786189573><>" connected, address "178.120.228.244:63200"
L 03/17/2015 - 22:29:45: [VTC] Player 1 speex
L 03/17/2015 - 22:29:48: "|Zek|T*m|#[>[P]s1x[O]pA[d]#<53><STEAM_0:4:349445070><CT>" attacked "Tolstopuz<51><STEAM_0:0:622962821><TERRORIST>" with "awp" (damage "112") (damage_armor "0") (health "-67") (armor "0")
L 03/17/2015 - 22:29:48: "|Zek|T*m|#[>[P]s1x[O]pA[d]#<53><STEAM_0:4:349445070><CT>" killed "Tolstopuz<51><STEAM_0:0:622962821><TERRORIST>" with "awp"
L 03/17/2015 - 22:29:48: Team "CT" triggered "CTs_Win" (CT "6") (T "5")
L 03/17/2015 - 22:29:48: World triggered "Round_End"
L 03/17/2015 - 22:29:53: "Radion#<56><STEAM_0:4:786189573><>" entered the game
L 03/17/2015 - 22:29:57: "Radion#<56><STEAM_0:4:786189573><>" joined team "TERRORIST"
L 03/17/2015 - 22:29:58: World triggered "Round_Start"
L 03/17/2015 - 22:29:58: "Tolstopuz<51><STEAM_0:0:622962821><TERRORIST>" attacked "|Zek|T*m|#[>[P]s1x[O]pA[d]#<53><STEAM_0:4:349445070><CT>" with "awp" (damage "138") (damage_armor "0") (health "-38") (armor "0")
L 03/17/2015 - 22:29:58: "Tolstopuz<51><STEAM_0:0:622962821><TERRORIST>" killed "|Zek|T*m|#[>[P]s1x[O]pA[d]#<53><STEAM_0:4:349445070><CT>" with "awp"
L 03/17/2015 - 22:29:58: Team "TERRORIST" triggered "Terrorists_Win" (CT "6") (T "6")
L 03/17/2015 - 22:29:58: World triggered "Round_End"
L 03/17/2015 - 22:30:08: World triggered "Round_Start"
L 03/17/2015 - 22:30:21: "|Zek|T*m|#[>[P]s1x[O]pA[d]#<53><STEAM_0:4:349445070><CT>" attacked "Tolstopuz<51><STEAM_0:0:622962821><TERRORIST>" with "awp" (damage "141") (damage_armor "0") (health "-41") (armor "0")
L 03/17/2015 - 22:30:21: "|Zek|T*m|#[>[P]s1x[O]pA[d]#<53><STEAM_0:4:349445070><CT>" killed "Tolstopuz<51><STEAM_0:0:622962821><TERRORIST>" with "awp"
L 03/17/2015 - 22:31:01: "|Zek|T*m|#[>[P]s1x[O]pA[d]#<53><STEAM_0:4:349445070><CT>" committed suicide with "worldspawn" (world)
L 03/17/2015 - 22:31:01: Team "TERRORIST" triggered "Terrorists_Win" (CT "6") (T "7")
L 03/17/2015 - 22:31:01: World triggered "Round_End"
L 03/17/2015 - 22:31:11: World triggered "Round_Start"
L 03/17/2015 - 22:31:12: "Radion#<56><STEAM_0:4:786189573><TERRORIST>" attacked "|Zek|T*m|#[>[P]s1x[O]pA[d]#<53><STEAM_0:4:349445070><CT>" with "awp" (damage "137") (damage_armor "0") (health "-37") (armor "0")
L 03/17/2015 - 22:31:12: "Radion#<56><STEAM_0:4:786189573><TERRORIST>" killed "|Zek|T*m|#[>[P]s1x[O]pA[d]#<53><STEAM_0:4:349445070><CT>" with "awp"
L 03/17/2015 - 22:31:12: Team "TERRORIST" triggered "Terrorists_Win" (CT "6") (T "8")
L 03/17/2015 - 22:31:12: World triggered "Round_End"
L 03/17/2015 - 22:31:22: World triggered "Round_Start"
L 03/17/2015 - 22:31:23: "|Zek|T*m|#[>[P]s1x[O]pA[d]#<53><STEAM_0:4:349445070><CT>" attacked "Tolstopuz<51><STEAM_0:0:622962821><TERRORIST>" with "awp" (damage "444") (damage_armor "0") (health "-344") (armor "0")
L 03/17/2015 - 22:31:23: "|Zek|T*m|#[>[P]s1x[O]pA[d]#<53><STEAM_0:4:349445070><CT>" killed "Tolstopuz<51><STEAM_0:0:622962821><TERRORIST>" with "awp"
L 03/17/2015 - 22:31:27: "Radion#<56><STEAM_0:4:786189573><TERRORIST>" attacked "|Zek|T*m|#[>[P]s1x[O]pA[d]#<53><STEAM_0:4:349445070><CT>" with "awp" (damage "113") (damage_armor "0") (health "-13") (armor "0")
L 03/17/2015 - 22:31:27: "Radion#<56><STEAM_0:4:786189573><TERRORIST>" killed "|Zek|T*m|#[>[P]s1x[O]pA[d]#<53><STEAM_0:4:349445070><CT>" with "awp"
L 03/17/2015 - 22:31:27: Team "TERRORIST" triggered "Terrorists_Win" (CT "6") (T "9")
L 03/17/2015 - 22:31:27: World triggered "Round_End"
L 03/17/2015 - 22:31:37: World triggered "Round_Start"
L 03/17/2015 - 22:31:47: "|Zek|T*m|#[>[P]s1x[O]pA[d]#<53><STEAM_0:4:349445070><CT>" attacked "Tolstopuz<51><STEAM_0:0:622962821><TERRORIST>" with "awp" (damage "55") (damage_armor "0") (health "45") (armor "0")
L 03/17/2015 - 22:31:52: "|Zek|T*m|#[>[P]s1x[O]pA[d]#<53><STEAM_0:4:349445070><CT>" attacked "Tolstopuz<51><STEAM_0:0:622962821><TERRORIST>" with "awp" (damage "112") (damage_armor "0") (health "-67") (armor "0")
L 03/17/2015 - 22:31:52: "|Zek|T*m|#[>[P]s1x[O]pA[d]#<53><STEAM_0:4:349445070><CT>" killed "Tolstopuz<51><STEAM_0:0:622962821><TERRORIST>" with "awp"
L 03/17/2015 - 22:31:57: "Radion#<56><STEAM_0:4:786189573><TERRORIST>" attacked "|Zek|T*m|#[>[P]s1x[O]pA[d]#<53><STEAM_0:4:349445070><CT>" with "awp" (damage "111") (damage_armor "0") (health "-11") (armor "0")
L 03/17/2015 - 22:31:57: "Radion#<56><STEAM_0:4:786189573><TERRORIST>" killed "|Zek|T*m|#[>[P]s1x[O]pA[d]#<53><STEAM_0:4:349445070><CT>" with "awp"
L 03/17/2015 - 22:31:57: Team "TERRORIST" triggered "Terrorists_Win" (CT "6") (T "10")
L 03/17/2015 - 22:31:57: World triggered "Round_End"
L 03/17/2015 - 22:32:07: World triggered "Round_Start"
L 03/17/2015 - 22:32:18: "Tolstopuz<51><STEAM_0:0:622962821><TERRORIST>" attacked "|Zek|T*m|#[>[P]s1x[O]pA[d]#<53><STEAM_0:4:349445070><CT>" with "awp" (damage "112") (damage_armor "0") (health "-12") (armor "0")
L 03/17/2015 - 22:32:18: "Tolstopuz<51><STEAM_0:0:622962821><TERRORIST>" killed "|Zek|T*m|#[>[P]s1x[O]pA[d]#<53><STEAM_0:4:349445070><CT>" with "awp"
L 03/17/2015 - 22:32:18: Team "TERRORIST" triggered "Terrorists_Win" (CT "6") (T "11")
L 03/17/2015 - 22:32:18: World triggered "Round_End"
L 03/17/2015 - 22:32:28: World triggered "Round_Start"
L 03/17/2015 - 22:32:42: "Tolstopuz<51><STEAM_0:0:622962821><TERRORIST>" attacked "|Zek|T*m|#[>[P]s1x[O]pA[d]#<53><STEAM_0:4:349445070><CT>" with "awp" (damage "112") (damage_armor "0") (health "-12") (armor "0")
L 03/17/2015 - 22:32:42: "Tolstopuz<51><STEAM_0:0:622962821><TERRORIST>" killed "|Zek|T*m|#[>[P]s1x[O]pA[d]#<53><STEAM_0:4:349445070><CT>" with "awp"
L 03/17/2015 - 22:32:42: Team "TERRORIST" triggered "Terrorists_Win" (CT "6") (T "12")
L 03/17/2015 - 22:32:42: World triggered "Round_End"
L 03/17/2015 - 22:32:52: World triggered "Round_Start"
L 03/17/2015 - 22:32:52: "Tolstopuz<51><STEAM_0:0:622962821><TERRORIST>" attacked "|Zek|T*m|#[>[P]s1x[O]pA[d]#<53><STEAM_0:4:349445070><CT>" with "awp" (damage "83") (damage_armor "0") (health "17") (armor "0")
L 03/17/2015 - 22:32:52: "|Zek|T*m|#[>[P]s1x[O]pA[d]#<53><STEAM_0:4:349445070><CT>" attacked "Tolstopuz<51><STEAM_0:0:622962821><TERRORIST>" with "awp" (damage "444") (damage_armor "0") (health "-344") (armor "0")
L 03/17/2015 - 22:32:52: "|Zek|T*m|#[>[P]s1x[O]pA[d]#<53><STEAM_0:4:349445070><CT>" killed "Tolstopuz<51><STEAM_0:0:622962821><TERRORIST>" with "awp"
L 03/17/2015 - 22:33:10: "|Zek|T*m|#[>[P]s1x[O]pA[d]#<53><STEAM_0:4:349445070><CT>" attacked "Radion#<56><STEAM_0:4:786189573><TERRORIST>" with "awp" (damage "112") (damage_armor "0") (health "-12") (armor "0")
L 03/17/2015 - 22:33:10: "|Zek|T*m|#[>[P]s1x[O]pA[d]#<53><STEAM_0:4:349445070><CT>" killed "Radion#<56><STEAM_0:4:786189573><TERRORIST>" with "awp"
L 03/17/2015 - 22:33:10: Team "CT" triggered "CTs_Win" (CT "7") (T "12")
L 03/17/2015 - 22:33:10: World triggered "Round_End"
L 03/17/2015 - 22:33:20: World triggered "Round_Start"
L 03/17/2015 - 22:33:29: "|Zek|T*m|#[>[P]s1x[O]pA[d]#<53><STEAM_0:4:349445070><CT>" attacked "Tolstopuz<51><STEAM_0:0:622962821><TERRORIST>" with "awp" (damage "112") (damage_armor "0") (health "-12") (armor "0")
L 03/17/2015 - 22:33:29: "|Zek|T*m|#[>[P]s1x[O]pA[d]#<53><STEAM_0:4:349445070><CT>" killed "Tolstopuz<51><STEAM_0:0:622962821><TERRORIST>" with "awp"
L 03/17/2015 - 22:33:40: [DPROTO]: Client 1 - Set AuthIdType 3 [dp_RevEmu]; pClient = 0xb395bdfc
L 03/17/2015 - 22:33:40: "kill<57><STEAM_0:4:1514871374><>" connected, address "37.214.202.29:9899"
L 03/17/2015 - 22:33:40: [VTC] Player 2 speex
L 03/17/2015 - 22:33:55: [DPROTO]: Client 1 - Set AuthIdType 3 [dp_RevEmu]; pClient = 0xb395bdfc
L 03/17/2015 - 22:33:55: "ANGELuHA<58><STEAM_0:4:1403834117><>" connected, address "178.124.5.14:27005"
L 03/17/2015 - 22:33:55: [VTC] Player 2 speex
L 03/17/2015 - 22:33:55: Kick: "ANGELuHA<58><STEAM_0:4:1403834117><>" was kicked by "Console" (message " Вы не имеете права входа на этот сервер...")
L 03/17/2015 - 22:33:56: "Radion#<56><STEAM_0:4:786189573><TERRORIST>" attacked "|Zek|T*m|#[>[P]s1x[O]pA[d]#<53><STEAM_0:4:349445070><CT>" with "awp" (damage "111") (damage_armor "0") (health "-11") (armor "0")
L 03/17/2015 - 22:33:56: "Radion#<56><STEAM_0:4:786189573><TERRORIST>" killed "|Zek|T*m|#[>[P]s1x[O]pA[d]#<53><STEAM_0:4:349445070><CT>" with "awp"
L 03/17/2015 - 22:33:56: Team "TERRORIST" triggered "Terrorists_Win" (CT "7") (T "13")
L 03/17/2015 - 22:33:56: World triggered "Round_End"
L 03/17/2015 - 22:34:06: World triggered "Round_Start"
L 03/17/2015 - 22:34:15: "|Zek|T*m|#[>[P]s1x[O]pA[d]#<53><STEAM_0:4:349445070><CT>" attacked "Tolstopuz<51><STEAM_0:0:622962821><TERRORIST>" with "awp" (damage "112") (damage_armor "0") (health "-12") (armor "0")
L 03/17/2015 - 22:34:15: "|Zek|T*m|#[>[P]s1x[O]pA[d]#<53><STEAM_0:4:349445070><CT>" killed "Tolstopuz<51><STEAM_0:0:622962821><TERRORIST>" with "awp"
L 03/17/2015 - 22:34:30: "Radion#<56><STEAM_0:4:786189573><TERRORIST>" attacked "|Zek|T*m|#[>[P]s1x[O]pA[d]#<53><STEAM_0:4:349445070><CT>" with "glock18" (damage "15") (damage_armor "0") (health "85") (armor "0")
L 03/17/2015 - 22:34:30: "Radion#<56><STEAM_0:4:786189573><TERRORIST>" attacked "|Zek|T*m|#[>[P]s1x[O]pA[d]#<53><STEAM_0:4:349445070><CT>" with "glock18" (damage "15") (damage_armor "0") (health "70") (armor "0")
L 03/17/2015 - 22:34:31: "|Zek|T*m|#[>[P]s1x[O]pA[d]#<53><STEAM_0:4:349445070><CT>" attacked "Radion#<56><STEAM_0:4:786189573><TERRORIST>" with "usp" (damage "29") (damage_armor "0") (health "-18") (armor "0")
L 03/17/2015 - 22:34:31: "|Zek|T*m|#[>[P]s1x[O]pA[d]#<53><STEAM_0:4:349445070><CT>" killed "Radion#<56><STEAM_0:4:786189573><TERRORIST>" with "usp"
L 03/17/2015 - 22:34:31: Team "CT" triggered "CTs_Win" (CT "8") (T "13")
L 03/17/2015 - 22:34:31: World triggered "Round_End"
L 03/17/2015 - 22:34:41: World triggered "Round_Start"
L 03/17/2015 - 22:34:43: "Radion#<56><STEAM_0:4:786189573><TERRORIST>" attacked "|Zek|T*m|#[>[P]s1x[O]pA[d]#<53><STEAM_0:4:349445070><CT>" with "awp" (damage "111") (damage_armor "0") (health "-11") (armor "0")
L 03/17/2015 - 22:34:43: "Radion#<56><STEAM_0:4:786189573><TERRORIST>" killed "|Zek|T*m|#[>[P]s1x[O]pA[d]#<53><STEAM_0:4:349445070><CT>" with "awp"
L 03/17/2015 - 22:34:43: Team "TERRORIST" triggered "Terrorists_Win" (CT "8") (T "14")
L 03/17/2015 - 22:34:43: World triggered "Round_End"
L 03/17/2015 - 22:34:53: World triggered "Round_Start"
L 03/17/2015 - 22:34:53: "Radion#<56><STEAM_0:4:786189573><TERRORIST>" attacked "|Zek|T*m|#[>[P]s1x[O]pA[d]#<53><STEAM_0:4:349445070><CT>" with "awp" (damage "110") (damage_armor "0") (health "-10") (armor "0")
L 03/17/2015 - 22:34:53: "Radion#<56><STEAM_0:4:786189573><TERRORIST>" killed "|Zek|T*m|#[>[P]s1x[O]pA[d]#<53><STEAM_0:4:349445070><CT>" with "awp"
L 03/17/2015 - 22:34:53: Team "TERRORIST" triggered "Terrorists_Win" (CT "8") (T "15")
L 03/17/2015 - 22:34:53: World triggered "Round_End"
L 03/17/2015 - 22:35:03: World triggered "Round_Start"
L 03/17/2015 - 22:35:08: "|Zek|T*m|#[>[P]s1x[O]pA[d]#<53><STEAM_0:4:349445070><CT>" attacked "Radion#<56><STEAM_0:4:786189573><TERRORIST>" with "awp" (damage "67") (damage_armor "0") (health "33") (armor "0")
L 03/17/2015 - 22:35:15: "Tolstopuz<51><STEAM_0:0:622962821><TERRORIST>" attacked "|Zek|T*m|#[>[P]s1x[O]pA[d]#<53><STEAM_0:4:349445070><CT>" with "awp" (damage "113") (damage_armor "0") (health "-13") (armor "0")
L 03/17/2015 - 22:35:15: "Tolstopuz<51><STEAM_0:0:622962821><TERRORIST>" killed "|Zek|T*m|#[>[P]s1x[O]pA[d]#<53><STEAM_0:4:349445070><CT>" with "awp"
L 03/17/2015 - 22:35:15: Team "TERRORIST" triggered "Terrorists_Win" (CT "8") (T "16")
L 03/17/2015 - 22:35:15: World triggered "Round_End"
L 03/17/2015 - 22:35:17: "Radion#<56><STEAM_0:4:786189573><TERRORIST>" committed suicide with "worldspawn" (world)
L 03/17/2015 - 22:35:25: World triggered "Round_Start"
L 03/17/2015 - 22:35:28: "Tolstopuz<51><STEAM_0:0:622962821><TERRORIST>" attacked "|Zek|T*m|#[>[P]s1x[O]pA[d]#<53><STEAM_0:4:349445070><CT>" with "awp" (damage "83") (damage_armor "0") (health "17") (armor "0")
L 03/17/2015 - 22:35:28: "|Zek|T*m|#[>[P]s1x[O]pA[d]#<53><STEAM_0:4:349445070><CT>" attacked "Tolstopuz<51><STEAM_0:0:622962821><TERRORIST>" with "awp" (damage "111") (damage_armor "0") (health "-11") (armor "0")
L 03/17/2015 - 22:35:28: "|Zek|T*m|#[>[P]s1x[O]pA[d]#<53><STEAM_0:4:349445070><CT>" killed "Tolstopuz<51><STEAM_0:0:622962821><TERRORIST>" with "awp"
L 03/17/2015 - 22:35:45: "Radion#<56><STEAM_0:4:786189573><TERRORIST>" attacked "|Zek|T*m|#[>[P]s1x[O]pA[d]#<53><STEAM_0:4:349445070><CT>" with "awp" (damage "84") (damage_armor "0") (health "-67") (armor "0")
L 03/17/2015 - 22:35:45: "Radion#<56><STEAM_0:4:786189573><TERRORIST>" killed "|Zek|T*m|#[>[P]s1x[O]pA[d]#<53><STEAM_0:4:349445070><CT>" with "awp"
L 03/17/2015 - 22:35:45: Team "TERRORIST" triggered "Terrorists_Win" (CT "8") (T "17")
L 03/17/2015 - 22:35:45: World triggered "Round_End"
L 03/17/2015 - 22:35:52: Server cvar "amx_nextmap" = "cs_assault"
L 03/17/2015 - 22:35:52: Server cvar "mp_timelimit" = "0.000000"
L 03/17/2015 - 22:35:55: Server cvar "mp_timelimit" = "0.010000"
L 03/17/2015 - 22:35:55: World triggered "Round_Start"
L 03/17/2015 - 22:35:55: Team "CT" scored "8" with "1" players
L 03/17/2015 - 22:35:55: Team "TERRORIST" scored "17" with "2" players
L 03/17/2015 - 22:35:55: Server cvar "mp_chattime" = "3"
L 03/17/2015 - 22:35:56: Server cvar "mp_chattime" = "1"
L 03/17/2015 - 22:35:56: "Radion#<56><STEAM_0:4:786189573><TERRORIST>" triggered "weaponstats" (weapon "glock18") (shots "34") (hits "2") (kills "0") (headshots "0") (tks "0") (damage "30") (deaths "1")
L 03/17/2015 - 22:35:56: "Radion#<56><STEAM_0:4:786189573><TERRORIST>" triggered "weaponstats2" (weapon "glock18") (head "0") (chest "0") (stomach "0") (leftarm "0") (rightarm "0") (leftleg "0") (rightleg "2")
L 03/17/2015 - 22:35:56: "Radion#<56><STEAM_0:4:786189573><TERRORIST>" triggered "weaponstats" (weapon "awp") (shots "33") (hits "7") (kills "7") (headshots "0") (tks "0") (damage "777") (deaths "1")
L 03/17/2015 - 22:35:56: "Radion#<56><STEAM_0:4:786189573><TERRORIST>" triggered "weaponstats2" (weapon "awp") (head "0") (chest "3") (stomach "1") (leftarm "2") (rightarm "0") (leftleg "0") (rightleg "1")
L 03/17/2015 - 22:35:56: "Radion#<56><STEAM_0:4:786189573><TERRORIST>" triggered "time" (time "6:03")
L 03/17/2015 - 22:35:56: "Radion#<56><STEAM_0:4:786189573><TERRORIST>" triggered "latency" (ping "32")
L 03/17/2015 - 22:35:56: "Tolstopuz<51><STEAM_0:0:622962821><TERRORIST>" triggered "weaponstats" (weapon "glock18") (shots "22") (hits "6") (kills "1") (headshots "0") (tks "0") (damage "100") (deaths "1")
L 03/17/2015 - 22:35:56: "Tolstopuz<51><STEAM_0:0:622962821><TERRORIST>" triggered "weaponstats2" (weapon "glock18") (head "0") (chest "0") (stomach "1") (leftarm "2") (rightarm "1") (leftleg "2") (rightleg "0")
L 03/17/2015 - 22:35:56: "Tolstopuz<51><STEAM_0:0:622962821><TERRORIST>" triggered "weaponstats" (weapon "awp") (shots "42") (hits "17") (kills "14") (headshots "1") (tks "0") (damage "2199") (deaths "12")
L 03/17/2015 - 22:35:56: "Tolstopuz<51><STEAM_0:0:622962821><TERRORIST>" triggered "weaponstats2" (weapon "awp") (head "1") (chest "1") (stomach "3") (leftarm "7") (rightarm "1") (leftleg "4") (rightleg "0")
L 03/17/2015 - 22:35:56: "Tolstopuz<51><STEAM_0:0:622962821><TERRORIST>" triggered "time" (time "12:06")
L 03/17/2015 - 22:35:56: "Tolstopuz<51><STEAM_0:0:622962821><TERRORIST>" triggered "latency" (ping "33")
L 03/17/2015 - 22:35:56: "|Zek|T*m|#[>[P]s1x[O]pA[d]#<53><STEAM_0:4:349445070><CT>" triggered "weaponstats" (weapon "usp") (shots "1") (hits "1") (kills "1") (headshots "0") (tks "0") (damage "29") (deaths "0")
L 03/17/2015 - 22:35:56: "|Zek|T*m|#[>[P]s1x[O]pA[d]#<53><STEAM_0:4:349445070><CT>" triggered "weaponstats2" (weapon "usp") (head "0") (chest "0") (stomach "0") (leftarm "1") (rightarm "0") (leftleg "0") (rightleg "0")
L 03/17/2015 - 22:35:56: "|Zek|T*m|#[>[P]s1x[O]pA[d]#<53><STEAM_0:4:349445070><CT>" triggered "weaponstats" (weapon "awp") (shots "71") (hits "19") (kills "15") (headshots "3") (tks "0") (damage "3016") (deaths "11")
L 03/17/2015 - 22:35:56: "|Zek|T*m|#[>[P]s1x[O]pA[d]#<53><STEAM_0:4:349445070><CT>" triggered "weaponstats2" (weapon "awp") (head "3") (chest "1") (stomach "4") (leftarm "7") (rightarm "4") (leftleg "0") (rightleg "0")
L 03/17/2015 - 22:35:56: "|Zek|T*m|#[>[P]s1x[O]pA[d]#<53><STEAM_0:4:349445070><CT>" triggered "weaponstats" (weapon "knife") (shots "8") (hits "0") (kills "0") (headshots "0") (tks "0") (damage "0") (deaths "5")
L 03/17/2015 - 22:35:56: "|Zek|T*m|#[>[P]s1x[O]pA[d]#<53><STEAM_0:4:349445070><CT>" triggered "weaponstats2" (weapon "knife") (head "0") (chest "0") (stomach "0") (leftarm "0") (rightarm "0") (leftleg "0") (rightleg "0")
L 03/17/2015 - 22:35:56: "|Zek|T*m|#[>[P]s1x[O]pA[d]#<53><STEAM_0:4:349445070><CT>" triggered "time" (time "11:53")
L 03/17/2015 - 22:35:56: "|Zek|T*m|#[>[P]s1x[O]pA[d]#<53><STEAM_0:4:349445070><CT>" triggered "latency" (ping "41")
L 03/17/2015 - 22:35:56: Server cvar "mp_timelimit" = "30.000000"
L 03/17/2015 - 22:35:56: [META] ini: Begin re-reading plugins list: /home/extazy/Public/cstrike/addons/metamod/plugins.ini
L 03/17/2015 - 22:35:56: [META] ini: Read plugin config for: AMX Mod X
L 03/17/2015 - 22:35:56: [META] ini: Read plugin config for: dproto_EF
L 03/17/2015 - 22:35:56: [META] ini: Read plugin config for: VoiceTranscoder
L 03/17/2015 - 22:35:56: [META] ini: Finished reading plugins list: /home/extazy/Public/cstrike/addons/metamod/plugins.ini; Found 3 plugins
L 03/17/2015 - 22:35:56: [META] dll: Updating plugins...
L 03/17/2015 - 22:35:56: [META] dll: Finished updating 12 plugins; kept 3, loaded 0, unloaded 0, reloaded 0, delayed 0
L 03/17/2015 - 22:35:56: Log file closed
