L 03/11/2015 - 10:12:38: Log file started (file "logs/L0311035.log") (game "cstrike") (version "48/1.6.3.7/Stdio/5787")
L 03/11/2015 - 10:12:38: Loading map "$2000$"
L 03/11/2015 - 10:12:38: Server cvars start
L 03/11/2015 - 10:12:38: Server cvar "_tutor_bomb_viewable_check_interval" = "0.5"
L 03/11/2015 - 10:12:38: Server cvar "_tutor_debug_level" = "0"
L 03/11/2015 - 10:12:38: Server cvar "_tutor_examine_time" = "0.5"
L 03/11/2015 - 10:12:38: Server cvar "_tutor_hint_interval_time" = "10.0"
L 03/11/2015 - 10:12:38: Server cvar "_tutor_look_angle" = "10"
L 03/11/2015 - 10:12:38: Server cvar "_tutor_look_distance" = "200"
L 03/11/2015 - 10:12:38: Server cvar "_tutor_message_character_display_time_coefficient" = "0.07"
L 03/11/2015 - 10:12:38: Server cvar "_tutor_message_minimum_display_time" = "1"
L 03/11/2015 - 10:12:38: Server cvar "_tutor_message_repeats" = "5"
L 03/11/2015 - 10:12:38: Server cvar "_tutor_view_distance" = "1000"
L 03/11/2015 - 10:12:38: Server cvar "aesp_version" = "1.5b_mini"
L 03/11/2015 - 10:12:38: Server cvar "allow_spectators" = "2"
L 03/11/2015 - 10:12:38: Server cvar "amx_client_languages" = "0"
L 03/11/2015 - 10:12:38: Server cvar "amx_contactinfo" = "ICQ: 691322983"
L 03/11/2015 - 10:12:38: Server cvar "amx_language" = "ru"
L 03/11/2015 - 10:12:38: Server cvar "amx_nextmap" = "de_inferno_2x2"
L 03/11/2015 - 10:12:38: Server cvar "amx_timeleft" = "24:49"
L 03/11/2015 - 10:12:38: Server cvar "amxbans_ssversion" = "Gm 1.6"
L 03/11/2015 - 10:12:38: Server cvar "amxbans_version" = "Gm 1.6"
L 03/11/2015 - 10:12:38: Server cvar "amxmodx_version" = "1.8.1.3746"
L 03/11/2015 - 10:12:38: Server cvar "Colored Translit Cheat" = "Loaded"
L 03/11/2015 - 10:12:38: Server cvar "Colored Translit Config" = "Loaded"
L 03/11/2015 - 10:12:38: Server cvar "Colored Translit Ignores" = "Loaded"
L 03/11/2015 - 10:12:38: Server cvar "Colored Translit Replace" = "Loaded"
L 03/11/2015 - 10:12:38: Server cvar "Colored Translit Spam" = "Loaded"
L 03/11/2015 - 10:12:38: Server cvar "Colored Translit Status" = "Loaded"
L 03/11/2015 - 10:12:38: Server cvar "Colored Translit Swear" = "Loaded"
L 03/11/2015 - 10:12:38: Server cvar "Colored Translit Version" = "2.0b Final"
L 03/11/2015 - 10:12:38: Server cvar "coop" = "0"
L 03/11/2015 - 10:12:38: Server cvar "deathmatch" = "1"
L 03/11/2015 - 10:12:38: Server cvar "decalfrequency" = "9"
L 03/11/2015 - 10:12:38: Server cvar "dp_version" = "0.9.391"
L 03/11/2015 - 10:12:38: Server cvar "edgefriction" = "2"
L 03/11/2015 - 10:12:38: Server cvar "hostage_debug" = "0"
L 03/11/2015 - 10:12:38: Server cvar "hostage_stop" = "0"
L 03/11/2015 - 10:12:38: Server cvar "humans_join_team" = "any"
L 03/11/2015 - 10:12:38: Server cvar "jtp10181" = "chute"
L 03/11/2015 - 10:12:38: Server cvar "max_queries_sec" = "3.0"
L 03/11/2015 - 10:12:38: Server cvar "max_queries_sec_global" = "30"
L 03/11/2015 - 10:12:38: Server cvar "max_queries_window" = "60"
L 03/11/2015 - 10:12:38: Server cvar "metamod_version" = "1.19p32"
L 03/11/2015 - 10:12:38: Server cvar "mp_allowmonsters" = "0"
L 03/11/2015 - 10:12:38: Server cvar "mp_autokick" = "1"
L 03/11/2015 - 10:12:38: Server cvar "mp_autoteambalance" = "1"
L 03/11/2015 - 10:12:38: Server cvar "mp_buytime" = "1.5"
L 03/11/2015 - 10:12:38: Server cvar "mp_c4timer" = "35"
L 03/11/2015 - 10:12:38: Server cvar "mp_chattime" = "0"
L 03/11/2015 - 10:12:38: Server cvar "mp_consistency" = "1"
L 03/11/2015 - 10:12:38: Server cvar "mp_fadetoblack" = "0"
L 03/11/2015 - 10:12:38: Server cvar "mp_flashlight" = "1"
L 03/11/2015 - 10:12:38: Server cvar "mp_footsteps" = "1"
L 03/11/2015 - 10:12:38: Server cvar "mp_forcecamera" = "0"
L 03/11/2015 - 10:12:38: Server cvar "mp_forcechasecam" = "0"
L 03/11/2015 - 10:12:38: Server cvar "mp_fragsleft" = "0"
L 03/11/2015 - 10:12:38: Server cvar "mp_freezetime" = "5"
L 03/11/2015 - 10:12:38: Server cvar "mp_friendlyfire" = "0"
L 03/11/2015 - 10:12:38: Server cvar "mp_ghostfrequency" = "0.1"
L 03/11/2015 - 10:12:38: Server cvar "mp_hostagepenalty" = "2"
L 03/11/2015 - 10:12:38: Server cvar "mp_kickpercent" = "0.66"
L 03/11/2015 - 10:12:38: Server cvar "mp_limitteams" = "2"
L 03/11/2015 - 10:12:38: Server cvar "mp_logdetail" = "3"
L 03/11/2015 - 10:12:38: Server cvar "mp_logfile" = "1"
L 03/11/2015 - 10:12:38: Server cvar "mp_logmessages" = "1"
L 03/11/2015 - 10:12:38: Server cvar "mp_mapvoteratio" = "0.66"
L 03/11/2015 - 10:12:38: Server cvar "mp_maxrounds" = "0"
L 03/11/2015 - 10:12:38: Server cvar "mp_mirrordamage" = "0"
L 03/11/2015 - 10:12:38: Server cvar "mp_playerid" = "0"
L 03/11/2015 - 10:12:38: Server cvar "mp_roundtime" = "2.57"
L 03/11/2015 - 10:12:38: Server cvar "mp_startmoney" = "800"
L 03/11/2015 - 10:12:38: Server cvar "mp_timeleft" = "0"
L 03/11/2015 - 10:12:38: Server cvar "mp_timelimit" = "30"
L 03/11/2015 - 10:12:38: Server cvar "mp_tkpunish" = "1"
L 03/11/2015 - 10:12:38: Server cvar "mp_windifference" = "1"
L 03/11/2015 - 10:12:38: Server cvar "mp_winlimit" = "0"
L 03/11/2015 - 10:12:38: Server cvar "pausable" = "0"
L 03/11/2015 - 10:12:38: Server cvar "sv_accelerate" = "5"
L 03/11/2015 - 10:12:38: Server cvar "sv_aim" = "off"
L 03/11/2015 - 10:12:38: Server cvar "sv_airaccelerate" = "10"
L 03/11/2015 - 10:12:38: Server cvar "sv_airmove" = "1"
L 03/11/2015 - 10:12:38: Server cvar "sv_allowupload" = "1"
L 03/11/2015 - 10:12:38: Server cvar "sv_alltalk" = "1"
L 03/11/2015 - 10:12:38: Server cvar "sv_bounce" = "1"
L 03/11/2015 - 10:12:38: Server cvar "sv_cheats" = "off"
L 03/11/2015 - 10:12:38: Server cvar "sv_clienttrace" = "1"
L 03/11/2015 - 10:12:38: Server cvar "sv_clipmode" = "0"
L 03/11/2015 - 10:12:38: Server cvar "sv_contact" = ""
L 03/11/2015 - 10:12:38: Server cvar "sv_friction" = "4"
L 03/11/2015 - 10:12:38: Server cvar "sv_gravity" = "800"
L 03/11/2015 - 10:12:38: Server cvar "sv_logblocks" = "0"
L 03/11/2015 - 10:12:38: Server cvar "sv_maxrate" = "50000"
L 03/11/2015 - 10:12:38: Server cvar "sv_maxspeed" = "900"
L 03/11/2015 - 10:12:38: Server cvar "sv_minrate" = "100000"
L 03/11/2015 - 10:12:38: Server cvar "sv_password" = ""
L 03/11/2015 - 10:12:38: Server cvar "sv_proxies" = "0"
L 03/11/2015 - 10:12:38: Server cvar "sv_region" = "3"
L 03/11/2015 - 10:12:38: Server cvar "sv_restart" = "0"
L 03/11/2015 - 10:12:38: Server cvar "sv_restartround" = "0"
L 03/11/2015 - 10:12:38: Server cvar "sv_stepsize" = "18"
L 03/11/2015 - 10:12:38: Server cvar "sv_stopspeed" = "75"
L 03/11/2015 - 10:12:38: Server cvar "sv_uploadmax" = "0.5"
L 03/11/2015 - 10:12:38: Server cvar "sv_voiceenable" = "1"
L 03/11/2015 - 10:12:38: Server cvar "sv_wateraccelerate" = "10"
L 03/11/2015 - 10:12:38: Server cvar "sv_waterfriction" = "1"
L 03/11/2015 - 10:12:38: Server cvar "ultimate_sounds" = "1.7"
L 03/11/2015 - 10:12:38: Server cvar "vtc_version" = "80"
L 03/11/2015 - 10:12:38: Server cvars end
L 03/11/2015 - 10:12:38: Server cvar "amx_nextmap" = "awp_india"
L 03/11/2015 - 10:12:39: Started map "$2000$" (CRC "-1688392397")
L 03/11/2015 - 10:12:44: World triggered "Round_Start"
L 03/11/2015 - 10:20:57: [DPROTO]: Client 0 - Set AuthIdType 1 [dp_RevEmu]; pClient = 0xb3949f08
L 03/11/2015 - 10:20:57: "[Hard_Skill]_4IKIST<2><STEAM_0:0:2025036726><>" connected, address "178.168.192.163:27005"
L 03/11/2015 - 10:20:57: [VTC] Player 1 speex
L 03/11/2015 - 10:21:00: "[Hard_Skill]_4IKIST<2><STEAM_0:0:2025036726><>" entered the game
L 03/11/2015 - 10:21:05: "[Hard_Skill]_4IKIST<2><STEAM_0:0:2025036726><>" joined team "TERRORIST"
L 03/11/2015 - 10:21:27: "[Hard_Skill]_4IKIST<2><STEAM_0:0:2025036726><TERRORIST>" triggered "weaponstats" (weapon "knife") (shots "1") (hits "0") (kills "0") (headshots "0") (tks "0") (damage "0") (deaths "0")
L 03/11/2015 - 10:21:27: "[Hard_Skill]_4IKIST<2><STEAM_0:0:2025036726><TERRORIST>" triggered "weaponstats2" (weapon "knife") (head "0") (chest "0") (stomach "0") (leftarm "0") (rightarm "0") (leftleg "0") (rightleg "0")
L 03/11/2015 - 10:21:27: "[Hard_Skill]_4IKIST<2><STEAM_0:0:2025036726><TERRORIST>" triggered "time" (time "0:27")
L 03/11/2015 - 10:21:27: "[Hard_Skill]_4IKIST<2><STEAM_0:0:2025036726><TERRORIST>" triggered "latency" (ping "11")
L 03/11/2015 - 10:21:27: "[Hard_Skill]_4IKIST<2><STEAM_0:0:2025036726><TERRORIST>" disconnected
L 03/11/2015 - 10:21:27: World triggered "Round_Draw" (CT "0") (T "0")
L 03/11/2015 - 10:21:27: World triggered "Round_End"
L 03/11/2015 - 10:21:37: World triggered "Round_Start"
L 03/11/2015 - 10:42:36: Team "CT" scored "0" with "0" players
L 03/11/2015 - 10:42:36: Team "TERRORIST" scored "0" with "0" players
L 03/11/2015 - 10:42:36: Server cvar "mp_chattime" = "2"
L 03/11/2015 - 10:42:37: Server cvar "mp_chattime" = "0"
L 03/11/2015 - 10:42:37: [META] ini: Begin re-reading plugins list: /home/extazy/Public/cstrike/addons/metamod/plugins.ini
L 03/11/2015 - 10:42:37: [META] ini: Read plugin config for: AMX Mod X
L 03/11/2015 - 10:42:37: [META] ini: Read plugin config for: dproto_EF
L 03/11/2015 - 10:42:37: [META] ini: Read plugin config for: mmtimer
L 03/11/2015 - 10:42:37: [META] ini: Read plugin config for: VoiceTranscoder
L 03/11/2015 - 10:42:37: [META] ini: Finished reading plugins list: /home/extazy/Public/cstrike/addons/metamod/plugins.ini; Found 4 plugins
L 03/11/2015 - 10:42:37: [META] dll: Updating plugins...
L 03/11/2015 - 10:42:37: [META] WARNING: dll: Plugin 'mmtimer' isn't running; Forcing unload plugin for reloading
L 03/11/2015 - 10:42:37: [META] WARNING: dll: Failed to unload plugin 'mmtimer' for reloading
L 03/11/2015 - 10:42:37: [META] dll: Finished updating 13 plugins; kept 3, loaded 0, unloaded 0, reloaded 0, delayed 0
L 03/11/2015 - 10:42:37: Log file closed
