L 03/17/2015 - 20:12:40: Log file started (file "logs/L0317058.log") (game "cstrike") (version "48/1.6.3.7/Stdio/5787")
L 03/17/2015 - 20:12:40: Loading map "$3000$"
L 03/17/2015 - 20:12:40: Server cvars start
L 03/17/2015 - 20:12:40: Server cvar "_tutor_bomb_viewable_check_interval" = "0.5"
L 03/17/2015 - 20:12:40: Server cvar "_tutor_debug_level" = "0"
L 03/17/2015 - 20:12:40: Server cvar "_tutor_examine_time" = "0.5"
L 03/17/2015 - 20:12:40: Server cvar "_tutor_hint_interval_time" = "10.0"
L 03/17/2015 - 20:12:40: Server cvar "_tutor_look_angle" = "10"
L 03/17/2015 - 20:12:40: Server cvar "_tutor_look_distance" = "200"
L 03/17/2015 - 20:12:40: Server cvar "_tutor_message_character_display_time_coefficient" = "0.07"
L 03/17/2015 - 20:12:40: Server cvar "_tutor_message_minimum_display_time" = "1"
L 03/17/2015 - 20:12:40: Server cvar "_tutor_message_repeats" = "5"
L 03/17/2015 - 20:12:40: Server cvar "_tutor_view_distance" = "1000"
L 03/17/2015 - 20:12:40: Server cvar "aesp_version" = "1.5b_mini"
L 03/17/2015 - 20:12:40: Server cvar "allow_spectators" = "4"
L 03/17/2015 - 20:12:40: Server cvar "amx_client_languages" = "0"
L 03/17/2015 - 20:12:40: Server cvar "amx_contactinfo" = "ICQ: 691322983"
L 03/17/2015 - 20:12:40: Server cvar "amx_language" = "ru"
L 03/17/2015 - 20:12:40: Server cvar "amx_nextmap" = "$3000$"
L 03/17/2015 - 20:12:40: Server cvar "amx_timeleft" = "00:00"
L 03/17/2015 - 20:12:40: Server cvar "amxbans_ssversion" = "Gm 1.6"
L 03/17/2015 - 20:12:40: Server cvar "amxbans_version" = "Gm 1.6"
L 03/17/2015 - 20:12:40: Server cvar "amxmodx_version" = "1.8.1.3746"
L 03/17/2015 - 20:12:40: Server cvar "Colored Translit Cheat" = "Loaded"
L 03/17/2015 - 20:12:40: Server cvar "Colored Translit Config" = "Loaded"
L 03/17/2015 - 20:12:40: Server cvar "Colored Translit Ignores" = "Loaded"
L 03/17/2015 - 20:12:40: Server cvar "Colored Translit Replace" = "Failed"
L 03/17/2015 - 20:12:40: Server cvar "Colored Translit Spam" = "Loaded"
L 03/17/2015 - 20:12:40: Server cvar "Colored Translit Status" = "Loaded"
L 03/17/2015 - 20:12:40: Server cvar "Colored Translit Swear" = "Loaded"
L 03/17/2015 - 20:12:40: Server cvar "Colored Translit Version" = "2.0b Final"
L 03/17/2015 - 20:12:40: Server cvar "coop" = "0"
L 03/17/2015 - 20:12:40: Server cvar "deathmatch" = "1"
L 03/17/2015 - 20:12:40: Server cvar "decalfrequency" = "9"
L 03/17/2015 - 20:12:40: Server cvar "dp_version" = "0.9.391"
L 03/17/2015 - 20:12:40: Server cvar "edgefriction" = "2"
L 03/17/2015 - 20:12:40: Server cvar "hostage_debug" = "0"
L 03/17/2015 - 20:12:40: Server cvar "hostage_stop" = "0"
L 03/17/2015 - 20:12:40: Server cvar "humans_join_team" = "any"
L 03/17/2015 - 20:12:40: Server cvar "jtp10181" = "chute"
L 03/17/2015 - 20:12:40: Server cvar "max_queries_sec" = "3.0"
L 03/17/2015 - 20:12:40: Server cvar "max_queries_sec_global" = "30"
L 03/17/2015 - 20:12:40: Server cvar "max_queries_window" = "60"
L 03/17/2015 - 20:12:40: Server cvar "metamod_version" = "1.19"
L 03/17/2015 - 20:12:40: Server cvar "mp_allowmonsters" = "0"
L 03/17/2015 - 20:12:40: Server cvar "mp_autokick" = "1"
L 03/17/2015 - 20:12:40: Server cvar "mp_autoteambalance" = "1"
L 03/17/2015 - 20:12:40: Server cvar "mp_buytime" = "1.5"
L 03/17/2015 - 20:12:40: Server cvar "mp_c4timer" = "35"
L 03/17/2015 - 20:12:40: Server cvar "mp_chattime" = "1"
L 03/17/2015 - 20:12:40: Server cvar "mp_consistency" = "1"
L 03/17/2015 - 20:12:40: Server cvar "mp_fadetoblack" = "0"
L 03/17/2015 - 20:12:40: Server cvar "mp_flashlight" = "1"
L 03/17/2015 - 20:12:40: Server cvar "mp_footsteps" = "1"
L 03/17/2015 - 20:12:40: Server cvar "mp_forcecamera" = "0"
L 03/17/2015 - 20:12:40: Server cvar "mp_forcechasecam" = "0"
L 03/17/2015 - 20:12:40: Server cvar "mp_fragsleft" = "0"
L 03/17/2015 - 20:12:40: Server cvar "mp_freezetime" = "5"
L 03/17/2015 - 20:12:40: Server cvar "mp_friendlyfire" = "0"
L 03/17/2015 - 20:12:40: Server cvar "mp_ghostfrequency" = "0.1"
L 03/17/2015 - 20:12:40: Server cvar "mp_hostagepenalty" = "0"
L 03/17/2015 - 20:12:40: Server cvar "mp_kickpercent" = "0.66"
L 03/17/2015 - 20:12:40: Server cvar "mp_limitteams" = "5"
L 03/17/2015 - 20:12:40: Server cvar "mp_logdetail" = "3"
L 03/17/2015 - 20:12:40: Server cvar "mp_logfile" = "1"
L 03/17/2015 - 20:12:40: Server cvar "mp_logmessages" = "1"
L 03/17/2015 - 20:12:40: Server cvar "mp_mapvoteratio" = "0.66"
L 03/17/2015 - 20:12:40: Server cvar "mp_maxrounds" = "0"
L 03/17/2015 - 20:12:40: Server cvar "mp_mirrordamage" = "0"
L 03/17/2015 - 20:12:40: Server cvar "mp_playerid" = "0"
L 03/17/2015 - 20:12:40: Server cvar "mp_roundtime" = "2.57"
L 03/17/2015 - 20:12:40: Server cvar "mp_startmoney" = "800"
L 03/17/2015 - 20:12:40: Server cvar "mp_timeleft" = "0"
L 03/17/2015 - 20:12:40: Server cvar "mp_timelimit" = "30.000000"
L 03/17/2015 - 20:12:40: Server cvar "mp_tkpunish" = "1"
L 03/17/2015 - 20:12:40: Server cvar "mp_windifference" = "1"
L 03/17/2015 - 20:12:40: Server cvar "mp_winlimit" = "0"
L 03/17/2015 - 20:12:40: Server cvar "pausable" = "0"
L 03/17/2015 - 20:12:40: Server cvar "sv_accelerate" = "5"
L 03/17/2015 - 20:12:40: Server cvar "sv_aim" = "0"
L 03/17/2015 - 20:12:40: Server cvar "sv_airaccelerate" = "10"
L 03/17/2015 - 20:12:40: Server cvar "sv_airmove" = "1"
L 03/17/2015 - 20:12:40: Server cvar "sv_allowupload" = "1"
L 03/17/2015 - 20:12:40: Server cvar "sv_alltalk" = "0"
L 03/17/2015 - 20:12:40: Server cvar "sv_bounce" = "1"
L 03/17/2015 - 20:12:40: Server cvar "sv_cheats" = "0"
L 03/17/2015 - 20:12:40: Server cvar "sv_clienttrace" = "1"
L 03/17/2015 - 20:12:40: Server cvar "sv_clipmode" = "0"
L 03/17/2015 - 20:12:40: Server cvar "sv_contact" = ""
L 03/17/2015 - 20:12:40: Server cvar "sv_friction" = "4"
L 03/17/2015 - 20:12:40: Server cvar "sv_gravity" = "800"
L 03/17/2015 - 20:12:40: Server cvar "sv_logblocks" = "0"
L 03/17/2015 - 20:12:40: Server cvar "sv_maxrate" = "50000"
L 03/17/2015 - 20:12:40: Server cvar "sv_maxspeed" = "900"
L 03/17/2015 - 20:12:40: Server cvar "sv_minrate" = "100000"
L 03/17/2015 - 20:12:40: Server cvar "sv_password" = ""
L 03/17/2015 - 20:12:40: Server cvar "sv_proxies" = "0"
L 03/17/2015 - 20:12:40: Server cvar "sv_region" = "255"
L 03/17/2015 - 20:12:40: Server cvar "sv_restart" = "0"
L 03/17/2015 - 20:12:40: Server cvar "sv_restartround" = "0"
L 03/17/2015 - 20:12:40: Server cvar "sv_stepsize" = "18"
L 03/17/2015 - 20:12:40: Server cvar "sv_stopspeed" = "75"
L 03/17/2015 - 20:12:40: Server cvar "sv_uploadmax" = "0.5"
L 03/17/2015 - 20:12:40: Server cvar "sv_voiceenable" = "1"
L 03/17/2015 - 20:12:40: Server cvar "sv_wateraccelerate" = "10"
L 03/17/2015 - 20:12:40: Server cvar "sv_waterfriction" = "1"
L 03/17/2015 - 20:12:40: Server cvar "vtc_version" = "80"
L 03/17/2015 - 20:12:40: Server cvars end
L 03/17/2015 - 20:12:40: Server cvar "amx_nextmap" = "aim_usp"
L 03/17/2015 - 20:12:40: Server cvar "sv_restart" = "1"
L 03/17/2015 - 20:12:40: World triggered "Restart_Round_(1_second)"
L 03/17/2015 - 20:12:40: Team "CT" scored "0" with "0" players
L 03/17/2015 - 20:12:40: Team "TERRORIST" scored "0" with "0" players
L 03/17/2015 - 20:12:40: Server cvar "sv_restart" = "0"
L 03/17/2015 - 20:12:40: Started map "$3000$" (CRC "1050720158")
L 03/17/2015 - 20:12:40: [VTC] Player 2 speex
L 03/17/2015 - 20:12:40: [VTC] Player 4 silk
L 03/17/2015 - 20:12:43: "[Easy_Skill]_Faza#1<89><STEAM_0:0:969824236><>" entered the game
L 03/17/2015 - 20:12:45: World triggered "Round_Start"
L 03/17/2015 - 20:12:46: "[Easy_Skill]_Faza#1<89><STEAM_0:0:969824236><>" joined team "CT"
L 03/17/2015 - 20:12:48: [DPROTO]: Client 3 - Set AuthIdType 1 [Native]; pClient = 0xb39e6be4
L 03/17/2015 - 20:12:48: "GReenDay<90><STEAM_0:1:89735639><>" connected, address "37.214.171.64:49663"
L 03/17/2015 - 20:12:48: [VTC] Player 4 silk
L 03/17/2015 - 20:12:48: "GReenDay<90><STEAM_0:1:89735639><>" STEAM USERID validated
L 03/17/2015 - 20:12:51: "GReenDay<90><STEAM_0:1:89735639><>" entered the game
L 03/17/2015 - 20:12:54: "GReenDay<90><STEAM_0:1:89735639><>" joined team "TERRORIST"
L 03/17/2015 - 20:12:55: World triggered "Game_Commencing"
L 03/17/2015 - 20:12:55: World triggered "Game_Commencing" (CT "0") (T "0")
L 03/17/2015 - 20:12:55: World triggered "Round_End"
L 03/17/2015 - 20:13:03: World triggered "Round_Start"
L 03/17/2015 - 20:13:10: "GReenDay<90><STEAM_0:1:89735639><TERRORIST>" attacked "[Easy_Skill]_Faza#1<89><STEAM_0:0:969824236><CT>" with "m4a1" (damage "21") (damage_armor "0") (health "79") (armor "0")
L 03/17/2015 - 20:13:10: "GReenDay<90><STEAM_0:1:89735639><TERRORIST>" attacked "[Easy_Skill]_Faza#1<89><STEAM_0:0:969824236><CT>" with "m4a1" (damage "21") (damage_armor "0") (health "58") (armor "0")
L 03/17/2015 - 20:13:10: "[Easy_Skill]_Faza#1<89><STEAM_0:0:969824236><CT>" attacked "GReenDay<90><STEAM_0:1:89735639><TERRORIST>" with "m4a1" (damage "29") (damage_armor "0") (health "71") (armor "0")
L 03/17/2015 - 20:13:10: "[Easy_Skill]_Faza#1<89><STEAM_0:0:969824236><CT>" attacked "GReenDay<90><STEAM_0:1:89735639><TERRORIST>" with "m4a1" (damage "21") (damage_armor "0") (health "50") (armor "0")
L 03/17/2015 - 20:13:11: "[Easy_Skill]_Faza#1<89><STEAM_0:0:969824236><CT>" attacked "GReenDay<90><STEAM_0:1:89735639><TERRORIST>" with "m4a1" (damage "36") (damage_armor "0") (health "14") (armor "0")
L 03/17/2015 - 20:13:11: "GReenDay<90><STEAM_0:1:89735639><TERRORIST>" attacked "[Easy_Skill]_Faza#1<89><STEAM_0:0:969824236><CT>" with "m4a1" (damage "21") (damage_armor "0") (health "37") (armor "0")
L 03/17/2015 - 20:13:12: "[Easy_Skill]_Faza#1<89><STEAM_0:0:969824236><CT>" attacked "GReenDay<90><STEAM_0:1:89735639><TERRORIST>" with "m4a1" (damage "21") (damage_armor "0") (health "-7") (armor "0")
L 03/17/2015 - 20:13:12: "[Easy_Skill]_Faza#1<89><STEAM_0:0:969824236><CT>" killed "GReenDay<90><STEAM_0:1:89735639><TERRORIST>" with "m4a1"
L 03/17/2015 - 20:13:12: Team "CT" triggered "CTs_Win" (CT "1") (T "0")
L 03/17/2015 - 20:13:12: World triggered "Round_End"
L 03/17/2015 - 20:13:22: World triggered "Round_Start"
L 03/17/2015 - 20:13:28: "[Easy_Skill]_Faza#1<89><STEAM_0:0:969824236><CT>" attacked "GReenDay<90><STEAM_0:1:89735639><TERRORIST>" with "m4a1" (damage "14") (damage_armor "0") (health "86") (armor "0")
L 03/17/2015 - 20:13:28: "GReenDay<90><STEAM_0:1:89735639><TERRORIST>" attacked "[Easy_Skill]_Faza#1<89><STEAM_0:0:969824236><CT>" with "ak47" (damage "34") (damage_armor "0") (health "66") (armor "0")
L 03/17/2015 - 20:13:28: "GReenDay<90><STEAM_0:1:89735639><TERRORIST>" attacked "[Easy_Skill]_Faza#1<89><STEAM_0:0:969824236><CT>" with "ak47" (damage "12") (damage_armor "0") (health "54") (armor "0")
L 03/17/2015 - 20:13:29: [DPROTO]: Client 0 - Set AuthIdType 3 [dp_RevEmu]; pClient = 0xb39d7f08
L 03/17/2015 - 20:13:29: "[Hard_Skill]_Mu$TePu0<91><STEAM_0:4:1825263493><>" connected, address "178.125.202.112:27005"
L 03/17/2015 - 20:13:29: [VTC] Player 1 speex
L 03/17/2015 - 20:13:30: "[Easy_Skill]_Faza#1<89><STEAM_0:0:969824236><CT>" attacked "GReenDay<90><STEAM_0:1:89735639><TERRORIST>" with "m4a1" (damage "14") (damage_armor "0") (health "72") (armor "0")
L 03/17/2015 - 20:13:31: "GReenDay<90><STEAM_0:1:89735639><TERRORIST>" attacked "[Easy_Skill]_Faza#1<89><STEAM_0:0:969824236><CT>" with "ak47" (damage "34") (damage_armor "0") (health "20") (armor "0")
L 03/17/2015 - 20:13:31: "GReenDay<90><STEAM_0:1:89735639><TERRORIST>" attacked "[Easy_Skill]_Faza#1<89><STEAM_0:0:969824236><CT>" with "ak47" (damage "136") (damage_armor "0") (health "-116") (armor "0")
L 03/17/2015 - 20:13:31: "GReenDay<90><STEAM_0:1:89735639><TERRORIST>" killed "[Easy_Skill]_Faza#1<89><STEAM_0:0:969824236><CT>" with "ak47"
L 03/17/2015 - 20:13:31: Team "TERRORIST" triggered "Terrorists_Win" (CT "1") (T "1")
L 03/17/2015 - 20:13:31: World triggered "Round_End"
L 03/17/2015 - 20:13:41: World triggered "Round_Start"
L 03/17/2015 - 20:13:41: [DPROTO]: Client 0 - Set AuthIdType 3 [dp_RevEmu]; pClient = 0xb39d7f08
L 03/17/2015 - 20:13:41: "[Hard_Skill]_Mu$TePu0<92><STEAM_0:4:1825263493><>" connected, address "178.125.202.112:27005"
L 03/17/2015 - 20:13:41: [VTC] Player 1 speex
L 03/17/2015 - 20:13:48: "GReenDay<90><STEAM_0:1:89735639><TERRORIST>" attacked "[Easy_Skill]_Faza#1<89><STEAM_0:0:969824236><CT>" with "ak47" (damage "34") (damage_armor "0") (health "66") (armor "0")
L 03/17/2015 - 20:13:48: "[Easy_Skill]_Faza#1<89><STEAM_0:0:969824236><CT>" attacked "GReenDay<90><STEAM_0:1:89735639><TERRORIST>" with "m4a1" (damage "29") (damage_armor "0") (health "71") (armor "0")
L 03/17/2015 - 20:13:48: "[Easy_Skill]_Faza#1<89><STEAM_0:0:969824236><CT>" attacked "GReenDay<90><STEAM_0:1:89735639><TERRORIST>" with "m4a1" (damage "29") (damage_armor "0") (health "42") (armor "0")
L 03/17/2015 - 20:13:48: "[Easy_Skill]_Faza#1<89><STEAM_0:0:969824236><CT>" attacked "GReenDay<90><STEAM_0:1:89735639><TERRORIST>" with "m4a1" (damage "21") (damage_armor "0") (health "21") (armor "0")
L 03/17/2015 - 20:13:48: "GReenDay<90><STEAM_0:1:89735639><TERRORIST>" attacked "[Easy_Skill]_Faza#1<89><STEAM_0:0:969824236><CT>" with "ak47" (damage "136") (damage_armor "0") (health "-70") (armor "0")
L 03/17/2015 - 20:13:48: "GReenDay<90><STEAM_0:1:89735639><TERRORIST>" killed "[Easy_Skill]_Faza#1<89><STEAM_0:0:969824236><CT>" with "ak47"
L 03/17/2015 - 20:13:48: Team "TERRORIST" triggered "Terrorists_Win" (CT "1") (T "2")
L 03/17/2015 - 20:13:48: World triggered "Round_End"
L 03/17/2015 - 20:13:48: "[Hard_Skill]_Mu$TePu0<92><STEAM_0:4:1825263493><>" entered the game
L 03/17/2015 - 20:13:58: World triggered "Round_Start"
L 03/17/2015 - 20:13:58: "[Hard_Skill]_Mu$TePu0<92><STEAM_0:4:1825263493><>" joined team "CT"
L 03/17/2015 - 20:14:07: "[Easy_Skill]_Faza#1<89><STEAM_0:0:969824236><CT>" attacked "GReenDay<90><STEAM_0:1:89735639><TERRORIST>" with "m4a1" (damage "22") (damage_armor "0") (health "78") (armor "0")
L 03/17/2015 - 20:14:07: "GReenDay<90><STEAM_0:1:89735639><TERRORIST>" attacked "[Easy_Skill]_Faza#1<89><STEAM_0:0:969824236><CT>" with "ak47" (damage "136") (damage_armor "0") (health "-36") (armor "0")
L 03/17/2015 - 20:14:07: "GReenDay<90><STEAM_0:1:89735639><TERRORIST>" killed "[Easy_Skill]_Faza#1<89><STEAM_0:0:969824236><CT>" with "ak47"
L 03/17/2015 - 20:14:25: "GReenDay<90><STEAM_0:1:89735639><TERRORIST>" attacked "[Hard_Skill]_Mu$TePu0<92><STEAM_0:4:1825263493><CT>" with "ak47" (damage "34") (damage_armor "0") (health "66") (armor "0")
L 03/17/2015 - 20:14:25: "GReenDay<90><STEAM_0:1:89735639><TERRORIST>" attacked "[Hard_Skill]_Mu$TePu0<92><STEAM_0:4:1825263493><CT>" with "ak47" (damage "34") (damage_armor "0") (health "32") (armor "0")
L 03/17/2015 - 20:14:25: "GReenDay<90><STEAM_0:1:89735639><TERRORIST>" attacked "[Hard_Skill]_Mu$TePu0<92><STEAM_0:4:1825263493><CT>" with "ak47" (damage "16") (damage_armor "0") (health "16") (armor "0")
L 03/17/2015 - 20:14:29: "GReenDay<90><STEAM_0:1:89735639><TERRORIST>" attacked "[Hard_Skill]_Mu$TePu0<92><STEAM_0:4:1825263493><CT>" with "ak47" (damage "140") (damage_armor "0") (health "-124") (armor "0")
L 03/17/2015 - 20:14:29: "GReenDay<90><STEAM_0:1:89735639><TERRORIST>" killed "[Hard_Skill]_Mu$TePu0<92><STEAM_0:4:1825263493><CT>" with "ak47"
L 03/17/2015 - 20:14:29: Team "TERRORIST" triggered "Terrorists_Win" (CT "1") (T "3")
L 03/17/2015 - 20:14:29: World triggered "Round_End"
L 03/17/2015 - 20:14:39: World triggered "Round_Start"
L 03/17/2015 - 20:14:42: "[Easy_Skill]_Faza#1<89><STEAM_0:0:969824236><CT>" attacked "GReenDay<90><STEAM_0:1:89735639><TERRORIST>" with "ak47" (damage "34") (damage_armor "0") (health "66") (armor "0")
L 03/17/2015 - 20:14:43: "GReenDay<90><STEAM_0:1:89735639><TERRORIST>" attacked "[Easy_Skill]_Faza#1<89><STEAM_0:0:969824236><CT>" with "ak47" (damage "20") (damage_armor "0") (health "80") (armor "0")
L 03/17/2015 - 20:14:45: [DPROTO]: Client 2 - Set AuthIdType 3 [dp_RevEmu]; pClient = 0xb39e1cf0
L 03/17/2015 - 20:14:45: "AVANGARD OMSK<93><STEAM_0:4:77831557><>" connected, address "178.217.27.160:11787"
L 03/17/2015 - 20:14:45: [VTC] Player 3 speex
L 03/17/2015 - 20:14:45: "[Easy_Skill]_Faza#1<89><STEAM_0:0:969824236><CT>" attacked "GReenDay<90><STEAM_0:1:89735639><TERRORIST>" with "ak47" (damage "20") (damage_armor "0") (health "46") (armor "0")
L 03/17/2015 - 20:14:45: "[Easy_Skill]_Faza#1<89><STEAM_0:0:969824236><CT>" attacked "GReenDay<90><STEAM_0:1:89735639><TERRORIST>" with "ak47" (damage "12") (damage_armor "0") (health "34") (armor "0")
L 03/17/2015 - 20:14:45: "[Easy_Skill]_Faza#1<89><STEAM_0:0:969824236><CT>" attacked "GReenDay<90><STEAM_0:1:89735639><TERRORIST>" with "ak47" (damage "12") (damage_armor "0") (health "22") (armor "0")
L 03/17/2015 - 20:14:46: "GReenDay<90><STEAM_0:1:89735639><TERRORIST>" attacked "[Easy_Skill]_Faza#1<89><STEAM_0:0:969824236><CT>" with "ak47" (damage "64") (damage_armor "0") (health "16") (armor "0")
L 03/17/2015 - 20:14:47: "[Hard_Skill]_Mu$TePu0<92><STEAM_0:4:1825263493><CT>" attacked "GReenDay<90><STEAM_0:1:89735639><TERRORIST>" with "ak47" (damage "34") (damage_armor "0") (health "-12") (armor "0")
L 03/17/2015 - 20:14:47: "[Hard_Skill]_Mu$TePu0<92><STEAM_0:4:1825263493><CT>" killed "GReenDay<90><STEAM_0:1:89735639><TERRORIST>" with "ak47"
L 03/17/2015 - 20:14:47: Team "CT" triggered "CTs_Win" (CT "2") (T "3")
L 03/17/2015 - 20:14:47: World triggered "Round_End"
L 03/17/2015 - 20:14:52: [DPROTO]: Client 2 - Set AuthIdType 3 [dp_RevEmu]; pClient = 0xb39e1cf0
L 03/17/2015 - 20:14:52: "AVANGARD OMSK<94><STEAM_0:4:77831557><>" connected, address "178.217.27.160:11787"
L 03/17/2015 - 20:14:52: [VTC] Player 3 speex
L 03/17/2015 - 20:14:54: "AVANGARD OMSK<94><STEAM_0:4:77831557><>" entered the game
L 03/17/2015 - 20:14:57: World triggered "Round_Start"
L 03/17/2015 - 20:15:02: "AVANGARD OMSK<94><STEAM_0:4:77831557><>" joined team "TERRORIST"
L 03/17/2015 - 20:15:10: "GReenDay<90><STEAM_0:1:89735639><TERRORIST>" attacked "[Easy_Skill]_Faza#1<89><STEAM_0:0:969824236><CT>" with "ak47" (damage "26") (damage_armor "0") (health "74") (armor "100")
L 03/17/2015 - 20:15:10: "GReenDay<90><STEAM_0:1:89735639><TERRORIST>" attacked "[Easy_Skill]_Faza#1<89><STEAM_0:0:969824236><CT>" with "ak47" (damage "26") (damage_armor "0") (health "48") (armor "100")
L 03/17/2015 - 20:15:10: "GReenDay<90><STEAM_0:1:89735639><TERRORIST>" attacked "[Easy_Skill]_Faza#1<89><STEAM_0:0:969824236><CT>" with "ak47" (damage "26") (damage_armor "0") (health "22") (armor "100")
L 03/17/2015 - 20:15:11: "[Easy_Skill]_Faza#1<89><STEAM_0:0:969824236><CT>" attacked "GReenDay<90><STEAM_0:1:89735639><TERRORIST>" with "m4a1" (damage "23") (damage_armor "0") (health "77") (armor "0")
L 03/17/2015 - 20:15:11: "[Easy_Skill]_Faza#1<89><STEAM_0:0:969824236><CT>" attacked "GReenDay<90><STEAM_0:1:89735639><TERRORIST>" with "m4a1" (damage "31") (damage_armor "0") (health "46") (armor "0")
L 03/17/2015 - 20:15:11: "GReenDay<90><STEAM_0:1:89735639><TERRORIST>" attacked "[Easy_Skill]_Faza#1<89><STEAM_0:0:969824236><CT>" with "ak47" (damage "27") (damage_armor "4") (health "-5") (armor "96")
L 03/17/2015 - 20:15:11: "GReenDay<90><STEAM_0:1:89735639><TERRORIST>" killed "[Easy_Skill]_Faza#1<89><STEAM_0:0:969824236><CT>" with "ak47"
L 03/17/2015 - 20:15:14: "[Hard_Skill]_Mu$TePu0<92><STEAM_0:4:1825263493><CT>" attacked "AVANGARD OMSK<94><STEAM_0:4:77831557><TERRORIST>" with "ak47" (damage "34") (damage_armor "0") (health "66") (armor "0")
L 03/17/2015 - 20:15:14: "[Hard_Skill]_Mu$TePu0<92><STEAM_0:4:1825263493><CT>" attacked "AVANGARD OMSK<94><STEAM_0:4:77831557><TERRORIST>" with "ak47" (damage "34") (damage_armor "0") (health "32") (armor "0")
L 03/17/2015 - 20:15:14: "[Hard_Skill]_Mu$TePu0<92><STEAM_0:4:1825263493><CT>" attacked "AVANGARD OMSK<94><STEAM_0:4:77831557><TERRORIST>" with "ak47" (damage "34") (damage_armor "0") (health "-2") (armor "0")
L 03/17/2015 - 20:15:14: "[Hard_Skill]_Mu$TePu0<92><STEAM_0:4:1825263493><CT>" killed "AVANGARD OMSK<94><STEAM_0:4:77831557><TERRORIST>" with "ak47"
L 03/17/2015 - 20:15:16: "GReenDay<90><STEAM_0:1:89735639><TERRORIST>" attacked "[Hard_Skill]_Mu$TePu0<92><STEAM_0:4:1825263493><CT>" with "ak47" (damage "12") (damage_armor "2") (health "88") (armor "98")
L 03/17/2015 - 20:15:16: "GReenDay<90><STEAM_0:1:89735639><TERRORIST>" attacked "[Hard_Skill]_Mu$TePu0<92><STEAM_0:4:1825263493><CT>" with "ak47" (damage "26") (damage_armor "4") (health "62") (armor "94")
L 03/17/2015 - 20:15:17: "[Hard_Skill]_Mu$TePu0<92><STEAM_0:4:1825263493><CT>" attacked "GReenDay<90><STEAM_0:1:89735639><TERRORIST>" with "ak47" (damage "34") (damage_armor "0") (health "12") (armor "0")
L 03/17/2015 - 20:15:19: "GReenDay<90><STEAM_0:1:89735639><TERRORIST>" attacked "[Hard_Skill]_Mu$TePu0<92><STEAM_0:4:1825263493><CT>" with "ak47" (damage "26") (damage_armor "4") (health "36") (armor "90")
L 03/17/2015 - 20:15:21: "[Hard_Skill]_Mu$TePu0<92><STEAM_0:4:1825263493><CT>" attacked "GReenDay<90><STEAM_0:1:89735639><TERRORIST>" with "ak47" (damage "25") (damage_armor "0") (health "-13") (armor "0")
L 03/17/2015 - 20:15:21: "[Hard_Skill]_Mu$TePu0<92><STEAM_0:4:1825263493><CT>" killed "GReenDay<90><STEAM_0:1:89735639><TERRORIST>" with "ak47"
L 03/17/2015 - 20:15:21: Team "CT" triggered "CTs_Win" (CT "3") (T "3")
L 03/17/2015 - 20:15:21: World triggered "Round_End"
L 03/17/2015 - 20:15:31: World triggered "Round_Start"
L 03/17/2015 - 20:15:38: "GReenDay<90><STEAM_0:1:89735639><TERRORIST>" attacked "[Easy_Skill]_Faza#1<89><STEAM_0:0:969824236><CT>" with "ak47" (damage "24") (damage_armor "0") (health "76") (armor "0")
L 03/17/2015 - 20:15:41: "[Hard_Skill]_Mu$TePu0<92><STEAM_0:4:1825263493><CT>" attacked "GReenDay<90><STEAM_0:1:89735639><TERRORIST>" with "ak47" (damage "64") (damage_armor "0") (health "5") (armor "0")
L 03/17/2015 - 20:15:42: "[Hard_Skill]_Mu$TePu0<92><STEAM_0:4:1825263493><CT>" attacked "GReenDay<90><STEAM_0:1:89735639><TERRORIST>" with "ak47" (damage "34") (damage_armor "0") (health "-29") (armor "0")
L 03/17/2015 - 20:15:42: "[Hard_Skill]_Mu$TePu0<92><STEAM_0:4:1825263493><CT>" killed "GReenDay<90><STEAM_0:1:89735639><TERRORIST>" with "ak47"
L 03/17/2015 - 20:15:43: "AVANGARD OMSK<94><STEAM_0:4:77831557><TERRORIST>" attacked "[Easy_Skill]_Faza#1<89><STEAM_0:0:969824236><CT>" with "m4a1" (damage "116") (damage_armor "0") (health "-40") (armor "0")
L 03/17/2015 - 20:15:43: "AVANGARD OMSK<94><STEAM_0:4:77831557><TERRORIST>" killed "[Easy_Skill]_Faza#1<89><STEAM_0:0:969824236><CT>" with "m4a1"
L 03/17/2015 - 20:15:45: "[Hard_Skill]_Mu$TePu0<92><STEAM_0:4:1825263493><CT>" attacked "AVANGARD OMSK<94><STEAM_0:4:77831557><TERRORIST>" with "ak47" (damage "34") (damage_armor "0") (health "66") (armor "0")
L 03/17/2015 - 20:15:46: "[Hard_Skill]_Mu$TePu0<92><STEAM_0:4:1825263493><CT>" attacked "AVANGARD OMSK<94><STEAM_0:4:77831557><TERRORIST>" with "ak47" (damage "34") (damage_armor "0") (health "32") (armor "0")
L 03/17/2015 - 20:15:46: "[Hard_Skill]_Mu$TePu0<92><STEAM_0:4:1825263493><CT>" attacked "AVANGARD OMSK<94><STEAM_0:4:77831557><TERRORIST>" with "ak47" (damage "34") (damage_armor "0") (health "-2") (armor "0")
L 03/17/2015 - 20:15:46: "[Hard_Skill]_Mu$TePu0<92><STEAM_0:4:1825263493><CT>" killed "AVANGARD OMSK<94><STEAM_0:4:77831557><TERRORIST>" with "ak47"
L 03/17/2015 - 20:15:46: Team "CT" triggered "CTs_Win" (CT "4") (T "3")
L 03/17/2015 - 20:15:46: World triggered "Round_End"
L 03/17/2015 - 20:15:56: World triggered "Round_Start"
L 03/17/2015 - 20:16:01: "AVANGARD OMSK<94><STEAM_0:4:77831557><TERRORIST>" attacked "[Hard_Skill]_Mu$TePu0<92><STEAM_0:4:1825263493><CT>" with "m4a1" (damage "9") (damage_armor "2") (health "91") (armor "88")
L 03/17/2015 - 20:16:02: "AVANGARD OMSK<94><STEAM_0:4:77831557><TERRORIST>" attacked "[Hard_Skill]_Mu$TePu0<92><STEAM_0:4:1825263493><CT>" with "m4a1" (damage "9") (damage_armor "2") (health "82") (armor "86")
L 03/17/2015 - 20:16:02: "AVANGARD OMSK<94><STEAM_0:4:77831557><TERRORIST>" attacked "[Hard_Skill]_Mu$TePu0<92><STEAM_0:4:1825263493><CT>" with "m4a1" (damage "9") (damage_armor "2") (health "73") (armor "84")
L 03/17/2015 - 20:16:02: "AVANGARD OMSK<94><STEAM_0:4:77831557><TERRORIST>" attacked "[Hard_Skill]_Mu$TePu0<92><STEAM_0:4:1825263493><CT>" with "m4a1" (damage "84") (damage_armor "18") (health "-11") (armor "66")
L 03/17/2015 - 20:16:02: "AVANGARD OMSK<94><STEAM_0:4:77831557><TERRORIST>" killed "[Hard_Skill]_Mu$TePu0<92><STEAM_0:4:1825263493><CT>" with "m4a1"
L 03/17/2015 - 20:16:05: "[Easy_Skill]_Faza#1<89><STEAM_0:0:969824236><CT>" attacked "AVANGARD OMSK<94><STEAM_0:4:77831557><TERRORIST>" with "ak47" (damage "42") (damage_armor "0") (health "19") (armor "0")
L 03/17/2015 - 20:16:05: "[Easy_Skill]_Faza#1<89><STEAM_0:0:969824236><CT>" attacked "AVANGARD OMSK<94><STEAM_0:4:77831557><TERRORIST>" with "ak47" (damage "42") (damage_armor "0") (health "-23") (armor "0")
L 03/17/2015 - 20:16:05: "[Easy_Skill]_Faza#1<89><STEAM_0:0:969824236><CT>" killed "AVANGARD OMSK<94><STEAM_0:4:77831557><TERRORIST>" with "ak47"
L 03/17/2015 - 20:16:14: "[Easy_Skill]_Faza#1<89><STEAM_0:0:969824236><CT>" attacked "GReenDay<90><STEAM_0:1:89735639><TERRORIST>" with "ak47" (damage "34") (damage_armor "0") (health "66") (armor "0")
L 03/17/2015 - 20:16:15: "[Easy_Skill]_Faza#1<89><STEAM_0:0:969824236><CT>" attacked "GReenDay<90><STEAM_0:1:89735639><TERRORIST>" with "ak47" (damage "34") (damage_armor "0") (health "32") (armor "0")
L 03/17/2015 - 20:16:15: "GReenDay<90><STEAM_0:1:89735639><TERRORIST>" attacked "[Easy_Skill]_Faza#1<89><STEAM_0:0:969824236><CT>" with "ak47" (damage "34") (damage_armor "0") (health "66") (armor "0")
L 03/17/2015 - 20:16:18: "GReenDay<90><STEAM_0:1:89735639><TERRORIST>" attacked "[Easy_Skill]_Faza#1<89><STEAM_0:0:969824236><CT>" with "ak47" (damage "34") (damage_armor "0") (health "32") (armor "0")
L 03/17/2015 - 20:16:19: "[Easy_Skill]_Faza#1<89><STEAM_0:0:969824236><CT>" attacked "GReenDay<90><STEAM_0:1:89735639><TERRORIST>" with "ak47" (damage "20") (damage_armor "0") (health "12") (armor "0")
L 03/17/2015 - 20:16:24: "GReenDay<90><STEAM_0:1:89735639><TERRORIST>" attacked "[Easy_Skill]_Faza#1<89><STEAM_0:0:969824236><CT>" with "ak47" (damage "34") (damage_armor "0") (health "-2") (armor "0")
L 03/17/2015 - 20:16:24: "GReenDay<90><STEAM_0:1:89735639><TERRORIST>" killed "[Easy_Skill]_Faza#1<89><STEAM_0:0:969824236><CT>" with "ak47"
L 03/17/2015 - 20:16:24: Team "TERRORIST" triggered "Terrorists_Win" (CT "4") (T "4")
L 03/17/2015 - 20:16:24: World triggered "Round_End"
L 03/17/2015 - 20:16:32: "AVANGARD OMSK<94><STEAM_0:4:77831557><TERRORIST>" triggered "weaponstats" (weapon "mp5navy") (shots "4") (hits "0") (kills "0") (headshots "0") (tks "0") (damage "0") (deaths "1")
L 03/17/2015 - 20:16:32: "AVANGARD OMSK<94><STEAM_0:4:77831557><TERRORIST>" triggered "weaponstats2" (weapon "mp5navy") (head "0") (chest "0") (stomach "0") (leftarm "0") (rightarm "0") (leftleg "0") (rightleg "0")
L 03/17/2015 - 20:16:32: "AVANGARD OMSK<94><STEAM_0:4:77831557><TERRORIST>" triggered "weaponstats" (weapon "m4a1") (shots "11") (hits "5") (kills "2") (headshots "2") (tks "0") (damage "227") (deaths "2")
L 03/17/2015 - 20:16:32: "AVANGARD OMSK<94><STEAM_0:4:77831557><TERRORIST>" triggered "weaponstats2" (weapon "m4a1") (head "2") (chest "0") (stomach "0") (leftarm "1") (rightarm "2") (leftleg "0") (rightleg "0")
L 03/17/2015 - 20:16:32: "AVANGARD OMSK<94><STEAM_0:4:77831557><TERRORIST>" triggered "time" (time "1:37")
L 03/17/2015 - 20:16:32: "AVANGARD OMSK<94><STEAM_0:4:77831557><TERRORIST>" triggered "latency" (ping "36")
L 03/17/2015 - 20:16:32: "AVANGARD OMSK<94><STEAM_0:4:77831557><TERRORIST>" disconnected
L 03/17/2015 - 20:16:34: World triggered "Round_Start"
L 03/17/2015 - 20:16:45: "[Easy_Skill]_Faza#1<89><STEAM_0:0:969824236><CT>" attacked "GReenDay<90><STEAM_0:1:89735639><TERRORIST>" with "m4a1" (damage "30") (damage_armor "0") (health "70") (armor "0")
L 03/17/2015 - 20:16:45: "[Easy_Skill]_Faza#1<89><STEAM_0:0:969824236><CT>" attacked "GReenDay<90><STEAM_0:1:89735639><TERRORIST>" with "m4a1" (damage "30") (damage_armor "0") (health "40") (armor "0")
L 03/17/2015 - 20:16:45: "[Easy_Skill]_Faza#1<89><STEAM_0:0:969824236><CT>" attacked "GReenDay<90><STEAM_0:1:89735639><TERRORIST>" with "m4a1" (damage "30") (damage_armor "0") (health "10") (armor "0")
L 03/17/2015 - 20:16:45: "[Easy_Skill]_Faza#1<89><STEAM_0:0:969824236><CT>" attacked "GReenDay<90><STEAM_0:1:89735639><TERRORIST>" with "m4a1" (damage "120") (damage_armor "0") (health "-110") (armor "0")
L 03/17/2015 - 20:16:45: "[Easy_Skill]_Faza#1<89><STEAM_0:0:969824236><CT>" killed "GReenDay<90><STEAM_0:1:89735639><TERRORIST>" with "m4a1"
L 03/17/2015 - 20:16:45: Team "CT" triggered "CTs_Win" (CT "5") (T "4")
L 03/17/2015 - 20:16:45: World triggered "Round_End"
L 03/17/2015 - 20:16:54: [DPROTO]: Client 2 - Set AuthIdType 3 [dp_RevEmu]; pClient = 0xb39e1cf0
L 03/17/2015 - 20:16:54: "H4RD|$kiLL. [GS-M]<95><STEAM_0:4:953365363><>" connected, address "95.132.250.216:27005"
L 03/17/2015 - 20:16:55: [VTC] Player 3 speex
L 03/17/2015 - 20:16:55: World triggered "Round_Start"
L 03/17/2015 - 20:17:01: "H4RD|$kiLL. [GS-M]<95><STEAM_0:4:953365363><>" entered the game
L 03/17/2015 - 20:17:08: "GReenDay<90><STEAM_0:1:89735639><TERRORIST>" attacked "[Easy_Skill]_Faza#1<89><STEAM_0:0:969824236><CT>" with "ak47" (damage "32") (damage_armor "5") (health "68") (armor "95")
L 03/17/2015 - 20:17:08: "[Easy_Skill]_Faza#1<89><STEAM_0:0:969824236><CT>" attacked "GReenDay<90><STEAM_0:1:89735639><TERRORIST>" with "m4a1" (damage "30") (damage_armor "0") (health "70") (armor "0")
L 03/17/2015 - 20:17:08: "GReenDay<90><STEAM_0:1:89735639><TERRORIST>" attacked "[Easy_Skill]_Faza#1<89><STEAM_0:0:969824236><CT>" with "ak47" (damage "26") (damage_armor "4") (health "42") (armor "91")
L 03/17/2015 - 20:17:08: "GReenDay<90><STEAM_0:1:89735639><TERRORIST>" attacked "[Easy_Skill]_Faza#1<89><STEAM_0:0:969824236><CT>" with "ak47" (damage "32") (damage_armor "5") (health "10") (armor "86")
L 03/17/2015 - 20:17:09: "[Easy_Skill]_Faza#1<89><STEAM_0:0:969824236><CT>" attacked "GReenDay<90><STEAM_0:1:89735639><TERRORIST>" with "m4a1" (damage "120") (damage_armor "0") (health "-50") (armor "0")
L 03/17/2015 - 20:17:09: "[Easy_Skill]_Faza#1<89><STEAM_0:0:969824236><CT>" killed "GReenDay<90><STEAM_0:1:89735639><TERRORIST>" with "m4a1"
L 03/17/2015 - 20:17:09: Team "CT" triggered "CTs_Win" (CT "6") (T "4")
L 03/17/2015 - 20:17:09: World triggered "Round_End"
L 03/17/2015 - 20:17:16: "H4RD|$kiLL. [GS-M]<95><STEAM_0:4:953365363><>" joined team "CT"
L 03/17/2015 - 20:17:19: World triggered "Round_Start"
L 03/17/2015 - 20:17:23: "GReenDay<90><STEAM_0:1:89735639><TERRORIST>" attacked "[Hard_Skill]_Mu$TePu0<92><STEAM_0:4:1825263493><CT>" with "ak47" (damage "25") (damage_armor "0") (health "75") (armor "100")
L 03/17/2015 - 20:17:23: "[Hard_Skill]_Mu$TePu0<92><STEAM_0:4:1825263493><CT>" attacked "GReenDay<90><STEAM_0:1:89735639><TERRORIST>" with "m4a1" (damage "30") (damage_armor "0") (health "70") (armor "0")
L 03/17/2015 - 20:17:23: "GReenDay<90><STEAM_0:1:89735639><TERRORIST>" attacked "[Hard_Skill]_Mu$TePu0<92><STEAM_0:4:1825263493><CT>" with "ak47" (damage "25") (damage_armor "0") (health "50") (armor "100")
L 03/17/2015 - 20:17:23: "[Hard_Skill]_Mu$TePu0<92><STEAM_0:4:1825263493><CT>" attacked "GReenDay<90><STEAM_0:1:89735639><TERRORIST>" with "m4a1" (damage "120") (damage_armor "0") (health "-50") (armor "0")
L 03/17/2015 - 20:17:23: "[Hard_Skill]_Mu$TePu0<92><STEAM_0:4:1825263493><CT>" killed "GReenDay<90><STEAM_0:1:89735639><TERRORIST>" with "m4a1"
L 03/17/2015 - 20:17:23: Team "CT" triggered "CTs_Win" (CT "7") (T "4")
L 03/17/2015 - 20:17:23: World triggered "Round_End"
L 03/17/2015 - 20:17:27: "[Hard_Skill]_Mu$TePu0<92><STEAM_0:4:1825263493><CT>" committed suicide with "world"
L 03/17/2015 - 20:17:27: "[Hard_Skill]_Mu$TePu0<92><STEAM_0:4:1825263493><CT>" joined team "TERRORIST"
L 03/17/2015 - 20:17:33: World triggered "Round_Start"
L 03/17/2015 - 20:17:46: "[Easy_Skill]_Faza#1<89><STEAM_0:0:969824236><CT>" attacked "GReenDay<90><STEAM_0:1:89735639><TERRORIST>" with "m4a1" (damage "38") (damage_armor "0") (health "49") (armor "0")
L 03/17/2015 - 20:17:47: "GReenDay<90><STEAM_0:1:89735639><TERRORIST>" attacked "[Easy_Skill]_Faza#1<89><STEAM_0:0:969824236><CT>" with "m4a1" (damage "23") (damage_armor "0") (health "77") (armor "100")
L 03/17/2015 - 20:17:47: "[Easy_Skill]_Faza#1<89><STEAM_0:0:969824236><CT>" attacked "GReenDay<90><STEAM_0:1:89735639><TERRORIST>" with "m4a1" (damage "31") (damage_armor "0") (health "18") (armor "0")
L 03/17/2015 - 20:17:47: "[Easy_Skill]_Faza#1<89><STEAM_0:0:969824236><CT>" attacked "GReenDay<90><STEAM_0:1:89735639><TERRORIST>" with "m4a1" (damage "124") (damage_armor "0") (health "-106") (armor "0")
L 03/17/2015 - 20:17:47: "[Easy_Skill]_Faza#1<89><STEAM_0:0:969824236><CT>" killed "GReenDay<90><STEAM_0:1:89735639><TERRORIST>" with "m4a1"
L 03/17/2015 - 20:17:53: "[Hard_Skill]_Mu$TePu0<92><STEAM_0:4:1825263493><TERRORIST>" attacked "[Easy_Skill]_Faza#1<89><STEAM_0:0:969824236><CT>" with "m4a1" (damage "20") (damage_armor "5") (health "57") (armor "95")
L 03/17/2015 - 20:17:53: "[Easy_Skill]_Faza#1<89><STEAM_0:0:969824236><CT>" attacked "[Hard_Skill]_Mu$TePu0<92><STEAM_0:4:1825263493><TERRORIST>" with "m4a1" (damage "116") (damage_armor "0") (health "-16") (armor "0")
L 03/17/2015 - 20:17:53: "[Easy_Skill]_Faza#1<89><STEAM_0:0:969824236><CT>" killed "[Hard_Skill]_Mu$TePu0<92><STEAM_0:4:1825263493><TERRORIST>" with "m4a1"
L 03/17/2015 - 20:17:53: Team "CT" triggered "CTs_Win" (CT "8") (T "4")
L 03/17/2015 - 20:17:53: World triggered "Round_End"
L 03/17/2015 - 20:18:03: World triggered "Round_Start"
L 03/17/2015 - 20:18:09: "GReenDay<90><STEAM_0:1:89735639><TERRORIST>" attacked "[Easy_Skill]_Faza#1<89><STEAM_0:0:969824236><CT>" with "m4a1" (damage "9") (damage_armor "2") (health "91") (armor "93")
L 03/17/2015 - 20:18:09: "[Easy_Skill]_Faza#1<89><STEAM_0:0:969824236><CT>" attacked "GReenDay<90><STEAM_0:1:89735639><TERRORIST>" with "m4a1" (damage "29") (damage_armor "0") (health "71") (armor "0")
L 03/17/2015 - 20:18:09: "GReenDay<90><STEAM_0:1:89735639><TERRORIST>" attacked "[Easy_Skill]_Faza#1<89><STEAM_0:0:969824236><CT>" with "m4a1" (damage "19") (damage_armor "4") (health "72") (armor "89")
L 03/17/2015 - 20:18:10: "GReenDay<90><STEAM_0:1:89735639><TERRORIST>" attacked "[Easy_Skill]_Faza#1<89><STEAM_0:0:969824236><CT>" with "m4a1" (damage "9") (damage_armor "2") (health "63") (armor "87")
L 03/17/2015 - 20:18:18: "H4RD|$kiLL. [GS-M]<95><STEAM_0:4:953365363><CT>" attacked "[Hard_Skill]_Mu$TePu0<92><STEAM_0:4:1825263493><TERRORIST>" with "m4a1" (damage "28") (damage_armor "0") (health "72") (armor "0")
L 03/17/2015 - 20:18:26: "[Easy_Skill]_Faza#1<89><STEAM_0:0:969824236><CT>" attacked "GReenDay<90><STEAM_0:1:89735639><TERRORIST>" with "m4a1" (damage "22") (damage_armor "0") (health "49") (armor "0")
L 03/17/2015 - 20:18:26: "GReenDay<90><STEAM_0:1:89735639><TERRORIST>" attacked "[Easy_Skill]_Faza#1<89><STEAM_0:0:969824236><CT>" with "m4a1" (damage "21") (damage_armor "4") (health "42") (armor "83")
L 03/17/2015 - 20:18:26: "[Easy_Skill]_Faza#1<89><STEAM_0:0:969824236><CT>" attacked "GReenDay<90><STEAM_0:1:89735639><TERRORIST>" with "m4a1" (damage "22") (damage_armor "0") (health "27") (armor "0")
L 03/17/2015 - 20:18:27: "[Easy_Skill]_Faza#1<89><STEAM_0:0:969824236><CT>" attacked "GReenDay<90><STEAM_0:1:89735639><TERRORIST>" with "m4a1" (damage "30") (damage_armor "0") (health "-3") (armor "0")
L 03/17/2015 - 20:18:27: "[Easy_Skill]_Faza#1<89><STEAM_0:0:969824236><CT>" killed "GReenDay<90><STEAM_0:1:89735639><TERRORIST>" with "m4a1"
L 03/17/2015 - 20:18:36: "[Hard_Skill]_Mu$TePu0<92><STEAM_0:4:1825263493><TERRORIST>" attacked "[Easy_Skill]_Faza#1<89><STEAM_0:0:969824236><CT>" with "m4a1" (damage "21") (damage_armor "5") (health "21") (armor "78")
L 03/17/2015 - 20:18:36: "[Easy_Skill]_Faza#1<89><STEAM_0:0:969824236><CT>" attacked "[Hard_Skill]_Mu$TePu0<92><STEAM_0:4:1825263493><TERRORIST>" with "m4a1" (damage "30") (damage_armor "0") (health "42") (armor "0")
L 03/17/2015 - 20:18:37: "[Hard_Skill]_Mu$TePu0<92><STEAM_0:4:1825263493><TERRORIST>" attacked "[Easy_Skill]_Faza#1<89><STEAM_0:0:969824236><CT>" with "m4a1" (damage "10") (damage_armor "0") (health "11") (armor "78")
L 03/17/2015 - 20:18:41: "H4RD|$kiLL. [GS-M]<95><STEAM_0:4:953365363><CT>" attacked "[Hard_Skill]_Mu$TePu0<92><STEAM_0:4:1825263493><TERRORIST>" with "m4a1" (damage "21") (damage_armor "0") (health "21") (armor "0")
L 03/17/2015 - 20:18:42: "[Hard_Skill]_Mu$TePu0<92><STEAM_0:4:1825263493><TERRORIST>" attacked "H4RD|$kiLL. [GS-M]<95><STEAM_0:4:953365363><CT>" with "m4a1" (damage "29") (damage_armor "0") (health "71") (armor "0")
L 03/17/2015 - 20:18:45: "[Hard_Skill]_Mu$TePu0<92><STEAM_0:4:1825263493><TERRORIST>" attacked "[Easy_Skill]_Faza#1<89><STEAM_0:0:969824236><CT>" with "m4a1" (damage "10") (damage_armor "0") (health "1") (armor "78")
L 03/17/2015 - 20:18:46: "[Hard_Skill]_Mu$TePu0<92><STEAM_0:4:1825263493><TERRORIST>" attacked "[Easy_Skill]_Faza#1<89><STEAM_0:0:969824236><CT>" with "m4a1" (damage "26") (damage_armor "6") (health "-25") (armor "72")
L 03/17/2015 - 20:18:46: "[Hard_Skill]_Mu$TePu0<92><STEAM_0:4:1825263493><TERRORIST>" killed "[Easy_Skill]_Faza#1<89><STEAM_0:0:969824236><CT>" with "m4a1"
L 03/17/2015 - 20:18:51: "H4RD|$kiLL. [GS-M]<95><STEAM_0:4:953365363><CT>" attacked "[Hard_Skill]_Mu$TePu0<92><STEAM_0:4:1825263493><TERRORIST>" with "m4a1" (damage "31") (damage_armor "0") (health "-10") (armor "0")
L 03/17/2015 - 20:18:51: "H4RD|$kiLL. [GS-M]<95><STEAM_0:4:953365363><CT>" killed "[Hard_Skill]_Mu$TePu0<92><STEAM_0:4:1825263493><TERRORIST>" with "m4a1"
L 03/17/2015 - 20:18:51: Team "CT" triggered "CTs_Win" (CT "9") (T "4")
L 03/17/2015 - 20:18:51: World triggered "Round_End"
L 03/17/2015 - 20:19:01: World triggered "Round_Start"
L 03/17/2015 - 20:19:10: "GReenDay<90><STEAM_0:1:89735639><TERRORIST>" attacked "H4RD|$kiLL. [GS-M]<95><STEAM_0:4:953365363><CT>" with "ak47" (damage "34") (damage_armor "0") (health "66") (armor "0")
L 03/17/2015 - 20:19:10: "H4RD|$kiLL. [GS-M]<95><STEAM_0:4:953365363><CT>" attacked "GReenDay<90><STEAM_0:1:89735639><TERRORIST>" with "m4a1" (damage "29") (damage_armor "0") (health "71") (armor "0")
L 03/17/2015 - 20:19:11: "GReenDay<90><STEAM_0:1:89735639><TERRORIST>" attacked "H4RD|$kiLL. [GS-M]<95><STEAM_0:4:953365363><CT>" with "ak47" (damage "25") (damage_armor "0") (health "41") (armor "0")
L 03/17/2015 - 20:19:11: "GReenDay<90><STEAM_0:1:89735639><TERRORIST>" attacked "H4RD|$kiLL. [GS-M]<95><STEAM_0:4:953365363><CT>" with "ak47" (damage "34") (damage_armor "0") (health "7") (armor "0")
L 03/17/2015 - 20:19:11: "[Hard_Skill]_Mu$TePu0<92><STEAM_0:4:1825263493><TERRORIST>" attacked "[Easy_Skill]_Faza#1<89><STEAM_0:0:969824236><CT>" with "ak47" (damage "16") (damage_armor "0") (health "84") (armor "0")
L 03/17/2015 - 20:19:12: "[Easy_Skill]_Faza#1<89><STEAM_0:0:969824236><CT>" attacked "[Hard_Skill]_Mu$TePu0<92><STEAM_0:4:1825263493><TERRORIST>" with "ak47" (damage "35") (damage_armor "0") (health "65") (armor "0")
L 03/17/2015 - 20:19:12: "[Hard_Skill]_Mu$TePu0<92><STEAM_0:4:1825263493><TERRORIST>" attacked "[Easy_Skill]_Faza#1<89><STEAM_0:0:969824236><CT>" with "ak47" (damage "26") (damage_armor "0") (health "58") (armor "0")
L 03/17/2015 - 20:19:12: "[Easy_Skill]_Faza#1<89><STEAM_0:0:969824236><CT>" attacked "[Hard_Skill]_Mu$TePu0<92><STEAM_0:4:1825263493><TERRORIST>" with "ak47" (damage "26") (damage_armor "0") (health "39") (armor "0")
L 03/17/2015 - 20:19:12: "[Hard_Skill]_Mu$TePu0<92><STEAM_0:4:1825263493><TERRORIST>" attacked "[Easy_Skill]_Faza#1<89><STEAM_0:0:969824236><CT>" with "ak47" (damage "35") (damage_armor "0") (health "23") (armor "0")
L 03/17/2015 - 20:19:12: "[Easy_Skill]_Faza#1<89><STEAM_0:0:969824236><CT>" attacked "[Hard_Skill]_Mu$TePu0<92><STEAM_0:4:1825263493><TERRORIST>" with "ak47" (damage "35") (damage_armor "0") (health "4") (armor "0")
L 03/17/2015 - 20:19:12: "[Easy_Skill]_Faza#1<89><STEAM_0:0:969824236><CT>" attacked "[Hard_Skill]_Mu$TePu0<92><STEAM_0:4:1825263493><TERRORIST>" with "ak47" (damage "26") (damage_armor "0") (health "-22") (armor "0")
L 03/17/2015 - 20:19:12: "[Easy_Skill]_Faza#1<89><STEAM_0:0:969824236><CT>" killed "[Hard_Skill]_Mu$TePu0<92><STEAM_0:4:1825263493><TERRORIST>" with "ak47"
L 03/17/2015 - 20:19:16: "[Easy_Skill]_Faza#1<89><STEAM_0:0:969824236><CT>" attacked "GReenDay<90><STEAM_0:1:89735639><TERRORIST>" with "ak47" (damage "43") (damage_armor "0") (health "28") (armor "0")
L 03/17/2015 - 20:19:17: "[Easy_Skill]_Faza#1<89><STEAM_0:0:969824236><CT>" attacked "GReenDay<90><STEAM_0:1:89735639><TERRORIST>" with "ak47" (damage "16") (damage_armor "0") (health "12") (armor "0")
L 03/17/2015 - 20:19:17: "GReenDay<90><STEAM_0:1:89735639><TERRORIST>" attacked "[Easy_Skill]_Faza#1<89><STEAM_0:0:969824236><CT>" with "ak47" (damage "16") (damage_armor "0") (health "7") (armor "0")
L 03/17/2015 - 20:19:17: "GReenDay<90><STEAM_0:1:89735639><TERRORIST>" attacked "[Easy_Skill]_Faza#1<89><STEAM_0:0:969824236><CT>" with "ak47" (damage "16") (damage_armor "0") (health "-9") (armor "0")
L 03/17/2015 - 20:19:17: "GReenDay<90><STEAM_0:1:89735639><TERRORIST>" killed "[Easy_Skill]_Faza#1<89><STEAM_0:0:969824236><CT>" with "ak47"
L 03/17/2015 - 20:19:22: "H4RD|$kiLL. [GS-M]<95><STEAM_0:4:953365363><CT>" attacked "GReenDay<90><STEAM_0:1:89735639><TERRORIST>" with "m4a1" (damage "30") (damage_armor "0") (health "-18") (armor "0")
L 03/17/2015 - 20:19:22: "H4RD|$kiLL. [GS-M]<95><STEAM_0:4:953365363><CT>" killed "GReenDay<90><STEAM_0:1:89735639><TERRORIST>" with "m4a1"
L 03/17/2015 - 20:19:22: Team "CT" triggered "CTs_Win" (CT "10") (T "4")
L 03/17/2015 - 20:19:22: World triggered "Round_End"
L 03/17/2015 - 20:19:32: World triggered "Round_Start"
L 03/17/2015 - 20:19:35: "[Hard_Skill]_Mu$TePu0<92><STEAM_0:4:1825263493><TERRORIST>" attacked "H4RD|$kiLL. [GS-M]<95><STEAM_0:4:953365363><CT>" with "m4a1" (damage "120") (damage_armor "0") (health "-20") (armor "0")
L 03/17/2015 - 20:19:35: "[Hard_Skill]_Mu$TePu0<92><STEAM_0:4:1825263493><TERRORIST>" killed "H4RD|$kiLL. [GS-M]<95><STEAM_0:4:953365363><CT>" with "m4a1"
L 03/17/2015 - 20:19:38: "[Hard_Skill]_Mu$TePu0<92><STEAM_0:4:1825263493><TERRORIST>" attacked "[Easy_Skill]_Faza#1<89><STEAM_0:0:969824236><CT>" with "m4a1" (damage "30") (damage_armor "0") (health "70") (armor "0")
L 03/17/2015 - 20:19:38: "[Easy_Skill]_Faza#1<89><STEAM_0:0:969824236><CT>" attacked "[Hard_Skill]_Mu$TePu0<92><STEAM_0:4:1825263493><TERRORIST>" with "m4a1" (damage "22") (damage_armor "0") (health "78") (armor "0")
L 03/17/2015 - 20:19:38: "[Hard_Skill]_Mu$TePu0<92><STEAM_0:4:1825263493><TERRORIST>" attacked "[Easy_Skill]_Faza#1<89><STEAM_0:0:969824236><CT>" with "m4a1" (damage "30") (damage_armor "0") (health "40") (armor "0")
L 03/17/2015 - 20:19:38: "[Easy_Skill]_Faza#1<89><STEAM_0:0:969824236><CT>" attacked "[Hard_Skill]_Mu$TePu0<92><STEAM_0:4:1825263493><TERRORIST>" with "m4a1" (damage "22") (damage_armor "0") (health "56") (armor "0")
L 03/17/2015 - 20:19:38: "[Hard_Skill]_Mu$TePu0<92><STEAM_0:4:1825263493><TERRORIST>" attacked "[Easy_Skill]_Faza#1<89><STEAM_0:0:969824236><CT>" with "m4a1" (damage "22") (damage_armor "0") (health "18") (armor "0")
L 03/17/2015 - 20:19:38: "[Easy_Skill]_Faza#1<89><STEAM_0:0:969824236><CT>" attacked "[Hard_Skill]_Mu$TePu0<92><STEAM_0:4:1825263493><TERRORIST>" with "m4a1" (damage "22") (damage_armor "0") (health "34") (armor "0")
L 03/17/2015 - 20:19:38: "[Hard_Skill]_Mu$TePu0<92><STEAM_0:4:1825263493><TERRORIST>" attacked "[Easy_Skill]_Faza#1<89><STEAM_0:0:969824236><CT>" with "m4a1" (damage "30") (damage_armor "0") (health "-12") (armor "0")
L 03/17/2015 - 20:19:38: "[Hard_Skill]_Mu$TePu0<92><STEAM_0:4:1825263493><TERRORIST>" killed "[Easy_Skill]_Faza#1<89><STEAM_0:0:969824236><CT>" with "m4a1"
L 03/17/2015 - 20:19:38: Team "TERRORIST" triggered "Terrorists_Win" (CT "10") (T "5")
L 03/17/2015 - 20:19:38: World triggered "Round_End"
L 03/17/2015 - 20:19:48: World triggered "Round_Start"
L 03/17/2015 - 20:20:00: "H4RD|$kiLL. [GS-M]<95><STEAM_0:4:953365363><CT>" attacked "GReenDay<90><STEAM_0:1:89735639><TERRORIST>" with "m4a1" (damage "31") (damage_armor "0") (health "69") (armor "0")
L 03/17/2015 - 20:20:01: "GReenDay<90><STEAM_0:1:89735639><TERRORIST>" attacked "H4RD|$kiLL. [GS-M]<95><STEAM_0:4:953365363><CT>" with "m4a1" (damage "38") (damage_armor "0") (health "62") (armor "0")
L 03/17/2015 - 20:20:01: "GReenDay<90><STEAM_0:1:89735639><TERRORIST>" attacked "H4RD|$kiLL. [GS-M]<95><STEAM_0:4:953365363><CT>" with "m4a1" (damage "31") (damage_armor "0") (health "31") (armor "0")
L 03/17/2015 - 20:20:02: "H4RD|$kiLL. [GS-M]<95><STEAM_0:4:953365363><CT>" attacked "GReenDay<90><STEAM_0:1:89735639><TERRORIST>" with "m4a1" (damage "124") (damage_armor "0") (health "-55") (armor "0")
L 03/17/2015 - 20:20:02: "H4RD|$kiLL. [GS-M]<95><STEAM_0:4:953365363><CT>" killed "GReenDay<90><STEAM_0:1:89735639><TERRORIST>" with "m4a1"
L 03/17/2015 - 20:20:03: "[Hard_Skill]_Mu$TePu0<92><STEAM_0:4:1825263493><TERRORIST>" attacked "[Easy_Skill]_Faza#1<89><STEAM_0:0:969824236><CT>" with "m4a1" (damage "10") (damage_armor "0") (health "90") (armor "0")
L 03/17/2015 - 20:20:19: "[Hard_Skill]_Mu$TePu0<92><STEAM_0:4:1825263493><TERRORIST>" attacked "[Easy_Skill]_Faza#1<89><STEAM_0:0:969824236><CT>" with "m4a1" (damage "31") (damage_armor "0") (health "59") (armor "0")
L 03/17/2015 - 20:20:20: "[Hard_Skill]_Mu$TePu0<92><STEAM_0:4:1825263493><TERRORIST>" attacked "[Easy_Skill]_Faza#1<89><STEAM_0:0:969824236><CT>" with "m4a1" (damage "31") (damage_armor "0") (health "28") (armor "0")
L 03/17/2015 - 20:20:20: "[Hard_Skill]_Mu$TePu0<92><STEAM_0:4:1825263493><TERRORIST>" attacked "[Easy_Skill]_Faza#1<89><STEAM_0:0:969824236><CT>" with "m4a1" (damage "31") (damage_armor "0") (health "-3") (armor "0")
L 03/17/2015 - 20:20:20: "[Hard_Skill]_Mu$TePu0<92><STEAM_0:4:1825263493><TERRORIST>" killed "[Easy_Skill]_Faza#1<89><STEAM_0:0:969824236><CT>" with "m4a1"
L 03/17/2015 - 20:20:26: "H4RD|$kiLL. [GS-M]<95><STEAM_0:4:953365363><CT>" attacked "[Hard_Skill]_Mu$TePu0<92><STEAM_0:4:1825263493><TERRORIST>" with "m4a1" (damage "21") (damage_armor "5") (health "79") (armor "95")
L 03/17/2015 - 20:20:37: "[Hard_Skill]_Mu$TePu0<92><STEAM_0:4:1825263493><TERRORIST>" attacked "H4RD|$kiLL. [GS-M]<95><STEAM_0:4:953365363><CT>" with "deagle" (damage "30") (damage_armor "0") (health "-13") (armor "0")
L 03/17/2015 - 20:20:37: "[Hard_Skill]_Mu$TePu0<92><STEAM_0:4:1825263493><TERRORIST>" killed "H4RD|$kiLL. [GS-M]<95><STEAM_0:4:953365363><CT>" with "deagle"
L 03/17/2015 - 20:20:37: Team "TERRORIST" triggered "Terrorists_Win" (CT "10") (T "6")
L 03/17/2015 - 20:20:37: World triggered "Round_End"
L 03/17/2015 - 20:20:47: World triggered "Round_Start"
L 03/17/2015 - 20:20:52: "[Easy_Skill]_Faza#1<89><STEAM_0:0:969824236><CT>" attacked "[Hard_Skill]_Mu$TePu0<92><STEAM_0:4:1825263493><TERRORIST>" with "m4a1" (damage "22") (damage_armor "5") (health "78") (armor "90")
L 03/17/2015 - 20:20:52: "[Easy_Skill]_Faza#1<89><STEAM_0:0:969824236><CT>" attacked "[Hard_Skill]_Mu$TePu0<92><STEAM_0:4:1825263493><TERRORIST>" with "m4a1" (damage "22") (damage_armor "5") (health "56") (armor "85")
L 03/17/2015 - 20:20:52: "[Easy_Skill]_Faza#1<89><STEAM_0:0:969824236><CT>" attacked "[Hard_Skill]_Mu$TePu0<92><STEAM_0:4:1825263493><TERRORIST>" with "m4a1" (damage "22") (damage_armor "4") (health "34") (armor "81")
L 03/17/2015 - 20:20:52: "[Easy_Skill]_Faza#1<89><STEAM_0:0:969824236><CT>" attacked "[Hard_Skill]_Mu$TePu0<92><STEAM_0:4:1825263493><TERRORIST>" with "m4a1" (damage "24") (damage_armor "0") (health "10") (armor "81")
L 03/17/2015 - 20:20:52: "[Easy_Skill]_Faza#1<89><STEAM_0:0:969824236><CT>" attacked "[Hard_Skill]_Mu$TePu0<92><STEAM_0:4:1825263493><TERRORIST>" with "m4a1" (damage "28") (damage_armor "6") (health "-18") (armor "75")
L 03/17/2015 - 20:20:52: "[Easy_Skill]_Faza#1<89><STEAM_0:0:969824236><CT>" killed "[Hard_Skill]_Mu$TePu0<92><STEAM_0:4:1825263493><TERRORIST>" with "m4a1"
L 03/17/2015 - 20:21:01: "[Easy_Skill]_Faza#1<89><STEAM_0:0:969824236><CT>" attacked "GReenDay<90><STEAM_0:1:89735639><TERRORIST>" with "m4a1" (damage "13") (damage_armor "0") (health "87") (armor "0")
L 03/17/2015 - 20:21:01: "[Easy_Skill]_Faza#1<89><STEAM_0:0:969824236><CT>" attacked "GReenDay<90><STEAM_0:1:89735639><TERRORIST>" with "m4a1" (damage "13") (damage_armor "0") (health "74") (armor "0")
L 03/17/2015 - 20:21:02: "GReenDay<90><STEAM_0:1:89735639><TERRORIST>" attacked "[Easy_Skill]_Faza#1<89><STEAM_0:0:969824236><CT>" with "m4a1" (damage "21") (damage_armor "0") (health "79") (armor "0")
L 03/17/2015 - 20:21:02: "GReenDay<90><STEAM_0:1:89735639><TERRORIST>" attacked "[Easy_Skill]_Faza#1<89><STEAM_0:0:969824236><CT>" with "m4a1" (damage "29") (damage_armor "0") (health "50") (armor "0")
L 03/17/2015 - 20:21:02: "GReenDay<90><STEAM_0:1:89735639><TERRORIST>" attacked "[Easy_Skill]_Faza#1<89><STEAM_0:0:969824236><CT>" with "m4a1" (damage "29") (damage_armor "0") (health "21") (armor "0")
L 03/17/2015 - 20:21:02: "[Easy_Skill]_Faza#1<89><STEAM_0:0:969824236><CT>" attacked "GReenDay<90><STEAM_0:1:89735639><TERRORIST>" with "m4a1" (damage "36") (damage_armor "0") (health "38") (armor "0")
L 03/17/2015 - 20:21:03: "GReenDay<90><STEAM_0:1:89735639><TERRORIST>" attacked "[Easy_Skill]_Faza#1<89><STEAM_0:0:969824236><CT>" with "m4a1" (damage "36") (damage_armor "0") (health "-15") (armor "0")
L 03/17/2015 - 20:21:03: "GReenDay<90><STEAM_0:1:89735639><TERRORIST>" killed "[Easy_Skill]_Faza#1<89><STEAM_0:0:969824236><CT>" with "m4a1"
L 03/17/2015 - 20:21:03: "H4RD|$kiLL. [GS-M]<95><STEAM_0:4:953365363><CT>" attacked "GReenDay<90><STEAM_0:1:89735639><TERRORIST>" with "m4a1" (damage "29") (damage_armor "0") (health "9") (armor "0")
L 03/17/2015 - 20:21:06: "GReenDay<90><STEAM_0:1:89735639><TERRORIST>" attacked "H4RD|$kiLL. [GS-M]<95><STEAM_0:4:953365363><CT>" with "m4a1" (damage "21") (damage_armor "0") (health "79") (armor "0")
L 03/17/2015 - 20:21:06: "GReenDay<90><STEAM_0:1:89735639><TERRORIST>" attacked "H4RD|$kiLL. [GS-M]<95><STEAM_0:4:953365363><CT>" with "m4a1" (damage "28") (damage_armor "0") (health "51") (armor "0")
L 03/17/2015 - 20:21:06: "H4RD|$kiLL. [GS-M]<95><STEAM_0:4:953365363><CT>" attacked "GReenDay<90><STEAM_0:1:89735639><TERRORIST>" with "m4a1" (damage "21") (damage_armor "0") (health "-12") (armor "0")
L 03/17/2015 - 20:21:06: "H4RD|$kiLL. [GS-M]<95><STEAM_0:4:953365363><CT>" killed "GReenDay<90><STEAM_0:1:89735639><TERRORIST>" with "m4a1"
L 03/17/2015 - 20:21:06: Team "CT" triggered "CTs_Win" (CT "11") (T "6")
L 03/17/2015 - 20:21:06: World triggered "Round_End"
L 03/17/2015 - 20:21:10: "GReenDay<90><STEAM_0:1:89735639><TERRORIST>" triggered "weaponstats" (weapon "glock18") (shots "1") (hits "0") (kills "0") (headshots "0") (tks "0") (damage "0") (deaths "0")
L 03/17/2015 - 20:21:10: "GReenDay<90><STEAM_0:1:89735639><TERRORIST>" triggered "weaponstats2" (weapon "glock18") (head "0") (chest "0") (stomach "0") (leftarm "0") (rightarm "0") (leftleg "0") (rightleg "0")
L 03/17/2015 - 20:21:10: "GReenDay<90><STEAM_0:1:89735639><TERRORIST>" triggered "weaponstats" (weapon "m4a1") (shots "72") (hits "16") (kills "1") (headshots "0") (tks "0") (damage "377") (deaths "5")
L 03/17/2015 - 20:21:10: "GReenDay<90><STEAM_0:1:89735639><TERRORIST>" triggered "weaponstats2" (weapon "m4a1") (head "0") (chest "0") (stomach "2") (leftarm "5") (rightarm "3") (leftleg "3") (rightleg "3")
L 03/17/2015 - 20:21:10: "GReenDay<90><STEAM_0:1:89735639><TERRORIST>" triggered "weaponstats" (weapon "ak47") (shots "134") (hits "34") (kills "7") (headshots "4") (tks "0") (damage "1390") (deaths "7")
L 03/17/2015 - 20:21:10: "GReenDay<90><STEAM_0:1:89735639><TERRORIST>" triggered "weaponstats2" (weapon "ak47") (head "5") (chest "3") (stomach "3") (leftarm "10") (rightarm "5") (leftleg "4") (rightleg "4")
L 03/17/2015 - 20:21:10: "GReenDay<90><STEAM_0:1:89735639><TERRORIST>" triggered "weaponstats" (weapon "knife") (shots "16") (hits "0") (kills "0") (headshots "0") (tks "0") (damage "0") (deaths "0")
L 03/17/2015 - 20:21:10: "GReenDay<90><STEAM_0:1:89735639><TERRORIST>" triggered "weaponstats2" (weapon "knife") (head "0") (chest "0") (stomach "0") (leftarm "0") (rightarm "0") (leftleg "0") (rightleg "0")
L 03/17/2015 - 20:21:10: "GReenDay<90><STEAM_0:1:89735639><TERRORIST>" triggered "time" (time "8:18")
L 03/17/2015 - 20:21:10: "GReenDay<90><STEAM_0:1:89735639><TERRORIST>" triggered "latency" (ping "34")
L 03/17/2015 - 20:21:10: "GReenDay<90><STEAM_0:1:89735639><TERRORIST>" disconnected
L 03/17/2015 - 20:21:16: World triggered "Round_Start"
L 03/17/2015 - 20:21:27: "[Hard_Skill]_Mu$TePu0<92><STEAM_0:4:1825263493><TERRORIST>" attacked "H4RD|$kiLL. [GS-M]<95><STEAM_0:4:953365363><CT>" with "m4a1" (damage "36") (damage_armor "0") (health "64") (armor "0")
L 03/17/2015 - 20:21:27: "[Hard_Skill]_Mu$TePu0<92><STEAM_0:4:1825263493><TERRORIST>" attacked "H4RD|$kiLL. [GS-M]<95><STEAM_0:4:953365363><CT>" with "m4a1" (damage "29") (damage_armor "0") (health "35") (armor "0")
L 03/17/2015 - 20:21:28: "[Hard_Skill]_Mu$TePu0<92><STEAM_0:4:1825263493><TERRORIST>" attacked "H4RD|$kiLL. [GS-M]<95><STEAM_0:4:953365363><CT>" with "m4a1" (damage "36") (damage_armor "0") (health "-1") (armor "0")
L 03/17/2015 - 20:21:28: "[Hard_Skill]_Mu$TePu0<92><STEAM_0:4:18