L 03/12/2015 - 08:20:03: Log file started (file "logs/L0312013.log") (game "cstrike") (version "48/1.6.3.7/Stdio/5787")
L 03/12/2015 - 08:20:03: Loading map "$2000$"
L 03/12/2015 - 08:20:03: Server cvars start
L 03/12/2015 - 08:20:03: Server cvar "_tutor_bomb_viewable_check_interval" = "0.5"
L 03/12/2015 - 08:20:03: Server cvar "_tutor_debug_level" = "0"
L 03/12/2015 - 08:20:03: Server cvar "_tutor_examine_time" = "0.5"
L 03/12/2015 - 08:20:03: Server cvar "_tutor_hint_interval_time" = "10.0"
L 03/12/2015 - 08:20:03: Server cvar "_tutor_look_angle" = "10"
L 03/12/2015 - 08:20:03: Server cvar "_tutor_look_distance" = "200"
L 03/12/2015 - 08:20:03: Server cvar "_tutor_message_character_display_time_coefficient" = "0.07"
L 03/12/2015 - 08:20:03: Server cvar "_tutor_message_minimum_display_time" = "1"
L 03/12/2015 - 08:20:03: Server cvar "_tutor_message_repeats" = "5"
L 03/12/2015 - 08:20:03: Server cvar "_tutor_view_distance" = "1000"
L 03/12/2015 - 08:20:03: Server cvar "aesp_version" = "1.5b_mini"
L 03/12/2015 - 08:20:03: Server cvar "allow_spectators" = "2"
L 03/12/2015 - 08:20:03: Server cvar "amx_client_languages" = "0"
L 03/12/2015 - 08:20:03: Server cvar "amx_contactinfo" = "ICQ: 691322983"
L 03/12/2015 - 08:20:03: Server cvar "amx_language" = "ru"
L 03/12/2015 - 08:20:03: Server cvar "amx_nextmap" = "aim_awp"
L 03/12/2015 - 08:20:03: Server cvar "amx_timeleft" = "24:49"
L 03/12/2015 - 08:20:03: Server cvar "amxbans_ssversion" = "Gm 1.6"
L 03/12/2015 - 08:20:03: Server cvar "amxbans_version" = "Gm 1.6"
L 03/12/2015 - 08:20:03: Server cvar "amxmodx_version" = "1.8.1.3746"
L 03/12/2015 - 08:20:03: Server cvar "Colored Translit Cheat" = "Loaded"
L 03/12/2015 - 08:20:03: Server cvar "Colored Translit Config" = "Loaded"
L 03/12/2015 - 08:20:03: Server cvar "Colored Translit Ignores" = "Loaded"
L 03/12/2015 - 08:20:03: Server cvar "Colored Translit Replace" = "Loaded"
L 03/12/2015 - 08:20:03: Server cvar "Colored Translit Spam" = "Loaded"
L 03/12/2015 - 08:20:03: Server cvar "Colored Translit Status" = "Loaded"
L 03/12/2015 - 08:20:03: Server cvar "Colored Translit Swear" = "Loaded"
L 03/12/2015 - 08:20:03: Server cvar "Colored Translit Version" = "2.0b Final"
L 03/12/2015 - 08:20:03: Server cvar "coop" = "0"
L 03/12/2015 - 08:20:03: Server cvar "deathmatch" = "1"
L 03/12/2015 - 08:20:03: Server cvar "decalfrequency" = "9"
L 03/12/2015 - 08:20:03: Server cvar "dp_version" = "0.9.391"
L 03/12/2015 - 08:20:03: Server cvar "edgefriction" = "2"
L 03/12/2015 - 08:20:03: Server cvar "hostage_debug" = "0"
L 03/12/2015 - 08:20:03: Server cvar "hostage_stop" = "0"
L 03/12/2015 - 08:20:03: Server cvar "humans_join_team" = "any"
L 03/12/2015 - 08:20:03: Server cvar "jtp10181" = "chute"
L 03/12/2015 - 08:20:03: Server cvar "max_queries_sec" = "3.0"
L 03/12/2015 - 08:20:03: Server cvar "max_queries_sec_global" = "30"
L 03/12/2015 - 08:20:03: Server cvar "max_queries_window" = "60"
L 03/12/2015 - 08:20:03: Server cvar "metamod_version" = "1.19p32"
L 03/12/2015 - 08:20:03: Server cvar "mp_allowmonsters" = "0"
L 03/12/2015 - 08:20:03: Server cvar "mp_autokick" = "1"
L 03/12/2015 - 08:20:03: Server cvar "mp_autoteambalance" = "1"
L 03/12/2015 - 08:20:03: Server cvar "mp_buytime" = "1.5"
L 03/12/2015 - 08:20:03: Server cvar "mp_c4timer" = "35"
L 03/12/2015 - 08:20:03: Server cvar "mp_chattime" = "0"
L 03/12/2015 - 08:20:03: Server cvar "mp_consistency" = "1"
L 03/12/2015 - 08:20:03: Server cvar "mp_fadetoblack" = "0"
L 03/12/2015 - 08:20:03: Server cvar "mp_flashlight" = "1"
L 03/12/2015 - 08:20:03: Server cvar "mp_footsteps" = "1"
L 03/12/2015 - 08:20:03: Server cvar "mp_forcecamera" = "0"
L 03/12/2015 - 08:20:03: Server cvar "mp_forcechasecam" = "0"
L 03/12/2015 - 08:20:03: Server cvar "mp_fragsleft" = "0"
L 03/12/2015 - 08:20:03: Server cvar "mp_freezetime" = "5"
L 03/12/2015 - 08:20:03: Server cvar "mp_friendlyfire" = "0"
L 03/12/2015 - 08:20:03: Server cvar "mp_ghostfrequency" = "0.1"
L 03/12/2015 - 08:20:03: Server cvar "mp_hostagepenalty" = "2"
L 03/12/2015 - 08:20:03: Server cvar "mp_kickpercent" = "0.66"
L 03/12/2015 - 08:20:03: Server cvar "mp_limitteams" = "2"
L 03/12/2015 - 08:20:03: Server cvar "mp_logdetail" = "3"
L 03/12/2015 - 08:20:03: Server cvar "mp_logfile" = "1"
L 03/12/2015 - 08:20:03: Server cvar "mp_logmessages" = "1"
L 03/12/2015 - 08:20:03: Server cvar "mp_mapvoteratio" = "0.66"
L 03/12/2015 - 08:20:03: Server cvar "mp_maxrounds" = "0"
L 03/12/2015 - 08:20:03: Server cvar "mp_mirrordamage" = "0"
L 03/12/2015 - 08:20:03: Server cvar "mp_playerid" = "0"
L 03/12/2015 - 08:20:03: Server cvar "mp_roundtime" = "2.57"
L 03/12/2015 - 08:20:03: Server cvar "mp_startmoney" = "800"
L 03/12/2015 - 08:20:03: Server cvar "mp_timeleft" = "0"
L 03/12/2015 - 08:20:03: Server cvar "mp_timelimit" = "30"
L 03/12/2015 - 08:20:03: Server cvar "mp_tkpunish" = "1"
L 03/12/2015 - 08:20:03: Server cvar "mp_windifference" = "1"
L 03/12/2015 - 08:20:03: Server cvar "mp_winlimit" = "0"
L 03/12/2015 - 08:20:03: Server cvar "pausable" = "0"
L 03/12/2015 - 08:20:03: Server cvar "sv_accelerate" = "5"
L 03/12/2015 - 08:20:03: Server cvar "sv_aim" = "off"
L 03/12/2015 - 08:20:03: Server cvar "sv_airaccelerate" = "10"
L 03/12/2015 - 08:20:03: Server cvar "sv_airmove" = "1"
L 03/12/2015 - 08:20:03: Server cvar "sv_allowupload" = "1"
L 03/12/2015 - 08:20:03: Server cvar "sv_alltalk" = "1"
L 03/12/2015 - 08:20:03: Server cvar "sv_bounce" = "1"
L 03/12/2015 - 08:20:03: Server cvar "sv_cheats" = "off"
L 03/12/2015 - 08:20:03: Server cvar "sv_clienttrace" = "1"
L 03/12/2015 - 08:20:03: Server cvar "sv_clipmode" = "0"
L 03/12/2015 - 08:20:03: Server cvar "sv_contact" = ""
L 03/12/2015 - 08:20:03: Server cvar "sv_friction" = "4"
L 03/12/2015 - 08:20:03: Server cvar "sv_gravity" = "800"
L 03/12/2015 - 08:20:03: Server cvar "sv_logblocks" = "0"
L 03/12/2015 - 08:20:03: Server cvar "sv_maxrate" = "50000"
L 03/12/2015 - 08:20:03: Server cvar "sv_maxspeed" = "900"
L 03/12/2015 - 08:20:03: Server cvar "sv_minrate" = "100000"
L 03/12/2015 - 08:20:03: Server cvar "sv_password" = ""
L 03/12/2015 - 08:20:03: Server cvar "sv_proxies" = "0"
L 03/12/2015 - 08:20:03: Server cvar "sv_region" = "3"
L 03/12/2015 - 08:20:03: Server cvar "sv_restart" = "0"
L 03/12/2015 - 08:20:03: Server cvar "sv_restartround" = "0"
L 03/12/2015 - 08:20:03: Server cvar "sv_stepsize" = "18"
L 03/12/2015 - 08:20:03: Server cvar "sv_stopspeed" = "75"
L 03/12/2015 - 08:20:03: Server cvar "sv_uploadmax" = "0.5"
L 03/12/2015 - 08:20:03: Server cvar "sv_voiceenable" = "1"
L 03/12/2015 - 08:20:03: Server cvar "sv_wateraccelerate" = "10"
L 03/12/2015 - 08:20:03: Server cvar "sv_waterfriction" = "1"
L 03/12/2015 - 08:20:03: Server cvar "ultimate_sounds" = "1.7"
L 03/12/2015 - 08:20:03: Server cvar "vtc_version" = "80"
L 03/12/2015 - 08:20:03: Server cvars end
L 03/12/2015 - 08:20:03: Server cvar "amx_nextmap" = "35hp_2"
L 03/12/2015 - 08:20:03: Started map "$2000$" (CRC "-1688392397")
L 03/12/2015 - 08:20:09: World triggered "Round_Start"
L 03/12/2015 - 08:31:59: [DPROTO]: Client 0 - Set AuthIdType 1 [dp_SteamEmu]; pClient = 0xb38def08
L 03/12/2015 - 08:31:59: "JK<3><STEAM_0:0:692244939><>" connected, address "37.214.174.233:10519"
L 03/12/2015 - 08:31:59: [VTC] Player 1 speex
L 03/12/2015 - 08:32:03: "JK<3><STEAM_0:0:692244939><>" entered the game
L 03/12/2015 - 08:32:06: "JK<3><STEAM_0:0:692244939><>" joined team "CT"
L 03/12/2015 - 08:39:32: "JK<3><STEAM_0:0:692244939><CT>" triggered "weaponstats" (weapon "grenade") (shots "6") (hits "0") (kills "0") (headshots "0") (tks "0") (damage "0") (deaths "0")
L 03/12/2015 - 08:39:32: "JK<3><STEAM_0:0:692244939><CT>" triggered "weaponstats2" (weapon "grenade") (head "0") (chest "0") (stomach "0") (leftarm "0") (rightarm "0") (leftleg "0") (rightleg "0")
L 03/12/2015 - 08:39:32: "JK<3><STEAM_0:0:692244939><CT>" triggered "weaponstats" (weapon "m4a1") (shots "60") (hits "0") (kills "0") (headshots "0") (tks "0") (damage "0") (deaths "0")
L 03/12/2015 - 08:39:32: "JK<3><STEAM_0:0:692244939><CT>" triggered "weaponstats2" (weapon "m4a1") (head "0") (chest "0") (stomach "0") (leftarm "0") (rightarm "0") (leftleg "0") (rightleg "0")
L 03/12/2015 - 08:39:32: "JK<3><STEAM_0:0:692244939><CT>" triggered "weaponstats" (weapon "knife") (shots "2") (hits "0") (kills "0") (headshots "0") (tks "0") (damage "0") (deaths "0")
L 03/12/2015 - 08:39:32: "JK<3><STEAM_0:0:692244939><CT>" triggered "weaponstats2" (weapon "knife") (head "0") (chest "0") (stomach "0") (leftarm "0") (rightarm "0") (leftleg "0") (rightleg "0")
L 03/12/2015 - 08:39:32: "JK<3><STEAM_0:0:692244939><CT>" triggered "time" (time "7:29")
L 03/12/2015 - 08:39:32: "JK<3><STEAM_0:0:692244939><CT>" triggered "latency" (ping "48")
L 03/12/2015 - 08:39:32: "JK<3><STEAM_0:0:692244939><CT>" disconnected
L 03/12/2015 - 08:39:32: World triggered "Round_Draw" (CT "0") (T "0")
L 03/12/2015 - 08:39:32: World triggered "Round_End"
L 03/12/2015 - 08:39:42: World triggered "Round_Start"
L 03/12/2015 - 08:47:54: [DPROTO]: Client 0 - Set AuthIdType 1 [dp_RevEmu]; pClient = 0xb38def08
L 03/12/2015 - 08:47:54: "Sedush<4><STEAM_0:0:1676925705><>" connected, address "91.235.178.125:27005"
L 03/12/2015 - 08:47:54: [VTC] Player 1 speex
L 03/12/2015 - 08:48:00: [DPROTO]: Client 0 - Set AuthIdType 1 [dp_RevEmu]; pClient = 0xb38def08
L 03/12/2015 - 08:48:00: "Sedush<5><STEAM_0:0:1676925705><>" connected, address "91.235.178.125:27005"
L 03/12/2015 - 08:48:01: [VTC] Player 1 speex
L 03/12/2015 - 08:48:05: "Sedush<5><STEAM_0:0:1676925705><>" entered the game
L 03/12/2015 - 08:48:05: [DPROTO]: Client 1 - Set AuthIdType 1 [dp_RevEmu]; pClient = 0xb38e3dfc
L 03/12/2015 - 08:48:05: "[aWp MaN`aK]<6><STEAM_0:0:1133992236><>" connected, address "178.90.61.114:27005"
L 03/12/2015 - 08:48:06: [VTC] Player 2 speex
L 03/12/2015 - 08:48:08: "Sedush<5><STEAM_0:0:1676925705><>" joined team "CT"
L 03/12/2015 - 08:48:32: "[aWp MaN`aK]<6><STEAM_0:0:1133992236><>" entered the game
L 03/12/2015 - 08:48:36: "[aWp MaN`aK]<6><STEAM_0:0:1133992236><>" joined team "TERRORIST"
L 03/12/2015 - 08:48:36: World triggered "Game_Commencing"
L 03/12/2015 - 08:48:36: World triggered "Game_Commencing" (CT "0") (T "0")
L 03/12/2015 - 08:48:36: World triggered "Round_End"
L 03/12/2015 - 08:48:44: World triggered "Round_Start"
L 03/12/2015 - 08:48:59: "Sedush<5><STEAM_0:0:1676925705><CT>" attacked "[aWp MaN`aK]<6><STEAM_0:0:1133992236><TERRORIST>" with "xm1014" (damage "42") (damage_armor "0") (health "58") (armor "0")
L 03/12/2015 - 08:48:59: "Sedush<5><STEAM_0:0:1676925705><CT>" attacked "[aWp MaN`aK]<6><STEAM_0:0:1133992236><TERRORIST>" with "xm1014" (damage "38") (damage_armor "0") (health "20") (armor "0")
L 03/12/2015 - 08:48:59: "Sedush<5><STEAM_0:0:1676925705><CT>" attacked "[aWp MaN`aK]<6><STEAM_0:0:1133992236><TERRORIST>" with "xm1014" (damage "21") (damage_armor "0") (health "-1") (armor "0")
L 03/12/2015 - 08:48:59: "Sedush<5><STEAM_0:0:1676925705><CT>" killed "[aWp MaN`aK]<6><STEAM_0:0:1133992236><TERRORIST>" with "xm1014"
L 03/12/2015 - 08:48:59: Team "CT" triggered "CTs_Win" (CT "1") (T "0")
L 03/12/2015 - 08:48:59: World triggered "Round_End"
L 03/12/2015 - 08:49:09: World triggered "Round_Start"
L 03/12/2015 - 08:49:22: "[aWp MaN`aK]<6><STEAM_0:0:1133992236><TERRORIST>" attacked "Sedush<5><STEAM_0:0:1676925705><CT>" with "m4a1" (damage "30") (damage_armor "0") (health "70") (armor "0")
L 03/12/2015 - 08:49:22: "[aWp MaN`aK]<6><STEAM_0:0:1133992236><TERRORIST>" attacked "Sedush<5><STEAM_0:0:1676925705><CT>" with "m4a1" (damage "37") (damage_armor "0") (health "33") (armor "0")
L 03/12/2015 - 08:49:22: "[aWp MaN`aK]<6><STEAM_0:0:1133992236><TERRORIST>" attacked "Sedush<5><STEAM_0:0:1676925705><CT>" with "m4a1" (damage "37") (damage_armor "0") (health "-4") (armor "0")
L 03/12/2015 - 08:49:22: "[aWp MaN`aK]<6><STEAM_0:0:1133992236><TERRORIST>" killed "Sedush<5><STEAM_0:0:1676925705><CT>" with "m4a1"
L 03/12/2015 - 08:49:22: Team "TERRORIST" triggered "Terrorists_Win" (CT "1") (T "1")
L 03/12/2015 - 08:49:22: World triggered "Round_End"
L 03/12/2015 - 08:49:32: World triggered "Round_Start"
L 03/12/2015 - 08:49:43: "[aWp MaN`aK]<6><STEAM_0:0:1133992236><TERRORIST>" attacked "Sedush<5><STEAM_0:0:1676925705><CT>" with "m4a1" (damage "36") (damage_armor "0") (health "64") (armor "0")
L 03/12/2015 - 08:49:43: "[aWp MaN`aK]<6><STEAM_0:0:1133992236><TERRORIST>" attacked "Sedush<5><STEAM_0:0:1676925705><CT>" with "m4a1" (damage "36") (damage_armor "0") (health "28") (armor "0")
L 03/12/2015 - 08:49:43: "[aWp MaN`aK]<6><STEAM_0:0:1133992236><TERRORIST>" attacked "Sedush<5><STEAM_0:0:1676925705><CT>" with "m4a1" (damage "116") (damage_armor "0") (health "-88") (armor "0")
L 03/12/2015 - 08:49:43: "[aWp MaN`aK]<6><STEAM_0:0:1133992236><TERRORIST>" killed "Sedush<5><STEAM_0:0:1676925705><CT>" with "m4a1"
L 03/12/2015 - 08:49:43: Team "TERRORIST" triggered "Terrorists_Win" (CT "1") (T "2")
L 03/12/2015 - 08:49:43: World triggered "Round_End"
L 03/12/2015 - 08:49:53: World triggered "Round_Start"
L 03/12/2015 - 08:50:20: "Sedush<5><STEAM_0:0:1676925705><CT>" attacked "[aWp MaN`aK]<6><STEAM_0:0:1133992236><TERRORIST>" with "m4a1" (damage "38") (damage_armor "0") (health "62") (armor "0")
L 03/12/2015 - 08:50:20: "[aWp MaN`aK]<6><STEAM_0:0:1133992236><TERRORIST>" attacked "Sedush<5><STEAM_0:0:1676925705><CT>" with "m4a1" (damage "128") (damage_armor "0") (health "-28") (armor "0")
L 03/12/2015 - 08:50:20: "[aWp MaN`aK]<6><STEAM_0:0:1133992236><TERRORIST>" killed "Sedush<5><STEAM_0:0:1676925705><CT>" with "m4a1"
L 03/12/2015 - 08:50:20: Team "TERRORIST" triggered "Terrorists_Win" (CT "1") (T "3")
L 03/12/2015 - 08:50:20: World triggered "Round_End"
L 03/12/2015 - 08:50:30: World triggered "Round_Start"
L 03/12/2015 - 08:50:38: "Sedush<5><STEAM_0:0:1676925705><CT>" attacked "[aWp MaN`aK]<6><STEAM_0:0:1133992236><TERRORIST>" with "mp5navy" (damage "24") (damage_armor "0") (health "76") (armor "0")
L 03/12/2015 - 08:50:39: "[aWp MaN`aK]<6><STEAM_0:0:1133992236><TERRORIST>" attacked "Sedush<5><STEAM_0:0:1676925705><CT>" with "m4a1" (damage "40") (damage_armor "0") (health "60") (armor "0")
L 03/12/2015 - 08:50:39: "[aWp MaN`aK]<6><STEAM_0:0:1133992236><TERRORIST>" attacked "Sedush<5><STEAM_0:0:1676925705><CT>" with "m4a1" (damage "60") (damage_armor "0") (health "0") (armor "0")
L 03/12/2015 - 08:50:39: "[aWp MaN`aK]<6><STEAM_0:0:1133992236><TERRORIST>" killed "Sedush<5><STEAM_0:0:1676925705><CT>" with "m4a1"
L 03/12/2015 - 08:50:39: Team "TERRORIST" triggered "Terrorists_Win" (CT "1") (T "4")
L 03/12/2015 - 08:50:39: World triggered "Round_End"
L 03/12/2015 - 08:50:49: World triggered "Round_Start"
L 03/12/2015 - 08:50:52: "[aWp MaN`aK]<6><STEAM_0:0:1133992236><TERRORIST>" attacked "Sedush<5><STEAM_0:0:1676925705><CT>" with "m4a1" (damage "14") (damage_armor "0") (health "86") (armor "0")
L 03/12/2015 - 08:50:52: "Sedush<5><STEAM_0:0:1676925705><CT>" attacked "[aWp MaN`aK]<6><STEAM_0:0:1133992236><TERRORIST>" with "aug" (damage "13") (damage_armor "0") (health "87") (armor "0")
L 03/12/2015 - 08:50:52: "[aWp MaN`aK]<6><STEAM_0:0:1133992236><TERRORIST>" attacked "Sedush<5><STEAM_0:0:1676925705><CT>" with "m4a1" (damage "14") (damage_armor "0") (health "72") (armor "0")
L 03/12/2015 - 08:50:53: "[aWp MaN`aK]<6><STEAM_0:0:1133992236><TERRORIST>" attacked "Sedush<5><STEAM_0:0:1676925705><CT>" with "m4a1" (damage "36") (damage_armor "0") (health "36") (armor "0")
L 03/12/2015 - 08:50:53: "[aWp MaN`aK]<6><STEAM_0:0:1133992236><TERRORIST>" attacked "Sedush<5><STEAM_0:0:1676925705><CT>" with "m4a1" (damage "29") (damage_armor "0") (health "7") (armor "0")
L 03/12/2015 - 08:50:54: "Sedush<5><STEAM_0:0:1676925705><CT>" attacked "[aWp MaN`aK]<6><STEAM_0:0:1133992236><TERRORIST>" with "aug" (damage "13") (damage_armor "0") (health "74") (armor "0")
L 03/12/2015 - 08:50:54: "[aWp MaN`aK]<6><STEAM_0:0:1133992236><TERRORIST>" attacked "Sedush<5><STEAM_0:0:1676925705><CT>" with "m4a1" (damage "21") (damage_armor "0") (health "-14") (armor "0")
L 03/12/2015 - 08:50:54: "[aWp MaN`aK]<6><STEAM_0:0:1133992236><TERRORIST>" killed "Sedush<5><STEAM_0:0:1676925705><CT>" with "m4a1"
L 03/12/2015 - 08:50:54: Team "TERRORIST" triggered "Terrorists_Win" (CT "1") (T "5")
L 03/12/2015 - 08:50:54: World triggered "Round_End"
L 03/12/2015 - 08:51:04: World triggered "Round_Start"
L 03/12/2015 - 08:51:30: "Sedush<5><STEAM_0:0:1676925705><CT>" attacked "[aWp MaN`aK]<6><STEAM_0:0:1133992236><TERRORIST>" with "aug" (damage "28") (damage_armor "0") (health "72") (armor "0")
L 03/12/2015 - 08:51:30: "Sedush<5><STEAM_0:0:1676925705><CT>" attacked "[aWp MaN`aK]<6><STEAM_0:0:1133992236><TERRORIST>" with "aug" (damage "21") (damage_armor "0") (health "51") (armor "0")
L 03/12/2015 - 08:51:31: "Sedush<5><STEAM_0:0:1676925705><CT>" attacked "[aWp MaN`aK]<6><STEAM_0:0:1133992236><TERRORIST>" with "aug" (damage "21") (damage_armor "0") (health "30") (armor "0")
L 03/12/2015 - 08:51:45: "[aWp MaN`aK]<6><STEAM_0:0:1133992236><TERRORIST>" attacked "Sedush<5><STEAM_0:0:1676925705><CT>" with "m4a1" (damage "18") (damage_armor "0") (health "57") (armor "0")
L 03/12/2015 - 08:51:45: "[aWp MaN`aK]<6><STEAM_0:0:1133992236><TERRORIST>" attacked "Sedush<5><STEAM_0:0:1676925705><CT>" with "m4a1" (damage "18") (damage_armor "0") (health "39") (armor "0")
L 03/12/2015 - 08:51:45: "[aWp MaN`aK]<6><STEAM_0:0:1133992236><TERRORIST>" attacked "Sedush<5><STEAM_0:0:1676925705><CT>" with "m4a1" (damage "11") (damage_armor "0") (health "28") (armor "0")
L 03/12/2015 - 08:51:45: "[aWp MaN`aK]<6><STEAM_0:0:1133992236><TERRORIST>" attacked "Sedush<5><STEAM_0:0:1676925705><CT>" with "m4a1" (damage "11") (damage_armor "0") (health "17") (armor "0")
L 03/12/2015 - 08:51:48: "[aWp MaN`aK]<6><STEAM_0:0:1133992236><TERRORIST>" attacked "Sedush<5><STEAM_0:0:1676925705><CT>" with "m4a1" (damage "24") (damage_armor "0") (health "-7") (armor "0")
L 03/12/2015 - 08:51:48: "[aWp MaN`aK]<6><STEAM_0:0:1133992236><TERRORIST>" killed "Sedush<5><STEAM_0:0:1676925705><CT>" with "m4a1"
L 03/12/2015 - 08:51:48: Team "TERRORIST" triggered "Terrorists_Win" (CT "1") (T "6")
L 03/12/2015 - 08:51:48: World triggered "Round_End"
L 03/12/2015 - 08:51:58: World triggered "Round_Start"
L 03/12/2015 - 08:52:27: "[aWp MaN`aK]<6><STEAM_0:0:1133992236><TERRORIST>" attacked "Sedush<5><STEAM_0:0:1676925705><CT>" with "knife" (damage "65") (damage_armor "0") (health "35") (armor "0")
L 03/12/2015 - 08:52:28: "Sedush<5><STEAM_0:0:1676925705><CT>" attacked "[aWp MaN`aK]<6><STEAM_0:0:1133992236><TERRORIST>" with "knife" (damage "15") (damage_armor "0") (health "85") (armor "0")
L 03/12/2015 - 08:52:28: "[aWp MaN`aK]<6><STEAM_0:0:1133992236><TERRORIST>" attacked "Sedush<5><STEAM_0:0:1676925705><CT>" with "knife" (damage "65") (damage_armor "0") (health "-30") (armor "0")
L 03/12/2015 - 08:52:28: "[aWp MaN`aK]<6><STEAM_0:0:1133992236><TERRORIST>" killed "Sedush<5><STEAM_0:0:1676925705><CT>" with "knife"
L 03/12/2015 - 08:52:28: Team "TERRORIST" triggered "Terrorists_Win" (CT "1") (T "7")
L 03/12/2015 - 08:52:28: World triggered "Round_End"
L 03/12/2015 - 08:52:38: World triggered "Round_Start"
L 03/12/2015 - 08:52:48: "Sedush<5><STEAM_0:0:1676925705><CT>" attacked "[aWp MaN`aK]<6><STEAM_0:0:1133992236><TERRORIST>" with "m4a1" (damage "38") (damage_armor "0") (health "62") (armor "0")
L 03/12/2015 - 08:52:48: "Sedush<5><STEAM_0:0:1676925705><CT>" attacked "[aWp MaN`aK]<6><STEAM_0:0:1133992236><TERRORIST>" with "m4a1" (damage "38") (damage_armor "0") (health "24") (armor "0")
L 03/12/2015 - 08:52:49: "[aWp MaN`aK]<6><STEAM_0:0:1133992236><TERRORIST>" attacked "Sedush<5><STEAM_0:0:1676925705><CT>" with "m4a1" (damage "23") (damage_armor "0") (health "77") (armor "0")
L 03/12/2015 - 08:52:49: "[aWp MaN`aK]<6><STEAM_0:0:1133992236><TERRORIST>" attacked "Sedush<5><STEAM_0:0:1676925705><CT>" with "m4a1" (damage "23") (damage_armor "0") (health "54") (armor "0")
L 03/12/2015 - 08:52:49: "Sedush<5><STEAM_0:0:1676925705><CT>" attacked "[aWp MaN`aK]<6><STEAM_0:0:1133992236><TERRORIST>" with "m4a1" (damage "31") (damage_armor "0") (health "-7") (armor "0")
L 03/12/2015 - 08:52:49: "Sedush<5><STEAM_0:0:1676925705><CT>" killed "[aWp MaN`aK]<6><STEAM_0:0:1133992236><TERRORIST>" with "m4a1"
L 03/12/2015 - 08:52:49: Team "CT" triggered "CTs_Win" (CT "2") (T "7")
L 03/12/2015 - 08:52:49: World triggered "Round_End"
L 03/12/2015 - 08:52:59: World triggered "Round_Start"
L 03/12/2015 - 08:53:12: Kick: "[aWp MaN`aK]<6><STEAM_0:0:1133992236><>" was kicked by "Console" (message ""[Nice Kicker] Выпилен за высокий пинг 153!"")
L 03/12/2015 - 08:53:12: "[aWp MaN`aK]<6><STEAM_0:0:1133992236><TERRORIST>" triggered "weaponstats" (weapon "grenade") (shots "3") (hits "1") (kills "0") (headshots "0") (tks "0") (damage "25") (deaths "0")
L 03/12/2015 - 08:53:12: "[aWp MaN`aK]<6><STEAM_0:0:1133992236><TERRORIST>" triggered "weaponstats2" (weapon "grenade") (head "0") (chest "0") (stomach "0") (leftarm "0") (rightarm "0") (leftleg "0") (rightleg "0")
L 03/12/2015 - 08:53:12: "[aWp MaN`aK]<6><STEAM_0:0:1133992236><TERRORIST>" triggered "weaponstats" (weapon "awp") (shots "1") (hits "0") (kills "0") (headshots "0") (tks "0") (damage "0") (deaths "0")
L 03/12/2015 - 08:53:12: "[aWp MaN`aK]<6><STEAM_0:0:1133992236><TERRORIST>" triggered "weaponstats2" (weapon "awp") (head "0") (chest "0") (stomach "0") (leftarm "0") (rightarm "0") (leftleg "0") (rightleg "0")
L 03/12/2015 - 08:53:12: "[aWp MaN`aK]<6><STEAM_0:0:1133992236><TERRORIST>" triggered "weaponstats" (weapon "m4a1") (shots "104") (hits "21") (kills "6") (headshots "3") (tks "0") (damage "762") (deaths "1")
L 03/12/2015 - 08:53:12: "[aWp MaN`aK]<6><STEAM_0:0:1133992236><TERRORIST>" triggered "weaponstats2" (weapon "m4a1") (head "3") (chest "1") (stomach "8") (leftarm "1") (rightarm "2") (leftleg "4") (rightleg "2")
L 03/12/2015 - 08:53:12: "[aWp MaN`aK]<6><STEAM_0:0:1133992236><TERRORIST>" triggered "weaponstats" (weapon "ak47") (shots "7") (hits "0") (kills "0") (headshots "0") (tks "0") (damage "0") (deaths "1")
L 03/12/2015 - 08:53:12: "[aWp MaN`aK]<6><STEAM_0:0:1133992236><TERRORIST>" triggered "weaponstats2" (weapon "ak47") (head "0") (chest "0") (stomach "0") (leftarm "0") (rightarm "0") (leftleg "0") (rightleg "0")
L 03/12/2015 - 08:53:12: "[aWp MaN`aK]<6><STEAM_0:0:1133992236><TERRORIST>" triggered "weaponstats" (weapon "knife") (shots "12") (hits "2") (kills "1") (headshots "0") (tks "0") (damage "130") (deaths "0")
L 03/12/2015 - 08:53:12: "[aWp MaN`aK]<6><STEAM_0:0:1133992236><TERRORIST>" triggered "weaponstats2" (weapon "knife") (head "0") (chest "0") (stomach "0") (leftarm "0") (rightarm "0") (leftleg "1") (rightleg "0")
L 03/12/2015 - 08:53:12: "[aWp MaN`aK]<6><STEAM_0:0:1133992236><TERRORIST>" triggered "time" (time "4:40")
L 03/12/2015 - 08:53:12: "[aWp MaN`aK]<6><STEAM_0:0:1133992236><TERRORIST>" triggered "latency" (ping "145")
L 03/12/2015 - 08:53:12: "[aWp MaN`aK]<6><STEAM_0:0:1133992236><TERRORIST>" disconnected
L 03/12/2015 - 08:53:15: [DPROTO]: Client 1 - Set AuthIdType 1 [dp_RevEmu]; pClient = 0xb38e3dfc
L 03/12/2015 - 08:53:15: "[aWp MaN`aK]<7><STEAM_0:0:878224109><>" connected, address "178.90.61.114:27005"
L 03/12/2015 - 08:53:16: [VTC] Player 2 speex
L 03/12/2015 - 08:53:26: "[aWp MaN`aK]<7><STEAM_0:0:878224109><>" entered the game
L 03/12/2015 - 08:53:28: "[aWp MaN`aK]<7><STEAM_0:0:878224109><>" joined team "TERRORIST"
L 03/12/2015 - 08:53:29: World triggered "Game_Commencing"
L 03/12/2015 - 08:53:29: World triggered "Game_Commencing" (CT "2") (T "7")
L 03/12/2015 - 08:53:29: World triggered "Round_End"
L 03/12/2015 - 08:53:37: World triggered "Round_Start"
L 03/12/2015 - 08:54:12: "Sedush<5><STEAM_0:0:1676925705><CT>" attacked "[aWp MaN`aK]<7><STEAM_0:0:878224109><TERRORIST>" with "usp" (damage "12") (damage_armor "0") (health "88") (armor "0")
L 03/12/2015 - 08:54:13: "Sedush<5><STEAM_0:0:1676925705><CT>" attacked "[aWp MaN`aK]<7><STEAM_0:0:878224109><TERRORIST>" with "usp" (damage "12") (damage_armor "0") (health "76") (armor "0")
L 03/12/2015 - 08:54:13: "[aWp MaN`aK]<7><STEAM_0:0:878224109><TERRORIST>" attacked "Sedush<5><STEAM_0:0:1676925705><CT>" with "glock18" (damage "10") (damage_armor "0") (health "90") (armor "0")
L 03/12/2015 - 08:54:13: "Sedush<5><STEAM_0:0:1676925705><CT>" attacked "[aWp MaN`aK]<7><STEAM_0:0:878224109><TERRORIST>" with "usp" (damage "16") (damage_armor "0") (health "60") (armor "0")
L 03/12/2015 - 08:54:13: "[aWp MaN`aK]<7><STEAM_0:0:878224109><TERRORIST>" attacked "Sedush<5><STEAM_0:0:1676925705><CT>" with "glock18" (damage "12") (damage_armor "0") (health "78") (armor "0")
L 03/12/2015 - 08:54:13: "[aWp MaN`aK]<7><STEAM_0:0:878224109><TERRORIST>" attacked "Sedush<5><STEAM_0:0:1676925705><CT>" with "glock18" (damage "12") (damage_armor "0") (health "66") (armor "0")
L 03/12/2015 - 08:54:14: "[aWp MaN`aK]<7><STEAM_0:0:878224109><TERRORIST>" attacked "Sedush<5><STEAM_0:0:1676925705><CT>" with "glock18" (damage "10") (damage_armor "0") (health "56") (armor "0")
L 03/12/2015 - 08:54:14: "[aWp MaN`aK]<7><STEAM_0:0:878224109><TERRORIST>" attacked "Sedush<5><STEAM_0:0:1676925705><CT>" with "glock18" (damage "10") (damage_armor "0") (health "46") (armor "0")
L 03/12/2015 - 08:54:16: "[aWp MaN`aK]<7><STEAM_0:0:878224109><TERRORIST>" attacked "Sedush<5><STEAM_0:0:1676925705><CT>" with "glock18" (damage "10") (damage_armor "0") (health "36") (armor "0")
L 03/12/2015 - 08:54:17: "[aWp MaN`aK]<7><STEAM_0:0:878224109><TERRORIST>" attacked "Sedush<5><STEAM_0:0:1676925705><CT>" with "glock18" (damage "10") (damage_armor "0") (health "26") (armor "0")
L 03/12/2015 - 08:54:22: "Sedush<5><STEAM_0:0:1676925705><CT>" attacked "[aWp MaN`aK]<7><STEAM_0:0:878224109><TERRORIST>" with "usp" (damage "12") (damage_armor "0") (health "48") (armor "0")
L 03/12/2015 - 08:54:24: "[aWp MaN`aK]<7><STEAM_0:0:878224109><TERRORIST>" attacked "Sedush<5><STEAM_0:0:1676925705><CT>" with "glock18" (damage "7") (damage_armor "0") (health "19") (armor "0")
L 03/12/2015 - 08:54:25: "[aWp MaN`aK]<7><STEAM_0:0:878224109><TERRORIST>" attacked "Sedush<5><STEAM_0:0:1676925705><CT>" with "glock18" (damage "7") (damage_armor "0") (health "12") (armor "0")
L 03/12/2015 - 08:54:25: "[aWp MaN`aK]<7><STEAM_0:0:878224109><TERRORIST>" attacked "Sedush<5><STEAM_0:0:1676925705><CT>" with "glock18" (damage "40") (damage_armor "0") (health "-28") (armor "0")
L 03/12/2015 - 08:54:25: "[aWp MaN`aK]<7><STEAM_0:0:878224109><TERRORIST>" killed "Sedush<5><STEAM_0:0:1676925705><CT>" with "glock18"
L 03/12/2015 - 08:54:25: Team "TERRORIST" triggered "Terrorists_Win" (CT "0") (T "1")
L 03/12/2015 - 08:54:25: World triggered "Round_End"
L 03/12/2015 - 08:54:35: World triggered "Round_Start"
L 03/12/2015 - 08:54:44: "[aWp MaN`aK]<7><STEAM_0:0:878224109><TERRORIST>" attacked "Sedush<5><STEAM_0:0:1676925705><CT>" with "aug" (damage "30") (damage_armor "0") (health "70") (armor "0")
L 03/12/2015 - 08:54:44: "[aWp MaN`aK]<7><STEAM_0:0:878224109><TERRORIST>" attacked "Sedush<5><STEAM_0:0:1676925705><CT>" with "aug" (damage "22") (damage_armor "0") (health "48") (armor "0")
L 03/12/2015 - 08:54:44: "[aWp MaN`aK]<7><STEAM_0:0:878224109><TERRORIST>" attacked "Sedush<5><STEAM_0:0:1676925705><CT>" with "aug" (damage "30") (damage_armor "0") (health "18") (armor "0")
L 03/12/2015 - 08:54:44: "[aWp MaN`aK]<7><STEAM_0:0:878224109><TERRORIST>" attacked "Sedush<5><STEAM_0:0:1676925705><CT>" with "aug" (damage "30") (damage_armor "0") (health "-12") (armor "0")
L 03/12/2015 - 08:54:44: "[aWp MaN`aK]<7><STEAM_0:0:878224109><TERRORIST>" killed "Sedush<5><STEAM_0:0:1676925705><CT>" with "aug"
L 03/12/2015 - 08:54:44: Team "TERRORIST" triggered "Terrorists_Win" (CT "0") (T "2")
L 03/12/2015 - 08:54:44: World triggered "Round_End"
L 03/12/2015 - 08:54:54: World triggered "Round_Start"
L 03/12/2015 - 08:55:16: "[aWp MaN`aK]<7><STEAM_0:0:878224109><TERRORIST>" attacked "Sedush<5><STEAM_0:0:1676925705><CT>" with "mp5navy" (damage "25") (damage_armor "0") (health "75") (armor "0")
L 03/12/2015 - 08:55:16: "[aWp MaN`aK]<7><STEAM_0:0:878224109><TERRORIST>" attacked "Sedush<5><STEAM_0:0:1676925705><CT>" with "mp5navy" (damage "100") (damage_armor "0") (health "-25") (armor "0")
L 03/12/2015 - 08:55:16: "[aWp MaN`aK]<7><STEAM_0:0:878224109><TERRORIST>" killed "Sedush<5><STEAM_0:0:1676925705><CT>" with "mp5navy"
L 03/12/2015 - 08:55:16: Team "TERRORIST" triggered "Terrorists_Win" (CT "0") (T "3")
L 03/12/2015 - 08:55:16: World triggered "Round_End"
L 03/12/2015 - 08:55:26: World triggered "Round_Start"
L 03/12/2015 - 08:55:46: "[aWp MaN`aK]<7><STEAM_0:0:878224109><TERRORIST>" killed "Sedush<5><STEAM_0:0:1676925705><CT>" with "grenade"
L 03/12/2015 - 08:55:46: Team "TERRORIST" triggered "Terrorists_Win" (CT "0") (T "4")
L 03/12/2015 - 08:55:46: World triggered "Round_End"
L 03/12/2015 - 08:55:46: "[aWp MaN`aK]<7><STEAM_0:0:878224109><TERRORIST>" committed suicide with "grenade"
L 03/12/2015 - 08:55:56: World triggered "Round_Start"
L 03/12/2015 - 08:56:13: "Sedush<5><STEAM_0:0:1676925705><CT>" attacked "[aWp MaN`aK]<7><STEAM_0:0:878224109><TERRORIST>" with "ak47" (damage "35") (damage_armor "0") (health "65") (armor "0")
L 03/12/2015 - 08:56:13: "[aWp MaN`aK]<7><STEAM_0:0:878224109><TERRORIST>" attacked "Sedush<5><STEAM_0:0:1676925705><CT>" with "ak47" (damage "26") (damage_armor "0") (health "74") (armor "0")
L 03/12/2015 - 08:56:13: "[aWp MaN`aK]<7><STEAM_0:0:878224109><TERRORIST>" attacked "Sedush<5><STEAM_0:0:1676925705><CT>" with "ak47" (damage "26") (damage_armor "0") (health "48") (armor "0")
L 03/12/2015 - 08:56:14: "[aWp MaN`aK]<7><STEAM_0:0:878224109><TERRORIST>" attacked "Sedush<5><STEAM_0:0:1676925705><CT>" with "ak47" (damage "35") (damage_armor "0") (health "13") (armor "0")
L 03/12/2015 - 08:56:14: "[aWp MaN`aK]<7><STEAM_0:0:878224109><TERRORIST>" attacked "Sedush<5><STEAM_0:0:1676925705><CT>" with "ak47" (damage "26") (damage_armor "0") (health "-13") (armor "0")
L 03/12/2015 - 08:56:14: "[aWp MaN`aK]<7><STEAM_0:0:878224109><TERRORIST>" killed "Sedush<5><STEAM_0:0:1676925705><CT>" with "ak47"
L 03/12/2015 - 08:56:14: Team "TERRORIST" triggered "Terrorists_Win" (CT "0") (T "5")
L 03/12/2015 - 08:56:14: World triggered "Round_End"
L 03/12/2015 - 08:56:24: World triggered "Round_Start"
L 03/12/2015 - 08:56:53: "Sedush<5><STEAM_0:0:1676925705><CT>" attacked "[aWp MaN`aK]<7><STEAM_0:0:878224109><TERRORIST>" with "m4a1" (damage "128") (damage_armor "0") (health "-28") (armor "0")
L 03/12/2015 - 08:56:53: "Sedush<5><STEAM_0:0:1676925705><CT>" killed "[aWp MaN`aK]<7><STEAM_0:0:878224109><TERRORIST>" with "m4a1"
L 03/12/2015 - 08:56:53: Team "CT" triggered "CTs_Win" (CT "1") (T "5")
L 03/12/2015 - 08:56:53: World triggered "Round_End"
L 03/12/2015 - 08:57:03: World triggered "Round_Start"
L 03/12/2015 - 08:57:19: "[aWp MaN`aK]<7><STEAM_0:0:878224109><TERRORIST>" attacked "Sedush<5><STEAM_0:0:1676925705><CT>" with "m4a1" (damage "28") (damage_armor "0") (health "72") (armor "0")
L 03/12/2015 - 08:57:19: "Sedush<5><STEAM_0:0:1676925705><CT>" attacked "[aWp MaN`aK]<7><STEAM_0:0:878224109><TERRORIST>" with "m4a1" (damage "21") (damage_armor "0") (health "79") (armor "0")
L 03/12/2015 - 08:57:19: "Sedush<5><STEAM_0:0:1676925705><CT>" attacked "[aWp MaN`aK]<7><STEAM_0:0:878224109><TERRORIST>" with "m4a1" (damage "28") (damage_armor "0") (health "51") (armor "0")
L 03/12/2015 - 08:57:20: "[aWp MaN`aK]<7><STEAM_0:0:878224109><TERRORIST>" attacked "Sedush<5><STEAM_0:0:1676925705><CT>" with "m4a1" (damage "21") (damage_armor "0") (health "51") (armor "0")
L 03/12/2015 - 08:57:34: "Sedush<5><STEAM_0:0:1676925705><CT>" attacked "[aWp MaN`aK]<7><STEAM_0:0:878224109><TERRORIST>" with "awp" (damage "84") (damage_armor "0") (health "-33") (armor "0")
L 03/12/2015 - 08:57:34: "Sedush<5><STEAM_0:0:1676925705><CT>" killed "[aWp MaN`aK]<7><STEAM_0:0:878224109><TERRORIST>" with "awp"
L 03/12/2015 - 08:57:34: Team "CT" triggered "CTs_Win" (CT "2") (T "5")
L 03/12/2015 - 08:57:34: World triggered "Round_End"
L 03/12/2015 - 08:57:44: World triggered "Round_Start"
L 03/12/2015 - 08:57:57: "[aWp MaN`aK]<7><STEAM_0:0:878224109><TERRORIST>" attacked "Sedush<5><STEAM_0:0:1676925705><CT>" with "glock18" (damage "25") (damage_armor "0") (health "75") (armor "0")
L 03/12/2015 - 08:57:58: "Sedush<5><STEAM_0:0:1676925705><CT>" attacked "[aWp MaN`aK]<7><STEAM_0:0:878224109><TERRORIST>" with "usp" (damage "37") (damage_armor "0") (health "63") (armor "0")
L 03/12/2015 - 08:57:58: "[aWp MaN`aK]<7><STEAM_0:0:878224109><TERRORIST>" attacked "Sedush<5><STEAM_0:0:1676925705><CT>" with "glock18" (damage "88") (damage_armor "0") (health "-13") (armor "0")
L 03/12/2015 - 08:57:58: "[aWp MaN`aK]<7><STEAM_0:0:878224109><TERRORIST>" killed "Sedush<5><STEAM_0:0:1676925705><CT>" with "glock18"
L 03/12/2015 - 08:57:58: Team "TERRORIST" triggered "Terrorists_Win" (CT "2") (T "6")
L 03/12/2015 - 08:57:58: World triggered "Round_End"
L 03/12/2015 - 08:58:08: World triggered "Round_Start"
L 03/12/2015 - 08:58:17: "Sedush<5><STEAM_0:0:1676925705><CT>" attacked "[aWp MaN`aK]<7><STEAM_0:0:878224109><TERRORIST>" with "xm1014" (damage "22") (damage_armor "0") (health "78") (armor "0")
L 03/12/2015 - 08:58:17: "[aWp MaN`aK]<7><STEAM_0:0:878224109><TERRORIST>" attacked "Sedush<5><STEAM_0:0:1676925705><CT>" with "xm1014" (damage "54") (damage_armor "0") (health "46") (armor "0")
L 03/12/2015 - 08:58:18: "Sedush<5><STEAM_0:0:1676925705><CT>" attacked "[aWp MaN`aK]<7><STEAM_0:0:878224109><TERRORIST>" with "xm1014" (damage "90") (damage_armor "0") (health "-12") (armor "0")
L 03/12/2015 - 08:58:18: "Sedush<5><STEAM_0:0:1676925705><CT>" killed "[aWp MaN`aK]<7><STEAM_0:0:878224109><TERRORIST>" with "xm1014"
L 03/12/2015 - 08:58:18: Team "CT" triggered "CTs_Win" (CT "3") (T "6")
L 03/12/2015 - 08:58:18: World triggered "Round_End"
L 03/12/2015 - 08:58:28: World triggered "Round_Start"
L 03/12/2015 - 08:58:32: "[aWp MaN`aK]<7><STEAM_0:0:878224109><TERRORIST>" attacked "Sedush<5><STEAM_0:0:1676925705><CT>" with "m4a1" (damage "128") (damage_armor "0") (health "-28") (armor "0")
L 03/12/2015 - 08:58:32: "[aWp MaN`aK]<7><STEAM_0:0:878224109><TERRORIST>" killed "Sedush<5><STEAM_0:0:1676925705><CT>" with "m4a1"
L 03/12/2015 - 08:58:32: Team "TERRORIST" triggered "Terrorists_Win" (CT "3") (T "7")
L 03/12/2015 - 08:58:32: World triggered "Round_End"
L 03/12/2015 - 08:58:42: World triggered "Round_Start"
L 03/12/2015 - 08:58:48: "Sedush<5><STEAM_0:0:1676925705><CT>" attacked "[aWp MaN`aK]<7><STEAM_0:0:878224109><TERRORIST>" with "xm1014" (damage "44") (damage_armor "0") (health "56") (armor "0")
L 03/12/2015 - 08:58:48: "Sedush<5><STEAM_0:0:1676925705><CT>" attacked "[aWp MaN`aK]<7><STEAM_0:0:878224109><TERRORIST>" with "xm1014" (damage "24") (damage_armor "0") (health "32") (armor "0")
L 03/12/2015 - 08:58:49: "Sedush<5><STEAM_0:0:1676925705><CT>" attacked "[aWp MaN`aK]<7><STEAM_0:0:878224109><TERRORIST>" with "xm1014" (damage "73") (damage_armor "0") (health "-41") (armor "0")
L 03/12/2015 - 08:58:49: "Sedush<5><STEAM_0:0:1676925705><CT>" killed "[aWp MaN`aK]<7><STEAM_0:0:878224109><TERRORIST>" with "xm1014"
L 03/12/2015 - 08:58:49: Team "CT" triggered "CTs_Win" (CT "4") (T "7")
L 03/12/2015 - 08:58:49: World triggered "Round_End"
L 03/12/2015 - 08:58:59: World triggered "Round_Start"
L 03/12/2015 - 08:59:04: "Sedush<5><STEAM_0:0:1676925705><CT>" attacked "[aWp MaN`aK]<7><STEAM_0:0:878224109><TERRORIST>" with "xm1014" (damage "114") (damage_armor "0") (health "-14") (armor "0")
L 03/12/2015 - 08:59:04: "Sedush<5><STEAM_0:0:1676925705><CT>" killed "[aWp MaN`aK]<7><STEAM_0:0:878224109><TERRORIST>" with "xm1014"
L 03/12/2015 - 08:59:04: Team "CT" triggered "CTs_Win" (CT "5") (T "7")
L 03/12/2015 - 08:59:04: World triggered "Round_End"
L 03/12/2015 - 08:59:14: World triggered "Round_Start"
L 03/12/2015 - 08:59:22: "[aWp MaN`aK]<7><STEAM_0:0:878224109><TERRORIST>" attacked "Sedush<5><STEAM_0:0:1676925705><CT>" with "xm1014" (damage "171") (damage_armor "0") (health "-71") (armor "0")
L 03/12/2015 - 08:59:22: "[aWp MaN`aK]<7><STEAM_0:0:878224109><TERRORIST>" killed "Sedush<5><STEAM_0:0:1676925705><CT>" with "xm1014"
L 03/12/2015 - 08:59:22: Team "TERRORIST" triggered "Terrorists_Win" (CT "5") (T "8")
L 03/12/2015 - 08:59:22: World triggered "Round_End"
L 03/12/2015 - 08:59:32: World triggered "Round_Start"
L 03/12/2015 - 08:59:35: "[aWp MaN`aK]<7><STEAM_0:0:878224109><TERRORIST>" attacked "Sedush<5><STEAM_0:0:1676925705><CT>" with "m4a1" (damage "22") (damage_armor "0") (health "78") (armor "0")
L 03/12/2015 - 08:59:35: "[aWp MaN`aK]<7><STEAM_0:0:878224109><TERRORIST>" attacked "Sedush<5><STEAM_0:0:1676925705><CT>" with "m4a1" (damage "30") (damage_armor "0") (health "48") (armor "0")
L 03/12/2015 - 08:59:35: "[aWp MaN`aK]<7><STEAM_0:0:878224109><TERRORIST>" attacked "Sedush<5><STEAM_0:0:1676925705><CT>" with "m4a1" (damage "30") (damage_armor "0") (health "18") (armor "0")
L 03/12/2015 - 08:59:35: "[aWp MaN`aK]<7><STEAM_0:0:878224109><TERRORIST>" attacked "Sedush<5><STEAM_0:0:1676925705><CT>" with "m4a1" (damage "30") (damage_armor "0") (health "-12") (armor "0")
L 03/12/2015 - 08:59:35: "[aWp MaN`aK]<7><STEAM_0:0:878224109><TERRORIST>" killed "Sedush<5><STEAM_0:0:1676925705><CT>" with "m4a1"
L 03/12/2015 - 08:59:35: Team "TERRORIST" triggered "Terrorists_Win" (CT "5") (T "9")
L 03/12/2015 - 08:59:35: World triggered "Round_End"
L 03/12/2015 - 08:59:45: World triggered "Round_Start"
L 03/12/2015 - 08:59:47: "Sedush<5><STEAM_0:0:1676925705><CT>" committed suicide with "world"
L 03/12/2015 - 08:59:47: "Sedush<5><STEAM_0:0:1676925705><CT>" joined team "TERRORIST"
L 03/12/2015 - 09:00:34: "[aWp MaN`aK]<7><STEAM_0:0:878224109><TERRORIST>" triggered "weaponstats" (weapon "grenade") (shots "3") (hits "2") (kills "1") (headshots "0") (tks "0") (damage "141") (deaths "0")
L 03/12/2015 - 09:00:34: "[aWp MaN`aK]<7><STEAM_0:0:878224109><TERRORIST>" triggered "weaponstats2" (weapon "grenade") (head "0") (chest "0") (stomach "0") (leftarm "0") (rightarm "0") (leftleg "0") (rightleg "0")
L 03/12/2015 - 09:00:34: "[aWp MaN`aK]<7><STEAM_0:0:878224109><TERRORIST>" triggered "weaponstats" (weapon "xm1014") (shots "4") (hits "2") (kills "1") (headshots "0") (tks "0") (damage "225") (deaths "1")
L 03/12/2015 - 09:00:34: "[aWp MaN`aK]<7><STEAM_0:0:878224109><TERRORIST>" triggered "weaponstats2" (weapon "xm1014") (head "0") (chest "0") (stomach "0") (leftarm "2") (rightarm "0") (leftleg "0") (rightleg "0")
L 03/12/2015 - 09:00:34: "[aWp MaN`aK]<7><STEAM_0:0:878224109><TERRORIST>" triggered "weaponstats" (weapon "aug") (shots "14") (hits "4") (kills "1") (headshots "0") (tks "0") (damage "112") (deaths "0")
L 03/12/2015 - 09:00:34: "[aWp MaN`aK]<7><STEAM_0:0:878224109><TERRORIST>" triggered "weaponstats2" (weapon "aug") (head "0") (chest "3") (stomach "0") (leftarm "0") (rightarm "0") (leftleg "1") (rightleg "0")
L 03/12/2015 - 09:00:34: "[aWp MaN`aK]<7><STEAM_0:0:878224109><TERRORIST>" triggered "weaponstats" (weapon "glock18") (shots "65") (hits "12") (kills "2") (headshots "2") (tks "0") (damage "241") (deaths "0")
L 03/12/2015 - 09:00:34: "[aWp MaN`aK]<7><STEAM_0:0:878224109><TERRORIST>" triggered "weaponstats2" (weapon "glock18") (head "2") (chest "3") (stomach "3") (leftarm "0") (rightarm "2") (leftleg "2") (rightleg "0")
L 03/12/2015 - 09:00:34: "[aWp MaN`aK]<7><STEAM_0:0:878224109><TERRORIST>" triggered "weaponstats" (weapon "awp") (shots "6") (hits "0") (kills "0") (headshots "0") (tks "0") (damage "0") (deaths "0")
L 03/12/2015 - 09:00:34: "[aWp MaN`aK]<7><STEAM_0:0:878224109><TERRORIST>" triggered "weaponstats2" (weapon "awp") (head "0") (chest "0") (stomach "0") (leftarm "0") (rightarm "0") (leftleg "0") (rightleg "0")
L 03/12/2015 - 09:00:34: "[aWp MaN`aK]<7><STEAM_0:0:878224109><TERRORIST>" triggered "weaponstats" (weapon "mp5navy") (shots "5") (hits "2") (kills "1") (headshots "1") (tks "0") (damage "125") (deaths "0")
L 03/12/2015 - 09:00:34: "[aWp MaN`aK]<7><STEAM_0:0:878224109><TERRORIST>" triggered "weaponstats2" (weapon "mp5navy") (head "1") (chest "0") (stomach "0") (leftarm "1") (rightarm "0") (leftleg "0") (rightleg "0")
L 03/12/2015 - 09:00:34: "[aWp MaN`aK]<7><STEAM_0:0:878224109><TERRORIST>" triggered "weaponstats" (weapon "m4a1") (shots "184") (hits "7") (kills "2") (headshots "1") (tks "0") (damage "289") (deaths "2")
L 03/12/2015 - 09:00:34: "[aWp MaN`aK]<7><STEAM_0:0:878224109><TERRORIST>" triggered "weaponstats2" (weapon "m4a1") (head "1") (chest "1") (stomach "0") (leftarm "3") (rightarm "0") (leftleg "0") (rightleg "2")
L 03/12/2015 - 09:00:34: "[aWp MaN`aK]<7><STEAM_0:0:878224109><TERRORIST>" triggered "weaponstats" (weapon "ak47") (shots "24") (hits "4") (kills "1") (headshots "0") (tks "0") (damage "113") (deaths "2")
L 03/12/2015 - 09:00:34: "[aWp MaN`aK]<7><STEAM_0:0:878224109><TERRORIST>" triggered "weaponstats2" (weapon "ak47") (head "0") (chest "0") (stomach "0") (leftarm "1") (rightarm "0") (leftleg "1") (rightleg "2")
L 03/12/2015 - 09:00:34: "[aWp MaN`aK]<7><STEAM_0:0:878224109><TERRORIST>" triggered "time" (time "7:08")
L 03/12/2015 - 09:00:34: "[aWp MaN`aK]<7><STEAM_0:0:878224109><TERRORIST>" triggered "latency" (ping "145")
L 03/12/2015 - 09:00:34: "[aWp MaN`aK]<7><STEAM_0:0:878224109><TERRORIST>" disconnected
L 03/12/2015 - 09:00:34: World triggered "Round_Draw" (CT "5") (T "9")
L 03/12/2015 - 09:00:34: World triggered "Round_End"
L 03/12/2015 - 09:00:44: World triggered "Round_Start"
L 03/12/2015 - 09:01:39: [DPROTO]: Client 1 - Set AuthIdType 1 [dp_RevEmu]; pClient = 0xb38e3dfc
L 03/12/2015 - 09:01:39: "MRALeMR<8><STEAM_0:0:1640593011><>" connected, address "91.235.178.122:27005"
L 03/12/2015 - 09:01:39: [VTC] Player 2 speex
L 03/12/2015 - 09:01:43: "MRALeMR<8><STEAM_0:0:1640593011><>" entered the game
L 03/12/2015 - 09:01:46: "MRALeMR<8><STEAM_0:0:1640593011><>" joined team "CT"
L 03/12/2015 - 09:01:47: World triggered "Game_Commencing"
L 03/12/2015 - 09:01:47: World triggered "Game_Commencing" (CT "5") (T "9")
L 03/12/2015 - 09:01:47: World triggered "Round_End"
L 03/12/2015 - 09:01:53: [DPROTO]: Client 2 - Set AuthIdType 1 [dp_RevEmu]; pClient = 0xb38e8cf0
L 03/12/2015 - 09:01:53: "quake<9><STEAM_0:0:1670451984><>" connected, address "37.122.63.25:59897"
L 03/12/2015 - 09:01:54: [VTC] Player 3 speex
L 03/12/2015 - 09:01:55: World triggered "Round_Start"
L 03/12/2015 - 09:01:57: "Sedush<5><STEAM_0:0:1676925705><TERRORIST>" attacked "MRALeMR<8><STEAM_0:0:1640593011><CT>" with "aug" (damage "28") (damage_armor "0") (health "72") (armor "0")
L 03/12/2015 - 09:01:58: "MRALeMR<8><STEAM_0:0:1640593011><CT>" attacked "Sedush<5><STEAM_0:0:1676925705><TERRORIST>" with "ak47" (damage "25") (damage_armor "0") (health "75") (armor "0")
L 03/12/2015 - 09:02:15: "quake<9><STEAM_0:0:1670451984><>" entered the game
L 03/12/2015 - 09:02:17: "quake<9><STEAM_0:0:1670451984><>" joined team "TERRORIST"
L 03/12/2015 - 09:02:27: "Sedush<5><STEAM_0:0:1676925705><TERRORIST>" committed suicide with "grenade"
L 03/12/2015 - 09:02:27: Team "CT" triggered "CTs_Win" (CT "1") (T "0")
L 03/12/2015 - 09:02:27: World triggered "Round_End"
L 03/12/2015 - 09:02:37: World triggered "Round_Start"
L 03/12/2015 - 09:02:40: "quake<9><STEAM_0:0:1670451984><TERRORIST>" attacked "MRALeMR<8><STEAM_0:0:1640593011><CT>" with "ak47" (damage "136") (damage_armor "0") (health "-36") (armor "0")
L 03/12/2015 - 09:02:40: "quake<9><STEAM_0:0:1670451984><TERRORIST>" killed "MRALeMR<8><STEAM_0:0:1640593011><CT>" with "ak47"
L 03/12/2015 - 09:02:40: Team "TERRORIST" triggered "Terrorists_Win" (CT "1") (T "1")
L 03/12/2015 - 09:02:40: World triggered "Round_End"
L 03/12/2015 - 09:02:50: World triggered "Round_Start"
L 03/12/2015 - 09:03:01: "quake<9><STEAM_0:0:1670451984><TERRORIST>" attacked "MRALeMR<8><STEAM_0:0:1640593011><CT>" with "ak47" (damage "43") (damage_armor "0") (health "57") (armor "0")
L 03/12/2015 - 09:03:01: "MRALeMR<8><STEAM_0:0:1640593011><CT>" attacked "quake<9><STEAM_0:0:1670451984><TERRORIST>" with "m4a1" (damage "32") (damage_armor "0") (health "68") (armor "0")
L 03/12/2015 - 09:03:01: "MRALeMR<8><STEAM_0:0:1640593011><CT>" attacked "quake<9><STEAM_0:0:1670451984><TERRORIST>" with "m4a1" (damage "32") (damage_armor "0") (health "36") (armor "0")
L 03/12/2015 - 09:03:02: "MRALeMR<8><STEAM_0:0:1640593011><CT>" attacked "quake<9><STEAM_0:0:1670451984><TERRORIST>" with "m4a1" (damage "32") (damage_armor "0") (health "4") (armor "0")
L 03/12/2015 - 09:03:02: "MRALeMR<8><STEAM_0:0:1640593011><CT>" attacked "quake<9><STEAM_0:0:1670451984><TERRORIST>" with "m4a1" (damage "32") (damage_armor "0") (health "-28") (armor "0")
L 03/12/2015 - 09:03:02: "MRALeMR<8><STEAM_0:0:1640593011><CT>" killed "quake<9><STEAM_0:0:1670451984><TERRORIST>" with "m4a1"
L 03/12/2015 - 09:03:05: "MRALeMR<8><STEAM_0:0:1640593011><CT>" attacked "Sedush<5><STEAM_0:0:1676925705><TERRORIST>" with "m4a1" (damage "24") (damage_armor "0") (health "76") (armor "0")
L 03/12/2015 - 09:03:05: "MRALeMR<8><STEAM_0:0:1640593011><CT>" attacked "Sedush<5><STEAM_0:0:1676925705><TERRORIST>" with "m4a1" (damage "32") (damage_armor "0") (health "44") (armor "0")
L 03/12/2015 - 09