L 03/14/2015 - 21:53:36: Log file started (file "logs/L0314047.log") (game "cstrike") (version "48/1.6.3.7/Stdio/5787")
L 03/14/2015 - 21:53:36: Loading map "$1000$"
L 03/14/2015 - 21:53:36: Server cvars start
L 03/14/2015 - 21:53:36: Server cvar "_tutor_bomb_viewable_check_interval" = "0.5"
L 03/14/2015 - 21:53:36: Server cvar "_tutor_debug_level" = "0"
L 03/14/2015 - 21:53:36: Server cvar "_tutor_examine_time" = "0.5"
L 03/14/2015 - 21:53:36: Server cvar "_tutor_hint_interval_time" = "10.0"
L 03/14/2015 - 21:53:36: Server cvar "_tutor_look_angle" = "10"
L 03/14/2015 - 21:53:36: Server cvar "_tutor_look_distance" = "200"
L 03/14/2015 - 21:53:36: Server cvar "_tutor_message_character_display_time_coefficient" = "0.07"
L 03/14/2015 - 21:53:36: Server cvar "_tutor_message_minimum_display_time" = "1"
L 03/14/2015 - 21:53:36: Server cvar "_tutor_message_repeats" = "5"
L 03/14/2015 - 21:53:36: Server cvar "_tutor_view_distance" = "1000"
L 03/14/2015 - 21:53:36: Server cvar "aesp_version" = "1.5b_mini"
L 03/14/2015 - 21:53:36: Server cvar "allow_spectators" = "2"
L 03/14/2015 - 21:53:36: Server cvar "amx_client_languages" = "0"
L 03/14/2015 - 21:53:36: Server cvar "amx_contactinfo" = "ICQ: 691322983"
L 03/14/2015 - 21:53:36: Server cvar "amx_language" = "ru"
L 03/14/2015 - 21:53:36: Server cvar "amx_nextmap" = "awp_india"
L 03/14/2015 - 21:53:36: Server cvar "amx_timeleft" = "13:52"
L 03/14/2015 - 21:53:36: Server cvar "amxbans_ssversion" = "Gm 1.6"
L 03/14/2015 - 21:53:36: Server cvar "amxbans_version" = "Gm 1.6"
L 03/14/2015 - 21:53:36: Server cvar "amxmodx_version" = "1.8.1.3746"
L 03/14/2015 - 21:53:36: Server cvar "Colored Translit Cheat" = "Loaded"
L 03/14/2015 - 21:53:36: Server cvar "Colored Translit Config" = "Loaded"
L 03/14/2015 - 21:53:36: Server cvar "Colored Translit Ignores" = "Loaded"
L 03/14/2015 - 21:53:36: Server cvar "Colored Translit Replace" = "Loaded"
L 03/14/2015 - 21:53:36: Server cvar "Colored Translit Spam" = "Loaded"
L 03/14/2015 - 21:53:36: Server cvar "Colored Translit Status" = "Loaded"
L 03/14/2015 - 21:53:36: Server cvar "Colored Translit Swear" = "Loaded"
L 03/14/2015 - 21:53:36: Server cvar "Colored Translit Version" = "2.0b Final"
L 03/14/2015 - 21:53:36: Server cvar "coop" = "0"
L 03/14/2015 - 21:53:36: Server cvar "deathmatch" = "1"
L 03/14/2015 - 21:53:36: Server cvar "decalfrequency" = "9"
L 03/14/2015 - 21:53:36: Server cvar "dp_version" = "0.9.391"
L 03/14/2015 - 21:53:36: Server cvar "edgefriction" = "2"
L 03/14/2015 - 21:53:36: Server cvar "hostage_debug" = "0"
L 03/14/2015 - 21:53:36: Server cvar "hostage_stop" = "0"
L 03/14/2015 - 21:53:36: Server cvar "humans_join_team" = "any"
L 03/14/2015 - 21:53:36: Server cvar "jtp10181" = "chute"
L 03/14/2015 - 21:53:36: Server cvar "max_queries_sec" = "3.0"
L 03/14/2015 - 21:53:36: Server cvar "max_queries_sec_global" = "30"
L 03/14/2015 - 21:53:36: Server cvar "max_queries_window" = "60"
L 03/14/2015 - 21:53:36: Server cvar "metamod_version" = "1.19p32"
L 03/14/2015 - 21:53:36: Server cvar "mp_allowmonsters" = "0"
L 03/14/2015 - 21:53:36: Server cvar "mp_autokick" = "1"
L 03/14/2015 - 21:53:36: Server cvar "mp_autoteambalance" = "1"
L 03/14/2015 - 21:53:36: Server cvar "mp_buytime" = "1.5"
L 03/14/2015 - 21:53:36: Server cvar "mp_c4timer" = "35"
L 03/14/2015 - 21:53:36: Server cvar "mp_chattime" = "0"
L 03/14/2015 - 21:53:36: Server cvar "mp_consistency" = "1"
L 03/14/2015 - 21:53:36: Server cvar "mp_fadetoblack" = "0"
L 03/14/2015 - 21:53:36: Server cvar "mp_flashlight" = "1"
L 03/14/2015 - 21:53:36: Server cvar "mp_footsteps" = "1"
L 03/14/2015 - 21:53:36: Server cvar "mp_forcecamera" = "0"
L 03/14/2015 - 21:53:36: Server cvar "mp_forcechasecam" = "0"
L 03/14/2015 - 21:53:36: Server cvar "mp_fragsleft" = "0"
L 03/14/2015 - 21:53:36: Server cvar "mp_freezetime" = "5"
L 03/14/2015 - 21:53:36: Server cvar "mp_friendlyfire" = "0"
L 03/14/2015 - 21:53:36: Server cvar "mp_ghostfrequency" = "0.1"
L 03/14/2015 - 21:53:36: Server cvar "mp_hostagepenalty" = "2"
L 03/14/2015 - 21:53:36: Server cvar "mp_kickpercent" = "0.66"
L 03/14/2015 - 21:53:36: Server cvar "mp_limitteams" = "2"
L 03/14/2015 - 21:53:36: Server cvar "mp_logdetail" = "3"
L 03/14/2015 - 21:53:36: Server cvar "mp_logfile" = "1"
L 03/14/2015 - 21:53:36: Server cvar "mp_logmessages" = "1"
L 03/14/2015 - 21:53:36: Server cvar "mp_mapvoteratio" = "0.66"
L 03/14/2015 - 21:53:36: Server cvar "mp_maxrounds" = "0"
L 03/14/2015 - 21:53:36: Server cvar "mp_mirrordamage" = "0"
L 03/14/2015 - 21:53:36: Server cvar "mp_playerid" = "0"
L 03/14/2015 - 21:53:36: Server cvar "mp_roundtime" = "2.57"
L 03/14/2015 - 21:53:36: Server cvar "mp_startmoney" = "800"
L 03/14/2015 - 21:53:36: Server cvar "mp_timeleft" = "0"
L 03/14/2015 - 21:53:36: Server cvar "mp_timelimit" = "50"
L 03/14/2015 - 21:53:36: Server cvar "mp_tkpunish" = "1"
L 03/14/2015 - 21:53:36: Server cvar "mp_windifference" = "1"
L 03/14/2015 - 21:53:36: Server cvar "mp_winlimit" = "0"
L 03/14/2015 - 21:53:36: Server cvar "pausable" = "0"
L 03/14/2015 - 21:53:36: Server cvar "sv_accelerate" = "5"
L 03/14/2015 - 21:53:36: Server cvar "sv_aim" = "off"
L 03/14/2015 - 21:53:36: Server cvar "sv_airaccelerate" = "10"
L 03/14/2015 - 21:53:36: Server cvar "sv_airmove" = "1"
L 03/14/2015 - 21:53:36: Server cvar "sv_allowupload" = "1"
L 03/14/2015 - 21:53:36: Server cvar "sv_alltalk" = "1"
L 03/14/2015 - 21:53:36: Server cvar "sv_bounce" = "1"
L 03/14/2015 - 21:53:36: Server cvar "sv_cheats" = "off"
L 03/14/2015 - 21:53:36: Server cvar "sv_clienttrace" = "1"
L 03/14/2015 - 21:53:36: Server cvar "sv_clipmode" = "0"
L 03/14/2015 - 21:53:36: Server cvar "sv_contact" = ""
L 03/14/2015 - 21:53:36: Server cvar "sv_friction" = "4"
L 03/14/2015 - 21:53:36: Server cvar "sv_gravity" = "800"
L 03/14/2015 - 21:53:36: Server cvar "sv_logblocks" = "0"
L 03/14/2015 - 21:53:36: Server cvar "sv_maxrate" = "50000"
L 03/14/2015 - 21:53:36: Server cvar "sv_maxspeed" = "900"
L 03/14/2015 - 21:53:36: Server cvar "sv_minrate" = "100000"
L 03/14/2015 - 21:53:36: Server cvar "sv_password" = ""
L 03/14/2015 - 21:53:36: Server cvar "sv_proxies" = "0"
L 03/14/2015 - 21:53:36: Server cvar "sv_region" = "3"
L 03/14/2015 - 21:53:36: Server cvar "sv_restart" = "0"
L 03/14/2015 - 21:53:36: Server cvar "sv_restartround" = "0"
L 03/14/2015 - 21:53:36: Server cvar "sv_stepsize" = "18"
L 03/14/2015 - 21:53:36: Server cvar "sv_stopspeed" = "75"
L 03/14/2015 - 21:53:36: Server cvar "sv_uploadmax" = "0.5"
L 03/14/2015 - 21:53:36: Server cvar "sv_voiceenable" = "1"
L 03/14/2015 - 21:53:36: Server cvar "sv_wateraccelerate" = "10"
L 03/14/2015 - 21:53:36: Server cvar "sv_waterfriction" = "1"
L 03/14/2015 - 21:53:36: Server cvar "vtc_version" = "80"
L 03/14/2015 - 21:53:36: Server cvars end
L 03/14/2015 - 21:53:36: Server cvar "amx_nextmap" = "fy_pool_day"
L 03/14/2015 - 21:53:37: Started map "$1000$" (CRC "1781739224")
L 03/14/2015 - 21:53:37: [VTC] Player 3 speex
L 03/14/2015 - 21:53:37: [VTC] Player 4 silk
L 03/14/2015 - 21:53:37: [VTC] Player 2 speex
L 03/14/2015 - 21:53:37: [VTC] Player 9 speex
L 03/14/2015 - 21:53:37: [VTC] Player 6 speex
L 03/14/2015 - 21:53:37: [VTC] Player 11 speex
L 03/14/2015 - 21:53:37: [VTC] Player 8 speex
L 03/14/2015 - 21:53:37: [VTC] Player 5 speex
L 03/14/2015 - 21:53:39: [DPROTO]: Client 3 - Set AuthIdType 1 [Native]; pClient = 0xb3906be4
L 03/14/2015 - 21:53:39: "JESUS<90><STEAM_0:1:109981386><>" connected, address "37.213.46.120:27005"
L 03/14/2015 - 21:53:39: [VTC] Player 4 silk
L 03/14/2015 - 21:53:39: "JESUS<90><STEAM_0:1:109981386><>" STEAM USERID validated
L 03/14/2015 - 21:53:40: "|Xyligans|_Zl@9|_P@nD@<88><STEAM_0:4:1475267845><>" entered the game
L 03/14/2015 - 21:53:40: "|Xyligans|kpy}I{ka<77><STEAM_0:4:1954401541><>" entered the game
L 03/14/2015 - 21:53:40: "Lenochka<78><STEAM_0:0:226379933><>" entered the game
L 03/14/2015 - 21:53:40: "-JoKeR-<89><STEAM_0:4:1099575379><>" entered the game
L 03/14/2015 - 21:53:41: "JESUS<90><STEAM_0:1:109981386><>" entered the game
L 03/14/2015 - 21:53:41: "Dasha_vit9l<86><STEAM_0:4:624455428><>" entered the game
L 03/14/2015 - 21:53:43: World triggered "Round_Start"
L 03/14/2015 - 21:53:43: "^Leroshka*<84><STEAM_0:4:426122062><>" entered the game
L 03/14/2015 - 21:53:43: "[Hard_Skill]_Extazy<69><STEAM_0:4:397277401><>" entered the game
L 03/14/2015 - 21:53:43: "Lenochka<78><STEAM_0:0:226379933><>" joined team "CT"
L 03/14/2015 - 21:53:44: "^Leroshka*<84><STEAM_0:4:426122062><>" joined team "SPECTATOR"
L 03/14/2015 - 21:53:44: "|Xyligans|_Zl@9|_P@nD@<88><STEAM_0:4:1475267845><>" joined team "CT"
L 03/14/2015 - 21:53:45: "-JoKeR-<89><STEAM_0:4:1099575379><>" joined team "TERRORIST"
L 03/14/2015 - 21:53:45: World triggered "Game_Commencing"
L 03/14/2015 - 21:53:45: World triggered "Game_Commencing" (CT "0") (T "0")
L 03/14/2015 - 21:53:45: World triggered "Round_End"
L 03/14/2015 - 21:53:46: "[Hard_Skill]_Extazy<69><STEAM_0:4:397277401><>" joined team "SPECTATOR"
L 03/14/2015 - 21:53:47: "Dasha_vit9l<86><STEAM_0:4:624455428><>" joined team "CT"
L 03/14/2015 - 21:53:48: "JESUS<90><STEAM_0:1:109981386><>" joined team "TERRORIST"
L 03/14/2015 - 21:53:50: "|Xyligans|kpy}I{ka<77><STEAM_0:4:1954401541><>" joined team "TERRORIST"
L 03/14/2015 - 21:53:53: World triggered "Round_Start"
L 03/14/2015 - 21:53:56: "^Leroshka*<84><STEAM_0:4:426122062><SPECTATOR>" joined team "TERRORIST"
L 03/14/2015 - 21:53:59: "Lenochka<78><STEAM_0:0:226379933><CT>" attacked "JESUS<90><STEAM_0:1:109981386><TERRORIST>" with "mp5navy" (damage "22") (damage_armor "0") (health "78") (armor "0")
L 03/14/2015 - 21:53:59: "Lenochka<78><STEAM_0:0:226379933><CT>" attacked "JESUS<90><STEAM_0:1:109981386><TERRORIST>" with "mp5navy" (damage "92") (damage_armor "0") (health "-14") (armor "0")
L 03/14/2015 - 21:53:59: "Lenochka<78><STEAM_0:0:226379933><CT>" killed "JESUS<90><STEAM_0:1:109981386><TERRORIST>" with "mp5navy"
L 03/14/2015 - 21:54:00: "Lenochka<78><STEAM_0:0:226379933><CT>" attacked "-JoKeR-<89><STEAM_0:4:1099575379><TERRORIST>" with "mp5navy" (damage "22") (damage_armor "0") (health "78") (armor "0")
L 03/14/2015 - 21:54:00: "Lenochka<78><STEAM_0:0:226379933><CT>" attacked "-JoKeR-<89><STEAM_0:4:1099575379><TERRORIST>" with "mp5navy" (damage "23") (damage_armor "0") (health "55") (armor "0")
L 03/14/2015 - 21:54:01: "-JoKeR-<89><STEAM_0:4:1099575379><TERRORIST>" attacked "Lenochka<78><STEAM_0:0:226379933><CT>" with "m4a1" (damage "32") (damage_armor "0") (health "68") (armor "0")
L 03/14/2015 - 21:54:01: "-JoKeR-<89><STEAM_0:4:1099575379><TERRORIST>" attacked "Lenochka<78><STEAM_0:0:226379933><CT>" with "m4a1" (damage "128") (damage_armor "0") (health "-60") (armor "0")
L 03/14/2015 - 21:54:01: "-JoKeR-<89><STEAM_0:4:1099575379><TERRORIST>" killed "Lenochka<78><STEAM_0:0:226379933><CT>" with "m4a1"
L 03/14/2015 - 21:54:07: "|Xyligans|kpy}I{ka<77><STEAM_0:4:1954401541><TERRORIST>" attacked "|Xyligans|_Zl@9|_P@nD@<88><STEAM_0:4:1475267845><CT>" with "ak47" (damage "25") (damage_armor "0") (health "-6") (armor "0")
L 03/14/2015 - 21:54:07: "|Xyligans|kpy}I{ka<77><STEAM_0:4:1954401541><TERRORIST>" killed "|Xyligans|_Zl@9|_P@nD@<88><STEAM_0:4:1475267845><CT>" with "ak47"
L 03/14/2015 - 21:54:11: "|Xyligans|kpy}I{ka<77><STEAM_0:4:1954401541><TERRORIST>" attacked "Dasha_vit9l<86><STEAM_0:4:624455428><CT>" with "ak47" (damage "35") (damage_armor "0") (health "-5") (armor "0")
L 03/14/2015 - 21:54:11: "|Xyligans|kpy}I{ka<77><STEAM_0:4:1954401541><TERRORIST>" killed "Dasha_vit9l<86><STEAM_0:4:624455428><CT>" with "ak47"
L 03/14/2015 - 21:54:11: Team "TERRORIST" triggered "Terrorists_Win" (CT "0") (T "1")
L 03/14/2015 - 21:54:11: World triggered "Round_End"
L 03/14/2015 - 21:54:21: World triggered "Round_Start"
L 03/14/2015 - 21:54:25: "-JoKeR-<89><STEAM_0:4:1099575379><TERRORIST>" attacked "|Xyligans|_Zl@9|_P@nD@<88><STEAM_0:4:1475267845><CT>" with "m4a1" (damage "28") (damage_armor "0") (health "72") (armor "0")
L 03/14/2015 - 21:54:26: "-JoKeR-<89><STEAM_0:4:1099575379><TERRORIST>" attacked "|Xyligans|_Zl@9|_P@nD@<88><STEAM_0:4:1475267845><CT>" with "m4a1" (damage "28") (damage_armor "0") (health "44") (armor "0")
L 03/14/2015 - 21:54:28: "|Xyligans|_Zl@9|_P@nD@<88><STEAM_0:4:1475267845><CT>" attacked "|Xyligans|kpy}I{ka<77><STEAM_0:4:1954401541><TERRORIST>" with "awp" (damage "112") (damage_armor "0") (health "-17") (armor "0")
L 03/14/2015 - 21:54:28: "|Xyligans|_Zl@9|_P@nD@<88><STEAM_0:4:1475267845><CT>" killed "|Xyligans|kpy}I{ka<77><STEAM_0:4:1954401541><TERRORIST>" with "awp"
L 03/14/2015 - 21:54:31: "JESUS<90><STEAM_0:1:109981386><TERRORIST>" attacked "Dasha_vit9l<86><STEAM_0:4:624455428><CT>" with "ak47" (damage "35") (damage_armor "0") (health "43") (armor "0")
L 03/14/2015 - 21:54:31: "JESUS<90><STEAM_0:1:109981386><TERRORIST>" attacked "Dasha_vit9l<86><STEAM_0:4:624455428><CT>" with "ak47" (damage "140") (damage_armor "0") (health "-97") (armor "0")
L 03/14/2015 - 21:54:31: "JESUS<90><STEAM_0:1:109981386><TERRORIST>" killed "Dasha_vit9l<86><STEAM_0:4:624455428><CT>" with "ak47"
L 03/14/2015 - 21:54:31: "|Xyligans|_Zl@9|_P@nD@<88><STEAM_0:4:1475267845><CT>" attacked "^Leroshka*<84><STEAM_0:4:426122062><TERRORIST>" with "awp" (damage "112") (damage_armor "0") (health "-12") (armor "0")
L 03/14/2015 - 21:54:31: "|Xyligans|_Zl@9|_P@nD@<88><STEAM_0:4:1475267845><CT>" killed "^Leroshka*<84><STEAM_0:4:426122062><TERRORIST>" with "awp"
L 03/14/2015 - 21:54:31: "JESUS<90><STEAM_0:1:109981386><TERRORIST>" attacked "Lenochka<78><STEAM_0:0:226379933><CT>" with "ak47" (damage "34") (damage_armor "0") (health "27") (armor "0")
L 03/14/2015 - 21:54:32: "-JoKeR-<89><STEAM_0:4:1099575379><TERRORIST>" attacked "Lenochka<78><STEAM_0:0:226379933><CT>" with "m4a1" (damage "28") (damage_armor "0") (health "-1") (armor "0")
L 03/14/2015 - 21:54:32: "-JoKeR-<89><STEAM_0:4:1099575379><TERRORIST>" killed "Lenochka<78><STEAM_0:0:226379933><CT>" with "m4a1"
L 03/14/2015 - 21:54:34: "|Xyligans|_Zl@9|_P@nD@<88><STEAM_0:4:1475267845><CT>" attacked "JESUS<90><STEAM_0:1:109981386><TERRORIST>" with "awp" (damage "114") (damage_armor "0") (health "-47") (armor "0")
L 03/14/2015 - 21:54:34: "|Xyligans|_Zl@9|_P@nD@<88><STEAM_0:4:1475267845><CT>" killed "JESUS<90><STEAM_0:1:109981386><TERRORIST>" with "awp"
L 03/14/2015 - 21:54:36: "Dasha_vit9l<86><STEAM_0:4:624455428><CT>" triggered "weaponstats" (weapon "grenade") (shots "4") (hits "2") (kills "0") (headshots "0") (tks "0") (damage "38") (deaths "0")
L 03/14/2015 - 21:54:36: "Dasha_vit9l<86><STEAM_0:4:624455428><CT>" triggered "weaponstats2" (weapon "grenade") (head "0") (chest "0") (stomach "0") (leftarm "0") (rightarm "0") (leftleg "0") (rightleg "0")
L 03/14/2015 - 21:54:36: "Dasha_vit9l<86><STEAM_0:4:624455428><CT>" triggered "weaponstats" (weapon "ak47") (shots "1") (hits "0") (kills "0") (headshots "0") (tks "0") (damage "0") (deaths "2")
L 03/14/2015 - 21:54:36: "Dasha_vit9l<86><STEAM_0:4:624455428><CT>" triggered "weaponstats2" (weapon "ak47") (head "0") (chest "0") (stomach "0") (leftarm "0") (rightarm "0") (leftleg "0") (rightleg "0")
L 03/14/2015 - 21:54:36: "Dasha_vit9l<86><STEAM_0:4:624455428><CT>" triggered "time" (time "0:54")
L 03/14/2015 - 21:54:36: "Dasha_vit9l<86><STEAM_0:4:624455428><CT>" triggered "latency" (ping "70")
L 03/14/2015 - 21:54:36: "Dasha_vit9l<86><STEAM_0:4:624455428><CT>" disconnected
L 03/14/2015 - 21:54:38: "|Xyligans|_Zl@9|_P@nD@<88><STEAM_0:4:1475267845><CT>" attacked "-JoKeR-<89><STEAM_0:4:1099575379><TERRORIST>" with "m4a1" (damage "38") (damage_armor "0") (health "62") (armor "0")
L 03/14/2015 - 21:54:39: "|Xyligans|_Zl@9|_P@nD@<88><STEAM_0:4:1475267845><CT>" attacked "-JoKeR-<89><STEAM_0:4:1099575379><TERRORIST>" with "m4a1" (damage "23") (damage_armor "0") (health "39") (armor "0")
L 03/14/2015 - 21:54:39: "|Xyligans|_Zl@9|_P@nD@<88><STEAM_0:4:1475267845><CT>" attacked "-JoKeR-<89><STEAM_0:4:1099575379><TERRORIST>" with "m4a1" (damage "38") (damage_armor "0") (health "1") (armor "0")
L 03/14/2015 - 21:54:39: "|Xyligans|_Zl@9|_P@nD@<88><STEAM_0:4:1475267845><CT>" attacked "-JoKeR-<89><STEAM_0:4:1099575379><TERRORIST>" with "m4a1" (damage "23") (damage_armor "0") (health "-22") (armor "0")
L 03/14/2015 - 21:54:39: "|Xyligans|_Zl@9|_P@nD@<88><STEAM_0:4:1475267845><CT>" killed "-JoKeR-<89><STEAM_0:4:1099575379><TERRORIST>" with "m4a1"
L 03/14/2015 - 21:54:39: Team "CT" triggered "CTs_Win" (CT "1") (T "1")
L 03/14/2015 - 21:54:39: World triggered "Round_End"
L 03/14/2015 - 21:54:43: "-JoKeR-<89><STEAM_0:4:1099575379><TERRORIST>" joined team "CT"
L 03/14/2015 - 21:54:49: World triggered "Round_Start"
L 03/14/2015 - 21:54:53: "^Leroshka*<84><STEAM_0:4:426122062><TERRORIST>" attacked "Lenochka<78><STEAM_0:0:226379933><CT>" with "ak47" (damage "35") (damage_armor "0") (health "65") (armor "0")
L 03/14/2015 - 21:54:53: "Lenochka<78><STEAM_0:0:226379933><CT>" attacked "^Leroshka*<84><STEAM_0:4:426122062><TERRORIST>" with "mp5navy" (damage "21") (damage_armor "0") (health "79") (armor "0")
L 03/14/2015 - 21:54:54: "Lenochka<78><STEAM_0:0:226379933><CT>" attacked "^Leroshka*<84><STEAM_0:4:426122062><TERRORIST>" with "mp5navy" (damage "84") (damage_armor "0") (health "-5") (armor "0")
L 03/14/2015 - 21:54:54: "Lenochka<78><STEAM_0:0:226379933><CT>" killed "^Leroshka*<84><STEAM_0:4:426122062><TERRORIST>" with "mp5navy"
L 03/14/2015 - 21:54:56: "Lenochka<78><STEAM_0:0:226379933><CT>" attacked "JESUS<90><STEAM_0:1:109981386><TERRORIST>" with "mp5navy" (damage "26") (damage_armor "0") (health "34") (armor "0")
L 03/14/2015 - 21:54:58: "Lenochka<78><STEAM_0:0:226379933><CT>" attacked "JESUS<90><STEAM_0:1:109981386><TERRORIST>" with "usp" (damage "27") (damage_armor "0") (health "7") (armor "0")
L 03/14/2015 - 21:54:58: "Lenochka<78><STEAM_0:0:226379933><CT>" attacked "JESUS<90><STEAM_0:1:109981386><TERRORIST>" with "usp" (damage "28") (damage_armor "0") (health "-21") (armor "0")
L 03/14/2015 - 21:54:58: "Lenochka<78><STEAM_0:0:226379933><CT>" killed "JESUS<90><STEAM_0:1:109981386><TERRORIST>" with "usp"
L 03/14/2015 - 21:54:58: "|Xyligans|_Zl@9|_P@nD@<88><STEAM_0:4:1475267845><CT>" attacked "|Xyligans|kpy}I{ka<77><STEAM_0:4:1954401541><TERRORIST>" with "m4a1" (damage "23") (damage_armor "0") (health "43") (armor "0")
L 03/14/2015 - 21:54:59: "|Xyligans|kpy}I{ka<77><STEAM_0:4:1954401541><TERRORIST>" attacked "|Xyligans|_Zl@9|_P@nD@<88><STEAM_0:4:1475267845><CT>" with "ak47" (damage "26") (damage_armor "0") (health "8") (armor "0")
L 03/14/2015 - 21:54:59: "|Xyligans|kpy}I{ka<77><STEAM_0:4:1954401541><TERRORIST>" attacked "|Xyligans|_Zl@9|_P@nD@<88><STEAM_0:4:1475267845><CT>" with "ak47" (damage "26") (damage_armor "0") (health "-18") (armor "0")
L 03/14/2015 - 21:54:59: "|Xyligans|kpy}I{ka<77><STEAM_0:4:1954401541><TERRORIST>" killed "|Xyligans|_Zl@9|_P@nD@<88><STEAM_0:4:1475267845><CT>" with "ak47"
L 03/14/2015 - 21:55:00: "Lenochka<78><STEAM_0:0:226379933><CT>" attacked "|Xyligans|kpy}I{ka<77><STEAM_0:4:1954401541><TERRORIST>" with "usp" (damage "33") (damage_armor "0") (health "10") (armor "0")
L 03/14/2015 - 21:55:00: "Lenochka<78><STEAM_0:0:226379933><CT>" attacked "|Xyligans|kpy}I{ka<77><STEAM_0:4:1954401541><TERRORIST>" with "usp" (damage "35") (damage_armor "0") (health "-25") (armor "0")
L 03/14/2015 - 21:55:00: "Lenochka<78><STEAM_0:0:226379933><CT>" killed "|Xyligans|kpy}I{ka<77><STEAM_0:4:1954401541><TERRORIST>" with "usp"
L 03/14/2015 - 21:55:00: Team "CT" triggered "CTs_Win" (CT "2") (T "1")
L 03/14/2015 - 21:55:00: World triggered "Round_End"
L 03/14/2015 - 21:55:03: [DPROTO]: Client 4 - Set AuthIdType 3 [dp_OldRevEmu]; pClient = 0xb390bad8
L 03/14/2015 - 21:55:03: "mr_Dasha<91><STEAM_0:4:624455428><>" connected, address "176.60.44.227:40122"
L 03/14/2015 - 21:55:03: [VTC] Player 5 speex
L 03/14/2015 - 21:55:06: "mr_Dasha<91><STEAM_0:4:624455428><>" entered the game
L 03/14/2015 - 21:55:09: "mr_Dasha<91><STEAM_0:4:624455428><>" joined team "CT"
L 03/14/2015 - 21:55:10: World triggered "Round_Start"
L 03/14/2015 - 21:55:13: "|Xyligans|_Zl@9|_P@nD@<88><STEAM_0:4:1475267845><CT>" attacked "^Leroshka*<84><STEAM_0:4:426122062><TERRORIST>" with "ak47" (damage "25") (damage_armor "0") (health "75") (armor "0")
L 03/14/2015 - 21:55:13: "Lenochka<78><STEAM_0:0:226379933><CT>" attacked "|Xyligans|kpy}I{ka<77><STEAM_0:4:1954401541><TERRORIST>" with "mp5navy" (damage "26") (damage_armor "0") (health "31") (armor "0")
L 03/14/2015 - 21:55:13: "Lenochka<78><STEAM_0:0:226379933><CT>" attacked "|Xyligans|kpy}I{ka<77><STEAM_0:4:1954401541><TERRORIST>" with "mp5navy" (damage "22") (damage_armor "0") (health "9") (armor "0")
L 03/14/2015 - 21:55:14: "Lenochka<78><STEAM_0:0:226379933><CT>" attacked "|Xyligans|kpy}I{ka<77><STEAM_0:4:1954401541><TERRORIST>" with "mp5navy" (damage "22") (damage_armor "0") (health "-13") (armor "0")
L 03/14/2015 - 21:55:14: "Lenochka<78><STEAM_0:0:226379933><CT>" killed "|Xyligans|kpy}I{ka<77><STEAM_0:4:1954401541><TERRORIST>" with "mp5navy"
L 03/14/2015 - 21:55:15: "Lenochka<78><STEAM_0:0:226379933><CT>" attacked "JESUS<90><STEAM_0:1:109981386><TERRORIST>" with "mp5navy" (damage "24") (damage_armor "0") (health "76") (armor "0")
L 03/14/2015 - 21:55:15: "Lenochka<78><STEAM_0:0:226379933><CT>" attacked "JESUS<90><STEAM_0:1:109981386><TERRORIST>" with "mp5navy" (damage "24") (damage_armor "0") (health "52") (armor "0")
L 03/14/2015 - 21:55:15: "Lenochka<78><STEAM_0:0:226379933><CT>" attacked "JESUS<90><STEAM_0:1:109981386><TERRORIST>" with "mp5navy" (damage "25") (damage_armor "0") (health "27") (armor "0")
L 03/14/2015 - 21:55:15: "Lenochka<78><STEAM_0:0:226379933><CT>" attacked "JESUS<90><STEAM_0:1:109981386><TERRORIST>" with "mp5navy" (damage "100") (damage_armor "0") (health "-73") (armor "0")
L 03/14/2015 - 21:55:15: "Lenochka<78><STEAM_0:0:226379933><CT>" killed "JESUS<90><STEAM_0:1:109981386><TERRORIST>" with "mp5navy"
L 03/14/2015 - 21:55:16: "Lenochka<78><STEAM_0:0:226379933><CT>" attacked "^Leroshka*<84><STEAM_0:4:426122062><TERRORIST>" with "mp5navy" (damage "22") (damage_armor "0") (health "53") (armor "0")
L 03/14/2015 - 21:55:16: "Lenochka<78><STEAM_0:0:226379933><CT>" attacked "^Leroshka*<84><STEAM_0:4:426122062><TERRORIST>" with "mp5navy" (damage "22") (damage_armor "0") (health "31") (armor "0")
L 03/14/2015 - 21:55:16: "Lenochka<78><STEAM_0:0:226379933><CT>" attacked "^Leroshka*<84><STEAM_0:4:426122062><TERRORIST>" with "mp5navy" (damage "88") (damage_armor "0") (health "-57") (armor "0")
L 03/14/2015 - 21:55:16: "Lenochka<78><STEAM_0:0:226379933><CT>" killed "^Leroshka*<84><STEAM_0:4:426122062><TERRORIST>" with "mp5navy"
L 03/14/2015 - 21:55:16: Team "CT" triggered "CTs_Win" (CT "3") (T "1")
L 03/14/2015 - 21:55:16: World triggered "Round_End"
L 03/14/2015 - 21:55:26: World triggered "Round_Start"
L 03/14/2015 - 21:55:29: [DPROTO]: Client 0 - Set AuthIdType 3 [dp_RevEmu]; pClient = 0xb38f7f08
L 03/14/2015 - 21:55:29: "/DJoN/_{10}_[TRK]<92><STEAM_0:4:999949562><>" connected, address "77.235.104.222:27005"
L 03/14/2015 - 21:55:29: [VTC] Player 1 speex
L 03/14/2015 - 21:55:31: "Lenochka<78><STEAM_0:0:226379933><CT>" attacked "JESUS<90><STEAM_0:1:109981386><TERRORIST>" with "mp5navy" (damage "24") (damage_armor "0") (health "76") (armor "0")
L 03/14/2015 - 21:55:31: "Lenochka<78><STEAM_0:0:226379933><CT>" attacked "JESUS<90><STEAM_0:1:109981386><TERRORIST>" with "mp5navy" (damage "24") (damage_armor "0") (health "52") (armor "0")
L 03/14/2015 - 21:55:31: "Lenochka<78><STEAM_0:0:226379933><CT>" attacked "JESUS<90><STEAM_0:1:109981386><TERRORIST>" with "mp5navy" (damage "24") (damage_armor "0") (health "28") (armor "0")
L 03/14/2015 - 21:55:31: "Lenochka<78><STEAM_0:0:226379933><CT>" attacked "JESUS<90><STEAM_0:1:109981386><TERRORIST>" with "mp5navy" (damage "24") (damage_armor "0") (health "4") (armor "0")
L 03/14/2015 - 21:55:31: "Lenochka<78><STEAM_0:0:226379933><CT>" attacked "JESUS<90><STEAM_0:1:109981386><TERRORIST>" with "mp5navy" (damage "24") (damage_armor "0") (health "-20") (armor "0")
L 03/14/2015 - 21:55:31: "Lenochka<78><STEAM_0:0:226379933><CT>" killed "JESUS<90><STEAM_0:1:109981386><TERRORIST>" with "mp5navy"
L 03/14/2015 - 21:55:31: "^Leroshka*<84><STEAM_0:4:426122062><TERRORIST>" attacked "Lenochka<78><STEAM_0:0:226379933><CT>" with "awp" (damage "141") (damage_armor "0") (health "-41") (armor "0")
L 03/14/2015 - 21:55:31: "^Leroshka*<84><STEAM_0:4:426122062><TERRORIST>" killed "Lenochka<78><STEAM_0:0:226379933><CT>" with "awp"
L 03/14/2015 - 21:55:33: "mr_Dasha<91><STEAM_0:4:624455428><CT>" attacked "|Xyligans|kpy}I{ka<77><STEAM_0:4:1954401541><TERRORIST>" with "m4a1" (damage "30") (damage_armor "0") (health "70") (armor "0")
L 03/14/2015 - 21:55:34: "mr_Dasha<91><STEAM_0:4:624455428><CT>" attacked "|Xyligans|kpy}I{ka<77><STEAM_0:4:1954401541><TERRORIST>" with "m4a1" (damage "30") (damage_armor "0") (health "40") (armor "0")
L 03/14/2015 - 21:55:34: "|Xyligans|_Zl@9|_P@nD@<88><STEAM_0:4:1475267845><CT>" attacked "|Xyligans|kpy}I{ka<77><STEAM_0:4:1954401541><TERRORIST>" with "ak47" (damage "42") (damage_armor "0") (health "-2") (armor "0")
L 03/14/2015 - 21:55:34: "|Xyligans|_Zl@9|_P@nD@<88><STEAM_0:4:1475267845><CT>" killed "|Xyligans|kpy}I{ka<77><STEAM_0:4:1954401541><TERRORIST>" with "ak47"
L 03/14/2015 - 21:55:36: "mr_Dasha<91><STEAM_0:4:624455428><CT>" attacked "^Leroshka*<84><STEAM_0:4:426122062><TERRORIST>" with "m4a1" (damage "32") (damage_armor "0") (health "15") (armor "0")
L 03/14/2015 - 21:55:37: "mr_Dasha<91><STEAM_0:4:624455428><CT>" attacked "^Leroshka*<84><STEAM_0:4:426122062><TERRORIST>" with "m4a1" (damage "32") (damage_armor "0") (health "-17") (armor "0")
L 03/14/2015 - 21:55:37: "mr_Dasha<91><STEAM_0:4:624455428><CT>" killed "^Leroshka*<84><STEAM_0:4:426122062><TERRORIST>" with "m4a1"
L 03/14/2015 - 21:55:37: Team "CT" triggered "CTs_Win" (CT "4") (T "1")
L 03/14/2015 - 21:55:37: World triggered "Round_End"
L 03/14/2015 - 21:55:37: [DPROTO]: Client 0 - Set AuthIdType 3 [dp_RevEmu]; pClient = 0xb38f7f08
L 03/14/2015 - 21:55:37: "/DJoN/_{10}_[TRK]<93><STEAM_0:4:999949562><>" connected, address "77.235.104.222:27005"
L 03/14/2015 - 21:55:38: [VTC] Player 1 speex
L 03/14/2015 - 21:55:46: "/DJoN/_{10}_[TRK]<93><STEAM_0:4:999949562><>" entered the game
L 03/14/2015 - 21:55:47: World triggered "Round_Start"
L 03/14/2015 - 21:55:49: "/DJoN/_{10}_[TRK]<93><STEAM_0:4:999949562><>" joined team "TERRORIST"
L 03/14/2015 - 21:55:52: "mr_Dasha<91><STEAM_0:4:624455428><CT>" attacked "^Leroshka*<84><STEAM_0:4:426122062><TERRORIST>" with "m4a1" (damage "29") (damage_armor "0") (health "71") (armor "0")
L 03/14/2015 - 21:55:52: "mr_Dasha<91><STEAM_0:4:624455428><CT>" attacked "^Leroshka*<84><STEAM_0:4:426122062><TERRORIST>" with "m4a1" (damage "36") (damage_armor "0") (health "35") (armor "0")
L 03/14/2015 - 21:55:53: "|Xyligans|_Zl@9|_P@nD@<88><STEAM_0:4:1475267845><CT>" killed "^Leroshka*<84><STEAM_0:4:426122062><TERRORIST>" with "grenade"
L 03/14/2015 - 21:55:53: "JESUS<90><STEAM_0:1:109981386><TERRORIST>" attacked "Lenochka<78><STEAM_0:0:226379933><CT>" with "m4a1" (damage "29") (damage_armor "0") (health "-8") (armor "0")
L 03/14/2015 - 21:55:53: "JESUS<90><STEAM_0:1:109981386><TERRORIST>" killed "Lenochka<78><STEAM_0:0:226379933><CT>" with "m4a1"
L 03/14/2015 - 21:55:59: "|Xyligans|kpy}I{ka<77><STEAM_0:4:1954401541><TERRORIST>" attacked "|Xyligans|_Zl@9|_P@nD@<88><STEAM_0:4:1475267845><CT>" with "ak47" (damage "35") (damage_armor "0") (health "14") (armor "0")
L 03/14/2015 - 21:55:59: "|Xyligans|kpy}I{ka<77><STEAM_0:4:1954401541><TERRORIST>" attacked "|Xyligans|_Zl@9|_P@nD@<88><STEAM_0:4:1475267845><CT>" with "ak47" (damage "35") (damage_armor "0") (health "-21") (armor "0")
L 03/14/2015 - 21:55:59: "|Xyligans|kpy}I{ka<77><STEAM_0:4:1954401541><TERRORIST>" killed "|Xyligans|_Zl@9|_P@nD@<88><STEAM_0:4:1475267845><CT>" with "ak47"
L 03/14/2015 - 21:55:59: "mr_Dasha<91><STEAM_0:4:624455428><CT>" attacked "JESUS<90><STEAM_0:1:109981386><TERRORIST>" with "m4a1" (damage "31") (damage_armor "0") (health "14") (armor "0")
L 03/14/2015 - 21:55:59: "mr_Dasha<91><STEAM_0:4:624455428><CT>" attacked "JESUS<90><STEAM_0:1:109981386><TERRORIST>" with "m4a1" (damage "31") (damage_armor "0") (health "-17") (armor "0")
L 03/14/2015 - 21:55:59: "mr_Dasha<91><STEAM_0:4:624455428><CT>" killed "JESUS<90><STEAM_0:1:109981386><TERRORIST>" with "m4a1"
L 03/14/2015 - 21:56:00: "-JoKeR-<89><STEAM_0:4:1099575379><CT>" attacked "|Xyligans|kpy}I{ka<77><STEAM_0:4:1954401541><TERRORIST>" with "ak47" (damage "140") (damage_armor "0") (health "-40") (armor "0")
L 03/14/2015 - 21:56:00: "-JoKeR-<89><STEAM_0:4:1099575379><CT>" killed "|Xyligans|kpy}I{ka<77><STEAM_0:4:1954401541><TERRORIST>" with "ak47"
L 03/14/2015 - 21:56:02: "/DJoN/_{10}_[TRK]<93><STEAM_0:4:999949562><TERRORIST>" attacked "mr_Dasha<91><STEAM_0:4:624455428><CT>" with "ak47" (damage "25") (damage_armor "0") (health "75") (armor "0")
L 03/14/2015 - 21:56:02: "/DJoN/_{10}_[TRK]<93><STEAM_0:4:999949562><TERRORIST>" attacked "mr_Dasha<91><STEAM_0:4:624455428><CT>" with "ak47" (damage "34") (damage_armor "0") (health "41") (armor "0")
L 03/14/2015 - 21:56:03: "mr_Dasha<91><STEAM_0:4:624455428><CT>" attacked "/DJoN/_{10}_[TRK]<93><STEAM_0:4:999949562><TERRORIST>" with "m4a1" (damage "30") (damage_armor "0") (health "17") (armor "0")
L 03/14/2015 - 21:56:03: "/DJoN/_{10}_[TRK]<93><STEAM_0:4:999949562><TERRORIST>" attacked "mr_Dasha<91><STEAM_0:4:624455428><CT>" with "ak47" (damage "136") (damage_armor "0") (health "-95") (armor "0")
L 03/14/2015 - 21:56:03: "/DJoN/_{10}_[TRK]<93><STEAM_0:4:999949562><TERRORIST>" killed "mr_Dasha<91><STEAM_0:4:624455428><CT>" with "ak47"
L 03/14/2015 - 21:56:12: "/DJoN/_{10}_[TRK]<93><STEAM_0:4:999949562><TERRORIST>" attacked "-JoKeR-<89><STEAM_0:4:1099575379><CT>" with "ak47" (damage "24") (damage_armor "0") (health "20") (armor "0")
L 03/14/2015 - 21:56:13: "/DJoN/_{10}_[TRK]<93><STEAM_0:4:999949562><TERRORIST>" attacked "-JoKeR-<89><STEAM_0:4:1099575379><CT>" with "ak47" (damage "33") (damage_armor "0") (health "-13") (armor "0")
L 03/14/2015 - 21:56:13: "/DJoN/_{10}_[TRK]<93><STEAM_0:4:999949562><TERRORIST>" killed "-JoKeR-<89><STEAM_0:4:1099575379><CT>" with "ak47"
L 03/14/2015 - 21:56:13: Team "TERRORIST" triggered "Terrorists_Win" (CT "4") (T "2")
L 03/14/2015 - 21:56:13: World triggered "Round_End"
L 03/14/2015 - 21:56:23: World triggered "Round_Start"
L 03/14/2015 - 21:56:30: "Lenochka<78><STEAM_0:0:226379933><CT>" attacked "|Xyligans|kpy}I{ka<77><STEAM_0:4:1954401541><TERRORIST>" with "mp5navy" (damage "19") (damage_armor "0") (health "81") (armor "0")
L 03/14/2015 - 21:56:30: "Lenochka<78><STEAM_0:0:226379933><CT>" attacked "|Xyligans|kpy}I{ka<77><STEAM_0:4:1954401541><TERRORIST>" with "mp5navy" (damage "19") (damage_armor "0") (health "62") (armor "0")
L 03/14/2015 - 21:56:30: "Lenochka<78><STEAM_0:0:226379933><CT>" attacked "|Xyligans|kpy}I{ka<77><STEAM_0:4:1954401541><TERRORIST>" with "mp5navy" (damage "20") (damage_armor "0") (health "42") (armor "0")
L 03/14/2015 - 21:56:30: "Lenochka<78><STEAM_0:0:226379933><CT>" attacked "|Xyligans|kpy}I{ka<77><STEAM_0:4:1954401541><TERRORIST>" with "mp5navy" (damage "80") (damage_armor "0") (health "-38") (armor "0")
L 03/14/2015 - 21:56:30: "Lenochka<78><STEAM_0:0:226379933><CT>" killed "|Xyligans|kpy}I{ka<77><STEAM_0:4:1954401541><TERRORIST>" with "mp5navy"
L 03/14/2015 - 21:56:32: "Lenochka<78><STEAM_0:0:226379933><CT>" attacked "/DJoN/_{10}_[TRK]<93><STEAM_0:4:999949562><TERRORIST>" with "mp5navy" (damage "22") (damage_armor "0") (health "78") (armor "0")
L 03/14/2015 - 21:56:33: "Lenochka<78><STEAM_0:0:226379933><CT>" attacked "/DJoN/_{10}_[TRK]<93><STEAM_0:4:999949562><TERRORIST>" with "mp5navy" (damage "22") (damage_armor "0") (health "56") (armor "0")
L 03/14/2015 - 21:56:33: "/DJoN/_{10}_[TRK]<93><STEAM_0:4:999949562><TERRORIST>" attacked "Lenochka<78><STEAM_0:0:226379933><CT>" with "ak47" (damage "35") (damage_armor "0") (health "7") (armor "0")
L 03/14/2015 - 21:56:33: "Lenochka<78><STEAM_0:0:226379933><CT>" attacked "/DJoN/_{10}_[TRK]<93><STEAM_0:4:999949562><TERRORIST>" with "mp5navy" (damage "22") (damage_armor "0") (health "34") (armor "0")
L 03/14/2015 - 21:56:33: "Lenochka<78><STEAM_0:0:226379933><CT>" attacked "/DJoN/_{10}_[TRK]<93><STEAM_0:4:999949562><TERRORIST>" with "mp5navy" (damage "88") (damage_armor "0") (health "-54") (armor "0")
L 03/14/2015 - 21:56:33: "Lenochka<78><STEAM_0:0:226379933><CT>" killed "/DJoN/_{10}_[TRK]<93><STEAM_0:4:999949562><TERRORIST>" with "mp5navy"
L 03/14/2015 - 21:56:33: "^Leroshka*<84><STEAM_0:4:426122062><TERRORIST>" attacked "Lenochka<78><STEAM_0:0:226379933><CT>" with "m4a1" (damage "30") (damage_armor "0") (health "-23") (armor "0")
L 03/14/2015 - 21:56:33: "^Leroshka*<84><STEAM_0:4:426122062><TERRORIST>" killed "Lenochka<78><STEAM_0:0:226379933><CT>" with "m4a1"
L 03/14/2015 - 21:56:38: "^Leroshka*<84><STEAM_0:4:426122062><TERRORIST>" attacked "-JoKeR-<89><STEAM_0:4:1099575379><CT>" with "m4a1" (damage "120") (damage_armor "0") (health "-68") (armor "0")
L 03/14/2015 - 21:56:38: "^Leroshka*<84><STEAM_0:4:426122062><TERRORIST>" killed "-JoKeR-<89><STEAM_0:4:1099575379><CT>" with "m4a1"
L 03/14/2015 - 21:56:38: "^Leroshka*<84><STEAM_0:4:426122062><TERRORIST>" attacked "mr_Dasha<91><STEAM_0:4:624455428><CT>" with "m4a1" (damage "21") (damage_armor "0") (health "18") (armor "0")
L 03/14/2015 - 21:56:38: "^Leroshka*<84><STEAM_0:4:426122062><TERRORIST>" attacked "mr_Dasha<91><STEAM_0:4:624455428><CT>" with "m4a1" (damage "36") (damage_armor "0") (health "-18") (armor "0")
L 03/14/2015 - 21:56:38: "^Leroshka*<84><STEAM_0:4:426122062><TERRORIST>" killed "mr_Dasha<91><STEAM_0:4:624455428><CT>" with "m4a1"
L 03/14/2015 - 21:56:40: "|Xyligans|_Zl@9|_P@nD@<88><STEAM_0:4:1475267845><CT>" attacked "^Leroshka*<84><STEAM_0:4:426122062><TERRORIST>" with "m4a1" (damage "21") (damage_armor "0") (health "37") (armor "0")
L 03/14/2015 - 21:56:40: "|Xyligans|_Zl@9|_P@nD@<88><STEAM_0:4:1475267845><CT>" attacked "^Leroshka*<84><STEAM_0:4:426122062><TERRORIST>" with "m4a1" (damage "36") (damage_armor "0") (health "1") (armor "0")
L 03/14/2015 - 21:56:40: "|Xyligans|_Zl@9|_P@nD@<88><STEAM_0:4:1475267845><CT>" attacked "^Leroshka*<84><STEAM_0:4:426122062><TERRORIST>" with "m4a1" (damage "36") (damage_armor "0") (health "-35") (armor "0")
L 03/14/2015 - 21:56:40: "|Xyligans|_Zl@9|_P@nD@<88><STEAM_0:4:1475267845><CT>" killed "^Leroshka*<84><STEAM_0:4:426122062><TERRORIST>" with "m4a1"
L 03/14/2015 - 21:56:41: "-JoKeR-<89><STEAM_0:4:1099575379><CT>" joined team "TERRORIST"
L 03/14/2015 - 21:56:49: "|Xyligans|_Zl@9|_P@nD@<88><STEAM_0:4:1475267845><CT>" attacked "JESUS<90><STEAM_0:1:109981386><TERRORIST>" with "m4a1" (damage "31") (damage_armor "0") (health "38") (armor "0")
L 03/14/2015 - 21:56:49: "|Xyligans|_Zl@9|_P@nD@<88><STEAM_0:4:1475267845><CT>" attacked "JESUS<90><STEAM_0:1:109981386><TERRORIST>" with "m4a1" (damage "38") (damage_armor "0") (health "0") (armor "0")
L 03/14/2015 - 21:56:49: "|Xyligans|_Zl@9|_P@nD@<88><STEAM_0:4:1475267845><CT>" killed "JESUS<90><STEAM_0:1:109981386><TERRORIST>" with "m4a1"
L 03/14/2015 - 21:56:49: Team "CT" triggered "CTs_Win" (CT "5") (T "2")
L 03/14/2015 - 21:56:49: World triggered "Round_End"
L 03/14/2015 - 21:56:59: World triggered "Round_Start"
L 03/14/2015 - 21:57:02: "|Xyligans|_Zl@9|_P@nD@<88><STEAM_0:4:1475267845><CT>" attacked "/DJoN/_{10}_[TRK]<93><STEAM_0:4:999949562><TERRORIST>" with "awp" (damage "112") (damage_armor "0") (health "-12") (armor "0")
L 03/14/2015 - 21:57:02: "|Xyligans|_Zl@9|_P@nD@<88><STEAM_0:4:1475267845><CT>" killed "/DJoN/_{10}_[TRK]<93><STEAM_0:4:999949562><TERRORIST>" with "awp"
L 03/14/2015 - 21:57:07: "-JoKeR-<89><STEAM_0:4:1099575379><TERRORIST>" attacked "Lenochka<78><STEAM_0:0:226379933><CT>" with "m4a1" (damage "28") (damage_armor "0") (health "72") (armor "0")
L 03/14/2015 - 21:57:08: "^Leroshka*<84><STEAM_0:4:426122062><TERRORIST>" attacked "Lenochka<78><STEAM_0:0:226379933><CT>" with "m4a1" (damage "116") (damage_armor "0") (health "-44") (armor "0")
L 03/14/2015 - 21:57:08: "^Leroshka*<84><STEAM_0:4:426122062><TERRORIST>" killed "Lenochka<78><STEAM_0:0:226379933><CT>" with "m4a1"
L 03/14/2015 - 21:57:08: [DPROTO]: Client 6 - Set AuthIdType 1 [Native]; pClient = 0xb39158c0
L 03/14/2015 - 21:57:08: "flame<94><STEAM_0:0:56616285><>" connected, address "178.127.150.93:27005"
L 03/14/2015 - 21:57:09: [VTC] Player 7 silk
L 03/14/2015 - 21:57:09: "flame<94><STEAM_0:0:56616285><>" STEAM USERID validated
L 03/14/2015 - 21:57:09: "|Xyligans|_Zl@9|_P@nD@<88><STEAM_0:4:1475267845><CT>" attacked "JESUS<90><STEAM_0:1:109981386><TERRORIST>" with "awp" (damage "112") (damage_armor "0") (health "-12") (armor "0")
L 03/14/2015 - 21:57:09: "|Xyligans|_Zl@9|_P@nD@<88><STEAM_0:4:1475267845><CT>" killed "JESUS<90><STEAM_0:1:109981386><TERRORIST>" with "awp"
L 03/14/2015 - 21:57:10: [DPROTO]: Client 9 - Set AuthIdType 3 [dp_RevEmu]; pClient = 0xb392459c
L 03/14/2015 - 21:57:10: "[Hard_Skill]_Leks<95><STEAM_0:4:672615685><>" connected, address "178.120.114.249:35799"
L 03/14/2015 - 21:57:10: [VTC] Player 10 speex
L 03/14/2015 - 21:57:11: [DPROTO]: Client 6 - Set AuthIdType 1 [Native]; pClient = 0xb39158c0
L 03/14/2015 - 21:57:11: "flame<96><STEAM_0:0:56616285><>" connected, address "178.127.150.93:27005"
L 03/14/2015 - 21:57:11: "/DJoN/_{10}_[TRK]<93><STEAM_0:4:999949562><TERRORIST>" triggered "weaponstats" (weapon "grenade") (shots "1") (hits "4") (kills "0") (headshots "0") (tks "0") (damage "118") (deaths "0")
L 03/14/2015 - 21:57:11: "/DJoN/_{10}_[TRK]<93><STEAM_0:4:999949562><TERRORIST>" triggered "weaponstats2" (weapon "grenade") (head "0") (chest "0") (stomach "0") (leftarm "0") (rightarm "0") (leftleg "0") (rightleg "0")
L 03/14/2015 - 21:57:11: "/DJoN/_{10}_[TRK]<93><STEAM_0:4:999949562><TERRORIST>" triggered "weaponstats" (weapon "ak47") (shots "28") (hits "6") (kills "2") (headshots "1") (tks "0") (damage "287") (deaths "2")
L 03/14/2015 - 21:57:11: "/DJoN/_{10}_[TRK]<93><STEAM_0:4:999949562><TERRORIST>" triggered "weaponstats2" (weapon "ak47") (head "1") (chest "1") (stomach "0") (leftarm "2") (rightarm "0") (leftleg "2") (rightleg "0")
L 03/14/2015 - 21:57:11: "/DJoN/_{10}_[TRK]<93><STEAM_0:4:999949562><TERRORIST>" triggered "time" (time "1:25")
L 03/14/2015 - 21:57:11: "/DJoN/_{10}_[TRK]<93><STEAM_0:4:999949562><TERRORIST>" triggered "latency" (ping "110")
L 03/14/2015 - 21:57:11: "/DJoN/_{10}_[TRK]<93><STEAM_0:4:999949562><TERRORIST>" disconnected
L 03/14/2015 - 21:57:11: [VTC] Player 7 silk
L 03/14/2015 - 21:57:11: "flame<96><STEAM_0:0:56616285><>" STEAM USERID validated
L 03/14/2015 - 21:57:13: [DPROTO]: Client 0 - Set AuthIdType 3 [dp_RevEmu]; pClient = 0xb38f7f08
L 03/14/2015 - 21:57:13: "`Pe4enbKo :O<97><STEAM_0:4:812252238><>" connected, address "37.26.143.201:27005"
L 03/14/2015 - 21:57:13: [VTC] Player 1 speex
L 03/14/2015 - 21:57:14: "mr_Dasha<91><STEAM_0:4:624455428><CT>" attacked "^Leroshka*<84><STEAM_0:4:426122062><TERRORIST>" with "m4a1" (damage "30") (damage_armor "0") (health "20") (armor "0")
L 03/14/2015 - 21:57:14: "^Leroshka*<84><STEAM_0:4:426122062><TERRORIST>" attacked "mr_Dasha<91><STEAM_0:4:624455428><CT>" with "m4a1" (damage "120") (damage_armor "0") (health "-20") (armor "0")
L 03/14/2015 - 21:57:14: "^Leroshka*<84><STEAM_0:4:426122062><TERRORIST>" killed "mr_Dasha<91><STEAM_0:4:624455428><CT>" with "m4a1"
L 03/14/2015 - 21:57:16: "[Hard_Skill]_Leks<95><STEAM_0:4:672615685><>" entered the game
L 03/14/2015 - 21:57:17: [DPROTO]: Client 0 - Set AuthIdType 3 [dp_RevEmu]; pClient = 0xb38f7f08
L 03/14/2015 - 21:57:17: "`Pe4enbKo :O<98><STEAM_0:4:812252238><>" connected, address "37.26.143.201:27005"
L 03/14/2015 - 21:57:17: [VTC] Player 1 speex
L 03/14/2015 - 21:57:20: "flame<96><STEAM_0:0:56616285><>" entered the game
L 03/14/2015 - 21:57:21: "^Leroshka*<84><STEAM_0:4:426122062><TERRORIST>" attacked "|Xyligans|_Zl@9|_P@nD@<88><STEAM_0:4:1475267845><CT>" with "m4a1" (damage "37") (damage_armor "0") (health "6") (armor "0")
L 03/14/2015 - 21:57:21: "flame<96><STEAM_0:0:56616285><>" joined team "CT"
L 03/14/2015 - 21:57:21: "^Leroshka*<84><STEAM_0:4:426122062><TERRORIST>" attacked "|Xyligans|_Zl@9|_P@nD@<88><STEAM_0:4:1475267845><CT>" with "m4a1" (damage "22") (damage_armor "0") (health "-16") (armor "0")
L 03/14/2015 - 21:57:21: "^Leroshka*<84><STEAM_0:4:426122062><TERRORIST>" killed "|Xyligans|_Zl@9|_P@nD@<88><STEAM_0:4:1475267845><CT>" with "m4a1"
L 03/14/2015 - 21:57:21: Team "TERRORIST" triggered "Terrorists_Win" (CT "5") (T "3")
L 03/14/2015 - 21:57:21: World triggered "Round_End"
L 03/14/2015 - 21:57:23: "`Pe4enbKo :O<98><STEAM_0:4:812252238><>" entered the game
L 03/14/2015 - 21:57:26: "`Pe4enbKo :O<98><STEAM_0:4:812252238><>" joined team "CT"
L 03/14/2015 - 21:57:31: World triggered "Round_Start"
L 03/14/2015 - 21:57:33: "^Leroshka*<84><STEAM_0:4:426122062><TERRORIST>" attacked "flame<96><STEAM_0:0:56616285><CT>" with "m4a1" (damage "30") (damage_armor "0") (health "70") (armor "0")
L 03/14/2015 - 21:57:34: "^Leroshka*<84><STEAM_0:4:426122062><TERRORIST>" attacked "flame<96><STEAM_0:0:56616285><CT>" with "m4a1" (damage "22") (damage_armor "0") (health "48") (armor "0")
L 03/14/2015 - 21:57:34: "^Leroshka*<84><STEAM_0:4:426122062><TERRORIST>" attacked "flame<96><STEAM_0:0:56616285><CT>" with "m4a1" (damage "30") (damage_armor "0") (health "18") (armor "0")
L 03/14/2015 - 21:57:34: "JESUS<90><STEAM_0:1:109981386><TERRORIST>" attacked "Lenochka<78><STEAM_0:0:226379933><CT>" with "awp" (damage "113") (damage_armor "0") (health "-13") (armor "0")
L 03/14/2015 - 21:57:34: "JESUS<90><STEAM_0:1:109981386><TERRORIST>" killed "Lenochka<78><STEAM_0:0:226379933><CT>" with "awp"
L 03/14/2015 - 21:57:35: "[Hard_Skill]_Leks<95><STEAM_0:4:672615685><>" joined team "TERRORIST"
L 03/14/2015 - 21:57:35: "-JoKeR-<89><STEAM_0:4:1099575379><TERRORIST>" attacked "flame<96><STEAM_0:0:56616285><CT>" with "m4a1" (damage "29") (damage_armor "0") (health "-11") (armor "0")
L 03/14/2015 - 21:57:35: "-JoKeR-<89><STEAM_0:4:1099575379><TERRORIST>" killed "flame<96><STEAM_0:0:56616285><CT>" with "m4a1"
L 03/14/2015 - 21:57:36: "flame<96><STEAM_0:0:56616285><CT>" triggered "time" (time "0:16")
L 03/14/2015 - 21:57:36: "flame<96><STEAM_0:0:56616285><CT>" triggered "latency" (ping "0")
L 03/14/2015 - 21:57:36: "flame<96><STEAM_0:0:56616285><CT>" disconnected
L 03/14/2015 - 21:57:36: "|Xyligans|kpy}I{ka<77><STEAM_0:4:1954401541><TERRORIST>" killed "|Xyligans|_Zl@9|_P@nD@<88><STEAM_0:4:1475267845><CT>" with "grenade"
L 03/14/2015 - 21:57:41: "mr_Dasha<91><STEAM_0:4:624455428><CT>" attacked "JESUS<90><STEAM_0:1:109981386><TERRORIST>" with "m4a1" (damage "36") (damage_armor "0") (health "64") (armor "0")
L 03/14/2015 - 21:57:41: [DPROTO]: Client 6 - Set AuthIdType 3 [dp_RevEmu]; pClient = 0xb39158c0
L 03/14/2015 - 21:57:41: "/DJoN/_{10}_[TRK]<99><STEAM_0:4:999949562><>" connected, address "77.235.104.222:27005"
L 03/14/2015 - 21:57:42: [VTC] Player 7 speex
L 03/14/2015 - 21:57:45: "|Xyligans|kpy}I{ka<77><STEAM_0:4:1954401541><TERRORIST>" attacked "`Pe4enbKo :O<98><STEAM_0:4:812252238><CT>" with "ak47" (damage "42") (damage_armor "0") (health "26") (armor "0")
L 03/14/2015 - 21:57:46: "[Hard_Skill]_Leks<95><STEAM_0:4:672615685><TERRORIST>" killed "mr_Dasha<91><STEAM_0:4:624455428><CT>" with "grenade"
L 03/14/2015 - 21:57:48: "[Hard_Skill]_Leks<95><STEAM_0:4:672615685><TERRORIST>" attacked "`Pe4enbKo :O<98><STEAM_0:4:812252238><CT>" with "m4a1" (damage "31") (damage_armor "0") (health "-5") (armor "0")
L 03/14/2015 - 21:57:48: "[Hard_Skill]_Leks<95><STEAM_0:4:672615685><TERRORIST>" killed "`Pe4enbKo :O<98><STEAM_0:4:812252238><CT>" with "m4a1"
L 03/14/2015 - 21:57:48: Team "TERRORIST" triggered "Terrorists_Win" (CT "5") (T "4")
L 03/14/2015 - 21:57:48: World triggered "Round_End"
L 03/14/2015 - 21:57:50: "mr_Dasha<91><STEAM_0:4:624455428><CT>" triggered "weaponstats" (weapon "grenade") (shots "10") (hits "9") (kills "0") (headshots "0") (tks "0") (damage "338") (deaths "0")
L 03/14/2015 - 21:57:50: "mr_Dasha<91><STEAM_0:4:624455428><CT>" triggered "weaponstats2" (weapon "grenade") (head "0") (chest "0") (stomach "0") (leftarm "0") (rightarm "0") (leftleg "0") (rightleg "0")
L 03/14/2015 - 21:57:50: "mr_Dasha<91><STEAM_0:4:624455428><CT>" triggered "weaponstats" (weapon "m4a1") (shots "81") (hits "11") (kills "2") (headshots "0") (tks "0") (damage "347") (deaths "4")
L 03/14/2015 - 21:57:50: "mr_Dasha<91><STEAM_0:4:624455428><CT>" triggered "weaponstats2" (weapon "m4a1") (head "0") (chest "3") (stomach "2") (leftarm "4") (rightarm "2") (leftleg "0") (rightleg "0")
L 03/14/2015 - 21:57:50: "mr_Dasha<91><STEAM_0:4:624455428><CT>" triggered "time" (time "2:44")
L 03/14/2015 - 21:57:50: "mr_Dasha<91><STEAM_0:4:624455428><CT>" triggered "latency" (ping "76")
L 03/14/2015 - 21:57:50: "mr_Dasha<91><STEAM_0:4:624455428><CT>" disconnected
L 03/14/2015 - 21:57:51: "/DJoN/_{10}_[TRK]<99><STEAM_0:4:999949562><>" entered the game
L 03/14/2015 - 21:57:53: "/DJoN/_{10}_[TRK]<99><STEAM_0:4:999949562><>" joined team "CT"
L 03/14/2015 - 21:57:58: World triggered "Round_Start"
L 03/14/2015 - 21:58:00: "|Xyligans|kpy}I{ka<77><STEAM_0:4:1954401541><TERRORIST>" attacked "Lenochka<78><STEAM_0:0:226379933><CT>" with "ak47" (damage "35") (damage_armor "0") (health "64") (armor "0")
L 03/14/2015 - 21:58:00: "Lenochka<78><STEAM_0:0:226379933><CT>" attacked "|Xyligans|kpy}I{ka<77><STEAM_0:4:1954401541><TERRORIST>" with "mp5navy" (damage "88") (damage_armor "0") (health "12") (armor "0")
L 03/14/2015 - 21:58:01: "Lenochka<78><STEAM_0:0:226379933><CT>" attacked "|Xyligans|kpy}I{ka<77><STEAM_0:4:1954401541><TERRORIST>" with "mp5navy" (damage "22") (damage_armor "0") (health "-10") (armor "0")
L 03/14/2015 - 21:58:01: "Lenochka<78><STEAM_0:0:226379933><CT>" killed "|Xyligans|kpy}I{ka<77><STEAM_0:4:1954401541><TERRORIST>" with "mp5navy"
L 03/14/2015 - 21:58:05: "Lenochka<78><STEAM_0:0:226379933><CT>" attacked "JESUS<90><STEAM_0:1:109981386><TERRORIST>" with "mp5navy" (damage "20") (damage_armor "0") (health "80") (armor "0")
L 03/14/2015 - 21:58:06: "Lenochka<78><STEAM_0:0:226379933><CT>" attacked "JESUS<90><STEAM_0:1:109981386><TERRORIST>" with "mp5navy" (damage "80") (damage_armor "0") (health "0") (armor "0")
L 03/14/2015 - 21:58:06: "Lenochka<78><STEAM_0:0:226379933><CT>" killed "JESUS<90><STEAM_0:1:109981386><TERRORIST>" with "mp5navy"
L 03/14/2015 - 21:58:09: "`Pe4enbKo :O<98><STEAM_0:4:812252238><CT>" attacked "^Leroshka*<84><STEAM_0:4:426122062><TERRORIST>" with "ak47" (damage "34") (damage_armor "0") (health "66") (armor "0")
L 03/14/2015 - 21:58:09: "[Hard_Skill]_Leks<95><STEAM_0:4:672615685><TERRORIST>" killed "`Pe4enbKo :O<98><STEAM_0:4:812252238><CT>" with "grenade"
L 03/14/2015 - 21:58:11: "Lenochka<78><STEAM_0:0:226379933><CT>" attacked "^Leroshka*<84><STEAM_0:4:426122062><TERRORIST>" with "mp5navy" (damage "21") (damage_armor "0") (health "45") (armor "0")
L 03/14/2015 - 21:58:11: "Lenochka<78><STEAM_0:0:226379933><CT>" attacked "[Hard_Skill]_Leks<95><STEAM_0:4:672615685><TERRORIST>" with "mp5navy" (damage "23") (damage_armor "0") (health "77") (armor "0")
L 03/14/2015 - 21:58:11: "Lenochka<78><STEAM_0:0:226379933><CT>" attacked "[Hard_Skill]_Leks<95><STEAM_0:4:672615685><TERRORIST>" with "mp5navy" (damage "23") (damage_armor "0") (health "54") (armor "0")
L 03/14/2015 - 21:58:11: "Lenochka<78><STEAM_0:0:226379933><CT>" attacked "[Hard_Skill]_Leks<95><STEAM_0:4:672615685><TERRORIST>" with "mp5navy" (damage "24") (damage_armor "0") (health "30") (armor "0")
L 03/14/2015 - 21:58:11: "Lenochka<78><STEAM_0:0:226379933><CT>" attacked "[Hard_Skill]_Leks<95><STEAM_0:4:672615685><TERRORIST>" with "mp5navy" (damage "18") (damage_armor "0") (health "12") (armor "0")
L 03/14/2015 - 21:58:11: "Lenochka<78><STEAM_0:0:226379933><CT>" attacked "[Hard_Skill]_Leks<95><STEAM_0:4:672615685><TERRORIST>" with "mp5navy" (damage "18") (damage_armor "0") (health "-6") (armor "0")
L 03/14/2015 - 21:58:11: "Lenochka<78><STEAM_0:0:226379933><CT>" killed "[Hard_Skill]_Leks<95><STEAM_0:4:672615685><TERRORIST>" with "mp5navy"
L 03/14/2015 - 21:58:11: "Lenochka<78><STEAM_0:0:226379933><CT>" attacked "^Leroshka*<84><STEAM_0:4:426122062><TERRORIST>" with "mp5navy" (damage "88") (damage_armor "0") (health "-43") (armor "0")
L 03/14/2015 - 21:58:11: "Lenochka<78><STEAM_0:0:226379933><CT>" killed "^Leroshka*<84><STEAM_0:4:426122062><TERRORIST>" with "mp5navy"
L 03/14/2015 - 21:58:12: "Lenochka<78><STEAM_0:0:226379933><CT>" attacked "-JoKeR-<89><STEAM_0:4:1099575379><TERRORIST>" with "mp5navy" (damage "22") (damage_armor "0") (health "78") (armor "0")
L 03/14/2015 - 21:58:12: "Lenochka<78><STEAM_0:0:226379933><CT>" attacked "-JoKeR-<89><STEAM_0:4:1099575379><TERRORIST>" with "mp5navy" (damage "28") (damage_armor "0") (health "50") (armor "0")
L 03/14/2015 - 21:58:12: "Lenochka<78><STEAM_0:0:226379933><CT>" attacked "-JoKeR-<89><STEAM_0:4:1099575379><TERRORIST>" with "mp5navy" (damage "28") (damage_armor "0") (health "22") (armor "0")
L 03/14/2015 - 21:58:12: "Lenochka<78><STEAM_0:0:226379933><CT>" attacked "-JoKeR-<89><STEAM_0:4:1099575379><TERRORIST>" with "mp5navy" (damage "28") (damage_armor "0") (health "-6") (armor "0")
L 03/14/2015 - 21:58:12: "Lenochka<78><STEAM_0:0:226379933><CT>" killed "-JoKeR-<89><STEAM_0:4:1099575379><TERRORIST>" with "mp5navy"
L 03/14/2015 - 21:58:12: Team "CT" triggered "CTs_Win" (CT "6") (T "4")
L 03/14/2015 - 21:58:12: World triggered "Round_End"
L 03/14/2015 - 21:58:20: "`Pe4enbKo :O<98><STEAM_0:4:812252238><CT>" triggered "weaponstats" (weapon "ak47") (shots "34") (hits "1") (kills "0") (headshots "0") (tks "0") (damage "34") (deaths "2")
L 03/14/2015 - 21:58:20: "`Pe4enbKo :O<98><STEAM_0:4:812252238><CT>" triggered "weaponstats2" (weapon "ak47") (head "0") (chest "0") (stomach "0") (leftarm "1") (rightarm "0") (leftleg "0") (rightleg "0")
L 03/14/2015 - 21:58:20: "`Pe4enbKo :O<98><STEAM_0:4:812252238><CT>" triggered "time" (time "0:57")
L 03/14/2015 - 21:58:20: "`Pe4enbKo :O<98><STEAM_0:4:812252238><CT>" triggered "latency" (ping "88")
L 03/14/2015 - 21:58:20: "|Xyligans|_Zl@9|_P@nD@<88><STEAM_0:4:1475267845><CT>" triggered "weaponstats" (weapon "grenade") (shots "9") (hits "7") (kills "1") (headshots "0") (tks "0") (damage "327") (deaths "0")
L 03/14/2015 - 21:58:20: "|Xyligans|_Zl@9|_P@nD@<88><STEAM_0:4:1475267845><CT>" triggered "weaponstats2" (weapon "grenade") (head "0") (chest "0") (stomach "0") (leftarm "0") (rightarm "0") (leftleg "0") (rightleg "0")
L 03/14/2015 - 21:58:20: "|Xyligans|_Zl@9|_P@nD@<88><STEAM_0:4:1475267845><CT>" triggered "weaponstats" (weapon "awp") (shots "9") (hits "5") (kills "5") (headshots "0") (tks "0") (damage "562") (deaths "1")
L 03/14/2015 - 21:58:20: "|Xyligans|_Zl@9|_P@nD@<88><STEAM_0:4:1475267845><CT>" triggered "weaponstats2" (weapon "awp") (head "0") (chest "2") (stomach "0") (leftarm "1") (rightarm "2") (leftleg "0") (rightleg "0")
L 03/14/2015 - 21:58:20: "|Xyligans|_Zl@9|_P@nD@<88><STEAM_0:4:1475267845><CT>" triggered "weaponstats" (weapon "m4a1") (shots "40") (hits "10") (kills "3") (headshots "0") (tks "0") (damage "307") (deaths "2")
L 03/14/2015 - 21:58:20: "|Xyligans|_Zl@9|_P@nD@<88><STEAM_0:4:1475267845><CT>" triggered "weaponstats2" (weapon "m4a1") (head "0") (chest "1") (stomach "5") (leftarm "1") (rightarm "0") (leftleg "0") (rightleg "3")
L 03/14/2015 - 21:58:20: "|Xyligans|_Zl@9|_P@nD@<88><STEAM_0:4:1475267845><CT>" triggered "weaponstats" (weapon "ak47") (shots "27") (hits "2") (kills "1") (headshots "0") (tks "0") (damage "67") (deaths "2")
L 03/14/2015 - 21:58:20: "|Xyligans|_Zl@9|_P@nD@<88><STEAM_0:4:1475267845><CT>" triggered "weaponstats2" (weapon "ak47") (head "0") (chest "0") (stomach "2") (leftarm "0") (rightarm "0") (leftleg "0") (rightleg "0")
L 03/14/2015 - 21:58:20: "|Xyligans|_Zl@9|_P@nD@<88><STEAM_0:4:1475267845><CT>" triggered "time" (time "4:40")
L 03/14/2015 - 21:58:20: "|Xyligans|_Zl@9|_P@nD@<88><STEAM_0:4:1475267845><CT>" triggered "latency" (ping "30")
L 03/14/2015 - 21:58:20: "Lenochka<78><STEAM_0:0:226379933><CT>" triggered "weaponstats" (weapon "grenade") (shots "2") (hits "1") (kills "0") (headshots "0") (tks "0") (damage "43") (deaths "0")
L 03/14/2015 - 21:58:20: "Lenochka<78><STEAM_0:0:226379933><CT>" triggered "weaponstats2" (weapon "grenade") (head "0") (chest "0") (stomach "0") (leftarm "0") (rightarm "0") (leftleg "0") (rightleg "0")
L 03/14/2015 - 21:58:20: "Lenochka<78><STEAM_0:0:226379933><CT>" triggered "weaponstats" (weapon "usp") (shots "10") (hits "4") (kills "2") (headshots "0") (tks "0") (damage "123") (deaths "0")
L 03/14/2015 - 21:58:20: "Lenochka<78><STEAM_0:0:226379933><CT>" triggered "weaponstats2" (weapon "usp") (head "0") (chest "0") (stomach "2") (leftarm "2") (rightarm "0") (leftleg "0") (rightleg "0")
L 03/14/2015 - 21:58:20: "Lenochka<78><STEAM_0:0:226379933><CT>" triggered "weaponstats" (weapon "awp") (shots "6") (hits "0") (kills "0") (headshots "0") (tks "0") (damage "0") (deaths "3")
L 03/14/2015 - 21:58:20: "Lenochka<78><STEAM_0:0:226379933><CT>" triggered "weaponstats2" (weapon "awp") (head "0") (chest "0") (stomach "0") (leftarm "0") (rightarm "0") (leftleg "0") (rightleg "0")
L 03/14/2015 - 21:58:20: "Lenochka<78><STEAM_0:0:226379933><CT>" triggered "weaponstats" (weapon "mp5navy") (shots "172") (hits "45") (kills "13") (headshots "8") (tks "0") (damage "1608") (deaths "4")
L 03/14/2015 - 21:58:20: "Lenochka<78><STEAM_0:0:226379933><CT>" triggered "weaponstats2" (weapon "mp5navy") (head "9") (chest "10") (stomach "5") (leftarm "14") (rightarm "5") (leftleg "1") (rightleg "1")
L 03/14/2015 - 21:58:20: "Lenochka<78><STEAM_0:0:226379933><CT>" triggered "time" (time "4:39")
L 03/14/2015 - 21:58:20: "Lenochka<78><STEAM_0:0:226379933><CT>" triggered "latency" (ping "31")
L 03/14/2015 - 21:58:20: "JESUS<90><STEAM_0:1:109981386><TERRORIST>" triggered "weaponstats" (weapon "grenade") (shots "7") (hits "6") (kills "0") (headshots "0") (tks "0") (damage "192") (deaths "3")
L 03/14/2015 - 21:58:20: "JESUS<90><STEAM_0:1:109981386><TERRORIST>" triggered "weaponstats2" (weapon "grenade") (head "0") (chest "0") (stomach "0") (leftarm "0") (rightarm "0") (leftleg "0") (rightleg "0")
L 03/14/2015 - 21:58:20: "JESUS<90><STEAM_0:1:109981386><TERRORIST>" triggered "weaponstats" (weapon "glock18") (shots "1") (hits "0") (kills "0") (headshots "0") (tks "0") (damage "0") (deaths "0")
L 03/14/2015 - 21:58:20: "JESUS<90><STEAM_0:1:109981386><TERRORIST>" triggered "weaponstats2" (weapon "glock18") (head "0") (chest "0") (stomach "0") (leftarm "0") (rightarm "0") (leftleg "0") (rightleg "0")
L 03/14/2015 - 21:58:20: "JESUS<90><STEAM_0:1:109981386><TERRORIST>" triggered "weaponstats" (weapon "awp") (shots "5") (hits "1") (kills "1") (headshots "0") (tks "0") (damage "113") (deaths "2")
L 03/14/2015 - 21:58:20: "JESUS<90><STEAM_0:1:109981386><TERRORIST>" triggered "weaponstats2" (weapon "awp") (head "0") (chest "0") (stomach "0") (leftarm "1") (rightarm "0") (leftleg "0") (rightleg "0")
L 03/14/2015 - 21:58:20: "JESUS<90><STEAM_0:1:109981386><TERRORIST>" triggered "weaponstats" (weapon "mp5navy") (shots "1") (hits "0") (kills "0") (headshots "0") (tks "0") (damage "0") (deaths "0")
L 03/14/2015 - 21:58:20: "JESUS<90><STEAM_0:1:109981386><TERRORIST>" triggered "weaponstats2" (weapon "mp5navy") (head "0") (chest "0") (stomach "0") (leftarm "0") (rightarm "0") (leftleg "0") (rightleg "0")
L 03/14/2015 - 21:58:20: "JESUS<90><STEAM_0:1:109981386><TERRORIST>" triggered "weaponstats" (weapon "m4a1") (shots "7") (hits "1") (kills "1") (headshots "0") (tks "0") (damage "29") (deaths "2")
L 03/14/2015 - 21:58:20: "JESUS<90><STEAM_0:1:109981386><TERRORIST>" triggered "weaponstats2" (weapon "m4a1") (head "0") (chest "0") (stomach "0") (leftarm "1") (rightarm "0") (leftleg "0") (rightleg "0")
L 03/14/2015 - 21:58:20: "JESUS<90><STEAM_0:1:109981386><TERRORIST>" triggered "weaponstats" (weapon "ak47") (shots "20") (hits "3") (kills "1") (headshots "1") (tks "0") (damage "209") (deaths "2")
L 03/14/2015 - 21:58:20: "JESUS<90><STEAM_0:1:109981386><TERRORIST>" triggered "weaponstats2" (weapon "ak47") (head "1") (chest "0") (stomach "0") (leftarm "2") (rightarm "0") (leftleg "0") (rightleg "0")
L 03/14/2015 - 21:58:20: "JESUS<90><STEAM_0:1:109981386><TERRORIST>" triggered "time" (time "4:39")
L 03/14/2015 - 21:58:20: "JESUS<90><STEAM_0:1:109981386><TERRORIST>" triggered "latency" (ping "21")
L 03/14/2015 - 21:58:20: "-JoKeR-<89><STEAM_0:4:1099575379><TERRORIST>" triggered "weaponstats" (weapon "usp") (shots "2") (hits "0") (kills "0") (headshots "0") (tks "0") (damage "0") (deaths "0")
L 03/14/2015 - 21:58:20: "-JoKeR-<89><STEAM_0:4:1099575379><TERRORIST>" triggered "weaponstats2" (weapon "usp") (head "0") (chest "0") (stomach "0") (leftarm "0") (rightarm "0") (leftleg "0") (rightleg "0")
L 03/14/2015 - 21:58:20: "-JoKeR-<89><STEAM_0:4:1099575379><TERRORIST>" triggered "weaponstats" (weapon "mp5navy") (shots "1") (hits "0") (kills "0") (headshots "0") (tks "0") (damage "0") (deaths "0")
L 03/14/2015 - 21:58:20: "-JoKeR-<89><STEAM_0:4:1099575379><TERRORIST>" triggered "weaponstats2" (weapon "mp5navy") (head "0") (chest "0") (stomach "0") (leftarm "0") (rightarm "0") (leftleg "0") (rightleg "0")
L 03/14/2015 - 21:58:20: "-JoKeR-<89><STEAM_0:4:1099575379><TERRORIST>" triggered "weaponstats" (weapon "m4a1") (shots "82") (hits "7") (kills "3") (headshots "1") (tks "0") (damage "301") (deaths "3")
L 03/14/2015 - 21:58:20: "-JoKeR-<89><STEAM_0:4:1099575379><TERRORIST>" triggered "weaponstats2" (weapon "m4a1") (head "1") (chest "1") (stomach "0") (leftarm "4") (rightarm "1") (leftleg "0") (rightleg "0")
L 03/14/2015 - 21:58:20: "-JoKeR-<89><STEAM_0:4:1099575379><TERRORIST>" triggered "weaponstats" (weapon "ak47") (shots "15") (hits "1") (kills "1") (headshots "1") (tks "0") (damage "140") (deaths "1")
L 03/14/2015 - 21:58:20: "-JoKeR-<89><STEAM_0:4:1099575379><TERRORIST>" triggered "weaponstats2" (weapon "ak47") (head "1") (chest "0") (stomach "0") (leftarm "0") (rightarm "0") (leftleg "0") (rightleg "0")
L 03/14/2015 - 21:58:20: "-JoKeR-<89><STEAM_0:4:1099575379><TERRORIST>" triggered "weaponstats" (weapon "knife") (shots "7") (hits "0") (kills "0") (headshots "0") (tks "0") (damage "0") (deaths "0")
L 03/14/2015 - 21:58:20: "-JoKeR-<89><STEAM_0:4:1099575379><TERRORIST>" triggered "weaponstats2" (weapon "knife") (head "0") (chest "0") (stomach "0") (leftarm "0") (rightarm "0") (leftleg "0") (rightleg "0")
L 03/14/2015 - 21:58:20: "-JoKeR-<89><STEAM_0:4:1099575379><TERRORIST>" triggered "time" (time "4:39")
L 03/14/2015 - 21:58:20: "-JoKeR-<89><STEAM_0:4:1099575379><TERRORIST>" triggered "latency" (ping "39")
L 03/14/2015 - 21:58:20: "/DJoN/_{10}_[TRK]<99><STEAM_0:4:999949562><CT>" triggered "weaponstats" (weapon "m4a1") (shots "3") (hits "0") (kills "0") (headshots "0") (tks "0") (damage "0") (deaths "0")
L 03/14/2015 - 21:58:20: "/DJoN/_{10}_[TRK]<99><STEAM_0:4:999949562><CT>" triggered "weaponstats2" (weapon "m4a1") (head "0") (chest "0") (stomach "0") (leftarm "0") (rightarm "0") (leftleg "0") (rightleg "0")
L 03/14/2015 - 21:58:20: "/DJoN/_{10}_[TRK]<99><STEAM_0:4:999949562><CT>" triggered "time" (time "0:29")
L 03/14/2015 - 21:58:20: "/DJoN/_{10}_[TRK]<99><STEAM_0:4:999949562><CT>" triggered "latency" (ping "99")
L 03/14/2015 - 21:58:20: "^Leroshka*<84><STEAM_0:4:426122062><TERRORIST>" triggered "weaponstats" (weapon "glock18") (shots "6") (hits "0") (kills "0") (headshots "0") (tks "0") (damage "0") (deaths "2")
L 03/14/2015 - 21:58:20: "^Leroshka*<84><STEAM_0:4:426122062><TERRORIST>" triggered "weaponstats2" (weapon "glock18") (head "0") (chest "0") (stomach "0") (leftarm "0") (rightarm "0") (leftleg "0") (rightleg "0")
L 03/14/2015 - 21:58:20: "^Leroshka*<84><STEAM_0:4:426122062><TERRORIST>" triggered "weaponstats" (weapon "awp") (shots "1") (hits "1") (kills "1") (headshots "0") (tks "0") (damage "141") (deaths "0")
L 03/14/2015 - 21:58:20: "^Leroshka*<84><STEAM_0:4:426122062><TERRORIST>" triggered "weaponstats2" (weapon "awp") (head "0") (chest "0") (stomach "1") (leftarm "0") (rightarm "0") (leftleg "0") (rightleg "0")
L 03/14/2015 - 21:58:20: "^Leroshka*<84><STEAM_0:4:426122062><TERRORIST>" triggered "weaponstats" (weapon "m4a1") (shots "59") (hits "11") (kills "6") (headshots "3") (tks "0") (damage "584") (deaths "1")
L 03/14/2015 - 21:58:20: "^Leroshka*<84><STEAM_0:4:426122062><TERRORIST>" triggered "weaponstats2" (weapon "m4a1") (head "4") (chest "0") (stomach "2") (leftarm "2") (rightarm "1") (leftleg "0") (rightleg "2")
L 03/14/2015 - 21:58:20: "^Leroshka*<84><STEAM_0:4:426122062><TERRORIST>" triggered "weaponstats" (weapon "ak47") (shots "16") (hits "1") (kills "0") (headshots "0") (tks "0") (damage "35") (deaths "4")
L 03/14/2015 - 21:58:20: "^Leroshka*<84><STEAM_0:4:426122062><TERRORIST>" triggered "weaponstats2" (weapon "ak47") (head "0") (chest "1") (stomach "0") (leftarm "0") (rightarm "0") (leftleg "0") (rightleg "0")
L 03/14/2015 - 21:58:20: "^Leroshka*<84><STEAM_0:4:426122062><TERRORIST>" triggered "time" (time "4:37")
L 03/14/2015 - 21:58:20: "^Leroshka*<84><STEAM_0:4:426122062><TERRORIST>" triggered "latency" (ping "70")
L 03/14/2015 - 21:58:20: "|Xyligans|kpy}I{ka<77><STEAM_0:4:1954401541><TERRORIST>" triggered "weaponstats" (weapon "grenade") (shots "14") (hits "24") (kills "1") (headshots "0") (tks "0") (damage "854") (deaths "2")
L 03/14/2015 - 21:58:20: "|Xyligans|kpy}I{ka<77><STEAM_0:4:1954401541><TERRORIST>" triggered "weaponstats2" (weapon "grenade") (head "0") (chest "0") (stomach "0") (leftarm "0") (rightarm "0") (leftleg "0") (rightleg "0")
L 03/14/2015 - 21:58:20: "|Xyligans|kpy}I{ka<77><STEAM_0:4:1954401541><TERRORIST>" triggered "weaponstats" (weapon "glock18") (shots "1") (hits "0") (kills "0") (headshots "0") (tks "0") (damage "0") (deaths "0")
L 03/14/2015 - 21:58:20: "|Xyligans|kpy}I{ka<77><STEAM_0:4:1954401541><TERRORIST>" triggered "weaponstats2" (weapon "glock18") (head "0") (chest "0") (stomach "0") (leftarm "0") (rightarm "0") (leftleg "0") (rightleg "0")
L 03/14/2015 - 21:58:20: "|Xyligans|kpy}I{ka<77><STEAM_0:4:1954401541><TERRORIST>" triggered "weaponstats" (weapon "awp") (shots "4") (hits "0") (kills "0") (headshots "0") (tks "0") (damage "0") (deaths "1")
L 03/14/2015 - 21:58:20: "|Xyligans|kpy}I{ka<77><STEAM_0:4:1954401541><TERRORIST>" triggered "weaponstats2" (weapon "awp") (head "0") (chest "0") (stomach "0") (leftarm "0") (rightarm "0") (leftleg "0") (rightleg "0")
L 03/14/2015 - 21:58:20: "|Xyligans|kpy}I{ka<77><STEAM_0:4:1954401541><TERRORIST>" triggered "weaponstats" (weapon "m4a1") (shots "1") (hits "0") (kills "0") (headshots "0") (tks "0") (damage "0") (deaths "0")
L 03/14/2015 - 21:58:20: "|Xyligans|kpy}I{ka<77><STEAM_0:4:1954401541><TERRORIST>" triggered "weaponstats2" (weapon "m4a1") (head "0") (chest "0") (stomach "0") (leftarm "0") (rightarm "0") (leftleg "0") (rightleg "0")
L 03/14/2015 - 21:58:20: "|Xyligans|kpy}I{ka<77><STEAM_0:4:1954401541><TERRORIST>" triggered "weaponstats" (weapon "ak47") (shots "109") (hits "8") (kills "4") (headshots "0") (tks "0") (damage "259") (deaths "4")
L 03/14/2015 - 21:58:20: "|Xyligans|kpy}I{ka<77><STEAM_0:4:1954401541><TERRORIST>" triggered "weaponstats2" (weapon "ak47") (head "0") (chest "0") (stomach "1") (leftarm "2") (rightarm "2") (leftleg "2") (rightleg "1")
L 03/14/2015 - 21:58:20: "|Xyligans|kpy}I{ka<77><STEAM_0:4:1954401541><TERRORIST>" triggered "time" (time "4:40")
L 03/14/2015 - 21:58:20: "|Xyligans|kpy}I{ka<77><STEAM_0:4:1954401541><TERRORIST>" triggered "latency" (ping "26")
L 03/14/2015 - 21:58:20: "[Hard_Skill]_Leks<95><STEAM_0:4:672615685><TERRORIST>" triggered "weaponstats" (weapon "grenade") (shots "6") (hits "5") (kills "2") (headshots "0") (tks "0") (damage "200") (deaths "0")
L 03/14/2015 - 21:58:20: "[Hard_Skill]_Leks<95><STEAM_0:4:672615685><TERRORIST>" triggered "weaponstats2" (weapon "grenade") (head "0") (chest "0") (stomach "0") (leftarm "0") (rightarm "0") (leftleg "0") (rightleg "0")
L 03/14/2015 - 21:58:20: "[Hard_Skill]_Leks<95><STEAM_0:4:672615685><TERRORIST>" triggered "weaponstats" (weapon "m4a1") (shots "7") (hits "1") (kills "1") (headshots "0") (tks "0") (damage "31") (deaths "1")
L 03/14/2015 - 21:58:20: "[Hard_Skill]_Leks<95><STEAM_0:4:672615685><TERRORIST>" triggered "weaponstats2" (weapon "m4a1") (head "0") (chest "0") (stomach "0") (leftarm "1") (rightarm "0") (leftleg "0") (rightleg "0")
L 03/14/2015 - 21:58:20: "[Hard_Skill]_Leks<95><STEAM_0:4:672615685><TERRORIST>" triggered "time" (time "1:03")
L 03/14/2015 - 21:58:20: "[Hard_Skill]_Leks<95><STEAM_0:4:672615685><TERRORIST>" triggered "latency" (ping "37")
L 03/14/2015 - 21:58:20: "[Hard_Skill]_Extazy<69><STEAM_0:4:397277401><SPECTATOR>" triggered "time" (time "4:36")
L 03/14/2015 - 21:58:20: "[Hard_Skill]_Extazy<69><STEAM_0:4:397277401><SPECTATOR>" triggered "latency" (ping "4")
L 03/14/2015 - 21:58:20: [META] ini: Begin re-reading plugins list: /home/extazy/Public/cstrike/addons/metamod/plugins.ini
L 03/14/2015 - 21:58:20: [META] ini: Read plugin config for: AMX Mod X
L 03/14/2015 - 21:58:20: [META] ini: Read plugin config for: dproto_EF
L 03/14/2015 - 21:58:20: [META] ini: Read plugin config for: mmtimer
L 03/14/2015 - 21:58:20: [META] ini: Read plugin config for: VoiceTranscoder
L 03/14/2015 - 21:58:20: [META] ini: Finished reading plugins list: /home/extazy/Public/cstrike/addons/metamod/plugins.ini; Found 4 plugins
L 03/14/2015 - 21:58:20: [META] dll: Updating plugins...
L 03/14/2015 - 21:58:20: [META] WARNING: dll: Plugin 'mmtimer' isn't running; Forcing unload plugin for reloading
L 03/14/2015 - 21:58:20: [META] WARNING: dll: Failed to unload plugin 'mmtimer' for reloading
L 03/14/2015 - 21:58:20: [META] dll: Finished updating 13 plugins; kept 3, loaded 0, unloaded 0, reloaded 0, delayed 0
L 03/14/2015 - 21:58:20: "`Pe4enbKo :O<98><STEAM_0:4:812252238><CT>" disconnected
L 03/14/2015 - 21:58:20: "|Xyligans|_Zl@9|_P@nD@<88><STEAM_0:4:1475267845><CT>" disconnected
L 03/14/2015 - 21:58:20: "Lenochka<78><STEAM_0:0:226379933><CT>" disconnected
L 03/14/2015 - 21:58:20: "JESUS<90><STEAM_0:1:109981386><TERRORIST>" disconnected
L 03/14/2015 - 21:58:20: "-JoKeR-<89><STEAM_0:4:1099575379><TERRORIST>" disconnected
L 03/14/2015 - 21:58:20: "/DJoN/_{10}_[TRK]<99><STEAM_0:4:999949562><CT>" disconnected
L 03/14/2015 - 21:58:20: "^Leroshka*<84><STEAM_0:4:426122062><TERRORIST>" disconnected
L 03/14/2015 - 21:58:20: "|Xyligans|kpy}I{ka<77><STEAM_0:4:1954401541><TERRORIST>" disconnected
L 03/14/2015 - 21:58:20: "[Hard_Skill]_Leks<95><STEAM_0:4:672615685><TERRORIST>" disconnected
L 03/14/2015 - 21:58:20: World triggered "Round_Draw" (CT "6") (T "4")
L 03/14/2015 - 21:58:20: World triggered "Round_End"
L 03/14/2015 - 21:58:20: "[Hard_Skill]_Extazy<69><STEAM_0:4:397277401><SPECTATOR>" disconnected
L 03/14/2015 - 21:58:20: World triggered "Round_Draw" (CT "6") (T "4")
L 03/14/2015 - 21:58:20: World triggered "Round_End"
L 03/14/2015 - 21:58:20: Log file closed
