L 03/13/2015 - 18:26:25: Log file started (file "logs/L0313022.log") (game "cstrike") (version "48/1.6.3.7/Stdio/5787")
L 03/13/2015 - 18:26:25: Loading map "$2000$"
L 03/13/2015 - 18:26:25: Server cvars start
L 03/13/2015 - 18:26:25: Server cvar "_tutor_bomb_viewable_check_interval" = "0.5"
L 03/13/2015 - 18:26:25: Server cvar "_tutor_debug_level" = "0"
L 03/13/2015 - 18:26:25: Server cvar "_tutor_examine_time" = "0.5"
L 03/13/2015 - 18:26:25: Server cvar "_tutor_hint_interval_time" = "10.0"
L 03/13/2015 - 18:26:25: Server cvar "_tutor_look_angle" = "10"
L 03/13/2015 - 18:26:25: Server cvar "_tutor_look_distance" = "200"
L 03/13/2015 - 18:26:25: Server cvar "_tutor_message_character_display_time_coefficient" = "0.07"
L 03/13/2015 - 18:26:25: Server cvar "_tutor_message_minimum_display_time" = "1"
L 03/13/2015 - 18:26:25: Server cvar "_tutor_message_repeats" = "5"
L 03/13/2015 - 18:26:25: Server cvar "_tutor_view_distance" = "1000"
L 03/13/2015 - 18:26:25: Server cvar "aesp_version" = "1.5b_mini"
L 03/13/2015 - 18:26:25: Server cvar "allow_spectators" = "2"
L 03/13/2015 - 18:26:25: Server cvar "amx_client_languages" = "0"
L 03/13/2015 - 18:26:25: Server cvar "amx_contactinfo" = "ICQ: 691322983"
L 03/13/2015 - 18:26:25: Server cvar "amx_language" = "ru"
L 03/13/2015 - 18:26:25: Server cvar "amx_nextmap" = "de_dust2_2x2"
L 03/13/2015 - 18:26:25: Server cvar "amx_timeleft" = "27:05"
L 03/13/2015 - 18:26:25: Server cvar "amxbans_ssversion" = "Gm 1.6"
L 03/13/2015 - 18:26:25: Server cvar "amxbans_version" = "Gm 1.6"
L 03/13/2015 - 18:26:25: Server cvar "amxmodx_version" = "1.8.1.3746"
L 03/13/2015 - 18:26:25: Server cvar "Colored Translit Cheat" = "Loaded"
L 03/13/2015 - 18:26:25: Server cvar "Colored Translit Config" = "Loaded"
L 03/13/2015 - 18:26:25: Server cvar "Colored Translit Ignores" = "Loaded"
L 03/13/2015 - 18:26:25: Server cvar "Colored Translit Replace" = "Loaded"
L 03/13/2015 - 18:26:25: Server cvar "Colored Translit Spam" = "Loaded"
L 03/13/2015 - 18:26:25: Server cvar "Colored Translit Status" = "Loaded"
L 03/13/2015 - 18:26:25: Server cvar "Colored Translit Swear" = "Loaded"
L 03/13/2015 - 18:26:25: Server cvar "Colored Translit Version" = "2.0b Final"
L 03/13/2015 - 18:26:25: Server cvar "coop" = "0"
L 03/13/2015 - 18:26:25: Server cvar "deathmatch" = "1"
L 03/13/2015 - 18:26:25: Server cvar "decalfrequency" = "9"
L 03/13/2015 - 18:26:25: Server cvar "dp_version" = "0.9.391"
L 03/13/2015 - 18:26:25: Server cvar "edgefriction" = "2"
L 03/13/2015 - 18:26:25: Server cvar "hostage_debug" = "0"
L 03/13/2015 - 18:26:25: Server cvar "hostage_stop" = "0"
L 03/13/2015 - 18:26:25: Server cvar "humans_join_team" = "any"
L 03/13/2015 - 18:26:25: Server cvar "jtp10181" = "chute"
L 03/13/2015 - 18:26:25: Server cvar "max_queries_sec" = "3.0"
L 03/13/2015 - 18:26:25: Server cvar "max_queries_sec_global" = "30"
L 03/13/2015 - 18:26:25: Server cvar "max_queries_window" = "60"
L 03/13/2015 - 18:26:25: Server cvar "metamod_version" = "1.19p32"
L 03/13/2015 - 18:26:25: Server cvar "mp_allowmonsters" = "0"
L 03/13/2015 - 18:26:25: Server cvar "mp_autokick" = "1"
L 03/13/2015 - 18:26:25: Server cvar "mp_autoteambalance" = "1"
L 03/13/2015 - 18:26:25: Server cvar "mp_buytime" = "1.5"
L 03/13/2015 - 18:26:25: Server cvar "mp_c4timer" = "35"
L 03/13/2015 - 18:26:25: Server cvar "mp_chattime" = "0"
L 03/13/2015 - 18:26:25: Server cvar "mp_consistency" = "1"
L 03/13/2015 - 18:26:25: Server cvar "mp_fadetoblack" = "0"
L 03/13/2015 - 18:26:25: Server cvar "mp_flashlight" = "1"
L 03/13/2015 - 18:26:25: Server cvar "mp_footsteps" = "1"
L 03/13/2015 - 18:26:25: Server cvar "mp_forcecamera" = "0"
L 03/13/2015 - 18:26:25: Server cvar "mp_forcechasecam" = "0"
L 03/13/2015 - 18:26:25: Server cvar "mp_fragsleft" = "0"
L 03/13/2015 - 18:26:25: Server cvar "mp_freezetime" = "5"
L 03/13/2015 - 18:26:25: Server cvar "mp_friendlyfire" = "0"
L 03/13/2015 - 18:26:25: Server cvar "mp_ghostfrequency" = "0.1"
L 03/13/2015 - 18:26:25: Server cvar "mp_hostagepenalty" = "2"
L 03/13/2015 - 18:26:25: Server cvar "mp_kickpercent" = "0.66"
L 03/13/2015 - 18:26:25: Server cvar "mp_limitteams" = "2"
L 03/13/2015 - 18:26:25: Server cvar "mp_logdetail" = "3"
L 03/13/2015 - 18:26:25: Server cvar "mp_logfile" = "1"
L 03/13/2015 - 18:26:25: Server cvar "mp_logmessages" = "1"
L 03/13/2015 - 18:26:25: Server cvar "mp_mapvoteratio" = "0.66"
L 03/13/2015 - 18:26:25: Server cvar "mp_maxrounds" = "0"
L 03/13/2015 - 18:26:25: Server cvar "mp_mirrordamage" = "0"
L 03/13/2015 - 18:26:25: Server cvar "mp_playerid" = "0"
L 03/13/2015 - 18:26:25: Server cvar "mp_roundtime" = "2.57"
L 03/13/2015 - 18:26:25: Server cvar "mp_startmoney" = "800"
L 03/13/2015 - 18:26:25: Server cvar "mp_timeleft" = "0"
L 03/13/2015 - 18:26:25: Server cvar "mp_timelimit" = "30"
L 03/13/2015 - 18:26:25: Server cvar "mp_tkpunish" = "1"
L 03/13/2015 - 18:26:25: Server cvar "mp_windifference" = "1"
L 03/13/2015 - 18:26:25: Server cvar "mp_winlimit" = "0"
L 03/13/2015 - 18:26:25: Server cvar "pausable" = "0"
L 03/13/2015 - 18:26:25: Server cvar "sv_accelerate" = "5"
L 03/13/2015 - 18:26:25: Server cvar "sv_aim" = "off"
L 03/13/2015 - 18:26:25: Server cvar "sv_airaccelerate" = "10"
L 03/13/2015 - 18:26:25: Server cvar "sv_airmove" = "1"
L 03/13/2015 - 18:26:25: Server cvar "sv_allowupload" = "1"
L 03/13/2015 - 18:26:25: Server cvar "sv_alltalk" = "1"
L 03/13/2015 - 18:26:25: Server cvar "sv_bounce" = "1"
L 03/13/2015 - 18:26:25: Server cvar "sv_cheats" = "off"
L 03/13/2015 - 18:26:25: Server cvar "sv_clienttrace" = "1"
L 03/13/2015 - 18:26:25: Server cvar "sv_clipmode" = "0"
L 03/13/2015 - 18:26:25: Server cvar "sv_contact" = ""
L 03/13/2015 - 18:26:25: Server cvar "sv_friction" = "4"
L 03/13/2015 - 18:26:25: Server cvar "sv_gravity" = "800"
L 03/13/2015 - 18:26:25: Server cvar "sv_logblocks" = "0"
L 03/13/2015 - 18:26:25: Server cvar "sv_maxrate" = "50000"
L 03/13/2015 - 18:26:25: Server cvar "sv_maxspeed" = "320"
L 03/13/2015 - 18:26:25: Server cvar "sv_minrate" = "100000"
L 03/13/2015 - 18:26:25: Server cvar "sv_password" = ""
L 03/13/2015 - 18:26:25: Server cvar "sv_proxies" = "0"
L 03/13/2015 - 18:26:25: Server cvar "sv_region" = "3"
L 03/13/2015 - 18:26:25: Server cvar "sv_restart" = "0"
L 03/13/2015 - 18:26:25: Server cvar "sv_restartround" = "0"
L 03/13/2015 - 18:26:25: Server cvar "sv_stepsize" = "18"
L 03/13/2015 - 18:26:25: Server cvar "sv_stopspeed" = "75"
L 03/13/2015 - 18:26:25: Server cvar "sv_uploadmax" = "0.5"
L 03/13/2015 - 18:26:25: Server cvar "sv_voiceenable" = "1"
L 03/13/2015 - 18:26:25: Server cvar "sv_wateraccelerate" = "10"
L 03/13/2015 - 18:26:25: Server cvar "sv_waterfriction" = "1"
L 03/13/2015 - 18:26:25: Server cvar "ultimate_sounds" = "1.7"
L 03/13/2015 - 18:26:25: Server cvar "vtc_version" = "80"
L 03/13/2015 - 18:26:25: Server cvars end
L 03/13/2015 - 18:26:25: Server cvar "sv_maxspeed" = "900"
L 03/13/2015 - 18:26:25: Server cvar "amx_nextmap" = "de_dust2_3x3"
L 03/13/2015 - 18:26:25: Started map "$2000$" (CRC "-1688392397")
L 03/13/2015 - 18:26:25: [VTC] Player 1 speex
L 03/13/2015 - 18:26:26: [VTC] Player 2 speex
L 03/13/2015 - 18:26:26: [VTC] Player 3 speex
L 03/13/2015 - 18:26:28: "|Xyligans|kpy}I{ka<4><STEAM_0:0:1696161005><>" entered the game
L 03/13/2015 - 18:26:29: "Radion#<6><STEAM_0:0:1417911346><>" entered the game
L 03/13/2015 - 18:26:29: "[Hard_Skill]_Lexa Kosmonaft<2><STEAM_0:0:226379933><>" entered the game
L 03/13/2015 - 18:26:31: "|Xyligans|kpy}I{ka<4><STEAM_0:0:1696161005><>" joined team "CT"
L 03/13/2015 - 18:26:31: World triggered "Round_Start"
L 03/13/2015 - 18:26:34: "Radion#<6><STEAM_0:0:1417911346><>" joined team "TERRORIST"
L 03/13/2015 - 18:26:34: World triggered "Game_Commencing"
L 03/13/2015 - 18:26:34: World triggered "Game_Commencing" (CT "0") (T "0")
L 03/13/2015 - 18:26:34: World triggered "Round_End"
L 03/13/2015 - 18:26:35: "[Hard_Skill]_Lexa Kosmonaft<2><STEAM_0:0:226379933><>" joined team "TERRORIST"
L 03/13/2015 - 18:26:42: World triggered "Round_Start"
L 03/13/2015 - 18:26:45: "[Hard_Skill]_Lexa Kosmonaft<2><STEAM_0:0:226379933><TERRORIST>" attacked "|Xyligans|kpy}I{ka<4><STEAM_0:0:1696161005><CT>" with "ak47" (damage "42") (damage_armor "0") (health "58") (armor "0")
L 03/13/2015 - 18:26:46: "[Hard_Skill]_Lexa Kosmonaft<2><STEAM_0:0:226379933><TERRORIST>" attacked "|Xyligans|kpy}I{ka<4><STEAM_0:0:1696161005><CT>" with "ak47" (damage "34") (damage_armor "0") (health "24") (armor "0")
L 03/13/2015 - 18:26:47: "|Xyligans|kpy}I{ka<4><STEAM_0:0:1696161005><CT>" attacked "[Hard_Skill]_Lexa Kosmonaft<2><STEAM_0:0:226379933><TERRORIST>" with "ak47" (damage "32") (damage_armor "5") (health "68") (armor "95")
L 03/13/2015 - 18:26:52: "|Xyligans|kpy}I{ka<4><STEAM_0:0:1696161005><CT>" attacked "Radion#<6><STEAM_0:0:1417911346><TERRORIST>" with "m4a1" (damage "30") (damage_armor "0") (health "70") (armor "0")
L 03/13/2015 - 18:26:52: "|Xyligans|kpy}I{ka<4><STEAM_0:0:1696161005><CT>" attacked "Radion#<6><STEAM_0:0:1417911346><TERRORIST>" with "m4a1" (damage "30") (damage_armor "0") (health "40") (armor "0")
L 03/13/2015 - 18:26:52: "|Xyligans|kpy}I{ka<4><STEAM_0:0:1696161005><CT>" attacked "Radion#<6><STEAM_0:0:1417911346><TERRORIST>" with "m4a1" (damage "56") (damage_armor "0") (health "-16") (armor "0")
L 03/13/2015 - 18:26:52: "|Xyligans|kpy}I{ka<4><STEAM_0:0:1696161005><CT>" killed "Radion#<6><STEAM_0:0:1417911346><TERRORIST>" with "m4a1"
L 03/13/2015 - 18:26:53: "Radion#<6><STEAM_0:0:1417911346><TERRORIST>" killed "|Xyligans|kpy}I{ka<4><STEAM_0:0:1696161005><CT>" with "grenade"
L 03/13/2015 - 18:26:53: Team "TERRORIST" triggered "Terrorists_Win" (CT "0") (T "1")
L 03/13/2015 - 18:26:53: World triggered "Round_End"
L 03/13/2015 - 18:27:03: World triggered "Round_Start"
L 03/13/2015 - 18:27:07: "|Xyligans|kpy}I{ka<4><STEAM_0:0:1696161005><CT>" attacked "Radion#<6><STEAM_0:0:1417911346><TERRORIST>" with "ak47" (damage "42") (damage_armor "0") (health "58") (armor "0")
L 03/13/2015 - 18:27:08: "Radion#<6><STEAM_0:0:1417911346><TERRORIST>" attacked "|Xyligans|kpy}I{ka<4><STEAM_0:0:1696161005><CT>" with "m4a1" (damage "30") (damage_armor "0") (health "70") (armor "0")
L 03/13/2015 - 18:27:09: "[Hard_Skill]_Lexa Kosmonaft<2><STEAM_0:0:226379933><TERRORIST>" attacked "|Xyligans|kpy}I{ka<4><STEAM_0:0:1696161005><CT>" with "deagle" (damage "47") (damage_armor "0") (health "23") (armor "0")
L 03/13/2015 - 18:27:09: "[Hard_Skill]_Lexa Kosmonaft<2><STEAM_0:0:226379933><TERRORIST>" attacked "|Xyligans|kpy}I{ka<4><STEAM_0:0:1696161005><CT>" with "deagle" (damage "47") (damage_armor "0") (health "-24") (armor "0")
L 03/13/2015 - 18:27:09: "[Hard_Skill]_Lexa Kosmonaft<2><STEAM_0:0:226379933><TERRORIST>" killed "|Xyligans|kpy}I{ka<4><STEAM_0:0:1696161005><CT>" with "deagle"
L 03/13/2015 - 18:27:09: Team "TERRORIST" triggered "Terrorists_Win" (CT "0") (T "2")
L 03/13/2015 - 18:27:09: World triggered "Round_End"
L 03/13/2015 - 18:27:19: World triggered "Round_Start"
L 03/13/2015 - 18:27:27: "|Xyligans|kpy}I{ka<4><STEAM_0:0:1696161005><CT>" attacked "Radion#<6><STEAM_0:0:1417911346><TERRORIST>" with "m4a1" (damage "31") (damage_armor "0") (health "69") (armor "0")
L 03/13/2015 - 18:27:27: "|Xyligans|kpy}I{ka<4><STEAM_0:0:1696161005><CT>" attacked "Radion#<6><STEAM_0:0:1417911346><TERRORIST>" with "m4a1" (damage "10") (damage_armor "0") (health "59") (armor "0")
L 03/13/2015 - 18:27:27: "|Xyligans|kpy}I{ka<4><STEAM_0:0:1696161005><CT>" attacked "Radion#<6><STEAM_0:0:1417911346><TERRORIST>" with "m4a1" (damage "31") (damage_armor "0") (health "28") (armor "0")
L 03/13/2015 - 18:27:28: "|Xyligans|kpy}I{ka<4><STEAM_0:0:1696161005><CT>" attacked "Radion#<6><STEAM_0:0:1417911346><TERRORIST>" with "m4a1" (damage "31") (damage_armor "0") (health "-3") (armor "0")
L 03/13/2015 - 18:27:28: "|Xyligans|kpy}I{ka<4><STEAM_0:0:1696161005><CT>" killed "Radion#<6><STEAM_0:0:1417911346><TERRORIST>" with "m4a1"
L 03/13/2015 - 18:27:31: "|Xyligans|kpy}I{ka<4><STEAM_0:0:1696161005><CT>" attacked "[Hard_Skill]_Lexa Kosmonaft<2><STEAM_0:0:226379933><TERRORIST>" with "m4a1" (damage "21") (damage_armor "5") (health "79") (armor "95")
L 03/13/2015 - 18:27:32: "|Xyligans|kpy}I{ka<4><STEAM_0:0:1696161005><CT>" attacked "[Hard_Skill]_Lexa Kosmonaft<2><STEAM_0:0:226379933><TERRORIST>" with "m4a1" (damage "9") (damage_armor "2") (health "70") (armor "93")
L 03/13/2015 - 18:27:32: "|Xyligans|kpy}I{ka<4><STEAM_0:0:1696161005><CT>" attacked "[Hard_Skill]_Lexa Kosmonaft<2><STEAM_0:0:226379933><TERRORIST>" with "m4a1" (damage "9") (damage_armor "2") (health "61") (armor "91")
L 03/13/2015 - 18:27:32: "|Xyligans|kpy}I{ka<4><STEAM_0:0:1696161005><CT>" attacked "[Hard_Skill]_Lexa Kosmonaft<2><STEAM_0:0:226379933><TERRORIST>" with "m4a1" (damage "12") (damage_armor "3") (health "49") (armor "88")
L 03/13/2015 - 18:27:32: "|Xyligans|kpy}I{ka<4><STEAM_0:0:1696161005><CT>" attacked "[Hard_Skill]_Lexa Kosmonaft<2><STEAM_0:0:226379933><TERRORIST>" with "m4a1" (damage "12") (damage_armor "2") (health "37") (armor "86")
L 03/13/2015 - 18:27:33: "|Xyligans|kpy}I{ka<4><STEAM_0:0:1696161005><CT>" attacked "[Hard_Skill]_Lexa Kosmonaft<2><STEAM_0:0:226379933><TERRORIST>" with "m4a1" (damage "10") (damage_armor "0") (health "27") (armor "86")
L 03/13/2015 - 18:27:34: "[Hard_Skill]_Lexa Kosmonaft<2><STEAM_0:0:226379933><TERRORIST>" attacked "|Xyligans|kpy}I{ka<4><STEAM_0:0:1696161005><CT>" with "deagle" (damage "39") (damage_armor "7") (health "61") (armor "93")
L 03/13/2015 - 18:27:35: "|Xyligans|kpy}I{ka<4><STEAM_0:0:1696161005><CT>" attacked "[Hard_Skill]_Lexa Kosmonaft<2><STEAM_0:0:226379933><TERRORIST>" with "m4a1" (damage "26") (damage_armor "6") (health "1") (armor "80")
L 03/13/2015 - 18:27:35: "|Xyligans|kpy}I{ka<4><STEAM_0:0:1696161005><CT>" attacked "[Hard_Skill]_Lexa Kosmonaft<2><STEAM_0:0:226379933><TERRORIST>" with "m4a1" (damage "26") (damage_armor "6") (health "-25") (armor "74")
L 03/13/2015 - 18:27:35: "|Xyligans|kpy}I{ka<4><STEAM_0:0:1696161005><CT>" killed "[Hard_Skill]_Lexa Kosmonaft<2><STEAM_0:0:226379933><TERRORIST>" with "m4a1"
L 03/13/2015 - 18:27:35: Team "CT" triggered "CTs_Win" (CT "1") (T "2")
L 03/13/2015 - 18:27:35: World triggered "Round_End"
L 03/13/2015 - 18:27:45: World triggered "Round_Start"
L 03/13/2015 - 18:27:47: "[Hard_Skill]_Lexa Kosmonaft<2><STEAM_0:0:226379933><TERRORIST>" attacked "|Xyligans|kpy}I{ka<4><STEAM_0:0:1696161005><CT>" with "ak47" (damage "26") (damage_armor "4") (health "74") (armor "89")
L 03/13/2015 - 18:27:48: "Radion#<6><STEAM_0:0:1417911346><TERRORIST>" attacked "|Xyligans|kpy}I{ka<4><STEAM_0:0:1696161005><CT>" with "m4a1" (damage "9") (damage_armor "2") (health "65") (armor "87")
L 03/13/2015 - 18:27:48: "Radion#<6><STEAM_0:0:1417911346><TERRORIST>" attacked "|Xyligans|kpy}I{ka<4><STEAM_0:0:1696161005><CT>" with "m4a1" (damage "9") (damage_armor "2") (health "56") (armor "85")
L 03/13/2015 - 18:27:49: "|Xyligans|kpy}I{ka<4><STEAM_0:0:1696161005><CT>" attacked "[Hard_Skill]_Lexa Kosmonaft<2><STEAM_0:0:226379933><TERRORIST>" with "ak47" (damage "12") (damage_armor "0") (health "88") (armor "100")
L 03/13/2015 - 18:27:50: "Radion#<6><STEAM_0:0:1417911346><TERRORIST>" attacked "|Xyligans|kpy}I{ka<4><STEAM_0:0:1696161005><CT>" with "m4a1" (damage "20") (damage_armor "4") (health "36") (armor "81")
L 03/13/2015 - 18:27:50: "|Xyligans|kpy}I{ka<4><STEAM_0:0:1696161005><CT>" attacked "[Hard_Skill]_Lexa Kosmonaft<2><STEAM_0:0:226379933><TERRORIST>" with "ak47" (damage "12") (damage_armor "0") (health "76") (armor "100")
L 03/13/2015 - 18:27:50: "|Xyligans|kpy}I{ka<4><STEAM_0:0:1696161005><CT>" attacked "[Hard_Skill]_Lexa Kosmonaft<2><STEAM_0:0:226379933><TERRORIST>" with "ak47" (damage "12") (damage_armor "2") (health "64") (armor "98")
L 03/13/2015 - 18:27:53: "[Hard_Skill]_Lexa Kosmonaft<2><STEAM_0:0:226379933><TERRORIST>" attacked "|Xyligans|kpy}I{ka<4><STEAM_0:0:1696161005><CT>" with "ak47" (damage "108") (damage_armor "16") (health "-72") (armor "65")
L 03/13/2015 - 18:27:53: "[Hard_Skill]_Lexa Kosmonaft<2><STEAM_0:0:226379933><TERRORIST>" killed "|Xyligans|kpy}I{ka<4><STEAM_0:0:1696161005><CT>" with "ak47"
L 03/13/2015 - 18:27:53: Team "TERRORIST" triggered "Terrorists_Win" (CT "1") (T "3")
L 03/13/2015 - 18:27:53: World triggered "Round_End"
L 03/13/2015 - 18:28:03: World triggered "Round_Start"
L 03/13/2015 - 18:28:10: "[Hard_Skill]_Lexa Kosmonaft<2><STEAM_0:0:226379933><TERRORIST>" attacked "|Xyligans|kpy}I{ka<4><STEAM_0:0:1696161005><CT>" with "ak47" (damage "140") (damage_armor "0") (health "-93") (armor "0")
L 03/13/2015 - 18:28:10: "[Hard_Skill]_Lexa Kosmonaft<2><STEAM_0:0:226379933><TERRORIST>" killed "|Xyligans|kpy}I{ka<4><STEAM_0:0:1696161005><CT>" with "ak47"
L 03/13/2015 - 18:28:10: Team "TERRORIST" triggered "Terrorists_Win" (CT "1") (T "4")
L 03/13/2015 - 18:28:10: World triggered "Round_End"
L 03/13/2015 - 18:28:20: World triggered "Round_Start"
L 03/13/2015 - 18:28:26: "Radion#<6><STEAM_0:0:1417911346><TERRORIST>" attacked "|Xyligans|kpy}I{ka<4><STEAM_0:0:1696161005><CT>" with "m4a1" (damage "29") (damage_armor "0") (health "71") (armor "0")
L 03/13/2015 - 18:28:27: "|Xyligans|kpy}I{ka<4><STEAM_0:0:1696161005><CT>" attacked "Radion#<6><STEAM_0:0:1417911346><TERRORIST>" with "ak47" (damage "20") (damage_armor "0") (health "80") (armor "0")
L 03/13/2015 - 18:28:27: "Radion#<6><STEAM_0:0:1417911346><TERRORIST>" attacked "|Xyligans|kpy}I{ka<4><STEAM_0:0:1696161005><CT>" with "m4a1" (damage "10") (damage_armor "0") (health "61") (armor "0")
L 03/13/2015 - 18:28:28: "Radion#<6><STEAM_0:0:1417911346><TERRORIST>" attacked "|Xyligans|kpy}I{ka<4><STEAM_0:0:1696161005><CT>" with "m4a1" (damage "17") (damage_armor "0") (health "44") (armor "0")
L 03/13/2015 - 18:28:33: "|Xyligans|kpy}I{ka<4><STEAM_0:0:1696161005><CT>" attacked "[Hard_Skill]_Lexa Kosmonaft<2><STEAM_0:0:226379933><TERRORIST>" with "ak47" (damage "26") (damage_armor "0") (health "74") (armor "100")
L 03/13/2015 - 18:28:35: "[Hard_Skill]_Lexa Kosmonaft<2><STEAM_0:0:226379933><TERRORIST>" attacked "|Xyligans|kpy}I{ka<4><STEAM_0:0:1696161005><CT>" with "deagle" (damage "33") (damage_armor "0") (health "11") (armor "0")
L 03/13/2015 - 18:28:35: "|Xyligans|kpy}I{ka<4><STEAM_0:0:1696161005><CT>" attacked "[Hard_Skill]_Lexa Kosmonaft<2><STEAM_0:0:226379933><TERRORIST>" with "ak47" (damage "108") (damage_armor "16") (health "-34") (armor "84")
L 03/13/2015 - 18:28:35: "|Xyligans|kpy}I{ka<4><STEAM_0:0:1696161005><CT>" killed "[Hard_Skill]_Lexa Kosmonaft<2><STEAM_0:0:226379933><TERRORIST>" with "ak47"
L 03/13/2015 - 18:28:39: "Radion#<6><STEAM_0:0:1417911346><TERRORIST>" killed "|Xyligans|kpy}I{ka<4><STEAM_0:0:1696161005><CT>" with "grenade"
L 03/13/2015 - 18:28:39: Team "TERRORIST" triggered "Terrorists_Win" (CT "1") (T "5")
L 03/13/2015 - 18:28:39: World triggered "Round_End"
L 03/13/2015 - 18:28:49: World triggered "Round_Start"
L 03/13/2015 - 18:28:53: "Radion#<6><STEAM_0:0:1417911346><TERRORIST>" attacked "|Xyligans|kpy}I{ka<4><STEAM_0:0:1696161005><CT>" with "m4a1" (damage "29") (damage_armor "0") (health "71") (armor "0")
L 03/13/2015 - 18:28:55: "|Xyligans|kpy}I{ka<4><STEAM_0:0:1696161005><CT>" attacked "Radion#<6><STEAM_0:0:1417911346><TERRORIST>" with "ak47" (damage "12") (damage_armor "2") (health "88") (armor "98")
L 03/13/2015 - 18:28:57: "Radion#<6><STEAM_0:0:1417911346><TERRORIST>" killed "|Xyligans|kpy}I{ka<4><STEAM_0:0:1696161005><CT>" with "grenade"
L 03/13/2015 - 18:28:57: Team "TERRORIST" triggered "Terrorists_Win" (CT "1") (T "6")
L 03/13/2015 - 18:28:57: World triggered "Round_End"
L 03/13/2015 - 18:29:07: World triggered "Round_Start"
L 03/13/2015 - 18:29:17: "|Xyligans|kpy}I{ka<4><STEAM_0:0:1696161005><CT>" attacked "[Hard_Skill]_Lexa Kosmonaft<2><STEAM_0:0:226379933><TERRORIST>" with "ak47" (damage "27") (damage_armor "4") (health "73") (armor "96")
L 03/13/2015 - 18:29:17: "|Xyligans|kpy}I{ka<4><STEAM_0:0:1696161005><CT>" attacked "[Hard_Skill]_Lexa Kosmonaft<2><STEAM_0:0:226379933><TERRORIST>" with "ak47" (damage "27") (damage_armor "4") (health "46") (armor "92")
L 03/13/2015 - 18:29:17: "|Xyligans|kpy}I{ka<4><STEAM_0:0:1696161005><CT>" attacked "[Hard_Skill]_Lexa Kosmonaft<2><STEAM_0:0:226379933><TERRORIST>" with "ak47" (damage "27") (damage_armor "4") (health "19") (armor "88")
L 03/13/2015 - 18:29:17: "|Xyligans|kpy}I{ka<4><STEAM_0:0:1696161005><CT>" attacked "[Hard_Skill]_Lexa Kosmonaft<2><STEAM_0:0:226379933><TERRORIST>" with "ak47" (damage "27") (damage_armor "4") (health "-8") (armor "84")
L 03/13/2015 - 18:29:17: "|Xyligans|kpy}I{ka<4><STEAM_0:0:1696161005><CT>" killed "[Hard_Skill]_Lexa Kosmonaft<2><STEAM_0:0:226379933><TERRORIST>" with "ak47"
L 03/13/2015 - 18:29:21: "|Xyligans|kpy}I{ka<4><STEAM_0:0:1696161005><CT>" attacked "Radion#<6><STEAM_0:0:1417911346><TERRORIST>" with "m4a1" (damage "26") (damage_armor "6") (health "67") (armor "90")
L 03/13/2015 - 18:29:21: "|Xyligans|kpy}I{ka<4><STEAM_0:0:1696161005><CT>" attacked "Radion#<6><STEAM_0:0:1417911346><TERRORIST>" with "m4a1" (damage "39") (damage_armor "8") (health "28") (armor "82")
L 03/13/2015 - 18:29:35: "[Hard_Skill]_Lexa Kosmonaft<2><STEAM_0:0:226379933><TERRORIST>" triggered "weaponstats" (weapon "grenade") (shots "8") (hits "2") (kills "0") (headshots "0") (tks "0") (damage "69") (deaths "0")
L 03/13/2015 - 18:29:35: "[Hard_Skill]_Lexa Kosmonaft<2><STEAM_0:0:226379933><TERRORIST>" triggered "weaponstats2" (weapon "grenade") (head "0") (chest "0") (stomach "0") (leftarm "0") (rightarm "0") (leftleg "0") (rightleg "0")
L 03/13/2015 - 18:29:35: "[Hard_Skill]_Lexa Kosmonaft<2><STEAM_0:0:226379933><TERRORIST>" triggered "weaponstats" (weapon "deagle") (shots "9") (hits "4") (kills "1") (headshots "0") (tks "0") (damage "166") (deaths "3")
L 03/13/2015 - 18:29:35: "[Hard_Skill]_Lexa Kosmonaft<2><STEAM_0:0:226379933><TERRORIST>" triggered "weaponstats2" (weapon "deagle") (head "0") (chest "0") (stomach "1") (leftarm "2") (rightarm "0") (leftleg "0") (rightleg "1")
L 03/13/2015 - 18:29:35: "[Hard_Skill]_Lexa Kosmonaft<2><STEAM_0:0:226379933><TERRORIST>" triggered "weaponstats" (weapon "ak47") (shots "62") (hits "5") (kills "2") (headshots "2") (tks "0") (damage "350") (deaths "0")
L 03/13/2015 - 18:29:35: "[Hard_Skill]_Lexa Kosmonaft<2><STEAM_0:0:226379933><TERRORIST>" triggered "weaponstats2" (weapon "ak47") (head "2") (chest "0") (stomach "1") (leftarm "1") (rightarm "1") (leftleg "0") (rightleg "0")
L 03/13/2015 - 18:29:35: "[Hard_Skill]_Lexa Kosmonaft<2><STEAM_0:0:226379933><TERRORIST>" triggered "time" (time "3:05")
L 03/13/2015 - 18:29:35: "[Hard_Skill]_Lexa Kosmonaft<2><STEAM_0:0:226379933><TERRORIST>" triggered "latency" (ping "30")
L 03/13/2015 - 18:29:35: "[Hard_Skill]_Lexa Kosmonaft<2><STEAM_0:0:226379933><TERRORIST>" disconnected
L 03/13/2015 - 18:29:47: "|Xyligans|kpy}I{ka<4><STEAM_0:0:1696161005><CT>" attacked "Radion#<6><STEAM_0:0:1417911346><TERRORIST>" with "ak47" (damage "25") (damage_armor "0") (health "3") (armor "82")
L 03/13/2015 - 18:29:47: "|Xyligans|kpy}I{ka<4><STEAM_0:0:1696161005><CT>" attacked "Radion#<6><STEAM_0:0:1417911346><TERRORIST>" with "ak47" (damage "32") (damage_armor "5") (health "-29") (armor "77")
L 03/13/2015 - 18:29:47: "|Xyligans|kpy}I{ka<4><STEAM_0:0:1696161005><CT>" killed "Radion#<6><STEAM_0:0:1417911346><TERRORIST>" with "ak47"
L 03/13/2015 - 18:29:47: Team "CT" triggered "CTs_Win" (CT "2") (T "6")
L 03/13/2015 - 18:29:47: World triggered "Round_End"
L 03/13/2015 - 18:29:57: World triggered "Round_Start"
L 03/13/2015 - 18:30:02: "Radion#<6><STEAM_0:0:1417911346><TERRORIST>" attacked "|Xyligans|kpy}I{ka<4><STEAM_0:0:1696161005><CT>" with "m4a1" (damage "84") (damage_armor "18") (health "16") (armor "82")
L 03/13/2015 - 18:30:02: "Radion#<6><STEAM_0:0:1417911346><TERRORIST>" attacked "|Xyligans|kpy}I{ka<4><STEAM_0:0:1696161005><CT>" with "m4a1" (damage "22") (damage_armor "0") (health "-6") (armor "82")
L 03/13/2015 - 18:30:02: "Radion#<6><STEAM_0:0:1417911346><TERRORIST>" killed "|Xyligans|kpy}I{ka<4><STEAM_0:0:1696161005><CT>" with "m4a1"
L 03/13/2015 - 18:30:02: Team "TERRORIST" triggered "Terrorists_Win" (CT "2") (T "7")
L 03/13/2015 - 18:30:02: World triggered "Round_End"
L 03/13/2015 - 18:30:12: World triggered "Round_Start"
L 03/13/2015 - 18:30:15: "Radion#<6><STEAM_0:0:1417911346><TERRORIST>" attacked "|Xyligans|kpy}I{ka<4><STEAM_0:0:1696161005><CT>" with "m4a1" (damage "30") (damage_armor "0") (health "70") (armor "0")
L 03/13/2015 - 18:30:15: "|Xyligans|kpy}I{ka<4><STEAM_0:0:1696161005><CT>" attacked "Radion#<6><STEAM_0:0:1417911346><TERRORIST>" with "m4a1" (damage "30") (damage_armor "0") (health "70") (armor "0")
L 03/13/2015 - 18:30:15: "|Xyligans|kpy}I{ka<4><STEAM_0:0:1696161005><CT>" attacked "Radion#<6><STEAM_0:0:1417911346><TERRORIST>" with "m4a1" (damage "30") (damage_armor "0") (health "40") (armor "0")
L 03/13/2015 - 18:30:15: "|Xyligans|kpy}I{ka<4><STEAM_0:0:1696161005><CT>" attacked "Radion#<6><STEAM_0:0:1417911346><TERRORIST>" with "m4a1" (damage "22") (damage_armor "0") (health "18") (armor "0")
L 03/13/2015 - 18:30:15: "Radion#<6><STEAM_0:0:1417911346><TERRORIST>" attacked "|Xyligans|kpy}I{ka<4><STEAM_0:0:1696161005><CT>" with "m4a1" (damage "30") (damage_armor "0") (health "40") (armor "0")
L 03/13/2015 - 18:30:15: "|Xyligans|kpy}I{ka<4><STEAM_0:0:1696161005><CT>" attacked "Radion#<6><STEAM_0:0:1417911346><TERRORIST>" with "m4a1" (damage "120") (damage_armor "0") (health "-102") (armor "0")
L 03/13/2015 - 18:30:15: "|Xyligans|kpy}I{ka<4><STEAM_0:0:1696161005><CT>" killed "Radion#<6><STEAM_0:0:1417911346><TERRORIST>" with "m4a1"
L 03/13/2015 - 18:30:15: Team "CT" triggered "CTs_Win" (CT "3") (T "7")
L 03/13/2015 - 18:30:15: World triggered "Round_End"
L 03/13/2015 - 18:30:25: World triggered "Round_Start"
L 03/13/2015 - 18:30:28: "|Xyligans|kpy}I{ka<4><STEAM_0:0:1696161005><CT>" attacked "Radion#<6><STEAM_0:0:1417911346><TERRORIST>" with "m4a1" (damage "21") (damage_armor "0") (health "5") (armor "0")
L 03/13/2015 - 18:30:28: "Radion#<6><STEAM_0:0:1417911346><TERRORIST>" attacked "|Xyligans|kpy}I{ka<4><STEAM_0:0:1696161005><CT>" with "ak47" (damage "26") (damage_armor "4") (health "74") (armor "96")
L 03/13/2015 - 18:30:29: "|Xyligans|kpy}I{ka<4><STEAM_0:0:1696161005><CT>" attacked "Radion#<6><STEAM_0:0:1417911346><TERRORIST>" with "m4a1" (damage "36") (damage_armor "0") (health "-31") (armor "0")
L 03/13/2015 - 18:30:29: "|Xyligans|kpy}I{ka<4><STEAM_0:0:1696161005><CT>" killed "Radion#<6><STEAM_0:0:1417911346><TERRORIST>" with "m4a1"
L 03/13/2015 - 18:30:29: Team "CT" triggered "CTs_Win" (CT "4") (T "7")
L 03/13/2015 - 18:30:29: World triggered "Round_End"
L 03/13/2015 - 18:30:39: World triggered "Round_Start"
L 03/13/2015 - 18:30:42: "|Xyligans|kpy}I{ka<4><STEAM_0:0:1696161005><CT>" attacked "Radion#<6><STEAM_0:0:1417911346><TERRORIST>" with "m4a1" (damage "29") (damage_armor "0") (health "71") (armor "0")
L 03/13/2015 - 18:30:42: "|Xyligans|kpy}I{ka<4><STEAM_0:0:1696161005><CT>" attacked "Radion#<6><STEAM_0:0:1417911346><TERRORIST>" with "m4a1" (damage "30") (damage_armor "0") (health "41") (armor "0")
L 03/13/2015 - 18:30:42: "|Xyligans|kpy}I{ka<4><STEAM_0:0:1696161005><CT>" killed "Radion#<6><STEAM_0:0:1417911346><TERRORIST>" with "grenade"
L 03/13/2015 - 18:30:42: Team "CT" triggered "CTs_Win" (CT "5") (T "7")
L 03/13/2015 - 18:30:42: World triggered "Round_End"
L 03/13/2015 - 18:30:52: World triggered "Round_Start"
L 03/13/2015 - 18:31:02: "|Xyligans|kpy}I{ka<4><STEAM_0:0:1696161005><CT>" attacked "Radion#<6><STEAM_0:0:1417911346><TERRORIST>" with "m4a1" (damage "29") (damage_armor "0") (health "71") (armor "0")
L 03/13/2015 - 18:31:03: "|Xyligans|kpy}I{ka<4><STEAM_0:0:1696161005><CT>" attacked "Radion#<6><STEAM_0:0:1417911346><TERRORIST>" with "m4a1" (damage "29") (damage_armor "0") (health "42") (armor "0")
L 03/13/2015 - 18:31:03: "|Xyligans|kpy}I{ka<4><STEAM_0:0:1696161005><CT>" attacked "Radion#<6><STEAM_0:0:1417911346><TERRORIST>" with "m4a1" (damage "36") (damage_armor "0") (health "6") (armor "0")
L 03/13/2015 - 18:31:03: "|Xyligans|kpy}I{ka<4><STEAM_0:0:1696161005><CT>" attacked "Radion#<6><STEAM_0:0:1417911346><TERRORIST>" with "m4a1" (damage "21") (damage_armor "0") (health "-15") (armor "0")
L 03/13/2015 - 18:31:03: "|Xyligans|kpy}I{ka<4><STEAM_0:0:1696161005><CT>" killed "Radion#<6><STEAM_0:0:1417911346><TERRORIST>" with "m4a1"
L 03/13/2015 - 18:31:03: Team "CT" triggered "CTs_Win" (CT "6") (T "7")
L 03/13/2015 - 18:31:03: World triggered "Round_End"
L 03/13/2015 - 18:31:13: World triggered "Round_Start"
L 03/13/2015 - 18:31:21: "Radion#<6><STEAM_0:0:1417911346><TERRORIST>" attacked "|Xyligans|kpy}I{ka<4><STEAM_0:0:1696161005><CT>" with "ak47" (damage "32") (damage_armor "5") (health "68") (armor "81")
L 03/13/2015 - 18:31:21: "Radion#<6><STEAM_0:0:1417911346><TERRORIST>" attacked "|Xyligans|kpy}I{ka<4><STEAM_0:0:1696161005><CT>" with "ak47" (damage "26") (damage_armor "4") (health "42") (armor "77")
L 03/13/2015 - 18:31:21: "|Xyligans|kpy}I{ka<4><STEAM_0:0:1696161005><CT>" attacked "Radion#<6><STEAM_0:0:1417911346><TERRORIST>" with "m4a1" (damage "30") (damage_armor "0") (health "70") (armor "0")
L 03/13/2015 - 18:31:21: "Radion#<6><STEAM_0:0:1417911346><TERRORIST>" attacked "|Xyligans|kpy}I{ka<4><STEAM_0:0:1696161005><CT>" with "ak47" (damage "105") (damage_armor "15") (health "-63") (armor "62")
L 03/13/2015 - 18:31:21: "Radion#<6><STEAM_0:0:1417911346><TERRORIST>" killed "|Xyligans|kpy}I{ka<4><STEAM_0:0:1696161005><CT>" with "ak47"
L 03/13/2015 - 18:31:21: Team "TERRORIST" triggered "Terrorists_Win" (CT "6") (T "8")
L 03/13/2015 - 18:31:21: World triggered "Round_End"
L 03/13/2015 - 18:31:30: [DPROTO]: Client 0 - Set AuthIdType 1 [dp_RevEmu]; pClient = 0xb38f2f08
L 03/13/2015 - 18:31:30: "Daha<10><STEAM_0:0:1719552341><>" connected, address "31.128.176.113:27005"
L 03/13/2015 - 18:31:30: [VTC] Player 1 speex
L 03/13/2015 - 18:31:31: World triggered "Round_Start"
L 03/13/2015 - 18:31:46: "Daha<10><STEAM_0:0:1719552341><>" entered the game
L 03/13/2015 - 18:31:51: "Daha<10><STEAM_0:0:1719552341><>" joined team "TERRORIST"
L 03/13/2015 - 18:31:55: "|Xyligans|kpy}I{ka<4><STEAM_0:0:1696161005><CT>" attacked "Radion#<6><STEAM_0:0:1417911346><TERRORIST>" with "ak47" (damage "34") (damage_armor "0") (health "66") (armor "0")
L 03/13/2015 - 18:32:08: "|Xyligans|kpy}I{ka<4><STEAM_0:0:1696161005><CT>" attacked "Radion#<6><STEAM_0:0:1417911346><TERRORIST>" with "m4a1" (damage "38") (damage_armor "0") (health "28") (armor "0")
L 03/13/2015 - 18:32:08: "|Xyligans|kpy}I{ka<4><STEAM_0:0:1696161005><CT>" attacked "Radion#<6><STEAM_0:0:1417911346><TERRORIST>" with "m4a1" (damage "124") (damage_armor "0") (health "-96") (armor "0")
L 03/13/2015 - 18:32:08: "|Xyligans|kpy}I{ka<4><STEAM_0:0:1696161005><CT>" killed "Radion#<6><STEAM_0:0:1417911346><TERRORIST>" with "m4a1"
L 03/13/2015 - 18:32:08: Team "CT" triggered "CTs_Win" (CT "7") (T "8")
L 03/13/2015 - 18:32:08: World triggered "Round_End"
L 03/13/2015 - 18:32:09: "Daha<10><STEAM_0:0:1719552341><TERRORIST>" triggered "time" (time "0:23")
L 03/13/2015 - 18:32:09: "Daha<10><STEAM_0:0:1719552341><TERRORIST>" triggered "latency" (ping "82")
L 03/13/2015 - 18:32:09: "Daha<10><STEAM_0:0:1719552341><TERRORIST>" disconnected
L 03/13/2015 - 18:32:09: [DPROTO]: Client 0 - Set AuthIdType 1 [dp_RevEmu]; pClient = 0xb38f2f08
L 03/13/2015 - 18:32:09: "Daha<11><STEAM_0:0:1719552341><>" connected, address "31.128.176.113:27005"
L 03/13/2015 - 18:32:09: [VTC] Player 1 speex
L 03/13/2015 - 18:32:13: "Daha<11><STEAM_0:0:1719552341><>" entered the game
L 03/13/2015 - 18:32:17: "Daha<11><STEAM_0:0:1719552341><>" joined team "CT"
L 03/13/2015 - 18:32:18: World triggered "Round_Start"
L 03/13/2015 - 18:32:22: "|Xyligans|kpy}I{ka<4><STEAM_0:0:1696161005><CT>" attacked "Radion#<6><STEAM_0:0:1417911346><TERRORIST>" with "m4a1" (damage "37") (damage_armor "0") (health "63") (armor "0")
L 03/13/2015 - 18:32:22: "|Xyligans|kpy}I{ka<4><STEAM_0:0:1696161005><CT>" attacked "Radion#<6><STEAM_0:0:1417911346><TERRORIST>" with "m4a1" (damage "30") (damage_armor "0") (health "-25") (armor "0")
L 03/13/2015 - 18:32:22: "|Xyligans|kpy}I{ka<4><STEAM_0:0:1696161005><CT>" killed "Radion#<6><STEAM_0:0:1417911346><TERRORIST>" with "m4a1"
L 03/13/2015 - 18:32:22: Team "CT" triggered "CTs_Win" (CT "8") (T "8")
L 03/13/2015 - 18:32:22: World triggered "Round_End"
L 03/13/2015 - 18:32:32: World triggered "Round_Start"
L 03/13/2015 - 18:32:35: "Radion#<6><STEAM_0:0:1417911346><TERRORIST>" attacked "|Xyligans|kpy}I{ka<4><STEAM_0:0:1696161005><CT>" with "ak47" (damage "25") (damage_armor "0") (health "75") (armor "100")
L 03/13/2015 - 18:32:35: "|Xyligans|kpy}I{ka<4><STEAM_0:0:1696161005><CT>" attacked "Radion#<6><STEAM_0:0:1417911346><TERRORIST>" with "m4a1" (damage "22") (damage_armor "0") (health "15") (armor "0")
L 03/13/2015 - 18:32:37: "|