L 03/17/2015 - 18:08:39: Log file started (file "logs/L0317049.log") (game "cstrike") (version "48/1.6.3.7/Stdio/5787")
L 03/17/2015 - 18:08:39: Server cvar "mp_logdetail" = "3"
L 03/17/2015 - 18:08:39: Server cvar "mp_timelimit" = "30"
L 03/17/2015 - 18:08:39: Server cvar "mp_c4timer" = "35"
L 03/17/2015 - 18:08:39: Server cvar "mp_flashlight" = "1"
L 03/17/2015 - 18:08:39: Server cvar "mp_freezetime" = "5"
L 03/17/2015 - 18:08:39: Server cvar "mp_hostagepenalty" = "0"
L 03/17/2015 - 18:08:39: Server cvar "mp_limitteams" = "5"
L 03/17/2015 - 18:08:39: Server cvar "mp_roundtime" = "2.57"
L 03/17/2015 - 18:08:39: Server cvar "mp_tkpunish" = "1"
L 03/17/2015 - 18:08:39: Server cvar "sv_restartround" = "1"
L 03/17/2015 - 18:08:39: Server cvar "sv_maxspeed" = "320"
L 03/17/2015 - 18:08:39: Server cvar "sv_proxies" = "0"
L 03/17/2015 - 18:08:39: Server cvar "allow_spectators" = "4"
L 03/17/2015 - 18:08:39: Server cvar "mp_chattime" = "0"
L 03/17/2015 - 18:08:39: Server cvar "decalfrequency" = "9"
L 03/17/2015 - 18:08:39: Server cvar "sv_aim" = "0"
L 03/17/2015 - 18:08:39: Server cvar "sv_minrate" = "100000"
L 03/17/2015 - 18:08:39: Server cvar "sv_maxrate" = "50000"
L 03/17/2015 - 18:08:39: World triggered "Restart_Round_(1_second)"
L 03/17/2015 - 18:08:39: Team "CT" scored "0" with "0" players
L 03/17/2015 - 18:08:39: Team "TERRORIST" scored "0" with "0" players
L 03/17/2015 - 18:08:39: Server cvar "sv_restartround" = "0"
L 03/17/2015 - 18:08:45: World triggered "Round_Start"
L 03/17/2015 - 18:11:19: Team "CT" triggered "Target_Saved" (CT "1") (T "0")
L 03/17/2015 - 18:11:19: World triggered "Round_End"
L 03/17/2015 - 18:11:29: World triggered "Round_Start"
L 03/17/2015 - 18:13:49: [META] ini: Begin re-reading plugins list: /home/extazy/Public/cstrike/addons/metamod/plugins.ini
L 03/17/2015 - 18:13:49: [META] ini: Read plugin config for: AMX Mod X
L 03/17/2015 - 18:13:49: [META] ini: Read plugin config for: dproto_EF
L 03/17/2015 - 18:13:49: [META] ini: Read plugin config for: VoiceTranscoder
L 03/17/2015 - 18:13:49: [META] ini: Finished reading plugins list: /home/extazy/Public/cstrike/addons/metamod/plugins.ini; Found 3 plugins
L 03/17/2015 - 18:13:49: [META] dll: Updating plugins...
L 03/17/2015 - 18:13:49: [META] dll: Finished updating 12 plugins; kept 3, loaded 0, unloaded 0, reloaded 0, delayed 0
L 03/17/2015 - 18:13:49: Log file closed
