L 03/17/2015 - 18:44:27: Log file started (file "logs/L0317052.log") (game "cstrike") (version "48/1.6.3.7/Stdio/5787")
L 03/17/2015 - 18:44:27: Loading map "$2000$"
L 03/17/2015 - 18:44:27: Server cvars start
L 03/17/2015 - 18:44:27: Server cvar "_tutor_bomb_viewable_check_interval" = "0.5"
L 03/17/2015 - 18:44:27: Server cvar "_tutor_debug_level" = "0"
L 03/17/2015 - 18:44:27: Server cvar "_tutor_examine_time" = "0.5"
L 03/17/2015 - 18:44:27: Server cvar "_tutor_hint_interval_time" = "10.0"
L 03/17/2015 - 18:44:27: Server cvar "_tutor_look_angle" = "10"
L 03/17/2015 - 18:44:27: Server cvar "_tutor_look_distance" = "200"
L 03/17/2015 - 18:44:27: Server cvar "_tutor_message_character_display_time_coefficient" = "0.07"
L 03/17/2015 - 18:44:27: Server cvar "_tutor_message_minimum_display_time" = "1"
L 03/17/2015 - 18:44:27: Server cvar "_tutor_message_repeats" = "5"
L 03/17/2015 - 18:44:27: Server cvar "_tutor_view_distance" = "1000"
L 03/17/2015 - 18:44:27: Server cvar "aesp_version" = "1.5b_mini"
L 03/17/2015 - 18:44:27: Server cvar "allow_spectators" = "4"
L 03/17/2015 - 18:44:27: Server cvar "amx_client_languages" = "0"
L 03/17/2015 - 18:44:27: Server cvar "amx_contactinfo" = "ICQ: 691322983"
L 03/17/2015 - 18:44:27: Server cvar "amx_language" = "ru"
L 03/17/2015 - 18:44:27: Server cvar "amx_nextmap" = "de_inferno_2x2"
L 03/17/2015 - 18:44:27: Server cvar "amx_timeleft" = "15:04"
L 03/17/2015 - 18:44:27: Server cvar "amxbans_ssversion" = "Gm 1.6"
L 03/17/2015 - 18:44:27: Server cvar "amxbans_version" = "Gm 1.6"
L 03/17/2015 - 18:44:27: Server cvar "amxmodx_version" = "1.8.1.3746"
L 03/17/2015 - 18:44:27: Server cvar "Colored Translit Cheat" = "Loaded"
L 03/17/2015 - 18:44:27: Server cvar "Colored Translit Config" = "Loaded"
L 03/17/2015 - 18:44:27: Server cvar "Colored Translit Ignores" = "Loaded"
L 03/17/2015 - 18:44:27: Server cvar "Colored Translit Replace" = "Failed"
L 03/17/2015 - 18:44:27: Server cvar "Colored Translit Spam" = "Loaded"
L 03/17/2015 - 18:44:27: Server cvar "Colored Translit Status" = "Loaded"
L 03/17/2015 - 18:44:27: Server cvar "Colored Translit Swear" = "Loaded"
L 03/17/2015 - 18:44:27: Server cvar "Colored Translit Version" = "2.0b Final"
L 03/17/2015 - 18:44:27: Server cvar "coop" = "0"
L 03/17/2015 - 18:44:27: Server cvar "deathmatch" = "1"
L 03/17/2015 - 18:44:27: Server cvar "decalfrequency" = "9"
L 03/17/2015 - 18:44:27: Server cvar "dp_version" = "0.9.391"
L 03/17/2015 - 18:44:27: Server cvar "edgefriction" = "2"
L 03/17/2015 - 18:44:27: Server cvar "hostage_debug" = "0"
L 03/17/2015 - 18:44:27: Server cvar "hostage_stop" = "0"
L 03/17/2015 - 18:44:27: Server cvar "humans_join_team" = "any"
L 03/17/2015 - 18:44:27: Server cvar "jtp10181" = "chute"
L 03/17/2015 - 18:44:27: Server cvar "max_queries_sec" = "3.0"
L 03/17/2015 - 18:44:27: Server cvar "max_queries_sec_global" = "30"
L 03/17/2015 - 18:44:27: Server cvar "max_queries_window" = "60"
L 03/17/2015 - 18:44:27: Server cvar "metamod_version" = "1.19"
L 03/17/2015 - 18:44:27: Server cvar "mp_allowmonsters" = "0"
L 03/17/2015 - 18:44:27: Server cvar "mp_autokick" = "1"
L 03/17/2015 - 18:44:27: Server cvar "mp_autoteambalance" = "1"
L 03/17/2015 - 18:44:27: Server cvar "mp_buytime" = "1.5"
L 03/17/2015 - 18:44:27: Server cvar "mp_c4timer" = "35"
L 03/17/2015 - 18:44:27: Server cvar "mp_chattime" = "1"
L 03/17/2015 - 18:44:27: Server cvar "mp_consistency" = "1"
L 03/17/2015 - 18:44:27: Server cvar "mp_fadetoblack" = "0"
L 03/17/2015 - 18:44:27: Server cvar "mp_flashlight" = "1"
L 03/17/2015 - 18:44:27: Server cvar "mp_footsteps" = "1"
L 03/17/2015 - 18:44:27: Server cvar "mp_forcecamera" = "0"
L 03/17/2015 - 18:44:27: Server cvar "mp_forcechasecam" = "0"
L 03/17/2015 - 18:44:27: Server cvar "mp_fragsleft" = "0"
L 03/17/2015 - 18:44:27: Server cvar "mp_freezetime" = "5"
L 03/17/2015 - 18:44:27: Server cvar "mp_friendlyfire" = "0"
L 03/17/2015 - 18:44:27: Server cvar "mp_ghostfrequency" = "0.1"
L 03/17/2015 - 18:44:27: Server cvar "mp_hostagepenalty" = "0"
L 03/17/2015 - 18:44:27: Server cvar "mp_kickpercent" = "0.66"
L 03/17/2015 - 18:44:27: Server cvar "mp_limitteams" = "5"
L 03/17/2015 - 18:44:27: Server cvar "mp_logdetail" = "3"
L 03/17/2015 - 18:44:27: Server cvar "mp_logfile" = "1"
L 03/17/2015 - 18:44:27: Server cvar "mp_logmessages" = "1"
L 03/17/2015 - 18:44:27: Server cvar "mp_mapvoteratio" = "0.66"
L 03/17/2015 - 18:44:27: Server cvar "mp_maxrounds" = "0"
L 03/17/2015 - 18:44:27: Server cvar "mp_mirrordamage" = "0"
L 03/17/2015 - 18:44:27: Server cvar "mp_playerid" = "0"
L 03/17/2015 - 18:44:27: Server cvar "mp_roundtime" = "2.57"
L 03/17/2015 - 18:44:27: Server cvar "mp_startmoney" = "800"
L 03/17/2015 - 18:44:27: Server cvar "mp_timeleft" = "0"
L 03/17/2015 - 18:44:27: Server cvar "mp_timelimit" = "30.000000"
L 03/17/2015 - 18:44:27: Server cvar "mp_tkpunish" = "1"
L 03/17/2015 - 18:44:27: Server cvar "mp_windifference" = "1"
L 03/17/2015 - 18:44:27: Server cvar "mp_winlimit" = "0"
L 03/17/2015 - 18:44:27: Server cvar "pausable" = "0"
L 03/17/2015 - 18:44:27: Server cvar "sv_accelerate" = "5"
L 03/17/2015 - 18:44:27: Server cvar "sv_aim" = "0"
L 03/17/2015 - 18:44:27: Server cvar "sv_airaccelerate" = "10"
L 03/17/2015 - 18:44:27: Server cvar "sv_airmove" = "1"
L 03/17/2015 - 18:44:27: Server cvar "sv_allowupload" = "1"
L 03/17/2015 - 18:44:27: Server cvar "sv_alltalk" = "0"
L 03/17/2015 - 18:44:27: Server cvar "sv_bounce" = "1"
L 03/17/2015 - 18:44:27: Server cvar "sv_cheats" = "0"
L 03/17/2015 - 18:44:27: Server cvar "sv_clienttrace" = "1"
L 03/17/2015 - 18:44:27: Server cvar "sv_clipmode" = "0"
L 03/17/2015 - 18:44:27: Server cvar "sv_contact" = ""
L 03/17/2015 - 18:44:27: Server cvar "sv_friction" = "4"
L 03/17/2015 - 18:44:27: Server cvar "sv_gravity" = "800"
L 03/17/2015 - 18:44:27: Server cvar "sv_logblocks" = "0"
L 03/17/2015 - 18:44:27: Server cvar "sv_maxrate" = "50000"
L 03/17/2015 - 18:44:27: Server cvar "sv_maxspeed" = "900"
L 03/17/2015 - 18:44:27: Server cvar "sv_minrate" = "100000"
L 03/17/2015 - 18:44:27: Server cvar "sv_password" = ""
L 03/17/2015 - 18:44:27: Server cvar "sv_proxies" = "0"
L 03/17/2015 - 18:44:27: Server cvar "sv_region" = "255"
L 03/17/2015 - 18:44:27: Server cvar "sv_restart" = "0"
L 03/17/2015 - 18:44:27: Server cvar "sv_restartround" = "0"
L 03/17/2015 - 18:44:27: Server cvar "sv_stepsize" = "18"
L 03/17/2015 - 18:44:27: Server cvar "sv_stopspeed" = "75"
L 03/17/2015 - 18:44:27: Server cvar "sv_uploadmax" = "0.5"
L 03/17/2015 - 18:44:27: Server cvar "sv_voiceenable" = "1"
L 03/17/2015 - 18:44:27: Server cvar "sv_wateraccelerate" = "10"
L 03/17/2015 - 18:44:27: Server cvar "sv_waterfriction" = "1"
L 03/17/2015 - 18:44:27: Server cvar "vtc_version" = "80"
L 03/17/2015 - 18:44:27: Server cvars end
L 03/17/2015 - 18:44:27: Server cvar "amx_nextmap" = "awp_india"
L 03/17/2015 - 18:44:27: Server cvar "sv_restart" = "1"
L 03/17/2015 - 18:44:27: World triggered "Restart_Round_(1_second)"
L 03/17/2015 - 18:44:27: Team "CT" scored "0" with "0" players
L 03/17/2015 - 18:44:27: Team "TERRORIST" scored "0" with "0" players
L 03/17/2015 - 18:44:27: Server cvar "sv_restart" = "0"
L 03/17/2015 - 18:44:27: Started map "$2000$" (CRC "-1688392397")
L 03/17/2015 - 18:44:27: [VTC] Player 1 speex
L 03/17/2015 - 18:44:32: World triggered "Round_Start"
L 03/17/2015 - 18:45:13: [DPROTO]: Client 0 - Set AuthIdType 3 [dp_RevEmu]; pClient = 0xb39d7f08
L 03/17/2015 - 18:45:13: "[Hard_Skill]_Extazy<34><STEAM_0:4:397277401><>" connected, address "10.19.7.134:27005"
L 03/17/2015 - 18:45:13: [VTC] Player 1 speex
L 03/17/2015 - 18:45:26: "[Hard_Skill]_Extazy<34><STEAM_0:4:397277401><>" entered the game
L 03/17/2015 - 18:45:34: [DPROTO]: Client 1 - Set AuthIdType 3 [dp_RevEmu]; pClient = 0xb39dcdfc
L 03/17/2015 - 18:45:34: "ANGELuHA<35><STEAM_0:4:1403834117><>" connected, address "178.124.5.14:27005"
L 03/17/2015 - 18:45:36: "[Hard_Skill]_Extazy<34><STEAM_0:4:397277401><>" joined team "CT"
L 03/17/2015 - 18:45:40: [DPROTO]: Client 1 - Set AuthIdType 3 [dp_RevEmu]; pClient = 0xb39dcdfc
L 03/17/2015 - 18:45:40: "ANGELuHA<36><STEAM_0:4:1403834117><>" connected, address "178.124.5.14:27005"
L 03/17/2015 - 18:45:41: [VTC] Player 2 speex
L 03/17/2015 - 18:45:41: Kick: "ANGELuHA<36><STEAM_0:4:1403834117><>" was kicked by "Console" (message " Вы не имеете права входа на этот сервер...")
L 03/17/2015 - 18:47:12: [DPROTO]: Client 1 - Set AuthIdType 3 [dp_RevEmu]; pClient = 0xb39dcdfc
L 03/17/2015 - 18:47:12: "ANGELuHA<37><STEAM_0:4:1403834117><>" connected, address "178.124.5.14:27005"
L 03/17/2015 - 18:47:12: [VTC] Player 2 speex
L 03/17/2015 - 18:47:12: Kick: "ANGELuHA<37><STEAM_0:4:1403834117><>" was kicked by "Console" (message " Вы не имеете права входа на этот сервер...")
L 03/17/2015 - 18:47:14: [DPROTO]: Client 2 - Set AuthIdType 3 [dp_RevEmu]; pClient = 0xb39e1cf0
L 03/17/2015 - 18:47:14: "[Play_By_Ear]_Calm kettle<38><STEAM_0:4:1996475653><>" connected, address "178.120.163.68:27812"
L 03/17/2015 - 18:47:14: [DPROTO]: Client 1 - Set AuthIdType 3 [dp_RevEmu]; pClient = 0xb39dcdfc
L 03/17/2015 - 18:47:14: "ANGELuHA<39><STEAM_0:4:1403834117><>" connected, address "178.124.5.14:27005"
L 03/17/2015 - 18:47:15: [VTC] Player 2 speex
L 03/17/2015 - 18:47:15: Kick: "ANGELuHA<39><STEAM_0:4:1403834117><>" was kicked by "Console" (message " Вы не имеете права входа на этот сервер...")
L 03/17/2015 - 18:47:16: "[Play_By_Ear]_Calm kettle<38><STEAM_0:4:1996475653><>" entered the game
L 03/17/2015 - 18:47:19: "[Play_By_Ear]_Calm kettle<38><STEAM_0:4:1996475653><>" joined team "TERRORIST"
L 03/17/2015 - 18:47:19: World triggered "Game_Commencing"
L 03/17/2015 - 18:47:19: World triggered "Game_Commencing" (CT "0") (T "0")
L 03/17/2015 - 18:47:19: World triggered "Round_End"
L 03/17/2015 - 18:47:20: "[Play_By_Ear]_Calm kettle<38><STEAM_0:4:1996475653><TERRORIST>" attacked "[Hard_Skill]_Extazy<34><STEAM_0:4:397277401><CT>" with "glock18" (damage "15") (damage_armor "6") (health "81") (armor "91")
L 03/17/2015 - 18:47:20: "[Play_By_Ear]_Calm kettle<38><STEAM_0:4:1996475653><TERRORIST>" attacked "[Hard_Skill]_Extazy<34><STEAM_0:4:397277401><CT>" with "glock18" (damage "11") (damage_armor "6") (health "70") (armor "85")
L 03/17/2015 - 18:47:21: [DPROTO]: Client 1 - Set AuthIdType 3 [dp_RevEmu]; pClient = 0xb39dcdfc
L 03/17/2015 - 18:47:21: "ANGELuHA<40><STEAM_0:4:1403834117><>" connected, address "178.124.5.14:27005"
L 03/17/2015 - 18:47:21: "[Play_By_Ear]_Calm kettle<38><STEAM_0:4:1996475653><TERRORIST>" attacked "[Hard_Skill]_Extazy<34><STEAM_0:4:397277401><CT>" with "glock18" (damage "11") (damage_armor "5") (health "59") (armor "80")
L 03/17/2015 - 18:47:21: [VTC] Player 2 speex
L 03/17/2015 - 18:47:21: Kick: "ANGELuHA<40><STEAM_0:4:1403834117><>" was kicked by "Console" (message " Вы не имеете права входа на этот сервер...")
L 03/17/2015 - 18:47:21: "[Play_By_Ear]_Calm kettle<38><STEAM_0:4:1996475653><TERRORIST>" attacked "[Hard_Skill]_Extazy<34><STEAM_0:4:397277401><CT>" with "glock18" (damage "11") (damage_armor "5") (health "48") (armor "75")
L 03/17/2015 - 18:47:21: "[Play_By_Ear]_Calm kettle<38><STEAM_0:4:1996475653><TERRORIST>" attacked "[Hard_Skill]_Extazy<34><STEAM_0:4:397277401><CT>" with "glock18" (damage "14") (damage_armor "7") (health "34") (armor "68")
L 03/17/2015 - 18:47:21: "[Play_By_Ear]_Calm kettle<38><STEAM_0:4:1996475653><TERRORIST>" attacked "[Hard_Skill]_Extazy<34><STEAM_0:4:397277401><CT>" with "glock18" (damage "11") (damage_armor "5") (health "23") (armor "63")
L 03/17/2015 - 18:47:21: "[Play_By_Ear]_Calm kettle<38><STEAM_0:4:1996475653><TERRORIST>" attacked "[Hard_Skill]_Extazy<34><STEAM_0:4:397277401><CT>" with "glock18" (damage "11") (damage_armor "5") (health "12") (armor "58")
L 03/17/2015 - 18:47:22: "[Play_By_Ear]_Calm kettle<38><STEAM_0:4:1996475653><TERRORIST>" attacked "[Hard_Skill]_Extazy<34><STEAM_0:4:397277401><CT>" with "glock18" (damage "14") (damage_armor "7") (health "-2") (armor "51")
L 03/17/2015 - 18:47:22: "[Play_By_Ear]_Calm kettle<38><STEAM_0:4:1996475653><TERRORIST>" killed "[Hard_Skill]_Extazy<34><STEAM_0:4:397277401><CT>" with "glock18"
L 03/17/2015 - 18:47:27: World triggered "Round_Start"
L 03/17/2015 - 18:47:35: "[Hard_Skill]_Extazy<34><STEAM_0:4:397277401><CT>" attacked "[Play_By_Ear]_Calm kettle<38><STEAM_0:4:1996475653><TERRORIST>" with "ak47" (damage "16") (damage_armor "0") (health "84") (armor "0")
L 03/17/2015 - 18:47:39: "[Hard_Skill]_Extazy<34><STEAM_0:4:397277401><CT>" attacked "[Play_By_Ear]_Calm kettle<38><STEAM_0:4:1996475653><TERRORIST>" with "ak47" (damage "34") (damage_armor "0") (health "50") (armor "0")
L 03/17/2015 - 18:47:41: "[Play_By_Ear]_Calm kettle<38><STEAM_0:4:1996475653><TERRORIST>" attacked "[Hard_Skill]_Extazy<34><STEAM_0:4:397277401><CT>" with "ak47" (damage "26") (damage_armor "4") (health "74") (armor "96")
L 03/17/2015 - 18:47:41: "[Hard_Skill]_Extazy<34><STEAM_0:4:397277401><CT>" attacked "[Play_By_Ear]_Calm kettle<38><STEAM_0:4:1996475653><TERRORIST>" with "ak47" (damage "136") (damage_armor "0") (health "-86") (armor "0")
L 03/17/2015 - 18:47:41: "[Hard_Skill]_Extazy<34><STEAM_0:4:397277401><CT>" killed "[Play_By_Ear]_Calm kettle<38><STEAM_0:4:1996475653><TERRORIST>" with "ak47"
L 03/17/2015 - 18:47:41: Team "CT" triggered "CTs_Win" (CT "1") (T "0")
L 03/17/2015 - 18:47:41: World triggered "Round_End"
L 03/17/2015 - 18:47:51: World triggered "Round_Start"
L 03/17/2015 - 18:48:04: "[Play_By_Ear]_Calm kettle<38><STEAM_0:4:1996475653><TERRORIST>" attacked "[Hard_Skill]_Extazy<34><STEAM_0:4:397277401><CT>" with "ak47" (damage "26") (damage_armor "4") (health "74") (armor "96")
L 03/17/2015 - 18:48:06: "[Hard_Skill]_Extazy<34><STEAM_0:4:397277401><CT>" attacked "[Play_By_Ear]_Calm kettle<38><STEAM_0:4:1996475653><TERRORIST>" with "awp" (damage "111") (damage_armor "0") (health "-11") (armor "0")
L 03/17/2015 - 18:48:06: "[Hard_Skill]_Extazy<34><STEAM_0:4:397277401><CT>" killed "[Play_By_Ear]_Calm kettle<38><STEAM_0:4:1996475653><TERRORIST>" with "awp"
L 03/17/2015 - 18:48:06: Team "CT" triggered "CTs_Win" (CT "2") (T "0")
L 03/17/2015 - 18:48:06: World triggered "Round_End"
L 03/17/2015 - 18:48:11: "[Play_By_Ear]_Calm kettle<38><STEAM_0:4:1996475653><TERRORIST>" triggered "weaponstats" (weapon "glock18") (shots "12") (hits "8") (kills "1") (headshots "0") (tks "0") (damage "98") (deaths "0")
L 03/17/2015 - 18:48:11: "[Play_By_Ear]_Calm kettle<38><STEAM_0:4:1996475653><TERRORIST>" triggered "weaponstats2" (weapon "glock18") (head "0") (chest "4") (stomach "3") (leftarm "0") (rightarm "1") (leftleg "0") (rightleg "0")
L 03/17/2015 - 18:48:11: "[Play_By_Ear]_Calm kettle<38><STEAM_0:4:1996475653><TERRORIST>" triggered "weaponstats" (weapon "awp") (shots "2") (hits "0") (kills "0") (headshots "0") (tks "0") (damage "0") (deaths "0")
L 03/17/2015 - 18:48:11: "[Play_By_Ear]_Calm kettle<38><STEAM_0:4:1996475653><TERRORIST>" triggered "weaponstats2" (weapon "awp") (head "0") (chest "0") (stomach "0") (leftarm "0") (rightarm "0") (leftleg "0") (rightleg "0")
L 03/17/2015 - 18:48:11: "[Play_By_Ear]_Calm kettle<38><STEAM_0:4:1996475653><TERRORIST>" triggered "weaponstats" (weapon "ak47") (shots "14") (hits "2") (kills "0") (headshots "0") (tks "0") (damage "52") (deaths "2")
L 03/17/2015 - 18:48:11: "[Play_By_Ear]_Calm kettle<38><STEAM_0:4:1996475653><TERRORIST>" triggered "weaponstats2" (weapon "ak47") (head "0") (chest "0") (stomach "0") (leftarm "2") (rightarm "0") (leftleg "0") (rightleg "0")
L 03/17/2015 - 18:48:11: "[Play_By_Ear]_Calm kettle<38><STEAM_0:4:1996475653><TERRORIST>" triggered "time" (time "0:55")
L 03/17/2015 - 18:48:11: "[Play_By_Ear]_Calm kettle<38><STEAM_0:4:1996475653><TERRORIST>" triggered "latency" (ping "29")
L 03/17/2015 - 18:48:11: "[Play_By_Ear]_Calm kettle<38><STEAM_0:4:1996475653><TERRORIST>" disconnected
L 03/17/2015 - 18:48:16: World triggered "Round_Start"
L 03/17/2015 - 18:48:27: [DPROTO]: Client 1 - Set AuthIdType 3 [dp_RevEmu]; pClient = 0xb39dcdfc
L 03/17/2015 - 18:48:27: "HIRURG<41><STEAM_0:4:753913093><>" connected, address "178.120.131.240:17808"
L 03/17/2015 - 18:48:27: [VTC] Player 2 speex
L 03/17/2015 - 18:48:46: "HIRURG<41><STEAM_0:4:753913093><>" entered the game
L 03/17/2015 - 18:48:54: "HIRURG<41><STEAM_0:4:753913093><>" joined team "TERRORIST"
L 03/17/2015 - 18:48:54: World triggered "Game_Commencing"
L 03/17/2015 - 18:48:54: World triggered "Game_Commencing" (CT "2") (T "0")
L 03/17/2015 - 18:48:54: World triggered "Round_End"
L 03/17/2015 - 18:49:02: World triggered "Round_Start"
L 03/17/2015 - 18:49:12: "HIRURG<41><STEAM_0:4:753913093><TERRORIST>" attacked "[Hard_Skill]_Extazy<34><STEAM_0:4:397277401><CT>" with "m4a1" (damage "21") (damage_armor "5") (health "79") (armor "95")
L 03/17/2015 - 18:49:12: "HIRURG<41><STEAM_0:4:753913093><TERRORIST>" attacked "[Hard_Skill]_Extazy<34><STEAM_0:4:397277401><CT>" with "m4a1" (damage "9") (damage_armor "2") (health "70") (armor "93")
L 03/17/2015 - 18:49:23: "HIRURG<41><STEAM_0:4:753913093><TERRORIST>" attacked "[Hard_Skill]_Extazy<34><STEAM_0:4:397277401><CT>" with "m4a1" (damage "21") (damage_armor "5") (health "49") (armor "88")
L 03/17/2015 - 18:49:23: "HIRURG<41><STEAM_0:4:753913093><TERRORIST>" attacked "[Hard_Skill]_Extazy<34><STEAM_0:4:397277401><CT>" with "m4a1" (damage "84") (damage_armor "18") (health "-35") (armor "70")
L 03/17/2015 - 18:49:23: "HIRURG<41><STEAM_0:4:753913093><TERRORIST>" killed "[Hard_Skill]_Extazy<34><STEAM_0:4:397277401><CT>" with "m4a1"
L 03/17/2015 - 18:49:23: Team "TERRORIST" triggered "Terrorists_Win" (CT "0") (T "1")
L 03/17/2015 - 18:49:23: World triggered "Round_End"
L 03/17/2015 - 18:49:25: [DPROTO]: Client 2 - Set AuthIdType 3 [dp_RevEmu]; pClient = 0xb39e1cf0
L 03/17/2015 - 18:49:25: "ANGELuHA<42><STEAM_0:4:1403834117><>" connected, address "178.124.5.14:27005"
L 03/17/2015 - 18:49:25: [VTC] Player 3 speex
L 03/17/2015 - 18:49:29: "ANGELuHA<42><STEAM_0:4:1403834117><>" entered the game
L 03/17/2015 - 18:49:33: World triggered "Round_Start"
L 03/17/2015 - 18:49:34: "ANGELuHA<42><STEAM_0:4:1403834117><>" joined team "TERRORIST"
L 03/17/2015 - 18:49:45: "[Hard_Skill]_Extazy<34><STEAM_0:4:397277401><CT>" attacked "ANGELuHA<42><STEAM_0:4:1403834117><TERRORIST>" with "m4a1" (damage "21") (damage_armor "5") (health "79") (armor "95")
L 03/17/2015 - 18:49:45: "ANGELuHA<42><STEAM_0:4:1403834117><TERRORIST>" attacked "[Hard_Skill]_Extazy<34><STEAM_0:4:397277401><CT>" with "mp5navy" (damage "14") (damage_armor "0") (health "86") (armor "100")
L 03/17/2015 - 18:49:51: "[Hard_Skill]_Extazy<34><STEAM_0:4:397277401><CT>" attacked "ANGELuHA<42><STEAM_0:4:1403834117><TERRORIST>" with "deagle" (damage "102") (damage_armor "17") (health "-23") (armor "78")
L 03/17/2015 - 18:49:51: "[Hard_Skill]_Extazy<34><STEAM_0:4:397277401><CT>" killed "ANGELuHA<42><STEAM_0:4:1403834117><TERRORIST>" with "deagle"
L 03/17/2015 - 18:49:54: "HIRURG<41><STEAM_0:4:753913093><TERRORIST>" attacked "[Hard_Skill]_Extazy<34><STEAM_0:4:397277401><CT>" with "m4a1" (damage "20") (damage_armor "5") (health "47") (armor "85")
L 03/17/2015 - 18:49:54: "HIRURG<41><STEAM_0:4:753913093><TERRORIST>" attacked "[Hard_Skill]_Extazy<34><STEAM_0:4:397277401><CT>" with "m4a1" (damage "81") (damage_armor "17") (health "-34") (armor "68")
L 03/17/2015 - 18:49:54: "HIRURG<41><STEAM_0:4:753913093><TERRORIST>" killed "[Hard_Skill]_Extazy<34><STEAM_0:4:397277401><CT>" with "m4a1"
L 03/17/2015 - 18:49:54: Team "TERRORIST" triggered "Terrorists_Win" (CT "0") (T "2")
L 03/17/2015 - 18:49:54: World triggered "Round_End"
L 03/17/2015 - 18:50:04: World triggered "Round_Start"
L 03/17/2015 - 18:50:37: "[Hard_Skill]_Extazy<34><STEAM_0:4:397277401><CT>" attacked "ANGELuHA<42><STEAM_0:4:1403834117><TERRORIST>" with "ak47" (damage "26") (damage_armor "4") (health "74") (armor "96")
L 03/17/2015 - 18:50:37: "ANGELuHA<42><STEAM_0:4:1403834117><TERRORIST>" attacked "[Hard_Skill]_Extazy<34><STEAM_0:4:397277401><CT>" with "deagle" (damage "28") (damage_armor "0") (health "53") (armor "90")
L 03/17/2015 - 18:50:37: "[Hard_Skill]_Extazy<34><STEAM_0:4:397277401><CT>" attacked "ANGELuHA<42><STEAM_0:4:1403834117><TERRORIST>" with "ak47" (damage "26") (damage_armor "4") (health "48") (armor "92")
L 03/17/2015 - 18:50:44: "ANGELuHA<42><STEAM_0:4:1403834117><TERRORIST>" attacked "[Hard_Skill]_Extazy<34><STEAM_0:4:397277401><CT>" with "mp5navy" (damage "8") (damage_armor "4") (health "45") (armor "86")
L 03/17/2015 - 18:50:44: "ANGELuHA<42><STEAM_0:4:1403834117><TERRORIST>" attacked "[Hard_Skill]_Extazy<34><STEAM_0:4:397277401><CT>" with "mp5navy" (damage "8") (damage_armor "5") (health "37") (armor "81")
L 03/17/2015 - 18:50:44: "ANGELuHA<42><STEAM_0:4:1403834117><TERRORIST>" attacked "[Hard_Skill]_Extazy<34><STEAM_0:4:397277401><CT>" with "mp5navy" (damage "10") (damage_armor "5") (health "27") (armor "76")
L 03/17/2015 - 18:50:44: "ANGELuHA<42><STEAM_0:4:1403834117><TERRORIST>" attacked "[Hard_Skill]_Extazy<34><STEAM_0:4:397277401><CT>" with "mp5navy" (damage "10") (damage_armor "5") (health "17") (armor "71")
L 03/17/2015 - 18:50:44: "[Hard_Skill]_Extazy<34><STEAM_0:4:397277401><CT>" attacked "ANGELuHA<42><STEAM_0:4:1403834117><TERRORIST>" with "ak47" (damage "105") (damage_armor "15") (health "-57") (armor "77")
L 03/17/2015 - 18:50:44: "[Hard_Skill]_Extazy<34><STEAM_0:4:397277401><CT>" killed "ANGELuHA<42><STEAM_0:4:1403834117><TERRORIST>" with "ak47"
L 03/17/2015 - 18:50:47: "[Hard_Skill]_Extazy<34><STEAM_0:4:397277401><CT>" attacked "HIRURG<41><STEAM_0:4:753913093><TERRORIST>" with "ak47" (damage "15") (damage_armor "3") (health "85") (armor "97")
L 03/17/2015 - 18:50:47: "HIRURG<41><STEAM_0:4:753913093><TERRORIST>" attacked "[Hard_Skill]_Extazy<34><STEAM_0:4:397277401><CT>" with "m4a1" (damage "20") (damage_armor "5") (health "-3") (armor "66")
L 03/17/2015 - 18:50:47: "HIRURG<41><STEAM_0:4:753913093><TERRORIST>" killed "[Hard_Skill]_Extazy<34><STEAM_0:4:397277401><CT>" with "m4a1"
L 03/17/2015 - 18:50:47: Team "TERRORIST" triggered "Terrorists_Win" (CT "0") (T "3")
L 03/17/2015 - 18:50:47: World triggered "Round_End"
L 03/17/2015 - 18:50:50: [DPROTO]: Client 3 - Set AuthIdType 3 [dp_RevEmu]; pClient = 0xb39e6be4
L 03/17/2015 - 18:50:50: "3JlOu_XJlE6yWEK<43><STEAM_0:4:236559182><>" connected, address "37.212.111.181:30154"
L 03/17/2015 - 18:50:50: [VTC] Player 4 speex
L 03/17/2015 - 18:50:54: "3JlOu_XJlE6yWEK<43><STEAM_0:4:236559182><>" entered the game
L 03/17/2015 - 18:50:57: World triggered "Round_Start"
L 03/17/2015 - 18:50:58: "3JlOu_XJlE6yWEK<43><STEAM_0:4:236559182><>" joined team "CT"
L 03/17/2015 - 18:51:02: "ANGELuHA<42><STEAM_0:4:1403834117><TERRORIST>" attacked "[Hard_Skill]_Extazy<34><STEAM_0:4:397277401><CT>" with "ak47" (damage "26") (damage_armor "4") (health "74") (armor "96")
L 03/17/2015 - 18:51:04: "3JlOu_XJlE6yWEK<43><STEAM_0:4:236559182><CT>" attacked "HIRURG<41><STEAM_0:4:753913093><TERRORIST>" with "m4a1" (damage "21") (damage_armor "4") (health "79") (armor "93")
L 03/17/2015 - 18:51:04: "3JlOu_XJlE6yWEK<43><STEAM_0:4:236559182><CT>" attacked "HIRURG<41><STEAM_0:4:753913093><TERRORIST>" with "m4a1" (damage "124") (damage_armor "0") (health "-45") (armor "93")
L 03/17/2015 - 18:51:04: "3JlOu_XJlE6yWEK<43><STEAM_0:4:236559182><CT>" killed "HIRURG<41><STEAM_0:4:753913093><TERRORIST>" with "m4a1"
L 03/17/2015 - 18:51:05: "[Hard_Skill]_Extazy<34><STEAM_0:4:397277401><CT>" attacked "ANGELuHA<42><STEAM_0:4:1403834117><TERRORIST>" with "m4a1" (damage "20") (damage_armor "5") (health "80") (armor "95")
L 03/17/2015 - 18:51:11: "3JlOu_XJlE6yWEK<43><STEAM_0:4:236559182><CT>" attacked "ANGELuHA<42><STEAM_0:4:1403834117><TERRORIST>" with "m4a1" (damage "20") (damage_armor "4") (health "60") (armor "91")
L 03/17/2015 - 18:51:12: "3JlOu_XJlE6yWEK<43><STEAM_0:4:236559182><CT>" attacked "ANGELuHA<42><STEAM_0:4:1403834117><TERRORIST>" with "m4a1" (damage "25") (damage_armor "6") (health "35") (armor "85")
L 03/17/2015 - 18:51:12: "ANGELuHA<42><STEAM_0:4:1403834117><TERRORIST>" attacked "3JlOu_XJlE6yWEK<43><STEAM_0:4:236559182><CT>" with "ak47" (damage "34") (damage_armor "0") (health "19") (armor "0")
L 03/17/2015 - 18:51:12: "3JlOu_XJlE6yWEK<43><STEAM_0:4:236559182><CT>" attacked "ANGELuHA<42><STEAM_0:4:1403834117><TERRORIST>" with "m4a1" (damage "20") (damage_armor "4") (health "15") (armor "81")
L 03/17/2015 - 18:51:13: "3JlOu_XJlE6yWEK<43><STEAM_0:4:236559182><CT>" attacked "ANGELuHA<42><STEAM_0:4:1403834117><TERRORIST>" with "m4a1" (damage "20") (damage_armor "4") (health "-5") (armor "77")
L 03/17/2015 - 18:51:13: "3JlOu_XJlE6yWEK<43><STEAM_0:4:236559182><CT>" killed "ANGELuHA<42><STEAM_0:4:1403834117><TERRORIST>" with "m4a1"
L 03/17/2015 - 18:51:13: Team "CT" triggered "CTs_Win" (CT "1") (T "3")
L 03/17/2015 - 18:51:13: World triggered "Round_End"
L 03/17/2015 - 18:51:23: World triggered "Round_Start"
L 03/17/2015 - 18:51:33: "3JlOu_XJlE6yWEK<43><STEAM_0:4:236559182><CT>" attacked "ANGELuHA<42><STEAM_0:4:1403834117><TERRORIST>" with "m4a1" (damage "12") (damage_armor "3") (health "88") (armor "97")
L 03/17/2015 - 18:51:34: "ANGELuHA<42><STEAM_0:4:1403834117><TERRORIST>" attacked "3JlOu_XJlE6yWEK<43><STEAM_0:4:236559182><CT>" with "aug" (damage "13") (damage_armor "0") (health "87") (armor "0")
L 03/17/2015 - 18:51:34: "ANGELuHA<42><STEAM_0:4:1403834117><TERRORIST>" attacked "3JlOu_XJlE6yWEK<43><STEAM_0:4:236559182><CT>" with "aug" (damage "13") (damage_armor "0") (health "74") (armor "0")
L 03/17/2015 - 18:51:34: "ANGELuHA<42><STEAM_0:4:1403834117><TERRORIST>" attacked "3JlOu_XJlE6yWEK<43><STEAM_0:4:236559182><CT>" with "aug" (damage "9") (damage_armor "0") (health "65") (armor "0")
L 03/17/2015 - 18:51:35: "ANGELuHA<42><STEAM_0:4:1403834117><TERRORIST>" attacked "3JlOu_XJlE6yWEK<43><STEAM_0:4:236559182><CT>" with "aug" (damage "13") (damage_armor "0") (health "52") (armor "0")
L 03/17/2015 - 18:51:35: "ANGELuHA<42><STEAM_0:4:1403834117><TERRORIST>" attacked "3JlOu_XJlE6yWEK<43><STEAM_0:4:236559182><CT>" with "aug" (damage "13") (damage_armor "0") (health "39") (armor "0")
L 03/17/2015 - 18:51:35: "ANGELuHA<42><STEAM_0:4:1403834117><TERRORIST>" attacked "3JlOu_XJlE6yWEK<43><STEAM_0:4:236559182><CT>" with "aug" (damage "112") (damage_armor "0") (health "-73") (armor "0")
L 03/17/2015 - 18:51:35: "ANGELuHA<42><STEAM_0:4:1403834117><TERRORIST>" killed "3JlOu_XJlE6yWEK<43><STEAM_0:4:236559182><CT>" with "aug"
L 03/17/2015 - 18:51:48: "[Hard_Skill]_Extazy<34><STEAM_0:4:397277401><CT>" attacked "ANGELuHA<42><STEAM_0:4:1403834117><TERRORIST>" with "ak47" (damage "105") (damage_armor "15") (health "-17") (armor "82")
L 03/17/2015 - 18:51:48: "[Hard_Skill]_Extazy<34><STEAM_0:4:397277401><CT>" killed "ANGELuHA<42><STEAM_0:4:1403834117><TERRORIST>" with "ak47"
L 03/17/2015 - 18:51:55: "HIRURG<41><STEAM_0:4:753913093><TERRORIST>" attacked "[Hard_Skill]_Extazy<34><STEAM_0:4:397277401><CT>" with "m4a1" (damage "26") (damage_armor "6") (health "74") (armor "94")
L 03/17/2015 - 18:51:58: "[Hard_Skill]_Extazy<34><STEAM_0:4:397277401><CT>" attacked "HIRURG<41><STEAM_0:4:753913093><TERRORIST>" with "ak47" (damage "15") (damage_armor "3") (health "85") (armor "97")
L 03/17/2015 - 18:51:58: "[Hard_Skill]_Extazy<34><STEAM_0:4:397277401><CT>" attacked "HIRURG<41><STEAM_0:4:753913093><TERRORIST>" with "ak47" (damage "12") (damage_armor "2") (health "73") (armor "95")
L 03/17/2015 - 18:52:03: [DPROTO]: Client 4 - Set AuthIdType 3 [dp_RevEmu]; pClient = 0xb39ebad8
L 03/17/2015 - 18:52:03: "400kg<44><STEAM_0:4:446188933><>" connected, address "178.121.108.156:23645"
L 03/17/2015 - 18:52:03: [VTC] Player 5 speex
L 03/17/2015 - 18:52:07: "HIRURG<41><STEAM_0:4:753913093><TERRORIST>" attacked "[Hard_Skill]_Extazy<34><STEAM_0:4:397277401><CT>" with "m4a1" (damage "21") (damage_armor "5") (health "37") (armor "81")
L 03/17/2015 - 18:52:07: "HIRURG<41><STEAM_0:4:753913093><TERRORIST>" attacked "[Hard_Skill]_Extazy<34><STEAM_0:4:397277401><CT>" with "m4a1" (damage "22") (damage_armor "0") (health "15") (armor "81")
L 03/17/2015 - 18:52:07: "[Hard_Skill]_Extazy<34><STEAM_0:4:397277401><CT>" attacked "HIRURG<41><STEAM_0:4:753913093><TERRORIST>" with "ak47" (damage "12") (damage_armor "1") (health "61") (armor "94")
L 03/17/2015 - 18:52:07: "400kg<44><STEAM_0:4:446188933><>" entered the game
L 03/17/2015 - 18:52:10: "400kg<44><STEAM_0:4:446188933><>" joined team "CT"
L 03/17/2015 - 18:52:26: "HIRURG<41><STEAM_0:4:753913093><TERRORIST>" attacked "[Hard_Skill]_Extazy<34><STEAM_0:4:397277401><CT>" with "m4a1" (damage "19") (damage_armor "4") (health "-6") (armor "76")
L 03/17/2015 - 18:52:26: "HIRURG<41><STEAM_0:4:753913093><TERRORIST>" killed "[Hard_Skill]_Extazy<34><STEAM_0:4:397277401><CT>" with "m4a1"
L 03/17/2015 - 18:52:26: Team "TERRORIST" triggered "Terrorists_Win" (CT "1") (T "4")
L 03/17/2015 - 18:52:26: World triggered "Round_End"
L 03/17/2015 - 18:52:36: World triggered "Round_Start"
L 03/17/2015 - 18:52:42: "[Hard_Skill]_Extazy<34><STEAM_0:4:397277401><CT>" attacked "ANGELuHA<42><STEAM_0:4:1403834117><TERRORIST>" with "ak47" (damage "102") (damage_armor "15") (health "-2") (armor "85")
L 03/17/2015 - 18:52:42: "[Hard_Skill]_Extazy<34><STEAM_0:4:397277401><CT>" killed "ANGELuHA<42><STEAM_0:4:1403834117><TERRORIST>" with "ak47"
L 03/17/2015 - 18:52:44: "HIRURG<41><STEAM_0:4:753913093><TERRORIST>" attacked "[Hard_Skill]_Extazy<34><STEAM_0:4:397277401><CT>" with "m4a1" (damage "25") (damage_armor "6") (health "75") (armor "94")
L 03/17/2015 - 18:52:45: "HIRURG<41><STEAM_0:4:753913093><TERRORIST>" attacked "400kg<44><STEAM_0:4:446188933><CT>" with "m4a1" (damage "21") (damage_armor "0") (health "72") (armor "0")
L 03/17/2015 - 18:52:45: "400kg<44><STEAM_0:4:446188933><CT>" attacked "HIRURG<41><STEAM_0:4:753913093><TERRORIST>" with "ak47" (damage "26") (damage_armor "4") (health "74") (armor "90")
L 03/17/2015 - 18:52:46: "400kg<44><STEAM_0:4:446188933><CT>" attacked "HIRURG<41><STEAM_0:4:753913093><TERRORIST>" with "ak47" (damage "32") (damage_armor "5") (health "42") (armor "85")
L 03/17/2015 - 18:52:46: "HIRURG<41><STEAM_0:4:753913093><TERRORIST>" attacked "400kg<44><STEAM_0:4:446188933><CT>" with "m4a1" (damage "112") (damage_armor "0") (health "-40") (armor "0")
L 03/17/2015 - 18:52:46: "HIRURG<41><STEAM_0:4:753913093><TERRORIST>" killed "400kg<44><STEAM_0:4:446188933><CT>" with "m4a1"
L 03/17/2015 - 18:52:48: "400kg<44><STEAM_0:4:446188933><CT>" triggered "weaponstats" (weapon "ak47") (shots "4") (hits "2") (kills "0") (headshots "0") (tks "0") (damage "58") (deaths "1")
L 03/17/2015 - 18:52:48: "400kg<44><STEAM_0:4:446188933><CT>" triggered "weaponstats2" (weapon "ak47") (head "0") (chest "0") (stomach "1") (leftarm "1") (rightarm "0") (leftleg "0") (rightleg "0")
L 03/17/2015 - 18:52:48: "400kg<44><STEAM_0:4:446188933><CT>" triggered "weaponstats" (weapon "knife") (shots "1") (hits "0") (kills "0") (headshots "0") (tks "0") (damage "0") (deaths "0")
L 03/17/2015 - 18:52:48: "400kg<44><STEAM_0:4:446188933><CT>" triggered "weaponstats2" (weapon "knife") (head "0") (chest "0") (stomach "0") (leftarm "0") (rightarm "0") (leftleg "0") (rightleg "0")
L 03/17/2015 - 18:52:48: "400kg<44><STEAM_0:4:446188933><CT>" triggered "time" (time "0:40")
L 03/17/2015 - 18:52:48: "400kg<44><STEAM_0:4:446188933><CT>" triggered "latency" (ping "44")
L 03/17/2015 - 18:52:48: "400kg<44><STEAM_0:4:446188933><CT>" disconnected
L 03/17/2015 - 18:52:56: "HIRURG<41><STEAM_0:4:753913093><TERRORIST>" attacked "3JlOu_XJlE6yWEK<43><STEAM_0:4:236559182><CT>" with "m4a1" (damage "31") (damage_armor "0") (health "57") (armor "0")
L 03/17/2015 - 18:52:56: "HIRURG<41><STEAM_0:4:753913093><TERRORIST>" attacked "3JlOu_XJlE6yWEK<43><STEAM_0:4:236559182><CT>" with "m4a1" (damage "31") (damage_armor "0") (health "26") (armor "0")
L 03/17/2015 - 18:52:57: "HIRURG<41><STEAM_0:4:753913093><TERRORIST>" attacked "3JlOu_XJlE6yWEK<43><STEAM_0:4:236559182><CT>" with "m4a1" (damage "31") (damage_armor "0") (health "-5") (armor "0")
L 03/17/2015 - 18:52:57: "HIRURG<41><STEAM_0:4:753913093><TERRORIST>" killed "3JlOu_XJlE6yWEK<43><STEAM_0:4:236559182><CT>" with "m4a1"
L 03/17/2015 - 18:53:01: "HIRURG<41><STEAM_0:4:753913093><TERRORIST>" attacked "[Hard_Skill]_Extazy<34><STEAM_0:4:397277401><CT>" with "m4a1" (damage "21") (damage_armor "4") (health "-15") (armor "55")
L 03/17/2015 - 18:53:01: "HIRURG<41><STEAM_0:4:753913093><TERRORIST>" killed "[Hard_Skill]_Extazy<34><STEAM_0:4:397277401><CT>" with "m4a1"
L 03/17/2015 - 18:53:01: Team "TERRORIST" triggered "Terrorists_Win" (CT "1") (T "5")
L 03/17/2015 - 18:53:01: World triggered "Round_End"
L 03/17/2015 - 18:53:11: World triggered "Round_Start"
L 03/17/2015 - 18:53:15: "[Hard_Skill]_Extazy<34><STEAM_0:4:397277401><CT>" attacked "ANGELuHA<42><STEAM_0:4:1403834117><TERRORIST>" with "ak47" (damage "102") (damage_armor "15") (health "-2") (armor "85")
L 03/17/2015 - 18:53:15: "[Hard_Skill]_Extazy<34><STEAM_0:4:397277401><CT>" killed "ANGELuHA<42><STEAM_0:4:1403834117><TERRORIST>" with "ak47"
L 03/17/2015 - 18:53:42: "HIRURG<41><STEAM_0:4:753913093><TERRORIST>" attacked "3JlOu_XJlE6yWEK<43><STEAM_0:4:236559182><CT>" with "m4a1" (damage "128") (damage_armor "0") (health "-28") (armor "0")
L 03/17/2015 - 18:53:42: "HIRURG<41><STEAM_0:4:753913093><TERRORIST>" killed "3JlOu_XJlE6yWEK<43><STEAM_0:4:236559182><CT>" with "m4a1"
L 03/17/2015 - 18:53:50: "HIRURG<41><STEAM_0:4:753913093><TERRORIST>" attacked "[Hard_Skill]_Extazy<34><STEAM_0:4:397277401><CT>" with "m4a1" (damage "21") (damage_armor "5") (health "79") (armor "95")
L 03/17/2015 - 18:53:53: "[Hard_Skill]_Extazy<34><STEAM_0:4:397277401><CT>" attacked "HIRURG<41><STEAM_0:4:753913093><TERRORIST>" with "deagle" (damage "117") (damage_armor "19") (health "-17") (armor "66")
L 03/17/2015 - 18:53:53: "[Hard_Skill]_Extazy<34><STEAM_0:4:397277401><CT>" killed "HIRURG<41><STEAM_0:4:753913093><TERRORIST>" with "deagle"
L 03/17/2015 - 18:53:53: Team "CT" triggered "CTs_Win" (CT "2") (T "5")
L 03/17/2015 - 18:53:53: World triggered "Round_End"
L 03/17/2015 - 18:54:03: World triggered "Round_Start"
L 03/17/2015 - 18:54:07: "3JlOu_XJlE6yWEK<43><STEAM_0:4:236559182><CT>" attacked "ANGELuHA<42><STEAM_0:4:1403834117><TERRORIST>" with "ak47" (damage "26") (damage_armor "4") (health "74") (armor "96")
L 03/17/2015 - 18:54:08: "3JlOu_XJlE6yWEK<43><STEAM_0:4:236559182><CT>" attacked "ANGELuHA<42><STEAM_0:4:1403834117><TERRORIST>" with "ak47" (damage "26") (damage_armor "4") (health "48") (armor "92")
L 03/17/2015 - 18:54:08: "3JlOu_XJlE6yWEK<43><STEAM_0:4:236559182><CT>" attacked "ANGELuHA<42><STEAM_0:4:1403834117><TERRORIST>" with "ak47" (damage "105") (damage_armor "15") (health "-57") (armor "77")
L 03/17/2015 - 18:54:08: "3JlOu_XJlE6yWEK<43><STEAM_0:4:236559182><CT>" killed "ANGELuHA<42><STEAM_0:4:1403834117><TERRORIST>" with "ak47"
L 03/17/2015 - 18:54:12: "HIRURG<41><STEAM_0:4:753913093><TERRORIST>" attacked "3JlOu_XJlE6yWEK<43><STEAM_0:4:236559182><CT>" with "m4a1" (damage "22") (damage_armor "5") (health "78") (armor "95")
L 03/17/2015 - 18:54:12: "HIRURG<41><STEAM_0:4:753913093><TERRORIST>" attacked "3JlOu_XJlE6yWEK<43><STEAM_0:4:236559182><CT>" with "m4a1" (damage "22") (damage_armor "5") (health "56") (armor "90")
L 03/17/2015 - 18:54:12: "HIRURG<41><STEAM_0:4:753913093><TERRORIST>" attacked "3JlOu_XJlE6yWEK<43><STEAM_0:4:236559182><CT>" with "m4a1" (damage "89") (damage_armor "19") (health "-33") (armor "71")
L 03/17/2015 - 18:54:12: "HIRURG<41><STEAM_0:4:753913093><TERRORIST>" killed "3JlOu_XJlE6yWEK<43><STEAM_0:4:236559182><CT>" with "m4a1"
L 03/17/2015 - 18:54:14: [DPROTO]: Client 4 - Set AuthIdType 3 [dp_RevEmu]; pClient = 0xb39ebad8
L 03/17/2015 - 18:54:14: "RoJleM ;)<45><STEAM_0:4:520408453><>" connected, address "178.121.85.151:36497"
L 03/17/2015 - 18:54:14: [VTC] Player 5 speex
L 03/17/2015 - 18:54:19: "RoJleM ;)<45><STEAM_0:4:520408453><>" entered the game
L 03/17/2015 - 18:54:25: "RoJleM ;)<45><STEAM_0:4:520408453><>" joined team "CT"
L 03/17/2015 - 18:54:40: "[Hard_Skill]_Extazy<34><STEAM_0:4:397277401><CT>" attacked "HIRURG<41><STEAM_0:4:753913093><TERRORIST>" with "deagle" (damage "87") (damage_armor "15") (health "6") (armor "81")
L 03/17/2015 - 18:54:51: "HIRURG<41><STEAM_0:4:753913093><TERRORIST>" attacked "[Hard_Skill]_Extazy<34><STEAM_0:4:397277401><CT>" with "m4a1" (damage "20") (damage_armor "4") (health "48") (armor "79")
L 03/17/2015 - 18:54:52: "HIRURG<41><STEAM_0:4:753913093><TERRORIST>" attacked "[Hard_Skill]_Extazy<34><STEAM_0:4:397277401><CT>" with "m4a1" (damage "81") (damage_armor "17") (health "-33") (armor "62")
L 03/17/2015 - 18:54:52: "HIRURG<41><STEAM_0:4:753913093><TERRORIST>" killed "[Hard_Skill]_Extazy<34><STEAM_0:4:397277401><CT>" with "m4a1"
L 03/17/2015 - 18:54:52: Team "TERRORIST" triggered "Terrorists_Win" (CT "2") (T "6")
L 03/17/2015 - 18:54:52: World triggered "Round_End"
L 03/17/2015 - 18:55:02: World triggered "Round_Start"
L 03/17/2015 - 18:55:05: "[Hard_Skill]_Extazy<34><STEAM_0:4:397277401><CT>" attacked "HIRURG<41><STEAM_0:4:753913093><TERRORIST>" with "ak47" (damage "105") (damage_armor "15") (health "-5") (armor "66")
L 03/17/2015 - 18:55:05: "[Hard_Skill]_Extazy<34><STEAM_0:4:397277401><CT>" killed "HIRURG<41><STEAM_0:4:753913093><TERRORIST>" with "ak47"
L 03/17/2015 - 18:55:12: "ANGELuHA<42><STEAM_0:4:1403834117><TERRORIST>" attacked "3JlOu_XJlE6yWEK<43><STEAM_0:4:236559182><CT>" with "m4a1" (damage "112") (damage_armor "0") (health "-12") (armor "0")
L 03/17/2015 - 18:55:12: "ANGELuHA<42><STEAM_0:4:1403834117><TERRORIST>" killed "3JlOu_XJlE6yWEK<43><STEAM_0:4:236559182><CT>" with "m4a1"
L 03/17/2015 - 18:55:19: "[Hard_Skill]_Extazy<34><STEAM_0:4:397277401><CT>" attacked "ANGELuHA<42><STEAM_0:4:1403834117><TERRORIST>" with "awp" (damage "109") (damage_armor "2") (health "-9") (armor "98")
L 03/17/2015 - 18:55:19: "[Hard_Skill]_Extazy<34><STEAM_0:4:397277401><CT>" killed "ANGELuHA<42><STEAM_0:4:1403834117><TERRORIST>" with "awp"
L 03/17/2015 - 18:55:19: Team "CT" triggered "CTs_Win" (CT "3") (T "6")
L 03/17/2015 - 18:55:19: World triggered "Round_End"
L 03/17/2015 - 18:55:19: [DPROTO]: Client 5 - Set AuthIdType 3 [dp_RevEmu]; pClient = 0xb39f09cc
L 03/17/2015 - 18:55:19: "D@MON<46><STEAM_0:4:398943420><>" connected, address "193.43.210.134:27005"
L 03/17/2015 - 18:55:19: [VTC] Player 6 speex
L 03/17/2015 - 18:55:27: "D@MON<46><STEAM_0:4:398943420><>" entered the game
L 03/17/2015 - 18:55:29: World triggered "Round_Start"
L 03/17/2015 - 18:55:33: "[Hard_Skill]_Extazy<34><STEAM_0:4:397277401><CT>" attacked "HIRURG<41><STEAM_0:4:753913093><TERRORIST>" with "ak47" (damage "136") (damage_armor "0") (health "-36") (armor "0")
L 03/17/2015 - 18:55:33: "[Hard_Skill]_Extazy<34><STEAM_0:4:397277401><CT>" killed "HIRURG<41><STEAM_0:4:753913093><TERRORIST>" with "ak47"
L 03/17/2015 - 18:55:36: "D@MON<46><STEAM_0:4:398943420><>" joined team "TERRORIST"
L 03/17/2015 - 18:55:38: "ANGELuHA<42><STEAM_0:4:1403834117><TERRORIST>" attacked "3JlOu_XJlE6yWEK<43><STEAM_0:4:236559182><CT>" with "ak47" (damage "33") (damage_armor "0") (health "67") (armor "0")
L 03/17/2015 - 18:55:38: "3JlOu_XJlE6yWEK<43><STEAM_0:4:236559182><CT>" attacked "ANGELuHA<42><STEAM_0:4:1403834117><TERRORIST>" with "m4a1" (damage "19") (damage_armor "5") (health "81") (armor "95")
L 03/17/2015 - 18:55:38: "3JlOu_XJlE6yWEK<43><STEAM_0:4:236559182><CT>" attacked "ANGELuHA<42><STEAM_0:4:1403834117><TERRORIST>" with "m4a1" (damage "19") (damage_armor "4") (health "62") (armor "91")
L 03/17/2015 - 18:55:38: "ANGELuHA<42><STEAM_0:4:1403834117><TERRORIST>" attacked "3JlOu_XJlE6yWEK<43><STEAM_0:4:236559182><CT>" with "ak47" (damage "132") (damage_armor "0") (health "-65") (armor "0")
L 03/17/2015 - 18:55:38: "ANGELuHA<42><STEAM_0:4:1403834117><TERRORIST>" killed "3JlOu_XJlE6yWEK<43><STEAM_0:4:236559182><CT>" with "ak47"
L 03/17/2015 - 18:55:45: "RoJleM ;)<45><STEAM_0:4:520408453><CT>" attacked "D@MON<46><STEAM_0:4:398943420><TERRORIST>" with "m4a1" (damage "29") (damage_armor "0") (health "71") (armor "0")
L 03/17/2015 - 18:55:46: "RoJleM ;)<45><STEAM_0:4:520408453><CT>" attacked "D@MON<46><STEAM_0:4:398943420><TERRORIST>" with "m4a1" (damage "29") (damage_armor "0") (health "42") (armor "0")
L 03/17/2015 - 18:55:46: "D@MON<46><STEAM_0:4:398943420><TERRORIST>" attacked "RoJleM ;)<45><STEAM_0:4:520408453><CT>" with "m4a1" (damage "30") (damage_armor "0") (health "70") (armor "0")
L 03/17/2015 - 18:55:47: "D@MON<46><STEAM_0:4:398943420><TERRORIST>" attacked "RoJleM ;)<45><STEAM_0:4:520408453><CT>" with "m4a1" (damage "22") (damage_armor "0") (health "48") (armor "0")
L 03/17/2015 - 18:55:47: "D@MON<46><STEAM_0:4:398943420><TERRORIST>" attacked "RoJleM ;)<45><STEAM_0:4:520408453><CT>" with "m4a1" (damage "37") (damage_armor "0") (health "11") (armor "0")
L 03/17/2015 - 18:55:48: "D@MON<46><STEAM_0:4:398943420><TERRORIST>" attacked "RoJleM ;)<45><STEAM_0:4:520408453><CT>" with "m4a1" (damage "30") (damage_armor "0") (health "-19") (armor "0")
L 03/17/2015 - 18:55:48: "D@MON<46><STEAM_0:4:398943420><TERRORIST>" killed "RoJleM ;)<45><STEAM_0:4:520408453><CT>" with "m4a1"
L 03/17/2015 - 18:55:51: "RoJleM ;)<45><STEAM_0:4:520408453><CT>" triggered "weaponstats" (weapon "grenade") (shots "2") (hits "0") (kills "0") (headshots "0") (tks "0") (damage "0") (deaths "0")
L 03/17/2015 - 18:55:51: "RoJleM ;)<45><STEAM_0:4:520408453><CT>" triggered "weaponstats2" (weapon "grenade") (head "0") (chest "0") (stomach "0") (leftarm "0") (rightarm "0") (leftleg "0") (rightleg "0")
L 03/17/2015 - 18:55:51: "RoJleM ;)<45><STEAM_0:4:520408453><CT>" triggered "weaponstats" (weapon "m4a1") (shots "15") (hits "2") (kills "0") (headshots "0") (tks "0") (damage "58") (deaths "1")
L 03/17/2015 - 18:55:51: "RoJleM ;)<45><STEAM_0:4:520408453><CT>" triggered "weaponstats2" (weapon "m4a1") (head "0") (chest "0") (stomach "0") (leftarm "2") (rightarm "0") (leftleg "0") (rightleg "0")
L 03/17/2015 - 18:55:51: "RoJleM ;)<45><STEAM_0:4:520408453><CT>" triggered "weaponstats" (weapon "knife") (shots "1") (hits "0") (kills "0") (headshots "0") (tks "0") (damage "0") (deaths "0")
L 03/17/2015 - 18:55:51: "RoJleM ;)<45><STEAM_0:4:520408453><CT>" triggered "weaponstats2" (weapon "knife") (head "0") (chest "0") (stomach "0") (leftarm "0") (rightarm "0") (leftleg "0") (rightleg "0")
L 03/17/2015 - 18:55:51: "RoJleM ;)<45><STEAM_0:4:520408453><CT>" triggered "time" (time "1:31")
L 03/17/2015 - 18:55:51: "RoJleM ;)<45><STEAM_0:4:520408453><CT>" triggered "latency" (ping "52")
L 03/17/2015 - 18:55:51: "RoJleM ;)<45><STEAM_0:4:520408453><CT>" disconnected
L 03/17/2015 - 18:55:58: "[Hard_Skill]_Extazy<34><STEAM_0:4:397277401><CT>" attacked "ANGELuHA<42><STEAM_0:4:1403834117><TERRORIST>" with "deagle" (damage "90") (damage_armor "15") (health "-28") (armor "76")
L 03/17/2015 - 18:55:58: "[Hard_Skill]_Extazy<34><STEAM_0:4:397277401><CT>" killed "ANGELuHA<42><STEAM_0:4:1403834117><TERRORIST>" with "deagle"
L 03/17/2015 - 18:56:00: "[Hard_Skill]_Extazy<34><STEAM_0:4:397277401><CT>" attacked "D@MON<46><STEAM_0:4:398943420><TERRORIST>" with "deagle" (damage "184") (damage_armor "0") (health "-142") (armor "0")
L 03/17/2015 - 18:56:00: "[Hard_Skill]_Extazy<34><STEAM_0:4:397277401><CT>" killed "D@MON<46><STEAM_0:4:398943420><TERRORIST>" with "deagle"
L 03/17/2015 - 18:56:00: Team "CT" triggered "CTs_Win" (CT "4") (T "6")
L 03/17/2015 - 18:56:00: World triggered "Round_End"
L 03/17/2015 - 18:56:10: World triggered "Round_Start"
L 03/17/2015 - 18:56:12: "[Hard_Skill]_Extazy<34><STEAM_0:4:397277401><CT>" attacked "HIRURG<41><STEAM_0:4:753913093><TERRORIST>" with "ak47" (damage "34") (damage_armor "0") (health "66") (armor "0")
L 03/17/2015 - 18:56:12: "HIRURG<41><STEAM_0:4:753913093><TERRORIST>" attacked "[Hard_Skill]_Extazy<34><STEAM_0:4:397277401><CT>" with "m4a1" (damage "21") (damage_armor "5") (health "79") (armor "95")
L 03/17/2015 - 18:56:12: "D@MON<46><STEAM_0:4:398943420><TERRORIST>" attacked "[Hard_Skill]_Extazy<34><STEAM_0:4:397277401><CT>" with "m4a1" (damage "21") (damage_armor "0") (health "58") (armor "95")
L 03/17/2015 - 18:56:14: "[Hard_Skill]_Extazy<34><STEAM_0:4:397277401><CT>" attacked "HIRURG<41><STEAM_0:4:753913093><TERRORIST>" with "ak47" (damage "34") (damage_armor "0") (health "32") (armor "0")
L 03/17/2015 - 18:56:14: "[Hard_Skill]_Extazy<34><STEAM_0:4:397277401><CT>" attacked "D@MON<46><STEAM_0:4:398943420><TERRORIST>" with "ak47" (damage "18") (damage_armor "0") (health "82") (armor "0")
L 03/17/2015 - 18:56:14: "3JlOu_XJlE6yWEK<43><STEAM_0:4:236559182><CT>" attacked "D@MON<46><STEAM_0:4:398943420><TERRORIST>" with "m4a1" (damage "21") (damage_armor "0") (health "61") (armor "0")
L 03/17/2015 - 18:56:14: "D@MON<46><STEAM_0:4:398943420><TERRORIST>" attacked "[Hard_Skill]_Extazy<34><STEAM_0:4:397277401><CT>" with "m4a1" (damage "20") (damage_armor "4") (health "38") (armor "91")
L 03/17/2015 - 18:56:14: "[Hard_Skill]_Extazy<34><STEAM_0:4:397277401><CT>" attacked "HIRURG<41><STEAM_0:4:753913093><TERRORIST>" with "ak47" (damage "34") (damage_armor "0") (health "-2") (armor "0")
L 03/17/2015 - 18:56:14: "[Hard_Skill]_Extazy<34><STEAM_0:4:397277401><CT>" killed "HIRURG<41><STEAM_0:4:753913093><TERRORIST>" with "ak47"
L 03/17/2015 - 18:56:14: "[Hard_Skill]_Extazy<34><STEAM_0:4:397277401><CT>" attacked "D@MON<46><STEAM_0:4:398943420><TERRORIST>" with "ak47" (damage "18") (damage_armor "0") (health "43") (armor "0")
L 03/17/2015 - 18:56:14: "D@MON<46><STEAM_0:4:398943420><TERRORIST>" attacked "[Hard_Skill]_Extazy<34><STEAM_0:4:397277401><CT>" with "m4a1" (damage "25") (damage_armor "6") (health "13") (armor "85")
L 03/17/2015 - 18:56:15: "3JlOu_XJlE6yWEK<43><STEAM_0:4:236559182><CT>" attacked "D@MON<46><STEAM_0:4:398943420><TERRORIST>" with "m4a1" (damage "14") (damage_armor "0") (health "29") (armor "0")
L 03/17/2015 - 18:56:23: "3JlOu_XJlE6yWEK<43><STEAM_0:4:236559182><CT>" attacked "D@MON<46><STEAM_0:4:398943420><TERRORIST>" with "m4a1" (damage "120") (damage_armor "0") (health "-91") (armor "0")
L 03/17/2015 - 18:56:23: "3JlOu_XJlE6yWEK<43><STEAM_0:4:236559182><CT>" killed "D@MON<46><STEAM_0:4:398943420><TERRORIST>" with "m4a1"
L 03/17/2015 - 18:56:33: "3JlOu_XJlE6yWEK<43><STEAM_0:4:236559182><CT>" attacked "ANGELuHA<42><STEAM_0:4:1403834117><TERRORIST>" with "m4a1" (damage "10") (damage_armor "3") (health "90") (armor "97")
L 03/17/2015 - 18:56:37: "3JlOu_XJlE6yWEK<43><STEAM_0:4:236559182><CT>" attacked "ANGELuHA<42><STEAM_0:4:1403834117><TERRORIST>" with "m4a1" (damage "21") (damage_armor "4") (health "69") (armor "93")
L 03/17/2015 - 18:56:37: "ANGELuHA<42><STEAM_0:4:1403834117><TERRORIST>" attacked "3JlOu_XJlE6yWEK<43><STEAM_0:4:236559182><CT>" with "m4a1" (damage "27") (damage_armor "6") (health "73") (armor "94")
L 03/17/2015 - 18:56:37: "3JlOu_XJlE6yWEK<43><STEAM_0:4:236559182><CT>" attacked "ANGELuHA<42><STEAM_0:4:1403834117><TERRORIST>" with "m4a1" (damage "21") (damage_armor "5") (health "48") (armor "88")
L 03/17/2015 - 18:56:39: "[Hard_Skill]_Extazy<34><STEAM_0:4:397277401><CT>" attacked "ANGELuHA<42><STEAM_0:4:1403834117><TERRORIST>" with "ak47" (damage "27") (damage_armor "4") (health "21") (armor "84")
L 03/17/2015 - 18:56:39: "[Hard_Skill]_Extazy<34><STEAM_0:4:397277401><CT>" attacked "ANGELuHA<42><STEAM_0:4:1403834117><TERRORIST>" with "ak47" (damage "33") (damage_armor "5") (health "-12") (armor "79")
L 03/17/2015 - 18:56:39: "[Hard_Skill]_Extazy<34><STEAM_0:4:397277401><CT>" killed "ANGELuHA<42><STEAM_0:4:1403834117><TERRORIST>" with "ak47"
L 03/17/2015 - 18:56:39: Team "CT" triggered "CTs_Win" (CT "5") (T "6")
L 03/17/2015 - 18:56:39: World triggered "Round_End"
L 03/17/2015 - 18:56:49: World triggered "Round_Start"
L 03/17/2015 - 18:56:53: "D@MON<46><STEAM_0:4:398943420><TERRORIST>" attacked "3JlOu_XJlE6yWEK<43><STEAM_0:4:236559182><CT>" with "ak47" (damage "26") (damage_armor "4") (health "74") (armor "90")
L 03/17/2015 - 18:56:53: "3JlOu_XJlE6yWEK<43><STEAM_0:4:236559182><CT>" attacked "D@MON<46><STEAM_0:4:398943420><TERRORIST>" with "m4a1" (damage "120") (damage_armor "0") (health "-20") (armor "0")
L 03/17/2015 - 18:56:53: "3JlOu_XJlE6yWEK<43><STEAM_0:4:236559182><CT>" killed "D@MON<46><STEAM_0:4:398943420><TERRORIST>" with "m4a1"
L 03/17/2015 - 18:56:54: "HIRURG<41><STEAM_0:4:753913093><TERRORIST>" attacked "3JlOu_XJlE6yWEK<43><STEAM_0:4:236559182><CT>" with "aug" (damage "19") (damage_armor "4") (health "55") (armor "86")
L 03/17/2015 - 18:56:54: "3JlOu_XJlE6yWEK<43><STEAM_0:4:236559182><CT>" attacked "HIRURG<41><STEAM_0:4:753913093><TERRORIST>" with "m4a1" (damage "21") (damage_armor "0") (health "79") (armor "0")
L 03/17/2015 - 18:56:55: "HIRURG<41><STEAM_0:4:753913093><TERRORIST>" attacked "3JlOu_XJlE6yWEK<43><STEAM_0:4:236559182><CT>" with "aug" (damage "19") (damage_armor "5") (health "36") (armor "81")
L 03/17/2015 - 18:56:55: "3JlOu_XJlE6yWEK<43><STEAM_0:4:236559182><CT>" attacked "HIRURG<41><STEAM_0:4:753913093><TERRORIST>" with "m4a1" (damage "112") (damage_armor "0") (health "-33") (armor "0")
L 03/17/2015 - 18:56:55: "3JlOu_XJlE6yWEK<43><STEAM_0:4:236559182><CT>" killed "HIRURG<41><STEAM_0:4:753913093><TERRORIST>" with "m4a1"
L 03/17/2015 - 18:56:57: "D@MON<46><STEAM_0:4:398943420><TERRORIST>" triggered "weaponstats" (weapon "mp5navy") (shots "7") (hits "0") (kills "0") (headshots "0") (tks "0") (damage "0") (deaths "1")
L 03/17/2015 - 18:56:57: "D@MON<46><STEAM_0:4:398943420><TERRORIST>" triggered "weaponstats2" (weapon "mp5navy") (head "0") (chest "0") (stomach "0") (leftarm "0") (rightarm "0") (leftleg "0") (rightleg "0")
L 03/17/2015 - 18:56:57: "D@MON<46><STEAM_0:4:398943420><TERRORIST>" triggered "weaponstats" (weapon "m4a1") (shots "64") (hits "7") (kills "1") (headshots "0") (tks "0") (damage "185") (deaths "1")
L 03/17/2015 - 18:56:57: "D@MON<46><STEAM_0:4:398943420><TERRORIST>" triggered "weaponstats2" (weapon "m4a1") (head "0") (chest "0") (stomach "2") (leftarm "3") (rightarm "0") (leftleg "2") (rightleg "0")
L 03/17/2015 - 18:56:57: "D@MON<46><STEAM_0:4:398943420><TERRORIST>" triggered "weaponstats" (weapon "ak47") (shots "9") (hits "1") (kills "0") (headshots "0") (tks "0") (damage "26") (deaths "1")
L 03/17/2015 - 18:56:57: "D@MON<46><STEAM_0:4:398943420><TERRORIST>" triggered "weaponstats2" (weapon "ak47") (head "0") (chest "1") (stomach "0") (leftarm "0") (rightarm "0") (leftleg "0") (rightleg "0")
L 03/17/2015 - 18:56:57: "D@MON<46><STEAM_0:4:398943420><TERRORIST>" triggered "time" (time "1:29")
L 03/17/2015 - 18:56:57: "D@MON<46><STEAM_0:4:398943420><TERRORIST>" triggered "latency" (ping "39")
L 03/17/2015 - 18:56:57: "D@MON<46><STEAM_0:4:398943420><TERRORIST>" disconnected
L 03/17/2015 - 18:57:00: "ANGELuHA<42><STEAM_0:4:1403834117><TERRORIST>" attacked "[Hard_Skill]_Extazy<34><STEAM_0:4:397277401><CT>" with "ak47" (damage "25") (damage_armor "4") (health "75") (armor "96")
L 03/17/2015 - 18:57:00: "[Hard_Skill]_Extazy<34><STEAM_0:4:397277401><CT>" attacked "ANGELuHA<42><STEAM_0:4:1403834117><TERRORIST>" with "ak47" (damage "102") (damage_armor "15") (health "-2") (armor "85")
L 03/17/2015 - 18:57:00: "[Hard_Skill]_Extazy<34><STEAM_0:4:397277401><CT>" killed "ANGELuHA<42><STEAM_0:4:1403834117><TERRORIST>" with "ak47"
L 03/17/2015 - 18:57:00: Team "CT" triggered "CTs_Win" (CT "6") (T "6")
L 03/17/2015 - 18:57:00: World triggered "Round_End"
L 03/17/2015 - 18:57:10: World triggered "Round_Start"
L 03/17/2015 - 18:57:13: [DPROTO]: Client 4 - Set AuthIdType 3 [dp_RevEmu]; pClient = 0xb39ebad8
L 03/17/2015 - 18:57:13: "Zai4ik<47><STEAM_0:4:595897027><>" connected, address "62.183.85.238:36657"
L 03/17/2015 - 18:57:13: [VTC] Player 5 speex
L 03/17/2015 - 18:57:17: "Zai4ik<47><STEAM_0:4:595897027><>" entered the game
L 03/17/2015 - 18:57:18: "3JlOu_XJlE6yWEK<43><STEAM_0:4:236559182><CT>" attacked "HIRURG<41><STEAM_0:4:753913093><TERRORIST>" with "m4a1" (damage "38") (damage_armor "0") (health "62") (armor "0")
L 03/17/2015 - 18:57:19: "3JlOu_XJlE6yWEK<43><STEAM_0:4:236559182><CT>" attacked "HIRURG<41><STEAM_0:4:753913093><TERRORIST>" with "m4a1" (damage "31") (damage_armor "0") (health "31") (armor "0")
L 03/17/2015 - 18:57:19: "3JlOu_XJlE6yWEK<43><STEAM_0:4:236559182><CT>" attacked "HIRURG<41><STEAM_0:4:753913093><TERRORIST>" with "m4a1" (damage "31") (damage_armor "0") (health "0") (armor "0")
L 03/17/2015 - 18:57:19: "3JlOu_XJlE6yWEK<43><STEAM_0:4:236559182><CT>" killed "HIRURG<41><STEAM_0:4:753913093><TERRORIST>" with "m4a1"
L 03/17/2015 - 18:57:20: "3JlOu_XJlE6yWEK<43><STEAM_0:4:236559182><CT>" attacked "ANGELuHA<42><STEAM_0:4:1403834117><TERRORIST>" with "m4a1" (damage "20") (damage_armor "5") (health "80") (armor "95")
L 03/17/2015 - 18:57:29: "Zai4ik<47><STEAM_0:4:595897027><>" joined team "TERRORIST"
L 03/17/2015 - 18:57:32: "3JlOu_XJlE6yWEK<43><STEAM_0:4:236559182><CT>" attacked "ANGELuHA<42><STEAM_0:4:1403834117><TERRORIST>" with "m4a1" (damage "21") (damage_armor "5") (health "31") (armor "76")
L 03/17/2015 - 18:57:32: "ANGELuHA<42><STEAM_0:4:1403834117><TERRORIST>" attacked "3JlOu_XJlE6yWEK<43><STEAM_0:4:236559182><CT>" with "mp5navy" (damage "10") (damage_armor "6") (health "90") (armor "94")
L 03/17/2015 - 18:57:33: "Zai4ik<47><STEAM_0:4:595897027><TERRORIST>" attacked "3JlOu_XJlE6yWEK<43><STEAM_0:4:236559182><CT>" with "awp" (damage "111") (damage_armor "1") (health "-21") (armor "93")
L 03/17/2015 - 18:57:33: "Zai4ik<47><STEAM_0:4:595897027><TERRORIST>" killed "3JlOu_XJlE6yWEK<43><STEAM_0:4:236559182><CT>" with "awp"
L 03/17/2015 - 18:57:36: "[Hard_Skill]_Extazy<34><STEAM_0:4:397277401><CT>" attacked "Zai4ik<47><STEAM_0:4:595897027><TERRORIST>" with "ak47" (damage "34") (damage_armor "0") (health "66") (armor "0")
L 03/17/2015 - 18:57:36: "HIRURG<41><STEAM_0:4:753913093><TERRORIST>" say "ne ploxo" (dead)
L 03/17/2015 - 18:57:37: "[Hard_Skill]_Extazy<34><STEAM_0:4:397277401><CT>" attacked "Zai4ik<47><STEAM_0:4:595897027><TERRORIST>" with "deagle" (damage "120") (damage_armor "0") (health "-54") (armor "0")
L 03/17/2015 - 18:57:37: "[Hard_Skill]_Extazy<34><STEAM_0:4:397277401><CT>" killed "Zai4ik<47><STEAM_0:4:595897027><TERRORIST>" with "deagle"
L 03/17/2015 - 18:57:45: "ANGELuHA<42><STEAM_0:4:1403834117><TERRORIST>" attacked "[Hard_Skill]_Extazy<34><STEAM_0:4:397277401><CT>" with "mp5navy" (damage "10") (damage_armor "5") (health "90") (armor "95")
L 03/17/2015 - 18:57:45: "ANGELuHA<42><STEAM_0:4:1403834117><TERRORIST>" attacked "[Hard_Skill]_Extazy<34><STEAM_0:4:397277401><CT>" with "mp5navy" (damage "12") (damage_armor "0") (health "78") (armor "95")
L 03/17/2015 - 18:57:57: "[Hard_Skill]_Extazy<34><STEAM_0:4:397277401><CT>" attacked "ANGELuHA<42><STEAM_0:4:1403834117><TERRORIST>" with "ak47" (damage "105") (damage_armor "15") (health "-74") (armor "61")
L 03/17/2015 - 18:57:57: "[Hard_Skill]_Extazy<34><STEAM_0:4:397277401><CT>" killed "ANGELuHA<42><STEAM_0:4:1403834117><TERRORIST>" with "ak47"
L 03/17/2015 - 18:57:57: Team "CT" triggered "CTs_Win" (CT "7") (T "6")
L 03/17/2015 - 18:57:57: World triggered "Round_End"
L 03/17/2015 - 18:58:07: World triggered "Round_Start"
L 03/17/2015 - 18:58:17: "3JlOu_XJlE6yWEK<43><STEAM_0:4:236559182><CT>" attacked "Zai4ik<47><STEAM_0:4:595897027><TERRORIST>" with "m4a1" (damage "23") (damage_armor "0") (health "77") (armor "0")
L 03/17/2015 - 18:58:17: "3JlOu_XJlE6yWEK<43><STEAM_0:4:236559182><CT>" attacked "Zai4ik<47><STEAM_0:4:595897027><TERRORIST>" with "m4a1" (damage "23") (damage_armor "0") (health "54") (armor "0")
L 03/17/2015 - 18:58:18: "3JlOu_XJlE6yWEK<43><STEAM_0:4:236559182><CT>" attacked "Zai4ik<47><STEAM_0:4:595897027><TERRORIST>" with "m4a1" (damage "23") (damage_armor "0") (health "31") (armor "0")
L 03/17/2015 - 18:58:18: "3JlOu_XJlE6yWEK<43><STEAM_0:4:236559182><CT>" attacked "Zai4ik<47><STEAM_0:4:595897027><TERRORIST>" with "m4a1" (damage "38") (damage_armor "0") (health "-7") (armor "0")
L 03/17/2015 - 18:58:18: "3JlOu_XJlE6yWEK<43><STEAM_0:4:236559182><CT>" killed "Zai4ik<47><STEAM_0:4:595897027><TERRORIST>" with "m4a1"
L 03/17/2015 - 18:58:19: "HIRURG<41><STEAM_0:4:753913093><TERRORIST>" attacked "[Hard_Skill]_Extazy<34><STEAM_0:4:397277401><CT>" with "m4a1" (damage "20") (damage_armor "5") (health "80") (armor "95")
L 03/17/2015 - 18:58:19: "HIRURG<41><STEAM_0:4:753913093><TERRORIST>" attacked "[Hard_Skill]_Extazy<34><STEAM_0:4:397277401><CT>" with "m4a1" (damage "20") (damage_armor "4") (health "60") (armor "91")
L 03/17/2015 - 18:58:19: "HIRURG<41><STEAM_0:4:753913093><TERRORIST>" attacked "[Hard_Skill]_Extazy<34><STEAM_0:4:397277401><CT>" with "m4a1" (damage "25") (damage_armor "6") (health "35") (armor "85")
L 03/17/2015 - 18:58:20: "[Hard_Skill]_Extazy<34><STEAM_0:4:397277401><CT>" attacked "ANGELuHA<42><STEAM_0:4:1403834117><TERRORIST>" with "ak47" (damage "105") (damage_armor "16") (health "-5") (armor "84")
L 03/17/2015 - 18:58:20: "[Hard_Skill]_Extazy<34><STEAM_0:4:397277401><CT>" killed "ANGELuHA<42><STEAM_0:4:1403834117><TERRORIST>" with "ak47"
L 03/17/2015 - 18:58:22: "HIRURG<41><STEAM_0:4:753913093><TERRORIST>" attacked "[Hard_Skill]_Extazy<34><STEAM_0:4:397277401><CT>" with "m4a1" (damage "22") (damage_armor "0") (health "13") (armor "85")
L 03/17/2015 - 18:58:25: "HIRURG<41><STEAM_0:4:753913093><TERRORIST>" killed "[Hard_Skill]_Extazy<34><STEAM_0:4:397277401><CT>" with "grenade"
L 03/17/2015 - 18:58:26: "3JlOu_XJlE6yWEK<43><STEAM_0:4:236559182><CT>" attacked "HIRURG<41><STEAM_0:4:753913093><TERRORIST>" with "m4a1" (damage "23") (damage_armor "0") (health "77") (armor "0")
L 03/17/2015 - 18:58:26: "3JlOu_XJlE6yWEK<43><STEAM_0:4:236559182><CT>" attacked "HIRURG<41><STEAM_0:4:753913093><TERRORIST>" with "m4a1" (damage "31") (damage_armor "0") (health "46") (armor "0")
L 03/17/2015 - 18:58:27: "HIRURG<41><STEAM_0:4:753913093><TERRORIST>" attacked "3JlOu_XJlE6yWEK<43><STEAM_0:4:236559182><CT>" with "m4a1" (damage "21") (damage_armor "5") (health "79") (armor "95")
L 03/17/2015 - 18:58:27: "HIRURG<41><STEAM_0:4:753913093><TERRORIST>" attacked "3JlOu_XJlE6yWEK<43><STEAM_0:4:236559182><CT>" with "m4a1" (damage "23") (damage_armor "0") (health "56") (armor "95")
L 03/17/2015 - 18:58:28: "HIRURG<41><STEAM_0:4:753913093><TERRORIST>" attacked "3JlOu_XJlE6yWEK<43><STEAM_0:4:236559182><CT>" with "m4a1" (damage "27") (damage_armor "6") (health "29") (armor "89")
L 03/17/2015 - 18:58:28: "Zai4ik<47><STEAM_0:4:595897027><TERRORIST>" triggered "weaponstats" (weapon "awp") (shots "3") (hits "1") (kills "1") (headshots "0") (tks "0") (damage "111") (deaths "1")
L 03/17/2015 - 18:58:28: "Zai4ik<47><STEAM_0:4:595897027><TERRORIST>" triggered "weaponstats2" (weapon "awp") (head "0") (chest "0") (stomach "0") (leftarm "1") (rightarm "0") (leftleg "0") (rightleg "0")
L 03/17/2015 - 18:58:28: "Zai4ik<47><STEAM_0:4:595897027><TERRORIST>" triggered "weaponstats" (weapon "m4a1") (shots "1") (hits "0") (kills "0") (headshots "0") (tks "0") (damage "0") (deaths "1")
L 03/17/2015 - 18:58:28: "Zai4ik<47><STEAM_0:4:595897027><TERRORIST>" triggered "weaponstats2" (weapon "m4a1") (head "0") (chest "0") (stomach "0") (leftarm "0") (rightarm "0") (leftleg "0") (rightleg "0")
L 03/17/2015 - 18:58:28: "Zai4ik<47><STEAM_0:4:595897027><TERRORIST>" triggered "time" (time "1:10")
L 03/17/2015 - 18:58:28: "Zai4ik<47><STEAM_0:4:595897027><TERRORIST>" triggered "latency" (ping "60")
L 03/17/2015 - 18:58:28: "Zai4ik<47><STEAM_0:4:595897027><TERRORIST>" disconnected
L 03/17/2015 - 18:58:28: "3JlOu_XJlE6yWEK<43><STEAM_0:4:236559182><CT>" attacked "HIRURG<41><STEAM_0:4:753913093><TERRORIST>" with "m4a1" (damage "38") (damage_armor "0") (health "8") (armor "0")
L 03/17/2015 - 18:58:28: "3JlOu_XJlE6yWEK<43><STEAM_0:4:236559182><CT>" attacked "HIRURG<41><STEAM_0:4:753913093><TERRORIST>" with "m4a1" (damage "31") (damage_armor "0") (health "-23") (armor "0")
L 03/17/2015 - 18:58:28: "3JlOu_XJlE6yWEK<43><STEAM_0:4:236559182><CT>" killed "HIRURG<41><STEAM_0:4:753913093><TERRORIST>" with "m4a1"
L 03/17/2015 - 18:58:28: Team "CT" triggered "CTs_Win" (CT "8") (T "6")
L 03/17/2015 - 18:58:28: World triggered "Round_End"
L 03/17/2015 - 18:58:38: World triggered "Round_Start"
L 03/17/2015 - 18:58:48: "[Hard_Skill]_Extazy<34><STEAM_0:4:397277401><CT>" attacked "HIRURG<41><STEAM_0:4:753913093><TERRORIST>" with "ak47" (damage "27") (damage_armor "4") (health "73") (armor "96")
L 03/17/2015 - 18:58:48: "[Hard_Skill]_Extazy<34><STEAM_0:4:397277401><CT>" attacked "HIRURG<41><STEAM_0:4:753913093><TERRORIST>" with "ak47" (damage "27") (damage_armor "4") (health "46") (armor "92")
L 03/17/2015 - 18:58:49: "HIRURG<41><STEAM_0:4:753913093><TERRORIST>" attacked "[Hard_Skill]_Extazy<34><STEAM_0:4:397277401><CT>" with "m4a1" (damage "26") (damage_armor "6") (health "74") (armor "94")
L 03/17/2015 - 18:58:49: "HIRURG<41><STEAM_0:4:753913093><TERRORIST>" attacked "[Hard_Skill]_Extazy<34><STEAM_0:4:397277401><CT>" with "m4a1" (damage "9") (damage_armor "2") (health "65") (armor "92")
L 03/17/2015 - 18:58:49: "HIRURG<41><STEAM_0:4:753913093><TERRORIST>" attacked "[Hard_Skill]_Extazy<34><STEAM_0:4:397277401><CT>" with "m4a1" (damage "39") (damage_armor "9") (health "26") (armor "83")
L 03/17/2015 - 18:58:49: "ANGELuHA<42><STEAM_0:4:1403834117><TERRORIST>" attacked "[Hard_Skill]_Extazy<34><STEAM_0:4:397277401><CT>" with "m4a1" (damage "21") (damage_armor "4") (health "5") (armor "79")
L 03/17/2015 - 18:58:49: "HIRURG<41><STEAM_0:4:753913093><TERRORIST>" attacked "[Hard_Skill]_Extazy<34><STEAM_0:4:397277401><CT>" with "m4a1" (damage "39") (damage_armor "9") (health "-34") (armor "70")
L 03/17/2015 - 18:58:49: "HIRURG<41><STEAM_0:4:753913093><TERRORIST>" killed "[Hard_Skill]_Extazy<34><STEAM_0:4:397277401><CT>" with "m4a1"
L 03/17/2015 - 18:58:57: "3JlOu_XJlE6yWEK<43><STEAM_0:4:236559182><CT>" attacked "ANGELuHA<42><STEAM_0:4:1403834117><TERRORIST>" with "m4a1" (damage "21") (damage_armor "0") (health "79") (armor "100")
L 03/17/2015 - 18:58:57: "3JlOu_XJlE6yWEK<43><STEAM_0:4:236559182><CT>" attacked "ANGELuHA<42><STEAM_0:4:1403834117><TERRORIST>" with "m4a1" (damage "21") (damage_armor "0") (health "58") (armor "100")
L 03/17/2015 - 18:58:57: "ANGELuHA<42><STEAM_0:4:1403834117><TERRORIST>" attacked "3JlOu_XJlE6yWEK<43><STEAM_0:4:236559182><CT>" with "m4a1" (damage "19") (damage_armor "5") (health "81") (armor "95")
L 03/17/2015 - 18:58:58: "3JlOu_XJlE6yWEK<43><STEAM_0:4:236559182><CT>" attacked "ANGELuHA<42><STEAM_0:4:1403834117><TERRORIST>" with "m4a1" (damage "20") (damage_armor "5") (health "38") (armor "95")
L 03/17/2015 - 18:58:58: "3JlOu_XJlE6yWEK<43><STEAM_0:4:236559182><CT>" attacked "ANGELuHA<42><STEAM_0:4:1403834117><TERRORIST>" with "m4a1" (damage "21") (damage_armor "0") (health "17") (armor "95")
L 03/17/2015 - 18:58:58: "3JlOu_XJlE6yWEK<43><STEAM_0:4:236559182><CT>" attacked "ANGELuHA<42><STEAM_0:4:1403834117><TERRORIST>" with "m4a1" (damage "21") (damage_armor "0") (health "-4") (armor "95")
L 03/17/2015 - 18:58:58: "3JlOu_XJlE6yWEK<43><STEAM_0:4:236559182><CT>" killed "ANGELuHA<42><STEAM_0:4:1403834117><TERRORIST>" with "m4a1"
L 03/17/2015 - 18:59:00: [DPROTO]: Client 4 - Set AuthIdType 3 [dp_RevEmu]; pClient = 0xb39ebad8
L 03/17/2015 - 18:59:00: "[Play_By_Ear]_Calm kettle<48><STEAM_0:4:1996475653><>" connected, address "178.120.163.68:27812"
L 03/17/2015 - 18:59:02: "[Play_By_Ear]_Calm kettle<48><STEAM_0:4:1996475653><>" entered the game
L 03/17/2015 - 18:59:07: "[Play_By_Ear]_Calm kettle<48><STEAM_0:4:1996475653><>" joined team "TERRORIST"
L 03/17/2015 - 18:59:28: [DPROTO]: Client 5 - Set AuthIdType 3 [dp_RevEmu]; pClient = 0xb39f09cc
L 03/17/2015 - 18:59:28: "cs_Player<49><STEAM_0:4:371381381><>" connected, address "178.75.25.133:27005"
L 03/17/2015 - 18:59:39: "cs_Player<49><STEAM_0:4:371381381><>" entered the game
L 03/17/2015 - 18:59:42: "cs_Player<49><STEAM_0:4:371381381><>" joined team "CT"
L 03/17/2015 - 18:59:58: Server cvar "amx_nextmap" = "de_dust2_2x2"
L 03/17/2015 - 18:59:58: Server cvar "mp_timelimit" = "0.000000"
L 03/17/2015 - 19:00:01: "3JlOu_XJlE6yWEK<43><STEAM_0:4:236559182><CT>" attacked "HIRURG<41><STEAM_0:4:753913093><TERRORIST>" with "m4a1" (damage "21") (damage_armor "5") (health "25") (armor "87")
L 03/17/2015 - 19:00:02: "3JlOu_XJlE6yWEK<43><STEAM_0:4:236559182><CT>" attacked "HIRURG<41><STEAM_0:4:753913093><TERRORIST>" with "m4a1" (damage "84") (damage_armor "18") (health "-59") (armor "69")
L 03/17/2015 - 19:00:02: "3JlOu_XJlE6yWEK<43><STEAM_0:4:236559182><CT>" killed "HIRURG<41><STEAM_0:4:753913093><TERRORIST>" with "m4a1"
L 03/17/2015 - 19:00:02: Team "CT" triggered "CTs_Win" (CT "9") (T "6")
L 03/17/2015 - 19:00:02: World triggered "Round_End"
L 03/17/2015 - 19:00:12: Server cvar "mp_timelimit" = "0.010000"
L 03/17/2015 - 19:00:12: World triggered "Round_Start"
L 03/17/2015 - 19:00:12: Team "CT" scored "9" with "3" players
L 03/17/2015 - 19:00:12: Team "TERRORIST" scored "6" with "3" players
L 03/17/2015 - 19:00:12: Server cvar "mp_chattime" = "3"
L 03/17/2015 - 19:00:13: Server cvar "mp_chattime" = "1"
L 03/17/2015 - 19:00:13: "[Hard_Skill]_Extazy<34><STEAM_0:4:397277401><CT>" triggered "weaponstats" (weapon "grenade") (shots "13") (hits "0") (kills "0") (headshots "0") (tks "0") (damage "0") (deaths "0")
L 03/17/2015 - 19:00:13: "[Hard_Skill]_Extazy<34><STEAM_0:4:397277401><CT>" triggered "weaponstats2" (weapon "grenade") (head "0") (chest "0") (stomach "0") (leftarm "0") (rightarm "0") (leftleg "0") (rightleg "0")
L 03/17/2015 - 19:00:13: "[Hard_Skill]_Extazy<34><STEAM_0:4:397277401><CT>" triggered "weaponstats" (weapon "usp") (shots "4") (hits "0") (kills "0") (headshots "0") (tks "0") (damage "0") (deaths "1")
L 03/17/2015 - 19:00:13: "[Hard_Skill]_Extazy<34><STEAM_0:4:397277401><CT>" triggered "weaponstats2" (weapon "usp") (head "0") (chest "0") (stomach "0") (leftarm "0") (rightarm "0") (leftleg "0") (rightleg "0")
L 03/17/2015 - 19:00:13: "[Hard_Skill]_Extazy<34><STEAM_0:4:397277401><CT>" triggered "weaponstats" (weapon "awp") (shots "21") (hits "2") (kills "2") (headshots "0") (tks "0") (damage "220") (deaths "2")
L 03/17/2015 - 19:00:13: "[Hard_Skill]_Extazy<34><STEAM_0:4:397277401><CT>" triggered "weaponstats2" (weapon "awp") (head "0") (chest "0") (stomach "0") (leftarm "2") (rightarm "0") (leftleg "0") (rightleg "0")
L 03/17/2015 - 19:00:13: "[Hard_Skill]_Extazy<34><STEAM_0:4:397277401><CT>" triggered "weaponstats" (weapon "m4a1") (shots "57") (hits "2") (kills "0") (headshots "0") (tks "0") (damage "41") (deaths "1")
L 03/17/2015 - 19:00:13: "[Hard_Skill]_Extazy<34><STEAM_0:4:397277401><CT>" triggered "weaponstats2" (weapon "m4a1") (head "0") (chest "0") (stomach "0") (leftarm "1") (rightarm "1") (leftleg "0") (rightleg "0")
L 03/17/2015 - 19:00:13: "[Hard_Skill]_Extazy<34><STEAM_0:4:397277401><CT>" triggered "weaponstats" (weapon "deagle") (shots "80") (hits "6") (kills "5") (headshots "5") (tks "0") (damage "700") (deaths "2")
L 03/17/2015 - 19:00:13: "[Hard_Skill]_Extazy<34><STEAM_0:4:397277401><CT>" triggered "weaponstats2" (weapon "deagle") (head "6") (chest "0") (stomach "0") (leftarm "0") (rightarm "0") (leftleg "0") (rightleg "0")
L 03/17/2015 - 19:00:13: "[Hard_Skill]_Extazy<34><STEAM_0:4:397277401><CT>" triggered "weaponstats" (weapon "ak47") (shots "195") (hits "28") (kills "12") (headshots "10") (tks "0") (damage "1545") (deaths "3")
L 03/17/2015 - 19:00:13: "[Hard_Skill]_Extazy<34><STEAM_0:4:397277401><CT>" triggered "weaponstats2" (weapon "ak47") (head "10") (chest "3") (stomach "3") (leftarm "5") (rightarm "3") (leftleg "4") (rightleg "0")
L 03/17/2015 - 19:00:13: "[Hard_Skill]_Extazy<34><STEAM_0:4:397277401><CT>" triggered "weaponstats" (weapon "knife") (shots "4") (hits "0") (kills "0") (headshots "0") (tks "0") (damage "0") (deaths "0")
L 03/17/2015 - 19:00:13: "[Hard_Skill]_Extazy<34><STEAM_0:4:397277401><CT>" triggered "weaponstats2" (weapon "knife") (head "0") (chest "0") (stomach "0") (leftarm "0") (rightarm "0") (leftleg "0") (rightleg "0")
L 03/17/2015 - 19:00:13: "[Hard_Skill]_Extazy<34><STEAM_0:4:397277401><CT>" triggered "time" (time "14:46")
L 03/17/2015 - 19:00:13: "[Hard_Skill]_Extazy<34><STEAM_0:4:397277401><CT>" triggered "latency" (ping "2")
L 03/17/2015 - 19:00:13: "HIRURG<41><STEAM_0:4:753913093><TERRORIST>" triggered "weaponstats" (weapon "grenade") (shots "19") (hits "14") (kills "1") (headshots "0") (tks "0") (damage "328") (deaths "0")
L 03/17/2015 - 19:00:13: "HIRURG<41><STEAM_0:4:753913093><TERRORIST>" triggered "weaponstats2" (weapon "grenade") (head "0") (chest "0") (stomach "0") (leftarm "0") (rightarm "0") (leftleg "0") (rightleg "0")
L 03/17/2015 - 19:00:13: "HIRURG<41><STEAM_0:4:753913093><TERRORIST>" triggered "weaponstats" (weapon "aug") (shots "10") (hits "2") (kills "0") (headshots "0") (tks "0") (damage "38") (deaths "1")
L 03/17/2015 - 19:00:13: "HIRURG<41><STEAM_0:4:753913093><TERRORIST>" triggered "weaponstats2" (weapon "aug") (head "0") (chest "0") (stomach "0") (leftarm "1") (rightarm "1") (leftleg "0") (rightleg "0")
L 03/17/2015 - 19:00:13: "HIRURG<41><STEAM_0:4:753913093><TERRORIST>" triggered "weaponstats" (weapon "m4a1") (shots "172") (hits "37") (kills "11") (headshots "7") (tks "0") (damage "1291") (deaths "8")
L 03/17/2015 - 19:00:13: "HIRURG<41><STEAM_0:4:753913093><TERRORIST>" triggered "weaponstats2" (weapon "m4a1") (head "8") (chest "4") (stomach "5") (leftarm "11") (rightarm "5") (leftleg "3") (rightleg "1")
L 03/17/2015 - 19:00:13: "HIRURG<41><STEAM_0:4:753913093><TERRORIST>" triggered "weaponstats" (weapon "deagle") (shots "1") (hits "0") (kills "0") (headshots "0") (tks "0") (damage "0") (deaths "0")
L 03/17/2015 - 19:00:13: "HIRURG<41><STEAM_0:4:753913093><TERRORIST>" triggered "weaponstats2" (weapon "deagle") (head "0") (chest "0") (stomach "0") (leftarm "0") (rightarm "0") (leftleg "0") (rightleg "0")
L 03/17/2015 - 19:00:13: "HIRURG<41><STEAM_0:4:753913093><TERRORIST>" triggered "weaponstats" (weapon "ak47") (shots "1") (hits "0") (kills "0") (headshots "0") (tks "0") (damage "0") (deaths "0")
L 03/17/2015 - 19:00:13: "HIRURG<41><STEAM_0:4:753913093><TERRORIST>" triggered "weaponstats2" (weapon "ak47") (head "0") (chest "0") (stomach "0") (leftarm "0") (rightarm "0") (leftleg "0") (rightleg "0")
L 03/17/2015 - 19:00:13: "HIRURG<41><STEAM_0:4:753913093><TERRORIST>" triggered "time" (time "11:26")
L 03/17/2015 - 19:00:13: "HIRURG<41><STEAM_0:4:753913093><TERRORIST>" triggered "latency" (ping "39")
L 03/17/2015 - 19:00:13: "ANGELuHA<42><STEAM_0:4:1403834117><TERRORIST>" triggered "weaponstats" (weapon "grenade") (shots "5") (hits "1") (kills "0") (headshots "0") (tks "0") (damage "32") (deaths "0")
L 03/17/2015 - 19:00:13: "ANGELuHA<42><STEAM_0:4:1403834117><TERRORIST>" triggered "weaponstats2" (weapon "grenade") (head "0") (chest "0") (stomach "0") (leftarm "0") (rightarm "0") (leftleg "0") (rightleg "0")
L 03/17/2015 - 19:00:13: "ANGELuHA<42><STEAM_0:4:1403834117><TERRORIST>" triggered "weaponstats" (weapon "aug") (shots "13") (hits "6") (kills "1") (headshots "1") (tks "0") (damage "173") (deaths "1")
L 03/17/2015 - 19:00:13: "ANGELuHA<42><STEAM_0:4:1403834117><TERRORIST>" triggered "weaponstats2" (weapon "aug") (head "1") (chest "1") (stomach "0") (leftarm "2") (rightarm "1") (leftleg "1") (rightleg "0")
L 03/17/2015 - 19:00:13: "ANGELuHA<42><STEAM_0:4:1403834117><TERRORIST>" triggered "weaponstats" (weapon "awp") (shots "2") (hits "0") (kills "0") (headshots "0") (tks "0") (damage "0") (deaths "1")
L 03/17/2015 - 19:00:13: "ANGELuHA<42><STEAM_0:4:1403834117><TERRORIST>" triggered "weaponstats2" (weapon "awp") (head "0") (chest "0") (stomach "0") (leftarm "0") (rightarm "0") (leftleg "0") (rightleg "0")
L 03/17/2015 - 19:00:13: "ANGELuHA<42><STEAM_0:4:1403834117><TERRORIST>" triggered "weaponstats" (weapon "mp5navy") (shots "81") (hits "8") (kills "0") (headshots "0") (tks "0") (damage "82") (deaths "3")
L 03/17/2015 - 19:00:13: "ANGELuHA<42><STEAM_0:4:1403834117><TERRORIST>" triggered "weaponstats2" (weapon "mp5navy") (head "0") (chest "1") (stomach "2") (leftarm "2") (rightarm "1") (leftleg "0") (rightleg "2")
L 03/17/2015 - 19:00:13: "ANGELuHA<42><STEAM_0:4:1403834117><TERRORIST>" triggered "weaponstats" (weapon "m4a1") (shots "60") (hits "4") (kills "1") (headshots "1") (tks "0") (damage "179") (deaths "4")
L 03/17/2015 - 19:00:13: "ANGELuHA<42><STEAM_0:4:1403834117><TERRORIST>" triggered "weaponstats2" (weapon "m4a1") (head "1") (chest "0") (stomach "1") (leftarm "2") (rightarm "0") (leftleg "0") (rightleg "0")
L 03/17/2015 - 19:00:13: "ANGELuHA<42><STEAM_0:4:1403834117><TERRORIST>" triggered "weaponstats" (weapon "deagle") (shots "10") (hits "1") (kills "0") (headshots "0") (tks "0") (damage "28") (deaths "0")
L 03/17/2015 - 19:00:13: "ANGELuHA<42><STEAM_0:4:1403834117><TERRORIST>" triggered "weaponstats2" (weapon "deagle") (head "0") (chest "0") (stomach "0") (leftarm "0") (rightarm "0") (leftleg "1") (rightleg "0")
L 03/17/2015 - 19:00:13: "ANGELuHA<42><STEAM_0:4:1403834117><TERRORIST>" triggered "weaponstats" (weapon "ak47") (shots "53") (hits "5") (kills "1") (headshots "1") (tks "0") (damage "250") (deaths "5")
L 03/17/2015 - 19:00:13: "ANGELuHA<42><STEAM_0:4:1403834117><TERRORIST>" triggered "weaponstats2" (weapon "ak47") (head "1") (chest "0") (stomach "0") (leftarm "3") (rightarm "1") (leftleg "0") (rightleg "0")
L 03/17/2015 - 19:00:13: "ANGELuHA<42><STEAM_0:4:1403834117><TERRORIST>" triggered "time" (time "10:43")
L 03/17/2015 - 19:00:13: "ANGELuHA<42><STEAM_0:4:1403834117><TERRORIST>" triggered "latency" (ping "22")
L 03/17/2015 - 19:00:13: "3JlOu_XJlE6yWEK<43><STEAM_0:4:236559182><CT>" triggered "weaponstats" (weapon "grenade") (shots "5") (hits "2") (kills "0") (headshots "0") (tks "0") (damage "35") (deaths "1")
L 03/17/2015 - 19:00:13: "3JlOu_XJlE6yWEK<43><STEAM_0:4:236559182><CT>" triggered "weaponstats2" (weapon "grenade") (head "0") (chest "0") (stomach "0") (leftarm "0") (rightarm "0") (leftleg "0") (rightleg "0")
L 03/17/2015 - 19:00:13: "3JlOu_XJlE6yWEK<43><STEAM_0:4:236559182><CT>" triggered "weaponstats" (weapon "aug") (shots "3") (hits "0") (kills "0") (headshots "0") (tks "0") (damage "0") (deaths "1")
L 03/17/2015 - 19:00:13: "3JlOu_XJlE6yWEK<43><STEAM_0:4:236559182><CT>" triggered "weaponstats2" (weapon "aug") (head "0") (chest "0") (stomach "0") (leftarm "0") (rightarm "0") (leftleg "0") (rightleg "0")
L 03/17/2015 - 19:00:13: "3JlOu_XJlE6yWEK<43><STEAM_0:4:236559182><CT>" triggered "weaponstats" (weapon "m4a1") (shots "243") (hits "38") (kills "10") (headshots "5") (tks "0") (damage "1320") (deaths "3")
L 03/17/2015 - 19:00:13: "3JlOu_XJlE6yWEK<43><STEAM_0:4:236559182><CT>" triggered "weaponstats2" (weapon "m4a1") (head "5") (chest "7") (stomach "5") (leftarm "10") (rightarm "1") (leftleg "6") (rightleg "4")
L 03/17/2015 - 19:00:13: "3JlOu_XJlE6yWEK<43><STEAM_0:4:236559182><CT>" triggered "weaponstats" (weapon "ak47") (shots "12") (hits "3") (kills "1") (headshots "1") (tks "0") (damage "157") (deaths "1")
L 03/17/2015 - 19:00:13: "3JlOu_XJlE6yWEK<43><STEAM_0:4:236559182><CT>" triggered "weaponstats2" (weapon "ak47") (head "1") (chest "1") (stomach "0") (leftarm "1") (rightarm "0") (leftleg "0") (rightleg "0")
L 03/17/2015 - 19:00:13: "3JlOu_XJlE6yWEK<43><STEAM_0:4:236559182><CT>" triggered "time" (time "9:18")
L 03/17/2015 - 19:00:13: "3JlOu_XJlE6yWEK<43><STEAM_0:4:236559182><CT>" triggered "latency" (ping "61")
L 03/17/2015 - 19:00:13: "[Play_By_Ear]_Calm kettle<48><STEAM_0:4:1996475653><TERRORIST>" triggered "time" (time "1:11")
L 03/17/2015 - 19:00:13: "[Play_By_Ear]_Calm kettle<48><STEAM_0:4:1996475653><TERRORIST>" triggered "latency" (ping "35")
L 03/17/2015 - 19:00:13: "cs_Player<49><STEAM_0:4:371381381><CT>" triggered "time" (time "0:33")
L 03/17/2015 - 19:00:13: "cs_Player<49><STEAM_0:4:371381381><CT>" triggered "latency" (ping "42")
L 03/17/2015 - 19:00:13: Server cvar "mp_timelimit" = "30.000000"
L 03/17/2015 - 19:00:13: [META] ini: Begin re-reading plugins list: /home/extazy/Public/cstrike/addons/metamod/plugins.ini
L 03/17/2015 - 19:00:13: [META] ini: Read plugin config for: AMX Mod X
L 03/17/2015 - 19:00:13: [META] ini: Read plugin config for: dproto_EF
L 03/17/2015 - 19:00:13: [META] ini: Read plugin config for: VoiceTranscoder
L 03/17/2015 - 19:00:13: [META] ini: Finished reading plugins list: /home/extazy/Public/cstrike/addons/metamod/plugins.ini; Found 3 plugins
L 03/17/2015 - 19:00:13: [META] dll: Updating plugins...
L 03/17/2015 - 19:00:13: [META] dll: Finished updating 12 plugins; kept 3, loaded 0, unloaded 0, reloaded 0, delayed 0
L 03/17/2015 - 19:00:13: Log file closed
