L 03/11/2015 - 11:02:46: Log file started (file "logs/L0311037.log") (game "cstrike") (version "48/1.6.3.7/Stdio/5787")
L 03/11/2015 - 11:02:46: Loading map "$2000$"
L 03/11/2015 - 11:02:46: Server cvars start
L 03/11/2015 - 11:02:46: Server cvar "_tutor_bomb_viewable_check_interval" = "0.5"
L 03/11/2015 - 11:02:46: Server cvar "_tutor_debug_level" = "0"
L 03/11/2015 - 11:02:46: Server cvar "_tutor_examine_time" = "0.5"
L 03/11/2015 - 11:02:46: Server cvar "_tutor_hint_interval_time" = "10.0"
L 03/11/2015 - 11:02:46: Server cvar "_tutor_look_angle" = "10"
L 03/11/2015 - 11:02:46: Server cvar "_tutor_look_distance" = "200"
L 03/11/2015 - 11:02:46: Server cvar "_tutor_message_character_display_time_coefficient" = "0.07"
L 03/11/2015 - 11:02:46: Server cvar "_tutor_message_minimum_display_time" = "1"
L 03/11/2015 - 11:02:46: Server cvar "_tutor_message_repeats" = "5"
L 03/11/2015 - 11:02:46: Server cvar "_tutor_view_distance" = "1000"
L 03/11/2015 - 11:02:46: Server cvar "aesp_version" = "1.5b_mini"
L 03/11/2015 - 11:02:46: Server cvar "allow_spectators" = "2"
L 03/11/2015 - 11:02:46: Server cvar "amx_client_languages" = "0"
L 03/11/2015 - 11:02:46: Server cvar "amx_contactinfo" = "ICQ: 691322983"
L 03/11/2015 - 11:02:46: Server cvar "amx_language" = "ru"
L 03/11/2015 - 11:02:46: Server cvar "amx_nextmap" = "fy_pool_day"
L 03/11/2015 - 11:02:46: Server cvar "amx_timeleft" = "09:49"
L 03/11/2015 - 11:02:46: Server cvar "amxbans_ssversion" = "Gm 1.6"
L 03/11/2015 - 11:02:46: Server cvar "amxbans_version" = "Gm 1.6"
L 03/11/2015 - 11:02:46: Server cvar "amxmodx_version" = "1.8.1.3746"
L 03/11/2015 - 11:02:46: Server cvar "Colored Translit Cheat" = "Loaded"
L 03/11/2015 - 11:02:46: Server cvar "Colored Translit Config" = "Loaded"
L 03/11/2015 - 11:02:46: Server cvar "Colored Translit Ignores" = "Loaded"
L 03/11/2015 - 11:02:46: Server cvar "Colored Translit Replace" = "Loaded"
L 03/11/2015 - 11:02:46: Server cvar "Colored Translit Spam" = "Loaded"
L 03/11/2015 - 11:02:46: Server cvar "Colored Translit Status" = "Loaded"
L 03/11/2015 - 11:02:46: Server cvar "Colored Translit Swear" = "Loaded"
L 03/11/2015 - 11:02:46: Server cvar "Colored Translit Version" = "2.0b Final"
L 03/11/2015 - 11:02:46: Server cvar "coop" = "0"
L 03/11/2015 - 11:02:46: Server cvar "deathmatch" = "1"
L 03/11/2015 - 11:02:46: Server cvar "decalfrequency" = "9"
L 03/11/2015 - 11:02:46: Server cvar "dp_version" = "0.9.391"
L 03/11/2015 - 11:02:46: Server cvar "edgefriction" = "2"
L 03/11/2015 - 11:02:46: Server cvar "hostage_debug" = "0"
L 03/11/2015 - 11:02:46: Server cvar "hostage_stop" = "0"
L 03/11/2015 - 11:02:46: Server cvar "humans_join_team" = "any"
L 03/11/2015 - 11:02:46: Server cvar "jtp10181" = "chute"
L 03/11/2015 - 11:02:46: Server cvar "max_queries_sec" = "3.0"
L 03/11/2015 - 11:02:46: Server cvar "max_queries_sec_global" = "30"
L 03/11/2015 - 11:02:46: Server cvar "max_queries_window" = "60"
L 03/11/2015 - 11:02:46: Server cvar "metamod_version" = "1.19p32"
L 03/11/2015 - 11:02:46: Server cvar "mp_allowmonsters" = "0"
L 03/11/2015 - 11:02:46: Server cvar "mp_autokick" = "1"
L 03/11/2015 - 11:02:46: Server cvar "mp_autoteambalance" = "1"
L 03/11/2015 - 11:02:46: Server cvar "mp_buytime" = "1.5"
L 03/11/2015 - 11:02:46: Server cvar "mp_c4timer" = "35"
L 03/11/2015 - 11:02:46: Server cvar "mp_chattime" = "0"
L 03/11/2015 - 11:02:46: Server cvar "mp_consistency" = "1"
L 03/11/2015 - 11:02:46: Server cvar "mp_fadetoblack" = "0"
L 03/11/2015 - 11:02:46: Server cvar "mp_flashlight" = "1"
L 03/11/2015 - 11:02:46: Server cvar "mp_footsteps" = "1"
L 03/11/2015 - 11:02:46: Server cvar "mp_forcecamera" = "0"
L 03/11/2015 - 11:02:46: Server cvar "mp_forcechasecam" = "0"
L 03/11/2015 - 11:02:46: Server cvar "mp_fragsleft" = "0"
L 03/11/2015 - 11:02:46: Server cvar "mp_freezetime" = "5"
L 03/11/2015 - 11:02:46: Server cvar "mp_friendlyfire" = "0"
L 03/11/2015 - 11:02:46: Server cvar "mp_ghostfrequency" = "0.1"
L 03/11/2015 - 11:02:46: Server cvar "mp_hostagepenalty" = "2"
L 03/11/2015 - 11:02:46: Server cvar "mp_kickpercent" = "0.66"
L 03/11/2015 - 11:02:46: Server cvar "mp_limitteams" = "2"
L 03/11/2015 - 11:02:46: Server cvar "mp_logdetail" = "3"
L 03/11/2015 - 11:02:46: Server cvar "mp_logfile" = "1"
L 03/11/2015 - 11:02:46: Server cvar "mp_logmessages" = "1"
L 03/11/2015 - 11:02:46: Server cvar "mp_mapvoteratio" = "0.66"
L 03/11/2015 - 11:02:46: Server cvar "mp_maxrounds" = "0"
L 03/11/2015 - 11:02:46: Server cvar "mp_mirrordamage" = "0"
L 03/11/2015 - 11:02:46: Server cvar "mp_playerid" = "0"
L 03/11/2015 - 11:02:46: Server cvar "mp_roundtime" = "2.57"
L 03/11/2015 - 11:02:46: Server cvar "mp_startmoney" = "800"
L 03/11/2015 - 11:02:46: Server cvar "mp_timeleft" = "0"
L 03/11/2015 - 11:02:46: Server cvar "mp_timelimit" = "30"
L 03/11/2015 - 11:02:46: Server cvar "mp_tkpunish" = "1"
L 03/11/2015 - 11:02:46: Server cvar "mp_windifference" = "1"
L 03/11/2015 - 11:02:46: Server cvar "mp_winlimit" = "0"
L 03/11/2015 - 11:02:46: Server cvar "pausable" = "0"
L 03/11/2015 - 11:02:46: Server cvar "sv_accelerate" = "5"
L 03/11/2015 - 11:02:46: Server cvar "sv_aim" = "off"
L 03/11/2015 - 11:02:46: Server cvar "sv_airaccelerate" = "10"
L 03/11/2015 - 11:02:46: Server cvar "sv_airmove" = "1"
L 03/11/2015 - 11:02:46: Server cvar "sv_allowupload" = "1"
L 03/11/2015 - 11:02:46: Server cvar "sv_alltalk" = "1"
L 03/11/2015 - 11:02:46: Server cvar "sv_bounce" = "1"
L 03/11/2015 - 11:02:46: Server cvar "sv_cheats" = "off"
L 03/11/2015 - 11:02:46: Server cvar "sv_clienttrace" = "1"
L 03/11/2015 - 11:02:46: Server cvar "sv_clipmode" = "0"
L 03/11/2015 - 11:02:46: Server cvar "sv_contact" = ""
L 03/11/2015 - 11:02:46: Server cvar "sv_friction" = "4"
L 03/11/2015 - 11:02:46: Server cvar "sv_gravity" = "800"
L 03/11/2015 - 11:02:46: Server cvar "sv_logblocks" = "0"
L 03/11/2015 - 11:02:46: Server cvar "sv_maxrate" = "50000"
L 03/11/2015 - 11:02:46: Server cvar "sv_maxspeed" = "900"
L 03/11/2015 - 11:02:46: Server cvar "sv_minrate" = "100000"
L 03/11/2015 - 11:02:46: Server cvar "sv_password" = ""
L 03/11/2015 - 11:02:46: Server cvar "sv_proxies" = "0"
L 03/11/2015 - 11:02:46: Server cvar "sv_region" = "3"
L 03/11/2015 - 11:02:46: Server cvar "sv_restart" = "0"
L 03/11/2015 - 11:02:46: Server cvar "sv_restartround" = "0"
L 03/11/2015 - 11:02:46: Server cvar "sv_stepsize" = "18"
L 03/11/2015 - 11:02:46: Server cvar "sv_stopspeed" = "75"
L 03/11/2015 - 11:02:46: Server cvar "sv_uploadmax" = "0.5"
L 03/11/2015 - 11:02:46: Server cvar "sv_voiceenable" = "1"
L 03/11/2015 - 11:02:46: Server cvar "sv_wateraccelerate" = "10"
L 03/11/2015 - 11:02:46: Server cvar "sv_waterfriction" = "1"
L 03/11/2015 - 11:02:46: Server cvar "ultimate_sounds" = "1.7"
L 03/11/2015 - 11:02:46: Server cvar "vtc_version" = "80"
L 03/11/2015 - 11:02:46: Server cvars end
L 03/11/2015 - 11:02:46: Server cvar "amx_nextmap" = "35_hp_2011"
L 03/11/2015 - 11:02:47: Started map "$2000$" (CRC "-1688392397")
L 03/11/2015 - 11:02:53: World triggered "Round_Start"
L 03/11/2015 - 11:18:42: [DPROTO]: Client 0 - Set AuthIdType 1 [dp_RevEmu]; pClient = 0xb3949f08
L 03/11/2015 - 11:18:42: "Mu/[KA<5><STEAM_0:0:1331792062><>" connected, address "178.124.1.227:27005"
L 03/11/2015 - 11:18:42: [VTC] Player 1 speex
L 03/11/2015 - 11:18:55: "Mu/[KA<5><STEAM_0:0:1331792062><>" entered the game
L 03/11/2015 - 11:19:06: "Mu/[KA<5><STEAM_0:0:1331792062><>" joined team "TERRORIST"
L 03/11/2015 - 11:19:50: [DPROTO]: Client 1 - Set AuthIdType 1 [dp_RevEmu]; pClient = 0xb394edfc
L 03/11/2015 - 11:19:50: "Nastyusha<6><STEAM_0:0:1354825163><>" connected, address "37.212.240.227:25925"
L 03/11/2015 - 11:19:50: [VTC] Player 2 speex
L 03/11/2015 - 11:19:53: [DPROTO]: Client 1 - Set AuthIdType 1 [dp_RevEmu]; pClient = 0xb394edfc
L 03/11/2015 - 11:19:53: "Nastyusha<7><STEAM_0:0:1354825163><>" connected, address "37.212.240.227:25925"
L 03/11/2015 - 11:19:54: [VTC] Player 2 speex
L 03/11/2015 - 11:19:58: "Nastyusha<7><STEAM_0:0:1354825163><>" entered the game
L 03/11/2015 - 11:20:09: "Nastyusha<7><STEAM_0:0:1354825163><>" joined team "CT"
L 03/11/2015 - 11:20:09: World triggered "Game_Commencing"
L 03/11/2015 - 11:20:09: World triggered "Game_Commencing" (CT "0") (T "0")
L 03/11/2015 - 11:20:09: World triggered "Round_End"
L 03/11/2015 - 11:20:17: World triggered "Round_Start"
L 03/11/2015 - 11:20:28: "Nastyusha<7><STEAM_0:0:1354825163><CT>" attacked "Mu/[KA<5><STEAM_0:0:1331792062><TERRORIST>" with "m4a1" (damage "30") (damage_armor "0") (health "70") (armor "0")
L 03/11/2015 - 11:20:28: "Nastyusha<7><STEAM_0:0:1354825163><CT>" attacked "Mu/[KA<5><STEAM_0:0:1331792062><TERRORIST>" with "m4a1" (damage "30") (damage_armor "0") (health "40") (armor "0")
L 03/11/2015 - 11:20:28: "Nastyusha<7><STEAM_0:0:1354825163><CT>" attacked "Mu/[KA<5><STEAM_0:0:1331792062><TERRORIST>" with "m4a1" (damage "30") (damage_armor "0") (health "10") (armor "0")
L 03/11/2015 - 11:20:28: "Nastyusha<7><STEAM_0:0:1354825163><CT>" attacked "Mu/[KA<5><STEAM_0:0:1331792062><TERRORIST>" with "m4a1" (damage "120") (damage_armor "0") (health "-110") (armor "0")
L 03/11/2015 - 11:20:28: "Nastyusha<7><STEAM_0:0:1354825163><CT>" killed "Mu/[KA<5><STEAM_0:0:1331792062><TERRORIST>" with "m4a1"
L 03/11/2015 - 11:20:28: Team "CT" triggered "CTs_Win" (CT "1") (T "0")
L 03/11/2015 - 11:20:28: World triggered "Round_End"
L 03/11/2015 - 11:20:38: World triggered "Round_Start"
L 03/11/2015 - 11:20:41: "Mu/[KA<5><STEAM_0:0:1331792062><TERRORIST>" attacked "Nastyusha<7><STEAM_0:0:1354825163><CT>" with "mp5navy" (damage "20") (damage_armor "0") (health "80") (armor "0")
L 03/11/2015 - 11:20:42: "Nastyusha<7><STEAM_0:0:1354825163><CT>" attacked "Mu/[KA<5><STEAM_0:0:1331792062><TERRORIST>" with "m4a1" (damage "10") (damage_armor "0") (health "90") (armor "0")
L 03/11/2015 - 11:20:42: "Nastyusha<7><STEAM_0:0:1354825163><CT>" attacked "Mu/[KA<5><STEAM_0:0:1331792062><TERRORIST>" with "m4a1" (damage "14") (damage_armor "0") (health "76") (armor "0")
L 03/11/2015 - 11:20:45: "Mu/[KA<5><STEAM_0:0:1331792062><TERRORIST>" attacked "Nastyusha<7><STEAM_0:0:1354825163><CT>" with "mp5navy" (damage "17") (damage_armor "0") (health "63") (armor "0")
L 03/11/2015 - 11:20:45: "Nastyusha<7><STEAM_0:0:1354825163><CT>" attacked "Mu/[KA<5><STEAM_0:0:1331792062><TERRORIST>" with "m4a1" (damage "21") (damage_armor "0") (health "55") (armor "0")
L 03/11/2015 - 11:20:45: "Nastyusha<7><STEAM_0:0:1354825163><CT>" attacked "Mu/[KA<5><STEAM_0:0:1331792062><TERRORIST>" with "m4a1" (damage "29") (damage_armor "0") (health "26") (armor "0")
L 03/11/2015 - 11:20:55: "Mu/[KA<5><STEAM_0:0:1331792062><TERRORIST>" attacked "Nastyusha<7><STEAM_0:0:1354825163><CT>" with "ak47" (damage "25") (damage_armor "0") (health "38") (armor "0")
L 03/11/2015 - 11:21:03: "Mu/[KA<5><STEAM_0:0:1331792062><TERRORIST>" attacked "Nastyusha<7><STEAM_0:0:1354825163><CT>" with "ak47" (damage "43") (damage_armor "0") (health "-5") (armor "0")
L 03/11/2015 - 11:21:03: "Mu/[KA<5><STEAM_0:0:1331792062><TERRORIST>" killed "Nastyusha<7><STEAM_0:0:1354825163><CT>" with "ak47"
L 03/11/2015 - 11:21:03: Team "TERRORIST" triggered "Terrorists_Win" (CT "1") (T "1")
L 03/11/2015 - 11:21:03: World triggered "Round_End"
L 03/11/2015 - 11:21:11: "Nastyusha<7><STEAM_0:0:1354825163><CT>" committed suicide with "world"
L 03/11/2015 - 11:21:11: Team "TERRORIST" triggered "Terrorists_Win" (CT "1") (T "2")
L 03/11/2015 - 11:21:11: World triggered "Round_End"
L 03/11/2015 - 11:21:11: "Nastyusha<7><STEAM_0:0:1354825163><CT>" joined team "SPECTATOR"
L 03/11/2015 - 11:21:13: World triggered "Round_Start"
L 03/11/2015 - 11:21:21: World triggered "Round_Start"
L 03/11/2015 - 11:22:51: "Nastyusha<7><STEAM_0:0:1354825163><SPECTATOR>" joined team "CT"
L 03/11/2015 - 11:22:51: World triggered "Game_Commencing"
L 03/11/2015 - 11:22:51: World triggered "Game_Commencing" (CT "1") (T "2")
L 03/11/2015 - 11:22:51: World triggered "Round_End"
L 03/11/2015 - 11:22:59: World triggered "Round_Start"
L 03/11/2015 - 11:23:15: "Nastyusha<7><STEAM_0:0:1354825163><CT>" attacked "Mu/[KA<5><STEAM_0:0:1331792062><TERRORIST>" with "m4a1" (damage "29") (damage_armor "0") (health "71") (armor "0")
L 03/11/2015 - 11:23:16: "Mu/[KA<5><STEAM_0:0:1331792062><TERRORIST>" attacked "Nastyusha<7><STEAM_0:0:1354825163><CT>" with "m4a1" (damage "29") (damage_armor "0") (health "71") (armor "0")
L 03/11/2015 - 11:23:16: "Nastyusha<7><STEAM_0:0:1354825163><CT>" attacked "Mu/[KA<5><STEAM_0:0:1331792062><TERRORIST>" with "m4a1" (damage "36") (damage_armor "0") (health "35") (armor "0")
L 03/11/2015 - 11:23:16: "Mu/[KA<5><STEAM_0:0:1331792062><TERRORIST>" attacked "Nastyusha<7><STEAM_0:0:1354825163><CT>" with "m4a1" (damage "13") (damage_armor "0") (health "58") (armor "0")
L 03/11/2015 - 11:23:26: "Nastyusha<7><STEAM_0:0:1354825163><CT>" attacked "Mu/[KA<5><STEAM_0:0:1331792062><TERRORIST>" with "m4a1" (damage "30") (damage_armor "0") (health "5") (armor "0")
L 03/11/2015 - 11:23:27: "Nastyusha<7><STEAM_0:0:1354825163><CT>" attacked "Mu/[KA<5><STEAM_0:0:1331792062><TERRORIST>" with "m4a1" (damage "30") (damage_armor "0") (health "-25") (armor "0")
L 03/11/2015 - 11:23:27: "Nastyusha<7><STEAM_0:0:1354825163><CT>" killed "Mu/[KA<5><STEAM_0:0:1331792062><TERRORIST>" with "m4a1"
L 03/11/2015 - 11:23:27: Team "CT" triggered "CTs_Win" (CT "1") (T "0")
L 03/11/2015 - 11:23:27: World triggered "Round_End"
L 03/11/2015 - 11:23:37: World triggered "Round_Start"
L 03/11/2015 - 11:23:49: "Mu/[KA<5><STEAM_0:0:1331792062><TERRORIST>" attacked "Nastyusha<7><STEAM_0:0:1354825163><CT>" with "m4a1" (damage "21") (damage_armor "0") (health "79") (armor "0")
L 03/11/2015 - 11:23:50: "Mu/[KA<5><STEAM_0:0:1331792062><TERRORIST>" attacked "Nastyusha<7><STEAM_0:0:1354825163><CT>" with "m4a1" (damage "36") (damage_armor "0") (health "43") (armor "0")
L 03/11/2015 - 11:23:50: "Mu/[KA<5><STEAM_0:0:1331792062><TERRORIST>" attacked "Nastyusha<7><STEAM_0:0:1354825163><CT>" with "m4a1" (damage "9") (damage_armor "0") (health "34") (armor "0")
L 03/11/2015 - 11:23:58: "Nastyusha<7><STEAM_0:0:1354825163><CT>" attacked "Mu/[KA<5><STEAM_0:0:1331792062><TERRORIST>" with "m4a1" (damage "31") (damage_armor "0") (health "33") (armor "0")
L 03/11/2015 - 11:23:58: "Nastyusha<7><STEAM_0:0:1354825163><CT>" attacked "Mu/[KA<5><STEAM_0:0:1331792062><TERRORIST>" with "m4a1" (damage "31") (damage_armor "0") (health "2") (armor "0")
L 03/11/2015 - 11:23:58: "Nastyusha<7><STEAM_0:0:1354825163><CT>" attacked "Mu/[KA<5><STEAM_0:0:1331792062><TERRORIST>" with "m4a1" (damage "124") (damage_armor "0") (health "-122") (armor "0")
L 03/11/2015 - 11:23:58: "Nastyusha<7><STEAM_0:0:1354825163><CT>" killed "Mu/[KA<5><STEAM_0:0:1331792062><TERRORIST>" with "m4a1"
L 03/11/2015 - 11:23:58: Team "CT" triggered "CTs_Win" (CT "2") (T "0")
L 03/11/2015 - 11:23:58: World triggered "Round_End"
L 03/11/2015 - 11:24:08: World triggered "Round_Start"
L 03/11/2015 - 11:24:25: "Mu/[KA<5><STEAM_0:0:1331792062><TERRORIST>" attacked "Nastyusha<7><STEAM_0:0:1354825163><CT>" with "ak47" (damage "42") (damage_armor "0") (health "58") (armor "0")
L 03/11/2015 - 11:24:26: "Mu/[KA<5><STEAM_0:0:1331792062><TERRORIST>" attacked "Nastyusha<7><STEAM_0:0:1354825163><CT>" with "ak47" (damage "42") (damage_armor "0") (health "16") (armor "0")
L 03/11/2015 - 11:24:26: "Mu/[KA<5><STEAM_0:0:1331792062><TERRORIST>" attacked "Nastyusha<7><STEAM_0:0:1354825163><CT>" with "ak47" (damage "34") (damage_armor "0") (health "-18") (armor "0")
L 03/11/2015 - 11:24:26: "Mu/[KA<5><STEAM_0:0:1331792062><TERRORIST>" killed "Nastyusha<7><STEAM_0:0:1354825163><CT>" with "ak47"
L 03/11/2015 - 11:24:26: Team "TERRORIST" triggered "Terrorists_Win" (CT "2") (T "1")
L 03/11/2015 - 11:24:26: World triggered "Round_End"
L 03/11/2015 - 11:24:36: World triggered "Round_Start"
L 03/11/2015 - 11:24:42: "Nastyusha<7><STEAM_0:0:1354825163><CT>" attacked "Mu/[KA<5><STEAM_0:0:1331792062><TERRORIST>" with "m4a1" (damage "30") (damage_armor "0") (health "70") (armor "0")
L 03/11/2015 - 11:24:42: "Nastyusha<7><STEAM_0:0:1354825163><CT>" attacked "Mu/[KA<5><STEAM_0:0:1331792062><TERRORIST>" with "m4a1" (damage "30") (damage_armor "0") (health "40") (armor "0")
L 03/11/2015 - 11:24:42: "Nastyusha<7><STEAM_0:0:1354825163><CT>" attacked "Mu/[KA<5><STEAM_0:0:1331792062><TERRORIST>" with "m4a1" (damage "30") (damage_armor "0") (health "10") (armor "0")
L 03/11/2015 - 11:24:43: "Nastyusha<7><STEAM_0:0:1354825163><CT>" attacked "Mu/[KA<5><STEAM_0:0:1331792062><TERRORIST>" with "m4a1" (damage "37") (damage_armor "0") (health "-27") (armor "0")
L 03/11/2015 - 11:24:43: "Nastyusha<7><STEAM_0:0:1354825163><CT>" killed "Mu/[KA<5><STEAM_0:0:1331792062><TERRORIST>" with "m4a1"
L 03/11/2015 - 11:24:43: Team "CT" triggered "CTs_Win" (CT "3") (T "1")
L 03/11/2015 - 11:24:43: World triggered "Round_End"
L 03/11/2015 - 11:24:53: World triggered "Round_Start"
L 03/11/2015 - 11:25:03: "Mu/[KA<5><STEAM_0:0:1331792062><TERRORIST>" attacked "Nastyusha<7><STEAM_0:0:1354825163><CT>" with "m4a1" (damage "31") (damage_armor "0") (health "69") (armor "0")
L 03/11/2015 - 11:25:03: "Nastyusha<7><STEAM_0:0:1354825163><CT>" attacked "Mu/[KA<5><STEAM_0:0:1331792062><TERRORIST>" with "m4a1" (damage "31") (damage_armor "0") (health "25") (armor "0")
L 03/11/2015 - 11:25:03: "Mu/[KA<5><STEAM_0:0:1331792062><TERRORIST>" attacked "Nastyusha<7><STEAM_0:0:1354825163><CT>" with "m4a1" (damage "31") (damage_armor "0") (health "38") (armor "0")
L 03/11/2015 - 11:25:03: "Nastyusha<7><STEAM_0:0:1354825163><CT>" attacked "Mu/[KA<5><STEAM_0:0:1331792062><TERRORIST>" with "m4a1" (damage "38") (damage_armor "0") (health "-13") (armor "0")
L 03/11/2015 - 11:25:03: "Nastyusha<7><STEAM_0:0:1354825163><CT>" killed "Mu/[KA<5><STEAM_0:0:1331792062><TERRORIST>" with "m4a1"
L 03/11/2015 - 11:25:03: Team "CT" triggered "CTs_Win" (CT "4") (T "1")
L 03/11/2015 - 11:25:03: World triggered "Round_End"
L 03/11/2015 - 11:25:13: World triggered "Round_Start"
L 03/11/2015 - 11:25:26: "Nastyusha<7><STEAM_0:0:1354825163><CT>" attacked "Mu/[KA<5><STEAM_0:0:1331792062><TERRORIST>" with "m4a1" (damage "31") (damage_armor "0") (health "69") (armor "0")
L 03/11/2015 - 11:25:26: "Nastyusha<7><STEAM_0:0:1354825163><CT>" attacked "Mu/[KA<5><STEAM_0:0:1331792062><TERRORIST>" with "m4a1" (damage "31") (damage_armor "0") (health "38") (armor "0")
L 03/11/2015 - 11:25:26: "Nastyusha<7><STEAM_0:0:1354825163><CT>" attacked "Mu/[KA<5><STEAM_0:0:1331792062><TERRORIST>" with "m4a1" (damage "31") (damage_armor "0") (health "7") (armor "0")
L 03/11/2015 - 11:25:26: "Nastyusha<7><STEAM_0:0:1354825163><CT>" attacked "Mu/[KA<5><STEAM_0:0:1331792062><TERRORIST>" with "m4a1" (damage "124") (damage_armor "0") (health "-117") (armor "0")
L 03/11/2015 - 11:25:26: "Nastyusha<7><STEAM_0:0:1354825163><CT>" killed "Mu/[KA<5><STEAM_0:0:1331792062><TERRORIST>" with "m4a1"
L 03/11/2015 - 11:25:26: Team "CT" triggered "CTs_Win" (CT "5") (T "1")
L 03/11/2015 - 11:25:26: World triggered "Round_End"
L 03/11/2015 - 11:25:36: World triggered "Round_Start"
L 03/11/2015 - 11:25:54: "Mu/[KA<5><STEAM_0:0:1331792062><TERRORIST>" attacked "Nastyusha<7><STEAM_0:0:1354825163><CT>" with "ak47" (damage "35") (damage_armor "0") (health "65") (armor "0")
L 03/11/2015 - 11:25:54: "Mu/[KA<5><STEAM_0:0:1331792062><TERRORIST>" attacked "Nastyusha<7><STEAM_0:0:1354825163><CT>" with "ak47" (damage "26") (damage_armor "0") (health "39") (armor "0")
L 03/11/2015 - 11:25:54: "Nastyusha<7><STEAM_0:0:1354825163><CT>" attacked "Mu/[KA<5><STEAM_0:0:1331792062><TERRORIST>" with "m4a1" (damage "31") (damage_armor "0") (health "69") (armor "0")
L 03/11/2015 - 11:25:54: "Mu/[KA<5><STEAM_0:0:1331792062><TERRORIST>" attacked "Nastyusha<7><STEAM_0:0:1354825163><CT>" with "ak47" (damage "43") (damage_armor "0") (health "-4") (armor "0")
L 03/11/2015 - 11:25:54: "Mu/[KA<5><STEAM_0:0:1331792062><TERRORIST>" killed "Nastyusha<7><STEAM_0:0:1354825163><CT>" with "ak47"
L 03/11/2015 - 11:25:54: Team "TERRORIST" triggered "Terrorists_Win" (CT "5") (T "2")
L 03/11/2015 - 11:25:54: World triggered "Round_End"
L 03/11/2015 - 11:26:04: World triggered "Round_Start"
L 03/11/2015 - 11:26:09: "Mu/[KA<5><STEAM_0:0:1331792062><TERRORIST>" attacked "Nastyusha<7><STEAM_0:0:1354825163><CT>" with "aug" (damage "21") (damage_armor "0") (health "79") (armor "0")
L 03/11/2015 - 11:26:10: "Nastyusha<7><STEAM_0:0:1354825163><CT>" attacked "Mu/[KA<5><STEAM_0:0:1331792062><TERRORIST>" with "ak47" (damage "34") (damage_armor "0") (health "66") (armor "0")
L 03/11/2015 - 11:26:10: "Mu/[KA<5><STEAM_0:0:1331792062><TERRORIST>" attacked "Nastyusha<7><STEAM_0:0:1354825163><CT>" with "aug" (damage "21") (damage_armor "0") (health "58") (armor "0")
L 03/11/2015 - 11:26:10: "Mu/[KA<5><STEAM_0:0:1331792062><TERRORIST>" attacked "Nastyusha<7><STEAM_0:0:1354825163><CT>" with "aug" (damage "29") (damage_armor "0") (health "29") (armor "0")
L 03/11/2015 - 11:26:10: "Mu/[KA<5><STEAM_0:0:1331792062><TERRORIST>" attacked "Nastyusha<7><STEAM_0:0:1354825163><CT>" with "aug" (damage "29") (damage_armor "0") (health "0") (armor "0")
L 03/11/2015 - 11:26:10: "Mu/[KA<5><STEAM_0:0:1331792062><TERRORIST>" killed "Nastyusha<7><STEAM_0:0:1354825163><CT>" with "aug"
L 03/11/2015 - 11:26:10: Team "TERRORIST" triggered "Terrorists_Win" (CT "5") (T "3")
L 03/11/2015 - 11:26:10: World triggered "Round_End"
L 03/11/2015 - 11:26:20: World triggered "Round_Start"
L 03/11/2015 - 11:26:32: "Mu/[KA<5><STEAM_0:0:1331792062><TERRORIST>" attacked "Nastyusha<7><STEAM_0:0:1354825163><CT>" with "aug" (damage "30") (damage_armor "0") (health "70") (armor "0")
L 03/11/2015 - 11:26:32: "Nastyusha<7><STEAM_0:0:1354825163><CT>" attacked "Mu/[KA<5><STEAM_0:0:1331792062><TERRORIST>" with "m4a1" (damage "10") (damage_armor "0") (health "90") (armor "0")
L 03/11/2015 - 11:26:32: "Nastyusha<7><STEAM_0:0:1354825163><CT>" attacked "Mu/[KA<5><STEAM_0:0:1331792062><TERRORIST>" with "m4a1" (damage "22") (damage_armor "0") (health "68") (armor "0")
L 03/11/2015 - 11:26:33: "Nastyusha<7><STEAM_0:0:1354825163><CT>" attacked "Mu/[KA<5><STEAM_0:0:1331792062><TERRORIST>" with "m4a1" (damage "37") (damage_armor "0") (health "31") (armor "0")
L 03/11/2015 - 11:26:33: "Nastyusha<7><STEAM_0:0:1354825163><CT>" attacked "Mu/[KA<5><STEAM_0:0:1331792062><TERRORIST>" with "m4a1" (damage "30") (damage_armor "0") (health "1") (armor "0")
L 03/11/2015 - 11:26:33: "Mu/[KA<5><STEAM_0:0:1331792062><TERRORIST>" attacked "Nastyusha<7><STEAM_0:0:1354825163><CT>" with "aug" (damage "30") (damage_armor "0") (health "40") (armor "0")
L 03/11/2015 - 11:26:33: "Nastyusha<7><STEAM_0:0:1354825163><CT>" attacked "Mu/[KA<5><STEAM_0:0:1331792062><TERRORIST>" with "m4a1" (damage "30") (damage_armor "0") (health "-29") (armor "0")
L 03/11/2015 - 11:26:33: "Nastyusha<7><STEAM_0:0:1354825163><CT>" killed "Mu/[KA<5><STEAM_0:0:1331792062><TERRORIST>" with "m4a1"
L 03/11/2015 - 11:26:33: Team "CT" triggered "CTs_Win" (CT "6") (T "3")
L 03/11/2015 - 11:26:33: World triggered "Round_End"
L 03/11/2015 - 11:26:43: World triggered "Round_Start"
L 03/11/2015 - 11:26:49: "Nastyusha<7><STEAM_0:0:1354825163><CT>" attacked "Mu/[KA<5><STEAM_0:0:1331792062><TERRORIST>" with "m4a1" (damage "29") (damage_armor "0") (health "71") (armor "0")
L 03/11/2015 - 11:26:52: "Mu/[KA<5><STEAM_0:0:1331792062><TERRORIST>" attacked "Nastyusha<7><STEAM_0:0:1354825163><CT>" with "ak47" (damage "12") (damage_armor "0") (health "88") (armor "0")
L 03/11/2015 - 11:26:55: "Nastyusha<7><STEAM_0:0:1354825163><CT>" attacked "Mu/[KA<5><STEAM_0:0:1331792062><TERRORIST>" with "m4a1" (damage "120") (damage_armor "0") (health "-49") (armor "0")
L 03/11/2015 - 11:26:55: "Nastyusha<7><STEAM_0:0:1354825163><CT>" killed "Mu/[KA<5><STEAM_0:0:1331792062><TERRORIST>" with "m4a1"
L 03/11/2015 - 11:26:55: Team "CT" triggered "CTs_Win" (CT "7") (T "3")
L 03/11/2015 - 11:26:55: World triggered "Round_End"
L 03/11/2015 - 11:27:05: World triggered "Round_Start"
L 03/11/2015 - 11:27:15: "Nastyusha<7><STEAM_0:0:1354825163><CT>" attacked "Mu/[KA<5><STEAM_0:0:1331792062><TERRORIST>" with "m4a1" (damage "29") (damage_armor "0") (health "71") (armor "0")
L 03/11/2015 - 11:27:15: "Nastyusha<7><STEAM_0:0:1354825163><CT>" attacked "Mu/[KA<5><STEAM_0:0:1331792062><TERRORIST>" with "m4a1" (damage "36") (damage_armor "0") (health "35") (armor "0")
L 03/11/2015 - 11:27:15: "Nastyusha<7><STEAM_0:0:1354825163><CT>" attacked "Mu/[KA<5><STEAM_0:0:1331792062><TERRORIST>" with "m4a1" (damage "29") (damage_armor "0") (health "6") (armor "0")
L 03/11/2015 - 11:27:16: "Nastyusha<7><STEAM_0:0:1354825163><CT>" attacked "Mu/[KA<5><STEAM_0:0:1331792062><TERRORIST>" with "m4a1" (damage "21") (damage_armor "0") (health "-15") (armor "0")
L 03/11/2015 - 11:27:16: "Nastyusha<7><STEAM_0:0:1354825163><CT>" killed "Mu/[KA<5><STEAM_0:0:1331792062><TERRORIST>" with "m4a1"
L 03/11/2015 - 11:27:16: Team "CT" triggered "CTs_Win" (CT "8") (T "3")
L 03/11/2015 - 11:27:16: World triggered "Round_End"
L 03/11/2015 - 11:27:26: World triggered "Round_Start"
L 03/11/2015 - 11:27:33: "Nastyusha<7><STEAM_0:0:1354825163><CT>" attacked "Mu/[KA<5><STEAM_0:0:1331792062><TERRORIST>" with "m4a1" (damage "22") (damage_armor "0") (health "15") (armor "0")
L 03/11/2015 - 11:27:33: "Nastyusha<7><STEAM_0:0:1354825163><CT>" attacked "Mu/[KA<5><STEAM_0:0:1331792062><TERRORIST>" with "m4a1" (damage "14") (damage_armor "0") (health "1") (armor "0")
L 03/11/2015 - 11:27:34: "Nastyusha<7><STEAM_0:0:1354825163><CT>" attacked "Mu/[KA<5><STEAM_0:0:1331792062><TERRORIST>" with "m4a1" (damage "120") (damage_armor "0") (health "-119") (armor "0")
L 03/11/2015 - 11:27:34: "Nastyusha<7><STEAM_0:0:1354825163><CT>" killed "Mu/[KA<5><STEAM_0:0:1331792062><TERRORIST>" with "m4a1"
L 03/11/2015 - 11:27:34: Team "CT" triggered "CTs_Win" (CT "9") (T "3")
L 03/11/2015 - 11:27:34: World triggered "Round_End"
L 03/11/2015 - 11:27:44: World triggered "Round_Start"
L 03/11/2015 - 11:27:54: "Nastyusha<7><STEAM_0:0:1354825163><CT>" attacked "Mu/[KA<5><STEAM_0:0:1331792062><TERRORIST>" with "m4a1" (damage "29") (damage_armor "0") (health "71") (armor "0")
L 03/11/2015 - 11:27:54: "Nastyusha<7><STEAM_0:0:1354825163><CT>" attacked "Mu/[KA<5><STEAM_0:0:1331792062><TERRORIST>" with "m4a1" (damage "116") (damage_armor "0") (health "-45") (armor "0")
L 03/11/2015 - 11:27:54: "Nastyusha<7><STEAM_0:0:1354825163><CT>" killed "Mu/[KA<5><STEAM_0:0:1331792062><TERRORIST>" with "m4a1"
L 03/11/2015 - 11:27:54: Team "CT" triggered "CTs_Win" (CT "10") (T "3")
L 03/11/2015 - 11:27:54: World triggered "Round_End"
L 03/11/2015 - 11:28:04: World triggered "Round_Start"
L 03/11/2015 - 11:28:11: "Nastyusha<7><STEAM_0:0:1354825163><CT>" attacked "Mu/[KA<5><STEAM_0:0:1331792062><TERRORIST>" with "m4a1" (damage "29") (damage_armor "0") (health "71") (armor "0")
L 03/11/2015 - 11:28:11: "Nastyusha<7><STEAM_0:0:1354825163><CT>" attacked "Mu/[KA<5><STEAM_0:0:1331792062><TERRORIST>" with "m4a1" (damage "116") (damage_armor "0") (health "-45") (armor "0")
L 03/11/2015 - 11:28:11: "Nastyusha<7><STEAM_0:0:1354825163><CT>" killed "Mu/[KA<5><STEAM_0:0:1331792062><TERRORIST>" with "m4a1"
L 03/11/2015 - 11:28:11: Team "CT" triggered "CTs_Win" (CT "11") (T "3")
L 03/11/2015 - 11:28:11: World triggered "Round_End"
L 03/11/2015 - 11:28:21: World triggered "Round_Start"
L 03/11/2015 - 11:28:30: "Nastyusha<7><STEAM_0:0:1354825163><CT>" attacked "Mu/[KA<5><STEAM_0:0:1331792062><TERRORIST>" with "m4a1" (damage "29") (damage_armor "0") (health "71") (armor "0")
L 03/11/2015 - 11:28:30: "Mu/[KA<5><STEAM_0:0:1331792062><TERRORIST>" attacked "Nastyusha<7><STEAM_0:0:1354825163><CT>" with "ak47" (damage "33") (damage_armor "0") (health "67") (armor "0")
L 03/11/2015 - 11:28:35: "Nastyusha<7><STEAM_0:0:1354825163><CT>" attacked "Mu/[KA<5><STEAM_0:0:1331792062><TERRORIST>" with "m4a1" (damage "36") (damage_armor "0") (health "35") (armor "0")
L 03/11/2015 - 11:28:44: "Nastyusha<7><STEAM_0:0:1354825163><CT>" killed "Mu/[KA<5><STEAM_0:0:1331792062><TERRORIST>" with "grenade"
L 03/11/2015 - 11:28:44: Team "CT" triggered "CTs_Win" (CT "12") (T "3")
L 03/11/2015 - 11:28:44: World triggered "Round_End"
L 03/11/2015 - 11:28:54: World triggered "Round_Start"
L 03/11/2015 - 11:28:59: "Nastyusha<7><STEAM_0:0:1354825163><CT>" attacked "Mu/[KA<5><STEAM_0:0:1331792062><TERRORIST>" with "m4a1" (damage "30") (damage_armor "0") (health "70") (armor "0")
L 03/11/2015 - 11:29:00: "Nastyusha<7><STEAM_0:0:1354825163><CT>" attacked "Mu/[KA<5><STEAM_0:0:1331792062><TERRORIST>" with "m4a1" (damage "30") (damage_armor "0") (health "40") (armor "0")
L 03/11/2015 - 11:29:00: "Nastyusha<7><STEAM_0:0:1354825163><CT>" attacked "Mu/[KA<5><STEAM_0:0:1331792062><TERRORIST>" with "m4a1" (damage "30") (damage_armor "0") (health "10") (armor "0")
L 03/11/2015 - 11:29:01: "Nastyusha<7><STEAM_0:0:1354825163><CT>" attacked "Mu/[KA<5><STEAM_0:0:1331792062><TERRORIST>" with "m4a1" (damage "30") (damage_armor "0") (health "-20") (armor "0")
L 03/11/2015 - 11:29:01: "Nastyusha<7><STEAM_0:0:1354825163><CT>" killed "Mu/[KA<5><STEAM_0:0:1331792062><TERRORIST>" with "m4a1"
L 03/11/2015 - 11:29:01: Team "CT" triggered "CTs_Win" (CT "13") (T "3")
L 03/11/2015 - 11:29:01: World triggered "Round_End"
L 03/11/2015 - 11:29:11: World triggered "Round_Start"
L 03/11/2015 - 11:29:20: "Nastyusha<7><STEAM_0:0:1354825163><CT>" attacked "Mu/[KA<5><STEAM_0:0:1331792062><TERRORIST>" with "m4a1" (damage "22") (damage_armor "0") (health "10") (armor "0")
L 03/11/2015 - 11:29:20: "Nastyusha<7><STEAM_0:0:1354825163><CT>" attacked "Mu/[KA<5><STEAM_0:0:1331792062><TERRORIST>" with "m4a1" (damage "37") (damage_armor "0") (health "-27") (armor "0")
L 03/11/2015 - 11:29:20: "Nastyusha<7><STEAM_0:0:1354825163><CT>" killed "Mu/[KA<5><STEAM_0:0:1331792062><TERRORIST>" with "m4a1"
L 03/11/2015 - 11:29:20: Team "CT" triggered "CTs_Win" (CT "14") (T "3")
L 03/11/2015 - 11:29:20: World triggered "Round_End"
L 03/11/2015 - 11:29:30: "Mu/[KA<5><STEAM_0:0:1331792062><TERRORIST>" triggered "weaponstats" (weapon "grenade") (shots "3") (hits "0") (kills "0") (headshots "0") (tks "0") (damage "0") (deaths "0")
L 03/11/2015 - 11:29:30: "Mu/[KA<5><STEAM_0:0:1331792062><TERRORIST>" triggered "weaponstats2" (weapon "grenade") (head "0") (chest "0") (stomach "0") (leftarm "0") (rightarm "0") (leftleg "0") (rightleg "0")
L 03/11/2015 - 11:29:30: "Mu/[KA<5><STEAM_0:0:1331792062><TERRORIST>" triggered "weaponstats" (weapon "aug") (shots "22") (hits "6") (kills "1") (headshots "0") (tks "0") (damage "160") (deaths "1")
L 03/11/2015 - 11:29:30: "Mu/[KA<5><STEAM_0:0:1331792062><TERRORIST>" triggered "weaponstats2" (weapon "aug") (head "0") (chest "1") (stomach "0") (leftarm "3") (rightarm "0") (leftleg "1") (rightleg "1")
L 03/11/2015 - 11:29:30: "Mu/[KA<5><STEAM_0:0:1331792062><TERRORIST>" triggered "weaponstats" (weapon "awp") (shots "3") (hits "0") (kills "0") (headshots "0") (tks "0") (damage "0") (deaths "2")
L 03/11/2015 - 11:29:30: "Mu/[KA<5><STEAM_0:0:1331792062><TERRORIST>" triggered "weaponstats2" (weapon "awp") (head "0") (chest "0") (stomach "0") (leftarm "0") (rightarm "0") (leftleg "0") (rightleg "0")
L 03/11/2015 - 11:29:30: "Mu/[KA<5><STEAM_0:0:1331792062><TERRORIST>" triggered "weaponstats" (weapon "mp5navy") (shots "37") (hits "2") (kills "0") (headshots "0") (tks "0") (damage "37") (deaths "2")
L 03/11/2015 - 11:29:30: "Mu/[KA<5><STEAM_0:0:1331792062><TERRORIST>" triggered "weaponstats2" (weapon "mp5navy") (head "0") (chest "0") (stomach "1") (leftarm "1") (rightarm "0") (leftleg "0") (rightleg "0")
L 03/11/2015 - 11:29:30: "Mu/[KA<5><STEAM_0:0:1331792062><TERRORIST>" triggered "weaponstats" (weapon "m4a1") (shots "77") (hits "7") (kills "0") (headshots "0") (tks "0") (damage "170") (deaths "5")
L 03/11/2015 - 11:29:30: "Mu/[KA<5><STEAM_0:0:1331792062><TERRORIST>" triggered "weaponstats2" (weapon "m4a1") (head "0") (chest "0") (stomach "1") (leftarm "2") (rightarm "2") (leftleg "0") (rightleg "2")
L 03/11/2015 - 11:29:30: "Mu/[KA<5><STEAM_0:0:1331792062><TERRORIST>" triggered "weaponstats" (weapon "ak47") (shots "120") (hits "10") (kills "3") (headshots "0") (tks "0") (damage "335") (deaths "5")
L 03/11/2015 - 11:29:30: "Mu/[KA<5><STEAM_0:0:1331792062><TERRORIST>" triggered "weaponstats2" (weapon "ak47") (head "0") (chest "0") (stomach "4") (leftarm "3") (rightarm "0") (leftleg "1") (rightleg "2")
L 03/11/2015 - 11:29:30: "Mu/[KA<5><STEAM_0:0:1331792062><TERRORIST>" triggered "time" (time "10:34")
L 03/11/2015 - 11:29:30: "Mu/[KA<5><STEAM_0:0:1331792062><TERRORIST>" triggered "latency" (ping "21")
L 03/11/2015 - 11:29:30: "Mu/[KA<5><STEAM_0:0:1331792062><TERRORIST>" disconnected
L 03/11/2015 - 11:29:30: [DPROTO]: Client 0 - Set AuthIdType 1 [dp_RevEmu]; pClient = 0xb3949f08
L 03/11/2015 - 11:29:30: "Mu/[KA<8><STEAM_0:0:1331792062><>" connected, address "178.124.1.227:27005"
L 03/11/2015 - 11:29:30: [VTC] Player 1 speex
L 03/11/2015 - 11:29:30: World triggered "Round_Start"
L 03/11/2015 - 11:30:32: "Nastyusha<7><STEAM_0:0:1354825163><CT>" triggered "weaponstats" (weapon "grenade") (shots "16") (hits "5") (kills "1") (headshots "0") (tks "0") (damage "261") (deaths "0")
L 03/11/2015 - 11:30:32: "Nastyusha<7><STEAM_0:0:1354825163><CT>" triggered "weaponstats2" (weapon "grenade") (head "0") (chest "0") (stomach "0") (leftarm "0") (rightarm "0") (leftleg "0") (rightleg "0")
L 03/11/2015 - 11:30:32: "Nastyusha<7><STEAM_0:0:1354825163><CT>" triggered "weaponstats" (weapon "m4a1") (shots "297") (hits "52") (kills "14") (headshots "7") (tks "0") (damage "2122") (deaths "3")
L 03/11/2015 - 11:30:32: "Nastyusha<7><STEAM_0:0:1354825163><CT>" triggered "weaponstats2" (weapon "m4a1") (head "7") (chest "3") (stomach "7") (leftarm "21") (rightarm "7") (leftleg "2") (rightleg "5")
L 03/11/2015 - 11:30:32: "Nastyusha<7><STEAM_0:0:1354825163><CT>" triggered "weaponstats" (weapon "ak47") (shots "3") (hits "1") (kills "0") (headshots "0") (tks "0") (damage "34") (deaths "1")
L 03/11/2015 - 11:30:32: "Nastyusha<7><STEAM_0:0:1354825163><CT>" triggered "weaponstats2" (weapon "ak47") (head "0") (chest "0") (stomach "0") (leftarm "1") (rightarm "0") (leftleg "0") (rightleg "0")
L 03/11/2015 - 11:30:32: "Nastyusha<7><STEAM_0:0:1354825163><CT>" triggered "time" (time "10:33")
L 03/11/2015 - 11:30:32: "Nastyusha<7><STEAM_0:0:1354825163><CT>" triggered "latency" (ping "25")
L 03/11/2015 - 11:30:32: "Nastyusha<7><STEAM_0:0:1354825163><CT>" disconnected
L 03/11/2015 - 11:30:32: World triggered "Round_Draw" (CT "14") (T "3")
L 03/11/2015 - 11:30:32: World triggered "Round_End"
L 03/11/2015 - 11:30:42: World triggered "Round_Start"
L 03/11/2015 - 11:30:56: [DPROTO]: Client 0 - Set AuthIdType 1 [dp_RevEmu]; pClient = 0xb3949f08
L 03/11/2015 - 11:30:56: "ANGELINA<9><STEAM_0:0:1331792062><>" connected, address "178.124.1.227:27005"
L 03/11/2015 - 11:30:56: [VTC] Player 1 speex
L 03/11/2015 - 11:31:00: "ANGELINA<9><STEAM_0:0:1331792062><>" entered the game
L 03/11/2015 - 11:31:04: "ANGELINA<9><STEAM_0:0:1331792062><>" joined team "TERRORIST"
L 03/11/2015 - 11:33:30: "ANGELINA<9><STEAM_0:0:1331792062><TERRORIST>" triggered "time" (time "2:29")
L 03/11/2015 - 11:33:30: "ANGELINA<9><STEAM_0:0:1331792062><TERRORIST>" triggered "latency" (ping "36")
L 03/11/2015 - 11:33:30: "ANGELINA<9><STEAM_0:0:1331792062><TERRORIST>" disconnected
L 03/11/2015 - 11:33:30: World triggered "Round_Draw" (CT "14") (T "3")
L 03/11/2015 - 11:33:30: World triggered "Round_End"
L 03/11/2015 - 11:33:30: [DPROTO]: Client 0 - Set AuthIdType 1 [dp_RevEmu]; pClient = 0xb3949f08
L 03/11/2015 - 11:33:30: "ANGELINA<10><STEAM_0:0:1331792062><>" connected, address "178.124.1.227:27005"
L 03/11/2015 - 11:33:30: [VTC] Player 1 speex
L 03/11/2015 - 11:33:34: "ANGELINA<10><STEAM_0:0:1331792062><>" entered the game
L 03/11/2015 - 11:33:40: World triggered "Round_Start"
L 03/11/2015 - 11:33:41: "ANGELINA<10><STEAM_0:0:1331792062><>" joined team "TERRORIST"
L 03/11/2015 - 11:36:07: "ANGELINA<10><STEAM_0:0:1331792062><TERRORIST>" triggered "weaponstats" (weapon "grenade") (shots "1") (hits "0") (kills "0") (headshots "0") (tks "0") (damage "0") (deaths "0")
L 03/11/2015 - 11:36:07: "ANGELINA<10><STEAM_0:0:1331792062><TERRORIST>" triggered "weaponstats2" (weapon "grenade") (head "0") (chest "0") (stomach "0") (leftarm "0") (rightarm "0") (leftleg "0") (rightleg "0")
L 03/11/2015 - 11:36:07: "ANGELINA<10><STEAM_0:0:1331792062><TERRORIST>" triggered "weaponstats" (weapon "xm1014") (shots "7") (hits "0") (kills "0") (headshots "0") (tks "0") (damage "0") (deaths "0")
L 03/11/2015 - 11:36:07: "ANGELINA<10><STEAM_0:0:1331792062><TERRORIST>" triggered "weaponstats2" (weapon "xm1014") (head "0") (chest "0") (stomach "0") (leftarm "0") (rightarm "0") (leftleg "0") (rightleg "0")
L 03/11/2015 - 11:36:07: "ANGELINA<10><STEAM_0:0:1331792062><TERRORIST>" triggered "weaponstats" (weapon "glock18") (shots "3") (hits "0") (kills "0") (headshots "0") (tks "0") (damage "0") (deaths "0")
L 03/11/2015 - 11:36:07: "ANGELINA<10><STEAM_0:0:1331792062><TERRORIST>" triggered "weaponstats2" (weapon "glock18") (head "0") (chest "0") (stomach "0") (leftarm "0") (rightarm "0") (leftleg "0") (rightleg "0")
L 03/11/2015 - 11:36:07: "ANGELINA<10><STEAM_0:0:1331792062><TERRORIST>" triggered "weaponstats" (weapon "m4a1") (shots "30") (hits "0") (kills "0") (headshots "0") (tks "0") (damage "0") (deaths "0")
L 03/11/2015 - 11:36:07: "ANGELINA<10><STEAM_0:0:1331792062><TERRORIST>" triggered "weaponstats2" (weapon "m4a1") (head "0") (chest "0") (stomach "0") (leftarm "0") (rightarm "0") (leftleg "0") (rightleg "0")
L 03/11/2015 - 11:36:07: "ANGELINA<10><STEAM_0:0:1331792062><TERRORIST>" triggered "time" (time "2:33")
L 03/11/2015 - 11:36:07: "ANGELINA<10><STEAM_0:0:1331792062><TERRORIST>" triggered "latency" (ping "20")
L 03/11/2015 - 11:36:07: "ANGELINA<10><STEAM_0:0:1331792062><TERRORIST>" disconnected
L 03/11/2015 - 11:36:07: World triggered "Round_Draw" (CT "14") (T "3")
L 03/11/2015 - 11:36:07: World triggered "Round_End"
L 03/11/2015 - 11:36:17: World triggered "Round_Start"
L 03/11/2015 - 11:42:14: [DPROTO]: Client 0 - Set AuthIdType 1 [dp_RevEmu]; pClient = 0xb3949f08
L 03/11/2015 - 11:42:14: "[gokillnet]Gnas<11><STEAM_0:0:774196094><>" connected, address "37.215.135.85:41491"
L 03/11/2015 - 11:42:14: [VTC] Player 1 speex
L 03/11/2015 - 11:42:30: [DPROTO]: Client 0 - Set AuthIdType 1 [dp_RevEmu]; pClient = 0xb3949f08
L 03/11/2015 - 11:42:30: "ANGELINA<12><STEAM_0:0:1331792062><>" connected, address "178.124.1.227:27005"
L 03/11/2015 - 11:42:30: [VTC] Player 1 speex
L 03/11/2015 - 11:42:34: "ANGELINA<12><STEAM_0:0:1331792062><>" entered the game
L 03/11/2015 - 11:42:36: "ANGELINA<12><STEAM_0:0:1331792062><>" joined team "CT"
L 03/11/2015 - 11:45:12: "ANGELINA<12><STEAM_0:0:1331792062><CT>" triggered "weaponstats" (weapon "aug") (shots "60") (hits "0") (kills "0") (headshots "0") (tks "0") (damage "0") (deaths "0")
L 03/11/2015 - 11:45:12: "ANGELINA<12><STEAM_0:0:1331792062><CT>" triggered "weaponstats2" (weapon "aug") (head "0") (chest "0") (stomach "0") (leftarm "0") (rightarm "0") (leftleg "0") (rightleg "0")
L 03/11/2015 - 11:45:12: "ANGELINA<12><STEAM_0:0:1331792062><CT>" triggered "weaponstats" (weapon "awp") (shots "23") (hits "0") (kills "0") (headshots "0") (tks "0") (damage "0") (deaths "0")
L 03/11/2015 - 11:45:12: "ANGELINA<12><STEAM_0:0:1331792062><CT>" triggered "weaponstats2" (weapon "awp") (head "0") (chest "0") (stomach "0") (leftarm "0") (rightarm "0") (leftleg "0") (rightleg "0")
L 03/11/2015 - 11:45:12: "ANGELINA<12><STEAM_0:0:1331792062><CT>" triggered "weaponstats" (weapon "mp5navy") (shots "30") (hits "0") (kills "0") (headshots "0") (tks "0") (damage "0") (deaths "0")
L 03/11/2015 - 11:45:12: "ANGELINA<12><STEAM_0:0:1331792062><CT>" triggered "weaponstats2" (weapon "mp5navy") (head "0") (chest "0") (stomach "0") (leftarm "0") (rightarm "0") (leftleg "0") (rightleg "0")
L 03/11/2015 - 11:45:12: "ANGELINA<12><STEAM_0:0:1331792062><CT>" triggered "weaponstats" (weapon "m4a1") (shots "30") (hits "0") (kills "0") (headshots "0") (tks "0") (damage "0") (deaths "0")
L 03/11/2015 - 11:45:12: "ANGELINA<12><STEAM_0:0:1331792062><CT>" triggered "weaponstats2" (weapon "m4a1") (head "0") (chest "0") (stomach "0") (leftarm "0") (rightarm "0") (leftleg "0") (rightleg "0")
L 03/11/2015 - 11:45:12: "ANGELINA<12><STEAM_0:0:1331792062><CT>" triggered "time" (time "2:38")
L 03/11/2015 - 11:45:12: "ANGELINA<12><STEAM_0:0:1331792062><CT>" triggered "latency" (ping "29")
L 03/11/2015 - 11:45:12: "ANGELINA<12><STEAM_0:0:1331792062><CT>" disconnected
L 03/11/2015 - 11:45:12: World triggered "Round_Draw" (CT "14") (T "3")
L 03/11/2015 - 11:45:12: World triggered "Round_End"
L 03/11/2015 - 11:45:22: World triggered "Round_Start"
L 03/11/2015 - 11:50:00: [DPROTO]: Client 0 - Set AuthIdType 1 [dp_RevEmu]; pClient = 0xb3949f08
L 03/11/2015 - 11:50:00: "ANGELINA<13><STEAM_0:0:1331792062><>" connected, address "178.124.1.227:27005"
L 03/11/2015 - 11:50:00: [VTC] Player 1 speex
L 03/11/2015 - 11:50:04: "ANGELINA<13><STEAM_0:0:1331792062><>" entered the game
L 03/11/2015 - 11:50:08: "ANGELINA<13><STEAM_0:0:1331792062><>" joined team "TERRORIST"
L 03/11/2015 - 11:51:01: Server cvar "mp_timelimit" = "50"
L 03/11/2015 - 11:51:23: "ANGELINA<13><STEAM_0:0:1331792062><TERRORIST>" triggered "weaponstats" (weapon "glock18") (shots "5") (hits "0") (kills "0") (headshots "0") (tks "0") (damage "0") (deaths "0")
L 03/11/2015 - 11:51:23: "ANGELINA<13><STEAM_0:0:1331792062><TERRORIST>" triggered "weaponstats2" (weapon "glock18") (head "0") (chest "0") (stomach "0") (leftarm "0") (rightarm "0") (leftleg "0") (rightleg "0")
L 03/11/2015 - 11:51:23: "ANGELINA<13><STEAM_0:0:1331792062><TERRORIST>" triggered "weaponstats" (weapon "m4a1") (shots "17") (hits "0") (kills "0") (headshots "0") (tks "0") (damage "0") (deaths "0")
L 03/11/2015 - 11:51:23: "ANGELINA<13><STEAM_0:0:1331792062><TERRORIST>" triggered "weaponstats2" (weapon "m4a1") (head "0") (chest "0") (stomach "0") (leftarm "0") (rightarm "0") (leftleg "0") (rightleg "0")
L 03/11/2015 - 11:51:23: "ANGELINA<13><STEAM_0:0:1331792062><TERRORIST>" triggered "time" (time "1:18")
L 03/11/2015 - 11:51:23: "ANGELINA<13><STEAM_0:0:1331792062><TERRORIST>" triggered "latency" (ping "50")
L 03/11/2015 - 11:51:23: "ANGELINA<13><STEAM_0:0:1331792062><TERRORIST>" disconnected
L 03/11/2015 - 11:51:23: World triggered "Round_Draw" (CT "14") (T "3")
L 03/11/2015 - 11:51:23: World triggered "Round_End"
L 03/11/2015 - 11:51:33: World triggered "Round_Start"
L 03/11/2015 - 12:01:40: [DPROTO]: Client 0 - Set AuthIdType 1 [dp_RevEmu]; pClient = 0xb3949f08
L 03/11/2015 - 12:01:40: "ANGELINA<14><STEAM_0:0:1331792062><>" connected, address "178.124.1.227:27005"
L 03/11/2015 - 12:01:41: [VTC] Player 1 speex
L 03/11/2015 - 12:01:44: "ANGELINA<14><STEAM_0:0:1331792062><>" entered the game
L 03/11/2015 - 12:01:47: "ANGELINA<14><STEAM_0:0:1331792062><>" joined team "TERRORIST"
L 03/11/2015 - 12:02:08: [DPROTO]: Client 1 - Set AuthIdType 1 [dp_RevEmu]; pClient = 0xb394edfc
L 03/11/2015 - 12:02:08: "[Hard_Skill]_4IKIST<15><STEAM_0:0:2025036726><>" connected, address "178.168.192.163:27005"
L 03/11/2015 - 12:02:08: [VTC] Player 2 speex
L 03/11/2015 - 12:02:11: "[Hard_Skill]_4IKIST<15><STEAM_0:0:2025036726><>" entered the game
L 03/11/2015 - 12:02:13: "[Hard_Skill]_4IKIST<15><STEAM_0:0:2025036726><>" joined team "CT"
L 03/11/2015 - 12:02:14: World triggered "Game_Commencing"
L 03/11/2015 - 12:02:14: World triggered "Game_Commencing" (CT "14") (T "3")
L 03/11/2015 - 12:02:14: World triggered "Round_End"
L 03/11/2015 - 12:02:22: World triggered "Round_Start"
L 03/11/2015 - 12:02:34: "ANGELINA<14><STEAM_0:0:1331792062><TERRORIST>" attacked "[Hard_Skill]_4IKIST<15><STEAM_0:0:2025036726><CT>" with "aug" (damage "20") (damage_armor "5") (health "63") (armor "86")
L 03/11/2015 - 12:02:48: "[Hard_Skill]_4IKIST<15><STEAM_0:0:2025036726><CT>" attacked "ANGELINA<14><STEAM_0:0:1331792062><TERRORIST>" with "m4a1" (damage "29") (damage_armor "0") (health "71") (armor "0")
L 03/11/2015 - 12:02:48: "[Hard_Skill]_4IKIST<15><STEAM_0:0:2025036726><CT>" attacked "ANGELINA<14><STEAM_0:0:1331792062><TERRORIST>" with "m4a1" (damage "29") (damage_armor "0") (health "42") (armor "0")
L 03/11/2015 - 12:02:48: "[Hard_Skill]_4IKIST<15><STEAM_0:0:2025036726><CT>" attacked "ANGELINA<14><STEAM_0:0:1331792062><TERRORIST>" with "m4a1" (damage "29") (damage_armor "0") (health "13") (armor "0")
L 03/11/2015 - 12:02:52: "[Hard_Skill]_4IKIST<15><STEAM_0:0:2025036726><CT>" killed "ANGELINA<14><STEAM_0:0:1331792062><TERRORIST>" with "grenade"
L 03/11/2015 - 12:02:52: Team "CT" triggered "CTs_Win" (CT "1") (T "0")
L 03/11/2015 - 12:02:52: World triggered "Round_End"
L 03/11/2015 - 12:03:02: World triggered "Round_Start"
L 03/11/2015 - 12:03:11: "ANGELINA<14><STEAM_0:0:1331792062><TERRORIST>" attacked "[Hard_Skill]_4IKIST<15><STEAM_0:0:2025036726><CT>" with "aug" (damage "20") (damage_armor "5") (health "80") (armor "95")
L 03/11/2015 - 12:03:13: "[Hard_Skill]_4IKIST<15><STEAM_0:0:2025036726><CT>" attacked "ANGELINA<14><STEAM_0:0:1331792062><TERRORIST>" with "m4a1" (damage "10") (damage_armor "0") (health "90") (armor "0")
L 03/11/2015 - 12:03:14: "ANGELINA<14><STEAM_0:0:1331792062><TERRORIST>" attacked "[Hard_Skill]_4IKIST<15><STEAM_0:0:2025036726><CT>" with "aug" (damage "21") (damage_armor "4") (health "59") (armor "91")
L 03/11/2015 - 12:03:18: "ANGELINA<14><STEAM_0:0:1331792062><TERRORIST>" attacked "[Hard_Skill]_4IKIST<15><STEAM_0:0:2025036726><CT>" with "aug" (damage "22") (damage_armor "0") (health "37") (armor "91")
L 03/11/2015 - 12:03:18: "ANGELINA<14><STEAM_0:0:1331792062><TERRORIST>" attacked "[Hard_Skill]_4IKIST<15><STEAM_0:0:2025036726><CT>" with "aug" (damage "22") (damage_armor "0") (health "15") (armor "91")
L 03/11/2015 - 12:03:31: "[Hard_Skill]_4IKIST<15><STEAM_0:0:2025036726><CT>" attacked "ANGELINA<14><STEAM_0:0:1331792062><TERRORIST>" with "m4a1" (damage "30") (damage_armor "0") (health "60") (armor "0")
L 03/11/2015 - 12:03:31: "[Hard_Skill]_4IKIST<15><STEAM_0:0:2025036726><CT>" attacked "ANGELINA<14><STEAM_0:0:1331792062><TERRORIST>" with "m4a1" (damage "37") (damage_armor "0") (health "23") (armor "0")
L 03/11/2015 - 12:03:31: "[Hard_Skill]_4IKIST<15><STEAM_0:0:2025036726><CT>" attacked "ANGELINA<14><STEAM_0:0:1331792062><TERRORIST>" with "m4a1" (damage "30") (damage_armor "0") (health "-7") (armor "0")
L 03/11/2015 - 12:03:31: "[Hard_Skill]_4IKIST<15><STEAM_0:0:2025036726><CT>" killed "ANGELINA<14><STEAM_0:0:1331792062><TERRORIST>" with "m4a1"
L 03/11/2015 - 12:03:31: Team "CT" triggered "CTs_Win" (CT "2") (T "0")
L 03/11/2015 - 12:03:31: World triggered "Round_End"
L 03/11/2015 - 12:03:41: World triggered "Round_Start"
L 03/11/2015 - 12:03:46: "[Hard_Skill]_4IKIST<15><STEAM_0:0:2025036726><CT>" attacked "ANGELINA<14><STEAM_0:0:1331792062><TERRORIST>" with "deagle" (damage "44") (damage_armor "0") (health "56") (armor "0")
L 03/11/2015 - 12:03:47: "ANGELINA<14><STEAM_0:0:1331792062><TERRORIST>" attacked "[Hard_Skill]_4IKIST<15><STEAM_0:0:2025036726><CT>" with "ak47" (damage "27") (damage_armor "4") (health "73") (armor "96")
L 03/11/2015 - 12:03:59: "[Hard_Skill]_4IKIST<15><STEAM_0:0:2025036726><CT>" attacked "ANGELINA<14><STEAM_0:0:1331792062><TERRORIST>" with "deagle" (damage "148") (damage_armor "0") (health "-92") (armor "0")
L 03/11/2015 - 12:03:59: "[Hard_Skill]_4IKIST<15><STEAM_0:0:2025036726><CT>" killed "ANGELINA<14><STEAM_0:0:1331792062><TERRORIST>" with "deagle"
L 03/11/2015 - 12:03:59: Team "CT" triggered "CTs_Win" (CT "3") (T "0")
L 03/11/2015 - 12:03:59: World triggered "Round_End"
L 03/11/2015 - 12:04:09: World triggered "Round_Start"
L 03/11/2015 - 12:04:17: "[Hard_Skill]_4IKIST<15><STEAM_0:0:2025036726><CT>" attacked "ANGELINA<14><STEAM_0:0:1331792062><TERRORIST>" with "deagle" (damage "30") (damage_armor "0") (health "70") (armor "0")
L 03/11/2015 - 12:04:17: "[Hard_Skill]_4IKIST<15><STEAM_0:0:2025036726><CT>" attacked "ANGELINA<14><STEAM_0:0:1331792062><TERRORIST>" with "deagle" (damage "30") (damage_armor "0") (health "40") (armor "0")
L 03/11/2015 - 12:04:21: "[Hard_Skill]_4IKIST<15><STEAM_0:0:2025036726><CT>" attacked "ANGELINA<14><STEAM_0:0:1331792062><TERRORIST>" with "deagle" (damage "128") (damage_armor "0") (health "-88") (armor "0")
L 03/11/2015 - 12:04:21: "[Hard_Skill]_4IKIST<15><STEAM_0:0:2025036726><CT>" killed "ANGELINA<14><STEAM_0:0:1331792062><TERRORIST>" with "deagle"
L 03/11/2015 - 12:04:21: Team "CT" triggered "CTs_Win" (CT "4") (T "0")
L 03/11/2015 - 12:04:21: World triggered "Round_End"
L 03/11/2015 - 12:04:24: "[Hard_Skill]_4IKIST<15><STEAM_0:0:2025036726><CT>" triggered "weaponstats" (weapon "grenade") (shots "9") (hits "1") (kills "1") (headshots "0") (tks "0") (damage "55") (deaths "0")
L 03/11/2015 - 12:04:24: "[Hard_Skill]_4IKIST<15><STEAM_0:0:2025036726><CT>" triggered "weaponstats2" (weapon "grenade") (head "0") (chest "0") (stomach "0") (leftarm "0") (rightarm "0") (leftleg "0") (rightleg "0")
L 03/11/2015 - 12:04:24: "[Hard_Skill]_4IKIST<15><STEAM_0:0:2025036726><CT>" triggered "weaponstats" (weapon "m4a1") (shots "60") (hits "7") (kills "1") (headshots "0") (tks "0") (damage "194") (deaths "0")
L 03/11/2015 - 12:04:24: "[Hard_Skill]_4IKIST<15><STEAM_0:0:2025036726><CT>" triggered "weaponstats2" (weapon "m4a1") (head "0") (chest "1") (stomach "1") (leftarm "4") (rightarm "0") (leftleg "1") (rightleg "0")
L 03/11/2015 - 12:04:24: "[Hard_Skill]_4IKIST<15><STEAM_0:0:2025036726><CT>" triggered "weaponstats" (weapon "deagle") (shots "32") (hits "5") (kills "2") (headshots "2") (tks "0") (damage "380") (deaths "0")
L 03/11/2015 - 12:04:24: "[Hard_Skill]_4IKIST<15><STEAM_0:0:2025036726><CT>" triggered "weaponstats2" (weapon "deagle") (head "2") (chest "1") (stomach "0") (leftarm "2") (rightarm "0") (leftleg "0") (rightleg "0")
L 03/11/2015 - 12:04:24: "[Hard_Skill]_4IKIST<15><STEAM_0:0:2025036726><CT>" triggered "time" (time "2:13")
L 03/11/2015 - 12:04:24: "[Hard_Skill]_4IKIST<15><STEAM_0:0:2025036726><CT>" triggered "latency" (ping "12")
L 03/11/2015 - 12:04:24: "[Hard_Skill]_4IKIST<15><STEAM_0:0:2025036726><CT>" disconnected
L 03/11/2015 - 12:04:31: World triggered "Round_Start"
L 03/11/2015 - 12:05:16: "ANGELINA<14><STEAM_0:0:1331792062><TERRORIST>" triggered "weaponstats" (weapon "grenade") (shots "1") (hits "0") (kills "0") (headshots "0") (tks "0") (damage "0") (deaths "0")
L 03/11/2015 - 12:05:16: "ANGELINA<14><STEAM_0:0:1331792062><TERRORIST>" triggered "weaponstats2" (weapon "grenade") (head "0") (chest "0") (stomach "0") (leftarm "0") (rightarm "0") (leftleg "0") (rightleg "0")
L 03/11/2015 - 12:05:16: "ANGELINA<14><STEAM_0:0:1331792062><TERRORIST>" triggered "weaponstats" (weapon "aug") (shots "78") (hits "5") (kills "0") (headshots "0") (tks "0") (damage "105") (deaths "2")
L 03/11/2015 - 12:05:16: "ANGELINA<14><STEAM_0:0:1331792062><TERRORIST>" triggered "weaponstats2" (weapon "aug") (head "0") (chest "1") (stomach "0") (leftarm "2") (rightarm "0") (leftleg "2") (rightleg "0")
L 03/11/2015 - 12:05:16: "ANGELINA<14><STEAM_0:0:1331792062><TERRORIST>" triggered "weaponstats" (weapon "awp") (shots "1") (hits "0") (kills "0") (headshots "0") (tks "0") (damage "0") (deaths "1")
L 03/11/2015 - 12:05:16: "ANGELINA<14><STEAM_0:0:1331792062><TERRORIST>" triggered "weaponstats2" (weapon "awp") (head "0") (chest "0") (stomach "0") (leftarm "0") (rightarm "0") (leftleg "0") (rightleg "0")
L 03/11/2015 - 12:05:16: "ANGELINA<14><STEAM_0:0:1331792062><TERRORIST>" triggered "weaponstats" (weapon "m4a1") (shots "5") (hits "0") (kills "0") (headshots "0") (tks "0") (damage "0") (deaths "0")
L 03/11/2015 - 12:05:16: "ANGELINA<14><STEAM_0:0:1331792062><TERRORIST>" triggered "weaponstats2" (weapon "m4a1") (head "0") (chest "0") (stomach "0") (leftarm "0") (rightarm "0") (leftleg "0") (rightleg "0")
L 03/11/2015 - 12:05:16: "ANGELINA<14><STEAM_0:0:1331792062><TERRORIST>" triggered "weaponstats" (weapon "ak47") (shots "24") (hits "1") (kills "0") (headshots "0") (tks "0") (damage "27") (deaths "1")
L 03/11/2015 - 12:05:16: "ANGELINA<14><STEAM_0:0:1331792062><TERRORIST>" triggered "weaponstats2" (weapon "ak47") (head "0") (chest "0") (stomach "0") (leftarm "0") (rightarm "1") (leftleg "0") (rightleg "0")
L 03/11/2015 - 12:05:16: "ANGELINA<14><STEAM_0:0:1331792062><TERRORIST>" triggered "time" (time "3:31")
L 03/11/2015 - 12:05:16: "ANGELINA<14><STEAM_0:0:1331792062><TERRORIST>" triggered "latency" (ping "56")
L 03/11/2015 - 12:05:16: "ANGELINA<14><STEAM_0:0:1331792062><TERRORIST>" disconnected
L 03/11/2015 - 12:05:16: World triggered "Round_Draw" (CT "4") (T "0")
L 03/11/2015 - 12:05:16: World triggered "Round_End"
L 03/11/2015 - 12:05:26: World triggered "Round_Start"
L 03/11/2015 - 12:25:48: [DPROTO]: Client 0 - Set AuthIdType 1 [dp_RevEmu]; pClient = 0xb3949f08
L 03/11/2015 - 12:25:48: "ANGELINA<16><STEAM_0:0:1331792062><>" connected, address "178.124.1.227:27005"
L 03/11/2015 - 12:25:48: [VTC] Player 1 speex
L 03/11/2015 - 12:25:51: "ANGELINA<16><STEAM_0:0:1331792062><>" entered the game
L 03/11/2015 - 12:25:55: "ANGELINA<16><STEAM_0:0:1331792062><>" joined team "CT"
L 03/11/2015 - 12:26:29: "ANGELINA<16><STEAM_0:0:1331792062><CT>" triggered "weaponstats" (weapon "m4a1") (shots "30") (hits "0") (kills "0") (headshots "0") (tks "0") (damage "0") (deaths "0")
L 03/11/2015 - 12:26:29: "ANGELINA<16><STEAM_0:0:1331792062><CT>" triggered "weaponstats2" (weapon "m4a1") (head "0") (chest "0") (stomach "0") (leftarm "0") (rightarm "0") (leftleg "0") (rightleg "0")
L 03/11/2015 - 12:26:29: "ANGELINA<16><STEAM_0:0:1331792062><CT>" triggered "time" (time "0:37")
L 03/11/2015 - 12:26:29: "ANGELINA<16><STEAM_0:0:1331792062><CT>" triggered "latency" (ping "9")
L 03/11/2015 - 12:26:29: "ANGELINA<16><STEAM_0:0:1331792062><CT>" disconnected
L 03/11/2015 - 12:26:29: World triggered "Round_Draw" (CT "4") (T "0")
L 03/11/2015 - 12:26:29: World triggered "Round_End"
L 03/11/2015 - 12:26:39: World triggered "Round_Start"
L 03/11/2015 - 12:40:36: [DPROTO]: Client 0 - Set AuthIdType 1 [dp_RevEmu]; pClient = 0xb3949f08
L 03/11/2015 - 12:40:36: "ANGELINA<17><STEAM_0:0:1331792062><>" connected, address "178.124.1.227:27005"
L 03/11/2015 - 12:40:36: [VTC] Player 1 speex
L 03/11/2015 - 12:40:40: "ANGELINA<17><STEAM_0:0:1331792062><>" entered the game
L 03/11/2015 - 12:40:42: "ANGELINA<17><STEAM_0:0:1331792062><>" joined team "CT"
L 03/11/2015 - 12:41:19: "ANGELINA<17><STEAM_0:0:1331792062><CT>" triggered "weaponstats" (weapon "xm1014") (shots "8") (hits "0") (kills "0") (headshots "0") (tks "0") (damage "0") (deaths "0")
L 03/11/2015 - 12:41:19: "ANGELINA<17><STEAM_0:0:1331792062><CT>" triggered "weaponstats2" (weapon "xm1014") (head "0") (chest "0") (stomach "0") (leftarm "0") (rightarm "0") (leftleg "0") (rightleg "0")
L 03/11/2015 - 12:41:19: "ANGELINA<17><STEAM_0:0:1331792062><CT>" triggered "weaponstats" (weapon "usp") (shots "1") (hits "0") (kills "0") (headshots "0") (tks "0") (damage "0") (deaths "0")
L 03/11/2015 - 12:41:19: "ANGELINA<17><STEAM_0:0:1331792062><CT>" triggered "weaponstats2" (weapon "usp") (head "0") (chest "0") (stomach "0") (leftarm "0") (rightarm "0") (leftleg "0") (rightleg "0")
L 03/11/2015 - 12:41:19: "ANGELINA<17><STEAM_0:0:1331792062><CT>" triggered "time" (time "0:39")
L 03/11/2015 - 12:41:19: "ANGELINA<17><STEAM_0:0:1331792062><CT>" triggered "latency" (ping "73")
L 03/11/2015 - 12:41:19: "ANGELINA<17><STEAM_0:0:1331792062><CT>" disconnected
L 03/11/2015 - 12:41:19: World triggered "Round_Draw" (CT "4") (T "0")
L 03/11/2015 - 12:41:19: World triggered "Round_End"
L 03/11/2015 - 12:41:29: World triggered "Round_Start"
L 03/11/2015 - 12:52:17: Team "CT" scored "4" with "0" players
L 03/11/2015 - 12:52:17: Team "TERRORIST" scored "0" with "0" players
L 03/11/2015 - 12:52:17: Server cvar "mp_chattime" = "2"
L 03/11/2015 - 12:52:17: Server cvar "mp_chattime" = "0"
L 03/11/2015 - 12:52:17: [META] ini: Begin re-reading plugins list: /home/extazy/Public/cstrike/addons/metamod/plugins.ini
L 03/11/2015 - 12:52:17: [META] ini: Read plugin config for: AMX Mod X
L 03/11/2015 - 12:52:17: [META] ini: Read plugin config for: dproto_EF
L 03/11/2015 - 12:52:17: [META] ini: Read plugin config for: mmtimer
L 03/11/2015 - 12:52:17: [META] ini: Read plugin config for: VoiceTranscoder
L 03/11/2015 - 12:52:17: [META] ini: Finished reading plugins list: /home/extazy/Public/cstrike/addons/metamod/plugins.ini; Found 4 plugins
L 03/11/2015 - 12:52:17: [META] dll: Updating plugins...
L 03/11/2015 - 12:52:17: [META] WARNING: dll: Plugin 'mmtimer' isn't running; Forcing unload plugin for reloading
L 03/11/2015 - 12:52:17: [META] WARNING: dll: Failed to unload plugin 'mmtimer' for reloading
L 03/11/2015 - 12:52:17: [META] dll: Finished updating 13 plugins; kept 3, loaded 0, unloaded 0, reloaded 0, delayed 0
L 03/11/2015 - 12:52:17: Log file closed
