L 03/17/2015 - 21:12:46: Log file started (file "logs/L0317059.log") (game "cstrike") (version "48/1.6.3.7/Stdio/5787")
L 03/17/2015 - 21:12:46: Server cvar "mp_logdetail" = "3"
L 03/17/2015 - 21:12:46: Server cvar "mp_timelimit" = "30"
L 03/17/2015 - 21:12:46: Server cvar "mp_c4timer" = "35"
L 03/17/2015 - 21:12:46: Server cvar "mp_flashlight" = "1"
L 03/17/2015 - 21:12:46: Server cvar "mp_freezetime" = "5"
L 03/17/2015 - 21:12:46: Server cvar "mp_hostagepenalty" = "0"
L 03/17/2015 - 21:12:46: Server cvar "mp_limitteams" = "5"
L 03/17/2015 - 21:12:46: Server cvar "mp_roundtime" = "2.57"
L 03/17/2015 - 21:12:46: Server cvar "mp_tkpunish" = "1"
L 03/17/2015 - 21:12:46: Server cvar "sv_restartround" = "1"
L 03/17/2015 - 21:12:46: Server cvar "sv_maxspeed" = "320"
L 03/17/2015 - 21:12:46: Server cvar "sv_proxies" = "0"
L 03/17/2015 - 21:12:46: Server cvar "allow_spectators" = "4"
L 03/17/2015 - 21:12:46: Server cvar "mp_chattime" = "0"
L 03/17/2015 - 21:12:46: Server cvar "decalfrequency" = "9"
L 03/17/2015 - 21:12:46: Server cvar "sv_aim" = "0"
L 03/17/2015 - 21:12:46: Server cvar "sv_minrate" = "100000"
L 03/17/2015 - 21:12:46: Server cvar "sv_maxrate" = "50000"
L 03/17/2015 - 21:12:47: World triggered "Restart_Round_(1_second)"
L 03/17/2015 - 21:12:47: Team "CT" scored "0" with "0" players
L 03/17/2015 - 21:12:47: Team "TERRORIST" scored "0" with "0" players
L 03/17/2015 - 21:12:47: Server cvar "sv_restartround" = "0"
L 03/17/2015 - 21:12:53: World triggered "Round_Start"
L 03/17/2015 - 21:12:54: [DPROTO]: Client 0 - Set AuthIdType 1 [dp_SteamEmu]; pClient = 0xb3956f08
L 03/17/2015 - 21:12:54: "[Easy_Skill]_Faza#1<1><STEAM_0:0:969824236><>" connected, address "46.53.208.172:1492"
L 03/17/2015 - 21:12:54: [VTC] Player 1 speex
L 03/17/2015 - 21:12:57: [DPROTO]: Client 0 - Set AuthIdType 1 [dp_SteamEmu]; pClient = 0xb3956f08
L 03/17/2015 - 21:12:57: "[Easy_Skill]_Faza#1<2><STEAM_0:0:969824236><>" connected, address "46.53.208.172:1492"
L 03/17/2015 - 21:12:57: [VTC] Player 1 speex
L 03/17/2015 - 21:13:00: "[Easy_Skill]_Faza#1<2><STEAM_0:0:969824236><>" entered the game
L 03/17/2015 - 21:13:01: "[Easy_Skill]_Faza#1<2><STEAM_0:0:969824236><>" joined team "CT"
L 03/17/2015 - 21:13:05: "[Easy_Skill]_Faza#1<2><STEAM_0:0:969824236><CT>" triggered "time" (time "0:05")
L 03/17/2015 - 21:13:05: "[Easy_Skill]_Faza#1<2><STEAM_0:0:969824236><CT>" triggered "latency" (ping "0")
L 03/17/2015 - 21:13:05: "[Easy_Skill]_Faza#1<2><STEAM_0:0:969824236><CT>" disconnected
L 03/17/2015 - 21:13:05: World triggered "Round_Draw" (CT "0") (T "0")
L 03/17/2015 - 21:13:05: World triggered "Round_End"
L 03/17/2015 - 21:13:05: [DPROTO]: Client 0 - Set AuthIdType 1 [dp_SteamEmu]; pClient = 0xb3956f08
L 03/17/2015 - 21:13:05: "[Easy_Skill]_Faza#1<3><STEAM_0:0:969824236><>" connected, address "46.53.208.172:1492"
L 03/17/2015 - 21:13:05: [VTC] Player 1 speex
L 03/17/2015 - 21:13:09: "[Easy_Skill]_Faza#1<3><STEAM_0:0:969824236><>" entered the game
L 03/17/2015 - 21:13:15: World triggered "Round_Start"
L 03/17/2015 - 21:13:19: "[Easy_Skill]_Faza#1<3><STEAM_0:0:969824236><UNASSIGNED>" triggered "time" (time "0:09")
L 03/17/2015 - 21:13:19: "[Easy_Skill]_Faza#1<3><STEAM_0:0:969824236><UNASSIGNED>" triggered "latency" (ping "0")
L 03/17/2015 - 21:13:19: "[Easy_Skill]_Faza#1<3><STEAM_0:0:969824236><>" disconnected
L 03/17/2015 - 21:13:19: World triggered "Round_Draw" (CT "0") (T "0")
L 03/17/2015 - 21:13:19: World triggered "Round_End"
L 03/17/2015 - 21:13:19: [DPROTO]: Client 0 - Set AuthIdType 1 [dp_SteamEmu]; pClient = 0xb3956f08
L 03/17/2015 - 21:13:19: "[Easy_Skill]_Faza#1<4><STEAM_0:0:969824236><>" connected, address "46.53.208.172:1492"
L 03/17/2015 - 21:13:19: [VTC] Player 1 speex
L 03/17/2015 - 21:13:21: "[Easy_Skill]_Faza#1<4><STEAM_0:0:969824236><>" entered the game
L 03/17/2015 - 21:13:23: "[Easy_Skill]_Faza#1<4><STEAM_0:0:969824236><>" joined team "CT"
L 03/17/2015 - 21:13:29: World triggered "Round_Start"
L 03/17/2015 - 21:16:03: Team "CT" triggered "Target_Saved" (CT "1") (T "0")
L 03/17/2015 - 21:16:03: World triggered "Round_End"
L 03/17/2015 - 21:16:13: World triggered "Round_Start"
L 03/17/2015 - 21:18:47: Team "CT" triggered "Target_Saved" (CT "2") (T "0")
L 03/17/2015 - 21:18:47: World triggered "Round_End"
L 03/17/2015 - 21:18:57: World triggered "Round_Start"
L 03/17/2015 - 21:20:47: [DPROTO]: Client 1 - Set AuthIdType 3 [dp_RevEmu]; pClient = 0xb395bdfc
L 03/17/2015 - 21:20:47: "|Xyligans|_Zl@9|_P@nD@<5><STEAM_0:4:446516485><>" connected, address "178.120.102.156:11993"
L 03/17/2015 - 21:20:47: [VTC] Player 2 speex
L 03/17/2015 - 21:20:50: [DPROTO]: Client 1 - Set AuthIdType 3 [dp_RevEmu]; pClient = 0xb395bdfc
L 03/17/2015 - 21:20:50: "|Xyligans|_Zl@9|_P@nD@<6><STEAM_0:4:446516485><>" connected, address "178.120.102.156:11993"
L 03/17/2015 - 21:20:50: [VTC] Player 2 speex
L 03/17/2015 - 21:20:53: "|Xyligans|_Zl@9|_P@nD@<6><STEAM_0:4:446516485><>" entered the game
L 03/17/2015 - 21:21:02: "|Xyligans|_Zl@9|_P@nD@<6><STEAM_0:4:446516485><UNASSIGNED>" triggered "time" (time "0:09")
L 03/17/2015 - 21:21:02: "|Xyligans|_Zl@9|_P@nD@<6><STEAM_0:4:446516485><UNASSIGNED>" triggered "latency" (ping "0")
L 03/17/2015 - 21:21:02: "|Xyligans|_Zl@9|_P@nD@<6><STEAM_0:4:446516485><>" disconnected
L 03/17/2015 - 21:21:31: Team "CT" triggered "Target_Saved" (CT "3") (T "0")
L 03/17/2015 - 21:21:31: World triggered "Round_End"
L 03/17/2015 - 21:21:37: "[Easy_Skill]_Faza#1<4><STEAM_0:0:969824236><CT>" triggered "weaponstats" (weapon "usp") (shots "25") (hits "0") (kills "0") (headshots "0") (tks "0") (damage "0") (deaths "0")
L 03/17/2015 - 21:21:37: "[Easy_Skill]_Faza#1<4><STEAM_0:0:969824236><CT>" triggered "weaponstats2" (weapon "usp") (head "0") (chest "0") (stomach "0") (leftarm "0") (rightarm "0") (leftleg "0") (rightleg "0")
L 03/17/2015 - 21:21:37: "[Easy_Skill]_Faza#1<4><STEAM_0:0:969824236><CT>" triggered "weaponstats" (weapon "knife") (shots "38") (hits "0") (kills "0") (headshots "0") (tks "0") (damage "0") (deaths "0")
L 03/17/2015 - 21:21:37: "[Easy_Skill]_Faza#1<4><STEAM_0:0:969824236><CT>" triggered "weaponstats2" (weapon "knife") (head "0") (chest "0") (stomach "0") (leftarm "0") (rightarm "0") (leftleg "0") (rightleg "0")
L 03/17/2015 - 21:21:37: "[Easy_Skill]_Faza#1<4><STEAM_0:0:969824236><CT>" triggered "time" (time "8:15")
L 03/17/2015 - 21:21:37: "[Easy_Skill]_Faza#1<4><STEAM_0:0:969824236><CT>" triggered "latency" (ping "16")
L 03/17/2015 - 21:21:37: "[Easy_Skill]_Faza#1<4><STEAM_0:0:969824236><CT>" disconnected
L 03/17/2015 - 21:21:37: World triggered "Round_Draw" (CT "3") (T "0")
L 03/17/2015 - 21:21:37: World triggered "Round_End"
L 03/17/2015 - 21:21:41: World triggered "Round_Start"
L 03/17/2015 - 21:21:47: World triggered "Round_Start"
L 03/17/2015 - 21:22:56: [META] ini: Begin re-reading plugins list: /home/extazy/Public/cstrike/addons/metamod/plugins.ini
L 03/17/2015 - 21:22:56: [META] ini: Read plugin config for: AMX Mod X
L 03/17/2015 - 21:22:56: [META] ini: Read plugin config for: dproto_EF
L 03/17/2015 - 21:22:56: [META] ini: Read plugin config for: VoiceTranscoder
L 03/17/2015 - 21:22:56: [META] ini: Finished reading plugins list: /home/extazy/Public/cstrike/addons/metamod/plugins.ini; Found 3 plugins
L 03/17/2015 - 21:22:56: [META] dll: Updating plugins...
L 03/17/2015 - 21:22:56: [META] dll: Finished updating 12 plugins; kept 3, loaded 0, unloaded 0, reloaded 0, delayed 0
L 03/17/2015 - 21:22:56: Log file closed
