L 03/24/2015 - 14:24:51: Log file started (file "logs/L0324052.log") (game "cstrike") (version "48/1.6.3.7/Stdio/5787")
L 03/24/2015 - 14:24:51: Loading map "de_dust2_3x3"
L 03/24/2015 - 14:24:51: Server cvars start
L 03/24/2015 - 14:24:51: Server cvar "_tutor_bomb_viewable_check_interval" = "0.5"
L 03/24/2015 - 14:24:51: Server cvar "_tutor_debug_level" = "0"
L 03/24/2015 - 14:24:51: Server cvar "_tutor_examine_time" = "0.5"
L 03/24/2015 - 14:24:51: Server cvar "_tutor_hint_interval_time" = "10.0"
L 03/24/2015 - 14:24:51: Server cvar "_tutor_look_angle" = "10"
L 03/24/2015 - 14:24:51: Server cvar "_tutor_look_distance" = "200"
L 03/24/2015 - 14:24:51: Server cvar "_tutor_message_character_display_time_coefficient" = "0.07"
L 03/24/2015 - 14:24:51: Server cvar "_tutor_message_minimum_display_time" = "1"
L 03/24/2015 - 14:24:51: Server cvar "_tutor_message_repeats" = "5"
L 03/24/2015 - 14:24:51: Server cvar "_tutor_view_distance" = "1000"
L 03/24/2015 - 14:24:51: Server cvar "aesp_version" = "1.5b_mini"
L 03/24/2015 - 14:24:51: Server cvar "allow_spectators" = "4"
L 03/24/2015 - 14:24:51: Server cvar "amx_client_languages" = "0"
L 03/24/2015 - 14:24:51: Server cvar "amx_contactinfo" = "ICQ: 691322983"
L 03/24/2015 - 14:24:51: Server cvar "amx_language" = "ru"
L 03/24/2015 - 14:24:51: Server cvar "amx_nextmap" = "de_dust2_3x3"
L 03/24/2015 - 14:24:51: Server cvar "amx_timeleft" = "00:00"
L 03/24/2015 - 14:24:51: Server cvar "amxbans_ssversion" = "Gm 1.6"
L 03/24/2015 - 14:24:51: Server cvar "amxbans_version" = "Gm 1.6"
L 03/24/2015 - 14:24:51: Server cvar "amxmodx_version" = "1.8.1.3746"
L 03/24/2015 - 14:24:51: Server cvar "Colored Translit Cheat" = "Loaded"
L 03/24/2015 - 14:24:51: Server cvar "Colored Translit Config" = "Loaded"
L 03/24/2015 - 14:24:51: Server cvar "Colored Translit Ignores" = "Loaded"
L 03/24/2015 - 14:24:51: Server cvar "Colored Translit Replace" = "Failed"
L 03/24/2015 - 14:24:51: Server cvar "Colored Translit Spam" = "Loaded"
L 03/24/2015 - 14:24:51: Server cvar "Colored Translit Status" = "Loaded"
L 03/24/2015 - 14:24:51: Server cvar "Colored Translit Swear" = "Loaded"
L 03/24/2015 - 14:24:51: Server cvar "Colored Translit Version" = "2.0b Final"
L 03/24/2015 - 14:24:51: Server cvar "coop" = "0"
L 03/24/2015 - 14:24:51: Server cvar "deathmatch" = "1"
L 03/24/2015 - 14:24:51: Server cvar "decalfrequency" = "9"
L 03/24/2015 - 14:24:51: Server cvar "dp_version" = "0.9.391"
L 03/24/2015 - 14:24:51: Server cvar "edgefriction" = "2"
L 03/24/2015 - 14:24:51: Server cvar "hostage_debug" = "0"
L 03/24/2015 - 14:24:51: Server cvar "hostage_stop" = "0"
L 03/24/2015 - 14:24:51: Server cvar "humans_join_team" = "any"
L 03/24/2015 - 14:24:51: Server cvar "jtp10181" = "chute"
L 03/24/2015 - 14:24:51: Server cvar "max_queries_sec" = "3.0"
L 03/24/2015 - 14:24:51: Server cvar "max_queries_sec_global" = "30"
L 03/24/2015 - 14:24:51: Server cvar "max_queries_window" = "60"
L 03/24/2015 - 14:24:51: Server cvar "metamod_version" = "1.19"
L 03/24/2015 - 14:24:51: Server cvar "mp_allowmonsters" = "0"
L 03/24/2015 - 14:24:51: Server cvar "mp_autokick" = "1"
L 03/24/2015 - 14:24:51: Server cvar "mp_autoteambalance" = "1"
L 03/24/2015 - 14:24:51: Server cvar "mp_buytime" = "1.5"
L 03/24/2015 - 14:24:51: Server cvar "mp_c4timer" = "35"
L 03/24/2015 - 14:24:51: Server cvar "mp_chattime" = "1"
L 03/24/2015 - 14:24:51: Server cvar "mp_consistency" = "1"
L 03/24/2015 - 14:24:51: Server cvar "mp_fadetoblack" = "0"
L 03/24/2015 - 14:24:51: Server cvar "mp_flashlight" = "1"
L 03/24/2015 - 14:24:51: Server cvar "mp_footsteps" = "1"
L 03/24/2015 - 14:24:51: Server cvar "mp_forcecamera" = "0"
L 03/24/2015 - 14:24:51: Server cvar "mp_forcechasecam" = "0"
L 03/24/2015 - 14:24:51: Server cvar "mp_fragsleft" = "0"
L 03/24/2015 - 14:24:51: Server cvar "mp_freezetime" = "5"
L 03/24/2015 - 14:24:51: Server cvar "mp_friendlyfire" = "0"
L 03/24/2015 - 14:24:51: Server cvar "mp_ghostfrequency" = "0.1"
L 03/24/2015 - 14:24:51: Server cvar "mp_hostagepenalty" = "0"
L 03/24/2015 - 14:24:51: Server cvar "mp_kickpercent" = "0.66"
L 03/24/2015 - 14:24:51: Server cvar "mp_limitteams" = "5"
L 03/24/2015 - 14:24:51: Server cvar "mp_logdetail" = "3"
L 03/24/2015 - 14:24:51: Server cvar "mp_logfile" = "1"
L 03/24/2015 - 14:24:51: Server cvar "mp_logmessages" = "1"
L 03/24/2015 - 14:24:51: Server cvar "mp_mapvoteratio" = "0.66"
L 03/24/2015 - 14:24:51: Server cvar "mp_maxrounds" = "0"
L 03/24/2015 - 14:24:51: Server cvar "mp_mirrordamage" = "0"
L 03/24/2015 - 14:24:51: Server cvar "mp_playerid" = "0"
L 03/24/2015 - 14:24:51: Server cvar "mp_roundtime" = "2.57"
L 03/24/2015 - 14:24:51: Server cvar "mp_startmoney" = "800"
L 03/24/2015 - 14:24:51: Server cvar "mp_timeleft" = "0"
L 03/24/2015 - 14:24:51: Server cvar "mp_timelimit" = "30.000000"
L 03/24/2015 - 14:24:51: Server cvar "mp_tkpunish" = "1"
L 03/24/2015 - 14:24:51: Server cvar "mp_windifference" = "1"
L 03/24/2015 - 14:24:51: Server cvar "mp_winlimit" = "0"
L 03/24/2015 - 14:24:51: Server cvar "pausable" = "0"
L 03/24/2015 - 14:24:51: Server cvar "sv_accelerate" = "5"
L 03/24/2015 - 14:24:51: Server cvar "sv_aim" = "0"
L 03/24/2015 - 14:24:51: Server cvar "sv_airaccelerate" = "10"
L 03/24/2015 - 14:24:51: Server cvar "sv_airmove" = "1"
L 03/24/2015 - 14:24:51: Server cvar "sv_allowupload" = "1"
L 03/24/2015 - 14:24:51: Server cvar "sv_alltalk" = "0"
L 03/24/2015 - 14:24:51: Server cvar "sv_bounce" = "1"
L 03/24/2015 - 14:24:51: Server cvar "sv_cheats" = "0"
L 03/24/2015 - 14:24:51: Server cvar "sv_clienttrace" = "1"
L 03/24/2015 - 14:24:51: Server cvar "sv_clipmode" = "0"
L 03/24/2015 - 14:24:51: Server cvar "sv_contact" = ""
L 03/24/2015 - 14:24:51: Server cvar "sv_friction" = "4"
L 03/24/2015 - 14:24:51: Server cvar "sv_gravity" = "800"
L 03/24/2015 - 14:24:51: Server cvar "sv_logblocks" = "0"
L 03/24/2015 - 14:24:51: Server cvar "sv_maxrate" = "50000"
L 03/24/2015 - 14:24:51: Server cvar "sv_maxspeed" = "900"
L 03/24/2015 - 14:24:51: Server cvar "sv_minrate" = "100000"
L 03/24/2015 - 14:24:51: Server cvar "sv_password" = ""
L 03/24/2015 - 14:24:51: Server cvar "sv_proxies" = "0"
L 03/24/2015 - 14:24:51: Server cvar "sv_region" = "255"
L 03/24/2015 - 14:24:51: Server cvar "sv_restart" = "0"
L 03/24/2015 - 14:24:51: Server cvar "sv_restartround" = "0"
L 03/24/2015 - 14:24:51: Server cvar "sv_stepsize" = "18"
L 03/24/2015 - 14:24:51: Server cvar "sv_stopspeed" = "75"
L 03/24/2015 - 14:24:51: Server cvar "sv_uploadmax" = "0.5"
L 03/24/2015 - 14:24:51: Server cvar "sv_voiceenable" = "1"
L 03/24/2015 - 14:24:51: Server cvar "sv_wateraccelerate" = "10"
L 03/24/2015 - 14:24:51: Server cvar "sv_waterfriction" = "1"
L 03/24/2015 - 14:24:51: Server cvar "travo_statmarquee" = "v1.2"
L 03/24/2015 - 14:24:51: Server cvar "ultimate_sounds" = "1.7"
L 03/24/2015 - 14:24:51: Server cvar "vtc_version" = "80"
L 03/24/2015 - 14:24:51: Server cvar "whb_version" = "1.5.530"
L 03/24/2015 - 14:24:51: Server cvars end
L 03/24/2015 - 14:24:52: Server cvar "amx_nextmap" = "de_inferno_2x2"
L 03/24/2015 - 14:24:52: Server cvar "sv_restart" = "1"
L 03/24/2015 - 14:24:52: World triggered "Restart_Round_(1_second)"
L 03/24/2015 - 14:24:52: Team "CT" scored "0" with "0" players
L 03/24/2015 - 14:24:52: Team "TERRORIST" scored "0" with "0" players
L 03/24/2015 - 14:24:52: Server cvar "sv_restart" = "0"
L 03/24/2015 - 14:24:52: Started map "de_dust2_3x3" (CRC "1202583262")
L 03/24/2015 - 14:24:52: [VTC] Player 7 speex
L 03/24/2015 - 14:24:52: [VTC] Player 1 speex
L 03/24/2015 - 14:24:56: "Tolstopuz<62><STEAM_0:0:622962821><>" entered the game
L 03/24/2015 - 14:24:56: [DPROTO]: Client 6 - Set AuthIdType 1 [dp_SteamEmu]; pClient = 0xb399e8c0
L 03/24/2015 - 14:24:56: "[Easy_Skill]_Faza#1<63><STEAM_0:0:969824236><>" connected, address "46.53.210.172:61708"
L 03/24/2015 - 14:24:56: [VTC] Player 7 speex
L 03/24/2015 - 14:24:57: World triggered "Round_Start"
L 03/24/2015 - 14:24:59: "[Easy_Skill]_Faza#1<63><STEAM_0:0:969824236><>" entered the game
L 03/24/2015 - 14:25:02: "Tolstopuz<62><STEAM_0:0:622962821><>" joined team "TERRORIST"
L 03/24/2015 - 14:25:02: "Tolstopuz<62><STEAM_0:0:622962821><TERRORIST>" triggered "Spawned_With_The_Bomb"
L 03/24/2015 - 14:25:03: "[Easy_Skill]_Faza#1<63><STEAM_0:0:969824236><>" joined team "CT"
L 03/24/2015 - 14:25:03: World triggered "Game_Commencing"
L 03/24/2015 - 14:25:03: World triggered "Game_Commencing" (CT "0") (T "0")
L 03/24/2015 - 14:25:03: World triggered "Round_End"
L 03/24/2015 - 14:25:06: "Tolstopuz<62><STEAM_0:0:622962821><TERRORIST>" triggered "Spawned_With_The_Bomb"
L 03/24/2015 - 14:25:11: World triggered "Round_Start"
L 03/24/2015 - 14:25:34: "Tolstopuz<62><STEAM_0:0:622962821><TERRORIST>" attacked "[Easy_Skill]_Faza#1<63><STEAM_0:0:969824236><CT>" with "glock18" (damage "32") (damage_armor "0") (health "68") (armor "0")
L 03/24/2015 - 14:25:36: "Tolstopuz<62><STEAM_0:0:622962821><TERRORIST>" attacked "[Easy_Skill]_Faza#1<63><STEAM_0:0:969824236><CT>" with "glock18" (damage "6") (damage_armor "0") (health "62") (armor "0")
L 03/24/2015 - 14:25:37: "[Easy_Skill]_Faza#1<63><STEAM_0:0:969824236><CT>" attacked "Tolstopuz<62><STEAM_0:0:622962821><TERRORIST>" with "usp" (damage "10") (damage_armor "0") (health "90") (armor "0")
L 03/24/2015 - 14:25:37: "[Easy_Skill]_Faza#1<63><STEAM_0:0:969824236><CT>" attacked "Tolstopuz<62><STEAM_0:0:622962821><TERRORIST>" with "usp" (damage "10") (damage_armor "0") (health "80") (armor "0")
L 03/24/2015 - 14:25:37: "Tolstopuz<62><STEAM_0:0:622962821><TERRORIST>" attacked "[Easy_Skill]_Faza#1<63><STEAM_0:0:969824236><CT>" with "glock18" (damage "8") (damage_armor "0") (health "54") (armor "0")
L 03/24/2015 - 14:25:38: "[Easy_Skill]_Faza#1<63><STEAM_0:0:969824236><CT>" attacked "Tolstopuz<62><STEAM_0:0:622962821><TERRORIST>" with "usp" (damage "10") (damage_armor "0") (health "70") (armor "0")
L 03/24/2015 - 14:25:38: "Tolstopuz<62><STEAM_0:0:622962821><TERRORIST>" attacked "[Easy_Skill]_Faza#1<63><STEAM_0:0:969824236><CT>" with "glock18" (damage "6") (damage_armor "0") (health "48") (armor "0")
L 03/24/2015 - 14:25:49: "Tolstopuz<62><STEAM_0:0:622962821><TERRORIST>" attacked "[Easy_Skill]_Faza#1<63><STEAM_0:0:969824236><CT>" with "glock18" (damage "8") (damage_armor "0") (health "40") (armor "0")
L 03/24/2015 - 14:25:55: "[Easy_Skill]_Faza#1<63><STEAM_0:0:969824236><CT>" attacked "Tolstopuz<62><STEAM_0:0:622962821><TERRORIST>" with "usp" (damage "12") (damage_armor "0") (health "58") (armor "0")
L 03/24/2015 - 14:25:59: "Tolstopuz<62><STEAM_0:0:622962821><TERRORIST>" attacked "[Easy_Skill]_Faza#1<63><STEAM_0:0:969824236><CT>" with "glock18" (damage "9") (damage_armor "0") (health "31") (armor "0")
L 03/24/2015 - 14:26:00: "[Easy_Skill]_Faza#1<63><STEAM_0:0:969824236><CT>" attacked "Tolstopuz<62><STEAM_0:0:622962821><TERRORIST>" with "usp" (damage "19") (damage_armor "0") (health "39") (armor "0")
L 03/24/2015 - 14:26:02: "[Easy_Skill]_Faza#1<63><STEAM_0:0:969824236><CT>" attacked "Tolstopuz<62><STEAM_0:0:622962821><TERRORIST>" with "usp" (damage "19") (damage_armor "0") (health "20") (armor "0")
L 03/24/2015 - 14:26:02: "Tolstopuz<62><STEAM_0:0:622962821><TERRORIST>" attacked "[Easy_Skill]_Faza#1<63><STEAM_0:0:969824236><CT>" with "glock18" (damage "12") (damage_armor "0") (health "19") (armor "0")
L 03/24/2015 - 14:26:02: "[Easy_Skill]_Faza#1<63><STEAM_0:0:969824236><CT>" attacked "Tolstopuz<62><STEAM_0:0:622962821><TERRORIST>" with "usp" (damage "19") (damage_armor "0") (health "1") (armor "0")
L 03/24/2015 - 14:26:02: "Tolstopuz<62><STEAM_0:0:622962821><TERRORIST>" attacked "[Easy_Skill]_Faza#1<63><STEAM_0:0:969824236><CT>" with "glock18" (damage "12") (damage_armor "0") (health "7") (armor "0")
L 03/24/2015 - 14:26:03: "[Easy_Skill]_Faza#1<63><STEAM_0:0:969824236><CT>" attacked "Tolstopuz<62><STEAM_0:0:622962821><TERRORIST>" with "usp" (damage "19") (damage_armor "0") (health "-18") (armor "0")
L 03/24/2015 - 14:26:03: "[Easy_Skill]_Faza#1<63><STEAM_0:0:969824236><CT>" killed "Tolstopuz<62><STEAM_0:0:622962821><TERRORIST>" with "usp"
L 03/24/2015 - 14:26:03: Team "CT" triggered "CTs_Win" (CT "1") (T "0")
L 03/24/2015 - 14:26:03: World triggered "Round_End"
L 03/24/2015 - 14:26:08: "Tolstopuz<62><STEAM_0:0:622962821><TERRORIST>" triggered "Spawned_With_The_Bomb"
L 03/24/2015 - 14:26:13: World triggered "Round_Start"
L 03/24/2015 - 14:26:35: "[Easy_Skill]_Faza#1<63><STEAM_0:0:969824236><CT>" attacked "Tolstopuz<62><STEAM_0:0:622962821><TERRORIST>" with "m4a1" (damage "35") (damage_armor "0") (health "65") (armor "0")
L 03/24/2015 - 14:26:35: "[Easy_Skill]_Faza#1<63><STEAM_0:0:969824236><CT>" attacked "Tolstopuz<62><STEAM_0:0:622962821><TERRORIST>" with "m4a1" (damage "35") (damage_armor "0") (health "30") (armor "0")
L 03/24/2015 - 14:26:36: "[Easy_Skill]_Faza#1<63><STEAM_0:0:969824236><CT>" attacked "Tolstopuz<62><STEAM_0:0:622962821><TERRORIST>" with "m4a1" (damage "21") (damage_armor "0") (health "9") (armor "0")
L 03/24/2015 - 14:26:36: "[Easy_Skill]_Faza#1<63><STEAM_0:0:969824236><CT>" attacked "Tolstopuz<62><STEAM_0:0:622962821><TERRORIST>" with "m4a1" (damage "28") (damage_armor "0") (health "-19") (armor "0")
L 03/24/2015 - 14:26:36: "[Easy_Skill]_Faza#1<63><STEAM_0:0:969824236><CT>" killed "Tolstopuz<62><STEAM_0:0:622962821><TERRORIST>" with "m4a1"
L 03/24/2015 - 14:26:36: Team "CT" triggered "CTs_Win" (CT "2") (T "0")
L 03/24/2015 - 14:26:36: World triggered "Round_End"
L 03/24/2015 - 14:26:39: [DPROTO]: Client 1 - Set AuthIdType 3 [dp_RevEmu]; pClient = 0xb3985dfc
L 03/24/2015 - 14:26:39: "[Easy_Skill]_LoL#3<64><STEAM_0:4:1537134213><>" connected, address "178.127.97.30:27005"
L 03/24/2015 - 14:26:39: [VTC] Player 2 speex
L 03/24/2015 - 14:26:41: "Tolstopuz<62><STEAM_0:0:622962821><TERRORIST>" triggered "Spawned_With_The_Bomb"
L 03/24/2015 - 14:26:42: [DPROTO]: Client 1 - Set AuthIdType 3 [dp_RevEmu]; pClient = 0xb3985dfc
L 03/24/2015 - 14:26:42: "[Easy_Skill]_LoL#3<65><STEAM_0:4:1537134213><>" connected, address "178.127.97.30:27005"
L 03/24/2015 - 14:26:42: [VTC] Player 2 speex
L 03/24/2015 - 14:26:46: World triggered "Round_Start"
L 03/24/2015 - 14:26:50: "[Easy_Skill]_LoL#3<65><STEAM_0:4:1537134213><>" entered the game
L 03/24/2015 - 14:26:55: [DPROTO]: Client 2 - Set AuthIdType 1 [Native]; pClient = 0xb398acf0
L 03/24/2015 - 14:26:55: "RAKAL<66><STEAM_0:0:100430511><>" connected, address "94.75.153.63:27005"
L 03/24/2015 - 14:26:55: [VTC] Player 3 silk
L 03/24/2015 - 14:26:55: "RAKAL<66><STEAM_0:0:100430511><>" STEAM USERID validated
L 03/24/2015 - 14:26:57: "Tolstopuz<62><STEAM_0:0:622962821><TERRORIST>" attacked "[Easy_Skill]_Faza#1<63><STEAM_0:0:969824236><CT>" with "glock18" (damage "7") (damage_armor "4") (health "93") (armor "96")
L 03/24/2015 - 14:26:59: "RAKAL<66><STEAM_0:0:100430511><>" entered the game
L 03/24/2015 - 14:26:59: "[Easy_Skill]_Faza#1<63><STEAM_0:0:969824236><CT>" attacked "Tolstopuz<62><STEAM_0:0:622962821><TERRORIST>" with "m4a1" (damage "17") (damage_armor "0") (health "78") (armor "0")
L 03/24/2015 - 14:26:59: "[Easy_Skill]_Faza#1<63><STEAM_0:0:969824236><CT>" attacked "Tolstopuz<62><STEAM_0:0:622962821><TERRORIST>" with "m4a1" (damage "14") (damage_armor "0") (health "64") (armor "0")
L 03/24/2015 - 14:27:02: "RAKAL<66><STEAM_0:0:100430511><>" joined team "CT"
L 03/24/2015 - 14:27:07: "Tolstopuz<62><STEAM_0:0:622962821><TERRORIST>" attacked "[Easy_Skill]_Faza#1<63><STEAM_0:0:969824236><CT>" with "glock18" (damage "7") (damage_armor "3") (health "86") (armor "93")
L 03/24/2015 - 14:27:08: "Tolstopuz<62><STEAM_0:0:622962821><TERRORIST>" attacked "[Easy_Skill]_Faza#1<63><STEAM_0:0:969824236><CT>" with "glock18" (damage "8") (damage_armor "0") (health "78") (armor "93")
L 03/24/2015 - 14:27:08: "Tolstopuz<62><STEAM_0:0:622962821><TERRORIST>" attacked "[Easy_Skill]_Faza#1<63><STEAM_0:0:969824236><CT>" with "glock18" (damage "6") (damage_armor "3") (health "72") (armor "90")
L 03/24/2015 - 14:27:27: "Tolstopuz<62><STEAM_0:0:622962821><TERRORIST>" attacked "RAKAL<66><STEAM_0:0:100430511><CT>" with "glock18" (damage "13") (damage_armor "0") (health "87") (armor "0")
L 03/24/2015 - 14:27:28: "Tolstopuz<62><STEAM_0:0:622962821><TERRORIST>" attacked "RAKAL<66><STEAM_0:0:100430511><CT>" with "glock18" (damage "52") (damage_armor "0") (health "35") (armor "0")
L 03/24/2015 - 14:27:29: [DPROTO]: Client 3 - Set AuthIdType 3 [dp_RevEmu]; pClient = 0xb398fbe4
L 03/24/2015 - 14:27:29: "[Hard_Skill]_Funny*Apple<67><STEAM_0:4:1364633349><>" connected, address "178.172.241.11:33319"
L 03/24/2015 - 14:27:29: [VTC] Player 4 speex
L 03/24/2015 - 14:27:29: "Tolstopuz<62><STEAM_0:0:622962821><TERRORIST>" attacked "RAKAL<66><STEAM_0:0:100430511><CT>" with "glock18" (damage "13") (damage_armor "0") (health "22") (armor "0")
L 03/24/2015 - 14:27:30: "[Easy_Skill]_Faza#1<63><STEAM_0:0:969824236><CT>" attacked "Tolstopuz<62><STEAM_0:0:622962821><TERRORIST>" with "usp" (damage "18") (damage_armor "0") (health "46") (armor "0")
L 03/24/2015 - 14:27:30: "Tolstopuz<62><STEAM_0:0:622962821><TERRORIST>" attacked "[Easy_Skill]_Faza#1<63><STEAM_0:0:969824236><CT>" with "glock18" (damage "8") (damage_armor "4") (health "64") (armor "86")
L 03/24/2015 - 14:27:30: "[Easy_Skill]_Faza#1<63><STEAM_0:0:969824236><CT>" attacked "Tolstopuz<62><STEAM_0:0:622962821><TERRORIST>" with "usp" (damage "24") (damage_armor "0") (health "22") (armor "0")
L 03/24/2015 - 14:27:31: "[Easy_Skill]_Faza#1<63><STEAM_0:0:969824236><CT>" attacked "Tolstopuz<62><STEAM_0:0:622962821><TERRORIST>" with "usp" (damage "18") (damage_armor "0") (health "4") (armor "0")
L 03/24/2015 - 14:27:31: "Tolstopuz<62><STEAM_0:0:622962821><TERRORIST>" attacked "[Easy_Skill]_Faza#1<63><STEAM_0:0:969824236><CT>" with "glock18" (damage "8") (damage_armor "4") (health "56") (armor "82")
L 03/24/2015 - 14:27:31: "[Easy_Skill]_Faza#1<63><STEAM_0:0:969824236><CT>" attacked "Tolstopuz<62><STEAM_0:0:622962821><TERRORIST>" with "usp" (damage "30") (damage_armor "0") (health "-26") (armor "0")
L 03/24/2015 - 14:27:31: "[Easy_Skill]_Faza#1<63><STEAM_0:0:969824236><CT>" killed "Tolstopuz<62><STEAM_0:0:622962821><TERRORIST>" with "usp"
L 03/24/2015 - 14:27:31: Team "CT" triggered "CTs_Win" (CT "3") (T "0")
L 03/24/2015 - 14:27:31: World triggered "Round_End"
L 03/24/2015 - 14:27:36: "Tolstopuz<62><STEAM_0:0:622962821><TERRORIST>" triggered "Spawned_With_The_Bomb"
L 03/24/2015 - 14:27:39: "[Hard_Skill]_Funny*Apple<67><STEAM_0:4:1364633349><>" entered the game
L 03/24/2015 - 14:27:39: "[Easy_Skill]_LoL#3<65><STEAM_0:4:1537134213><>" joined team "TERRORIST"
L 03/24/2015 - 14:27:41: World triggered "Round_Start"
L 03/24/2015 - 14:27:46: "[Hard_Skill]_Funny*Apple<67><STEAM_0:4:1364633349><>" joined team "CT"
L 03/24/2015 - 14:27:53: "[Hard_Skill]_Funny*Apple<67><STEAM_0:4:1364633349><CT>" attacked "[Easy_Skill]_LoL#3<65><STEAM_0:4:1537134213><TERRORIST>" with "deagle" (damage "33") (damage_armor "0") (health "67") (armor "0")
L 03/24/2015 - 14:27:57: "[Easy_Skill]_Faza#1<63><STEAM_0:0:969824236><CT>" attacked "Tolstopuz<62><STEAM_0:0:622962821><TERRORIST>" with "m4a1" (damage "30") (damage_armor "0") (health "70") (armor "0")
L 03/24/2015 - 14:27:57: "[Easy_Skill]_Faza#1<63><STEAM_0:0:969824236><CT>" attacked "Tolstopuz<62><STEAM_0:0:622962821><TERRORIST>" with "m4a1" (damage "22") (damage_armor "0") (health "48") (armor "0")
L 03/24/2015 - 14:27:57: "Tolstopuz<62><STEAM_0:0:622962821><TERRORIST>" attacked "[Easy_Skill]_Faza#1<63><STEAM_0:0:969824236><CT>" with "ak47" (damage "26") (damage_armor "4") (health "74") (armor "96")
L 03/24/2015 - 14:27:57: "[Easy_Skill]_LoL#3<65><STEAM_0:4:1537134213><TERRORIST>" attacked "[Hard_Skill]_Funny*Apple<67><STEAM_0:4:1364633349><CT>" with "deagle" (damage "37") (damage_armor "0") (health "63") (armor "0")
L 03/24/2015 - 14:27:58: "[Easy_Skill]_Faza#1<63><STEAM_0:0:969824236><CT>" attacked "Tolstopuz<62><STEAM_0:0:622962821><TERRORIST>" with "m4a1" (damage "22") (damage_armor "0") (health "26") (armor "0")
L 03/24/2015 - 14:27:58: "[Easy_Skill]_LoL#3<65><STEAM_0:4:1537134213><TERRORIST>" attacked "[Hard_Skill]_Funny*Apple<67><STEAM_0:4:1364633349><CT>" with "deagle" (damage "28") (damage_armor "0") (health "35") (armor "0")
L 03/24/2015 - 14:27:58: "[Easy_Skill]_Faza#1<63><STEAM_0:0:969824236><CT>" attacked "Tolstopuz<62><STEAM_0:0:622962821><TERRORIST>" with "m4a1" (damage "37") (damage_armor "0") (health "-11") (armor "0")
L 03/24/2015 - 14:27:58: "[Easy_Skill]_Faza#1<63><STEAM_0:0:969824236><CT>" killed "Tolstopuz<62><STEAM_0:0:622962821><TERRORIST>" with "m4a1"
L 03/24/2015 - 14:27:58: "Tolstopuz<62><STEAM_0:0:622962821><TERRORIST>" triggered "Dropped_The_Bomb"
L 03/24/2015 - 14:27:58: "[Easy_Skill]_LoL#3<65><STEAM_0:4:1537134213><TERRORIST>" attacked "[Hard_Skill]_Funny*Apple<67><STEAM_0:4:1364633349><CT>" with "deagle" (damage "28") (damage_armor "0") (health "7") (armor "0")
L 03/24/2015 - 14:28:05: "[Easy_Skill]_LoL#3<65><STEAM_0:4:1537134213><TERRORIST>" attacked "[Hard_Skill]_Funny*Apple<67><STEAM_0:4:1364633349><CT>" with "deagle" (damage "60") (damage_armor "0") (health "-53") (armor "0")
L 03/24/2015 - 14:28:05: "[Easy_Skill]_LoL#3<65><STEAM_0:4:1537134213><TERRORIST>" killed "[Hard_Skill]_Funny*Apple<67><STEAM_0:4:1364633349><CT>" with "deagle"
L 03/24/2015 - 14:28:07: "Tolstopuz<62><STEAM_0:0:622962821><TERRORIST>" triggered "weaponstats" (weapon "grenade") (shots "2") (hits "0") (kills "0") (headshots "0") (tks "0") (damage "0") (deaths "0")
L 03/24/2015 - 14:28:07: "Tolstopuz<62><STEAM_0:0:622962821><TERRORIST>" triggered "weaponstats2" (weapon "grenade") (head "0") (chest "0") (stomach "0") (leftarm "0") (rightarm "0") (leftleg "0") (rightleg "0")
L 03/24/2015 - 14:28:07: "Tolstopuz<62><STEAM_0:0:622962821><TERRORIST>" triggered "weaponstats" (weapon "glock18") (shots "94") (hits "17") (kills "0") (headshots "0") (tks "0") (damage "215") (deaths "2")
L 03/24/2015 - 14:28:07: "Tolstopuz<62><STEAM_0:0:622962821><TERRORIST>" triggered "weaponstats2" (weapon "glock18") (head "2") (chest "1") (stomach "2") (leftarm "5") (rightarm "3") (leftleg "1") (rightleg "3")
L 03/24/2015 - 14:28:07: "Tolstopuz<62><STEAM_0:0:622962821><TERRORIST>" triggered "weaponstats" (weapon "deagle") (shots "3") (hits "0") (kills "0") (headshots "0") (tks "0") (damage "0") (deaths "1")
L 03/24/2015 - 14:28:07: "Tolstopuz<62><STEAM_0:0:622962821><TERRORIST>" triggered "weaponstats2" (weapon "deagle") (head "0") (chest "0") (stomach "0") (leftarm "0") (rightarm "0") (leftleg "0") (rightleg "0")
L 03/24/2015 - 14:28:07: "Tolstopuz<62><STEAM_0:0:622962821><TERRORIST>" triggered "weaponstats" (weapon "ak47") (shots "14") (hits "1") (kills "0") (headshots "0") (tks "0") (damage "26") (deaths "1")
L 03/24/2015 - 14:28:07: "Tolstopuz<62><STEAM_0:0:622962821><TERRORIST>" triggered "weaponstats2" (weapon "ak47") (head "0") (chest "0") (stomach "0") (leftarm "1") (rightarm "0") (leftleg "0") (rightleg "0")
L 03/24/2015 - 14:28:07: "Tolstopuz<62><STEAM_0:0:622962821><TERRORIST>" triggered "time" (time "3:10")
L 03/24/2015 - 14:28:07: "Tolstopuz<62><STEAM_0:0:622962821><TERRORIST>" triggered "latency" (ping "34")
L 03/24/2015 - 14:28:07: "Tolstopuz<62><STEAM_0:0:622962821><TERRORIST>" disconnected
L 03/24/2015 - 14:28:22: "[Easy_Skill]_Faza#1<63><STEAM_0:0:969824236><CT>" attacked "[Easy_Skill]_LoL#3<65><STEAM_0:4:1537134213><TERRORIST>" with "m4a1" (damage "29") (damage_armor "0") (health "38") (armor "0")
L 03/24/2015 - 14:28:23: "[Easy_Skill]_LoL#3<65><STEAM_0:4:1537134213><TERRORIST>" attacked "[Easy_Skill]_Faza#1<63><STEAM_0:0:969824236><CT>" with "deagle" (damage "25") (damage_armor "0") (health "49") (armor "96")
L 03/24/2015 - 14:28:23: "[Easy_Skill]_Faza#1<63><STEAM_0:0:969824236><CT>" attacked "[Easy_Skill]_LoL#3<65><STEAM_0:4:1537134213><TERRORIST>" with "m4a1" (damage "29") (damage_armor "0") (health "9") (armor "0")
L 03/24/2015 - 14:28:23: "[Easy_Skill]_LoL#3<65><STEAM_0:4:1537134213><TERRORIST>" attacked "[Easy_Skill]_Faza#1<63><STEAM_0:0:969824236><CT>" with "deagle" (damage "25") (damage_armor "0") (health "24") (armor "96")
L 03/24/2015 - 14:28:23: "[Easy_Skill]_Faza#1<63><STEAM_0:0:969824236><CT>" attacked "[Easy_Skill]_LoL#3<65><STEAM_0:4:1537134213><TERRORIST>" with "m4a1" (damage "29") (damage_armor "0") (health "-20") (armor "0")
L 03/24/2015 - 14:28:23: "[Easy_Skill]_Faza#1<63><STEAM_0:0:969824236><CT>" killed "[Easy_Skill]_LoL#3<65><STEAM_0:4:1537134213><TERRORIST>" with "m4a1"
L 03/24/2015 - 14:28:23: Team "CT" triggered "CTs_Win" (CT "4") (T "0")
L 03/24/2015 - 14:28:23: World triggered "Round_End"
L 03/24/2015 - 14:28:26: "[Easy_Skill]_Faza#1<63><STEAM_0:0:969824236><CT>" committed suicide with "world"
L 03/24/2015 - 14:28:26: "[Easy_Skill]_Faza#1<63><STEAM_0:0:969824236><CT>" joined team "TERRORIST"
L 03/24/2015 - 14:28:28: "[Easy_Skill]_Faza#1<63><STEAM_0:0:969824236><TERRORIST>" triggered "Spawned_With_The_Bomb"
L 03/24/2015 - 14:28:33: World triggered "Round_Start"
L 03/24/2015 - 14:28:49: "[Hard_Skill]_Funny*Apple<67><STEAM_0:4:1364633349><CT>" attacked "[Easy_Skill]_Faza#1<63><STEAM_0:0:969824236><TERRORIST>" with "m4a1" (damage "21") (damage_armor "0") (health "79") (armor "100")
L 03/24/2015 - 14:28:49: "[Hard_Skill]_Funny*Apple<67><STEAM_0:4:1364633349><CT>" attacked "[Easy_Skill]_Faza#1<63><STEAM_0:0:969824236><TERRORIST>" with "m4a1" (damage "20") (damage_armor "5") (health "59") (armor "95")
L 03/24/2015 - 14:28:49: "[Hard_Skill]_Funny*Apple<67><STEAM_0:4:1364633349><CT>" attacked "[Easy_Skill]_Faza#1<63><STEAM_0:0:969824236><TERRORIST>" with "m4a1" (damage "21") (damage_armor "0") (health "38") (armor "95")
L 03/24/2015 - 14:28:49: "[Hard_Skill]_Funny*Apple<67><STEAM_0:4:1364633349><CT>" attacked "[Easy_Skill]_Faza#1<63><STEAM_0:0:969824236><TERRORIST>" with "m4a1" (damage "21") (damage_armor "0") (health "17") (armor "95")
L 03/24/2015 - 14:28:51: "RAKAL<66><STEAM_0:0:100430511><CT>" attacked "[Easy_Skill]_Faza#1<63><STEAM_0:0:969824236><TERRORIST>" with "ak47" (damage "24") (damage_armor "0") (health "-7") (armor "95")
L 03/24/2015 - 14:28:51: "RAKAL<66><STEAM_0:0:100430511><CT>" killed "[Easy_Skill]_Faza#1<63><STEAM_0:0:969824236><TERRORIST>" with "ak47"
L 03/24/2015 - 14:28:51: "[Easy_Skill]_Faza#1<63><STEAM_0:0:969824236><TERRORIST>" triggered "Dropped_The_Bomb"
L 03/24/2015 - 14:28:56: "[Easy_Skill]_Faza#1<63><STEAM_0:0:969824236><TERRORIST>" say ",kz ult ns ,tuftim" (dead)
L 03/24/2015 - 14:29:16: "[Easy_Skill]_Faza#1<63><STEAM_0:0:969824236><TERRORIST>" say ",kz//" (dead)
L 03/24/2015 - 14:29:35: "[Easy_Skill]_LoL#3<65><STEAM_0:4:1537134213><TERRORIST>" attacked "[Hard_Skill]_Funny*Apple<67><STEAM_0:4:1364633349><CT>" with "ak47" (damage "26") (damage_armor "0") (health "74") (armor "0")
L 03/24/2015 - 14:29:35: "[Easy_Skill]_LoL#3<65><STEAM_0:4:1537134213><TERRORIST>" attacked "[Hard_Skill]_Funny*Apple<67><STEAM_0:4:1364633349><CT>" with "ak47" (damage "35") (damage_armor "0") (health "39") (armor "0")
L 03/24/2015 - 14:29:35: "[Easy_Skill]_LoL#3<65><STEAM_0:4:1537134213><TERRORIST>" attacked "[Hard_Skill]_Funny*Apple<67><STEAM_0:4:1364633349><CT>" with "ak47" (damage "35") (damage_armor "0") (health "4") (armor "0")
L 03/24/2015 - 14:29:35: "[Easy_Skill]_LoL#3<65><STEAM_0:4:1537134213><TERRORIST>" attacked "[Hard_Skill]_Funny*Apple<67><STEAM_0:4:1364633349><CT>" with "ak47" (damage "35") (damage_armor "0") (health "-31") (armor "0")
L 03/24/2015 - 14:29:35: "[Easy_Skill]_LoL#3<65><STEAM_0:4:1537134213><TERRORIST>" killed "[Hard_Skill]_Funny*Apple<67><STEAM_0:4:1364633349><CT>" with "ak47"
L 03/24/2015 - 14:29:37: "[Easy_Skill]_LoL#3<65><STEAM_0:4:1537134213><TERRORIST>" attacked "RAKAL<66><STEAM_0:0:100430511><CT>" with "ak47" (damage "35") (damage_armor "0") (health "65") (armor "0")
L 03/24/2015 - 14:29:38: "RAKAL<66><STEAM_0:0:100430511><CT>" attacked "[Easy_Skill]_LoL#3<65><STEAM_0:4:1537134213><TERRORIST>" with "deagle" (damage "40") (damage_armor "0") (health "60") (armor "0")
L 03/24/2015 - 14:29:38: "RAKAL<66><STEAM_0:0:100430511><CT>" attacked "[Easy_Skill]_LoL#3<65><STEAM_0:4:1537134213><TERRORIST>" with "deagle" (damage "50") (damage_armor "0") (health "10") (armor "0")
L 03/24/2015 - 14:29:39: "RAKAL<66><STEAM_0:0:100430511><CT>" attacked "[Easy_Skill]_LoL#3<65><STEAM_0:4:1537134213><TERRORIST>" with "deagle" (damage "30") (damage_armor "0") (health "-20") (armor "0")
L 03/24/2015 - 14:29:39: "RAKAL<66><STEAM_0:0:100430511><CT>" killed "[Easy_Skill]_LoL#3<65><STEAM_0:4:1537134213><TERRORIST>" with "deagle"
L 03/24/2015 - 14:29:39: Team "CT" triggered "CTs_Win" (CT "5") (T "0")
L 03/24/2015 - 14:29:39: World triggered "Round_End"
L 03/24/2015 - 14:29:44: "[Easy_Skill]_LoL#3<65><STEAM_0:4:1537134213><TERRORIST>" triggered "Spawned_With_The_Bomb"
L 03/24/2015 - 14:29:49: World triggered "Round_Start"
L 03/24/2015 - 14:29:58: "[Hard_Skill]_Funny*Apple<67><STEAM_0:4:1364633349><CT>" attacked "[Easy_Skill]_LoL#3<65><STEAM_0:4:1537134213><TERRORIST>" with "m4a1" (damage "30") (damage_armor "0") (health "70") (armor "0")
L 03/24/2015 - 14:29:59: "[Hard_Skill]_Funny*Apple<67><STEAM_0:4:1364633349><CT>" attacked "[Easy_Skill]_LoL#3<65><STEAM_0:4:1537134213><TERRORIST>" with "m4a1" (damage "30") (damage_armor "0") (health "40") (armor "0")
L 03/24/2015 - 14:29:59: "RAKAL<66><STEAM_0:0:100430511><CT>" attacked "[Easy_Skill]_LoL#3<65><STEAM_0:4:1537134213><TERRORIST>" with "ak47" (damage "25") (damage_armor "0") (health "15") (armor "0")
L 03/24/2015 - 14:30:00: "[Hard_Skill]_Funny*Apple<67><STEAM_0:4:1364633349><CT>" attacked "[Easy_Skill]_LoL#3<65><STEAM_0:4:1537134213><TERRORIST>" with "m4a1" (damage "22") (damage_armor "0") (health "-7") (armor "0")
L 03/24/2015 - 14:30:00: "[Hard_Skill]_Funny*Apple<67><STEAM_0:4:1364633349><CT>" killed "[Easy_Skill]_LoL#3<65><STEAM_0:4:1537134213><TERRORIST>" with "m4a1"
L 03/24/2015 - 14:30:00: "[Easy_Skill]_LoL#3<65><STEAM_0:4:1537134213><TERRORIST>" triggered "Dropped_The_Bomb"
L 03/24/2015 - 14:30:05: "[Easy_Skill]_Faza#1<63><STEAM_0:0:969824236><TERRORIST>" attacked "[Hard_Skill]_Funny*Apple<67><STEAM_0:4:1364633349><CT>" with "ak47" (damage "42") (damage_armor "0") (health "58") (armor "0")
L 03/24/2015 - 14:30:05: "[Easy_Skill]_Faza#1<63><STEAM_0:0:969824236><TERRORIST>" attacked "[Hard_Skill]_Funny*Apple<67><STEAM_0:4:1364633349><CT>" with "ak47" (damage "34") (damage_armor "0") (health "24") (armor "0")
L 03/24/2015 - 14:30:06: "[Easy_Skill]_Faza#1<63><STEAM_0:0:969824236><TERRORIST>" attacked "[Hard_Skill]_Funny*Apple<67><STEAM_0:4:1364633349><CT>" with "ak47" (damage "34") (damage_armor "0") (health "-10") (armor "0")
L 03/24/2015 - 14:30:06: "[Easy_Skill]_Faza#1<63><STEAM_0:0:969824236><TERRORIST>" killed "[Hard_Skill]_Funny*Apple<67><STEAM_0:4:1364633349><CT>" with "ak47"
L 03/24/2015 - 14:30:06: "[Easy_Skill]_Faza#1<63><STEAM_0:0:969824236><TERRORIST>" attacked "RAKAL<66><STEAM_0:0:100430511><CT>" with "ak47" (damage "42") (damage_armor "0") (health "58") (armor "0")
L 03/24/2015 - 14:30:06: "[Easy_Skill]_Faza#1<63><STEAM_0:0:969824236><TERRORIST>" attacked "RAKAL<66><STEAM_0:0:100430511><CT>" with "ak47" (damage "42") (damage_armor "0") (health "16") (armor "0")
L 03/24/2015 - 14:30:06: "[Easy_Skill]_Faza#1<63><STEAM_0:0:969824236><TERRORIST>" attacked "RAKAL<66><STEAM_0:0:100430511><CT>" with "ak47" (damage "34") (damage_armor "0") (health "-18") (armor "0")
L 03/24/2015 - 14:30:06: "[Easy_Skill]_Faza#1<63><STEAM_0:0:969824236><TERRORIST>" killed "RAKAL<66><STEAM_0:0:100430511><CT>" with "ak47"
L 03/24/2015 - 14:30:06: Team "TERRORIST" triggered "Terrorists_Win" (CT "5") (T "1")
L 03/24/2015 - 14:30:06: World triggered "Round_End"
L 03/24/2015 - 14:30:11: "[Easy_Skill]_Faza#1<63><STEAM_0:0:969824236><TERRORIST>" triggered "Spawned_With_The_Bomb"
L 03/24/2015 - 14:30:16: World triggered "Round_Start"
L 03/24/2015 - 14:30:26: "RAKAL<66><STEAM_0:0:100430511><CT>" attacked "[Easy_Skill]_Faza#1<63><STEAM_0:0:969824236><TERRORIST>" with "famas" (damage "21") (damage_armor "0") (health "79") (armor "100")
L 03/24/2015 - 14:30:26: "RAKAL<66><STEAM_0:0:100430511><CT>" attacked "[Easy_Skill]_Faza#1<63><STEAM_0:0:969824236><TERRORIST>" with "famas" (damage "19") (damage_armor "5") (health "60") (armor "95")
L 03/24/2015 - 14:30:26: "RAKAL<66><STEAM_0:0:100430511><CT>" attacked "[Easy_Skill]_Faza#1<63><STEAM_0:0:969824236><TERRORIST>" with "famas" (damage "19") (damage_armor "4") (health "41") (armor "91")
L 03/24/2015 - 14:30:26: "[Hard_Skill]_Funny*Apple<67><STEAM_0:4:1364633349><CT>" attacked "[Easy_Skill]_Faza#1<63><STEAM_0:0:969824236><TERRORIST>" with "deagle" (damage "33") (damage_armor "5") (health "8") (armor "86")
L 03/24/2015 - 14:30:26: "[Hard_Skill]_Funny*Apple<67><STEAM_0:4:1364633349><CT>" attacked "[Easy_Skill]_Faza#1<63><STEAM_0:0:969824236><TERRORIST>" with "deagle" (damage "41") (damage_armor "7") (health "-33") (armor "79")
L 03/24/2015 - 14:30:26: "[Hard_Skill]_Funny*Apple<67><STEAM_0:4:1364633349><CT>" killed "[Easy_Skill]_Faza#1<63><STEAM_0:0:969824236><TERRORIST>" with "deagle"
L 03/24/2015 - 14:30:26: "[Easy_Skill]_Faza#1<63><STEAM_0:0:969824236><TERRORIST>" triggered "Dropped_The_Bomb"
L 03/24/2015 - 14:30:32: "[Easy_Skill]_LoL#3<65><STEAM_0:4:1537134213><TERRORIST>" attacked "RAKAL<66><STEAM_0:0:100430511><CT>" with "ak47" (damage "34") (damage_armor "0") (health "66") (armor "0")
L 03/24/2015 - 14:30:32: "[Easy_Skill]_LoL#3<65><STEAM_0:4:1537134213><TERRORIST>" attacked "RAKAL<66><STEAM_0:0:100430511><CT>" with "ak47" (damage "34") (damage_armor "0") (health "32") (armor "0")
L 03/24/2015 - 14:30:32: "[Easy_Skill]_LoL#3<65><STEAM_0:4:1537134213><TERRORIST>" attacked "RAKAL<66><STEAM_0:0:100430511><CT>" with "ak47" (damage "25") (damage_armor "0") (health "7") (armor "0")
L 03/24/2015 - 14:30:32: "[Easy_Skill]_LoL#3<65><STEAM_0:4:1537134213><TERRORIST>" attacked "RAKAL<66><STEAM_0:0:100430511><CT>" with "ak47" (damage "12") (damage_armor "0") (health "-5") (armor "0")
L 03/24/2015 - 14:30:32: "[Easy_Skill]_LoL#3<65><STEAM_0:4:1537134213><TERRORIST>" killed "RAKAL<66><STEAM_0:0:100430511><CT>" with "ak47"
L 03/24/2015 - 14:30:43: "[Hard_Skill]_Funny*Apple<67><STEAM_0:4:1364633349><CT>" attacked "[Easy_Skill]_LoL#3<65><STEAM_0:4:1537134213><TERRORIST>" with "ak47" (damage "35") (damage_armor "0") (health "65") (armor "0")
L 03/24/2015 - 14:30:44: "[Hard_Skill]_Funny*Apple<67><STEAM_0:4:1364633349><CT>" attacked "[Easy_Skill]_LoL#3<65><STEAM_0:4:1537134213><TERRORIST>" with "ak47" (damage "35") (damage_armor "0") (health "30") (armor "0")
L 03/24/2015 - 14:30:44: "[Easy_Skill]_LoL#3<65><STEAM_0:4:1537134213><TERRORIST>" attacked "[Hard_Skill]_Funny*Apple<67><STEAM_0:4:1364633349><CT>" with "ak47" (damage "140") (damage_armor "0") (health "-40") (armor "0")
L 03/24/2015 - 14:30:44: "[Easy_Skill]_LoL#3<65><STEAM_0:4:1537134213><TERRORIST>" killed "[Hard_Skill]_Funny*Apple<67><STEAM_0:4:1364633349><CT>" with "ak47"
L 03/24/2015 - 14:30:44: Team "TERRORIST" triggered "Terrorists_Win" (CT "5") (T "2")
L 03/24/2015 - 14:30:44: World triggered "Round_End"
L 03/24/2015 - 14:30:49: "[Easy_Skill]_LoL#3<65><STEAM_0:4:1537134213><TERRORIST>" triggered "Spawned_With_The_Bomb"
L 03/24/2015 - 14:30:54: World triggered "Round_Start"
L 03/24/2015 - 14:31:05: "[Easy_Skill]_Faza#1<63><STEAM_0:0:969824236><TERRORIST>" attacked "RAKAL<66><STEAM_0:0:100430511><CT>" with "awp" (damage "111") (damage_armor "0") (health "-11") (armor "0")
L 03/24/2015 - 14:31:05: "[Easy_Skill]_Faza#1<63><STEAM_0:0:969824236><TERRORIST>" killed "RAKAL<66><STEAM_0:0:100430511><CT>" with "awp"
L 03/24/2015 - 14:31:06: "[Easy_Skill]_LoL#3<65><STEAM_0:4:1537134213><TERRORIST>" attacked "[Hard_Skill]_Funny*Apple<67><STEAM_0:4:1364633349><CT>" with "ak47" (damage "34") (damage_armor "0") (health "66") (armor "0")
L 03/24/2015 - 14:31:06: "[Hard_Skill]_Funny*Apple<67><STEAM_0:4:1364633349><CT>" attacked "[Easy_Skill]_LoL#3<65><STEAM_0:4:1537134213><TERRORIST>" with "famas" (damage "30") (damage_armor "0") (health "70") (armor "0")
L 03/24/2015 - 14:31:07: "[Hard_Skill]_Funny*Apple<67><STEAM_0:4:1364633349><CT>" attacked "[Easy_Skill]_LoL#3<65><STEAM_0:4:1537134213><TERRORIST>" with "famas" (damage "37") (damage_armor "0") (health "33") (armor "0")
L 03/24/2015 - 14:31:07: "[Hard_Skill]_Funny*Apple<67><STEAM_0:4:1364633349><CT>" attacked "[Easy_Skill]_LoL#3<65><STEAM_0:4:1537134213><TERRORIST>" with "famas" (damage "33") (damage_armor "0") (health "0") (armor "0")
L 03/24/2015 - 14:31:07: "[Hard_Skill]_Funny*Apple<67><STEAM_0:4:1364633349><CT>" killed "[Easy_Skill]_LoL#3<65><STEAM_0:4:1537134213><TERRORIST>" with "famas"
L 03/24/2015 - 14:31:07: "[Easy_Skill]_LoL#3<65><STEAM_0:4:1537134213><TERRORIST>" triggered "Dropped_The_Bomb"
L 03/24/2015 - 14:31:14: "[Hard_Skill]_Funny*Apple<67><STEAM_0:4:1364633349><CT>" attacked "[Easy_Skill]_Faza#1<63><STEAM_0:0:969824236><TERRORIST>" with "famas" (damage "13") (damage_armor "3") (health "87") (armor "97")
L 03/24/2015 - 14:31:33: "[Easy_Skill]_Faza#1<63><STEAM_0:0:969824236><TERRORIST>" attacked "[Hard_Skill]_Funny*Apple<67><STEAM_0:4:1364633349><CT>" with "deagle" (damage "17") (damage_armor "0") (health "49") (armor "0")
L 03/24/2015 - 14:31:38: "[Hard_Skill]_Funny*Apple<67><STEAM_0:4:1364633349><CT>" attacked "[Easy_Skill]_Faza#1<63><STEAM_0:0:969824236><TERRORIST>" with "ak47" (damage "108") (damage_armor "16") (health "-21") (armor "81")
L 03/24/2015 - 14:31:38: "[Hard_Skill]_Funny*Apple<67><STEAM_0:4:1364633349><CT>" killed "[Easy_Skill]_Faza#1<63><STEAM_0:0:969824236><TERRORIST>" with "ak47"
L 03/24/2015 - 14:31:38: Team "CT" triggered "CTs_Win" (CT "6") (T "2")
L 03/24/2015 - 14:31:38: World triggered "Round_End"
L 03/24/2015 - 14:31:43: "[Easy_Skill]_Faza#1<63><STEAM_0:0:969824236><TERRORIST>" triggered "Spawned_With_The_Bomb"
L 03/24/2015 - 14:31:48: World triggered "Round_Start"
L 03/24/2015 - 14:31:57: "[Easy_Skill]_LoL#3<65><STEAM_0:4:1537134213><TERRORIST>" attacked "[Hard_Skill]_Funny*Apple<67><STEAM_0:4:1364633349><CT>" with "ak47" (damage "24") (damage_armor "0") (health "76") (armor "0")
L 03/24/2015 - 14:31:58: "[Easy_Skill]_LoL#3<65><STEAM_0:4:1537134213><TERRORIST>" attacked "[Hard_Skill]_Funny*Apple<67><STEAM_0:4:1364633349><CT>" with "ak47" (damage "41") (damage_armor "0") (health "35") (armor "0")
L 03/24/2015 - 14:32:00: "[Easy_Skill]_LoL#3<65><STEAM_0:4:1537134213><TERRORIST>" attacked "RAKAL<66><STEAM_0:0:100430511><CT>" with "ak47" (damage "24") (damage_armor "0") (health "76") (armor "0")
L 03/24/2015 - 14:32:04: "[Hard_Skill]_Funny*Apple<67><STEAM_0:4:1364633349><CT>" attacked "[Easy_Skill]_LoL#3<65><STEAM_0:4:1537134213><TERRORIST>" with "ak47" (damage "34") (damage_armor "0") (health "66") (armor "0")
L 03/24/2015 - 14:32:04: "[Easy_Skill]_LoL#3<65><STEAM_0:4:1537134213><TERRORIST>" attacked "[Hard_Skill]_Funny*Apple<67><STEAM_0:4:1364633349><CT>" with "ak47" (damage "42") (damage_armor "0") (health "-7") (armor "0")
L 03/24/2015 - 14:32:04: "[Easy_Skill]_LoL#3<65><STEAM_0:4:1537134213><TERRORIST>" killed "[Hard_Skill]_Funny*Apple<67><STEAM_0:4:1364633349><CT>" with "ak47"
L 03/24/2015 - 14:32:06: "[Hard_Skill]_Funny*Apple<67><STEAM_0:4:1364633349><CT>" triggered "weaponstats" (weapon "grenade") (shots "2") (hits "1") (kills "0") (headshots "0") (tks "0") (damage "50") (deaths "0")
L 03/24/2015 - 14:32:06: "[Hard_Skill]_Funny*Apple<67><STEAM_0:4:1364633349><CT>" triggered "weaponstats2" (weapon "grenade") (head "0") (chest "0") (stomach "0") (leftarm "0") (rightarm "0") (leftleg "0") (rightleg "0")
L 03/24/2015 - 14:32:06: "[Hard_Skill]_Funny*Apple<67><STEAM_0:4:1364633349><CT>" triggered "weaponstats" (weapon "famas") (shots "12") (hits "4") (kills "1") (headshots "0") (tks "0") (damage "113") (deaths "0")
L 03/24/2015 - 14:32:06: "[Hard_Skill]_Funny*Apple<67><STEAM_0:4:1364633349><CT>" triggered "weaponstats2" (weapon "famas") (head "0") (chest "1") (stomach "3") (leftarm "0") (rightarm "0") (leftleg "0") (rightleg "0")
L 03/24/2015 - 14:32:06: "[Hard_Skill]_Funny*Apple<67><STEAM_0:4:1364633349><CT>" triggered "weaponstats" (weapon "awp") (shots "3") (hits "0") (kills "0") (headshots "0") (tks "0") (damage "0") (deaths "1")
L 03/24/2015 - 14:32:06: "[Hard_Skill]_Funny*Apple<67><STEAM_0:4:1364633349><CT>" triggered "weaponstats2" (weapon "awp") (head "0") (chest "0") (stomach "0") (leftarm "0") (rightarm "0") (leftleg "0") (rightleg "0")
L 03/24/2015 - 14:32:06: "[Hard_Skill]_Funny*Apple<67><STEAM_0:4:1364633349><CT>" triggered "weaponstats" (weapon "m4a1") (shots "18") (hits "7") (kills "1") (headshots "0") (tks "0") (damage "165") (deaths "0")
L 03/24/2015 - 14:32:06: "[Hard_Skill]_Funny*Apple<67><STEAM_0:4:1364633349><CT>" triggered "weaponstats2" (weapon "m4a1") (head "0") (chest "1") (stomach "0") (leftarm "2") (rightarm "0") (leftleg "1") (rightleg "3")
L 03/24/2015 - 14:32:06: "[Hard_Skill]_Funny*Apple<67><STEAM_0:4:1364633349><CT>" triggered "weaponstats" (weapon "deagle") (shots "13") (hits "3") (kills "1") (headshots "0") (tks "0") (damage "107") (deaths "1")
L 03/24/2015 - 14:32:06: "[Hard_Skill]_Funny*Apple<67><STEAM_0:4:1364633349><CT>" triggered "weaponstats2" (weapon "deagle") (head "0") (chest "1") (stomach "1") (leftarm "1") (rightarm "0") (leftleg "0") (rightleg "0")
L 03/24/2015 - 14:32:06: "[Hard_Skill]_Funny*Apple<67><STEAM_0:4:1364633349><CT>" triggered "weaponstats" (weapon "ak47") (shots "49") (hits "4") (kills "1") (headshots "1") (tks "0") (damage "212") (deaths "3")
L 03/24/2015 - 14:32:06: "[Hard_Skill]_Funny*Apple<67><STEAM_0:4:1364633349><CT>" triggered "weaponstats2" (weapon "ak47") (head "1") (chest "1") (stomach "0") (leftarm "1") (rightarm "1") (leftleg "0") (rightleg "0")
L 03/24/2015 - 14:32:06: "[Hard_Skill]_Funny*Apple<67><STEAM_0:4:1364633349><CT>" triggered "weaponstats" (weapon "knife") (shots "19") (hits "0") (kills "0") (headshots "0") (tks "0") (damage "0") (deaths "0")
L 03/24/2015 - 14:32:06: "[Hard_Skill]_Funny*Apple<67><STEAM_0:4:1364633349><CT>" triggered "weaponstats2" (weapon "knife") (head "0") (chest "0") (stomach "0") (leftarm "0") (rightarm "0") (leftleg "0") (rightleg "0")
L 03/24/2015 - 14:32:06: "[Hard_Skill]_Funny*Apple<67><STEAM_0:4:1364633349><CT>" triggered "time" (time "4:27")
L 03/24/2015 - 14:32:06: "[Hard_Skill]_Funny*Apple<67><STEAM_0:4:1364633349><CT>" triggered "latency" (ping "31")
L 03/24/2015 - 14:32:06: "[Hard_Skill]_Funny*Apple<67><STEAM_0:4:1364633349><CT>" disconnected
L 03/24/2015 - 14:32:09: "[Easy_Skill]_LoL#3<65><STEAM_0:4:1537134213><TERRORIST>" attacked "RAKAL<66><STEAM_0:0:100430511><CT>" with "ak47" (damage "42") (damage_armor "0") (health "34") (armor "0")
L 03/24/2015 - 14:32:09: "[Easy_Skill]_LoL#3<65><STEAM_0:4:1537134213><TERRORIST>" attacked "RAKAL<66><STEAM_0:0:100430511><CT>" with "ak47" (damage "34") (damage_armor "0") (health "0") (armor "0")
L 03/24/2015 - 14:32:09: "[Easy_Skill]_LoL#3<65><STEAM_0:4:1537134213><TERRORIST>" killed "RAKAL<66><STEAM_0:0:100430511><CT>" with "ak47"
L 03/24/2015 - 14:32:09: Team "TERRORIST" triggered "Terrorists_Win" (CT "6") (T "3")
L 03/24/2015 - 14:32:09: World triggered "Round_End"
L 03/24/2015 - 14:32:14: "[Easy_Skill]_LoL#3<65><STEAM_0:4:1537134213><TERRORIST>" triggered "Spawned_With_The_Bomb"
L 03/24/2015 - 14:32:19: World triggered "Round_Start"
L 03/24/2015 - 14:32:31: "[Easy_Skill]_LoL#3<65><STEAM_0:4:1537134213><TERRORIST>" attacked "RAKAL<66><STEAM_0:0:100430511><CT>" with "ak47" (damage "15") (damage_armor "0") (health "85") (armor "0")
L 03/24/2015 - 14:32:34: "[Easy_Skill]_LoL#3<65><STEAM_0:4:1537134213><TERRORIST>" attacked "RAKAL<66><STEAM_0:0:100430511><CT>" with "ak47" (damage "32") (damage_armor "0") (health "53") (armor "0")
L 03/24/2015 - 14:32:46: "[Easy_Skill]_LoL#3<65><STEAM_0:4:1537134213><TERRORIST>" attacked "RAKAL<66><STEAM_0:0:100430511><CT>" with "ak47" (damage "33") (damage_armor "0") (health "20") (armor "0")
L 03/24/2015 - 14:32:46: "RAKAL<66><STEAM_0:0:100430511><CT>" attacked "[Easy_Skill]_LoL#3<65><STEAM_0:4:1537134213><TERRORIST>" with "famas" (damage "12") (damage_armor "0") (health "88") (armor "0")
L 03/24/2015 - 14:32:47: "[Easy_Skill]_LoL#3<65><STEAM_0:4:1537134213><TERRORIST>" attacked "RAKAL<66><STEAM_0:0:100430511><CT>" with "ak47" (damage "33") (damage_armor "0") (health "-13") (armor "0")
L 03/24/2015 - 14:32:47: "[Easy_Skill]_LoL#3<65><STEAM_0:4:1537134213><TERRORIST>" killed "RAKAL<66><STEAM_0:0:100430511><CT>" with "ak47"
L 03/24/2015 - 14:32:47: Team "TERRORIST" triggered "Terrorists_Win" (CT "6") (T "4")
L 03/24/2015 - 14:32:47: World triggered "Round_End"
L 03/24/2015 - 14:32:51: "RAKAL<66><STEAM_0:0:100430511><CT>" triggered "weaponstats" (weapon "famas") (shots "27") (hits "4") (kills "0") (headshots "0") (tks "0") (damage "71") (deaths "4")
L 03/24/2015 - 14:32:51: "RAKAL<66><STEAM_0:0:100430511><CT>" triggered "weaponstats2" (weapon "famas") (head "0") (chest "2") (stomach "0") (leftarm "1") (rightarm "0") (leftleg "0") (rightleg "1")
L 03/24/2015 - 14:32:51: "RAKAL<66><STEAM_0:0:100430511><CT>" triggered "weaponstats" (weapon "usp") (shots "1") (hits "0") (kills "0") (headshots "0") (tks "0") (damage "0") (deaths "0")
L 03/24/2015 - 14:32:51: "RAKAL<66><STEAM_0:0:100430511><CT>" triggered "weaponstats2" (weapon "usp") (head "0") (chest "0") (stomach "0") (leftarm "0") (rightarm "0") (leftleg "0") (rightleg "0")
L 03/24/2015 - 14:32:51: "RAKAL<66><STEAM_0:0:100430511><CT>" triggered "weaponstats" (weapon "deagle") (shots "5") (hits "3") (kills "1") (headshots "0") (tks "0") (damage "120") (deaths "0")
L 03/24/2015 - 14:32:51: "RAKAL<66><STEAM_0:0:100430511><CT>" triggered "weaponstats2" (weapon "deagle") (head "0") (chest "1") (stomach "1") (leftarm "0") (rightarm "0") (leftleg "1") (rightleg "0")
L 03/24/2015 - 14:32:51: "RAKAL<66><STEAM_0:0:100430511><CT>" triggered "weaponstats" (weapon "ak47") (shots "23") (hits "2") (kills "1") (headshots "0") (tks "0") (damage "49") (deaths "1")
L 03/24/2015 - 14:32:51: "RAKAL<66><STEAM_0:0:100430511><CT>" triggered "weaponstats2" (weapon "ak47") (head "0") (chest "0") (stomach "0") (leftarm "0") (rightarm "0") (leftleg "1") (rightleg "1")
L 03/24/2015 - 14:32:51: "RAKAL<66><STEAM_0:0:100430511><CT>" triggered "time" (time "5:52")
L 03/24/2015 - 14:32:51: "RAKAL<66><STEAM_0:0:100430511><CT>" triggered "latency" (ping "21")
L 03/24/2015 - 14:32:51: "RAKAL<66><STEAM_0:0:100430511><CT>" disconnected
L 03/24/2015 - 14:32:52: "[Easy_Skill]_Faza#1<63><STEAM_0:0:969824236><TERRORIST>" triggered "Spawned_With_The_Bomb"
L 03/24/2015 - 14:32:57: World triggered "Round_Start"
L 03/24/2015 - 14:34:01: "[Easy_Skill]_LoL#3<65><STEAM_0:4:1537134213><TERRORIST>" committed suicide with "world"
L 03/24/2015 - 14:34:01: "[Easy_Skill]_LoL#3<65><STEAM_0:4:1537134213><TERRORIST>" joined team "CT"
L 03/24/2015 - 14:34:01: World triggered "Game_Commencing"
L 03/24/2015 - 14:34:01: World triggered "Game_Commencing" (CT "6") (T "4")
L 03/24/2015 - 14:34:01: World triggered "Round_End"
L 03/24/2015 - 14:34:04: "[Easy_Skill]_Faza#1<63><STEAM_0:0:969824236><TERRORIST>" triggered "Spawned_With_The_Bomb"
L 03/24/2015 - 14:34:09: World triggered "Round_Start"
L 03/24/2015 - 14:34:25: "[Easy_Skill]_LoL#3<65><STEAM_0:4:1537134213><CT>" attacked "[Easy_Skill]_Faza#1<63><STEAM_0:0:969824236><TERRORIST>" with "usp" (damage "11") (damage_armor "6") (health "89") (armor "94")
L 03/24/2015 - 14:34:25: "[Easy_Skill]_LoL#3<65><STEAM_0:4:1537134213><CT>" attacked "[Easy_Skill]_Faza#1<63><STEAM_0:0:969824236><TERRORIST>" with "usp" (damage "11") (damage_armor "6") (health "78") (armor "88")
L 03/24/2015 - 14:34:25: "[Easy_Skill]_LoL#3<65><STEAM_0:4:1537134213><CT>" attacked "[Easy_Skill]_Faza#1<63><STEAM_0:0:969824236><TERRORIST>" with "usp" (damage "14") (damage_armor "7") (health "64") (armor "81")
L 03/24/2015 - 14:34:25: "[Easy_Skill]_Faza#1<63><STEAM_0:0:969824236><TERRORIST>" attacked "[Easy_Skill]_LoL#3<65><STEAM_0:4:1537134213><CT>" with "glock18" (damage "72") (damage_armor "0") (health "28") (armor "0")
L 03/24/2015 - 14:34:27: "[Easy_Skill]_Faza#1<63><STEAM_0:0:969824236><TERRORIST>" attacked "[Easy_Skill]_LoL#3<65><STEAM_0:4:1537134213><CT>" with "glock18" (damage "72") (damage_armor "0") (health "-44") (armor "0")
L 03/24/2015 - 14:34:27: "[Easy_Skill]_Faza#1<63><STEAM_0:0:969824236><TERRORIST>" killed "[Easy_Skill]_LoL#3<65><STEAM_0:4:1537134213><CT>" with "glock18"
L 03/24/2015 - 14:34:27: Team "TERRORIST" triggered "Terrorists_Win" (CT "0") (T "1")
L 03/24/2015 - 14:34:27: World triggered "Round_End"
L 03/24/2015 - 14:34:32: "[Easy_Skill]_Faza#1<63><STEAM_0:0:969824236><TERRORIST>" triggered "Spawned_With_The_Bomb"
L 03/24/2015 - 14:34:37: World triggered "Round_Start"
L 03/24/2015 - 14:34:49: "[Easy_Skill]_Faza#1<63><STEAM_0:0:969824236><TERRORIST>" attacked "[Easy_Skill]_LoL#3<65><STEAM_0:4:1537134213><CT>" with "glock18" (damage "15") (damage_armor "0") (health "85") (armor "0")
L 03/24/2015 - 14:34:50: "[Easy_Skill]_Faza#1<63><STEAM_0:0:969824236><TERRORIST>" attacked "[Easy_Skill]_LoL#3<65><STEAM_0:4:1537134213><CT>" with "glock18" (damage "15") (damage_armor "0") (health "70") (armor "0")
L 03/24/2015 - 14:34:52: "[Easy_Skill]_LoL#3<65><STEAM_0:4:1537134213><CT>" attacked "[Easy_Skill]_Faza#1<63><STEAM_0:0:969824236><TERRORIST>" with "deagle" (damage "27") (damage_armor "5") (health "73") (armor "95")
L 03/24/2015 - 14:34:53: "[Easy_Skill]_LoL#3<65><STEAM_0:4:1537134213><CT>" attacked "[Easy_Skill]_Faza#1<63><STEAM_0:0:969824236><TERRORIST>" with "deagle" (damage "34") (damage_armor "6") (health "39") (armor "89")
L 03/24/2015 - 14:34:59: "[Easy_Skill]_Faza#1<63><STEAM_0:0:969824236><TERRORIST>" attacked "[Easy_Skill]_LoL#3<65><STEAM_0:4:1537134213><CT>" with "glock18" (damage "18") (damage_armor "0") (health "52") (armor "0")
L 03/24/2015 - 14:34:59: "[Easy_Skill]_LoL#3<65><STEAM_0:4:1537134213><CT>" attacked "[Easy_Skill]_Faza#1<63><STEAM_0:0:969824236><TERRORIST>" with "deagle" (damage "31") (damage_armor "0") (health "8") (armor "89")
L 03/24/2015 - 14:35:00: "[Easy_Skill]_LoL#3<65><STEAM_0:4:1537134213><CT>" attacked "[Easy_Skill]_Faza#1<63><STEAM_0:0:969824236><TERRORIST>" with "deagle" (damage "32") (damage_armor "0") (health "-24") (armor "89")
L 03/24/2015 - 14:35:00: "[Easy_Skill]_LoL#3<65><STEAM_0:4:1537134213><CT>" killed "[Easy_Skill]_Faza#1<63><STEAM_0:0:969824236><TERRORIST>" with "deagle"
L 03/24/2015 - 14:35:00: Team "CT" triggered "CTs_Win" (CT "1") (T "1")
L 03/24/2015 - 14:35:00: World triggered "Round_End"
L 03/24/2015 - 14:35:05: "[Easy_Skill]_Faza#1<63><STEAM_0:0:969824236><TERRORIST>" triggered "Spawned_With_The_Bomb"
L 03/24/2015 - 14:35:10: World triggered "Round_Start"
L 03/24/2015 - 14:35:26: "[Easy_Skill]_Faza#1<63><STEAM_0:0:969824236><TERRORIST>" attacked "[Easy_Skill]_LoL#3<65><STEAM_0:4:1537134213><CT>" with "deagle" (damage "50") (damage_armor "0") (health "50") (armor "0")
L 03/24/2015 - 14:35:26: "[Easy_Skill]_Faza#1<63><STEAM_0:0:969824236><TERRORIST>" attacked "[Easy_Skill]_LoL#3<65><STEAM_0:4:1537134213><CT>" with "deagle" (damage "52") (damage_armor "0") (health "-2") (armor "0")
L 03/24/2015 - 14:35:26: "[Easy_Skill]_Faza#1<63><STEAM_0:0:969824236><TERRORIST>" killed "[Easy_Skill]_LoL#3<65><STEAM_0:4:1537134213><CT>" with "deagle"
L 03/24/2015 - 14:35:26: Team "TERRORIST" triggered "Terrorists_Win" (CT "1") (T "2")
L 03/24/2015 - 14:35:26: World triggered "Round_End"
L 03/24/2015 - 14:35:31: "[Easy_Skill]_Faza#1<63><STEAM_0:0:969824236><TERRORIST>" triggered "Spawned_With_The_Bomb"
L 03/24/2015 - 14:35:36: World triggered "Round_Start"
L 03/24/2015 - 14:35:41: "[Easy_Skill]_LoL#3<65><STEAM_0:4:1537134213><CT>" say_team "cer"
L 03/24/2015 - 14:35:45: "[Easy_Skill]_LoL#3<65><STEAM_0:4:1537134213><CT>" say_team "cer"
L 03/24/2015 - 14:35:49: "[Easy_Skill]_Faza#1<63><STEAM_0:0:969824236><TERRORIST>" attacked "[Easy_Skill]_LoL#3<65><STEAM_0:4:1537134213><CT>" with "deagle" (damage "49") (damage_armor "0") (health "51") (armor "0")
L 03/24/2015 - 14:35:52: "[Easy_Skill]_Faza#1<63><STEAM_0:0:969824236><TERRORIST>" attacked "[Easy_Skill]_LoL#3<65><STEAM_0:4:1537134213><CT>" with "deagle" (damage "212") (damage_armor "0") (health "-161") (armor "0")
L 03/24/2015 - 14:35:52: "[Easy_Skill]_Faza#1<63><STEAM_0:0:969824236><TERRORIST>" killed "[Easy_Skill]_LoL#3<65><STEAM_0:4:1537134213><CT>" with "deagle"
L 03/24/2015 - 14:35:52: Team "TERRORIST" triggered "Terrorists_Win" (CT "1") (T "3")
L 03/24/2015 - 14:35:52: World triggered "Round_End"
L 03/24/2015 - 14:35:57: "[Easy_Skill]_Faza#1<63><STEAM_0:0:969824236><TERRORIST>" triggered "Spawned_With_The_Bomb"
L 03/24/2015 - 14:36:02: World triggered "Round_Start"
L 03/24/2015 - 14:36:14: "[Easy_Skill]_LoL#3<65><STEAM_0:4:1537134213><CT>" attacked "[Easy_Skill]_Faza#1<63><STEAM_0:0:969824236><TERRORIST>" with "deagle" (damage "45") (damage_armor "8") (health "55") (armor "92")
L 03/24/2015 - 14:36:14: "[Easy_Skill]_Faza#1<63><STEAM_0:0:969824236><TERRORIST>" attacked "[Easy_Skill]_LoL#3<65><STEAM_0:4:1537134213><CT>" with "deagle" (damage "48") (damage_armor "0") (health "52") (armor "0")
L 03/24/2015 - 14:36:14: "[Easy_Skill]_Faza#1<63><STEAM_0:0:969824236><TERRORIST>" attacked "[Easy_Skill]_LoL#3<65><STEAM_0:4:1537134213><CT>" with "deagle" (damage "188") (damage_armor "0") (health "-136") (armor "0")
L 03/24/2015 - 14:36:14: "[Easy_Skill]_Faza#1<63><STEAM_0:0:969824236><TERRORIST>" killed "[Easy_Skill]_LoL#3<65><STEAM_0:4:1537134213><CT>" with "deagle"
L 03/24/2015 - 14:36:14: Team "TERRORIST" triggered "Terrorists_Win" (CT "1") (T "4")
L 03/24/2015 - 14:36:14: World triggered "Round_End"
L 03/24/2015 - 14:36:19: "[Easy_Skill]_Faza#1<63><STEAM_0:0:969824236><TERRORIST>" triggered "Spawned_With_The_Bomb"
L 03/24/2015 - 14:36:24: World triggered "Round_Start"
L 03/24/2015 - 14:36:38: "[Easy_Skill]_LoL#3<65><STEAM_0:4:1537134213><CT>" attacked "[Easy_Skill]_Faza#1<63><STEAM_0:0:969824236><TERRORIST>" with "deagle" (damage "34") (damage_armor "6") (health "66") (armor "94")
L 03/24/2015 - 14:36:39: "[Easy_Skill]_LoL#3<65><STEAM_0:4:1537134213><CT>" attacked "[Easy_Skill]_Faza#1<63><STEAM_0:0:969824236><TERRORIST>" with "deagle" (damage "34") (damage_armor "0") (health "32") (armor "94")
L 03/24/2015 - 14:36:39: "[Easy_Skill]_LoL#3<65><STEAM_0:4:1537134213><CT>" attacked "[Easy_Skill]_Faza#1<63><STEAM_0:0:969824236><TERRORIST>" with "deagle" (damage "33") (damage_armor "0") (health "-1") (armor "94")
L 03/24/2015 - 14:36:39: "[Easy_Skill]_LoL#3<65><STEAM_0:4:1537134213><CT>" killed "[Easy_Skill]_Faza#1<63><STEAM_0:0:969824236><TERRORIST>" with "deagle"
L 03/24/2015 - 14:36:39: Team "CT" triggered "CTs_Win" (CT "2") (T "4")
L 03/24/2015 - 14:36:39: World triggered "Round_End"
L 03/24/2015 - 14:36:41: "[Easy_Skill]_Faza#1<63><STEAM_0:0:969824236><TERRORIST>" say "rhscf" (dead)
L 03/24/2015 - 14:36:44: "[Easy_Skill]_Faza#1<63><STEAM_0:0:969824236><TERRORIST>" triggered "Spawned_With_The_Bomb"
L 03/24/2015 - 14:36:49: World triggered "Round_Start"
L 03/24/2015 - 14:37:01: "[Easy_Skill]_LoL#3<65><STEAM_0:4:1537134213><CT>" attacked "[Easy_Skill]_Faza#1<63><STEAM_0:0:969824236><TERRORIST>" with "deagle" (damage "35") (damage_armor "6") (health "65") (armor "94")
L 03/24/2015 - 14:37:03: "[Easy_Skill]_LoL#3<65><STEAM_0:4:1537134213><CT>" attacked "[Easy_Skill]_Faza#1<63><STEAM_0:0:969824236><TERRORIST>" with "deagle" (damage "35") (damage_armor "0") (health "30") (armor "94")
L 03/24/2015 - 14:37:03: "[Easy_Skill]_LoL#3<65><STEAM_0:4:1537134213><CT>" attacked "[Easy_Skill]_Faza#1<63><STEAM_0:0:969824236><TERRORIST>" with "deagle" (damage "35") (damage_armor "0") (health "-5") (armor "94")
L 03/24/2015 - 14:37:03: "[Easy_Skill]_LoL#3<65><STEAM_0:4:1537134213><CT>" killed "[Easy_Skill]_Faza#1<63><STEAM_0:0:969824236><TERRORIST>" with "deagle"
L 03/24/2015 - 14:37:03: Team "CT" triggered "CTs_Win" (CT "3") (T "4")
L 03/24/2015 - 14:37:03: World triggered "Round_End"
L 03/24/2015 - 14:37:08: "[Easy_Skill]_Faza#1<63><STEAM_0:0:969824236><TERRORIST>" triggered "Spawned_With_The_Bomb"
L 03/24/2015 - 14:37:13: World triggered "Round_Start"
L 03/24/2015 - 14:37:33: "[Easy_Skill]_Faza#1<63><STEAM_0:0:969824236><TERRORIST>" attacked "[Easy_Skill]_LoL#3<65><STEAM_0:4:1537134213><CT>" with "ak47" (damage "12") (damage_armor "0") (health "60") (armor "0")
L 03/24/2015 - 14:37:34: "[Easy_Skill]_LoL#3<65><STEAM_0:4:1537134213><CT>" attacked "[Easy_Skill]_Faza#1<63><STEAM_0:0:969824236><TERRORIST>" with "deagle" (damage "16") (damage_armor "3") (health "84") (armor "97")
L 03/24/2015 - 14:37:39: "[Easy_Skill]_Faza#1<63><STEAM_0:0:969824236><TERRORIST>" attacked "[Easy_Skill]_LoL#3<65><STEAM_0:4:1537134213><CT>" with "ak47" (damage "26") (damage_armor "0") (health "34") (armor "0")
L 03/24/2015 - 14:37:39: "[Easy_Skill]_Faza#1<63><STEAM_0:0:969824236><TERRORIST>" attacked "[Easy_Skill]_LoL#3<65><STEAM_0:4:1537134213><CT>" with "ak47" (damage "140") (damage_armor "0") (health "-106") (armor "0")
L 03/24/2015 - 14:37:39: "[Easy_Skill]_Faza#1<63><STEAM_0:0:969824236><TERRORIST>" killed "[Easy_Skill]_LoL#3<65><STEAM_0:4:1537134213><CT>" with "ak47"
L 03/24/2015 - 14:37:39: Team "TERRORIST" triggered "Terrorists_Win" (CT "3") (T "5")
L 03/24/2015 - 14:37:39: World triggered "Round_End"
L 03/24/2015 - 14:37:44: "[Easy_Skill]_Faza#1<63><STEAM_0:0:969824236><TERRORIST>" triggered "Spawned_With_The_Bomb"
L 03/24/2015 - 14:37:49: World triggered "Round_Start"
L 03/24/2015 - 14:38:01: "[Easy_Skill]_LoL#3<65><STEAM_0:4:1537134213><CT>" attacked "[Easy_Skill]_Faza#1<63><STEAM_0:0:969824236><TERRORIST>" with "sg550" (damage "48") (damage_armor "0") (health "52") (armor "100")
L 03/24/2015 - 14:38:01: "[Easy_Skill]_LoL#3<65><STEAM_0:4:1537134213><CT>" attacked "[Easy_Skill]_Faza#1<63><STEAM_0:0:969824236><TERRORIST>" with "sg550" (damage "46") (damage_armor "9") (health "6") (armor "91")
L 03/24/2015 - 14:38:02: "[Easy_Skill]_LoL#3<65><STEAM_0:4:1537134213><CT>" attacked "[Easy_Skill]_Faza#1<63><STEAM_0:0:969824236><TERRORIST>" with "sg550" (damage "58") (damage_armor "11") (health "-52") (armor "80")
L 03/24/2015 - 14:38:02: "[Easy_Skill]_LoL#3<65><STEAM_0:4:1537134213><CT>" killed "[Easy_Skill]_Faza#1<63><STEAM_0:0:969824236><TERRORIST>" with "sg550"
L 03/24/2015 - 14:38:02: Team "CT" triggered "CTs_Win" (CT "4") (T "5")
L 03/24/2015 - 14:38:02: World triggered "Round_End"
L 03/24/2015 - 14:38:05: Server cvar "amx_nextmap" = "35hp_2"
L 03/24/2015 - 14:38:05: Server cvar "mp_timelimit" = "0.000000"
L 03/24/2015 - 14:38:07: "[Easy_Skill]_Faza#1<63><STEAM_0:0:969824236><TERRORIST>" triggered "Spawned_With_The_Bomb"
L 03/24/2015 - 14:38:08: "[Easy_Skill]_Faza#1<63><STEAM_0:0:969824236><TERRORIST>" triggered "weaponstats" (weapon "grenade") (shots "14") (hits "3") (kills "0") (headshots "0") (tks "0") (damage "109") (deaths "1")
L 03/24/2015 - 14:38:08: "[Easy_Skill]_Faza#1<63><STEAM_0:0:969824236><TERRORIST>" triggered "weaponstats2" (weapon "grenade") (head "0") (chest "0") (stomach "0") (leftarm "0") (rightarm "0") (leftleg "0") (rightleg "0")
L 03/24/2015 - 14:38:08: "[Easy_Skill]_Faza#1<63><STEAM_0:0:969824236><TERRORIST>" triggered "weaponstats" (weapon "galil") (shots "14") (hits "0") (kills "0") (headshots "0") (tks "0") (damage "0") (deaths "0")
L 03/24/2015 - 14:38:08: "[Easy_Skill]_Faza#1<63><STEAM_0:0:969824236><TERRORIST>" triggered "weaponstats2" (weapon "galil") (head "0") (chest "0") (stomach "0") (leftarm "0") (rightarm "0") (leftleg "0") (rightleg "0")
L 03/24/2015 - 14:38:08: "[Easy_Skill]_Faza#1<63><STEAM_0:0:969824236><TERRORIST>" triggered "weaponstats" (weapon "usp") (shots "45") (hits "12") (kills "2") (headshots "0") (tks "0") (damage "208") (deaths "0")
L 03/24/2015 - 14:38:08: "[Easy_Skill]_Faza#1<63><STEAM_0:0:969824236><TERRORIST>" triggered "weaponstats2" (weapon "usp") (head "0") (chest "0") (stomach "1") (leftarm "4") (rightarm "1") (leftleg "2") (rightleg "4")
L 03/24/2015 - 14:38:08: "[Easy_Skill]_Faza#1<63><STEAM_0:0:969824236><TERRORIST>" triggered "weaponstats" (weapon "glock18") (shots "55") (hits "5") (kills "1") (headshots "1") (tks "0") (damage "192") (deaths "1")
L 03/24/2015 - 14:38:08: "[Easy_Skill]_Faza#1<63><STEAM_0:0:969824236><TERRORIST>" triggered "weaponstats2" (weapon "glock18") (head "2") (chest "0") (stomach "0") (leftarm "2") (rightarm "1") (leftleg "0") (rightleg "0")
L 03/24/2015 - 14:38:08: "[Easy_Skill]_Faza#1<63><STEAM_0:0:969824236><TERRORIST>" triggered "weaponstats" (weapon "awp") (shots "5") (hits "1") (kills "1") (headshots "0") (tks "0") (damage "111") (deaths "1")
L 03/24/2015 - 14:38:08: "[Easy_Skill]_Faza#1<63><STEAM_0:0:969824236><TERRORIST>" triggered "weaponstats2" (weapon "awp") (head "0") (chest "0") (stomach "0") (leftarm "1") (rightarm "0") (leftleg "0") (rightleg "0")
L 03/24/2015 - 14:38:08: "[Easy_Skill]_Faza#1<63><STEAM_0:0:969824236><TERRORIST>" triggered "weaponstats" (weapon "m4a1") (shots "106") (hits "13") (kills "3") (headshots "0") (tks "0") (damage "348") (deaths "0")
L 03/24/2015 - 14:38:08: "[Easy_Skill]_Faza#1<63><STEAM_0:0:969824236><TERRORIST>" triggered "weaponstats2" (weapon "m4a1") (head "0") (chest "0") (stomach "4") (leftarm "5") (rightarm "1") (leftleg "2") (rightleg "1")
L 03/24/2015 - 14:38:08: "[Easy_Skill]_Faza#1<63><STEAM_0:0:969824236><TERRORIST>" triggered "weaponstats" (weapon "deagle") (shots "12") (hits "7") (kills "3") (headshots "2") (tks "0") (damage "616") (deaths "3")
L 03/24/2015 - 14:38:08: "[Easy_Skill]_Faza#1<63><STEAM_0:0:969824236><TERRORIST>" triggered "weaponstats2" (weapon "deagle") (head "2") (chest "0") (stomach "0") (leftarm "2") (rightarm "2") (leftleg "1") (rightleg "0")
L 03/24/2015 - 14:38:08: "[Easy_Skill]_Faza#1<63><STEAM_0:0:969824236><TERRORIST>" triggered "weaponstats" (weapon "ak47") (shots "74") (hits "9") (kills "3") (headshots "1") (tks "0") (damage "406") (deaths "1")
L 03/24/2015 - 14:38:08: "[Easy_Skill]_Faza#1<63><STEAM_0:0:969824236><TERRORIST>" triggered "weaponstats2" (weapon "ak47") (head "1") (chest "0") (stomach "3") (leftarm "0") (rightarm "3") (leftleg "2") (rightleg "0")
L 03/24/2015 - 14:38:08: "[Easy_Skill]_Faza#1<63><STEAM_0:0:969824236><TERRORIST>" triggered "weaponstats" (weapon "knife") (shots "1") (hits "0") (kills "0") (headshots "0") (tks "0") (damage "0") (deaths "0")
L 03/24/2015 - 14:38:08: "[Easy_Skill]_Faza#1<63><STEAM_0:0:969824236><TERRORIST>" triggered "weaponstats2" (weapon "knife") (head "0") (chest "0") (stomach "0") (leftarm "0") (rightarm "0") (leftleg "0") (rightleg "0")
L 03/24/2015 - 14:38:08: "[Easy_Skill]_Faza#1<63><STEAM_0:0:969824236><TERRORIST>" triggered "time" (time "13:08")
L 03/24/2015 - 14:38:08: "[Easy_Skill]_Faza#1<63><STEAM_0:0:969824236><TERRORIST>" triggered "latency" (ping "15")
L 03/24/2015 - 14:38:08: "[Easy_Skill]_Faza#1<63><STEAM_0:0:969824236><TERRORIST>" triggered "Dropped_The_Bomb"
L 03/24/2015 - 14:38:08: "[Easy_Skill]_Faza#1<63><STEAM_0:0:969824236><TERRORIST>" disconnected
L 03/24/2015 - 14:38:10: [DPROTO]: Client 6 - Set AuthIdType 1 [dp_SteamEmu]; pClient = 0xb399e8c0
L 03/24/2015 - 14:38:10: "[Easy_Skill]_Faza#1<68><STEAM_0:0:969824236><>" connected, address "46.53.210.172:61708"
L 03/24/2015 - 14:38:10: [VTC] Player 7 speex
L 03/24/2015 - 14:38:12: Server cvar "mp_timelimit" = "0.010000"
L 03/24/2015 - 14:38:12: World triggered "Round_Start"
L 03/24/2015 - 14:38:12: Team "CT" scored "4" with "1" players
L 03/24/2015 - 14:38:12: Team "TERRORIST" scored "5" with "0" players
L 03/24/2015 - 14:38:12: Server cvar "mp_chattime" = "3"
L 03/24/2015 - 14:38:13: Server cvar "mp_chattime" = "1"
L 03/24/2015 - 14:38:13: "[Easy_Skill]_LoL#3<65><STEAM_0:4:1537134213><CT>" triggered "weaponstats" (weapon "sg550") (shots "8") (hits "3") (kills "1") (headshots "0") (tks "0") (damage "152") (deaths "0")
L 03/24/2015 - 14:38:13: "[Easy_Skill]_LoL#3<65><STEAM_0:4:1537134213><CT>" triggered "weaponstats2" (weapon "sg550") (head "0") (chest "0") (stomach "1") (leftarm "1") (rightarm "0") (leftleg "1") (rightleg "0")
L 03/24/2015 - 14:38:13: "[Easy_Skill]_LoL#3<65><STEAM_0:4:1537134213><CT>" triggered "weaponstats" (weapon "usp") (shots "12") (hits "3") (kills "0") (headshots "0") (tks "0") (damage "36") (deaths "2")
L 03/24/2015 - 14:38:13: "[Easy_Skill]_LoL#3<65><STEAM_0:4:1537134213><CT>" triggered "weaponstats2" (weapon "usp") (head "0") (chest "1") (stomach "0") (leftarm "1") (rightarm "1") (leftleg "0") (rightleg "0")
L 03/24/2015 - 14:38:13: "[Easy_Skill]_LoL#3<65><STEAM_0:4:1537134213><CT>" triggered "weaponstats" (weapon "deagle") (shots "64") (hits "18") (kills "4") (headshots "0") (tks "0") (damage "594") (deaths "4")
L 03/24/2015 - 14:38:13: "[Easy_Skill]_LoL#3<65><STEAM_0:4:1537134213><CT>" triggered "weaponstats2" (weapon "deagle") (head "0") (chest "1") (stomach "3") (leftarm "4") (rightarm "0") (leftleg "3") (rightleg "7")
L 03/24/2015 - 14:38:13: "[Easy_Skill]_LoL#3<65><STEAM_0:4:1537134213><CT>" triggered "weaponstats" (weapon "ak47") (shots "97") (hits "21") (kills "6") (headshots "1") (tks "0") (damage "765") (deaths "3")
L 03/24/2015 - 14:38:13: "[Easy_Skill]_LoL#3<65><STEAM_0:4:1537134213><CT>" triggered "weaponstats2" (weapon "ak47") (head "1") (chest "3") (stomach "3") (leftarm "7") (rightarm "2") (leftleg "4") (rightleg "1")
L 03/24/2015 - 14:38:13: "[Easy_Skill]_LoL#3<65><STEAM_0:4:1537134213><CT>" triggered "time" (time "11:23")
L 03/24/2015 - 14:38:13: "[Easy_Skill]_LoL#3<65><STEAM_0:4:1537134213><CT>" triggered "latency" (ping "51")
L 03/24/2015 - 14:38:13: "[Easy_Skill]_Faza#1<68><STEAM_0:0:969824236><UNASSIGNED>" triggered "time" (time "0:00")
L 03/24/2015 - 14:38:13: "[Easy_Skill]_Faza#1<68><STEAM_0:0:969824236><UNASSIGNED>" triggered "latency" (ping "0")
L 03/24/2015 - 14:38:13: Server cvar "mp_timelimit" = "30.000000"
L 03/24/2015 - 14:38:13: [META] ini: Begin re-reading plugins list: /home/extazy/Public/cstrike/addons/metamod/plugins.ini
L 03/24/2015 - 14:38:13: [META] ini: Read plugin config for: AMX Mod X
L 03/24/2015 - 14:38:13: [META] ini: Read plugin config for: dproto_EF
L 03/24/2015 - 14:38:13: [META] ini: Read plugin config for: VoiceTranscoder
L 03/24/2015 - 14:38:13: [META] ini: Read plugin config for: WHBlocker
L 03/24/2015 - 14:38:13: [META] ini: Finished reading plugins list: /home/extazy/Public/cstrike/addons/metamod/plugins.ini; Found 4 plugins
L 03/24/2015 - 14:38:13: [META] dll: Updating plugins...
L 03/24/2015 - 14:38:13: [META] dll: Finished updating 13 plugins; kept 4, loaded 0, unloaded 0, reloaded 0, delayed 0
L 03/24/2015 - 14:38:13: Log file closed
