L 03/22/2015 - 14:40:57: Log file started (file "logs/L0322042.log") (game "cstrike") (version "48/1.6.3.7/Stdio/5787")
L 03/22/2015 - 14:40:57: Loading map "35hp_2"
L 03/22/2015 - 14:40:57: Server cvars start
L 03/22/2015 - 14:40:57: Server cvar "_tutor_bomb_viewable_check_interval" = "0.5"
L 03/22/2015 - 14:40:57: Server cvar "_tutor_debug_level" = "0"
L 03/22/2015 - 14:40:57: Server cvar "_tutor_examine_time" = "0.5"
L 03/22/2015 - 14:40:57: Server cvar "_tutor_hint_interval_time" = "10.0"
L 03/22/2015 - 14:40:57: Server cvar "_tutor_look_angle" = "10"
L 03/22/2015 - 14:40:57: Server cvar "_tutor_look_distance" = "200"
L 03/22/2015 - 14:40:57: Server cvar "_tutor_message_character_display_time_coefficient" = "0.07"
L 03/22/2015 - 14:40:57: Server cvar "_tutor_message_minimum_display_time" = "1"
L 03/22/2015 - 14:40:57: Server cvar "_tutor_message_repeats" = "5"
L 03/22/2015 - 14:40:57: Server cvar "_tutor_view_distance" = "1000"
L 03/22/2015 - 14:40:57: Server cvar "aesp_version" = "1.5b_mini"
L 03/22/2015 - 14:40:57: Server cvar "allow_spectators" = "4"
L 03/22/2015 - 14:40:57: Server cvar "amx_client_languages" = "0"
L 03/22/2015 - 14:40:57: Server cvar "amx_contactinfo" = "ICQ: 691322983"
L 03/22/2015 - 14:40:57: Server cvar "amx_language" = "ru"
L 03/22/2015 - 14:40:57: Server cvar "amx_nextmap" = "35hp_2"
L 03/22/2015 - 14:40:57: Server cvar "amx_timeleft" = "00:00"
L 03/22/2015 - 14:40:57: Server cvar "amxbans_ssversion" = "Gm 1.6"
L 03/22/2015 - 14:40:57: Server cvar "amxbans_version" = "Gm 1.6"
L 03/22/2015 - 14:40:57: Server cvar "amxmodx_version" = "1.8.1.3746"
L 03/22/2015 - 14:40:57: Server cvar "Colored Translit Cheat" = "Loaded"
L 03/22/2015 - 14:40:57: Server cvar "Colored Translit Config" = "Loaded"
L 03/22/2015 - 14:40:57: Server cvar "Colored Translit Ignores" = "Loaded"
L 03/22/2015 - 14:40:57: Server cvar "Colored Translit Replace" = "Failed"
L 03/22/2015 - 14:40:57: Server cvar "Colored Translit Spam" = "Loaded"
L 03/22/2015 - 14:40:57: Server cvar "Colored Translit Status" = "Loaded"
L 03/22/2015 - 14:40:57: Server cvar "Colored Translit Swear" = "Loaded"
L 03/22/2015 - 14:40:57: Server cvar "Colored Translit Version" = "2.0b Final"
L 03/22/2015 - 14:40:57: Server cvar "coop" = "0"
L 03/22/2015 - 14:40:57: Server cvar "deathmatch" = "1"
L 03/22/2015 - 14:40:57: Server cvar "decalfrequency" = "9"
L 03/22/2015 - 14:40:57: Server cvar "dp_version" = "0.9.391"
L 03/22/2015 - 14:40:57: Server cvar "edgefriction" = "2"
L 03/22/2015 - 14:40:57: Server cvar "hostage_debug" = "0"
L 03/22/2015 - 14:40:57: Server cvar "hostage_stop" = "0"
L 03/22/2015 - 14:40:57: Server cvar "humans_join_team" = "any"
L 03/22/2015 - 14:40:57: Server cvar "jtp10181" = "chute"
L 03/22/2015 - 14:40:57: Server cvar "max_queries_sec" = "3.0"
L 03/22/2015 - 14:40:57: Server cvar "max_queries_sec_global" = "30"
L 03/22/2015 - 14:40:57: Server cvar "max_queries_window" = "60"
L 03/22/2015 - 14:40:57: Server cvar "metamod_version" = "1.19"
L 03/22/2015 - 14:40:57: Server cvar "mp_allowmonsters" = "0"
L 03/22/2015 - 14:40:57: Server cvar "mp_autokick" = "1"
L 03/22/2015 - 14:40:57: Server cvar "mp_autoteambalance" = "1"
L 03/22/2015 - 14:40:57: Server cvar "mp_buytime" = "1.5"
L 03/22/2015 - 14:40:57: Server cvar "mp_c4timer" = "35"
L 03/22/2015 - 14:40:57: Server cvar "mp_chattime" = "1"
L 03/22/2015 - 14:40:57: Server cvar "mp_consistency" = "1"
L 03/22/2015 - 14:40:57: Server cvar "mp_fadetoblack" = "0"
L 03/22/2015 - 14:40:57: Server cvar "mp_flashlight" = "1"
L 03/22/2015 - 14:40:57: Server cvar "mp_footsteps" = "1"
L 03/22/2015 - 14:40:57: Server cvar "mp_forcecamera" = "0"
L 03/22/2015 - 14:40:57: Server cvar "mp_forcechasecam" = "0"
L 03/22/2015 - 14:40:57: Server cvar "mp_fragsleft" = "0"
L 03/22/2015 - 14:40:57: Server cvar "mp_freezetime" = "5"
L 03/22/2015 - 14:40:57: Server cvar "mp_friendlyfire" = "0"
L 03/22/2015 - 14:40:57: Server cvar "mp_ghostfrequency" = "0.1"
L 03/22/2015 - 14:40:57: Server cvar "mp_hostagepenalty" = "0"
L 03/22/2015 - 14:40:57: Server cvar "mp_kickpercent" = "0.66"
L 03/22/2015 - 14:40:57: Server cvar "mp_limitteams" = "5"
L 03/22/2015 - 14:40:57: Server cvar "mp_logdetail" = "3"
L 03/22/2015 - 14:40:57: Server cvar "mp_logfile" = "1"
L 03/22/2015 - 14:40:57: Server cvar "mp_logmessages" = "1"
L 03/22/2015 - 14:40:57: Server cvar "mp_mapvoteratio" = "0.66"
L 03/22/2015 - 14:40:57: Server cvar "mp_maxrounds" = "0"
L 03/22/2015 - 14:40:57: Server cvar "mp_mirrordamage" = "0"
L 03/22/2015 - 14:40:57: Server cvar "mp_playerid" = "0"
L 03/22/2015 - 14:40:57: Server cvar "mp_roundtime" = "2.57"
L 03/22/2015 - 14:40:57: Server cvar "mp_startmoney" = "800"
L 03/22/2015 - 14:40:57: Server cvar "mp_timeleft" = "0"
L 03/22/2015 - 14:40:57: Server cvar "mp_timelimit" = "30.000000"
L 03/22/2015 - 14:40:57: Server cvar "mp_tkpunish" = "1"
L 03/22/2015 - 14:40:57: Server cvar "mp_windifference" = "1"
L 03/22/2015 - 14:40:57: Server cvar "mp_winlimit" = "0"
L 03/22/2015 - 14:40:57: Server cvar "pausable" = "0"
L 03/22/2015 - 14:40:57: Server cvar "sv_accelerate" = "5"
L 03/22/2015 - 14:40:57: Server cvar "sv_aim" = "0"
L 03/22/2015 - 14:40:57: Server cvar "sv_airaccelerate" = "10"
L 03/22/2015 - 14:40:57: Server cvar "sv_airmove" = "1"
L 03/22/2015 - 14:40:57: Server cvar "sv_allowupload" = "1"
L 03/22/2015 - 14:40:57: Server cvar "sv_alltalk" = "0"
L 03/22/2015 - 14:40:57: Server cvar "sv_bounce" = "1"
L 03/22/2015 - 14:40:57: Server cvar "sv_cheats" = "0"
L 03/22/2015 - 14:40:57: Server cvar "sv_clienttrace" = "1"
L 03/22/2015 - 14:40:57: Server cvar "sv_clipmode" = "0"
L 03/22/2015 - 14:40:57: Server cvar "sv_contact" = ""
L 03/22/2015 - 14:40:57: Server cvar "sv_friction" = "4"
L 03/22/2015 - 14:40:57: Server cvar "sv_gravity" = "800"
L 03/22/2015 - 14:40:57: Server cvar "sv_logblocks" = "0"
L 03/22/2015 - 14:40:57: Server cvar "sv_maxrate" = "50000"
L 03/22/2015 - 14:40:57: Server cvar "sv_maxspeed" = "900"
L 03/22/2015 - 14:40:57: Server cvar "sv_minrate" = "100000"
L 03/22/2015 - 14:40:57: Server cvar "sv_password" = ""
L 03/22/2015 - 14:40:57: Server cvar "sv_proxies" = "0"
L 03/22/2015 - 14:40:57: Server cvar "sv_region" = "255"
L 03/22/2015 - 14:40:57: Server cvar "sv_restart" = "0"
L 03/22/2015 - 14:40:57: Server cvar "sv_restartround" = "0"
L 03/22/2015 - 14:40:57: Server cvar "sv_stepsize" = "18"
L 03/22/2015 - 14:40:57: Server cvar "sv_stopspeed" = "75"
L 03/22/2015 - 14:40:57: Server cvar "sv_uploadmax" = "0.5"
L 03/22/2015 - 14:40:57: Server cvar "sv_voiceenable" = "1"
L 03/22/2015 - 14:40:57: Server cvar "sv_wateraccelerate" = "10"
L 03/22/2015 - 14:40:57: Server cvar "sv_waterfriction" = "1"
L 03/22/2015 - 14:40:57: Server cvar "travo_statmarquee" = "v1.2"
L 03/22/2015 - 14:40:57: Server cvar "ultimate_sounds" = "1.7"
L 03/22/2015 - 14:40:57: Server cvar "vtc_version" = "80"
L 03/22/2015 - 14:40:57: Server cvars end
L 03/22/2015 - 14:40:58: Server cvar "amx_nextmap" = "aim_aztec"
L 03/22/2015 - 14:40:58: Server cvar "sv_restart" = "1"
L 03/22/2015 - 14:40:58: World triggered "Restart_Round_(1_second)"
L 03/22/2015 - 14:40:58: Team "CT" scored "0" with "0" players
L 03/22/2015 - 14:40:58: Team "TERRORIST" scored "0" with "0" players
L 03/22/2015 - 14:40:58: Server cvar "sv_restart" = "0"
L 03/22/2015 - 14:40:58: Started map "35hp_2" (CRC "-364611601")
L 03/22/2015 - 14:40:58: [VTC] Player 7 speex
L 03/22/2015 - 14:40:58: [VTC] Player 2 speex
L 03/22/2015 - 14:40:58: [VTC] Player 5 speex
L 03/22/2015 - 14:40:58: [VTC] Player 10 speex
L 03/22/2015 - 14:40:58: [VTC] Player 3 speex
L 03/22/2015 - 14:40:58: [VTC] Player 1 speex
L 03/22/2015 - 14:40:58: [VTC] Player 4 speex
L 03/22/2015 - 14:40:58: [VTC] Player 6 speex
L 03/22/2015 - 14:40:58: [VTC] Player 8 speex
L 03/22/2015 - 14:40:59: [VTC] Player 9 speex
L 03/22/2015 - 14:41:00: [DPROTO]: Client 9 - Set AuthIdType 3 [dp_RevEmu]; pClient = 0xb39a959c
L 03/22/2015 - 14:41:00: "[TOP-MS] FANAT CAXAPA<168><STEAM_0:4:1512688901><>" connected, address "178.120.15.29:42097"
L 03/22/2015 - 14:41:00: [VTC] Player 10 speex
L 03/22/2015 - 14:41:00: [DPROTO]: Client 5 - Set AuthIdType 3 [dp_RevEmu]; pClient = 0xb39959cc
L 03/22/2015 - 14:41:00: "[Hard_Skill]_AHAKOHDA<169><STEAM_0:4:44322053><>" connected, address "178.120.20.172:50372"
L 03/22/2015 - 14:41:00: [VTC] Player 6 speex
L 03/22/2015 - 14:41:02: "KvAS:D<163><STEAM_0:4:1287343109><>" entered the game
L 03/22/2015 - 14:41:02: "[TOP-MS] FANAT CAXAPA<168><STEAM_0:4:1512688901><>" entered the game
L 03/22/2015 - 14:41:02: "[Hard_Skill]_Leks<158><STEAM_0:4:1492831493><>" entered the game
L 03/22/2015 - 14:41:03: World triggered "Round_Start"
L 03/22/2015 - 14:41:03: "[Hard_Skill]_AHAKOHDA<169><STEAM_0:4:44322053><>" entered the game
L 03/22/2015 - 14:41:03: "Rakal<167><STEAM_0:4:494390533><>" entered the game
L 03/22/2015 - 14:41:04: "[Hard_Skill]_Angel_Smerti_<121><STEAM_0:4:479186181><>" entered the game
L 03/22/2015 - 14:41:05: [DPROTO]: Client 6 - Set AuthIdType 1 [dp_SteamEmu]; pClient = 0xb399a8c0
L 03/22/2015 - 14:41:05: "[Hard_Skill]_Lexa kosmonaft<170><STEAM_0:0:226379933><>" connected, address "37.212.11.197:33189"
L 03/22/2015 - 14:41:05: [VTC] Player 7 speex
L 03/22/2015 - 14:41:06: "KvAS:D<163><STEAM_0:4:1287343109><>" joined team "TERRORIST"
L 03/22/2015 - 14:41:07: [DPROTO]: Client 7 - Set AuthIdType 3 [dp_RevEmu]; pClient = 0xb399f7b4
L 03/22/2015 - 14:41:07: "[Hard_Skill]_Mi{x}eR<171><STEAM_0:4:696196046><>" connected, address "37.213.162.251:27005"
L 03/22/2015 - 14:41:07: "[Hard_Skill]_AHAKOHDA<169><STEAM_0:4:44322053><>" joined team "TERRORIST"
L 03/22/2015 - 14:41:07: [VTC] Player 8 speex
L 03/22/2015 - 14:41:07: "[TOP-MS] FANAT CAXAPA<168><STEAM_0:4:1512688901><>" joined team "CT"
L 03/22/2015 - 14:41:07: World triggered "Game_Commencing"
L 03/22/2015 - 14:41:07: World triggered "Game_Commencing" (CT "0") (T "0")
L 03/22/2015 - 14:41:07: World triggered "Round_End"
L 03/22/2015 - 14:41:08: "[Hard_Skill]_Lexa kosmonaft<170><STEAM_0:0:226379933><>" entered the game
L 03/22/2015 - 14:41:10: "[Hard_Skill]_Leks<158><STEAM_0:4:1492831493><>" joined team "TERRORIST"
L 03/22/2015 - 14:41:11: "[Hard_Skill]_Lexa kosmonaft<170><STEAM_0:0:226379933><>" joined team "CT"
L 03/22/2015 - 14:41:12: "[Hard_Skill]_Mi{x}eR<171><STEAM_0:4:696196046><>" entered the game
L 03/22/2015 - 14:41:12: "[Hard_Skill]_Angel_Smerti_<121><STEAM_0:4:479186181><>" joined team "CT"
L 03/22/2015 - 14:41:13: "[Hard_Skill]_Dasha<165><STEAM_0:4:1068366041><>" entered the game
L 03/22/2015 - 14:41:14: "[Hard_Skill]_4IKIST<156><STEAM_0:4:1263281413><>" entered the game
L 03/22/2015 - 14:41:15: "[Hard_Skill]_Mi{x}eR<171><STEAM_0:4:696196046><>" joined team "TERRORIST"
L 03/22/2015 - 14:41:15: World triggered "Round_Start"
L 03/22/2015 - 14:41:17: "Rakal<167><STEAM_0:4:494390533><>" joined team "CT"
L 03/22/2015 - 14:41:17: "[Hard_Skill]_Dasha<165><STEAM_0:4:1068366041><>" joined team "CT"
L 03/22/2015 - 14:41:24: "[Hard_Skill]_Lexa kosmonaft<170><STEAM_0:0:226379933><CT>" attacked "KvAS:D<163><STEAM_0:4:1287343109><TERRORIST>" with "knife" (damage "65") (damage_armor "0") (health "-30") (armor "0")
L 03/22/2015 - 14:41:24: "[Hard_Skill]_Lexa kosmonaft<170><STEAM_0:0:226379933><CT>" killed "KvAS:D<163><STEAM_0:4:1287343109><TERRORIST>" with "knife"
L 03/22/2015 - 14:41:24: "[Hard_Skill]_AHAKOHDA<169><STEAM_0:4:44322053><TERRORIST>" attacked "[Hard_Skill]_Lexa kosmonaft<170><STEAM_0:0:226379933><CT>" with "knife" (damage "65") (damage_armor "0") (health "-30") (armor "0")
L 03/22/2015 - 14:41:24: "[Hard_Skill]_AHAKOHDA<169><STEAM_0:4:44322053><TERRORIST>" killed "[Hard_Skill]_Lexa kosmonaft<170><STEAM_0:0:226379933><CT>" with "knife"
L 03/22/2015 - 14:41:25: "[Hard_Skill]_AHAKOHDA<169><STEAM_0:4:44322053><TERRORIST>" attacked "[Hard_Skill]_Angel_Smerti_<121><STEAM_0:4:479186181><CT>" with "knife" (damage "65") (damage_armor "0") (health "-30") (armor "0")
L 03/22/2015 - 14:41:25: "[Hard_Skill]_AHAKOHDA<169><STEAM_0:4:44322053><TERRORIST>" killed "[Hard_Skill]_Angel_Smerti_<121><STEAM_0:4:479186181><CT>" with "knife"
L 03/22/2015 - 14:41:32: "[Hard_Skill]_Leks<158><STEAM_0:4:1492831493><TERRORIST>" attacked "[TOP-MS] FANAT CAXAPA<168><STEAM_0:4:1512688901><CT>" with "knife" (damage "65") (damage_armor "0") (health "-30") (armor "0")
L 03/22/2015 - 14:41:32: "[Hard_Skill]_Leks<158><STEAM_0:4:1492831493><TERRORIST>" killed "[TOP-MS] FANAT CAXAPA<168><STEAM_0:4:1512688901><CT>" with "knife"
L 03/22/2015 - 14:41:33: "Rakal<167><STEAM_0:4:494390533><CT>" attacked "[Hard_Skill]_Leks<158><STEAM_0:4:1492831493><TERRORIST>" with "knife" (damage "65") (damage_armor "0") (health "-30") (armor "0")
L 03/22/2015 - 14:41:33: "Rakal<167><STEAM_0:4:494390533><CT>" killed "[Hard_Skill]_Leks<158><STEAM_0:4:1492831493><TERRORIST>" with "knife"
L 03/22/2015 - 14:41:35: "[Hard_Skill]_Mi{x}eR<171><STEAM_0:4:696196046><TERRORIST>" attacked "Rakal<167><STEAM_0:4:494390533><CT>" with "knife" (damage "65") (damage_armor "0") (health "-30") (armor "0")
L 03/22/2015 - 14:41:35: "[Hard_Skill]_Mi{x}eR<171><STEAM_0:4:696196046><TERRORIST>" killed "Rakal<167><STEAM_0:4:494390533><CT>" with "knife"
L 03/22/2015 - 14:41:37: "[Hard_Skill]_AHAKOHDA<169><STEAM_0:4:44322053><TERRORIST>" attacked "[Hard_Skill]_Dasha<165><STEAM_0:4:1068366041><CT>" with "knife" (damage "65") (damage_armor "0") (health "-30") (armor "0")
L 03/22/2015 - 14:41:37: "[Hard_Skill]_AHAKOHDA<169><STEAM_0:4:44322053><TERRORIST>" killed "[Hard_Skill]_Dasha<165><STEAM_0:4:1068366041><CT>" with "knife"
L 03/22/2015 - 14:41:37: Team "TERRORIST" triggered "Terrorists_Win" (CT "0") (T "1")
L 03/22/2015 - 14:41:37: World triggered "Round_End"
L 03/22/2015 - 14:41:47: World triggered "Round_Start"
L 03/22/2015 - 14:41:53: "[Hard_Skill]_Angel_Smerti_<121><STEAM_0:4:479186181><CT>" attacked "[Hard_Skill]_AHAKOHDA<169><STEAM_0:4:44322053><TERRORIST>" with "knife" (damage "65") (damage_armor "0") (health "-30") (armor "0")
L 03/22/2015 - 14:41:53: "[Hard_Skill]_Angel_Smerti_<121><STEAM_0:4:479186181><CT>" killed "[Hard_Skill]_AHAKOHDA<169><STEAM_0:4:44322053><TERRORIST>" with "knife"
L 03/22/2015 - 14:41:53: "[Hard_Skill]_Mi{x}eR<171><STEAM_0:4:696196046><TERRORIST>" attacked "[Hard_Skill]_Angel_Smerti_<121><STEAM_0:4:479186181><CT>" with "knife" (damage "65") (damage_armor "0") (health "-30") (armor "0")
L 03/22/2015 - 14:41:53: "[Hard_Skill]_Mi{x}eR<171><STEAM_0:4:696196046><TERRORIST>" killed "[Hard_Skill]_Angel_Smerti_<121><STEAM_0:4:479186181><CT>" with "knife"
L 03/22/2015 - 14:41:55: "[TOP-MS] FANAT CAXAPA<168><STEAM_0:4:1512688901><CT>" attacked "[Hard_Skill]_Mi{x}eR<171><STEAM_0:4:696196046><TERRORIST>" with "knife" (damage "260") (damage_armor "0") (health "-225") (armor "0")
L 03/22/2015 - 14:41:55: "[TOP-MS] FANAT CAXAPA<168><STEAM_0:4:1512688901><CT>" killed "[Hard_Skill]_Mi{x}eR<171><STEAM_0:4:696196046><TERRORIST>" with "knife"
L 03/22/2015 - 14:41:55: "[Hard_Skill]_Leks<158><STEAM_0:4:1492831493><TERRORIST>" attacked "[TOP-MS] FANAT CAXAPA<168><STEAM_0:4:1512688901><CT>" with "knife" (damage "65") (damage_armor "0") (health "-30") (armor "0")
L 03/22/2015 - 14:41:55: "[Hard_Skill]_Leks<158><STEAM_0:4:1492831493><TERRORIST>" killed "[TOP-MS] FANAT CAXAPA<168><STEAM_0:4:1512688901><CT>" with "knife"
L 03/22/2015 - 14:41:58: "[Hard_Skill]_Dasha<165><STEAM_0:4:1068366041><CT>" attacked "KvAS:D<163><STEAM_0:4:1287343109><TERRORIST>" with "knife" (damage "65") (damage_armor "0") (health "-30") (armor "0")
L 03/22/2015 - 14:41:58: "[Hard_Skill]_Dasha<165><STEAM_0:4:1068366041><CT>" killed "KvAS:D<163><STEAM_0:4:1287343109><TERRORIST>" with "knife"
L 03/22/2015 - 14:41:59: "Rakal<167><STEAM_0:4:494390533><CT>" triggered "weaponstats" (weapon "knife") (shots "3") (hits "1") (kills "1") (headshots "0") (tks "0") (damage "65") (deaths "1")
L 03/22/2015 - 14:41:59: "Rakal<167><STEAM_0:4:494390533><CT>" triggered "weaponstats2" (weapon "knife") (head "0") (chest "0") (stomach "0") (leftarm "0") (rightarm "0") (leftleg "0") (rightleg "0")
L 03/22/2015 - 14:41:59: "Rakal<167><STEAM_0:4:494390533><CT>" triggered "time" (time "0:55")
L 03/22/2015 - 14:41:59: "Rakal<167><STEAM_0:4:494390533><CT>" triggered "latency" (ping "50")
L 03/22/2015 - 14:41:59: "KvAS:D<163><STEAM_0:4:1287343109><TERRORIST>" triggered "weaponstats" (weapon "knife") (shots "4") (hits "0") (kills "0") (headshots "0") (tks "0") (damage "0") (deaths "2")
L 03/22/2015 - 14:41:59: "KvAS:D<163><STEAM_0:4:1287343109><TERRORIST>" triggered "weaponstats2" (weapon "knife") (head "0") (chest "0") (stomach "0") (leftarm "0") (rightarm "0") (leftleg "0") (rightleg "0")
L 03/22/2015 - 14:41:59: "KvAS:D<163><STEAM_0:4:1287343109><TERRORIST>" triggered "time" (time "0:56")
L 03/22/2015 - 14:41:59: "KvAS:D<163><STEAM_0:4:1287343109><TERRORIST>" triggered "latency" (ping "19")
L 03/22/2015 - 14:41:59: "[Hard_Skill]_Leks<158><STEAM_0:4:1492831493><TERRORIST>" triggered "weaponstats" (weapon "knife") (shots "7") (hits "2") (kills "2") (headshots "0") (tks "0") (damage "130") (deaths "1")
L 03/22/2015 - 14:41:59: "[Hard_Skill]_Leks<158><STEAM_0:4:1492831493><TERRORIST>" triggered "weaponstats2" (weapon "knife") (head "0") (chest "0") (stomach "0") (leftarm "0") (rightarm "0") (leftleg "0") (rightleg "0")
L 03/22/2015 - 14:41:59: "[Hard_Skill]_Leks<158><STEAM_0:4:1492831493><TERRORIST>" triggered "time" (time "0:56")
L 03/22/2015 - 14:41:59: "[Hard_Skill]_Leks<158><STEAM_0:4:1492831493><TERRORIST>" triggered "latency" (ping "52")
L 03/22/2015 - 14:41:59: "[Hard_Skill]_Angel_Smerti_<121><STEAM_0:4:479186181><CT>" triggered "weaponstats" (weapon "knife") (shots "3") (hits "1") (kills "1") (headshots "0") (tks "0") (damage "65") (deaths "2")
L 03/22/2015 - 14:41:59: "[Hard_Skill]_Angel_Smerti_<121><STEAM_0:4:479186181><CT>" triggered "weaponstats2" (weapon "knife") (head "0") (chest "0") (stomach "0") (leftarm "0") (rightarm "0") (leftleg "0") (rightleg "0")
L 03/22/2015 - 14:41:59: "[Hard_Skill]_Angel_Smerti_<121><STEAM_0:4:479186181><CT>" triggered "time" (time "0:55")
L 03/22/2015 - 14:41:59: "[Hard_Skill]_Angel_Smerti_<121><STEAM_0:4:479186181><CT>" triggered "latency" (ping "65")
L 03/22/2015 - 14:41:59: "[Hard_Skill]_Dasha<165><STEAM_0:4:1068366041><CT>" triggered "weaponstats" (weapon "knife") (shots "5") (hits "1") (kills "1") (headshots "0") (tks "0") (damage "65") (deaths "1")
L 03/22/2015 - 14:41:59: "[Hard_Skill]_Dasha<165><STEAM_0:4:1068366041><CT>" triggered "weaponstats2" (weapon "knife") (head "0") (chest "0") (stomach "0") (leftarm "0") (rightarm "0") (leftleg "0") (rightleg "0")
L 03/22/2015 - 14:41:59: "[Hard_Skill]_Dasha<165><STEAM_0:4:1068366041><CT>" triggered "time" (time "0:45")
L 03/22/2015 - 14:41:59: "[Hard_Skill]_Dasha<165><STEAM_0:4:1068366041><CT>" triggered "latency" (ping "2")
L 03/22/2015 - 14:41:59: "[Hard_Skill]_AHAKOHDA<169><STEAM_0:4:44322053><TERRORIST>" triggered "weaponstats" (weapon "knife") (shots "4") (hits "3") (kills "3") (headshots "0") (tks "0") (damage "195") (deaths "1")
L 03/22/2015 - 14:41:59: "[Hard_Skill]_AHAKOHDA<169><STEAM_0:4:44322053><TERRORIST>" triggered "weaponstats2" (weapon "knife") (head "0") (chest "0") (stomach "0") (leftarm "0") (rightarm "0") (leftleg "0") (rightleg "0")
L 03/22/2015 - 14:41:59: "[Hard_Skill]_AHAKOHDA<169><STEAM_0:4:44322053><TERRORIST>" triggered "time" (time "0:55")
L 03/22/2015 - 14:41:59: "[Hard_Skill]_AHAKOHDA<169><STEAM_0:4:44322053><TERRORIST>" triggered "latency" (ping "91")
L 03/22/2015 - 14:41:59: "[Hard_Skill]_Lexa kosmonaft<170><STEAM_0:0:226379933><CT>" triggered "weaponstats" (weapon "knife") (shots "6") (hits "1") (kills "1") (headshots "0") (tks "0") (damage "65") (deaths "1")
L 03/22/2015 - 14:41:59: "[Hard_Skill]_Lexa kosmonaft<170><STEAM_0:0:226379933><CT>" triggered "weaponstats2" (weapon "knife") (head "0") (chest "0") (stomach "0") (leftarm "0") (rightarm "0") (leftleg "0") (rightleg "0")
L 03/22/2015 - 14:41:59: "[Hard_Skill]_Lexa kosmonaft<170><STEAM_0:0:226379933><CT>" triggered "time" (time "0:50")
L 03/22/2015 - 14:41:59: "[Hard_Skill]_Lexa kosmonaft<170><STEAM_0:0:226379933><CT>" triggered "latency" (ping "41")
L 03/22/2015 - 14:41:59: "[Hard_Skill]_Mi{x}eR<171><STEAM_0:4:696196046><TERRORIST>" triggered "weaponstats" (weapon "knife") (shots "4") (hits "2") (kills "2") (headshots "0") (tks "0") (damage "130") (deaths "1")
L 03/22/2015 - 14:41:59: "[Hard_Skill]_Mi{x}eR<171><STEAM_0:4:696196046><TERRORIST>" triggered "weaponstats2" (weapon "knife") (head "0") (chest "0") (stomach "0") (leftarm "0") (rightarm "0") (leftleg "0") (rightleg "0")
L 03/22/2015 - 14:41:59: "[Hard_Skill]_Mi{x}eR<171><STEAM_0:4:696196046><TERRORIST>" triggered "time" (time "0:46")
L 03/22/2015 - 14:41:59: "[Hard_Skill]_Mi{x}eR<171><STEAM_0:4:696196046><TERRORIST>" triggered "latency" (ping "46")
L 03/22/2015 - 14:41:59: "[Hard_Skill]_4IKIST<156><STEAM_0:4:1263281413><UNASSIGNED>" triggered "time" (time "0:44")
L 03/22/2015 - 14:41:59: "[Hard_Skill]_4IKIST<156><STEAM_0:4:1263281413><UNASSIGNED>" triggered "latency" (ping "27")
L 03/22/2015 - 14:41:59: "[TOP-MS] FANAT CAXAPA<168><STEAM_0:4:1512688901><CT>" triggered "weaponstats" (weapon "knife") (shots "3") (hits "1") (kills "1") (headshots "1") (tks "0") (damage "260") (deaths "2")
L 03/22/2015 - 14:41:59: "[TOP-MS] FANAT CAXAPA<168><STEAM_0:4:1512688901><CT>" triggered "weaponstats2" (weapon "knife") (head "1") (chest "0") (stomach "0") (leftarm "0") (rightarm "0") (leftleg "0") (rightleg "0")
L 03/22/2015 - 14:41:59: "[TOP-MS] FANAT CAXAPA<168><STEAM_0:4:1512688901><CT>" triggered "time" (time "0:56")
L 03/22/2015 - 14:41:59: "[TOP-MS] FANAT CAXAPA<168><STEAM_0:4:1512688901><CT>" triggered "latency" (ping "7")
L 03/22/2015 - 14:41:59: [META] ini: Begin re-reading plugins list: /home/extazy/Public/cstrike/addons/metamod/plugins.ini
L 03/22/2015 - 14:41:59: [META] ini: Read plugin config for: AMX Mod X
L 03/22/2015 - 14:41:59: [META] ini: Read plugin config for: dproto_EF
L 03/22/2015 - 14:41:59: [META] ini: Read plugin config for: VoiceTranscoder
L 03/22/2015 - 14:41:59: [META] ini: Finished reading plugins list: /home/extazy/Public/cstrike/addons/metamod/plugins.ini; Found 3 plugins
L 03/22/2015 - 14:41:59: [META] dll: Updating plugins...
L 03/22/2015 - 14:41:59: [META] dll: Finished updating 12 plugins; kept 3, loaded 0, unloaded 0, reloaded 0, delayed 0
L 03/22/2015 - 14:41:59: "Rakal<167><STEAM_0:4:494390533><CT>" disconnected
L 03/22/2015 - 14:41:59: "KvAS:D<163><STEAM_0:4:1287343109><TERRORIST>" disconnected
L 03/22/2015 - 14:41:59: "[Hard_Skill]_Leks<158><STEAM_0:4:1492831493><TERRORIST>" disconnected
L 03/22/2015 - 14:41:59: Team "CT" triggered "CTs_Win" (CT "1") (T "1")
L 03/22/2015 - 14:41:59: World triggered "Round_End"
L 03/22/2015 - 14:41:59: "[Hard_Skill]_Angel_Smerti_<121><STEAM_0:4:479186181><CT>" disconnected
L 03/22/2015 - 14:41:59: "[Hard_Skill]_Dasha<165><STEAM_0:4:1068366041><CT>" disconnected
L 03/22/2015 - 14:41:59: "[Hard_Skill]_AHAKOHDA<169><STEAM_0:4:44322053><TERRORIST>" disconnected
L 03/22/2015 - 14:41:59: "[Hard_Skill]_Lexa kosmonaft<170><STEAM_0:0:226379933><CT>" disconnected
L 03/22/2015 - 14:41:59: "[Hard_Skill]_Mi{x}eR<171><STEAM_0:4:696196046><TERRORIST>" disconnected
L 03/22/2015 - 14:41:59: "[Hard_Skill]_4IKIST<156><STEAM_0:4:1263281413><>" disconnected
L 03/22/2015 - 14:41:59: "[TOP-MS] FANAT CAXAPA<168><STEAM_0:4:1512688901><CT>" disconnected
L 03/22/2015 - 14:41:59: Log file closed
