L 03/29/2015 - 22:23:18: Log file started (file "logs/L0329048.log") (game "cstrike") (version "48/1.6.3.7/Stdio/5787")
L 03/29/2015 - 22:23:18: Loading map "de_dust2_2x2"
L 03/29/2015 - 22:23:18: Server cvars start
L 03/29/2015 - 22:23:18: Server cvar "_tutor_bomb_viewable_check_interval" = "0.5"
L 03/29/2015 - 22:23:18: Server cvar "_tutor_debug_level" = "0"
L 03/29/2015 - 22:23:18: Server cvar "_tutor_examine_time" = "0.5"
L 03/29/2015 - 22:23:18: Server cvar "_tutor_hint_interval_time" = "10.0"
L 03/29/2015 - 22:23:18: Server cvar "_tutor_look_angle" = "10"
L 03/29/2015 - 22:23:18: Server cvar "_tutor_look_distance" = "200"
L 03/29/2015 - 22:23:18: Server cvar "_tutor_message_character_display_time_coefficient" = "0.07"
L 03/29/2015 - 22:23:18: Server cvar "_tutor_message_minimum_display_time" = "1"
L 03/29/2015 - 22:23:18: Server cvar "_tutor_message_repeats" = "5"
L 03/29/2015 - 22:23:18: Server cvar "_tutor_view_distance" = "1000"
L 03/29/2015 - 22:23:18: Server cvar "aesp_version" = "1.5b_mini"
L 03/29/2015 - 22:23:18: Server cvar "allow_spectators" = "4"
L 03/29/2015 - 22:23:18: Server cvar "amx_client_languages" = "0"
L 03/29/2015 - 22:23:18: Server cvar "amx_contactinfo" = "ICQ: 691322983"
L 03/29/2015 - 22:23:18: Server cvar "amx_language" = "ru"
L 03/29/2015 - 22:23:18: Server cvar "amx_nextmap" = "de_dust2_2x2"
L 03/29/2015 - 22:23:18: Server cvar "amx_timeleft" = "00:00"
L 03/29/2015 - 22:23:18: Server cvar "amxbans_ssversion" = "Gm 1.6"
L 03/29/2015 - 22:23:18: Server cvar "amxbans_version" = "Gm 1.6"
L 03/29/2015 - 22:23:18: Server cvar "amxmodx_version" = "1.8.1.3746"
L 03/29/2015 - 22:23:18: Server cvar "Colored Translit Cheat" = "Loaded"
L 03/29/2015 - 22:23:18: Server cvar "Colored Translit Config" = "Loaded"
L 03/29/2015 - 22:23:18: Server cvar "Colored Translit Ignores" = "Loaded"
L 03/29/2015 - 22:23:18: Server cvar "Colored Translit Replace" = "Failed"
L 03/29/2015 - 22:23:18: Server cvar "Colored Translit Spam" = "Loaded"
L 03/29/2015 - 22:23:18: Server cvar "Colored Translit Status" = "Loaded"
L 03/29/2015 - 22:23:18: Server cvar "Colored Translit Swear" = "Loaded"
L 03/29/2015 - 22:23:18: Server cvar "Colored Translit Version" = "2.0b Final"
L 03/29/2015 - 22:23:18: Server cvar "coop" = "0"
L 03/29/2015 - 22:23:18: Server cvar "deathmatch" = "1"
L 03/29/2015 - 22:23:18: Server cvar "decalfrequency" = "9"
L 03/29/2015 - 22:23:18: Server cvar "dp_version" = "0.9.391"
L 03/29/2015 - 22:23:18: Server cvar "edgefriction" = "2"
L 03/29/2015 - 22:23:18: Server cvar "hostage_debug" = "0"
L 03/29/2015 - 22:23:18: Server cvar "hostage_stop" = "0"
L 03/29/2015 - 22:23:18: Server cvar "humans_join_team" = "any"
L 03/29/2015 - 22:23:18: Server cvar "jtp10181" = "chute,gore"
L 03/29/2015 - 22:23:18: Server cvar "max_queries_sec" = "3.0"
L 03/29/2015 - 22:23:18: Server cvar "max_queries_sec_global" = "30"
L 03/29/2015 - 22:23:18: Server cvar "max_queries_window" = "60"
L 03/29/2015 - 22:23:18: Server cvar "metamod_version" = "1.19"
L 03/29/2015 - 22:23:18: Server cvar "mp_allowmonsters" = "0"
L 03/29/2015 - 22:23:18: Server cvar "mp_autokick" = "1"
L 03/29/2015 - 22:23:18: Server cvar "mp_autoteambalance" = "1"
L 03/29/2015 - 22:23:18: Server cvar "mp_buytime" = "1.5"
L 03/29/2015 - 22:23:18: Server cvar "mp_c4timer" = "35"
L 03/29/2015 - 22:23:18: Server cvar "mp_chattime" = "1"
L 03/29/2015 - 22:23:18: Server cvar "mp_consistency" = "1"
L 03/29/2015 - 22:23:18: Server cvar "mp_fadetoblack" = "0"
L 03/29/2015 - 22:23:18: Server cvar "mp_flashlight" = "1"
L 03/29/2015 - 22:23:18: Server cvar "mp_footsteps" = "1"
L 03/29/2015 - 22:23:18: Server cvar "mp_forcecamera" = "0"
L 03/29/2015 - 22:23:18: Server cvar "mp_forcechasecam" = "0"
L 03/29/2015 - 22:23:18: Server cvar "mp_fragsleft" = "0"
L 03/29/2015 - 22:23:18: Server cvar "mp_freezetime" = "5"
L 03/29/2015 - 22:23:18: Server cvar "mp_friendlyfire" = "0"
L 03/29/2015 - 22:23:18: Server cvar "mp_ghostfrequency" = "0.1"
L 03/29/2015 - 22:23:18: Server cvar "mp_hostagepenalty" = "0"
L 03/29/2015 - 22:23:18: Server cvar "mp_kickpercent" = "0.66"
L 03/29/2015 - 22:23:18: Server cvar "mp_limitteams" = "5"
L 03/29/2015 - 22:23:18: Server cvar "mp_logdetail" = "3"
L 03/29/2015 - 22:23:18: Server cvar "mp_logfile" = "1"
L 03/29/2015 - 22:23:18: Server cvar "mp_logmessages" = "1"
L 03/29/2015 - 22:23:18: Server cvar "mp_mapvoteratio" = "0.66"
L 03/29/2015 - 22:23:18: Server cvar "mp_maxrounds" = "0"
L 03/29/2015 - 22:23:18: Server cvar "mp_mirrordamage" = "0"
L 03/29/2015 - 22:23:18: Server cvar "mp_playerid" = "0"
L 03/29/2015 - 22:23:18: Server cvar "mp_roundtime" = "2.57"
L 03/29/2015 - 22:23:18: Server cvar "mp_startmoney" = "800"
L 03/29/2015 - 22:23:18: Server cvar "mp_timeleft" = "0"
L 03/29/2015 - 22:23:18: Server cvar "mp_timelimit" = "30.000000"
L 03/29/2015 - 22:23:18: Server cvar "mp_tkpunish" = "1"
L 03/29/2015 - 22:23:18: Server cvar "mp_windifference" = "1"
L 03/29/2015 - 22:23:18: Server cvar "mp_winlimit" = "0"
L 03/29/2015 - 22:23:18: Server cvar "pausable" = "0"
L 03/29/2015 - 22:23:18: Server cvar "sv_accelerate" = "5"
L 03/29/2015 - 22:23:18: Server cvar "sv_aim" = "0"
L 03/29/2015 - 22:23:18: Server cvar "sv_airaccelerate" = "10"
L 03/29/2015 - 22:23:18: Server cvar "sv_airmove" = "1"
L 03/29/2015 - 22:23:18: Server cvar "sv_allowupload" = "1"
L 03/29/2015 - 22:23:18: Server cvar "sv_alltalk" = "0"
L 03/29/2015 - 22:23:18: Server cvar "sv_bounce" = "1"
L 03/29/2015 - 22:23:18: Server cvar "sv_cheats" = "0"
L 03/29/2015 - 22:23:18: Server cvar "sv_clienttrace" = "1"
L 03/29/2015 - 22:23:18: Server cvar "sv_clipmode" = "0"
L 03/29/2015 - 22:23:18: Server cvar "sv_contact" = ""
L 03/29/2015 - 22:23:18: Server cvar "sv_friction" = "4"
L 03/29/2015 - 22:23:18: Server cvar "sv_gravity" = "800"
L 03/29/2015 - 22:23:18: Server cvar "sv_logblocks" = "0"
L 03/29/2015 - 22:23:18: Server cvar "sv_maxrate" = "50000"
L 03/29/2015 - 22:23:18: Server cvar "sv_maxspeed" = "900"
L 03/29/2015 - 22:23:18: Server cvar "sv_minrate" = "100000"
L 03/29/2015 - 22:23:18: Server cvar "sv_password" = ""
L 03/29/2015 - 22:23:18: Server cvar "sv_proxies" = "0"
L 03/29/2015 - 22:23:18: Server cvar "sv_region" = "255"
L 03/29/2015 - 22:23:18: Server cvar "sv_restart" = "0"
L 03/29/2015 - 22:23:18: Server cvar "sv_restartround" = "0"
L 03/29/2015 - 22:23:18: Server cvar "sv_stepsize" = "18"
L 03/29/2015 - 22:23:18: Server cvar "sv_stopspeed" = "75"
L 03/29/2015 - 22:23:18: Server cvar "sv_uploadmax" = "0.5"
L 03/29/2015 - 22:23:18: Server cvar "sv_voiceenable" = "1"
L 03/29/2015 - 22:23:18: Server cvar "sv_wateraccelerate" = "10"
L 03/29/2015 - 22:23:18: Server cvar "sv_waterfriction" = "1"
L 03/29/2015 - 22:23:18: Server cvar "travo_statmarquee" = "v1.2"
L 03/29/2015 - 22:23:18: Server cvar "vtc_version" = "80"
L 03/29/2015 - 22:23:18: Server cvar "wallblocker_version" = "1.0"
L 03/29/2015 - 22:23:18: Server cvar "whb_version" = "1.5.530"
L 03/29/2015 - 22:23:18: Server cvars end
L 03/29/2015 - 22:23:18: Server cvar "amx_nextmap" = "awp_map"
L 03/29/2015 - 22:23:18: Server cvar "sv_restart" = "1"
L 03/29/2015 - 22:23:18: World triggered "Restart_Round_(1_second)"
L 03/29/2015 - 22:23:18: Team "CT" scored "0" with "0" players
L 03/29/2015 - 22:23:18: Team "TERRORIST" scored "0" with "0" players
L 03/29/2015 - 22:23:18: Server cvar "sv_restart" = "0"
L 03/29/2015 - 22:23:19: Started map "de_dust2_2x2" (CRC "1607683513")
L 03/29/2015 - 22:23:19: [VTC] Player 8 speex
L 03/29/2015 - 22:23:19: [VTC] Player 5 silk
L 03/29/2015 - 22:23:19: [VTC] Player 7 speex
L 03/29/2015 - 22:23:19: [VTC] Player 6 speex
L 03/29/2015 - 22:23:19: [VTC] Player 3 speex
L 03/29/2015 - 22:23:19: [VTC] Player 11 speex
L 03/29/2015 - 22:23:21: "[TOP-MS] FANAT CAXAPA<136><STEAM_0:4:1695567109><>" entered the game
L 03/29/2015 - 22:23:22: "ARTEM GOROD VITEBSK<135><STEAM_0:4:2079300430><>" entered the game
L 03/29/2015 - 22:23:22: "[Hard_Skill]_Lexa Kosmonaft<99><STEAM_0:0:226379933><>" entered the game
L 03/29/2015 - 22:23:24: World triggered "Round_Start"
L 03/29/2015 - 22:23:24: "[Virtyal_Pro]_matv[_]ei<131><STEAM_0:4:175676238><>" entered the game
L 03/29/2015 - 22:23:28: "[Hard_Skill]_Lexa Kosmonaft<99><STEAM_0:0:226379933><>" joined team "CT"
L 03/29/2015 - 22:23:29: "[Virtyal_Pro]_matv[_]ei<131><STEAM_0:4:175676238><UNASSIGNED>" triggered "time" (time "0:04")
L 03/29/2015 - 22:23:29: "[Virtyal_Pro]_matv[_]ei<131><STEAM_0:4:175676238><UNASSIGNED>" triggered "latency" (ping "0")
L 03/29/2015 - 22:23:29: "[Virtyal_Pro]_matv[_]ei<131><STEAM_0:4:175676238><>" disconnected
L 03/29/2015 - 22:23:30: "[TOP-MS] FANAT CAXAPA<136><STEAM_0:4:1695567109><>" joined team "CT"
L 03/29/2015 - 22:23:35: "ARTEM GOROD VITEBSK<135><STEAM_0:4:2079300430><>" joined team "TERRORIST"
L 03/29/2015 - 22:23:35: World triggered "Game_Commencing"
L 03/29/2015 - 22:23:35: World triggered "Game_Commencing" (CT "0") (T "0")
L 03/29/2015 - 22:23:35: World triggered "Round_End"
L 03/29/2015 - 22:23:38: "ARTEM GOROD VITEBSK<135><STEAM_0:4:2079300430><TERRORIST>" triggered "Spawned_With_The_Bomb"
L 03/29/2015 - 22:23:43: World triggered "Round_Start"
L 03/29/2015 - 22:24:15: "[Hard_Skill]_Lexa Kosmonaft<99><STEAM_0:0:226379933><CT>" attacked "ARTEM GOROD VITEBSK<135><STEAM_0:4:2079300430><TERRORIST>" with "deagle" (damage "30") (damage_armor "6") (health "70") (armor "94")
L 03/29/2015 - 22:24:15: "ARTEM GOROD VITEBSK<135><STEAM_0:4:2079300430><TERRORIST>" attacked "[TOP-MS] FANAT CAXAPA<136><STEAM_0:4:1695567109><CT>" with "glock18" (damage "8") (damage_armor "0") (health "92") (armor "0")
L 03/29/2015 - 22:24:16: "[TOP-MS] FANAT CAXAPA<136><STEAM_0:4:1695567109><CT>" attacked "ARTEM GOROD VITEBSK<135><STEAM_0:4:2079300430><TERRORIST>" with "usp" (damage "12") (damage_armor "0") (health "58") (armor "94")
L 03/29/2015 - 22:24:16: "ARTEM GOROD VITEBSK<135><STEAM_0:4:2079300430><TERRORIST>" attacked "[TOP-MS] FANAT CAXAPA<136><STEAM_0:4:1695567109><CT>" with "glock18" (damage "11") (damage_armor "0") (health "81") (armor "0")
L 03/29/2015 - 22:24:16: "[Hard_Skill]_Lexa Kosmonaft<99><STEAM_0:0:226379933><CT>" attacked "ARTEM GOROD VITEBSK<135><STEAM_0:4:2079300430><TERRORIST>" with "deagle" (damage "31") (damage_armor "5") (health "27") (armor "89")
L 03/29/2015 - 22:24:16: "[TOP-MS] FANAT CAXAPA<136><STEAM_0:4:1695567109><CT>" attacked "ARTEM GOROD VITEBSK<135><STEAM_0:4:2079300430><TERRORIST>" with "usp" (damage "12") (damage_armor "0") (health "15") (armor "89")
L 03/29/2015 - 22:24:17: "ARTEM GOROD VITEBSK<135><STEAM_0:4:2079300430><TERRORIST>" attacked "[TOP-MS] FANAT CAXAPA<136><STEAM_0:4:1695567109><CT>" with "glock18" (damage "11") (damage_armor "0") (health "70") (armor "0")
L 03/29/2015 - 22:24:22: "ARTEM GOROD VITEBSK<135><STEAM_0:4:2079300430><TERRORIST>" attacked "[Hard_Skill]_Lexa Kosmonaft<99><STEAM_0:0:226379933><CT>" with "glock18" (damage "17") (damage_armor "0") (health "83") (armor "100")
L 03/29/2015 - 22:24:22: "[Hard_Skill]_Lexa Kosmonaft<99><STEAM_0:0:226379933><CT>" attacked "ARTEM GOROD VITEBSK<135><STEAM_0:4:2079300430><TERRORIST>" with "deagle" (damage "39") (damage_armor "6") (health "-24") (armor "83")
L 03/29/2015 - 22:24:22: "[Hard_Skill]_Lexa Kosmonaft<99><STEAM_0:0:226379933><CT>" killed "ARTEM GOROD VITEBSK<135><STEAM_0:4:2079300430><TERRORIST>" with "deagle"
L 03/29/2015 - 22:24:22: Team "CT" triggered "CTs_Win" (CT "1") (T "0")
L 03/29/2015 - 22:24:22: World triggered "Round_End"
L 03/29/2015 - 22:24:27: "ARTEM GOROD VITEBSK<135><STEAM_0:4:2079300430><TERRORIST>" triggered "Spawned_With_The_Bomb"
L 03/29/2015 - 22:24:32: World triggered "Round_Start"
L 03/29/2015 - 22:25:08: "[TOP-MS] FANAT CAXAPA<136><STEAM_0:4:1695567109><CT>" attacked "ARTEM GOROD VITEBSK<135><STEAM_0:4:2079300430><TERRORIST>" with "usp" (damage "12") (damage_armor "7") (health "88") (armor "93")
L 03/29/2015 - 22:25:08: "ARTEM GOROD VITEBSK<135><STEAM_0:4:2079300430><TERRORIST>" attacked "[TOP-MS] FANAT CAXAPA<136><STEAM_0:4:1695567109><CT>" with "glock18" (damage "8") (damage_armor "5") (health "92") (armor "95")
L 03/29/2015 - 22:25:08: "ARTEM GOROD VITEBSK<135><STEAM_0:4:2079300430><TERRORIST>" attacked "[TOP-MS] FANAT CAXAPA<136><STEAM_0:4:1695567109><CT>" with "glock18" (damage "8") (damage_armor "4") (health "84") (armor "91")
L 03/29/2015 - 22:25:08: "[TOP-MS] FANAT CAXAPA<136><STEAM_0:4:1695567109><CT>" attacked "ARTEM GOROD VITEBSK<135><STEAM_0:4:2079300430><TERRORIST>" with "usp" (damage "18") (damage_armor "0") (health "70") (armor "93")
L 03/29/2015 - 22:25:08: "ARTEM GOROD VITEBSK<135><STEAM_0:4:2079300430><TERRORIST>" attacked "[TOP-MS] FANAT CAXAPA<136><STEAM_0:4:1695567109><CT>" with "glock18" (damage "11") (damage_armor "5") (health "73") (armor "86")
L 03/29/2015 - 22:25:09: "[TOP-MS] FANAT CAXAPA<136><STEAM_0:4:1695567109><CT>" attacked "ARTEM GOROD VITEBSK<135><STEAM_0:4:2079300430><TERRORIST>" with "usp" (damage "13") (damage_armor "6") (health "57") (armor "87")
L 03/29/2015 - 22:25:09: "ARTEM GOROD VITEBSK<135><STEAM_0:4:2079300430><TERRORIST>" attacked "[TOP-MS] FANAT CAXAPA<136><STEAM_0:4:1695567109><CT>" with "glock18" (damage "8") (damage_armor "4") (health "65") (armor "82")
L 03/29/2015 - 22:25:09: "ARTEM GOROD VITEBSK<135><STEAM_0:4:2079300430><TERRORIST>" attacked "[TOP-MS] FANAT CAXAPA<136><STEAM_0:4:1695567109><CT>" with "glock18" (damage "8") (damage_armor "4") (health "57") (armor "78")
L 03/29/2015 - 22:25:09: "[TOP-MS] FANAT CAXAPA<136><STEAM_0:4:1695567109><CT>" attacked "ARTEM GOROD VITEBSK<135><STEAM_0:4:2079300430><TERRORIST>" with "usp" (damage "12") (damage_armor "6") (health "45") (armor "81")
L 03/29/2015 - 22:25:09: "[TOP-MS] FANAT CAXAPA<136><STEAM_0:4:1695567109><CT>" attacked "ARTEM GOROD VITEBSK<135><STEAM_0:4:2079300430><TERRORIST>" with "usp" (damage "12") (damage_armor "7") (health "33") (armor "74")
L 03/29/2015 - 22:25:10: "ARTEM GOROD VITEBSK<135><STEAM_0:4:2079300430><TERRORIST>" attacked "[TOP-MS] FANAT CAXAPA<136><STEAM_0:4:1695567109><CT>" with "glock18" (damage "8") (damage_armor "4") (health "49") (armor "74")
L 03/29/2015 - 22:25:10: "ARTEM GOROD VITEBSK<135><STEAM_0:4:2079300430><TERRORIST>" attacked "[TOP-MS] FANAT CAXAPA<136><STEAM_0:4:1695567109><CT>" with "glock18" (damage "11") (damage_armor "5") (health "38") (armor "69")
L 03/29/2015 - 22:25:11: "ARTEM GOROD VITEBSK<135><STEAM_0:4:2079300430><TERRORIST>" attacked "[TOP-MS] FANAT CAXAPA<136><STEAM_0:4:1695567109><CT>" with "glock18" (damage "35") (damage_armor "16") (health "3") (armor "53")
L 03/29/2015 - 22:25:12: "ARTEM GOROD VITEBSK<135><STEAM_0:4:2079300430><TERRORIST>" attacked "[TOP-MS] FANAT CAXAPA<136><STEAM_0:4:1695567109><CT>" with "glock18" (damage "9") (damage_armor "4") (health "-6") (armor "49")
L 03/29/2015 - 22:25:12: "ARTEM GOROD VITEBSK<135><STEAM_0:4:2079300430><TERRORIST>" killed "[TOP-MS] FANAT CAXAPA<136><STEAM_0:4:1695567109><CT>" with "glock18"
L 03/29/2015 - 22:25:15: "[Hard_Skill]_Lexa Kosmonaft<99><STEAM_0:0:226379933><CT>" attacked "ARTEM GOROD VITEBSK<135><STEAM_0:4:2079300430><TERRORIST>" with "m4a1" (damage "22") (damage_armor "5") (health "11") (armor "69")
L 03/29/2015 - 22:25:15: "ARTEM GOROD VITEBSK<135><STEAM_0:4:2079300430><TERRORIST>" attacked "[Hard_Skill]_Lexa Kosmonaft<99><STEAM_0:0:226379933><CT>" with "glock18" (damage "12") (damage_armor "6") (health "88") (armor "94")
L 03/29/2015 - 22:25:15: "[Hard_Skill]_Lexa Kosmonaft<99><STEAM_0:0:226379933><CT>" attacked "ARTEM GOROD VITEBSK<135><STEAM_0:4:2079300430><TERRORIST>" with "m4a1" (damage "22") (damage_armor "4") (health "-11") (armor "65")
L 03/29/2015 - 22:25:15: "[Hard_Skill]_Lexa Kosmonaft<99><STEAM_0:0:226379933><CT>" killed "ARTEM GOROD VITEBSK<135><STEAM_0:4:2079300430><TERRORIST>" with "m4a1"
L 03/29/2015 - 22:25:15: Team "CT" triggered "CTs_Win" (CT "2") (T "0")
L 03/29/2015 - 22:25:15: World triggered "Round_End"
L 03/29/2015 - 22:25:20: "ARTEM GOROD VITEBSK<135><STEAM_0:4:2079300430><TERRORIST>" triggered "Spawned_With_The_Bomb"
L 03/29/2015 - 22:25:25: World triggered "Round_Start"
L 03/29/2015 - 22:25:25: [DPROTO]: Client 0 - Set AuthIdType 3 [dp_RevEmu]; pClient = 0xb396af08
L 03/29/2015 - 22:25:25: "SekasNuY<138><STEAM_0:4:1078422478><>" connected, address "37.53.210.41:27005"
L 03/29/2015 - 22:25:25: [VTC] Player 1 speex
L 03/29/2015 - 22:25:37: [DPROTO]: Client 0 - Set AuthIdType 3 [dp_RevEmu]; pClient = 0xb396af08
L 03/29/2015 - 22:25:37: "[Virtyal_Pro]_matv[_]ei<139><STEAM_0:4:175676238><>" connected, address "37.212.173.189:56365"
L 03/29/2015 - 22:25:37: [VTC] Player 1 speex
L 03/29/2015 - 22:25:38: "ARTEM GOROD VITEBSK<135><STEAM_0:4:2079300430><TERRORIST>" attacked "[Hard_Skill]_Lexa Kosmonaft<99><STEAM_0:0:226379933><CT>" with "ak47" (damage "26") (damage_armor "0") (health "74") (armor "100")
L 03/29/2015 - 22:25:38: "[Hard_Skill]_Lexa Kosmonaft<99><STEAM_0:0:226379933><CT>" attacked "ARTEM GOROD VITEBSK<135><STEAM_0:4:2079300430><TERRORIST>" with "m4a1" (damage "31") (damage_armor "0") (health "69") (armor "0")
L 03/29/2015 - 22:25:38: "[Hard_Skill]_Lexa Kosmonaft<99><STEAM_0:0:226379933><CT>" attacked "ARTEM GOROD VITEBSK<135><STEAM_0:4:2079300430><TERRORIST>" with "m4a1" (damage "31") (damage_armor "0") (health "38") (armor "0")
L 03/29/2015 - 22:25:39: "ARTEM GOROD VITEBSK<135><STEAM_0:4:2079300430><TERRORIST>" attacked "[Hard_Skill]_Lexa Kosmonaft<99><STEAM_0:0:226379933><CT>" with "ak47" (damage "108") (damage_armor "16") (health "-34") (armor "84")
L 03/29/2015 - 22:25:39: "ARTEM GOROD VITEBSK<135><STEAM_0:4:2079300430><TERRORIST>" killed "[Hard_Skill]_Lexa Kosmonaft<99><STEAM_0:0:226379933><CT>" with "ak47"
L 03/29/2015 - 22:25:42: "[Virtyal_Pro]_matv[_]ei<139><STEAM_0:4:175676238><>" entered the game
L 03/29/2015 - 22:25:46: "[Virtyal_Pro]_matv[_]ei<139><STEAM_0:4:175676238><>" joined team "CT"
L 03/29/2015 - 22:25:49: "[Hard_Skill]_Lexa Kosmonaft<99><STEAM_0:0:226379933><CT>" triggered "weaponstats" (weapon "grenade") (shots "2") (hits "0") (kills "0") (headshots "0") (tks "0") (damage "0") (deaths "0")
L 03/29/2015 - 22:25:49: "[Hard_Skill]_Lexa Kosmonaft<99><STEAM_0:0:226379933><CT>" triggered "weaponstats2" (weapon "grenade") (head "0") (chest "0") (stomach "0") (leftarm "0") (rightarm "0") (leftleg "0") (rightleg "0")
L 03/29/2015 - 22:25:49: "[Hard_Skill]_Lexa Kosmonaft<99><STEAM_0:0:226379933><CT>" triggered "weaponstats" (weapon "m4a1") (shots "21") (hits "4") (kills "1") (headshots "0") (tks "0") (damage "106") (deaths "1")
L 03/29/2015 - 22:25:49: "[Hard_Skill]_Lexa Kosmonaft<99><STEAM_0:0:226379933><CT>" triggered "weaponstats2" (weapon "m4a1") (head "0") (chest "1") (stomach "0") (leftarm "2") (rightarm "1") (leftleg "0") (rightleg "0")
L 03/29/2015 - 22:25:49: "[Hard_Skill]_Lexa Kosmonaft<99><STEAM_0:0:226379933><CT>" triggered "weaponstats" (weapon "deagle") (shots "10") (hits "3") (kills "1") (headshots "0") (tks "0") (damage "100") (deaths "0")
L 03/29/2015 - 22:25:49: "[Hard_Skill]_Lexa Kosmonaft<99><STEAM_0:0:226379933><CT>" triggered "weaponstats2" (weapon "deagle") (head "0") (chest "0") (stomach "2") (leftarm "0") (rightarm "1") (leftleg "0") (rightleg "0")
L 03/29/2015 - 22:25:49: "[Hard_Skill]_Lexa Kosmonaft<99><STEAM_0:0:226379933><CT>" triggered "time" (time "2:27")
L 03/29/2015 - 22:25:49: "[Hard_Skill]_Lexa Kosmonaft<99><STEAM_0:0:226379933><CT>" triggered "latency" (ping "30")
L 03/29/2015 - 22:25:49: "[Hard_Skill]_Lexa Kosmonaft<99><STEAM_0:0:226379933><CT>" disconnected
L 03/29/2015 - 22:25:55: "ARTEM GOROD VITEBSK<135><STEAM_0:4:2079300430><TERRORIST>" attacked "[TOP-MS] FANAT CAXAPA<136><STEAM_0:4:1695567109><CT>" with "ak47" (damage "27") (damage_armor "4") (health "73") (armor "96")
L 03/29/2015 - 22:25:56: "[TOP-MS] FANAT CAXAPA<136><STEAM_0:4:1695567109><CT>" attacked "ARTEM GOROD VITEBSK<135><STEAM_0:4:2079300430><TERRORIST>" with "m4a1" (damage "22") (damage_armor "0") (health "16") (armor "0")
L 03/29/2015 - 22:25:56: "[TOP-MS] FANAT CAXAPA<136><STEAM_0:4:1695567109><CT>" attacked "ARTEM GOROD VITEBSK<135><STEAM_0:4:2079300430><TERRORIST>" with "m4a1" (damage "22") (damage_armor "0") (health "-6") (armor "0")
L 03/29/2015 - 22:25:56: "[TOP-MS] FANAT CAXAPA<136><STEAM_0:4:1695567109><CT>" killed "ARTEM GOROD VITEBSK<135><STEAM_0:4:2079300430><TERRORIST>" with "m4a1"
L 03/29/2015 - 22:25:56: Team "CT" triggered "CTs_Win" (CT "3") (T "0")
L 03/29/2015 - 22:25:56: World triggered "Round_End"
L 03/29/2015 - 22:26:01: "ARTEM GOROD VITEBSK<135><STEAM_0:4:2079300430><TERRORIST>" triggered "Spawned_With_The_Bomb"
L 03/29/2015 - 22:26:06: World triggered "Round_Start"
L 03/29/2015 - 22:26:21: "ARTEM GOROD VITEBSK<135><STEAM_0:4:2079300430><TERRORIST>" attacked "[TOP-MS] FANAT CAXAPA<136><STEAM_0:4:1695567109><CT>" with "ak47" (damage "27") (damage_armor "4") (health "73") (armor "96")
L 03/29/2015 - 22:26:21: "ARTEM GOROD VITEBSK<135><STEAM_0:4:2079300430><TERRORIST>" attacked "[TOP-MS] FANAT CAXAPA<136><STEAM_0:4:1695567109><CT>" with "ak47" (damage "108") (damage_armor "16") (health "-35") (armor "80")
L 03/29/2015 - 22:26:21: "ARTEM GOROD VITEBSK<135><STEAM_0:4:2079300430><TERRORIST>" killed "[TOP-MS] FANAT CAXAPA<136><STEAM_0:4:1695567109><CT>" with "ak47"
L 03/29/2015 - 22:26:55: "ARTEM GOROD VITEBSK<135><STEAM_0:4:2079300430><TERRORIST>" attacked "[Virtyal_Pro]_matv[_]ei<139><STEAM_0:4:175676238><CT>" with "ak47" (damage "26") (damage_armor "0") (health "74") (armor "0")
L 03/29/2015 - 22:26:56: "ARTEM GOROD VITEBSK<135><STEAM_0:4:2079300430><TERRORIST>" attacked "[Virtyal_Pro]_matv[_]ei<139><STEAM_0:4:175676238><CT>" with "ak47" (damage "35") (damage_armor "0") (health "39") (armor "0")
L 03/29/2015 - 22:26:56: "ARTEM GOROD VITEBSK<135><STEAM_0:4:2079300430><TERRORIST>" attacked "[Virtyal_Pro]_matv[_]ei<139><STEAM_0:4:175676238><CT>" with "ak47" (damage "140") (damage_armor "0") (health "-101") (armor "0")
L 03/29/2015 - 22:26:56: "ARTEM GOROD VITEBSK<135><STEAM_0:4:2079300430><TERRORIST>" killed "[Virtyal_Pro]_matv[_]ei<139><STEAM_0:4:175676238><CT>" with "ak47"
L 03/29/2015 - 22:26:56: Team "TERRORIST" triggered "Terrorists_Win" (CT "3") (T "1")
L 03/29/2015 - 22:26:56: World triggered "Round_End"
L 03/29/2015 - 22:27:01: "ARTEM GOROD VITEBSK<135><STEAM_0:4:2079300430><TERRORIST>" triggered "Spawned_With_The_Bomb"
L 03/29/2015 - 22:27:06: World triggered "Round_Start"
L 03/29/2015 - 22:27:39: "ARTEM GOROD VITEBSK<135><STEAM_0:4:2079300430><TERRORIST>" attacked "[TOP-MS] FANAT CAXAPA<136><STEAM_0:4:1695567109><CT>" with "ak47" (damage "26") (damage_armor "0") (health "74") (armor "0")
L 03/29/2015 - 22:27:39: "ARTEM GOROD VITEBSK<135><STEAM_0:4:2079300430><TERRORIST>" attacked "[TOP-MS] FANAT CAXAPA<136><STEAM_0:4:1695567109><CT>" with "ak47" (damage "140") (damage_armor "0") (health "-66") (armor "0")
L 03/29/2015 - 22:27:39: "ARTEM GOROD VITEBSK<135><STEAM_0:4:2079300430><TERRORIST>" killed "[TOP-MS] FANAT CAXAPA<136><STEAM_0:4:1695567109><CT>" with "ak47"
L 03/29/2015 - 22:27:45: "ARTEM GOROD VITEBSK<135><STEAM_0:4:2079300430><TERRORIST>" attacked "[Virtyal_Pro]_matv[_]ei<139><STEAM_0:4:175676238><CT>" with "ak47" (damage "26") (damage_armor "0") (health "74") (armor "0")
L 03/29/2015 - 22:27:45: "ARTEM GOROD VITEBSK<135><STEAM_0:4:2079300430><TERRORIST>" attacked "[Virtyal_Pro]_matv[_]ei<139><STEAM_0:4:175676238><CT>" with "ak47" (damage "35") (damage_armor "0") (health "39") (armor "0")
L 03/29/2015 - 22:27:45: "ARTEM GOROD VITEBSK<135><STEAM_0:4:2079300430><TERRORIST>" attacked "[Virtyal_Pro]_matv[_]ei<139><STEAM_0:4:175676238><CT>" with "ak47" (damage "35") (damage_armor "0") (health "4") (armor "0")
L 03/29/2015 - 22:27:45: "ARTEM GOROD VITEBSK<135><STEAM_0:4:2079300430><TERRORIST>" attacked "[Virtyal_Pro]_matv[_]ei<139><STEAM_0:4:175676238><CT>" with "ak47" (damage "140") (damage_armor "0") (health "-136") (armor "0")
L 03/29/2015 - 22:27:45: "ARTEM GOROD VITEBSK<135><STEAM_0:4:2079300430><TERRORIST>" killed "[Virtyal_Pro]_matv[_]ei<139><STEAM_0:4:175676238><CT>" with "ak47"
L 03/29/2015 - 22:27:45: Team "TERRORIST" triggered "Terrorists_Win" (CT "3") (T "2")
L 03/29/2015 - 22:27:45: World triggered "Round_End"
L 03/29/2015 - 22:27:50: "ARTEM GOROD VITEBSK<135><STEAM_0:4:2079300430><TERRORIST>" triggered "Spawned_With_The_Bomb"
L 03/29/2015 - 22:27:55: World triggered "Round_Start"
L 03/29/2015 - 22:28:12: "ARTEM GOROD VITEBSK<135><STEAM_0:4:2079300430><TERRORIST>" attacked "[Virtyal_Pro]_matv[_]ei<139><STEAM_0:4:175676238><CT>" with "ak47" (damage "35") (damage_armor "0") (health "65") (armor "0")
L 03/29/2015 - 22:28:12: "[Virtyal_Pro]_matv[_]ei<139><STEAM_0:4:175676238><CT>" attacked "ARTEM GOROD VITEBSK<135><STEAM_0:4:2079300430><TERRORIST>" with "mp5navy" (damage "24") (damage_armor "0") (health "76") (armor "0")
L 03/29/2015 - 22:28:12: "ARTEM GOROD VITEBSK<135><STEAM_0:4:2079300430><TERRORIST>" attacked "[Virtyal_Pro]_matv[_]ei<139><STEAM_0:4:175676238><CT>" with "ak47" (damage "35") (damage_armor "0") (health "30") (armor "0")
L 03/29/2015 - 22:28:13: "[Virtyal_Pro]_matv[_]ei<139><STEAM_0:4:175676238><CT>" attacked "ARTEM GOROD VITEBSK<135><STEAM_0:4:2079300430><TERRORIST>" with "mp5navy" (damage "96") (damage_armor "0") (health "-20") (armor "0")
L 03/29/2015 - 22:28:13: "[Virtyal_Pro]_matv[_]ei<139><STEAM_0:4:175676238><CT>" killed "ARTEM GOROD VITEBSK<135><STEAM_0:4:2079300430><TERRORIST>" with "mp5navy"
L 03/29/2015 - 22:28:13: Team "CT" triggered "CTs_Win" (CT "4") (T "2")
L 03/29/2015 - 22:28:13: World triggered "Round_End"
L 03/29/2015 - 22:28:18: "ARTEM GOROD VITEBSK<135><STEAM_0:4:2079300430><TERRORIST>" triggered "Spawned_With_The_Bomb"
L 03/29/2015 - 22:28:23: World triggered "Round_Start"
L 03/29/2015 - 22:28:37: "ARTEM GOROD VITEBSK<135><STEAM_0:4:2079300430><TERRORIST>" attacked "[TOP-MS] FANAT CAXAPA<136><STEAM_0:4:1695567109><CT>" with "ak47" (damage "27") (damage_armor "4") (health "73") (armor "96")
L 03/29/2015 - 22:28:37: "ARTEM GOROD VITEBSK<135><STEAM_0:4:2079300430><TERRORIST>" attacked "[TOP-MS] FANAT CAXAPA<136><STEAM_0:4:1695567109><CT>" with "ak47" (damage "27") (damage_armor "4") (health "46") (armor "92")
L 03/29/2015 - 22:28:38: "ARTEM GOROD VITEBSK<135><STEAM_0:4:2079300430><TERRORIST>" attacked "[TOP-MS] FANAT CAXAPA<136><STEAM_0:4:1695567109><CT>" with "ak47" (damage "27") (damage_armor "4") (health "19") (armor "88")
L 03/29/2015 - 22:28:38: "ARTEM GOROD VITEBSK<135><STEAM_0:4:2079300430><TERRORIST>" attacked "[TOP-MS] FANAT CAXAPA<136><STEAM_0:4:1695567109><CT>" with "ak47" (damage "27") (damage_armor "4") (health "-8") (armor "84")
L 03/29/2015 - 22:28:38: "ARTEM GOROD VITEBSK<135><STEAM_0:4:2079300430><TERRORIST>" killed "[TOP-MS] FANAT CAXAPA<136><STEAM_0:4:1695567109><CT>" with "ak47"
L 03/29/2015 - 22:28:50: "[TOP-MS] FANAT CAXAPA<136><STEAM_0:4:1695567109><CT>" triggered "weaponstats" (weapon "grenade") (shots "7") (hits "2") (kills "0") (headshots "0") (tks "0") (damage "124") (deaths "0")
L 03/29/2015 - 22:28:50: "[TOP-MS] FANAT CAXAPA<136><STEAM_0:4:1695567109><CT>" triggered "weaponstats2" (weapon "grenade") (head "0") (chest "0") (stomach "0") (leftarm "0") (rightarm "0") (leftleg "0") (rightleg "0")
L 03/29/2015 - 22:28:50: "[TOP-MS] FANAT CAXAPA<136><STEAM_0:4:1695567109><CT>" triggered "weaponstats" (weapon "usp") (shots "38") (hits "7") (kills "0") (headshots "0") (tks "0") (damage "91") (deaths "2")
L 03/29/2015 - 22:28:50: "[TOP-MS] FANAT CAXAPA<136><STEAM_0:4:1695567109><CT>" triggered "weaponstats2" (weapon "usp") (head "0") (chest "0") (stomach "0") (leftarm "4") (rightarm "0") (leftleg "2") (rightleg "1")
L 03/29/2015 - 22:28:50: "[TOP-MS] FANAT CAXAPA<136><STEAM_0:4:1695567109><CT>" triggered "weaponstats" (weapon "m4a1") (shots "23") (hits "2") (kills "1") (headshots "0") (tks "0") (damage "44") (deaths "1")
L 03/29/2015 - 22:28:50: "[TOP-MS] FANAT CAXAPA<136><STEAM_0:4:1695567109><CT>" triggered "weaponstats2" (weapon "m4a1") (head "0") (chest "0") (stomach "0") (leftarm "0") (rightarm "0") (leftleg "1") (rightleg "1")
L 03/29/2015 - 22:28:50: "[TOP-MS] FANAT CAXAPA<136><STEAM_0:4:1695567109><CT>" triggered "time" (time "5:28")
L 03/29/2015 - 22:28:50: "[TOP-MS] FANAT CAXAPA<136><STEAM_0:4:1695567109><CT>" triggered "latency" (ping "19")
L 03/29/2015 - 22:28:50: "[TOP-MS] FANAT CAXAPA<136><STEAM_0:4:1695567109><CT>" disconnected
L 03/29/2015 - 22:28:57: "ARTEM GOROD VITEBSK<135><STEAM_0:4:2079300430><TERRORIST>" attacked "[Virtyal_Pro]_matv[_]ei<139><STEAM_0:4:175676238><CT>" with "ak47" (damage "128") (damage_armor "0") (health "-28") (armor "0")
L 03/29/2015 - 22:28:57: "ARTEM GOROD VITEBSK<135><STEAM_0:4:2079300430><TERRORIST>" killed "[Virtyal_Pro]_matv[_]ei<139><STEAM_0:4:175676238><CT>" with "ak47"
L 03/29/2015 - 22:28:57: Team "TERRORIST" triggered "Terrorists_Win"