L 03/21/2015 - 12:51:50: Log file started (file "logs/L0321021.log") (game "cstrike") (version "48/1.6.3.7/Stdio/5787")
L 03/21/2015 - 12:51:50: Loading map "aim_headshot"
L 03/21/2015 - 12:51:50: Server cvars start
L 03/21/2015 - 12:51:50: Server cvar "_tutor_bomb_viewable_check_interval" = "0.5"
L 03/21/2015 - 12:51:50: Server cvar "_tutor_debug_level" = "0"
L 03/21/2015 - 12:51:50: Server cvar "_tutor_examine_time" = "0.5"
L 03/21/2015 - 12:51:50: Server cvar "_tutor_hint_interval_time" = "10.0"
L 03/21/2015 - 12:51:50: Server cvar "_tutor_look_angle" = "10"
L 03/21/2015 - 12:51:50: Server cvar "_tutor_look_distance" = "200"
L 03/21/2015 - 12:51:50: Server cvar "_tutor_message_character_display_time_coefficient" = "0.07"
L 03/21/2015 - 12:51:50: Server cvar "_tutor_message_minimum_display_time" = "1"
L 03/21/2015 - 12:51:50: Server cvar "_tutor_message_repeats" = "5"
L 03/21/2015 - 12:51:50: Server cvar "_tutor_view_distance" = "1000"
L 03/21/2015 - 12:51:50: Server cvar "aesp_version" = "1.5b_mini"
L 03/21/2015 - 12:51:50: Server cvar "allow_spectators" = "4"
L 03/21/2015 - 12:51:50: Server cvar "amx_client_languages" = "0"
L 03/21/2015 - 12:51:50: Server cvar "amx_contactinfo" = "ICQ: 691322983"
L 03/21/2015 - 12:51:50: Server cvar "amx_language" = "ru"
L 03/21/2015 - 12:51:50: Server cvar "amx_nextmap" = "aim_headshot"
L 03/21/2015 - 12:51:50: Server cvar "amx_timeleft" = "00:00"
L 03/21/2015 - 12:51:50: Server cvar "amxbans_ssversion" = "Gm 1.6"
L 03/21/2015 - 12:51:50: Server cvar "amxbans_version" = "Gm 1.6"
L 03/21/2015 - 12:51:50: Server cvar "amxmodx_version" = "1.8.1.3746"
L 03/21/2015 - 12:51:50: Server cvar "Colored Translit Cheat" = "Loaded"
L 03/21/2015 - 12:51:50: Server cvar "Colored Translit Config" = "Loaded"
L 03/21/2015 - 12:51:50: Server cvar "Colored Translit Ignores" = "Loaded"
L 03/21/2015 - 12:51:50: Server cvar "Colored Translit Replace" = "Failed"
L 03/21/2015 - 12:51:50: Server cvar "Colored Translit Spam" = "Loaded"
L 03/21/2015 - 12:51:50: Server cvar "Colored Translit Status" = "Loaded"
L 03/21/2015 - 12:51:50: Server cvar "Colored Translit Swear" = "Loaded"
L 03/21/2015 - 12:51:50: Server cvar "Colored Translit Version" = "2.0b Final"
L 03/21/2015 - 12:51:50: Server cvar "coop" = "0"
L 03/21/2015 - 12:51:50: Server cvar "deathmatch" = "1"
L 03/21/2015 - 12:51:50: Server cvar "decalfrequency" = "9"
L 03/21/2015 - 12:51:50: Server cvar "dp_version" = "0.9.391"
L 03/21/2015 - 12:51:50: Server cvar "edgefriction" = "2"
L 03/21/2015 - 12:51:50: Server cvar "hostage_debug" = "0"
L 03/21/2015 - 12:51:50: Server cvar "hostage_stop" = "0"
L 03/21/2015 - 12:51:50: Server cvar "humans_join_team" = "any"
L 03/21/2015 - 12:51:50: Server cvar "jtp10181" = "chute"
L 03/21/2015 - 12:51:50: Server cvar "max_queries_sec" = "3.0"
L 03/21/2015 - 12:51:50: Server cvar "max_queries_sec_global" = "30"
L 03/21/2015 - 12:51:50: Server cvar "max_queries_window" = "60"
L 03/21/2015 - 12:51:50: Server cvar "metamod_version" = "1.19"
L 03/21/2015 - 12:51:50: Server cvar "mp_allowmonsters" = "0"
L 03/21/2015 - 12:51:50: Server cvar "mp_autokick" = "1"
L 03/21/2015 - 12:51:50: Server cvar "mp_autoteambalance" = "1"
L 03/21/2015 - 12:51:50: Server cvar "mp_buytime" = "1.5"
L 03/21/2015 - 12:51:50: Server cvar "mp_c4timer" = "35"
L 03/21/2015 - 12:51:50: Server cvar "mp_chattime" = "1"
L 03/21/2015 - 12:51:50: Server cvar "mp_consistency" = "1"
L 03/21/2015 - 12:51:50: Server cvar "mp_fadetoblack" = "0"
L 03/21/2015 - 12:51:50: Server cvar "mp_flashlight" = "1"
L 03/21/2015 - 12:51:50: Server cvar "mp_footsteps" = "1"
L 03/21/2015 - 12:51:50: Server cvar "mp_forcecamera" = "0"
L 03/21/2015 - 12:51:50: Server cvar "mp_forcechasecam" = "0"
L 03/21/2015 - 12:51:50: Server cvar "mp_fragsleft" = "0"
L 03/21/2015 - 12:51:50: Server cvar "mp_freezetime" = "5"
L 03/21/2015 - 12:51:50: Server cvar "mp_friendlyfire" = "0"
L 03/21/2015 - 12:51:50: Server cvar "mp_ghostfrequency" = "0.1"
L 03/21/2015 - 12:51:50: Server cvar "mp_hostagepenalty" = "0"
L 03/21/2015 - 12:51:50: Server cvar "mp_kickpercent" = "0.66"
L 03/21/2015 - 12:51:50: Server cvar "mp_limitteams" = "5"
L 03/21/2015 - 12:51:50: Server cvar "mp_logdetail" = "3"
L 03/21/2015 - 12:51:50: Server cvar "mp_logfile" = "1"
L 03/21/2015 - 12:51:50: Server cvar "mp_logmessages" = "1"
L 03/21/2015 - 12:51:50: Server cvar "mp_mapvoteratio" = "0.66"
L 03/21/2015 - 12:51:50: Server cvar "mp_maxrounds" = "0"
L 03/21/2015 - 12:51:50: Server cvar "mp_mirrordamage" = "0"
L 03/21/2015 - 12:51:50: Server cvar "mp_playerid" = "0"
L 03/21/2015 - 12:51:50: Server cvar "mp_roundtime" = "2.57"
L 03/21/2015 - 12:51:50: Server cvar "mp_startmoney" = "800"
L 03/21/2015 - 12:51:50: Server cvar "mp_timeleft" = "0"
L 03/21/2015 - 12:51:50: Server cvar "mp_timelimit" = "30.000000"
L 03/21/2015 - 12:51:50: Server cvar "mp_tkpunish" = "1"
L 03/21/2015 - 12:51:50: Server cvar "mp_windifference" = "1"
L 03/21/2015 - 12:51:50: Server cvar "mp_winlimit" = "0"
L 03/21/2015 - 12:51:50: Server cvar "pausable" = "0"
L 03/21/2015 - 12:51:50: Server cvar "sv_accelerate" = "5"
L 03/21/2015 - 12:51:50: Server cvar "sv_aim" = "0"
L 03/21/2015 - 12:51:50: Server cvar "sv_airaccelerate" = "10"
L 03/21/2015 - 12:51:50: Server cvar "sv_airmove" = "1"
L 03/21/2015 - 12:51:50: Server cvar "sv_allowupload" = "1"
L 03/21/2015 - 12:51:50: Server cvar "sv_alltalk" = "0"
L 03/21/2015 - 12:51:50: Server cvar "sv_bounce" = "1"
L 03/21/2015 - 12:51:50: Server cvar "sv_cheats" = "0"
L 03/21/2015 - 12:51:50: Server cvar "sv_clienttrace" = "1"
L 03/21/2015 - 12:51:50: Server cvar "sv_clipmode" = "0"
L 03/21/2015 - 12:51:50: Server cvar "sv_contact" = ""
L 03/21/2015 - 12:51:50: Server cvar "sv_friction" = "4"
L 03/21/2015 - 12:51:50: Server cvar "sv_gravity" = "800"
L 03/21/2015 - 12:51:50: Server cvar "sv_logblocks" = "0"
L 03/21/2015 - 12:51:50: Server cvar "sv_maxrate" = "50000"
L 03/21/2015 - 12:51:50: Server cvar "sv_maxspeed" = "900"
L 03/21/2015 - 12:51:50: Server cvar "sv_minrate" = "100000"
L 03/21/2015 - 12:51:50: Server cvar "sv_password" = ""
L 03/21/2015 - 12:51:50: Server cvar "sv_proxies" = "0"
L 03/21/2015 - 12:51:50: Server cvar "sv_region" = "255"
L 03/21/2015 - 12:51:50: Server cvar "sv_restart" = "0"
L 03/21/2015 - 12:51:50: Server cvar "sv_restartround" = "0"
L 03/21/2015 - 12:51:50: Server cvar "sv_stepsize" = "18"
L 03/21/2015 - 12:51:50: Server cvar "sv_stopspeed" = "75"
L 03/21/2015 - 12:51:50: Server cvar "sv_uploadmax" = "0.5"
L 03/21/2015 - 12:51:50: Server cvar "sv_voiceenable" = "1"
L 03/21/2015 - 12:51:50: Server cvar "sv_wateraccelerate" = "10"
L 03/21/2015 - 12:51:50: Server cvar "sv_waterfriction" = "1"
L 03/21/2015 - 12:51:50: Server cvar "vtc_version" = "80"
L 03/21/2015 - 12:51:50: Server cvars end
L 03/21/2015 - 12:51:50: Server cvar "amx_nextmap" = "de_dust2_2x2"
L 03/21/2015 - 12:51:50: Server cvar "sv_restart" = "1"
L 03/21/2015 - 12:51:51: World triggered "Restart_Round_(1_second)"
L 03/21/2015 - 12:51:51: Team "CT" scored "0" with "0" players
L 03/21/2015 - 12:51:51: Team "TERRORIST" scored "0" with "0" players
L 03/21/2015 - 12:51:51: Server cvar "sv_restart" = "0"
L 03/21/2015 - 12:51:51: Started map "aim_headshot" (CRC "-1615079173")
L 03/21/2015 - 12:51:51: [VTC] Player 1 speex
L 03/21/2015 - 12:51:51: [VTC] Player 5 speex
L 03/21/2015 - 12:51:51: [VTC] Player 4 speex
L 03/21/2015 - 12:51:53: [DPROTO]: Client 4 - Set AuthIdType 3 [dp_RevEmu]; pClient = 0xb39a1ad8
L 03/21/2015 - 12:51:53: "assasin<88><STEAM_0:4:6442885><>" connected, address "178.125.152.169:27005"
L 03/21/2015 - 12:51:53: [VTC] Player 5 speex
L 03/21/2015 - 12:51:55: "assasin<88><STEAM_0:4:6442885><>" entered the game
L 03/21/2015 - 12:51:56: "RoCk<80><STEAM_0:4:1582679675><>" entered the game
L 03/21/2015 - 12:51:56: World triggered "Round_Start"
L 03/21/2015 - 12:52:00: "RoCk<80><STEAM_0:4:1582679675><>" joined team "TERRORIST"
L 03/21/2015 - 12:52:01: "assasin<88><STEAM_0:4:6442885><>" joined team "CT"
L 03/21/2015 - 12:52:02: World triggered "Game_Commencing"
L 03/21/2015 - 12:52:02: World triggered "Game_Commencing" (CT "0") (T "0")
L 03/21/2015 - 12:52:02: World triggered "Round_End"
L 03/21/2015 - 12:52:05: "[Hard_Skill]_Dasha<77><STEAM_0:4:1068366041><>" entered the game
L 03/21/2015 - 12:52:10: World triggered "Round_Start"
L 03/21/2015 - 12:52:11: "[Hard_Skill]_Dasha<77><STEAM_0:4:1068366041><>" joined team "CT"
L 03/21/2015 - 12:52:16: "assasin<88><STEAM_0:4:6442885><CT>" attacked "RoCk<80><STEAM_0:4:1582679675><TERRORIST>" with "m4a1" (damage "9") (damage_armor "0") (health "91") (armor "0")
L 03/21/2015 - 12:52:17: "assasin<88><STEAM_0:4:6442885><CT>" attacked "RoCk<80><STEAM_0:4:1582679675><TERRORIST>" with "m4a1" (damage "28") (damage_armor "0") (health "63") (armor "0")
L 03/21/2015 - 12:52:17: "RoCk<80><STEAM_0:4:1582679675><TERRORIST>" attacked "assasin<88><STEAM_0:4:6442885><CT>" with "awp" (damage "82") (damage_armor "0") (health "18") (armor "0")
L 03/21/2015 - 12:52:19: "RoCk<80><STEAM_0:4:1582679675><TERRORIST>" attacked "[Hard_Skill]_Dasha<77><STEAM_0:4:1068366041><CT>" with "awp" (damage "110") (damage_armor "0") (health "-10") (armor "0")
L 03/21/2015 - 12:52:19: "RoCk<80><STEAM_0:4:1582679675><TERRORIST>" killed "[Hard_Skill]_Dasha<77><STEAM_0:4:1068366041><CT>" with "awp"
L 03/21/2015 - 12:52:22: "assasin<88><STEAM_0:4:6442885><CT>" attacked "RoCk<80><STEAM_0:4:1582679675><TERRORIST>" with "m4a1" (damage "16") (damage_armor "0") (health "47") (armor "0")
L 03/21/2015 - 12:52:22: "assasin<88><STEAM_0:4:6442885><CT>" attacked "RoCk<80><STEAM_0:4:1582679675><TERRORIST>" with "m4a1" (damage "28") (damage_armor "0") (health "19") (armor "0")
L 03/21/2015 - 12:52:24: "assasin<88><STEAM_0:4:6442885><CT>" attacked "RoCk<80><STEAM_0:4:1582679675><TERRORIST>" with "m4a1" (damage "28") (damage_armor "0") (health "-9") (armor "0")
L 03/21/2015 - 12:52:24: "assasin<88><STEAM_0:4:6442885><CT>" killed "RoCk<80><STEAM_0:4:1582679675><TERRORIST>" with "m4a1"
L 03/21/2015 - 12:52:24: Team "CT" triggered "CTs_Win" (CT "1") (T "0")
L 03/21/2015 - 12:52:24: World triggered "Round_End"
L 03/21/2015 - 12:52:34: World triggered "Round_Start"
L 03/21/2015 - 12:52:39: "RoCk<80><STEAM_0:4:1582679675><TERRORIST>" attacked "[Hard_Skill]_Dasha<77><STEAM_0:4:1068366041><CT>" with "m4a1" (damage "21") (damage_armor "0") (health "79") (armor "0")
L 03/21/2015 - 12:52:39: "RoCk<80><STEAM_0:4:1582679675><TERRORIST>" attacked "[Hard_Skill]_Dasha<77><STEAM_0:4:1068366041><CT>" with "m4a1" (damage "21") (damage_armor "0") (health "58") (armor "0")
L 03/21/2015 - 12:52:39: "RoCk<80><STEAM_0:4:1582679675><TERRORIST>" attacked "[Hard_Skill]_Dasha<77><STEAM_0:4:1068366041><CT>" with "m4a1" (damage "21") (damage_armor "0") (health "37") (armor "0")
L 03/21/2015 - 12:52:43: "RoCk<80><STEAM_0:4:1582679675><TERRORIST>" attacked "[Hard_Skill]_Dasha<77><STEAM_0:4:1068366041><CT>" with "m4a1" (damage "21") (damage_armor "0") (health "16") (armor "0")
L 03/21/2015 - 12:52:43: "RoCk<80><STEAM_0:4:1582679675><TERRORIST>" attacked "[Hard_Skill]_Dasha<77><STEAM_0:4:1068366041><CT>" with "m4a1" (damage "28") (damage_armor "0") (health "-12") (armor "0")
L 03/21/2015 - 12:52:43: "RoCk<80><STEAM_0:4:1582679675><TERRORIST>" killed "[Hard_Skill]_Dasha<77><STEAM_0:4:1068366041><CT>" with "m4a1"
L 03/21/2015 - 12:52:47: "RoCk<80><STEAM_0:4:1582679675><TERRORIST>" attacked "assasin<88><STEAM_0:4:6442885><CT>" with "m4a1" (damage "28") (damage_armor "0") (health "72") (armor "0")
L 03/21/2015 - 12:52:47: "RoCk<80><STEAM_0:4:1582679675><TERRORIST>" attacked "assasin<88><STEAM_0:4:6442885><CT>" with "m4a1" (damage "9") (damage_armor "0") (health "63") (armor "0")
L 03/21/2015 - 12:52:48: "assasin<88><STEAM_0:4:6442885><CT>" attacked "RoCk<80><STEAM_0:4:1582679675><TERRORIST>" with "awp" (damage "444") (damage_armor "0") (health "-344") (armor "0")
L 03/21/2015 - 12:52:48: "assasin<88><STEAM_0:4:6442885><CT>" killed "RoCk<80><STEAM_0:4:1582679675><TERRORIST>" with "awp"
L 03/21/2015 - 12:52:48: Team "CT" triggered "CTs_Win" (CT "2") (T "0")
L 03/21/2015 - 12:52:48: World triggered "Round_End"
L 03/21/2015 - 12:52:58: World triggered "Round_Start"
L 03/21/2015 - 12:52:58: "assasin<88><STEAM_0:4:6442885><CT>" attacked "RoCk<80><STEAM_0:4:1582679675><TERRORIST>" with "awp" (damage "110") (damage_armor "0") (health "-10") (armor "0")
L 03/21/2015 - 12:52:58: "assasin<88><STEAM_0:4:6442885><CT>" killed "RoCk<80><STEAM_0:4:1582679675><TERRORIST>" with "awp"
L 03/21/2015 - 12:52:58: Team "CT" triggered "CTs_Win" (CT "3") (T "0")
L 03/21/2015 - 12:52:58: World triggered "Round_End"
L 03/21/2015 - 12:53:08: World triggered "Round_Start"
L 03/21/2015 - 12:53:08: "[Hard_Skill]_Dasha<77><STEAM_0:4:1068366041><CT>" attacked "RoCk<80><STEAM_0:4:1582679675><TERRORIST>" with "m4a1" (damage "28") (damage_armor "0") (health "72") (armor "0")
L 03/21/2015 - 12:53:08: "[Hard_Skill]_Dasha<77><STEAM_0:4:1068366041><CT>" attacked "RoCk<80><STEAM_0:4:1582679675><TERRORIST>" with "m4a1" (damage "21") (damage_armor "0") (health "51") (armor "0")
L 03/21/2015 - 12:53:20: "RoCk<80><STEAM_0:4:1582679675><TERRORIST>" attacked "[Hard_Skill]_Dasha<77><STEAM_0:4:1068366041><CT>" with "m4a1" (damage "40") (damage_armor "0") (health "60") (armor "0")
L 03/21/2015 - 12:53:20: "[Hard_Skill]_Dasha<77><STEAM_0:4:1068366041><CT>" attacked "RoCk<80><STEAM_0:4:1582679675><TERRORIST>" with "m4a1" (damage "32") (damage_armor "0") (health "19") (armor "0")
L 03/21/2015 - 12:53:21: "RoCk<80><STEAM_0:4:1582679675><TERRORIST>" attacked "[Hard_Skill]_Dasha<77><STEAM_0:4:1068366041><CT>" with "m4a1" (damage "32") (damage_armor "0") (health "28") (armor "0")
L 03/21/2015 - 12:53:21: "RoCk<80><STEAM_0:4:1582679675><TERRORIST>" attacked "[Hard_Skill]_Dasha<77><STEAM_0:4:1068366041><CT>" with "m4a1" (damage "32") (damage_armor "0") (health "-4") (armor "0")
L 03/21/2015 - 12:53:21: "RoCk<80><STEAM_0:4:1582679675><TERRORIST>" killed "[Hard_Skill]_Dasha<77><STEAM_0:4:1068366041><CT>" with "m4a1"
L 03/21/2015 - 12:53:25: "RoCk<80><STEAM_0:4:1582679675><TERRORIST>" attacked "assasin<88><STEAM_0:4:6442885><CT>" with "m4a1" (damage "28") (damage_armor "0") (health "72") (armor "0")
L 03/21/2015 - 12:53:32: "RoCk<80><STEAM_0:4:1582679675><TERRORIST>" attacked "assasin<88><STEAM_0:4:6442885><CT>" with "m4a1" (damage "29") (damage_armor "0") (health "43") (armor "0")
L 03/21/2015 - 12:53:32: "RoCk<80><STEAM_0:4:1582679675><TERRORIST>" attacked "assasin<88><STEAM_0:4:6442885><CT>" with "m4a1" (damage "116") (damage_armor "0") (health "-73") (armor "0")
L 03/21/2015 - 12:53:32: "RoCk<80><STEAM_0:4:1582679675><TERRORIST>" killed "assasin<88><STEAM_0:4:6442885><CT>" with "m4a1"
L 03/21/2015 - 12:53:32: Team "TERRORIST" triggered "Terrorists_Win" (CT "3") (T "1")
L 03/21/2015 - 12:53:32: World triggered "Round_End"
L 03/21/2015 - 12:53:42: World triggered "Round_Start"
L 03/21/2015 - 12:53:51: "RoCk<80><STEAM_0:4:1582679675><TERRORIST>" attacked "assasin<88><STEAM_0:4:6442885><CT>" with "awp" (damage "110") (damage_armor "0") (health "-10") (armor "0")
L 03/21/2015 - 12:53:51: "RoCk<80><STEAM_0:4:1582679675><TERRORIST>" killed "assasin<88><STEAM_0:4:6442885><CT>" with "awp"
L 03/21/2015 - 12:53:55: [DPROTO]: Client 1 - Set AuthIdType 1 [dp_SteamEmu]; pClient = 0xb3992dfc
L 03/21/2015 - 12:53:55: "NvSlip<89><STEAM_0:0:164962833><>" connected, address "193.160.231.199:27005"
L 03/21/2015 - 12:53:55: [VTC] Player 2 speex
L 03/21/2015 - 12:54:02: [DPROTO]: Client 1 - Set AuthIdType 1 [dp_SteamEmu]; pClient = 0xb3992dfc
L 03/21/2015 - 12:54:02: "NvSlip<90><STEAM_0:0:164962833><>" connected, address "193.160.231.199:27005"
L 03/21/2015 - 12:54:02: [VTC] Player 2 speex
L 03/21/2015 - 12:54:08: "NvSlip<90><STEAM_0:0:164962833><>" entered the game
L 03/21/2015 - 12:54:13: "NvSlip<90><STEAM_0:0:164962833><>" joined team "TERRORIST"
L 03/21/2015 - 12:54:16: "[Hard_Skill]_Dasha<77><STEAM_0:4:1068366041><CT>" attacked "RoCk<80><STEAM_0:4:1582679675><TERRORIST>" with "knife" (damage "55") (damage_armor "5") (health "45") (armor "95")
L 03/21/2015 - 12:54:17: "RoCk<80><STEAM_0:4:1582679675><TERRORIST>" attacked "[Hard_Skill]_Dasha<77><STEAM_0:4:1068366041><CT>" with "knife" (damage "48") (damage_armor "0") (health "52") (armor "100")
L 03/21/2015 - 12:54:19: "[Hard_Skill]_Dasha<77><STEAM_0:4:1068366041><CT>" attacked "RoCk<80><STEAM_0:4:1582679675><TERRORIST>" with "knife" (damage "55") (damage_armor "5") (health "-10") (armor "90")
L 03/21/2015 - 12:54:19: "[Hard_Skill]_Dasha<77><STEAM_0:4:1068366041><CT>" killed "RoCk<80><STEAM_0:4:1582679675><TERRORIST>" with "knife"
L 03/21/2015 - 12:54:19: Team "CT" triggered "CTs_Win" (CT "4") (T "1")
L 03/21/2015 - 12:54:19: World triggered "Round_End"
L 03/21/2015 - 12:54:21: "RoCk<80><STEAM_0:4:1582679675><TERRORIST>" say ",kz" (dead)
L 03/21/2015 - 12:54:29: World triggered "Round_Start"
L 03/21/2015 - 12:54:32: [DPROTO]: Client 2 - Set AuthIdType 1 [Native]; pClient = 0xb3997cf0
L 03/21/2015 - 12:54:32: "3G*SCoRPiON<91><STEAM_0:1:90203535><>" connected, address "193.160.231.212:27005"
L 03/21/2015 - 12:54:32: [VTC] Player 3 silk
L 03/21/2015 - 12:54:33: "3G*SCoRPiON<91><STEAM_0:1:90203535><>" STEAM USERID validated
L 03/21/2015 - 12:54:34: "NvSlip<90><STEAM_0:0:164962833><TERRORIST>" attacked "assasin<88><STEAM_0:4:6442885><CT>" with "ak47" (damage "32") (damage_armor "0") (health "68") (armor "0")
L 03/21/2015 - 12:54:35: [DPROTO]: Client 2 - Set AuthIdType 1 [Native]; pClient = 0xb3997cf0
L 03/21/2015 - 12:54:35: "3G*SCoRPiON<92><STEAM_0:1:90203535><>" connected, address "193.160.231.212:27005"
L 03/21/2015 - 12:54:35: [VTC] Player 3 silk
L 03/21/2015 - 12:54:36: "3G*SCoRPiON<92><STEAM_0:1:90203535><>" STEAM USERID validated
L 03/21/2015 - 12:54:37: "[Hard_Skill]_Dasha<77><STEAM_0:4:1068366041><CT>" attacked "RoCk<80><STEAM_0:4:1582679675><TERRORIST>" with "ak47" (damage "132") (damage_armor "0") (health "-32") (armor "0")
L 03/21/2015 - 12:54:37: "[Hard_Skill]_Dasha<77><STEAM_0:4:1068366041><CT>" killed "RoCk<80><STEAM_0:4:1582679675><TERRORIST>" with "ak47"
L 03/21/2015 - 12:54:40: "RoCk<80><STEAM_0:4:1582679675><TERRORIST>" say ",kz" (dead)
L 03/21/2015 - 12:54:40: "[Hard_Skill]_Dasha<77><STEAM_0:4:1068366041><CT>" attacked "NvSlip<90><STEAM_0:0:164962833><TERRORIST>" with "ak47" (damage "16") (damage_armor "0") (health "84") (armor "0")
L 03/21/2015 - 12:54:40: "[Hard_Skill]_Dasha<77><STEAM_0:4:1068366041><CT>" attacked "NvSlip<90><STEAM_0:0:164962833><TERRORIST>" with "ak47" (damage "12") (damage_armor "0") (health "72") (armor "0")
L 03/21/2015 - 12:54:42: "3G*SCoRPiON<92><STEAM_0:1:90203535><>" entered the game
L 03/21/2015 - 12:54:42: "assasin<88><STEAM_0:4:6442885><CT>" attacked "NvSlip<90><STEAM_0:0:164962833><TERRORIST>" with "awp" (damage "110") (damage_armor "0") (health "-38") (armor "0")
L 03/21/2015 - 12:54:42: "assasin<88><STEAM_0:4:6442885><CT>" killed "NvSlip<90><STEAM_0:0:164962833><TERRORIST>" with "awp"
L 03/21/2015 - 12:54:42: Team "CT" triggered "CTs_Win" (CT "5") (T "1")
L 03/21/2015 - 12:54:42: World triggered "Round_End"
L 03/21/2015 - 12:54:46: "3G*SCoRPiON<92><STEAM_0:1:90203535><>" joined team "TERRORIST"
L 03/21/2015 - 12:54:52: World triggered "Round_Start"
L 03/21/2015 - 12:55:00: "3G*SCoRPiON<92><STEAM_0:1:90203535><TERRORIST>" attacked "[Hard_Skill]_Dasha<77><STEAM_0:4:1068366041><CT>" with "m4a1" (damage "20") (damage_armor "5") (health "80") (armor "95")
L 03/21/2015 - 12:55:00: "3G*SCoRPiON<92><STEAM_0:1:90203535><TERRORIST>" attacked "[Hard_Skill]_Dasha<77><STEAM_0:4:1068366041><CT>" with "m4a1" (damage "20") (damage_armor "4") (health "60") (armor "91")
L 03/21/2015 - 12:55:00: "[Hard_Skill]_Dasha<77><STEAM_0:4:1068366041><CT>" attacked "RoCk<80><STEAM_0:4:1582679675><TERRORIST>" with "ak47" (damage "33") (damage_armor "0") (health "67") (armor "0")
L 03/21/2015 - 12:55:00: "3G*SCoRPiON<92><STEAM_0:1:90203535><TERRORIST>" attacked "[Hard_Skill]_Dasha<77><STEAM_0:4:1068366041><CT>" with "m4a1" (damage "21") (damage_armor "0") (health "39") (armor "91")
L 03/21/2015 - 12:55:00: "3G*SCoRPiON<92><STEAM_0:1:90203535><TERRORIST>" attacked "[Hard_Skill]_Dasha<77><STEAM_0:4:1068366041><CT>" with "m4a1" (damage "20") (damage_armor "5") (health "19") (armor "86")
L 03/21/2015 - 12:55:00: "3G*SCoRPiON<92><STEAM_0:1:90203535><TERRORIST>" attacked "[Hard_Skill]_Dasha<77><STEAM_0:4:1068366041><CT>" with "m4a1" (damage "116") (damage_armor "0") (health "-97") (armor "86")
L 03/21/2015 - 12:55:00: "3G*SCoRPiON<92><STEAM_0:1:90203535><TERRORIST>" killed "[Hard_Skill]_Dasha<77><STEAM_0:4:1068366041><CT>" with "m4a1"
L 03/21/2015 - 12:55:02: "3G*SCoRPiON<92><STEAM_0:1:90203535><TERRORIST>" attacked "assasin<88><STEAM_0:4:6442885><CT>" with "m4a1" (damage "28") (damage_armor "0") (health "72") (armor "0")
L 03/21/2015 - 12:55:03: "3G*SCoRPiON<92><STEAM_0:1:90203535><TERRORIST>" attacked "assasin<88><STEAM_0:4:6442885><CT>" with "m4a1" (damage "28") (damage_armor "0") (health "44") (armor "0")
L 03/21/2015 - 12:55:03: "3G*SCoRPiON<92><STEAM_0:1:90203535><TERRORIST>" attacked "assasin<88><STEAM_0:4:6442885><CT>" with "m4a1" (damage "35") (damage_armor "0") (health "9") (armor "0")
L 03/21/2015 - 12:55:03: "3G*SCoRPiON<92><STEAM_0:1:90203535><TERRORIST>" attacked "assasin<88><STEAM_0:4:6442885><CT>" with "m4a1" (damage "35") (damage_armor "0") (health "-26") (armor "0")
L 03/21/2015 - 12:55:03: "3G*SCoRPiON<92><STEAM_0:1:90203535><TERRORIST>" killed "assasin<88><STEAM_0:4:6442885><CT>" with "m4a1"
L 03/21/2015 - 12:55:03: Team "TERRORIST" triggered "Terrorists_Win" (CT "5") (T "2")
L 03/21/2015 - 12:55:03: World triggered "Round_End"
L 03/21/2015 - 12:55:08: "3G*SCoRPiON<92><STEAM_0:1:90203535><TERRORIST>" committed suicide with "world"
L 03/21/2015 - 12:55:08: "3G*SCoRPiON<92><STEAM_0:1:90203535><TERRORIST>" joined team "CT"
L 03/21/2015 - 12:55:13: World triggered "Round_Start"
L 03/21/2015 - 12:55:13: "RoCk<80><STEAM_0:4:1582679675><TERRORIST>" attacked "assasin<88><STEAM_0:4:6442885><CT>" with "awp" (damage "440") (damage_armor "0") (health "-340") (armor "0")
L 03/21/2015 - 12:55:13: "RoCk<80><STEAM_0:4:1582679675><TERRORIST>" killed "assasin<88><STEAM_0:4:6442885><CT>" with "awp"
L 03/21/2015 - 12:55:23: "[Hard_Skill]_Dasha<77><STEAM_0:4:1068366041><CT>" attacked "RoCk<80><STEAM_0:4:1582679675><TERRORIST>" with "m4a1" (damage "29") (damage_armor "0") (health "71") (armor "0")
L 03/21/2015 - 12:55:23: "[Hard_Skill]_Dasha<77><STEAM_0:4:1068366041><CT>" attacked "RoCk<80><STEAM_0:4:1582679675><TERRORIST>" with "m4a1" (damage "21") (damage_armor "0") (health "50") (armor "0")
L 03/21/2015 - 12:55:23: "[Hard_Skill]_Dasha<77><STEAM_0:4:1068366041><CT>" attacked "RoCk<80><STEAM_0:4:1582679675><TERRORIST>" with "m4a1" (damage "29") (damage_armor "0") (health "21") (armor "0")
L 03/21/2015 - 12:55:23: "[Hard_Skill]_Dasha<77><STEAM_0:4:1068366041><CT>" attacked "RoCk<80><STEAM_0:4:1582679675><TERRORIST>" with "m4a1" (damage "29") (damage_armor "0") (health "-8") (armor "0")
L 03/21/2015 - 12:55:23: "[Hard_Skill]_Dasha<77><STEAM_0:4:1068366041><CT>" killed "RoCk<80><STEAM_0:4:1582679675><TERRORIST>" with "m4a1"
L 03/21/2015 - 12:55:25: [DPROTO]: Client 5 - Set AuthIdType 3 [dp_RevEmu]; pClient = 0xb39a69cc
L 03/21/2015 - 12:55:25: "[Butcher's] Player<93><STEAM_0:4:577557148><>" connected, address "128.71.133.237:1024"
L 03/21/2015 - 12:55:25: [VTC] Player 6 speex
L 03/21/2015 - 12:55:26: "RoCk<80><STEAM_0:4:1582679675><TERRORIST>" say ",kz" (dead)
L 03/21/2015 - 12:55:29: [DPROTO]: Client 5 - Set AuthIdType 3 [dp_RevEmu]; pClient = 0xb39a69cc
L 03/21/2015 - 12:55:29: "[Butcher's] Player<94><STEAM_0:4:577557148><>" connected, address "128.71.133.237:1024"
L 03/21/2015 - 12:55:29: [VTC] Player 6 speex
L 03/21/2015 - 12:55:35: "[Butcher's] Player<94><STEAM_0:4:577557148><>" entered the game
L 03/21/2015 - 12:55:39: "[Hard_Skill]_Dasha<77><STEAM_0:4:1068366041><CT>" attacked "NvSlip<90><STEAM_0:0:164962833><TERRORIST>" with "m4a1" (damage "31") (damage_armor "0") (health "69") (armor "0")
L 03/21/2015 - 12:55:39: "[Hard_Skill]_Dasha<77><STEAM_0:4:1068366041><CT>" attacked "NvSlip<90><STEAM_0:0:164962833><TERRORIST>" with "m4a1" (damage "31") (damage_armor "0") (health "38") (armor "0")
L 03/21/2015 - 12:55:39: "[Hard_Skill]_Dasha<77><STEAM_0:4:1068366041><CT>" attacked "NvSlip<90><STEAM_0:0:164962833><TERRORIST>" with "m4a1" (damage "31") (damage_armor "0") (health "7") (armor "0")
L 03/21/2015 - 12:55:39: "[Hard_Skill]_Dasha<77><STEAM_0:4:1068366041><CT>" attacked "NvSlip<90><STEAM_0:0:164962833><TERRORIST>" with "m4a1" (damage "31") (damage_armor "0") (health "-24") (armor "0")
L 03/21/2015 - 12:55:39: "[Hard_Skill]_Dasha<77><STEAM_0:4:1068366041><CT>" killed "NvSlip<90><STEAM_0:0:164962833><TERRORIST>" with "m4a1"
L 03/21/2015 - 12:55:39: Team "CT" triggered "CTs_Win" (CT "6") (T "2")
L 03/21/2015 - 12:55:39: World triggered "Round_End"
L 03/21/2015 - 12:55:49: World triggered "Round_Start"
L 03/21/2015 - 12:55:54: "[Hard_Skill]_Dasha<77><STEAM_0:4:1068366041><CT>" attacked "RoCk<80><STEAM_0:4:1582679675><TERRORIST>" with "m4a1" (damage "28") (damage_armor "0") (health "72") (armor "0")
L 03/21/2015 - 12:55:54: "[Hard_Skill]_Dasha<77><STEAM_0:4:1068366041><CT>" attacked "RoCk<80><STEAM_0:4:1582679675><TERRORIST>" with "m4a1" (damage "28") (damage_armor "0") (health "44") (armor "0")
L 03/21/2015 - 12:55:55: "[Hard_Skill]_Dasha<77><STEAM_0:4:1068366041><CT>" attacked "RoCk<80><STEAM_0:4:1582679675><TERRORIST>" with "m4a1" (damage "112") (damage_armor "0") (health "-68") (armor "0")
L 03/21/2015 - 12:55:55: "[Hard_Skill]_Dasha<77><STEAM_0:4:1068366041><CT>" killed "RoCk<80><STEAM_0:4:1582679675><TERRORIST>" with "m4a1"
L 03/21/2015 - 12:55:57: "assasin<88><STEAM_0:4:6442885><CT>" attacked "NvSlip<90><STEAM_0:0:164962833><TERRORIST>" with "awp" (damage "110") (damage_armor "0") (health "-10") (armor "0")
L 03/21/2015 - 12:55:57: "assasin<88><STEAM_0:4:6442885><CT>" killed "NvSlip<90><STEAM_0:0:164962833><TERRORIST>" with "awp"
L 03/21/2015 - 12:55:57: Team "CT" triggered "CTs_Win" (CT "7") (T "2")
L 03/21/2015 - 12:55:57: World triggered "Round_End"
L 03/21/2015 - 12:56:07: World triggered "Round_Start"
L 03/21/2015 - 12:56:11: "assasin<88><STEAM_0:4:6442885><CT>" attacked "NvSlip<90><STEAM_0:0:164962833><TERRORIST>" with "awp" (damage "111") (damage_armor "0") (health "-11") (armor "0")
L 03/21/2015 - 12:56:11: "assasin<88><STEAM_0:4:6442885><CT>" killed "NvSlip<90><STEAM_0:0:164962833><TERRORIST>" with "awp"
L 03/21/2015 - 12:56:15: "[Hard_Skill]_Dasha<77><STEAM_0:4:1068366041><CT>" attacked "RoCk<80><STEAM_0:4:1582679675><TERRORIST>" with "m4a1" (damage "21") (damage_armor "0") (health "79") (armor "0")
L 03/21/2015 - 12:56:15: "[Hard_Skill]_Dasha<77><STEAM_0:4:1068366041><CT>" attacked "RoCk<80><STEAM_0:4:1582679675><TERRORIST>" with "m4a1" (damage "13") (damage_armor "0") (health "66") (armor "0")
L 03/21/2015 - 12:56:15: "[Hard_Skill]_Dasha<77><STEAM_0:4:1068366041><CT>" attacked "RoCk<80><STEAM_0:4:1582679675><TERRORIST>" with "m4a1" (damage "9") (damage_armor "0") (health "57") (armor "0")
L 03/21/2015 - 12:56:15: "[Hard_Skill]_Dasha<77><STEAM_0:4:1068366041><CT>" attacked "RoCk<80><STEAM_0:4:1582679675><TERRORIST>" with "m4a1" (damage "13") (damage_armor "0") (health "44") (armor "0")
L 03/21/2015 - 12:56:16: "[Hard_Skill]_Dasha<77><STEAM_0:4:1068366041><CT>" attacked "RoCk<80><STEAM_0:4:1582679675><TERRORIST>" with "m4a1" (damage "9") (damage_armor "0") (health "35") (armor "0")
L 03/21/2015 - 12:56:20: "RoCk<80><STEAM_0:4:1582679675><TERRORIST>" attacked "[Hard_Skill]_Dasha<77><STEAM_0:4:1068366041><CT>" with "m4a1" (damage "21") (damage_armor "5") (health "79") (armor "95")
L 03/21/2015 - 12:56:20: "[Hard_Skill]_Dasha<77><STEAM_0:4:1068366041><CT>" attacked "RoCk<80><STEAM_0:4:1582679675><TERRORIST>" with "m4a1" (damage "37") (damage_armor "0") (health "-2") (armor "0")
L 03/21/2015 - 12:56:20: "[Hard_Skill]_Dasha<77><STEAM_0:4:1068366041><CT>" killed "RoCk<80><STEAM_0:4:1582679675><TERRORIST>" with "m4a1"
L 03/21/2015 - 12:56:20: Team "CT" triggered "CTs_Win" (CT "8") (T "2")
L 03/21/2015 - 12:56:20: World triggered "Round_End"
L 03/21/2015 - 12:56:30: World triggered "Round_Start"
L 03/21/2015 - 12:56:35: "[Hard_Skill]_Dasha<77><STEAM_0:4:1068366041><CT>" attacked "NvSlip<90><STEAM_0:0:164962833><TERRORIST>" with "m4a1" (damage "16") (damage_armor "0") (health "84") (armor "0")
L 03/21/2015 - 12:56:36: "[Hard_Skill]_Dasha<77><STEAM_0:4:1068366041><CT>" attacked "NvSlip<90><STEAM_0:0:164962833><TERRORIST>" with "m4a1" (damage "28") (damage_armor "0") (health "56") (armor "0")
L 03/21/2015 - 12:56:36: "RoCk<80><STEAM_0:4:1582679675><TERRORIST>" attacked "assasin<88><STEAM_0:4:6442885><CT>" with "ak47" (damage "24") (damage_armor "0") (health "76") (armor "0")
L 03/21/2015 - 12:56:36: "assasin<88><STEAM_0:4:6442885><CT>" attacked "RoCk<80><STEAM_0:4:1582679675><TERRORIST>" with "awp" (damage "110") (damage_armor "0") (health "-10") (armor "0")
L 03/21/2015 - 12:56:36: "assasin<88><STEAM_0:4:6442885><CT>" killed "RoCk<80><STEAM_0:4:1582679675><TERRORIST>" with "awp"
L 03/21/2015 - 12:56:36: "[Butcher's] Player<94><STEAM_0:4:577557148><UNASSIGNED>" triggered "time" (time "1:00")
L 03/21/2015 - 12:56:36: "[Butcher's] Player<94><STEAM_0:4:577557148><UNASSIGNED>" triggered "latency" (ping "84")
L 03/21/2015 - 12:56:36: "[Butcher's] Player<94><STEAM_0:4:577557148><>" disconnected
L 03/21/2015 - 12:56:39: "[Hard_Skill]_Dasha<77><STEAM_0:4:1068366041><CT>" attacked "NvSlip<90><STEAM_0:0:164962833><TERRORIST>" with "m4a1" (damage "13") (damage_armor "0") (health "43") (armor "0")
L 03/21/2015 - 12:56:39: "[Hard_Skill]_Dasha<77><STEAM_0:4:1068366041><CT>" attacked "NvSlip<90><STEAM_0:0:164962833><TERRORIST>" with "m4a1" (damage "28") (damage_armor "0") (health "15") (armor "0")
L 03/21/2015 - 12:56:39: "assasin<88><STEAM_0:4:6442885><CT>" attacked "NvSlip<90><STEAM_0:0:164962833><TERRORIST>" with "awp" (damage "109") (damage_armor "0") (health "-94") (armor "0")
L 03/21/2015 - 12:56:39: "assasin<88><STEAM_0:4:6442885><CT>" killed "NvSlip<90><STEAM_0:0:164962833><TERRORIST>" with "awp"
L 03/21/2015 - 12:56:39: Team "CT" triggered "CTs_Win" (CT "9") (T "2")
L 03/21/2015 - 12:56:39: World triggered "Round_End"
L 03/21/2015 - 12:56:49: World triggered "Round_Start"
L 03/21/2015 - 12:56:53: "NvSlip<90><STEAM_0:0:164962833><TERRORIST>" attacked "assasin<88><STEAM_0:4:6442885><CT>" with "m4a1" (damage "29") (damage_armor "0") (health "71") (armor "0")
L 03/21/2015 - 12:56:53: "assasin<88><STEAM_0:4:6442885><CT>" attacked "NvSlip<90><STEAM_0:0:164962833><TERRORIST>" with "awp" (damage "111") (damage_armor "0") (health "-11") (armor "0")
L 03/21/2015 - 12:56:53: "assasin<88><STEAM_0:4:6442885><CT>" killed "NvSlip<90><STEAM_0:0:164962833><TERRORIST>" with "awp"
L 03/21/2015 - 12:56:55: "RoCk<80><STEAM_0:4:1582679675><TERRORIST>" attacked "assasin<88><STEAM_0:4:6442885><CT>" with "m4a1" (damage "28") (damage_armor "0") (health "43") (armor "0")
L 03/21/2015 - 12:56:56: "RoCk<80><STEAM_0:4:1582679675><TERRORIST>" attacked "assasin<88><STEAM_0:4:6442885><CT>" with "m4a1" (damage "21") (damage_armor "0") (health "22") (armor "0")
L 03/21/2015 - 12:56:56: "NvSlip<90><STEAM_0:0:164962833><TERRORIST>" triggered "weaponstats" (weapon "m4a1") (shots "7") (hits "1") (kills "0") (headshots "0") (tks "0") (damage "29") (deaths "3")
L 03/21/2015 - 12:56:56: "NvSlip<90><STEAM_0:0:164962833><TERRORIST>" triggered "weaponstats2" (weapon "m4a1") (head "0") (chest "0") (stomach "0") (leftarm "1") (rightarm "0") (leftleg "0") (rightleg "0")
L 03/21/2015 - 12:56:56: "NvSlip<90><STEAM_0:0:164962833><TERRORIST>" triggered "weaponstats" (weapon "ak47") (shots "24") (hits "1") (kills "0") (headshots "0") (tks "0") (damage "32") (deaths "2")
L 03/21/2015 - 12:56:56: "NvSlip<90><STEAM_0:0:164962833><TERRORIST>" triggered "weaponstats2" (weapon "ak47") (head "0") (chest "0") (stomach "0") (leftarm "0") (rightarm "1") (leftleg "0") (rightleg "0")
L 03/21/2015 - 12:56:56: "NvSlip<90><STEAM_0:0:164962833><TERRORIST>" triggered "time" (time "2:48")
L 03/21/2015 - 12:56:56: "NvSlip<90><STEAM_0:0:164962833><TERRORIST>" triggered "latency" (ping "72")
L 03/21/2015 - 12:56:56: "NvSlip<90><STEAM_0:0:164962833><TERRORIST>" disconnected
L 03/21/2015 - 12:57:03: "RoCk<80><STEAM_0:4:1582679675><TERRORIST>" attacked "[Hard_Skill]_Dasha<77><STEAM_0:4:1068366041><CT>" with "m4a1" (damage "9") (damage_armor "2") (health "91") (armor "93")
L 03/21/2015 - 12:57:03: "RoCk<80><STEAM_0:4:1582679675><TERRORIST>" attacked "[Hard_Skill]_Dasha<77><STEAM_0:4:1068366041><CT>" with "m4a1" (damage "9") (damage_armor "2") (health "82") (armor "91")
L 03/21/2015 - 12:57:03: "assasin<88><STEAM_0:4:6442885><CT>" attacked "RoCk<80><STEAM_0:4:1582679675><TERRORIST>" with "awp" (damage "112") (damage_armor "0") (health "-12") (armor "0")
L 03/21/2015 - 12:57:03: "assasin<88><STEAM_0:4:6442885><CT>" killed "RoCk<80><STEAM_0:4:1582679675><TERRORIST>" with "awp"
L 03/21/2015 - 12:57:03: Team "CT" triggered "CTs_Win" (CT "10") (T "2")
L 03/21/2015 - 12:57:03: World triggered "Round_End"
L 03/21/2015 - 12:57:09: [DPROTO]: Client 1 - Set AuthIdType 3 [dp_RevEmu]; pClient = 0xb3992dfc
L 03/21/2015 - 12:57:09: "FlaTiK<95><STEAM_0:4:1467612553><>" connected, address "171.25.175.7:52133"
L 03/21/2015 - 12:57:09: [VTC] Player 2 speex
L 03/21/2015 - 12:57:13: World triggered "Round_Start"
L 03/21/2015 - 12:57:14: "FlaTiK<95><STEAM_0:4:1467612553><>" entered the game
L 03/21/2015 - 12:57:22: "[Hard_Skill]_Dasha<77><STEAM_0:4:1068366041><CT>" attacked "RoCk<80><STEAM_0:4:1582679675><TERRORIST>" with "m4a1" (damage "28") (damage_armor "0") (health "72") (armor "0")
L 03/21/2015 - 12:57:23: "[Hard_Skill]_Dasha<77><STEAM_0:4:1068366041><CT>" attacked "RoCk<80><STEAM_0:4:1582679675><TERRORIST>" with "m4a1" (damage "28") (damage_armor "0") (health "44") (armor "0")
L 03/21/2015 - 12:57:23: "[Hard_Skill]_Dasha<77><STEAM_0:4:1068366041><CT>" attacked "RoCk<80><STEAM_0:4:1582679675><TERRORIST>" with "m4a1" (damage "28") (damage_armor "0") (health "16") (armor "0")
L 03/21/2015 - 12:57:24: "[Hard_Skill]_Dasha<77><STEAM_0:4:1068366041><CT>" attacked "RoCk<80><STEAM_0:4:1582679675><TERRORIST>" with "m4a1" (damage "28") (damage_armor "0") (health "-12") (armor "0")
L 03/21/2015 - 12:57:24: "[Hard_Skill]_Dasha<77><STEAM_0:4:1068366041><CT>" killed "RoCk<80><STEAM_0:4:1582679675><TERRORIST>" with "m4a1"
L 03/21/2015 - 12:57:24: Team "CT" triggered "CTs_Win" (CT "11") (T "2")
L 03/21/2015 - 12:57:24: World triggered "Round_End"
L 03/21/2015 - 12:57:29: "3G*SCoRPiON<92><STEAM_0:1:90203535><CT>" joined team "TERRORIST" (auto)
L 03/21/2015 - 12:57:34: World triggered "Round_Start"
L 03/21/2015 - 12:57:34: "[Hard_Skill]_Dasha<77><STEAM_0:4:1068366041><CT>" attacked "RoCk<80><STEAM_0:4:1582679675><TERRORIST>" with "m4a1" (damage "20") (damage_armor "0") (health "80") (armor "0")
L 03/21/2015 - 12:57:34: "[Hard_Skill]_Dasha<77><STEAM_0:4:1068366041><CT>" attacked "RoCk<80><STEAM_0:4:1582679675><TERRORIST>" with "m4a1" (damage "20") (damage_armor "0") (health "60") (armor "0")
L 03/21/2015 - 12:57:37: "[Hard_Skill]_Dasha<77><STEAM_0:4:1068366041><CT>" attacked "3G*SCoRPiON<92><STEAM_0:1:90203535><TERRORIST>" with "m4a1" (damage "21") (damage_armor "0") (health "79") (armor "0")
L 03/21/2015 - 12:57:37: "[Hard_Skill]_Dasha<77><STEAM_0:4:1068366041><CT>" attacked "3G*SCoRPiON<92><STEAM_0:1:90203535><TERRORIST>" with "m4a1" (damage "112") (damage_armor "0") (health "-33") (armor "0")
L 03/21/2015 - 12:57:37: "[Hard_Skill]_Dasha<77><STEAM_0:4:1068366041><CT>" killed "3G*SCoRPiON<92><STEAM_0:1:90203535><TERRORIST>" with "m4a1"
L 03/21/2015 - 12:57:38: "FlaTiK<95><STEAM_0:4:1467612553><>" joined team "TERRORIST"
L 03/21/2015 - 12:57:39: "3G*SCoRPiON<92><STEAM_0:1:90203535><TERRORIST>" triggered "weaponstats" (weapon "glock18") (shots "1") (hits "0") (kills "0") (headshots "0") (tks "0") (damage "0") (deaths "0")
L 03/21/2015 - 12:57:39: "3G*SCoRPiON<92><STEAM_0:1:90203535><TERRORIST>" triggered "weaponstats2" (weapon "glock18") (head "0") (chest "0") (stomach "0") (leftarm "0") (rightarm "0") (leftleg "0") (rightleg "0")
L 03/21/2015 - 12:57:39: "3G*SCoRPiON<92><STEAM_0:1:90203535><TERRORIST>" triggered "weaponstats" (weapon "m4a1") (shots "25") (hits "9") (kills "2") (headshots "1") (tks "0") (damage "323") (deaths "0")
L 03/21/2015 - 12:57:39: "3G*SCoRPiON<92><STEAM_0:1:90203535><TERRORIST>" triggered "weaponstats2" (weapon "m4a1") (head "1") (chest "0") (stomach "2") (leftarm "5") (rightarm "0") (leftleg "0") (rightleg "1")
L 03/21/2015 - 12:57:39: "3G*SCoRPiON<92><STEAM_0:1:90203535><TERRORIST>" triggered "time" (time "2:57")
L 03/21/2015 - 12:57:39: "3G*SCoRPiON<92><STEAM_0:1:90203535><TERRORIST>" triggered "latency" (ping "47")
L 03/21/2015 - 12:57:39: "3G*SCoRPiON<92><STEAM_0:1:90203535><TERRORIST>" disconnected
L 03/21/2015 - 12:57:42: "assasin<88><STEAM_0:4:6442885><CT>" attacked "RoCk<80><STEAM_0:4:1582679675><TERRORIST>" with "awp" (damage "109") (damage_armor "0") (health "-49") (armor "0")
L 03/21/2015 - 12:57:42: "assasin<88><STEAM_0:4:6442885><CT>" killed "RoCk<80><STEAM_0:4:1582679675><TERRORIST>" with "awp"
L 03/21/2015 - 12:57:44: "FlaTiK<95><STEAM_0:4:1467612553><TERRORIST>" attacked "assasin<88><STEAM_0:4:6442885><CT>" with "m4a1" (damage "35") (damage_armor "0") (health "65") (armor "0")
L 03/21/2015 - 12:57:44: "FlaTiK<95><STEAM_0:4:1467612553><TERRORIST>" attacked "[Hard_Skill]_Dasha<77><STEAM_0:4:1068366041><CT>" with "m4a1" (damage "17") (damage_armor "4") (health "83") (armor "87")
L 03/21/2015 - 12:57:44: "FlaTiK<95><STEAM_0:4:1467612553><TERRORIST>" attacked "assasin<88><STEAM_0:4:6442885><CT>" with "m4a1" (damage "21") (damage_armor "0") (health "44") (armor "0")
L 03/21/2015 - 12:57:45: "FlaTiK<95><STEAM_0:4:1467612553><TERRORIST>" attacked "assasin<88><STEAM_0:4:6442885><CT>" with "m4a1" (damage "21") (damage_armor "0") (health "23") (armor "0")
L 03/21/2015 - 12:57:45: "FlaTiK<95><STEAM_0:4:1467612553><TERRORIST>" attacked "assasin<88><STEAM_0:4:6442885><CT>" with "m4a1" (damage "112") (damage_armor "0") (health "-89") (armor "0")
L 03/21/2015 - 12:57:45: "FlaTiK<95><STEAM_0:4:1467612553><TERRORIST>" killed "assasin<88><STEAM_0:4:6442885><CT>" with "m4a1"
L 03/21/2015 - 12:57:45: "[Hard_Skill]_Dasha<77><STEAM_0:4:1068366041><CT>" attacked "FlaTiK<95><STEAM_0:4:1467612553><TERRORIST>" with "m4a1" (damage "35") (damage_armor "0") (health "65") (armor "0")
L 03/21/2015 - 12:58:03: "[Hard_Skill]_Dasha<77><STEAM_0:4:1068366041><CT>" attacked "FlaTiK<95><STEAM_0:4:1467612553><TERRORIST>" with "m4a1" (damage "27") (damage_armor "6") (health "38") (armor "94")
L 03/21/2015 - 12:58:03: "[Hard_Skill]_Dasha<77><STEAM_0:4:1068366041><CT>" attacked "FlaTiK<95><STEAM_0:4:1467612553><TERRORIST>" with "m4a1" (damage "27") (damage_armor "6") (health "11") (armor "88")
L 03/21/2015 - 12:58:03: "[Hard_Skill]_Dasha<77><STEAM_0:4:1068366041><CT>" attacked "FlaTiK<95><STEAM_0:4:1467612553><TERRORIST>" with "m4a1" (damage "21") (damage_armor "5") (health "-10") (armor "83")
L 03/21/2015 - 12:58:03: "[Hard_Skill]_Dasha<77><STEAM_0:4:1068366041><CT>" killed "FlaTiK<95><STEAM_0:4:1467612553><TERRORIST>" with "m4a1"
L 03/21/2015 - 12:58:03: Team "CT" triggered "CTs_Win" (CT "12") (T "2")
L 03/21/2015 - 12:58:03: World triggered "Round_End"
L 03/21/2015 - 12:58:13: World triggered "Round_Start"
L 03/21/2015 - 12:58:13: "RoCk<80><STEAM_0:4:1582679675><TERRORIST>" attacked "assasin<88><STEAM_0:4:6442885><CT>" with "glock18" (damage "5") (damage_armor "0") (health "95") (armor "0")
L 03/21/2015 - 12:58:14: "RoCk<80><STEAM_0:4:1582679675><TERRORIST>" attacked "assasin<88><STEAM_0:4:6442885><CT>" with "glock18" (damage "5") (damage_armor "0") (health "90") (armor "0")
L 03/21/2015 - 12:58:14: "RoCk<80><STEAM_0:4:1582679675><TERRORIST>" attacked "assasin<88><STEAM_0:4:6442885><CT>" with "glock18" (damage "7") (damage_armor "0") (health "83") (armor "0")
L 03/21/2015 - 12:58:17: "FlaTiK<95><STEAM_0:4:1467612553><TERRORIST>" attacked "assasin<88><STEAM_0:4:6442885><CT>" with "m4a1" (damage "28") (damage_armor "0") (health "55") (armor "0")
L 03/21/2015 - 12:58:17: "FlaTiK<95><STEAM_0:4:1467612553><TERRORIST>" attacked "assasin<88><STEAM_0:4:6442885><CT>" with "m4a1" (damage "13") (damage_armor "0") (health "42") (armor "0")
L 03/21/2015 - 12:58:18: "FlaTiK<95><STEAM_0:4:1467612553><TERRORIST>" attacked "assasin<88><STEAM_0:4:6442885><CT>" with "m4a1" (damage "28") (damage_armor "0") (health "14") (armor "0")
L 03/21/2015 - 12:58:18: "FlaTiK<95><STEAM_0:4:1467612553><TERRORIST>" attacked "assasin<88><STEAM_0:4:6442885><CT>" with "m4a1" (damage "16") (damage_armor "0") (health "-2") (armor "0")
L 03/21/2015 - 12:58:18: "FlaTiK<95><STEAM_0:4:1467612553><TERRORIST>" killed "assasin<88><STEAM_0:4:6442885><CT>" with "m4a1"
L 03/21/2015 - 12:58:20: "RoCk<80><STEAM_0:4:1582679675><TERRORIST>" attacked "[Hard_Skill]_Dasha<77><STEAM_0:4:1068366041><CT>" with "m4a1" (damage "9") (damage_armor "2") (health "91") (armor "85")
L 03/21/2015 - 12:58:24: "[Hard_Skill]_Dasha<77><STEAM_0:4:1068366041><CT>" attacked "RoCk<80><STEAM_0:4:1582679675><TERRORIST>" with "m4a1" (damage "37") (damage_armor "0") (health "63") (armor "0")
L 03/21/2015 - 12:58:24: "[Hard_Skill]_Dasha<77><STEAM_0:4:1068366041><CT>" attacked "RoCk<80><STEAM_0:4:1582679675><TERRORIST>" with "m4a1" (damage "30") (damage_armor "0") (health "33") (armor "0")
L 03/21/2015 - 12:58:24: "[Hard_Skill]_Dasha<77><STEAM_0:4:1068366041><CT>" attacked "RoCk<80><STEAM_0:4:1582679675><TERRORIST>" with "m4a1" (damage "22") (damage_armor "0") (health "11") (armor "0")
L 03/21/2015 - 12:58:24: "RoCk<80><STEAM_0:4:1582679675><TERRORIST>" attacked "[Hard_Skill]_Dasha<77><STEAM_0:4:1068366041><CT>" with "m4a1" (damage "10") (damage_armor "0") (health "81") (armor "85")
L 03/21/2015 - 12:58:24: "RoCk<80><STEAM_0:4:1582679675><TERRORIST>" attacked "[Hard_Skill]_Dasha<77><STEAM_0:4:1068366041><CT>" with "m4a1" (damage "56") (damage_armor "0") (health "25") (armor "85")
L 03/21/2015 - 12:58:24: "[Hard_Skill]_Dasha<77><STEAM_0:4:1068366041><CT>" attacked "RoCk<80><STEAM_0:4:1582679675><TERRORIST>" with "m4a1" (damage "22") (damage_armor "0") (health "-11") (armor "0")
L 03/21/2015 - 12:58:24: "[Hard_Skill]_Dasha<77><STEAM_0:4:1068366041><CT>" killed "RoCk<80><STEAM_0:4:1582679675><TERRORIST>" with "m4a1"
L 03/21/2015 - 12:58:28: "FlaTiK<95><STEAM_0:4:1467612553><TERRORIST>" attacked "[Hard_Skill]_Dasha<77><STEAM_0:4:1068366041><CT>" with "m4a1" (damage "21") (damage_armor "4") (health "4") (armor "81")
L 03/21/2015 - 12:58:29: "FlaTiK<95><STEAM_0:4:1467612553><TERRORIST>" attacked "[Hard_Skill]_Dasha<77><STEAM_0:4:1068366041><CT>" with "m4a1" (damage "27") (damage_armor "6") (health "-23") (armor "75")
L 03/21/2015 - 12:58:29: "FlaTiK<95><STEAM_0:4:1467612553><TERRORIST>" killed "[Hard_Skill]_Dasha<77><STEAM_0:4:1068366041><CT>" with "m4a1"
L 03/21/2015 - 12:58:29: Team "TERRORIST" triggered "Terrorists_Win" (CT "12") (T "3")
L 03/21/2015 - 12:58:29: World triggered "Round_End"
L 03/21/2015 - 12:58:39: World triggered "Round_Start"
L 03/21/2015 - 12:58:46: "[Hard_Skill]_Dasha<77><STEAM_0:4:1068366041><CT>" attacked "FlaTiK<95><STEAM_0:4:1467612553><TERRORIST>" with "m4a1" (damage "21") (damage_armor "5") (health "79") (armor "95")
L 03/21/2015 - 12:58:46: "[Hard_Skill]_Dasha<77><STEAM_0:4:1068366041><CT>" attacked "FlaTiK<95><STEAM_0:4:1467612553><TERRORIST>" with "m4a1" (damage "21") (damage_armor "4") (health "58") (armor "91")
L 03/21/2015 - 12:58:46: "[Hard_Skill]_Dasha<77><STEAM_0:4:1068366041><CT>" attacked "FlaTiK<95><STEAM_0:4:1467612553><TERRORIST>" with "m4a1" (damage "26") (damage_armor "6") (health "32") (armor "85")
L 03/21/2015 - 12:58:46: "RoCk<80><STEAM_0:4:1582679675><TERRORIST>" attacked "[Hard_Skill]_Dasha<77><STEAM_0:4:1068366041><CT>" with "awp" (damage "440") (damage_armor "0") (health "-340") (armor "0")
L 03/21/2015 - 12:58:46: "RoCk<80><STEAM_0:4:1582679675><TERRORIST>" killed "[Hard_Skill]_Dasha<77><STEAM_0:4:1068366041><CT>" with "awp"
L 03/21/2015 - 12:58:50: "FlaTiK<95><STEAM_0:4:1467612553><TERRORIST>" attacked "assasin<88><STEAM_0:4:6442885><CT>" with "m4a1" (damage "120") (damage_armor "0") (health "-20") (armor "0")
L 03/21/2015 - 12:58:50: "FlaTiK<95><STEAM_0:4:1467612553><TERRORIST>" killed "assasin<88><STEAM_0:4:6442885><CT>" with "m4a1"
L 03/21/2015 - 12:58:50: Team "TERRORIST" triggered "Terrorists_Win" (CT "12") (T "4")
L 03/21/2015 - 12:58:50: World triggered "Round_End"
L 03/21/2015 - 12:58:53: "RoCk<80><STEAM_0:4:1582679675><TERRORIST>" triggered "weaponstats" (weapon "glock18") (shots "21") (hits "3") (kills "0") (headshots "0") (tks "0") (damage "17") (deaths "1")
L 03/21/2015 - 12:58:53: "RoCk<80><STEAM_0:4:1582679675><TERRORIST>" triggered "weaponstats2" (weapon "glock18") (head "0") (chest "0") (stomach "0") (leftarm "0") (rightarm "1") (leftleg "1") (rightleg "1")
L 03/21/2015 - 12:58:53: "RoCk<80><STEAM_0:4:1582679675><TERRORIST>" triggered "weaponstats" (weapon "awp") (shots "16") (hits "5") (kills "4") (headshots "2") (tks "0") (damage "1182") (deaths "6")
L 03/21/2015 - 12:58:53: "RoCk<80><STEAM_0:4:1582679675><TERRORIST>" triggered "weaponstats2" (weapon "awp") (head "2") (chest "0") (stomach "0") (leftarm "2") (rightarm "0") (leftleg "0") (rightleg "1")
L 03/21/2015 - 12:58:53: "RoCk<80><STEAM_0:4:1582679675><TERRORIST>" triggered "weaponstats" (weapon "m4a1") (shots "74") (hits "21") (kills "3") (headshots "1") (tks "0") (damage "589") (deaths "4")
L 03/21/2015 - 12:58:53: "RoCk<80><STEAM_0:4:1582679675><TERRORIST>" triggered "weaponstats2" (weapon "m4a1") (head "2") (chest "2") (stomach "1") (leftarm "6") (rightarm "3") (leftleg "3") (rightleg "4")
L 03/21/2015 - 12:58:53: "RoCk<80><STEAM_0:4:1582679675><TERRORIST>" triggered "weaponstats" (weapon "ak47") (shots "4") (hits "1") (kills "0") (headshots "0") (tks "0") (damage "24") (deaths "1")
L 03/21/2015 - 12:58:53: "RoCk<80><STEAM_0:4:1582679675><TERRORIST>" triggered "weaponstats2" (weapon "ak47") (head "0") (chest "0") (stomach "0") (leftarm "0") (rightarm "0") (leftleg "0") (rightleg "1")
L 03/21/2015 - 12:58:53: "RoCk<80><STEAM_0:4:1582679675><TERRORIST>" triggered "weaponstats" (weapon "knife") (shots "9") (hits "1") (kills "0") (headshots "0") (tks "0") (damage "48") (deaths "1")
L 03/21/2015 - 12:58:53: "RoCk<80><STEAM_0:4:1582679675><TERRORIST>" triggered "weaponstats2" (weapon "knife") (head "0") (chest "0") (stomach "0") (leftarm "1") (rightarm "0") (leftleg "0") (rightleg "0")
L 03/21/2015 - 12:58:53: "RoCk<80><STEAM_0:4:1582679675><TERRORIST>" triggered "time" (time "6:57")
L 03/21/2015 - 12:58:53: "RoCk<80><STEAM_0:4:1582679675><TERRORIST>" triggered "latency" (ping "66")
L 03/21/2015 - 12:58:53: "RoCk<80><STEAM_0:4:1582679675><TERRORIST>" disconnected
L 03/21/2015 - 12:59:00: World triggered "Round_Start"
L 03/21/2015 - 12:59:01: [DPROTO]: Client 3 - Set AuthIdType 3 [dp_RevEmu]; pClient = 0xb399cbe4
L 03/21/2015 - 12:59:01: "RoCk<96><STEAM_0:4:1582679675><>" connected, address "78.110.247.21:1364"
L 03/21/2015 - 12:59:02: [VTC] Player 4 speex
L 03/21/2015 - 12:59:03: "FlaTiK<95><STEAM_0:4:1467612553><TERRORIST>" attacked "[Hard_Skill]_Dasha<77><STEAM_0:4:1068366041><CT>" with "m4a1" (damage "29") (damage_armor "0") (health "71") (armor "0")
L 03/21/2015 - 12:59:04: "FlaTiK<95><STEAM_0:4:1467612553><TERRORIST>" attacked "[Hard_Skill]_Dasha<77><STEAM_0:4:1068366041><CT>" with "m4a1" (damage "13") (damage_armor "0") (health "58") (armor "0")
L 03/21/2015 - 12:59:06: "RoCk<96><STEAM_0:4:1582679675><>" entered the game
L 03/21/2015 - 12:59:07: "RoCk<96><STEAM_0:4:1582679675><>" joined team "CT"
L 03/21/2015 - 12:59:13: "FlaTiK<95><STEAM_0:4:1467612553><TERRORIST>" attacked "[Hard_Skill]_Dasha<77><STEAM_0:4:1068366041><CT>" with "m4a1" (damage "31") (damage_armor "0") (health "27") (armor "0")
L 03/21/2015 - 12:59:13: "[Hard_Skill]_Dasha<77><STEAM_0:4:1068366041><CT>" attacked "FlaTiK<95><STEAM_0:4:1467612553><TERRORIST>" with "m4a1" (damage "21") (damage_armor "5") (health "79") (armor "80")
L 03/21/2015 - 12:59:13: "FlaTiK<95><STEAM_0:4:1467612553><TERRORIST>" attacked "[Hard_Skill]_Dasha<77><STEAM_0:4:1068366041><CT>" with "m4a1" (damage "124") (damage_armor "0") (health "-97") (armor "0")
L 03/21/2015 - 12:59:13: "FlaTiK<95><STEAM_0:4:1467612553><TERRORIST>" killed "[Hard_Skill]_Dasha<77><STEAM_0:4:1068366041><CT>" with "m4a1"
L 03/21/2015 - 12:59:13: "RoCk<96><STEAM_0:4:1582679675><CT>" attacked "FlaTiK<95><STEAM_0:4:1467612553><TERRORIST>" with "m4a1" (damage "26") (damage_armor "5") (health "53") (armor "75")
L 03/21/2015 - 12:59:13: "RoCk<96><STEAM_0:4:1582679675><CT>" attacked "FlaTiK<95><STEAM_0:4:1467612553><TERRORIST>" with "m4a1" (damage "21") (damage_armor "5") (health "32") (armor "70")
L 03/21/2015 - 12:59:14: "RoCk<96><STEAM_0:4:1582679675><CT>" attacked "FlaTiK<95><STEAM_0:4:1467612553><TERRORIST>" with "m4a1" (damage "21") (damage_armor "4") (health "11") (armor "66")
L 03/21/2015 - 12:59:14: "RoCk<96><STEAM_0:4:1582679675><CT>" attacked "FlaTiK<95><STEAM_0:4:1467612553><TERRORIST>" with "m4a1" (damage "26") (damage_armor "6") (health "-15") (armor "60")
L 03/21/2015 - 12:59:14: "RoCk<96><STEAM_0:4:1582679675><CT>" killed "FlaTiK<95><STEAM_0:4:1467612553><TERRORIST>" with "m4a1"
L 03/21/2015 - 12:59:14: Team "CT" triggered "CTs_Win" (CT "13") (T "4")
L 03/21/2015 - 12:59:14: World triggered "Round_End"
L 03/21/2015 - 12:59:24: World triggered "Round_Start"
L 03/21/2015 - 12:59:24: "FlaTiK<95><STEAM_0:4:1467612553><TERRORIST>" attacked "RoCk<96><STEAM_0:4:1582679675><CT>" with "glock18" (damage "5") (damage_armor "0") (health "95") (armor "100")
L 03/21/2015 - 12:59:24: "RoCk<96><STEAM_0:4:1582679675><CT>" attacked "FlaTiK<95><STEAM_0:4:1467612553><TERRORIST>" with "mp5navy" (damage "12") (damage_armor "0") (health "88") (armor "0")
L 03/21/2015 - 12:59:24: "RoCk<96><STEAM_0:4:1582679675><CT>" attacked "FlaTiK<95><STEAM_0:4:1467612553><TERRORIST>" with "mp5navy" (damage "9") (damage_armor "0") (health "79") (armor "0")
L 03/21/2015 - 12:59:35: "RoCk<96><STEAM_0:4:1582679675><CT>" attacked "FlaTiK<95><STEAM_0:4:1467612553><TERRORIST>" with "awp" (damage "54") (damage_armor "0") (health "25") (armor "0")
L 03/21/2015 - 12:59:35: "FlaTiK<95><STEAM_0:4:1467612553><TERRORIST>" attacked "RoCk<96><STEAM_0:4:1582679675><CT>" with "m4a1" (damage "19") (damage_armor "5") (health "76") (armor "95")
L 03/21/2015 - 12:59:36: "FlaTiK<95><STEAM_0:4:1467612553><TERRORIST>" attacked "RoCk<96><STEAM_0:4:1582679675><CT>" with "m4a1" (damage "9") (damage_armor "2") (health "67") (armor "93")
L 03/21/2015 - 12:59:44: "FlaTiK<95><STEAM_0:4:1467612553><TERRORIST>" attacked "[Hard_Skill]_Dasha<77><STEAM_0:4:1068366041><CT>" with "m4a1" (damage "30") (damage_armor "0") (health "70") (armor "0")
L 03/21/2015 - 12:59:44: "FlaTiK<95><STEAM_0:4:1467612553><TERRORIST>" attacked "[Hard_Skill]_Dasha<77><STEAM_0:4:1068366041><CT>" with "m4a1" (damage "120") (damage_armor "0") (health "-50") (armor "0")
L 03/21/2015 - 12:59:44: "FlaTiK<95><STEAM_0:4:1467612553><TERRORIST>" killed "[Hard_Skill]_Dasha<77><STEAM_0:4:1068366041><CT>" with "m4a1"
L 03/21/2015 - 12:59:49: "RoCk<96><STEAM_0:4:1582679675><CT>" attacked "FlaTiK<95><STEAM_0:4:1467612553><TERRORIST>" with "awp" (damage "110") (damage_armor "0") (health "-85") (armor "0")
L 03/21/2015 - 12:59:49: "RoCk<96><STEAM_0:4:1582679675><CT>" killed "FlaTiK<95><STEAM_0:4:1467612553><TERRORIST>" with "awp"
L 03/21/2015 - 12:59:49: Team "CT" triggered "CTs_Win" (CT "14") (T "4")
L 03/21/2015 - 12:59:49: World triggered "Round_End"
L 03/21/2015 - 12:59:54: "RoCk<96><STEAM_0:4:1582679675><CT>" joined team "TERRORIST" (auto)
L 03/21/2015 - 12:59:59: World triggered "Round_Start"
L 03/21/2015 - 13:00:01: "assasin<88><STEAM_0:4:6442885><CT>" triggered "weaponstats" (weapon "awp") (shots "20") (hits "10") (kills "10") (headshots "1") (tks "0") (damage "1436") (deaths "3")
L 03/21/2015 - 13:00:01: "assasin<88><STEAM_0:4:6442885><CT>" triggered "weaponstats2" (weapon "awp") (head "1") (chest "1") (stomach "0") (leftarm "8") (rightarm "0") (leftleg "0") (rightleg "0")
L 03/21/2015 - 13:00:01: "assasin<88><STEAM_0:4:6442885><CT>" triggered "weaponstats" (weapon "m4a1") (shots "33") (hits "5") (kills "1") (headshots "0") (tks "0") (damage "109") (deaths "1")
L 03/21/2015 - 13:00:01: "assasin<88><STEAM_0:4:6442885><CT>" triggered "weaponstats2" (weapon "m4a1") (head "0") (chest "0") (stomach "1") (leftarm "3") (rightarm "0") (leftleg "0") (rightleg "1")
L 03/21/2015 - 13:00:01: "assasin<88><STEAM_0:4:6442885><CT>" triggered "time" (time "8:06")
L 03/21/2015 - 13:00:01: "assasin<88><STEAM_0:4:6442885><CT>" triggered "latency" (ping "17")
L 03/21/2015 - 13:00:01: "assasin<88><STEAM_0:4:6442885><CT>" disconnected
L 03/21/2015 - 13:00:12: "[Hard_Skill]_Dasha<77><STEAM_0:4:1068366041><CT>" attacked "FlaTiK<95><STEAM_0:4:1467612553><TERRORIST>" with "m4a1" (damage "36") (damage_armor "0") (health "64") (armor "0")
L 03/21/2015 - 13:00:12: "[Hard_Skill]_Dasha<77><STEAM_0:4:1068366041><CT>" attacked "FlaTiK<95><STEAM_0:4:1467612553><TERRORIST>" with "m4a1" (damage "36") (damage_armor "0") (health "28") (armor "0")
L 03/21/2015 - 13:00:12: "[Hard_Skill]_Dasha<77><STEAM_0:4:1068366041><CT>" attacked "FlaTiK<95><STEAM_0:4:1467612553><TERRORIST>" with "m4a1" (damage "36") (damage_armor "0") (health "-8") (armor "0")
L 03/21/2015 - 13:00:12: "[Hard_Skill]_Dasha<77><STEAM_0:4:1068366041><CT>" killed "FlaTiK<95><STEAM_0:4:1467612553><TERRORIST>" with "m4a1"
L 03/21/2015 - 13:00:13: "RoCk<96><STEAM_0:4:1582679675><TERRORIST>" attacked "[Hard_Skill]_Dasha<77><STEAM_0:4:1068366041><CT>" with "usp" (damage "22") (damage_armor "0") (health "78") (armor "0")
L 03/21/2015 - 13:00:13: "RoCk<96><STEAM_0:4:1582679675><TERRORIST>" attacked "[Hard_Skill]_Dasha<77><STEAM_0:4:1068366041><CT>" with "usp" (damage "22") (damage_armor "0") (health "56") (armor "0")
L 03/21/2015 - 13:00:14: "RoCk<96><STEAM_0:4:1582679675><TERRORIST>" attacked "[Hard_Skill]_Dasha<77><STEAM_0:4:1068366041><CT>" with "usp" (damage "22") (damage_armor "0") (health "34") (armor "0")
L 03/21/2015 - 13:00:14: "RoCk<96><STEAM_0:4:1582679675><TERRORIST>" attacked "[Hard_Skill]_Dasha<77><STEAM_0:4:1068366041><CT>" with "usp" (damage "22") (damage_armor "0") (health "12") (armor "0")
L 03/21/2015 - 13:00:14: "RoCk<96><STEAM_0:4:1582679675><TERRORIST>" attacked "[Hard_Skill]_Dasha<77><STEAM_0:4:1068366041><CT>" with "usp" (damage "27") (damage_armor "0") (health "-15") (armor "0")
L 03/21/2015 - 13:00:14: "RoCk<96><STEAM_0:4:1582679675><TERRORIST>" killed "[Hard_Skill]_Dasha<77><STEAM_0:4:1068366041><CT>" with "usp"
L 03/21/2015 - 13:00:14: Team "TERRORIST" triggered "Terrorists_Win" (CT "14") (T "5")
L 03/21/2015 - 13:00:14: World triggered "Round_End"
L 03/21/2015 - 13:00:24: World triggered "Round_Start"
L 03/21/2015 - 13:00:27: "[Hard_Skill]_Dasha<77><STEAM_0:4:1068366041><CT>" attacked "RoCk<96><STEAM_0:4:1582679675><TERRORIST>" with "ak47" (damage "24") (damage_armor "0") (health "76") (armor "93")
L 03/21/2015 - 13:00:27: "[Hard_Skill]_Dasha<77><STEAM_0:4:1068366041><CT>" attacked "RoCk<96><STEAM_0:4:1582679675><TERRORIST>" with "ak47" (damage "24") (damage_armor "0") (health "52") (armor "93")
L 03/21/2015 - 13:00:28: "[Hard_Skill]_Dasha<77><STEAM_0:4:1068366041><CT>" attacked "RoCk<96><STEAM_0:4:1582679675><TERRORIST>" with "ak47" (damage "25") (damage_armor "3") (health "27") (armor "90")
L 03/21/2015 - 13:00:28: "[Hard_Skill]_Dasha<77><STEAM_0:4:1068366041><CT>" attacked "RoCk<96><STEAM_0:4:1582679675><TERRORIST>" with "ak47" (damage "24") (damage_armor "0") (health "3") (armor "90")
L 03/21/2015 - 13:00:28: "[Hard_Skill]_Dasha<77><STEAM_0:4:1068366041><CT>" attacked "RoCk<96><STEAM_0:4:1582679675><TERRORIST>" with "ak47" (damage "24") (damage_armor "0") (health "-21") (armor "90")
L 03/21/2015 - 13:00:28: "[Hard_Skill]_Dasha<77><STEAM_0:4:1068366041><CT>" killed "RoCk<96><STEAM_0:4:1582679675><TERRORIST>" with "ak47"
L 03/21/2015 - 13:00:45: "FlaTiK<95><STEAM_0:4:1467612553><TERRORIST>" attacked "[Hard_Skill]_Dasha<77><STEAM_0:4:1068366041><CT>" with "m4a1" (damage "31") (damage_armor "0") (health "69") (armor "0")
L 03/21/2015 - 13:00:45: "FlaTiK<95><STEAM_0:4:1467612553><TERRORIST>" attacked "[Hard_Skill]_Dasha<77><STEAM_0:4:1068366041><CT>" with "m4a1" (damage "38") (damage_armor "0") (health "31") (armor "0")
L 03/21/2015 - 13:00:45: "[Hard_Skill]_Dasha<77><STEAM_0:4:1068366041><CT>" attacked "FlaTiK<95><STEAM_0:4:1467612553><TERRORIST>" with "ak47" (damage "140") (damage_armor "0") (health "-40") (armor "0")
L 03/21/2015 - 13:00:45: "[Hard_Skill]_Dasha<77><STEAM_0:4:1068366041><CT>" killed "FlaTiK<95><STEAM_0:4:1467612553><TERRORIST>" with "ak47"
L 03/21/2015 - 13:00:45: Team "CT" triggered "CTs_Win" (CT "15") (T "5")
L 03/21/2015 - 13:00:45: World triggered "Round_End"
L 03/21/2015 - 13:00:55: World triggered "Round_Start"
L 03/21/2015 - 13:01:01: "FlaTiK<95><STEAM_0:4:1467612553><TERRORIST>" attacked "[Hard_Skill]_Dasha<77><STEAM_0:4:1068366041><CT>" with "ak47" (damage "34") (damage_armor "0") (health "66") (armor "0")
L 03/21/2015 - 13:01:01: "FlaTiK<95><STEAM_0:4:1467612553><TERRORIST>" attacked "[Hard_Skill]_Dasha<77><STEAM_0:4:1068366041><CT>" with "ak47" (damage "34") (damage_armor "0") (health "32") (armor "0")
L 03/21/2015 - 13:01:02: "FlaTiK<95><STEAM_0:4:1467612553><TERRORIST>" attacked "[Hard_Skill]_Dasha<77><STEAM_0:4:1068366041><CT>" with "ak47" (damage "34") (damage_armor "0") (health "-2") (armor "0")
L 03/21/2015 - 13:01:02: "FlaTiK<95><STEAM_0:4:1467612553><TERRORIST>" killed "[Hard_Skill]_Dasha<77><STEAM_0:4:1068366041><CT>" with "ak47"
L 03/21/2015 - 13:01:02: Team "TERRORIST" triggered "Terrorists_Win" (CT "15") (T "6")
L 03/21/2015 - 13:01:02: World triggered "Round_End"
L 03/21/2015 - 13:01:12: World triggered "Round_Start"
L 03/21/2015 - 13:01:19: "[Hard_Skill]_Dasha<77><STEAM_0:4:1068366041><CT>" attacked "FlaTiK<95><STEAM_0:4:1467612553><TERRORIST>" with "m4a1" (damage "29") (damage_armor "0") (health "71") (armor "0")
L 03/21/2015 - 13:01:19: "[Hard_Skill]_Dasha<77><STEAM_0:4:1068366041><CT>" attacked "FlaTiK<95><STEAM_0:4:1467612553><TERRORIST>" with "m4a1" (damage "29") (damage_armor "0") (health "42") (armor "0")
L 03/21/2015 - 13:01:19: "FlaTiK<95><STEAM_0:4:1467612553><TERRORIST>" attacked "[Hard_Skill]_Dasha<77><STEAM_0:4:1068366041><CT>" with "m4a1" (damage "28") (damage_armor "0") (health "72") (armor "0")
L 03/21/2015 - 13:01:19: "[Hard_Skill]_Dasha<77><STEAM_0:4:1068366041><CT>" attacked "FlaTiK<95><STEAM_0:4:1467612553><TERRORIST>" with "m4a1" (damage "29") (damage_armor "0") (health "13") (armor "0")
L 03/21/2015 - 13:01:20: "FlaTiK<95><STEAM_0:4:1467612553><TERRORIST>" attacked "[Hard_Skill]_Dasha<77><STEAM_0:4:1068366041><CT>" with "m4a1" (damage "28") (damage_armor "0") (health "44") (armor "0")
L 03/21/2015 - 13:01:20: "[Hard_Skill]_Dasha<77><STEAM_0:4:1068366041><CT>" attacked "FlaTiK<95><STEAM_0:4:1467612553><TERRORIST>" with "m4a1" (damage "29") (damage_armor "0") (health "-16") (armor "0")
L 03/21/2015 - 13:01:20: "[Hard_Skill]_Dasha<77><STEAM_0:4:1068366041><CT>" killed "FlaTiK<95><STEAM_0:4:1467612553><TERRORIST>" with "m4a1"
L 03/21/2015 - 13:01:22: "RoCk<96><STEAM_0:4:1582679675><TERRORIST>" attacked "[Hard_Skill]_Dasha<77><STEAM_0:4:1068366041><CT>" with "knife" (damage "65") (damage_armor "0") (health "-21") (armor "0")
L 03/21/2015 - 13:01:22: "RoCk<96><STEAM_0:4:1582679675><TERRORIST>" killed "[Hard_Skill]_Dasha<77><STEAM_0:4:1068366041><CT>" with "knife"
L 03/21/2015 - 13:01:22: Team "TERRORIST" triggered "Terrorists_Win" (CT "15") (T "7")
L 03/21/2015 - 13:01:22: World triggered "Round_End"
L 03/21/2015 - 13:01:32: World triggered "Round_Start"
L 03/21/2015 - 13:01:36: "RoCk<96><STEAM_0:4:1582679675><TERRORIST>" attacked "[Hard_Skill]_Dasha<77><STEAM_0:4:1068366041><CT>" with "glock18" (damage "14") (damage_armor "0") (health "86") (armor "0")
L 03/21/2015 - 13:01:37: "FlaTiK<95><STEAM_0:4:1467612553><TERRORIST>" attacked "[Hard_Skill]_Dasha<77><STEAM_0:4:1068366041><CT>" with "ak47" (damage "34") (damage_armor "0") (health "52") (armor "0")
L 03/21/2015 - 13:01:37: "FlaTiK<95><STEAM_0:4:1467612553><TERRORIST>" attacked "[Hard_Skill]_Dasha<77><STEAM_0:4:1068366041><CT>" with "ak47" (damage "25") (damage_armor "0") (health "27") (armor "0")
L 03/21/2015 - 13:01:37: "RoCk<96><STEAM_0:4:1582679675><TERRORIST>" attacked "[Hard_Skill]_Dasha<77><STEAM_0:4:1068366041><CT>" with "glock18" (damage "56") (damage_armor "0") (health "-29") (armor "0")
L 03/21/2015 - 13:01:37: "RoCk<96><STEAM_0:4:1582679675><TERRORIST>" killed "[Hard_Skill]_Dasha<77><STEAM_0:4:1068366041><CT>" with "glock18"
L 03/21/2015 - 13:01:37: Team "TERRORIST" triggered "Terrorists_Win" (CT "15") (T "8")
L 03/21/2015 - 13:01:37: World triggered "Round_End"
L 03/21/2015 - 13:01:47: World triggered "Round_Start"
L 03/21/2015 - 13:01:51: "FlaTiK<95><STEAM_0:4:1467612553><TERRORIST>" attacked "[Hard_Skill]_Dasha<77><STEAM_0:4:1068366041><CT>" with "ak47" (damage "33") (damage_armor "0") (health "67") (armor "0")
L 03/21/2015 - 13:01:51: "[Hard_Skill]_Dasha<77><STEAM_0:4:1068366041><CT>" attacked "RoCk<96><STEAM_0:4:1582679675><TERRORIST>" with "m4a1" (damage "20") (damage_armor "5") (health "80") (armor "95")
L 03/21/2015 - 13:01:52: "[Hard_Skill]_Dasha<77><STEAM_0:4:1068366041><CT>" attacked "RoCk<96><STEAM_0:4:1582679675><TERRORIST>" with "m4a1" (damage "21") (damage_armor "0") (health "59") (armor "95")
L 03/21/2015 - 13:01:52: "FlaTiK<95><STEAM_0:4:1467612553><TERRORIST>" attacked "[Hard_Skill]_Dasha<77><STEAM_0:4:1068366041><CT>" with "ak47" (damage "33") (damage_armor "0") (health "34") (armor "0")
L 03/21/2015 - 13:01:52: "FlaTiK<95><STEAM_0:4:1467612553><TERRORIST>" attacked "[Hard_Skill]_Dasha<77><STEAM_0:4:1068366041><CT>" with "ak47" (damage "33") (damage_armor "0") (health "1") (armor "0")
L 03/21/2015 - 13:01:52: "FlaTiK<95><STEAM_0:4:1467612553><TERRORIST>" attacked "[Hard_Skill]_Dasha<77><STEAM_0:4:1068366041><CT>" with "ak47" (damage "33") (damage_armor "0") (health "-32") (armor "0")
L 03/21/2015 - 13:01:52: "FlaTiK<95><STEAM_0:4:1467612553><TERRORIST>" killed "[Hard_Skill]_Dasha<77><STEAM_0:4:1068366041><CT>" with "ak47"
L 03/21/2015 - 13:01:52: Team "TERRORIST" triggered "Terrorists_Win" (CT "15") (T "9")
L 03/21/2015 - 13:01:52: World triggered "Round_End"
L 03/21/2015 - 13:02:02: World triggered "Round_Start"
L 03/21/2015 - 13:02:06: "FlaTiK<95><STEAM_0:4:1467612553><TERRORIST>" attacked "[Hard_Skill]_Dasha<77><STEAM_0:4:1068366041><CT>" with "ak47" (damage "34") (damage_armor "0") (health "66") (armor "0")
L 03/21/2015 - 13:02:06: "[Hard_Skill]_Dasha<77><STEAM_0:4:1068366041><CT>" attacked "FlaTiK<95><STEAM_0:4:1467612553><TERRORIST>" with "m4a1" (damage "20") (damage_armor "5") (health "80") (armor "95")
L 03/21/2015 - 13:02:07: "[Hard_Skill]_Dasha<77><STEAM_0:4:1068366041><CT>" attacked "FlaTiK<95><STEAM_0:4:1467612553><TERRORIST>" with "m4a1" (damage "20") (damage_armor "4") (health "60") (armor "91")
L 03/21/2015 - 13:02:07: "[Hard_Skill]_Dasha<77><STEAM_0:4:1068366041><CT>" attacked "FlaTiK<95><STEAM_0:4:1467612553><TERRORIST>" with "m4a1" (damage "21") (damage_armor "0") (health "39") (armor "91")
L 03/21/2015 - 13:02:07: "[Hard_Skill]_Dasha<77><STEAM_0:4:1068366041><CT>" attacked "FlaTiK<95><STEAM_0:4:1467612553><TERRORIST>" with "m4a1" (damage "21") (damage_armor "0") (health "18") (armor "91")
L 03/21/2015 - 13:02:07: "FlaTiK<95><STEAM_0:4:1467612553><TERRORIST>" attacked "[Hard_Skill]_Dasha<77><STEAM_0:4:1068366041><CT>" with "ak47" (damage "34") (damage_armor "0") (health "32") (armor "0")
L 03/21/2015 - 13:02:07: "[Hard_Skill]_Dasha<77><STEAM_0:4:1068366041><CT>" attacked "FlaTiK<95><STEAM_0:4:1467612553><TERRORIST>" with "m4a1" (damage "21") (damage_armor "0") (health "-3") (armor "91")
L 03/21/2015 - 13:02:07: "[Hard_Skill]_Dasha<77><STEAM_0:4:1068366041><CT>" killed "FlaTiK<95><STEAM_0:4:1467612553><TERRORIST>" with "m4a1"
L 03/21/2015 - 13:02:08: "[Hard_Skill]_Dasha<77><STEAM_0:4:1068366041><CT>" attacked "RoCk<96><STEAM_0:4:1582679675><TERRORIST>" with "m4a1" (damage "27") (damage_armor "6") (health "73") (armor "89")
L 03/21/2015 - 13:02:08: "[Hard_Skill]_Dasha<77><STEAM_0:4:1068366041><CT>" attacked "RoCk<96><STEAM_0:4:1582679675><TERRORIST>" with "m4a1" (damage "124") (damage_armor "0") (health "-51") (armor "89")
L 03/21/2015 - 13:02:08: "[Hard_Skill]_Dasha<77><STEAM_0:4:1068366041><CT>" killed "RoCk<96><STEAM_0:4:1582679675><TERRORIST>" with "m4a1"
L 03/21/2015 - 13:02:08: Team "CT" triggered "CTs_Win" (CT "16") (T "9")
L 03/21/2015 - 13:02:08: World triggered "Round_End"
L 03/21/2015 - 13:02:10: "RoCk<96><STEAM_0:4:1582679675><TERRORIST>" joined team "CT"
L 03/21/2015 - 13:02:18: World triggered "Round_Start"
L 03/21/2015 - 13:02:26: "RoCk<96><STEAM_0:4:1582679675><CT>" attacked "FlaTiK<95><STEAM_0:4:1467612553><TERRORIST>" with "m4a1" (damage "120") (damage_armor "0") (health "-20") (armor "0")
L 03/21/2015 - 13:02:26: "RoCk<96><STEAM_0:4:1582679675><CT>" killed "FlaTiK<95><STEAM_0:4:1467612553><TERRORIST>" with "m4a1"
L 03/21/2015 - 13:02:26: Team "CT" triggered "CTs_Win" (CT "17") (T "9")
L 03/21/2015 - 13:02:26: World triggered "Round_End"
L 03/21/2015 - 13:02:36: World triggered "Round_Start"
L 03/21/2015 - 13:02:39: "FlaTiK<95><STEAM_0:4:1467612553><TERRORIST>" attacked "[Hard_Skill]_Dasha<77><STEAM_0:4:1068366041><CT>" with "m4a1" (damage "29") (damage_armor "0") (health "71") (armor "0")
L 03/21/2015 - 13:02:40: "FlaTiK<95><STEAM_0:4:1467612553><TERRORIST>" attacked "[Hard_Skill]_Dasha<77><STEAM_0:4:1068366041><CT>" with "m4a1" (damage "22") (damage_armor "0") (health "49") (armor "0")
L 03/21/2015 - 13:02:40: "[Hard_Skill]_Dasha<77><STEAM_0:4:1068366041><CT>" attacked "FlaTiK<95><STEAM_0:4:1467612553><TERRORIST>" with "m4a1" (damage "22") (damage_armor "0") (health "78") (armor "0")
L 03/21/2015 - 13:02:40: "FlaTiK<95><STEAM_0:4:1467612553><TERRORIST>" attacked "[Hard_Skill]_Dasha<77><STEAM_0:4:1068366041><CT>" with "m4a1" (damage "37") (damage_armor "0") (health "12") (armor "0")
L 03/21/2015 - 13:02:40: "[Hard_Skill]_Dasha<77><STEAM_0:4:1068366041><CT>" attacked "FlaTiK<95><STEAM_0:4:1467612553><TERRORIST>" with "m4a1" (damage "120") (damage_armor "0") (health "-42") (armor "0")
L 03/21/2015 - 13:02:40: "[Hard_Skill]_Dasha<77><STEAM_0:4:1068366041><CT>" killed "FlaTiK<95><STEAM_0:4:1467612553><TERRORIST>" with "m4a1"
L 03/21/2015 - 13:02:40: Team "CT" triggered "CTs_Win" (CT "18") (T "9")
L 03/21/2015 - 13:02:40: World triggered "Round_End"
L 03/21/2015 - 13:02:50: "FlaTiK<95><STEAM_0:4:1467612553><TERRORIST>" triggered "weaponstats" (weapon "glock18") (shots "2") (hits "1") (kills "0") (headshots "0") (tks "0") (damage "5") (deaths "0")
L 03/21/2015 - 13:02:50: "FlaTiK<95><STEAM_0:4:1467612553><TERRORIST>" triggered "weaponstats2" (weapon "glock18") (head "0") (chest "0") (stomach "0") (leftarm "0") (rightarm "0") (leftleg "0") (rightleg "1")
L 03/21/2015 - 13:02:50: "FlaTiK<95><STEAM_0:4:1467612553><TERRORIST>" triggered "weaponstats" (weapon "m4a1") (shots "87") (hits "27") (kills "6") (headshots "4") (tks "0") (damage "1047") (deaths "8")
L 03/21/2015 - 13:02:50: "FlaTiK<95><STEAM_0:4:1467612553><TERRORIST>" triggered "weaponstats2" (weapon "m4a1") (head "4") (chest "1") (stomach "6") (leftarm "10") (rightarm "3") (leftleg "0") (rightleg "3")
L 03/21/2015 - 13:02:50: "FlaTiK<95><STEAM_0:4:1467612553><TERRORIST>" triggered "weaponstats" (weapon "ak47") (shots "26") (hits "11") (kills "2") (headshots "0") (tks "0") (damage "361") (deaths "1")
L 03/21/2015 - 13:02:50: "FlaTiK<95><STEAM_0:4:1467612553><TERRORIST>" triggered "weaponstats2" (weapon "ak47") (head "0") (chest "1") (stomach "0") (leftarm "6") (rightarm "3") (leftleg "1") (rightleg "0")
L 03/21/2015 - 13:02:50: "FlaTiK<95><STEAM_0:4:1467612553><TERRORIST>" triggered "time" (time "5:36")
L 03/21/2015 - 13:02:50: "FlaTiK<95><STEAM_0:4:1467612553><TERRORIST>" triggered "latency" (ping "41")
L 03/21/2015 - 13:02:50: "FlaTiK<95><STEAM_0:4:1467612553><TERRORIST>" disconnected
L 03/21/2015 - 13:02:50: World triggered "Round_Start"
L 03/21/2015 - 13:03:05: "RoCk<96><STEAM_0:4:1582679675><CT>" committed suicide with "world"
L 03/21/2015 - 13:03:05: "RoCk<96><STEAM_0:4:1582679675><CT>" joined team "TERRORIST"
L 03/21/2015 - 13:03:05: World triggered "Game_Commencing"
L 03/21/2015 - 13:03:05: World triggered "Game_Commencing" (CT "18") (T "9")
L 03/21/2015 - 13:03:05: World triggered "Round_End"
L 03/21/2015 - 13:03:13: World triggered "Round_Start"
L 03/21/2015 - 13:03:19: "[Hard_Skill]_Dasha<77><STEAM_0:4:1068366041><CT>" attacked "RoCk<96><STEAM_0:4:1582679675><TERRORIST>" with "knife" (damage "65") (damage_armor "0") (health "35") (armor "0")
L 03/21/2015 - 13:03:19: "RoCk<96><STEAM_0:4:1582679675><TERRORIST>" attacked "[Hard_Skill]_Dasha<77><STEAM_0:4:1068366041><CT>" with "knife" (damage "65") (damage_armor "0") (health "35") (armor "0")
L 03/21/2015 - 13:03:21: "[Hard_Skill]_Dasha<77><STEAM_0:4:1068366041><CT>" attacked "RoCk<96><STEAM_0:4:1582679675><TERRORIST>" with "knife" (damage "65") (damage_armor "0") (health "-30") (armor "0")
L 03/21/2015 - 13:03:21: "[Hard_Skill]_Dasha<77><STEAM_0:4:1068366041><CT>" killed "RoCk<96><STEAM_0:4:1582679675><TERRORIST>" with "knife"
L 03/21/2015 - 13:03:21: Team "CT" triggered "CTs_Win" (CT "1") (T "0")
L 03/21/2015 - 13:03:21: World triggered "Round_End"
L 03/21/2015 - 13:03:31: World triggered "Round_Start"
L 03/21/2015 - 13:03:36: "[Hard_Skill]_Dasha<77><STEAM_0:4:1068366041><CT>" attacked "RoCk<96><STEAM_0:4:1582679675><TERRORIST>" with "knife" (damage "55") (damage_armor "5") (health "45") (armor "95")
L 03/21/2015 - 13:03:36: "RoCk<96><STEAM_0:4:1582679675><TERRORIST>" attacked "[Hard_Skill]_Dasha<77><STEAM_0:4:1068366041><CT>" with "knife" (damage "260") (damage_armor "0") (health "-160") (armor "100")
L 03/21/2015 - 13:03:36: "RoCk<96><STEAM_0:4:1582679675><TERRORIST>" killed "[Hard_Skill]_Dasha<77><STEAM_0:4:1068366041><CT>" with "knife"
L 03/21/2015 - 13:03:36: Team "TERRORIST" triggered "Terrorists_Win" (CT "1") (T "1")
L 03/21/2015 - 13:03:36: World triggered "Round_End"
L 03/21/2015 - 13:03:46: World triggered "Round_Start"
L 03/21/2015 - 13:03:55: "RoCk<96><STEAM_0:4:1582679675><TERRORIST>" attacked "[Hard_Skill]_Dasha<77><STEAM_0:4:1068366041><CT>" with "knife" (damage "65") (damage_armor "0") (health "35") (armor "0")
L 03/21/2015 - 13:03:57: "RoCk<96><STEAM_0:4:1582679675><TERRORIST>" attacked "[Hard_Skill]_Dasha<77><STEAM_0:4:1068366041><CT>" with "knife" (damage "65") (damage_armor "0") (health "-30") (armor "0")
L 03/21/2015 - 13:03:57: "RoCk<96><STEAM_0:4:1582679675><TERRORIST>" killed "[Hard_Skill]_Dasha<77><STEAM_0:4:1068366041><CT>" with "knife"
L 03/21/2015 - 13:03:57: Team "TERRORIST" triggered "Terrorists_Win" (CT "1") (T "2")
L 03/21/2015 - 13:03:57: World triggered "Round_End"
L 03/21/2015 - 13:04:07: World triggered "Round_Start"
L 03/21/2015 - 13:04:43: "[Hard_Skill]_Dasha<77><STEAM_0:4:1068366041><CT>" attacked "RoCk<96><STEAM_0:4:1582679675><TERRORIST>" with "knife" (damage "207") (damage_armor "19") (health "-107") (armor "76")
L 03/21/2015 - 13:04:43: "[Hard_Skill]_Dasha<77><STEAM_0:4:1068366041><CT>" killed "RoCk<96><STEAM_0:4:1582679675><TERRORIST>" with "knife"
L 03/21/2015 - 13:04:43: Team "CT" triggered "CTs_Win" (CT "2") (T "2")
L 03/21/2015 - 13:04:43: World triggered "Round_End"
L 03/21/2015 - 13:04:53: World triggered "Round_Start"
L 03/21/2015 - 13:05:05: "[Hard_Skill]_Dasha<77><STEAM_0:4:1068366041><CT>" attacked "RoCk<96><STEAM_0:4:1582679675><TERRORIST>" with "knife" (damage "65") (damage_armor "0") (health "35") (armor "0")
L 03/21/2015 - 13:05:07: "[Hard_Skill]_Dasha<77><STEAM_0:4:1068366041><CT>" attacked "RoCk<96><STEAM_0:4:1582679675><TERRORIST>" with "knife" (damage "65") (damage_armor "0") (health "-30") (armor "0")
L 03/21/2015 - 13:05:07: "[Hard_Skill]_Dasha<77><STEAM_0:4:1068366041><CT>" killed "RoCk<96><STEAM_0:4:1582679675><TERRORIST>" with "knife"
L 03/21/2015 - 13:05:07: Team "CT" triggered "CTs_Win" (CT "3") (T "2")
L 03/21/2015 - 13:05:07: World triggered "Round_End"
L 03/21/2015 - 13:05:17: World triggered "Round_Start"
L 03/21/2015 - 13:06:05: "[Hard_Skill]_Dasha<77><STEAM_0:4:1068366041><CT>" attacked "RoCk<96><STEAM_0:4:1582679675><TERRORIST>" with "knife" (damage "65") (damage_armor "0") (health "35") (armor "0")
L 03/21/2015 - 13:06:17: "[Hard_Skill]_Dasha<77><STEAM_0:4:1068366041><CT>" attacked "RoCk<96><STEAM_0:4:1582679675><TERRORIST>" with "knife" (damage "65") (damage_armor "0") (health "-30") (armor "0")
L 03/21/2015 - 13:06:17: "[Hard_Skill]_Dasha<77><STEAM_0:4:1068366041><CT>" killed "RoCk<96><STEAM_0:4:1582679675><TERRORIST>" with "knife"
L 03/21/2015 - 13:06:17: Team "CT" triggered "CTs_Win" (CT "4") (T "2")
L 03/21/2015 - 13:06:17: World triggered "Round_End"
L 03/21/2015 - 13:06:27: World triggered "Round_Start"
L 03/21/2015 - 13:07:29: "[Hard_Skill]_Dasha<77><STEAM_0:4:1068366041><CT>" attacked "RoCk<96><STEAM_0:4:1582679675><TERRORIST>" with "knife" (damage "55") (damage_armor "5") (health "45") (armor "95")
L 03/21/2015 - 13:08:33: "[Hard_Skill]_Dasha<77><STEAM_0:4:1068366041><CT>" attacked "RoCk<96><STEAM_0:4:1582679675><TERRORIST>" with "knife" (damage "55") (damage_armor "5") (health "-10") (armor "90")
L 03/21/2015 - 13:08:33: "[Hard_Skill]_Dasha<77><STEAM_0:4:1068366041><CT>" killed "RoCk<96><STEAM_0:4:1582679675><TERRORIST>" with "knife"
L 03/21/2015 - 13:08:33: Team "CT" triggered "CTs_Win" (CT "5") (T "2")
L 03/21/2015 - 13:08:33: World triggered "Round_End"
L 03/21/2015 - 13:08:43: World triggered "Round_Start"
L 03/21/2015 - 13:08:57: "[Hard_Skill]_Dasha<77><STEAM_0:4:1068366041><CT>" attacked "RoCk<96><STEAM_0:4:1582679675><TERRORIST>" with "knife" (damage "65") (damage_armor "0") (health "35") (armor "0")
L 03/21/2015 - 13:09:08: "RoCk<96><STEAM_0:4:1582679675><TERRORIST>" attacked "[Hard_Skill]_Dasha<77><STEAM_0:4:1068366041><CT>" with "mp5navy" (damage "80") (damage_armor "0") (health "20") (armor "100")
L 03/21/2015 - 13:09:10: "RoCk<96><STEAM_0:4:1582679675><TERRORIST>" attacked "[Hard_Skill]_Dasha<77><STEAM_0:4:1068366041><CT>" with "mp5navy" (damage "80") (damage_armor "0") (health "-60") (armor "100")
L 03/21/2015 - 13:09:10: "RoCk<96><STEAM_0:4:1582679675><TERRORIST>" killed "[Hard_Skill]_Dasha<77><STEAM_0:4:1068366041><CT>" with "mp5navy"
L 03/21/2015 - 13:09:10: Team "TERRORIST" triggered "Terrorists_Win" (CT "5") (T "3")
L 03/21/2015 - 13:09:10: World triggered "Round_End"
L 03/21/2015 - 13:09:20: World triggered "Round_Start"
L 03/21/2015 - 13:09:35: "RoCk<96><STEAM_0:4:1582679675><TERRORIST>" attacked "[Hard_Skill]_Dasha<77><STEAM_0:4:1068366041><CT>" with "knife" (damage "18") (damage_armor "0") (health "82") (armor "0")
L 03/21/2015 - 13:10:14: "RoCk<96><STEAM_0:4:1582679675><TERRORIST>" attacked "[Hard_Skill]_Dasha<77><STEAM_0:4:1068366041><CT>" with "knife" (damage "12") (damage_armor "2") (health "70") (armor "98")
L 03/21/2015 - 13:10:16: "RoCk<96><STEAM_0:4:1582679675><TERRORIST>" attacked "[Hard_Skill]_Dasha<77><STEAM_0:4:1068366041><CT>" with "knife" (damage "15") (damage_armor "1") (health "55") (armor "97")
L 03/21/2015 - 13:10:17: "[Hard_Skill]_Dasha<77><STEAM_0:4:1068366041><CT>" attacked "RoCk<96><STEAM_0:4:1582679675><TERRORIST>" with "m4a1" (damage "21") (damage_armor "5") (health "79") (armor "95")
L 03/21/2015 - 13:10:17: "[Hard_Skill]_Dasha<77><STEAM_0:4:1068366041><CT>" attacked "RoCk<96><STEAM_0:4:1582679675><TERRORIST>" with "m4a1" (damage "21") (damage_armor "5") (health "58") (armor "90")
L 03/21/2015 - 13:10:17: "RoCk<96><STEAM_0:4:1582679675><TERRORIST>" attacked "[Hard_Skill]_Dasha<77><STEAM_0:4:1068366041><CT>" with "knife" (damage "12") (damage_armor "1") (health "43") (armor "96")
L 03/21/2015 - 13:10:17: "[Hard_Skill]_Dasha<77><STEAM_0:4:1068366041><CT>" attacked "RoCk<96><STEAM_0:4:1582679675><TERRORIST>" with "m4a1" (damage "21") (damage_armor "4") (health "37") (armor "86")
L 03/21/2015 - 13:10:17: "[Hard_Skill]_Dasha<77><STEAM_0:4:1068366041><CT>" attacked "RoCk<96><STEAM_0:4:1582679675><TERRORIST>" with "m4a1" (damage "21") (damage_armor "5") (health "16") (armor "81")
L 03/21/2015 - 13:10:17: "[Hard_Skill]_Dasha<77><STEAM_0:4:1068366041><CT>" attacked "RoCk<96><STEAM_0:4:1582679675><TERRORIST>" with "m4a1" (damage "21") (damage_armor "5") (health "-5") (armor "76")
L 03/21/2015 - 13:10:17: "[Hard_Skill]_Dasha<77><STEAM_0:4:1068366041><CT>" killed "RoCk<96><STEAM_0:4:1582679675><TERRORIST>" with "m4a1"
L 03/21/2015 - 13:10:17: Team "CT" triggered "CTs_Win" (CT "6") (T "3")
L 03/21/2015 - 13:10:17: World triggered "Round_End"
L 03/21/2015 - 13:10:27: World triggered "Round_Start"
L 03/21/2015 - 13:10:28: "[Hard_Skill]_Dasha<77><STEAM_0:4:1068366041><CT>" say "lb,bk"
L 03/21/2015 - 13:10:42: "[Hard_Skill]_Dasha<77><STEAM_0:4:1068366041><CT>" attacked "RoCk<96><STEAM_0:4:1582679675><TERRORIST>" with "m4a1" (damage "22") (damage_armor "0") (health "78") (armor "0")
L 03/21/2015 - 13:10:42: "[Hard_Skill]_Dasha<77><STEAM_0:4:1068366041><CT>" attacked "RoCk<96><STEAM_0:4:1582679675><TERRORIST>" with "m4a1" (damage "22") (damage_armor "0") (health "56") (armor "0")
L 03/21/2015 - 13:10:42: "[Hard_Skill]_Dasha<77><STEAM_0:4:1068366041><CT>" attacked "RoCk<96><STEAM_0:4:1582679675><TERRORIST>" with "m4a1" (damage "22") (damage_armor "0") (health "34") (armor "0")
L 03/21/2015 - 13:10:42: "[Hard_Skill]_Dasha<77><STEAM_0:4:1068366041><CT>" attacked "RoCk<96><STEAM_0:4:1582679675><TERRORIST>" with "m4a1" (damage "30") (damage_armor "0") (health "4") (armor "0")
L 03/21/2015 - 13:10:43: "[Hard_Skill]_Dasha<77><STEAM_0:4:1068366041><CT>" attacked "RoCk<96><STEAM_0:4:1582679675><TERRORIST>" with "m4a1" (damage "120") (damage_armor "0") (health "-116") (armor "0")
L 03/21/2015 - 13:10:43: "[Hard_Skill]_Dasha<77><STEAM_0:4:1068366041><CT>" killed "RoCk<96><STEAM_0:4:1582679675><TERRORIST>" with "m4a1"
L 03/21/2015 - 13:10:43: Team "CT" triggered "CTs_Win" (CT "7") (T "3")
L 03/21/2015 - 13:10:43: World triggered "Round_End"
L 03/21/2015 - 13:10:53: World triggered "Round_Start"
L 03/21/2015 - 13:11:57: "[Hard_Skill]_Dasha<77><STEAM_0:4:1068366041><CT>" attacked "RoCk<96><STEAM_0:4:1582679675><TERRORIST>" with "awp" (damage "432") (damage_armor "0") (health "-332") (armor "100")
L 03/21/2015 - 13:11:57: "[Hard_Skill]_Dasha<77><STEAM_0:4:1068366041><CT>" killed "RoCk<96><STEAM_0:4:1582679675><TERRORIST>" with "awp"
L 03/21/2015 - 13:11:57: Team "CT" triggered "CTs_Win" (CT "8") (T "3")
L 03/21/2015 - 13:11:57: World triggered "Round_End"
L 03/21/2015 - 13:12:07: World triggered "Round_Start"
L 03/21/2015 - 13:12:14: "RoCk<96><STEAM_0:4:1582679675><TERRORIST>" attacked "[Hard_Skill]_Dasha<77><STEAM_0:4:1068366041><CT>" with "awp" (damage "436") (damage_armor "0") (health "-336") (armor "96")
L 03/21/2015 - 13:12:14: "RoCk<96><STEAM_0:4:1582679675><TERRORIST>" killed "[Hard_Skill]_Dasha<77><STEAM_0:4:1068366041><CT>" with "awp"
L 03/21/2015 - 13:12:14: Team "TERRORIST" triggered "Terrorists_Win" (CT "8") (T "4")
L 03/21/2015 - 13:12:14: World triggered "Round_End"
L 03/21/2015 - 13:12:24: World triggered "Round_Start"
L 03/21/2015 - 13:13:40: "RoCk<96><STEAM_0:4:1582679675><TERRORIST>" attacked "[Hard_Skill]_Dasha<77><STEAM_0:4:1068366041><CT>" with "knife" (damage "12") (damage_armor "2") (health "88") (armor "98")
L 03/21/2015 - 13:13:42: "[Hard_Skill]_Dasha<77><STEAM_0:4:1068366041><CT>" attacked "RoCk<96><STEAM_0:4:1582679675><TERRORIST>" with "knife" (damage "55") (damage_armor "5") (health "45") (armor "95")
L 03/21/2015 - 13:14:57: "RoCk<96><STEAM_0:4:1582679675><TERRORIST>" attacked "[Hard_Skill]_Dasha<77><STEAM_0:4:1068366041><CT>" with "awp" (damage "41") (damage_armor "0") (health "47") (armor "98")
L 03/21/2015 - 13:14:59: "RoCk<96><STEAM_0:4:1582679675><TERRORIST>" attacked "[Hard_Skill]_Dasha<77><STEAM_0:4:1068366041><CT>" with "awp" (damage "41") (damage_armor "0") (health "6") (armor "98")
L 03/21/2015 - 13:15:29: "RoCk<96><STEAM_0:4:1582679675><TERRORIST>" attacked "[Hard_Skill]_Dasha<77><STEAM_0:4:1068366041><CT>" with "glock18" (damage "12") (damage_armor "0") (health "-6") (armor "98")
L 03/21/2015 - 13:15:29: "RoCk<96><STEAM_0:4:1582679675><TERRORIST>" killed "[Hard_Skill]_Dasha<77><STEAM_0:4:1068366041><CT>" with "glock18"
L 03/21/2015 - 13:15:29: Team "TERRORIST" triggered "Terrorists_Win" (CT "8") (T "5")
L 03/21/2015 - 13:15:29: World triggered "Round_End"
L 03/21/2015 - 13:15:39: World triggered "Round_Start"
L 03/21/2015 - 13:15:45: "RoCk<96><STEAM_0:4:1582679675><TERRORIST>" attacked "[Hard_Skill]_Dasha<77><STEAM_0:4:1068366041><CT>" with "awp" (damage "40") (damage_armor "0") (health "60") (armor "0")
L 03/21/2015 - 13:15:48: "RoCk<96><STEAM_0:4:1582679675><TERRORIST>" attacked "[Hard_Skill]_Dasha<77><STEAM_0:4:1068366041><CT>" with "awp" (damage "110") (damage_armor "0") (health "-50") (armor "0")
L 03/21/2015 - 13:15:48: "RoCk<96><STEAM_0:4:1582679675><TERRORIST>" killed "[Hard_Skill]_Dasha<77><STEAM_0:4:1068366041><CT>" with "awp"
L 03/21/2015 - 13:15:48: Team "TERRORIST" triggered "Terrorists_Win" (CT "8") (T "6")
L 03/21/2015 - 13:15:48: World triggered "Round_End"
L 03/21/2015 - 13:15:52: "[Hard_Skill]_Dasha<77><STEAM_0:4:1068366041><CT>" joined team "SPECTATOR"
L 03/21/2015 - 13:15:58: World triggered "Round_Start"
L 03/21/2015 - 13:16:12: "RoCk<96><STEAM_0:4:1582679675><TERRORIST>" committed suicide with "world"
L 03/21/2015 - 13:16:12: World triggered "Round_Draw" (CT "8") (T "6")
L 03/21/2015 - 13:16:12: World triggered "Round_End"
L 03/21/2015 - 13:16:12: "RoCk<96><STEAM_0:4:1582679675><TERRORIST>" joined team "CT"
L 03/21/2015 - 13:16:13: World triggered "Round_Draw" (CT "8") (T "6")
L 03/21/2015 - 13:16:13: World triggered "Round_End"
L 03/21/2015 - 13:16:20: "RoCk<96><STEAM_0:4:1582679675><CT>" committed suicide with "world"
L 03/21/2015 - 13:16:20: World triggered "Round_Draw" (CT "8") (T "6")
L 03/21/2015 - 13:16:20: World triggered "Round_End"
L 03/21/2015 - 13:16:20: "RoCk<96><STEAM_0:4:1582679675><CT>" joined team "SPECTATOR"
L 03/21/2015 - 13:16:23: World triggered "Round_Start"
L 03/21/2015 - 13:16:30: World triggered "Round_Start"
L 03/21/2015 - 13:17:12: "RoCk<96><STEAM_0:4:1582679675><SPECTATOR>" joined team "TERRORIST"
L 03/21/2015 - 13:17:12: World triggered "Round_Draw" (CT "8") (T "6")
L 03/21/2015 - 13:17:12: World triggered "Round_End"
L 03/21/2015 - 13:17:12: World triggered "Round_Draw" (CT "8") (T "6")
L 03/21/2015 - 13:17:12: World triggered "Round_End"
L 03/21/2015 - 13:17:22: World triggered "Round_Start"
L 03/21/2015 - 13:17:27: "[Hard_Skill]_Dasha<77><STEAM_0:4:1068366041><SPECTATOR>" joined team "CT"
L 03/21/2015 - 13:17:27: World triggered "Game_Commencing"
L 03/21/2015 - 13:17:27: World triggered "Game_Commencing" (CT "8") (T "6")
L 03/21/2015 - 13:17:27: World triggered "Round_End"
L 03/21/2015 - 13:17:35: World triggered "Round_Start"
L 03/21/2015 - 13:17:36: Server cvar "amx_nextmap" = "35hp_2"
L 03/21/2015 - 13:17:36: Server cvar "mp_timelimit" = "0.000000"
L 03/21/2015 - 13:17:46: "[Hard_Skill]_Dasha<77><STEAM_0:4:1068366041><CT>" attacked "RoCk<96><STEAM_0:4:1582679675><TERRORIST>" with "usp" (damage "120") (damage_armor "0") (health "-20") (armor "100")
L 03/21/2015 - 13:17:46: "[Hard_Skill]_Dasha<77><STEAM_0:4:1068366041><CT>" killed "RoCk<96><STEAM_0:4:1582679675><TERRORIST>" with "usp"
L 03/21/2015 - 13:17:46: Team "CT" triggered "CTs_Win" (CT "1") (T "0")
L 03/21/2015 - 13:17:46: World triggered "Round_End"
L 03/21/2015 - 13:17:54: [DPROTO]: Client 1 - Set AuthIdType 1 [Native]; pClient = 0xb3992dfc
L 03/21/2015 - 13:17:54: "PARTYALECBALDWIN<97><STEAM_0:1:40454960><>" connected, address "37.214.212.172:49057"
L 03/21/2015 - 13:17:54: [VTC] Player 2 silk
L 03/21/2015 - 13:17:55: "PARTYALECBALDWIN<97><STEAM_0:1:40454960><>" STEAM USERID validated
L 03/21/2015 - 13:17:56: Server cvar "mp_timelimit" = "0.010000"
L 03/21/2015 - 13:17:56: World triggered "Round_Start"
L 03/21/2015 - 13:17:56: Team "CT" scored "1" with "1" players
L 03/21/2015 - 13:17:56: Team "TERRORIST" scored "0" with "1" players
L 03/21/2015 - 13:17:56: Server cvar "mp_chattime" = "3"
L 03/21/2015 - 13:17:57: Server cvar "mp_chattime" = "1"
L 03/21/2015 - 13:17:57: "[Hard_Skill]_Dasha<77><STEAM_0:4:1068366041><CT>" triggered "weaponstats" (weapon "usp") (shots "7") (hits "1") (kills "1") (headshots "1") (tks "0") (damage "120") (deaths "0")
L 03/21/2015 - 13:17:57: "[Hard_Skill]_Dasha<77><STEAM_0:4:1068366041><CT>" triggered "weaponstats2" (weapon "usp") (head "1") (chest "0") (stomach "0") (leftarm "0") (rightarm "0") (leftleg "0") (rightleg "0")
L 03/21/2015 - 13:17:57: "[Hard_Skill]_Dasha<77><STEAM_0:4:1068366041><CT>" triggered "weaponstats" (weapon "awp") (shots "11") (hits "1") (kills "1") (headshots "1") (tks "0") (damage "432") (deaths "2")
L 03/21/2015 - 13:17:57: "[Hard_Skill]_Dasha<77><STEAM_0:4:1068366041><CT>" triggered "weaponstats2" (weapon "awp") (head "1") (chest "0") (stomach "0") (leftarm "0") (rightarm "0") (leftleg "0") (rightleg "0")
L 03/21/2015 - 13:17:57: "[Hard_Skill]_Dasha<77><STEAM_0:4:1068366041><CT>" triggered "weaponstats" (weapon "m4a1") (shots "198") (hits "71") (kills "15") (headshots "5") (tks "0") (damage "2245") (deaths "11")
L 03/21/2015 - 13:17:57: "[Hard_Skill]_Dasha<77><STEAM_0:4:1068366041><CT>" triggered "weaponstats2" (weapon "m4a1") (head "5") (chest "10") (stomach "11") (leftarm "22") (rightarm "6") (leftleg "12") (rightleg "5")
L 03/21/2015 - 13:17:57: "[Hard_Skill]_Dasha<77><STEAM_0:4:1068366041><CT>" triggered "weaponstats" (weapon "ak47") (shots "28") (hits "10") (kills "3") (headshots "2") (tks "0") (damage "454") (deaths "2")
L 03/21/2015 - 13:17:57: "[Hard_Skill]_Dasha<77><STEAM_0:4:1068366041><CT>" triggered "weaponstats2" (weapon "ak47") (head "2") (chest "0") (stomach "0") (leftarm "2") (rightarm "1") (leftleg "3") (rightleg "2")
L 03/21/2015 - 13:17:57: "[Hard_Skill]_Dasha<77><STEAM_0:4:1068366041><CT>" triggered "weaponstats" (weapon "knife") (shots "52") (hits "14") (kills "6") (headshots "0") (tks "0") (damage "992") (deaths "4")
L 03/21/2015 - 13:17:57: "[Hard_Skill]_Dasha<77><STEAM_0:4:1068366041><CT>" triggered "weaponstats2" (weapon "knife") (head "0") (chest "2") (stomach "0") (leftarm "1") (rightarm "1") (leftleg "0") (rightleg "0")
L 03/21/2015 - 13:17:57: "[Hard_Skill]_Dasha<77><STEAM_0:4:1068366041><CT>" triggered "time" (time "25:51")
L 03/21/2015 - 13:17:57: "[Hard_Skill]_Dasha<77><STEAM_0:4:1068366041><CT>" triggered "latency" (ping "1")
L 03/21/2015 - 13:17:57: "RoCk<96><STEAM_0:4:1582679675><TERRORIST>" triggered "weaponstats" (weapon "usp") (shots "6") (hits "5") (kills "1") (headshots "0") (tks "0") (damage "115") (deaths "0")
L 03/21/2015 - 13:17:57: "RoCk<96><STEAM_0:4:1582679675><TERRORIST>" triggered "weaponstats2" (weapon "usp") (head "0") (chest "3") (stomach "1") (leftarm "1") (rightarm "0") (leftleg "0") (rightleg "0")
L 03/21/2015 - 13:17:57: "RoCk<96><STEAM_0:4:1582679675><TERRORIST>" triggered "weaponstats" (weapon "glock18") (shots "19") (hits "3") (kills "2") (headshots "1") (tks "0") (damage "82") (deaths "1")
L 03/21/2015 - 13:17:57: "RoCk<96><STEAM_0:4:1582679675><TERRORIST>" triggered "weaponstats2" (weapon "glock18") (head "1") (chest "0") (stomach "0") (leftarm "1") (rightarm "0") (leftleg "0") (rightleg "1")
L 03/21/2015 - 13:17:57: "RoCk<96><STEAM_0:4:1582679675><TERRORIST>" triggered "weaponstats" (weapon "awp") (shots "24") (hits "7") (kills "3") (headshots "1") (tks "0") (damage "832") (deaths "2")
L 03/21/2015 - 13:17:57: "RoCk<96><STEAM_0:4:1582679675><TERRORIST>" triggered "weaponstats2" (weapon "awp") (head "1") (chest "0") (stomach "0") (leftarm "3") (rightarm "0") (leftleg "1") (rightleg "2")
L 03/21/2015 - 13:17:57: "RoCk<96><STEAM_0:4:1582679675><TERRORIST>" triggered "weaponstats" (weapon "mp5navy") (shots "39") (hits "4") (kills "1") (headshots "1") (tks "0") (damage "181") (deaths "0")
L 03/21/2015 - 13:17:57: "RoCk<96><STEAM_0:4:1582679675><TERRORIST>" triggered "weaponstats2" (weapon "mp5navy") (head "2") (chest "0") (stomach "0") (leftarm "1") (rightarm "0") (leftleg "1") (rightleg "0")
L 03/21/2015 - 13:17:57: "RoCk<96><STEAM_0:4:1582679675><TERRORIST>" triggered "weaponstats" (weapon "m4a1") (shots "148") (hits "5") (kills "2") (headshots "1") (tks "0") (damage "214") (deaths "1")
L 03/21/2015 - 13:17:57: "RoCk<96><STEAM_0:4:1582679675><TERRORIST>" triggered "weaponstats2" (weapon "m4a1") (head "1") (chest "1") (stomach "2") (leftarm "1") (rightarm "0") (leftleg "0") (rightleg "0")
L 03/21/2015 - 13:17:57: "RoCk<96><STEAM_0:4:1582679675><TERRORIST>" triggered "weaponstats" (weapon "ak47") (shots "37") (hits "0") (kills "0") (headshots "0") (tks "0") (damage "0") (deaths "1")
L 03/21/2015 - 13:17:57: "RoCk<96><STEAM_0:4:1582679675><TERRORIST>" triggered "weaponstats2" (weapon "ak47") (head "0") (chest "0") (stomach "0") (leftarm "0") (rightarm "0") (leftleg "0") (rightleg "0")
L 03/21/2015 - 13:17:57: "RoCk<96><STEAM_0:4:1582679675><TERRORIST>" triggered "weaponstats" (weapon "knife") (shots "33") (hits "10") (kills "3") (headshots "1") (tks "0") (damage "589") (deaths "6")
L 03/21/2015 - 13:17:57: "RoCk<96><STEAM_0:4:1582679675><TERRORIST>" triggered "weaponstats2" (weapon "knife") (head "8") (chest "0") (stomach "0") (leftarm "0") (rightarm "0") (leftleg "0") (rightleg "0")
L 03/21/2015 - 13:17:57: "RoCk<96><STEAM_0:4:1582679675><TERRORIST>" triggered "time" (time "18:51")
L 03/21/2015 - 13:17:57: "RoCk<96><STEAM_0:4:1582679675><TERRORIST>" triggered "latency" (ping "71")
L 03/21/2015 - 13:17:57: Server cvar "mp_timelimit" = "30.000000"
L 03/21/2015 - 13:17:57: [META] ini: Begin re-reading plugins list: /home/extazy/Public/cstrike/addons/metamod/plugins.ini
L 03/21/2015 - 13:17:57: [META] ini: Read plugin config for: AMX Mod X
L 03/21/2015 - 13:17:57: [META] ini: Read plugin config for: dproto_EF
L 03/21/2015 - 13:17:57: [META] ini: Read plugin config for: VoiceTranscoder
L 03/21/2015 - 13:17:57: [META] ini: Finished reading plugins list: /home/extazy/Public/cstrike/addons/metamod/plugins.ini; Found 3 plugins
L 03/21/2015 - 13:17:57: [META] dll: Updating plugins...
L 03/21/2015 - 13:17:57: [META] dll: Finished updating 12 plugins; kept 3, loaded 0, unloaded 0, reloaded 0, delayed 0
L 03/21/2015 - 13:17:57: Log file closed
