L 03/26/2015 - 20:30:07: Log file started (file "logs/L0326072.log") (game "cstrike") (version "48/1.6.3.7/Stdio/5787")
L 03/26/2015 - 20:30:07: Server cvar "mp_logdetail" = "3"
L 03/26/2015 - 20:30:07: Server cvar "mp_timelimit" = "30"
L 03/26/2015 - 20:30:07: Server cvar "mp_c4timer" = "35"
L 03/26/2015 - 20:30:07: Server cvar "mp_flashlight" = "1"
L 03/26/2015 - 20:30:07: Server cvar "mp_freezetime" = "5"
L 03/26/2015 - 20:30:07: Server cvar "mp_hostagepenalty" = "0"
L 03/26/2015 - 20:30:07: Server cvar "mp_limitteams" = "5"
L 03/26/2015 - 20:30:07: Server cvar "mp_roundtime" = "2.57"
L 03/26/2015 - 20:30:07: Server cvar "mp_tkpunish" = "1"
L 03/26/2015 - 20:30:07: Server cvar "sv_restartround" = "1"
L 03/26/2015 - 20:30:07: Server cvar "sv_maxspeed" = "320"
L 03/26/2015 - 20:30:07: Server cvar "sv_proxies" = "0"
L 03/26/2015 - 20:30:07: Server cvar "allow_spectators" = "4"
L 03/26/2015 - 20:30:07: Server cvar "mp_chattime" = "0"
L 03/26/2015 - 20:30:07: Server cvar "decalfrequency" = "9"
L 03/26/2015 - 20:30:07: Server cvar "sv_aim" = "0"
L 03/26/2015 - 20:30:07: Server cvar "sv_minrate" = "100000"
L 03/26/2015 - 20:30:07: Server cvar "sv_maxrate" = "50000"
L 03/26/2015 - 20:30:08: World triggered "Restart_Round_(1_second)"
L 03/26/2015 - 20:30:08: Team "CT" scored "0" with "0" players
L 03/26/2015 - 20:30:08: Team "TERRORIST" scored "0" with "0" players
L 03/26/2015 - 20:30:08: Server cvar "sv_restartround" = "0"
L 03/26/2015 - 20:30:14: World triggered "Round_Start"
L 03/26/2015 - 20:30:41: [DPROTO]: Client 0 - Set AuthIdType 3 [dp_RevEmu]; pClient = 0xb3975f08
L 03/26/2015 - 20:30:41: "[Hard_Skill]_Extazy<1><STEAM_0:4:397277401><>" connected, address "10.19.7.134:27005"
L 03/26/2015 - 20:30:41: [VTC] Player 1 speex
L 03/26/2015 - 20:30:52: [DPROTO]: Client 0 - Set AuthIdType 3 [dp_RevEmu]; pClient = 0xb3975f08
L 03/26/2015 - 20:30:52: "[Hard_Skill]_Extazy<2><STEAM_0:4:397277401><>" connected, address "10.19.7.134:27005"
L 03/26/2015 - 20:30:52: [VTC] Player 1 speex
L 03/26/2015 - 20:31:00: [DPROTO]: Client 1 - Set AuthIdType 3 [dp_RevEmu]; pClient = 0xb397adfc
L 03/26/2015 - 20:31:00: "[Hard_Skill]_Dasha<3><STEAM_0:4:1068366041><>" connected, address "10.19.7.214:27005"
L 03/26/2015 - 20:31:00: [VTC] Player 2 speex
L 03/26/2015 - 20:31:01: [DPROTO]: Client 2 - Set AuthIdType 3 [dp_RevEmu]; pClient = 0xb397fcf0
L 03/26/2015 - 20:31:01: "[Easy_Skill]_LoL#3<4><STEAM_0:4:1412157061><>" connected, address "178.127.11.1:27005"
L 03/26/2015 - 20:31:01: [VTC] Player 3 speex
L 03/26/2015 - 20:31:02: "[Hard_Skill]_Extazy<2><STEAM_0:4:397277401><>" entered the game
L 03/26/2015 - 20:31:04: [DPROTO]: Client 2 - Set AuthIdType 3 [dp_RevEmu]; pClient = 0xb397fcf0
L 03/26/2015 - 20:31:04: "[Easy_Skill]_LoL#3<5><STEAM_0:4:1412157061><>" connected, address "178.127.11.1:27005"
L 03/26/2015 - 20:31:04: [VTC] Player 3 speex
L 03/26/2015 - 20:31:10: "[Easy_Skill]_LoL#3<5><STEAM_0:4:1412157061><>" entered the game
L 03/26/2015 - 20:31:11: "[Hard_Skill]_Extazy<2><STEAM_0:4:397277401><>" joined team "CT"
L 03/26/2015 - 20:31:24: "[Easy_Skill]_LoL#3<5><STEAM_0:4:1412157061><UNASSIGNED>" triggered "time" (time "0:14")
L 03/26/2015 - 20:31:24: "[Easy_Skill]_LoL#3<5><STEAM_0:4:1412157061><UNASSIGNED>" triggered "latency" (ping "0")
L 03/26/2015 - 20:31:24: "[Easy_Skill]_LoL#3<5><STEAM_0:4:1412157061><>" disconnected
L 03/26/2015 - 20:31:50: "[Hard_Skill]_Extazy<2><STEAM_0:4:397277401><CT>" triggered "weaponstats" (weapon "deagle") (shots "5") (hits "0") (kills "0") (headshots "0") (tks "0") (damage "0") (deaths "0")
L 03/26/2015 - 20:31:50: "[Hard_Skill]_Extazy<2><STEAM_0:4:397277401><CT>" triggered "weaponstats2" (weapon "deagle") (head "0") (chest "0") (stomach "0") (leftarm "0") (rightarm "0") (leftleg "0") (rightleg "0")
L 03/26/2015 - 20:31:50: "[Hard_Skill]_Extazy<2><STEAM_0:4:397277401><CT>" triggered "weaponstats" (weapon "knife") (shots "1") (hits "0") (kills "0") (headshots "0") (tks "0") (damage "0") (deaths "0")
L 03/26/2015 - 20:31:50: "[Hard_Skill]_Extazy<2><STEAM_0:4:397277401><CT>" triggered "weaponstats2" (weapon "knife") (head "0") (chest "0") (stomach "0") (leftarm "0") (rightarm "0") (leftleg "0") (rightleg "0")
L 03/26/2015 - 20:31:50: "[Hard_Skill]_Extazy<2><STEAM_0:4:397277401><CT>" triggered "time" (time "0:47")
L 03/26/2015 - 20:31:50: "[Hard_Skill]_Extazy<2><STEAM_0:4:397277401><CT>" triggered "latency" (ping "7")
L 03/26/2015 - 20:31:50: [META] ini: Begin re-reading plugins list: /home/extazy/public/cstrike/addons/metamod/plugins.ini
L 03/26/2015 - 20:31:50: [META] ini: Read plugin config for: AMX Mod X
L 03/26/2015 - 20:31:50: [META] ini: Read plugin config for: dproto_EF
L 03/26/2015 - 20:31:50: [META] ini: Read plugin config for: VoiceTranscoder
L 03/26/2015 - 20:31:50: [META] ini: Finished reading plugins list: /home/extazy/public/cstrike/addons/metamod/plugins.ini; Found 3 plugins
L 03/26/2015 - 20:31:50: [META] dll: Updating plugins...
L 03/26/2015 - 20:31:50: [META] dll: Finished updating 12 plugins; kept 3, loaded 0, unloaded 0, reloaded 0, delayed 0
L 03/26/2015 - 20:31:50: "[Hard_Skill]_Extazy<2><STEAM_0:4:397277401><CT>" disconnected
L 03/26/2015 - 20:31:50: World triggered "Round_Draw" (CT "0") (T "0")
L 03/26/2015 - 20:31:50: World triggered "Round_End"
L 03/26/2015 - 20:31:50: Log file closed
