L 03/29/2015 - 20:12:16: Log file started (file "logs/L0329042.log") (game "cstrike") (version "48/1.6.3.7/Stdio/5787")
L 03/29/2015 - 20:12:16: Server cvar "mp_logdetail" = "3"
L 03/29/2015 - 20:12:16: Server cvar "mp_timelimit" = "30"
L 03/29/2015 - 20:12:16: Server cvar "mp_c4timer" = "35"
L 03/29/2015 - 20:12:16: Server cvar "mp_flashlight" = "1"
L 03/29/2015 - 20:12:16: Server cvar "mp_freezetime" = "5"
L 03/29/2015 - 20:12:16: Server cvar "mp_hostagepenalty" = "0"
L 03/29/2015 - 20:12:16: Server cvar "mp_limitteams" = "5"
L 03/29/2015 - 20:12:16: Server cvar "mp_roundtime" = "2.57"
L 03/29/2015 - 20:12:16: Server cvar "mp_tkpunish" = "1"
L 03/29/2015 - 20:12:16: Server cvar "sv_restartround" = "1"
L 03/29/2015 - 20:12:16: Server cvar "sv_maxspeed" = "320"
L 03/29/2015 - 20:12:16: Server cvar "sv_proxies" = "0"
L 03/29/2015 - 20:12:16: Server cvar "allow_spectators" = "4"
L 03/29/2015 - 20:12:16: Server cvar "mp_chattime" = "0"
L 03/29/2015 - 20:12:16: Server cvar "decalfrequency" = "9"
L 03/29/2015 - 20:12:16: Server cvar "sv_aim" = "0"
L 03/29/2015 - 20:12:16: Server cvar "sv_minrate" = "100000"
L 03/29/2015 - 20:12:16: Server cvar "sv_maxrate" = "50000"
L 03/29/2015 - 20:12:17: World triggered "Restart_Round_(1_second)"
L 03/29/2015 - 20:12:17: Team "CT" scored "0" with "0" players
L 03/29/2015 - 20:12:17: Team "TERRORIST" scored "0" with "0" players
L 03/29/2015 - 20:12:17: Server cvar "sv_restartround" = "0"
L 03/29/2015 - 20:12:23: World triggered "Round_Start"
L 03/29/2015 - 20:12:44: [DPROTO]: Client 0 - Set AuthIdType 3 [dp_RevEmu]; pClient = 0xb396af08
L 03/29/2015 - 20:12:44: "xaxaxaxaxaxaxaxa<1><STEAM_0:4:1218852939><>" connected, address "46.146.16.56:35065"
L 03/29/2015 - 20:12:44: [VTC] Player 1 speex
L 03/29/2015 - 20:13:59: [DPROTO]: Client 0 - Set AuthIdType 3 [dp_RevEmu]; pClient = 0xb396af08
L 03/29/2015 - 20:13:59: "xaxaxaxaxaxaxaxa<2><STEAM_0:4:1218852939><>" connected, address "46.146.16.56:35065"
L 03/29/2015 - 20:13:59: [VTC] Player 1 speex
L 03/29/2015 - 20:14:09: "xaxaxaxaxaxaxaxa<2><STEAM_0:4:1218852939><>" entered the game
L 03/29/2015 - 20:14:33: "xaxaxaxaxaxaxaxa<2><STEAM_0:4:1218852939><>" joined team "CT"
L 03/29/2015 - 20:14:57: Team "CT" triggered "Target_Saved" (CT "1") (T "0")
L 03/29/2015 - 20:14:57: World triggered "Round_End"
L 03/29/2015 - 20:15:07: World triggered "Round_Start"
L 03/29/2015 - 20:15:49: [DPROTO]: Client 1 - Set AuthIdType 3 [dp_RevEmu]; pClient = 0xb396fdfc
L 03/29/2015 - 20:15:49: "CheLoBeK<3><STEAM_0:4:686962763><>" connected, address "46.146.184.248:27005"
L 03/29/2015 - 20:15:49: [VTC] Player 2 speex
L 03/29/2015 - 20:15:50: [DPROTO]: Client 2 - Set AuthIdType 3 [dp_RevEmu]; pClient = 0xb3974cf0
L 03/29/2015 - 20:15:50: "AMKAR#Myl'TuK*<4><STEAM_0:4:166661874><>" connected, address "92.255.130.186:27005"
L 03/29/2015 - 20:15:51: [VTC] Player 3 speex
L 03/29/2015 - 20:16:30: [DPROTO]: Client 1 - Set AuthIdType 3 [dp_RevEmu]; pClient = 0xb396fdfc
L 03/29/2015 - 20:16:30: "MoJIogou<5><STEAM_0:4:822786251><>" connected, address "46.147.73.203:27005"
L 03/29/2015 - 20:16:30: [VTC] Player 2 speex
L 03/29/2015 - 20:17:00: [DPROTO]: Client 2 - Set AuthIdType 3 [dp_RevEmu]; pClient = 0xb3974cf0
L 03/29/2015 - 20:17:00: "AMKAR#Myl'TuK*<6><STEAM_0:4:166661874><>" connected, address "92.255.130.186:27005"
L 03/29/2015 - 20:17:00: [VTC] Player 3 speex
L 03/29/2015 - 20:17:03: "AMKAR#Myl'TuK*<6><STEAM_0:4:166661874><>" entered the game
L 03/29/2015 - 20:17:09: "AMKAR#Myl'TuK*<6><STEAM_0:4:166661874><>" joined team "TERRORIST"
L 03/29/2015 - 20:17:09: World triggered "Game_Commencing"
L 03/29/2015 - 20:17:09: World triggered "Game_Commencing" (CT "1") (T "0")
L 03/29/2015 - 20:17:09: World triggered "Round_End"
L 03/29/2015 - 20:17:12: "AMKAR#Myl'TuK*<6><STEAM_0:4:166661874><TERRORIST>" triggered "Spawned_With_The_Bomb"
L 03/29/2015 - 20:17:17: World triggered "Round_Start"
L 03/29/2015 - 20:17:25: [DPROTO]: Client 1 - Set AuthIdType 3 [dp_RevEmu]; pClient = 0xb396fdfc
L 03/29/2015 - 20:17:25: "CheLoBeK<7><STEAM_0:4:686962763><>" connected, address "46.146.184.248:27005"
L 03/29/2015 - 20:17:25: [VTC] Player 2 speex
L 03/29/2015 - 20:17:26: [DPROTO]: Client 3 - Set AuthIdType 3 [dp_RevEmu]; pClient = 0xb3979be4
L 03/29/2015 - 20:17:26: "MoJIogou<8><STEAM_0:4:822786251><>" connected, address "46.147.73.203:27005"
L 03/29/2015 - 20:17:26: [VTC] Player 4 speex
L 03/29/2015 - 20:17:32: "CheLoBeK<7><STEAM_0:4:686962763><>" entered the game
L 03/29/2015 - 20:17:41: "CheLoBeK<7><STEAM_0:4:686962763><>" joined team "TERRORIST"
L 03/29/2015 - 20:17:52: "AMKAR#Myl'TuK*<6><STEAM_0:4:166661874><TERRORIST>" attacked "xaxaxaxaxaxaxaxa<2><STEAM_0:4:1218852939><CT>" with "deagle" (damage "37") (damage_armor "0") (health "63") (armor "0")
L 03/29/2015 - 20:17:53: "AMKAR#Myl'TuK*<6><STEAM_0:4:166661874><TERRORIST>" attacked "xaxaxaxaxaxaxaxa<2><STEAM_0:4:1218852939><CT>" with "deagle" (damage "37") (damage_armor "0") (health "26") (armor "0")
L 03/29/2015 - 20:17:53: "MoJIogou<8><STEAM_0:4:822786251><>" entered the game
L 03/29/2015 - 20:17:53: "AMKAR#Myl'TuK*<6><STEAM_0:4:166661874><TERRORIST>" attacked "xaxaxaxaxaxaxaxa<2><STEAM_0:4:1218852939><CT>" with "deagle" (damage "37") (damage_armor "0") (health "-11") (armor "0")
L 03/29/2015 - 20:17:53: "AMKAR#Myl'TuK*<6><STEAM_0:4:166661874><TERRORIST>" killed "xaxaxaxaxaxaxaxa<2><STEAM_0:4:1218852939><CT>" with "deagle"
L 03/29/2015 - 20:17:53: Team "TERRORIST" triggered "Terrorists_Win" (CT "0") (T "1")
L 03/29/2015 - 20:17:53: World triggered "Round_End"
L 03/29/2015 - 20:17:58: "AMKAR#Myl'TuK*<6><STEAM_0:4:166661874><TERRORIST>" triggered "Spawned_With_The_Bomb"
L 03/29/2015 - 20:18:01: "MoJIogou<8><STEAM_0:4:822786251><>" joined team "CT"
L 03/29/2015 - 20:18:03: World triggered "Round_Start"
L 03/29/2015 - 20:18:18: "AMKAR#Myl'TuK*<6><STEAM_0:4:166661874><TERRORIST>" attacked "xaxaxaxaxaxaxaxa<2><STEAM_0:4:1218852939><CT>" with "ak47" (damage "34") (damage_armor "0") (health "66") (armor "0")
L 03/29/2015 - 20:18:18: "AMKAR#Myl'TuK*<6><STEAM_0:4:166661874><TERRORIST>" attacked "xaxaxaxaxaxaxaxa<2><STEAM_0:4:1218852939><CT>" with "ak47" (damage "34") (damage_armor "0") (health "32") (armor "0")
L 03/29/2015 - 20:18:18: "xaxaxaxaxaxaxaxa<2><STEAM_0:4:1218852939><CT>" attacked "AMKAR#Myl'TuK*<6><STEAM_0:4:166661874><TERRORIST>" with "mp5navy" (damage "22") (damage_armor "0") (health "78") (armor "0")
L 03/29/2015 - 20:18:19: "AMKAR#Myl'TuK*<6><STEAM_0:4:166661874><TERRORIST>" attacked "xaxaxaxaxaxaxaxa<2><STEAM_0:4:1218852939><CT>" with "ak47" (damage "34") (damage_armor "0") (health "-2") (armor "0")
L 03/29/2015 - 20:18:19: "AMKAR#Myl'TuK*<6><STEAM_0:4:166661874><TERRORIST>" killed "xaxaxaxaxaxaxaxa<2><STEAM_0:4:1218852939><CT>" with "ak47"
L 03/29/2015 - 20:18:54: "MoJIogou<8><STEAM_0:4:822786251><CT>" attacked "AMKAR#Myl'TuK*<6><STEAM_0:4:166661874><TERRORIST>" with "mp5navy" (damage "25") (damage_armor "0") (health "53") (armor "0")
L 03/29/2015 - 20:18:54: "MoJIogou<8><STEAM_0:4:822786251><CT>" attacked "AMKAR#Myl'TuK*<6><STEAM_0:4:166661874><TERRORIST>" with "mp5navy" (damage "26") (damage_armor "0") (health "27") (armor "0")
L 03/29/2015 - 20:18:54: "MoJIogou<8><STEAM_0:4:822786251><CT>" attacked "AMKAR#Myl'TuK*<6><STEAM_0:4:166661874><TERRORIST>" with "mp5navy" (damage "21") (damage_armor "0") (health "6") (armor "0")
L 03/29/2015 - 20:18:54: "MoJIogou<8><STEAM_0:4:822786251><CT>" attacked "AMKAR#Myl'TuK*<6><STEAM_0:4:166661874><TERRORIST>" with "mp5navy" (damage "21") (damage_armor "0") (health "-15") (armor "0")
L 03/29/2015 - 20:18:54: "MoJIogou<8><STEAM_0:4:822786251><CT>" killed "AMKAR#Myl'TuK*<6><STEAM_0:4:166661874><TERRORIST>" with "mp5navy"
L 03/29/2015 - 20:18:54: "AMKAR#Myl'TuK*<6><STEAM_0:4:166661874><TERRORIST>" triggered "Dropped_The_Bomb"
L 03/29/2015 - 20:18:57: [DPROTO]: Client 4 - Set AuthIdType 3 [dp_RevEmu]; pClient = 0xb397ead8
L 03/29/2015 - 20:18:57: "GOOD.Le[k]S<9><STEAM_0:4:644762885><>" connected, address "178.120.128.229:33095"
L 03/29/2015 - 20:18:58: [VTC] Player 5 speex
L 03/29/2015 - 20:19:02: "GOOD.Le[k]S<9><STEAM_0:4:644762885><>" entered the game
L 03/29/2015 - 20:19:06: "GOOD.Le[k]S<9><STEAM_0:4:644762885><>" joined team "CT"
L 03/29/2015 - 20:19:32: "MoJIogou<8><STEAM_0:4:822786251><CT>" attacked "CheLoBeK<7><STEAM_0:4:686962763><TERRORIST>" with "ak47" (damage "25") (damage_armor "4") (health "75") (armor "96")
L 03/29/2015 - 20:19:32: "CheLoBeK<7><STEAM_0:4:686962763><TERRORIST>" attacked "MoJIogou<8><STEAM_0:4:822786251><CT>" with "ak47" (damage "33") (damage_armor "0") (health "67") (armor "0")
L 03/29/2015 - 20:19:33: "MoJIogou<8><STEAM_0:4:822786251><CT>" attacked "CheLoBeK<7><STEAM_0:4:686962763><TERRORIST>" with "ak47" (damage "24") (damage_armor "0") (health "51") (armor "96")
L 03/29/2015 - 20:19:33: "MoJIogou<8><STEAM_0:4:822786251><CT>" attacked "CheLoBeK<7><STEAM_0:4:686962763><TERRORIST>" with "ak47" (damage "102") (damage_armor "15") (health "-51") (armor "81")
L 03/29/2015 - 20:19:33: "MoJIogou<8><STEAM_0:4:822786251><CT>" killed "CheLoBeK<7><STEAM_0:4:686962763><TERRORIST>" with "ak47"
L 03/29/2015 - 20:19:33: Team "CT" triggered "CTs_Win" (CT "1") (T "1")
L 03/29/2015 - 20:19:33: World triggered "Round_End"
L 03/29/2015 - 20:19:38: "CheLoBeK<7><STEAM_0:4:686962763><TERRORIST>" triggered "Spawned_With_The_Bomb"
L 03/29/2015 - 20:19:43: World triggered "Round_Start"
L 03/29/2015 - 20:20:00: "GOOD.Le[k]S<9><STEAM_0:4:644762885><CT>" attacked "AMKAR#Myl'TuK*<6><STEAM_0:4:166661874><TERRORIST>" with "m4a1" (damage "27") (damage_armor "0") (health "73") (armor "0")
L 03/29/2015 - 20:20:01: "GOOD.Le[k]S<9><STEAM_0:4:644762885><CT>" attacked "AMKAR#Myl'TuK*<6><STEAM_0:4:166661874><TERRORIST>" with "m4a1" (damage "33") (damage_armor "0") (health "40") (armor "0")
L 03/29/2015 - 20:20:03: "AMKAR#Myl'TuK*<6><STEAM_0:4:166661874><TERRORIST>" attacked "GOOD.Le[k]S<9><STEAM_0:4:644762885><CT>" with "deagle" (damage "28") (damage_armor "0") (health "72") (armor "0")
L 03/29/2015 - 20:20:03: "CheLoBeK<7><STEAM_0:4:686962763><TERRORIST>" attacked "GOOD.Le[k]S<9><STEAM_0:4:644762885><CT>" with "deagle" (damage "29") (damage_armor "0") (health "43") (armor "0")
L 03/29/2015 - 20:20:03: "GOOD.Le[k]S<9><STEAM_0:4:644762885><CT>" attacked "AMKAR#Myl'TuK*<6><STEAM_0:4:166661874><TERRORIST>" with "m4a1" (damage "21") (damage_armor "0") (health "19") (armor "0")
L 03/29/2015 - 20:20:03: "AMKAR#Myl'TuK*<6><STEAM_0:4:166661874><TERRORIST>" attacked "GOOD.Le[k]S<9><STEAM_0:4:644762885><CT>" with "deagle" (damage "28") (damage_armor "0") (health "15") (armor "0")
L 03/29/2015 - 20:20:03: "GOOD.Le[k]S<9><STEAM_0:4:644762885><CT>" attacked "CheLoBeK<7><STEAM_0:4:686962763><TERRORIST>" with "m4a1" (damage "21") (damage_armor "0") (health "79") (armor "0")
L 03/29/2015 - 20:20:04: "AMKAR#Myl'TuK*<6><STEAM_0:4:166661874><TERRORIST>" attacked "GOOD.Le[k]S<9><STEAM_0:4:644762885><CT>" with "deagle" (damage "27") (damage_armor "0") (health "-12") (armor "0")
L 03/29/2015 - 20:20:04: "AMKAR#Myl'TuK*<6><STEAM_0:4:166661874><TERRORIST>" killed "GOOD.Le[k]S<9><STEAM_0:4:644762885><CT>" with "deagle"
L 03/29/2015 - 20:20:34: "AMKAR#Myl'TuK*<6><STEAM_0:4:166661874><TERRORIST>" attacked "MoJIogou<8><STEAM_0:4:822786251><CT>" with "deagle" (damage "34") (damage_armor "0") (health "66") (armor "0")
L 03/29/2015 - 20:20:34: "AMKAR#Myl'TuK*<6><STEAM_0:4:166661874><TERRORIST>" attacked "MoJIogou<8><STEAM_0:4:822786251><CT>" with "deagle" (damage "25") (damage_armor "0") (health "41") (armor "0")
L 03/29/2015 - 20:20:37: "MoJIogou<8><STEAM_0:4:822786251><CT>" attacked "CheLoBeK<7><STEAM_0:4:686962763><TERRORIST>" with "deagle" (damage "14") (damage_armor "0") (health "65") (armor "0")
L 03/29/2015 - 20:20:37: "CheLoBeK<7><STEAM_0:4:686962763><TERRORIST>" attacked "MoJIogou<8><STEAM_0:4:822786251><CT>" with "deagle" (damage "40") (damage_armor "0") (health "1") (armor "0")
L 03/29/2015 - 20:20:37: "MoJIogou<8><STEAM_0:4:822786251><CT>" attacked "CheLoBeK<7><STEAM_0:4:686962763><TERRORIST>" with "deagle" (damage "41") (damage_armor "0") (health "24") (armor "0")
L 03/29/2015 - 20:20:41: "MoJIogou<8><STEAM_0:4:822786251><CT>" attacked "CheLoBeK<7><STEAM_0:4:686962763><TERRORIST>" with "m4a1" (damage "32") (damage_armor "0") (health "-8") (armor "0")
L 03/29/2015 - 20:20:41: "MoJIogou<8><STEAM_0:4:822786251><CT>" killed "CheLoBeK<7><STEAM_0:4:686962763><TERRORIST>" with "m4a1"
L 03/29/2015 - 20:20:41: "CheLoBeK<7><STEAM_0:4:686962763><TERRORIST>" triggered "Dropped_The_Bomb"
L 03/29/2015 - 20:20:46: "MoJIogou<8><STEAM_0:4:822786251><CT>" attacked "AMKAR#Myl'TuK*<6><STEAM_0:4:166661874><TERRORIST>" with "m4a1" (damage "21") (damage_armor "0") (health "-2") (armor "0")
L 03/29/2015 - 20:20:46: "MoJIogou<8><STEAM_0:4:822786251><CT>" killed "AMKAR#Myl'TuK*<6><STEAM_0:4:166661874><TERRORIST>" with "m4a1"
L 03/29/2015 - 20:20:46: Team "CT" triggered "CTs_Win" (CT "2") (T "1")
L 03/29/2015 - 20:20:46: World triggered "Round_End"
L 03/29/2015 - 20:20:51: "AMKAR#Myl'TuK*<6><STEAM_0:4:166661874><TERRORIST>" triggered "Spawned_With_The_Bomb"
L 03/29/2015 - 20:20:56: World triggered "Round_Start"
L 03/29/2015 - 20:21:08: "AMKAR#Myl'TuK*<6><STEAM_0:4:166661874><TERRORIST>" attacked "MoJIogou<8><STEAM_0:4:822786251><CT>" with "ak47" (damage "27") (damage_armor "4") (health "73") (armor "96")
L 03/29/2015 - 20:21:08: "AMKAR#Myl'TuK*<6><STEAM_0:4:166661874><TERRORIST>" attacked "MoJIogou<8><STEAM_0:4:822786251><CT>" with "ak47" (damage "27") (damage_armor "4") (health "46") (armor "92")
L 03/29/2015 - 20:21:09: "AMKAR#Myl'TuK*<6><STEAM_0:4:166661874><TERRORIST>" attacked "MoJIogou<8><STEAM_0:4:822786251><CT>" with "ak47" (damage "27") (damage_armor "4") (health "19") (armor "88")
L 03/29/2015 - 20:21:09: "MoJIogou<8><STEAM_0:4:822786251><CT>" attacked "AMKAR#Myl'TuK*<6><STEAM_0:4:166661874><TERRORIST>" with "m4a1" (damage "23") (damage_armor "0") (health "77") (armor "0")
L 03/29/2015 - 20:21:09: "MoJIogou<8><STEAM_0:4:822786251><CT>" attacked "AMKAR#Myl'TuK*<6><STEAM_0:4:166661874><TERRORIST>" with "m4a1" (damage "23") (damage_armor "0") (health "54") (armor "0")
L 03/29/2015 - 20:21:09: "AMKAR#Myl'TuK*<6><STEAM_0:4:166661874><TERRORIST>" attacked "MoJIogou<8><STEAM_0:4:822786251><CT>" with "ak47" (damage "27") (damage_armor "4") (health "-8") (armor "84")
L 03/29/2015 - 20:21:09: "AMKAR#Myl'TuK*<6><STEAM_0:4:166661874><TERRORIST>" killed "MoJIogou<8><STEAM_0:4:822786251><CT>" with "ak47"
L 03/29/2015 - 20:21:12: "GOOD.Le[k]S<9><STEAM_0:4:644762885><CT>" attacked "CheLoBeK<7><STEAM_0:4:686962763><TERRORIST>" with "famas" (damage "112") (damage_armor "0") (health "-12") (armor "0")
L 03/29/2015 - 20:21:12: "GOOD.Le[k]S<9><STEAM_0:4:644762885><CT>" killed "CheLoBeK<7><STEAM_0:4:686962763><TERRORIST>" with "famas"
L 03/29/2015 - 20:21:12: "MoJIogou<8><STEAM_0:4:822786251><CT>" triggered "weaponstats" (weapon "mp5navy") (shots "12") (hits "4") (kills "1") (headshots "0") (tks "0") (damage "93") (deaths "0")
L 03/29/2015 - 20:21:12: "MoJIogou<8><STEAM_0:4:822786251><CT>" triggered "weaponstats2" (weapon "mp5navy") (head "0") (chest "2") (stomach "2") (leftarm "0") (rightarm "0") (leftleg "0") (rightleg "0")
L 03/29/2015 - 20:21:12: "MoJIogou<8><STEAM_0:4:822786251><CT>" triggered "weaponstats" (weapon "m4a1") (shots "29") (hits "4") (kills "2") (headshots "0") (tks "0") (damage "99") (deaths "1")
L 03/29/2015 - 20:21:12: "MoJIogou<8><STEAM_0:4:822786251><CT>" triggered "weaponstats2" (weapon "m4a1") (head "0") (chest "1") (stomach "0") (leftarm "0") (rightarm "0") (leftleg "3") (rightleg "0")
L 03/29/2015 - 20:21:12: "MoJIogou<8><STEAM_0:4:822786251><CT>" triggered "weaponstats" (weapon "deagle") (shots "7") (hits "2") (kills "0") (headshots "0") (tks "0") (damage "55") (deaths "0")
L 03/29/2015 - 20:21:12: "MoJIogou<8><STEAM_0:4:822786251><CT>" triggered "weaponstats2" (weapon "deagle") (head "0") (chest "0") (stomach "0") (leftarm "1") (rightarm "0") (leftleg "0") (rightleg "1")
L 03/29/2015 - 20:21:12: "MoJIogou<8><STEAM_0:4:822786251><CT>" triggered "weaponstats" (weapon "ak47") (shots "14") (hits "3") (kills "1") (headshots "1") (tks "0") (damage "151") (deaths "0")
L 03/29/2015 - 20:21:12: "MoJIogou<8><STEAM_0:4:822786251><CT>" triggered "weaponstats2" (weapon "ak47") (head "1") (chest "1") (stomach "0") (leftarm "0") (rightarm "0") (leftleg "0") (rightleg "1")
L 03/29/2015 - 20:21:12: "MoJIogou<8><STEAM_0:4:822786251><CT>" triggered "time" (time "3:18")
L 03/29/2015 - 20:21:12: "MoJIogou<8><STEAM_0:4:822786251><CT>" triggered "latency" (ping "70")
L 03/29/2015 - 20:21:12: "MoJIogou<8><STEAM_0:4:822786251><CT>" disconnected
L 03/29/2015 - 20:21:12: "AMKAR#Myl'TuK*<6><STEAM_0:4:166661874><TERRORIST>" attacked "GOOD.Le[k]S<9><STEAM_0:4:644762885><CT>" with "ak47" (damage "34") (damage_armor "0") (health "66") (armor "0")
L 03/29/2015 - 20:21:12: "AMKAR#Myl'TuK*<6><STEAM_0:4:166661874><TERRORIST>" attacked "GOOD.Le[k]S<9><STEAM_0:4:644762885><CT>" with "ak47" (damage "34") (damage_armor "0") (health "32") (armor "0")
L 03/29/2015 - 20:21:13: "AMKAR#Myl'TuK*<6><STEAM_0:4:166661874><TERRORIST>" attacked "GOOD.Le[k]S<9><STEAM_0:4:644762885><CT>" with "ak47" (damage "34") (damage_armor "0") (health "-2") (armor "0")
L 03/29/2015 - 20:21:13: "AMKAR#Myl'TuK*<6><STEAM_0:4:166661874><TERRORIST>" killed "GOOD.Le[k]S<9><STEAM_0:4:644762885><CT>" with "ak47"
L 03/29/2015 - 20:21:28: "AMKAR#Myl'TuK*<6><STEAM_0:4:166661874><TERRORIST>" attacked "xaxaxaxaxaxaxaxa<2><STEAM_0:4:1218852939><CT>" with "ak47" (damage "25") (damage_armor "4") (health "75") (armor "96")
L 03/29/2015 - 20:21:31: "AMKAR#Myl'TuK*<6><STEAM_0:4:166661874><TERRORIST>" attacked "xaxaxaxaxaxaxaxa<2><STEAM_0:4:1218852939><CT>" with "ak47" (damage "25") (damage_armor "4") (health "50") (armor "92")
L 03/29/2015 - 20:21:34: "xaxaxaxaxaxaxaxa<2><STEAM_0:4:1218852939><CT>" attacked "AMKAR#Myl'TuK*<6><STEAM_0:4:166661874><TERRORIST>" with "m4a1" (damage "21") (damage_armor "0") (health "33") (armor "0")
L 03/29/2015 - 20:21:48: "AMKAR#Myl'TuK*<6><STEAM_0:4:166661874><TERRORIST>" attacked "xaxaxaxaxaxaxaxa<2><STEAM_0:4:1218852939><CT>" with "ak47" (damage "26") (damage_armor "4") (health "24") (armor "88")
L 03/29/2015 - 20:21:49: "xaxaxaxaxaxaxaxa<2><STEAM_0:4:1218852939><CT>" attacked "AMKAR#Myl'TuK*<6><STEAM_0:4:166661874><TERRORIST>" with "m4a1" (damage "21") (damage_armor "0") (health "12") (armor "0")
L 03/29/2015 - 20:21:50: "xaxaxaxaxaxaxaxa<2><STEAM_0:4:1218852939><CT>" attacked "AMKAR#Myl'TuK*<6><STEAM_0:4:166661874><TERRORIST>" with "m4a1" (damage "36") (damage_armor "0") (health "-24") (armor "0")
L 03/29/2015 - 20:21:50: "xaxaxaxaxaxaxaxa<2><STEAM_0:4:1218852939><CT>" killed "AMKAR#Myl'TuK*<6><STEAM_0:4:166661874><TERRORIST>" with "m4a1"
L 03/29/2015 - 20:21:50: Team "CT" triggered "CTs_Win" (CT "3") (T "1")
L 03/29/2015 - 20:21:50: World triggered "Round_End"
L 03/29/2015 - 20:21:55: "CheLoBeK<7><STEAM_0:4:686962763><TERRORIST>" triggered "Spawned_With_The_Bomb"
L 03/29/2015 - 20:22:00: World triggered "Round_Start"
L 03/29/2015 - 20:22:10: "CheLoBeK<7><STEAM_0:4:686962763><TERRORIST>" attacked "GOOD.Le[k]S<9><STEAM_0:4:644762885><CT>" with "galil" (damage "29") (damage_armor "0") (health "71") (armor "0")
L 03/29/2015 - 20:22:11: "GOOD.Le[k]S<9><STEAM_0:4:644762885><CT>" attacked "CheLoBeK<7><STEAM_0:4:686962763><TERRORIST>" with "famas" (damage "132") (damage_armor "0") (health "-32") (armor "0")
L 03/29/2015 - 20:22:11: "GOOD.Le[k]S<9><STEAM_0:4:644762885><CT>" killed "CheLoBeK<7><STEAM_0:4:686962763><TERRORIST>" with "famas"
L 03/29/2015 - 20:22:11: "CheLoBeK<7><STEAM_0:4:686962763><TERRORIST>" triggered "Dropped_The_Bomb"
L 03/29/2015 - 20:22:16: "CheLoBeK<7><STEAM_0:4:686962763><TERRORIST>" say "blya" (dead)
L 03/29/2015 - 20:22:28: [DPROTO]: Client 3 - Set AuthIdType 3 [dp_RevEmu]; pClient = 0xb3979be4
L 03/29/2015 - 20:22:28: "tihij_DON<10><STEAM_0:4:220777733><>" connected, address "178.120.13.179:20307"
L 03/29/2015 - 20:22:29: [VTC] Player 4 speex
L 03/29/2015 - 20:22:29: "AMKAR#Myl'TuK*<6><STEAM_0:4:166661874><TERRORIST>" attacked "GOOD.Le[k]S<9><STEAM_0:4:644762885><CT>" with "ak47" (damage "42") (damage_armor "0") (health "29") (armor "0")
L 03/29/2015 - 20:22:30: "AMKAR#Myl'TuK*<6><STEAM_0:4:166661874><TERRORIST>" attacked "GOOD.Le[k]S<9><STEAM_0:4:644762885><CT>" with "ak47" (damage "34") (damage_armor "0") (health "-5") (armor "0")
L 03/29/2015 - 20:22:30: "AMKAR#Myl'TuK*<6><STEAM_0:4:166661874><TERRORIST>" killed "GOOD.Le[k]S<9><STEAM_0:4:644762885><CT>" with "ak47"
L 03/29/2015 - 20:22:32: [DPROTO]: Client 3 - Set AuthIdType 3 [dp_RevEmu]; pClient = 0xb3979be4
L 03/29/2015 - 20:22:32: "tihij_DON<11><STEAM_0:4:220777733><>" connected, address "178.120.13.179:20307"
L 03/29/2015 - 20:22:32: [VTC] Player 4 speex
L 03/29/2015 - 20:22:36: "tihij_DON<11><STEAM_0:4:220777733><>" entered the game
L 03/29/2015 - 20:22:41: "tihij_DON<11><STEAM_0:4:220777733><UNASSIGNED>" triggered "time" (time "0:05")
L 03/29/2015 - 20:22:41: "tihij_DON<11><STEAM_0:4:220777733><UNASSIGNED>" triggered "latency" (ping "0")
L 03/29/2015 - 20:22:41: "tihij_DON<11><STEAM_0:4:220777733><>" disconnected
L 03/29/2015 - 20:22:50: "AMKAR#Myl'TuK*<6><STEAM_0:4:166661874><TERRORIST>" triggered "Got_The_Bomb"
L 03/29/2015 - 20:23:15: "xaxaxaxaxaxaxaxa<2><STEAM_0:4:1218852939><CT>" triggered "weaponstats" (weapon "grenade") (shots "2") (hits "0") (kills "0") (headshots "0") (tks "0") (damage "0") (deaths "0")
L 03/29/2015 - 20:23:15: "xaxaxaxaxaxaxaxa<2><STEAM_0:4:1218852939><CT>" triggered "weaponstats2" (weapon "grenade") (head "0") (chest "0") (stomach "0") (leftarm "0") (rightarm "0") (leftleg "0") (rightleg "0")
L 03/29/2015 - 20:23:15: "xaxaxaxaxaxaxaxa<2><STEAM_0:4:1218852939><CT>" triggered "weaponstats" (weapon "usp") (shots "34") (hits "0") (kills "0") (headshots "0") (tks "0") (damage "0") (deaths "1")
L 03/29/2015 - 20:23:15: "xaxaxaxaxaxaxaxa<2><STEAM_0:4:1218852939><CT>" triggered "weaponstats2" (weapon "usp") (head "0") (chest "0") (stomach "0") (leftarm "0") (rightarm "0") (leftleg "0") (rightleg "0")
L 03/29/2015 - 20:23:15: "xaxaxaxaxaxaxaxa<2><STEAM_0:4:1218852939><CT>" triggered "weaponstats" (weapon "mp5navy") (shots "13") (hits "1") (kills "0") (headshots "0") (tks "0") (damage "22") (deaths "1")
L 03/29/2015 - 20:23:15: "xaxaxaxaxaxaxaxa<2><STEAM_0:4:1218852939><CT>" triggered "weaponstats2" (weapon "mp5navy") (head "0") (chest "0") (stomach "1") (leftarm "0") (rightarm "0") (leftleg "0") (rightleg "0")
L 03/29/2015 - 20:23:15: "xaxaxaxaxaxaxaxa<2><STEAM_0:4:1218852939><CT>" triggered "weaponstats" (weapon "m4a1") (shots "32") (hits "3") (kills "1") (headshots "0") (tks "0") (damage "78") (deaths "0")
L 03/29/2015 - 20:23:15: "xaxaxaxaxaxaxaxa<2><STEAM_0:4:1218852939><CT>" triggered "weaponstats2" (weapon "m4a1") (head "0") (chest "0") (stomach "1") (leftarm "0") (rightarm "0") (leftleg "1") (rightleg "1")
L 03/29/2015 - 20:23:15: "xaxaxaxaxaxaxaxa<2><STEAM_0:4:1218852939><CT>" triggered "time" (time "9:06")
L 03/29/2015 - 20:23:15: "xaxaxaxaxaxaxaxa<2><STEAM_0:4:1218852939><CT>" triggered "latency" (ping "49")
L 03/29/2015 - 20:23:15: "CheLoBeK<7><STEAM_0:4:686962763><TERRORIST>" triggered "weaponstats" (weapon "galil") (shots "14") (hits "1") (kills "0") (headshots "0") (tks "0") (damage "29") (deaths "1")
L 03/29/2015 - 20:23:15: "CheLoBeK<7><STEAM_0:4:686962763><TERRORIST>" triggered "weaponstats2" (weapon "galil") (head "0") (chest "0") (stomach "0") (leftarm "0") (rightarm "1") (leftleg "0") (rightleg "0")
L 03/29/2015 - 20:23:15: "CheLoBeK<7><STEAM_0:4:686962763><TERRORIST>" triggered "weaponstats" (weapon "glock18") (shots "2") (hits "0") (kills "0") (headshots "0") (tks "0") (damage "0") (deaths "0")
L 03/29/2015 - 20:23:15: "CheLoBeK<7><STEAM_0:4:686962763><TERRORIST>" triggered "weaponstats2" (weapon "glock18") (head "0") (chest "0") (stomach "0") (leftarm "0") (rightarm "0") (leftleg "0") (rightleg "0")
L 03/29/2015 - 20:23:15: "CheLoBeK<7><STEAM_0:4:686962763><TERRORIST>" triggered "weaponstats" (weapon "deagle") (shots "19") (hits "2") (kills "0") (headshots "0") (tks "0") (damage "69") (deaths "1")
L 03/29/2015 - 20:23:15: "CheLoBeK<7><STEAM_0:4:686962763><TERRORIST>" triggered "weaponstats2" (weapon "deagle") (head "0") (chest "0") (stomach "0") (leftarm "1") (rightarm "1") (leftleg "0") (rightleg "0")
L 03/29/2015 - 20:23:15: "CheLoBeK<7><STEAM_0:4:686962763><TERRORIST>" triggered "weaponstats" (weapon "ak47") (shots "14") (hits "1") (kills "0") (headshots "0") (tks "0") (damage "33") (deaths "2")
L 03/29/2015 - 20:23:15: "CheLoBeK<7><STEAM_0:4:686962763><TERRORIST>" triggered "weaponstats2" (weapon "ak47") (head "0") (chest "0") (stomach "0") (leftarm "1") (rightarm "0") (leftleg "0") (rightleg "0")
L 03/29/2015 - 20:23:15: "CheLoBeK<7><STEAM_0:4:686962763><TERRORIST>" triggered "time" (time "5:43")
L 03/29/2015 - 20:23:15: "CheLoBeK<7><STEAM_0:4:686962763><TERRORIST>" triggered "latency" (ping "40")
L 03/29/2015 - 20:23:15: "AMKAR#Myl'TuK*<6><STEAM_0:4:166661874><TERRORIST>" triggered "weaponstats" (weapon "deagle") (shots "22") (hits "8") (kills "2") (headshots "0") (tks "0") (damage "253") (deaths "1")
L 03/29/2015 - 20:23:15: "AMKAR#Myl'TuK*<6><STEAM_0:4:166661874><TERRORIST>" triggered "weaponstats2" (weapon "deagle") (head "0") (chest "0") (stomach "0") (leftarm "7") (rightarm "0") (leftleg "1") (rightleg "0")
L 03/29/2015 - 20:23:15: "AMKAR#Myl'TuK*<6><STEAM_0:4:166661874><TERRORIST>" triggered "weaponstats" (weapon "ak47") (shots "73") (hits "15") (kills "4") (headshots "0") (tks "0") (damage "464") (deaths "2")
L 03/29/2015 - 20:23:15: "AMKAR#Myl'TuK*<6><STEAM_0:4:166661874><TERRORIST>" triggered "weaponstats2" (weapon "ak47") (head "0") (chest "2") (stomach "1") (leftarm "9") (rightarm "3") (leftleg "0") (rightleg "0")
L 03/29/2015 - 20:23:15: "AMKAR#Myl'TuK*<6><STEAM_0:4:166661874><TERRORIST>" triggered "weaponstats" (weapon "knife") (shots "3") (hits "0") (kills "0") (headshots "0") (tks "0") (damage "0") (deaths "0")
L 03/29/2015 - 20:23:15: "AMKAR#Myl'TuK*<6><STEAM_0:4:166661874><TERRORIST>" triggered "weaponstats2" (weapon "knife") (head "0") (chest "0") (stomach "0") (leftarm "0") (rightarm "0") (leftleg "0") (rightleg "0")
L 03/29/2015 - 20:23:15: "AMKAR#Myl'TuK*<6><STEAM_0:4:166661874><TERRORIST>" triggered "time" (time "6:11")
L 03/29/2015 - 20:23:15: "AMKAR#Myl'TuK*<6><STEAM_0:4:166661874><TERRORIST>" triggered "latency" (ping "37")
L 03/29/2015 - 20:23:15: "GOOD.Le[k]S<9><STEAM_0:4:644762885><CT>" triggered "weaponstats" (weapon "famas") (shots "13") (hits "2") (kills "2") (headshots "2") (tks "0") (damage "244") (deaths "2")
L 03/29/2015 - 20:23:15: "GOOD.Le[k]S<9><STEAM_0:4:644762885><CT>" triggered "weaponstats2" (weapon "famas") (head "2") (chest "0") (stomach "0") (leftarm "0") (rightarm "0") (leftleg "0") (rightleg "0")
L 03/29/2015 - 20:23:15: "GOOD.Le[k]S<9><STEAM_0:4:644762885><CT>" triggered "weaponstats" (weapon "usp") (shots "2") (hits "0") (kills "0") (headshots "0") (tks "0") (damage "0") (deaths "0")
L 03/29/2015 - 20:23:15: "GOOD.Le[k]S<9><STEAM_0:4:644762885><CT>" triggered "weaponstats2" (weapon "usp") (head "0") (chest "0") (stomach "0") (leftarm "0") (rightarm "0") (leftleg "0") (rightleg "0")
L 03/29/2015 - 20:23:15: "GOOD.Le[k]S<9><STEAM_0:4:644762885><CT>" triggered "weaponstats" (weapon "m4a1") (shots "13") (hits "4") (kills "0") (headshots "0") (tks "0") (damage "102") (deaths "1")
L 03/29/2015 - 20:23:15: "GOOD.Le[k]S<9><STEAM_0:4:644762885><CT>" triggered "weaponstats2" (weapon "m4a1") (head "0") (chest "0") (stomach "1") (leftarm "1") (rightarm "0") (leftleg "2") (rightleg "0")
L 03/29/2015 - 20:23:15: "GOOD.Le[k]S<9><STEAM_0:4:644762885><CT>" triggered "weaponstats" (weapon "deagle") (shots "1") (hits "0") (kills "0") (headshots "0") (tks "0") (damage "0") (deaths "0")
L 03/29/2015 - 20:23:15: "GOOD.Le[k]S<9><STEAM_0:4:644762885><CT>" triggered "weaponstats2" (weapon "deagle") (head "0") (chest "0") (stomach "0") (leftarm "0") (rightarm "0") (leftleg "0") (rightleg "0")
L 03/29/2015 - 20:23:15: "GOOD.Le[k]S<9><STEAM_0:4:644762885><CT>" triggered "time" (time "4:13")
L 03/29/2015 - 20:23:15: "GOOD.Le[k]S<9><STEAM_0:4:644762885><CT>" triggered "latency" (ping "45")
L 03/29/2015 - 20:23:15: [META] ini: Begin re-reading plugins list: /home/extazy/public/cstrike/addons/metamod/plugins.ini
L 03/29/2015 - 20:23:15: [META] ini: Read plugin config for: AMX Mod X
L 03/29/2015 - 20:23:15: [META] ini: Read plugin config for: dproto_EF
L 03/29/2015 - 20:23:15: [META] ini: Read plugin config for: VoiceTranscoder
L 03/29/2015 - 20:23:15: [META] ini: Read plugin config for: WHBlocker
L 03/29/2015 - 20:23:15: [META] ini: Finished reading plugins list: /home/extazy/public/cstrike/addons/metamod/plugins.ini; Found 4 plugins
L 03/29/2015 - 20:23:15: [META] dll: Updating plugins...
L 03/29/2015 - 20:23:15: [META] dll: Finished updating 13 plugins; kept 4, loaded 0, unloaded 0, reloaded 0, delayed 0
L 03/29/2015 - 20:23:15: "xaxaxaxaxaxaxaxa<2><STEAM_0:4:1218852939><CT>" disconnected
L 03/29/2015 - 20:23:15: Team "TERRORIST" triggered "Terrorists_Win" (CT "3") (T "2")
L 03/29/2015 - 20:23:15: World triggered "Round_End"
L 03/29/2015 - 20:23:15: "CheLoBeK<7><STEAM_0:4:686962763><TERRORIST>" disconnected
L 03/29/2015 - 20:23:15: "AMKAR#Myl'TuK*<6><STEAM_0:4:166661874><TERRORIST>" disconnected
L 03/29/2015 - 20:23:15: "GOOD.Le[k]S<9><STEAM_0:4:644762885><CT>" disconnected
L 03/29/2015 - 20:23:15: Log file closed
