L 03/22/2015 - 14:49:36: Log file started (file "logs/L0322044.log") (game "cstrike") (version "48/1.6.3.7/Stdio/5787")
L 03/22/2015 - 14:49:36: Loading map "cs_assault"
L 03/22/2015 - 14:49:36: Server cvars start
L 03/22/2015 - 14:49:36: Server cvar "_tutor_bomb_viewable_check_interval" = "0.5"
L 03/22/2015 - 14:49:36: Server cvar "_tutor_debug_level" = "0"
L 03/22/2015 - 14:49:36: Server cvar "_tutor_examine_time" = "0.5"
L 03/22/2015 - 14:49:36: Server cvar "_tutor_hint_interval_time" = "10.0"
L 03/22/2015 - 14:49:36: Server cvar "_tutor_look_angle" = "10"
L 03/22/2015 - 14:49:36: Server cvar "_tutor_look_distance" = "200"
L 03/22/2015 - 14:49:36: Server cvar "_tutor_message_character_display_time_coefficient" = "0.07"
L 03/22/2015 - 14:49:36: Server cvar "_tutor_message_minimum_display_time" = "1"
L 03/22/2015 - 14:49:36: Server cvar "_tutor_message_repeats" = "5"
L 03/22/2015 - 14:49:36: Server cvar "_tutor_view_distance" = "1000"
L 03/22/2015 - 14:49:36: Server cvar "aesp_version" = "1.5b_mini"
L 03/22/2015 - 14:49:36: Server cvar "allow_spectators" = "4"
L 03/22/2015 - 14:49:36: Server cvar "amx_client_languages" = "0"
L 03/22/2015 - 14:49:36: Server cvar "amx_contactinfo" = "ICQ: 691322983"
L 03/22/2015 - 14:49:36: Server cvar "amx_language" = "ru"
L 03/22/2015 - 14:49:36: Server cvar "amx_nextmap" = "aim_headshot"
L 03/22/2015 - 14:49:36: Server cvar "amx_timeleft" = "22:32"
L 03/22/2015 - 14:49:36: Server cvar "amxbans_ssversion" = "Gm 1.6"
L 03/22/2015 - 14:49:36: Server cvar "amxbans_version" = "Gm 1.6"
L 03/22/2015 - 14:49:36: Server cvar "amxmodx_version" = "1.8.1.3746"
L 03/22/2015 - 14:49:36: Server cvar "Colored Translit Cheat" = "Loaded"
L 03/22/2015 - 14:49:36: Server cvar "Colored Translit Config" = "Loaded"
L 03/22/2015 - 14:49:36: Server cvar "Colored Translit Ignores" = "Loaded"
L 03/22/2015 - 14:49:36: Server cvar "Colored Translit Replace" = "Failed"
L 03/22/2015 - 14:49:36: Server cvar "Colored Translit Spam" = "Loaded"
L 03/22/2015 - 14:49:36: Server cvar "Colored Translit Status" = "Loaded"
L 03/22/2015 - 14:49:36: Server cvar "Colored Translit Swear" = "Loaded"
L 03/22/2015 - 14:49:36: Server cvar "Colored Translit Version" = "2.0b Final"
L 03/22/2015 - 14:49:36: Server cvar "coop" = "0"
L 03/22/2015 - 14:49:36: Server cvar "deathmatch" = "1"
L 03/22/2015 - 14:49:36: Server cvar "decalfrequency" = "9"
L 03/22/2015 - 14:49:36: Server cvar "dp_version" = "0.9.391"
L 03/22/2015 - 14:49:36: Server cvar "edgefriction" = "2"
L 03/22/2015 - 14:49:36: Server cvar "hostage_debug" = "0"
L 03/22/2015 - 14:49:36: Server cvar "hostage_stop" = "0"
L 03/22/2015 - 14:49:36: Server cvar "humans_join_team" = "any"
L 03/22/2015 - 14:49:36: Server cvar "jtp10181" = "chute"
L 03/22/2015 - 14:49:36: Server cvar "max_queries_sec" = "3.0"
L 03/22/2015 - 14:49:36: Server cvar "max_queries_sec_global" = "30"
L 03/22/2015 - 14:49:36: Server cvar "max_queries_window" = "60"
L 03/22/2015 - 14:49:36: Server cvar "metamod_version" = "1.19"
L 03/22/2015 - 14:49:36: Server cvar "mp_allowmonsters" = "0"
L 03/22/2015 - 14:49:36: Server cvar "mp_autokick" = "1"
L 03/22/2015 - 14:49:36: Server cvar "mp_autoteambalance" = "1"
L 03/22/2015 - 14:49:36: Server cvar "mp_buytime" = "1.5"
L 03/22/2015 - 14:49:36: Server cvar "mp_c4timer" = "35"
L 03/22/2015 - 14:49:36: Server cvar "mp_chattime" = "1"
L 03/22/2015 - 14:49:36: Server cvar "mp_consistency" = "1"
L 03/22/2015 - 14:49:36: Server cvar "mp_fadetoblack" = "0"
L 03/22/2015 - 14:49:36: Server cvar "mp_flashlight" = "1"
L 03/22/2015 - 14:49:36: Server cvar "mp_footsteps" = "1"
L 03/22/2015 - 14:49:36: Server cvar "mp_forcecamera" = "0"
L 03/22/2015 - 14:49:36: Server cvar "mp_forcechasecam" = "0"
L 03/22/2015 - 14:49:36: Server cvar "mp_fragsleft" = "0"
L 03/22/2015 - 14:49:36: Server cvar "mp_freezetime" = "5"
L 03/22/2015 - 14:49:36: Server cvar "mp_friendlyfire" = "0"
L 03/22/2015 - 14:49:36: Server cvar "mp_ghostfrequency" = "0.1"
L 03/22/2015 - 14:49:36: Server cvar "mp_hostagepenalty" = "0"
L 03/22/2015 - 14:49:36: Server cvar "mp_kickpercent" = "0.66"
L 03/22/2015 - 14:49:36: Server cvar "mp_limitteams" = "5"
L 03/22/2015 - 14:49:36: Server cvar "mp_logdetail" = "3"
L 03/22/2015 - 14:49:36: Server cvar "mp_logfile" = "1"
L 03/22/2015 - 14:49:36: Server cvar "mp_logmessages" = "1"
L 03/22/2015 - 14:49:36: Server cvar "mp_mapvoteratio" = "0.66"
L 03/22/2015 - 14:49:37: Server cvar "mp_maxrounds" = "0"
L 03/22/2015 - 14:49:37: Server cvar "mp_mirrordamage" = "0"
L 03/22/2015 - 14:49:37: Server cvar "mp_playerid" = "0"
L 03/22/2015 - 14:49:37: Server cvar "mp_roundtime" = "2.57"
L 03/22/2015 - 14:49:37: Server cvar "mp_startmoney" = "800"
L 03/22/2015 - 14:49:37: Server cvar "mp_timeleft" = "0"
L 03/22/2015 - 14:49:37: Server cvar "mp_timelimit" = "30.000000"
L 03/22/2015 - 14:49:37: Server cvar "mp_tkpunish" = "1"
L 03/22/2015 - 14:49:37: Server cvar "mp_windifference" = "1"
L 03/22/2015 - 14:49:37: Server cvar "mp_winlimit" = "0"
L 03/22/2015 - 14:49:37: Server cvar "pausable" = "0"
L 03/22/2015 - 14:49:37: Server cvar "sv_accelerate" = "5"
L 03/22/2015 - 14:49:37: Server cvar "sv_aim" = "0"
L 03/22/2015 - 14:49:37: Server cvar "sv_airaccelerate" = "10"
L 03/22/2015 - 14:49:37: Server cvar "sv_airmove" = "1"
L 03/22/2015 - 14:49:37: Server cvar "sv_allowupload" = "1"
L 03/22/2015 - 14:49:37: Server cvar "sv_alltalk" = "0"
L 03/22/2015 - 14:49:37: Server cvar "sv_bounce" = "1"
L 03/22/2015 - 14:49:37: Server cvar "sv_cheats" = "0"
L 03/22/2015 - 14:49:37: Server cvar "sv_clienttrace" = "1"
L 03/22/2015 - 14:49:37: Server cvar "sv_clipmode" = "0"
L 03/22/2015 - 14:49:37: Server cvar "sv_contact" = ""
L 03/22/2015 - 14:49:37: Server cvar "sv_friction" = "4"
L 03/22/2015 - 14:49:37: Server cvar "sv_gravity" = "800"
L 03/22/2015 - 14:49:37: Server cvar "sv_logblocks" = "0"
L 03/22/2015 - 14:49:37: Server cvar "sv_maxrate" = "50000"
L 03/22/2015 - 14:49:37: Server cvar "sv_maxspeed" = "900"
L 03/22/2015 - 14:49:37: Server cvar "sv_minrate" = "100000"
L 03/22/2015 - 14:49:37: Server cvar "sv_password" = ""
L 03/22/2015 - 14:49:37: Server cvar "sv_proxies" = "0"
L 03/22/2015 - 14:49:37: Server cvar "sv_region" = "255"
L 03/22/2015 - 14:49:37: Server cvar "sv_restart" = "0"
L 03/22/2015 - 14:49:37: Server cvar "sv_restartround" = "0"
L 03/22/2015 - 14:49:37: Server cvar "sv_stepsize" = "18"
L 03/22/2015 - 14:49:37: Server cvar "sv_stopspeed" = "75"
L 03/22/2015 - 14:49:37: Server cvar "sv_uploadmax" = "0.5"
L 03/22/2015 - 14:49:37: Server cvar "sv_voiceenable" = "1"
L 03/22/2015 - 14:49:37: Server cvar "sv_wateraccelerate" = "10"
L 03/22/2015 - 14:49:37: Server cvar "sv_waterfriction" = "1"
L 03/22/2015 - 14:49:37: Server cvar "travo_statmarquee" = "v1.2"
L 03/22/2015 - 14:49:37: Server cvar "ultimate_sounds" = "1.7"
L 03/22/2015 - 14:49:37: Server cvar "vtc_version" = "80"
L 03/22/2015 - 14:49:37: Server cvars end
L 03/22/2015 - 14:49:38: Server cvar "amx_nextmap" = "de_dust2_2x2"
L 03/22/2015 - 14:49:38: Server cvar "sv_restart" = "1"
L 03/22/2015 - 14:49:38: World triggered "Restart_Round_(1_second)"
L 03/22/2015 - 14:49:38: Team "CT" scored "0" with "0" players
L 03/22/2015 - 14:49:38: Team "TERRORIST" scored "0" with "0" players
L 03/22/2015 - 14:49:38: Server cvar "sv_restart" = "0"
L 03/22/2015 - 14:49:38: Started map "cs_assault" (CRC "777915923")
L 03/22/2015 - 14:49:38: [VTC] Player 7 speex
L 03/22/2015 - 14:49:38: [VTC] Player 2 speex
L 03/22/2015 - 14:49:38: [VTC] Player 1 speex
L 03/22/2015 - 14:49:38: [VTC] Player 5 speex
L 03/22/2015 - 14:49:38: [VTC] Player 3 speex
L 03/22/2015 - 14:49:38: [VTC] Player 6 speex
L 03/22/2015 - 14:49:38: [VTC] Player 4 speex
L 03/22/2015 - 14:49:38: [VTC] Player 10 speex
L 03/22/2015 - 14:49:38: [VTC] Player 8 speex
L 03/22/2015 - 14:49:40: [DPROTO]: Client 5 - Set AuthIdType 3 [dp_RevEmu]; pClient = 0xb39959cc
L 03/22/2015 - 14:49:40: "[Hard_Skill]_AHAKOHDA<175><STEAM_0:4:44322053><>" connected, address "178.120.20.172:50372"
L 03/22/2015 - 14:49:40: [VTC] Player 6 speex
L 03/22/2015 - 14:49:40: [DPROTO]: Client 6 - Set AuthIdType 1 [dp_SteamEmu]; pClient = 0xb399a8c0
L 03/22/2015 - 14:49:40: "[Hard_Skill]_Lexa kosmonaft<176><STEAM_0:0:226379933><>" connected, address "37.212.11.197:33189"
L 03/22/2015 - 14:49:40: [VTC] Player 7 speex
L 03/22/2015 - 14:49:42: [DPROTO]: Client 9 - Set AuthIdType 3 [dp_RevEmu]; pClient = 0xb39a959c
L 03/22/2015 - 14:49:42: "[TOP-MS] FANAT CAXAPA<177><STEAM_0:4:1512688901><>" connected, address "178.120.15.29:42097"
L 03/22/2015 - 14:49:43: [VTC] Player 10 speex
L 03/22/2015 - 14:49:43: "KvAS:D<163><STEAM_0:4:1287343109><>" entered the game
L 03/22/2015 - 14:49:43: World triggered "Round_Start"
L 03/22/2015 - 14:49:43: "[Hard_Skill]_Leks<158><STEAM_0:4:1492831493><>" entered the game
L 03/22/2015 - 14:49:43: "[Hard_Skill]_Funny*Apple<172><STEAM_0:4:1364633349><>" entered the game
L 03/22/2015 - 14:49:44: "[Hard_Skill]_AHAKOHDA<175><STEAM_0:4:44322053><>" entered the game
L 03/22/2015 - 14:49:44: [DPROTO]: Client 7 - Set AuthIdType 3 [dp_RevEmu]; pClient = 0xb399f7b4
L 03/22/2015 - 14:49:44: "[Hard_Skill]_Mi{x}eR<178><STEAM_0:4:696196046><>" connected, address "37.213.162.251:27005"
L 03/22/2015 - 14:49:44: [VTC] Player 8 speex
L 03/22/2015 - 14:49:44: [DPROTO]: Client 3 - Set AuthIdType 3 [dp_RevEmu]; pClient = 0xb398bbe4
L 03/22/2015 - 14:49:44: "razdyalavichy Lanets cs 1.6<179><STEAM_0:4:2090355973><>" connected, address "178.120.108.80:51507"
L 03/22/2015 - 14:49:45: [VTC] Player 4 speex
L 03/22/2015 - 14:49:45: "[Hard_Skill]_Leks<158><STEAM_0:4:1492831493><>" joined team "CT"
L 03/22/2015 - 14:49:45: "[Hard_Skill]_Lexa kosmonaft<176><STEAM_0:0:226379933><>" entered the game
L 03/22/2015 - 14:49:46: "[TOP-MS] FANAT CAXAPA<177><STEAM_0:4:1512688901><>" entered the game
L 03/22/2015 - 14:49:48: "[Hard_Skill]_Funny*Apple<172><STEAM_0:4:1364633349><>" joined team "CT"
L 03/22/2015 - 14:49:49: "razdyalavichy Lanets cs 1.6<179><STEAM_0:4:2090355973><>" entered the game
L 03/22/2015 - 14:49:49: "[Hard_Skill]_Lexa kosmonaft<176><STEAM_0:0:226379933><>" joined team "TERRORIST"
L 03/22/2015 - 14:49:49: World triggered "Game_Commencing"
L 03/22/2015 - 14:49:49: World triggered "Game_Commencing" (CT "0") (T "0")
L 03/22/2015 - 14:49:49: World triggered "Round_End"
L 03/22/2015 - 14:49:50: "KvAS:D<163><STEAM_0:4:1287343109><>" joined team "TERRORIST"
L 03/22/2015 - 14:49:50: "[Hard_Skill]_Mi{x}eR<178><STEAM_0:4:696196046><>" entered the game
L 03/22/2015 - 14:49:50: "[Hard_Skill]_AHAKOHDA<175><STEAM_0:4:44322053><>" joined team "TERRORIST"
L 03/22/2015 - 14:49:52: "razdyalavichy Lanets cs 1.6<179><STEAM_0:4:2090355973><>" joined team "CT"
L 03/22/2015 - 14:49:52: "[Hard_Skill]_Mi{x}eR<178><STEAM_0:4:696196046><>" joined team "TERRORIST"
L 03/22/2015 - 14:49:52: "[TOP-MS] FANAT CAXAPA<177><STEAM_0:4:1512688901><>" joined team "TERRORIST"
L 03/22/2015 - 14:49:54: "[Hard_Skill]_Dasha<165><STEAM_0:4:1068366041><>" entered the game
L 03/22/2015 - 14:49:57: World triggered "Round_Start"
L 03/22/2015 - 14:50:05: "[Hard_Skill]_Lexa kosmonaft<176><STEAM_0:0:226379933><TERRORIST>" attacked "[Hard_Skill]_Leks<158><STEAM_0:4:1492831493><CT>" with "deagle" (damage "41") (damage_armor "0") (health "59") (armor "0")
L 03/22/2015 - 14:50:07: "[Hard_Skill]_Funny*Apple<172><STEAM_0:4:1364633349><CT>" attacked "[TOP-MS] FANAT CAXAPA<177><STEAM_0:4:1512688901><TERRORIST>" with "deagle" (damage "40") (damage_armor "0") (health "60") (armor "0")
L 03/22/2015 - 14:50:09: "[Hard_Skill]_Lexa kosmonaft<176><STEAM_0:0:226379933><TERRORIST>" attacked "razdyalavichy Lanets cs 1.6<179><STEAM_0:4:2090355973><CT>" with "deagle" (damage "48") (damage_armor "0") (health "52") (armor "0")
L 03/22/2015 - 14:50:10: "[Hard_Skill]_Lexa kosmonaft<176><STEAM_0:0:226379933><TERRORIST>" attacked "razdyalavichy Lanets cs 1.6<179><STEAM_0:4:2090355973><CT>" with "deagle" (damage "36") (damage_armor "0") (health "16") (armor "0")
L 03/22/2015 - 14:50:10: "razdyalavichy Lanets cs 1.6<179><STEAM_0:4:2090355973><CT>" attacked "[Hard_Skill]_Lexa kosmonaft<176><STEAM_0:0:226379933><TERRORIST>" with "deagle" (damage "36") (damage_armor "7") (health "64") (armor "93")
L 03/22/2015 - 14:50:10: "[Hard_Skill]_Lexa kosmonaft<176><STEAM_0:0:226379933><TERRORIST>" attacked "razdyalavichy Lanets cs 1.6<179><STEAM_0:4:2090355973><CT>" with "deagle" (damage "61") (damage_armor "0") (health "-45") (armor "0")
L 03/22/2015 - 14:50:10: "[Hard_Skill]_Lexa kosmonaft<176><STEAM_0:0:226379933><TERRORIST>" killed "razdyalavichy Lanets cs 1.6<179><STEAM_0:4:2090355973><CT>" with "deagle"
L 03/22/2015 - 14:50:10: "[Hard_Skill]_Leks<158><STEAM_0:4:1492831493><CT>" attacked "[Hard_Skill]_Lexa kosmonaft<176><STEAM_0:0:226379933><TERRORIST>" with "usp" (damage "14") (damage_armor "7") (health "50") (armor "86")
L 03/22/2015 - 14:50:11: "[Hard_Skill]_Leks<158><STEAM_0:4:1492831493><CT>" attacked "[Hard_Skill]_Lexa kosmonaft<176><STEAM_0:0:226379933><TERRORIST>" with "usp" (damage "14") (damage_armor "7") (health "36") (armor "79")
L 03/22/2015 - 14:50:11: "[Hard_Skill]_Leks<158><STEAM_0:4:1492831493><CT>" attacked "[Hard_Skill]_Lexa kosmonaft<176><STEAM_0:0:226379933><TERRORIST>" with "usp" (damage "14") (damage_armor "7") (health "22") (armor "72")
L 03/22/2015 - 14:50:11: "[Hard_Skill]_Leks<158><STEAM_0:4:1492831493><CT>" attacked "[Hard_Skill]_Lexa kosmonaft<176><STEAM_0:0:226379933><TERRORIST>" with "usp" (damage "14") (damage_armor "8") (health "8") (armor "64")
L 03/22/2015 - 14:50:11: "[Hard_Skill]_Lexa kosmonaft<176><STEAM_0:0:226379933><TERRORIST>" attacked "[Hard_Skill]_Leks<158><STEAM_0:4:1492831493><CT>" with "deagle" (damage "47") (damage_armor "0") (health "12") (armor "0")
L 03/22/2015 - 14:50:11: "[Hard_Skill]_Leks<158><STEAM_0:4:1492831493><CT>" attacked "[Hard_Skill]_Mi{x}eR<178><STEAM_0:4:696196046><TERRORIST>" with "usp" (damage "15") (damage_armor "8") (health "85") (armor "92")
L 03/22/2015 - 14:50:11: "[Hard_Skill]_Leks<158><STEAM_0:4:1492831493><CT>" attacked "[Hard_Skill]_Lexa kosmonaft<176><STEAM_0:0:226379933><TERRORIST>" with "usp" (damage "14") (damage_armor "7") (health "-6") (armor "57")
L 03/22/2015 - 14:50:11: "[Hard_Skill]_Leks<158><STEAM_0:4:1492831493><CT>" killed "[Hard_Skill]_Lexa kosmonaft<176><STEAM_0:0:226379933><TERRORIST>" with "usp"
L 03/22/2015 - 14:50:13: "[Hard_Skill]_Funny*Apple<172><STEAM_0:4:1364633349><CT>" attacked "[Hard_Skill]_Mi{x}eR<178><STEAM_0:4:696196046><TERRORIST>" with "deagle" (damage "33") (damage_armor "0") (health "52") (armor "92")
L 03/22/2015 - 14:50:13: "[Hard_Skill]_Leks<158><STEAM_0:4:1492831493><CT>" attacked "[Hard_Skill]_Mi{x}eR<178><STEAM_0:4:696196046><TERRORIST>" with "usp" (damage "58") (damage_armor "29") (health "-6") (armor "63")
L 03/22/2015 - 14:50:13: "[Hard_Skill]_Leks<158><STEAM_0:4:1492831493><CT>" killed "[Hard_Skill]_Mi{x}eR<178><STEAM_0:4:696196046><TERRORIST>" with "usp"
L 03/22/2015 - 14:50:13: "[Hard_Skill]_AHAKOHDA<175><STEAM_0:4:44322053><TERRORIST>" attacked "[Hard_Skill]_Funny*Apple<172><STEAM_0:4:1364633349><CT>" with "deagle" (damage "50") (damage_armor "0") (health "50") (armor "0")
L 03/22/2015 - 14:50:13: "[Hard_Skill]_AHAKOHDA<175><STEAM_0:4:44322053><TERRORIST>" attacked "[Hard_Skill]_Funny*Apple<172><STEAM_0:4:1364633349><CT>" with "deagle" (damage "50") (damage_armor "0") (health "0") (armor "0")
L 03/22/2015 - 14:50:13: "[Hard_Skill]_AHAKOHDA<175><STEAM_0:4:44322053><TERRORIST>" killed "[Hard_Skill]_Funny*Apple<172><STEAM_0:4:1364633349><CT>" with "deagle"
L 03/22/2015 - 14:50:15: "KvAS:D<163><STEAM_0:4:1287343109><TERRORIST>" attacked "[Hard_Skill]_Leks<158><STEAM_0:4:1492831493><CT>" with "deagle" (damage "124") (damage_armor "0") (health "-112") (armor "0")
L 03/22/2015 - 14:50:15: "KvAS:D<163><STEAM_0:4:1287343109><TERRORIST>" killed "[Hard_Skill]_Leks<158><STEAM_0:4:1492831493><CT>" with "deagle"
L 03/22/2015 - 14:50:15: Team "TERRORIST" triggered "Terrorists_Win" (CT "0") (T "1")
L 03/22/2015 - 14:50:15: World triggered "Round_End"
L 03/22/2015 - 14:50:25: World triggered "Round_Start"
L 03/22/2015 - 14:50:27: "KvAS:D<163><STEAM_0:4:1287343109><TERRORIST>" committed suicide with "world"
L 03/22/2015 - 14:50:27: "KvAS:D<163><STEAM_0:4:1287343109><TERRORIST>" joined team "CT"
L 03/22/2015 - 14:50:29: "[Hard_Skill]_Lexa kosmonaft<176><STEAM_0:0:226379933><TERRORIST>" triggered "Killed_A_Hostage"
L 03/22/2015 - 14:50:36: "[Hard_Skill]_AHAKOHDA<175><STEAM_0:4:44322053><TERRORIST>" attacked "razdyalavichy Lanets cs 1.6<179><STEAM_0:4:2090355973><CT>" with "ak47" (damage "35") (damage_armor "0") (health "65") (armor "0")
L 03/22/2015 - 14:50:36: "[Hard_Skill]_AHAKOHDA<175><STEAM_0:4:44322053><TERRORIST>" attacked "razdyalavichy Lanets cs 1.6<179><STEAM_0:4:2090355973><CT>" with "ak47" (damage "35") (damage_armor "0") (health "30") (armor "0")
L 03/22/2015 - 14:50:36: "[Hard_Skill]_AHAKOHDA<175><STEAM_0:4:44322053><TERRORIST>" attacked "razdyalavichy Lanets cs 1.6<179><STEAM_0:4:2090355973><CT>" with "ak47" (damage "26") (damage_armor "0") (health "4") (armor "0")
L 03/22/2015 - 14:50:37: "[Hard_Skill]_AHAKOHDA<175><STEAM_0:4:44322053><TERRORIST>" attacked "razdyalavichy Lanets cs 1.6<179><STEAM_0:4:2090355973><CT>" with "ak47" (damage "35") (damage_armor "0") (health "-31") (armor "0")
L 03/22/2015 - 14:50:37: "[Hard_Skill]_AHAKOHDA<175><STEAM_0:4:44322053><TERRORIST>" killed "razdyalavichy Lanets cs 1.6<179><STEAM_0:4:2090355973><CT>" with "ak47"
L 03/22/2015 - 14:50:41: "[Hard_Skill]_Leks<158><STEAM_0:4:1492831493><CT>" attacked "[Hard_Skill]_AHAKOHDA<175><STEAM_0:4:44322053><TERRORIST>" with "m3" (damage "51") (damage_armor "26") (health "49") (armor "74")
L 03/22/2015 - 14:50:42: "[Hard_Skill]_AHAKOHDA<175><STEAM_0:4:44322053><TERRORIST>" attacked "[Hard_Skill]_Leks<158><STEAM_0:4:1492831493><CT>" with "ak47" (damage "35") (damage_armor "0") (health "65") (armor "0")
L 03/22/2015 - 14:50:42: "[Hard_Skill]_AHAKOHDA<175><STEAM_0:4:44322053><TERRORIST>" attacked "[Hard_Skill]_Leks<158><STEAM_0:4:1492831493><CT>" with "ak47" (damage "35") (damage_armor "0") (health "30") (armor "0")
L 03/22/2015 - 14:50:43: "[Hard_Skill]_AHAKOHDA<175><STEAM_0:4:44322053><TERRORIST>" attacked "[Hard_Skill]_Leks<158><STEAM_0:4:1492831493><CT>" with "ak47" (damage "26") (damage_armor "0") (health "4") (armor "0")
L 03/22/2015 - 14:50:43: "[Hard_Skill]_AHAKOHDA<175><STEAM_0:4:44322053><TERRORIST>" attacked "[Hard_Skill]_Leks<158><STEAM_0:4:1492831493><CT>" with "ak47" (damage "35") (damage_armor "0") (health "-31") (armor "0")
L 03/22/2015 - 14:50:43: "[Hard_Skill]_AHAKOHDA<175><STEAM_0:4:44322053><TERRORIST>" killed "[Hard_Skill]_Leks<158><STEAM_0:4:1492831493><CT>" with "ak47"
L 03/22/2015 - 14:50:50: "[TOP-MS] FANAT CAXAPA<177><STEAM_0:4:1512688901><TERRORIST>" killed "[Hard_Skill]_Funny*Apple<172><STEAM_0:4:1364633349><CT>" with "grenade"
L 03/22/2015 - 14:50:50: Team "TERRORIST" triggered "Terrorists_Win" (CT "0") (T "2")
L 03/22/2015 - 14:50:50: World triggered "Round_End"
L 03/22/2015 - 14:51:00: World triggered "Round_Start"
L 03/22/2015 - 14:51:11: "[Hard_Skill]_AHAKOHDA<175><STEAM_0:4:44322053><TERRORIST>" attacked "razdyalavichy Lanets cs 1.6<179><STEAM_0:4:2090355973><CT>" with "ak47" (damage "24") (damage_armor "0") (health "76") (armor "0")
L 03/22/2015 - 14:51:11: "[Hard_Skill]_AHAKOHDA<175><STEAM_0:4:44322053><TERRORIST>" attacked "razdyalavichy Lanets cs 1.6<179><STEAM_0:4:2090355973><CT>" with "ak47" (damage "33") (damage_armor "0") (health "43") (armor "0")
L 03/22/2015 - 14:51:12: "[Hard_Skill]_AHAKOHDA<175><STEAM_0:4:44322053><TERRORIST>" attacked "razdyalavichy Lanets cs 1.6<179><STEAM_0:4:2090355973><CT>" with "ak47" (damage "33") (damage_armor "0") (health "10") (armor "0")
L 03/22/2015 - 14:51:12: "razdyalavichy Lanets cs 1.6<179><STEAM_0:4:2090355973><CT>" attacked "[Hard_Skill]_AHAKOHDA<175><STEAM_0:4:44322053><TERRORIST>" with "m4a1" (damage "19") (damage_armor "5") (health "81") (armor "95")
L 03/22/2015 - 14:51:12: "razdyalavichy Lanets cs 1.6<179><STEAM_0:4:2090355973><CT>" attacked "[Hard_Skill]_AHAKOHDA<175><STEAM_0:4:44322053><TERRORIST>" with "m4a1" (damage "19") (damage_armor "4") (health "62") (armor "91")
L 03/22/2015 - 14:51:12: "[Hard_Skill]_AHAKOHDA<175><STEAM_0:4:44322053><TERRORIST>" attacked "razdyalavichy Lanets cs 1.6<179><STEAM_0:4:2090355973><CT>" with "ak47" (damage "33") (damage_armor "0") (health "-23") (armor "0")
L 03/22/2015 - 14:51:12: "[Hard_Skill]_AHAKOHDA<175><STEAM_0:4:44322053><TERRORIST>" killed "razdyalavichy Lanets cs 1.6<179><STEAM_0:4:2090355973><CT>" with "ak47"
L 03/22/2015 - 14:51:12: "KvAS:D<163><STEAM_0:4:1287343109><CT>" attacked "[Hard_Skill]_Lexa kosmonaft<176><STEAM_0:0:226379933><TERRORIST>" with "scout" (damage "60") (damage_armor "6") (health "40") (armor "94")
L 03/22/2015 - 14:51:18: "[Hard_Skill]_Dasha<165><STEAM_0:4:1068366041><>" joined team "TERRORIST"
L 03/22/2015 - 14:51:20: "KvAS:D<163><STEAM_0:4:1287343109><CT>" attacked "[TOP-MS] FANAT CAXAPA<177><STEAM_0:4:1512688901><TERRORIST>" with "scout" (damage "58") (damage_armor "6") (health "42") (armor "94")
L 03/22/2015 - 14:51:21: "[Hard_Skill]_AHAKOHDA<175><STEAM_0:4:44322053><TERRORIST>" attacked "[Hard_Skill]_Leks<158><STEAM_0:4:1492831493><CT>" with "ak47" (damage "25") (damage_armor "4") (health "75") (armor "96")
L 03/22/2015 - 14:51:22: "[Hard_Skill]_AHAKOHDA<175><STEAM_0:4:44322053><TERRORIST>" attacked "[Hard_Skill]_Leks<158><STEAM_0:4:1492831493><CT>" with "ak47" (damage "25") (damage_armor "4") (health "50") (armor "92")
L 03/22/2015 - 14:51:22: "[Hard_Skill]_Dasha<165><STEAM_0:4:1068366041><TERRORIST>" committed suicide with "world"
L 03/22/2015 - 14:51:22: "[Hard_Skill]_Dasha<165><STEAM_0:4:1068366041><TERRORIST>" joined team "CT"
L 03/22/2015 - 14:51:22: "KvAS:D<163><STEAM_0:4:1287343109><CT>" attacked "[Hard_Skill]_Mi{x}eR<178><STEAM_0:4:696196046><TERRORIST>" with "scout" (damage "248") (damage_armor "22") (health "-173") (armor "78")
L 03/22/2015 - 14:51:22: "KvAS:D<163><STEAM_0:4:1287343109><CT>" killed "[Hard_Skill]_Mi{x}eR<178><STEAM_0:4:696196046><TERRORIST>" with "scout"
L 03/22/2015 - 14:51:23: "[Hard_Skill]_AHAKOHDA<175><STEAM_0:4:44322053><TERRORIST>" attacked "KvAS:D<163><STEAM_0:4:1287343109><CT>" with "ak47" (damage "24") (damage_armor "0") (health "76") (armor "100")
L 03/22/2015 - 14:51:26: "[Hard_Skill]_Funny*Apple<172><STEAM_0:4:1364633349><CT>" attacked "[Hard_Skill]_Lexa kosmonaft<176><STEAM_0:0:226379933><TERRORIST>" with "ak47" (damage "32") (damage_armor "5") (health "8") (armor "89")
L 03/22/2015 - 14:51:26: "[Hard_Skill]_Funny*Apple<172><STEAM_0:4:1364633349><CT>" attacked "[Hard_Skill]_Lexa kosmonaft<176><STEAM_0:0:226379933><TERRORIST>" with "ak47" (damage "26") (damage_armor "3") (health "-18") (armor "86")
L 03/22/2015 - 14:51:26: "[Hard_Skill]_Funny*Apple<172><STEAM_0:4:1364633349><CT>" killed "[Hard_Skill]_Lexa kosmonaft<176><STEAM_0:0:226379933><TERRORIST>" with "ak47"
L 03/22/2015 - 14:51:28: "[Hard_Skill]_Leks<158><STEAM_0:4:1492831493><CT>" attacked "[TOP-MS] FANAT CAXAPA<177><STEAM_0:4:1512688901><TERRORIST>" with "p228" (damage "7") (damage_armor "2") (health "35") (armor "92")
L 03/22/2015 - 14:51:29: "KvAS:D<163><STEAM_0:4:1287343109><CT>" attacked "[Hard_Skill]_AHAKOHDA<175><STEAM_0:4:44322053><TERRORIST>" with "scout" (damage "58") (damage_armor "5") (health "4") (armor "86")
L 03/22/2015 - 14:51:29: "[Hard_Skill]_Funny*Apple<172><STEAM_0:4:1364633349><CT>" attacked "[TOP-MS] FANAT CAXAPA<177><STEAM_0:4:1512688901><TERRORIST>" with "ak47" (damage "105") (damage_armor "15") (health "-70") (armor "77")
L 03/22/2015 - 14:51:29: "[Hard_Skill]_Funny*Apple<172><STEAM_0:4:1364633349><CT>" killed "[TOP-MS] FANAT CAXAPA<177><STEAM_0:4:1512688901><TERRORIST>" with "ak47"
L 03/22/2015 - 14:51:35: "razdyalavichy Lanets cs 1.6<179><STEAM_0:4:2090355973><CT>" say "<KZ PALHJNS" (dead)
L 03/22/2015 - 14:51:50: "[Hard_Skill]_AHAKOHDA<175><STEAM_0:4:44322053><TERRORIST>" attacked "[Hard_Skill]_Leks<158><STEAM_0:4:1492831493><CT>" with "ak47" (damage "27") (damage_armor "4") (health "23") (armor "88")
L 03/22/2015 - 14:51:50: "[Hard_Skill]_Leks<158><STEAM_0:4:1492831493><CT>" attacked "[Hard_Skill]_AHAKOHDA<175><STEAM_0:4:44322053><TERRORIST>" with "p228" (damage "16") (damage_armor "5") (health "-12") (armor "81")
L 03/22/2015 - 14:51:50: "[Hard_Skill]_Leks<158><STEAM_0:4:1492831493><CT>" killed "[Hard_Skill]_AHAKOHDA<175><STEAM_0:4:44322053><TERRORIST>" with "p228"
L 03/22/2015 - 14:51:50: Team "CT" triggered "CTs_Win" (CT "1") (T "2")
L 03/22/2015 - 14:51:50: World triggered "Round_End"
L 03/22/2015 - 14:52:00: World triggered "Round_Start"
L 03/22/2015 - 14:52:07: "[Hard_Skill]_Lexa kosmonaft<176><STEAM_0:0:226379933><TERRORIST>" attacked "[Hard_Skill]_Funny*Apple<172><STEAM_0:4:1364633349><CT>" with "ak47" (damage "24") (damage_armor "0") (health "76") (armor "100")
L 03/22/2015 - 14:52:07: "[Hard_Skill]_Lexa kosmonaft<176><STEAM_0:0:226379933><TERRORIST>" attacked "[Hard_Skill]_Funny*Apple<172><STEAM_0:4:1364633349><CT>" with "ak47" (damage "24") (damage_armor "0") (health "52") (armor "100")
L 03/22/2015 - 14:52:10: "KvAS:D<163><STEAM_0:4:1287343109><CT>" attacked "[Hard_Skill]_Lexa kosmonaft<176><STEAM_0:0:226379933><TERRORIST>" with "scout" (damage "244") (damage_armor "22") (health "-144") (armor "78")
L 03/22/2015 - 14:52:10: "KvAS:D<163><STEAM_0:4:1287343109><CT>" killed "[Hard_Skill]_Lexa kosmonaft<176><STEAM_0:0:226379933><TERRORIST>" with "scout"
L 03/22/2015 - 14:52:17: "[Hard_Skill]_Dasha<165><STEAM_0:4:1068366041><CT>" attacked "[Hard_Skill]_Mi{x}eR<178><STEAM_0:4:696196046><TERRORIST>" with "m4a1" (damage "22") (damage_armor "5") (health "78") (armor "95")
L 03/22/2015 - 14:52:18: "[Hard_Skill]_Dasha<165><STEAM_0:4:1068366041><CT>" attacked "[Hard_Skill]_Mi{x}eR<178><STEAM_0:4:696196046><TERRORIST>" with "m4a1" (damage "22") (damage_armor "5") (health "56") (armor "90")
L 03/22/2015 - 14:52:18: "[Hard_Skill]_Dasha<165><STEAM_0:4:1068366041><CT>" attacked "[Hard_Skill]_Mi{x}eR<178><STEAM_0:4:696196046><TERRORIST>" with "m4a1" (damage "22") (damage_armor "5") (health "34") (armor "85")
L 03/22/2015 - 14:52:18: "[Hard_Skill]_Dasha<165><STEAM_0:4:1068366041><CT>" attacked "[Hard_Skill]_Mi{x}eR<178><STEAM_0:4:696196046><TERRORIST>" with "m4a1" (damage "22") (damage_armor "5") (health "12") (armor "80")
L 03/22/2015 - 14:52:18: "[Hard_Skill]_Dasha<165><STEAM_0:4:1068366041><CT>" attacked "[Hard_Skill]_Mi{x}eR<178><STEAM_0:4:696196046><TERRORIST>" with "m4a1" (damage "22") (damage_armor "5") (health "-10") (armor "75")
L 03/22/2015 - 14:52:18: "[Hard_Skill]_Dasha<165><STEAM_0:4:1068366041><CT>" killed "[Hard_Skill]_Mi{x}eR<178><STEAM_0:4:696196046><TERRORIST>" with "m4a1"
L 03/22/2015 - 14:52:22: "[TOP-MS] FANAT CAXAPA<177><STEAM_0:4:1512688901><TERRORIST>" attacked "[Hard_Skill]_Dasha<165><STEAM_0:4:1068366041><CT>" with "ak47" (damage "27") (damage_armor "4") (health "73") (armor "96")
L 03/22/2015 - 14:52:23: "[TOP-MS] FANAT CAXAPA<177><STEAM_0:4:1512688901><TERRORIST>" attacked "[Hard_Skill]_Dasha<165><STEAM_0:4:1068366041><CT>" with "ak47" (damage "27") (damage_armor "4") (health "46") (armor "92")
L 03/22/2015 - 14:52:23: "[TOP-MS] FANAT CAXAPA<177><STEAM_0:4:1512688901><TERRORIST>" attacked "[Hard_Skill]_Dasha<165><STEAM_0:4:1068366041><CT>" with "ak47" (damage "27") (damage_armor "4") (health "19") (armor "88")
L 03/22/2015 - 14:52:23: "[TOP-MS] FANAT CAXAPA<177><STEAM_0:4:1512688901><TERRORIST>" attacked "[Hard_Skill]_Dasha<165><STEAM_0:4:1068366041><CT>" with "ak47" (damage "140") (damage_armor "0") (health "-121") (armor "88")
L 03/22/2015 - 14:52:23: "[TOP-MS] FANAT CAXAPA<177><STEAM_0:4:1512688901><TERRORIST>" killed "[Hard_Skill]_Dasha<165><STEAM_0:4:1068366041><CT>" with "ak47"
L 03/22/2015 - 14:52:24: "[Hard_Skill]_AHAKOHDA<175><STEAM_0:4:44322053><TERRORIST>" attacked "[Hard_Skill]_Funny*Apple<172><STEAM_0:4:1364633349><CT>" with "awp" (damage "108") (damage_armor "2") (health "-56") (armor "98")
L 03/22/2015 - 14:52:24: "[Hard_Skill]_AHAKOHDA<175><STEAM_0:4:44322053><TERRORIST>" killed "[Hard_Skill]_Funny*Apple<172><STEAM_0:4:1364633349><CT>" with "awp"
L 03/22/2015 - 14:52:25: [DPROTO]: Client 8 - Set AuthIdType 3 [dp_RevEmu]; pClient = 0xb39a46a8
L 03/22/2015 - 14:52:25: "Student_40rus<180><STEAM_0:4:1561341802><>" connected, address "109.188.124.19:6925"
L 03/22/2015 - 14:52:29: "Student_40rus<180><STEAM_0:4:1561341802><>" entered the game
L 03/22/2015 - 14:52:33: "Student_40rus<180><STEAM_0:4:1561341802><>" joined team "CT"
L 03/22/2015 - 14:52:37: [DPROTO]: Client 10 - Set AuthIdType 3 [dp_RevEmu]; pClient = 0xb39ae490
L 03/22/2015 - 14:52:37: "[Angels]DarkAngel<181><STEAM_0:4:2029333363><>" connected, address "94.180.182.88:27005"
L 03/22/2015 - 14:52:37: [VTC] Player 11 speex
L 03/22/2015 - 14:52:42: "[Angels]DarkAngel<181><STEAM_0:4:2029333363><>" entered the game
L 03/22/2015 - 14:52:44: "razdyalavichy Lanets cs 1.6<179><STEAM_0:4:2090355973><CT>" attacked "[Hard_Skill]_AHAKOHDA<175><STEAM_0:4:44322053><TERRORIST>" with "m4a1" (damage "18") (damage_armor "5") (health "82") (armor "95")
L 03/22/2015 - 14:52:44: "razdyalavichy Lanets cs 1.6<179><STEAM_0:4:2090355973><CT>" attacked "[Hard_Skill]_AHAKOHDA<175><STEAM_0:4:44322053><TERRORIST>" with "m4a1" (damage "18") (damage_armor "4") (health "64") (armor "91")
L 03/22/2015 - 14:52:46: "[Angels]DarkAngel<181><STEAM_0:4:2029333363><>" joined team "TERRORIST"
L 03/22/2015 - 14:52:47: "[Hard_Skill]_AHAKOHDA<175><STEAM_0:4:44322053><TERRORIST>" attacked "razdyalavichy Lanets cs 1.6<179><STEAM_0:4:2090355973><CT>" with "awp" (damage "111") (damage_armor "0") (health "-11") (armor "0")
L 03/22/2015 - 14:52:47: "[Hard_Skill]_AHAKOHDA<175><STEAM_0:4:44322053><TERRORIST>" killed "razdyalavichy Lanets cs 1.6<179><STEAM_0:4:2090355973><CT>" with "awp"
L 03/22/2015 - 14:52:48: "[Hard_Skill]_Leks<158><STEAM_0:4:1492831493><CT>" attacked "[TOP-MS] FANAT CAXAPA<177><STEAM_0:4:1512688901><TERRORIST>" with "m4a1" (damage "22") (damage_armor "5") (health "78") (armor "95")
L 03/22/2015 - 14:52:48: "[TOP-MS] FANAT CAXAPA<177><STEAM_0:4:1512688901><TERRORIST>" attacked "[Hard_Skill]_Leks<158><STEAM_0:4:1492831493><CT>" with "ak47" (damage "26") (damage_armor "0") (health "74") (armor "88")
L 03/22/2015 - 14:52:48: "[Hard_Skill]_Leks<158><STEAM_0:4:1492831493><CT>" attacked "[TOP-MS] FANAT CAXAPA<177><STEAM_0:4:1512688901><TERRORIST>" with "m4a1" (damage "24") (damage_armor "0") (health "-3") (armor "95")
L 03/22/2015 - 14:52:48: "[Hard_Skill]_Leks<158><STEAM_0:4:1492831493><CT>" killed "[TOP-MS] FANAT CAXAPA<177><STEAM_0:4:1512688901><TERRORIST>" with "m4a1"
L 03/22/2015 - 14:53:00: "[Hard_Skill]_Leks<158><STEAM_0:4:1492831493><CT>" attacked "[Hard_Skill]_AHAKOHDA<175><STEAM_0:4:44322053><TERRORIST>" with "m4a1" (damage "23") (damage_armor "0") (health "41") (armor "91")
L 03/22/2015 - 14:53:01: "[Hard_Skill]_Leks<158><STEAM_0:4:1492831493><CT>" attacked "[Hard_Skill]_AHAKOHDA<175><STEAM_0:4:44322053><TERRORIST>" with "m4a1" (damage "21") (damage_armor "4") (health "20") (armor "87")
L 03/22/2015 - 14:53:01: "[Hard_Skill]_Leks<158><STEAM_0:4:1492831493><CT>" attacked "[Hard_Skill]_AHAKOHDA<175><STEAM_0:4:44322053><TERRORIST>" with "m4a1" (damage "21") (damage_armor "5") (health "-1") (armor "82")
L 03/22/2015 - 14:53:01: "[Hard_Skill]_Leks<158><STEAM_0:4:1492831493><CT>" killed "[Hard_Skill]_AHAKOHDA<175><STEAM_0:4:44322053><TERRORIST>" with "m4a1"
L 03/22/2015 - 14:53:01: Team "CT" triggered "CTs_Win" (CT "2") (T "2")
L 03/22/2015 - 14:53:01: World triggered "Round_End"
L 03/22/2015 - 14:53:11: World triggered "Round_Start"
L 03/22/2015 - 14:53:18: "KvAS:D<163><STEAM_0:4:1287343109><CT>" attacked "[Angels]DarkAngel<181><STEAM_0:4:2029333363><TERRORIST>" with "scout" (damage "70") (damage_armor "0") (health "30") (armor "0")
L 03/22/2015 - 14:53:19: "[Angels]DarkAngel<181><STEAM_0:4:2029333363><TERRORIST>" attacked "[Hard_Skill]_Dasha<165><STEAM_0:4:1068366041><CT>" with "galil" (damage "116") (damage_armor "0") (health "-16") (armor "100")
L 03/22/2015 - 14:53:19: "[Angels]DarkAngel<181><STEAM_0:4:2029333363><TERRORIST>" killed "[Hard_Skill]_Dasha<165><STEAM_0:4:1068366041><CT>" with "galil"
L 03/22/2015 - 14:53:23: "KvAS:D<163><STEAM_0:4:1287343109><CT>" attacked "[Angels]DarkAngel<181><STEAM_0:4:2029333363><TERRORIST>" with "scout" (damage "87") (damage_armor "0") (health "-57") (armor "0")
L 03/22/2015 - 14:53:23: "KvAS:D<163><STEAM_0:4:1287343109><CT>" killed "[Angels]DarkAngel<181><STEAM_0:4:2029333363><TERRORIST>" with "scout"
L 03/22/2015 - 14:53:24: "[Hard_Skill]_Funny*Apple<172><STEAM_0:4:1364633349><CT>" attacked "[Hard_Skill]_AHAKOHDA<175><STEAM_0:4:44322053><TERRORIST>" with "awp" (damage "110") (damage_armor "2") (health "-10") (armor "98")
L 03/22/2015 - 14:53:24: "[Hard_Skill]_Funny*Apple<172><STEAM_0:4:1364633349><CT>" killed "[Hard_Skill]_AHAKOHDA<175><STEAM_0:4:44322053><TERRORIST>" with "awp"
L 03/22/2015 - 14:53:29: "Student_40rus<180><STEAM_0:4:1561341802><CT>" attacked "[TOP-MS] FANAT CAXAPA<177><STEAM_0:4:1512688901><TERRORIST>" with "m4a1" (damage "10") (damage_armor "0") (health "90") (armor "0")
L 03/22/2015 - 14:53:29: "Student_40rus<180><STEAM_0:4:1561341802><CT>" attacked "[TOP-MS] FANAT CAXAPA<177><STEAM_0:4:1512688901><TERRORIST>" with "m4a1" (damage "17") (damage_armor "0") (health "73") (armor "0")
L 03/22/2015 - 14:53:29: "Student_40rus<180><STEAM_0:4:1561341802><CT>" attacked "[TOP-MS] FANAT CAXAPA<177><STEAM_0:4:1512688901><TERRORIST>" with "m4a1" (damage "14") (damage_armor "0") (health "59") (armor "0")
L 03/22/2015 - 14:53:36: "[Hard_Skill]_Funny*Apple<172><STEAM_0:4:1364633349><CT>" attacked "[Hard_Skill]_Mi{x}eR<178><STEAM_0:4:696196046><TERRORIST>" with "awp" (damage "109") (damage_armor "2") (health "-9") (armor "98")
L 03/22/2015 - 14:53:36: "[Hard_Skill]_Funny*Apple<172><STEAM_0:4:1364633349><CT>" killed "[Hard_Skill]_Mi{x}eR<178><STEAM_0:4:696196046><TERRORIST>" with "awp"
L 03/22/2015 - 14:53:48: "[Hard_Skill]_Leks<158><STEAM_0:4:1492831493><CT>" attacked "[Hard_Skill]_Lexa kosmonaft<176><STEAM_0:0:226379933><TERRORIST>" with "awp" (damage "106") (damage_armor "2") (health "-7") (armor "97")
L 03/22/2015 - 14:53:48: "[Hard_Skill]_Leks<158><STEAM_0:4:1492831493><CT>" killed "[Hard_Skill]_Lexa kosmonaft<176><STEAM_0:0:226379933><TERRORIST>" with "awp"
L 03/22/2015 - 14:53:50: "KvAS:D<163><STEAM_0:4:1287343109><CT>" attacked "[TOP-MS] FANAT CAXAPA<177><STEAM_0:4:1512688901><TERRORIST>" with "awp" (damage "111") (damage_armor "0") (health "-52") (armor "0")
L 03/22/2015 - 14:53:50: "KvAS:D<163><STEAM_0:4:1287343109><CT>" killed "[TOP-MS] FANAT CAXAPA<177><STEAM_0:4:1512688901><TERRORIST>" with "awp"
L 03/22/2015 - 14:53:50: Team "CT" triggered "CTs_Win" (CT "3") (T "2")
L 03/22/2015 - 14:53:50: World triggered "Round_End"
L 03/22/2015 - 14:54:00: World triggered "Round_Start"
L 03/22/2015 - 14:54:13: "[Hard_Skill]_Funny*Apple<172><STEAM_0:4:1364633349><CT>" attacked "[Hard_Skill]_Mi{x}eR<178><STEAM_0:4:696196046><TERRORIST>" with "awp" (damage "84") (damage_armor "0") (health "16") (armor "100")
L 03/22/2015 - 14:54:14: "Student_40rus<180><STEAM_0:4:1561341802><CT>" attacked "[Hard_Skill]_Mi{x}eR<178><STEAM_0:4:696196046><TERRORIST>" with "m4a1" (damage "21") (damage_armor "5") (health "-5") (armor "95")
L 03/22/2015 - 14:54:14: "Student_40rus<180><STEAM_0:4:1561341802><CT>" killed "[Hard_Skill]_Mi{x}eR<178><STEAM_0:4:696196046><TERRORIST>" with "m4a1"
L 03/22/2015 - 14:54:19: "KvAS:D<163><STEAM_0:4:1287343109><CT>" attacked "[Hard_Skill]_Lexa kosmonaft<176><STEAM_0:0:226379933><TERRORIST>" with "awp" (damage "137") (damage_armor "2") (health "-37") (armor "98")
L 03/22/2015 - 14:54:19: "KvAS:D<163><STEAM_0:4:1287343109><CT>" killed "[Hard_Skill]_Lexa kosmonaft<176><STEAM_0:0:226379933><TERRORIST>" with "awp"
L 03/22/2015 - 14:54:31: "[Angels]DarkAngel<181><STEAM_0:4:2029333363><TERRORIST>" attacked "[Hard_Skill]_Dasha<165><STEAM_0:4:1068366041><CT>" with "awp" (damage "49") (damage_armor "0") (health "51") (armor "0")
L 03/22/2015 - 14:54:34: "[Angels]DarkAngel<181><STEAM_0:4:2029333363><TERRORIST>" attacked "[Hard_Skill]_Dasha<165><STEAM_0:4:1068366041><CT>" with "deagle" (damage "19") (damage_armor "0") (health "32") (armor "0")
L 03/22/2015 - 14:54:34: "[Angels]DarkAngel<181><STEAM_0:4:2029333363><TERRORIST>" attacked "[Hard_Skill]_Dasha<165><STEAM_0:4:1068366041><CT>" with "deagle" (damage "22") (damage_armor "0") (health "10") (armor "0")
L 03/22/2015 - 14:54:35: "[Hard_Skill]_AHAKOHDA<175><STEAM_0:4:44322053><TERRORIST>" attacked "[Hard_Skill]_Funny*Apple<172><STEAM_0:4:1364633349><CT>" with "awp" (damage "136") (damage_armor "2") (health "-36") (armor "98")
L 03/22/2015 - 14:54:35: "[Hard_Skill]_AHAKOHDA<175><STEAM_0:4:44322053><TERRORIST>" killed "[Hard_Skill]_Funny*Apple<172><STEAM_0:4:1364633349><CT>" with "awp"
L 03/22/2015 - 14:54:37: "[Angels]DarkAngel<181><STEAM_0:4:2029333363><TERRORIST>" attacked "KvAS:D<163><STEAM_0:4:1287343109><CT>" with "deagle" (damage "36") (damage_armor "7") (health "64") (armor "93")
L 03/22/2015 - 14:54:38: "[Angels]DarkAngel<181><STEAM_0:4:2029333363><TERRORIST>" attacked "KvAS:D<163><STEAM_0:4:1287343109><CT>" with "deagle" (damage "37") (damage_armor "6") (health "27") (armor "87")
L 03/22/2015 - 14:54:42: "[Angels]DarkAngel<181><STEAM_0:4:2029333363><TERRORIST>" attacked "KvAS:D<163><STEAM_0:4:1287343109><CT>" with "deagle" (damage "14") (damage_armor "2") (health "13") (armor "85")
L 03/22/2015 - 14:54:42: "[Angels]DarkAngel<181><STEAM_0:4:2029333363><TERRORIST>" attacked "KvAS:D<163><STEAM_0:4:1287343109><CT>" with "deagle" (damage "17") (damage_armor "3") (health "-4") (armor "82")
L 03/22/2015 - 14:54:42: "[Angels]DarkAngel<181><STEAM_0:4:2029333363><TERRORIST>" killed "KvAS:D<163><STEAM_0:4:1287343109><CT>" with "deagle"
L 03/22/2015 - 14:54:45: "[Hard_Skill]_Dasha<165><STEAM_0:4:1068366041><CT>" attacked "[Angels]DarkAngel<181><STEAM_0:4:2029333363><TERRORIST>" with "m4a1" (damage "24") (damage_armor "0") (health "14") (armor "0")
L 03/22/2015 - 14:54:45: "[Hard_Skill]_AHAKOHDA<175><STEAM_0:4:44322053><TERRORIST>" attacked "Student_40rus<180><STEAM_0:4:1561341802><CT>" with "awp" (damage "84") (damage_armor "0") (health "16") (armor "0")
L 03/22/2015 - 14:54:45: "[Hard_Skill]_Dasha<165><STEAM_0:4:1068366041><CT>" attacked "[Angels]DarkAngel<181><STEAM_0:4:2029333363><TERRORIST>" with "m4a1" (damage "128") (damage_armor "0") (health "-114") (armor "0")
L 03/22/2015 - 14:54:45: "[Hard_Skill]_Dasha<165><STEAM_0:4:1068366041><CT>" killed "[Angels]DarkAngel<181><STEAM_0:4:2029333363><TERRORIST>" with "m4a1"
L 03/22/2015 - 14:54:45: "Student_40rus<180><STEAM_0:4:1561341802><CT>" attacked "[Hard_Skill]_AHAKOHDA<175><STEAM_0:4:44322053><TERRORIST>" with "m4a1" (damage "22") (damage_armor "0") (health "42") (armor "81")
L 03/22/2015 - 14:54:45: "[Hard_Skill]_Dasha<165><STEAM_0:4:1068366041><CT>" attacked "[Hard_Skill]_AHAKOHDA<175><STEAM_0:4:44322053><TERRORIST>" with "m4a1" (damage "23") (damage_armor "0") (health "19") (armor "81")
L 03/22/2015 - 14:54:45: "Student_40rus<180><STEAM_0:4:1561341802><CT>" attacked "[Hard_Skill]_AHAKOHDA<175><STEAM_0:4:44322053><TERRORIST>" with "m4a1" (damage "26") (damage_armor "5") (health "-7") (armor "76")
L 03/22/2015 - 14:54:45: "Student_40rus<180><STEAM_0:4:1561341802><CT>" killed "[Hard_Skill]_AHAKOHDA<175><STEAM_0:4:44322053><TERRORIST>" with "m4a1"
L 03/22/2015 - 14:54:53: "[TOP-MS] FANAT CAXAPA<177><STEAM_0:4:1512688901><TERRORIST>" attacked "[Hard_Skill]_Dasha<165><STEAM_0:4:1068366041><CT>" with "awp" (damage "84") (damage_armor "0") (health "-74") (armor "0")
L 03/22/2015 - 14:54:53: "[TOP-MS] FANAT CAXAPA<177><STEAM_0:4:1512688901><TERRORIST>" killed "[Hard_Skill]_Dasha<165><STEAM_0:4:1068366041><CT>" with "awp"
L 03/22/2015 - 14:54:53: "Student_40rus<180><STEAM_0:4:1561341802><CT>" attacked "[TOP-MS] FANAT CAXAPA<177><STEAM_0:4:1512688901><TERRORIST>" with "m4a1" (damage "21") (damage_armor "5") (health "79") (armor "95")
L 03/22/2015 - 14:54:54: "Student_40rus<180><STEAM_0:4:1561341802><CT>" attacked "[TOP-MS] FANAT CAXAPA<177><STEAM_0:4:1512688901><TERRORIST>" with "m4a1" (damage "21") (damage_armor "5") (health "58") (armor "90")
L 03/22/2015 - 14:54:54: "Student_40rus<180><STEAM_0:4:1561341802><CT>" attacked "[TOP-MS] FANAT CAXAPA<177><STEAM_0:4:1512688901><TERRORIST>" with "m4a1" (damage "21") (damage_armor "4") (health "37") (armor "86")
L 03/22/2015 - 14:54:54: "Student_40rus<180><STEAM_0:4:1561341802><CT>" attacked "[TOP-MS] FANAT CAXAPA<177><STEAM_0:4:1512688901><TERRORIST>" with "m4a1" (damage "21") (damage_armor "5") (health "16") (armor "81")
L 03/22/2015 - 14:54:54: "[TOP-MS] FANAT CAXAPA<177><STEAM_0:4:1512688901><TERRORIST>" attacked "Student_40rus<180><STEAM_0:4:1561341802><CT>" with "deagle" (damage "33") (damage_armor "0") (health "-17") (armor "0")
L 03/22/2015 - 14:54:54: "[TOP-MS] FANAT CAXAPA<177><STEAM_0:4:1512688901><TERRORIST>" killed "Student_40rus<180><STEAM_0:4:1561341802><CT>" with "deagle"
L 03/22/2015 - 14:55:00: "[Hard_Skill]_Dasha<165><STEAM_0:4:1068366041><CT>" triggered "weaponstats" (weapon "m4a1") (shots "32") (hits "8") (kills "2") (headshots "1") (tks "0") (damage "285") (deaths "3")
L 03/22/2015 - 14:55:00: "[Hard_Skill]_Dasha<165><STEAM_0:4:1068366041><CT>" triggered "weaponstats2" (weapon "m4a1") (head "1") (chest "1") (stomach "0") (leftarm "4") (rightarm "0") (leftleg "0") (rightleg "2")
L 03/22/2015 - 14:55:00: "[Hard_Skill]_Dasha<165><STEAM_0:4:1068366041><CT>" triggered "time" (time "5:05")
L 03/22/2015 - 14:55:00: "[Hard_Skill]_Dasha<165><STEAM_0:4:1068366041><CT>" triggered "latency" (ping "6")
L 03/22/2015 - 14:55:00: "[Hard_Skill]_Dasha<165><STEAM_0:4:1068366041><CT>" disconnected
L 03/22/2015 - 14:55:36: "Student_40rus<180><STEAM_0:4:1561341802><CT>" say "rhscs\" (dead)
L 03/22/2015 - 14:55:41: "[TOP-MS] FANAT CAXAPA<177><STEAM_0:4:1512688901><TERRORIST>" attacked "[Hard_Skill]_Leks<158><STEAM_0:4:1492831493><CT>" with "deagle" (damage "24") (damage_armor "0") (health "76") (armor "100")
L 03/22/2015 - 14:55:45: "[Hard_Skill]_Leks<158><STEAM_0:4:1492831493><CT>" killed "[TOP-MS] FANAT CAXAPA<177><STEAM_0:4:1512688901><TERRORIST>" with "grenade"
L 03/22/2015 - 14:55:45: Team "CT" triggered "CTs_Win" (CT "4") (T "2")
L 03/22/2015 - 14:55:45: World triggered "Round_End"
L 03/22/2015 - 14:55:55: World triggered "Round_Start"
L 03/22/2015 - 14:56:04: "Student_40rus<180><STEAM_0:4:1561341802><CT>" attacked "[Angels]DarkAngel<181><STEAM_0:4:2029333363><TERRORIST>" with "m4a1" (damage "30") (damage_armor "0") (health "70") (armor "0")
L 03/22/2015 - 14:56:04: "Student_40rus<180><STEAM_0:4:1561341802><CT>" attacked "[Angels]DarkAngel<181><STEAM_0:4:2029333363><TERRORIST>" with "m4a1" (damage "30") (damage_armor "0") (health "40") (armor "0")
L 03/22/2015 - 14:56:04: "[Angels]DarkAngel<181><STEAM_0:4:2029333363><TERRORIST>" attacked "Student_40rus<180><STEAM_0:4:1561341802><CT>" with "awp" (damage "112") (damage_armor "0") (health "-12") (armor "0")
L 03/22/2015 - 14:56:04: "[Angels]DarkAngel<181><STEAM_0:4:2029333363><TERRORIST>" killed "Student_40rus<180><STEAM_0:4:1561341802><CT>" with "awp"
L 03/22/2015 - 14:56:07: "razdyalavichy Lanets cs 1.6<179><STEAM_0:4:2090355973><CT>" attacked "[Hard_Skill]_AHAKOHDA<175><STEAM_0:4:44322053><TERRORIST>" with "awp" (damage "107") (damage_armor "2") (health "-7") (armor "98")
L 03/22/2015 - 14:56:07: "razdyalavichy Lanets cs 1.6<179><STEAM_0:4:2090355973><CT>" killed "[Hard_Skill]_AHAKOHDA<175><STEAM_0:4:44322053><TERRORIST>" with "awp"
L 03/22/2015 - 14:56:13: "[Hard_Skill]_Leks<158><STEAM_0:4:1492831493><CT>" attacked "[TOP-MS] FANAT CAXAPA<177><STEAM_0:4:1512688901><TERRORIST>" with "awp" (damage "107") (damage_armor "2") (health "-7") (armor "98")
L 03/22/2015 - 14:56:13: "[Hard_Skill]_Leks<158><STEAM_0:4:1492831493><CT>" killed "[TOP-MS] FANAT CAXAPA<177><STEAM_0:4:1512688901><TERRORIST>" with "awp"
L 03/22/2015 - 14:56:15: "[Angels]DarkAngel<181><STEAM_0:4:2029333363><TERRORIST>" attacked "[Hard_Skill]_Leks<158><STEAM_0:4:1492831493><CT>" with "awp" (damage "106") (damage_armor "2") (health "-6") (armor "98")
L 03/22/2015 - 14:56:15: "[Angels]DarkAngel<181><STEAM_0:4:2029333363><TERRORIST>" killed "[Hard_Skill]_Leks<158><STEAM_0:4:1492831493><CT>" with "awp"
L 03/22/2015 - 14:56:17: "[Angels]DarkAngel<181><STEAM_0:4:2029333363><TERRORIST>" attacked "[Hard_Skill]_Funny*Apple<172><STEAM_0:4:1364633349><CT>" with "awp" (damage "106") (damage_armor "2") (health "-6") (armor "98")
L 03/22/2015 - 14:56:17: "[Angels]DarkAngel<181><STEAM_0:4:2029333363><TERRORIST>" killed "[Hard_Skill]_Funny*Apple<172><STEAM_0:4:1364633349><CT>" with "awp"
L 03/22/2015 - 14:56:21: "[Hard_Skill]_Mi{x}eR<178><STEAM_0:4:696196046><TERRORIST>" attacked "KvAS:D<163><STEAM_0:4:1287343109><CT>" with "m4a1" (damage "31") (damage_armor "0") (health "69") (armor "0")
L 03/22/2015 - 14:56:21: "[Hard_Skill]_Mi{x}eR<178><STEAM_0:4:696196046><TERRORIST>" attacked "KvAS:D<163><STEAM_0:4:1287343109><CT>" with "m4a1" (damage "31") (damage_armor "0") (health "38") (armor "0")
L 03/22/2015 - 14:56:21: "razdyalavichy Lanets cs 1.6<179><STEAM_0:4:2090355973><CT>" attacked "[Angels]DarkAngel<181><STEAM_0:4:2029333363><TERRORIST>" with "awp" (damage "140") (damage_armor "0") (health "-100") (armor "0")
L 03/22/2015 - 14:56:21: "razdyalavichy Lanets cs 1.6<179><STEAM_0:4:2090355973><CT>" killed "[Angels]DarkAngel<181><STEAM_0:4:2029333363><TERRORIST>" with "awp"
L 03/22/2015 - 14:56:21: "[Hard_Skill]_Mi{x}eR<178><STEAM_0:4:696196046><TERRORIST>" attacked "KvAS:D<163><STEAM_0:4:1287343109><CT>" with "m4a1" (damage "31") (damage_armor "0") (health "7") (armor "0")
L 03/22/2015 - 14:56:22: "[Hard_Skill]_Mi{x}eR<178><STEAM_0:4:696196046><TERRORIST>" attacked "KvAS:D<163><STEAM_0:4:1287343109><CT>" with "m4a1" (damage "31") (damage_armor "0") (health "-24") (armor "0")
L 03/22/2015 - 14:56:22: "[Hard_Skill]_Mi{x}eR<178><STEAM_0:4:696196046><TERRORIST>" killed "KvAS:D<163><STEAM_0:4:1287343109><CT>" with "m4a1"
L 03/22/2015 - 14:56:24: "razdyalavichy Lanets cs 1.6<179><STEAM_0:4:2090355973><CT>" attacked "[Hard_Skill]_Lexa kosmonaft<176><STEAM_0:0:226379933><TERRORIST>" with "awp" (damage "109") (damage_armor "2") (health "-9") (armor "98")
L 03/22/2015 - 14:56:24: "razdyalavichy Lanets cs 1.6<179><STEAM_0:4:2090355973><CT>" killed "[Hard_Skill]_Lexa kosmonaft<176><STEAM_0:0:226379933><TERRORIST>" with "awp"
L 03/22/2015 - 14:56:28: "razdyalavichy Lanets cs 1.6<179><STEAM_0:4:2090355973><CT>" attacked "[Hard_Skill]_Mi{x}eR<178><STEAM_0:4:696196046><TERRORIST>" with "awp" (damage "440") (damage_armor "6") (health "-363") (armor "94")
L 03/22/2015 - 14:56:28: "razdyalavichy Lanets cs 1.6<179><STEAM_0:4:2090355973><CT>" killed "[Hard_Skill]_Mi{x}eR<178><STEAM_0:4:696196046><TERRORIST>" with "awp"
L 03/22/2015 - 14:56:28: Team "CT" triggered "CTs_Win" (CT "5") (T "2")
L 03/22/2015 - 14:56:28: World triggered "Round_End"
L 03/22/2015 - 14:56:38: World triggered "Round_Start"
L 03/22/2015 - 14:56:48: "KvAS:D<163><STEAM_0:4:1287343109><CT>" attacked "[Hard_Skill]_Lexa kosmonaft<176><STEAM_0:0:226379933><TERRORIST>" with "m4a1" (damage "21") (damage_armor "5") (health "79") (armor "95")
L 03/22/2015 - 14:56:48: "KvAS:D<163><STEAM_0:4:1287343109><CT>" attacked "[Hard_Skill]_Lexa kosmonaft<176><STEAM_0:0:226379933><TERRORIST>" with "m4a1" (damage "21") (damage_armor "5") (health "58") (armor "90")
L 03/22/2015 - 14:56:48: "[Hard_Skill]_Lexa kosmonaft<176><STEAM_0:0:226379933><TERRORIST>" attacked "[Hard_Skill]_Leks<158><STEAM_0:4:1492831493><CT>" with "ak47" (damage "26") (damage_armor "4") (health "74") (armor "96")
L 03/22/2015 - 14:56:48: "KvAS:D<163><STEAM_0:4:1287343109><CT>" attacked "[Hard_Skill]_Lexa kosmonaft<176><STEAM_0:0:226379933><TERRORIST>" with "m4a1" (damage "21") (damage_armor "4") (health "37") (armor "86")
L 03/22/2015 - 14:56:48: "[Hard_Skill]_Lexa kosmonaft<176><STEAM_0:0:226379933><TERRORIST>" attacked "[Hard_Skill]_Funny*Apple<172><STEAM_0:4:1364633349><CT>" with "ak47" (damage "26") (damage_armor "0") (health "74") (armor "0")
L 03/22/2015 - 14:56:49: "[Hard_Skill]_Funny*Apple<172><STEAM_0:4:1364633349><CT>" attacked "[Hard_Skill]_Lexa kosmonaft<176><STEAM_0:0:226379933><TERRORIST>" with "m4a1" (damage "22") (damage_armor "0") (health "15") (armor "86")
L 03/22/2015 - 14:56:49: "[Hard_Skill]_Funny*Apple<172><STEAM_0:4:1364633349><CT>" attacked "[Hard_Skill]_Lexa kosmonaft<176><STEAM_0:0:226379933><TERRORIST>" with "m4a1" (damage "22") (damage_armor "0") (health "-7") (armor "86")
L 03/22/2015 - 14:56:49: "[Hard_Skill]_Funny*Apple<172><STEAM_0:4:1364633349><CT>" killed "[Hard_Skill]_Lexa kosmonaft<176><STEAM_0:0:226379933><TERRORIST>" with "m4a1"
L 03/22/2015 - 14:56:50: "Student_40rus<180><STEAM_0:4:1561341802><CT>" attacked "[Hard_Skill]_Mi{x}eR<178><STEAM_0:4:696196046><TERRORIST>" with "m4a1" (damage "9") (damage_armor "3") (health "91") (armor "97")
L 03/22/2015 - 14:57:00: "Student_40rus<180><STEAM_0:4:1561341802><CT>" attacked "[Hard_Skill]_Mi{x}eR<178><STEAM_0:4:696196046><TERRORIST>" with "m4a1" (damage "21") (damage_armor "4") (health "70") (armor "93")
L 03/22/2015 - 14:57:00: "Student_40rus<180><STEAM_0:4:1561341802><CT>" attacked "[Hard_Skill]_Mi{x}eR<178><STEAM_0:4:696196046><TERRORIST>" with "m4a1" (damage "21") (damage_armor "5") (health "49") (armor "88")
L 03/22/2015 - 14:57:00: "Student_40rus<180><STEAM_0:4:1561341802><CT>" attacked "[Hard_Skill]_Mi{x}eR<178><STEAM_0:4:696196046><TERRORIST>" with "m4a1" (damage "27") (damage_armor "6") (health "22") (armor "82")
L 03/22/2015 - 14:57:00: "Student_40rus<180><STEAM_0:4:1561341802><CT>" attacked "[Hard_Skill]_Mi{x}eR<178><STEAM_0:4:696196046><TERRORIST>" with "m4a1" (damage "21") (damage_armor "4") (health "1") (armor "78")
L 03/22/2015 - 14:57:00: "Student_40rus<180><STEAM_0:4:1561341802><CT>" attacked "[Hard_Skill]_Mi{x}eR<178><STEAM_0:4:696196046><TERRORIST>" with "m4a1" (damage "21") (damage_armor "5") (health "-20") (armor "73")
L 03/22/2015 - 14:57:00: "Student_40rus<180><STEAM_0:4:1561341802><CT>" killed "[Hard_Skill]_Mi{x}eR<178><STEAM_0:4:696196046><TERRORIST>" with "m4a1"
L 03/22/2015 - 14:57:03: "[Angels]DarkAngel<181><STEAM_0:4:2029333363><TERRORIST>" attacked "KvAS:D<163><STEAM_0:4:1287343109><CT>" with "scout" (damage "244") (damage_armor "22") (health "-144") (armor "78")
L 03/22/2015 - 14:57:03: "[Angels]DarkAngel<181><STEAM_0:4:2029333363><TERRORIST>" killed "KvAS:D<163><STEAM_0:4:1287343109><CT>" with "scout"
L 03/22/2015 - 14:57:12: "razdyalavichy Lanets cs 1.6<179><STEAM_0:4:2090355973><CT>" attacked "[Hard_Skill]_AHAKOHDA<175><STEAM_0:4:44322053><TERRORIST>" with "awp" (damage "108") (damage_armor "2") (health "-8") (armor "98")
L 03/22/2015 - 14:57:12: "razdyalavichy Lanets cs 1.6<179><STEAM_0:4:2090355973><CT>" killed "[Hard_Skill]_AHAKOHDA<175><STEAM_0:4:44322053><TERRORIST>" with "awp"
L 03/22/2015 - 14:57:20: "[Angels]DarkAngel<181><STEAM_0:4:2029333363><TERRORIST>" attacked "[Hard_Skill]_Funny*Apple<172><STEAM_0:4:1364633349><CT>" with "scout" (damage "284") (damage_armor "0") (health "-210") (armor "0")
L 03/22/2015 - 14:57:20: "[Angels]DarkAngel<181><STEAM_0:4:2029333363><TERRORIST>" killed "[Hard_Skill]_Funny*Apple<172><STEAM_0:4:1364633349><CT>" with "scout"
L 03/22/2015 - 14:57:20: "Student_40rus<180><STEAM_0:4:1561341802><CT>" attacked "[TOP-MS] FANAT CAXAPA<177><STEAM_0:4:1512688901><TERRORIST>" with "m4a1" (damage "38") (damage_armor "0") (health "62") (armor "0")
L 03/22/2015 - 14:57:20: "Student_40rus<180><STEAM_0:4:1561341802><CT>" attacked "[TOP-MS] FANAT CAXAPA<177><STEAM_0:4:1512688901><TERRORIST>" with "m4a1" (damage "38") (damage_armor "0") (health "24") (armor "0")
L 03/22/2015 - 14:57:20: "Student_40rus<180><STEAM_0:4:1561341802><CT>" attacked "[TOP-MS] FANAT CAXAPA<177><STEAM_0:4:1512688901><TERRORIST>" with "m4a1" (damage "31") (damage_armor "0") (health "-7") (armor "0")
L 03/22/2015 - 14:57:20: "Student_40rus<180><STEAM_0:4:1561341802><CT>" killed "[TOP-MS] FANAT CAXAPA<177><STEAM_0:4:1512688901><TERRORIST>" with "m4a1"
L 03/22/2015 - 14:57:25: [DPROTO]: Client 4 - Set AuthIdType 1 [Native]; pClient = 0xb3990ad8
L 03/22/2015 - 14:57:25: "SS<182><STEAM_0:1:110006230><>" connected, address "37.44.82.118:25258"
L 03/22/2015 - 14:57:25: [VTC] Player 5 silk
L 03/22/2015 - 14:57:25: "SS<182><STEAM_0:1:110006230><>" STEAM USERID validated
L 03/22/2015 - 14:57:30: "Student_40rus<180><STEAM_0:4:1561341802><CT>" attacked "[Angels]DarkAngel<181><STEAM_0:4:2029333363><TERRORIST>" with "m4a1" (damage "31") (damage_armor "0") (health "69") (armor "0")
L 03/22/2015 - 14:57:30: "Student_40rus<180><STEAM_0:4:1561341802><CT>" attacked "[Angels]DarkAngel<181><STEAM_0:4:2029333363><TERRORIST>" with "m4a1" (damage "31") (damage_armor "0") (health "38") (armor "0")
L 03/22/2015 - 14:57:30: "[Angels]DarkAngel<181><STEAM_0:4:2029333363><TERRORIST>" attacked "Student_40rus<180><STEAM_0:4:1561341802><CT>" with "deagle" (damage "192") (damage_armor "0") (health "-103") (armor "0")
L 03/22/2015 - 14:57:30: "[Angels]DarkAngel<181><STEAM_0:4:2029333363><TERRORIST>" killed "Student_40rus<180><STEAM_0:4:1561341802><CT>" with "deagle"
L 03/22/2015 - 14:57:34: "SS<182><STEAM_0:1:110006230><>" entered the game
L 03/22/2015 - 14:57:39: "SS<182><STEAM_0:1:110006230><>" joined team "TERRORIST"
L 03/22/2015 - 14:58:01: "[Hard_Skill]_Funny*Apple<172><STEAM_0:4:1364633349><CT>" triggered "weaponstats" (weapon "grenade") (shots "6") (hits "0") (kills "0") (headshots "0") (tks "0") (damage "0") (deaths "0")
L 03/22/2015 - 14:58:01: "[Hard_Skill]_Funny*Apple<172><STEAM_0:4:1364633349><CT>" triggered "weaponstats2" (weapon "grenade") (head "0") (chest "0") (stomach "0") (leftarm "0") (rightarm "0") (leftleg "0") (rightleg "0")
L 03/22/2015 - 14:58:01: "[Hard_Skill]_Funny*Apple<172><STEAM_0:4:1364633349><CT>" triggered "weaponstats" (weapon "usp") (shots "1") (hits "0") (kills "0") (headshots "0") (tks "0") (damage "0") (deaths "0")
L 03/22/2015 - 14:58:01: "[Hard_Skill]_Funny*Apple<172><STEAM_0:4:1364633349><CT>" triggered "weaponstats2" (weapon "usp") (head "0") (chest "0") (stomach "0") (leftarm "0") (rightarm "0") (leftleg "0") (rightleg "0")
L 03/22/2015 - 14:58:01: "[Hard_Skill]_Funny*Apple<172><STEAM_0:4:1364633349><CT>" triggered "weaponstats" (weapon "awp") (shots "6") (hits "3") (kills "2") (headshots "0") (tks "0") (damage "303") (deaths "0")
L 03/22/2015 - 14:58:01: "[Hard_Skill]_Funny*Apple<172><STEAM_0:4:1364633349><CT>" triggered "weaponstats2" (weapon "awp") (head "0") (chest "1") (stomach "0") (leftarm "0") (rightarm "1") (leftleg "0") (rightleg "1")
L 03/22/2015 - 14:58:01: "[Hard_Skill]_Funny*Apple<172><STEAM_0:4:1364633349><CT>" triggered "weaponstats" (weapon "m4a1") (shots "7") (hits "2") (kills "1") (headshots "0") (tks "0") (damage "44") (deaths "2")
L 03/22/2015 - 14:58:01: "[Hard_Skill]_Funny*Apple<172><STEAM_0:4:1364633349><CT>" triggered "weaponstats2" (weapon "m4a1") (head "0") (chest "0") (stomach "0") (leftarm "0") (rightarm "0") (leftleg "1") (rightleg "1")
L 03/22/2015 - 14:58:01: "[Hard_Skill]_Funny*Apple<172><STEAM_0:4:1364633349><CT>" triggered "weaponstats" (weapon "deagle") (shots "18") (hits "2") (kills "0") (headshots "0") (tks "0") (damage "73") (deaths "3")
L 03/22/2015 - 14:58:01: "[Hard_Skill]_Funny*Apple<172><STEAM_0:4:1364633349><CT>" triggered "weaponstats2" (weapon "deagle") (head "0") (chest "0") (stomach "0") (leftarm "1") (rightarm "0") (leftleg "1") (rightleg "0")
L 03/22/2015 - 14:58:01: "[Hard_Skill]_Funny*Apple<172><STEAM_0:4:1364633349><CT>" triggered "weaponstats" (weapon "ak47") (shots "15") (hits "3") (kills "2") (headshots "1") (tks "0") (damage "163") (deaths "1")
L 03/22/2015 - 14:58:01: "[Hard_Skill]_Funny*Apple<172><STEAM_0:4:1364633349><CT>" triggered "weaponstats2" (weapon "ak47") (head "1") (chest "0") (stomach "1") (leftarm "1") (rightarm "0") (leftleg "0") (rightleg "0")
L 03/22/2015 - 14:58:01: "[Hard_Skill]_Funny*Apple<172><STEAM_0:4:1364633349><CT>" triggered "weaponstats" (weapon "knife") (shots "7") (hits "0") (kills "0") (headshots "0") (tks "0") (damage "0") (deaths "0")
L 03/22/2015 - 14:58:01: "[Hard_Skill]_Funny*Apple<172><STEAM_0:4:1364633349><CT>" triggered "weaponstats2" (weapon "knife") (head "0") (chest "0") (stomach "0") (leftarm "0") (rightarm "0") (leftleg "0") (rightleg "0")
L 03/22/2015 - 14:58:01: "[Hard_Skill]_Funny*Apple<172><STEAM_0:4:1364633349><CT>" triggered "time" (time "8:17")
L 03/22/2015 - 14:58:01: "[Hard_Skill]_Funny*Apple<172><STEAM_0:4:1364633349><CT>" triggered "latency" (ping "23")
L 03/22/2015 - 14:58:01: "KvAS:D<163><STEAM_0:4:1287343109><CT>" triggered "weaponstats" (weapon "scout") (shots "12") (hits "7") (kills "3") (headshots "2") (tks "0") (damage "825") (deaths "0")
L 03/22/2015 - 14:58:01: "KvAS:D<163><STEAM_0:4:1287343109><CT>" triggered "weaponstats2" (weapon "scout") (head "2") (chest "0") (stomach "1") (leftarm "3") (rightarm "1") (leftleg "0") (rightleg "0")
L 03/22/2015 - 14:58:01: "KvAS:D<163><STEAM_0:4:1287343109><CT>" triggered "weaponstats" (weapon "usp") (shots "3") (hits "0") (kills "0") (headshots "0") (tks "0") (damage "0") (deaths "1")
L 03/22/2015 - 14:58:01: "KvAS:D<163><STEAM_0:4:1287343109><CT>" triggered "weaponstats2" (weapon "usp") (head "0") (chest "0") (stomach "0") (leftarm "0") (rightarm "0") (leftleg "0") (rightleg "0")
L 03/22/2015 - 14:58:01: "KvAS:D<163><STEAM_0:4:1287343109><CT>" triggered "weaponstats" (weapon "awp") (shots "3") (hits "2") (kills "2") (headshots "0") (tks "0") (damage "248") (deaths "0")
L 03/22/2015 - 14:58:01: "KvAS:D<163><STEAM_0:4:1287343109><CT>" triggered "weaponstats2" (weapon "awp") (head "0") (chest "0") (stomach "1") (leftarm "0") (rightarm "1") (leftleg "0") (rightleg "0")
L 03/22/2015 - 14:58:01: "KvAS:D<163><STEAM_0:4:1287343109><CT>" triggered "weaponstats" (weapon "m4a1") (shots "22") (hits "3") (kills "0") (headshots "0") (tks "0") (damage "63") (deaths "1")
L 03/22/2015 - 14:58:01: "KvAS:D<163><STEAM_0:4:1287343109><CT>" triggered "weaponstats2" (weapon "m4a1") (head "0") (chest "0") (stomach "0") (leftarm "3") (rightarm "0") (leftleg "0") (rightleg "0")
L 03/22/2015 - 14:58:01: "KvAS:D<163><STEAM_0:4:1287343109><CT>" triggered "weaponstats" (weapon "deagle") (shots "4") (hits "1") (kills "1") (headshots "1") (tks "0") (damage "124") (deaths "0")
L 03/22/2015 - 14:58:01: "KvAS:D<163><STEAM_0:4:1287343109><CT>" triggered "weaponstats2" (weapon "deagle") (head "1") (chest "0") (stomach "0") (leftarm "0") (rightarm "0") (leftleg "0") (rightleg "0")
L 03/22/2015 - 14:58:01: "KvAS:D<163><STEAM_0:4:1287343109><CT>" triggered "weaponstats" (weapon "knife") (shots "14") (hits "0") (kills "0") (headshots "0") (tks "0") (damage "0") (deaths "1")
L 03/22/2015 - 14:58:01: "KvAS:D<163><STEAM_0:4:1287343109><CT>" triggered "weaponstats2" (weapon "knife") (head "0") (chest "0") (stomach "0") (leftarm "0") (rightarm "0") (leftleg "0") (rightleg "0")
L 03/22/2015 - 14:58:01: "KvAS:D<163><STEAM_0:4:1287343109><CT>" triggered "time" (time "8:18")
L 03/22/2015 - 14:58:01: "KvAS:D<163><STEAM_0:4:1287343109><CT>" triggered "latency" (ping "26")
L 03/22/2015 - 14:58:01: "[Hard_Skill]_Leks<158><STEAM_0:4:1492831493><CT>" triggered "weaponstats" (weapon "p228") (shots "17") (hits "2") (kills "1") (headshots "0") (tks "0") (damage "23") (deaths "0")
L 03/22/2015 - 14:58:01: "[Hard_Skill]_Leks<158><STEAM_0:4:1492831493><CT>" triggered "weaponstats2" (weapon "p228") (head "0") (chest "1") (stomach "0") (leftarm "1") (rightarm "0") (leftleg "0") (rightleg "0")
L 03/22/2015 - 14:58:01: "[Hard_Skill]_Leks<158><STEAM_0:4:1492831493><CT>" triggered "weaponstats" (weapon "grenade") (shots "1") (hits "1") (kills "1") (headshots "0") (tks "0") (damage "18") (deaths "0")
L 03/22/2015 - 14:58:01: "[Hard_Skill]_Leks<158><STEAM_0:4:1492831493><CT>" triggered "weaponstats2" (weapon "grenade") (head "0") (chest "0") (stomach "0") (leftarm "0") (rightarm "0") (leftleg "0") (rightleg "0")
L 03/22/2015 - 14:58:01: "[Hard_Skill]_Leks<158><STEAM_0:4:1492831493><CT>" triggered "weaponstats" (weapon "usp") (shots "13") (hits "7") (kills "2") (headshots "1") (tks "0") (damage "143") (deaths "1")
L 03/22/2015 - 14:58:01: "[Hard_Skill]_Leks<158><STEAM_0:4:1492831493><CT>" triggered "weaponstats2" (weapon "usp") (head "1") (chest "1") (stomach "0") (leftarm "3") (rightarm "2") (leftleg "0") (rightleg "0")
L 03/22/2015 - 14:58:01: "[Hard_Skill]_Leks<158><STEAM_0:4:1492831493><CT>" triggered "weaponstats" (weapon "awp") (shots "16") (hits "2") (kills "2") (headshots "0") (tks "0") (damage "213") (deaths "1")
L 03/22/2015 - 14:58:01: "[Hard_Skill]_Leks<158><STEAM_0:4:1492831493><CT>" triggered "weaponstats2" (weapon "awp") (head "0") (chest "1") (stomach "0") (leftarm "0") (rightarm "1") (leftleg "0") (rightleg "0")
L 03/22/2015 - 14:58:01: "[Hard_Skill]_Leks<158><STEAM_0:4:1492831493><CT>" triggered "weaponstats" (weapon "m3") (shots "4") (hits "1") (kills "0") (headshots "0") (tks "0") (damage "51") (deaths "1")
L 03/22/2015 - 14:58:01: "[Hard_Skill]_Leks<158><STEAM_0:4:1492831493><CT>" triggered "weaponstats2" (weapon "m3") (head "0") (chest "0") (stomach "0") (leftarm "1") (rightarm "0") (leftleg "0") (rightleg "0")
L 03/22/2015 - 14:58:01: "[Hard_Skill]_Leks<158><STEAM_0:4:1492831493><CT>" triggered "weaponstats" (weapon "m4a1") (shots "21") (hits "5") (kills "2") (headshots "0") (tks "0") (damage "111") (deaths "0")
L 03/22/2015 - 14:58:01: "[Hard_Skill]_Leks<158><STEAM_0:4:1492831493><CT>" triggered "weaponstats2" (weapon "m4a1") (head "0") (chest "0") (stomach "0") (leftarm "3") (rightarm "0") (leftleg "0") (rightleg "2")
L 03/22/2015 - 14:58:01: "[Hard_Skill]_Leks<158><STEAM_0:4:1492831493><CT>" triggered "weaponstats" (weapon "deagle") (shots "1") (hits "0") (kills "0") (headshots "0") (tks "0") (damage "0") (deaths "0")
L 03/22/2015 - 14:58:01: "[Hard_Skill]_Leks<158><STEAM_0:4:1492831493><CT>" triggered "weaponstats2" (weapon "deagle") (head "0") (chest "0") (stomach "0") (leftarm "0") (rightarm "0") (leftleg "0") (rightleg "0")
L 03/22/2015 - 14:58:01: "[Hard_Skill]_Leks<158><STEAM_0:4:1492831493><CT>" triggered "weaponstats" (weapon "knife") (shots "1") (hits "0") (kills "0") (headshots "0") (tks "0") (damage "0") (deaths "0")
L 03/22/2015 - 14:58:01: "[Hard_Skill]_Leks<158><STEAM_0:4:1492831493><CT>" triggered "weaponstats2" (weapon "knife") (head "0") (chest "0") (stomach "0") (leftarm "0") (rightarm "0") (leftleg "0") (rightleg "0")
L 03/22/2015 - 14:58:01: "[Hard_Skill]_Leks<158><STEAM_0:4:1492831493><CT>" triggered "time" (time "8:18")
L 03/22/2015 - 14:58:01: "[Hard_Skill]_Leks<158><STEAM_0:4:1492831493><CT>" triggered "latency" (ping "41")
L 03/22/2015 - 14:58:01: "razdyalavichy Lanets cs 1.6<179><STEAM_0:4:2090355973><CT>" triggered "weaponstats" (weapon "usp") (shots "3") (hits "0") (kills "0") (headshots "0") (tks "0") (damage "0") (deaths "1")
L 03/22/2015 - 14:58:01: "razdyalavichy Lanets cs 1.6<179><STEAM_0:4:2090355973><CT>" triggered "weaponstats2" (weapon "usp") (head "0") (chest "0") (stomach "0") (leftarm "0") (rightarm "0") (leftleg "0") (rightleg "0")
L 03/22/2015 - 14:58:01: "razdyalavichy Lanets cs 1.6<179><STEAM_0:4:2090355973><CT>" triggered "weaponstats" (weapon "awp") (shots "10") (hits "5") (kills "5") (headshots "1") (tks "0") (damage "904") (deaths "0")
L 03/22/2015 - 14:58:01: "razdyalavichy Lanets cs 1.6<179><STEAM_0:4:2090355973><CT>" triggered "weaponstats2" (weapon "awp") (head "1") (chest "1") (stomach "1") (leftarm "2") (rightarm "0") (leftleg "0") (rightleg "0")
L 03/22/2015 - 14:58:01: "razdyalavichy Lanets cs 1.6<179><STEAM_0:4:2090355973><CT>" triggered "weaponstats" (weapon "m4a1") (shots "16") (hits "4") (kills "0") (headshots "0") (tks "0") (damage "74") (deaths "2")
L 03/22/2015 - 14:58:01: "razdyalavichy Lanets cs 1.6<179><STEAM_0:4:2090355973><CT>" triggered "weaponstats2" (weapon "m4a1") (head "0") (chest "2") (stomach "0") (leftarm "1") (rightarm "1") (leftleg "0") (rightleg "0")
L 03/22/2015 - 14:58:01: "razdyalavichy Lanets cs 1.6<179><STEAM_0:4:2090355973><CT>" triggered "weaponstats" (weapon "deagle") (shots "6") (hits "1") (kills "0") (headshots "0") (tks "0") (damage "36") (deaths "1")
L 03/22/2015 - 14:58:01: "razdyalavichy Lanets cs 1.6<179><STEAM_0:4:2090355973><CT>" triggered "weaponstats2" (weapon "deagle") (head "0") (chest "0") (stomach "0") (leftarm "0") (rightarm "1") (leftleg "0") (rightleg "0")
L 03/22/2015 - 14:58:01: "razdyalavichy Lanets cs 1.6<179><STEAM_0:4:2090355973><CT>" triggered "weaponstats" (weapon "knife") (shots "7") (hits "0") (kills "0") (headshots "0") (tks "0") (damage "0") (deaths "0")
L 03/22/2015 - 14:58:01: "razdyalavichy Lanets cs 1.6<179><STEAM_0:4:2090355973><CT>" triggered "weaponstats2" (weapon "knife") (head "0") (chest "0") (stomach "0") (leftarm "0") (rightarm "0") (leftleg "0") (rightleg "0")
L 03/22/2015 - 14:58:01: "razdyalavichy Lanets cs 1.6<179><STEAM_0:4:2090355973><CT>" triggered "time" (time "8:12")
L 03/22/2015 - 14:58:01: "razdyalavichy Lanets cs 1.6<179><STEAM_0:4:2090355973><CT>" triggered "latency" (ping "62")
L 03/22/2015 - 14:58:01: "SS<182><STEAM_0:1:110006230><TERRORIST>" triggered "time" (time "0:27")
L 03/22/2015 - 14:58:01: "SS<182><STEAM_0:1:110006230><TERRORIST>" triggered "latency" (ping "47")
L 03/22/2015 - 14:58:01: "[Hard_Skill]_AHAKOHDA<175><STEAM_0:4:44322053><TERRORIST>" triggered "weaponstats" (weapon "grenade") (shots "2") (hits "0") (kills "0") (headshots "0") (tks "0") (damage "0") (deaths "0")
L 03/22/2015 - 14:58:01: "[Hard_Skill]_AHAKOHDA<175><STEAM_0:4:44322053><TERRORIST>" triggered "weaponstats2" (weapon "grenade") (head "0") (chest "0") (stomach "0") (leftarm "0") (rightarm "0") (leftleg "0") (rightleg "0")
L 03/22/2015 - 14:58:01: "[Hard_Skill]_AHAKOHDA<175><STEAM_0:4:44322053><TERRORIST>" triggered "weaponstats" (weapon "awp") (shots "13") (hits "4") (kills "3") (headshots "0") (tks "0") (damage "439") (deaths "3")
L 03/22/2015 - 14:58:01: "[Hard_Skill]_AHAKOHDA<175><STEAM_0:4:44322053><TERRORIST>" triggered "weaponstats2" (weapon "awp") (head "0") (chest "0") (stomach "1") (leftarm "1") (rightarm "1") (leftleg "0") (rightleg "1")
L 03/22/2015 - 14:58:01: "[Hard_Skill]_AHAKOHDA<175><STEAM_0:4:44322053><TERRORIST>" triggered "weaponstats" (weapon "deagle") (shots "5") (hits "2") (kills "1") (headshots "0") (tks "0") (damage "100") (deaths "1")
L 03/22/2015 - 14:58:01: "[Hard_Skill]_AHAKOHDA<175><STEAM_0:4:44322053><TERRORIST>" triggered "weaponstats2" (weapon "deagle") (head "0") (chest "0") (stomach "2") (leftarm "0") (rightarm "0") (leftleg "0") (rightleg "0")
L 03/22/2015 - 14:58:01: "[Hard_Skill]_AHAKOHDA<175><STEAM_0:4:44322053><TERRORIST>" triggered "weaponstats" (weapon "ak47") (shots "49") (hits "16") (kills "3") (headshots "0") (tks "0") (damage "486") (deaths "2")
L 03/22/2015 - 14:58:01: "[Hard_Skill]_AHAKOHDA<175><STEAM_0:4:44322053><TERRORIST>" triggered "weaponstats2" (weapon "ak47") (head "0") (chest "0") (stomach "0") (leftarm "11") (rightarm "1") (leftleg "1") (rightleg "3")
L 03/22/2015 - 14:58:01: "[Hard_Skill]_AHAKOHDA<175><STEAM_0:4:44322053><TERRORIST>" triggered "weaponstats" (weapon "knife") (shots "3") (hits "0") (kills "0") (headshots "0") (tks "0") (damage "0") (deaths "0")
L 03/22/2015 - 14:58:01: "[Hard_Skill]_AHAKOHDA<175><STEAM_0:4:44322053><TERRORIST>" triggered "weaponstats2" (weapon "knife") (head "0") (chest "0") (stomach "0") (leftarm "0") (rightarm "0") (leftleg "0") (rightleg "0")
L 03/22/2015 - 14:58:01: "[Hard_Skill]_AHAKOHDA<175><STEAM_0:4:44322053><TERRORIST>" triggered "time" (time "8:17")
L 03/22/2015 - 14:58:01: "[Hard_Skill]_AHAKOHDA<175><STEAM_0:4:44322053><TERRORIST>" triggered "latency" (ping "50")
L 03/22/2015 - 14:58:01: "[Hard_Skill]_Lexa kosmonaft<176><STEAM_0:0:226379933><TERRORIST>" triggered "weaponstats" (weapon "grenade") (shots "3") (hits "1") (kills "0") (headshots "0") (tks "0") (damage "37") (deaths "0")
L 03/22/2015 - 14:58:01: "[Hard_Skill]_Lexa kosmonaft<176><STEAM_0:0:226379933><TERRORIST>" triggered "weaponstats2" (weapon "grenade") (head "0") (chest "0") (stomach "0") (leftarm "0") (rightarm "0") (leftleg "0") (rightleg "0")
L 03/22/2015 - 14:58:01: "[Hard_Skill]_Lexa kosmonaft<176><STEAM_0:0:226379933><TERRORIST>" triggered "weaponstats" (weapon "deagle") (shots "9") (hits "5") (kills "1") (headshots "0") (tks "0") (damage "233") (deaths "1")
L 03/22/2015 - 14:58:01: "[Hard_Skill]_Lexa kosmonaft<176><STEAM_0:0:226379933><TERRORIST>" triggered "weaponstats2" (weapon "deagle") (head "0") (chest "1") (stomach "1") (leftarm "1") (rightarm "1") (leftleg "1") (rightleg "0")
L 03/22/2015 - 14:58:01: "[Hard_Skill]_Lexa kosmonaft<176><STEAM_0:0:226379933><TERRORIST>" triggered "weaponstats" (weapon "ak47") (shots "22") (hits "4") (kills "0") (headshots "0") (tks "0") (damage "100") (deaths "5")
L 03/22/2015 - 14:58:01: "[Hard_Skill]_Lexa kosmonaft<176><STEAM_0:0:226379933><TERRORIST>" triggered "weaponstats2" (weapon "ak47") (head "0") (chest "1") (stomach "0") (leftarm "0") (rightarm "0") (leftleg "2") (rightleg "1")
L 03/22/2015 - 14:58:01: "[Hard_Skill]_Lexa kosmonaft<176><STEAM_0:0:226379933><TERRORIST>" triggered "time" (time "8:16")
L 03/22/2015 - 14:58:01: "[Hard_Skill]_Lexa kosmonaft<176><STEAM_0:0:226379933><TERRORIST>" triggered "latency" (ping "33")
L 03/22/2015 - 14:58:01: "[Hard_Skill]_Mi{x}eR<178><STEAM_0:4:696196046><TERRORIST>" triggered "weaponstats" (weapon "grenade") (shots "5") (hits "1") (kills "0") (headshots "0") (tks "0") (damage "26") (deaths "1")
L 03/22/2015 - 14:58:01: "[Hard_Skill]_Mi{x}eR<178><STEAM_0:4:696196046><TERRORIST>" triggered "weaponstats2" (weapon "grenade") (head "0") (chest "0") (stomach "0") (leftarm "0") (rightarm "0") (leftleg "0") (rightleg "0")
L 03/22/2015 - 14:58:01: "[Hard_Skill]_Mi{x}eR<178><STEAM_0:4:696196046><TERRORIST>" triggered "weaponstats" (weapon "m4a1") (shots "6") (hits "4") (kills "1") (headshots "0") (tks "0") (damage "124") (deaths "1")
L 03/22/2015 - 14:58:01: "[Hard_Skill]_Mi{x}eR<178><STEAM_0:4:696196046><TERRORIST>" triggered "weaponstats2" (weapon "m4a1") (head "0") (chest "4") (stomach "0") (leftarm "0") (rightarm "0") (leftleg "0") (rightleg "0")
L 03/22/2015 - 14:58:01: "[Hard_Skill]_Mi{x}eR<178><STEAM_0:4:696196046><TERRORIST>" triggered "weaponstats" (weapon "deagle") (shots "7") (hits "0") (kills "0") (headshots "0") (tks "0") (damage "0") (deaths "2")
L 03/22/2015 - 14:58:01: "[Hard_Skill]_Mi{x}eR<178><STEAM_0:4:696196046><TERRORIST>" triggered "weaponstats2" (weapon "deagle") (head "0") (chest "0") (stomach "0") (leftarm "0") (rightarm "0") (leftleg "0") (rightleg "0")
L 03/22/2015 - 14:58:01: "[Hard_Skill]_Mi{x}eR<178><STEAM_0:4:696196046><TERRORIST>" triggered "weaponstats" (weapon "ak47") (shots "19") (hits "0") (kills "0") (headshots "0") (tks "0") (damage "0") (deaths "2")
L 03/22/2015 - 14:58:01: "[Hard_Skill]_Mi{x}eR<178><STEAM_0:4:696196046><TERRORIST>" triggered "weaponstats2" (weapon "ak47") (head "0") (chest "0") (stomach "0") (leftarm "0") (rightarm "0") (leftleg "0") (rightleg "0")
L 03/22/2015 - 14:58:01: "[Hard_Skill]_Mi{x}eR<178><STEAM_0:4:696196046><TERRORIST>" triggered "time" (time "8:11")
L 03/22/2015 - 14:58:01: "[Hard_Skill]_Mi{x}eR<178><STEAM_0:4:696196046><TERRORIST>" triggered "latency" (ping "50")
L 03/22/2015 - 14:58:01: "Student_40rus<180><STEAM_0:4:1561341802><CT>" triggered "weaponstats" (weapon "grenade") (shots "1") (hits "2") (kills "0") (headshots "0") (tks "0") (damage "98") (deaths "0")
L 03/22/2015 - 14:58:01: "Student_40rus<180><STEAM_0:4:1561341802><CT>" triggered "weaponstats2" (weapon "grenade") (head "0") (chest "0") (stomach "0") (leftarm "0") (rightarm "0") (leftleg "0") (rightleg "0")
L 03/22/2015 - 14:58:01: "Student_40rus<180><STEAM_0:4:1561341802><CT>" triggered "weaponstats" (weapon "m4a1") (shots "87") (hits "23") (kills "4") (headshots "0") (tks "0") (damage "543") (deaths "3")
L 03/22/2015 - 14:58:01: "Student_40rus<180><STEAM_0:4:1561341802><CT>" triggered "weaponstats2" (weapon "m4a1") (head "0") (chest "6") (stomach "5") (leftarm "6") (rightarm "4") (leftleg "1") (rightleg "1")
L 03/22/2015 - 14:58:01: "Student_40rus<180><STEAM_0:4:1561341802><CT>" triggered "time" (time "5:32")
L 03/22/2015 - 14:58:01: "Student_40rus<180><STEAM_0:4:1561341802><CT>" triggered "latency" (ping "55")
L 03/22/2015 - 14:58:01: "[TOP-MS] FANAT CAXAPA<177><STEAM_0:4:1512688901><TERRORIST>" triggered "weaponstats" (weapon "grenade") (shots "2") (hits "1") (kills "1") (headshots "0") (tks "0") (damage "72") (deaths "0")
L 03/22/2015 - 14:58:01: "[TOP-MS] FANAT CAXAPA<177><STEAM_0:4:1512688901><TERRORIST>" triggered "weaponstats2" (weapon "grenade") (head "0") (chest "0") (stomach "0") (leftarm "0") (rightarm "0") (leftleg "0") (rightleg "0")
L 03/22/2015 - 14:58:01: "[TOP-MS] FANAT CAXAPA<177><STEAM_0:4:1512688901><TERRORIST>" triggered "weaponstats" (weapon "ump45") (shots "7") (hits "0") (kills "0") (headshots "0") (tks "0") (damage "0") (deaths "0")
L 03/22/2015 - 14:58:01: "[TOP-MS] FANAT CAXAPA<177><STEAM_0:4:1512688901><TERRORIST>" triggered "weaponstats2" (weapon "ump45") (head "0") (chest "0") (stomach "0") (leftarm "0") (rightarm "0") (leftleg "0") (rightleg "0")
L 03/22/2015 - 14:58:01: "[TOP-MS] FANAT CAXAPA<177><STEAM_0:4:1512688901><TERRORIST>" triggered "weaponstats" (weapon "awp") (shots "2") (hits "1") (kills "1") (headshots "0") (tks "0") (damage "84") (deaths "0")
L 03/22/2015 - 14:58:01: "[TOP-MS] FANAT CAXAPA<177><STEAM_0:4:1512688901><TERRORIST>" triggered "weaponstats2" (weapon "awp") (head "0") (chest "0") (stomach "0") (leftarm "0") (rightarm "0") (leftleg "0") (rightleg "1")
L 03/22/2015 - 14:58:01: "[TOP-MS] FANAT CAXAPA<177><STEAM_0:4:1512688901><TERRORIST>" triggered "weaponstats" (weapon "m4a1") (shots "4") (hits "0") (kills "0") (headshots "0") (tks "0") (damage "0") (deaths "1")
L 03/22/2015 - 14:58:01: "[TOP-MS] FANAT CAXAPA<177><STEAM_0:4:1512688901><TERRORIST>" triggered "weaponstats2" (weapon "m4a1") (head "0") (chest "0") (stomach "0") (leftarm "0") (rightarm "0") (leftleg "0") (rightleg "0")
L 03/22/2015 - 14:58:01: "[TOP-MS] FANAT CAXAPA<177><STEAM_0:4:1512688901><TERRORIST>" triggered "weaponstats" (weapon "deagle") (shots "17") (hits "2") (kills "1") (headshots "0") (tks "0") (damage "57") (deaths "0")
L 03/22/2015 - 14:58:01: "[TOP-MS] FANAT CAXAPA<177><STEAM_0:4:1512688901><TERRORIST>" triggered "weaponstats2" (weapon "deagle") (head "0") (chest "0") (stomach "0") (leftarm "0") (rightarm "0") (leftleg "2") (rightleg "0")
L 03/22/2015 - 14:58:01: "[TOP-MS] FANAT CAXAPA<177><STEAM_0:4:1512688901><TERRORIST>" triggered "weaponstats" (weapon "ak47") (shots "54") (hits "5") (kills "1") (headshots "1") (tks "0") (damage "247") (deaths "4")
L 03/22/2015 - 14:58:01: "[TOP-MS] FANAT CAXAPA<177><STEAM_0:4:1512688901><TERRORIST>" triggered "weaponstats2" (weapon "ak47") (head "1") (chest "2") (stomach "0") (leftarm "1") (rightarm "0") (leftleg "1") (rightleg "0")
L 03/22/2015 - 14:58:01: "[TOP-MS] FANAT CAXAPA<177><STEAM_0:4:1512688901><TERRORIST>" triggered "weaponstats" (weapon "knife") (shots "1") (hits "0") (kills "0") (headshots "0") (tks "0") (damage "0") (deaths "1")
L 03/22/2015 - 14:58:01: "[TOP-MS] FANAT CAXAPA<177><STEAM_0:4:1512688901><TERRORIST>" triggered "weaponstats2" (weapon "knife") (head "0") (chest "0") (stomach "0") (leftarm "0") (rightarm "0") (leftleg "0") (rightleg "0")
L 03/22/2015 - 14:58:01: "[TOP-MS] FANAT CAXAPA<177><STEAM_0:4:1512688901><TERRORIST>" triggered "time" (time "8:15")
L 03/22/2015 - 14:58:01: "[TOP-MS] FANAT CAXAPA<177><STEAM_0:4:1512688901><TERRORIST>" triggered "latency" (ping "29")
L 03/22/2015 - 14:58:01: "[Angels]DarkAngel<181><STEAM_0:4:2029333363><TERRORIST>" triggered "weaponstats" (weapon "scout") (shots "4") (hits "2") (kills "2") (headshots "2") (tks "0") (damage "528") (deaths "0")
L 03/22/2015 - 14:58:01: "[Angels]DarkAngel<181><STEAM_0:4:2029333363><TERRORIST>" triggered "weaponstats2" (weapon "scout") (head "2") (chest "0") (stomach "0") (leftarm "0") (rightarm "0") (leftleg "0") (rightleg "0")
L 03/22/2015 - 14:58:01: "[Angels]DarkAngel<181><STEAM_0:4:2029333363><TERRORIST>" triggered "weaponstats" (weapon "galil") (shots "3") (hits "1") (kills "1") (headshots "1") (tks "0") (damage "116") (deaths "1")
L 03/22/2015 - 14:58:01: "[Angels]DarkAngel<181><STEAM_0:4:2029333363><TERRORIST>" triggered "weaponstats2" (weapon "galil") (head "1") (chest "0") (stomach "0") (leftarm "0") (rightarm "0") (leftleg "0") (rightleg "0")
L 03/22/2015 - 14:58:01: "[Angels]DarkAngel<181><STEAM_0:4:2029333363><TERRORIST>" triggered "weaponstats" (weapon "awp") (shots "8") (hits "4") (kills "3") (headshots "0") (tks "0") (damage "373") (deaths "1")
L 03/22/2015 - 14:58:01: "[Angels]DarkAngel<181><STEAM_0:4:2029333363><TERRORIST>" triggered "weaponstats2" (weapon "awp") (head "0") (chest "1") (stomach "0") (leftarm "3") (rightarm "0") (leftleg "0") (rightleg "0")
L 03/22/2015 - 14:58:01: "[Angels]DarkAngel<181><STEAM_0:4:2029333363><TERRORIST>" triggered "weaponstats" (weapon "m4a1") (shots "32") (hits "0") (kills "0") (headshots "0") (tks "0") (damage "0") (deaths "0")
L 03/22/2015 - 14:58:01: "[Angels]DarkAngel<181><STEAM_0:4:2029333363><TERRORIST>" triggered "weaponstats2" (weapon "m4a1") (head "0") (chest "0") (stomach "0") (leftarm "0") (rightarm "0") (leftleg "0") (rightleg "0")
L 03/22/2015 - 14:58:01: "[Angels]DarkAngel<181><STEAM_0:4:2029333363><TERRORIST>" triggered "weaponstats" (weapon "deagle") (shots "16") (hits "6") (kills "2") (headshots "1") (tks "0") (damage "337") (deaths "1")
L 03/22/2015 - 14:58:01: "[Angels]DarkAngel<181><STEAM_0:4:2029333363><TERRORIST>" triggered "weaponstats2" (weapon "deagle") (head "1") (chest "1") (stomach "3") (leftarm "1") (rightarm "0") (leftleg "0") (rightleg "0")
L 03/22/2015 - 14:58:01: "[Angels]DarkAngel<181><STEAM_0:4:2029333363><TERRORIST>" triggered "time" (time "5:19")
L 03/22/2015 - 14:58:01: "[Angels]DarkAngel<181><STEAM_0:4:2029333363><TERRORIST>" triggered "latency" (ping "38")
L 03/22/2015 - 14:58:01: [META] ini: Begin re-reading plugins list: /home/extazy/Public/cstrike/addons/metamod/plugins.ini
L 03/22/2015 - 14:58:01: [META] ini: Read plugin config for: AMX Mod X
L 03/22/2015 - 14:58:01: [META] ini: Read plugin config for: dproto_EF
L 03/22/2015 - 14:58:01: [META] ini: Read plugin config for: VoiceTranscoder
L 03/22/2015 - 14:58:01: [META] ini: Finished reading plugins list: /home/extazy/Public/cstrike/addons/metamod/plugins.ini; Found 3 plugins
L 03/22/2015 - 14:58:01: [META] dll: Updating plugins...
L 03/22/2015 - 14:58:01: [META] dll: Finished updating 12 plugins; kept 3, loaded 0, unloaded 0, reloaded 0, delayed 0
L 03/22/2015 - 14:58:01: "[Hard_Skill]_Funny*Apple<172><STEAM_0:4:1364633349><CT>" disconnected
L 03/22/2015 - 14:58:01: "KvAS:D<163><STEAM_0:4:1287343109><CT>" disconnected
L 03/22/2015 - 14:58:01: "[Hard_Skill]_Leks<158><STEAM_0:4:1492831493><CT>" disconnected
L 03/22/2015 - 14:58:01: "razdyalavichy Lanets cs 1.6<179><STEAM_0:4:2090355973><CT>" disconnected
L 03/22/2015 - 14:58:01: Team "TERRORIST" triggered "Terrorists_Win" (CT "5") (T "3")
L 03/22/2015 - 14:58:01: World triggered "Round_End"
L 03/22/2015 - 14:58:01: "SS<182><STEAM_0:1:110006230><TERRORIST>" disconnected
L 03/22/2015 - 14:58:01: "[Hard_Skill]_AHAKOHDA<175><STEAM_0:4:44322053><TERRORIST>" disconnected
L 03/22/2015 - 14:58:01: "[Hard_Skill]_Lexa kosmonaft<176><STEAM_0:0:226379933><TERRORIST>" disconnected
L 03/22/2015 - 14:58:01: "[Hard_Skill]_Mi{x}eR<178><STEAM_0:4:696196046><TERRORIST>" disconnected
L 03/22/2015 - 14:58:01: "Student_40rus<180><STEAM_0:4:1561341802><CT>" disconnected
L 03/22/2015 - 14:58:01: "[TOP-MS] FANAT CAXAPA<177><STEAM_0:4:1512688901><TERRORIST>" disconnected
L 03/22/2015 - 14:58:01: "[Angels]DarkAngel<181><STEAM_0:4:2029333363><TERRORIST>" disconnected
L 03/22/2015 - 14:58:01: Log file closed
