L 03/20/2015 - 18:23:37: Log file started (file "logs/L0320003.log") (game "cstrike") (version "48/1.6.3.7/Stdio/5787")
L 03/20/2015 - 18:23:37: Loading map "$2000$"
L 03/20/2015 - 18:23:37: Server cvars start
L 03/20/2015 - 18:23:37: Server cvar "_tutor_bomb_viewable_check_interval" = "0.5"
L 03/20/2015 - 18:23:37: Server cvar "_tutor_debug_level" = "0"
L 03/20/2015 - 18:23:37: Server cvar "_tutor_examine_time" = "0.5"
L 03/20/2015 - 18:23:37: Server cvar "_tutor_hint_interval_time" = "10.0"
L 03/20/2015 - 18:23:37: Server cvar "_tutor_look_angle" = "10"
L 03/20/2015 - 18:23:37: Server cvar "_tutor_look_distance" = "200"
L 03/20/2015 - 18:23:37: Server cvar "_tutor_message_character_display_time_coefficient" = "0.07"
L 03/20/2015 - 18:23:37: Server cvar "_tutor_message_minimum_display_time" = "1"
L 03/20/2015 - 18:23:37: Server cvar "_tutor_message_repeats" = "5"
L 03/20/2015 - 18:23:37: Server cvar "_tutor_view_distance" = "1000"
L 03/20/2015 - 18:23:37: Server cvar "aesp_version" = "1.5b_mini"
L 03/20/2015 - 18:23:37: Server cvar "allow_spectators" = "4"
L 03/20/2015 - 18:23:37: Server cvar "amx_client_languages" = "0"
L 03/20/2015 - 18:23:37: Server cvar "amx_contactinfo" = "ICQ: 691322983"
L 03/20/2015 - 18:23:37: Server cvar "amx_language" = "ru"
L 03/20/2015 - 18:23:37: Server cvar "amx_nextmap" = "de_dust2_2x2"
L 03/20/2015 - 18:23:37: Server cvar "amx_timeleft" = "19:52"
L 03/20/2015 - 18:23:37: Server cvar "amxbans_ssversion" = "Gm 1.6"
L 03/20/2015 - 18:23:37: Server cvar "amxbans_version" = "Gm 1.6"
L 03/20/2015 - 18:23:37: Server cvar "amxmodx_version" = "1.8.1.3746"
L 03/20/2015 - 18:23:37: Server cvar "Colored Translit Cheat" = "Loaded"
L 03/20/2015 - 18:23:37: Server cvar "Colored Translit Config" = "Loaded"
L 03/20/2015 - 18:23:37: Server cvar "Colored Translit Ignores" = "Loaded"
L 03/20/2015 - 18:23:37: Server cvar "Colored Translit Replace" = "Failed"
L 03/20/2015 - 18:23:37: Server cvar "Colored Translit Spam" = "Loaded"
L 03/20/2015 - 18:23:37: Server cvar "Colored Translit Status" = "Loaded"
L 03/20/2015 - 18:23:37: Server cvar "Colored Translit Swear" = "Loaded"
L 03/20/2015 - 18:23:37: Server cvar "Colored Translit Version" = "2.0b Final"
L 03/20/2015 - 18:23:37: Server cvar "coop" = "0"
L 03/20/2015 - 18:23:37: Server cvar "deathmatch" = "1"
L 03/20/2015 - 18:23:37: Server cvar "decalfrequency" = "9"
L 03/20/2015 - 18:23:37: Server cvar "dp_version" = "0.9.391"
L 03/20/2015 - 18:23:37: Server cvar "edgefriction" = "2"
L 03/20/2015 - 18:23:37: Server cvar "hostage_debug" = "0"
L 03/20/2015 - 18:23:37: Server cvar "hostage_stop" = "0"
L 03/20/2015 - 18:23:37: Server cvar "humans_join_team" = "any"
L 03/20/2015 - 18:23:37: Server cvar "jtp10181" = "chute"
L 03/20/2015 - 18:23:37: Server cvar "max_queries_sec" = "3.0"
L 03/20/2015 - 18:23:37: Server cvar "max_queries_sec_global" = "30"
L 03/20/2015 - 18:23:37: Server cvar "max_queries_window" = "60"
L 03/20/2015 - 18:23:37: Server cvar "metamod_version" = "1.19"
L 03/20/2015 - 18:23:37: Server cvar "mp_allowmonsters" = "0"
L 03/20/2015 - 18:23:37: Server cvar "mp_autokick" = "1"
L 03/20/2015 - 18:23:37: Server cvar "mp_autoteambalance" = "1"
L 03/20/2015 - 18:23:37: Server cvar "mp_buytime" = "1.5"
L 03/20/2015 - 18:23:37: Server cvar "mp_c4timer" = "35"
L 03/20/2015 - 18:23:37: Server cvar "mp_chattime" = "0"
L 03/20/2015 - 18:23:37: Server cvar "mp_consistency" = "1"
L 03/20/2015 - 18:23:37: Server cvar "mp_fadetoblack" = "0"
L 03/20/2015 - 18:23:37: Server cvar "mp_flashlight" = "1"
L 03/20/2015 - 18:23:37: Server cvar "mp_footsteps" = "1"
L 03/20/2015 - 18:23:37: Server cvar "mp_forcecamera" = "0"
L 03/20/2015 - 18:23:37: Server cvar "mp_forcechasecam" = "0"
L 03/20/2015 - 18:23:37: Server cvar "mp_fragsleft" = "0"
L 03/20/2015 - 18:23:37: Server cvar "mp_freezetime" = "5"
L 03/20/2015 - 18:23:37: Server cvar "mp_friendlyfire" = "0"
L 03/20/2015 - 18:23:37: Server cvar "mp_ghostfrequency" = "0.1"
L 03/20/2015 - 18:23:37: Server cvar "mp_hostagepenalty" = "0"
L 03/20/2015 - 18:23:37: Server cvar "mp_kickpercent" = "0.66"
L 03/20/2015 - 18:23:37: Server cvar "mp_limitteams" = "5"
L 03/20/2015 - 18:23:37: Server cvar "mp_logdetail" = "3"
L 03/20/2015 - 18:23:37: Server cvar "mp_logfile" = "1"
L 03/20/2015 - 18:23:37: Server cvar "mp_logmessages" = "1"
L 03/20/2015 - 18:23:37: Server cvar "mp_mapvoteratio" = "0.66"
L 03/20/2015 - 18:23:37: Server cvar "mp_maxrounds" = "0"
L 03/20/2015 - 18:23:37: Server cvar "mp_mirrordamage" = "0"
L 03/20/2015 - 18:23:37: Server cvar "mp_playerid" = "0"
L 03/20/2015 - 18:23:37: Server cvar "mp_roundtime" = "2.57"
L 03/20/2015 - 18:23:37: Server cvar "mp_startmoney" = "800"
L 03/20/2015 - 18:23:37: Server cvar "mp_timeleft" = "0"
L 03/20/2015 - 18:23:37: Server cvar "mp_timelimit" = "30"
L 03/20/2015 - 18:23:37: Server cvar "mp_tkpunish" = "1"
L 03/20/2015 - 18:23:37: Server cvar "mp_windifference" = "1"
L 03/20/2015 - 18:23:37: Server cvar "mp_winlimit" = "0"
L 03/20/2015 - 18:23:37: Server cvar "pausable" = "0"
L 03/20/2015 - 18:23:37: Server cvar "sv_accelerate" = "5"
L 03/20/2015 - 18:23:37: Server cvar "sv_aim" = "0"
L 03/20/2015 - 18:23:37: Server cvar "sv_airaccelerate" = "10"
L 03/20/2015 - 18:23:37: Server cvar "sv_airmove" = "1"
L 03/20/2015 - 18:23:37: Server cvar "sv_allowupload" = "1"
L 03/20/2015 - 18:23:37: Server cvar "sv_alltalk" = "0"
L 03/20/2015 - 18:23:37: Server cvar "sv_bounce" = "1"
L 03/20/2015 - 18:23:37: Server cvar "sv_cheats" = "0"
L 03/20/2015 - 18:23:37: Server cvar "sv_clienttrace" = "1"
L 03/20/2015 - 18:23:37: Server cvar "sv_clipmode" = "0"
L 03/20/2015 - 18:23:37: Server cvar "sv_contact" = ""
L 03/20/2015 - 18:23:37: Server cvar "sv_friction" = "4"
L 03/20/2015 - 18:23:37: Server cvar "sv_gravity" = "800"
L 03/20/2015 - 18:23:37: Server cvar "sv_logblocks" = "0"
L 03/20/2015 - 18:23:37: Server cvar "sv_maxrate" = "50000"
L 03/20/2015 - 18:23:37: Server cvar "sv_maxspeed" = "320"
L 03/20/2015 - 18:23:37: Server cvar "sv_minrate" = "100000"
L 03/20/2015 - 18:23:37: Server cvar "sv_password" = ""
L 03/20/2015 - 18:23:37: Server cvar "sv_proxies" = "0"
L 03/20/2015 - 18:23:37: Server cvar "sv_region" = "255"
L 03/20/2015 - 18:23:37: Server cvar "sv_restart" = "0"
L 03/20/2015 - 18:23:37: Server cvar "sv_restartround" = "0"
L 03/20/2015 - 18:23:37: Server cvar "sv_stepsize" = "18"
L 03/20/2015 - 18:23:37: Server cvar "sv_stopspeed" = "75"
L 03/20/2015 - 18:23:37: Server cvar "sv_uploadmax" = "0.5"
L 03/20/2015 - 18:23:37: Server cvar "sv_voiceenable" = "1"
L 03/20/2015 - 18:23:37: Server cvar "sv_wateraccelerate" = "10"
L 03/20/2015 - 18:23:37: Server cvar "sv_waterfriction" = "1"
L 03/20/2015 - 18:23:37: Server cvar "vtc_version" = "80"
L 03/20/2015 - 18:23:37: Server cvars end
L 03/20/2015 - 18:23:37: Server cvar "sv_maxspeed" = "900"
L 03/20/2015 - 18:23:37: Server cvar "amx_nextmap" = "de_dust2_3x3"
L 03/20/2015 - 18:23:37: Server cvar "sv_restart" = "1"
L 03/20/2015 - 18:23:37: World triggered "Restart_Round_(1_second)"
L 03/20/2015 - 18:23:37: Team "CT" scored "0" with "0" players
L 03/20/2015 - 18:23:37: Team "TERRORIST" scored "0" with "0" players
L 03/20/2015 - 18:23:37: Server cvar "sv_restart" = "0"
L 03/20/2015 - 18:23:37: Started map "$2000$" (CRC "-1688392397")
L 03/20/2015 - 18:23:42: World triggered "Round_Start"
L 03/20/2015 - 18:26:15: [DPROTO]: Client 0 - Set AuthIdType 3 [dp_RevEmu]; pClient = 0xb397bf08
L 03/20/2015 - 18:26:15: "[EAsportsMEN] | 4ANHNK<4><STEAM_0:4:830033157><>" connected, address "178.120.174.203:65182"
L 03/20/2015 - 18:26:17: "[EAsportsMEN] | 4ANHNK<4><STEAM_0:4:830033157><>" entered the game
L 03/20/2015 - 18:26:18: "[EAsportsMEN] | 4ANHNK<4><STEAM_0:4:830033157><>" joined team "CT"
L 03/20/2015 - 18:26:30: "[EAsportsMEN] | 4ANHNK<4><STEAM_0:4:830033157><CT>" changed name to "4ANHNK"
L 03/20/2015 - 18:26:31: [DPROTO]: Client 1 - Set AuthIdType 3 [dp_RevEmu]; pClient = 0xb3980dfc
L 03/20/2015 - 18:26:31: "X3_zoom<5><STEAM_0:4:29823862><>" connected, address "85.196.210.170:27005"
L 03/20/2015 - 18:26:31: [VTC] Player 2 speex
L 03/20/2015 - 18:26:35: [DPROTO]: Client 1 - Set AuthIdType 3 [dp_RevEmu]; pClient = 0xb3980dfc
L 03/20/2015 - 18:26:35: "X3_zoom<6><STEAM_0:4:29823862><>" connected, address "85.196.210.170:27005"
L 03/20/2015 - 18:26:35: [VTC] Player 2 speex
L 03/20/2015 - 18:26:38: "X3_zoom<6><STEAM_0:4:29823862><>" entered the game
L 03/20/2015 - 18:26:48: "X3_zoom<6><STEAM_0:4:29823862><>" joined team "TERRORIST"
L 03/20/2015 - 18:26:48: World triggered "Game_Commencing"
L 03/20/2015 - 18:26:48: World triggered "Game_Commencing" (CT "0") (T "0")
L 03/20/2015 - 18:26:48: World triggered "Round_End"
L 03/20/2015 - 18:26:56: World triggered "Round_Start"
L 03/20/2015 - 18:27:01: "4ANHNK<4><STEAM_0:4:830033157><CT>" attacked "X3_zoom<6><STEAM_0:4:29823862><TERRORIST>" with "ak47" (damage "34") (damage_armor "0") (health "66") (armor "0")
L 03/20/2015 - 18:27:01: "X3_zoom<6><STEAM_0:4:29823862><TERRORIST>" attacked "4ANHNK<4><STEAM_0:4:830033157><CT>" with "awp" (damage "452") (damage_armor "0") (health "-352") (armor "0")
L 03/20/2015 - 18:27:01: "X3_zoom<6><STEAM_0:4:29823862><TERRORIST>" killed "4ANHNK<4><STEAM_0:4:830033157><CT>" with "awp"
L 03/20/2015 - 18:27:01: Team "TERRORIST" triggered "Terrorists_Win" (CT "0") (T "1")
L 03/20/2015 - 18:27:01: World triggered "Round_End"
L 03/20/2015 - 18:27:11: World triggered "Round_Start"
L 03/20/2015 - 18:27:21: "X3_zoom<6><STEAM_0:4:29823862><TERRORIST>" attacked "4ANHNK<4><STEAM_0:4:830033157><CT>" with "ak47" (damage "35") (damage_armor "0") (health "65") (armor "0")
L 03/20/2015 - 18:27:21: "X3_zoom<6><STEAM_0:4:29823862><TERRORIST>" attacked "4ANHNK<4><STEAM_0:4:830033157><CT>" with "ak47" (damage "35") (damage_armor "0") (health "30") (armor "0")
L 03/20/2015 - 18:27:21: "X3_zoom<6><STEAM_0:4:29823862><TERRORIST>" attacked "4ANHNK<4><STEAM_0:4:830033157><CT>" with "ak47" (damage "35") (damage_armor "0") (health "-5") (armor "0")
L 03/20/2015 - 18:27:21: "X3_zoom<6><STEAM_0:4:29823862><TERRORIST>" killed "4ANHNK<4><STEAM_0:4:830033157><CT>" with "ak47"
L 03/20/2015 - 18:27:21: Team "TERRORIST" triggered "Terrorists_Win" (CT "0") (T "2")
L 03/20/2015 - 18:27:21: World triggered "Round_End"
L 03/20/2015 - 18:27:31: World triggered "Round_Start"
L 03/20/2015 - 18:27:42: "X3_zoom<6><STEAM_0:4:29823862><TERRORIST>" attacked "4ANHNK<4><STEAM_0:4:830033157><CT>" with "ak47" (damage "35") (damage_armor "0") (health "65") (armor "0")
L 03/20/2015 - 18:27:43: "X3_zoom<6><STEAM_0:4:29823862><TERRORIST>" attacked "4ANHNK<4><STEAM_0:4:830033157><CT>" with "ak47" (damage "43") (damage_armor "0") (health "22") (armor "0")
L 03/20/2015 - 18:27:43: "X3_zoom<6><STEAM_0:4:29823862><TERRORIST>" attacked "4ANHNK<4><STEAM_0:4:830033157><CT>" with "ak47" (damage "26") (damage_armor "0") (health "-4") (armor "0")
L 03/20/2015 - 18:27:43: "X3_zoom<6><STEAM_0:4:29823862><TERRORIST>" killed "4ANHNK<4><STEAM_0:4:830033157><CT>" with "ak47"
L 03/20/2015 - 18:27:43: Team "TERRORIST" triggered "Terrorists_Win" (CT "0") (T "3")
L 03/20/2015 - 18:27:43: World triggered "Round_End"
L 03/20/2015 - 18:27:51: "4ANHNK<4><STEAM_0:4:830033157><CT>" triggered "weaponstats" (weapon "grenade") (shots "1") (hits "0") (kills "0") (headshots "0") (tks "0") (damage "0") (deaths "0")
L 03/20/2015 - 18:27:51: "4ANHNK<4><STEAM_0:4:830033157><CT>" triggered "weaponstats2" (weapon "grenade") (head "0") (chest "0") (stomach "0") (leftarm "0") (rightarm "0") (leftleg "0") (rightleg "0")
L 03/20/2015 - 18:27:51: "4ANHNK<4><STEAM_0:4:830033157><CT>" triggered "weaponstats" (weapon "m4a1") (shots "2") (hits "0") (kills "0") (headshots "0") (tks "0") (damage "0") (deaths "1")
L 03/20/2015 - 18:27:51: "4ANHNK<4><STEAM_0:4:830033157><CT>" triggered "weaponstats2" (weapon "m4a1") (head "0") (chest "0") (stomach "0") (leftarm "0") (rightarm "0") (leftleg "0") (rightleg "0")
L 03/20/2015 - 18:27:51: "4ANHNK<4><STEAM_0:4:830033157><CT>" triggered "weaponstats" (weapon "ak47") (shots "50") (hits "1") (kills "0") (headshots "0") (tks "0") (damage "34") (deaths "2")
L 03/20/2015 - 18:27:51: "4ANHNK<4><STEAM_0:4:830033157><CT>" triggered "weaponstats2" (weapon "ak47") (head "0") (chest "0") (stomach "0") (leftarm "1") (rightarm "0") (leftleg "0") (rightleg "0")
L 03/20/2015 - 18:27:51: "4ANHNK<4><STEAM_0:4:830033157><CT>" triggered "time" (time "1:34")
L 03/20/2015 - 18:27:51: "4ANHNK<4><STEAM_0:4:830033157><CT>" triggered "latency" (ping "22")
L 03/20/2015 - 18:27:51: "4ANHNK<4><STEAM_0:4:830033157><CT>" disconnected
L 03/20/2015 - 18:27:53: World triggered "Round_Start"
L 03/20/2015 - 18:27:55: [DPROTO]: Client 0 - Set AuthIdType 3 [dp_RevEmu]; pClient = 0xb397bf08
L 03/20/2015 - 18:27:55: "empty<7><STEAM_0:4:1653487729><>" connected, address "91.146.64.108:27005"
L 03/20/2015 - 18:27:55: [VTC] Player 1 speex
L 03/20/2015 - 18:27:58: [DPROTO]: Client 0 - Set AuthIdType 3 [dp_RevEmu]; pClient = 0xb397bf08
L 03/20/2015 - 18:27:58: "empty<8><STEAM_0:4:1653487729><>" connected, address "91.146.64.108:27005"
L 03/20/2015 - 18:27:58: [VTC] Player 1 speex
L 03/20/2015 - 18:28:01: "empty<8><STEAM_0:4:1653487729><>" entered the game
L 03/20/2015 - 18:28:06: "empty<8><STEAM_0:4:1653487729><>" joined team "CT"
L 03/20/2015 - 18:28:07: World triggered "Game_Commencing"
L 03/20/2015 - 18:28:07: World triggered "Game_Commencing" (CT "0") (T "3")
L 03/20/2015 - 18:28:07: World triggered "Round_End"
L 03/20/2015 - 18:28:15: World triggered "Round_Start"
L 03/20/2015 - 18:28:29: "X3_zoom<6><STEAM_0:4:29823862><TERRORIST>" attacked "empty<8><STEAM_0:4:1653487729><CT>" with "ak47" (damage "35") (damage_armor "0") (health "24") (armor "0")
L 03/20/2015 - 18:28:30: "X3_zoom<6><STEAM_0:4:29823862><TERRORIST>" attacked "empty<8><STEAM_0:4:1653487729><CT>" with "ak47" (damage "35") (damage_armor "0") (health "-11") (armor "0")
L 03/20/2015 - 18:28:30: "X3_zoom<6><STEAM_0:4:29823862><TERRORIST>" killed "empty<8><STEAM_0:4:1653487729><CT>" with "ak47"
L 03/20/2015 - 18:28:30: Team "TERRORIST" triggered "Terrorists_Win" (CT "0") (T "1")
L 03/20/2015 - 18:28:30: World triggered "Round_End"
L 03/20/2015 - 18:28:40: World triggered "Round_Start"
L 03/20/2015 - 18:28:56: "X3_zoom<6><STEAM_0:4:29823862><TERRORIST>" attacked "empty<8><STEAM_0:4:1653487729><CT>" with "ak47" (damage "35") (damage_armor "0") (health "65") (armor "0")
L 03/20/2015 - 18:28:56: "X3_zoom<6><STEAM_0:4:29823862><TERRORIST>" attacked "empty<8><STEAM_0:4:1653487729><CT>" with "ak47" (damage "35") (damage_armor "0") (health "30") (armor "0")
L 03/20/2015 - 18:28:57: "X3_zoom<6><STEAM_0:4:29823862><TERRORIST>" attacked "empty<8><STEAM_0:4:1653487729><CT>" with "ak47" (damage "35") (damage_armor "0") (health "-5") (armor "0")
L 03/20/2015 - 18:28:57: "X3_zoom<6><STEAM_0:4:29823862><TERRORIST>" killed "empty<8><STEAM_0:4:1653487729><CT>" with "ak47"
L 03/20/2015 - 18:28:57: Team "TERRORIST" triggered "Terrorists_Win" (CT "0") (T "2")
L 03/20/2015 - 18:28:57: World triggered "Round_End"
L 03/20/2015 - 18:29:07: World triggered "Round_Start"
L 03/20/2015 - 18:29:10: [DPROTO]: Client 2 - Set AuthIdType 3 [dp_RevEmu]; pClient = 0xb3985cf0
L 03/20/2015 - 18:29:10: "[Hard_Skill]_Extazy<9><STEAM_0:4:397277401><>" connected, address "10.19.7.134:27005"
L 03/20/2015 - 18:29:10: [VTC] Player 3 speex
L 03/20/2015 - 18:29:16: "X3_zoom<6><STEAM_0:4:29823862><TERRORIST>" attacked "empty<8><STEAM_0:4:1653487729><CT>" with "ak47" (damage "26") (damage_armor "0") (health "74") (armor "0")
L 03/20/2015 - 18:29:17: "X3_zoom<6><STEAM_0:4:29823862><TERRORIST>" attacked "empty<8><STEAM_0:4:1653487729><CT>" with "ak47" (damage "26") (damage_armor "0") (health "48") (armor "0")
L 03/20/2015 - 18:29:17: "X3_zoom<6><STEAM_0:4:29823862><TERRORIST>" attacked "empty<8><STEAM_0:4:1653487729><CT>" with "ak47" (damage "35") (damage_armor "0") (health "13") (armor "0")
L 03/20/2015 - 18:29:18: "X3_zoom<6><STEAM_0:4:29823862><TERRORIST>" attacked "empty<8><STEAM_0:4:1653487729><CT>" with "ak47" (damage "35") (damage_armor "0") (health "-22") (armor "0")
L 03/20/2015 - 18:29:18: "X3_zoom<6><STEAM_0:4:29823862><TERRORIST>" killed "empty<8><STEAM_0:4:1653487729><CT>" with "ak47"
L 03/20/2015 - 18:29:18: Team "TERRORIST" triggered "Terrorists_Win" (CT "0") (T "3")
L 03/20/2015 - 18:29:18: World triggered "Round_End"
L 03/20/2015 - 18:29:24: "[Hard_Skill]_Extazy<9><STEAM_0:4:397277401><>" entered the game
L 03/20/2015 - 18:29:28: World triggered "Round_Start"
L 03/20/2015 - 18:29:44: "[Hard_Skill]_Extazy<9><STEAM_0:4:397277401><>" joined team "CT"
L 03/20/2015 - 18:29:46: "X3_zoom<6><STEAM_0:4:29823862><TERRORIST>" attacked "[Hard_Skill]_Extazy<9><STEAM_0:4:397277401><CT>" with "ak47" (damage "108") (damage_armor "16") (health "-8") (armor "84")
L 03/20/2015 - 18:29:46: "X3_zoom<6><STEAM_0:4:29823862><TERRORIST>" killed "[Hard_Skill]_Extazy<9><STEAM_0:4:397277401><CT>" with "ak47"
L 03/20/2015 - 18:29:50: "X3_zoom<6><STEAM_0:4:29823862><TERRORIST>" attacked "empty<8><STEAM_0:4:1653487729><CT>" with "ak47" (damage "35") (damage_armor "0") (health "65") (armor "0")
L 03/20/2015 - 18:29:50: "X3_zoom<6><STEAM_0:4:29823862><TERRORIST>" attacked "empty<8><STEAM_0:4:1653487729><CT>" with "ak47" (damage "43") (damage_armor "0") (health "22") (armor "0")
L 03/20/2015 - 18:29:51: "X3_zoom<6><STEAM_0:4:29823862><TERRORIST>" attacked "empty<8><STEAM_0:4:1653487729><CT>" with "ak47" (damage "35") (damage_armor "0") (health "-13") (armor "0")
L 03/20/2015 - 18:29:51: "X3_zoom<6><STEAM_0:4:29823862><TERRORIST>" killed "empty<8><STEAM_0:4:1653487729><CT>" with "ak47"
L 03/20/2015 - 18:29:51: Team "TERRORIST" triggered "Terrorists_Win" (CT "0") (T "4")
L 03/20/2015 - 18:29:51: World triggered "Round_End"
L 03/20/2015 - 18:30:01: World triggered "Round_Start"
L 03/20/2015 - 18:30:04: "[Hard_Skill]_Extazy<9><STEAM_0:4:397277401><CT>" attacked "X3_zoom<6><STEAM_0:4:29823862><TERRORIST>" with "m4a1" (damage "14") (damage_armor "0") (health "86") (armor "0")
L 03/20/2015 - 18:30:08: "[Hard_Skill]_Extazy<9><STEAM_0:4:397277401><CT>" attacked "X3_zoom<6><STEAM_0:4:29823862><TERRORIST>" with "m4a1" (damage "116") (damage_armor "0") (health "-30") (armor "0")
L 03/20/2015 - 18:30:08: "[Hard_Skill]_Extazy<9><STEAM_0:4:397277401><CT>" killed "X3_zoom<6><STEAM_0:4:29823862><TERRORIST>" with "m4a1"
L 03/20/2015 - 18:30:08: Team "CT" triggered "CTs_Win" (CT "1") (T "4")
L 03/20/2015 - 18:30:08: World triggered "Round_End"
L 03/20/2015 - 18:30:15: [DPROTO]: Client 3 - Set AuthIdType 3 [dp_RevEmu]; pClient = 0xb398abe4
L 03/20/2015 - 18:30:15: "nExT --><10><STEAM_0:4:1368837381><>" connected, address "178.120.113.10:55903"
L 03/20/2015 - 18:30:15: [VTC] Player 4 speex
L 03/20/2015 - 18:30:18: World triggered "Round_Start"
L 03/20/2015 - 18:30:21: "X3_zoom<6><STEAM_0:4:29823862><TERRORIST>" attacked "empty<8><STEAM_0:4:1653487729><CT>" with "m4a1" (damage "37") (damage_armor "0") (health "63") (armor "0")
L 03/20/2015 - 18:30:21: "[Hard_Skill]_Extazy<9><STEAM_0:4:397277401><CT>" attacked "X3_zoom<6><STEAM_0:4:29823862><TERRORIST>" with "ak47" (damage "136") (damage_armor "0") (health "-36") (armor "0")
L 03/20/2015 - 18:30:21: "[Hard_Skill]_Extazy<9><STEAM_0:4:397277401><CT>" killed "X3_zoom<6><STEAM_0:4:29823862><TERRORIST>" with "ak47"
L 03/20/2015 - 18:30:21: Team "CT" triggered "CTs_Win" (CT "2") (T "4")
L 03/20/2015 - 18:30:21: World triggered "Round_End"
L 03/20/2015 - 18:30:27: "nExT --><10><STEAM_0:4:1368837381><>" entered the game
L 03/20/2015 - 18:30:27: [DPROTO]: Client 4 - Set AuthIdType 3 [dp_RevEmu]; pClient = 0xb398fad8
L 03/20/2015 - 18:30:27: "*Vika*<11><STEAM_0:4:173511542><>" connected, address "85.196.243.189:27005"
L 03/20/2015 - 18:30:27: [VTC] Player 5 speex
L 03/20/2015 - 18:30:31: World triggered "Round_Start"
L 03/20/2015 - 18:30:31: "nExT --><10><STEAM_0:4:1368837381><>" joined team "TERRORIST"
L 03/20/2015 - 18:30:32: [DPROTO]: Client 4 - Set AuthIdType 3 [dp_RevEmu]; pClient = 0xb398fad8
L 03/20/2015 - 18:30:32: "*Vika*<12><STEAM_0:4:173511542><>" connected, address "85.196.243.189:27005"
L 03/20/2015 - 18:30:32: [VTC] Player 5 speex
L 03/20/2015 - 18:30:35: "X3_zoom<6><STEAM_0:4:29823862><TERRORIST>" attacked "[Hard_Skill]_Extazy<9><STEAM_0:4:397277401><CT>" with "ak47" (damage "26") (damage_armor "4") (health "74") (armor "96")
L 03/20/2015 - 18:30:35: "X3_zoom<6><STEAM_0:4:29823862><TERRORIST>" attacked "[Hard_Skill]_Extazy<9><STEAM_0:4:397277401><CT>" with "ak47" (damage "26") (damage_armor "4") (health "48") (armor "92")
L 03/20/2015 - 18:30:35: "[Hard_Skill]_Extazy<9><STEAM_0:4:397277401><CT>" attacked "X3_zoom<6><STEAM_0:4:29823862><TERRORIST>" with "deagle" (damage "120") (damage_armor "0") (health "-20") (armor "0")
L 03/20/2015 - 18:30:35: "[Hard_Skill]_Extazy<9><STEAM_0:4:397277401><CT>" killed "X3_zoom<6><STEAM_0:4:29823862><TERRORIST>" with "deagle"
L 03/20/2015 - 18:30:37: "*Vika*<12><STEAM_0:4:173511542><>" entered the game
L 03/20/2015 - 18:30:41: "*Vika*<12><STEAM_0:4:173511542><>" joined team "TERRORIST"
L 03/20/2015 - 18:30:46: "empty<8><STEAM_0:4:1653487729><CT>" attacked "nExT --><10><STEAM_0:4:1368837381><TERRORIST>" with "ak47" (damage "34") (damage_armor "0") (health "66") (armor "0")
L 03/20/2015 - 18:30:46: "nExT --><10><STEAM_0:4:1368837381><TERRORIST>" attacked "empty<8><STEAM_0:4:1653487729><CT>" with "m4a1" (damage "30") (damage_armor "0") (health "70") (armor "0")
L 03/20/2015 - 18:30:46: "empty<8><STEAM_0:4:1653487729><CT>" attacked "nExT --><10><STEAM_0:4:1368837381><TERRORIST>" with "ak47" (damage "34") (damage_armor "0") (health "32") (armor "0")
L 03/20/2015 - 18:30:47: "empty<8><STEAM_0:4:1653487729><CT>" attacked "nExT --><10><STEAM_0:4:1368837381><TERRORIST>" with "ak47" (damage "34") (damage_armor "0") (health "-2") (armor "0")
L 03/20/2015 - 18:30:47: "empty<8><STEAM_0:4:1653487729><CT>" killed "nExT --><10><STEAM_0:4:1368837381><TERRORIST>" with "ak47"
L 03/20/2015 - 18:30:50: "[Hard_Skill]_Extazy<9><STEAM_0:4:397277401><CT>" attacked "*Vika*<12><STEAM_0:4:173511542><TERRORIST>" with "awp" (damage "55") (damage_armor "0") (health "-3") (armor "0")
L 03/20/2015 - 18:30:50: "[Hard_Skill]_Extazy<9><STEAM_0:4:397277401><CT>" killed "*Vika*<12><STEAM_0:4:173511542><TERRORIST>" with "awp"
L 03/20/2015 - 18:30:50: Team "CT" triggered "CTs_Win" (CT "3") (T "4")
L 03/20/2015 - 18:30:50: World triggered "Round_End"
L 03/20/2015 - 18:31:00: World triggered "Round_Start"
L 03/20/2015 - 18:31:05: "empty<8><STEAM_0:4:1653487729><CT>" attacked "nExT --><10><STEAM_0:4:1368837381><TERRORIST>" with "aug" (damage "29") (damage_armor "0") (health "71") (armor "0")
L 03/20/2015 - 18:31:05: "empty<8><STEAM_0:4:1653487729><CT>" attacked "nExT --><10><STEAM_0:4:1368837381><TERRORIST>" with "aug" (damage "29") (damage_armor "0") (health "42") (armor "0")
L 03/20/2015 - 18:31:05: "empty<8><STEAM_0:4:1653487729><CT>" attacked "nExT --><10><STEAM_0:4:1368837381><TERRORIST>" with "aug" (damage "29") (damage_armor "0") (health "13") (armor "0")
L 03/20/2015 - 18:31:05: "[Hard_Skill]_Extazy<9><STEAM_0:4:397277401><CT>" attacked "nExT --><10><STEAM_0:4:1368837381><TERRORIST>" with "deagle" (damage "24") (damage_armor "0") (health "-11") (armor "0")
L 03/20/2015 - 18:31:05: "[Hard_Skill]_Extazy<9><STEAM_0:4:397277401><CT>" killed "nExT --><10><STEAM_0:4:1368837381><TERRORIST>" with "deagle"
L 03/20/2015 - 18:31:12: "*Vika*<12><STEAM_0:4:173511542><TERRORIST>" attacked "empty<8><STEAM_0:4:1653487729><CT>" with "m4a1" (damage "31") (damage_armor "0") (health "69") (armor "0")
L 03/20/2015 - 18:31:12: "*Vika*<12><STEAM_0:4:173511542><TERRORIST>" attacked "empty<8><STEAM_0:4:1653487729><CT>" with "m4a1" (damage "31") (damage_armor "0") (health "38") (armor "0")
L 03/20/2015 - 18:31:12: "empty<8><STEAM_0:4:1653487729><CT>" attacked "*Vika*<12><STEAM_0:4:173511542><TERRORIST>" with "aug" (damage "124") (damage_armor "0") (health "-24") (armor "0")
L 03/20/2015 - 18:31:12: "empty<8><STEAM_0:4:1653487729><CT>" killed "*Vika*<12><STEAM_0:4:173511542><TERRORIST>" with "aug"
L 03/20/2015 - 18:31:13: "X3_zoom<6><STEAM_0:4:29823862><TERRORIST>" attacked "[Hard_Skill]_Extazy<9><STEAM_0:4:397277401><CT>" with "ak47" (damage "26") (damage_armor "4") (health "74") (armor "96")
L 03/20/2015 - 18:31:14: "X3_zoom<6><STEAM_0:4:29823862><TERRORIST>" attacked "[Hard_Skill]_Extazy<9><STEAM_0:4:397277401><CT>" with "ak47" (damage "105") (damage_armor "16") (health "-31") (armor "80")
L 03/20/2015 - 18:31:14: "X3_zoom<6><STEAM_0:4:29823862><TERRORIST>" killed "[Hard_Skill]_Extazy<9><STEAM_0:4:397277401><CT>" with "ak47"
L 03/20/2015 - 18:31:22: "empty<8><STEAM_0:4:1653487729><CT>" attacked "X3_zoom<6><STEAM_0:4:29823862><TERRORIST>" with "aug" (damage "22") (damage_armor "0") (health "78") (armor "0")
L 03/20/2015 - 18:31:22: "X3_zoom<6><STEAM_0:4:29823862><TERRORIST>" attacked "empty<8><STEAM_0:4:1653487729><CT>" with "ak47" (damage "26") (damage_armor "0") (health "12") (armor "0")
L 03/20/2015 - 18:31:22: "X3_zoom<6><STEAM_0:4:29823862><TERRORIST>" attacked "empty<8><STEAM_0:4:1653487729><CT>" with "ak47" (damage "35") (damage_armor "0") (health "-23") (armor "0")
L 03/20/2015 - 18:31:22: "X3_zoom<6><STEAM_0:4:29823862><TERRORIST>" killed "empty<8><STEAM_0:4:1653487729><CT>" with "ak47"
L 03/20/2015 - 18:31:22: Team "TERRORIST" triggered "Terrorists_Win" (CT "3") (T "5")
L 03/20/2015 - 18:31:22: World triggered "Round_End"
L 03/20/2015 - 18:31:32: World triggered "Round_Start"
L 03/20/2015 - 18:31:35: "X3_zoom<6><STEAM_0:4:29823862><TERRORIST>" attacked "empty<8><STEAM_0:4:1653487729><CT>" with "awp" (damage "112") (damage_armor "0") (health "-12") (armor "0")
L 03/20/2015 - 18:31:35: "X3_zoom<6><STEAM_0:4:29823862><TERRORIST>" killed "empty<8><STEAM_0:4:1653487729><CT>" with "awp"
L 03/20/2015 - 18:31:35: [DPROTO]: Client 5 - Set AuthIdType 1 [Native]; pClient = 0xb39949cc
L 03/20/2015 - 18:31:35: "fnaticMSI GuX<13><STEAM_0:1:507079><>" connected, address "178.121.210.48:55504"
L 03/20/2015 - 18:31:35: [VTC] Player 6 silk
L 03/20/2015 - 18:31:36: "fnaticMSI GuX<13><STEAM_0:1:507079><>" STEAM USERID validated
L 03/20/2015 - 18:31:38: "fnaticMSI GuX<13><STEAM_0:1:507079><>" entered the game
L 03/20/2015 - 18:31:39: "fnaticMSI GuX<13><STEAM_0:1:507079><>" joined team "CT"
L 03/20/2015 - 18:31:42: "[Hard_Skill]_Extazy<9><STEAM_0:4:397277401><CT>" attacked "X3_zoom<6><STEAM_0:4:29823862><TERRORIST>" with "ak47" (damage "132") (damage_armor "0") (health "-32") (armor "0")
L 03/20/2015 - 18:31:42: "[Hard_Skill]_Extazy<9><STEAM_0:4:397277401><CT>" killed "X3_zoom<6><STEAM_0:4:29823862><TERRORIST>" with "ak47"
L 03/20/2015 - 18:31:43: "fnaticMSI GuX<13><STEAM_0:1:507079><CT>" attacked "*Vika*<12><STEAM_0:4:173511542><TERRORIST>" with "m4a1" (damage "31") (damage_armor "0") (health "69") (armor "0")
L 03/20/2015 - 18:31:43: "fnaticMSI GuX<13><STEAM_0:1:507079><CT>" attacked "*Vika*<12><STEAM_0:4:173511542><TERRORIST>" with "m4a1" (damage "31") (damage_armor "0") (health "38") (armor "0")
L 03/20/2015 - 18:31:43: "*Vika*<12><STEAM_0:4:173511542><TERRORIST>" attacked "fnaticMSI GuX<13><STEAM_0:1:507079><CT>" with "ak47" (damage "35") (damage_armor "0") (health "65") (armor "0")
L 03/20/2015 - 18:31:43: "fnaticMSI GuX<13><STEAM_0:1:507079><CT>" attacked "*Vika*<12><STEAM_0:4:173511542><TERRORIST>" with "m4a1" (damage "124") (damage_armor "0") (health "-86") (armor "0")
L 03/20/2015 - 18:31:43: "fnaticMSI GuX<13><STEAM_0:1:507079><CT>" killed "*Vika*<12><STEAM_0:4:173511542><TERRORIST>" with "m4a1"
L 03/20/2015 - 18:31:44: "nExT --><10><STEAM_0:4:1368837381><TERRORIST>" attacked "fnaticMSI GuX<13><STEAM_0:1:507079><CT>" with "glock18" (damage "19") (damage_armor "0") (health "46") (armor "0")
L 03/20/2015 - 18:31:45: "fnaticMSI GuX<13><STEAM_0:1:507079><CT>" attacked "nExT --><10><STEAM_0:4:1368837381><TERRORIST>" with "m4a1" (damage "31") (damage_armor "0") (health "69") (armor "0")
L 03/20/2015 - 18:31:45: "fnaticMSI GuX<13><STEAM_0:1:507079><CT>" attacked "nExT --><10><STEAM_0:4:1368837381><TERRORIST>" with "m4a1" (damage "124") (damage_armor "0") (health "-55") (armor "0")
L 03/20/2015 - 18:31:45: "fnaticMSI GuX<13><STEAM_0:1:507079><CT>" killed "nExT --><10><STEAM_0:4:1368837381><TERRORIST>" with "m4a1"
L 03/20/2015 - 18:31:45: Team "CT" triggered "CTs_Win" (CT "4") (T "5")
L 03/20/2015 - 18:31:45: World triggered "Round_End"
L 03/20/2015 - 18:31:49: "nExT --><10><STEAM_0:4:1368837381><TERRORIST>" triggered "weaponstats" (weapon "aug") (shots "1") (hits "0") (kills "0") (headshots "0") (tks "0") (damage "0") (deaths "0")
L 03/20/2015 - 18:31:49: "nExT --><10><STEAM_0:4:1368837381><TERRORIST>" triggered "weaponstats2" (weapon "aug") (head "0") (chest "0") (stomach "0") (leftarm "0") (rightarm "0") (leftleg "0") (rightleg "0")
L 03/20/2015 - 18:31:49: "nExT --><10><STEAM_0:4:1368837381><TERRORIST>" triggered "weaponstats" (weapon "glock18") (shots "11") (hits "1") (kills "0") (headshots "0") (tks "0") (damage "19") (deaths "1")
L 03/20/2015 - 18:31:49: "nExT --><10><STEAM_0:4:1368837381><TERRORIST>" triggered "weaponstats2" (weapon "glock18") (head "0") (chest "0") (stomach "0") (leftarm "0") (rightarm "1") (leftleg "0") (rightleg "0")
L 03/20/2015 - 18:31:49: "nExT --><10><STEAM_0:4:1368837381><TERRORIST>" triggered "weaponstats" (weapon "m4a1") (shots "8") (hits "1") (kills "0") (headshots "0") (tks "0") (damage "30") (deaths "1")
L 03/20/2015 - 18:31:49: "nExT --><10><STEAM_0:4:1368837381><TERRORIST>" triggered "weaponstats2" (weapon "m4a1") (head "0") (chest "0") (stomach "0") (leftarm "0") (rightarm "1") (leftleg "0") (rightleg "0")
L 03/20/2015 - 18:31:49: "nExT --><10><STEAM_0:4:1368837381><TERRORIST>" triggered "weaponstats" (weapon "ak47") (shots "28") (hits "0") (kills "0") (headshots "0") (tks "0") (damage "0") (deaths "1")
L 03/20/2015 - 18:31:49: "nExT --><10><STEAM_0:4:1368837381><TERRORIST>" triggered "weaponstats2" (weapon "ak47") (head "0") (chest "0") (stomach "0") (leftarm "0") (rightarm "0") (leftleg "0") (rightleg "0")
L 03/20/2015 - 18:31:49: "nExT --><10><STEAM_0:4:1368837381><TERRORIST>" triggered "weaponstats" (weapon "knife") (shots "1") (hits "0") (kills "0") (headshots "0") (tks "0") (damage "0") (deaths "0")
L 03/20/2015 - 18:31:49: "nExT --><10><STEAM_0:4:1368837381><TERRORIST>" triggered "weaponstats2" (weapon "knife") (head "0") (chest "0") (stomach "0") (leftarm "0") (rightarm "0") (leftleg "0") (rightleg "0")
L 03/20/2015 - 18:31:49: "nExT --><10><STEAM_0:4:1368837381><TERRORIST>" triggered "time" (time "1:22")
L 03/20/2015 - 18:31:49: "nExT --><10><STEAM_0:4:1368837381><TERRORIST>" triggered "latency" (ping "78")
L 03/20/2015 - 18:31:49: "nExT --><10><STEAM_0:4:1368837381><TERRORIST>" disconnected
L 03/20/2015 - 18:31:55: World triggered "Round_Start"
L 03/20/2015 - 18:31:59: "*Vika*<12><STEAM_0:4:173511542><TERRORIST>" attacked "empty<8><STEAM_0:4:1653487729><CT>" with "m4a1" (damage "22") (damage_armor "0") (health "78") (armor "0")
L 03/20/2015 - 18:31:59: "X3_zoom<6><STEAM_0:4:29823862><TERRORIST>" attacked "empty<8><STEAM_0:4:1653487729><CT>" with "ak47" (damage "25") (damage_armor "0") (health "53") (armor "0")
L 03/20/2015 - 18:32:00: "*Vika*<12><STEAM_0:4:173511542><TERRORIST>" attacked "empty<8><STEAM_0:4:1653487729><CT>" with "m4a1" (damage "30") (damage_armor "0") (health "23") (armor "0")
L 03/20/2015 - 18:32:00: "empty<8><STEAM_0:4:1653487729><CT>" attacked "*Vika*<12><STEAM_0:4:173511542><TERRORIST>" with "ak47" (damage "42") (damage_armor "0") (health "58") (armor "0")
L 03/20/2015 - 18:32:00: "*Vika*<12><STEAM_0:4:173511542><TERRORIST>" attacked "empty<8><STEAM_0:4:1653487729><CT>" with "m4a1" (damage "30") (damage_armor "0") (health "-7") (armor "0")
L 03/20/2015 - 18:32:00: "*Vika*<12><STEAM_0:4:173511542><TERRORIST>" killed "empty<8><STEAM_0:4:1653487729><CT>" with "m4a1"
L 03/20/2015 - 18:32:04: "fnaticMSI GuX<13><STEAM_0:1:507079><CT>" attacked "X3_zoom<6><STEAM_0:4:29823862><TERRORIST>" with "m4a1" (damage "30") (damage_armor "0") (health "70") (armor "0")
L 03/20/2015 - 18:32:05: "fnaticMSI GuX<13><STEAM_0:1:507079><CT>" attacked "*Vika*<12><STEAM_0:4:173511542><TERRORIST>" with "m4a1" (damage "31") (damage_armor "0") (health "27") (armor "0")
L 03/20/2015 - 18:32:05: "fnaticMSI GuX<13><STEAM_0:1:507079><CT>" attacked "X3_zoom<6><STEAM_0:4:29823862><TERRORIST>" with "m4a1" (damage "22") (damage_armor "0") (health "48") (armor "0")
L 03/20/2015 - 18:32:05: "*Vika*<12><STEAM_0:4:173511542><TERRORIST>" attacked "fnaticMSI GuX<13><STEAM_0:1:507079><CT>" with "m4a1" (damage "31") (damage_armor "0") (health "69") (armor "0")
L 03/20/2015 - 18:32:05: "X3_zoom<6><STEAM_0:4:29823862><TERRORIST>" attacked "fnaticMSI GuX<13><STEAM_0:1:507079><CT>" with "ak47" (damage "35") (damage_armor "0") (health "34") (armor "0")
L 03/20/2015 - 18:32:05: "X3_zoom<6><STEAM_0:4:29823862><TERRORIST>" attacked "fnaticMSI GuX<13><STEAM_0:1:507079><CT>" with "ak47" (damage "35") (damage_armor "0") (health "-1") (armor "0")
L 03/20/2015 - 18:32:05: "X3_zoom<6><STEAM_0:4:29823862><TERRORIST>" killed "fnaticMSI GuX<13><STEAM_0:1:507079><CT>" with "ak47"
L 03/20/2015 - 18:32:09: "X3_zoom<6><STEAM_0:4:29823862><TERRORIST>" attacked "[Hard_Skill]_Extazy<9><STEAM_0:4:397277401><CT>" with "ak47" (damage "25") (damage_armor "0") (health "75") (armor "100")
L 03/20/2015 - 18:32:09: "X3_zoom<6><STEAM_0:4:29823862><TERRORIST>" attacked "[Hard_Skill]_Extazy<9><STEAM_0:4:397277401><CT>" with "ak47" (damage "25") (damage_armor "0") (health "50") (armor "100")
L 03/20/2015 - 18:32:10: "[Hard_Skill]_Extazy<9><STEAM_0:4:397277401><CT>" attacked "X3_zoom<6><STEAM_0:4:29823862><TERRORIST>" with "ak47" (damage "136") (damage_armor "0") (health "-88") (armor "0")
L 03/20/2015 - 18:32:10: "[Hard_Skill]_Extazy<9><STEAM_0:4:397277401><CT>" killed "X3_zoom<6><STEAM_0:4:29823862><TERRORIST>" with "ak47"
L 03/20/2015 - 18:32:11: "[Hard_Skill]_Extazy<9><STEAM_0:4:397277401><CT>" attacked "*Vika*<12><STEAM_0:4:173511542><TERRORIST>" with "ak47" (damage "35") (damage_armor "0") (health "-8") (armor "0")
L 03/20/2015 - 18:32:11: "[Hard_Skill]_Extazy<9><STEAM_0:4:397277401><CT>" killed "*Vika*<12><STEAM_0:4:173511542><TERRORIST>" with "ak47"
L 03/20/2015 - 18:32:11: Team "CT" triggered "CTs_Win" (CT "5") (T "5")
L 03/20/2015 - 18:32:11: World triggered "Round_End"
L 03/20/2015 - 18:32:21: World triggered "Round_Start"
L 03/20/2015 - 18:32:25: "fnaticMSI GuX<13><STEAM_0:1:507079><CT>" attacked "*Vika*<12><STEAM_0:4:173511542><TERRORIST>" with "m4a1" (damage "29") (damage_armor "0") (health "71") (armor "0")
L 03/20/2015 - 18:32:25: "fnaticMSI GuX<13><STEAM_0:1:507079><CT>" attacked "*Vika*<12><STEAM_0:4:173511542><TERRORIST>" with "m4a1" (damage "29") (damage_armor "0") (health "42") (armor "0")
L 03/20/2015 - 18:32:25: "fnaticMSI GuX<13><STEAM_0:1:507079><CT>" attacked "*Vika*<12><STEAM_0:4:173511542><TERRORIST>" with "m4a1" (damage "21") (damage_armor "0") (health "21") (armor "0")
L 03/20/2015 - 18:32:26: "X3_zoom<6><STEAM_0:4:29823862><TERRORIST>" attacked "fnaticMSI GuX<13><STEAM_0:1:507079><CT>" with "m4a1" (damage "14") (damage_armor "0") (health "86") (armor "0")
L 03/20/2015 - 18:32:26: "X3_zoom<6><STEAM_0:4:29823862><TERRORIST>" attacked "fnaticMSI GuX<13><STEAM_0:1:507079><CT>" with "m4a1" (damage "14") (damage_armor "0") (health "72") (armor "0")
L 03/20/2015 - 18:32:26: "fnaticMSI GuX<13><STEAM_0:1:507079><CT>" attacked "*Vika*<12><STEAM_0:4:173511542><TERRORIST>" with "m4a1" (damage "29") (damage_armor "0") (health "-8") (armor "0")
L 03/20/2015 - 18:32:26: "fnaticMSI GuX<13><STEAM_0:1:507079><CT>" killed "*Vika*<12><STEAM_0:4:173511542><TERRORIST>" with "m4a1"
L 03/20/2015 - 18:32:26: "fnaticMSI GuX<13><STEAM_0:1:507079><CT>" attacked "X3_zoom<6><STEAM_0:4:29823862><TERRORIST>" with "m4a1" (damage "29") (damage_armor "0") (health "71") (armor "0")
L 03/20/2015 - 18:32:27: "fnaticMSI GuX<13><STEAM_0:1:507079><CT>" attacked "X3_zoom<6><STEAM_0:4:29823862><TERRORIST>" with "m4a1" (damage "36") (damage_armor "0") (health "35") (armor "0")
L 03/20/2015 - 18:32:28: "fnaticMSI GuX<13><STEAM_0:1:507079><CT>" attacked "X3_zoom<6><STEAM_0:4:29823862><TERRORIST>" with "m4a1" (damage "29") (damage_armor "0") (health "6") (armor "0")
L 03/20/2015 - 18:32:28: "fnaticMSI GuX<13><STEAM_0:1:507079><CT>" attacked "X3_zoom<6><STEAM_0:4:29823862><TERRORIST>" with "m4a1" (damage "29") (damage_armor "0") (health "-23") (armor "0")
L 03/20/2015 - 18:32:28: "fnaticMSI GuX<13><STEAM_0:1:507079><CT>" killed "X3_zoom<6><STEAM_0:4:29823862><TERRORIST>" with "m4a1"
L 03/20/2015 - 18:32:28: Team "CT" triggered "CTs_Win" (CT "6") (T "5")
L 03/20/2015 - 18:32:28: World triggered "Round_End"
L 03/20/2015 - 18:32:38: World triggered "Round_Start"
L 03/20/2015 - 18:32:44: "X3_zoom<6><STEAM_0:4:29823862><TERRORIST>" attacked "empty<8><STEAM_0:4:1653487729><CT>" with "mp5navy" (damage "19") (damage_armor "0") (health "81") (armor "0")
L 03/20/2015 - 18:32:44: "X3_zoom<6><STEAM_0:4:29823862><TERRORIST>" attacked "empty<8><STEAM_0:4:1653487729><CT>" with "mp5navy" (damage "19") (damage_armor "0") (health "62") (armor "0")
L 03/20/2015 - 18:32:44: "X3_zoom<6><STEAM_0:4:29823862><TERRORIST>" attacked "empty<8><STEAM_0:4:1653487729><CT>" with "mp5navy" (damage "14") (damage_armor "0") (health "48") (armor "0")
L 03/20/2015 - 18:32:44: "X3_zoom<6><STEAM_0:4:29823862><TERRORIST>" attacked "empty<8><STEAM_0:4:1653487729><CT>" with "mp5navy" (damage "14") (damage_armor "0") (health "34") (armor "0")
L 03/20/2015 - 18:32:44: "X3_zoom<6><STEAM_0:4:29823862><TERRORIST>" attacked "empty<8><STEAM_0:4:1653487729><CT>" with "mp5navy" (damage "14") (damage_armor "0") (health "20") (armor "0")
L 03/20/2015 - 18:32:45: "empty<8><STEAM_0:4:1653487729><CT>" attacked "X3_zoom<6><STEAM_0:4:29823862><TERRORIST>" with "aug" (damage "30") (damage_armor "0") (health "70") (armor "0")
L 03/20/2015 - 18:32:45: "*Vika*<12><STEAM_0:4:173511542><TERRORIST>" attacked "[Hard_Skill]_Extazy<9><STEAM_0:4:397277401><CT>" with "ak47" (damage "27") (damage_armor "4") (health "73") (armor "96")
L 03/20/2015 - 18:32:45: "empty<8><STEAM_0:4:1653487729><CT>" attacked "X3_zoom<6><STEAM_0:4:29823862><TERRORIST>" with "aug" (damage "37") (damage_armor "0") (health "33") (armor "0")
L 03/20/2015 - 18:32:46: "[Hard_Skill]_Extazy<9><STEAM_0:4:397277401><CT>" attacked "*Vika*<12><STEAM_0:4:173511542><TERRORIST>" with "ak47" (damage "140") (damage_armor "0") (health "-40") (armor "0")
L 03/20/2015 - 18:32:46: "[Hard_Skill]_Extazy<9><STEAM_0:4:397277401><CT>" killed "*Vika*<12><STEAM_0:4:173511542><TERRORIST>" with "ak47"
L 03/20/2015 - 18:32:48: "empty<8><STEAM_0:4:1653487729><CT>" attacked "X3_zoom<6><STEAM_0:4:29823862><TERRORIST>" with "aug" (damage "37") (damage_armor "0") (health "-4") (armor "0")
L 03/20/2015 - 18:32:48: "empty<8><STEAM_0:4:1653487729><CT>" killed "X3_zoom<6><STEAM_0:4:29823862><TERRORIST>" with "aug"
L 03/20/2015 - 18:32:48: Team "CT" triggered "CTs_Win" (CT "7") (T "5")
L 03/20/2015 - 18:32:48: World triggered "Round_End"
L 03/20/2015 - 18:32:58: World triggered "Round_Start"
L 03/20/2015 - 18:33:00: "fnaticMSI GuX<13><STEAM_0:1:507079><CT>" attacked "X3_zoom<6><STEAM_0:4:29823862><TERRORIST>" with "awp" (damage "111") (damage_armor "0") (health "-11") (armor "0")
L 03/20/2015 - 18:33:00: "fnaticMSI GuX<13><STEAM_0:1:507079><CT>" killed "X3_zoom<6><STEAM_0:4:29823862><TERRORIST>" with "awp"
L 03/20/2015 - 18:33:03: "empty<8><STEAM_0:4:1653487729><CT>" attacked "*Vika*<12><STEAM_0:4:173511542><TERRORIST>" with "aug" (damage "28") (damage_armor "0") (health "72") (armor "0")
L 03/20/2015 - 18:33:04: "empty<8><STEAM_0:4:1653487729><CT>" attacked "*Vika*<12><STEAM_0:4:173511542><TERRORIST>" with "aug" (damage "28") (damage_armor "0") (health "44") (armor "0")
L 03/20/2015 - 18:33:04: "empty<8><STEAM_0:4:1653487729><CT>" attacked "*Vika*<12><STEAM_0:4:173511542><TERRORIST>" with "aug" (damage "28") (damage_armor "0") (health "16") (armor "0")
L 03/20/2015 - 18:33:04: "*Vika*<12><STEAM_0:4:173511542><TERRORIST>" attacked "empty<8><STEAM_0:4:1653487729><CT>" with "ak47" (damage "34") (damage_armor "0") (health "66") (armor "0")
L 03/20/2015 - 18:33:04: "empty<8><STEAM_0:4:1653487729><CT>" attacked "*Vika*<12><STEAM_0:4:173511542><TERRORIST>" with "aug" (damage "28") (damage_armor "0") (health "-12") (armor "0")
L 03/20/2015 - 18:33:04: "empty<8><STEAM_0:4:1653487729><CT>" killed "*Vika*<12><STEAM_0:4:173511542><TERRORIST>" with "aug"
L 03/20/2015 - 18:33:04: Team "CT" triggered "CTs_Win" (CT "8") (T "5")
L 03/20/2015 - 18:33:04: World triggered "Round_End"
L 03/20/2015 - 18:33:13: [DPROTO]: Client 3 - Set AuthIdType 3 [dp_RevEmu]; pClient = 0xb398abe4
L 03/20/2015 - 18:33:13: "[EAsportsMEN] | 4ANHNK<14><STEAM_0:4:830033157><>" connected, address "178.120.174.203:65182"
L 03/20/2015 - 18:33:14: World triggered "Round_Start"
L 03/20/2015 - 18:33:21: "*Vika*<12><STEAM_0:4:173511542><TERRORIST>" attacked "[Hard_Skill]_Extazy<9><STEAM_0:4:397277401><CT>" with "ak47" (damage "33") (damage_armor "5") (health "67") (armor "95")
L 03/20/2015 - 18:33:21: "*Vika*<12><STEAM_0:4:173511542><TERRORIST>" attacked "[Hard_Skill]_Extazy<9><STEAM_0:4:397277401><CT>" with "ak47" (damage "26") (damage_armor "0") (health "41") (armor "95")
L 03/20/2015 - 18:33:21: "*Vika*<12><STEAM_0:4:173511542><TERRORIST>" attacked "[Hard_Skill]_Extazy<9><STEAM_0:4:397277401><CT>" with "ak47" (damage "26") (damage_armor "0") (health "15") (armor "95")
L 03/20/2015 - 18:33:21: "*Vika*<12><STEAM_0:4:173511542><TERRORIST>" attacked "[Hard_Skill]_Extazy<9><STEAM_0:4:397277401><CT>" with "ak47" (damage "27") (damage_armor "4") (health "-12") (armor "91")
L 03/20/2015 - 18:33:21: "*Vika*<12><STEAM_0:4:173511542><TERRORIST>" killed "[Hard_Skill]_Extazy<9><STEAM_0:4:397277401><CT>" with "ak47"
L 03/20/2015 - 18:33:22: "X3_zoom<6><STEAM_0:4:29823862><TERRORIST>" attacked "fnaticMSI GuX<13><STEAM_0:1:507079><CT>" with "ak47" (damage "25") (damage_armor "0") (health "75") (armor "0")
L 03/20/2015 - 18:33:23: "X3_zoom<6><STEAM_0:4:29823862><TERRORIST>" attacked "fnaticMSI GuX<13><STEAM_0:1:507079><CT>" with "ak47" (damage "34") (damage_armor "0") (health "41") (armor "0")
L 03/20/2015 - 18:33:23: "X3_zoom<6><STEAM_0:4:29823862><TERRORIST>" attacked "fnaticMSI GuX<13><STEAM_0:1:507079><CT>" with "ak47" (damage "42") (damage_armor "0") (health "-1") (armor "0")
L 03/20/2015 - 18:33:23: "X3_zoom<6><STEAM_0:4:29823862><TERRORIST>" killed "fnaticMSI GuX<13><STEAM_0:1:507079><CT>" with "ak47"
L 03/20/2015 - 18:33:26: "X3_zoom<6><STEAM_0:4:29823862><TERRORIST>" attacked "empty<8><STEAM_0:4:1653487729><CT>" with "ak47" (damage "34") (damage_armor "0") (health "66") (armor "0")
L 03/20/2015 - 18:33:26: "empty<8><STEAM_0:4:1653487729><CT>" attacked "X3_zoom<6><STEAM_0:4:29823862><TERRORIST>" with "aug" (damage "35") (damage_armor "0") (health "65") (armor "0")
L 03/20/2015 - 18:33:26: "empty<8><STEAM_0:4:1653487729><CT>" attacked "*Vika*<12><STEAM_0:4:173511542><TERRORIST>" with "aug" (damage "37") (damage_armor "0") (health "63") (armor "0")
L 03/20/2015 - 18:33:27: "empty<8><STEAM_0:4:1653487729><CT>" attacked "*Vika*<12><STEAM_0:4:173511542><TERRORIST>" with "aug" (damage "30") (damage_armor "0") (health "33") (armor "0")
L 03/20/2015 - 18:33:27: [DPROTO]: Client 3 - Set AuthIdType 3 [dp_RevEmu]; pClient = 0xb398abe4
L 03/20/2015 - 18:33:27: "4ANHNK<15><STEAM_0:4:830033157><>" connected, address "178.120.174.203:65182"
L 03/20/2015 - 18:33:27: "X3_zoom<6><STEAM_0:4:29823862><TERRORIST>" attacked "empty<8><STEAM_0:4:1653487729><CT>" with "ak47" (damage "25") (damage_armor "0") (health "41") (armor "0")
L 03/20/2015 - 18:33:27: "empty<8><STEAM_0:4:1653487729><CT>" attacked "*Vika*<12><STEAM_0:4:173511542><TERRORIST>" with "aug" (damage "37") (damage_armor "0") (health "-4") (armor "0")
L 03/20/2015 - 18:33:27: "empty<8><STEAM_0:4:1653487729><CT>" killed "*Vika*<12><STEAM_0:4:173511542><TERRORIST>" with "aug"
L 03/20/2015 - 18:33:28: "empty<8><STEAM_0:4:1653487729><CT>" attacked "X3_zoom<6><STEAM_0:4:29823862><TERRORIST>" with "aug" (damage "28") (damage_armor "0") (health "37") (armor "0")
L 03/20/2015 - 18:33:28: "X3_zoom<6><STEAM_0:4:29823862><TERRORIST>" attacked "empty<8><STEAM_0:4:1653487729><CT>" with "ak47" (damage "25") (damage_armor "0") (health "16") (armor "0")
L 03/20/2015 - 18:33:28: "empty<8><STEAM_0:4:1653487729><CT>" attacked "X3_zoom<6><STEAM_0:4:29823862><TERRORIST>" with "aug" (damage "28") (damage_armor "0") (health "9") (armor "0")
L 03/20/2015 - 18:33:28: "empty<8><STEAM_0:4:1653487729><CT>" attacked "X3_zoom<6><STEAM_0:4:29823862><TERRORIST>" with "aug" (damage "21") (damage_armor "0") (health "-12") (armor "0")
L 03/20/2015 - 18:33:28: "empty<8><STEAM_0:4:1653487729><CT>" killed "X3_zoom<6><STEAM_0:4:29823862><TERRORIST>" with "aug"
L 03/20/2015 - 18:33:28: Team "CT" triggered "CTs_Win" (CT "9") (T "5")
L 03/20/2015 - 18:33:28: World triggered "Round_End"
L 03/20/2015 - 18:33:30: "4ANHNK<15><STEAM_0:4:830033157><>" entered the game
L 03/20/2015 - 18:33:34: "4ANHNK<15><STEAM_0:4:830033157><>" joined team "TERRORIST"
L 03/20/2015 - 18:33:38: World triggered "Round_Start"
L 03/20/2015 - 18:33:42: "*Vika*<12><STEAM_0:4:173511542><TERRORIST>" attacked "empty<8><STEAM_0:4:1653487729><CT>" with "m4a1" (damage "21") (damage_armor "0") (health "79") (armor "0")
L 03/20/2015 - 18:33:42: "[Hard_Skill]_Extazy<9><STEAM_0:4:397277401><CT>" attacked "X3_zoom<6><STEAM_0:4:29823862><TERRORIST>" with "ak47" (damage "132") (damage_armor "0") (health "-32") (armor "0")
L 03/20/2015 - 18:33:42: "[Hard_Skill]_Extazy<9><STEAM_0:4:397277401><CT>" killed "X3_zoom<6><STEAM_0:4:29823862><TERRORIST>" with "ak47"
L 03/20/2015 - 18:33:42: "4ANHNK<15><STEAM_0:4:830033157><TERRORIST>" attacked "[Hard_Skill]_Extazy<9><STEAM_0:4:397277401><CT>" with "ak47" (damage "26") (damage_armor "4") (health "74") (armor "96")
L 03/20/2015 - 18:33:42: "*Vika*<12><STEAM_0:4:173511542><TERRORIST>" attacked "empty<8><STEAM_0:4:1653487729><CT>" with "m4a1" (damage "30") (damage_armor "0") (health "49") (armor "0")
L 03/20/2015 - 18:33:43: "empty<8><STEAM_0:4:1653487729><CT>" attacked "*Vika*<12><STEAM_0:4:173511542><TERRORIST>" with "aug" (damage "21") (damage_armor "0") (health "79") (armor "0")
L 03/20/2015 - 18:33:43: "*Vika*<12><STEAM_0:4:173511542><TERRORIST>" attacked "empty<8><STEAM_0:4:1653487729><CT>" with "m4a1" (damage "22") (damage_armor "0") (health "27") (armor "0")
L 03/20/2015 - 18:33:43: "4ANHNK<15><STEAM_0:4:830033157><TERRORIST>" attacked "fnaticMSI GuX<13><STEAM_0:1:507079><CT>" with "ak47" (damage "25") (damage_armor "0") (health "75") (armor "0")
L 03/20/2015 - 18:33:43: "4ANHNK<15><STEAM_0:4:830033157><TERRORIST>" attacked "[Hard_Skill]_Extazy<9><STEAM_0:4:397277401><CT>" with "ak47" (damage "23") (damage_armor "4") (health "51") (armor "92")
L 03/20/2015 - 18:33:43: "empty<8><STEAM_0:4:1653487729><CT>" attacked "*Vika*<12><STEAM_0:4:173511542><TERRORIST>" with "aug" (damage "29") (damage_armor "0") (health "50") (armor "0")
L 03/20/2015 - 18:33:43: "*Vika*<12><STEAM_0:4:173511542><TERRORIST>" attacked "empty<8><STEAM_0:4:1653487729><CT>" with "m4a1" (damage "30") (damage_armor "0") (health "-3") (armor "0")
L 03/20/2015 - 18:33:43: "*Vika*<12><STEAM_0:4:173511542><TERRORIST>" killed "empty<8><STEAM_0:4:1653487729><CT>" with "m4a1"
L 03/20/2015 - 18:33:43: "4ANHNK<15><STEAM_0:4:830033157><TERRORIST>" attacked "[Hard_Skill]_Extazy<9><STEAM_0:4:397277401><CT>" with "ak47" (damage "26") (damage_armor "4") (health "25") (armor "88")
L 03/20/2015 - 18:33:43: "[Hard_Skill]_Extazy<9><STEAM_0:4:397277401><CT>" attacked "4ANHNK<15><STEAM_0:4:830033157><TERRORIST>" with "ak47" (damage "136") (damage_armor "0") (health "-36") (armor "0")
L 03/20/2015 - 18:33:43: "[Hard_Skill]_Extazy<9><STEAM_0:4:397277401><CT>" killed "4ANHNK<15><STEAM_0:4:830033157><TERRORIST>" with "ak47"
L 03/20/2015 - 18:33:52: "*Vika*<12><STEAM_0:4:173511542><TERRORIST>" attacked "[Hard_Skill]_Extazy<9><STEAM_0:4:397277401><CT>" with "m4a1" (damage "21") (damage_armor "0") (health "4") (armor "88")
L 03/20/2015 - 18:33:52: "*Vika*<12><STEAM_0:4:173511542><TERRORIST>" attacked "[Hard_Skill]_Extazy<9><STEAM_0:4:397277401><CT>" with "m4a1" (damage "21") (damage_armor "0") (health "-17") (armor "88")
L 03/20/2015 - 18:33:52: "*Vika*<12><STEAM_0:4:173511542><TERRORIST>" killed "[Hard_Skill]_Extazy<9><STEAM_0:4:397277401><CT>" with "m4a1"
L 03/20/2015 - 18:34:00: "fnaticMSI GuX<13><STEAM_0:1:507079><CT>" attacked "*Vika*<12><STEAM_0:4:173511542><TERRORIST>" with "m4a1" (damage "38") (damage_armor "0") (health "-30") (armor "0")
L 03/20/2015 - 18:34:00: "fnaticMSI GuX<13><STEAM_0:1:507079><CT>" killed "*Vika*<12><STEAM_0:4:173511542><TERRORIST>" with "m4a1"
L 03/20/2015 - 18:34:00: Team "CT" triggered "CTs_Win" (CT "10") (T "5")
L 03/20/2015 - 18:34:00: World triggered "Round_End"
L 03/20/2015 - 18:34:10: World triggered "Round_Start"
L 03/20/2015 - 18:34:14: "[Hard_Skill]_Extazy<9><STEAM_0:4:397277401><CT>" attacked "X3_zoom<6><STEAM_0:4:29823862><TERRORIST>" with "ak47" (damage "136") (damage_armor "0") (health "-36") (armor "0")
L 03/20/2015 - 18:34:14: "[Hard_Skill]_Extazy<9><STEAM_0:4:397277401><CT>" killed "X3_zoom<6><STEAM_0:4:29823862><TERRORIST>" with "ak47"
L 03/20/2015 - 18:34:15: "[Hard_Skill]_Extazy<9><STEAM_0:4:397277401><CT>" attacked "*Vika*<12><STEAM_0:4:173511542><TERRORIST>" with "ak47" (damage "34") (damage_armor "0") (health "66") (armor "0")
L 03/20/2015 - 18:34:15: "[Hard_Skill]_Extazy<9><STEAM_0:4:397277401><CT>" attacked "*Vika*<12><STEAM_0:4:173511542><TERRORIST>" with "ak47" (damage "34") (damage_armor "0") (health "32") (armor "0")
L 03/20/2015 - 18:34:15: "[Hard_Skill]_Extazy<9><STEAM_0:4:397277401><CT>" attacked "*Vika*<12><STEAM_0:4:173511542><TERRORIST>" with "ak47" (damage "136") (damage_armor "0") (health "-104") (armor "0")
L 03/20/2015 - 18:34:15: "[Hard_Skill]_Extazy<9><STEAM_0:4:397277401><CT>" killed "*Vika*<12><STEAM_0:4:173511542><TERRORIST>" with "ak47"
L 03/20/2015 - 18:34:20: "4ANHNK<15><STEAM_0:4:830033157><TERRORIST>" attacked "[Hard_Skill]_Extazy<9><STEAM_0:4:397277401><CT>" with "ak47" (damage "105") (damage_armor "16") (health "-5") (armor "84")
L 03/20/2015 - 18:34:20: "4ANHNK<15><STEAM_0:4:830033157><TERRORIST>" killed "[Hard_Skill]_Extazy<9><STEAM_0:4:397277401><CT>" with "ak47"
L 03/20/2015 - 18:34:21: "fnaticMSI GuX<13><STEAM_0:1:507079><CT>" attacked "4ANHNK<15><STEAM_0:4:830033157><TERRORIST>" with "m4a1" (damage "108") (damage_armor "0") (health "-8") (armor "0")
L 03/20/2015 - 18:34:21: "fnaticMSI GuX<13><STEAM_0:1:507079><CT>" killed "4ANHNK<15><STEAM_0:4:830033157><TERRORIST>" with "m4a1"
L 03/20/2015 - 18:34:21: Team "CT" triggered "CTs_Win" (CT "11") (T "5")
L 03/20/2015 - 18:34:21: World triggered "Round_End"
L 03/20/2015 - 18:34:31: World triggered "Round_Start"
L 03/20/2015 - 18:34:35: "fnaticMSI GuX<13><STEAM_0:1:507079><CT>" attacked "X3_zoom<6><STEAM_0:4:29823862><TERRORIST>" with "m4a1" (damage "30") (damage_armor "0") (health "70") (armor "0")
L 03/20/2015 - 18:34:35: "fnaticMSI GuX<13><STEAM_0:1:507079><CT>" attacked "X3_zoom<6><STEAM_0:4:29823862><TERRORIST>" with "m4a1" (damage "37") (damage_armor "0") (health "33") (armor "0")
L 03/20/2015 - 18:34:35: "fnaticMSI GuX<13><STEAM_0:1:507079><CT>" attacked "X3_zoom<6><STEAM_0:4:29823862><TERRORIST>" with "m4a1" (damage "37") (damage_armor "0") (health "-4") (armor "0")
L 03/20/2015 - 18:34:35: "fnaticMSI GuX<13><STEAM_0:1:507079><CT>" killed "X3_zoom<6><STEAM_0:4:29823862><TERRORIST>" with "m4a1"
L 03/20/2015 - 18:34:39: "4ANHNK<15><STEAM_0:4:830033157><TERRORIST>" attacked "empty<8><STEAM_0:4:1653487729><CT>" with "ak47" (damage "41") (damage_armor "0") (health "59") (armor "0")
L 03/20/2015 - 18:34:40: "fnaticMSI GuX<13><STEAM_0:1:507079><CT>" attacked "4ANHNK<15><STEAM_0:4:830033157><TERRORIST>" with "m4a1" (damage "28") (damage_armor "0") (health "72") (armor "0")
L 03/20/2015 - 18:34:40: "fnaticMSI GuX<13><STEAM_0:1:507079><CT>" attacked "4ANHNK<15><STEAM_0:4:830033157><TERRORIST>" with "m4a1" (damage "28") (damage_armor "0") (health "44") (armor "0")
L 03/20/2015 - 18:34:40: "empty<8><STEAM_0:4:1653487729><CT>" attacked "4ANHNK<15><STEAM_0:4:830033157><TERRORIST>" with "aug" (damage "28") (damage_armor "0") (health "16") (armor "0")
L 03/20/2015 - 18:34:40: "fnaticMSI GuX<13><STEAM_0:1:507079><CT>" attacked "4ANHNK<15><STEAM_0:4:830033157><TERRORIST>" with "m4a1" (damage "35") (damage_armor "0") (health "-19") (armor "0")
L 03/20/2015 - 18:34:40: "fnaticMSI GuX<13><STEAM_0:1:507079><CT>" killed "4ANHNK<15><STEAM_0:4:830033157><TERRORIST>" with "m4a1"
L 03/20/2015 - 18:34:44: "*Vika*<12><STEAM_0:4:173511542><TERRORIST>" attacked "fnaticMSI GuX<13><STEAM_0:1:507079><CT>" with "m4a1" (damage "38") (damage_armor "0") (health "62") (armor "0")
L 03/20/2015 - 18:34:44: "*Vika*<12><STEAM_0:4:173511542><TERRORIST>" attacked "fnaticMSI GuX<13><STEAM_0:1:507079><CT>" with "m4a1" (damage "31") (damage_armor "0") (health "31") (armor "0")
L 03/20/2015 - 18:34:44: "fnaticMSI GuX<13><STEAM_0:1:507079><CT>" attacked "*Vika*<12><STEAM_0:4:173511542><TERRORIST>" with "m4a1" (damage "124") (damage_armor "0") (health "-24") (armor "0")
L 03/20/2015 - 18:34:44: "fnaticMSI GuX<13><STEAM_0:1:507079><CT>" killed "*Vika*<12><STEAM_0:4:173511542><TERRORIST>" with "m4a1"
L 03/20/2015 - 18:34:44: Team "CT" triggered "CTs_Win" (CT "12") (T "5")
L 03/20/2015 - 18:34:44: World triggered "Round_End"
L 03/20/2015 - 18:34:54: World triggered "Round_Start"
L 03/20/2015 - 18:35:00: "X3_zoom<6><STEAM_0:4:29823862><TERRORIST>" attacked "[Hard_Skill]_Extazy<9><STEAM_0:4:397277401><CT>" with "ak47" (damage "26") (damage_armor "4") (health "74") (armor "96")
L 03/20/2015 - 18:35:01: "*Vika*<12><STEAM_0:4:173511542><TERRORIST>" attacked "empty<8><STEAM_0:4:1653487729><CT>" with "m4a1" (damage "21") (damage_armor "0") (health "79") (armor "0")
L 03/20/2015 - 18:35:01: "empty<8><STEAM_0:4:1653487729><CT>" attacked "*Vika*<12><STEAM_0:4:173511542><TERRORIST>" with "aug" (damage "29") (damage_armor "0") (health "71") (armor "0")
L 03/20/2015 - 18:35:01: "[Hard_Skill]_Extazy<9><STEAM_0:4:397277401><CT>" attacked "X3_zoom<6><STEAM_0:4:29823862><TERRORIST>" with "deagle" (damage "128") (damage_armor "0") (health "-28") (armor "0")
L 03/20/2015 - 18:35:01: "[Hard_Skill]_Extazy<9><STEAM_0:4:397277401><CT>" killed "X3_zoom<6><STEAM_0:4:29823862><TERRORIST>" with "deagle"
L 03/20/2015 - 18:35:01: "empty<8><STEAM_0:4:1653487729><CT>" attacked "*Vika*<12><STEAM_0:4:173511542><TERRORIST>" with "aug" (damage "29") (damage_armor "0") (health "42") (armor "0")
L 03/20/2015 - 18:35:01: "*Vika*<12><STEAM_0:4:173511542><TERRORIST>" attacked "empty<8><STEAM_0:4:1653487729><CT>" with "m4a1" (damage "21") (damage_armor "0") (health "58") (armor "0")
L 03/20/2015 - 18:35:02: "empty<8><STEAM_0:4:1653487729><CT>" attacked "*Vika*<12><STEAM_0:4:173511542><TERRORIST>" with "aug" (damage "29") (damage_armor "0") (health "13") (armor "0")
L 03/20/2015 - 18:35:02: "*Vika*<12><STEAM_0:4:173511542><TERRORIST>" attacked "empty<8><STEAM_0:4:1653487729><CT>" with "m4a1" (damage "21") (damage_armor "0") (health "37") (armor "0")
L 03/20/2015 - 18:35:02: "*Vika*<12><STEAM_0:4:173511542><TERRORIST>" attacked "empty<8><STEAM_0:4:1653487729><CT>" with "m4a1" (damage "29") (damage_armor "0") (health "8") (armor "0")
L 03/20/2015 - 18:35:02: "empty<8><STEAM_0:4:1653487729><CT>" attacked "*Vika*<12><STEAM_0:4:173511542><TERRORIST>" with "aug" (damage "29") (damage_armor "0") (health "-16") (armor "0")
L 03/20/2015 - 18:35:02: "empty<8><STEAM_0:4:1653487729><CT>" killed "*Vika*<12><STEAM_0:4:173511542><TERRORIST>" with "aug"
L 03/20/2015 - 18:35:06: "4ANHNK<15><STEAM_0:4:830033157><TERRORIST>" attacked "fnaticMSI GuX<13><STEAM_0:1:507079><CT>" with "m4a1" (damage "22") (damage_armor "0") (health "78") (armor "0")
L 03/20/2015 - 18:35:07: "4ANHNK<15><STEAM_0:4:830033157><TERRORIST>" attacked "fnaticMSI GuX<13><STEAM_0:1:507079><CT>" with "m4a1" (damage "30") (damage_armor "0") (health "48") (armor "0")
L 03/20/2015 - 18:35:07: "fnaticMSI GuX<13><STEAM_0:1:507079><CT>" attacked "4ANHNK<15><STEAM_0:4:830033157><TERRORIST>" with "m4a1" (damage "30") (damage_armor "0") (health "70") (armor "0")
L 03/20/2015 - 18:35:07: "fnaticMSI GuX<13><STEAM_0:1:507079><CT>" attacked "4ANHNK<15><STEAM_0:4:830033157><TERRORIST>" with "m4a1" (damage "22") (damage_armor "0") (health "48") (armor "0")
L 03/20/2015 - 18:35:08: "fnaticMSI GuX<13><STEAM_0:1:507079><CT>" attacked "4ANHNK<15><STEAM_0:4:830033157><TERRORIST>" with "m4a1" (damage "30") (damage_armor "0") (health "18") (armor "0")
L 03/20/2015 - 18:35:08: "4ANHNK<15><STEAM_0:4:830033157><TERRORIST>" attacked "fnaticMSI GuX<13><STEAM_0:1:507079><CT>" with "m4a1" (damage "22") (damage_armor "0") (health "26") (armor "0")
L 03/20/2015 - 18:35:08: "4ANHNK<15><STEAM_0:4:830033157><TERRORIST>" attacked "fnaticMSI GuX<13><STEAM_0:1:507079><CT>" with "m4a1" (damage "22") (damage_armor "0") (health "4") (armor "0")
L 03/20/2015 - 18:35:09: "4ANHNK<15><STEAM_0:4:830033157><TERRORIST>" attacked "fnaticMSI GuX<13><STEAM_0:1:507079><CT>" with "m4a1" (damage "30") (damage_armor "0") (health "-26") (armor "0")
L 03/20/2015 - 18:35:09: "4ANHNK<15><STEAM_0:4:830033157><TERRORIST>" killed "fnaticMSI GuX<13><STEAM_0:1:507079><CT>" with "m4a1"
L 03/20/2015 - 18:35:11: "empty<8><STEAM_0:4:1653487729><CT>" attacked "4ANHNK<15><STEAM_0:4:830033157><TERRORIST>" with "aug" (damage "30") (damage_armor "0") (health "-12") (armor "0")
L 03/20/2015 - 18:35:11: "empty<8><STEAM_0:4:1653487729><CT>" killed "4ANHNK<15><STEAM_0:4:830033157><TERRORIST>" with "aug"
L 03/20/2015 - 18:35:11: Team "CT" triggered "CTs_Win" (CT "13") (T "5")
L 03/20/2015 - 18:35:11: World triggered "Round_End"
L 03/20/2015 - 18:35:21: World triggered "Round_Start"
L 03/20/2015 - 18:35:26: "X3_zoom<6><STEAM_0:4:29823862><TERRORIST>" attacked "[Hard_Skill]_Extazy<9><STEAM_0:4:397277401><CT>" with "m4a1" (damage "20") (damage_armor "5") (health "80") (armor "95")
L 03/20/2015 - 18:35:27: "X3_zoom<6><STEAM_0:4:29823862><TERRORIST>" attacked "empty<8><STEAM_0:4:1653487729><CT>" with "m4a1" (damage "29") (damage_armor "0") (health "71") (armor "0")
L 03/20/2015 - 18:35:28: "empty<8><STEAM_0:4:1653487729><CT>" attacked "X3_zoom<6><STEAM_0:4:29823862><TERRORIST>" with "aug" (damage "29") (damage_armor "0") (health "71") (armor "0")
L 03/20/2015 - 18:35:28: "empty<8><STEAM_0:4:1653487729><CT>" attacked "X3_zoom<6><STEAM_0:4:29823862><TERRORIST>" with "aug" (damage "29") (damage_armor "0") (health "42") (armor "0")
L 03/20/2015 - 18:35:29: "4ANHNK<15><STEAM_0:4:830033157><TERRORIST>" attacked "fnaticMSI GuX<13><STEAM_0:1:507079><CT>" with "ak47" (damage "41") (damage_armor "0") (health "59") (armor "0")
L 03/20/2015 - 18:35:29: "4ANHNK<15><STEAM_0:4:830033157><TERRORIST>" attacked "fnaticMSI GuX<13><STEAM_0:1:507079><CT>" with "ak47" (damage "16") (damage_armor "0") (health "43") (armor "0")
L 03/20/2015 - 18:35:29: "4ANHNK<15><STEAM_0:4:830033157><TERRORIST>" attacked "fnaticMSI GuX<13><STEAM_0:1:507079><CT>" with "ak47" (damage "16") (damage_armor "0") (health "27") (armor "0")
L 03/20/2015 - 18:35:30: "*Vika*<12><STEAM_0:4:173511542><TERRORIST>" attacked "fnaticMSI GuX<13><STEAM_0:1:507079><CT>" with "ak47" (damage "34") (damage_armor "0") (health "-7") (armor "0")
L 03/20/2015 - 18:35:30: "*Vika*<12><STEAM_0:4:173511542><TERRORIST>" killed "fnaticMSI GuX<13><STEAM_0:1:507079><CT>" with "ak47"
L 03/20/2015 - 18:35:36: "empty<8><STEAM_0:4:1653487729><CT>" attacked "*Vika*<12><STEAM_0:4:173511542><TERRORIST>" with "aug" (damage "31") (damage_armor "0") (health "69") (armor "0")
L 03/20/2015 - 18:35:36: "empty<8><STEAM_0:4:1653487729><CT>" attacked "*Vika*<12><STEAM_0:4:173511542><TERRORIST>" with "aug" (damage "31") (damage_armor "0") (health "38") (armor "0")
L 03/20/2015 - 18:35:36: "empty<8><STEAM_0:4:1653487729><CT>" attacked "X3_zoom<6><STEAM_0:4:29823862><TERRORIST>" with "aug" (damage "84") (damage_armor "0") (health "-42") (armor "0")
L 03/20/2015 - 18:35:36: "empty<8><STEAM_0:4:1653487729><CT>" killed "X3_zoom<6><STEAM_0:4:29823862><TERRORIST>" with "aug"
L 03/20/2015 - 18:35:36: "*Vika*<12><STEAM_0:4:173511542><TERRORIST>" attacked "empty<8><STEAM_0:4:1653487729><CT>" with "ak47" (damage "35") (damage_armor "0") (health "36") (armor "0")
L 03/20/2015 - 18:35:36: "empty<8><STEAM_0:4:1653487729><CT>" attacked "*Vika*<12><STEAM_0:4:173511542><TERRORIST>" with "aug" (damage "31") (damage_armor "0") (health "7") (armor "0")
L 03/20/2015 - 18:35:36: "*Vika*<12><STEAM_0:4:173511542><TERRORIST>" attacked "empty<8><STEAM_0:4:1653487729><CT>" with "ak47" (damage "35") (damage_armor "0") (health "1") (armor "0")
L 03/20/2015 - 18:35:36: "*Vika*<12><STEAM_0:4:173511542><TERRORIST>" attacked "empty<8><STEAM_0:4:1653487729><CT>" with "ak47" (damage "140") (damage_armor "0") (health "-139") (armor "0")
L 03/20/2015 - 18:35:36: "*Vika*<12><STEAM_0:4:173511542><TERRORIST>" killed "empty<8><STEAM_0:4:1653487729><CT>" with "ak47"
L 03/20/2015 - 18:35:42: "[Hard_Skill]_Extazy<9><STEAM_0:4:397277401><CT>" attacked "4ANHNK<15><STEAM_0:4:830033157><TERRORIST>" with "deagle" (damage "116") (damage_armor "0") (health "-16") (armor "0")
L 03/20/2015 - 18:35:42: "[Hard_Skill]_Extazy<9><STEAM_0:4:397277401><CT>" killed "4ANHNK<15><STEAM_0:4:830033157><TERRORIST>" with "deagle"
L 03/20/2015 - 18:35:43: "*Vika*<12><STEAM_0:4:173511542><TERRORIST>" attacked "[Hard_Skill]_Extazy<9><STEAM_0:4:397277401><CT>" with "ak47" (damage "25") (damage_armor "0") (health "55") (armor "95")
L 03/20/2015 - 18:35:43: "*Vika*<12><STEAM_0:4:173511542><TERRORIST>" attacked "[Hard_Skill]_Extazy<9><STEAM_0:4:397277401><CT>" with "ak47" (damage "25") (damage_armor "0") (health "30") (armor "95")
L 03/20/2015 - 18:35:44: "*Vika*<12><STEAM_0:4:173511542><TERRORIST>" attacked "[Hard_Skill]_Extazy<9><STEAM_0:4:397277401><CT>" with "ak47" (damage "105") (damage_armor "15") (health "-75") (armor "80")
L 03/20/2015 - 18:35:44: "*Vika*<12><STEAM_0:4:173511542><TERRORIST>" killed "[Hard_Skill]_Extazy<9><STEAM_0:4:397277401><CT>" with "ak47"
L 03/20/2015 - 18:35:44: Team "TERRORIST" triggered "Terrorists_Win" (CT "13") (T "6")
L 03/20/2015 - 18:35:44: World triggered "Round_End"
L 03/20/2015 - 18:35:54: World triggered "Round_Start"
L 03/20/2015 - 18:35:56: "*Vika*<12><STEAM_0:4:173511542><TERRORIST>" attacked "[Hard_Skill]_Extazy<9><STEAM_0:4:397277401><CT>" with "ak47" (damage "25") (damage_armor "0") (health "75") (armor "100")
L 03/20/2015 - 18:35:56: "X3_zoom<6><STEAM_0:4:29823862><TERRORIST>" attacked "[Hard_Skill]_Extazy<9><STEAM_0:4:397277401><CT>" with "ak47" (damage "26") (damage_armor "4") (health "49") (armor "96")
L 03/20/2015 - 18:35:56: "*Vika*<12><STEAM_0:4:173511542><TERRORIST>" attacked "[Hard_Skill]_Extazy<9><STEAM_0:4:397277401><CT>" with "ak47" (damage "26") (damage_armor "4") (health "23") (armor "92")
L 03/20/2015 - 18:35:56: "*Vika*<12><STEAM_0:4:173511542><TERRORIST>" attacked "[Hard_Skill]_Extazy<9><STEAM_0:4:397277401><CT>" with "ak47" (damage "25") (damage_armor "0") (health "-2") (armor "92")
L 03/20/2015 - 18:35:56: "*Vika*<12><STEAM_0:4:173511542><TERRORIST>" killed "[Hard_Skill]_Extazy<9><STEAM_0:4:397277401><CT>" with "ak47"
L 03/20/2015 - 18:35:57: "fnaticMSI GuX<13><STEAM_0:1:507079><CT>" attacked "*Vika*<12><STEAM_0:4:173511542><TERRORIST>" with "m4a1" (damage "112") (damage_armor "0") (health "-12") (armor "0")
L 03/20/2015 - 18:35:57: "fnaticMSI GuX<13><STEAM_0:1:507079><CT>" killed "*Vika*<12><STEAM_0:4:173511542><TERRORIST>" with "m4a1"
L 03/20/2015 - 18:35:58: "fnaticMSI GuX<13><STEAM_0:1:507079><CT>" attacked "X3_zoom<6><STEAM_0:4:29823862><TERRORIST>" with "m4a1" (damage "112") (damage_armor "0") (health "-12") (armor "0")
L 03/20/2015 - 18:35:58: "fnaticMSI GuX<13><STEAM_0:1:507079><CT>" killed "X3_zoom<6><STEAM_0:4:29823862><TERRORIST>" with "m4a1"
L 03/20/2015 - 18:35:58: "empty<8><STEAM_0:4:1653487729><CT>" attacked "4ANHNK<15><STEAM_0:4:830033157><TERRORIST>" with "ak47" (damage "34") (damage_armor "0") (health "66") (armor "0")
L 03/20/2015 - 18:35:58: "empty<8><STEAM_0:4:1653487729><CT>" attacked "4ANHNK<15><STEAM_0:4:830033157><TERRORIST>" with "ak47" (damage "34") (damage_armor "0") (health "32") (armor "0")
L 03/20/2015 - 18:35:59: "empty<8><STEAM_0:4:1653487729><CT>" attacked "4ANHNK<15><STEAM_0:4:830033157><TERRORIST>" with "ak47" (damage "34") (damage_armor "0") (health "-2") (armor "0")
L 03/20/2015 - 18:35:59: "empty<8><STEAM_0:4:1653487729><CT>" killed "4ANHNK<15><STEAM_0:4:830033157><TERRORIST>" with "ak47"
L 03/20/2015 - 18:35:59: Team "CT" triggered "CTs_Win" (CT "14") (T "6")
L 03/20/2015 - 18:35:59: World triggered "Round_End"
L 03/20/2015 - 18:36:09: World triggered "Round_Start"
L 03/20/2015 - 18:36:12: "*Vika*<12><STEAM_0:4:173511542><TERRORIST>" attacked "empty<8><STEAM_0:4:1653487729><CT>" with "ak47" (damage "34") (damage_armor "0") (health "66") (armor "0")
L 03/20/2015 - 18:36:12: "*Vika*<12><STEAM_0:4:173511542><TERRORIST>" attacked "empty<8><STEAM_0:4:1653487729><CT>" with "ak47" (damage "42") (damage_armor "0") (health "24") (armor "0")
L 03/20/2015 - 18:36:12: "fnaticMSI GuX<13><STEAM_0:1:507079><CT>" attacked "*Vika*<12><STEAM_0:4:173511542><TERRORIST>" with "m4a1" (damage "29") (damage_armor "0") (health "71") (armor "0")
L 03/20/2015 - 18:36:12: "fnaticMSI GuX<13><STEAM_0:1:507079><CT>" attacked "*Vika*<12><STEAM_0:4:173511542><TERRORIST>" with "m4a1" (damage "116") (damage_armor "0") (health "-45") (armor "0")
L 03/20/2015 - 18:36:12: "fnaticMSI GuX<13><STEAM_0:1:507079><CT>" killed "*Vika*<12><STEAM_0:4:173511542><TERRORIST>" with "m4a1"
L 03/20/2015 - 18:36:13: "X3_zoom<6><STEAM_0:4:29823862><TERRORIST>" attacked "empty<8><STEAM_0:4:1653487729><CT>" with "m4a1" (damage "29") (damage_armor "0") (health "-5") (armor "0")
L 03/20/2015 - 18:36:13: "X3_zoom<6><STEAM_0:4:29823862><TERRORIST>" killed "empty<8><STEAM_0:4:1653487729><CT>" with "m4a1"
L 03/20/2015 - 18:36:14: "4ANHNK<15><STEAM_0:4:830033157><TERRORIST>" triggered "weaponstats" (weapon "awp") (shots "1") (hits "0") (kills "0") (headshots "0") (tks "0") (damage "0") (deaths "0")
L 03/20/2015 - 18:36:14: "4ANHNK<15><STEAM_0:4:830033157><TERRORIST>" triggered "weaponstats2" (weapon "awp") (head "0") (chest "0") (stomach "0") (leftarm "0") (rightarm "0") (leftleg "0") (rightleg "0")
L 03/20/2015 - 18:36:14: "4ANHNK<15><STEAM_0:4:830033157><TERRORIST>" triggered "weaponstats" (weapon "m4a1") (shots "39") (hits "5") (kills "1") (headshots "0") (tks "0") (damage "126") (deaths "2")
L 03/20/2015 - 18:36:14: "4ANHNK<15><STEAM_0:4:830033157><TERRORIST>" triggered "weaponstats2" (weapon "m4a1") (head "0") (chest "0") (stomach "0") (leftarm "0") (rightarm "2") (leftleg "0") (rightleg "3")
L 03/20/2015 - 18:36:14: "4ANHNK<15><STEAM_0:4:830033157><TERRORIST>" triggered "weaponstats" (weapon "ak47") (shots "23") (hits "9") (kills "1") (headshots "1") (tks "0") (damage "319") (deaths "3")
L 03/20/2015 - 18:36:14: "4ANHNK<15><STEAM_0:4:830033157><TERRORIST>" triggered "weaponstats2" (weapon "ak47") (head "1") (chest "0") (stomach "4") (leftarm "3") (rightarm "1") (leftleg "0") (rightleg "0")
L 03/20/2015 - 18:36:14: "4ANHNK<15><STEAM_0:4:830033157><TERRORIST>" triggered "time" (time "2:43")
L 03/20/2015 - 18:36:14: "4ANHNK<15><STEAM_0:4:830033157><TERRORIST>" triggered "latency" (ping "61")
L 03/20/2015 - 18:36:14: "4ANHNK<15><STEAM_0:4:830033157><TERRORIST>" disconnected
L 03/20/2015 - 18:36:15: "X3_zoom<6><STEAM_0:4:29823862><TERRORIST>" attacked "fnaticMSI GuX<13><STEAM_0:1:507079><CT>" with "m4a1" (damage "29") (damage_armor "0") (health "71") (armor "0")
L 03/20/2015 - 18:36:16: "fnaticMSI GuX<13><STEAM_0:1:507079><CT>" attacked "X3_zoom<6><STEAM_0:4:29823862><TERRORIST>" with "m4a1" (damage "29") (damage_armor "0") (health "35") (armor "0")
L 03/20/2015 - 18:36:22: "X3_zoom<6><STEAM_0:4:29823862><TERRORIST>" triggered "weaponstats" (weapon "grenade") (shots "8") (hits "2") (kills "0") (headshots "0") (tks "0") (damage "71") (deaths "0")
L 03/20/2015 - 18:36:22: "X3_zoom<6><STEAM_0:4:29823862><TERRORIST>" triggered "weaponstats2" (weapon "grenade") (head "0") (chest "0") (stomach "0") (leftarm "0") (rightarm "0") (leftleg "0") (rightleg "0")
L 03/20/2015 - 18:36:22: "X3_zoom<6><STEAM_0:4:29823862><TERRORIST>" triggered "weaponstats" (weapon "aug") (shots "1") (hits "0") (kills "0") (headshots "0") (tks "0") (damage "0") (deaths "1")
L 03/20/2015 - 18:36:22: "X3_zoom<6><STEAM_0:4:29823862><TERRORIST>" triggered "weaponstats2" (weapon "aug") (head "0") (chest "0") (stomach "0") (leftarm "0") (rightarm "0") (leftleg "0") (rightleg "0")
L 03/20/2015 - 18:36:22: "X3_zoom<6><STEAM_0:4:29823862><TERRORIST>" triggered "weaponstats" (weapon "glock18") (shots "2") (hits "0") (kills "0") (headshots "0") (tks "0") (damage "0") (deaths "1")
L 03/20/2015 - 18:36:22: "X3_zoom<6><STEAM_0:4:29823862><TERRORIST>" triggered "weaponstats2" (weapon "glock18") (head "0") (chest "0") (stomach "0") (leftarm "0") (rightarm "0") (leftleg "0") (rightleg "0")
L 03/20/2015 - 18:36:22: "X3_zoom<6><STEAM_0:4:29823862><TERRORIST>" triggered "weaponstats" (weapon "awp") (shots "6") (hits "2") (kills "2") (headshots "1") (tks "0") (damage "564") (deaths "2")
L 03/20/2015 - 18:36:22: "X3_zoom<6><STEAM_0:4:29823862><TERRORIST>" triggered "weaponstats2" (weapon "awp") (head "1") (chest "0") (stomach "0") (leftarm "1") (rightarm "0") (leftleg "0") (rightleg "0")
L 03/20/2015 - 18:36:22: "X3_zoom<6><STEAM_0:4:29823862><TERRORIST>" triggered "weaponstats" (weapon "mp5navy") (shots "28") (hits "5") (kills "0") (headshots "0") (tks "0") (damage "80") (deaths "0")
L 03/20/2015 - 18:36:22: "X3_zoom<6><STEAM_0:4:29823862><TERRORIST>" triggered "weaponstats2" (weapon "mp5navy") (head "0") (chest "0") (stomach "0") (leftarm "1") (rightarm "1") (leftleg "1") (rightleg "2")
L 03/20/2015 - 18:36:22: "X3_zoom<6><STEAM_0:4:29823862><TERRORIST>" triggered "weaponstats" (weapon "m4a1") (shots "40") (hits "7") (kills "1") (headshots "0") (tks "0") (damage "172") (deaths "4")
L 03/20/2015 - 18:36:22: "X3_zoom<6><STEAM_0:4:29823862><TERRORIST>" triggered "weaponstats2" (weapon "m4a1") (head "0") (chest "1") (stomach "1") (leftarm "5") (rightarm "0") (leftleg "0") (rightleg "0")
L 03/20/2015 - 18:36:22: "X3_zoom<6><STEAM_0:4:29823862><TERRORIST>" triggered "weaponstats" (weapon "ak47") (shots "117") (hits "38") (kills "11") (headshots "2") (tks "0") (damage "1375") (deaths "7")
L 03/20/2015 - 18:36:22: "X3_zoom<6><STEAM_0:4:29823862><TERRORIST>" triggered "weaponstats2" (weapon "ak47") (head "2") (chest "5") (stomach "3") (leftarm "14") (rightarm "4") (leftleg "3") (rightleg "7")
L 03/20/2015 - 18:36:22: "X3_zoom<6><STEAM_0:4:29823862><TERRORIST>" triggered "weaponstats" (weapon "knife") (shots "2") (hits "0") (kills "0") (headshots "0") (tks "0") (damage "0") (deaths "0")
L 03/20/2015 - 18:36:22: "X3_zoom<6><STEAM_0:4:29823862><TERRORIST>" triggered "weaponstats2" (weapon "knife") (head "0") (chest "0") (stomach "0") (leftarm "0") (rightarm "0") (leftleg "0") (rightleg "0")
L 03/20/2015 - 18:36:22: "X3_zoom<6><STEAM_0:4:29823862><TERRORIST>" triggered "time" (time "9:43")
L 03/20/2015 - 18:36:22: "X3_zoom<6><STEAM_0:4:29823862><TERRORIST>" triggered "latency" (ping "56")
L 03/20/2015 - 18:36:22: "X3_zoom<6><STEAM_0:4:29823862><TERRORIST>" disconnected
L 03/20/2015 - 18:36:22: Team "CT" triggered "CTs_Win" (CT "15") (T "6")
L 03/20/2015 - 18:36:22: World triggered "Round_End"
L 03/20/2015 - 18:36:25: "empty<8><STEAM_0:4:1653487729><CT>" triggered "weaponstats" (weapon "grenade") (shots "3") (hits "2") (kills "0") (headshots "0") (tks "0") (damage "79") (deaths "0")
L 03/20/2015 - 18:36:25: "empty<8><STEAM_0:4:1653487729><CT>" triggered "weaponstats2" (weapon "grenade") (head "0") (chest "0") (stomach "0") (leftarm "0") (rightarm "0") (leftleg "0") (rightleg "0")
L 03/20/2015 - 18:36:25: "empty<8><STEAM_0:4:1653487729><CT>" triggered "weaponstats" (weapon "aug") (shots "107") (hits "33") (kills "8") (headshots "2") (tks "0") (damage "1124") (deaths "3")
L 03/20/2015 - 18:36:25: "empty<8><STEAM_0:4:1653487729><CT>" triggered "weaponstats2" (weapon "aug") (head "3") (chest "5") (stomach "5") (leftarm "16") (rightarm "1") (leftleg "1") (rightleg "2")
L 03/20/2015 - 18:36:25: "empty<8><STEAM_0:4:1653487729><CT>" triggered "weaponstats" (weapon "usp") (shots "10") (hits "0") (kills "0") (headshots "0") (tks "0") (damage "0") (deaths "0")
L 03/20/2015 - 18:36:25: "empty<8><STEAM_0:4:1653487729><CT>" triggered "weaponstats2" (weapon "usp") (head "0") (chest "0") (stomach "0") (leftarm "0") (rightarm "0") (leftleg "0") (rightleg "0")
L 03/20/2015 - 18:36:25: "empty<8><STEAM_0:4:1653487729><CT>" triggered "weaponstats" (weapon "m4a1") (shots "2") (hits "0") (kills "0") (headshots "0") (tks "0") (damage "0") (deaths "0")
L 03/20/2015 - 18:36:25: "empty<8><STEAM_0:4:1653487729><CT>" triggered "weaponstats2" (weapon "m4a1") (head "0") (chest "0") (stomach "0") (leftarm "0") (rightarm "0") (leftleg "0") (rightleg "0")
L 03/20/2015 - 18:36:25: "empty<8><STEAM_0:4:1653487729><CT>" triggered "weaponstats" (weapon "ak47") (shots "50") (hits "7") (kills "2") (headshots "0") (tks "0") (damage "246") (deaths "7")
L 03/20/2015 - 18:36:25: "empty<8><STEAM_0:4:1653487729><CT>" triggered "weaponstats2" (weapon "ak47") (head "0") (chest "0") (stomach "1") (leftarm "6") (rightarm "0") (leftleg "0") (rightleg "0")
L 03/20/2015 - 18:36:25: "empty<8><STEAM_0:4:1653487729><CT>" triggered "time" (time "8:24")
L 03/20/2015 - 18:36:25: "empty<8><STEAM_0:4:1653487729><CT>" triggered "latency" (ping "40")
L 03/20/2015 - 18:36:25: "empty<8><STEAM_0:4:1653487729><CT>" disconnected
L 03/20/2015 - 18:36:32: World triggered "Round_Start"
L 03/20/2015 - 18:36:37: "[Hard_Skill]_Extazy<9><STEAM_0:4:397277401><CT>" attacked "*Vika*<12><STEAM_0:4:173511542><TERRORIST>" with "deagle" (damage "132") (damage_armor "0") (health "-32") (armor "0")
L 03/20/2015 - 18:36:37: "[Hard_Skill]_Extazy<9><STEAM_0:4:397277401><CT>" killed "*Vika*<12><STEAM_0:4:173511542><TERRORIST>" with "deagle"
L 03/20/2015 - 18:36:37: Team "CT" triggered "CTs_Win" (CT "16") (T "6")
L 03/20/2015 - 18:36:37: World triggered "Round_End"
L 03/20/2015 - 18:36:47: World triggered "Round_Start"
L 03/20/2015 - 18:36:54: "*Vika*<12><STEAM_0:4:173511542><TERRORIST>" attacked "[Hard_Skill]_Extazy<9><STEAM_0:4:397277401><CT>" with "m4a1" (damage "21") (damage_armor "5") (health "79") (armor "95")
L 03/20/2015 - 18:36:54: "[Hard_Skill]_Extazy<9><STEAM_0:4:397277401><CT>" attacked "*Vika*<12><STEAM_0:4:173511542><TERRORIST>" with "ak47" (damage "136") (damage_armor "0") (health "-36") (armor "0")
L 03/20/2015 - 18:36:54: "[Hard_Skill]_Extazy<9><STEAM_0:4:397277401><CT>" killed "*Vika*<12><STEAM_0:4:173511542><TERRORIST>" with "ak47"
L 03/20/2015 - 18:36:54: Team "CT" triggered "CTs_Win" (CT "17") (T "6")
L 03/20/2015 - 18:36:54: World triggered "Round_End"
L 03/20/2015 - 18:37:04: World triggered "Round_Start"
L 03/20/2015 - 18:37:10: "fnaticMSI GuX<13><STEAM_0:1:507079><CT>" attacked "*Vika*<12><STEAM_0:4:173511542><TERRORIST>" with "m4a1" (damage "124") (damage_armor "0") (health "-24") (armor "0")
L 03/20/2015 - 18:37:10: "fnaticMSI GuX<13><STEAM_0:1:507079><CT>" killed "*Vika*<12><STEAM_0:4:173511542><TERRORIST>" with "m4a1"
L 03/20/2015 - 18:37:10: Team "CT" triggered "CTs_Win" (CT "18") (T "6")
L 03/20/2015 - 18:37:10: World triggered "Round_End"
L 03/20/2015 - 18:37:14: "[Hard_Skill]_Extazy<9><STEAM_0:4:397277401><CT>" triggered "weaponstats" (weapon "grenade") (shots "4") (hits "2") (kills "0") (headshots "0") (tks "0") (damage "90") (deaths "0")
L 03/20/2015 - 18:37:14: "[Hard_Skill]_Extazy<9><STEAM_0:4:397277401><CT>" triggered "weaponstats2" (weapon "grenade") (head "0") (chest "0") (stomach "0") (leftarm "0") (rightarm "0") (leftleg "0") (rightleg "0")
L 03/20/2015 - 18:37:14: "[Hard_Skill]_Extazy<9><STEAM_0:4:397277401><CT>" triggered "weaponstats" (weapon "awp") (shots "9") (hits "1") (kills "1") (headshots "0") (tks "0") (damage "55") (deaths "3")
L 03/20/2015 - 18:37:14: "[Hard_Skill]_Extazy<9><STEAM_0:4:397277401><CT>" triggered "weaponstats2" (weapon "awp") (head "0") (chest "0") (stomach "0") (leftarm "1") (rightarm "0") (leftleg "0") (rightleg "0")
L 03/20/2015 - 18:37:14: "[Hard_Skill]_Extazy<9><STEAM_0:4:397277401><CT>" triggered "weaponstats" (weapon "m4a1") (shots "14") (hits "2") (kills "1") (headshots "1") (tks "0") (damage "130") (deaths "0")
L 03/20/2015 - 18:37:14: "[Hard_Skill]_Extazy<9><STEAM_0:4:397277401><CT>" triggered "weaponstats2" (weapon "m4a1") (head "1") (chest "1") (stomach "0") (leftarm "0") (rightarm "0") (leftleg "0") (rightleg "0")
L 03/20/2015 - 18:37:14: "[Hard_Skill]_Extazy<9><STEAM_0:4:397277401><CT>" triggered "weaponstats" (weapon "deagle") (shots "11") (hits "5") (kills "5") (headshots "4") (tks "0") (damage "520") (deaths "1")
L 03/20/2015 - 18:37:14: "[Hard_Skill]_Extazy<9><STEAM_0:4:397277401><CT>" triggered "weaponstats2" (weapon "deagle") (head "4") (chest "0") (stomach "0") (leftarm "0") (rightarm "0") (leftleg "0") (rightleg "1")
L 03/20/2015 - 18:37:14: "[Hard_Skill]_Extazy<9><STEAM_0:4:397277401><CT>" triggered "weaponstats" (weapon "ak47") (shots "75") (hits "12") (kills "10") (headshots "9") (tks "0") (damage "1323") (deaths "2")
L 03/20/2015 - 18:37:14: "[Hard_Skill]_Extazy<9><STEAM_0:4:397277401><CT>" triggered "weaponstats2" (weapon "ak47") (head "9") (chest "1") (stomach "0") (leftarm "2") (rightarm "0") (leftleg "0") (rightleg "0")
L 03/20/2015 - 18:37:14: "[Hard_Skill]_Extazy<9><STEAM_0:4:397277401><CT>" triggered "weaponstats" (weapon "knife") (shots "2") (hits "0") (kills "0") (headshots "0") (tks "0") (damage "0") (deaths "1")
L 03/20/2015 - 18:37:14: "[Hard_Skill]_Extazy<9><STEAM_0:4:397277401><CT>" triggered "weaponstats2" (weapon "knife") (head "0") (chest "0") (stomach "0") (leftarm "0") (rightarm "0") (leftleg "0") (rightleg "0")
L 03/20/2015 - 18:37:14: "[Hard_Skill]_Extazy<9><STEAM_0:4:397277401><CT>" triggered "time" (time "7:49")
L 03/20/2015 - 18:37:14: "[Hard_Skill]_Extazy<9><STEAM_0:4:397277401><CT>" triggered "latency" (ping "2")
L 03/20/2015 - 18:37:14: "*Vika*<12><STEAM_0:4:173511542><TERRORIST>" triggered "weaponstats" (weapon "awp") (shots "1") (hits "0") (kills "0") (headshots "0") (tks "0") (damage "0") (deaths "0")
L 03/20/2015 - 18:37:14: "*Vika*<12><STEAM_0:4:173511542><TERRORIST>" triggered "weaponstats2" (weapon "awp") (head "0") (chest "0") (stomach "0") (leftarm "0") (rightarm "0") (leftleg "0") (rightleg "0")
L 03/20/2015 - 18:37:14: "*Vika*<12><STEAM_0:4:173511542><TERRORIST>" triggered "weaponstats" (weapon "m4a1") (shots "78") (hits "18") (kills "3") (headshots "0") (tks "0") (damage "480") (deaths "8")
L 03/20/2015 - 18:37:14: "*Vika*<12><STEAM_0:4:173511542><TERRORIST>" triggered "weaponstats2" (weapon "m4a1") (head "0") (chest "0") (stomach "1") (leftarm "8") (rightarm "2") (leftleg "3") (rightleg "4")
L 03/20/2015 - 18:37:14: "*Vika*<12><STEAM_0:4:173511542><TERRORIST>" triggered "weaponstats" (weapon "ak47") (shots "80") (hits "19") (kills "5") (headshots "2") (tks "0") (damage "759") (deaths "8")
L 03/20/2015 - 18:37:14: "*Vika*<12><STEAM_0:4:173511542><TERRORIST>" triggered "weaponstats2" (weapon "ak47") (head "2") (chest "2") (stomach "2") (leftarm "6") (rightarm "1") (leftleg "2") (rightleg "4")
L 03/20/2015 - 18:37:14: "*Vika*<12><STEAM_0:4:173511542><TERRORIST>" triggered "time" (time "6:36")
L 03/20/2015 - 18:37:14: "*Vika*<12><STEAM_0:4:173511542><TERRORIST>" triggered "latency" (ping "47")
L 03/20/2015 - 18:37:14: "fnaticMSI GuX<13><STEAM_0:1:507079><CT>" triggered "weaponstats" (weapon "grenade") (shots "1") (hits "0") (kills "0") (headshots "0") (tks "0") (damage "0") (deaths "0")
L 03/20/2015 - 18:37:14: "fnaticMSI GuX<13><STEAM_0:1:507079><CT>" triggered "weaponstats2" (weapon "grenade") (head "0") (chest "0") (stomach "0") (leftarm "0") (rightarm "0") (leftleg "0") (rightleg "0")
L 03/20/2015 - 18:37:14: "fnaticMSI GuX<13><STEAM_0:1:507079><CT>" triggered "weaponstats" (weapon "awp") (shots "8") (hits "1") (kills "1") (headshots "0") (tks "0") (damage "111") (deaths "2")
L 03/20/2015 - 18:37:14: "fnaticMSI GuX<13><STEAM_0:1:507079><CT>" triggered "weaponstats2" (weapon "awp") (head "0") (chest "0") (stomach "0") (leftarm "1") (rightarm "0") (leftleg "0") (rightleg "0")
L 03/20/2015 - 18:37:14: "fnaticMSI GuX<13><STEAM_0:1:507079><CT>" triggered "weaponstats" (weapon "m4a1") (shots "122") (hits "34") (kills "13") (headshots "8") (tks "0") (damage "1724") (deaths "2")
L 03/20/2015 - 18:37:14: "fnaticMSI GuX<13><STEAM_0:1:507079><CT>" triggered "weaponstats2" (weapon "m4a1") (head "8") (chest "3") (stomach "5") (leftarm "14") (rightarm "2") (leftleg "1") (rightleg "1")
L 03/20/2015 - 18:37:14: "fnaticMSI GuX<13><STEAM_0:1:507079><CT>" triggered "time" (time "5:36")
L 03/20/2015 - 18:37:14: "fnaticMSI GuX<13><STEAM_0:1:507079><CT>" triggered "latency" (ping "17")
L 03/20/2015 - 18:37:14: [META] ini: Begin re-reading plugins list: /home/extazy/Public/cstrike/addons/metamod/plugins.ini
L 03/20/2015 - 18:37:14: [META] ini: Read plugin config for: AMX Mod X
L 03/20/2015 - 18:37:14: [META] ini: Read plugin config for: dproto_EF
L 03/20/2015 - 18:37:14: [META] ini: Read plugin config for: VoiceTranscoder
L 03/20/2015 - 18:37:14: [META] ini: Finished reading plugins list: /home/extazy/Public/cstrike/addons/metamod/plugins.ini; Found 3 plugins
L 03/20/2015 - 18:37:14: [META] dll: Updating plugins...
L 03/20/2015 - 18:37:14: [META] dll: Finished updating 12 plugins; kept 3, loaded 0, unloaded 0, reloaded 0, delayed 0
L 03/20/2015 - 18:37:14: "[Hard_Skill]_Extazy<9><STEAM_0:4:397277401><CT>" disconnected
L 03/20/2015 - 18:37:14: "*Vika*<12><STEAM_0:4:173511542><TERRORIST>" disconnected
L 03/20/2015 - 18:37:14: "fnaticMSI GuX<13><STEAM_0:1:507079><CT>" disconnected
L 03/20/2015 - 18:37:14: Log file closed
