L 03/22/2015 - 11:01:54: Log file started (file "logs/L0322032.log") (game "cstrike") (version "48/1.6.3.7/Stdio/5787")
L 03/22/2015 - 11:01:54: Loading map "$5000$"
L 03/22/2015 - 11:01:54: Server cvars start
L 03/22/2015 - 11:01:54: Server cvar "_tutor_bomb_viewable_check_interval" = "0.5"
L 03/22/2015 - 11:01:54: Server cvar "_tutor_debug_level" = "0"
L 03/22/2015 - 11:01:54: Server cvar "_tutor_examine_time" = "0.5"
L 03/22/2015 - 11:01:54: Server cvar "_tutor_hint_interval_time" = "10.0"
L 03/22/2015 - 11:01:54: Server cvar "_tutor_look_angle" = "10"
L 03/22/2015 - 11:01:54: Server cvar "_tutor_look_distance" = "200"
L 03/22/2015 - 11:01:54: Server cvar "_tutor_message_character_display_time_coefficient" = "0.07"
L 03/22/2015 - 11:01:54: Server cvar "_tutor_message_minimum_display_time" = "1"
L 03/22/2015 - 11:01:54: Server cvar "_tutor_message_repeats" = "5"
L 03/22/2015 - 11:01:54: Server cvar "_tutor_view_distance" = "1000"
L 03/22/2015 - 11:01:54: Server cvar "aesp_version" = "1.5b_mini"
L 03/22/2015 - 11:01:54: Server cvar "allow_spectators" = "4"
L 03/22/2015 - 11:01:54: Server cvar "amx_client_languages" = "0"
L 03/22/2015 - 11:01:54: Server cvar "amx_contactinfo" = "ICQ: 691322983"
L 03/22/2015 - 11:01:54: Server cvar "amx_language" = "ru"
L 03/22/2015 - 11:01:54: Server cvar "amx_nextmap" = "$5000$"
L 03/22/2015 - 11:01:54: Server cvar "amx_timeleft" = "00:00"
L 03/22/2015 - 11:01:54: Server cvar "amxbans_ssversion" = "Gm 1.6"
L 03/22/2015 - 11:01:54: Server cvar "amxbans_version" = "Gm 1.6"
L 03/22/2015 - 11:01:54: Server cvar "amxmodx_version" = "1.8.1.3746"
L 03/22/2015 - 11:01:54: Server cvar "Colored Translit Cheat" = "Loaded"
L 03/22/2015 - 11:01:54: Server cvar "Colored Translit Config" = "Loaded"
L 03/22/2015 - 11:01:54: Server cvar "Colored Translit Ignores" = "Loaded"
L 03/22/2015 - 11:01:54: Server cvar "Colored Translit Replace" = "Failed"
L 03/22/2015 - 11:01:54: Server cvar "Colored Translit Spam" = "Loaded"
L 03/22/2015 - 11:01:54: Server cvar "Colored Translit Status" = "Loaded"
L 03/22/2015 - 11:01:54: Server cvar "Colored Translit Swear" = "Loaded"
L 03/22/2015 - 11:01:54: Server cvar "Colored Translit Version" = "2.0b Final"
L 03/22/2015 - 11:01:54: Server cvar "coop" = "0"
L 03/22/2015 - 11:01:54: Server cvar "deathmatch" = "1"
L 03/22/2015 - 11:01:54: Server cvar "decalfrequency" = "9"
L 03/22/2015 - 11:01:54: Server cvar "dp_version" = "0.9.391"
L 03/22/2015 - 11:01:54: Server cvar "edgefriction" = "2"
L 03/22/2015 - 11:01:54: Server cvar "hostage_debug" = "0"
L 03/22/2015 - 11:01:54: Server cvar "hostage_stop" = "0"
L 03/22/2015 - 11:01:54: Server cvar "humans_join_team" = "any"
L 03/22/2015 - 11:01:54: Server cvar "jtp10181" = "chute"
L 03/22/2015 - 11:01:54: Server cvar "max_queries_sec" = "3.0"
L 03/22/2015 - 11:01:54: Server cvar "max_queries_sec_global" = "30"
L 03/22/2015 - 11:01:54: Server cvar "max_queries_window" = "60"
L 03/22/2015 - 11:01:54: Server cvar "metamod_version" = "1.19"
L 03/22/2015 - 11:01:54: Server cvar "mp_allowmonsters" = "0"
L 03/22/2015 - 11:01:54: Server cvar "mp_autokick" = "1"
L 03/22/2015 - 11:01:54: Server cvar "mp_autoteambalance" = "1"
L 03/22/2015 - 11:01:54: Server cvar "mp_buytime" = "1.5"
L 03/22/2015 - 11:01:54: Server cvar "mp_c4timer" = "35"
L 03/22/2015 - 11:01:54: Server cvar "mp_chattime" = "1"
L 03/22/2015 - 11:01:54: Server cvar "mp_consistency" = "1"
L 03/22/2015 - 11:01:54: Server cvar "mp_fadetoblack" = "0"
L 03/22/2015 - 11:01:54: Server cvar "mp_flashlight" = "1"
L 03/22/2015 - 11:01:54: Server cvar "mp_footsteps" = "1"
L 03/22/2015 - 11:01:54: Server cvar "mp_forcecamera" = "0"
L 03/22/2015 - 11:01:54: Server cvar "mp_forcechasecam" = "0"
L 03/22/2015 - 11:01:54: Server cvar "mp_fragsleft" = "0"
L 03/22/2015 - 11:01:54: Server cvar "mp_freezetime" = "5"
L 03/22/2015 - 11:01:54: Server cvar "mp_friendlyfire" = "0"
L 03/22/2015 - 11:01:54: Server cvar "mp_ghostfrequency" = "0.1"
L 03/22/2015 - 11:01:54: Server cvar "mp_hostagepenalty" = "0"
L 03/22/2015 - 11:01:54: Server cvar "mp_kickpercent" = "0.66"
L 03/22/2015 - 11:01:54: Server cvar "mp_limitteams" = "5"
L 03/22/2015 - 11:01:54: Server cvar "mp_logdetail" = "3"
L 03/22/2015 - 11:01:54: Server cvar "mp_logfile" = "1"
L 03/22/2015 - 11:01:54: Server cvar "mp_logmessages" = "1"
L 03/22/2015 - 11:01:54: Server cvar "mp_mapvoteratio" = "0.66"
L 03/22/2015 - 11:01:54: Server cvar "mp_maxrounds" = "0"
L 03/22/2015 - 11:01:54: Server cvar "mp_mirrordamage" = "0"
L 03/22/2015 - 11:01:54: Server cvar "mp_playerid" = "0"
L 03/22/2015 - 11:01:54: Server cvar "mp_roundtime" = "2.57"
L 03/22/2015 - 11:01:54: Server cvar "mp_startmoney" = "800"
L 03/22/2015 - 11:01:54: Server cvar "mp_timeleft" = "0"
L 03/22/2015 - 11:01:54: Server cvar "mp_timelimit" = "30.000000"
L 03/22/2015 - 11:01:54: Server cvar "mp_tkpunish" = "1"
L 03/22/2015 - 11:01:54: Server cvar "mp_windifference" = "1"
L 03/22/2015 - 11:01:54: Server cvar "mp_winlimit" = "0"
L 03/22/2015 - 11:01:54: Server cvar "pausable" = "0"
L 03/22/2015 - 11:01:54: Server cvar "sv_accelerate" = "5"
L 03/22/2015 - 11:01:54: Server cvar "sv_aim" = "0"
L 03/22/2015 - 11:01:54: Server cvar "sv_airaccelerate" = "10"
L 03/22/2015 - 11:01:54: Server cvar "sv_airmove" = "1"
L 03/22/2015 - 11:01:54: Server cvar "sv_allowupload" = "1"
L 03/22/2015 - 11:01:54: Server cvar "sv_alltalk" = "0"
L 03/22/2015 - 11:01:54: Server cvar "sv_bounce" = "1"
L 03/22/2015 - 11:01:54: Server cvar "sv_cheats" = "0"
L 03/22/2015 - 11:01:54: Server cvar "sv_clienttrace" = "1"
L 03/22/2015 - 11:01:54: Server cvar "sv_clipmode" = "0"
L 03/22/2015 - 11:01:54: Server cvar "sv_contact" = ""
L 03/22/2015 - 11:01:54: Server cvar "sv_friction" = "4"
L 03/22/2015 - 11:01:54: Server cvar "sv_gravity" = "800"
L 03/22/2015 - 11:01:54: Server cvar "sv_logblocks" = "0"
L 03/22/2015 - 11:01:54: Server cvar "sv_maxrate" = "50000"
L 03/22/2015 - 11:01:54: Server cvar "sv_maxspeed" = "900"
L 03/22/2015 - 11:01:54: Server cvar "sv_minrate" = "100000"
L 03/22/2015 - 11:01:54: Server cvar "sv_password" = ""
L 03/22/2015 - 11:01:54: Server cvar "sv_proxies" = "0"
L 03/22/2015 - 11:01:54: Server cvar "sv_region" = "255"
L 03/22/2015 - 11:01:54: Server cvar "sv_restart" = "0"
L 03/22/2015 - 11:01:54: Server cvar "sv_restartround" = "0"
L 03/22/2015 - 11:01:54: Server cvar "sv_stepsize" = "18"
L 03/22/2015 - 11:01:54: Server cvar "sv_stopspeed" = "75"
L 03/22/2015 - 11:01:54: Server cvar "sv_uploadmax" = "0.5"
L 03/22/2015 - 11:01:54: Server cvar "sv_voiceenable" = "1"
L 03/22/2015 - 11:01:54: Server cvar "sv_wateraccelerate" = "10"
L 03/22/2015 - 11:01:54: Server cvar "sv_waterfriction" = "1"
L 03/22/2015 - 11:01:54: Server cvar "travo_statmarquee" = "v1.2"
L 03/22/2015 - 11:01:54: Server cvar "ultimate_sounds" = "1.7"
L 03/22/2015 - 11:01:54: Server cvar "vtc_version" = "80"
L 03/22/2015 - 11:01:54: Server cvars end
L 03/22/2015 - 11:01:57: Server cvar "amx_nextmap" = "35_hp_2011"
L 03/22/2015 - 11:01:57: Server cvar "sv_restart" = "1"
L 03/22/2015 - 11:01:57: World triggered "Restart_Round_(1_second)"
L 03/22/2015 - 11:01:57: Team "CT" scored "0" with "0" players
L 03/22/2015 - 11:01:57: Team "TERRORIST" scored "0" with "0" players
L 03/22/2015 - 11:01:57: Server cvar "sv_restart" = "0"
L 03/22/2015 - 11:01:58: Started map "$5000$" (CRC "843177780")
L 03/22/2015 - 11:01:58: [VTC] Player 2 speex
L 03/22/2015 - 11:01:58: [VTC] Player 6 speex
L 03/22/2015 - 11:01:59: [VTC] Player 1 speex
L 03/22/2015 - 11:02:01: "[Hard_Skill]_Funny*Apple<10><STEAM_0:4:1364633349><>" entered the game
L 03/22/2015 - 11:02:03: World triggered "Round_Start"
L 03/22/2015 - 11:02:03: [DPROTO]: Client 5 - Set AuthIdType 3 [dp_RevEmu]; pClient = 0xb39959cc
L 03/22/2015 - 11:02:03: "ANGELuHA<33><STEAM_0:4:1436995333><>" connected, address "178.124.17.2:27005"
L 03/22/2015 - 11:02:03: [VTC] Player 6 speex
L 03/22/2015 - 11:02:04: "[Hard_Skill]_Funny*Apple<10><STEAM_0:4:1364633349><>" joined team "CT"
L 03/22/2015 - 11:02:06: "Vl`Ad<4><STEAM_0:4:1931988229><>" entered the game
L 03/22/2015 - 11:02:06: "ANGELuHA<33><STEAM_0:4:1436995333><>" entered the game
L 03/22/2015 - 11:02:14: "ANGELuHA<33><STEAM_0:4:1436995333><>" joined team "CT"
L 03/22/2015 - 11:02:40: "ANGELuHA<33><STEAM_0:4:1436995333><CT>" committed suicide with "world"
L 03/22/2015 - 11:02:40: "ANGELuHA<33><STEAM_0:4:1436995333><CT>" joined team "TERRORIST"
L 03/22/2015 - 11:02:41: World triggered "Game_Commencing"
L 03/22/2015 - 11:02:41: World triggered "Game_Commencing" (CT "0") (T "0")
L 03/22/2015 - 11:02:41: World triggered "Round_End"
L 03/22/2015 - 11:02:49: World triggered "Round_Start"
L 03/22/2015 - 11:02:54: "[Hard_Skill]_Funny*Apple<10><STEAM_0:4:1364633349><CT>" attacked "ANGELuHA<33><STEAM_0:4:1436995333><TERRORIST>" with "m4a1" (damage "21") (damage_armor "5") (health "79") (armor "95")
L 03/22/2015 - 11:02:55: "ANGELuHA<33><STEAM_0:4:1436995333><TERRORIST>" attacked "[Hard_Skill]_Funny*Apple<10><STEAM_0:4:1364633349><CT>" with "m249" (damage "30") (damage_armor "0") (health "70") (armor "0")
L 03/22/2015 - 11:02:55: "ANGELuHA<33><STEAM_0:4:1436995333><TERRORIST>" attacked "[Hard_Skill]_Funny*Apple<10><STEAM_0:4:1364633349><CT>" with "m249" (damage "30") (damage_armor "0") (health "40") (armor "0")
L 03/22/2015 - 11:02:55: "[Hard_Skill]_Funny*Apple<10><STEAM_0:4:1364633349><CT>" attacked "ANGELuHA<33><STEAM_0:4:1436995333><TERRORIST>" with "m4a1" (damage "84") (damage_armor "18") (health "-5") (armor "77")
L 03/22/2015 - 11:02:55: "[Hard_Skill]_Funny*Apple<10><STEAM_0:4:1364633349><CT>" killed "ANGELuHA<33><STEAM_0:4:1436995333><TERRORIST>" with "m4a1"
L 03/22/2015 - 11:02:55: Team "CT" triggered "CTs_Win" (CT "1") (T "0")
L 03/22/2015 - 11:02:55: World triggered "Round_End"
L 03/22/2015 - 11:03:05: World triggered "Round_Start"
L 03/22/2015 - 11:03:10: "[Hard_Skill]_Funny*Apple<10><STEAM_0:4:1364633349><CT>" attacked "ANGELuHA<33><STEAM_0:4:1436995333><TERRORIST>" with "ak47" (damage "26") (damage_armor "4") (health "74") (armor "96")
L 03/22/2015 - 11:03:10: "[Hard_Skill]_Funny*Apple<10><STEAM_0:4:1364633349><CT>" attacked "ANGELuHA<33><STEAM_0:4:1436995333><TERRORIST>" with "ak47" (damage "32") (damage_armor "5") (health "42") (armor "91")
L 03/22/2015 - 11:03:11: "[Hard_Skill]_Funny*Apple<10><STEAM_0:4:1364633349><CT>" attacked "ANGELuHA<33><STEAM_0:4:1436995333><TERRORIST>" with "ak47" (damage "25") (damage_armor "0") (health "17") (armor "91")
L 03/22/2015 - 11:03:11: "[Hard_Skill]_Funny*Apple<10><STEAM_0:4:1364633349><CT>" attacked "ANGELuHA<33><STEAM_0:4:1436995333><TERRORIST>" with "ak47" (damage "27") (damage_armor "4") (health "-10") (armor "87")
L 03/22/2015 - 11:03:11: "[Hard_Skill]_Funny*Apple<10><STEAM_0:4:1364633349><CT>" killed "ANGELuHA<33><STEAM_0:4:1436995333><TERRORIST>" with "ak47"
L 03/22/2015 - 11:03:11: Team "CT" triggered "CTs_Win" (CT "2") (T "0")
L 03/22/2015 - 11:03:11: World triggered "Round_End"
L 03/22/2015 - 11:03:19: "ANGELuHA<33><STEAM_0:4:1436995333><TERRORIST>" say_team "z ghjcnj kj["
L 03/22/2015 - 11:03:21: World triggered "Round_Start"
L 03/22/2015 - 11:03:30: "[Hard_Skill]_Funny*Apple<10><STEAM_0:4:1364633349><CT>" attacked "ANGELuHA<33><STEAM_0:4:1436995333><TERRORIST>" with "ak47" (damage "26") (damage_armor "4") (health "74") (armor "96")
L 03/22/2015 - 11:03:30: [DPROTO]: Client 2 - Set AuthIdType 3 [dp_RevEmu]; pClient = 0xb3986cf0
L 03/22/2015 - 11:03:30: "Bom}|{_naKeT<34><STEAM_0:4:433232846><>" connected, address "37.213.249.154:10765"
L 03/22/2015 - 11:03:32: "[Hard_Skill]_Funny*Apple<10><STEAM_0:4:1364633349><CT>" attacked "ANGELuHA<33><STEAM_0:4:1436995333><TERRORIST>" with "ak47" (damage "27") (damage_armor "4") (health "47") (armor "92")
L 03/22/2015 - 11:03:33: "[Hard_Skill]_Funny*Apple<10><STEAM_0:4:1364633349><CT>" attacked "ANGELuHA<33><STEAM_0:4:1436995333><TERRORIST>" with "ak47" (damage "33") (damage_armor "5") (health "14") (armor "87")
L 03/22/2015 - 11:03:35: "[Hard_Skill]_Funny*Apple<10><STEAM_0:4:1364633349><CT>" attacked "ANGELuHA<33><STEAM_0:4:1436995333><TERRORIST>" with "deagle" (damage "35") (damage_armor "6") (health "-21") (armor "81")
L 03/22/2015 - 11:03:35: "[Hard_Skill]_Funny*Apple<10><STEAM_0:4:1364633349><CT>" killed "ANGELuHA<33><STEAM_0:4:1436995333><TERRORIST>" with "deagle"
L 03/22/2015 - 11:03:35: Team "CT" triggered "CTs_Win" (CT "3") (T "0")
L 03/22/2015 - 11:03:35: World triggered "Round_End"
L 03/22/2015 - 11:03:41: [DPROTO]: Client 2 - Set AuthIdType 3 [dp_RevEmu]; pClient = 0xb3986cf0
L 03/22/2015 - 11:03:41: "Bom}|{_naKeT<35><STEAM_0:4:433232846><>" connected, address "37.213.249.154:10765"
L 03/22/2015 - 11:03:45: World triggered "Round_Start"
L 03/22/2015 - 11:03:50: [DPROTO]: Client 2 - Set AuthIdType 3 [dp_RevEmu]; pClient = 0xb3986cf0
L 03/22/2015 - 11:03:50: "Bom}|{_naKeT<36><STEAM_0:4:433232846><>" connected, address "37.213.249.154:10765"
L 03/22/2015 - 11:03:54: "[Hard_Skill]_Funny*Apple<10><STEAM_0:4:1364633349><CT>" attacked "ANGELuHA<33><STEAM_0:4:1436995333><TERRORIST>" with "ak47" (damage "26") (damage_armor "4") (health "74") (armor "96")
L 03/22/2015 - 11:03:55: "[Hard_Skill]_Funny*Apple<10><STEAM_0:4:1364633349><CT>" attacked "ANGELuHA<33><STEAM_0:4:1436995333><TERRORIST>" with "ak47" (damage "26") (damage_armor "4") (health "48") (armor "92")
L 03/22/2015 - 11:03:55: "[Hard_Skill]_Funny*Apple<10><STEAM_0:4:1364633349><CT>" attacked "ANGELuHA<33><STEAM_0:4:1436995333><TERRORIST>" with "ak47" (damage "26") (damage_armor "4") (health "22") (armor "88")
L 03/22/2015 - 11:03:57: "[Hard_Skill]_Funny*Apple<10><STEAM_0:4:1364633349><CT>" attacked "ANGELuHA<33><STEAM_0:4:1436995333><TERRORIST>" with "deagle" (damage "30") (damage_armor "5") (health "-8") (armor "83")
L 03/22/2015 - 11:03:57: "[Hard_Skill]_Funny*Apple<10><STEAM_0:4:1364633349><CT>" killed "ANGELuHA<33><STEAM_0:4:1436995333><TERRORIST>" with "deagle"
L 03/22/2015 - 11:03:57: Team "CT" triggered "CTs_Win" (CT "4") (T "0")
L 03/22/2015 - 11:03:57: World triggered "Round_End"
L 03/22/2015 - 11:04:07: World triggered "Round_Start"
L 03/22/2015 - 11:04:13: "[Hard_Skill]_Funny*Apple<10><STEAM_0:4:1364633349><CT>" attacked "ANGELuHA<33><STEAM_0:4:1436995333><TERRORIST>" with "ak47" (damage "27") (damage_armor "4") (health "73") (armor "96")
L 03/22/2015 - 11:04:13: "[Hard_Skill]_Funny*Apple<10><STEAM_0:4:1364633349><CT>" attacked "ANGELuHA<33><STEAM_0:4:1436995333><TERRORIST>" with "ak47" (damage "27") (damage_armor "4") (health "46") (armor "92")
L 03/22/2015 - 11:04:13: "ANGELuHA<33><STEAM_0:4:1436995333><TERRORIST>" attacked "[Hard_Skill]_Funny*Apple<10><STEAM_0:4:1364633349><CT>" with "mp5navy" (damage "21") (damage_armor "0") (health "79") (armor "0")
L 03/22/2015 - 11:04:13: "[Hard_Skill]_Funny*Apple<10><STEAM_0:4:1364633349><CT>" attacked "ANGELuHA<33><STEAM_0:4:1436995333><TERRORIST>" with "ak47" (damage "27") (damage_armor "4") (health "19") (armor "88")
L 03/22/2015 - 11:04:13: "ANGELuHA<33><STEAM_0:4:1436995333><TERRORIST>" attacked "[Hard_Skill]_Funny*Apple<10><STEAM_0:4:1364633349><CT>" with "mp5navy" (damage "26") (damage_armor "0") (health "53") (armor "0")
L 03/22/2015 - 11:04:13: "[Hard_Skill]_Funny*Apple<10><STEAM_0:4:1364633349><CT>" attacked "ANGELuHA<33><STEAM_0:4:1436995333><TERRORIST>" with "ak47" (damage "27") (damage_armor "4") (health "-8") (armor "84")
L 03/22/2015 - 11:04:13: "[Hard_Skill]_Funny*Apple<10><STEAM_0:4:1364633349><CT>" killed "ANGELuHA<33><STEAM_0:4:1436995333><TERRORIST>" with "ak47"
L 03/22/2015 - 11:04:13: Team "CT" triggered "CTs_Win" (CT "5") (T "0")
L 03/22/2015 - 11:04:13: World triggered "Round_End"
L 03/22/2015 - 11:04:23: World triggered "Round_Start"
L 03/22/2015 - 11:04:25: "Bom}|{_naKeT<36><STEAM_0:4:433232846><>" entered the game
L 03/22/2015 - 11:04:33: "Bom}|{_naKeT<36><STEAM_0:4:433232846><>" joined team "TERRORIST"
L 03/22/2015 - 11:04:36: "[Hard_Skill]_Funny*Apple<10><STEAM_0:4:1364633349><CT>" attacked "Bom}|{_naKeT<36><STEAM_0:4:433232846><TERRORIST>" with "ak47" (damage "35") (damage_armor "0") (health "65") (armor "0")
L 03/22/2015 - 11:04:36: "[Hard_Skill]_Funny*Apple<10><STEAM_0:4:1364633349><CT>" attacked "Bom}|{_naKeT<36><STEAM_0:4:433232846><TERRORIST>" with "ak47" (damage "35") (damage_armor "0") (health "30") (armor "0")
L 03/22/2015 - 11:04:36: "[Hard_Skill]_Funny*Apple<10><STEAM_0:4:1364633349><CT>" attacked "Bom}|{_naKeT<36><STEAM_0:4:433232846><TERRORIST>" with "ak47" (damage "35") (damage_armor "0") (health "-5") (armor "0")
L 03/22/2015 - 11:04:36: "[Hard_Skill]_Funny*Apple<10><STEAM_0:4:1364633349><CT>" killed "Bom}|{_naKeT<36><STEAM_0:4:433232846><TERRORIST>" with "ak47"
L 03/22/2015 - 11:04:38: "[Hard_Skill]_Funny*Apple<10><STEAM_0:4:1364633349><CT>" attacked "ANGELuHA<33><STEAM_0:4:1436995333><TERRORIST>" with "ak47" (damage "27") (damage_armor "4") (health "46") (armor "82")
L 03/22/2015 - 11:04:38: "ANGELuHA<33><STEAM_0:4:1436995333><TERRORIST>" attacked "[Hard_Skill]_Funny*Apple<10><STEAM_0:4:1364633349><CT>" with "m4a1" (damage "31") (damage_armor "0") (health "69") (armor "0")
L 03/22/2015 - 11:04:38: "[Hard_Skill]_Funny*Apple<10><STEAM_0:4:1364633349><CT>" attacked "ANGELuHA<33><STEAM_0:4:1436995333><TERRORIST>" with "ak47" (damage "27") (damage_armor "4") (health "19") (armor "78")
L 03/22/2015 - 11:04:38: "ANGELuHA<33><STEAM_0:4:1436995333><TERRORIST>" attacked "[Hard_Skill]_Funny*Apple<10><STEAM_0:4:1364633349><CT>" with "m4a1" (damage "31") (damage_armor "0") (health "38") (armor "0")
L 03/22/2015 - 11:04:38: "ANGELuHA<33><STEAM_0:4:1436995333><TERRORIST>" attacked "[Hard_Skill]_Funny*Apple<10><STEAM_0:4:1364633349><CT>" with "m4a1" (damage "32") (damage_armor "0") (health "6") (armor "0")
L 03/22/2015 - 11:04:38: "[Hard_Skill]_Funny*Apple<10><STEAM_0:4:1364633349><CT>" attacked "ANGELuHA<33><STEAM_0:4:1436995333><TERRORIST>" with "ak47" (damage "27") (damage_armor "4") (health "-8") (armor "74")
L 03/22/2015 - 11:04:38: "[Hard_Skill]_Funny*Apple<10><STEAM_0:4:1364633349><CT>" killed "ANGELuHA<33><STEAM_0:4:1436995333><TERRORIST>" with "ak47"
L 03/22/2015 - 11:04:38: Team "CT" triggered "CTs_Win" (CT "6") (T "0")
L 03/22/2015 - 11:04:38: World triggered "Round_End"
L 03/22/2015 - 11:04:39: [DPROTO]: Client 3 - Set AuthIdType 3 [dp_RevEmu]; pClient = 0xb398bbe4
L 03/22/2015 - 11:04:39: "|Zek|T*m|#[<[T]w[i]c[h]#<37><STEAM_0:4:1406344014><>" connected, address "37.212.250.14:35480"
L 03/22/2015 - 11:04:39: [VTC] Player 4 speex
L 03/22/2015 - 11:04:43: [DPROTO]: Client 3 - Set AuthIdType 3 [dp_RevEmu]; pClient = 0xb398bbe4
L 03/22/2015 - 11:04:43: "|Zek|T*m|#[<[T]w[i]c[h]#<38><STEAM_0:4:1406344014><>" connected, address "37.212.250.14:35480"
L 03/22/2015 - 11:04:44: [VTC] Player 4 speex
L 03/22/2015 - 11:04:48: "|Zek|T*m|#[<[T]w[i]c[h]#<38><STEAM_0:4:1406344014><>" entered the game
L 03/22/2015 - 11:04:48: World triggered "Round_Start"
L 03/22/2015 - 11:05:03: "|Zek|T*m|#[<[T]w[i]c[h]#<38><STEAM_0:4:1406344014><>" joined team "CT"
L 03/22/2015 - 11:05:10: "[Hard_Skill]_Funny*Apple<10><STEAM_0:4:1364633349><CT>" attacked "Bom}|{_naKeT<36><STEAM_0:4:433232846><TERRORIST>" with "ak47" (damage "35") (damage_armor "0") (health "3") (armor "0")
L 03/22/2015 - 11:05:10: "[Hard_Skill]_Funny*Apple<10><STEAM_0:4:1364633349><CT>" attacked "Bom}|{_naKeT<36><STEAM_0:4:433232846><TERRORIST>" with "ak47" (damage "43") (damage_armor "0") (health "-40") (armor "0")
L 03/22/2015 - 11:05:10: "[Hard_Skill]_Funny*Apple<10><STEAM_0:4:1364633349><CT>" killed "Bom}|{_naKeT<36><STEAM_0:4:433232846><TERRORIST>" with "ak47"
L 03/22/2015 - 11:05:12: "[Hard_Skill]_Funny*Apple<10><STEAM_0:4:1364633349><CT>" attacked "ANGELuHA<33><STEAM_0:4:1436995333><TERRORIST>" with "ak47" (damage "25") (damage_armor "0") (health "47") (armor "85")
L 03/22/2015 - 11:05:12: "[Hard_Skill]_Funny*Apple<10><STEAM_0:4:1364633349><CT>" attacked "ANGELuHA<33><STEAM_0:4:1436995333><TERRORIST>" with "ak47" (damage "25") (damage_armor "0") (health "22") (armor "85")
L 03/22/2015 - 11:05:12: "[Hard_Skill]_Funny*Apple<10><STEAM_0:4:1364633349><CT>" attacked "ANGELuHA<33><STEAM_0:4:1436995333><TERRORIST>" with "ak47" (damage "26") (damage_armor "4") (health "-4") (armor "81")
L 03/22/2015 - 11:05:12: "[Hard_Skill]_Funny*Apple<10><STEAM_0:4:1364633349><CT>" killed "ANGELuHA<33><STEAM_0:4:1436995333><TERRORIST>" with "ak47"
L 03/22/2015 - 11:05:12: Team "CT" triggered "CTs_Win" (CT "7") (T "0")
L 03/22/2015 - 11:05:12: World triggered "Round_End"
L 03/22/2015 - 11:05:22: World triggered "Round_Start"
L 03/22/2015 - 11:05:27: "[Hard_Skill]_Funny*Apple<10><STEAM_0:4:1364633349><CT>" killed "Bom}|{_naKeT<36><STEAM_0:4:433232846><TERRORIST>" with "grenade"
L 03/22/2015 - 11:05:28: "ANGELuHA<33><STEAM_0:4:1436995333><TERRORIST>" attacked "|Zek|T*m|#[<[T]w[i]c[h]#<38><STEAM_0:4:1406344014><CT>" with "m249" (damage "30") (damage_armor "0") (health "70") (armor "0")
L 03/22/2015 - 11:05:28: "ANGELuHA<33><STEAM_0:4:1436995333><TERRORIST>" attacked "|Zek|T*m|#[<[T]w[i]c[h]#<38><STEAM_0:4:1406344014><CT>" with "m249" (damage "124") (damage_armor "0") (health "-54") (armor "0")
L 03/22/2015 - 11:05:28: "ANGELuHA<33><STEAM_0:4:1436995333><TERRORIST>" killed "|Zek|T*m|#[<[T]w[i]c[h]#<38><STEAM_0:4:1406344014><CT>" with "m249"
L 03/22/2015 - 11:05:32: "Bom}|{_naKeT<36><STEAM_0:4:433232846><TERRORIST>" triggered "time" (time "1:06")
L 03/22/2015 - 11:05:32: "Bom}|{_naKeT<36><STEAM_0:4:433232846><TERRORIST>" triggered "latency" (ping "52")
L 03/22/2015 - 11:05:32: "Bom}|{_naKeT<36><STEAM_0:4:433232846><TERRORIST>" disconnected
L 03/22/2015 - 11:05:37: "ANGELuHA<33><STEAM_0:4:1436995333><TERRORIST>" attacked "[Hard_Skill]_Funny*Apple<10><STEAM_0:4:1364633349><CT>" with "m249" (damage "23") (damage_armor "0") (health "77") (armor "0")
L 03/22/2015 - 11:05:37: "[Hard_Skill]_Funny*Apple<10><STEAM_0:4:1364633349><CT>" attacked "ANGELuHA<33><STEAM_0:4:1436995333><TERRORIST>" with "ak47" (damage "26") (damage_armor "0") (health "74") (armor "100")
L 03/22/2015 - 11:05:38: "ANGELuHA<33><STEAM_0:4:1436995333><TERRORIST>" attacked "[Hard_Skill]_Funny*Apple<10><STEAM_0:4:1364633349><CT>" with "m249" (damage "124") (damage_armor "0") (health "-47") (armor "0")
L 03/22/2015 - 11:05:38: "ANGELuHA<33><STEAM_0:4:1436995333><TERRORIST>" killed "[Hard_Skill]_Funny*Apple<10><STEAM_0:4:1364633349><CT>" with "m249"
L 03/22/2015 - 11:05:38: Team "TERRORIST" triggered "Terrorists_Win" (CT "7") (T "1")
L 03/22/2015 - 11:05:38: World triggered "Round_End"
L 03/22/2015 - 11:05:48: World triggered "Round_Start"
L 03/22/2015 - 11:05:54: "ANGELuHA<33><STEAM_0:4:1436995333><TERRORIST>" attacked "|Zek|T*m|#[<[T]w[i]c[h]#<38><STEAM_0:4:1406344014><CT>" with "m249" (damage "30") (damage_armor "0") (health "70") (armor "0")
L 03/22/2015 - 11:05:56: "|Zek|T*m|#[<[T]w[i]c[h]#<38><STEAM_0:4:1406344014><CT>" attacked "ANGELuHA<33><STEAM_0:4:1436995333><TERRORIST>" with "usp" (damage "18") (damage_armor "0") (health "82") (armor "100")
L 03/22/2015 - 11:05:56: "|Zek|T*m|#[<[T]w[i]c[h]#<38><STEAM_0:4:1406344014><CT>" attacked "ANGELuHA<33><STEAM_0:4:1436995333><TERRORIST>" with "usp" (damage "18") (damage_armor "0") (health "64") (armor "100")
L 03/22/2015 - 11:05:56: "ANGELuHA<33><STEAM_0:4:1436995333><TERRORIST>" attacked "|Zek|T*m|#[<[T]w[i]c[h]#<38><STEAM_0:4:1406344014><CT>" with "m249" (damage "30") (damage_armor "0") (health "40") (armor "0")
L 03/22/2015 - 11:05:57: "|Zek|T*m|#[<[T]w[i]c[h]#<38><STEAM_0:4:1406344014><CT>" attacked "ANGELuHA<33><STEAM_0:4:1436995333><TERRORIST>" with "usp" (damage "18") (damage_armor "0") (health "46") (armor "100")
L 03/22/2015 - 11:05:58: "|Zek|T*m|#[<[T]w[i]c[h]#<38><STEAM_0:4:1406344014><CT>" attacked "ANGELuHA<33><STEAM_0:4:1436995333><TERRORIST>" with "usp" (damage "18") (damage_armor "0") (health "28") (armor "100")
L 03/22/2015 - 11:05:58: "ANGELuHA<33><STEAM_0:4:1436995333><TERRORIST>" attacked "|Zek|T*m|#[<[T]w[i]c[h]#<38><STEAM_0:4:1406344014><CT>" with "m249" (damage "120") (damage_armor "0") (health "-80") (armor "0")
L 03/22/2015 - 11:05:58: "ANGELuHA<33><STEAM_0:4:1436995333><TERRORIST>" killed "|Zek|T*m|#[<[T]w[i]c[h]#<38><STEAM_0:4:1406344014><CT>" with "m249"
L 03/22/2015 - 11:06:02: "[Hard_Skill]_Funny*Apple<10><STEAM_0:4:1364633349><CT>" attacked "ANGELuHA<33><STEAM_0:4:1436995333><TERRORIST>" with "ak47" (damage "26") (damage_armor "4") (health "2") (armor "96")
L 03/22/2015 - 11:06:02: "[Hard_Skill]_Funny*Apple<10><STEAM_0:4:1364633349><CT>" attacked "ANGELuHA<33><STEAM_0:4:1436995333><TERRORIST>" with "ak47" (damage "26") (damage_armor "4") (health "-24") (armor "92")
L 03/22/2015 - 11:06:02: "[Hard_Skill]_Funny*Apple<10><STEAM_0:4:1364633349><CT>" killed "ANGELuHA<33><STEAM_0:4:1436995333><TERRORIST>" with "ak47"
L 03/22/2015 - 11:06:02: Team "CT" triggered "CTs_Win" (CT "8") (T "1")
L 03/22/2015 - 11:06:02: World triggered "Round_End"
L 03/22/2015 - 11:06:12: World triggered "Round_Start"
L 03/22/2015 - 11:06:16: "ANGELuHA<33><STEAM_0:4:1436995333><TERRORIST>" attacked "[Hard_Skill]_Funny*Apple<10><STEAM_0:4:1364633349><CT>" with "mp5navy" (damage "17") (damage_armor "0") (health "83") (armor "0")
L 03/22/2015 - 11:06:16: "[Hard_Skill]_Funny*Apple<10><STEAM_0:4:1364633349><CT>" attacked "ANGELuHA<33><STEAM_0:4:1436995333><TERRORIST>" with "ak47" (damage "25") (damage_armor "0") (health "56") (armor "90")
L 03/22/2015 - 11:06:16: "[Hard_Skill]_Funny*Apple<10><STEAM_0:4:1364633349><CT>" attacked "ANGELuHA<33><STEAM_0:4:1436995333><TERRORIST>" with "ak47" (damage "25") (damage_armor "0") (health "31") (armor "90")
L 03/22/2015 - 11:06:16: "[Hard_Skill]_Funny*Apple<10><STEAM_0:4:1364633349><CT>" attacked "ANGELuHA<33><STEAM_0:4:1436995333><TERRORIST>" with "ak47" (damage "25") (damage_armor "0") (health "6") (armor "90")
L 03/22/2015 - 11:06:16: "ANGELuHA<33><STEAM_0:4:1436995333><TERRORIST>" attacked "[Hard_Skill]_Funny*Apple<10><STEAM_0:4:1364633349><CT>" with "mp5navy" (damage "17") (damage_armor "0") (health "66") (armor "0")
L 03/22/2015 - 11:06:16: "[Hard_Skill]_Funny*Apple<10><STEAM_0:4:1364633349><CT>" attacked "ANGELuHA<33><STEAM_0:4:1436995333><TERRORIST>" with "ak47" (damage "25") (damage_armor "0") (health "-19") (armor "90")
L 03/22/2015 - 11:06:16: "[Hard_Skill]_Funny*Apple<10><STEAM_0:4:1364633349><CT>" killed "ANGELuHA<33><STEAM_0:4:1436995333><TERRORIST>" with "ak47"
L 03/22/2015 - 11:06:16: Team "CT" triggered "CTs_Win" (CT "9") (T "1")
L 03/22/2015 - 11:06:16: World triggered "Round_End"
L 03/22/2015 - 11:06:18: Kick: "|Zek|T*m|#[<[T]w[i]c[h]#<38><STEAM_0:4:1406344014><>" was kicked by "Console" (message ""Извини, но ты лагер :D, попробуй зайти позже"")
L 03/22/2015 - 11:06:18: "|Zek|T*m|#[<[T]w[i]c[h]#<38><STEAM_0:4:1406344014><CT>" triggered "weaponstats" (weapon "usp") (shots "11") (hits "4") (kills "0") (headshots "0") (tks "0") (damage "72") (deaths "1")
L 03/22/2015 - 11:06:18: "|Zek|T*m|#[<[T]w[i]c[h]#<38><STEAM_0:4:1406344014><CT>" triggered "weaponstats2" (weapon "usp") (head "0") (chest "0") (stomach "0") (leftarm "0") (rightarm "0") (leftleg "4") (rightleg "0")
L 03/22/2015 - 11:06:18: "|Zek|T*m|#[<[T]w[i]c[h]#<38><STEAM_0:4:1406344014><CT>" triggered "weaponstats" (weapon "m4a1") (shots "13") (hits "0") (kills "0") (headshots "0") (tks "0") (damage "0") (deaths "1")
L 03/22/2015 - 11:06:18: "|Zek|T*m|#[<[T]w[i]c[h]#<38><STEAM_0:4:1406344014><CT>" triggered "weaponstats2" (weapon "m4a1") (head "0") (chest "0") (stomach "0") (leftarm "0") (rightarm "0") (leftleg "0") (rightleg "0")
L 03/22/2015 - 11:06:18: "|Zek|T*m|#[<[T]w[i]c[h]#<38><STEAM_0:4:1406344014><CT>" triggered "time" (time "1:30")
L 03/22/2015 - 11:06:18: "|Zek|T*m|#[<[T]w[i]c[h]#<38><STEAM_0:4:1406344014><CT>" triggered "latency" (ping "87")
L 03/22/2015 - 11:06:18: "|Zek|T*m|#[<[T]w[i]c[h]#<38><STEAM_0:4:1406344014><CT>" disconnected
L 03/22/2015 - 11:06:26: World triggered "Round_Start"
L 03/22/2015 - 11:06:38: "[Hard_Skill]_Funny*Apple<10><STEAM_0:4:1364633349><CT>" attacked "ANGELuHA<33><STEAM_0:4:1436995333><TERRORIST>" with "ak47" (damage "105") (damage_armor "16") (health "-5") (armor "84")
L 03/22/2015 - 11:06:38: "[Hard_Skill]_Funny*Apple<10><STEAM_0:4:1364633349><CT>" killed "ANGELuHA<33><STEAM_0:4:1436995333><TERRORIST>" with "ak47"
L 03/22/2015 - 11:06:38: Team "CT" triggered "CTs_Win" (CT "10") (T "1")
L 03/22/2015 - 11:06:38: World triggered "Round_End"
L 03/22/2015 - 11:06:47: [DPROTO]: Client 2 - Set AuthIdType 3 [dp_RevEmu]; pClient = 0xb3986cf0
L 03/22/2015 - 11:06:47: "unamed<39><STEAM_0:4:1008717061><>" connected, address "178.120.99.209:26514"
L 03/22/2015 - 11:06:47: [VTC] Player 3 speex
L 03/22/2015 - 11:06:48: World triggered "Round_Start"
L 03/22/2015 - 11:06:55: "ANGELuHA<33><STEAM_0:4:1436995333><TERRORIST>" attacked "[Hard_Skill]_Funny*Apple<10><STEAM_0:4:1364633349><CT>" with "mp5navy" (damage "21") (damage_armor "0") (health "79") (armor "0")
L 03/22/2015 - 11:06:55: "[Hard_Skill]_Funny*Apple<10><STEAM_0:4:1364633349><CT>" attacked "ANGELuHA<33><STEAM_0:4:1436995333><TERRORIST>" with "ak47" (damage "27") (damage_armor "4") (health "73") (armor "96")
L 03/22/2015 - 11:06:55: "[Hard_Skill]_Funny*Apple<10><STEAM_0:4:1364633349><CT>" attacked "ANGELuHA<33><STEAM_0:4:1436995333><TERRORIST>" with "ak47" (damage "27") (damage_armor "4") (health "46") (armor "92")
L 03/22/2015 - 11:06:55: "[Hard_Skill]_Funny*Apple<10><STEAM_0:4:1364633349><CT>" attacked "ANGELuHA<33><STEAM_0:4:1436995333><TERRORIST>" with "ak47" (damage "27") (damage_armor "4") (health "19") (armor "88")
L 03/22/2015 - 11:06:56: "[Hard_Skill]_Funny*Apple<10><STEAM_0:4:1364633349><CT>" attacked "ANGELuHA<33><STEAM_0:4:1436995333><TERRORIST>" with "ak47" (damage "26") (damage_armor "0") (health "-7") (armor "88")
L 03/22/2015 - 11:06:56: "[Hard_Skill]_Funny*Apple<10><STEAM_0:4:1364633349><CT>" killed "ANGELuHA<33><STEAM_0:4:1436995333><TERRORIST>" with "ak47"
L 03/22/2015 - 11:06:56: Team "CT" triggered "CTs_Win" (CT "11") (T "1")
L 03/22/2015 - 11:06:56: World triggered "Round_End"
L 03/22/2015 - 11:06:56: "unamed<39><STEAM_0:4:1008717061><>" entered the game
L 03/22/2015 - 11:07:02: "unamed<39><STEAM_0:4:1008717061><>" joined team "TERRORIST"
L 03/22/2015 - 11:07:06: World triggered "Round_Start"
L 03/22/2015 - 11:07:11: "[Hard_Skill]_Funny*Apple<10><STEAM_0:4:1364633349><CT>" attacked "ANGELuHA<33><STEAM_0:4:1436995333><TERRORIST>" with "ak47" (damage "49") (damage_armor "7") (health "9") (armor "71")
L 03/22/2015 - 11:07:12: "[Hard_Skill]_Funny*Apple<10><STEAM_0:4:1364633349><CT>" attacked "ANGELuHA<33><STEAM_0:4:1436995333><TERRORIST>" with "ak47" (damage "12") (damage_armor "2") (health "-3") (armor "69")
L 03/22/2015 - 11:07:12: "[Hard_Skill]_Funny*Apple<10><STEAM_0:4:1364633349><CT>" killed "ANGELuHA<33><STEAM_0:4:1436995333><TERRORIST>" with "ak47"
L 03/22/2015 - 11:07:17: "Vl`Ad<4><STEAM_0:4:1931988229><>" triggered "Game_idle_kick" (auto)
L 03/22/2015 - 11:07:17: Kick: "Vl`Ad<4><STEAM_0:4:1931988229><>" was kicked by "Console"
L 03/22/2015 - 11:07:17: "Vl`Ad<4><STEAM_0:4:1931988229><UNASSIGNED>" triggered "time" (time "5:11")
L 03/22/2015 - 11:07:17: "Vl`Ad<4><STEAM_0:4:1931988229><UNASSIGNED>" triggered "latency" (ping "83")
L 03/22/2015 - 11:07:17: "Vl`Ad<4><STEAM_0:4:1931988229><>" disconnected
L 03/22/2015 - 11:07:19: "[Hard_Skill]_Funny*Apple<10><STEAM_0:4:1364633349><CT>" attacked "unamed<39><STEAM_0:4:1008717061><TERRORIST>" with "deagle" (damage "63") (damage_armor "0") (health "-51") (armor "0")
L 03/22/2015 - 11:07:19: "[Hard_Skill]_Funny*Apple<10><STEAM_0:4:1364633349><CT>" killed "unamed<39><STEAM_0:4:1008717061><TERRORIST>" with "deagle"
L 03/22/2015 - 11:07:19: Team "CT" triggered "CTs_Win" (CT "12") (T "1")
L 03/22/2015 - 11:07:19: World triggered "Round_End"
L 03/22/2015 - 11:07:29: World triggered "Round_Start"
L 03/22/2015 - 11:07:33: "[Hard_Skill]_Funny*Apple<10><STEAM_0:4:1364633349><CT>" killed "unamed<39><STEAM_0:4:1008717061><TERRORIST>" with "grenade"
L 03/22/2015 - 11:07:40: "ANGELuHA<33><STEAM_0:4:1436995333><TERRORIST>" attacked "[Hard_Skill]_Funny*Apple<10><STEAM_0:4:1364633349><CT>" with "m249" (damage "30") (damage_armor "0") (health "70") (armor "0")
L 03/22/2015 - 11:07:40: "[Hard_Skill]_Funny*Apple<10><STEAM_0:4:1364633349><CT>" attacked "ANGELuHA<33><STEAM_0:4:1436995333><TERRORIST>" with "ak47" (damage "25") (damage_armor "0") (health "75") (armor "99")
L 03/22/2015 - 11:07:40: "[Hard_Skill]_Funny*Apple<10><STEAM_0:4:1364633349><CT>" attacked "ANGELuHA<33><STEAM_0:4:1436995333><TERRORIST>" with "ak47" (damage "25") (damage_armor "0") (health "50") (armor "99")
L 03/22/2015 - 11:07:40: "[Hard_Skill]_Funny*Apple<10><STEAM_0:4:1364633349><CT>" attacked "ANGELuHA<33><STEAM_0:4:1436995333><TERRORIST>" with "ak47" (damage "32") (damage_armor "4") (health "18") (armor "95")
L 03/22/2015 - 11:07:41: "[Hard_Skill]_Funny*Apple<10><STEAM_0:4:1364633349><CT>" attacked "ANGELuHA<33><STEAM_0:4:1436995333><TERRORIST>" with "ak47" (damage "25") (damage_armor "0") (health "-7") (armor "95")
L 03/22/2015 - 11:07:41: "[Hard_Skill]_Funny*Apple<10><STEAM_0:4:1364633349><CT>" killed "ANGELuHA<33><STEAM_0:4:1436995333><TERRORIST>" with "ak47"
L 03/22/2015 - 11:07:41: Team "CT" triggered "CTs_Win" (CT "13") (T "1")
L 03/22/2015 - 11:07:41: World triggered "Round_End"
L 03/22/2015 - 11:07:51: World triggered "Round_Start"
L 03/22/2015 - 11:08:04: "[Hard_Skill]_Funny*Apple<10><STEAM_0:4:1364633349><CT>" attacked "unamed<39><STEAM_0:4:1008717061><TERRORIST>" with "ak47" (damage "34") (damage_armor "0") (health "33") (armor "0")
L 03/22/2015 - 11:08:04: "[Hard_Skill]_Funny*Apple<10><STEAM_0:4:1364633349><CT>" attacked "unamed<39><STEAM_0:4:1008717061><TERRORIST>" with "ak47" (damage "34") (damage_armor "0") (health "-1") (armor "0")
L 03/22/2015 - 11:08:04: "[Hard_Skill]_Funny*Apple<10><STEAM_0:4:1364633349><CT>" killed "unamed<39><STEAM_0:4:1008717061><TERRORIST>" with "ak47"
L 03/22/2015 - 11:08:10: "unamed<39><STEAM_0:4:1008717061><TERRORIST>" triggered "time" (time "1:14")
L 03/22/2015 - 11:08:10: "unamed<39><STEAM_0:4:1008717061><TERRORIST>" triggered "latency" (ping "57")
L 03/22/2015 - 11:08:10: "unamed<39><STEAM_0:4:1008717061><TERRORIST>" disconnected
L 03/22/2015 - 11:08:11: "[Hard_Skill]_Funny*Apple<10><STEAM_0:4:1364633349><CT>" attacked "ANGELuHA<33><STEAM_0:4:1436995333><TERRORIST>" with "ak47" (damage "33") (damage_armor "5") (health "43") (armor "82")
L 03/22/2015 - 11:08:11: "[Hard_Skill]_Funny*Apple<10><STEAM_0:4:1364633349><CT>" attacked "ANGELuHA<33><STEAM_0:4:1436995333><TERRORIST>" with "ak47" (damage "26") (damage_armor "0") (health "17") (armor "82")
L 03/22/2015 - 11:08:12: "[Hard_Skill]_Funny*Apple<10><STEAM_0:4:1364633349><CT>" attacked "ANGELuHA<33><STEAM_0:4:1436995333><TERRORIST>" with "ak47" (damage "26") (damage_armor "0") (health "-9") (armor "82")
L 03/22/2015 - 11:08:12: "[Hard_Skill]_Funny*Apple<10><STEAM_0:4:1364633349><CT>" killed "ANGELuHA<33><STEAM_0:4:1436995333><TERRORIST>" with "ak47"
L 03/22/2015 - 11:08:12: Team "CT" triggered "CTs_Win" (CT "14") (T "1")
L 03/22/2015 - 11:08:12: World triggered "Round_End"
L 03/22/2015 - 11:08:18: "ANGELuHA<33><STEAM_0:4:1436995333><TERRORIST>" say "gbpljc"
L 03/22/2015 - 11:08:22: World triggered "Round_Start"
L 03/22/2015 - 11:08:35: [DPROTO]: Client 0 - Set AuthIdType 3 [dp_RevEmu]; pClient = 0xb397cf08
L 03/22/2015 - 11:08:35: "nExT --><40><STEAM_0:4:1627114757><>" connected, address "178.120.171.104:40825"
L 03/22/2015 - 11:08:35: [VTC] Player 1 speex
L 03/22/2015 - 11:08:43: "[Hard_Skill]_Funny*Apple<10><STEAM_0:4:1364633349><CT>" attacked "ANGELuHA<33><STEAM_0:4:1436995333><TERRORIST>" with "ak47" (damage "27") (damage_armor "4") (health "56") (armor "87")
L 03/22/2015 - 11:08:43: "[Hard_Skill]_Funny*Apple<10><STEAM_0:4:1364633349><CT>" attacked "ANGELuHA<33><STEAM_0:4:1436995333><TERRORIST>" with "ak47" (damage "33") (damage_armor "5") (health "23") (armor "82")
L 03/22/2015 - 11:08:43: "[Hard_Skill]_Funny*Apple<10><STEAM_0:4:1364633349><CT>" attacked "ANGELuHA<33><STEAM_0:4:1436995333><TERRORIST>" with "ak47" (damage "27") (damage_armor "4") (health "-4") (armor "78")
L 03/22/2015 - 11:08:43: "[Hard_Skill]_Funny*Apple<10><STEAM_0:4:1364633349><CT>" killed "ANGELuHA<33><STEAM_0:4:1436995333><TERRORIST>" with "ak47"
L 03/22/2015 - 11:08:43: Team "CT" triggered "CTs_Win" (CT "15") (T "1")
L 03/22/2015 - 11:08:43: World triggered "Round_End"
L 03/22/2015 - 11:08:47: "nExT --><40><STEAM_0:4:1627114757><>" entered the game
L 03/22/2015 - 11:08:52: "nExT --><40><STEAM_0:4:1627114757><>" joined team "CT"
L 03/22/2015 - 11:08:53: World triggered "Round_Start"
L 03/22/2015 - 11:08:59: "[Hard_Skill]_Funny*Apple<10><STEAM_0:4:1364633349><CT>" attacked "ANGELuHA<33><STEAM_0:4:1436995333><TERRORIST>" with "ak47" (damage "27") (damage_armor "4") (health "73") (armor "96")
L 03/22/2015 - 11:08:59: "ANGELuHA<33><STEAM_0:4:1436995333><TERRORIST>" attacked "[Hard_Skill]_Funny*Apple<10><STEAM_0:4:1364633349><CT>" with "ak47" (damage "35") (damage_armor "0") (health "65") (armor "0")
L 03/22/2015 - 11:08:59: "[Hard_Skill]_Funny*Apple<10><STEAM_0:4:1364633349><CT>" attacked "ANGELuHA<33><STEAM_0:4:1436995333><TERRORIST>" with "ak47" (damage "108") (damage_armor "16") (health "-35") (armor "80")
L 03/22/2015 - 11:08:59: "[Hard_Skill]_Funny*Apple<10><STEAM_0:4:1364633349><CT>" killed "ANGELuHA<33><STEAM_0:4:1436995333><TERRORIST>" with "ak47"
L 03/22/2015 - 11:08:59: Team "CT" triggered "CTs_Win" (CT "16") (T "1")
L 03/22/2015 - 11:08:59: World triggered "Round_End"
L 03/22/2015 - 11:09:01: "nExT --><40><STEAM_0:4:1627114757><CT>" committed suicide with "world"
L 03/22/2015 - 11:09:01: "nExT --><40><STEAM_0:4:1627114757><CT>" joined team "TERRORIST"
L 03/22/2015 - 11:09:09: World triggered "Round_Start"
L 03/22/2015 - 11:09:21: "[Hard_Skill]_Funny*Apple<10><STEAM_0:4:1364633349><CT>" attacked "nExT --><40><STEAM_0:4:1627114757><TERRORIST>" with "ak47" (damage "34") (damage_armor "0") (health "13") (armor "0")
L 03/22/2015 - 11:09:21: "[Hard_Skill]_Funny*Apple<10><STEAM_0:4:1364633349><CT>" attacked "nExT --><40><STEAM_0:4:1627114757><TERRORIST>" with "ak47" (damage "25") (damage_armor "0") (health "-12") (armor "0")
L 03/22/2015 - 11:09:21: "[Hard_Skill]_Funny*Apple<10><STEAM_0:4:1364633349><CT>" killed "nExT --><40><STEAM_0:4:1627114757><TERRORIST>" with "ak47"
L 03/22/2015 - 11:09:27: "ANGELuHA<33><STEAM_0:4:1436995333><TERRORIST>" attacked "[Hard_Skill]_Funny*Apple<10><STEAM_0:4:1364633349><CT>" with "sg552" (damage "120") (damage_armor "0") (health "-24") (armor "0")
L 03/22/2015 - 11:09:27: "ANGELuHA<33><STEAM_0:4:1436995333><TERRORIST>" killed "[Hard_Skill]_Funny*Apple<10><STEAM_0:4:1364633349><CT>" with "sg552"
L 03/22/2015 - 11:09:27: Team "TERRORIST" triggered "Terrorists_Win" (CT "16") (T "2")
L 03/22/2015 - 11:09:27: World triggered "Round_End"
L 03/22/2015 - 11:09:37: World triggered "Round_Start"
L 03/22/2015 - 11:09:49: "[Hard_Skill]_Funny*Apple<10><STEAM_0:4:1364633349><CT>" attacked "nExT --><40><STEAM_0:4:1627114757><TERRORIST>" with "ak47" (damage "16") (damage_armor "0") (health "38") (armor "0")
L 03/22/2015 - 11:09:49: "[Hard_Skill]_Funny*Apple<10><STEAM_0:4:1364633349><CT>" attacked "nExT --><40><STEAM_0:4:1627114757><TERRORIST>" with "ak47" (damage "16") (damage_armor "0") (health "22") (armor "0")
L 03/22/2015 - 11:09:49: "[Hard_Skill]_Funny*Apple<10><STEAM_0:4:1364633349><CT>" killed "nExT --><40><STEAM_0:4:1627114757><TERRORIST>" with "grenade"
L 03/22/2015 - 11:09:54: "ANGELuHA<33><STEAM_0:4:1436995333><TERRORIST>" attacked "[Hard_Skill]_Funny*Apple<10><STEAM_0:4:1364633349><CT>" with "sg552" (damage "30") (damage_armor "0") (health "1") (armor "0")
L 03/22/2015 - 11:09:54: "ANGELuHA<33><STEAM_0:4:1436995333><TERRORIST>" attacked "[Hard_Skill]_Funny*Apple<10><STEAM_0:4:1364633349><CT>" with "sg552" (damage "30") (damage_armor "0") (health "-29") (armor "0")
L 03/22/2015 - 11:09:54: "ANGELuHA<33><STEAM_0:4:1436995333><TERRORIST>" killed "[Hard_Skill]_Funny*Apple<10><STEAM_0:4:1364633349><CT>" with "sg552"
L 03/22/2015 - 11:09:54: Team "TERRORIST" triggered "Terrorists_Win" (CT "16") (T "3")
L 03/22/2015 - 11:09:54: World triggered "Round_End"
L 03/22/2015 - 11:09:59: "[Hard_Skill]_Funny*Apple<10><STEAM_0:4:1364633349><CT>" say "ye yt rhscm gkbp" (dead)
L 03/22/2015 - 11:10:04: World triggered "Round_Start"
L 03/22/2015 - 11:10:25: "[Hard_Skill]_Funny*Apple<10><STEAM_0:4:1364633349><CT>" attacked "nExT --><40><STEAM_0:4:1627114757><TERRORIST>" with "ak47" (damage "34") (damage_armor "0") (health "66") (armor "0")
L 03/22/2015 - 11:10:25: "[Hard_Skill]_Funny*Apple<10><STEAM_0:4:1364633349><CT>" attacked "nExT --><40><STEAM_0:4:1627114757><TERRORIST>" with "ak47" (damage "34") (damage_armor "0") (health "32") (armor "0")
L 03/22/2015 - 11:10:26: "[Hard_Skill]_Funny*Apple<10><STEAM_0:4:1364633349><CT>" attacked "nExT --><40><STEAM_0:4:1627114757><TERRORIST>" with "ak47" (damage "25") (damage_armor "0") (health "7") (armor "0")
L 03/22/2015 - 11:10:26: "[Hard_Skill]_Funny*Apple<10><STEAM_0:4:1364633349><CT>" attacked "nExT --><40><STEAM_0:4:1627114757><TERRORIST>" with "ak47" (damage "25") (damage_armor "0") (health "-18") (armor "0")
L 03/22/2015 - 11:10:26: "[Hard_Skill]_Funny*Apple<10><STEAM_0:4:1364633349><CT>" killed "nExT --><40><STEAM_0:4:1627114757><TERRORIST>" with "ak47"
L 03/22/2015 - 11:10:38: "[Hard_Skill]_Funny*Apple<10><STEAM_0:4:1364633349><CT>" attacked "ANGELuHA<33><STEAM_0:4:1436995333><TERRORIST>" with "m4a1" (damage "10") (damage_armor "0") (health "70") (armor "89")
L 03/22/2015 - 11:10:38: "[Hard_Skill]_Funny*Apple<10><STEAM_0:4:1364633349><CT>" attacked "ANGELuHA<33><STEAM_0:4:1436995333><TERRORIST>" with "m4a1" (damage "10") (damage_armor "0") (health "60") (armor "89")
L 03/22/2015 - 11:10:38: "[Hard_Skill]_Funny*Apple<10><STEAM_0:4:1364633349><CT>" attacked "ANGELuHA<33><STEAM_0:4:1436995333><TERRORIST>" with "m4a1" (damage "10") (damage_armor "0") (health "50") (armor "89")
L 03/22/2015 - 11:10:43: "[Hard_Skill]_Funny*Apple<10><STEAM_0:4:1364633349><CT>" attacked "ANGELuHA<33><STEAM_0:4:1436995333><TERRORIST>" with "m4a1" (damage "21") (damage_armor "5") (health "29") (armor "84")
L 03/22/2015 - 11:10:43: "[Hard_Skill]_Funny*Apple<10><STEAM_0:4:1364633349><CT>" attacked "ANGELuHA<33><STEAM_0:4:1436995333><TERRORIST>" with "m4a1" (damage "21") (damage_armor "4") (health "8") (armor "80")
L 03/22/2015 - 11:10:43: "[Hard_Skill]_Funny*Apple<10><STEAM_0:4:1364633349><CT>" attacked "ANGELuHA<33><STEAM_0:4:1436995333><TERRORIST>" with "m4a1" (damage "22") (damage_armor "5") (health "-14") (armor "75")
L 03/22/2015 - 11:10:43: "[Hard_Skill]_Funny*Apple<10><STEAM_0:4:1364633349><CT>" killed "ANGELuHA<33><STEAM_0:4:1436995333><TERRORIST>" with "m4a1"
L 03/22/2015 - 11:10:43: Team "CT" triggered "CTs_Win" (CT "17") (T "3")
L 03/22/2015 - 11:10:43: World triggered "Round_End"
L 03/22/2015 - 11:10:53: World triggered "Round_Start"
L 03/22/2015 - 11:11:02: "ANGELuHA<33><STEAM_0:4:1436995333><TERRORIST>" attacked "[Hard_Skill]_Funny*Apple<10><STEAM_0:4:1364633349><CT>" with "awp" (damage "112") (damage_armor "0") (health "-12") (armor "0")
L 03/22/2015 - 11:11:02: "ANGELuHA<33><STEAM_0:4:1436995333><TERRORIST>" killed "[Hard_Skill]_Funny*Apple<10><STEAM_0:4:1364633349><CT>" with "awp"
L 03/22/2015 - 11:11:02: Team "TERRORIST" triggered "Terrorists_Win" (CT "17") (T "4")
L 03/22/2015 - 11:11:02: World triggered "Round_End"
L 03/22/2015 - 11:11:12: World triggered "Round_Start"
L 03/22/2015 - 11:11:13: "nExT --><40><STEAM_0:4:1627114757><TERRORIST>" attacked "[Hard_Skill]_Funny*Apple<10><STEAM_0:4:1364633349><CT>" with "m4a1" (damage "14") (damage_armor "0") (health "86") (armor "0")
L 03/22/2015 - 11:11:15: "nExT --><40><STEAM_0:4:1627114757><TERRORIST>" attacked "[Hard_Skill]_Funny*Apple<10><STEAM_0:4:1364633349><CT>" with "m4a1" (damage "14") (damage_armor "0") (health "72") (armor "0")
L 03/22/2015 - 11:11:27: "[Hard_Skill]_Funny*Apple<10><STEAM_0:4:1364633349><CT>" attacked "ANGELuHA<33><STEAM_0:4:1436995333><TERRORIST>" with "ak47" (damage "25") (damage_armor "0") (health "59") (armor "91")
L 03/22/2015 - 11:11:27: "[Hard_Skill]_Funny*Apple<10><STEAM_0:4:1364633349><CT>" killed "nExT --><40><STEAM_0:4:1627114757><TERRORIST>" with "grenade"
L 03/22/2015 - 11:11:30: "[Hard_Skill]_Funny*Apple<10><STEAM_0:4:1364633349><CT>" attacked "ANGELuHA<33><STEAM_0:4:1436995333><TERRORIST>" with "ak47" (damage "32") (damage_armor "5") (health "26") (armor "86")
L 03/22/2015 - 11:11:30: "[Hard_Skill]_Funny*Apple<10><STEAM_0:4:1364633349><CT>" attacked "ANGELuHA<33><STEAM_0:4:1436995333><TERRORIST>" with "ak47" (damage "26") (damage_armor "4") (health "0") (armor "82")
L 03/22/2015 - 11:11:30: "[Hard_Skill]_Funny*Apple<10><STEAM_0:4:1364633349><CT>" killed "ANGELuHA<33><STEAM_0:4:1436995333><TERRORIST>" with "ak47"
L 03/22/2015 - 11:11:30: Team "CT" triggered "CTs_Win" (CT "18") (T "4")
L 03/22/2015 - 11:11:30: World triggered "Round_End"
L 03/22/2015 - 11:11:40: World triggered "Round_Start"
L 03/22/2015 - 11:11:54: "[Hard_Skill]_Funny*Apple<10><STEAM_0:4:1364633349><CT>" attacked "nExT --><40><STEAM_0:4:1627114757><TERRORIST>" with "awp" (damage "452") (damage_armor "0") (health "-352") (armor "0")
L 03/22/2015 - 11:11:54: "[Hard_Skill]_Funny*Apple<10><STEAM_0:4:1364633349><CT>" killed "nExT --><40><STEAM_0:4:1627114757><TERRORIST>" with "awp"
L 03/22/2015 - 11:11:57: "[Hard_Skill]_Funny*Apple<10><STEAM_0:4:1364633349><CT>" attacked "ANGELuHA<33><STEAM_0:4:1436995333><TERRORIST>" with "awp" (damage "110") (damage_armor "2") (health "-10") (armor "98")
L 03/22/2015 - 11:11:57: "[Hard_Skill]_Funny*Apple<10><STEAM_0:4:1364633349><CT>" killed "ANGELuHA<33><STEAM_0:4:1436995333><TERRORIST>" with "awp"
L 03/22/2015 - 11:11:57: Team "CT" triggered "CTs_Win" (CT "19") (T "4")
L 03/22/2015 - 11:11:57: World triggered "Round_End"
L 03/22/2015 - 11:12:07: World triggered "Round_Start"
L 03/22/2015 - 11:12:12: "[Hard_Skill]_Funny*Apple<10><STEAM_0:4:1364633349><CT>" attacked "ANGELuHA<33><STEAM_0:4:1436995333><TERRORIST>" with "ak47" (damage "26") (damage_armor "0") (health "74") (armor "100")
L 03/22/2015 - 11:12:12: "[Hard_Skill]_Funny*Apple<10><STEAM_0:4:1364633349><CT>" attacked "ANGELuHA<33><STEAM_0:4:1436995333><TERRORIST>" with "ak47" (damage "27") (damage_armor "4") (health "47") (armor "96")
L 03/22/2015 - 11:12:12: "[Hard_Skill]_Funny*Apple<10><STEAM_0:4:1364633349><CT>" attacked "ANGELuHA<33><STEAM_0:4:1436995333><TERRORIST>" with "ak47" (damage "26") (damage_armor "0") (health "21") (armor "96")
L 03/22/2015 - 11:12:12: "[Hard_Skill]_Funny*Apple<10><STEAM_0:4:1364633349><CT>" attacked "ANGELuHA<33><STEAM_0:4:1436995333><TERRORIST>" with "ak47" (damage "26") (damage_armor "0") (health "-5") (armor "96")
L 03/22/2015 - 11:12:12: "[Hard_Skill]_Funny*Apple<10><STEAM_0:4:1364633349><CT>" killed "ANGELuHA<33><STEAM_0:4:1436995333><TERRORIST>" with "ak47"
L 03/22/2015 - 11:12:13: "[Hard_Skill]_Funny*Apple<10><STEAM_0:4:1364633349><CT>" attacked "nExT --><40><STEAM_0:4:1627114757><TERRORIST>" with "ak47" (damage "140") (damage_armor "0") (health "-40") (armor "0")
L 03/22/2015 - 11:12:13: "[Hard_Skill]_Funny*Apple<10><STEAM_0:4:1364633349><CT>" killed "nExT --><40><STEAM_0:4:1627114757><TERRORIST>" with "ak47"
L 03/22/2015 - 11:12:13: Team "CT" triggered "CTs_Win" (CT "20") (T "4")
L 03/22/2015 - 11:12:13: World triggered "Round_End"
L 03/22/2015 - 11:12:23: World triggered "Round_Start"
L 03/22/2015 - 11:12:30: "[Hard_Skill]_Funny*Apple<10><STEAM_0:4:1364633349><CT>" attacked "ANGELuHA<33><STEAM_0:4:1436995333><TERRORIST>" with "ak47" (damage "25") (damage_armor "0") (health "36") (armor "80")
L 03/22/2015 - 11:12:30: "ANGELuHA<33><STEAM_0:4:1436995333><TERRORIST>" attacked "[Hard_Skill]_Funny*Apple<10><STEAM_0:4:1364633349><CT>" with "m249" (damage "120") (damage_armor "0") (health "-20") (armor "0")
L 03/22/2015 - 11:12:30: "ANGELuHA<33><STEAM_0:4:1436995333><TERRORIST>" killed "[Hard_Skill]_Funny*Apple<10><STEAM_0:4:1364633349><CT>" with "m249"
L 03/22/2015 - 11:12:30: Team "TERRORIST" triggered "Terrorists_Win" (CT "20") (T "5")
L 03/22/2015 - 11:12:30: World triggered "Round_End"
L 03/22/2015 - 11:12:35: [DPROTO]: Client 2 - Set AuthIdType 3 [dp_RevEmu]; pClient = 0xb3986cf0
L 03/22/2015 - 11:12:35: "[Hard_Skill]_Extazy<41><STEAM_0:4:397277401><>" connected, address "10.19.7.134:27005"
L 03/22/2015 - 11:12:35: [VTC] Player 3 speex
L 03/22/2015 - 11:12:40: World triggered "Round_Start"
L 03/22/2015 - 11:12:45: "[Hard_Skill]_Extazy<41><STEAM_0:4:397277401><>" entered the game
L 03/22/2015 - 11:12:47: "[Hard_Skill]_Funny*Apple<10><STEAM_0:4:1364633349><CT>" attacked "nExT --><40><STEAM_0:4:1627114757><TERRORIST>" with "ak47" (damage "34") (damage_armor "0") (health "66") (armor "0")
L 03/22/2015 - 11:12:47: "[Hard_Skill]_Funny*Apple<10><STEAM_0:4:1364633349><CT>" attacked "nExT --><40><STEAM_0:4:1627114757><TERRORIST>" with "ak47" (damage "42") (damage_armor "0") (health "24") (armor "0")
L 03/22/2015 - 11:12:47: "[Hard_Skill]_Funny*Apple<10><STEAM_0:4:1364633349><CT>" attacked "nExT --><40><STEAM_0:4:1627114757><TERRORIST>" with "ak47" (damage "42") (damage_armor "0") (health "-18") (armor "0")
L 03/22/2015 - 11:12:47: "[Hard_Skill]_Funny*Apple<10><STEAM_0:4:1364633349><CT>" killed "nExT --><40><STEAM_0:4:1627114757><TERRORIST>" with "ak47"
L 03/22/2015 - 11:12:48: "ANGELuHA<33><STEAM_0:4:1436995333><TERRORIST>" attacked "[Hard_Skill]_Funny*Apple<10><STEAM_0:4:1364633349><CT>" with "m249" (damage "120") (damage_armor "0") (health "-20") (armor "0")
L 03/22/2015 - 11:12:48: "ANGELuHA<33><STEAM_0:4:1436995333><TERRORIST>" killed "[Hard_Skill]_Funny*Apple<10><STEAM_0:4:1364633349><CT>" with "m249"
L 03/22/2015 - 11:12:48: Team "TERRORIST" triggered "Terrorists_Win" (CT "20") (T "6")
L 03/22/2015 - 11:12:48: World triggered "Round_End"
L 03/22/2015 - 11:12:58: World triggered "Round_Start"
L 03/22/2015 - 11:13:05: "[Hard_Skill]_Extazy<41><STEAM_0:4:397277401><>" joined team "CT"
L 03/22/2015 - 11:13:06: "ANGELuHA<33><STEAM_0:4:1436995333><TERRORIST>" attacked "[Hard_Skill]_Funny*Apple<10><STEAM_0:4:1364633349><CT>" with "m249" (damage "30") (damage_armor "0") (health "49") (armor "0")
L 03/22/2015 - 11:13:06: "[Hard_Skill]_Funny*Apple<10><STEAM_0:4:1364633349><CT>" attacked "ANGELuHA<33><STEAM_0:4:1436995333><TERRORIST>" with "ak47" (damage "27") (damage_armor "4") (health "66") (armor "92")
L 03/22/2015 - 11:13:06: "[Hard_Skill]_Funny*Apple<10><STEAM_0:4:1364633349><CT>" attacked "ANGELuHA<33><STEAM_0:4:1436995333><TERRORIST>" with "ak47" (damage "26") (damage_armor "0") (health "40") (armor "92")
L 03/22/2015 - 11:13:07: "[Hard_Skill]_Funny*Apple<10><STEAM_0:4:1364633349><CT>" attacked "ANGELuHA<33><STEAM_0:4:1436995333><TERRORIST>" with "ak47" (damage "108") (damage_armor "16") (health "-68") (armor "76")
L 03/22/2015 - 11:13:07: "[Hard_Skill]_Funny*Apple<10><STEAM_0:4:1364633349><CT>" killed "ANGELuHA<33><STEAM_0:4:1436995333><TERRORIST>" with "ak47"
L 03/22/2015 - 11:13:10: "[Hard_Skill]_Funny*Apple<10><STEAM_0:4:1364633349><CT>" attacked "nExT --><40><STEAM_0:4:1627114757><TERRORIST>" with "ak47" (damage "35") (damage_armor "0") (health "38") (armor "0")
L 03/22/2015 - 11:13:10: "[Hard_Skill]_Funny*Apple<10><STEAM_0:4:1364633349><CT>" attacked "nExT --><40><STEAM_0:4:1627114757><TERRORIST>" with "ak47" (damage "140") (damage_armor "0") (health "-102") (armor "0")
L 03/22/2015 - 11:13:10: "[Hard_Skill]_Funny*Apple<10><STEAM_0:4:1364633349><CT>" killed "nExT --><40><STEAM_0:4:1627114757><TERRORIST>" with "ak47"
L 03/22/2015 - 11:13:10: Team "CT" triggered "CTs_Win" (CT "21") (T "6")
L 03/22/2015 - 11:13:10: World triggered "Round_End"
L 03/22/2015 - 11:13:20: World triggered "Round_Start"
L 03/22/2015 - 11:13:24: "[Hard_Skill]_Extazy<41><STEAM_0:4:397277401><CT>" attacked "nExT --><40><STEAM_0:4:1627114757><TERRORIST>" with "ak47" (damage "136") (damage_armor "0") (health "-36") (armor "0")
L 03/22/2015 - 11:13:24: "[Hard_Skill]_Extazy<41><STEAM_0:4:397277401><CT>" killed "nExT --><40><STEAM_0:4:1627114757><TERRORIST>" with "ak47"
L 03/22/2015 - 11:13:26: "[Hard_Skill]_Extazy<41><STEAM_0:4:397277401><CT>" attacked "ANGELuHA<33><STEAM_0:4:1436995333><TERRORIST>" with "ak47" (damage "105") (damage_armor "15") (health "-24") (armor "74")
L 03/22/2015 - 11:13:26: "[Hard_Skill]_Extazy<41><STEAM_0:4:397277401><CT>" killed "ANGELuHA<33><STEAM_0:4:1436995333><TERRORIST>" with "ak47"
L 03/22/2015 - 11:13:26: Team "CT" triggered "CTs_Win" (CT "22") (T "6")
L 03/22/2015 - 11:13:26: World triggered "Round_End"
L 03/22/2015 - 11:13:27: "nExT --><40><STEAM_0:4:1627114757><TERRORIST>" triggered "weaponstats" (weapon "grenade") (shots "5") (hits "2") (kills "0") (headshots "0") (tks "0") (damage "61") (deaths "0")
L 03/22/2015 - 11:13:27: "nExT --><40><STEAM_0:4:1627114757><TERRORIST>" triggered "weaponstats2" (weapon "grenade") (head "0") (chest "0") (stomach "0") (leftarm "0") (rightarm "0") (leftleg "0") (rightleg "0")
L 03/22/2015 - 11:13:27: "nExT --><40><STEAM_0:4:1627114757><TERRORIST>" triggered "weaponstats" (weapon "usp") (shots "1") (hits "0") (kills "0") (headshots "0") (tks "0") (damage "0") (deaths "0")
L 03/22/2015 - 11:13:27: "nExT --><40><STEAM_0:4:1627114757><TERRORIST>" triggered "weaponstats2" (weapon "usp") (head "0") (chest "0") (stomach "0") (leftarm "0") (rightarm "0") (leftleg "0") (rightleg "0")
L 03/22/2015 - 11:13:27: "nExT --><40><STEAM_0:4:1627114757><TERRORIST>" triggered "weaponstats" (weapon "awp") (shots "6") (hits "0") (kills "0") (headshots "0") (tks "0") (damage "0") (deaths "1")
L 03/22/2015 - 11:13:27: "nExT --><40><STEAM_0:4:1627114757><TERRORIST>" triggered "weaponstats2" (weapon "awp") (head "0") (chest "0") (stomach "0") (leftarm "0") (rightarm "0") (leftleg "0") (rightleg "0")
L 03/22/2015 - 11:13:27: "nExT --><40><STEAM_0:4:1627114757><TERRORIST>" triggered "weaponstats" (weapon "m4a1") (shots "39") (hits "2") (kills "0") (headshots "0") (tks "0") (damage "28") (deaths "2")
L 03/22/2015 - 11:13:27: "nExT --><40><STEAM_0:4:1627114757><TERRORIST>" triggered "weaponstats2" (weapon "m4a1") (head "0") (chest "0") (stomach "0") (leftarm "1") (rightarm "1") (leftleg "0") (rightleg "0")
L 03/22/2015 - 11:13:27: "nExT --><40><STEAM_0:4:1627114757><TERRORIST>" triggered "weaponstats" (weapon "ak47") (shots "24") (hits "0") (kills "0") (headshots "0") (tks "0") (damage "0") (deaths "2")
L 03/22/2015 - 11:13:27: "nExT --><40><STEAM_0:4:1627114757><TERRORIST>" triggered "weaponstats2" (weapon "ak47") (head "0") (chest "0") (stomach "0") (leftarm "0") (rightarm "0") (leftleg "0") (rightleg "0")
L 03/22/2015 - 11:13:27: "nExT --><40><STEAM_0:4:1627114757><TERRORIST>" triggered "weaponstats" (weapon "knife") (shots "1") (hits "0") (kills "0") (headshots "0") (tks "0") (damage "0") (deaths "0")
L 03/22/2015 - 11:13:27: "nExT --><40><STEAM_0:4:1627114757><TERRORIST>" triggered "weaponstats2" (weapon "knife") (head "0") (chest "0") (stomach "0") (leftarm "0") (rightarm "0") (leftleg "0") (rightleg "0")
L 03/22/2015 - 11:13:27: "nExT --><40><STEAM_0:4:1627114757><TERRORIST>" triggered "time" (time "4:39")
L 03/22/2015 - 11:13:27: "nExT --><40><STEAM_0:4:1627114757><TERRORIST>" triggered "latency" (ping "55")
L 03/22/2015 - 11:13:27: "nExT --><40><STEAM_0:4:1627114757><TERRORIST>" disconnected
L 03/22/2015 - 11:13:36: World triggered "Round_Start"
L 03/22/2015 - 11:13:41: "ANGELuHA<33><STEAM_0:4:1436995333><TERRORIST>" attacked "[Hard_Skill]_Funny*Apple<10><STEAM_0:4:1364633349><CT>" with "ak47" (damage "140") (damage_armor "0") (health "-40") (armor "0")
L 03/22/2015 - 11:13:41: "ANGELuHA<33><STEAM_0:4:1436995333><TERRORIST>" killed "[Hard_Skill]_Funny*Apple<10><STEAM_0:4:1364633349><CT>" with "ak47"
L 03/22/2015 - 11:14:00: "ANGELuHA<33><STEAM_0:4:1436995333><TERRORIST>" attacked "[Hard_Skill]_Extazy<41><STEAM_0:4:397277401><CT>" with "ak47" (damage "49") (damage_armor "8") (health "51") (armor "92")
L 03/22/2015 - 11:14:07: "[Hard_Skill]_Extazy<41><STEAM_0:4:397277401><CT>" attacked "ANGELuHA<33><STEAM_0:4:1436995333><TERRORIST>" with "awp" (damage "109") (damage_armor "1") (health "-24") (armor "91")
L 03/22/2015 - 11:14:07: "[Hard_Skill]_Extazy<41><STEAM_0:4:397277401><CT>" killed "ANGELuHA<33><STEAM_0:4:1436995333><TERRORIST>" with "awp"
L 03/22/2015 - 11:14:07: Team "CT" triggered "CTs_Win" (CT "23") (T "6")
L 03/22/2015 - 11:14:07: World triggered "Round_End"
L 03/22/2015 - 11:14:17: World triggered "Round_Start"
L 03/22/2015 - 11:14:23: "[Hard_Skill]_Funny*Apple<10><STEAM_0:4:1364633349><CT>" attacked "ANGELuHA<33><STEAM_0:4:1436995333><TERRORIST>" with "ak47" (damage "12") (damage_armor "0") (health "88") (armor "100")
L 03/22/2015 - 11:14:23: "[Hard_Skill]_Funny*Apple<10><STEAM_0:4:1364633349><CT>" attacked "ANGELuHA<33><STEAM_0:4:1436995333><TERRORIST>" with "ak47" (damage "12") (damage_armor "0") (health "76") (armor "100")
L 03/22/2015 - 11:14:23: "[Hard_Skill]_Funny*Apple<10><STEAM_0:4:1364633349><CT>" attacked "ANGELuHA<33><STEAM_0:4:1436995333><TERRORIST>" with "ak47" (damage "12") (damage_armor "0") (health "64") (armor "100")
L 03/22/2015 - 11:14:23: "ANGELuHA<33><STEAM_0:4:1436995333><TERRORIST>" attacked "[Hard_Skill]_Funny*Apple<10><STEAM_0:4:1364633349><CT>" with "m4a1" (damage "14") (damage_armor "0") (health "86") (armor "0")
L 03/22/2015 - 11:14:23: "[Hard_Skill]_Funny*Apple<10><STEAM_0:4:1364633349><CT>" attacked "ANGELuHA<33><STEAM_0:4:1436995333><TERRORIST>" with "ak47" (damage "12") (damage_armor "0") (health "18") (armor "82")
L 03/22/2015 - 11:14:23: "[Hard_Skill]_Funny*Apple<10><STEAM_0:4:1364633349><CT>" attacked "ANGELuHA<33><STEAM_0:4:1436995333><TERRORIST>" with "ak47" (damage "15") (damage_armor "2") (health "3") (armor "80")
L 03/22/2015 - 11:14:24: "[Hard_Skill]_Funny*Apple<10><STEAM_0:4:1364633349><CT>" attacked "ANGELuHA<33><STEAM_0:4:1436995333><TERRORIST>" with "ak47" (damage "12") (damage_armor "2") (health "-9") (armor "78")
L 03/22/2015 - 11:14:24: "[Hard_Skill]_Funny*Apple<10><STEAM_0:4:1364633349><CT>" killed "ANGELuHA<33><STEAM_0:4:1436995333><TERRORIST>" with "ak47"
L 03/22/2015 - 11:14:24: Team "CT" triggered "CTs_Win" (CT "24") (T "6")
L 03/22/2015 - 11:14:24: World triggered "Round_End"
L 03/22/2015 - 11:14:34: World triggered "Round_Start"
L 03/22/2015 - 11:14:38: "[Hard_Skill]_Funny*Apple<10><STEAM_0:4:1364633349><CT>" attacked "ANGELuHA<33><STEAM_0:4:1436995333><TERRORIST>" with "ak47" (damage "27") (damage_armor "4") (health "73") (armor "96")
L 03/22/2015 - 11:14:38: "ANGELuHA<33><STEAM_0:4:1436995333><TERRORIST>" attacked "[Hard_Skill]_Funny*Apple<10><STEAM_0:4:1364633349><CT>" with "m249" (damage "30") (damage_armor "0") (health "70") (armor "0")
L 03/22/2015 - 11:14:38: "ANGELuHA<33><STEAM_0:4:1436995333><TERRORIST>" attacked "[Hard_Skill]_Funny*Apple<10><STEAM_0:4:1364633349><CT>" with "m249" (damage "30") (damage_armor "0") (health "40") (armor "0")
L 03/22/2015 - 11:14:39: "[Hard_Skill]_Funny*Apple<10><STEAM_0:4:1364633349><CT>" attacked "ANGELuHA<33><STEAM_0:4:1436995333><TERRORIST>" with "ak47" (damage "27") (damage_armor "4") (health "46") (armor "92")
L 03/22/2015 - 11:14:41: "[Hard_Skill]_Funny*Apple<10><STEAM_0:4:1364633349><CT>" attacked "ANGELuHA<33><STEAM_0:4:1436995333><TERRORIST>" with "deagle" (damage "32") (damage_armor "6") (health "14") (armor "86")
L 03/22/2015 - 11:14:41: "[Hard_Skill]_Funny*Apple<10><STEAM_0:4:1364633349><CT>" attacked "ANGELuHA<33><STEAM_0:4:1436995333><TERRORIST>" with "deagle" (damage "32") (damage_armor "0") (health "-18") (armor "86")
L 03/22/2015 - 11:14:41: "[Hard_Skill]_Funny*Apple<10><STEAM_0:4:1364633349><CT>" killed "ANGELuHA<33><STEAM_0:4:1436995333><TERRORIST>" with "deagle"
L 03/22/2015 - 11:14:41: Team "CT" triggered "CTs_Win" (CT "25") (T "6")
L 03/22/2015 - 11:14:41: World triggered "Round_End"
L 03/22/2015 - 11:14:51: World triggered "Round_Start"
L 03/22/2015 - 11:14:54: "[Hard_Skill]_Funny*Apple<10><STEAM_0:4:1364633349><CT>" attacked "ANGELuHA<33><STEAM_0:4:1436995333><TERRORIST>" with "deagle" (damage "31") (damage_armor "5") (health "33") (armor "76")
L 03/22/2015 - 11:14:54: "[Hard_Skill]_Funny*Apple<10><STEAM_0:4:1364633349><CT>" attacked "ANGELuHA<33><STEAM_0:4:1436995333><TERRORIST>" with "deagle" (damage "15") (damage_armor "2") (health "18") (armor "74")
L 03/22/2015 - 11:14:54: "[Hard_Skill]_Funny*Apple<10><STEAM_0:4:1364633349><CT>" attacked "ANGELuHA<33><STEAM_0:4:1436995333><TERRORIST>" with "deagle" (damage "33") (damage_armor "6") (health "-15") (armor "68")
L 03/22/2015 - 11:14:54: "[Hard_Skill]_Funny*Apple<10><STEAM_0:4:1364633349><CT>" killed "ANGELuHA<33><STEAM_0:4:1436995333><TERRORIST>" with "deagle"
L 03/22/2015 - 11:14:54: Team "CT" triggered "CTs_Win" (CT "26") (T "6")
L 03/22/2015 - 11:14:54: World triggered "Round_End"
L 03/22/2015 - 11:15:04: World triggered "Round_Start"
L 03/22/2015 - 11:15:09: "[Hard_Skill]_Extazy<41><STEAM_0:4:397277401><CT>" committed suicide with "world"
L 03/22/2015 - 11:15:09: "[Hard_Skill]_Extazy<41><STEAM_0:4:397277401><CT>" joined team "TERRORIST"
L 03/22/2015 - 11:15:11: "[Hard_Skill]_Funny*Apple<10><STEAM_0:4:1364633349><CT>" attacked "ANGELuHA<33><STEAM_0:4:1436995333><TERRORIST>" with "ak47" (damage "26") (damage_armor "4") (health "74") (armor "96")
L 03/22/2015 - 11:15:11: "[Hard_Skill]_Funny*Apple<10><STEAM_0:4:1364633349><CT>" attacked "ANGELuHA<33><STEAM_0:4:1436995333><TERRORIST>" with "ak47" (damage "26") (damage_armor "4") (health "48") (armor "92")
L 03/22/2015 - 11:15:11: "ANGELuHA<33><STEAM_0:4:1436995333><TERRORIST>" attacked "[Hard_Skill]_Funny*Apple<10><STEAM_0:4:1364633349><CT>" with "m249" (damage "120") (damage_armor "0") (health "-20") (armor "0")
L 03/22/2015 - 11:15:11: "ANGELuHA<33><STEAM_0:4:1436995333><TERRORIST>" killed "[Hard_Skill]_Funny*Apple<10><STEAM_0:4:1364633349><CT>" with "m249"
L 03/22/2015 - 11:15:11: Team "TERRORIST" triggered "Terrorists_Win" (CT "26") (T "7")
L 03/22/2015 - 11:15:11: World triggered "Round_End"
L 03/22/2015 - 11:15:21: World triggered "Round_Start"
L 03/22/2015 - 11:15:29: "[Hard_Skill]_Funny*Apple<10><STEAM_0:4:1364633349><CT>" attacked "ANGELuHA<33><STEAM_0:4:1436995333><TERRORIST>" with "ak47" (damage "25") (damage_armor "0") (health "63") (armor "93")
L 03/22/2015 - 11:15:29: "ANGELuHA<33><STEAM_0:4:1436995333><TERRORIST>" attacked "[Hard_Skill]_Funny*Apple<10><STEAM_0:4:1364633349><CT>" with "m249" (damage "116") (damage_armor "0") (health "-16") (armor "0")
L 03/22/2015 - 11:15:29: "ANGELuHA<33><STEAM_0:4:1436995333><TERRORIST>" killed "[Hard_Skill]_Funny*Apple<10><STEAM_0:4:1364633349><CT>" with "m249"
L 03/22/2015 - 11:15:29: Team "TERRORIST" triggered "Terrorists_Win" (CT "26") (T "8")
L 03/22/2015 - 11:15:29: World triggered "Round_End"
L 03/22/2015 - 11:15:31: "[Hard_Skill]_Funny*Apple<10><STEAM_0:4:1364633349><CT>" joined team "SPECTATOR"
L 03/22/2015 - 11:15:39: World triggered "Round_Start"
L 03/22/2015 - 11:16:08: "[Hard_Skill]_Funny*Apple<10><STEAM_0:4:1364633349><SPECTATOR>" triggered "weaponstats" (weapon "grenade") (shots "74") (hits "46") (kills "4") (headshots "0") (tks "0") (damage "1200") (deaths "0")
L 03/22/2015 - 11:16:08: "[Hard_Skill]_Funny*Apple<10><STEAM_0:4:1364633349><SPECTATOR>" triggered "weaponstats2" (weapon "grenade") (head "0") (chest "0") (stomach "0") (leftarm "0") (rightarm "0") (leftleg "0") (rightleg "0")
L 03/22/2015 - 11:16:08: "[Hard_Skill]_Funny*Apple<10><STEAM_0:4:1364633349><SPECTATOR>" triggered "weaponstats" (weapon "awp") (shots "3") (hits "2") (kills "2") (headshots "1") (tks "0") (damage "562") (deaths "0")
L 03/22/2015 - 11:16:08: "[Hard_Skill]_Funny*Apple<10><STEAM_0:4:1364633349><SPECTATOR>" triggered "weaponstats2" (weapon "awp") (head "1") (chest "0") (stomach "0") (leftarm "1") (rightarm "0") (leftleg "0") (rightleg "0")
L 03/22/2015 - 11:16:08: "[Hard_Skill]_Funny*Apple<10><STEAM_0:4:1364633349><SPECTATOR>" triggered "weaponstats" (weapon "m4a1") (shots "23") (hits "8") (kills "2") (headshots "1") (tks "0") (damage "199") (deaths "0")
L 03/22/2015 - 11:16:08: "[Hard_Skill]_Funny*Apple<10><STEAM_0:4:1364633349><SPECTATOR>" triggered "weaponstats2" (weapon "m4a1") (head "1") (chest "0") (stomach "0") (leftarm "2") (rightarm "2") (leftleg "3") (rightleg "0")
L 03/22/2015 - 11:16:08: "[Hard_Skill]_Funny*Apple<10><STEAM_0:4:1364633349><SPECTATOR>" triggered "weaponstats" (weapon "deagle") (shots "14") (hits "8") (kills "5") (headshots "0") (tks "0") (damage "271") (deaths "0")
L 03/22/2015 - 11:16:08: "[Hard_Skill]_Funny*Apple<10><STEAM_0:4:1364633349><SPECTATOR>" triggered "weaponstats2" (weapon "deagle") (head "0") (chest "1") (stomach "1") (leftarm "3") (rightarm "2") (leftleg "1") (rightleg "0")
L 03/22/2015 - 11:16:08: "[Hard_Skill]_Funny*Apple<10><STEAM_0:4:1364633349><SPECTATOR>" triggered "weaponstats" (weapon "sg552") (shots "1") (hits "0") (kills "0") (headshots "0") (tks "0") (damage "0") (deaths "0")
L 03/22/2015 - 11:16:08: "[Hard_Skill]_Funny*Apple<10><STEAM_0:4:1364633349><SPECTATOR>" triggered "weaponstats2" (weapon "sg552") (head "0") (chest "0") (stomach "0") (leftarm "0") (rightarm "0") (leftleg "0") (rightleg "0")
L 03/22/2015 - 11:16:08: "[Hard_Skill]_Funny*Apple<10><STEAM_0:4:1364633349><SPECTATOR>" triggered "weaponstats" (weapon "ak47") (shots "276") (hits "89") (kills "25") (headshots "5") (tks "0") (damage "2877") (deaths "9")
L 03/22/2015 - 11:16:08: "[Hard_Skill]_Funny*Apple<10><STEAM_0:4:1364633349><SPECTATOR>" triggered "weaponstats2" (weapon "ak47") (head "6") (chest "13") (stomach "10") (leftarm "27") (rightarm "6") (leftleg "19") (rightleg "8")
L 03/22/2015 - 11:16:08: "[Hard_Skill]_Funny*Apple<10><STEAM_0:4:1364633349><SPECTATOR>" triggered "weaponstats" (weapon "knife") (shots "13") (hits "0") (kills "0") (headshots "0") (tks "0") (damage "0") (deaths "0")
L 03/22/2015 - 11:16:08: "[Hard_Skill]_Funny*Apple<10><STEAM_0:4:1364633349><SPECTATOR>" triggered "weaponstats2" (weapon "knife") (head "0") (chest "0") (stomach "0") (leftarm "0") (rightarm "0") (leftleg "0") (rightleg "0")
L 03/22/2015 - 11:16:08: "[Hard_Skill]_Funny*Apple<10><STEAM_0:4:1364633349><SPECTATOR>" triggered "time" (time "14:07")
L 03/22/2015 - 11:16:08: "[Hard_Skill]_Funny*Apple<10><STEAM_0:4:1364633349><SPECTATOR>" triggered "latency" (ping "16")
L 03/22/2015 - 11:16:08: "[Hard_Skill]_Extazy<41><STEAM_0:4:397277401><TERRORIST>" triggered "weaponstats" (weapon "awp") (shots "3") (hits "1") (kills "1") (headshots "0") (tks "0") (damage "109") (deaths "0")
L 03/22/2015 - 11:16:08: "[Hard_Skill]_Extazy<41><STEAM_0:4:397277401><TERRORIST>" triggered "weaponstats2" (weapon "awp") (head "0") (chest "1") (stomach "0") (leftarm "0") (rightarm "0") (leftleg "0") (rightleg "0")
L 03/22/2015 - 11:16:08: "[Hard_Skill]_Extazy<41><STEAM_0:4:397277401><TERRORIST>" triggered "weaponstats" (weapon "deagle") (shots "3") (hits "0") (kills "0") (headshots "0") (tks "0") (damage "0") (deaths "0")
L 03/22/2015 - 11:16:08: "[Hard_Skill]_Extazy<41><STEAM_0:4:397277401><TERRORIST>" triggered "weaponstats2" (weapon "deagle") (head "0") (chest "0") (stomach "0") (leftarm "0") (rightarm "0") (leftleg "0") (rightleg "0")
L 03/22/2015 - 11:16:08: "[Hard_Skill]_Extazy<41><STEAM_0:4:397277401><TERRORIST>" triggered "weaponstats" (weapon "ak47") (shots "7") (hits "2") (kills "2") (headshots "2") (tks "0") (damage "241") (deaths "0")
L 03/22/2015 - 11:16:08: "[Hard_Skill]_Extazy<41><STEAM_0:4:397277401><TERRORIST>" triggered "weaponstats2" (weapon "ak47") (head "2") (chest "0") (stomach "0") (leftarm "0") (rightarm "0") (leftleg "0") (rightleg "0")
L 03/22/2015 - 11:16:08: "[Hard_Skill]_Extazy<41><STEAM_0:4:397277401><TERRORIST>" triggered "time" (time "3:22")
L 03/22/2015 - 11:16:08: "[Hard_Skill]_Extazy<41><STEAM_0:4:397277401><TERRORIST>" triggered "latency" (ping "3")
L 03/22/2015 - 11:16:08: "ANGELuHA<33><STEAM_0:4:1436995333><TERRORIST>" triggered "weaponstats" (weapon "grenade") (shots "14") (hits "3") (kills "0") (headshots "0") (tks "0") (damage "116") (deaths "1")
L 03/22/2015 - 11:16:08: "ANGELuHA<33><STEAM_0:4:1436995333><TERRORIST>" triggered "weaponstats2" (weapon "grenade") (head "0") (chest "0") (stomach "0") (leftarm "0") (rightarm "0") (leftleg "0") (rightleg "0")
L 03/22/2015 - 11:16:08: "ANGELuHA<33><STEAM_0:4:1436995333><TERRORIST>" triggered "weaponstats" (weapon "usp") (shots "1") (hits "0") (kills "0") (headshots "0") (tks "0") (damage "0") (deaths "0")
L 03/22/2015 - 11:16:08: "ANGELuHA<33><STEAM_0:4:1436995333><TERRORIST>" triggered "weaponstats2" (weapon "usp") (head "0") (chest "0") (stomach "0") (leftarm "0") (rightarm "0") (leftleg "0") (rightleg "0")
L 03/22/2015 - 11:16:08: "ANGELuHA<33><STEAM_0:4:1436995333><TERRORIST>" triggered "weaponstats" (weapon "awp") (shots "3") (hits "1") (kills "1") (headshots "0") (tks "0") (damage "112") (deaths "2")
L 03/22/2015 - 11:16:08: "ANGELuHA<33><STEAM_0:4:1436995333><TERRORIST>" triggered "weaponstats2" (weapon "awp") (head "0") (chest "0") (stomach "0") (leftarm "0") (rightarm "1") (leftleg "0") (rightleg "0")
L 03/22/2015 - 11:16:08: "ANGELuHA<33><STEAM_0:4:1436995333><TERRORIST>" triggered "weaponstats" (weapon "mp5navy") (shots "28") (hits "5") (kills "0") (headshots "0") (tks "0") (damage "102") (deaths "4")
L 03/22/2015 - 11:16:08: "ANGELuHA<33><STEAM_0:4:1436995333><TERRORIST>" triggered "weaponstats2" (weapon "mp5navy") (head "0") (chest "2") (stomach "1") (leftarm "2") (rightarm "0") (leftleg "0") (rightleg "0")
L 03/22/2015 - 11:16:08: "ANGELuHA<33><STEAM_0:4:1436995333><TERRORIST>" triggered "weaponstats" (weapon "m249") (shots "108") (hits "17") (kills "7") (headshots "7") (tks "0") (damage "1137") (deaths "6")
L 03/22/2015 - 11:16:08: "ANGELuHA<33><STEAM_0:4:1436995333><TERRORIST>" triggered "weaponstats2" (weapon "m249") (head "7") (chest "3") (stomach "0") (leftarm "5") (rightarm "1") (leftleg "0") (rightleg "1")
L 03/22/2015 - 11:16:08: "ANGELuHA<33><STEAM_0:4:1436995333><TERRORIST>" triggered "weaponstats" (weapon "m4a1") (shots "32") (hits "4") (kills "0") (headshots "0") (tks "0") (damage "108") (deaths "5")
L 03/22/2015 - 11:16:08: "ANGELuHA<33><STEAM_0:4:1436995333><TERRORIST>" triggered "weaponstats2" (weapon "m4a1") (head "0") (chest "0") (stomach "0") (leftarm "2") (rightarm "2") (leftleg "0") (rightleg "0")
L 03/22/2015 - 11:16:08: "ANGELuHA<33><STEAM_0:4:1436995333><TERRORIST>" triggered "weaponstats" (weapon "deagle") (shots "3") (hits "0") (kills "0") (headshots "0") (tks "0") (damage "0") (deaths "1")
L 03/22/2015 - 11:16:08: "ANGELuHA<33><STEAM_0:4:1436995333><TERRORIST>" triggered "weaponstats2" (weapon "deagle") (head "0") (chest "0") (stomach "0") (leftarm "0") (rightarm "0") (leftleg "0") (rightleg "0")
L 03/22/2015 - 11:16:08: "ANGELuHA<33><STEAM_0:4:1436995333><TERRORIST>" triggered "weaponstats" (weapon "sg552") (shots "40") (hits "3") (kills "2") (headshots "1") (tks "0") (damage "180") (deaths "2")
L 03/22/2015 - 11:16:08: "ANGELuHA<33><STEAM_0:4:1436995333><TERRORIST>" triggered "weaponstats2" (weapon "sg552") (head "1") (chest "1") (stomach "0") (leftarm "1") (rightarm "0") (leftleg "0") (rightleg "0")
L 03/22/2015 - 11:16:08: "ANGELuHA<33><STEAM_0:4:1436995333><TERRORIST>" triggered "weaponstats" (weapon "ak47") (shots "52") (hits "3") (kills "1") (headshots "1") (tks "0") (damage "224") (deaths "5")
L 03/22/2015 - 11:16:08: "ANGELuHA<33><STEAM_0:4:1436995333><TERRORIST>" triggered "weaponstats2" (weapon "ak47") (head "2") (chest "0") (stomach "0") (leftarm "1") (rightarm "0") (leftleg "0") (rightleg "0")
L 03/22/2015 - 11:16:08: "ANGELuHA<33><STEAM_0:4:1436995333><TERRORIST>" triggered "time" (time "14:01")
L 03/22/2015 - 11:16:08: "ANGELuHA<33><STEAM_0:4:1436995333><TERRORIST>" triggered "latency" (ping "26")
L 03/22/2015 - 11:16:08: [META] ini: Begin re-reading plugins list: /home/extazy/Public/cstrike/addons/metamod/plugins.ini
L 03/22/2015 - 11:16:08: [META] ini: Read plugin config for: AMX Mod X
L 03/22/2015 - 11:16:08: [META] ini: Read plugin config for: dproto_EF
L 03/22/2015 - 11:16:08: [META] ini: Read plugin config for: VoiceTranscoder
L 03/22/2015 - 11:16:08: [META] ini: Finished reading plugins list: /home/extazy/Public/cstrike/addons/metamod/plugins.ini; Found 3 plugins
L 03/22/2015 - 11:16:08: [META] dll: Updating plugins...
L 03/22/2015 - 11:16:08: [META] dll: Finished updating 12 plugins; kept 3, loaded 0, unloaded 0, reloaded 0, delayed 0
L 03/22/2015 - 11:16:08: "[Hard_Skill]_Funny*Apple<10><STEAM_0:4:1364633349><SPECTATOR>" disconnected
L 03/22/2015 - 11:16:08: "[Hard_Skill]_Extazy<41><STEAM_0:4:397277401><TERRORIST>" disconnected
L 03/22/2015 - 11:16:08: "ANGELuHA<33><STEAM_0:4:1436995333><TERRORIST>" disconnected
L 03/22/2015 - 11:16:08: World triggered "Round_Draw" (CT "26") (T "8")
L 03/22/2015 - 11:16:08: World triggered "Round_End"
L 03/22/2015 - 11:16:08: Log file closed
