L 03/24/2015 - 14:38:13: Log file started (file "logs/L0324053.log") (game "cstrike") (version "48/1.6.3.7/Stdio/5787")
L 03/24/2015 - 14:38:13: Loading map "35hp_2"
L 03/24/2015 - 14:38:13: Server cvars start
L 03/24/2015 - 14:38:13: Server cvar "_tutor_bomb_viewable_check_interval" = "0.5"
L 03/24/2015 - 14:38:13: Server cvar "_tutor_debug_level" = "0"
L 03/24/2015 - 14:38:13: Server cvar "_tutor_examine_time" = "0.5"
L 03/24/2015 - 14:38:13: Server cvar "_tutor_hint_interval_time" = "10.0"
L 03/24/2015 - 14:38:13: Server cvar "_tutor_look_angle" = "10"
L 03/24/2015 - 14:38:13: Server cvar "_tutor_look_distance" = "200"
L 03/24/2015 - 14:38:13: Server cvar "_tutor_message_character_display_time_coefficient" = "0.07"
L 03/24/2015 - 14:38:13: Server cvar "_tutor_message_minimum_display_time" = "1"
L 03/24/2015 - 14:38:13: Server cvar "_tutor_message_repeats" = "5"
L 03/24/2015 - 14:38:13: Server cvar "_tutor_view_distance" = "1000"
L 03/24/2015 - 14:38:13: Server cvar "aesp_version" = "1.5b_mini"
L 03/24/2015 - 14:38:13: Server cvar "allow_spectators" = "4"
L 03/24/2015 - 14:38:13: Server cvar "amx_client_languages" = "0"
L 03/24/2015 - 14:38:13: Server cvar "amx_contactinfo" = "ICQ: 691322983"
L 03/24/2015 - 14:38:13: Server cvar "amx_language" = "ru"
L 03/24/2015 - 14:38:13: Server cvar "amx_nextmap" = "35hp_2"
L 03/24/2015 - 14:38:13: Server cvar "amx_timeleft" = "00:00"
L 03/24/2015 - 14:38:13: Server cvar "amxbans_ssversion" = "Gm 1.6"
L 03/24/2015 - 14:38:13: Server cvar "amxbans_version" = "Gm 1.6"
L 03/24/2015 - 14:38:13: Server cvar "amxmodx_version" = "1.8.1.3746"
L 03/24/2015 - 14:38:13: Server cvar "Colored Translit Cheat" = "Loaded"
L 03/24/2015 - 14:38:13: Server cvar "Colored Translit Config" = "Loaded"
L 03/24/2015 - 14:38:13: Server cvar "Colored Translit Ignores" = "Loaded"
L 03/24/2015 - 14:38:13: Server cvar "Colored Translit Replace" = "Failed"
L 03/24/2015 - 14:38:13: Server cvar "Colored Translit Spam" = "Loaded"
L 03/24/2015 - 14:38:13: Server cvar "Colored Translit Status" = "Loaded"
L 03/24/2015 - 14:38:13: Server cvar "Colored Translit Swear" = "Loaded"
L 03/24/2015 - 14:38:13: Server cvar "Colored Translit Version" = "2.0b Final"
L 03/24/2015 - 14:38:13: Server cvar "coop" = "0"
L 03/24/2015 - 14:38:13: Server cvar "deathmatch" = "1"
L 03/24/2015 - 14:38:13: Server cvar "decalfrequency" = "9"
L 03/24/2015 - 14:38:13: Server cvar "dp_version" = "0.9.391"
L 03/24/2015 - 14:38:13: Server cvar "edgefriction" = "2"
L 03/24/2015 - 14:38:13: Server cvar "hostage_debug" = "0"
L 03/24/2015 - 14:38:13: Server cvar "hostage_stop" = "0"
L 03/24/2015 - 14:38:13: Server cvar "humans_join_team" = "any"
L 03/24/2015 - 14:38:13: Server cvar "jtp10181" = "chute"
L 03/24/2015 - 14:38:13: Server cvar "max_queries_sec" = "3.0"
L 03/24/2015 - 14:38:13: Server cvar "max_queries_sec_global" = "30"
L 03/24/2015 - 14:38:13: Server cvar "max_queries_window" = "60"
L 03/24/2015 - 14:38:13: Server cvar "metamod_version" = "1.19"
L 03/24/2015 - 14:38:13: Server cvar "mp_allowmonsters" = "0"
L 03/24/2015 - 14:38:13: Server cvar "mp_autokick" = "1"
L 03/24/2015 - 14:38:13: Server cvar "mp_autoteambalance" = "1"
L 03/24/2015 - 14:38:13: Server cvar "mp_buytime" = "1.5"
L 03/24/2015 - 14:38:13: Server cvar "mp_c4timer" = "35"
L 03/24/2015 - 14:38:13: Server cvar "mp_chattime" = "1"
L 03/24/2015 - 14:38:13: Server cvar "mp_consistency" = "1"
L 03/24/2015 - 14:38:13: Server cvar "mp_fadetoblack" = "0"
L 03/24/2015 - 14:38:13: Server cvar "mp_flashlight" = "1"
L 03/24/2015 - 14:38:13: Server cvar "mp_footsteps" = "1"
L 03/24/2015 - 14:38:13: Server cvar "mp_forcecamera" = "0"
L 03/24/2015 - 14:38:13: Server cvar "mp_forcechasecam" = "0"
L 03/24/2015 - 14:38:13: Server cvar "mp_fragsleft" = "0"
L 03/24/2015 - 14:38:13: Server cvar "mp_freezetime" = "5"
L 03/24/2015 - 14:38:13: Server cvar "mp_friendlyfire" = "0"
L 03/24/2015 - 14:38:13: Server cvar "mp_ghostfrequency" = "0.1"
L 03/24/2015 - 14:38:13: Server cvar "mp_hostagepenalty" = "0"
L 03/24/2015 - 14:38:13: Server cvar "mp_kickpercent" = "0.66"
L 03/24/2015 - 14:38:13: Server cvar "mp_limitteams" = "5"
L 03/24/2015 - 14:38:13: Server cvar "mp_logdetail" = "3"
L 03/24/2015 - 14:38:13: Server cvar "mp_logfile" = "1"
L 03/24/2015 - 14:38:13: Server cvar "mp_logmessages" = "1"
L 03/24/2015 - 14:38:13: Server cvar "mp_mapvoteratio" = "0.66"
L 03/24/2015 - 14:38:13: Server cvar "mp_maxrounds" = "0"
L 03/24/2015 - 14:38:13: Server cvar "mp_mirrordamage" = "0"
L 03/24/2015 - 14:38:13: Server cvar "mp_playerid" = "0"
L 03/24/2015 - 14:38:13: Server cvar "mp_roundtime" = "2.57"
L 03/24/2015 - 14:38:13: Server cvar "mp_startmoney" = "800"
L 03/24/2015 - 14:38:13: Server cvar "mp_timeleft" = "0"
L 03/24/2015 - 14:38:13: Server cvar "mp_timelimit" = "30.000000"
L 03/24/2015 - 14:38:13: Server cvar "mp_tkpunish" = "1"
L 03/24/2015 - 14:38:13: Server cvar "mp_windifference" = "1"
L 03/24/2015 - 14:38:13: Server cvar "mp_winlimit" = "0"
L 03/24/2015 - 14:38:13: Server cvar "pausable" = "0"
L 03/24/2015 - 14:38:13: Server cvar "sv_accelerate" = "5"
L 03/24/2015 - 14:38:13: Server cvar "sv_aim" = "0"
L 03/24/2015 - 14:38:13: Server cvar "sv_airaccelerate" = "10"
L 03/24/2015 - 14:38:13: Server cvar "sv_airmove" = "1"
L 03/24/2015 - 14:38:13: Server cvar "sv_allowupload" = "1"
L 03/24/2015 - 14:38:13: Server cvar "sv_alltalk" = "0"
L 03/24/2015 - 14:38:13: Server cvar "sv_bounce" = "1"
L 03/24/2015 - 14:38:13: Server cvar "sv_cheats" = "0"
L 03/24/2015 - 14:38:13: Server cvar "sv_clienttrace" = "1"
L 03/24/2015 - 14:38:13: Server cvar "sv_clipmode" = "0"
L 03/24/2015 - 14:38:13: Server cvar "sv_contact" = ""
L 03/24/2015 - 14:38:13: Server cvar "sv_friction" = "4"
L 03/24/2015 - 14:38:13: Server cvar "sv_gravity" = "800"
L 03/24/2015 - 14:38:13: Server cvar "sv_logblocks" = "0"
L 03/24/2015 - 14:38:13: Server cvar "sv_maxrate" = "50000"
L 03/24/2015 - 14:38:13: Server cvar "sv_maxspeed" = "900"
L 03/24/2015 - 14:38:13: Server cvar "sv_minrate" = "100000"
L 03/24/2015 - 14:38:13: Server cvar "sv_password" = ""
L 03/24/2015 - 14:38:13: Server cvar "sv_proxies" = "0"
L 03/24/2015 - 14:38:13: Server cvar "sv_region" = "255"
L 03/24/2015 - 14:38:13: Server cvar "sv_restart" = "0"
L 03/24/2015 - 14:38:13: Server cvar "sv_restartround" = "0"
L 03/24/2015 - 14:38:13: Server cvar "sv_stepsize" = "18"
L 03/24/2015 - 14:38:13: Server cvar "sv_stopspeed" = "75"
L 03/24/2015 - 14:38:13: Server cvar "sv_uploadmax" = "0.5"
L 03/24/2015 - 14:38:13: Server cvar "sv_voiceenable" = "1"
L 03/24/2015 - 14:38:13: Server cvar "sv_wateraccelerate" = "10"
L 03/24/2015 - 14:38:13: Server cvar "sv_waterfriction" = "1"
L 03/24/2015 - 14:38:13: Server cvar "travo_statmarquee" = "v1.2"
L 03/24/2015 - 14:38:13: Server cvar "ultimate_sounds" = "1.7"
L 03/24/2015 - 14:38:13: Server cvar "vtc_version" = "80"
L 03/24/2015 - 14:38:13: Server cvar "whb_version" = "1.5.530"
L 03/24/2015 - 14:38:13: Server cvars end
L 03/24/2015 - 14:38:13: Server cvar "amx_nextmap" = "awp_india"
L 03/24/2015 - 14:38:13: Server cvar "sv_restart" = "1"
L 03/24/2015 - 14:38:14: World triggered "Restart_Round_(1_second)"
L 03/24/2015 - 14:38:14: Team "CT" scored "0" with "0" players
L 03/24/2015 - 14:38:14: Team "TERRORIST" scored "0" with "0" players
L 03/24/2015 - 14:38:14: Server cvar "sv_restart" = "0"
L 03/24/2015 - 14:38:14: Started map "35hp_2" (CRC "-364611601")
L 03/24/2015 - 14:38:14: [VTC] Player 7 speex
L 03/24/2015 - 14:38:14: [VTC] Player 2 speex
L 03/24/2015 - 14:38:16: "[Easy_Skill]_Faza#1<68><STEAM_0:0:969824236><>" entered the game
L 03/24/2015 - 14:38:18: "[Easy_Skill]_Faza#1<68><STEAM_0:0:969824236><>" joined team "TERRORIST"
L 03/24/2015 - 14:38:18: "[Easy_Skill]_LoL#3<65><STEAM_0:4:1537134213><>" entered the game
L 03/24/2015 - 14:38:19: World triggered "Round_Start"
L 03/24/2015 - 14:38:23: "[Easy_Skill]_LoL#3<65><STEAM_0:4:1537134213><>" joined team "CT"
L 03/24/2015 - 14:38:23: World triggered "Game_Commencing"
L 03/24/2015 - 14:38:23: World triggered "Game_Commencing" (CT "0") (T "0")
L 03/24/2015 - 14:38:23: World triggered "Round_End"
L 03/24/2015 - 14:38:28: "[Easy_Skill]_Faza#1<68><STEAM_0:0:969824236><TERRORIST>" committed suicide with "game_player_hurt" (world)
L 03/24/2015 - 14:38:28: Team "CT" triggered "CTs_Win" (CT "1") (T "0")
L 03/24/2015 - 14:38:28: World triggered "Round_End"
L 03/24/2015 - 14:38:31: World triggered "Round_Start"
L 03/24/2015 - 14:38:35: [DPROTO]: Client 0 - Set AuthIdType 3 [dp_RevEmu]; pClient = 0xb3980f08
L 03/24/2015 - 14:38:35: "_(DeatH EateR)_NagatO*<69><STEAM_0:4:1247542390><>" connected, address "85.26.235.61:45699"
L 03/24/2015 - 14:38:37: [VTC] Player 1 speex
L 03/24/2015 - 14:38:38: World triggered "Round_Start"
L 03/24/2015 - 14:38:44: "[Easy_Skill]_Faza#1<68><STEAM_0:0:969824236><TERRORIST>" attacked "[Easy_Skill]_LoL#3<65><STEAM_0:4:1537134213><CT>" with "knife" (damage "65") (damage_armor "0") (health "-30") (armor "0")
L 03/24/2015 - 14:38:44: "[Easy_Skill]_Faza#1<68><STEAM_0:0:969824236><TERRORIST>" killed "[Easy_Skill]_LoL#3<65><STEAM_0:4:1537134213><CT>" with "knife"
L 03/24/2015 - 14:38:44: Team "TERRORIST" triggered "Terrorists_Win" (CT "1") (T "1")
L 03/24/2015 - 14:38:44: World triggered "Round_End"
L 03/24/2015 - 14:38:54: World triggered "Round_Start"
L 03/24/2015 - 14:39:00: [DPROTO]: Client 0 - Set AuthIdType 3 [dp_RevEmu]; pClient = 0xb3980f08
L 03/24/2015 - 14:39:00: "_(DeatH EateR)_NagatO*<70><STEAM_0:4:1247542390><>" connected, address "85.26.235.61:45699"
L 03/24/2015 - 14:39:00: "[Easy_Skill]_Faza#1<68><STEAM_0:0:969824236><TERRORIST>" attacked "[Easy_Skill]_LoL#3<65><STEAM_0:4:1537134213><CT>" with "knife" (damage "15") (damage_armor "0") (health "20") (armor "0")
L 03/24/2015 - 14:39:00: [VTC] Player 1 speex
L 03/24/2015 - 14:39:00: "[Easy_Skill]_Faza#1<68><STEAM_0:0:969824236><TERRORIST>" attacked "[Easy_Skill]_LoL#3<65><STEAM_0:4:1537134213><CT>" with "knife" (damage "15") (damage_armor "0") (health "5") (armor "0")
L 03/24/2015 - 14:39:01: "[Easy_Skill]_Faza#1<68><STEAM_0:0:969824236><TERRORIST>" attacked "[Easy_Skill]_LoL#3<65><STEAM_0:4:1537134213><CT>" with "knife" (damage "15") (damage_armor "0") (health "-10") (armor "0")
L 03/24/2015 - 14:39:01: "[Easy_Skill]_Faza#1<68><STEAM_0:0:969824236><TERRORIST>" killed "[Easy_Skill]_LoL#3<65><STEAM_0:4:1537134213><CT>" with "knife"
L 03/24/2015 - 14:39:01: Team "TERRORIST" triggered "Terrorists_Win" (CT "1") (T "2")
L 03/24/2015 - 14:39:01: World triggered "Round_End"
L 03/24/2015 - 14:39:06: "_(DeatH EateR)_NagatO*<70><STEAM_0:4:1247542390><>" entered the game
L 03/24/2015 - 14:39:08: "[Easy_Skill]_Faza#1<68><STEAM_0:0:969824236><TERRORIST>" committed suicide with "game_player_hurt" (world)
L 03/24/2015 - 14:39:08: Team "CT" triggered "CTs_Win" (CT "2") (T "2")
L 03/24/2015 - 14:39:08: World triggered "Round_End"
L 03/24/2015 - 14:39:10: "_(DeatH EateR)_NagatO*<70><STEAM_0:4:1247542390><>" joined team "TERRORIST"
L 03/24/2015 - 14:39:11: World triggered "Round_Start"
L 03/24/2015 - 14:39:18: World triggered "Round_Start"
L 03/24/2015 - 14:39:23: "[Easy_Skill]_Faza#1<68><STEAM_0:0:969824236><TERRORIST>" attacked "[Easy_Skill]_LoL#3<65><STEAM_0:4:1537134213><CT>" with "knife" (damage "260") (damage_armor "0") (health "-225") (armor "0")
L 03/24/2015 - 14:39:23: "[Easy_Skill]_Faza#1<68><STEAM_0:0:969824236><TERRORIST>" killed "[Easy_Skill]_LoL#3<65><STEAM_0:4:1537134213><CT>" with "knife"
L 03/24/2015 - 14:39:23: Team "TERRORIST" triggered "Terrorists_Win" (CT "2") (T "3")
L 03/24/2015 - 14:39:23: World triggered "Round_End"
L 03/24/2015 - 14:39:33: World triggered "Round_Start"
L 03/24/2015 - 14:39:41: "[Easy_Skill]_LoL#3<65><STEAM_0:4:1537134213><CT>" attacked "_(DeatH EateR)_NagatO*<70><STEAM_0:4:1247542390><TERRORIST>" with "knife" (damage "260") (damage_armor "0") (health "-225") (armor "0")
L 03/24/2015 - 14:39:41: "[Easy_Skill]_LoL#3<65><STEAM_0:4:1537134213><CT>" killed "_(DeatH EateR)_NagatO*<70><STEAM_0:4:1247542390><TERRORIST>" with "knife"
L 03/24/2015 - 14:39:48: "[Easy_Skill]_Faza#1<68><STEAM_0:0:969824236><TERRORIST>" attacked "[Easy_Skill]_LoL#3<65><STEAM_0:4:1537134213><CT>" with "knife" (damage "65") (damage_armor "0") (health "-60") (armor "0")
L 03/24/2015 - 14:39:48: "[Easy_Skill]_Faza#1<68><STEAM_0:0:969824236><TERRORIST>" killed "[Easy_Skill]_LoL#3<65><STEAM_0:4:1537134213><CT>" with "knife"
L 03/24/2015 - 14:39:48: Team "TERRORIST" triggered "Terrorists_Win" (CT "2") (T "4")
L 03/24/2015 - 14:39:48: World triggered "Round_End"
L 03/24/2015 - 14:39:58: World triggered "Round_Start"
L 03/24/2015 - 14:40:15: "_(DeatH EateR)_NagatO*<70><STEAM_0:4:1247542390><TERRORIST>" attacked "[Easy_Skill]_LoL#3<65><STEAM_0:4:1537134213><CT>" with "knife" (damage "15") (damage_armor "0") (health "20") (armor "0")
L 03/24/2015 - 14:40:16: "_(DeatH EateR)_NagatO*<70><STEAM_0:4:1247542390><TERRORIST>" attacked "[Easy_Skill]_LoL#3<65><STEAM_0:4:1537134213><CT>" with "knife" (damage "15") (damage_armor "0") (health "5") (armor "0")
L 03/24/2015 - 14:40:16: "_(DeatH EateR)_NagatO*<70><STEAM_0:4:1247542390><TERRORIST>" attacked "[Easy_Skill]_LoL#3<65><STEAM_0:4:1537134213><CT>" with "knife" (damage "15") (damage_armor "0") (health "-10") (armor "0")
L 03/24/2015 - 14:40:16: "_(DeatH EateR)_NagatO*<70><STEAM_0:4:1247542390><TERRORIST>" killed "[Easy_Skill]_LoL#3<65><STEAM_0:4:1537134213><CT>" with "knife"
L 03/24/2015 - 14:40:16: Team "TERRORIST" triggered "Terrorists_Win" (CT "2") (T "5")
L 03/24/2015 - 14:40:16: World triggered "Round_End"
L 03/24/2015 - 14:40:19: "[Easy_Skill]_Faza#1<68><STEAM_0:0:969824236><TERRORIST>" committed suicide with "world"
L 03/24/2015 - 14:40:19: "[Easy_Skill]_Faza#1<68><STEAM_0:0:969824236><TERRORIST>" joined team "CT"
L 03/24/2015 - 14:40:26: World triggered "Round_Start"
L 03/24/2015 - 14:40:36: Kick: "_(DeatH EateR)_NagatO*<70><STEAM_0:4:1247542390><>" was kicked by "Console" (message ""Извини, но ты лагер :D, попробуй зайти позже"")
L 03/24/2015 - 14:40:36: "_(DeatH EateR)_NagatO*<70><STEAM_0:4:1247542390><TERRORIST>" triggered "weaponstats" (weapon "knife") (shots "13") (hits "3") (kills "1") (headshots "0") (tks "0") (damage "45") (deaths "1")
L 03/24/2015 - 14:40:36: "_(DeatH EateR)_NagatO*<70><STEAM_0:4:1247542390><TERRORIST>" triggered "weaponstats2" (weapon "knife") (head "0") (chest "0") (stomach "2") (leftarm "0") (rightarm "0") (leftleg "0") (rightleg "0")
L 03/24/2015 - 14:40:36: "_(DeatH EateR)_NagatO*<70><STEAM_0:4:1247542390><TERRORIST>" triggered "time" (time "1:30")
L 03/24/2015 - 14:40:36: "_(DeatH EateR)_NagatO*<70><STEAM_0:4:1247542390><TERRORIST>" triggered "latency" (ping "116")
L 03/24/2015 - 14:40:36: "_(DeatH EateR)_NagatO*<70><STEAM_0:4:1247542390><TERRORIST>" disconnected
L 03/24/2015 - 14:40:59: "[Easy_Skill]_Faza#1<68><STEAM_0:0:969824236><CT>" triggered "weaponstats" (weapon "knife") (shots "64") (hits "6") (kills "4") (headshots "1") (tks "0") (damage "435") (deaths "0")
L 03/24/2015 - 14:40:59: "[Easy_Skill]_Faza#1<68><STEAM_0:0:969824236><CT>" triggered "weaponstats2" (weapon "knife") (head "1") (chest "0") (stomach "0") (leftarm "0") (rightarm "0") (leftleg "0") (rightleg "0")
L 03/24/2015 - 14:40:59: "[Easy_Skill]_Faza#1<68><STEAM_0:0:969824236><CT>" triggered "time" (time "2:43")
L 03/24/2015 - 14:40:59: "[Easy_Skill]_Faza#1<68><STEAM_0:0:969824236><CT>" triggered "latency" (ping "22")
L 03/24/2015 - 14:40:59: "[Easy_Skill]_Faza#1<68><STEAM_0:0:969824236><CT>" disconnected
L 03/24/2015 - 14:41:03: "[Easy_Skill]_LoL#3<65><STEAM_0:4:1537134213><CT>" triggered "weaponstats" (weapon "knife") (shots "10") (hits "1") (kills "1") (headshots "1") (tks "0") (damage "260") (deaths "5")
L 03/24/2015 - 14:41:03: "[Easy_Skill]_LoL#3<65><STEAM_0:4:1537134213><CT>" triggered "weaponstats2" (weapon "knife") (head "1") (chest "0") (stomach "0") (leftarm "0") (rightarm "0") (leftleg "0") (rightleg "0")
L 03/24/2015 - 14:41:03: "[Easy_Skill]_LoL#3<65><STEAM_0:4:1537134213><CT>" triggered "time" (time "2:44")
L 03/24/2015 - 14:41:03: "[Easy_Skill]_LoL#3<65><STEAM_0:4:1537134213><CT>" triggered "latency" (ping "53")
L 03/24/2015 - 14:41:03: "[Easy_Skill]_LoL#3<65><STEAM_0:4:1537134213><CT>" disconnected
L 03/24/2015 - 14:41:03: World triggered "Round_Draw" (CT "2") (T "5")
L 03/24/2015 - 14:41:03: World triggered "Round_End"
L 03/24/2015 - 14:41:13: World triggered "Round_Start"
L 03/24/2015 - 14:41:22: [DPROTO]: Client 1 - Set AuthIdType 3 [dp_RevEmu]; pClient = 0xb3985dfc
L 03/24/2015 - 14:41:22: "[Easy_Skill]_LoL#3<71><STEAM_0:4:1537134213><>" connected, address "178.127.97.30:27005"
L 03/24/2015 - 14:41:23: [VTC] Player 2 speex
L 03/24/2015 - 14:41:27: "[Easy_Skill]_LoL#3<71><STEAM_0:4:1537134213><>" entered the game
L 03/24/2015 - 14:41:31: "[Easy_Skill]_LoL#3<71><STEAM_0:4:1537134213><>" joined team "TERRORIST"
L 03/24/2015 - 14:44:36: [DPROTO]: Client 0 - Set AuthIdType 1 [dp_SteamEmu]; pClient = 0xb3980f08
L 03/24/2015 - 14:44:36: "[Easy_Skill]_Faza#1<72><STEAM_0:0:969824236><>" connected, address "46.53.210.172:61709"
L 03/24/2015 - 14:44:36: [VTC] Player 1 speex
L 03/24/2015 - 14:44:39: "[Easy_Skill]_Faza#1<72><STEAM_0:0:969824236><>" entered the game
L 03/24/2015 - 14:44:40: "[Easy_Skill]_Faza#1<72><STEAM_0:0:969824236><>" joined team "CT"
L 03/24/2015 - 14:44:40: World triggered "Game_Commencing"
L 03/24/2015 - 14:44:40: World triggered "Game_Commencing" (CT "2") (T "5")
L 03/24/2015 - 14:44:40: World triggered "Round_End"
L 03/24/2015 - 14:44:48: World triggered "Round_Start"
L 03/24/2015 - 14:46:07: "[Easy_Skill]_LoL#3<71><STEAM_0:4:1537134213><TERRORIST>" triggered "weaponstats" (weapon "knife") (shots "11") (hits "0") (kills "0") (headshots "0") (tks "0") (damage "0") (deaths "0")
L 03/24/2015 - 14:46:07: "[Easy_Skill]_LoL#3<71><STEAM_0:4:1537134213><TERRORIST>" triggered "weaponstats2" (weapon "knife") (head "0") (chest "0") (stomach "0") (leftarm "0") (rightarm "0") (leftleg "0") (rightleg "0")
L 03/24/2015 - 14:46:07: "[Easy_Skill]_LoL#3<71><STEAM_0:4:1537134213><TERRORIST>" triggered "time" (time "4:40")
L 03/24/2015 - 14:46:07: "[Easy_Skill]_LoL#3<71><STEAM_0:4:1537134213><TERRORIST>" triggered "latency" (ping "63")
L 03/24/2015 - 14:46:07: "[Easy_Skill]_LoL#3<71><STEAM_0:4:1537134213><TERRORIST>" disconnected
L 03/24/2015 - 14:46:07: "[Easy_Skill]_Faza#1<72><STEAM_0:0:969824236><CT>" triggered "weaponstats" (weapon "knife") (shots "19") (hits "0") (kills "0") (headshots "0") (tks "0") (damage "0") (deaths "0")
L 03/24/2015 - 14:46:07: "[Easy_Skill]_Faza#1<72><STEAM_0:0:969824236><CT>" triggered "weaponstats2" (weapon "knife") (head "0") (chest "0") (stomach "0") (leftarm "0") (rightarm "0") (leftleg "0") (rightleg "0")
L 03/24/2015 - 14:46:07: "[Easy_Skill]_Faza#1<72><STEAM_0:0:969824236><CT>" triggered "time" (time "1:28")
L 03/24/2015 - 14:46:07: "[Easy_Skill]_Faza#1<72><STEAM_0:0:969824236><CT>" triggered "latency" (ping "19")
L 03/24/2015 - 14:46:07: "[Easy_Skill]_Faza#1<72><STEAM_0:0:969824236><CT>" disconnected
L 03/24/2015 - 14:46:07: World triggered "Round_Draw" (CT "0") (T "0")
L 03/24/2015 - 14:46:07: World triggered "Round_End"
L 03/24/2015 - 14:46:17: World triggered "Round_Start"
L 03/24/2015 - 14:48:23: [META] ini: Begin re-reading plugins list: /home/extazy/Public/cstrike/addons/metamod/plugins.ini
L 03/24/2015 - 14:48:23: [META] ini: Read plugin config for: AMX Mod X
L 03/24/2015 - 14:48:23: [META] ini: Read plugin config for: dproto_EF
L 03/24/2015 - 14:48:23: [META] ini: Read plugin config for: VoiceTranscoder
L 03/24/2015 - 14:48:23: [META] ini: Read plugin config for: WHBlocker
L 03/24/2015 - 14:48:23: [META] ini: Finished reading plugins list: /home/extazy/Public/cstrike/addons/metamod/plugins.ini; Found 4 plugins
L 03/24/2015 - 14:48:23: [META] dll: Updating plugins...
L 03/24/2015 - 14:48:23: [META] dll: Finished updating 13 plugins; kept 4, loaded 0, unloaded 0, reloaded 0, delayed 0
L 03/24/2015 - 14:48:23: Log file closed
