L 03/29/2015 - 18:51:55: Log file started (file "logs/L0329028.log") (game "cstrike") (version "48/1.6.3.7/Stdio/5787")
L 03/29/2015 - 18:51:55: Server cvar "mp_logdetail" = "3"
L 03/29/2015 - 18:51:55: Server cvar "mp_timelimit" = "30"
L 03/29/2015 - 18:51:55: Server cvar "mp_c4timer" = "35"
L 03/29/2015 - 18:51:55: Server cvar "mp_flashlight" = "1"
L 03/29/2015 - 18:51:55: Server cvar "mp_freezetime" = "5"
L 03/29/2015 - 18:51:55: Server cvar "mp_hostagepenalty" = "0"
L 03/29/2015 - 18:51:55: Server cvar "mp_limitteams" = "5"
L 03/29/2015 - 18:51:55: Server cvar "mp_roundtime" = "2.57"
L 03/29/2015 - 18:51:55: Server cvar "mp_tkpunish" = "1"
L 03/29/2015 - 18:51:55: Server cvar "sv_restartround" = "1"
L 03/29/2015 - 18:51:55: Server cvar "sv_maxspeed" = "320"
L 03/29/2015 - 18:51:55: Server cvar "sv_proxies" = "0"
L 03/29/2015 - 18:51:55: Server cvar "allow_spectators" = "4"
L 03/29/2015 - 18:51:55: Server cvar "mp_chattime" = "0"
L 03/29/2015 - 18:51:55: Server cvar "decalfrequency" = "9"
L 03/29/2015 - 18:51:55: Server cvar "sv_aim" = "0"
L 03/29/2015 - 18:51:55: Server cvar "sv_minrate" = "100000"
L 03/29/2015 - 18:51:55: Server cvar "sv_maxrate" = "50000"
L 03/29/2015 - 18:51:55: [DPROTO]: Client 0 - Set AuthIdType 3 [dp_RevEmu]; pClient = 0xb39b4f08
L 03/29/2015 - 18:51:55: "$$$$matvei$$$$<1><STEAM_0:4:175676238><>" connected, address "37.212.173.189:5011"
L 03/29/2015 - 18:51:56: [VTC] Player 1 speex
L 03/29/2015 - 18:51:56: World triggered "Restart_Round_(1_second)"
L 03/29/2015 - 18:51:56: Team "CT" scored "0" with "0" players
L 03/29/2015 - 18:51:56: Team "TERRORIST" scored "0" with "0" players
L 03/29/2015 - 18:51:56: Server cvar "sv_restartround" = "0"
L 03/29/2015 - 18:51:58: [DPROTO]: Client 0 - Set AuthIdType 3 [dp_RevEmu]; pClient = 0xb39b4f08
L 03/29/2015 - 18:51:58: "Paisher<2><STEAM_0:4:1073794949><>" connected, address "178.125.93.41:18821"
L 03/29/2015 - 18:51:58: [VTC] Player 1 speex
L 03/29/2015 - 18:52:00: [DPROTO]: Client 0 - Set AuthIdType 3 [dp_RevEmu]; pClient = 0xb39b4f08
L 03/29/2015 - 18:52:00: "$$$$matvei$$$$<3><STEAM_0:4:175676238><>" connected, address "37.212.173.189:5011"
L 03/29/2015 - 18:52:00: [VTC] Player 1 speex
L 03/29/2015 - 18:52:02: World triggered "Round_Start"
L 03/29/2015 - 18:52:06: "$$$$matvei$$$$<3><STEAM_0:4:175676238><>" entered the game
L 03/29/2015 - 18:52:37: [DPROTO]: Client 1 - Set AuthIdType 3 [dp_RevEmu]; pClient = 0xb39b9dfc
L 03/29/2015 - 18:52:37: "Paisher<4><STEAM_0:4:1073794949><>" connected, address "178.125.93.41:18821"
L 03/29/2015 - 18:52:37: [VTC] Player 2 speex
L 03/29/2015 - 18:52:42: "Paisher<4><STEAM_0:4:1073794949><>" entered the game
L 03/29/2015 - 18:52:44: "Paisher<4><STEAM_0:4:1073794949><>" joined team "TERRORIST"
L 03/29/2015 - 18:52:45: "Paisher<4><STEAM_0:4:1073794949><TERRORIST>" triggered "Spawned_With_The_Bomb"
L 03/29/2015 - 18:52:50: "Paisher<4><STEAM_0:4:1073794949><TERRORIST>" triggered "time" (time "0:07")
L 03/29/2015 - 18:52:50: "Paisher<4><STEAM_0:4:1073794949><TERRORIST>" triggered "latency" (ping "0")
L 03/29/2015 - 18:52:50: "Paisher<4><STEAM_0:4:1073794949><TERRORIST>" triggered "Dropped_The_Bomb"
L 03/29/2015 - 18:52:50: "Paisher<4><STEAM_0:4:1073794949><TERRORIST>" disconnected
L 03/29/2015 - 18:52:50: World triggered "Round_Draw" (CT "0") (T "0")
L 03/29/2015 - 18:52:50: World triggered "Round_End"
L 03/29/2015 - 18:52:52: [DPROTO]: Client 1 - Set AuthIdType 1 [Native]; pClient = 0xb39b9dfc
L 03/29/2015 - 18:52:52: "[Hard_Skill]_Extazy<5><STEAM_0:1:113150434><>" connected, address "10.19.7.134:27005"
L 03/29/2015 - 18:52:52: [VTC] Player 2 silk
L 03/29/2015 - 18:53:00: World triggered "Round_Start"
L 03/29/2015 - 18:53:19: [DPROTO]: Client 1 - Set AuthIdType 1 [Native]; pClient = 0xb39b9dfc
L 03/29/2015 - 18:53:19: "[Hard_Skill]_Extazy<6><STEAM_0:1:113150434><>" connected, address "10.19.7.134:27005"
L 03/29/2015 - 18:53:19: [VTC] Player 2 silk
L 03/29/2015 - 18:53:35: "[Hard_Skill]_Extazy<6><STEAM_0:1:113150434><>" entered the game
L 03/29/2015 - 18:53:44: "[Hard_Skill]_Extazy<6><STEAM_0:1:113150434><>" joined team "CT"
L 03/29/2015 - 18:53:52: "$$$$matvei$$$$<3><STEAM_0:4:175676238><UNASSIGNED>" triggered "time" (time "1:46")
L 03/29/2015 - 18:53:52: "$$$$matvei$$$$<3><STEAM_0:4:175676238><UNASSIGNED>" triggered "latency" (ping "51")
L 03/29/2015 - 18:53:52: "[Hard_Skill]_Extazy<6><STEAM_0:1:113150434><CT>" triggered "time" (time "0:17")
L 03/29/2015 - 18:53:52: "[Hard_Skill]_Extazy<6><STEAM_0:1:113150434><CT>" triggered "latency" (ping "0")
L 03/29/2015 - 18:53:52: [META] ini: Begin re-reading plugins list: /home/extazy/public/cstrike/addons/metamod/plugins.ini
L 03/29/2015 - 18:53:52: [META] ini: Read plugin config for: AMX Mod X
L 03/29/2015 - 18:53:52: [META] ini: Read plugin config for: dproto_EF
L 03/29/2015 - 18:53:52: [META] ini: Read plugin config for: VoiceTranscoder
L 03/29/2015 - 18:53:52: [META] ini: Read plugin config for: WHBlocker
L 03/29/2015 - 18:53:52: [META] ini: Finished reading plugins list: /home/extazy/public/cstrike/addons/metamod/plugins.ini; Found 4 plugins
L 03/29/2015 - 18:53:52: [META] dll: Updating plugins...
L 03/29/2015 - 18:53:52: [META] dll: Finished updating 13 plugins; kept 4, loaded 0, unloaded 0, reloaded 0, delayed 0
L 03/29/2015 - 18:53:52: "$$$$matvei$$$$<3><STEAM_0:4:175676238><>" disconnected
L 03/29/2015 - 18:53:52: "[Hard_Skill]_Extazy<6><STEAM_0:1:113150434><CT>" disconnected
L 03/29/2015 - 18:53:52: World triggered "Round_Draw" (CT "0") (T "0")
L 03/29/2015 - 18:53:52: World triggered "Round_End"
L 03/29/2015 - 18:53:52: Log file closed
