L 03/28/2015 - 19:53:33: Log file started (file "logs/L0328034.log") (game "cstrike") (version "48/1.6.3.7/Stdio/5787")
L 03/28/2015 - 19:53:33: Loading map "cs_mini_militia"
L 03/28/2015 - 19:53:33: Server cvars start
L 03/28/2015 - 19:53:33: Server cvar "_tutor_bomb_viewable_check_interval" = "0.5"
L 03/28/2015 - 19:53:33: Server cvar "_tutor_debug_level" = "0"
L 03/28/2015 - 19:53:33: Server cvar "_tutor_examine_time" = "0.5"
L 03/28/2015 - 19:53:33: Server cvar "_tutor_hint_interval_time" = "10.0"
L 03/28/2015 - 19:53:33: Server cvar "_tutor_look_angle" = "10"
L 03/28/2015 - 19:53:33: Server cvar "_tutor_look_distance" = "200"
L 03/28/2015 - 19:53:33: Server cvar "_tutor_message_character_display_time_coefficient" = "0.07"
L 03/28/2015 - 19:53:33: Server cvar "_tutor_message_minimum_display_time" = "1"
L 03/28/2015 - 19:53:33: Server cvar "_tutor_message_repeats" = "5"
L 03/28/2015 - 19:53:33: Server cvar "_tutor_view_distance" = "1000"
L 03/28/2015 - 19:53:33: Server cvar "aesp_version" = "1.5b_mini"
L 03/28/2015 - 19:53:33: Server cvar "allow_spectators" = "4"
L 03/28/2015 - 19:53:33: Server cvar "amx_client_languages" = "0"
L 03/28/2015 - 19:53:33: Server cvar "amx_contactinfo" = "ICQ: 691322983"
L 03/28/2015 - 19:53:33: Server cvar "amx_language" = "ru"
L 03/28/2015 - 19:53:33: Server cvar "amx_nextmap" = "aim_map"
L 03/28/2015 - 19:53:33: Server cvar "amx_timeleft" = "27:49"
L 03/28/2015 - 19:53:33: Server cvar "amxbans_ssversion" = "Gm 1.6"
L 03/28/2015 - 19:53:33: Server cvar "amxbans_version" = "Gm 1.6"
L 03/28/2015 - 19:53:33: Server cvar "amxmodx_version" = "1.8.1.3746"
L 03/28/2015 - 19:53:33: Server cvar "Colored Translit Cheat" = "Loaded"
L 03/28/2015 - 19:53:33: Server cvar "Colored Translit Config" = "Loaded"
L 03/28/2015 - 19:53:33: Server cvar "Colored Translit Ignores" = "Loaded"
L 03/28/2015 - 19:53:33: Server cvar "Colored Translit Replace" = "Failed"
L 03/28/2015 - 19:53:33: Server cvar "Colored Translit Spam" = "Loaded"
L 03/28/2015 - 19:53:33: Server cvar "Colored Translit Status" = "Loaded"
L 03/28/2015 - 19:53:33: Server cvar "Colored Translit Swear" = "Loaded"
L 03/28/2015 - 19:53:33: Server cvar "Colored Translit Version" = "2.0b Final"
L 03/28/2015 - 19:53:33: Server cvar "coop" = "0"
L 03/28/2015 - 19:53:33: Server cvar "deathmatch" = "1"
L 03/28/2015 - 19:53:33: Server cvar "decalfrequency" = "9"
L 03/28/2015 - 19:53:33: Server cvar "dp_version" = "0.9.391"
L 03/28/2015 - 19:53:33: Server cvar "edgefriction" = "2"
L 03/28/2015 - 19:53:33: Server cvar "hostage_debug" = "0"
L 03/28/2015 - 19:53:33: Server cvar "hostage_stop" = "0"
L 03/28/2015 - 19:53:33: Server cvar "humans_join_team" = "any"
L 03/28/2015 - 19:53:33: Server cvar "jtp10181" = "chute,gore"
L 03/28/2015 - 19:53:33: Server cvar "max_queries_sec" = "3.0"
L 03/28/2015 - 19:53:33: Server cvar "max_queries_sec_global" = "30"
L 03/28/2015 - 19:53:33: Server cvar "max_queries_window" = "60"
L 03/28/2015 - 19:53:33: Server cvar "metamod_version" = "1.19"
L 03/28/2015 - 19:53:33: Server cvar "mp_allowmonsters" = "0"
L 03/28/2015 - 19:53:33: Server cvar "mp_autokick" = "1"
L 03/28/2015 - 19:53:33: Server cvar "mp_autoteambalance" = "1"
L 03/28/2015 - 19:53:33: Server cvar "mp_buytime" = "1.5"
L 03/28/2015 - 19:53:33: Server cvar "mp_c4timer" = "35"
L 03/28/2015 - 19:53:33: Server cvar "mp_chattime" = "1"
L 03/28/2015 - 19:53:33: Server cvar "mp_consistency" = "1"
L 03/28/2015 - 19:53:33: Server cvar "mp_fadetoblack" = "0"
L 03/28/2015 - 19:53:33: Server cvar "mp_flashlight" = "1"
L 03/28/2015 - 19:53:33: Server cvar "mp_footsteps" = "1"
L 03/28/2015 - 19:53:33: Server cvar "mp_forcecamera" = "0"
L 03/28/2015 - 19:53:33: Server cvar "mp_forcechasecam" = "0"
L 03/28/2015 - 19:53:33: Server cvar "mp_fragsleft" = "0"
L 03/28/2015 - 19:53:33: Server cvar "mp_freezetime" = "5"
L 03/28/2015 - 19:53:33: Server cvar "mp_friendlyfire" = "0"
L 03/28/2015 - 19:53:33: Server cvar "mp_ghostfrequency" = "0.1"
L 03/28/2015 - 19:53:33: Server cvar "mp_hostagepenalty" = "0"
L 03/28/2015 - 19:53:33: Server cvar "mp_kickpercent" = "0.66"
L 03/28/2015 - 19:53:33: Server cvar "mp_limitteams" = "5"
L 03/28/2015 - 19:53:33: Server cvar "mp_logdetail" = "3"
L 03/28/2015 - 19:53:33: Server cvar "mp_logfile" = "1"
L 03/28/2015 - 19:53:33: Server cvar "mp_logmessages" = "1"
L 03/28/2015 - 19:53:33: Server cvar "mp_mapvoteratio" = "0.66"
L 03/28/2015 - 19:53:33: Server cvar "mp_maxrounds" = "0"
L 03/28/2015 - 19:53:33: Server cvar "mp_mirrordamage" = "0"
L 03/28/2015 - 19:53:33: Server cvar "mp_playerid" = "0"
L 03/28/2015 - 19:53:33: Server cvar "mp_roundtime" = "2.57"
L 03/28/2015 - 19:53:33: Server cvar "mp_startmoney" = "800"
L 03/28/2015 - 19:53:33: Server cvar "mp_timeleft" = "0"
L 03/28/2015 - 19:53:33: Server cvar "mp_timelimit" = "30.000000"
L 03/28/2015 - 19:53:33: Server cvar "mp_tkpunish" = "1"
L 03/28/2015 - 19:53:33: Server cvar "mp_windifference" = "1"
L 03/28/2015 - 19:53:33: Server cvar "mp_winlimit" = "0"
L 03/28/2015 - 19:53:33: Server cvar "pausable" = "0"
L 03/28/2015 - 19:53:33: Server cvar "sv_accelerate" = "5"
L 03/28/2015 - 19:53:33: Server cvar "sv_aim" = "0"
L 03/28/2015 - 19:53:33: Server cvar "sv_airaccelerate" = "10"
L 03/28/2015 - 19:53:33: Server cvar "sv_airmove" = "1"
L 03/28/2015 - 19:53:33: Server cvar "sv_allowupload" = "1"
L 03/28/2015 - 19:53:33: Server cvar "sv_alltalk" = "0"
L 03/28/2015 - 19:53:33: Server cvar "sv_bounce" = "1"
L 03/28/2015 - 19:53:33: Server cvar "sv_cheats" = "0"
L 03/28/2015 - 19:53:33: Server cvar "sv_clienttrace" = "1"
L 03/28/2015 - 19:53:33: Server cvar "sv_clipmode" = "0"
L 03/28/2015 - 19:53:33: Server cvar "sv_contact" = ""
L 03/28/2015 - 19:53:33: Server cvar "sv_friction" = "4"
L 03/28/2015 - 19:53:33: Server cvar "sv_gravity" = "800"
L 03/28/2015 - 19:53:33: Server cvar "sv_logblocks" = "0"
L 03/28/2015 - 19:53:33: Server cvar "sv_maxrate" = "50000"
L 03/28/2015 - 19:53:33: Server cvar "sv_maxspeed" = "900"
L 03/28/2015 - 19:53:33: Server cvar "sv_minrate" = "100000"
L 03/28/2015 - 19:53:33: Server cvar "sv_password" = ""
L 03/28/2015 - 19:53:33: Server cvar "sv_proxies" = "0"
L 03/28/2015 - 19:53:33: Server cvar "sv_region" = "255"
L 03/28/2015 - 19:53:33: Server cvar "sv_restart" = "0"
L 03/28/2015 - 19:53:33: Server cvar "sv_restartround" = "0"
L 03/28/2015 - 19:53:33: Server cvar "sv_stepsize" = "18"
L 03/28/2015 - 19:53:33: Server cvar "sv_stopspeed" = "75"
L 03/28/2015 - 19:53:33: Server cvar "sv_uploadmax" = "0.5"
L 03/28/2015 - 19:53:33: Server cvar "sv_voiceenable" = "1"
L 03/28/2015 - 19:53:33: Server cvar "sv_wateraccelerate" = "10"
L 03/28/2015 - 19:53:33: Server cvar "sv_waterfriction" = "1"
L 03/28/2015 - 19:53:33: Server cvar "travo_statmarquee" = "v1.2"
L 03/28/2015 - 19:53:33: Server cvar "ultimate_sounds" = "1.7"
L 03/28/2015 - 19:53:33: Server cvar "vtc_version" = "80"
L 03/28/2015 - 19:53:33: Server cvar "wallblocker_version" = "1.0"
L 03/28/2015 - 19:53:33: Server cvar "whb_version" = "1.5.530"
L 03/28/2015 - 19:53:33: Server cvars end
L 03/28/2015 - 19:53:34: Server cvar "amx_nextmap" = "cs_mini_militia"
L 03/28/2015 - 19:53:34: Server cvar "sv_restart" = "1"
L 03/28/2015 - 19:53:34: World triggered "Restart_Round_(1_second)"
L 03/28/2015 - 19:53:34: Team "CT" scored "0" with "0" players
L 03/28/2015 - 19:53:34: Team "TERRORIST" scored "0" with "0" players
L 03/28/2015 - 19:53:34: Server cvar "sv_restart" = "0"
L 03/28/2015 - 19:53:35: Started map "cs_mini_militia" (CRC "1776465278")
L 03/28/2015 - 19:53:35: [VTC] Player 7 speex
L 03/28/2015 - 19:53:36: [DPROTO]: Client 6 - Set AuthIdType 3 [dp_RevEmu]; pClient = 0xb39928c0
L 03/28/2015 - 19:53:36: "[Hard_Skill]_AHAKOHDA<100><STEAM_0:4:1668238597><>" connected, address "178.120.130.111:25332"
L 03/28/2015 - 19:53:36: [VTC] Player 7 speex
L 03/28/2015 - 19:53:39: [DPROTO]: Client 3 - Set AuthIdType 3 [dp_RevEmu]; pClient = 0xb3983be4
L 03/28/2015 - 19:53:39: "[Hard_Skill]_Mi{x}eR<101><STEAM_0:4:2092800974><>" connected, address "37.213.39.80:27005"
L 03/28/2015 - 19:53:39: [VTC] Player 4 speex
L 03/28/2015 - 19:53:40: World triggered "Round_Start"
L 03/28/2015 - 19:53:40: "[Hard_Skill]_AHAKOHDA<100><STEAM_0:4:1668238597><>" entered the game
L 03/28/2015 - 19:53:41: [DPROTO]: Client 3 - Set AuthIdType 3 [dp_RevEmu]; pClient = 0xb3983be4
L 03/28/2015 - 19:53:41: "[Hard_Skill]_Mi{x}eR<102><STEAM_0:4:2092800974><>" connected, address "37.213.39.80:27005"
L 03/28/2015 - 19:53:41: [VTC] Player 4 speex
L 03/28/2015 - 19:53:43: "[Hard_Skill]_AHAKOHDA<100><STEAM_0:4:1668238597><>" joined team "TERRORIST"
L 03/28/2015 - 19:53:46: "[Hard_Skill]_Mi{x}eR<102><STEAM_0:4:2092800974><>" entered the game
L 03/28/2015 - 19:53:57: "[Hard_Skill]_Mi{x}eR<102><STEAM_0:4:2092800974><>" joined team "CT"
L 03/28/2015 - 19:53:57: World triggered "Game_Commencing"
L 03/28/2015 - 19:53:57: World triggered "Game_Commencing" (CT "0") (T "0")
L 03/28/2015 - 19:53:57: World triggered "Round_End"
L 03/28/2015 - 19:54:05: World triggered "Round_Start"
L 03/28/2015 - 19:54:13: "[Hard_Skill]_AHAKOHDA<100><STEAM_0:4:1668238597><TERRORIST>" attacked "[Hard_Skill]_Mi{x}eR<102><STEAM_0:4:2092800974><CT>" with "ak47" (damage "33") (damage_armor "5") (health "67") (armor "95")
L 03/28/2015 - 19:54:13: "[Hard_Skill]_AHAKOHDA<100><STEAM_0:4:1668238597><TERRORIST>" attacked "[Hard_Skill]_Mi{x}eR<102><STEAM_0:4:2092800974><CT>" with "ak47" (damage "108") (damage_armor "16") (health "-41") (armor "79")
L 03/28/2015 - 19:54:13: "[Hard_Skill]_AHAKOHDA<100><STEAM_0:4:1668238597><TERRORIST>" killed "[Hard_Skill]_Mi{x}eR<102><STEAM_0:4:2092800974><CT>" with "ak47"
L 03/28/2015 - 19:54:13: Team "TERRORIST" triggered "Terrorists_Win" (CT "0") (T "1")
L 03/28/2015 - 19:54:13: World triggered "Round_End"
L 03/28/2015 - 19:54:23: World triggered "Round_Start"
L 03/28/2015 - 19:54:47: "[Hard_Skill]_AHAKOHDA<100><STEAM_0:4:1668238597><TERRORIST>" attacked "[Hard_Skill]_Mi{x}eR<102><STEAM_0:4:2092800974><CT>" with "ak47" (damage "27") (damage_armor "4") (health "73") (armor "96")
L 03/28/2015 - 19:54:47: "[Hard_Skill]_AHAKOHDA<100><STEAM_0:4:1668238597><TERRORIST>" attacked "[Hard_Skill]_Mi{x}eR<102><STEAM_0:4:2092800974><CT>" with "ak47" (damage "27") (damage_armor "4") (health "46") (armor "92")
L 03/28/2015 - 19:54:48: "[Hard_Skill]_Mi{x}eR<102><STEAM_0:4:2092800974><CT>" attacked "[Hard_Skill]_AHAKOHDA<100><STEAM_0:4:1668238597><TERRORIST>" with "m4a1" (damage "24") (damage_armor "0") (health "76") (armor "100")
L 03/28/2015 - 19:54:48: "[Hard_Skill]_AHAKOHDA<100><STEAM_0:4:1668238597><TERRORIST>" attacked "[Hard_Skill]_Mi{x}eR<102><STEAM_0:4:2092800974><CT>" with "ak47" (damage "27") (damage_armor "4") (health "19") (armor "88")
L 03/28/2015 - 19:54:48: "[Hard_Skill]_AHAKOHDA<100><STEAM_0:4:1668238597><TERRORIST>" attacked "[Hard_Skill]_Mi{x}eR<102><STEAM_0:4:2092800974><CT>" with "ak47" (damage "18") (damage_armor "0") (health "1") (armor "88")
L 03/28/2015 - 19:54:48: "[Hard_Skill]_Mi{x}eR<102><STEAM_0:4:2092800974><CT>" attacked "[Hard_Skill]_AHAKOHDA<100><STEAM_0:4:1668238597><TERRORIST>" with "m4a1" (damage "24") (damage_armor "0") (health "52") (armor "100")
L 03/28/2015 - 19:54:48: "[Hard_Skill]_AHAKOHDA<100><STEAM_0:4:1668238597><TERRORIST>" attacked "[Hard_Skill]_Mi{x}eR<102><STEAM_0:4:2092800974><CT>" with "ak47" (damage "27") (damage_armor "4") (health "-26") (armor "84")
L 03/28/2015 - 19:54:48: "[Hard_Skill]_AHAKOHDA<100><STEAM_0:4:1668238597><TERRORIST>" killed "[Hard_Skill]_Mi{x}eR<102><STEAM_0:4:2092800974><CT>" with "ak47"
L 03/28/2015 - 19:54:48: Team "TERRORIST" triggered "Terrorists_Win" (CT "0") (T "2")
L 03/28/2015 - 19:54:48: World triggered "Round_End"
L 03/28/2015 - 19:54:58: World triggered "Round_Start"
L 03/28/2015 - 19:55:23: "[Hard_Skill]_AHAKOHDA<100><STEAM_0:4:1668238597><TERRORIST>" attacked "[Hard_Skill]_Mi{x}eR<102><STEAM_0:4:2092800974><CT>" with "ak47" (damage "26") (damage_armor "0") (health "74") (armor "100")
L 03/28/2015 - 19:55:23: "[Hard_Skill]_AHAKOHDA<100><STEAM_0:4:1668238597><TERRORIST>" attacked "[Hard_Skill]_Mi{x}eR<102><STEAM_0:4:2092800974><CT>" with "ak47" (damage "19") (damage_armor "3") (health "55") (armor "97")
L 03/28/2015 - 19:55:23: "[Hard_Skill]_AHAKOHDA<100><STEAM_0:4:1668238597><TERRORIST>" attacked "[Hard_Skill]_Mi{x}eR<102><STEAM_0:4:2092800974><CT>" with "ak47" (damage "33") (damage_armor "5") (health "22") (armor "92")
L 03/28/2015 - 19:55:23: "[Hard_Skill]_AHAKOHDA<100><STEAM_0:4:1668238597><TERRORIST>" attacked "[Hard_Skill]_Mi{x}eR<102><STEAM_0:4:2092800974><CT>" with "ak47" (damage "26") (damage_armor "0") (health "-4") (armor "92")
L 03/28/2015 - 19:55:23: "[Hard_Skill]_AHAKOHDA<100><STEAM_0:4:1668238597><TERRORIST>" killed "[Hard_Skill]_Mi{x}eR<102><STEAM_0:4:2092800974><CT>" with "ak47"
L 03/28/2015 - 19:55:23: Team "TERRORIST" triggered "Terrorists_Win" (CT "0") (T "3")
L 03/28/2015 - 19:55:23: World triggered "Round_End"
L 03/28/2015 - 19:55:33: World triggered "Round_Start"
L 03/28/2015 - 19:55:38: "[Hard_Skill]_AHAKOHDA<100><STEAM_0:4:1668238597><TERRORIST>" attacked "[Hard_Skill]_Mi{x}eR<102><STEAM_0:4:2092800974><CT>" with "ak47" (damage "26") (damage_armor "4") (health "74") (armor "96")
L 03/28/2015 - 19:55:38: "[Hard_Skill]_Mi{x}eR<102><STEAM_0:4:2092800974><CT>" attacked "[Hard_Skill]_AHAKOHDA<100><STEAM_0:4:1668238597><TERRORIST>" with "famas" (damage "20") (damage_armor "0") (health "80") (armor "100")
L 03/28/2015 - 19:55:39: "[Hard_Skill]_AHAKOHDA<100><STEAM_0:4:1668238597><TERRORIST>" attacked "[Hard_Skill]_Mi{x}eR<102><STEAM_0:4:2092800974><CT>" with "ak47" (damage "26") (damage_armor "4") (health "48") (armor "92")
L 03/28/2015 - 19:55:40: "[Hard_Skill]_Mi{x}eR<102><STEAM_0:4:2092800974><CT>" attacked "[Hard_Skill]_AHAKOHDA<100><STEAM_0:4:1668238597><TERRORIST>" with "famas" (damage "18") (damage_armor "5") (health "62") (armor "95")
L 03/28/2015 - 19:55:41: "[Hard_Skill]_AHAKOHDA<100><STEAM_0:4:1668238597><TERRORIST>" attacked "[Hard_Skill]_Mi{x}eR<102><STEAM_0:4:2092800974><CT>" with "ak47" (damage "26") (damage_armor "4") (health "22") (armor "88")
L 03/28/2015 - 19:55:41: "[Hard_Skill]_AHAKOHDA<100><STEAM_0:4:1668238597><TERRORIST>" attacked "[Hard_Skill]_Mi{x}eR<102><STEAM_0:4:2092800974><CT>" with "ak47" (damage "26") (damage_armor "4") (health "-4") (armor "84")
L 03/28/2015 - 19:55:41: "[Hard_Skill]_AHAKOHDA<100><STEAM_0:4:1668238597><TERRORIST>" killed "[Hard_Skill]_Mi{x}eR<102><STEAM_0:4:2092800974><CT>" with "ak47"
L 03/28/2015 - 19:55:41: Team "TERRORIST" triggered "Terrorists_Win" (CT "0") (T "4")
L 03/28/2015 - 19:55:41: World triggered "Round_End"
L 03/28/2015 - 19:55:46: "[Hard_Skill]_Mi{x}eR<102><STEAM_0:4:2092800974><CT>" triggered "weaponstats" (weapon "grenade") (shots "1") (hits "0") (kills "0") (headshots "0") (tks "0") (damage "0") (deaths "0")
L 03/28/2015 - 19:55:46: "[Hard_Skill]_Mi{x}eR<102><STEAM_0:4:2092800974><CT>" triggered "weaponstats2" (weapon "grenade") (head "0") (chest "0") (stomach "0") (leftarm "0") (rightarm "0") (leftleg "0") (rightleg "0")
L 03/28/2015 - 19:55:46: "[Hard_Skill]_Mi{x}eR<102><STEAM_0:4:2092800974><CT>" triggered "weaponstats" (weapon "famas") (shots "21") (hits "2") (kills "0") (headshots "0") (tks "0") (damage "38") (deaths "2")
L 03/28/2015 - 19:55:46: "[Hard_Skill]_Mi{x}eR<102><STEAM_0:4:2092800974><CT>" triggered "weaponstats2" (weapon "famas") (head "0") (chest "0") (stomach "0") (leftarm "1") (rightarm "0") (leftleg "1") (rightleg "0")
L 03/28/2015 - 19:55:46: "[Hard_Skill]_Mi{x}eR<102><STEAM_0:4:2092800974><CT>" triggered "weaponstats" (weapon "m4a1") (shots "2") (hits "2") (kills "0") (headshots "0") (tks "0") (damage "48") (deaths "1")
L 03/28/2015 - 19:55:46: "[Hard_Skill]_Mi{x}eR<102><STEAM_0:4:2092800974><CT>" triggered "weaponstats2" (weapon "m4a1") (head "0") (chest "0") (stomach "0") (leftarm "0") (rightarm "0") (leftleg "0") (rightleg "2")
L 03/28/2015 - 19:55:46: "[Hard_Skill]_Mi{x}eR<102><STEAM_0:4:2092800974><CT>" triggered "weaponstats" (weapon "deagle") (shots "1") (hits "0") (kills "0") (headshots "0") (tks "0") (damage "0") (deaths "1")
L 03/28/2015 - 19:55:46: "[Hard_Skill]_Mi{x}eR<102><STEAM_0:4:2092800974><CT>" triggered "weaponstats2" (weapon "deagle") (head "0") (chest "0") (stomach "0") (leftarm "0") (rightarm "0") (leftleg "0") (rightleg "0")
L 03/28/2015 - 19:55:46: "[Hard_Skill]_Mi{x}eR<102><STEAM_0:4:2092800974><CT>" triggered "time" (time "2:00")
L 03/28/2015 - 19:55:46: "[Hard_Skill]_Mi{x}eR<102><STEAM_0:4:2092800974><CT>" triggered "latency" (ping "47")
L 03/28/2015 - 19:55:46: "[Hard_Skill]_Mi{x}eR<102><STEAM_0:4:2092800974><CT>" disconnected
L 03/28/2015 - 19:55:51: [DPROTO]: Client 3 - Set AuthIdType 3 [dp_RevEmu]; pClient = 0xb3983be4
L 03/28/2015 - 19:55:51: "[Hard_Skill]_Mi{x}eR<103><STEAM_0:4:2092800974><>" connected, address "37.213.39.80:27005"
L 03/28/2015 - 19:55:51: [VTC] Player 4 speex
L 03/28/2015 - 19:55:51: World triggered "Round_Start"
L 03/28/2015 - 19:55:55: "[Hard_Skill]_Mi{x}eR<103><STEAM_0:4:2092800974><>" entered the game
L 03/28/2015 - 19:55:57: "[Hard_Skill]_Mi{x}eR<103><STEAM_0:4:2092800974><>" joined team "CT"
L 03/28/2015 - 19:56:04: "[Hard_Skill]_AHAKOHDA<100><STEAM_0:4:1668238597><TERRORIST>" attacked "[Hard_Skill]_Mi{x}eR<103><STEAM_0:4:2092800974><CT>" with "deagle" (damage "13") (damage_armor "0") (health "87") (armor "100")
L 03/28/2015 - 19:56:05: "[Hard_Skill]_AHAKOHDA<100><STEAM_0:4:1668238597><TERRORIST>" attacked "[Hard_Skill]_Mi{x}eR<103><STEAM_0:4:2092800974><CT>" with "deagle" (damage "28") (damage_armor "5") (health "59") (armor "95")
L 03/28/2015 - 19:56:05: "[Hard_Skill]_Mi{x}eR<103><STEAM_0:4:2092800974><CT>" attacked "[Hard_Skill]_AHAKOHDA<100><STEAM_0:4:1668238597><TERRORIST>" with "deagle" (damage "13") (damage_armor "2") (health "53") (armor "80")
L 03/28/2015 - 19:56:11: "[Hard_Skill]_AHAKOHDA<100><STEAM_0:4:1668238597><TERRORIST>" attacked "[Hard_Skill]_Mi{x}eR<103><STEAM_0:4:2092800974><CT>" with "ak47" (damage "32") (damage_armor "5") (health "27") (armor "95")
L 03/28/2015 - 19:56:11: "[Hard_Skill]_AHAKOHDA<100><STEAM_0:4:1668238597><TERRORIST>" attacked "[Hard_Skill]_Mi{x}eR<103><STEAM_0:4:2092800974><CT>" with "ak47" (damage "105") (damage_armor "16") (health "-78") (armor "79")
L 03/28/2015 - 19:56:11: "[Hard_Skill]_AHAKOHDA<100><STEAM_0:4:1668238597><TERRORIST>" killed "[Hard_Skill]_Mi{x}eR<103><STEAM_0:4:2092800974><CT>" with "ak47"
L 03/28/2015 - 19:56:11: Team "TERRORIST" triggered "Terrorists_Win" (CT "0") (T "5")
L 03/28/2015 - 19:56:11: World triggered "Round_End"
L 03/28/2015 - 19:56:21: World triggered "Round_Start"
L 03/28/2015 - 19:56:24: "[Hard_Skill]_Mi{x}eR<103><STEAM_0:4:2092800974><CT>" attacked "[Hard_Skill]_AHAKOHDA<100><STEAM_0:4:1668238597><TERRORIST>" with "m4a1" (damage "20") (damage_armor "5") (health "80") (armor "95")
L 03/28/2015 - 19:56:25: "[Hard_Skill]_AHAKOHDA<100><STEAM_0:4:1668238597><TERRORIST>" attacked "[Hard_Skill]_Mi{x}eR<103><STEAM_0:4:2092800974><CT>" with "ak47" (damage "26") (damage_armor "4") (health "74") (armor "96")
L 03/28/2015 - 19:56:26: "[Hard_Skill]_AHAKOHDA<100><STEAM_0:4:1668238597><TERRORIST>" attacked "[Hard_Skill]_Mi{x}eR<103><STEAM_0:4:2092800974><CT>" with "ak47" (damage "26") (damage_armor "4") (health "48") (armor "92")
L 03/28/2015 - 19:56:26: "[Hard_Skill]_AHAKOHDA<100><STEAM_0:4:1668238597><TERRORIST>" attacked "[Hard_Skill]_Mi{x}eR<103><STEAM_0:4:2092800974><CT>" with "ak47" (damage "26") (damage_armor "4") (health "22") (armor "88")
L 03/28/2015 - 19:56:26: "[Hard_Skill]_Mi{x}eR<103><STEAM_0:4:2092800974><CT>" attacked "[Hard_Skill]_AHAKOHDA<100><STEAM_0:4:1668238597><TERRORIST>" with "m4a1" (damage "20") (damage_armor "4") (health "60") (armor "91")
L 03/28/2015 - 19:56:26: "[Hard_Skill]_Mi{x}eR<103><STEAM_0:4:2092800974><CT>" attacked "[Hard_Skill]_AHAKOHDA<100><STEAM_0:4:1668238597><TERRORIST>" with "m4a1" (damage "81") (damage_armor "18") (health "-21") (armor "73")
L 03/28/2015 - 19:56:26: "[Hard_Skill]_Mi{x}eR<103><STEAM_0:4:2092800974><CT>" killed "[Hard_Skill]_AHAKOHDA<100><STEAM_0:4:1668238597><TERRORIST>" with "m4a1"
L 03/28/2015 - 19:56:26: Team "CT" triggered "CTs_Win" (CT "1") (T "5")
L 03/28/2015 - 19:56:26: World triggered "Round_End"
L 03/28/2015 - 19:56:36: World triggered "Round_Start"
L 03/28/2015 - 19:56:47: "[Hard_Skill]_AHAKOHDA<100><STEAM_0:4:1668238597><TERRORIST>" attacked "[Hard_Skill]_Mi{x}eR<103><STEAM_0:4:2092800974><CT>" with "awp" (damage "110") (damage_armor "2") (health "-10") (armor "98")
L 03/28/2015 - 19:56:47: "[Hard_Skill]_AHAKOHDA<100><STEAM_0:4:1668238597><TERRORIST>" killed "[Hard_Skill]_Mi{x}eR<103><STEAM_0:4:2092800974><CT>" with "awp"
L 03/28/2015 - 19:56:47: Team "TERRORIST" triggered "Terrorists_Win" (CT "1") (T "6")
L 03/28/2015 - 19:56:47: World triggered "Round_End"
L 03/28/2015 - 19:56:57: World triggered "Round_Start"
L 03/28/2015 - 19:57:05: "[Hard_Skill]_Mi{x}eR<103><STEAM_0:4:2092800974><CT>" attacked "[Hard_Skill]_AHAKOHDA<100><STEAM_0:4:1668238597><TERRORIST>" with "m4a1" (damage "19") (damage_armor "5") (health "81") (armor "95")
L 03/28/2015 - 19:57:05: "[Hard_Skill]_Mi{x}eR<103><STEAM_0:4:2092800974><CT>" attacked "[Hard_Skill]_AHAKOHDA<100><STEAM_0:4:1668238597><TERRORIST>" with "m4a1" (damage "19") (damage_armor "4") (health "62") (armor "91")
L 03/28/2015 - 19:57:05: "[Hard_Skill]_AHAKOHDA<100><STEAM_0:4:1668238597><TERRORIST>" attacked "[Hard_Skill]_Mi{x}eR<103><STEAM_0:4:2092800974><CT>" with "awp" (damage "135") (damage_armor "2") (health "-35") (armor "98")
L 03/28/2015 - 19:57:05: "[Hard_Skill]_AHAKOHDA<100><STEAM_0:4:1668238597><TERRORIST>" killed "[Hard_Skill]_Mi{x}eR<103><STEAM_0:4:2092800974><CT>" with "awp"
L 03/28/2015 - 19:57:05: Team "TERRORIST" triggered "Terrorists_Win" (CT "1") (T "7")
L 03/28/2015 - 19:57:05: World triggered "Round_End"
L 03/28/2015 - 19:57:08: "[Hard_Skill]_Mi{x}eR<103><STEAM_0:4:2092800974><CT>" triggered "weaponstats" (weapon "grenade") (shots "1") (hits "1") (kills "0") (headshots "0") (tks "0") (damage "34") (deaths "0")
L 03/28/2015 - 19:57:08: "[Hard_Skill]_Mi{x}eR<103><STEAM_0:4:2092800974><CT>" triggered "weaponstats2" (weapon "grenade") (head "0") (chest "0") (stomach "0") (leftarm "0") (rightarm "0") (leftleg "0") (rightleg "0")
L 03/28/2015 - 19:57:08: "[Hard_Skill]_Mi{x}eR<103><STEAM_0:4:2092800974><CT>" triggered "weaponstats" (weapon "m4a1") (shots "33") (hits "5") (kills "1") (headshots "1") (tks "0") (damage "159") (deaths "2")
L 03/28/2015 - 19:57:08: "[Hard_Skill]_Mi{x}eR<103><STEAM_0:4:2092800974><CT>" triggered "weaponstats2" (weapon "m4a1") (head "1") (chest "1") (stomach "0") (leftarm "3") (rightarm "0") (leftleg "0") (rightleg "0")
L 03/28/2015 - 19:57:08: "[Hard_Skill]_Mi{x}eR<103><STEAM_0:4:2092800974><CT>" triggered "weaponstats" (weapon "deagle") (shots "6") (hits "1") (kills "0") (headshots "0") (tks "0") (damage "13") (deaths "1")
L 03/28/2015 - 19:57:08: "[Hard_Skill]_Mi{x}eR<103><STEAM_0:4:2092800974><CT>" triggered "weaponstats2" (weapon "deagle") (head "0") (chest "0") (stomach "0") (leftarm "0") (rightarm "1") (leftleg "0") (rightleg "0")
L 03/28/2015 - 19:57:08: "[Hard_Skill]_Mi{x}eR<103><STEAM_0:4:2092800974><CT>" triggered "time" (time "1:13")
L 03/28/2015 - 19:57:08: "[Hard_Skill]_Mi{x}eR<103><STEAM_0:4:2092800974><CT>" triggered "latency" (ping "34")
L 03/28/2015 - 19:57:08: "[Hard_Skill]_Mi{x}eR<103><STEAM_0:4:2092800974><CT>" disconnected
L 03/28/2015 - 19:57:12: "[Hard_Skill]_AHAKOHDA<100><STEAM_0:4:1668238597><TERRORIST>" triggered "weaponstats" (weapon "grenade") (shots "1") (hits "0") (kills "0") (headshots "0") (tks "0") (damage "0") (deaths "0")
L 03/28/2015 - 19:57:12: "[Hard_Skill]_AHAKOHDA<100><STEAM_0:4:1668238597><TERRORIST>" triggered "weaponstats2" (weapon "grenade") (head "0") (chest "0") (stomach "0") (leftarm "0") (rightarm "0") (leftleg "0") (rightleg "0")
L 03/28/2015 - 19:57:12: "[Hard_Skill]_AHAKOHDA<100><STEAM_0:4:1668238597><TERRORIST>" triggered "weaponstats" (weapon "awp") (shots "4") (hits "2") (kills "2") (headshots "0") (tks "0") (damage "245") (deaths "0")
L 03/28/2015 - 19:57:12: "[Hard_Skill]_AHAKOHDA<100><STEAM_0:4:1668238597><TERRORIST>" triggered "weaponstats2" (weapon "awp") (head "0") (chest "0") (stomach "1") (leftarm "1") (rightarm "0") (leftleg "0") (rightleg "0")
L 03/28/2015 - 19:57:12: "[Hard_Skill]_AHAKOHDA<100><STEAM_0:4:1668238597><TERRORIST>" triggered "weaponstats" (weapon "deagle") (shots "8") (hits "2") (kills "0") (headshots "0") (tks "0") (damage "41") (deaths "0")
L 03/28/2015 - 19:57:12: "[Hard_Skill]_AHAKOHDA<100><STEAM_0:4:1668238597><TERRORIST>" triggered "weaponstats2" (weapon "deagle") (head "0") (chest "0") (stomach "0") (leftarm "1") (rightarm "0") (leftleg "1") (rightleg "0")
L 03/28/2015 - 19:57:12: "[Hard_Skill]_AHAKOHDA<100><STEAM_0:4:1668238597><TERRORIST>" triggered "weaponstats" (weapon "ak47") (shots "94") (hits "18") (kills "5") (headshots "2") (tks "0") (damage "690") (deaths "1")
L 03/28/2015 - 19:57:12: "[Hard_Skill]_AHAKOHDA<100><STEAM_0:4:1668238597><TERRORIST>" triggered "weaponstats2" (weapon "ak47") (head "2") (chest "0") (stomach "3") (leftarm "6") (rightarm "5") (leftleg "1") (rightleg "1")
L 03/28/2015 - 19:57:12: "[Hard_Skill]_AHAKOHDA<100><STEAM_0:4:1668238597><TERRORIST>" triggered "time" (time "3:32")
L 03/28/2015 - 19:57:12: "[Hard_Skill]_AHAKOHDA<100><STEAM_0:4:1668238597><TERRORIST>" triggered "latency" (ping "31")
L 03/28/2015 - 19:57:12: "[Hard_Skill]_AHAKOHDA<100><STEAM_0:4:1668238597><TERRORIST>" disconnected
L 03/28/2015 - 19:57:12: World triggered "Round_Draw" (CT "1") (T "7")
L 03/28/2015 - 19:57:12: World triggered "Round_End"
L 03/28/2015 - 19:57:15: World triggered "Round_Start"
L 03/28/2015 - 19:57:22: World triggered "Round_Start"
L 03/28/2015 - 19:57:51: [DPROTO]: Client 0 - Set AuthIdType 1 [Native]; pClient = 0xb3974f08
L 03/28/2015 - 19:57:51: "даша Следопыт<104><STEAM_0:1:100191951><>" connected, address "46.149.81.110:27005"
L 03/28/2015 - 19:57:51: [VTC] Player 1 silk
L 03/28/2015 - 19:57:52: "unnamed<104><STEAM_0:1:100191951><>" STEAM USERID validated
L 03/28/2015 - 19:58:02: [DPROTO]: Client 0 - Set AuthIdType 1 [Native]; pClient = 0xb3974f08
L 03/28/2015 - 19:58:02: "даша Следопыт<105><STEAM_0:1:100191951><>" connected, address "46.149.81.110:27005"
L 03/28/2015 - 19:58:02: [VTC] Player 1 silk
L 03/28/2015 - 19:58:03: "unnamed<105><STEAM_0:1:100191951><>" STEAM USERID validated
L 03/28/2015 - 19:58:06: "unnamed<105><STEAM_0:1:100191951><>" entered the game
L 03/28/2015 - 19:58:08: "unnamed<105><STEAM_0:1:100191951><>" joined team "TERRORIST"
L 03/28/2015 - 19:58:12: "unnamed<105><STEAM_0:1:100191951><TERRORIST>" triggered "Killed_A_Hostage"
L 03/28/2015 - 19:58:34: "unnamed<105><STEAM_0:1:100191951><TERRORIST>" triggered "weaponstats" (weapon "glock18") (shots "6") (hits "0") (kills "0") (headshots "0") (tks "0") (damage "0") (deaths "0")
L 03/28/2015 - 19:58:34: "unnamed<105><STEAM_0:1:100191951><TERRORIST>" triggered "weaponstats2" (weapon "glock18") (head "0") (chest "0") (stomach "0") (leftarm "0") (rightarm "0") (leftleg "0") (rightleg "0")
L 03/28/2015 - 19:58:34: "unnamed<105><STEAM_0:1:100191951><TERRORIST>" triggered "time" (time "0:28")
L 03/28/2015 - 19:58:34: "unnamed<105><STEAM_0:1:100191951><TERRORIST>" triggered "latency" (ping "46")
L 03/28/2015 - 19:58:34: "unnamed<105><STEAM_0:1:100191951><TERRORIST>" disconnected
L 03/28/2015 - 19:58:34: World triggered "Round_Draw" (CT "1") (T "7")
L 03/28/2015 - 19:58:34: World triggered "Round_End"
L 03/28/2015 - 19:58:44: World triggered "Round_Start"
L 03/28/2015 - 20:00:23: [DPROTO]: Client 0 - Set AuthIdType 3 [dp_RevEmu]; pClient = 0xb3974f08
L 03/28/2015 - 20:00:23: "assasin<106><STEAM_0:4:424726405><>" connected, address "178.125.253.155:27005"
L 03/28/2015 - 20:00:23: [VTC] Player 1 speex
L 03/28/2015 - 20:00:37: [DPROTO]: Client 0 - Set AuthIdType 3 [dp_RevEmu]; pClient = 0xb3974f08
L 03/28/2015 - 20:00:37: "assasin<107><STEAM_0:4:424726405><>" connected, address "178.125.253.155:27005"
L 03/28/2015 - 20:00:37: [VTC] Player 1 speex
L 03/28/2015 - 20:00:48: "assasin<107><STEAM_0:4:424726405><>" entered the game
L 03/28/2015 - 20:00:51: "assasin<107><STEAM_0:4:424726405><>" joined team "TERRORIST"
L 03/28/2015 - 20:00:56: "assasin<107><STEAM_0:4:424726405><TERRORIST>" triggered "Killed_A_Hostage"
L 03/28/2015 - 20:01:04: [DPROTO]: Client 1 - Set AuthIdType 3 [dp_RevEmu]; pClient = 0xb3979dfc
L 03/28/2015 - 20:01:04: "[Hard_Skill]_4IKIST<108><STEAM_0:4:1313809669><>" connected, address "178.168.194.53:27005"
L 03/28/2015 - 20:01:04: [VTC] Player 2 speex
L 03/28/2015 - 20:01:16: "[Hard_Skill]_4IKIST<108><STEAM_0:4:1313809669><>" entered the game
L 03/28/2015 - 20:01:18: Team "TERRORIST" triggered "Hostages_Not_Rescued" (CT "1") (T "8")
L 03/28/2015 - 20:01:18: World triggered "Round_End"
L 03/28/2015 - 20:01:19: "[Hard_Skill]_4IKIST<108><STEAM_0:4:1313809669><>" joined team "CT"
L 03/28/2015 - 20:01:19: World triggered "Game_Commencing"
L 03/28/2015 - 20:01:19: World triggered "Game_Commencing" (CT "1") (T "8")
L 03/28/2015 - 20:01:19: World triggered "Round_End"
L 03/28/2015 - 20:01:27: World triggered "Round_Start"
L 03/28/2015 - 20:01:35: "assasin<107><STEAM_0:4:424726405><TERRORIST>" attacked "[Hard_Skill]_4IKIST<108><STEAM_0:4:1313809669><CT>" with "glock18" (damage "11") (damage_armor "5") (health "89") (armor "95")
L 03/28/2015 - 20:01:35: "assasin<107><STEAM_0:4:424726405><TERRORIST>" attacked "[Hard_Skill]_4IKIST<108><STEAM_0:4:1313809669><CT>" with "glock18" (damage "11") (damage_armor "5") (health "78") (armor "90")
L 03/28/2015 - 20:01:35: "assasin<107><STEAM_0:4:424726405><TERRORIST>" attacked "[Hard_Skill]_4IKIST<108><STEAM_0:4:1313809669><CT>" with "glock18" (damage "11") (damage_armor "5") (health "67") (armor "85")
L 03/28/2015 - 20:01:35: "assasin<107><STEAM_0:4:424726405><TERRORIST>" attacked "[Hard_Skill]_4IKIST<108><STEAM_0:4:1313809669><CT>" with "glock18" (damage "11") (damage_armor "5") (health "56") (armor "80")
L 03/28/2015 - 20:01:35: "[Hard_Skill]_4IKIST<108><STEAM_0:4:1313809669><CT>" attacked "assasin<107><STEAM_0:4:424726405><TERRORIST>" with "deagle" (damage "36") (damage_armor "6") (health "64") (armor "94")
L 03/28/2015 - 20:01:36: "[Hard_Skill]_4IKIST<108><STEAM_0:4:1313809669><CT>" attacked "assasin<107><STEAM_0:4:424726405><TERRORIST>" with "deagle" (damage "36") (damage_armor "6") (health "28") (armor "88")
L 03/28/2015 - 20:01:38: [DPROTO]: Client 2 - Set AuthIdType 1 [dp_SteamEmu]; pClient = 0xb397ecf0
L 03/28/2015 - 20:01:38: "[Hard_Skill]_Lexa Kosmonaft<109><STEAM_0:0:226379933><>" connected, address "37.212.184.171:44153"
L 03/28/2015 - 20:01:38: [VTC] Player 3 speex
L 03/28/2015 - 20:01:41: [DPROTO]: Client 2 - Set AuthIdType 1 [dp_SteamEmu]; pClient = 0xb397ecf0
L 03/28/2015 - 20:01:41: "[Hard_Skill]_Lexa Kosmonaft<110><STEAM_0:0:226379933><>" connected, address "37.212.184.171:44153"
L 03/28/2015 - 20:01:41: [VTC] Player 3 speex
L 03/28/2015 - 20:01:47: "[Hard_Skill]_4IKIST<108><STEAM_0:4:1313809669><CT>" attacked "assasin<107><STEAM_0:4:424726405><TERRORIST>" with "deagle" (damage "33") (damage_armor "6") (health "-5") (armor "82")
L 03/28/2015 - 20:01:47: "[Hard_Skill]_4IKIST<108><STEAM_0:4:1313809669><CT>" killed "assasin<107><STEAM_0:4:424726405><TERRORIST>" with "deagle"
L 03/28/2015 - 20:01:47: Team "CT" triggered "CTs_Win" (CT "1") (T "0")
L 03/28/2015 - 20:01:47: World triggered "Round_End"
L 03/28/2015 - 20:01:50: "[Hard_Skill]_Lexa Kosmonaft<110><STEAM_0:0:226379933><>" entered the game
L 03/28/2015 - 20:01:57: World triggered "Round_Start"
L 03/28/2015 - 20:02:00: "[Hard_Skill]_Lexa Kosmonaft<110><STEAM_0:0:226379933><>" joined team "SPECTATOR"
L 03/28/2015 - 20:02:01: "[Hard_Skill]_4IKIST<108><STEAM_0:4:1313809669><CT>" attacked "assasin<107><STEAM_0:4:424726405><TERRORIST>" with "m4a1" (damage "84") (damage_armor "18") (health "16") (armor "82")
L 03/28/2015 - 20:02:02: "assasin<107><STEAM_0:4:424726405><TERRORIST>" attacked "[Hard_Skill]_4IKIST<108><STEAM_0:4:1313809669><CT>" with "glock18" (damage "7") (damage_armor "4") (health "93") (armor "96")
L 03/28/2015 - 20:02:02: "[Hard_Skill]_4IKIST<108><STEAM_0:4:1313809669><CT>" attacked "assasin<107><STEAM_0:4:424726405><TERRORIST>" with "m4a1" (damage "21") (damage_armor "5") (health "-5") (armor "77")
L 03/28/2015 - 20:02:02: "[Hard_Skill]_4IKIST<108><STEAM_0:4:1313809669><CT>" killed "assasin<107><STEAM_0:4:424726405><TERRORIST>" with "m4a1"
L 03/28/2015 - 20:02:02: Team "CT" triggered "CTs_Win" (CT "2") (T "0")
L 03/28/2015 - 20:02:02: World triggered "Round_End"
L 03/28/2015 - 20:02:09: "assasin<107><STEAM_0:4:424726405><TERRORIST>" triggered "weaponstats" (weapon "glock18") (shots "31") (hits "5") (kills "0") (headshots "0") (tks "0") (damage "51") (deaths "2")
L 03/28/2015 - 20:02:09: "assasin<107><STEAM_0:4:424726405><TERRORIST>" triggered "weaponstats2" (weapon "glock18") (head "0") (chest "1") (stomach "0") (leftarm "4") (rightarm "0") (leftleg "0") (rightleg "0")
L 03/28/2015 - 20:02:09: "assasin<107><STEAM_0:4:424726405><TERRORIST>" triggered "time" (time "1:21")
L 03/28/2015 - 20:02:09: "assasin<107><STEAM_0:4:424726405><TERRORIST>" triggered "latency" (ping "15")
L 03/28/2015 - 20:02:09: "[Hard_Skill]_4IKIST<108><STEAM_0:4:1313809669><CT>" triggered "weaponstats" (weapon "m4a1") (shots "9") (hits "2") (kills "1") (headshots "0") (tks "0") (damage "105") (deaths "0")
L 03/28/2015 - 20:02:09: "[Hard_Skill]_4IKIST<108><STEAM_0:4:1313809669><CT>" triggered "weaponstats2" (weapon "m4a1") (head "1") (chest "1") (stomach "0") (leftarm "0") (rightarm "0") (leftleg "0") (rightleg "0")
L 03/28/2015 - 20:02:09: "[Hard_Skill]_4IKIST<108><STEAM_0:4:1313809669><CT>" triggered "weaponstats" (weapon "deagle") (shots "17") (hits "3") (kills "1") (headshots "0") (tks "0") (damage "105") (deaths "0")
L 03/28/2015 - 20:02:09: "[Hard_Skill]_4IKIST<108><STEAM_0:4:1313809669><CT>" triggered "weaponstats2" (weapon "deagle") (head "0") (chest "1") (stomach "0") (leftarm "1") (rightarm "1") (leftleg "0") (rightleg "0")
L 03/28/2015 - 20:02:09: "[Hard_Skill]_4IKIST<108><STEAM_0:4:1313809669><CT>" triggered "time" (time "0:53")
L 03/28/2015 - 20:02:09: "[Hard_Skill]_4IKIST<108><STEAM_0:4:1313809669><CT>" triggered "latency" (ping "3")
L 03/28/2015 - 20:02:09: "[Hard_Skill]_Lexa Kosmonaft<110><STEAM_0:0:226379933><SPECTATOR>" triggered "time" (time "0:18")
L 03/28/2015 - 20:02:09: "[Hard_Skill]_Lexa Kosmonaft<110><STEAM_0:0:226379933><SPECTATOR>" triggered "latency" (ping "0")
L 03/28/2015 - 20:02:09: [META] ini: Begin re-reading plugins list: /home/extazy/public/cstrike/addons/metamod/plugins.ini
L 03/28/2015 - 20:02:09: [META] ini: Read plugin config for: AMX Mod X
L 03/28/2015 - 20:02:09: [META] ini: Read plugin config for: dproto_EF
L 03/28/2015 - 20:02:09: [META] ini: Read plugin config for: VoiceTranscoder
L 03/28/2015 - 20:02:09: [META] ini: Read plugin config for: WHBlocker
L 03/28/2015 - 20:02:09: [META] ini: Finished reading plugins list: /home/extazy/public/cstrike/addons/metamod/plugins.ini; Found 4 plugins
L 03/28/2015 - 20:02:09: [META] dll: Updating plugins...
L 03/28/2015 - 20:02:09: [META] dll: Finished updating 13 plugins; kept 4, loaded 0, unloaded 0, reloaded 0, delayed 0
L 03/28/2015 - 20:02:09: "assasin<107><STEAM_0:4:424726405><TERRORIST>" disconnected
L 03/28/2015 - 20:02:09: "[Hard_Skill]_4IKIST<108><STEAM_0:4:1313809669><CT>" disconnected
L 03/28/2015 - 20:02:09: World triggered "Round_Draw" (CT "2") (T "0")
L 03/28/2015 - 20:02:09: World triggered "Round_End"
L 03/28/2015 - 20:02:09: "[Hard_Skill]_Lexa Kosmonaft<110><STEAM_0:0:226379933><SPECTATOR>" disconnected
L 03/28/2015 - 20:02:09: World triggered "Round_Draw" (CT "2") (T "0")
L 03/28/2015 - 20:02:09: World triggered "Round_End"
L 03/28/2015 - 20:02:09: Log file closed
