L 03/21/2015 - 10:23:08: Log file started (file "logs/L0321017.log") (game "cstrike") (version "48/1.6.3.7/Stdio/5787")
L 03/21/2015 - 10:23:08: Loading map "$2000$"
L 03/21/2015 - 10:23:08: Server cvars start
L 03/21/2015 - 10:23:08: Server cvar "_tutor_bomb_viewable_check_interval" = "0.5"
L 03/21/2015 - 10:23:08: Server cvar "_tutor_debug_level" = "0"
L 03/21/2015 - 10:23:08: Server cvar "_tutor_examine_time" = "0.5"
L 03/21/2015 - 10:23:08: Server cvar "_tutor_hint_interval_time" = "10.0"
L 03/21/2015 - 10:23:08: Server cvar "_tutor_look_angle" = "10"
L 03/21/2015 - 10:23:08: Server cvar "_tutor_look_distance" = "200"
L 03/21/2015 - 10:23:08: Server cvar "_tutor_message_character_display_time_coefficient" = "0.07"
L 03/21/2015 - 10:23:08: Server cvar "_tutor_message_minimum_display_time" = "1"
L 03/21/2015 - 10:23:08: Server cvar "_tutor_message_repeats" = "5"
L 03/21/2015 - 10:23:08: Server cvar "_tutor_view_distance" = "1000"
L 03/21/2015 - 10:23:08: Server cvar "aesp_version" = "1.5b_mini"
L 03/21/2015 - 10:23:08: Server cvar "allow_spectators" = "4"
L 03/21/2015 - 10:23:08: Server cvar "amx_client_languages" = "0"
L 03/21/2015 - 10:23:08: Server cvar "amx_contactinfo" = "ICQ: 691322983"
L 03/21/2015 - 10:23:08: Server cvar "amx_language" = "ru"
L 03/21/2015 - 10:23:08: Server cvar "amx_nextmap" = "he_tennis"
L 03/21/2015 - 10:23:08: Server cvar "amx_timeleft" = "24:51"
L 03/21/2015 - 10:23:08: Server cvar "amxbans_ssversion" = "Gm 1.6"
L 03/21/2015 - 10:23:08: Server cvar "amxbans_version" = "Gm 1.6"
L 03/21/2015 - 10:23:08: Server cvar "amxmodx_version" = "1.8.1.3746"
L 03/21/2015 - 10:23:08: Server cvar "Colored Translit Cheat" = "Loaded"
L 03/21/2015 - 10:23:08: Server cvar "Colored Translit Config" = "Loaded"
L 03/21/2015 - 10:23:08: Server cvar "Colored Translit Ignores" = "Loaded"
L 03/21/2015 - 10:23:08: Server cvar "Colored Translit Replace" = "Failed"
L 03/21/2015 - 10:23:08: Server cvar "Colored Translit Spam" = "Loaded"
L 03/21/2015 - 10:23:08: Server cvar "Colored Translit Status" = "Loaded"
L 03/21/2015 - 10:23:08: Server cvar "Colored Translit Swear" = "Loaded"
L 03/21/2015 - 10:23:08: Server cvar "Colored Translit Version" = "2.0b Final"
L 03/21/2015 - 10:23:08: Server cvar "coop" = "0"
L 03/21/2015 - 10:23:08: Server cvar "deathmatch" = "1"
L 03/21/2015 - 10:23:08: Server cvar "decalfrequency" = "9"
L 03/21/2015 - 10:23:08: Server cvar "dp_version" = "0.9.391"
L 03/21/2015 - 10:23:08: Server cvar "edgefriction" = "2"
L 03/21/2015 - 10:23:08: Server cvar "hostage_debug" = "0"
L 03/21/2015 - 10:23:08: Server cvar "hostage_stop" = "0"
L 03/21/2015 - 10:23:08: Server cvar "humans_join_team" = "any"
L 03/21/2015 - 10:23:08: Server cvar "jtp10181" = "chute"
L 03/21/2015 - 10:23:08: Server cvar "max_queries_sec" = "3.0"
L 03/21/2015 - 10:23:08: Server cvar "max_queries_sec_global" = "30"
L 03/21/2015 - 10:23:08: Server cvar "max_queries_window" = "60"
L 03/21/2015 - 10:23:08: Server cvar "metamod_version" = "1.19"
L 03/21/2015 - 10:23:08: Server cvar "mp_allowmonsters" = "0"
L 03/21/2015 - 10:23:08: Server cvar "mp_autokick" = "1"
L 03/21/2015 - 10:23:08: Server cvar "mp_autoteambalance" = "1"
L 03/21/2015 - 10:23:08: Server cvar "mp_buytime" = "1.5"
L 03/21/2015 - 10:23:08: Server cvar "mp_c4timer" = "35"
L 03/21/2015 - 10:23:08: Server cvar "mp_chattime" = "1"
L 03/21/2015 - 10:23:08: Server cvar "mp_consistency" = "1"
L 03/21/2015 - 10:23:08: Server cvar "mp_fadetoblack" = "0"
L 03/21/2015 - 10:23:08: Server cvar "mp_flashlight" = "1"
L 03/21/2015 - 10:23:08: Server cvar "mp_footsteps" = "1"
L 03/21/2015 - 10:23:08: Server cvar "mp_forcecamera" = "0"
L 03/21/2015 - 10:23:08: Server cvar "mp_forcechasecam" = "0"
L 03/21/2015 - 10:23:08: Server cvar "mp_fragsleft" = "0"
L 03/21/2015 - 10:23:08: Server cvar "mp_freezetime" = "5"
L 03/21/2015 - 10:23:08: Server cvar "mp_friendlyfire" = "0"
L 03/21/2015 - 10:23:08: Server cvar "mp_ghostfrequency" = "0.1"
L 03/21/2015 - 10:23:08: Server cvar "mp_hostagepenalty" = "0"
L 03/21/2015 - 10:23:08: Server cvar "mp_kickpercent" = "0.66"
L 03/21/2015 - 10:23:08: Server cvar "mp_limitteams" = "5"
L 03/21/2015 - 10:23:08: Server cvar "mp_logdetail" = "3"
L 03/21/2015 - 10:23:08: Server cvar "mp_logfile" = "1"
L 03/21/2015 - 10:23:08: Server cvar "mp_logmessages" = "1"
L 03/21/2015 - 10:23:08: Server cvar "mp_mapvoteratio" = "0.66"
L 03/21/2015 - 10:23:08: Server cvar "mp_maxrounds" = "0"
L 03/21/2015 - 10:23:08: Server cvar "mp_mirrordamage" = "0"
L 03/21/2015 - 10:23:08: Server cvar "mp_playerid" = "0"
L 03/21/2015 - 10:23:08: Server cvar "mp_roundtime" = "2.57"
L 03/21/2015 - 10:23:08: Server cvar "mp_startmoney" = "800"
L 03/21/2015 - 10:23:08: Server cvar "mp_timeleft" = "0"
L 03/21/2015 - 10:23:08: Server cvar "mp_timelimit" = "30.000000"
L 03/21/2015 - 10:23:08: Server cvar "mp_tkpunish" = "1"
L 03/21/2015 - 10:23:08: Server cvar "mp_windifference" = "1"
L 03/21/2015 - 10:23:08: Server cvar "mp_winlimit" = "0"
L 03/21/2015 - 10:23:08: Server cvar "pausable" = "0"
L 03/21/2015 - 10:23:08: Server cvar "sv_accelerate" = "5"
L 03/21/2015 - 10:23:08: Server cvar "sv_aim" = "0"
L 03/21/2015 - 10:23:08: Server cvar "sv_airaccelerate" = "10"
L 03/21/2015 - 10:23:08: Server cvar "sv_airmove" = "1"
L 03/21/2015 - 10:23:08: Server cvar "sv_allowupload" = "1"
L 03/21/2015 - 10:23:08: Server cvar "sv_alltalk" = "0"
L 03/21/2015 - 10:23:08: Server cvar "sv_bounce" = "1"
L 03/21/2015 - 10:23:08: Server cvar "sv_cheats" = "0"
L 03/21/2015 - 10:23:08: Server cvar "sv_clienttrace" = "1"
L 03/21/2015 - 10:23:08: Server cvar "sv_clipmode" = "0"
L 03/21/2015 - 10:23:08: Server cvar "sv_contact" = ""
L 03/21/2015 - 10:23:08: Server cvar "sv_friction" = "4"
L 03/21/2015 - 10:23:08: Server cvar "sv_gravity" = "800"
L 03/21/2015 - 10:23:08: Server cvar "sv_logblocks" = "0"
L 03/21/2015 - 10:23:08: Server cvar "sv_maxrate" = "50000"
L 03/21/2015 - 10:23:08: Server cvar "sv_maxspeed" = "900"
L 03/21/2015 - 10:23:08: Server cvar "sv_minrate" = "100000"
L 03/21/2015 - 10:23:08: Server cvar "sv_password" = ""
L 03/21/2015 - 10:23:08: Server cvar "sv_proxies" = "0"
L 03/21/2015 - 10:23:08: Server cvar "sv_region" = "255"
L 03/21/2015 - 10:23:08: Server cvar "sv_restart" = "0"
L 03/21/2015 - 10:23:08: Server cvar "sv_restartround" = "0"
L 03/21/2015 - 10:23:08: Server cvar "sv_stepsize" = "18"
L 03/21/2015 - 10:23:08: Server cvar "sv_stopspeed" = "75"
L 03/21/2015 - 10:23:08: Server cvar "sv_uploadmax" = "0.5"
L 03/21/2015 - 10:23:08: Server cvar "sv_voiceenable" = "1"
L 03/21/2015 - 10:23:08: Server cvar "sv_wateraccelerate" = "10"
L 03/21/2015 - 10:23:08: Server cvar "sv_waterfriction" = "1"
L 03/21/2015 - 10:23:08: Server cvar "vtc_version" = "80"
L 03/21/2015 - 10:23:08: Server cvars end
L 03/21/2015 - 10:23:09: Server cvar "amx_nextmap" = "de_dust2"
L 03/21/2015 - 10:23:09: Server cvar "sv_restart" = "1"
L 03/21/2015 - 10:23:09: World triggered "Restart_Round_(1_second)"
L 03/21/2015 - 10:23:09: Team "CT" scored "0" with "0" players
L 03/21/2015 - 10:23:09: Team "TERRORIST" scored "0" with "0" players
L 03/21/2015 - 10:23:09: Server cvar "sv_restart" = "0"
L 03/21/2015 - 10:23:09: Started map "$2000$" (CRC "-1688392397")
L 03/21/2015 - 10:23:14: World triggered "Round_Start"
L 03/21/2015 - 10:28:36: [DPROTO]: Client 0 - Set AuthIdType 3 [dp_RevEmu]; pClient = 0xb398df08
L 03/21/2015 - 10:28:36: "|Xyligans|_Zl@9|_P@nD@<13><STEAM_0:4:1383353605><>" connected, address "178.120.180.13:9705"
L 03/21/2015 - 10:28:36: [VTC] Player 1 speex
L 03/21/2015 - 10:28:39: "|Xyligans|_Zl@9|_P@nD@<13><STEAM_0:4:1383353605><>" entered the game
L 03/21/2015 - 10:28:53: "|Xyligans|_Zl@9|_P@nD@<13><STEAM_0:4:1383353605><UNASSIGNED>" triggered "time" (time "0:14")
L 03/21/2015 - 10:28:53: "|Xyligans|_Zl@9|_P@nD@<13><STEAM_0:4:1383353605><UNASSIGNED>" triggered "latency" (ping "0")
L 03/21/2015 - 10:28:53: "|Xyligans|_Zl@9|_P@nD@<13><STEAM_0:4:1383353605><>" disconnected
L 03/21/2015 - 10:28:53: World triggered "Round_Draw" (CT "0") (T "0")
L 03/21/2015 - 10:28:53: World triggered "Round_End"
L 03/21/2015 - 10:29:03: World triggered "Round_Start"
L 03/21/2015 - 10:33:18: [DPROTO]: Client 0 - Set AuthIdType 3 [dp_RevEmu]; pClient = 0xb398df08
L 03/21/2015 - 10:33:18: "[Hard_Skill]_Dasha<14><STEAM_0:4:1068366041><>" connected, address "10.19.7.214:27005"
L 03/21/2015 - 10:33:18: [VTC] Player 1 speex
L 03/21/2015 - 10:33:41: "[Hard_Skill]_Dasha<14><STEAM_0:4:1068366041><>" entered the game
L 03/21/2015 - 10:33:50: "[Hard_Skill]_Dasha<14><STEAM_0:4:1068366041><>" joined team "CT"
L 03/21/2015 - 10:45:39: [DPROTO]: Client 1 - Set AuthIdType 1 [dp_SteamEmu]; pClient = 0xb3992dfc
L 03/21/2015 - 10:45:39: "$$$$matvei$$$$<15><STEAM_0:0:1771118830><>" connected, address "37.212.11.197:63261"
L 03/21/2015 - 10:45:39: [VTC] Player 2 speex
L 03/21/2015 - 10:45:47: "$$$$matvei$$$$<15><STEAM_0:0:1771118830><>" entered the game
L 03/21/2015 - 10:45:53: "$$$$matvei$$$$<15><STEAM_0:0:1771118830><>" joined team "TERRORIST"
L 03/21/2015 - 10:45:54: World triggered "Game_Commencing"
L 03/21/2015 - 10:45:54: World triggered "Game_Commencing" (CT "0") (T "0")
L 03/21/2015 - 10:45:54: World triggered "Round_End"
L 03/21/2015 - 10:46:02: World triggered "Round_Start"
L 03/21/2015 - 10:46:08: "$$$$matvei$$$$<15><STEAM_0:0:1771118830><TERRORIST>" attacked "[Hard_Skill]_Dasha<14><STEAM_0:4:1068366041><CT>" with "glock18" (damage "76") (damage_armor "0") (health "24") (armor "0")
L 03/21/2015 - 10:46:11: "$$$$matvei$$$$<15><STEAM_0:0:1771118830><TERRORIST>" attacked "[Hard_Skill]_Dasha<14><STEAM_0:4:1068366041><CT>" with "glock18" (damage "76") (damage_armor "0") (health "-52") (armor "0")
L 03/21/2015 - 10:46:11: "$$$$matvei$$$$<15><STEAM_0:0:1771118830><TERRORIST>" killed "[Hard_Skill]_Dasha<14><STEAM_0:4:1068366041><CT>" with "glock18"
L 03/21/2015 - 10:46:11: Team "TERRORIST" triggered "Terrorists_Win" (CT "0") (T "1")
L 03/21/2015 - 10:46:11: World triggered "Round_End"
L 03/21/2015 - 10:46:21: World triggered "Round_Start"
L 03/21/2015 - 10:46:36: "$$$$matvei$$$$<15><STEAM_0:0:1771118830><TERRORIST>" attacked "[Hard_Skill]_Dasha<14><STEAM_0:4:1068366041><CT>" with "ak47" (damage "140") (damage_armor "0") (health "-40") (armor "0")
L 03/21/2015 - 10:46:36: "$$$$matvei$$$$<15><STEAM_0:0:1771118830><TERRORIST>" killed "[Hard_Skill]_Dasha<14><STEAM_0:4:1068366041><CT>" with "ak47"
L 03/21/2015 - 10:46:36: Team "TERRORIST" triggered "Terrorists_Win" (CT "0") (T "2")
L 03/21/2015 - 10:46:36: World triggered "Round_End"
L 03/21/2015 - 10:46:46: World triggered "Round_Start"
L 03/21/2015 - 10:47:17: Kick: "$$$$matvei$$$$<15><STEAM_0:0:1771118830><>" was kicked by "Console" (message ""Извини, но ты лагер :D, попробуй зайти позже"")
L 03/21/2015 - 10:47:17: "$$$$matvei$$$$<15><STEAM_0:0:1771118830><TERRORIST>" triggered "weaponstats" (weapon "glock18") (shots "3") (hits "2") (kills "1") (headshots "1") (tks "0") (damage "152") (deaths "0")
L 03/21/2015 - 10:47:17: "$$$$matvei$$$$<15><STEAM_0:0:1771118830><TERRORIST>" triggered "weaponstats2" (weapon "glock18") (head "2") (chest "0") (stomach "0") (leftarm "0") (rightarm "0") (leftleg "0") (rightleg "0")
L 03/21/2015 - 10:47:17: "$$$$matvei$$$$<15><STEAM_0:0:1771118830><TERRORIST>" triggered "weaponstats" (weapon "ak47") (shots "32") (hits "1") (kills "1") (headshots "1") (tks "0") (damage "140") (deaths "0")
L 03/21/2015 - 10:47:17: "$$$$matvei$$$$<15><STEAM_0:0:1771118830><TERRORIST>" triggered "weaponstats2" (weapon "ak47") (head "1") (chest "0") (stomach "0") (leftarm "0") (rightarm "0") (leftleg "0") (rightleg "0")
L 03/21/2015 - 10:47:17: "$$$$matvei$$$$<15><STEAM_0:0:1771118830><TERRORIST>" triggered "time" (time "1:30")
L 03/21/2015 - 10:47:17: "$$$$matvei$$$$<15><STEAM_0:0:1771118830><TERRORIST>" triggered "latency" (ping "119")
L 03/21/2015 - 10:47:17: "$$$$matvei$$$$<15><STEAM_0:0:1771118830><TERRORIST>" disconnected
L 03/21/2015 - 10:48:56: "[Hard_Skill]_Dasha<14><STEAM_0:4:1068366041><CT>" committed suicide with "grenade"
L 03/21/2015 - 10:48:56: World triggered "Round_Draw" (CT "0") (T "2")
L 03/21/2015 - 10:48:56: World triggered "Round_End"
L 03/21/2015 - 10:49:06: World triggered "Round_Start"
L 03/21/2015 - 10:51:04: [DPROTO]: Client 1 - Set AuthIdType 1 [dp_SteamEmu]; pClient = 0xb3992dfc
L 03/21/2015 - 10:51:04: "$$$$matvei$$$$<16><STEAM_0:0:1771118830><>" connected, address "37.212.11.197:13257"
L 03/21/2015 - 10:51:05: [VTC] Player 2 speex
L 03/21/2015 - 10:51:14: "$$$$matvei$$$$<16><STEAM_0:0:1771118830><>" entered the game
L 03/21/2015 - 10:51:29: "$$$$matvei$$$$<16><STEAM_0:0:1771118830><>" joined team "TERRORIST"
L 03/21/2015 - 10:51:30: World triggered "Game_Commencing"
L 03/21/2015 - 10:51:30: World triggered "Game_Commencing" (CT "0") (T "2")
L 03/21/2015 - 10:51:30: World triggered "Round_End"
L 03/21/2015 - 10:51:38: World triggered "Round_Start"
L 03/21/2015 - 10:51:43: "[Hard_Skill]_Dasha<14><STEAM_0:4:1068366041><CT>" attacked "$$$$matvei$$$$<16><STEAM_0:0:1771118830><TERRORIST>" with "m4a1" (damage "21") (damage_armor "0") (health "79") (armor "0")
L 03/21/2015 - 10:51:43: "[Hard_Skill]_Dasha<14><STEAM_0:4:1068366041><CT>" attacked "$$$$matvei$$$$<16><STEAM_0:0:1771118830><TERRORIST>" with "m4a1" (damage "21") (damage_armor "0") (health "58") (armor "0")
L 03/21/2015 - 10:51:43: "[Hard_Skill]_Dasha<14><STEAM_0:4:1068366041><CT>" attacked "$$$$matvei$$$$<16><STEAM_0:0:1771118830><TERRORIST>" with "m4a1" (damage "36") (damage_armor "0") (health "22") (armor "0")
L 03/21/2015 - 10:51:43: "[Hard_Skill]_Dasha<14><STEAM_0:4:1068366041><CT>" attacked "$$$$matvei$$$$<16><STEAM_0:0:1771118830><TERRORIST>" with "m4a1" (damage "29") (damage_armor "0") (health "-7") (armor "0")
L 03/21/2015 - 10:51:43: "[Hard_Skill]_Dasha<14><STEAM_0:4:1068366041><CT>" killed "$$$$matvei$$$$<16><STEAM_0:0:1771118830><TERRORIST>" with "m4a1"
L 03/21/2015 - 10:51:43: Team "CT" triggered "CTs_Win" (CT "1") (T "0")
L 03/21/2015 - 10:51:43: World triggered "Round_End"
L 03/21/2015 - 10:51:53: World triggered "Round_Start"
L 03/21/2015 - 10:52:03: "[Hard_Skill]_Dasha<14><STEAM_0:4:1068366041><CT>" attacked "$$$$matvei$$$$<16><STEAM_0:0:1771118830><TERRORIST>" with "m4a1" (damage "23") (damage_armor "0") (health "77") (armor "0")
L 03/21/2015 - 10:52:03: "[Hard_Skill]_Dasha<14><STEAM_0:4:1068366041><CT>" attacked "$$$$matvei$$$$<16><STEAM_0:0:1771118830><TERRORIST>" with "m4a1" (damage "31") (damage_armor "0") (health "46") (armor "0")
L 03/21/2015 - 10:52:03: "[Hard_Skill]_Dasha<14><STEAM_0:4:1068366041><CT>" attacked "$$$$matvei$$$$<16><STEAM_0:0:1771118830><TERRORIST>" with "m4a1" (damage "124") (damage_armor "0") (health "-78") (armor "0")
L 03/21/2015 - 10:52:03: "[Hard_Skill]_Dasha<14><STEAM_0:4:1068366041><CT>" killed "$$$$matvei$$$$<16><STEAM_0:0:1771118830><TERRORIST>" with "m4a1"
L 03/21/2015 - 10:52:03: Team "CT" triggered "CTs_Win" (CT "2") (T "0")
L 03/21/2015 - 10:52:03: World triggered "Round_End"
L 03/21/2015 - 10:52:13: World triggered "Round_Start"
L 03/21/2015 - 10:52:17: "$$$$matvei$$$$<16><STEAM_0:0:1771118830><TERRORIST>" attacked "[Hard_Skill]_Dasha<14><STEAM_0:4:1068366041><CT>" with "ak47" (damage "35") (damage_armor "0") (health "65") (armor "0")
L 03/21/2015 - 10:52:17: "[Hard_Skill]_Dasha<14><STEAM_0:4:1068366041><CT>" attacked "$$$$matvei$$$$<16><STEAM_0:0:1771118830><TERRORIST>" with "m4a1" (damage "31") (damage_armor "0") (health "69") (armor "0")
L 03/21/2015 - 10:52:18: "$$$$matvei$$$$<16><STEAM_0:0:1771118830><TERRORIST>" attacked "[Hard_Skill]_Dasha<14><STEAM_0:4:1068366041><CT>" with "ak47" (damage "140") (damage_armor "0") (health "-75") (armor "0")
L 03/21/2015 - 10:52:18: "$$$$matvei$$$$<16><STEAM_0:0:1771118830><TERRORIST>" killed "[Hard_Skill]_Dasha<14><STEAM_0:4:1068366041><CT>" with "ak47"
L 03/21/2015 - 10:52:18: Team "TERRORIST" triggered "Terrorists_Win" (CT "2") (T "1")
L 03/21/2015 - 10:52:18: World triggered "Round_End"
L 03/21/2015 - 10:52:28: World triggered "Round_Start"
L 03/21/2015 - 10:52:39: "[Hard_Skill]_Dasha<14><STEAM_0:4:1068366041><CT>" attacked "$$$$matvei$$$$<16><STEAM_0:0:1771118830><TERRORIST>" with "m4a1" (damage "23") (damage_armor "0") (health "77") (armor "0")
L 03/21/2015 - 10:52:39: "[Hard_Skill]_Dasha<14><STEAM_0:4:1068366041><CT>" attacked "$$$$matvei$$$$<16><STEAM_0:0:1771118830><TERRORIST>" with "m4a1" (damage "23") (damage_armor "0") (health "54") (armor "0")
L 03/21/2015 - 10:52:39: "$$$$matvei$$$$<16><STEAM_0:0:1771118830><TERRORIST>" attacked "[Hard_Skill]_Dasha<14><STEAM_0:4:1068366041><CT>" with "ak47" (damage "35") (damage_armor "0") (health "65") (armor "0")
L 03/21/2015 - 10:52:39: "$$$$matvei$$$$<16><STEAM_0:0:1771118830><TERRORIST>" attacked "[Hard_Skill]_Dasha<14><STEAM_0:4:1068366041><CT>" with "ak47" (damage "140") (damage_armor "0") (health "-75") (armor "0")
L 03/21/2015 - 10:52:39: "$$$$matvei$$$$<16><STEAM_0:0:1771118830><TERRORIST>" killed "[Hard_Skill]_Dasha<14><STEAM_0:4:1068366041><CT>" with "ak47"
L 03/21/2015 - 10:52:39: Team "TERRORIST" triggered "Terrorists_Win" (CT "2") (T "2")
L 03/21/2015 - 10:52:39: World triggered "Round_End"
L 03/21/2015 - 10:52:49: World triggered "Round_Start"
L 03/21/2015 - 10:53:16: "$$$$matvei$$$$<16><STEAM_0:0:1771118830><TERRORIST>" attacked "[Hard_Skill]_Dasha<14><STEAM_0:4:1068366041><CT>" with "ak47" (damage "140") (damage_armor "0") (health "-40") (armor "0")
L 03/21/2015 - 10:53:16: "$$$$matvei$$$$<16><STEAM_0:0:1771118830><TERRORIST>" killed "[Hard_Skill]_Dasha<14><STEAM_0:4:1068366041><CT>" with "ak47"
L 03/21/2015 - 10:53:16: Team "TERRORIST" triggered "Terrorists_Win" (CT "2") (T "3")
L 03/21/2015 - 10:53:16: World triggered "Round_End"
L 03/21/2015 - 10:53:26: World triggered "Round_Start"
L 03/21/2015 - 10:53:47: "[Hard_Skill]_Dasha<14><STEAM_0:4:1068366041><CT>" attacked "$$$$matvei$$$$<16><STEAM_0:0:1771118830><TERRORIST>" with "m4a1" (damage "124") (damage_armor "0") (health "-24") (armor "0")
L 03/21/2015 - 10:53:47: "[Hard_Skill]_Dasha<14><STEAM_0:4:1068366041><CT>" killed "$$$$matvei$$$$<16><STEAM_0:0:1771118830><TERRORIST>" with "m4a1"
L 03/21/2015 - 10:53:47: Team "CT" triggered "CTs_Win" (CT "3") (T "3")
L 03/21/2015 - 10:53:47: World triggered "Round_End"
L 03/21/2015 - 10:53:57: World triggered "Round_Start"
L 03/21/2015 - 10:54:10: "[Hard_Skill]_Dasha<14><STEAM_0:4:1068366041><CT>" attacked "$$$$matvei$$$$<16><STEAM_0:0:1771118830><TERRORIST>" with "m4a1" (damage "30") (damage_armor "0") (health "70") (armor "0")
L 03/21/2015 - 10:54:10: "[Hard_Skill]_Dasha<14><STEAM_0:4:1068366041><CT>" attacked "$$$$matvei$$$$<16><STEAM_0:0:1771118830><TERRORIST>" with "m4a1" (damage "30") (damage_armor "0") (health "40") (armor "0")
L 03/21/2015 - 10:54:10: "[Hard_Skill]_Dasha<14><STEAM_0:4:1068366041><CT>" attacked "$$$$matvei$$$$<16><STEAM_0:0:1771118830><TERRORIST>" with "m4a1" (damage "30") (damage_armor "0") (health "10") (armor "0")
L 03/21/2015 - 10:54:10: [DPROTO]: Client 2 - Set AuthIdType 3 [dp_RevEmu]; pClient = 0xb3997cf0
L 03/21/2015 - 10:54:10: "[Hard_Skill]_Extazy<17><STEAM_0:4:397277401><>" connected, address "10.19.7.134:27005"
L 03/21/2015 - 10:54:10: [VTC] Player 3 speex
L 03/21/2015 - 10:54:11: "[Hard_Skill]_Dasha<14><STEAM_0:4:1068366041><CT>" attacked "$$$$matvei$$$$<16><STEAM_0:0:1771118830><TERRORIST>" with "m4a1" (damage "30") (damage_armor "0") (health "-20") (armor "0")
L 03/21/2015 - 10:54:11: "[Hard_Skill]_Dasha<14><STEAM_0:4:1068366041><CT>" killed "$$$$matvei$$$$<16><STEAM_0:0:1771118830><TERRORIST>" with "m4a1"
L 03/21/2015 - 10:54:11: Team "CT" triggered "CTs_Win" (CT "4") (T "3")
L 03/21/2015 - 10:54:11: World triggered "Round_End"
L 03/21/2015 - 10:54:21: World triggered "Round_Start"
L 03/21/2015 - 10:54:26: "[Hard_Skill]_Extazy<17><STEAM_0:4:397277401><>" entered the game
L 03/21/2015 - 10:54:27: "[Hard_Skill]_Dasha<14><STEAM_0:4:1068366041><CT>" attacked "$$$$matvei$$$$<16><STEAM_0:0:1771118830><TERRORIST>" with "m4a1" (damage "23") (damage_armor "0") (health "77") (armor "0")
L 03/21/2015 - 10:54:27: "[Hard_Skill]_Dasha<14><STEAM_0:4:1068366041><CT>" attacked "$$$$matvei$$$$<16><STEAM_0:0:1771118830><TERRORIST>" with "m4a1" (damage "23") (damage_armor "0") (health "54") (armor "0")
L 03/21/2015 - 10:54:27: "[Hard_Skill]_Dasha<14><STEAM_0:4:1068366041><CT>" attacked "$$$$matvei$$$$<16><STEAM_0:0:1771118830><TERRORIST>" with "m4a1" (damage "23") (damage_armor "0") (health "31") (armor "0")
L 03/21/2015 - 10:54:27: "[Hard_Skill]_Dasha<14><STEAM_0:4:1068366041><CT>" attacked "$$$$matvei$$$$<16><STEAM_0:0:1771118830><TERRORIST>" with "m4a1" (damage "31") (damage_armor "0") (health "0") (armor "0")
L 03/21/2015 - 10:54:27: "[Hard_Skill]_Dasha<14><STEAM_0:4:1068366041><CT>" killed "$$$$matvei$$$$<16><STEAM_0:0:1771118830><TERRORIST>" with "m4a1"
L 03/21/2015 - 10:54:27: Team "CT" triggered "CTs_Win" (CT "5") (T "3")
L 03/21/2015 - 10:54:27: World triggered "Round_End"
L 03/21/2015 - 10:54:37: World triggered "Round_Start"
L 03/21/2015 - 10:54:49: "[Hard_Skill]_Dasha<14><STEAM_0:4:1068366041><CT>" attacked "$$$$matvei$$$$<16><STEAM_0:0:1771118830><TERRORIST>" with "m4a1" (damage "36") (damage_armor "0") (health "64") (armor "0")
L 03/21/2015 - 10:54:51: "[Hard_Skill]_Dasha<14><STEAM_0:4:1068366041><CT>" attacked "$$$$matvei$$$$<16><STEAM_0:0:1771118830><TERRORIST>" with "m4a1" (damage "21") (damage_armor "0") (health "43") (armor "0")
L 03/21/2015 - 10:54:51: "$$$$matvei$$$$<16><STEAM_0:0:1771118830><TERRORIST>" attacked "[Hard_Skill]_Dasha<14><STEAM_0:4:1068366041><CT>" with "ak47" (damage "34") (damage_armor "0") (health "66") (armor "0")
L 03/21/2015 - 10:54:51: "$$$$matvei$$$$<16><STEAM_0:0:1771118830><TERRORIST>" attacked "[Hard_Skill]_Dasha<14><STEAM_0:4:1068366041><CT>" with "ak47" (damage "136") (damage_armor "0") (health "-70") (armor "0")
L 03/21/2015 - 10:54:51: "$$$$matvei$$$$<16><STEAM_0:0:1771118830><TERRORIST>" killed "[Hard_Skill]_Dasha<14><STEAM_0:4:1068366041><CT>" with "ak47"
L 03/21/2015 - 10:54:51: Team "TERRORIST" triggered "Terrorists_Win" (CT "5") (T "4")
L 03/21/2015 - 10:54:51: World triggered "Round_End"
L 03/21/2015 - 10:55:01: World triggered "Round_Start"
L 03/21/2015 - 10:55:03: "[Hard_Skill]_Dasha<14><STEAM_0:4:1068366041><CT>" triggered "weaponstats" (weapon "grenade") (shots "16") (hits "0") (kills "0") (headshots "0") (tks "0") (damage "0") (deaths "0")
L 03/21/2015 - 10:55:03: "[Hard_Skill]_Dasha<14><STEAM_0:4:1068366041><CT>" triggered "weaponstats2" (weapon "grenade") (head "0") (chest "0") (stomach "0") (leftarm "0") (rightarm "0") (leftleg "0") (rightleg "0")
L 03/21/2015 - 10:55:03: "[Hard_Skill]_Dasha<14><STEAM_0:4:1068366041><CT>" triggered "weaponstats" (weapon "xm1014") (shots "77") (hits "0") (kills "0") (headshots "0") (tks "0") (damage "0") (deaths "0")
L 03/21/2015 - 10:55:03: "[Hard_Skill]_Dasha<14><STEAM_0:4:1068366041><CT>" triggered "weaponstats2" (weapon "xm1014") (head "0") (chest "0") (stomach "0") (leftarm "0") (rightarm "0") (leftleg "0") (rightleg "0")
L 03/21/2015 - 10:55:03: "[Hard_Skill]_Dasha<14><STEAM_0:4:1068366041><CT>" triggered "weaponstats" (weapon "usp") (shots "36") (hits "0") (kills "0") (headshots "0") (tks "0") (damage "0") (deaths "3")
L 03/21/2015 - 10:55:03: "[Hard_Skill]_Dasha<14><STEAM_0:4:1068366041><CT>" triggered "weaponstats2" (weapon "usp") (head "0") (chest "0") (stomach "0") (leftarm "0") (rightarm "0") (leftleg "0") (rightleg "0")
L 03/21/2015 - 10:55:03: "[Hard_Skill]_Dasha<14><STEAM_0:4:1068366041><CT>" triggered "weaponstats" (weapon "mp5navy") (shots "55") (hits "0") (kills "0") (headshots "0") (tks "0") (damage "0") (deaths "0")
L 03/21/2015 - 10:55:03: "[Hard_Skill]_Dasha<14><STEAM_0:4:1068366041><CT>" triggered "weaponstats2" (weapon "mp5navy") (head "0") (chest "0") (stomach "0") (leftarm "0") (rightarm "0") (leftleg "0") (rightleg "0")
L 03/21/2015 - 10:55:03: "[Hard_Skill]_Dasha<14><STEAM_0:4:1068366041><CT>" triggered "weaponstats" (weapon "m4a1") (shots "614") (hits "21") (kills "5") (headshots "2") (tks "0") (damage "763") (deaths "3")
L 03/21/2015 - 10:55:03: "[Hard_Skill]_Dasha<14><STEAM_0:4:1068366041><CT>" triggered "weaponstats2" (weapon "m4a1") (head "2") (chest "3") (stomach "2") (leftarm "5") (rightarm "0") (leftleg "6") (rightleg "3")
L 03/21/2015 - 10:55:03: "[Hard_Skill]_Dasha<14><STEAM_0:4:1068366041><CT>" triggered "weaponstats" (weapon "ak47") (shots "18") (hits "0") (kills "0") (headshots "0") (tks "0") (damage "0") (deaths "0")
L 03/21/2015 - 10:55:03: "[Hard_Skill]_Dasha<14><STEAM_0:4:1068366041><CT>" triggered "weaponstats2" (weapon "ak47") (head "0") (chest "0") (stomach "0") (leftarm "0") (rightarm "0") (leftleg "0") (rightleg "0")
L 03/21/2015 - 10:55:03: "[Hard_Skill]_Dasha<14><STEAM_0:4:1068366041><CT>" triggered "weaponstats" (weapon "knife") (shots "5") (hits "0") (kills "0") (headshots "0") (tks "0") (damage "0") (deaths "0")
L 03/21/2015 - 10:55:03: "[Hard_Skill]_Dasha<14><STEAM_0:4:1068366041><CT>" triggered "weaponstats2" (weapon "knife") (head "0") (chest "0") (stomach "0") (leftarm "0") (rightarm "0") (leftleg "0") (rightleg "0")
L 03/21/2015 - 10:55:03: "[Hard_Skill]_Dasha<14><STEAM_0:4:1068366041><CT>" triggered "time" (time "21:22")
L 03/21/2015 - 10:55:03: "[Hard_Skill]_Dasha<14><STEAM_0:4:1068366041><CT>" triggered "latency" (ping "1")
L 03/21/2015 - 10:55:03: "$$$$matvei$$$$<16><STEAM_0:0:1771118830><TERRORIST>" triggered "weaponstats" (weapon "m4a1") (shots "3") (hits "0") (kills "0") (headshots "0") (tks "0") (damage "0") (deaths "1")
L 03/21/2015 - 10:55:03: "$$$$matvei$$$$<16><STEAM_0:0:1771118830><TERRORIST>" triggered "weaponstats2" (weapon "m4a1") (head "0") (chest "0") (stomach "0") (leftarm "0") (rightarm "0") (leftleg "0") (rightleg "0")
L 03/21/2015 - 10:55:03: "$$$$matvei$$$$<16><STEAM_0:0:1771118830><TERRORIST>" triggered "weaponstats" (weapon "ak47") (shots "38") (hits "7") (kills "4") (headshots "4") (tks "0") (damage "660") (deaths "3")
L 03/21/2015 - 10:55:03: "$$$$matvei$$$$<16><STEAM_0:0:1771118830><TERRORIST>" triggered "weaponstats2" (weapon "ak47") (head "4") (chest "0") (stomach "0") (leftarm "3") (rightarm "0") (leftleg "0") (rightleg "0")
L 03/21/2015 - 10:55:03: "$$$$matvei$$$$<16><STEAM_0:0:1771118830><TERRORIST>" triggered "time" (time "3:49")
L 03/21/2015 - 10:55:03: "$$$$matvei$$$$<16><STEAM_0:0:1771118830><TERRORIST>" triggered "latency" (ping "43")
L 03/21/2015 - 10:55:03: "[Hard_Skill]_Extazy<17><STEAM_0:4:397277401><UNASSIGNED>" triggered "time" (time "0:36")
L 03/21/2015 - 10:55:03: "[Hard_Skill]_Extazy<17><STEAM_0:4:397277401><UNASSIGNED>" triggered "latency" (ping "0")
L 03/21/2015 - 10:55:03: [META] ini: Begin re-reading plugins list: /home/extazy/Public/cstrike/addons/metamod/plugins.ini
L 03/21/2015 - 10:55:03: [META] ini: Read plugin config for: AMX Mod X
L 03/21/2015 - 10:55:03: [META] ini: Read plugin config for: dproto_EF
L 03/21/2015 - 10:55:03: [META] ini: Read plugin config for: VoiceTranscoder
L 03/21/2015 - 10:55:03: [META] ini: Finished reading plugins list: /home/extazy/Public/cstrike/addons/metamod/plugins.ini; Found 3 plugins
L 03/21/2015 - 10:55:03: [META] dll: Updating plugins...
L 03/21/2015 - 10:55:03: [META] dll: Finished updating 12 plugins; kept 3, loaded 0, unloaded 0, reloaded 0, delayed 0
L 03/21/2015 - 10:55:03: "[Hard_Skill]_Dasha<14><STEAM_0:4:1068366041><CT>" disconnected
L 03/21/2015 - 10:55:03: "$$$$matvei$$$$<16><STEAM_0:0:1771118830><TERRORIST>" disconnected
L 03/21/2015 - 10:55:03: World triggered "Round_Draw" (CT "5") (T "4")
L 03/21/2015 - 10:55:03: World triggered "Round_End"
L 03/21/2015 - 10:55:03: "[Hard_Skill]_Extazy<17><STEAM_0:4:397277401><>" disconnected
L 03/21/2015 - 10:55:03: World triggered "Round_Draw" (CT "5") (T "4")
L 03/21/2015 - 10:55:03: World triggered "Round_End"
L 03/21/2015 - 10:55:03: Log file closed
