L 03/27/2015 - 09:57:15: Log file started (file "logs/L0327003.log") (game "cstrike") (version "48/1.6.3.7/Stdio/5787")
L 03/27/2015 - 09:57:15: Loading map "cs_assault"
L 03/27/2015 - 09:57:15: Server cvars start
L 03/27/2015 - 09:57:15: Server cvar "_tutor_bomb_viewable_check_interval" = "0.5"
L 03/27/2015 - 09:57:15: Server cvar "_tutor_debug_level" = "0"
L 03/27/2015 - 09:57:15: Server cvar "_tutor_examine_time" = "0.5"
L 03/27/2015 - 09:57:15: Server cvar "_tutor_hint_interval_time" = "10.0"
L 03/27/2015 - 09:57:15: Server cvar "_tutor_look_angle" = "10"
L 03/27/2015 - 09:57:15: Server cvar "_tutor_look_distance" = "200"
L 03/27/2015 - 09:57:15: Server cvar "_tutor_message_character_display_time_coefficient" = "0.07"
L 03/27/2015 - 09:57:15: Server cvar "_tutor_message_minimum_display_time" = "1"
L 03/27/2015 - 09:57:15: Server cvar "_tutor_message_repeats" = "5"
L 03/27/2015 - 09:57:15: Server cvar "_tutor_view_distance" = "1000"
L 03/27/2015 - 09:57:15: Server cvar "aesp_version" = "1.5b_mini"
L 03/27/2015 - 09:57:15: Server cvar "allow_spectators" = "4"
L 03/27/2015 - 09:57:15: Server cvar "amx_client_languages" = "0"
L 03/27/2015 - 09:57:15: Server cvar "amx_contactinfo" = "ICQ: 691322983"
L 03/27/2015 - 09:57:15: Server cvar "amx_language" = "ru"
L 03/27/2015 - 09:57:15: Server cvar "amx_nextmap" = "cs_assault"
L 03/27/2015 - 09:57:15: Server cvar "amx_timeleft" = "00:00"
L 03/27/2015 - 09:57:15: Server cvar "amxbans_ssversion" = "Gm 1.6"
L 03/27/2015 - 09:57:15: Server cvar "amxbans_version" = "Gm 1.6"
L 03/27/2015 - 09:57:15: Server cvar "amxmodx_version" = "1.8.1.3746"
L 03/27/2015 - 09:57:15: Server cvar "Colored Translit Cheat" = "Loaded"
L 03/27/2015 - 09:57:15: Server cvar "Colored Translit Config" = "Loaded"
L 03/27/2015 - 09:57:15: Server cvar "Colored Translit Ignores" = "Loaded"
L 03/27/2015 - 09:57:15: Server cvar "Colored Translit Replace" = "Failed"
L 03/27/2015 - 09:57:15: Server cvar "Colored Translit Spam" = "Loaded"
L 03/27/2015 - 09:57:15: Server cvar "Colored Translit Status" = "Loaded"
L 03/27/2015 - 09:57:15: Server cvar "Colored Translit Swear" = "Loaded"
L 03/27/2015 - 09:57:15: Server cvar "Colored Translit Version" = "2.0b Final"
L 03/27/2015 - 09:57:15: Server cvar "coop" = "0"
L 03/27/2015 - 09:57:15: Server cvar "deathmatch" = "1"
L 03/27/2015 - 09:57:15: Server cvar "decalfrequency" = "9"
L 03/27/2015 - 09:57:15: Server cvar "dp_version" = "0.9.391"
L 03/27/2015 - 09:57:15: Server cvar "edgefriction" = "2"
L 03/27/2015 - 09:57:15: Server cvar "hostage_debug" = "0"
L 03/27/2015 - 09:57:15: Server cvar "hostage_stop" = "0"
L 03/27/2015 - 09:57:15: Server cvar "humans_join_team" = "any"
L 03/27/2015 - 09:57:15: Server cvar "jtp10181" = "chute"
L 03/27/2015 - 09:57:15: Server cvar "max_queries_sec" = "3.0"
L 03/27/2015 - 09:57:15: Server cvar "max_queries_sec_global" = "30"
L 03/27/2015 - 09:57:15: Server cvar "max_queries_window" = "60"
L 03/27/2015 - 09:57:15: Server cvar "metamod_version" = "1.19"
L 03/27/2015 - 09:57:15: Server cvar "mp_allowmonsters" = "0"
L 03/27/2015 - 09:57:15: Server cvar "mp_autokick" = "1"
L 03/27/2015 - 09:57:15: Server cvar "mp_autoteambalance" = "1"
L 03/27/2015 - 09:57:15: Server cvar "mp_buytime" = "1.5"
L 03/27/2015 - 09:57:15: Server cvar "mp_c4timer" = "35"
L 03/27/2015 - 09:57:15: Server cvar "mp_chattime" = "1"
L 03/27/2015 - 09:57:15: Server cvar "mp_consistency" = "1"
L 03/27/2015 - 09:57:15: Server cvar "mp_fadetoblack" = "0"
L 03/27/2015 - 09:57:15: Server cvar "mp_flashlight" = "1"
L 03/27/2015 - 09:57:15: Server cvar "mp_footsteps" = "1"
L 03/27/2015 - 09:57:15: Server cvar "mp_forcecamera" = "0"
L 03/27/2015 - 09:57:15: Server cvar "mp_forcechasecam" = "0"
L 03/27/2015 - 09:57:15: Server cvar "mp_fragsleft" = "0"
L 03/27/2015 - 09:57:15: Server cvar "mp_freezetime" = "5"
L 03/27/2015 - 09:57:15: Server cvar "mp_friendlyfire" = "0"
L 03/27/2015 - 09:57:15: Server cvar "mp_ghostfrequency" = "0.1"
L 03/27/2015 - 09:57:15: Server cvar "mp_hostagepenalty" = "0"
L 03/27/2015 - 09:57:15: Server cvar "mp_kickpercent" = "0.66"
L 03/27/2015 - 09:57:15: Server cvar "mp_limitteams" = "5"
L 03/27/2015 - 09:57:15: Server cvar "mp_logdetail" = "3"
L 03/27/2015 - 09:57:15: Server cvar "mp_logfile" = "1"
L 03/27/2015 - 09:57:15: Server cvar "mp_logmessages" = "1"
L 03/27/2015 - 09:57:15: Server cvar "mp_mapvoteratio" = "0.66"
L 03/27/2015 - 09:57:15: Server cvar "mp_maxrounds" = "0"
L 03/27/2015 - 09:57:15: Server cvar "mp_mirrordamage" = "0"
L 03/27/2015 - 09:57:15: Server cvar "mp_playerid" = "0"
L 03/27/2015 - 09:57:15: Server cvar "mp_roundtime" = "2.57"
L 03/27/2015 - 09:57:15: Server cvar "mp_startmoney" = "800"
L 03/27/2015 - 09:57:15: Server cvar "mp_timeleft" = "0"
L 03/27/2015 - 09:57:15: Server cvar "mp_timelimit" = "30.000000"
L 03/27/2015 - 09:57:15: Server cvar "mp_tkpunish" = "1"
L 03/27/2015 - 09:57:15: Server cvar "mp_windifference" = "1"
L 03/27/2015 - 09:57:15: Server cvar "mp_winlimit" = "0"
L 03/27/2015 - 09:57:15: Server cvar "pausable" = "0"
L 03/27/2015 - 09:57:15: Server cvar "sv_accelerate" = "5"
L 03/27/2015 - 09:57:15: Server cvar "sv_aim" = "0"
L 03/27/2015 - 09:57:15: Server cvar "sv_airaccelerate" = "10"
L 03/27/2015 - 09:57:15: Server cvar "sv_airmove" = "1"
L 03/27/2015 - 09:57:15: Server cvar "sv_allowupload" = "1"
L 03/27/2015 - 09:57:15: Server cvar "sv_alltalk" = "0"
L 03/27/2015 - 09:57:15: Server cvar "sv_bounce" = "1"
L 03/27/2015 - 09:57:15: Server cvar "sv_cheats" = "0"
L 03/27/2015 - 09:57:15: Server cvar "sv_clienttrace" = "1"
L 03/27/2015 - 09:57:15: Server cvar "sv_clipmode" = "0"
L 03/27/2015 - 09:57:15: Server cvar "sv_contact" = ""
L 03/27/2015 - 09:57:15: Server cvar "sv_friction" = "4"
L 03/27/2015 - 09:57:15: Server cvar "sv_gravity" = "800"
L 03/27/2015 - 09:57:15: Server cvar "sv_logblocks" = "0"
L 03/27/2015 - 09:57:15: Server cvar "sv_maxrate" = "50000"
L 03/27/2015 - 09:57:15: Server cvar "sv_maxspeed" = "900"
L 03/27/2015 - 09:57:15: Server cvar "sv_minrate" = "100000"
L 03/27/2015 - 09:57:15: Server cvar "sv_password" = ""
L 03/27/2015 - 09:57:15: Server cvar "sv_proxies" = "0"
L 03/27/2015 - 09:57:15: Server cvar "sv_region" = "255"
L 03/27/2015 - 09:57:15: Server cvar "sv_restart" = "0"
L 03/27/2015 - 09:57:15: Server cvar "sv_restartround" = "0"
L 03/27/2015 - 09:57:15: Server cvar "sv_stepsize" = "18"
L 03/27/2015 - 09:57:15: Server cvar "sv_stopspeed" = "75"
L 03/27/2015 - 09:57:15: Server cvar "sv_uploadmax" = "0.5"
L 03/27/2015 - 09:57:15: Server cvar "sv_voiceenable" = "1"
L 03/27/2015 - 09:57:15: Server cvar "sv_wateraccelerate" = "10"
L 03/27/2015 - 09:57:15: Server cvar "sv_waterfriction" = "1"
L 03/27/2015 - 09:57:15: Server cvar "travo_statmarquee" = "v1.2"
L 03/27/2015 - 09:57:15: Server cvar "ultimate_sounds" = "1.7"
L 03/27/2015 - 09:57:15: Server cvar "vtc_version" = "80"
L 03/27/2015 - 09:57:15: Server cvars end
L 03/27/2015 - 09:57:16: Server cvar "amx_nextmap" = "awp_india"
L 03/27/2015 - 09:57:16: Server cvar "sv_restart" = "1"
L 03/27/2015 - 09:57:16: World triggered "Restart_Round_(1_second)"
L 03/27/2015 - 09:57:16: Team "CT" scored "0" with "0" players
L 03/27/2015 - 09:57:16: Team "TERRORIST" scored "0" with "0" players
L 03/27/2015 - 09:57:16: Server cvar "sv_restart" = "0"
L 03/27/2015 - 09:57:16: Started map "cs_assault" (CRC "777915923")
L 03/27/2015 - 09:57:16: [VTC] Player 5 speex
L 03/27/2015 - 09:57:16: [VTC] Player 6 silk
L 03/27/2015 - 09:57:16: [VTC] Player 4 speex
L 03/27/2015 - 09:57:17: [VTC] Player 1 speex
L 03/27/2015 - 09:57:21: "[Hard_Skill]_Funny*Apple<7><STEAM_0:4:1364633349><>" entered the game
L 03/27/2015 - 09:57:21: World triggered "Round_Start"
L 03/27/2015 - 09:57:22: "[Hard_Skill]_Leks<3><STEAM_0:4:1231277317><>" entered the game
L 03/27/2015 - 09:57:24: [DPROTO]: Client 5 - Set AuthIdType 1 [Native]; pClient = 0xb38fd9cc
L 03/27/2015 - 09:57:24: "[Hard_Skill]_Extazy<26><STEAM_0:1:113150434><>" connected, address "10.19.7.134:27005"
L 03/27/2015 - 09:57:24: [VTC] Player 6 silk
L 03/27/2015 - 09:57:24: "[Hard_Skill]_Funny*Apple<7><STEAM_0:4:1364633349><>" joined team "CT"
L 03/27/2015 - 09:57:28: "[Hard_Skill]_Leks<3><STEAM_0:4:1231277317><>" joined team "TERRORIST"
L 03/27/2015 - 09:57:32: "[Hard_Skill]_Dasha<20><STEAM_0:4:1068366041><>" entered the game
L 03/27/2015 - 09:57:37: [DPROTO]: Client 5 - Set AuthIdType 1 [Native]; pClient = 0xb38fd9cc
L 03/27/2015 - 09:57:37: "[Hard_Skill]_Extazy<27><STEAM_0:1:113150434><>" connected, address "10.19.7.134:27005"
L 03/27/2015 - 09:57:38: [VTC] Player 6 silk
L 03/27/2015 - 09:57:45: "[Hard_Skill]_Extazy<27><STEAM_0:1:113150434><>" entered the game
L 03/27/2015 - 09:57:48: "[Hard_Skill]_Funny*Apple<7><STEAM_0:4:1364633349><CT>" triggered "time" (time "0:27")
L 03/27/2015 - 09:57:48: "[Hard_Skill]_Funny*Apple<7><STEAM_0:4:1364633349><CT>" triggered "latency" (ping "28")
L 03/27/2015 - 09:57:48: "[Hard_Skill]_Funny*Apple<7><STEAM_0:4:1364633349><CT>" disconnected
L 03/27/2015 - 09:57:48: [DPROTO]: Client 3 - Set AuthIdType 3 [dp_RevEmu]; pClient = 0xb38f3be4
L 03/27/2015 - 09:57:48: "[Hard_Skill]_Funny*Apple<28><STEAM_0:4:1364633349><>" connected, address "178.172.241.11:33234"
L 03/27/2015 - 09:57:48: [VTC] Player 4 speex
L 03/27/2015 - 09:57:52: "[Hard_Skill]_Dasha<20><STEAM_0:4:1068366041><>" joined team "CT"
L 03/27/2015 - 09:57:52: World triggered "Game_Commencing"
L 03/27/2015 - 09:57:52: World triggered "Game_Commencing" (CT "0") (T "0")
L 03/27/2015 - 09:57:52: World triggered "Round_End"
L 03/27/2015 - 09:57:56: "[Hard_Skill]_Extazy<27><STEAM_0:1:113150434><>" joined team "SPECTATOR"
L 03/27/2015 - 09:57:56: "[Hard_Skill]_Funny*Apple<28><STEAM_0:4:1364633349><>" entered the game
L 03/27/2015 - 09:58:00: World triggered "Round_Start"
L 03/27/2015 - 09:58:24: "[Hard_Skill]_Funny*Apple<28><STEAM_0:4:1364633349><UNASSIGNED>" triggered "time" (time "0:27")
L 03/27/2015 - 09:58:24: "[Hard_Skill]_Funny*Apple<28><STEAM_0:4:1364633349><UNASSIGNED>" triggered "latency" (ping "7")
L 03/27/2015 - 09:58:24: "[Hard_Skill]_Funny*Apple<28><STEAM_0:4:1364633349><>" disconnected
L 03/27/2015 - 09:58:24: [DPROTO]: Client 3 - Set AuthIdType 3 [dp_RevEmu]; pClient = 0xb38f3be4
L 03/27/2015 - 09:58:24: "[Hard_Skill]_Funny*Apple<29><STEAM_0:4:1364633349><>" connected, address "178.172.241.11:33234"
L 03/27/2015 - 09:58:24: [VTC] Player 4 speex
L 03/27/2015 - 09:58:32: "[Hard_Skill]_Funny*Apple<29><STEAM_0:4:1364633349><>" entered the game
L 03/27/2015 - 09:59:09: "[Hard_Skill]_Funny*Apple<29><STEAM_0:4:1364633349><UNASSIGNED>" triggered "time" (time "0:37")
L 03/27/2015 - 09:59:09: "[Hard_Skill]_Funny*Apple<29><STEAM_0:4:1364633349><UNASSIGNED>" triggered "latency" (ping "1483")
L 03/27/2015 - 09:59:09: "[Hard_Skill]_Funny*Apple<29><STEAM_0:4:1364633349><>" disconnected
L 03/27/2015 - 09:59:09: [DPROTO]: Client 3 - Set AuthIdType 3 [dp_RevEmu]; pClient = 0xb38f3be4
L 03/27/2015 - 09:59:09: "[Hard_Skill]_Funny*Apple<30><STEAM_0:4:1364633349><>" connected, address "178.172.241.11:33234"
L 03/27/2015 - 09:59:09: [VTC] Player 4 speex
L 03/27/2015 - 09:59:17: "[Hard_Skill]_Funny*Apple<30><STEAM_0:4:1364633349><>" entered the game
L 03/27/2015 - 09:59:31: "[Hard_Skill]_Leks<3><STEAM_0:4:1231277317><TERRORIST>" attacked "[Hard_Skill]_Dasha<20><STEAM_0:4:1068366041><CT>" with "glock18" (damage "22") (damage_armor "0") (health "78") (armor "0")
L 03/27/2015 - 09:59:31: "[Hard_Skill]_Leks<3><STEAM_0:4:1231277317><TERRORIST>" attacked "[Hard_Skill]_Dasha<20><STEAM_0:4:1068366041><CT>" with "glock18" (damage "17") (damage_armor "0") (health "61") (armor "0")
L 03/27/2015 - 09:59:31: "[Hard_Skill]_Leks<3><STEAM_0:4:1231277317><TERRORIST>" attacked "[Hard_Skill]_Dasha<20><STEAM_0:4:1068366041><CT>" with "glock18" (damage "17") (damage_armor "0") (health "44") (armor "0")
L 03/27/2015 - 09:59:32: "[Hard_Skill]_Leks<3><STEAM_0:4:1231277317><TERRORIST>" attacked "[Hard_Skill]_Dasha<20><STEAM_0:4:1068366041><CT>" with "glock18" (damage "17") (damage_armor "0") (health "27") (armor "0")
L 03/27/2015 - 09:59:32: "[Hard_Skill]_Dasha<20><STEAM_0:4:1068366041><CT>" attacked "[Hard_Skill]_Leks<3><STEAM_0:4:1231277317><TERRORIST>" with "deagle" (damage "45") (damage_armor "8") (health "55") (armor "92")
L 03/27/2015 - 09:59:33: "[Hard_Skill]_Leks<3><STEAM_0:4:1231277317><TERRORIST>" attacked "[Hard_Skill]_Dasha<20><STEAM_0:4:1068366041><CT>" with "glock18" (damage "21") (damage_armor "0") (health "6") (armor "0")
L 03/27/2015 - 09:59:33: "[Hard_Skill]_Leks<3><STEAM_0:4:1231277317><TERRORIST>" attacked "[Hard_Skill]_Dasha<20><STEAM_0:4:1068366041><CT>" with "glock18" (damage "17") (damage_armor "0") (health "-11") (armor "0")
L 03/27/2015 - 09:59:33: "[Hard_Skill]_Leks<3><STEAM_0:4:1231277317><TERRORIST>" killed "[Hard_Skill]_Dasha<20><STEAM_0:4:1068366041><CT>" with "glock18"
L 03/27/2015 - 09:59:33: Team "TERRORIST" triggered "Terrorists_Win" (CT "0") (T "1")
L 03/27/2015 - 09:59:33: World triggered "Round_End"
L 03/27/2015 - 09:59:43: World triggered "Round_Start"
L 03/27/2015 - 09:59:53: "[Hard_Skill]_Leks<3><STEAM_0:4:1231277317><TERRORIST>" attacked "[Hard_Skill]_Dasha<20><STEAM_0:4:1068366041><CT>" with "ak47" (damage "31") (damage_armor "5") (health "69") (armor "95")
L 03/27/2015 - 09:59:55: "[Hard_Skill]_Leks<3><STEAM_0:4:1231277317><TERRORIST>" attacked "[Hard_Skill]_Dasha<20><STEAM_0:4:1068366041><CT>" with "ak47" (damage "25") (damage_armor "4") (health "44") (armor "91")
L 03/27/2015 - 09:59:55: "[Hard_Skill]_Leks<3><STEAM_0:4:1231277317><TERRORIST>" attacked "[Hard_Skill]_Dasha<20><STEAM_0:4:1068366041><CT>" with "ak47" (damage "25") (damage_armor "4") (health "19") (armor "87")
L 03/27/2015 - 09:59:56: "[Hard_Skill]_Leks<3><STEAM_0:4:1231277317><TERRORIST>" attacked "[Hard_Skill]_Dasha<20><STEAM_0:4:1068366041><CT>" with "ak47" (damage "25") (damage_armor "3") (health "-6") (armor "84")
L 03/27/2015 - 09:59:56: "[Hard_Skill]_Leks<3><STEAM_0:4:1231277317><TERRORIST>" killed "[Hard_Skill]_Dasha<20><STEAM_0:4:1068366041><CT>" with "ak47"
L 03/27/2015 - 09:59:56: Team "TERRORIST" triggered "Terrorists_Win" (CT "0") (T "2")
L 03/27/2015 - 09:59:56: World triggered "Round_End"
L 03/27/2015 - 10:00:06: World triggered "Round_Start"
L 03/27/2015 - 10:00:20: "[Hard_Skill]_Dasha<20><STEAM_0:4:1068366041><CT>" attacked "[Hard_Skill]_Leks<3><STEAM_0:4:1231277317><TERRORIST>" with "mp5navy" (damage "12") (damage_armor "7") (health "88") (armor "93")
L 03/27/2015 - 10:00:20: "[Hard_Skill]_Leks<3><STEAM_0:4:1231277317><TERRORIST>" attacked "[Hard_Skill]_Dasha<20><STEAM_0:4:1068366041><CT>" with "ak47" (damage "34") (damage_armor "0") (health "63") (armor "0")
L 03/27/2015 - 10:00:20: "[Hard_Skill]_Dasha<20><STEAM_0:4:1068366041><CT>" attacked "[Hard_Skill]_Leks<3><STEAM_0:4:1231277317><TERRORIST>" with "mp5navy" (damage "10") (damage_armor "5") (health "78") (armor "88")
L 03/27/2015 - 10:00:20: "[Hard_Skill]_Leks<3><STEAM_0:4:1231277317><TERRORIST>" attacked "[Hard_Skill]_Dasha<20><STEAM_0:4:1068366041><CT>" with "ak47" (damage "35") (damage_armor "0") (health "28") (armor "0")
L 03/27/2015 - 10:00:21: "[Hard_Skill]_Dasha<20><STEAM_0:4:1068366041><CT>" attacked "[Hard_Skill]_Leks<3><STEAM_0:4:1231277317><TERRORIST>" with "mp5navy" (damage "10") (damage_armor "5") (health "68") (armor "83")
L 03/27/2015 - 10:00:21: "[Hard_Skill]_Leks<3><STEAM_0:4:1231277317><TERRORIST>" attacked "[Hard_Skill]_Dasha<20><STEAM_0:4:1068366041><CT>" with "ak47" (damage "140") (damage_armor "0") (health "-112") (armor "0")
L 03/27/2015 - 10:00:21: "[Hard_Skill]_Leks<3><STEAM_0:4:1231277317><TERRORIST>" killed "[Hard_Skill]_Dasha<20><STEAM_0:4:1068366041><CT>" with "ak47"
L 03/27/2015 - 10:00:21: Team "TERRORIST" triggered "Terrorists_Win" (CT "0") (T "3")
L 03/27/2015 - 10:00:21: World triggered "Round_End"
L 03/27/2015 - 10:00:24: "[Hard_Skill]_Funny*Apple<30><STEAM_0:4:1364633349><UNASSIGNED>" triggered "time" (time "1:06")
L 03/27/2015 - 10:00:24: "[Hard_Skill]_Funny*Apple<30><STEAM_0:4:1364633349><UNASSIGNED>" triggered "latency" (ping "23")
L 03/27/2015 - 10:00:24: "[Hard_Skill]_Funny*Apple<30><STEAM_0:4:1364633349><>" disconnected
L 03/27/2015 - 10:00:31: World triggered "Round_Start"
L 03/27/2015 - 10:00:38: "[Hard_Skill]_Leks<3><STEAM_0:4:1231277317><TERRORIST>" attacked "[Hard_Skill]_Dasha<20><STEAM_0:4:1068366041><CT>" with "ak47" (damage "33") (damage_armor "0") (health "67") (armor "0")
L 03/27/2015 - 10:00:39: "[Hard_Skill]_Leks<3><STEAM_0:4:1231277317><TERRORIST>" attacked "[Hard_Skill]_Dasha<20><STEAM_0:4:1068366041><CT>" with "ak47" (damage "33") (damage_armor "0") (health "34") (armor "0")
L 03/27/2015 - 10:00:40: "[Hard_Skill]_Dasha<20><STEAM_0:4:1068366041><CT>" attacked "[Hard_Skill]_Leks<3><STEAM_0:4:1231277317><TERRORIST>" with "famas" (damage "18") (damage_armor "0") (health "82") (armor "83")
L 03/27/2015 - 10:00:40: "[Hard_Skill]_Dasha<20><STEAM_0:4:1068366041><CT>" attacked "[Hard_Skill]_Leks<3><STEAM_0:4:1231277317><TERRORIST>" with "famas" (damage "17") (damage_armor "3") (health "65") (armor "80")
L 03/27/2015 - 10:00:41: "[Hard_Skill]_Dasha<20><STEAM_0:4:1068366041><CT>" attacked "[Hard_Skill]_Leks<3><STEAM_0:4:1231277317><TERRORIST>" with "famas" (damage "17") (damage_armor "4") (health "48") (armor "76")
L 03/27/2015 - 10:00:41: "[Hard_Skill]_Leks<3><STEAM_0:4:1231277317><TERRORIST>" attacked "[Hard_Skill]_Dasha<20><STEAM_0:4:1068366041><CT>" with "ak47" (damage "33") (damage_armor "0") (health "1") (armor "0")
L 03/27/2015 - 10:00:41: "[Hard_Skill]_Dasha<20><STEAM_0:4:1068366041><CT>" attacked "[Hard_Skill]_Leks<3><STEAM_0:4:1231277317><TERRORIST>" with "famas" (damage "18") (damage_armor "0") (health "30") (armor "76")
L 03/27/2015 - 10:00:41: "[Hard_Skill]_Leks<3><STEAM_0:4:1231277317><TERRORIST>" attacked "[Hard_Skill]_Dasha<20><STEAM_0:4:1068366041><CT>" with "ak47" (damage "41") (damage_armor "0") (health "-40") (armor "0")
L 03/27/2015 - 10:00:41: "[Hard_Skill]_Leks<3><STEAM_0:4:1231277317><TERRORIST>" killed "[Hard_Skill]_Dasha<20><STEAM_0:4:1068366041><CT>" with "ak47"
L 03/27/2015 - 10:00:41: Team "TERRORIST" triggered "Terrorists_Win" (CT "0") (T "4")
L 03/27/2015 - 10:00:41: World triggered "Round_End"
L 03/27/2015 - 10:00:51: World triggered "Round_Start"
L 03/27/2015 - 10:01:00: "[Hard_Skill]_Leks<3><STEAM_0:4:1231277317><TERRORIST>" attacked "[Hard_Skill]_Dasha<20><STEAM_0:4:1068366041><CT>" with "ak47" (damage "26") (damage_armor "0") (health "74") (armor "0")
L 03/27/2015 - 10:01:01: "[Hard_Skill]_Leks<3><STEAM_0:4:1231277317><TERRORIST>" attacked "[Hard_Skill]_Dasha<20><STEAM_0:4:1068366041><CT>" with "ak47" (damage "26") (damage_armor "0") (health "48") (armor "0")
L 03/27/2015 - 10:01:01: "[Hard_Skill]_Dasha<20><STEAM_0:4:1068366041><CT>" attacked "[Hard_Skill]_Leks<3><STEAM_0:4:1231277317><TERRORIST>" with "famas" (damage "19") (damage_armor "4") (health "81") (armor "72")
L 03/27/2015 - 10:01:01: "[Hard_Skill]_Dasha<20><STEAM_0:4:1068366041><CT>" attacked "[Hard_Skill]_Leks<3><STEAM_0:4:1231277317><TERRORIST>" with "famas" (damage "78") (damage_armor "17") (health "3") (armor "55")
L 03/27/2015 - 10:01:01: "[Hard_Skill]_Dasha<20><STEAM_0:4:1068366041><CT>" attacked "[Hard_Skill]_Leks<3><STEAM_0:4:1231277317><TERRORIST>" with "famas" (damage "24") (damage_armor "5") (health "-21") (armor "50")
L 03/27/2015 - 10:01:01: "[Hard_Skill]_Dasha<20><STEAM_0:4:1068366041><CT>" killed "[Hard_Skill]_Leks<3><STEAM_0:4:1231277317><TERRORIST>" with "famas"
L 03/27/2015 - 10:01:01: Team "CT" triggered "CTs_Win" (CT "1") (T "4")
L 03/27/2015 - 10:01:01: World triggered "Round_End"
L 03/27/2015 - 10:01:11: World triggered "Round_Start"
L 03/27/2015 - 10:01:25: "[Hard_Skill]_Dasha<20><STEAM_0:4:1068366041><CT>" attacked "[Hard_Skill]_Leks<3><STEAM_0:4:1231277317><TERRORIST>" with "m4a1" (damage "19") (damage_armor "5") (health "81") (armor "95")
L 03/27/2015 - 10:01:25: "[Hard_Skill]_Dasha<20><STEAM_0:4:1068366041><CT>" attacked "[Hard_Skill]_Leks<3><STEAM_0:4:1231277317><TERRORIST>" with "m4a1" (damage "19") (damage_armor "4") (health "62") (armor "91")
L 03/27/2015 - 10:01:26: "[Hard_Skill]_Dasha<20><STEAM_0:4:1068366041><CT>" attacked "[Hard_Skill]_Leks<3><STEAM_0:4:1231277317><TERRORIST>" with "m4a1" (damage "19") (damage_armor "4") (health "43") (armor "87")
L 03/27/2015 - 10:01:26: "[Hard_Skill]_Dasha<20><STEAM_0:4:1068366041><CT>" attacked "[Hard_Skill]_Leks<3><STEAM_0:4:1231277317><TERRORIST>" with "m4a1" (damage "19") (damage_armor "4") (health "24") (armor "83")
L 03/27/2015 - 10:01:26: [DPROTO]: Client 3 - Set AuthIdType 3 [dp_RevEmu]; pClient = 0xb38f3be4
L 03/27/2015 - 10:01:26: "[Hard_Skill]_Funny*Apple<31><STEAM_0:4:1364633349><>" connected, address "178.172.241.11:33234"
L 03/27/2015 - 10:01:26: [VTC] Player 4 speex
L 03/27/2015 - 10:01:26: "[Hard_Skill]_Dasha<20><STEAM_0:4:1068366041><CT>" attacked "[Hard_Skill]_Leks<3><STEAM_0:4:1231277317><TERRORIST>" with "m4a1" (damage "19") (damage_armor "4") (health "5") (armor "79")
L 03/27/2015 - 10:01:26: "[Hard_Skill]_Dasha<20><STEAM_0:4:1068366041><CT>" attacked "[Hard_Skill]_Leks<3><STEAM_0:4:1231277317><TERRORIST>" with "m4a1" (damage "19") (damage_armor "5") (health "-14") (armor "74")
L 03/27/2015 - 10:01:26: "[Hard_Skill]_Dasha<20><STEAM_0:4:1068366041><CT>" killed "[Hard_Skill]_Leks<3><STEAM_0:4:1231277317><TERRORIST>" with "m4a1"
L 03/27/2015 - 10:01:26: Team "CT" triggered "CTs_Win" (CT "2") (T "4")
L 03/27/2015 - 10:01:26: World triggered "Round_End"
L 03/27/2015 - 10:01:33: "[Hard_Skill]_Funny*Apple<31><STEAM_0:4:1364633349><>" entered the game
L 03/27/2015 - 10:01:36: World triggered "Round_Start"
L 03/27/2015 - 10:01:38: "[Hard_Skill]_Funny*Apple<31><STEAM_0:4:1364633349><>" joined team "TERRORIST"
L 03/27/2015 - 10:01:55: "[Hard_Skill]_Dasha<20><STEAM_0:4:1068366041><CT>" attacked "[Hard_Skill]_Leks<3><STEAM_0:4:1231277317><TERRORIST>" with "m4a1" (damage "21") (damage_armor "5") (health "79") (armor "95")
L 03/27/2015 - 10:01:57: "[Hard_Skill]_Leks<3><STEAM_0:4:1231277317><TERRORIST>" attacked "[Hard_Skill]_Dasha<20><STEAM_0:4:1068366041><CT>" with "ak47" (damage "108") (damage_armor "16") (health "-8") (armor "84")
L 03/27/2015 - 10:01:57: "[Hard_Skill]_Leks<3><STEAM_0:4:1231277317><TERRORIST>" killed "[Hard_Skill]_Dasha<20><STEAM_0:4:1068366041><CT>" with "ak47"
L 03/27/2015 - 10:01:57: Team "TERRORIST" triggered "Terrorists_Win" (CT "2") (T "5")
L 03/27/2015 - 10:01:57: World triggered "Round_End"
L 03/27/2015 - 10:02:07: World triggered "Round_Start"
L 03/27/2015 - 10:02:43: [DPROTO]: Client 1 - Set AuthIdType 3 [dp_RevEmu]; pClient = 0xb38e9dfc
L 03/27/2015 - 10:02:43: "Ka1T<32><STEAM_0:4:181901902><>" connected, address "37.214.243.188:36301"
L 03/27/2015 - 10:02:44: [VTC] Player 2 speex
L 03/27/2015 - 10:02:44: "[Hard_Skill]_Leks<3><STEAM_0:4:1231277317><TERRORIST>" triggered "weaponstats" (weapon "glock18") (shots "93") (hits "6") (kills "1") (headshots "0") (tks "0") (damage "111") (deaths "0")
L 03/27/2015 - 10:02:44: "[Hard_Skill]_Leks<3><STEAM_0:4:1231277317><TERRORIST>" triggered "weaponstats2" (weapon "glock18") (head "0") (chest "2") (stomach "0") (leftarm "2") (rightarm "2") (leftleg "0") (rightleg "0")
L 03/27/2015 - 10:02:44: "[Hard_Skill]_Leks<3><STEAM_0:4:1231277317><TERRORIST>" triggered "weaponstats" (weapon "ak47") (shots "49") (hits "14") (kills "4") (headshots "2") (tks "0") (damage "615") (deaths "2")
L 03/27/2015 - 10:02:44: "[Hard_Skill]_Leks<3><STEAM_0:4:1231277317><TERRORIST>" triggered "weaponstats2" (weapon "ak47") (head "2") (chest "3") (stomach "2") (leftarm "4") (rightarm "1") (leftleg "0") (rightleg "2")
L 03/27/2015 - 10:02:44: "[Hard_Skill]_Leks<3><STEAM_0:4:1231277317><TERRORIST>" triggered "weaponstats" (weapon "knife") (shots "3") (hits "0") (kills "0") (headshots "0") (tks "0") (damage "0") (deaths "0")
L 03/27/2015 - 10:02:44: "[Hard_Skill]_Leks<3><STEAM_0:4:1231277317><TERRORIST>" triggered "weaponstats2" (weapon "knife") (head "0") (chest "0") (stomach "0") (leftarm "0") (rightarm "0") (leftleg "0") (rightleg "0")
L 03/27/2015 - 10:02:44: "[Hard_Skill]_Leks<3><STEAM_0:4:1231277317><TERRORIST>" triggered "time" (time "5:22")
L 03/27/2015 - 10:02:44: "[Hard_Skill]_Leks<3><STEAM_0:4:1231277317><TERRORIST>" triggered "latency" (ping "40")
L 03/27/2015 - 10:02:44: "[Hard_Skill]_Funny*Apple<31><STEAM_0:4:1364633349><TERRORIST>" triggered "weaponstats" (weapon "grenade") (shots "1") (hits "0") (kills "0") (headshots "0") (tks "0") (damage "0") (deaths "0")
L 03/27/2015 - 10:02:44: "[Hard_Skill]_Funny*Apple<31><STEAM_0:4:1364633349><TERRORIST>" triggered "weaponstats2" (weapon "grenade") (head "0") (chest "0") (stomach "0") (leftarm "0") (rightarm "0") (leftleg "0") (rightleg "0")
L 03/27/2015 - 10:02:44: "[Hard_Skill]_Funny*Apple<31><STEAM_0:4:1364633349><TERRORIST>" triggered "weaponstats" (weapon "m4a1") (shots "8") (hits "0") (kills "0") (headshots "0") (tks "0") (damage "0") (deaths "0")
L 03/27/2015 - 10:02:44: "[Hard_Skill]_Funny*Apple<31><STEAM_0:4:1364633349><TERRORIST>" triggered "weaponstats2" (weapon "m4a1") (head "0") (chest "0") (stomach "0") (leftarm "0") (rightarm "0") (leftleg "0") (rightleg "0")
L 03/27/2015 - 10:02:44: "[Hard_Skill]_Funny*Apple<31><STEAM_0:4:1364633349><TERRORIST>" triggered "weaponstats" (weapon "knife") (shots "1") (hits "0") (kills "0") (headshots "0") (tks "0") (damage "0") (deaths "0")
L 03/27/2015 - 10:02:44: "[Hard_Skill]_Funny*Apple<31><STEAM_0:4:1364633349><TERRORIST>" triggered "weaponstats2" (weapon "knife") (head "0") (chest "0") (stomach "0") (leftarm "0") (rightarm "0") (leftleg "0") (rightleg "0")
L 03/27/2015 - 10:02:44: "[Hard_Skill]_Funny*Apple<31><STEAM_0:4:1364633349><TERRORIST>" triggered "time" (time "1:10")
L 03/27/2015 - 10:02:44: "[Hard_Skill]_Funny*Apple<31><STEAM_0:4:1364633349><TERRORIST>" triggered "latency" (ping "27")
L 03/27/2015 - 10:02:44: "[Hard_Skill]_Dasha<20><STEAM_0:4:1068366041><CT>" triggered "weaponstats" (weapon "famas") (shots "24") (hits "7") (kills "1") (headshots "0") (tks "0") (damage "191") (deaths "1")
L 03/27/2015 - 10:02:44: "[Hard_Skill]_Dasha<20><STEAM_0:4:1068366041><CT>" triggered "weaponstats2" (weapon "famas") (head "1") (chest "0") (stomach "1") (leftarm "2") (rightarm "1") (leftleg "0") (rightleg "2")
L 03/27/2015 - 10:02:44: "[Hard_Skill]_Dasha<20><STEAM_0:4:1068366041><CT>" triggered "weaponstats" (weapon "usp") (shots "5") (hits "0") (kills "0") (headshots "0") (tks "0") (damage "0") (deaths "1")
L 03/27/2015 - 10:02:44: "[Hard_Skill]_Dasha<20><STEAM_0:4:1068366041><CT>" triggered "weaponstats2" (weapon "usp") (head "0") (chest "0") (stomach "0") (leftarm "0") (rightarm "0") (leftleg "0") (rightleg "0")
L 03/27/2015 - 10:02:44: "[Hard_Skill]_Dasha<20><STEAM_0:4:1068366041><CT>" triggered "weaponstats" (weapon "mp5navy") (shots "15") (hits "3") (kills "0") (headshots "0") (tks "0") (damage "32") (deaths "1")
L 03/27/2015 - 10:02:44: "[Hard_Skill]_Dasha<20><STEAM_0:4:1068366041><CT>" triggered "weaponstats2" (weapon "mp5navy") (head "0") (chest "0") (stomach "1") (leftarm "2") (rightarm "0") (leftleg "0") (rightleg "0")
L 03/27/2015 - 10:02:44: "[Hard_Skill]_Dasha<20><STEAM_0:4:1068366041><CT>" triggered "weaponstats" (weapon "m4a1") (shots "22") (hits "7") (kills "1") (headshots "0") (tks "0") (damage "135") (deaths "1")
L 03/27/2015 - 10:02:44: "[Hard_Skill]_Dasha<20><STEAM_0:4:1068366041><CT>" triggered "weaponstats2" (weapon "m4a1") (head "0") (chest "0") (stomach "0") (leftarm "7") (rightarm "0") (leftleg "0") (rightleg "0")
L 03/27/2015 - 10:02:44: "[Hard_Skill]_Dasha<20><STEAM_0:4:1068366041><CT>" triggered "weaponstats" (weapon "deagle") (shots "7") (hits "1") (kills "0") (headshots "0") (tks "0") (damage "45") (deaths "1")
L 03/27/2015 - 10:02:44: "[Hard_Skill]_Dasha<20><STEAM_0:4:1068366041><CT>" triggered "weaponstats2" (weapon "deagle") (head "0") (chest "0") (stomach "1") (leftarm "0") (rightarm "0") (leftleg "0") (rightleg "0")
L 03/27/2015 - 10:02:44: "[Hard_Skill]_Dasha<20><STEAM_0:4:1068366041><CT>" triggered "time" (time "5:11")
L 03/27/2015 - 10:02:44: "[Hard_Skill]_Dasha<20><STEAM_0:4:1068366041><CT>" triggered "latency" (ping "2")
L 03/27/2015 - 10:02:44: "[Hard_Skill]_Extazy<27><STEAM_0:1:113150434><SPECTATOR>" triggered "time" (time "4:59")
L 03/27/2015 - 10:02:44: "[Hard_Skill]_Extazy<27><STEAM_0:1:113150434><SPECTATOR>" triggered "latency" (ping "8")
L 03/27/2015 - 10:02:44: [META] ini: Begin re-reading plugins list: /home/extazy/public/cstrike/addons/metamod/plugins.ini
L 03/27/2015 - 10:02:44: [META] ini: Read plugin config for: AMX Mod X
L 03/27/2015 - 10:02:44: [META] ini: Read plugin config for: dproto_EF
L 03/27/2015 - 10:02:44: [META] ini: Read plugin config for: VoiceTranscoder
L 03/27/2015 - 10:02:44: [META] ini: Finished reading plugins list: /home/extazy/public/cstrike/addons/metamod/plugins.ini; Found 3 plugins
L 03/27/2015 - 10:02:44: [META] dll: Updating plugins...
L 03/27/2015 - 10:02:44: [META] dll: Finished updating 12 plugins; kept 3, loaded 0, unloaded 0, reloaded 0, delayed 0
L 03/27/2015 - 10:02:44: "[Hard_Skill]_Leks<3><STEAM_0:4:1231277317><TERRORIST>" disconnected
L 03/27/2015 - 10:02:44: "[Hard_Skill]_Funny*Apple<31><STEAM_0:4:1364633349><TERRORIST>" disconnected
L 03/27/2015 - 10:02:44: "[Hard_Skill]_Dasha<20><STEAM_0:4:1068366041><CT>" disconnected
L 03/27/2015 - 10:02:44: World triggered "Round_Draw" (CT "2") (T "5")
L 03/27/2015 - 10:02:44: World triggered "Round_End"
L 03/27/2015 - 10:02:44: "[Hard_Skill]_Extazy<27><STEAM_0:1:113150434><SPECTATOR>" disconnected
L 03/27/2015 - 10:02:44: World triggered "Round_Draw" (CT "2") (T "5")
L 03/27/2015 - 10:02:44: World triggered "Round_End"
L 03/27/2015 - 10:02:44: Log file closed
