L 03/22/2015 - 01:30:48: Log file started (file "logs/L0322003.log") (game "cstrike") (version "48/1.6.3.7/Stdio/5787")
L 03/22/2015 - 01:30:48: Loading map "de_inferno_2x2"
L 03/22/2015 - 01:30:48: Server cvars start
L 03/22/2015 - 01:30:48: Server cvar "_tutor_bomb_viewable_check_interval" = "0.5"
L 03/22/2015 - 01:30:48: Server cvar "_tutor_debug_level" = "0"
L 03/22/2015 - 01:30:48: Server cvar "_tutor_examine_time" = "0.5"
L 03/22/2015 - 01:30:48: Server cvar "_tutor_hint_interval_time" = "10.0"
L 03/22/2015 - 01:30:48: Server cvar "_tutor_look_angle" = "10"
L 03/22/2015 - 01:30:48: Server cvar "_tutor_look_distance" = "200"
L 03/22/2015 - 01:30:48: Server cvar "_tutor_message_character_display_time_coefficient" = "0.07"
L 03/22/2015 - 01:30:48: Server cvar "_tutor_message_minimum_display_time" = "1"
L 03/22/2015 - 01:30:48: Server cvar "_tutor_message_repeats" = "5"
L 03/22/2015 - 01:30:48: Server cvar "_tutor_view_distance" = "1000"
L 03/22/2015 - 01:30:48: Server cvar "aesp_version" = "1.5b_mini"
L 03/22/2015 - 01:30:48: Server cvar "allow_spectators" = "4"
L 03/22/2015 - 01:30:48: Server cvar "amx_client_languages" = "0"
L 03/22/2015 - 01:30:48: Server cvar "amx_contactinfo" = "ICQ: 691322983"
L 03/22/2015 - 01:30:48: Server cvar "amx_language" = "ru"
L 03/22/2015 - 01:30:48: Server cvar "amx_nextmap" = "de_inferno_2x2"
L 03/22/2015 - 01:30:48: Server cvar "amx_timeleft" = "00:00"
L 03/22/2015 - 01:30:48: Server cvar "amxbans_ssversion" = "Gm 1.6"
L 03/22/2015 - 01:30:48: Server cvar "amxbans_version" = "Gm 1.6"
L 03/22/2015 - 01:30:48: Server cvar "amxmodx_version" = "1.8.1.3746"
L 03/22/2015 - 01:30:48: Server cvar "Colored Translit Cheat" = "Loaded"
L 03/22/2015 - 01:30:48: Server cvar "Colored Translit Config" = "Loaded"
L 03/22/2015 - 01:30:48: Server cvar "Colored Translit Ignores" = "Loaded"
L 03/22/2015 - 01:30:48: Server cvar "Colored Translit Replace" = "Failed"
L 03/22/2015 - 01:30:48: Server cvar "Colored Translit Spam" = "Loaded"
L 03/22/2015 - 01:30:48: Server cvar "Colored Translit Status" = "Loaded"
L 03/22/2015 - 01:30:48: Server cvar "Colored Translit Swear" = "Loaded"
L 03/22/2015 - 01:30:48: Server cvar "Colored Translit Version" = "2.0b Final"
L 03/22/2015 - 01:30:48: Server cvar "coop" = "0"
L 03/22/2015 - 01:30:48: Server cvar "deathmatch" = "1"
L 03/22/2015 - 01:30:48: Server cvar "decalfrequency" = "9"
L 03/22/2015 - 01:30:48: Server cvar "dp_version" = "0.9.391"
L 03/22/2015 - 01:30:48: Server cvar "edgefriction" = "2"
L 03/22/2015 - 01:30:48: Server cvar "hostage_debug" = "0"
L 03/22/2015 - 01:30:48: Server cvar "hostage_stop" = "0"
L 03/22/2015 - 01:30:48: Server cvar "humans_join_team" = "any"
L 03/22/2015 - 01:30:48: Server cvar "jtp10181" = "chute"
L 03/22/2015 - 01:30:48: Server cvar "max_queries_sec" = "3.0"
L 03/22/2015 - 01:30:48: Server cvar "max_queries_sec_global" = "30"
L 03/22/2015 - 01:30:48: Server cvar "max_queries_window" = "60"
L 03/22/2015 - 01:30:48: Server cvar "metamod_version" = "1.19"
L 03/22/2015 - 01:30:48: Server cvar "mp_allowmonsters" = "0"
L 03/22/2015 - 01:30:48: Server cvar "mp_autokick" = "1"
L 03/22/2015 - 01:30:48: Server cvar "mp_autoteambalance" = "1"
L 03/22/2015 - 01:30:48: Server cvar "mp_buytime" = "1.5"
L 03/22/2015 - 01:30:48: Server cvar "mp_c4timer" = "35"
L 03/22/2015 - 01:30:48: Server cvar "mp_chattime" = "1"
L 03/22/2015 - 01:30:48: Server cvar "mp_consistency" = "1"
L 03/22/2015 - 01:30:48: Server cvar "mp_fadetoblack" = "0"
L 03/22/2015 - 01:30:48: Server cvar "mp_flashlight" = "1"
L 03/22/2015 - 01:30:48: Server cvar "mp_footsteps" = "1"
L 03/22/2015 - 01:30:48: Server cvar "mp_forcecamera" = "0"
L 03/22/2015 - 01:30:48: Server cvar "mp_forcechasecam" = "0"
L 03/22/2015 - 01:30:48: Server cvar "mp_fragsleft" = "0"
L 03/22/2015 - 01:30:48: Server cvar "mp_freezetime" = "5"
L 03/22/2015 - 01:30:48: Server cvar "mp_friendlyfire" = "0"
L 03/22/2015 - 01:30:48: Server cvar "mp_ghostfrequency" = "0.1"
L 03/22/2015 - 01:30:48: Server cvar "mp_hostagepenalty" = "0"
L 03/22/2015 - 01:30:48: Server cvar "mp_kickpercent" = "0.66"
L 03/22/2015 - 01:30:48: Server cvar "mp_limitteams" = "5"
L 03/22/2015 - 01:30:48: Server cvar "mp_logdetail" = "3"
L 03/22/2015 - 01:30:48: Server cvar "mp_logfile" = "1"
L 03/22/2015 - 01:30:48: Server cvar "mp_logmessages" = "1"
L 03/22/2015 - 01:30:48: Server cvar "mp_mapvoteratio" = "0.66"
L 03/22/2015 - 01:30:48: Server cvar "mp_maxrounds" = "0"
L 03/22/2015 - 01:30:48: Server cvar "mp_mirrordamage" = "0"
L 03/22/2015 - 01:30:48: Server cvar "mp_playerid" = "0"
L 03/22/2015 - 01:30:48: Server cvar "mp_roundtime" = "2.57"
L 03/22/2015 - 01:30:48: Server cvar "mp_startmoney" = "800"
L 03/22/2015 - 01:30:48: Server cvar "mp_timeleft" = "0"
L 03/22/2015 - 01:30:48: Server cvar "mp_timelimit" = "30.000000"
L 03/22/2015 - 01:30:48: Server cvar "mp_tkpunish" = "1"
L 03/22/2015 - 01:30:48: Server cvar "mp_windifference" = "1"
L 03/22/2015 - 01:30:48: Server cvar "mp_winlimit" = "0"
L 03/22/2015 - 01:30:48: Server cvar "pausable" = "0"
L 03/22/2015 - 01:30:48: Server cvar "sv_accelerate" = "5"
L 03/22/2015 - 01:30:48: Server cvar "sv_aim" = "0"
L 03/22/2015 - 01:30:48: Server cvar "sv_airaccelerate" = "10"
L 03/22/2015 - 01:30:48: Server cvar "sv_airmove" = "1"
L 03/22/2015 - 01:30:48: Server cvar "sv_allowupload" = "1"
L 03/22/2015 - 01:30:48: Server cvar "sv_alltalk" = "0"
L 03/22/2015 - 01:30:48: Server cvar "sv_bounce" = "1"
L 03/22/2015 - 01:30:48: Server cvar "sv_cheats" = "0"
L 03/22/2015 - 01:30:48: Server cvar "sv_clienttrace" = "1"
L 03/22/2015 - 01:30:48: Server cvar "sv_clipmode" = "0"
L 03/22/2015 - 01:30:48: Server cvar "sv_contact" = ""
L 03/22/2015 - 01:30:48: Server cvar "sv_friction" = "4"
L 03/22/2015 - 01:30:48: Server cvar "sv_gravity" = "800"
L 03/22/2015 - 01:30:48: Server cvar "sv_logblocks" = "0"
L 03/22/2015 - 01:30:48: Server cvar "sv_maxrate" = "50000"
L 03/22/2015 - 01:30:48: Server cvar "sv_maxspeed" = "900"
L 03/22/2015 - 01:30:48: Server cvar "sv_minrate" = "100000"
L 03/22/2015 - 01:30:48: Server cvar "sv_password" = ""
L 03/22/2015 - 01:30:48: Server cvar "sv_proxies" = "0"
L 03/22/2015 - 01:30:48: Server cvar "sv_region" = "255"
L 03/22/2015 - 01:30:48: Server cvar "sv_restart" = "0"
L 03/22/2015 - 01:30:48: Server cvar "sv_restartround" = "0"
L 03/22/2015 - 01:30:48: Server cvar "sv_stepsize" = "18"
L 03/22/2015 - 01:30:48: Server cvar "sv_stopspeed" = "75"
L 03/22/2015 - 01:30:48: Server cvar "sv_uploadmax" = "0.5"
L 03/22/2015 - 01:30:48: Server cvar "sv_voiceenable" = "1"
L 03/22/2015 - 01:30:48: Server cvar "sv_wateraccelerate" = "10"
L 03/22/2015 - 01:30:48: Server cvar "sv_waterfriction" = "1"
L 03/22/2015 - 01:30:48: Server cvar "travo_statmarquee" = "v1.2"
L 03/22/2015 - 01:30:48: Server cvar "vtc_version" = "80"
L 03/22/2015 - 01:30:48: Server cvars end
L 03/22/2015 - 01:30:48: Server cvar "amx_nextmap" = "fy_pool_day"
L 03/22/2015 - 01:30:48: Server cvar "sv_restart" = "1"
L 03/22/2015 - 01:30:48: World triggered "Restart_Round_(1_second)"
L 03/22/2015 - 01:30:48: Team "CT" scored "0" with "0" players
L 03/22/2015 - 01:30:48: Team "TERRORIST" scored "0" with "0" players
L 03/22/2015 - 01:30:48: Server cvar "sv_restart" = "0"
L 03/22/2015 - 01:30:48: Started map "de_inferno_2x2" (CRC "-1279456242")
L 03/22/2015 - 01:30:49: [VTC] Player 1 speex
L 03/22/2015 - 01:30:49: [VTC] Player 2 speex
L 03/22/2015 - 01:30:51: [DPROTO]: Client 0 - Set AuthIdType 3 [dp_RevEmu]; pClient = 0xb39aff08
L 03/22/2015 - 01:30:51: "Rakal<296><STEAM_0:4:453332229><>" connected, address "178.120.86.159:64575"
L 03/22/2015 - 01:30:52: [VTC] Player 1 speex
L 03/22/2015 - 01:30:53: World triggered "Round_Start"
L 03/22/2015 - 01:30:57: "Rakal<296><STEAM_0:4:453332229><>" entered the game
L 03/22/2015 - 01:31:03: "Rakal<296><STEAM_0:4:453332229><>" joined team "TERRORIST"
L 03/22/2015 - 01:31:03: "Rakal<296><STEAM_0:4:453332229><TERRORIST>" triggered "Spawned_With_The_Bomb"
L 03/22/2015 - 01:32:56: [DPROTO]: Client 1 - Set AuthIdType 3 [dp_RevEmu]; pClient = 0xb39b4dfc
L 03/22/2015 - 01:32:56: "i am le<297><STEAM_0:4:929713413><>" connected, address "178.120.136.199:31331"
L 03/22/2015 - 01:32:56: [VTC] Player 2 speex
L 03/22/2015 - 01:32:59: "i am le<297><STEAM_0:4:929713413><>" entered the game
L 03/22/2015 - 01:33:13: "i am le<297><STEAM_0:4:929713413><>" joined team "CT"
L 03/22/2015 - 01:33:14: World triggered "Game_Commencing"
L 03/22/2015 - 01:33:14: World triggered "Game_Commencing" (CT "0") (T "0")
L 03/22/2015 - 01:33:14: World triggered "Round_End"
L 03/22/2015 - 01:33:17: "Rakal<296><STEAM_0:4:453332229><TERRORIST>" triggered "Spawned_With_The_Bomb"
L 03/22/2015 - 01:33:22: World triggered "Round_Start"
L 03/22/2015 - 01:33:56: "i am le<297><STEAM_0:4:929713413><CT>" attacked "Rakal<296><STEAM_0:4:453332229><TERRORIST>" with "usp" (damage "18") (damage_armor "10") (health "82") (armor "90")
L 03/22/2015 - 01:33:56: "i am le<297><STEAM_0:4:929713413><CT>" attacked "Rakal<296><STEAM_0:4:453332229><TERRORIST>" with "usp" (damage "21") (damage_armor "0") (health "61") (armor "90")
L 03/22/2015 - 01:33:56: "Rakal<296><STEAM_0:4:453332229><TERRORIST>" attacked "i am le<297><STEAM_0:4:929713413><CT>" with "glock18" (damage "11") (damage_armor "5") (health "84") (armor "95")
L 03/22/2015 - 01:33:56: "i am le<297><STEAM_0:4:929713413><CT>" attacked "Rakal<296><STEAM_0:4:453332229><TERRORIST>" with "usp" (damage "14") (damage_armor "7") (health "47") (armor "83")
L 03/22/2015 - 01:33:56: "Rakal<296><STEAM_0:4:453332229><TERRORIST>" attacked "i am le<297><STEAM_0:4:929713413><CT>" with "glock18" (damage "11") (damage_armor "5") (health "73") (armor "90")
L 03/22/2015 - 01:33:56: "i am le<297><STEAM_0:4:929713413><CT>" attacked "Rakal<296><STEAM_0:4:453332229><TERRORIST>" with "usp" (damage "14") (damage_armor "7") (health "33") (armor "76")
L 03/22/2015 - 01:33:56: "Rakal<296><STEAM_0:4:453332229><TERRORIST>" attacked "i am le<297><STEAM_0:4:929713413><CT>" with "glock18" (damage "11") (damage_armor "5") (health "62") (armor "85")
L 03/22/2015 - 01:33:56: "i am le<297><STEAM_0:4:929713413><CT>" attacked "Rakal<296><STEAM_0:4:453332229><TERRORIST>" with "usp" (damage "14") (damage_armor "7") (health "19") (armor "69")
L 03/22/2015 - 01:33:56: "i am le<297><STEAM_0:4:929713413><CT>" attacked "Rakal<296><STEAM_0:4:453332229><TERRORIST>" with "usp" (damage "14") (damage_armor "8") (health "5") (armor "61")
L 03/22/2015 - 01:33:56: "Rakal<296><STEAM_0:4:453332229><TERRORIST>" attacked "i am le<297><STEAM_0:4:929713413><CT>" with "glock18" (damage "11") (damage_armor "5") (health "51") (armor "80")
L 03/22/2015 - 01:33:57: "i am le<297><STEAM_0:4:929713413><CT>" attacked "Rakal<296><STEAM_0:4:453332229><TERRORIST>" with "usp" (damage "14") (damage_armor "7") (health "-9") (armor "54")
L 03/22/2015 - 01:33:57: "i am le<297><STEAM_0:4:929713413><CT>" killed "Rakal<296><STEAM_0:4:453332229><TERRORIST>" with "usp"
L 03/22/2015 - 01:33:57: Team "CT" triggered "CTs_Win" (CT "1") (T "0")
L 03/22/2015 - 01:33:57: World triggered "Round_End"
L 03/22/2015 - 01:34:02: "Rakal<296><STEAM_0:4:453332229><TERRORIST>" triggered "Spawned_With_The_Bomb"
L 03/22/2015 - 01:34:07: World triggered "Round_Start"
L 03/22/2015 - 01:34:33: "i am le<297><STEAM_0:4:929713413><CT>" attacked "Rakal<296><STEAM_0:4:453332229><TERRORIST>" with "deagle" (damage "30") (damage_armor "0") (health "70") (armor "0")
L 03/22/2015 - 01:34:34: "i am le<297><STEAM_0:4:929713413><CT>" attacked "Rakal<296><STEAM_0:4:453332229><TERRORIST>" with "deagle" (damage "30") (damage_armor "0") (health "40") (armor "0")
L 03/22/2015 - 01:34:35: "i am le<297><STEAM_0:4:929713413><CT>" attacked "Rakal<296><STEAM_0:4:453332229><TERRORIST>" with "deagle" (damage "29") (damage_armor "0") (health "11") (armor "0")
L 03/22/2015 - 01:34:35: "i am le<297><STEAM_0:4:929713413><CT>" attacked "Rakal<296><STEAM_0:4:453332229><TERRORIST>" with "deagle" (damage "116") (damage_armor "0") (health "-105") (armor "0")
L 03/22/2015 - 01:34:35: "i am le<297><STEAM_0:4:929713413><CT>" killed "Rakal<296><STEAM_0:4:453332229><TERRORIST>" with "deagle"
L 03/22/2015 - 01:34:35: Team "CT" triggered "CTs_Win" (CT "2") (T "0")
L 03/22/2015 - 01:34:35: World triggered "Round_End"
L 03/22/2015 - 01:34:40: "Rakal<296><STEAM_0:4:453332229><TERRORIST>" triggered "Spawned_With_The_Bomb"
L 03/22/2015 - 01:34:45: World triggered "Round_Start"
L 03/22/2015 - 01:34:57: "Rakal<296><STEAM_0:4:453332229><TERRORIST>" attacked "i am le<297><STEAM_0:4:929713413><CT>" with "ak47" (damage "27") (damage_armor "4") (health "73") (armor "96")
L 03/22/2015 - 01:34:58: "Rakal<296><STEAM_0:4:453332229><TERRORIST>" attacked "i am le<297><STEAM_0:4:929713413><CT>" with "ak47" (damage "108") (damage_armor "16") (health "-35") (armor "80")
L 03/22/2015 - 01:34:58: "Rakal<296><STEAM_0:4:453332229><TERRORIST>" killed "i am le<297><STEAM_0:4:929713413><CT>" with "ak47"
L 03/22/2015 - 01:34:58: Team "TERRORIST" triggered "Terrorists_Win" (CT "2") (T "1")
L 03/22/2015 - 01:34:58: World triggered "Round_End"
L 03/22/2015 - 01:35:03: "Rakal<296><STEAM_0:4:453332229><TERRORIST>" triggered "Spawned_With_The_Bomb"
L 03/22/2015 - 01:35:08: World triggered "Round_Start"
L 03/22/2015 - 01:35:35: "Rakal<296><STEAM_0:4:453332229><TERRORIST>" attacked "i am le<297><STEAM_0:4:929713413><CT>" with "ak47" (damage "16") (damage_armor "0") (health "84") (armor "0")
L 03/22/2015 - 01:35:38: "Rakal<296><STEAM_0:4:453332229><TERRORIST>" attacked "i am le<297><STEAM_0:4:929713413><CT>" with "ak47" (damage "42") (damage_armor "0") (health "42") (armor "0")
L 03/22/2015 - 01:35:38: "Rakal<296><STEAM_0:4:453332229><TERRORIST>" attacked "i am le<297><STEAM_0:4:929713413><CT>" with "ak47" (damage "34") (damage_armor "0") (health "8") (armor "0")
L 03/22/2015 - 01:35:41: "Rakal<296><STEAM_0:4:453332229><TERRORIST>" attacked "i am le<297><STEAM_0:4:929713413><CT>" with "ak47" (damage "34") (damage_armor "0") (health "-26") (armor "0")
L 03/22/2015 - 01:35:41: "Rakal<296><STEAM_0:4:453332229><TERRORIST>" killed "i am le<297><STEAM_0:4:929713413><CT>" with "ak47"
L 03/22/2015 - 01:35:41: Team "TERRORIST" triggered "Terrorists_Win" (CT "2") (T "2")
L 03/22/2015 - 01:35:41: World triggered "Round_End"
L 03/22/2015 - 01:35:46: "Rakal<296><STEAM_0:4:453332229><TERRORIST>" triggered "Spawned_With_The_Bomb"
L 03/22/2015 - 01:35:51: World triggered "Round_Start"
L 03/22/2015 - 01:36:11: "Rakal<296><STEAM_0:4:453332229><TERRORIST>" attacked "i am le<297><STEAM_0:4:929713413><CT>" with "ak47" (damage "12") (damage_armor "2") (health "88") (armor "98")
L 03/22/2015 - 01:36:11: "Rakal<296><STEAM_0:4:453332229><TERRORIST>" attacked "i am le<297><STEAM_0:4:929713413><CT>" with "ak47" (damage "27") (damage_armor "4") (health "61") (armor "94")
L 03/22/2015 - 01:36:11: "Rakal<296><STEAM_0:4:453332229><TERRORIST>" attacked "i am le<297><STEAM_0:4:929713413><CT>" with "ak47" (damage "12") (damage_armor "2") (health "49") (armor "92")
L 03/22/2015 - 01:36:12: "Rakal<296><STEAM_0:4:453332229><TERRORIST>" attacked "i am le<297><STEAM_0:4:929713413><CT>" with "ak47" (damage "49") (damage_armor "7") (health "0") (armor "85")
L 03/22/2015 - 01:36:12: "Rakal<296><STEAM_0:4:453332229><TERRORIST>" killed "i am le<297><STEAM_0:4:929713413><CT>" with "ak47"
L 03/22/2015 - 01:36:12: Team "TERRORIST" triggered "Terrorists_Win" (CT "2") (T "3")
L 03/22/2015 - 01:36:12: World triggered "Round_End"
L 03/22/2015 - 01:36:17: "Rakal<296><STEAM_0:4:453332229><TERRORIST>" triggered "Spawned_With_The_Bomb"
L 03/22/2015 - 01:36:22: World triggered "Round_Start"
L 03/22/2015 - 01:36:32: "i am le<297><STEAM_0:4:929713413><CT>" attacked "Rakal<296><STEAM_0:4:453332229><TERRORIST>" with "deagle" (damage "33") (damage_armor "6") (health "67") (armor "94")
L 03/22/2015 - 01:36:32: "Rakal<296><STEAM_0:4:453332229><TERRORIST>" attacked "i am le<297><STEAM_0:4:929713413><CT>" with "deagle" (damage "33") (damage_armor "6") (health "67") (armor "94")
L 03/22/2015 - 01:36:33: "i am le<297><STEAM_0:4:929713413><CT>" attacked "Rakal<296><STEAM_0:4:453332229><TERRORIST>" with "deagle" (damage "33") (damage_armor "5") (health "34") (armor "89")
L 03/22/2015 - 01:36:33: "i am le<297><STEAM_0:4:929713413><CT>" attacked "Rakal<296><STEAM_0:4:453332229><TERRORIST>" with "deagle" (damage "33") (damage_armor "6") (health "1") (armor "83")
L 03/22/2015 - 01:36:33: "i am le<297><STEAM_0:4:929713413><CT>" attacked "Rakal<296><STEAM_0:4:453332229><TERRORIST>" with "deagle" (damage "129") (damage_armor "21") (health "-128") (armor "62")
L 03/22/2015 - 01:36:33: "i am le<297><STEAM_0:4:929713413><CT>" killed "Rakal<296><STEAM_0:4:453332229><TERRORIST>" with "deagle"
L 03/22/2015 - 01:36:33: Team "CT" triggered "CTs_Win" (CT "3") (T "3")
L 03/22/2015 - 01:36:33: World triggered "Round_End"
L 03/22/2015 - 01:36:38: "Rakal<296><STEAM_0:4:453332229><TERRORIST>" triggered "Spawned_With_The_Bomb"
L 03/22/2015 - 01:36:43: World triggered "Round_Start"
L 03/22/2015 - 01:36:52: "i am le<297><STEAM_0:4:929713413><CT>" attacked "Rakal<296><STEAM_0:4:453332229><TERRORIST>" with "deagle" (damage "22") (damage_armor "4") (health "78") (armor "96")
L 03/22/2015 - 01:36:53: "i am le<297><STEAM_0:4:929713413><CT>" attacked "Rakal<296><STEAM_0:4:453332229><TERRORIST>" with "deagle" (damage "22") (damage_armor "4") (health "56") (armor "92")
L 03/22/2015 - 01:36:53: "Rakal<296><STEAM_0:4:453332229><TERRORIST>" attacked "i am le<297><STEAM_0:4:929713413><CT>" with "deagle" (damage "22") (damage_armor "0") (health "78") (armor "100")
L 03/22/2015 - 01:36:57: "i am le<297><STEAM_0:4:929713413><CT>" attacked "Rakal<296><STEAM_0:4:453332229><TERRORIST>" with "deagle" (damage "20") (damage_armor "3") (health "36") (armor "89")
L 03/22/2015 - 01:36:57: "Rakal<296><STEAM_0:4:453332229><TERRORIST>" attacked "i am le<297><STEAM_0:4:929713413><CT>" with "deagle" (damage "25") (damage_armor "5") (health "53") (armor "95")
L 03/22/2015 - 01:37:00: "i am le<297><STEAM_0:4:929713413><CT>" attacked "Rakal<296><STEAM_0:4:453332229><TERRORIST>" with "deagle" (damage "21") (damage_armor "4") (health "15") (armor "85")
L 03/22/2015 - 01:37:03: "Rakal<296><STEAM_0:4:453332229><TERRORIST>" attacked "i am le<297><STEAM_0:4:929713413><CT>" with "deagle" (damage "20") (damage_armor "0") (health "33") (armor "95")
L 03/22/2015 - 01:37:03: "i am le<297><STEAM_0:4:929713413><CT>" attacked "Rakal<296><STEAM_0:4:453332229><TERRORIST>" with "deagle" (damage "21") (damage_armor "3") (health "-6") (armor "82")
L 03/22/2015 - 01:37:03: "i am le<297><STEAM_0:4:929713413><CT>" killed "Rakal<296><STEAM_0:4:453332229><TERRORIST>" with "deagle"
L 03/22/2015 - 01:37:03: Team "CT" triggered "CTs_Win" (CT "4") (T "3")
L 03/22/2015 - 01:37:03: World triggered "Round_End"
L 03/22/2015 - 01:37:08: "Rakal<296><STEAM_0:4:453332229><TERRORIST>" triggered "Spawned_With_The_Bomb"
L 03/22/2015 - 01:37:13: World triggered "Round_Start"
L 03/22/2015 - 01:37:35: "Rakal<296><STEAM_0:4:453332229><TERRORIST>" attacked "i am le<297><STEAM_0:4:929713413><CT>" with "deagle" (damage "21") (damage_armor "3") (health "79") (armor "92")
L 03/22/2015 - 01:37:37: "Rakal<296><STEAM_0:4:453332229><TERRORIST>" attacked "i am le<297><STEAM_0:4:929713413><CT>" with "deagle" (damage "22") (damage_armor "4") (health "57") (armor "88")
L 03/22/2015 - 01:37:40: "i am le<297><STEAM_0:4:929713413><CT>" attacked "Rakal<296><STEAM_0:4:453332229><TERRORIST>" with "deagle" (damage "22") (damage_armor "4") (health "78") (armor "96")
L 03/22/2015 - 01:37:41: "i am le<297><STEAM_0:4:929713413><CT>" attacked "Rakal<296><STEAM_0:4:453332229><TERRORIST>" with "deagle" (damage "22") (damage_armor "0") (health "56") (armor "96")
L 03/22/2015 - 01:37:41: "i am le<297><STEAM_0:4:929713413><CT>" attacked "Rakal<296><STEAM_0:4:453332229><TERRORIST>" with "deagle" (damage "28") (damage_armor "5") (health "28") (armor "91")
L 03/22/2015 - 01:37:42: "i am le<297><STEAM_0:4:929713413><CT>" attacked "Rakal<296><STEAM_0:4:453332229><TERRORIST>" with "deagle" (damage "28") (damage_armor "5") (health "0") (armor "86")
L 03/22/2015 - 01:37:42: "i am le<297><STEAM_0:4:929713413><CT>" killed "Rakal<296><STEAM_0:4:453332229><TERRORIST>" with "deagle"
L 03/22/2015 - 01:37:42: Team "CT" triggered "CTs_Win" (CT "5") (T "3")
L 03/22/2015 - 01:37:42: World triggered "Round_End"
L 03/22/2015 - 01:37:47: "Rakal<296><STEAM_0:4:453332229><TERRORIST>" triggered "Spawned_With_The_Bomb"
L 03/22/2015 - 01:37:52: World triggered "Round_Start"
L 03/22/2015 - 01:38:25: "i am le<297><STEAM_0:4:929713413><CT>" attacked "Rakal<296><STEAM_0:4:453332229><TERRORIST>" with "deagle" (damage "27") (damage_armor "5") (health "73") (armor "95")
L 03/22/2015 - 01:38:25: "i am le<297><STEAM_0:4:929713413><CT>" attacked "Rakal<296><STEAM_0:4:453332229><TERRORIST>" with "deagle" (damage "27") (damage_armor "0") (health "46") (armor "95")
L 03/22/2015 - 01:38:31: "Rakal<296><STEAM_0:4:453332229><TERRORIST>" attacked "i am le<297><STEAM_0:4:929713413><CT>" with "deagle" (damage "22") (damage_armor "4") (health "78") (armor "96")
L 03/22/2015 - 01:38:31: "i am le<297><STEAM_0:4:929713413><CT>" attacked "Rakal<296><STEAM_0:4:453332229><TERRORIST>" with "deagle" (damage "28") (damage_armor "5") (health "18") (armor "90")
L 03/22/2015 - 01:38:38: "i am le<297><STEAM_0:4:929713413><CT>" attacked "Rakal<296><STEAM_0:4:453332229><TERRORIST>" with "deagle" (damage "23") (damage_armor "4") (health "-5") (armor "86")
L 03/22/2015 - 01:38:38: "i am le<297><STEAM_0:4:929713413><CT>" killed "Rakal<296><STEAM_0:4:453332229><TERRORIST>" with "deagle"
L 03/22/2015 - 01:38:38: Team "CT" triggered "CTs_Win" (CT "6") (T "3")
L 03/22/2015 - 01:38:38: World triggered "Round_End"
L 03/22/2015 - 01:38:43: "Rakal<296><STEAM_0:4:453332229><TERRORIST>" triggered "Spawned_With_The_Bomb"
L 03/22/2015 - 01:38:48: World triggered "Round_Start"
L 03/22/2015 - 01:38:57: "Rakal<296><STEAM_0:4:453332229><TERRORIST>" attacked "i am le<297><STEAM_0:4:929713413><CT>" with "deagle" (damage "22") (damage_armor "0") (health "78") (armor "96")
L 03/22/2015 - 01:39:02: "Rakal<296><STEAM_0:4:453332229><TERRORIST>" attacked "i am le<297><STEAM_0:4:929713413><CT>" with "deagle" (damage "22") (damage_armor "0") (health "56") (armor "96")
L 03/22/2015 - 01:39:03: "i am le<297><STEAM_0:4:929713413><CT>" attacked "Rakal<296><STEAM_0:4:453332229><TERRORIST>" with "deagle" (damage "90") (damage_armor "15") (health "10") (armor "85")
L 03/22/2015 - 01:39:04: "Rakal<296><STEAM_0:4:453332229><TERRORIST>" attacked "i am le<297><STEAM_0:4:929713413><CT>" with "deagle" (damage "22") (damage_armor "4") (health "34") (armor "92")
L 03/22/2015 - 01:39:04: "i am le<297><STEAM_0:4:929713413><CT>" attacked "Rakal<296><STEAM_0:4:453332229><TERRORIST>" with "deagle" (damage "90") (damage_armor "15") (health "-80") (armor "70")
L 03/22/2015 - 01:39:04: "i am le<297><STEAM_0:4:929713413><CT>" killed "Rakal<296><STEAM_0:4:453332229><TERRORIST>" with "deagle"
L 03/22/2015 - 01:39:04: Team "CT" triggered "CTs_Win" (CT "7") (T "3")
L 03/22/2015 - 01:39:04: World triggered "Round_End"
L 03/22/2015 - 01:39:09: "Rakal<296><STEAM_0:4:453332229><TERRORIST>" triggered "Spawned_With_The_Bomb"
L 03/22/2015 - 01:39:14: World triggered "Round_Start"
L 03/22/2015 - 01:39:22: "Rakal<296><STEAM_0:4:453332229><TERRORIST>" attacked "i am le<297><STEAM_0:4:929713413><CT>" with "deagle" (damage "23") (damage_armor "4") (health "77") (armor "88")
L 03/22/2015 - 01:39:22: "Rakal<296><STEAM_0:4:453332229><TERRORIST>" attacked "i am le<297><STEAM_0:4:929713413><CT>" with "deagle" (damage "24") (damage_armor "4") (health "53") (armor "84")
L 03/22/2015 - 01:39:22: "Rakal<296><STEAM_0:4:453332229><TERRORIST>" attacked "i am le<297><STEAM_0:4:929713413><CT>" with "deagle" (damage "24") (damage_armor "0") (health "29") (armor "84")
L 03/22/2015 - 01:39:23: "Rakal<296><STEAM_0:4:453332229><TERRORIST>" attacked "i am le<297><STEAM_0:4:929713413><CT>" with "deagle" (damage "24") (damage_armor "4") (health "5") (armor "80")
L 03/22/2015 - 01:39:23: "i am le<297><STEAM_0:4:929713413><CT>" attacked "Rakal<296><STEAM_0:4:453332229><TERRORIST>" with "deagle" (damage "24") (damage_armor "4") (health "76") (armor "96")
L 03/22/2015 - 01:39:27: "i am le<297><STEAM_0:4:929713413><CT>" attacked "Rakal<296><STEAM_0:4:453332229><TERRORIST>" with "deagle" (damage "26") (damage_armor "0") (health "50") (armor "96")
L 03/22/2015 - 01:39:27: "Rakal<296><STEAM_0:4:453332229><TERRORIST>" attacked "i am le<297><STEAM_0:4:929713413><CT>" with "deagle" (damage "32") (damage_armor "5") (health "-27") (armor "75")
L 03/22/2015 - 01:39:27: "Rakal<296><STEAM_0:4:453332229><TERRORIST>" killed "i am le<297><STEAM_0:4:929713413><CT>" with "deagle"
L 03/22/2015 - 01:39:27: Team "TERRORIST" triggered "Terrorists_Win" (CT "7") (T "4")
L 03/22/2015 - 01:39:27: World triggered "Round_End"
L 03/22/2015 - 01:39:32: "Rakal<296><STEAM_0:4:453332229><TERRORIST>" triggered "Spawned_With_The_Bomb"
L 03/22/2015 - 01:39:37: World triggered "Round_Start"
L 03/22/2015 - 01:39:46: "Rakal<296><STEAM_0:4:453332229><TERRORIST>" attacked "i am le<297><STEAM_0:4:929713413><CT>" with "deagle" (damage "22") (damage_armor "0") (health "78") (armor "100")
L 03/22/2015 - 01:39:52: "Rakal<296><STEAM_0:4:453332229><TERRORIST>" attacked "i am le<297><STEAM_0:4:929713413><CT>" with "deagle" (damage "22") (damage_armor "0") (health "56") (armor "100")
L 03/22/2015 - 01:40:01: "i am le<297><STEAM_0:4:929713413><CT>" attacked "Rakal<296><STEAM_0:4:453332229><TERRORIST>" with "deagle" (damage "22") (damage_armor "4") (health "78") (armor "92")
L 03/22/2015 - 01:40:12: "Rakal<296><STEAM_0:4:453332229><TERRORIST>" attacked "i am le<297><STEAM_0:4:929713413><CT>" with "deagle" (damage "22") (damage_armor "4") (health "34") (armor "96")
L 03/22/2015 - 01:40:12: "i am le<297><STEAM_0:4:929713413><CT>" attacked "Rakal<296><STEAM_0:4:453332229><TERRORIST>" with "deagle" (damage "22") (damage_armor "4") (health "56") (armor "88")
L 03/22/2015 - 01:40:25: "Rakal<296><STEAM_0:4:453332229><TERRORIST>" attacked "i am le<297><STEAM_0:4:929713413><CT>" with "deagle" (damage "24") (damage_armor "4") (health "10") (armor "92")
L 03/22/2015 - 01:40:25: "i am le<297><STEAM_0:4:929713413><CT>" attacked "Rakal<296><STEAM_0:4:453332229><TERRORIST>" with "deagle" (damage "25") (damage_armor "4") (health "31") (armor "84")
L 03/22/2015 - 01:40:26: "Rakal<296><STEAM_0:4:453332229><TERRORIST>" attacked "i am le<297><STEAM_0:4:929713413><CT>" with "deagle" (damage "25") (damage_armor "0") (health "-15") (armor "92")
L 03/22/2015 - 01:40:26: "Rakal<296><STEAM_0:4:453332229><TERRORIST>" killed "i am le<297><STEAM_0:4:929713413><CT>" with "deagle"
L 03/22/2015 - 01:40:26: Team "TERRORIST" triggered "Terrorists_Win" (CT "7") (T "5")
L 03/22/2015 - 01:40:26: World triggered "Round_End"
L 03/22/2015 - 01:40:31: "Rakal<296><STEAM_0:4:453332229><TERRORIST>" triggered "Spawned_With_The_Bomb"
L 03/22/2015 - 01:40:36: World triggered "Round_Start"
L 03/22/2015 - 01:40:44: "Rakal<296><STEAM_0:4:453332229><TERRORIST>" attacked "i am le<297><STEAM_0:4:929713413><CT>" with "deagle" (damage "21") (damage_armor "0") (health "79") (armor "100")
L 03/22/2015 - 01:40:44: "Rakal<296><STEAM_0:4:453332229><TERRORIST>" attacked "i am le<297><STEAM_0:4:929713413><CT>" with "deagle" (damage "26") (damage_armor "5") (health "53") (armor "95")
L 03/22/2015 - 01:40:47: "Rakal<296><STEAM_0:4:453332229><TERRORIST>" attacked "i am le<297><STEAM_0:4:929713413><CT>" with "deagle" (damage "10") (damage_armor "0") (health "43") (armor "95")
L 03/22/2015 - 01:40:49: "i am le<297><STEAM_0:4:929713413><CT>" attacked "Rakal<296><STEAM_0:4:453332229><TERRORIST>" with "deagle" (damage "22") (damage_armor "0") (health "78") (armor "84")
L 03/22/2015 - 01:40:54: "Rakal<296><STEAM_0:4:453332229><TERRORIST>" attacked "i am le<297><STEAM_0:4:929713413><CT>" with "deagle" (damage "22") (damage_armor "0") (health "21") (armor "95")
L 03/22/2015 - 01:41:02: "Rakal<296><STEAM_0:4:453332229><TERRORIST>" attacked "i am le<297><STEAM_0:4:929713413><CT>" with "deagle" (damage "27") (damage_armor "4") (health "-6") (armor "91")
L 03/22/2015 - 01:41:02: "Rakal<296><STEAM_0:4:453332229><TERRORIST>" killed "i am le<297><STEAM_0:4:929713413><CT>" with "deagle"
L 03/22/2015 - 01:41:02: Team "TERRORIST" triggered "Terrorists_Win" (CT "7") (T "6")
L 03/22/2015 - 01:41:02: World triggered "Round_End"
L 03/22/2015 - 01:41:07: "Rakal<296><STEAM_0:4:453332229><TERRORIST>" triggered "Spawned_With_The_Bomb"
L 03/22/2015 - 01:41:12: World triggered "Round_Start"
L 03/22/2015 - 01:41:20: "i am le<297><STEAM_0:4:929713413><CT>" attacked "Rakal<296><STEAM_0:4:453332229><TERRORIST>" with "deagle" (damage "117") (damage_armor "20") (health "-17") (armor "64")
L 03/22/2015 - 01:41:20: "i am le<297><STEAM_0:4:929713413><CT>" killed "Rakal<296><STEAM_0:4:453332229><TERRORIST>" with "deagle"
L 03/22/2015 - 01:41:20: Team "CT" triggered "CTs_Win" (CT "8") (T "6")
L 03/22/2015 - 01:41:20: World triggered "Round_End"
L 03/22/2015 - 01:41:25: "Rakal<296><STEAM_0:4:453332229><TERRORIST>" triggered "Spawned_With_The_Bomb"
L 03/22/2015 - 01:41:30: World triggered "Round_Start"
L 03/22/2015 - 01:41:52: Kick: "Rakal<296><STEAM_0:4:453332229><>" was kicked by "Console" (message ""Извини, но ты лагер :D, попробуй зайти позже"")
L 03/22/2015 - 01:41:52: "Rakal<296><STEAM_0:4:453332229><TERRORIST>" triggered "weaponstats" (weapon "grenade") (shots "2") (hits "0") (kills "0") (headshots "0") (tks "0") (damage "0") (deaths "0")
L 03/22/2015 - 01:41:52: "Rakal<296><STEAM_0:4:453332229><TERRORIST>" triggered "weaponstats2" (weapon "grenade") (head "0") (chest "0") (stomach "0") (leftarm "0") (rightarm "0") (leftleg "0") (rightleg "0")
L 03/22/2015 - 01:41:52: "Rakal<296><STEAM_0:4:453332229><TERRORIST>" triggered "weaponstats" (weapon "glock18") (shots "34") (hits "4") (kills "0") (headshots "0") (tks "0") (damage "44") (deaths "2")
L 03/22/2015 - 01:41:52: "Rakal<296><STEAM_0:4:453332229><TERRORIST>" triggered "weaponstats2" (weapon "glock18") (head "0") (chest "1") (stomach "0") (leftarm "3") (rightarm "0") (leftleg "0") (rightleg "0")
L 03/22/2015 - 01:41:52: "Rakal<296><STEAM_0:4:453332229><TERRORIST>" triggered "weaponstats" (weapon "deagle") (shots "98") (hits "25") (kills "3") (headshots "0") (tks "0") (damage "579") (deaths "6")
L 03/22/2015 - 01:41:52: "Rakal<296><STEAM_0:4:453332229><TERRORIST>" triggered "weaponstats2" (weapon "deagle") (head "0") (chest "2") (stomach "4") (leftarm "3") (rightarm "5") (leftleg "3") (rightleg "8")
L 03/22/2015 - 01:41:52: "Rakal<296><STEAM_0:4:453332229><TERRORIST>" triggered "weaponstats" (weapon "ak47") (shots "51") (hits "10") (kills "3") (headshots "2") (tks "0") (damage "361") (deaths "0")
L 03/22/2015 - 01:41:52: "Rakal<296><STEAM_0:4:453332229><TERRORIST>" triggered "weaponstats2" (weapon "ak47") (head "2") (chest "3") (stomach "1") (leftarm "3") (rightarm "1") (leftleg "0") (rightleg "0")
L 03/22/2015 - 01:41:52: "Rakal<296><STEAM_0:4:453332229><TERRORIST>" triggered "weaponstats" (weapon "knife") (shots "1") (hits "0") (kills "0") (headshots "0") (tks "0") (damage "0") (deaths "0")
L 03/22/2015 - 01:41:52: "Rakal<296><STEAM_0:4:453332229><TERRORIST>" triggered "weaponstats2" (weapon "knife") (head "0") (chest "0") (stomach "0") (leftarm "0") (rightarm "0") (leftleg "0") (rightleg "0")
L 03/22/2015 - 01:41:52: "Rakal<296><STEAM_0:4:453332229><TERRORIST>" triggered "time" (time "10:55")
L 03/22/2015 - 01:41:52: "Rakal<296><STEAM_0:4:453332229><TERRORIST>" triggered "latency" (ping "88")
L 03/22/2015 - 01:41:52: "Rakal<296><STEAM_0:4:453332229><TERRORIST>" triggered "Dropped_The_Bomb"
L 03/22/2015 - 01:41:52: "Rakal<296><STEAM_0:4:453332229><TERRORIST>" disconnected
L 03/22/2015 - 01:41:56: [DPROTO]: Client 0 - Set AuthIdType 3 [dp_RevEmu]; pClient = 0xb39aff08
L 03/22/2015 - 01:41:56: "Rakal<298><STEAM_0:4:453332229><>" connected, address "178.120.86.159:64575"
L 03/22/2015 - 01:41:58: [VTC] Player 1 speex
L 03/22/2015 - 01:42:31: "Rakal<298><STEAM_0:4:453332229><>" entered the game
L 03/22/2015 - 01:42:48: "Rakal<298><STEAM_0:4:453332229><>" joined team "TERRORIST"
L 03/22/2015 - 01:42:50: World triggered "Game_Commencing"
L 03/22/2015 - 01:42:50: World triggered "Game_Commencing" (CT "8") (T "6")
L 03/22/2015 - 01:42:50: World triggered "Round_End"
L 03/22/2015 - 01:42:53: "Rakal<298><STEAM_0:4:453332229><TERRORIST>" triggered "Spawned_With_The_Bomb"
L 03/22/2015 - 01:42:58: World triggered "Round_Start"
L 03/22/2015 - 01:43:18: "Rakal<298><STEAM_0:4:453332229><TERRORIST>" attacked "i am le<297><STEAM_0:4:929713413><CT>" with "glock18" (damage "18") (damage_armor "0") (health "82") (armor "0")
L 03/22/2015 - 01:43:18: "Rakal<298><STEAM_0:4:453332229><TERRORIST>" attacked "i am le<297><STEAM_0:4:929713413><CT>" with "glock18" (damage "18") (damage_armor "0") (health "64") (armor "0")
L 03/22/2015 - 01:43:19: "i am le<297><STEAM_0:4:929713413><CT>" attacked "Rakal<298><STEAM_0:4:453332229><TERRORIST>" with "deagle" (damage "43") (damage_armor "0") (health "57") (armor "0")
L 03/22/2015 - 01:43:19: "Rakal<298><STEAM_0:4:453332229><TERRORIST>" attacked "i am le<297><STEAM_0:4:929713413><CT>" with "glock18" (damage "18") (damage_armor "0") (health "46") (armor "0")
L 03/22/2015 - 01:43:20: "i am le<297><STEAM_0:4:929713413><CT>" attacked "Rakal<298><STEAM_0:4:453332229><TERRORIST>" with "deagle" (damage "32") (damage_armor "0") (health "25") (armor "0")
L 03/22/2015 - 01:43:20: "Rakal<298><STEAM_0:4:453332229><TERRORIST>" attacked "i am le<297><STEAM_0:4:929713413><CT>" with "glock18" (damage "18") (damage_armor "0") (health "28") (armor "0")
L 03/22/2015 - 01:43:20: "Rakal<298><STEAM_0:4:453332229><TERRORIST>" attacked "i am le<297><STEAM_0:4:929713413><CT>" with "glock18" (damage "18") (damage_armor "0") (health "10") (armor "0")
L 03/22/2015 - 01:43:21: "Rakal<298><STEAM_0:4:453332229><TERRORIST>" attacked "i am le<297><STEAM_0:4:929713413><CT>" with "glock18" (damage "22") (damage_armor "0") (health "-12") (armor "0")
L 03/22/2015 - 01:43:21: "Rakal<298><STEAM_0:4:453332229><TERRORIST>" killed "i am le<297><STEAM_0:4:929713413><CT>" with "glock18"
L 03/22/2015 - 01:43:21: Team "TERRORIST" triggered "Terrorists_Win" (CT "0") (T "1")
L 03/22/2015 - 01:43:21: World triggered "Round_End"
L 03/22/2015 - 01:43:26: "Rakal<298><STEAM_0:4:453332229><TERRORIST>" triggered "Spawned_With_The_Bomb"
L 03/22/2015 - 01:43:31: World triggered "Round_Start"
L 03/22/2015 - 01:43:43: "Rakal<298><STEAM_0:4:453332229><TERRORIST>" attacked "i am le<297><STEAM_0:4:929713413><CT>" with "glock18" (damage "5") (damage_armor "3") (health "95") (armor "97")
L 03/22/2015 - 01:43:44: "i am le<297><STEAM_0:4:929713413><CT>" attacked "Rakal<298><STEAM_0:4:453332229><TERRORIST>" with "usp" (damage "12") (damage_armor "0") (health "88") (armor "100")
L 03/22/2015 - 01:43:44: "Rakal<298><STEAM_0:4:453332229><TERRORIST>" attacked "i am le<297><STEAM_0:4:929713413><CT>" with "glock18" (damage "23") (damage_armor "11") (health "72") (armor "86")
L 03/22/2015 - 01:43:45: "Rakal<298><STEAM_0:4:453332229><TERRORIST>" attacked "i am le<297><STEAM_0:4:929713413><CT>" with "glock18" (damage "7") (damage_armor "3") (health "65") (armor "83")
L 03/22/2015 - 01:43:50: "Rakal<298><STEAM_0:4:453332229><TERRORIST>" attacked "i am le<297><STEAM_0:4:929713413><CT>" with "glock18" (damage "5") (damage_armor "2") (health "60") (armor "81")
L 03/22/2015 - 01:43:51: "i am le<297><STEAM_0:4:929713413><CT>" attacked "Rakal<298><STEAM_0:4:453332229><TERRORIST>" with "usp" (damage "8") (damage_armor "5") (health "80") (armor "95")
L 03/22/2015 - 01:43:51: "Rakal<298><STEAM_0:4:453332229><TERRORIST>" attacked "i am le<297><STEAM_0:4:929713413><CT>" with "glock18" (damage "5") (damage_armor "3") (health "55") (armor "78")
L 03/22/2015 - 01:43:51: "Rakal<298><STEAM_0:4:453332229><TERRORIST>" attacked "i am le<297><STEAM_0:4:929713413><CT>" with "glock18" (damage "5") (damage_armor "3") (health "50") (armor "75")
L 03/22/2015 - 01:43:51: "Rakal<298><STEAM_0:4:453332229><TERRORIST>" attacked "i am le<297><STEAM_0:4:929713413><CT>" with "glock18" (damage "23") (damage_armor "10") (health "27") (armor "65")
L 03/22/2015 - 01:43:58: "Rakal<298><STEAM_0:4:453332229><TERRORIST>" attacked "i am le<297><STEAM_0:4:929713413><CT>" with "glock18" (damage "5") (damage_armor "3") (health "22") (armor "62")
L 03/22/2015 - 01:43:58: "Rakal<298><STEAM_0:4:453332229><TERRORIST>" attacked "i am le<297><STEAM_0:4:929713413><CT>" with "glock18" (damage "5") (damage_armor "2") (health "17") (armor "60")
L 03/22/2015 - 01:43:58: "Rakal<298><STEAM_0:4:453332229><TERRORIST>" attacked "i am le<297><STEAM_0:4:929713413><CT>" with "glock18" (damage "5") (damage_armor "3") (health "12") (armor "57")
L 03/22/2015 - 01:43:59: "Rakal<298><STEAM_0:4:453332229><TERRORIST>" attacked "i am le<297><STEAM_0:4:929713413><CT>" with "glock18" (damage "8") (damage_armor "0") (health "4") (armor "57")
L 03/22/2015 - 01:43:59: "i am le<297><STEAM_0:4:929713413><CT>" attacked "Rakal<298><STEAM_0:4:453332229><TERRORIST>" with "usp" (damage "8") (damage_armor "4") (health "72") (armor "91")
L 03/22/2015 - 01:43:59: "i am le<297><STEAM_0:4:929713413><CT>" attacked "Rakal<298><STEAM_0:4:453332229><TERRORIST>" with "usp" (damage "34") (damage_armor "17") (health "38") (armor "74")
L 03/22/2015 - 01:44:06: "i am le<297><STEAM_0:4:929713413><CT>" attacked "Rakal<298><STEAM_0:4:453332229><TERRORIST>" with "usp" (damage "10") (damage_armor "0") (health "28") (armor "74")
L 03/22/2015 - 01:44:06: "i am le<297><STEAM_0:4:929713413><CT>" attacked "Rakal<298><STEAM_0:4:453332229><TERRORIST>" with "usp" (damage "28") (damage_armor "14") (health "0") (armor "60")
L 03/22/2015 - 01:44:06: "i am le<297><STEAM_0:4:929713413><CT>" killed "Rakal<298><STEAM_0:4:453332229><TERRORIST>" with "usp"
L 03/22/2015 - 01:44:06: Team "CT" triggered "CTs_Win" (CT "1") (T "1")
L 03/22/2015 - 01:44:06: World triggered "Round_End"
L 03/22/2015 - 01:44:11: "Rakal<298><STEAM_0:4:453332229><TERRORIST>" triggered "Spawned_With_The_Bomb"
L 03/22/2015 - 01:44:16: World triggered "Round_Start"
L 03/22/2015 - 01:44:26: "i am le<297><STEAM_0:4:929713413><CT>" attacked "Rakal<298><STEAM_0:4:453332229><TERRORIST>" with "deagle" (damage "21") (damage_armor "0") (health "79") (armor "100")
L 03/22/2015 - 01:44:26: "i am le<297><STEAM_0:4:929713413><CT>" attacked "Rakal<298><STEAM_0:4:453332229><TERRORIST>" with "deagle" (damage "26") (damage_armor "5") (health "53") (armor "95")
L 03/22/2015 - 01:44:26: "Rakal<298><STEAM_0:4:453332229><TERRORIST>" attacked "i am le<297><STEAM_0:4:929713413><CT>" with "deagle" (damage "21") (damage_armor "0") (health "79") (armor "100")
L 03/22/2015 - 01:44:26: "i am le<297><STEAM_0:4:929713413><CT>" attacked "Rakal<298><STEAM_0:4:453332229><TERRORIST>" with "deagle" (damage "21") (damage_armor "0") (health "32") (armor "95")
L 03/22/2015 - 01:44:31: "Rakal<298><STEAM_0:4:453332229><TERRORIST>" attacked "i am le<297><STEAM_0:4:929713413><CT>" with "deagle" (damage "23") (damage_armor "4") (health "56") (armor "96")
L 03/22/2015 - 01:44:40: "Rakal<298><STEAM_0:4:453332229><TERRORIST>" attacked "i am le<297><STEAM_0:4:929713413><CT>" with "deagle" (damage "22") (damage_armor "4") (health "34") (armor "92")
L 03/22/2015 - 01:44:40: "i am le<297><STEAM_0:4:929713413><CT>" attacked "Rakal<298><STEAM_0:4:453332229><TERRORIST>" with "deagle" (damage "22") (damage_armor "4") (health "10") (armor "91")
L 03/22/2015 - 01:44:49: "i am le<297><STEAM_0:4:929713413><CT>" attacked "Rakal<298><STEAM_0:4:453332229><TERRORIST>" with "deagle" (damage "10") (damage_armor "1") (health "0") (armor "90")
L 03/22/2015 - 01:44:49: "i am le<297><STEAM_0:4:929713413><CT>" killed "Rakal<298><STEAM_0:4:453332229><TERRORIST>" with "deagle"
L 03/22/2015 - 01:44:49: Team "CT" triggered "CTs_Win" (CT "2") (T "1")
L 03/22/2015 - 01:44:49: World triggered "Round_End"
L 03/22/2015 - 01:44:54: "Rakal<298><STEAM_0:4:453332229><TERRORIST>" triggered "Spawned_With_The_Bomb"
L 03/22/2015 - 01:44:56: Kick: "Rakal<298><STEAM_0:4:453332229><>" was kicked by "Console" (message ""Извини, но ты лагер :D, попробуй зайти позже"")
L 03/22/2015 - 01:44:56: "Rakal<298><STEAM_0:4:453332229><TERRORIST>" triggered "weaponstats" (weapon "grenade") (shots "1") (hits "0") (kills "0") (headshots "0") (tks "0") (damage "0") (deaths "1")
L 03/22/2015 - 01:44:56: "Rakal<298><STEAM_0:4:453332229><TERRORIST>" triggered "weaponstats2" (weapon "grenade") (head "0") (chest "0") (stomach "0") (leftarm "0") (rightarm "0") (leftleg "0") (rightleg "0")
L 03/22/2015 - 01:44:56: "Rakal<298><STEAM_0:4:453332229><TERRORIST>" triggered "weaponstats" (weapon "glock18") (shots "48") (hits "17") (kills "1") (headshots "0") (tks "0") (damage "208") (deaths "0")
L 03/22/2015 - 01:44:56: "Rakal<298><STEAM_0:4:453332229><TERRORIST>" triggered "weaponstats2" (weapon "glock18") (head "2") (chest "1") (stomach "2") (leftarm "6") (rightarm "5") (leftleg "0") (rightleg "1")
L 03/22/2015 - 01:44:56: "Rakal<298><STEAM_0:4:453332229><TERRORIST>" triggered "weaponstats" (weapon "deagle") (shots "19") (hits "3") (kills "0") (headshots "0") (tks "0") (damage "66") (deaths "1")
L 03/22/2015 - 01:44:56: "Rakal<298><STEAM_0:4:453332229><TERRORIST>" triggered "weaponstats2" (weapon "deagle") (head "0") (chest "1") (stomach "0") (leftarm "0") (rightarm "1") (leftleg "0") (rightleg "1")
L 03/22/2015 - 01:44:56: "Rakal<298><STEAM_0:4:453332229><TERRORIST>" triggered "time" (time "2:25")
L 03/22/2015 - 01:44:56: "Rakal<298><STEAM_0:4:453332229><TERRORIST>" triggered "latency" (ping "207")
L 03/22/2015 - 01:44:56: "Rakal<298><STEAM_0:4:453332229><TERRORIST>" triggered "Dropped_The_Bomb"
L 03/22/2015 - 01:44:56: "Rakal<298><STEAM_0:4:453332229><TERRORIST>" disconnected
L 03/22/2015 - 01:44:59: World triggered "Round_Start"
L 03/22/2015 - 01:45:47: "i am le<297><STEAM_0:4:929713413><CT>" triggered "weaponstats" (weapon "grenade") (shots "3") (hits "1") (kills "0") (headshots "0") (tks "0") (damage "76") (deaths "1")
L 03/22/2015 - 01:45:47: "i am le<297><STEAM_0:4:929713413><CT>" triggered "weaponstats2" (weapon "grenade") (head "0") (chest "0") (stomach "0") (leftarm "0") (rightarm "0") (leftleg "0") (rightleg "0")
L 03/22/2015 - 01:45:47: "i am le<297><STEAM_0:4:929713413><CT>" triggered "weaponstats" (weapon "famas") (shots "19") (hits "0") (kills "0") (headshots "0") (tks "0") (damage "0") (deaths "1")
L 03/22/2015 - 01:45:47: "i am le<297><STEAM_0:4:929713413><CT>" triggered "weaponstats2" (weapon "famas") (head "0") (chest "0") (stomach "0") (leftarm "0") (rightarm "0") (leftleg "0") (rightleg "0")
L 03/22/2015 - 01:45:47: "i am le<297><STEAM_0:4:929713413><CT>" triggered "weaponstats" (weapon "usp") (shots "47") (hits "13") (kills "2") (headshots "1") (tks "0") (damage "209") (deaths "0")
L 03/22/2015 - 01:45:47: "i am le<297><STEAM_0:4:929713413><CT>" triggered "weaponstats2" (weapon "usp") (head "2") (chest "0") (stomach "1") (leftarm "8") (rightarm "0") (leftleg "1") (rightleg "1")
L 03/22/2015 - 01:45:47: "i am le<297><STEAM_0:4:929713413><CT>" triggered "weaponstats" (weapon "deagle") (shots "165") (hits "37") (kills "8") (headshots "4") (tks "0") (damage "1357") (deaths "5")
L 03/22/2015 - 01:45:47: "i am le<297><STEAM_0:4:929713413><CT>" triggered "weaponstats2" (weapon "deagle") (head "5") (chest "4") (stomach "4") (leftarm "15") (rightarm "2") (leftleg "4") (rightleg "3")
L 03/22/2015 - 01:45:47: "i am le<297><STEAM_0:4:929713413><CT>" triggered "time" (time "12:48")
L 03/22/2015 - 01:45:47: "i am le<297><STEAM_0:4:929713413><CT>" triggered "latency" (ping "39")
L 03/22/2015 - 01:45:47: "i am le<297><STEAM_0:4:929713413><CT>" disconnected
L 03/22/2015 - 01:45:47: World triggered "Round_Draw" (CT "2") (T "1")
L 03/22/2015 - 01:45:47: World triggered "Round_End"
L 03/22/2015 - 01:45:57: World triggered "Round_Start"
L 03/22/2015 - 01:48:31: Team "CT" triggered "Target_Saved" (CT "3") (T "1")
L 03/22/2015 - 01:48:31: World triggered "Round_End"
L 03/22/2015 - 01:48:41: World triggered "Round_Start"
L 03/22/2015 - 01:50:57: [META] ini: Begin re-reading plugins list: /home/extazy/Public/cstrike/addons/metamod/plugins.ini
L 03/22/2015 - 01:50:57: [META] ini: Read plugin config for: AMX Mod X
L 03/22/2015 - 01:50:57: [META] ini: Read plugin config for: dproto_EF
L 03/22/2015 - 01:50:57: [META] ini: Read plugin config for: VoiceTranscoder
L 03/22/2015 - 01:50:57: [META] ini: Finished reading plugins list: /home/extazy/Public/cstrike/addons/metamod/plugins.ini; Found 3 plugins
L 03/22/2015 - 01:50:57: [META] dll: Updating plugins...
L 03/22/2015 - 01:50:57: [META] dll: Finished updating 12 plugins; kept 3, loaded 0, unloaded 0, reloaded 0, delayed 0
L 03/22/2015 - 01:50:57: Log file closed
