L 03/27/2015 - 15:03:36: Log file started (file "logs/L0327010.log") (game "cstrike") (version "48/1.6.3.7/Stdio/5787")
L 03/27/2015 - 15:03:36: Loading map "$5000$"
L 03/27/2015 - 15:03:36: Server cvars start
L 03/27/2015 - 15:03:36: Server cvar "_tutor_bomb_viewable_check_interval" = "0.5"
L 03/27/2015 - 15:03:36: Server cvar "_tutor_debug_level" = "0"
L 03/27/2015 - 15:03:36: Server cvar "_tutor_examine_time" = "0.5"
L 03/27/2015 - 15:03:36: Server cvar "_tutor_hint_interval_time" = "10.0"
L 03/27/2015 - 15:03:36: Server cvar "_tutor_look_angle" = "10"
L 03/27/2015 - 15:03:36: Server cvar "_tutor_look_distance" = "200"
L 03/27/2015 - 15:03:36: Server cvar "_tutor_message_character_display_time_coefficient" = "0.07"
L 03/27/2015 - 15:03:36: Server cvar "_tutor_message_minimum_display_time" = "1"
L 03/27/2015 - 15:03:36: Server cvar "_tutor_message_repeats" = "5"
L 03/27/2015 - 15:03:36: Server cvar "_tutor_view_distance" = "1000"
L 03/27/2015 - 15:03:36: Server cvar "aesp_version" = "1.5b_mini"
L 03/27/2015 - 15:03:36: Server cvar "allow_spectators" = "4"
L 03/27/2015 - 15:03:36: Server cvar "amx_client_languages" = "0"
L 03/27/2015 - 15:03:36: Server cvar "amx_contactinfo" = "ICQ: 691322983"
L 03/27/2015 - 15:03:36: Server cvar "amx_language" = "ru"
L 03/27/2015 - 15:03:36: Server cvar "amx_nextmap" = "cs_mini_militia"
L 03/27/2015 - 15:03:36: Server cvar "amx_timeleft" = "25:20"
L 03/27/2015 - 15:03:36: Server cvar "amxbans_ssversion" = "Gm 1.6"
L 03/27/2015 - 15:03:36: Server cvar "amxbans_version" = "Gm 1.6"
L 03/27/2015 - 15:03:36: Server cvar "amxmodx_version" = "1.8.1.3746"
L 03/27/2015 - 15:03:36: Server cvar "Colored Translit Cheat" = "Loaded"
L 03/27/2015 - 15:03:36: Server cvar "Colored Translit Config" = "Loaded"
L 03/27/2015 - 15:03:36: Server cvar "Colored Translit Ignores" = "Loaded"
L 03/27/2015 - 15:03:36: Server cvar "Colored Translit Replace" = "Failed"
L 03/27/2015 - 15:03:36: Server cvar "Colored Translit Spam" = "Loaded"
L 03/27/2015 - 15:03:36: Server cvar "Colored Translit Status" = "Loaded"
L 03/27/2015 - 15:03:36: Server cvar "Colored Translit Swear" = "Loaded"
L 03/27/2015 - 15:03:36: Server cvar "Colored Translit Version" = "2.0b Final"
L 03/27/2015 - 15:03:36: Server cvar "coop" = "0"
L 03/27/2015 - 15:03:36: Server cvar "deathmatch" = "1"
L 03/27/2015 - 15:03:36: Server cvar "decalfrequency" = "9"
L 03/27/2015 - 15:03:36: Server cvar "dp_version" = "0.9.391"
L 03/27/2015 - 15:03:36: Server cvar "edgefriction" = "2"
L 03/27/2015 - 15:03:36: Server cvar "hostage_debug" = "0"
L 03/27/2015 - 15:03:36: Server cvar "hostage_stop" = "0"
L 03/27/2015 - 15:03:36: Server cvar "humans_join_team" = "any"
L 03/27/2015 - 15:03:36: Server cvar "jtp10181" = "chute"
L 03/27/2015 - 15:03:36: Server cvar "max_queries_sec" = "3.0"
L 03/27/2015 - 15:03:36: Server cvar "max_queries_sec_global" = "30"
L 03/27/2015 - 15:03:36: Server cvar "max_queries_window" = "60"
L 03/27/2015 - 15:03:36: Server cvar "metamod_version" = "1.19"
L 03/27/2015 - 15:03:36: Server cvar "mp_allowmonsters" = "0"
L 03/27/2015 - 15:03:36: Server cvar "mp_autokick" = "1"
L 03/27/2015 - 15:03:36: Server cvar "mp_autoteambalance" = "1"
L 03/27/2015 - 15:03:36: Server cvar "mp_buytime" = "1.5"
L 03/27/2015 - 15:03:36: Server cvar "mp_c4timer" = "35"
L 03/27/2015 - 15:03:36: Server cvar "mp_chattime" = "1"
L 03/27/2015 - 15:03:36: Server cvar "mp_consistency" = "1"
L 03/27/2015 - 15:03:36: Server cvar "mp_fadetoblack" = "0"
L 03/27/2015 - 15:03:36: Server cvar "mp_flashlight" = "1"
L 03/27/2015 - 15:03:36: Server cvar "mp_footsteps" = "1"
L 03/27/2015 - 15:03:36: Server cvar "mp_forcecamera" = "0"
L 03/27/2015 - 15:03:36: Server cvar "mp_forcechasecam" = "0"
L 03/27/2015 - 15:03:36: Server cvar "mp_fragsleft" = "0"
L 03/27/2015 - 15:03:36: Server cvar "mp_freezetime" = "5"
L 03/27/2015 - 15:03:36: Server cvar "mp_friendlyfire" = "0"
L 03/27/2015 - 15:03:36: Server cvar "mp_ghostfrequency" = "0.1"
L 03/27/2015 - 15:03:36: Server cvar "mp_hostagepenalty" = "0"
L 03/27/2015 - 15:03:36: Server cvar "mp_kickpercent" = "0.66"
L 03/27/2015 - 15:03:36: Server cvar "mp_limitteams" = "5"
L 03/27/2015 - 15:03:36: Server cvar "mp_logdetail" = "3"
L 03/27/2015 - 15:03:36: Server cvar "mp_logfile" = "1"
L 03/27/2015 - 15:03:36: Server cvar "mp_logmessages" = "1"
L 03/27/2015 - 15:03:36: Server cvar "mp_mapvoteratio" = "0.66"
L 03/27/2015 - 15:03:36: Server cvar "mp_maxrounds" = "0"
L 03/27/2015 - 15:03:36: Server cvar "mp_mirrordamage" = "0"
L 03/27/2015 - 15:03:36: Server cvar "mp_playerid" = "0"
L 03/27/2015 - 15:03:36: Server cvar "mp_roundtime" = "2.57"
L 03/27/2015 - 15:03:36: Server cvar "mp_startmoney" = "800"
L 03/27/2015 - 15:03:36: Server cvar "mp_timeleft" = "0"
L 03/27/2015 - 15:03:36: Server cvar "mp_timelimit" = "30.000000"
L 03/27/2015 - 15:03:36: Server cvar "mp_tkpunish" = "1"
L 03/27/2015 - 15:03:36: Server cvar "mp_windifference" = "1"
L 03/27/2015 - 15:03:36: Server cvar "mp_winlimit" = "0"
L 03/27/2015 - 15:03:36: Server cvar "pausable" = "0"
L 03/27/2015 - 15:03:36: Server cvar "sv_accelerate" = "5"
L 03/27/2015 - 15:03:36: Server cvar "sv_aim" = "0"
L 03/27/2015 - 15:03:36: Server cvar "sv_airaccelerate" = "10"
L 03/27/2015 - 15:03:36: Server cvar "sv_airmove" = "1"
L 03/27/2015 - 15:03:36: Server cvar "sv_allowupload" = "1"
L 03/27/2015 - 15:03:36: Server cvar "sv_alltalk" = "0"
L 03/27/2015 - 15:03:36: Server cvar "sv_bounce" = "1"
L 03/27/2015 - 15:03:36: Server cvar "sv_cheats" = "0"
L 03/27/2015 - 15:03:36: Server cvar "sv_clienttrace" = "1"
L 03/27/2015 - 15:03:36: Server cvar "sv_clipmode" = "0"
L 03/27/2015 - 15:03:36: Server cvar "sv_contact" = ""
L 03/27/2015 - 15:03:36: Server cvar "sv_friction" = "4"
L 03/27/2015 - 15:03:36: Server cvar "sv_gravity" = "800"
L 03/27/2015 - 15:03:36: Server cvar "sv_logblocks" = "0"
L 03/27/2015 - 15:03:36: Server cvar "sv_maxrate" = "50000"
L 03/27/2015 - 15:03:36: Server cvar "sv_maxspeed" = "900"
L 03/27/2015 - 15:03:36: Server cvar "sv_minrate" = "100000"
L 03/27/2015 - 15:03:36: Server cvar "sv_password" = ""
L 03/27/2015 - 15:03:36: Server cvar "sv_proxies" = "0"
L 03/27/2015 - 15:03:36: Server cvar "sv_region" = "255"
L 03/27/2015 - 15:03:36: Server cvar "sv_restart" = "0"
L 03/27/2015 - 15:03:36: Server cvar "sv_restartround" = "0"
L 03/27/2015 - 15:03:36: Server cvar "sv_stepsize" = "18"
L 03/27/2015 - 15:03:36: Server cvar "sv_stopspeed" = "75"
L 03/27/2015 - 15:03:36: Server cvar "sv_uploadmax" = "0.5"
L 03/27/2015 - 15:03:36: Server cvar "sv_voiceenable" = "1"
L 03/27/2015 - 15:03:36: Server cvar "sv_wateraccelerate" = "10"
L 03/27/2015 - 15:03:36: Server cvar "sv_waterfriction" = "1"
L 03/27/2015 - 15:03:36: Server cvar "travo_statmarquee" = "v1.2"
L 03/27/2015 - 15:03:36: Server cvar "ultimate_sounds" = "1.7"
L 03/27/2015 - 15:03:36: Server cvar "vtc_version" = "80"
L 03/27/2015 - 15:03:36: Server cvars end
L 03/27/2015 - 15:03:37: Server cvar "amx_nextmap" = "de_westwood"
L 03/27/2015 - 15:03:37: Server cvar "sv_restart" = "1"
L 03/27/2015 - 15:03:37: World triggered "Restart_Round_(1_second)"
L 03/27/2015 - 15:03:37: Team "CT" scored "0" with "0" players
L 03/27/2015 - 15:03:37: Team "TERRORIST" scored "0" with "0" players
L 03/27/2015 - 15:03:37: Server cvar "sv_restart" = "0"
L 03/27/2015 - 15:03:37: Started map "$5000$" (CRC "843177780")
L 03/27/2015 - 15:03:37: [VTC] Player 1 speex
L 03/27/2015 - 15:03:37: [VTC] Player 2 speex
L 03/27/2015 - 15:03:37: [VTC] Player 3 speex
L 03/27/2015 - 15:03:39: [DPROTO]: Client 0 - Set AuthIdType 3 [dp_RevEmu]; pClient = 0xb38e4f08
L 03/27/2015 - 15:03:39: "STING   $$$$<174><STEAM_0:4:1651690629><>" connected, address "178.123.185.109:27005"
L 03/27/2015 - 15:03:39: [VTC] Player 1 speex
L 03/27/2015 - 15:03:40: "[TOP-MS] FANAT CAXAPA<173><STEAM_0:4:1357958405><>" entered the game
L 03/27/2015 - 15:03:40: [DPROTO]: Client 2 - Set AuthIdType 3 [dp_RevEmu]; pClient = 0xb38eecf0
L 03/27/2015 - 15:03:40: "[Hard_Skill]_Mi{x}eR<175><STEAM_0:4:2092800974><>" connected, address "37.213.39.80:27005"
L 03/27/2015 - 15:03:41: [VTC] Player 3 speex
L 03/27/2015 - 15:03:42: "STING   $$$$<174><STEAM_0:4:1651690629><>" entered the game
L 03/27/2015 - 15:03:42: "[TOP-MS] FANAT CAXAPA<173><STEAM_0:4:1357958405><>" joined team "CT"
L 03/27/2015 - 15:03:42: World triggered "Round_Start"
L 03/27/2015 - 15:03:44: "STING   $$$$<174><STEAM_0:4:1651690629><>" joined team "CT"
L 03/27/2015 - 15:03:45: "[Hard_Skill]_Mi{x}eR<175><STEAM_0:4:2092800974><>" entered the game
L 03/27/2015 - 15:03:48: "[Hard_Skill]_Mi{x}eR<175><STEAM_0:4:2092800974><>" joined team "TERRORIST"
L 03/27/2015 - 15:03:48: World triggered "Game_Commencing"
L 03/27/2015 - 15:03:48: World triggered "Game_Commencing" (CT "0") (T "0")
L 03/27/2015 - 15:03:48: World triggered "Round_End"
L 03/27/2015 - 15:03:49: "[TOP-MS] FANAT CAXAPA<173><STEAM_0:4:1357958405><CT>" attacked "[Hard_Skill]_Mi{x}eR<175><STEAM_0:4:2092800974><TERRORIST>" with "sg552" (damage "28") (damage_armor "6") (health "72") (armor "94")
L 03/27/2015 - 15:03:50: "[Hard_Skill]_Mi{x}eR<175><STEAM_0:4:2092800974><TERRORIST>" attacked "[TOP-MS] FANAT CAXAPA<173><STEAM_0:4:1357958405><CT>" with "deagle" (damage "50") (damage_armor "0") (health "50") (armor "0")
L 03/27/2015 - 15:03:50: "[TOP-MS] FANAT CAXAPA<173><STEAM_0:4:1357958405><CT>" attacked "[Hard_Skill]_Mi{x}eR<175><STEAM_0:4:2092800974><TERRORIST>" with "sg552" (damage "22") (damage_armor "5") (health "50") (armor "89")
L 03/27/2015 - 15:03:50: "[TOP-MS] FANAT CAXAPA<173><STEAM_0:4:1357958405><CT>" attacked "[Hard_Skill]_Mi{x}eR<175><STEAM_0:4:2092800974><TERRORIST>" with "sg552" (damage "22") (damage_armor "5") (health "28") (armor "84")
L 03/27/2015 - 15:03:50: "[TOP-MS] FANAT CAXAPA<173><STEAM_0:4:1357958405><CT>" attacked "[Hard_Skill]_Mi{x}eR<175><STEAM_0:4:2092800974><TERRORIST>" with "sg552" (damage "22") (damage_armor "5") (health "6") (armor "79")
L 03/27/2015 - 15:03:50: "[Hard_Skill]_Mi{x}eR<175><STEAM_0:4:2092800974><TERRORIST>" attacked "[TOP-MS] FANAT CAXAPA<173><STEAM_0:4:1357958405><CT>" with "deagle" (damage "200") (damage_armor "0") (health "-150") (armor "0")
L 03/27/2015 - 15:03:50: "[Hard_Skill]_Mi{x}eR<175><STEAM_0:4:2092800974><TERRORIST>" killed "[TOP-MS] FANAT CAXAPA<173><STEAM_0:4:1357958405><CT>" with "deagle"
L 03/27/2015 - 15:03:56: World triggered "Round_Start"
L 03/27/2015 - 15:04:02: "STING   $$$$<174><STEAM_0:4:1651690629><CT>" attacked "[Hard_Skill]_Mi{x}eR<175><STEAM_0:4:2092800974><TERRORIST>" with "sg552" (damage "21") (damage_armor "0") (health "79") (armor "100")
L 03/27/2015 - 15:04:03: "[TOP-MS] FANAT CAXAPA<173><STEAM_0:4:1357958405><CT>" attacked "[Hard_Skill]_Mi{x}eR<175><STEAM_0:4:2092800974><TERRORIST>" with "m4a1" (damage "21") (damage_armor "5") (health "58") (armor "95")
L 03/27/2015 - 15:04:03: "[TOP-MS] FANAT CAXAPA<173><STEAM_0:4:1357958405><CT>" attacked "[Hard_Skill]_Mi{x}eR<175><STEAM_0:4:2092800974><TERRORIST>" with "m4a1" (damage "26") (damage_armor "6") (health "32") (armor "89")
L 03/27/2015 - 15:04:03: "[Hard_Skill]_Mi{x}eR<175><STEAM_0:4:2092800974><TERRORIST>" attacked "STING   $$$$<174><STEAM_0:4:1651690629><CT>" with "awp" (damage "140") (damage_armor "0") (health "-40") (armor "0")
L 03/27/2015 - 15:04:03: "[Hard_Skill]_Mi{x}eR<175><STEAM_0:4:2092800974><TERRORIST>" killed "STING   $$$$<174><STEAM_0:4:1651690629><CT>" with "awp"
L 03/27/2015 - 15:04:03: "[TOP-MS] FANAT CAXAPA<173><STEAM_0:4:1357958405><CT>" attacked "[Hard_Skill]_Mi{x}eR<175><STEAM_0:4:2092800974><TERRORIST>" with "m4a1" (damage "21") (damage_armor "4") (health "11") (armor "85")
L 03/27/2015 - 15:04:04: "[TOP-MS] FANAT CAXAPA<173><STEAM_0:4:1357958405><CT>" attacked "[Hard_Skill]_Mi{x}eR<175><STEAM_0:4:2092800974><TERRORIST>" with "m4a1" (damage "22") (damage_armor "0") (health "-11") (armor "85")
L 03/27/2015 - 15:04:04: "[TOP-MS] FANAT CAXAPA<173><STEAM_0:4:1357958405><CT>" killed "[Hard_Skill]_Mi{x}eR<175><STEAM_0:4:2092800974><TERRORIST>" with "m4a1"
L 03/27/2015 - 15:04:04: Team "CT" triggered "CTs_Win" (CT "1") (T "0")
L 03/27/2015 - 15:04:04: World triggered "Round_End"
L 03/27/2015 - 15:04:14: World triggered "Round_Start"
L 03/27/2015 - 15:04:21: "STING   $$$$<174><STEAM_0:4:1651690629><CT>" attacked "[Hard_Skill]_Mi{x}eR<175><STEAM_0:4:2092800974><TERRORIST>" with "ak47" (damage "33") (damage_armor "5") (health "67") (armor "95")
L 03/27/2015 - 15:04:21: "[Hard_Skill]_Mi{x}eR<175><STEAM_0:4:2092800974><TERRORIST>" attacked "STING   $$$$<174><STEAM_0:4:1651690629><CT>" with "m4a1" (damage "22") (damage_armor "0") (health "78") (armor "0")
L 03/27/2015 - 15:04:22: "[Hard_Skill]_Mi{x}eR<175><STEAM_0:4:2092800974><TERRORIST>" attacked "[TOP-MS] FANAT CAXAPA<173><STEAM_0:4:1357958405><CT>" with "m4a1" (damage "23") (damage_armor "0") (health "58") (armor "0")
L 03/27/2015 - 15:04:22: "[Hard_Skill]_Mi{x}eR<175><STEAM_0:4:2092800974><TERRORIST>" attacked "STING   $$$$<174><STEAM_0:4:1651690629><CT>" with "m4a1" (damage "16") (damage_armor "0") (health "62") (armor "0")
L 03/27/2015 - 15:04:22: "[Hard_Skill]_Mi{x}eR<175><STEAM_0:4:2092800974><TERRORIST>" attacked "STING   $$$$<174><STEAM_0:4:1651690629><CT>" with "m4a1" (damage "30") (damage_armor "0") (health "32") (armor "0")
L 03/27/2015 - 15:04:22: "[TOP-MS] FANAT CAXAPA<173><STEAM_0:4:1357958405><CT>" attacked "[Hard_Skill]_Mi{x}eR<175><STEAM_0:4:2092800974><TERRORIST>" with "ak47" (damage "27") (damage_armor "4") (health "40") (armor "91")
L 03/27/2015 - 15:04:22: "[Hard_Skill]_Mi{x}eR<175><STEAM_0:4:2092800974><TERRORIST>" attacked "STING   $$$$<174><STEAM_0:4:1651690629><CT>" with "m4a1" (damage "120") (damage_armor "0") (health "-88") (armor "0")
L 03/27/2015 - 15:04:22: "[Hard_Skill]_Mi{x}eR<175><STEAM_0:4:2092800974><TERRORIST>" killed "STING   $$$$<174><STEAM_0:4:1651690629><CT>" with "m4a1"
L 03/27/2015 - 15:04:22: "[Hard_Skill]_Mi{x}eR<175><STEAM_0:4:2092800974><TERRORIST>" attacked "[TOP-MS] FANAT CAXAPA<173><STEAM_0:4:1357958405><CT>" with "m4a1" (damage "23") (damage_armor "0") (health "35") (armor "0")
L 03/27/2015 - 15:04:22: "[TOP-MS] FANAT CAXAPA<173><STEAM_0:4:1357958405><CT>" attacked "[Hard_Skill]_Mi{x}eR<175><STEAM_0:4:2092800974><TERRORIST>" with "ak47" (damage "108") (damage_armor "16") (health "-68") (armor "75")
L 03/27/2015 - 15:04:22: "[TOP-MS] FANAT CAXAPA<173><STEAM_0:4:1357958405><CT>" killed "[Hard_Skill]_Mi{x}eR<175><STEAM_0:4:2092800974><TERRORIST>" with "ak47"
L 03/27/2015 - 15:04:22: Team "CT" triggered "CTs_Win" (CT "2") (T "0")
L 03/27/2015 - 15:04:22: World triggered "Round_End"
L 03/27/2015 - 15:04:32: World triggered "Round_Start"
L 03/27/2015 - 15:04:34: "[Hard_Skill]_Mi{x}eR<175><STEAM_0:4:2092800974><TERRORIST>" attacked "[TOP-MS] FANAT CAXAPA<173><STEAM_0:4:1357958405><CT>" with "ak47" (damage "34") (damage_armor "0") (health "66") (armor "0")
L 03/27/2015 - 15:04:35: "[TOP-MS] FANAT CAXAPA<173><STEAM_0:4:1357958405><CT>" attacked "[Hard_Skill]_Mi{x}eR<175><STEAM_0:4:2092800974><TERRORIST>" with "ak47" (damage "25") (damage_armor "0") (health "30") (armor "77")
L 03/27/2015 - 15:04:37: "[TOP-MS] FANAT CAXAPA<173><STEAM_0:4:1357958405><CT>" attacked "[Hard_Skill]_Mi{x}eR<175><STEAM_0:4:2092800974><TERRORIST>" with "ak47" (damage "105") (damage_armor "15") (health "-75") (armor "62")
L 03/27/2015 - 15:04:37: "[TOP-MS] FANAT CAXAPA<173><STEAM_0:4:1357958405><CT>" killed "[Hard_Skill]_Mi{x}eR<175><STEAM_0:4:2092800974><TERRORIST>" with "ak47"
L 03/27/2015 - 15:04:37: Team "CT" triggered "CTs_Win" (CT "3") (T "0")
L 03/27/2015 - 15:04:37: World triggered "Round_End"
L 03/27/2015 - 15:04:47: World triggered "Round_Start"
L 03/27/2015 - 15:04:53: "STING   $$$$<174><STEAM_0:4:1651690629><CT>" attacked "[Hard_Skill]_Mi{x}eR<175><STEAM_0:4:2092800974><TERRORIST>" with "m4a1" (damage "21") (damage_armor "5") (health "42") (armor "76")
L 03/27/2015 - 15:04:53: "[Hard_Skill]_Mi{x}eR<175><STEAM_0:4:2092800974><TERRORIST>" attacked "STING   $$$$<174><STEAM_0:4:1651690629><CT>" with "ak47" (damage "35") (damage_armor "0") (health "65") (armor "0")
L 03/27/2015 - 15:04:53: "STING   $$$$<174><STEAM_0:4:1651690629><CT>" attacked "[Hard_Skill]_Mi{x}eR<175><STEAM_0:4:2092800974><TERRORIST>" with "m4a1" (damage "22") (damage_armor "0") (health "20") (armor "76")
L 03/27/2015 - 15:04:53: "STING   $$$$<174><STEAM_0:4:1651690629><CT>" attacked "[Hard_Skill]_Mi{x}eR<175><STEAM_0:4:2092800974><TERRORIST>" with "m4a1" (damage "22") (damage_armor "0") (health "-2") (armor "76")
L 03/27/2015 - 15:04:53: "STING   $$$$<174><STEAM_0:4:1651690629><CT>" killed "[Hard_Skill]_Mi{x}eR<175><STEAM_0:4:2092800974><TERRORIST>" with "m4a1"
L 03/27/2015 - 15:04:53: Team "CT" triggered "CTs_Win" (CT "4") (T "0")
L 03/27/2015 - 15:04:53: World triggered "Round_End"
L 03/27/2015 - 15:04:58: "[Hard_Skill]_Mi{x}eR<175><STEAM_0:4:2092800974><TERRORIST>" say "cer*" (dead)
L 03/27/2015 - 15:05:03: World triggered "Round_Start"
L 03/27/2015 - 15:05:09: "[Hard_Skill]_Mi{x}eR<175><STEAM_0:4:2092800974><TERRORIST>" attacked "[TOP-MS] FANAT CAXAPA<173><STEAM_0:4:1357958405><CT>" with "m4a1" (damage "31") (damage_armor "0") (health "69") (armor "0")
L 03/27/2015 - 15:05:09: "[TOP-MS] FANAT CAXAPA<173><STEAM_0:4:1357958405><CT>" attacked "[Hard_Skill]_Mi{x}eR<175><STEAM_0:4:2092800974><TERRORIST>" with "ak47" (damage "27") (damage_armor "4") (health "63") (armor "90")
L 03/27/2015 - 15:05:09: "[TOP-MS] FANAT CAXAPA<173><STEAM_0:4:1357958405><CT>" attacked "[Hard_Skill]_Mi{x}eR<175><STEAM_0:4:2092800974><TERRORIST>" with "ak47" (damage "27") (damage_armor "4") (health "36") (armor "86")
L 03/27/2015 - 15:05:09: "[TOP-MS] FANAT CAXAPA<173><STEAM_0:4:1357958405><CT>" attacked "[Hard_Skill]_Mi{x}eR<175><STEAM_0:4:2092800974><TERRORIST>" with "ak47" (damage "27") (damage_armor "4") (health "9") (armor "82")
L 03/27/2015 - 15:05:10: "[TOP-MS] FANAT CAXAPA<173><STEAM_0:4:1357958405><CT>" attacked "[Hard_Skill]_Mi{x}eR<175><STEAM_0:4:2092800974><TERRORIST>" with "ak47" (damage "108") (damage_armor "15") (health "-99") (armor "67")
L 03/27/2015 - 15:05:10: "[TOP-MS] FANAT CAXAPA<173><STEAM_0:4:1357958405><CT>" killed "[Hard_Skill]_Mi{x}eR<175><STEAM_0:4:2092800974><TERRORIST>" with "ak47"
L 03/27/2015 - 15:05:10: Team "CT" triggered "CTs_Win" (CT "5") (T "0")
L 03/27/2015 - 15:05:10: World triggered "Round_End"
L 03/27/2015 - 15:05:20: World triggered "Round_Start"
L 03/27/2015 - 15:05:25: "[Hard_Skill]_Mi{x}eR<175><STEAM_0:4:2092800974><TERRORIST>" attacked "[TOP-MS] FANAT CAXAPA<173><STEAM_0:4:1357958405><CT>" with "ak47" (damage "140") (damage_armor "0") (health "-40") (armor "0")
L 03/27/2015 - 15:05:25: "[Hard_Skill]_Mi{x}eR<175><STEAM_0:4:2092800974><TERRORIST>" killed "[TOP-MS] FANAT CAXAPA<173><STEAM_0:4:1357958405><CT>" with "ak47"
L 03/27/2015 - 15:05:26: "STING   $$$$<174><STEAM_0:4:1651690629><CT>" attacked "[Hard_Skill]_Mi{x}eR<175><STEAM_0:4:2092800974><TERRORIST>" with "m4a1" (damage "21") (damage_armor "4") (health "26") (armor "68")
L 03/27/2015 - 15:05:26: "STING   $$$$<174><STEAM_0:4:1651690629><CT>" attacked "[Hard_Skill]_Mi{x}eR<175><STEAM_0:4:2092800974><TERRORIST>" with "m4a1" (damage "22") (damage_armor "0") (health "4") (armor "68")
L 03/27/2015 - 15:05:26: "STING   $$$$<174><STEAM_0:4:1651690629><CT>" attacked "[Hard_Skill]_Mi{x}eR<175><STEAM_0:4:2092800974><TERRORIST>" with "m4a1" (damage "22") (damage_armor "0") (health "-18") (armor "68")
L 03/27/2015 - 15:05:26: "STING   $$$$<174><STEAM_0:4:1651690629><CT>" killed "[Hard_Skill]_Mi{x}eR<175><STEAM_0:4:2092800974><TERRORIST>" with "m4a1"
L 03/27/2015 - 15:05:26: Team "CT" triggered "CTs_Win" (CT "6") (T "0")
L 03/27/2015 - 15:05:26: World triggered "Round_End"
L 03/27/2015 - 15:05:36: World triggered "Round_Start"
L 03/27/2015 - 15:05:39: "[TOP-MS] FANAT CAXAPA<173><STEAM_0:4:1357958405><CT>" attacked "[Hard_Skill]_Mi{x}eR<175><STEAM_0:4:2092800974><TERRORIST>" with "ak47" (damage "26") (damage_armor "4") (health "74") (armor "96")
L 03/27/2015 - 15:05:40: "[TOP-MS] FANAT CAXAPA<173><STEAM_0:4:1357958405><CT>" attacked "[Hard_Skill]_Mi{x}eR<175><STEAM_0:4:2092800974><TERRORIST>" with "ak47" (damage "26") (damage_armor "4") (health "48") (armor "92")
L 03/27/2015 - 15:05:41: "[TOP-MS] FANAT CAXAPA<173><STEAM_0:4:1357958405><CT>" attacked "[Hard_Skill]_Mi{x}eR<175><STEAM_0:4:2092800974><TERRORIST>" with "ak47" (damage "32") (damage_armor "5") (health "16") (armor "87")
L 03/27/2015 - 15:05:42: "[TOP-MS] FANAT CAXAPA<173><STEAM_0:4:1357958405><CT>" attacked "[Hard_Skill]_Mi{x}eR<175><STEAM_0:4:2092800974><TERRORIST>" with "ak47" (damage "26") (damage_armor "4") (health "-10") (armor "83")
L 03/27/2015 - 15:05:42: "[TOP-MS] FANAT CAXAPA<173><STEAM_0:4:1357958405><CT>" killed "[Hard_Skill]_Mi{x}eR<175><STEAM_0:4:2092800974><TERRORIST>" with "ak47"
L 03/27/2015 - 15:05:42: Team "CT" triggered "CTs_Win" (CT "7") (T "0")
L 03/27/2015 - 15:05:42: World triggered "Round_End"
L 03/27/2015 - 15:05:52: World triggered "Round_Start"
L 03/27/2015 - 15:05:55: "[Hard_Skill]_Mi{x}eR<175><STEAM_0:4:2092800974><TERRORIST>" attacked "STING   $$$$<174><STEAM_0:4:1651690629><CT>" with "ak47" (damage "34") (damage_armor "0") (health "66") (armor "0")
L 03/27/2015 - 15:05:55: "[Hard_Skill]_Mi{x}eR<175><STEAM_0:4:2092800974><TERRORIST>" attacked "STING   $$$$<174><STEAM_0:4:1651690629><CT>" with "ak47" (damage "136") (damage_armor "0") (health "-70") (armor "0")
L 03/27/2015 - 15:05:55: "[Hard_Skill]_Mi{x}eR<175><STEAM_0:4:2092800974><TERRORIST>" killed "STING   $$$$<174><STEAM_0:4:1651690629><CT>" with "ak47"
L 03/27/2015 - 15:06:04: "[TOP-MS] FANAT CAXAPA<173><STEAM_0:4:1357958405><CT>" attacked "[Hard_Skill]_Mi{x}eR<175><STEAM_0:4:2092800974><TERRORIST>" with "ak47" (damage "25") (damage_armor "0") (health "62") (armor "93")
L 03/27/2015 - 15:06:05: "[TOP-MS] FANAT CAXAPA<173><STEAM_0:4:1357958405><CT>" attacked "[Hard_Skill]_Mi{x}eR<175><STEAM_0:4:2092800974><TERRORIST>" with "ak47" (damage "26") (damage_armor "4") (health "36") (armor "89")
L 03/27/2015 - 15:06:06: "[Hard_Skill]_Mi{x}eR<175><STEAM_0:4:2092800974><TERRORIST>" attacked "[TOP-MS] FANAT CAXAPA<173><STEAM_0:4:1357958405><CT>" with "deagle" (damage "38") (damage_armor "0") (health "62") (armor "0")
L 03/27/2015 - 15:06:06: "[TOP-MS] FANAT CAXAPA<173><STEAM_0:4:1357958405><CT>" attacked "[Hard_Skill]_Mi{x}eR<175><STEAM_0:4:2092800974><TERRORIST>" with "ak47" (damage "26") (damage_armor "4") (health "10") (armor "85")
L 03/27/2015 - 15:06:07: "[TOP-MS] FANAT CAXAPA<173><STEAM_0:4:1357958405><CT>" attacked "[Hard_Skill]_Mi{x}eR<175><STEAM_0:4:2092800974><TERRORIST>" with "ak47" (damage "25") (damage_armor "0") (health "-15") (armor "85")
L 03/27/2015 - 15:06:07: "[TOP-MS] FANAT CAXAPA<173><STEAM_0:4:1357958405><CT>" killed "[Hard_Skill]_Mi{x}eR<175><STEAM_0:4:2092800974><TERRORIST>" with "ak47"
L 03/27/2015 - 15:06:07: Team "CT" triggered "CTs_Win" (CT "8") (T "0")
L 03/27/2015 - 15:06:07: World triggered "Round_End"
L 03/27/2015 - 15:06:17: World triggered "Round_Start"
L 03/27/2015 - 15:06:20: "[Hard_Skill]_Mi{x}eR<175><STEAM_0:4:2092800974><TERRORIST>" attacked "STING   $$$$<174><STEAM_0:4:1651690629><CT>" with "ak47" (damage "34") (damage_armor "0") (health "66") (armor "0")
L 03/27/2015 - 15:06:21: "STING   $$$$<174><STEAM_0:4:1651690629><CT>" attacked "[Hard_Skill]_Mi{x}eR<175><STEAM_0:4:2092800974><TERRORIST>" with "awp" (damage "109") (damage_armor "2") (health "-9") (armor "98")
L 03/27/2015 - 15:06:21: "STING   $$$$<174><STEAM_0:4:1651690629><CT>" killed "[Hard_Skill]_Mi{x}eR<175><STEAM_0:4:2092800974><TERRORIST>" with "awp"
L 03/27/2015 - 15:06:21: Team "CT" triggered "CTs_Win" (CT "9") (T "0")
L 03/27/2015 - 15:06:21: World triggered "Round_End"
L 03/27/2015 - 15:06:31: World triggered "Round_Start"
L 03/27/2015 - 15:06:35: "[Hard_Skill]_Mi{x}eR<175><STEAM_0:4:2092800974><TERRORIST>" attacked "STING   $$$$<174><STEAM_0:4:1651690629><CT>" with "awp" (damage "112") (damage_armor "0") (health "-12") (armor "0")
L 03/27/2015 - 15:06:35: "[Hard_Skill]_Mi{x}eR<175><STEAM_0:4:2092800974><TERRORIST>" killed "STING   $$$$<174><STEAM_0:4:1651690629><CT>" with "awp"
L 03/27/2015 - 15:06:37: "[Hard_Skill]_Mi{x}eR<175><STEAM_0:4:2092800974><TERRORIST>" attacked "[TOP-MS] FANAT CAXAPA<173><STEAM_0:4:1357958405><CT>" with "awp" (damage "110") (damage_armor "2") (health "-10") (armor "98")
L 03/27/2015 - 15:06:37: "[Hard_Skill]_Mi{x}eR<175><STEAM_0:4:2092800974><TERRORIST>" killed "[TOP-MS] FANAT CAXAPA<173><STEAM_0:4:1357958405><CT>" with "awp"
L 03/27/2015 - 15:06:37: Team "TERRORIST" triggered "Terrorists_Win" (CT "9") (T "1")
L 03/27/2015 - 15:06:37: World triggered "Round_End"
L 03/27/2015 - 15:06:42: "STING   $$$$<174><STEAM_0:4:1651690629><CT>" triggered "weaponstats" (weapon "grenade") (shots "8") (hits "3") (kills "0") (headshots "0") (tks "0") (damage "79") (deaths "0")
L 03/27/2015 - 15:06:42: "STING   $$$$<174><STEAM_0:4:1651690629><CT>" triggered "weaponstats2" (weapon "grenade") (head "0") (chest "0") (stomach "0") (leftarm "0") (rightarm "0") (leftleg "0") (rightleg "0")
L 03/27/2015 - 15:06:42: "STING   $$$$<174><STEAM_0:4:1651690629><CT>" triggered "weaponstats" (weapon "usp") (shots "3") (hits "0") (kills "0") (headshots "0") (tks "0") (damage "0") (deaths "0")
L 03/27/2015 - 15:06:42: "STING   $$$$<174><STEAM_0:4:1651690629><CT>" triggered "weaponstats2" (weapon "usp") (head "0") (chest "0") (stomach "0") (leftarm "0") (rightarm "0") (leftleg "0") (rightleg "0")
L 03/27/2015 - 15:06:42: "STING   $$$$<174><STEAM_0:4:1651690629><CT>" triggered "weaponstats" (weapon "awp") (shots "2") (hits "1") (kills "1") (headshots "0") (tks "0") (damage "109") (deaths "1")
L 03/27/2015 - 15:06:42: "STING   $$$$<174><STEAM_0:4:1651690629><CT>" triggered "weaponstats2" (weapon "awp") (head "0") (chest "0") (stomach "0") (leftarm "1") (rightarm "0") (leftleg "0") (rightleg "0")
L 03/27/2015 - 15:06:42: "STING   $$$$<174><STEAM_0:4:1651690629><CT>" triggered "weaponstats" (weapon "m4a1") (shots "22") (hits "6") (kills "2") (headshots "0") (tks "0") (damage "130") (deaths "1")
L 03/27/2015 - 15:06:42: "STING   $$$$<174><STEAM_0:4:1651690629><CT>" triggered "weaponstats2" (weapon "m4a1") (head "0") (chest "0") (stomach "0") (leftarm "1") (rightarm "1") (leftleg "3") (rightleg "1")
L 03/27/2015 - 15:06:42: "STING   $$$$<174><STEAM_0:4:1651690629><CT>" triggered "weaponstats" (weapon "sg552") (shots "7") (hits "1") (kills "0") (headshots "0") (tks "0") (damage "21") (deaths "1")
L 03/27/2015 - 15:06:42: "STING   $$$$<174><STEAM_0:4:1651690629><CT>" triggered "weaponstats2" (weapon "sg552") (head "0") (chest "0") (stomach "0") (leftarm "0") (rightarm "0") (leftleg "1") (rightleg "0")
L 03/27/2015 - 15:06:42: "STING   $$$$<174><STEAM_0:4:1651690629><CT>" triggered "weaponstats" (weapon "ak47") (shots "9") (hits "1") (kills "0") (headshots "0") (tks "0") (damage "33") (deaths "1")
L 03/27/2015 - 15:06:42: "STING   $$$$<174><STEAM_0:4:1651690629><CT>" triggered "weaponstats2" (weapon "ak47") (head "0") (chest "0") (stomach "1") (leftarm "0") (rightarm "0") (leftleg "0") (rightleg "0")
L 03/27/2015 - 15:06:42: "STING   $$$$<174><STEAM_0:4:1651690629><CT>" triggered "time" (time "2:59")
L 03/27/2015 - 15:06:42: "STING   $$$$<174><STEAM_0:4:1651690629><CT>" triggered "latency" (ping "41")
L 03/27/2015 - 15:06:42: "STING   $$$$<174><STEAM_0:4:1651690629><CT>" disconnected
L 03/27/2015 - 15:06:47: World triggered "Round_Start"
L 03/27/2015 - 15:06:54: "[TOP-MS] FANAT CAXAPA<173><STEAM_0:4:1357958405><CT>" attacked "[Hard_Skill]_Mi{x}eR<175><STEAM_0:4:2092800974><TERRORIST>" with "ak47" (damage "108") (damage_armor "16") (health "-8") (armor "84")
L 03/27/2015 - 15:06:54: "[TOP-MS] FANAT CAXAPA<173><STEAM_0:4:1357958405><CT>" killed "[Hard_Skill]_Mi{x}eR<175><STEAM_0:4:2092800974><TERRORIST>" with "ak47"
L 03/27/2015 - 15:06:54: Team "CT" triggered "CTs_Win" (CT "10") (T "1")
L 03/27/2015 - 15:06:54: World triggered "Round_End"
L 03/27/2015 - 15:07:04: World triggered "Round_Start"
L 03/27/2015 - 15:07:09: "[Hard_Skill]_Mi{x}eR<175><STEAM_0:4:2092800974><TERRORIST>" attacked "[TOP-MS] FANAT CAXAPA<173><STEAM_0:4:1357958405><CT>" with "ak47" (damage "16") (damage_armor "0") (health "84") (armor "0")
L 03/27/2015 - 15:07:12: "[Hard_Skill]_Mi{x}eR<175><STEAM_0:4:2092800974><TERRORIST>" attacked "[TOP-MS] FANAT CAXAPA<173><STEAM_0:4:1357958405><CT>" with "ak47" (damage "16") (damage_armor "0") (health "68") (armor "0")
L 03/27/2015 - 15:07:14: "[Hard_Skill]_Mi{x}eR<175><STEAM_0:4:2092800974><TERRORIST>" attacked "[TOP-MS] FANAT CAXAPA<173><STEAM_0:4:1357958405><CT>" with "ak47" (damage "34") (damage_armor "0") (health "34") (armor "0")
L 03/27/2015 - 15:07:15: "[TOP-MS] FANAT CAXAPA<173><STEAM_0:4:1357958405><CT>" attacked "[Hard_Skill]_Mi{x}eR<175><STEAM_0:4:2092800974><TERRORIST>" with "ak47" (damage "26") (damage_armor "4") (health "45") (armor "81")
L 03/27/2015 - 15:07:16: "[TOP-MS] FANAT CAXAPA<173><STEAM_0:4:1357958405><CT>" attacked "[Hard_Skill]_Mi{x}eR<175><STEAM_0:4:2092800974><TERRORIST>" with "ak47" (damage "25") (damage_armor "0") (health "20") (armor "81")
L 03/27/2015 - 15:07:16: "[TOP-MS] FANAT CAXAPA<173><STEAM_0:4:1357958405><CT>" attacked "[Hard_Skill]_Mi{x}eR<175><STEAM_0:4:2092800974><TERRORIST>" with "ak47" (damage "25") (damage_armor "0") (health "-5") (armor "81")
L 03/27/2015 - 15:07:16: "[TOP-MS] FANAT CAXAPA<173><STEAM_0:4:1357958405><CT>" killed "[Hard_Skill]_Mi{x}eR<175><STEAM_0:4:2092800974><TERRORIST>" with "ak47"
L 03/27/2015 - 15:07:16: Team "CT" triggered "CTs_Win" (CT "11") (T "1")
L 03/27/2015 - 15:07:16: World triggered "Round_End"
L 03/27/2015 - 15:07:26: World triggered "Round_Start"
L 03/27/2015 - 15:07:30: "[Hard_Skill]_Mi{x}eR<175><STEAM_0:4:2092800974><TERRORIST>" attacked "[TOP-MS] FANAT CAXAPA<173><STEAM_0:4:1357958405><CT>" with "ak47" (damage "34") (damage_armor "0") (health "66") (armor "0")
L 03/27/2015 - 15:07:30: "[Hard_Skill]_Mi{x}eR<175><STEAM_0:4:2092800974><TERRORIST>" attacked "[TOP-MS] FANAT CAXAPA<173><STEAM_0:4:1357958405><CT>" with "ak47" (damage "16") (damage_armor "0") (health "50") (armor "0")
L 03/27/2015 - 15:07:31: "[TOP-MS] FANAT CAXAPA<173><STEAM_0:4:1357958405><CT>" attacked "[Hard_Skill]_Mi{x}eR<175><STEAM_0:4:2092800974><TERRORIST>" with "ak47" (damage "15") (damage_armor "3") (health "85") (armor "97")
L 03/27/2015 - 15:07:31: "[TOP-MS] FANAT CAXAPA<173><STEAM_0:4:1357958405><CT>" attacked "[Hard_Skill]_Mi{x}eR<175><STEAM_0:4:2092800974><TERRORIST>" with "ak47" (damage "12") (damage_armor "0") (health "73") (armor "97")
L 03/27/2015 - 15:07:32: "[Hard_Skill]_Mi{x}eR<175><STEAM_0:4:2092800974><TERRORIST>" attacked "[TOP-MS] FANAT CAXAPA<173><STEAM_0:4:1357958405><CT>" with "deagle" (damage "37") (damage_armor "0") (health "13") (armor "0")
L 03/27/2015 - 15:07:32: "[Hard_Skill]_Mi{x}eR<175><STEAM_0:4:2092800974><TERRORIST>" attacked "[TOP-MS] FANAT CAXAPA<173><STEAM_0:4:1357958405><CT>" with "deagle" (damage "37") (damage_armor "0") (health "-24") (armor "0")
L 03/27/2015 - 15:07:32: "[Hard_Skill]_Mi{x}eR<175><STEAM_0:4:2092800974><TERRORIST>" killed "[TOP-MS] FANAT CAXAPA<173><STEAM_0:4:1357958405><CT>" with "deagle"
L 03/27/2015 - 15:07:32: Team "TERRORIST" triggered "Terrorists_Win" (CT "11") (T "2")
L 03/27/2015 - 15:07:32: World triggered "Round_End"
L 03/27/2015 - 15:07:42: World triggered "Round_Start"
L 03/27/2015 - 15:07:50: "[TOP-MS] FANAT CAXAPA<173><STEAM_0:4:1357958405><CT>" attacked "[Hard_Skill]_Mi{x}eR<175><STEAM_0:4:2092800974><TERRORIST>" with "ak47" (damage "12") (damage_armor "2") (health "88") (armor "98")
L 03/27/2015 - 15:07:51: "[Hard_Skill]_Mi{x}eR<175><STEAM_0:4:2092800974><TERRORIST>" attacked "[TOP-MS] FANAT CAXAPA<173><STEAM_0:4:1357958405><CT>" with "ak47" (damage "25") (damage_armor "0") (health "72") (armor "0")
L 03/27/2015 - 15:07:54: "[Hard_Skill]_Mi{x}eR<175><STEAM_0:4:2092800974><TERRORIST>" attacked "[TOP-MS] FANAT CAXAPA<173><STEAM_0:4:1357958405><CT>" with "ak47" (damage "34") (damage_armor "0") (health "38") (armor "0")
L 03/27/2015 - 15:07:54: "[Hard_Skill]_Mi{x}eR<175><STEAM_0:4:2092800974><TERRORIST>" attacked "[TOP-MS] FANAT CAXAPA<173><STEAM_0:4:1357958405><CT>" with "ak47" (damage "34") (damage_armor "0") (health "4") (armor "0")
L 03/27/2015 - 15:07:55: "[TOP-MS] FANAT CAXAPA<173><STEAM_0:4:1357958405><CT>" attacked "[Hard_Skill]_Mi{x}eR<175><STEAM_0:4:2092800974><TERRORIST>" with "ak47" (damage "26") (damage_armor "4") (health "62") (armor "94")
L 03/27/2015 - 15:07:56: "[TOP-MS] FANAT CAXAPA<173><STEAM_0:4:1357958405><CT>" attacked "[Hard_Skill]_Mi{x}eR<175><STEAM_0:4:2092800974><TERRORIST>" with "ak47" (damage "26") (damage_armor "4") (health "36") (armor "90")
L 03/27/2015 - 15:07:56: "[TOP-MS] FANAT CAXAPA<173><STEAM_0:4:1357958405><CT>" attacked "[Hard_Skill]_Mi{x}eR<175><STEAM_0:4:2092800974><TERRORIST>" with "ak47" (damage "25") (damage_armor "0") (health "11") (armor "90")
L 03/27/2015 - 15:07:56: "[TOP-MS] FANAT CAXAPA<173><STEAM_0:4:1357958405><CT>" attacked "[Hard_Skill]_Mi{x}eR<175><STEAM_0:4:2092800974><TERRORIST>" with "ak47" (damage "26") (damage_armor "4") (health "-15") (armor "86")
L 03/27/2015 - 15:07:56: "[TOP-MS] FANAT CAXAPA<173><STEAM_0:4:1357958405><CT>" killed "[Hard_Skill]_Mi{x}eR<175><STEAM_0:4:2092800974><TERRORIST>" with "ak47"
L 03/27/2015 - 15:07:56: Team "CT" triggered "CTs_Win" (CT "12") (T "2")
L 03/27/2015 - 15:07:56: World triggered "Round_End"
L 03/27/2015 - 15:08:06: World triggered "Round_Start"
L 03/27/2015 - 15:08:12: "[TOP-MS] FANAT CAXAPA<173><STEAM_0:4:1357958405><CT>" attacked "[Hard_Skill]_Mi{x}eR<175><STEAM_0:4:2092800974><TERRORIST>" with "ak47" (damage "27") (damage_armor "4") (health "49") (armor "83")
L 03/27/2015 - 15:08:12: "[TOP-MS] FANAT CAXAPA<173><STEAM_0:4:1357958405><CT>" attacked "[Hard_Skill]_Mi{x}eR<175><STEAM_0:4:2092800974><TERRORIST>" with "ak47" (damage "27") (damage_armor "4") (health "22") (armor "79")
L 03/27/2015 - 15:08:12: "[TOP-MS] FANAT CAXAPA<173><STEAM_0:4:1357958405><CT>" attacked "[Hard_Skill]_Mi{x}eR<175><STEAM_0:4:2092800974><TERRORIST>" with "ak47" (damage "27") (damage_armor "4") (health "-5") (armor "75")
L 03/27/2015 - 15:08:12: "[TOP-MS] FANAT CAXAPA<173><STEAM_0:4:1357958405><CT>" killed "[Hard_Skill]_Mi{x}eR<175><STEAM_0:4:2092800974><TERRORIST>" with "ak47"
L 03/27/2015 - 15:08:12: Team "CT" triggered "CTs_Win" (CT "13") (T "2")
L 03/27/2015 - 15:08:12: World triggered "Round_End"
L 03/27/2015 - 15:08:22: World triggered "Round_Start"
L 03/27/2015 - 15:08:24: "[Hard_Skill]_Mi{x}eR<175><STEAM_0:4:2092800974><TERRORIST>" attacked "[TOP-MS] FANAT CAXAPA<173><STEAM_0:4:1357958405><CT>" with "ak47" (damage "12") (damage_armor "2") (health "78") (armor "92")
L 03/27/2015 - 15:08:26: "[TOP-MS] FANAT CAXAPA<173><STEAM_0:4:1357958405><CT>" attacked "[Hard_Skill]_Mi{x}eR<175><STEAM_0:4:2092800974><TERRORIST>" with "ak47" (damage "26") (damage_armor "4") (health "74") (armor "96")
L 03/27/2015 - 15:08:26: "[TOP-MS] FANAT CAXAPA<173><STEAM_0:4:1357958405><CT>" attacked "[Hard_Skill]_Mi{x}eR<175><STEAM_0:4:2092800974><TERRORIST>" with "ak47" (damage "105") (damage_armor "16") (health "-31") (armor "80")
L 03/27/2015 - 15:08:26: "[TOP-MS] FANAT CAXAPA<173><STEAM_0:4:1357958405><CT>" killed "[Hard_Skill]_Mi{x}eR<175><STEAM_0:4:2092800974><TERRORIST>" with "ak47"
L 03/27/2015 - 15:08:26: Team "CT" triggered "CTs_Win" (CT "14") (T "2")
L 03/27/2015 - 15:08:26: World triggered "Round_End"
L 03/27/2015 - 15:08:33: "[TOP-MS] FANAT CAXAPA<173><STEAM_0:4:1357958405><CT>" triggered "weaponstats" (weapon "grenade") (shots "17") (hits "6") (kills "0") (headshots "0") (tks "0") (damage "159") (deaths "0")
L 03/27/2015 - 15:08:33: "[TOP-MS] FANAT CAXAPA<173><STEAM_0:4:1357958405><CT>" triggered "weaponstats2" (weapon "grenade") (head "0") (chest "0") (stomach "0") (leftarm "0") (rightarm "0") (leftleg "0") (rightleg "0")
L 03/27/2015 - 15:08:33: "[TOP-MS] FANAT CAXAPA<173><STEAM_0:4:1357958405><CT>" triggered "weaponstats" (weapon "m4a1") (shots "14") (hits "4") (kills "1") (headshots "0") (tks "0") (damage "90") (deaths "0")
L 03/27/2015 - 15:08:33: "[TOP-MS] FANAT CAXAPA<173><STEAM_0:4:1357958405><CT>" triggered "weaponstats2" (weapon "m4a1") (head "0") (chest "0") (stomach "1") (leftarm "1") (rightarm "1") (leftleg "1") (rightleg "0")
L 03/27/2015 - 15:08:33: "[TOP-MS] FANAT CAXAPA<173><STEAM_0:4:1357958405><CT>" triggered "weaponstats" (weapon "sg552") (shots "10") (hits "4") (kills "0") (headshots "0") (tks "0") (damage "94") (deaths "1")
L 03/27/2015 - 15:08:33: "[TOP-MS] FANAT CAXAPA<173><STEAM_0:4:1357958405><CT>" triggered "weaponstats2" (weapon "sg552") (head "0") (chest "1") (stomach "1") (leftarm "2") (rightarm "0") (leftleg "0") (rightleg "0")
L 03/27/2015 - 15:08:33: "[TOP-MS] FANAT CAXAPA<173><STEAM_0:4:1357958405><CT>" triggered "weaponstats" (weapon "ak47") (shots "149") (hits "30") (kills "10") (headshots "5") (tks "0") (damage "1204") (deaths "3")
L 03/27/2015 - 15:08:33: "[TOP-MS] FANAT CAXAPA<173><STEAM_0:4:1357958405><CT>" triggered "weaponstats2" (weapon "ak47") (head "5") (chest "1") (stomach "2") (leftarm "13") (rightarm "2") (leftleg "3") (rightleg "4")
L 03/27/2015 - 15:08:33: "[TOP-MS] FANAT CAXAPA<173><STEAM_0:4:1357958405><CT>" triggered "time" (time "4:53")
L 03/27/2015 - 15:08:33: "[TOP-MS] FANAT CAXAPA<173><STEAM_0:4:1357958405><CT>" triggered "latency" (ping "24")
L 03/27/2015 - 15:08:33: "[Hard_Skill]_Mi{x}eR<175><STEAM_0:4:2092800974><TERRORIST>" triggered "weaponstats" (weapon "awp") (shots "4") (hits "3") (kills "3") (headshots "0") (tks "0") (damage "362") (deaths "1")
L 03/27/2015 - 15:08:33: "[Hard_Skill]_Mi{x}eR<175><STEAM_0:4:2092800974><TERRORIST>" triggered "weaponstats2" (weapon "awp") (head "0") (chest "1") (stomach "1") (leftarm "1") (rightarm "0") (leftleg "0") (rightleg "0")
L 03/27/2015 - 15:08:33: "[Hard_Skill]_Mi{x}eR<175><STEAM_0:4:2092800974><TERRORIST>" triggered "weaponstats" (weapon "m4a1") (shots "17") (hits "7") (kills "1") (headshots "1") (tks "0") (damage "265") (deaths "2")
L 03/27/2015 - 15:08:33: "[Hard_Skill]_Mi{x}eR<175><STEAM_0:4:2092800974><TERRORIST>" triggered "weaponstats2" (weapon "m4a1") (head "1") (chest "0") (stomach "0") (leftarm "2") (rightarm "0") (leftleg "3") (rightleg "1")
L 03/27/2015 - 15:08:33: "[Hard_Skill]_Mi{x}eR<175><STEAM_0:4:2092800974><TERRORIST>" triggered "weaponstats" (weapon "deagle") (shots "15") (hits "5") (kills "2") (headshots "1") (tks "0") (damage "362") (deaths "1")
L 03/27/2015 - 15:08:33: "[Hard_Skill]_Mi{x}eR<175><STEAM_0:4:2092800974><TERRORIST>" triggered "weaponstats2" (weapon "deagle") (head "1") (chest "2") (stomach "0") (leftarm "1") (rightarm "1") (leftleg "0") (rightleg "0")
L 03/27/2015 - 15:08:33: "[Hard_Skill]_Mi{x}eR<175><STEAM_0:4:2092800974><TERRORIST>" triggered "weaponstats" (weapon "ak47") (shots "137") (hits "15") (kills "2") (headshots "2") (tks "0") (damage "634") (deaths "9")
L 03/27/2015 - 15:08:33: "[Hard_Skill]_Mi{x}eR<175><STEAM_0:4:2092800974><TERRORIST>" triggered "weaponstats2" (weapon "ak47") (head "2") (chest "3") (stomach "0") (leftarm "7") (rightarm "2") (leftleg "1") (rightleg "0")
L 03/27/2015 - 15:08:33: "[Hard_Skill]_Mi{x}eR<175><STEAM_0:4:2092800974><TERRORIST>" triggered "time" (time "4:47")
L 03/27/2015 - 15:08:33: "[Hard_Skill]_Mi{x}eR<175><STEAM_0:4:2092800974><TERRORIST>" triggered "latency" (ping "45")
L 03/27/2015 - 15:08:33: [META] ini: Begin re-reading plugins list: /home/extazy/public/cstrike/addons/metamod/plugins.ini
L 03/27/2015 - 15:08:33: [META] ini: Read plugin config for: AMX Mod X
L 03/27/2015 - 15:08:33: [META] ini: Read plugin config for: dproto_EF
L 03/27/2015 - 15:08:33: [META] ini: Read plugin config for: VoiceTranscoder
L 03/27/2015 - 15:08:33: [META] ini: Finished reading plugins list: /home/extazy/public/cstrike/addons/metamod/plugins.ini; Found 3 plugins
L 03/27/2015 - 15:08:33: [META] dll: Updating plugins...
L 03/27/2015 - 15:08:33: [META] dll: Finished updating 12 plugins; kept 3, loaded 0, unloaded 0, reloaded 0, delayed 0
L 03/27/2015 - 15:08:33: "[TOP-MS] FANAT CAXAPA<173><STEAM_0:4:1357958405><CT>" disconnected
L 03/27/2015 - 15:08:33: "[Hard_Skill]_Mi{x}eR<175><STEAM_0:4:2092800974><TERRORIST>" disconnected
L 03/27/2015 - 15:08:33: World triggered "Round_Draw" (CT "14") (T "2")
L 03/27/2015 - 15:08:33: World triggered "Round_End"
L 03/27/2015 - 15:08:33: Log file closed
