L 03/25/2015 - 17:28:20: Log file started (file "logs/L0325020.log") (game "cstrike") (version "48/1.6.3.7/Stdio/5787")
L 03/25/2015 - 17:28:20: Loading map "fy_pool_day"
L 03/25/2015 - 17:28:20: Server cvars start
L 03/25/2015 - 17:28:20: Server cvar "_tutor_bomb_viewable_check_interval" = "0.5"
L 03/25/2015 - 17:28:20: Server cvar "_tutor_debug_level" = "0"
L 03/25/2015 - 17:28:20: Server cvar "_tutor_examine_time" = "0.5"
L 03/25/2015 - 17:28:20: Server cvar "_tutor_hint_interval_time" = "10.0"
L 03/25/2015 - 17:28:20: Server cvar "_tutor_look_angle" = "10"
L 03/25/2015 - 17:28:20: Server cvar "_tutor_look_distance" = "200"
L 03/25/2015 - 17:28:20: Server cvar "_tutor_message_character_display_time_coefficient" = "0.07"
L 03/25/2015 - 17:28:20: Server cvar "_tutor_message_minimum_display_time" = "1"
L 03/25/2015 - 17:28:20: Server cvar "_tutor_message_repeats" = "5"
L 03/25/2015 - 17:28:20: Server cvar "_tutor_view_distance" = "1000"
L 03/25/2015 - 17:28:20: Server cvar "aesp_version" = "1.5b_mini"
L 03/25/2015 - 17:28:20: Server cvar "allow_spectators" = "4"
L 03/25/2015 - 17:28:20: Server cvar "amx_client_languages" = "0"
L 03/25/2015 - 17:28:20: Server cvar "amx_contactinfo" = "ICQ: 691322983"
L 03/25/2015 - 17:28:20: Server cvar "amx_language" = "ru"
L 03/25/2015 - 17:28:20: Server cvar "amx_nextmap" = "fy_pool_day"
L 03/25/2015 - 17:28:20: Server cvar "amx_timeleft" = "00:00"
L 03/25/2015 - 17:28:20: Server cvar "amxbans_ssversion" = "Gm 1.6"
L 03/25/2015 - 17:28:20: Server cvar "amxbans_version" = "Gm 1.6"
L 03/25/2015 - 17:28:20: Server cvar "amxmodx_version" = "1.8.1.3746"
L 03/25/2015 - 17:28:20: Server cvar "Colored Translit Cheat" = "Loaded"
L 03/25/2015 - 17:28:20: Server cvar "Colored Translit Config" = "Loaded"
L 03/25/2015 - 17:28:20: Server cvar "Colored Translit Ignores" = "Loaded"
L 03/25/2015 - 17:28:20: Server cvar "Colored Translit Replace" = "Failed"
L 03/25/2015 - 17:28:20: Server cvar "Colored Translit Spam" = "Loaded"
L 03/25/2015 - 17:28:20: Server cvar "Colored Translit Status" = "Loaded"
L 03/25/2015 - 17:28:20: Server cvar "Colored Translit Swear" = "Loaded"
L 03/25/2015 - 17:28:20: Server cvar "Colored Translit Version" = "2.0b Final"
L 03/25/2015 - 17:28:20: Server cvar "coop" = "0"
L 03/25/2015 - 17:28:20: Server cvar "deathmatch" = "1"
L 03/25/2015 - 17:28:20: Server cvar "decalfrequency" = "9"
L 03/25/2015 - 17:28:20: Server cvar "dp_version" = "0.9.391"
L 03/25/2015 - 17:28:20: Server cvar "edgefriction" = "2"
L 03/25/2015 - 17:28:20: Server cvar "hostage_debug" = "0"
L 03/25/2015 - 17:28:20: Server cvar "hostage_stop" = "0"
L 03/25/2015 - 17:28:20: Server cvar "humans_join_team" = "any"
L 03/25/2015 - 17:28:20: Server cvar "jtp10181" = "chute"
L 03/25/2015 - 17:28:20: Server cvar "max_queries_sec" = "3.0"
L 03/25/2015 - 17:28:20: Server cvar "max_queries_sec_global" = "30"
L 03/25/2015 - 17:28:20: Server cvar "max_queries_window" = "60"
L 03/25/2015 - 17:28:20: Server cvar "metamod_version" = "1.19"
L 03/25/2015 - 17:28:20: Server cvar "mp_allowmonsters" = "0"
L 03/25/2015 - 17:28:20: Server cvar "mp_autokick" = "1"
L 03/25/2015 - 17:28:20: Server cvar "mp_autoteambalance" = "1"
L 03/25/2015 - 17:28:20: Server cvar "mp_buytime" = "1.5"
L 03/25/2015 - 17:28:20: Server cvar "mp_c4timer" = "35"
L 03/25/2015 - 17:28:20: Server cvar "mp_chattime" = "1"
L 03/25/2015 - 17:28:20: Server cvar "mp_consistency" = "1"
L 03/25/2015 - 17:28:20: Server cvar "mp_fadetoblack" = "0"
L 03/25/2015 - 17:28:20: Server cvar "mp_flashlight" = "1"
L 03/25/2015 - 17:28:20: Server cvar "mp_footsteps" = "1"
L 03/25/2015 - 17:28:20: Server cvar "mp_forcecamera" = "0"
L 03/25/2015 - 17:28:20: Server cvar "mp_forcechasecam" = "0"
L 03/25/2015 - 17:28:20: Server cvar "mp_fragsleft" = "0"
L 03/25/2015 - 17:28:20: Server cvar "mp_freezetime" = "5"
L 03/25/2015 - 17:28:20: Server cvar "mp_friendlyfire" = "0"
L 03/25/2015 - 17:28:20: Server cvar "mp_ghostfrequency" = "0.1"
L 03/25/2015 - 17:28:20: Server cvar "mp_hostagepenalty" = "0"
L 03/25/2015 - 17:28:20: Server cvar "mp_kickpercent" = "0.66"
L 03/25/2015 - 17:28:20: Server cvar "mp_limitteams" = "5"
L 03/25/2015 - 17:28:20: Server cvar "mp_logdetail" = "3"
L 03/25/2015 - 17:28:20: Server cvar "mp_logfile" = "1"
L 03/25/2015 - 17:28:20: Server cvar "mp_logmessages" = "1"
L 03/25/2015 - 17:28:20: Server cvar "mp_mapvoteratio" = "0.66"
L 03/25/2015 - 17:28:20: Server cvar "mp_maxrounds" = "0"
L 03/25/2015 - 17:28:20: Server cvar "mp_mirrordamage" = "0"
L 03/25/2015 - 17:28:20: Server cvar "mp_playerid" = "0"
L 03/25/2015 - 17:28:20: Server cvar "mp_roundtime" = "2.57"
L 03/25/2015 - 17:28:20: Server cvar "mp_startmoney" = "800"
L 03/25/2015 - 17:28:20: Server cvar "mp_timeleft" = "0"
L 03/25/2015 - 17:28:20: Server cvar "mp_timelimit" = "30.000000"
L 03/25/2015 - 17:28:20: Server cvar "mp_tkpunish" = "1"
L 03/25/2015 - 17:28:20: Server cvar "mp_windifference" = "1"
L 03/25/2015 - 17:28:20: Server cvar "mp_winlimit" = "0"
L 03/25/2015 - 17:28:20: Server cvar "pausable" = "0"
L 03/25/2015 - 17:28:20: Server cvar "sv_accelerate" = "5"
L 03/25/2015 - 17:28:20: Server cvar "sv_aim" = "0"
L 03/25/2015 - 17:28:20: Server cvar "sv_airaccelerate" = "10"
L 03/25/2015 - 17:28:20: Server cvar "sv_airmove" = "1"
L 03/25/2015 - 17:28:20: Server cvar "sv_allowupload" = "1"
L 03/25/2015 - 17:28:20: Server cvar "sv_alltalk" = "0"
L 03/25/2015 - 17:28:20: Server cvar "sv_bounce" = "1"
L 03/25/2015 - 17:28:20: Server cvar "sv_cheats" = "0"
L 03/25/2015 - 17:28:20: Server cvar "sv_clienttrace" = "1"
L 03/25/2015 - 17:28:20: Server cvar "sv_clipmode" = "0"
L 03/25/2015 - 17:28:20: Server cvar "sv_contact" = ""
L 03/25/2015 - 17:28:20: Server cvar "sv_friction" = "4"
L 03/25/2015 - 17:28:20: Server cvar "sv_gravity" = "800"
L 03/25/2015 - 17:28:20: Server cvar "sv_logblocks" = "0"
L 03/25/2015 - 17:28:20: Server cvar "sv_maxrate" = "50000"
L 03/25/2015 - 17:28:20: Server cvar "sv_maxspeed" = "900"
L 03/25/2015 - 17:28:20: Server cvar "sv_minrate" = "100000"
L 03/25/2015 - 17:28:20: Server cvar "sv_password" = ""
L 03/25/2015 - 17:28:20: Server cvar "sv_proxies" = "0"
L 03/25/2015 - 17:28:20: Server cvar "sv_region" = "255"
L 03/25/2015 - 17:28:20: Server cvar "sv_restart" = "0"
L 03/25/2015 - 17:28:20: Server cvar "sv_restartround" = "0"
L 03/25/2015 - 17:28:20: Server cvar "sv_stepsize" = "18"
L 03/25/2015 - 17:28:20: Server cvar "sv_stopspeed" = "75"
L 03/25/2015 - 17:28:20: Server cvar "sv_uploadmax" = "0.5"
L 03/25/2015 - 17:28:20: Server cvar "sv_voiceenable" = "1"
L 03/25/2015 - 17:28:20: Server cvar "sv_wateraccelerate" = "10"
L 03/25/2015 - 17:28:20: Server cvar "sv_waterfriction" = "1"
L 03/25/2015 - 17:28:20: Server cvar "travo_statmarquee" = "v1.2"
L 03/25/2015 - 17:28:20: Server cvar "ultimate_sounds" = "1.7"
L 03/25/2015 - 17:28:20: Server cvar "vtc_version" = "80"
L 03/25/2015 - 17:28:20: Server cvar "whb_version" = "1.5.530"
L 03/25/2015 - 17:28:20: Server cvars end
L 03/25/2015 - 17:28:21: Server cvar "amx_nextmap" = "cs_assault_1337"
L 03/25/2015 - 17:28:21: Server cvar "sv_restart" = "1"
L 03/25/2015 - 17:28:21: World triggered "Restart_Round_(1_second)"
L 03/25/2015 - 17:28:21: Team "CT" scored "0" with "0" players
L 03/25/2015 - 17:28:21: Team "TERRORIST" scored "0" with "0" players
L 03/25/2015 - 17:28:21: Server cvar "sv_restart" = "0"
L 03/25/2015 - 17:28:21: Started map "fy_pool_day" (CRC "1149410091")
L 03/25/2015 - 17:28:21: [VTC] Player 4 speex
L 03/25/2015 - 17:28:21: [VTC] Player 3 speex
L 03/25/2015 - 17:28:23: [DPROTO]: Client 2 - Set AuthIdType 3 [dp_RevEmu]; pClient = 0xb394dcf0
L 03/25/2015 - 17:28:23: "[TOP-MS] FANAT CAXAPA<230><STEAM_0:4:1357991173><>" connected, address "178.120.190.8:33585"
L 03/25/2015 - 17:28:23: [VTC] Player 3 speex
L 03/25/2015 - 17:28:24: "Dimanski<228><STEAM_0:4:1871243086><>" entered the game
L 03/25/2015 - 17:28:25: "[TOP-MS] FANAT CAXAPA<230><STEAM_0:4:1357991173><>" entered the game
L 03/25/2015 - 17:28:26: World triggered "Round_Start"
L 03/25/2015 - 17:28:26: "Dimanski<228><STEAM_0:4:1871243086><>" joined team "TERRORIST"
L 03/25/2015 - 17:28:26: "[TOP-MS] FANAT CAXAPA<230><STEAM_0:4:1357991173><>" joined team "CT"
L 03/25/2015 - 17:28:26: "Dimanski<228><STEAM_0:4:1871243086><TERRORIST>" triggered "Spawned_With_The_Bomb"
L 03/25/2015 - 17:28:27: World triggered "Game_Commencing"
L 03/25/2015 - 17:28:27: World triggered "Game_Commencing" (CT "0") (T "0")
L 03/25/2015 - 17:28:27: World triggered "Round_End"
L 03/25/2015 - 17:28:30: "Dimanski<228><STEAM_0:4:1871243086><TERRORIST>" triggered "Spawned_With_The_Bomb"
L 03/25/2015 - 17:28:30: [DPROTO]: Client 0 - Set AuthIdType 3 [dp_RevEmu]; pClient = 0xb3943f08
L 03/25/2015 - 17:28:30: "))KrekeR((<231><STEAM_0:4:1218319691><>" connected, address "46.200.96.56:27005"
L 03/25/2015 - 17:28:34: [DPROTO]: Client 0 - Set AuthIdType 3 [dp_RevEmu]; pClient = 0xb3943f08
L 03/25/2015 - 17:28:34: "))KrekeR((<232><STEAM_0:4:1218319691><>" connected, address "46.200.96.56:27005"
L 03/25/2015 - 17:28:35: World triggered "Round_Start"
L 03/25/2015 - 17:28:38: "))KrekeR((<232><STEAM_0:4:1218319691><>" entered the game
L 03/25/2015 - 17:28:40: "[TOP-MS] FANAT CAXAPA<230><STEAM_0:4:1357991173><CT>" attacked "Dimanski<228><STEAM_0:4:1871243086><TERRORIST>" with "m4a1" (damage "10") (damage_armor "0") (health "90") (armor "0")
L 03/25/2015 - 17:28:40: "[TOP-MS] FANAT CAXAPA<230><STEAM_0:4:1357991173><CT>" attacked "Dimanski<228><STEAM_0:4:1871243086><TERRORIST>" with "m4a1" (damage "17") (damage_armor "0") (health "73") (armor "0")
L 03/25/2015 - 17:28:41: "[TOP-MS] FANAT CAXAPA<230><STEAM_0:4:1357991173><CT>" attacked "Dimanski<228><STEAM_0:4:1871243086><TERRORIST>" with "m4a1" (damage "14") (damage_armor "0") (health "59") (armor "0")
L 03/25/2015 - 17:28:41: "[TOP-MS] FANAT CAXAPA<230><STEAM_0:4:1357991173><CT>" attacked "Dimanski<228><STEAM_0:4:1871243086><TERRORIST>" with "m4a1" (damage "14") (damage_armor "0") (health "45") (armor "0")
L 03/25/2015 - 17:28:42: "))KrekeR((<232><STEAM_0:4:1218319691><>" joined team "TERRORIST"
L 03/25/2015 - 17:28:46: "Dimanski<228><STEAM_0:4:1871243086><TERRORIST>" attacked "[TOP-MS] FANAT CAXAPA<230><STEAM_0:4:1357991173><CT>" with "xm1014" (damage "80") (damage_armor "0") (health "20") (armor "0")
L 03/25/2015 - 17:28:46: "[TOP-MS] FANAT CAXAPA<230><STEAM_0:4:1357991173><CT>" attacked "Dimanski<228><STEAM_0:4:1871243086><TERRORIST>" with "m4a1" (damage "23") (damage_armor "0") (health "22") (armor "0")
L 03/25/2015 - 17:28:47: "[TOP-MS] FANAT CAXAPA<230><STEAM_0:4:1357991173><CT>" attacked "Dimanski<228><STEAM_0:4:1871243086><TERRORIST>" with "m4a1" (damage "23") (damage_armor "0") (health "-1") (armor "0")
L 03/25/2015 - 17:28:47: "[TOP-MS] FANAT CAXAPA<230><STEAM_0:4:1357991173><CT>" killed "Dimanski<228><STEAM_0:4:1871243086><TERRORIST>" with "m4a1"
L 03/25/2015 - 17:28:47: "Dimanski<228><STEAM_0:4:1871243086><TERRORIST>" triggered "Dropped_The_Bomb"
L 03/25/2015 - 17:28:57: "[TOP-MS] FANAT CAXAPA<230><STEAM_0:4:1357991173><CT>" attacked "))KrekeR((<232><STEAM_0:4:1218319691><TERRORIST>" with "aug" (damage "31") (damage_armor "0") (health "69") (armor "0")
L 03/25/2015 - 17:28:57: "[TOP-MS] FANAT CAXAPA<230><STEAM_0:4:1357991173><CT>" attacked "))KrekeR((<232><STEAM_0:4:1218319691><TERRORIST>" with "aug" (damage "31") (damage_armor "0") (health "38") (armor "0")
L 03/25/2015 - 17:28:57: "))KrekeR((<232><STEAM_0:4:1218319691><TERRORIST>" attacked "[TOP-MS] FANAT CAXAPA<230><STEAM_0:4:1357991173><CT>" with "aug" (damage "31") (damage_armor "0") (health "-11") (armor "0")
L 03/25/2015 - 17:28:57: "))KrekeR((<232><STEAM_0:4:1218319691><TERRORIST>" killed "[TOP-MS] FANAT CAXAPA<230><STEAM_0:4:1357991173><CT>" with "aug"
L 03/25/2015 - 17:28:57: Team "TERRORIST" triggered "Terrorists_Win" (CT "0") (T "1")
L 03/25/2015 - 17:28:57: World triggered "Round_End"
L 03/25/2015 - 17:29:02: "Dimanski<228><STEAM_0:4:1871243086><TERRORIST>" triggered "Spawned_With_The_Bomb"
L 03/25/2015 - 17:29:07: World triggered "Round_Start"
L 03/25/2015 - 17:29:23: "[TOP-MS] FANAT CAXAPA<230><STEAM_0:4:1357991173><CT>" attacked "))KrekeR((<232><STEAM_0:4:1218319691><TERRORIST>" with "m4a1" (damage "38") (damage_armor "0") (health "62") (armor "0")
L 03/25/2015 - 17:29:23: "[TOP-MS] FANAT CAXAPA<230><STEAM_0:4:1357991173><CT>" attacked "))KrekeR((<232><STEAM_0:4:1218319691><TERRORIST>" with "m4a1" (damage "23") (damage_armor "0") (health "39") (armor "0")
L 03/25/2015 - 17:29:23: "[TOP-MS] FANAT CAXAPA<230><STEAM_0:4:1357991173><CT>" attacked "))KrekeR((<232><STEAM_0:4:1218319691><TERRORIST>" with "m4a1" (damage "23") (damage_armor "0") (health "16") (armor "0")
L 03/25/2015 - 17:29:23: "[TOP-MS] FANAT CAXAPA<230><STEAM_0:4:1357991173><CT>" attacked "))KrekeR((<232><STEAM_0:4:1218319691><TERRORIST>" with "m4a1" (damage "23") (damage_armor "0") (health "-7") (armor "0")
L 03/25/2015 - 17:29:23: "[TOP-MS] FANAT CAXAPA<230><STEAM_0:4:1357991173><CT>" killed "))KrekeR((<232><STEAM_0:4:1218319691><TERRORIST>" with "m4a1"
L 03/25/2015 - 17:29:39: "[TOP-MS] FANAT CAXAPA<230><STEAM_0:4:1357991173><CT>" attacked "Dimanski<228><STEAM_0:4:1871243086><TERRORIST>" with "ak47" (damage "35") (damage_armor "0") (health "65") (armor "0")
L 03/25/2015 - 17:29:39: "[TOP-MS] FANAT CAXAPA<230><STEAM_0:4:1357991173><CT>" attacked "Dimanski<228><STEAM_0:4:1871243086><TERRORIST>" with "ak47" (damage "35") (damage_armor "0") (health "30") (armor "0")
L 03/25/2015 - 17:29:39: "[TOP-MS] FANAT CAXAPA<230><STEAM_0:4:1357991173><CT>" attacked "Dimanski<228><STEAM_0:4:1871243086><TERRORIST>" with "ak47" (damage "35") (damage_armor "0") (health "-5") (armor "0")
L 03/25/2015 - 17:29:39: "[TOP-MS] FANAT CAXAPA<230><STEAM_0:4:1357991173><CT>" killed "Dimanski<228><STEAM_0:4:1871243086><TERRORIST>" with "ak47"
L 03/25/2015 - 17:29:39: Team "CT" triggered "CTs_Win" (CT "1") (T "1")
L 03/25/2015 - 17:29:39: World triggered "Round_End"
L 03/25/2015 - 17:29:44: "))KrekeR((<232><STEAM_0:4:1218319691><TERRORIST>" triggered "Spawned_With_The_Bomb"
L 03/25/2015 - 17:29:49: World triggered "Round_Start"
L 03/25/2015 - 17:29:54: "Dimanski<228><STEAM_0:4:1871243086><TERRORIST>" attacked "[TOP-MS] FANAT CAXAPA<230><STEAM_0:4:1357991173><CT>" with "mac10" (damage "19") (damage_armor "0") (health "81") (armor "0")
L 03/25/2015 - 17:29:55: "Dimanski<228><STEAM_0:4:1871243086><TERRORIST>" attacked "[TOP-MS] FANAT CAXAPA<230><STEAM_0:4:1357991173><CT>" with "mac10" (damage "20") (damage_armor "0") (health "61") (armor "0")
L 03/25/2015 - 17:29:55: "Dimanski<228><STEAM_0:4:1871243086><TERRORIST>" attacked "[TOP-MS] FANAT CAXAPA<230><STEAM_0:4:1357991173><CT>" with "mac10" (damage "20") (damage_armor "0") (health "41") (armor "0")
L 03/25/2015 - 17:29:55: "Dimanski<228><STEAM_0:4:1871243086><TERRORIST>" attacked "[TOP-MS] FANAT CAXAPA<230><STEAM_0:4:1357991173><CT>" with "mac10" (damage "28") (damage_armor "0") (health "13") (armor "0")
L 03/25/2015 - 17:29:55: "Dimanski<228><STEAM_0:4:1871243086><TERRORIST>" attacked "[TOP-MS] FANAT CAXAPA<230><STEAM_0:4:1357991173><CT>" with "mac10" (damage "28") (damage_armor "0") (health "-15") (armor "0")
L 03/25/2015 - 17:29:55: "Dimanski<228><STEAM_0:4:1871243086><TERRORIST>" killed "[TOP-MS] FANAT CAXAPA<230><STEAM_0:4:1357991173><CT>" with "mac10"
L 03/25/2015 - 17:29:55: Team "TERRORIST" triggered "Terrorists_Win" (CT "1") (T "2")
L 03/25/2015 - 17:29:55: World triggered "Round_End"
L 03/25/2015 - 17:30:00: "Dimanski<228><STEAM_0:4:1871243086><TERRORIST>" triggered "Spawned_With_The_Bomb"
L 03/25/2015 - 17:30:05: World triggered "Round_Start"
L 03/25/2015 - 17:30:10: "[TOP-MS] FANAT CAXAPA<230><STEAM_0:4:1357991173><CT>" attacked "Dimanski<228><STEAM_0:4:1871243086><TERRORIST>" with "ak47" (damage "43") (damage_armor "0") (health "57") (armor "0")
L 03/25/2015 - 17:30:11: "[TOP-MS] FANAT CAXAPA<230><STEAM_0:4:1357991173><CT>" attacked "Dimanski<228><STEAM_0:4:1871243086><TERRORIST>" with "ak47" (damage "43") (damage_armor "0") (health "14") (armor "0")
L 03/25/2015 - 17:30:11: "[TOP-MS] FANAT CAXAPA<230><STEAM_0:4:1357991173><CT>" attacked "Dimanski<228><STEAM_0:4:1871243086><TERRORIST>" with "ak47" (damage "43") (damage_armor "0") (health "-29") (armor "0")
L 03/25/2015 - 17:30:11: "[TOP-MS] FANAT CAXAPA<230><STEAM_0:4:1357991173><CT>" killed "Dimanski<228><STEAM_0:4:1871243086><TERRORIST>" with "ak47"
L 03/25/2015 - 17:30:11: "Dimanski<228><STEAM_0:4:1871243086><TERRORIST>" triggered "Dropped_The_Bomb"
L 03/25/2015 - 17:30:29: "[TOP-MS] FANAT CAXAPA<230><STEAM_0:4:1357991173><CT>" attacked "))KrekeR((<232><STEAM_0:4:1218319691><TERRORIST>" with "ak47" (damage "43") (damage_armor "0") (health "57") (armor "0")
L 03/25/2015 - 17:30:29: "[TOP-MS] FANAT CAXAPA<230><STEAM_0:4:1357991173><CT>" attacked "))KrekeR((<232><STEAM_0:4:1218319691><TERRORIST>" with "ak47" (damage "35") (damage_armor "0") (health "22") (armor "0")
L 03/25/2015 - 17:30:29: "[TOP-MS] FANAT CAXAPA<230><STEAM_0:4:1357991173><CT>" attacked "))KrekeR((<232><STEAM_0:4:1218319691><TERRORIST>" with "ak47" (damage "43") (damage_armor "0") (health "-21") (armor "0")
L 03/25/2015 - 17:30:29: "[TOP-MS] FANAT CAXAPA<230><STEAM_0:4:1357991173><CT>" killed "))KrekeR((<232><STEAM_0:4:1218319691><TERRORIST>" with "ak47"
L 03/25/2015 - 17:30:29: Team "CT" triggered "CTs_Win" (CT "2") (T "2")
L 03/25/2015 - 17:30:29: World triggered "Round_End"
L 03/25/2015 - 17:30:34: "))KrekeR((<232><STEAM_0:4:1218319691><TERRORIST>" triggered "Spawned_With_The_Bomb"
L 03/25/2015 - 17:30:34: "))KrekeR((<232><STEAM_0:4:1218319691><TERRORIST>" triggered "weaponstats" (weapon "grenade") (shots "1") (hits "0") (kills "0") (headshots "0") (tks "0") (damage "0") (deaths "1")
L 03/25/2015 - 17:30:34: "))KrekeR((<232><STEAM_0:4:1218319691><TERRORIST>" triggered "weaponstats2" (weapon "grenade") (head "0") (chest "0") (stomach "0") (leftarm "0") (rightarm "0") (leftleg "0") (rightleg "0")
L 03/25/2015 - 17:30:34: "))KrekeR((<232><STEAM_0:4:1218319691><TERRORIST>" triggered "weaponstats" (weapon "aug") (shots "4") (hits "1") (kills "1") (headshots "0") (tks "0") (damage "31") (deaths "0")
L 03/25/2015 - 17:30:34: "))KrekeR((<232><STEAM_0:4:1218319691><TERRORIST>" triggered "weaponstats2" (weapon "aug") (head "0") (chest "0") (stomach "0") (leftarm "1") (rightarm "0") (leftleg "0") (rightleg "0")
L 03/25/2015 - 17:30:34: "))KrekeR((<232><STEAM_0:4:1218319691><TERRORIST>" triggered "time" (time "1:55")
L 03/25/2015 - 17:30:34: "))KrekeR((<232><STEAM_0:4:1218319691><TERRORIST>" triggered "latency" (ping "92")
L 03/25/2015 - 17:30:34: "))KrekeR((<232><STEAM_0:4:1218319691><TERRORIST>" triggered "Dropped_The_Bomb"
L 03/25/2015 - 17:30:34: "))KrekeR((<232><STEAM_0:4:1218319691><TERRORIST>" disconnected
L 03/25/2015 - 17:30:35: "Dimanski<228><STEAM_0:4:1871243086><TERRORIST>" triggered "Got_The_Bomb"
L 03/25/2015 - 17:30:39: World triggered "Round_Start"
L 03/25/2015 - 17:30:39: "Dimanski<228><STEAM_0:4:1871243086><TERRORIST>" triggered "Dropped_The_Bomb"
L 03/25/2015 - 17:30:42: "Dimanski<228><STEAM_0:4:1871243086><TERRORIST>" attacked "[TOP-MS] FANAT CAXAPA<230><STEAM_0:4:1357991173><CT>" with "ak47" (damage "16") (damage_armor "0") (health "84") (armor "0")
L 03/25/2015 - 17:30:43: "Dimanski<228><STEAM_0:4:1871243086><TERRORIST>" attacked "[TOP-MS] FANAT CAXAPA<230><STEAM_0:4:1357991173><CT>" with "ak47" (damage "140") (damage_armor "0") (health "-56") (armor "0")
L 03/25/2015 - 17:30:43: "Dimanski<228><STEAM_0:4:1871243086><TERRORIST>" killed "[TOP-MS] FANAT CAXAPA<230><STEAM_0:4:1357991173><CT>" with "ak47"
L 03/25/2015 - 17:30:43: Team "TERRORIST" triggered "Terrorists_Win" (CT "2") (T "3")
L 03/25/2015 - 17:30:43: World triggered "Round_End"
L 03/25/2015 - 17:30:48: "Dimanski<228><STEAM_0:4:1871243086><TERRORIST>" triggered "Spawned_With_The_Bomb"
L 03/25/2015 - 17:30:53: World triggered "Round_Start"
L 03/25/2015 - 17:30:56: "[TOP-MS] FANAT CAXAPA<230><STEAM_0:4:1357991173><CT>" attacked "Dimanski<228><STEAM_0:4:1871243086><TERRORIST>" with "g3sg1" (damage "27") (damage_armor "0") (health "73") (armor "0")
L 03/25/2015 - 17:31:00: "[TOP-MS] FANAT CAXAPA<230><STEAM_0:4:1357991173><CT>" attacked "Dimanski<228><STEAM_0:4:1871243086><TERRORIST>" with "g3sg1" (damage "27") (damage_armor "0") (health "46") (armor "0")
L 03/25/2015 - 17:31:00: "[TOP-MS] FANAT CAXAPA<230><STEAM_0:4:1357991173><CT>" attacked "Dimanski<228><STEAM_0:4:1871243086><TERRORIST>" with "g3sg1" (damage "37") (damage_armor "0") (health "9") (armor "0")
L 03/25/2015 - 17:31:01: "Dimanski<228><STEAM_0:4:1871243086><TERRORIST>" attacked "[TOP-MS] FANAT CAXAPA<230><STEAM_0:4:1357991173><CT>" with "ak47" (damage "12") (damage_armor "0") (health "52") (armor "0")
L 03/25/2015 - 17:31:02: "Dimanski<228><STEAM_0:4:1871243086><TERRORIST>" attacked "[TOP-MS] FANAT CAXAPA<230><STEAM_0:4:1357991173><CT>" with "ak47" (damage "42") (damage_armor "0") (health "10") (armor "0")
L 03/25/2015 - 17:31:03: "[TOP-MS] FANAT CAXAPA<230><STEAM_0:4:1357991173><CT>" attacked "Dimanski<228><STEAM_0:4:1871243086><TERRORIST>" with "g3sg1" (damage "76") (damage_armor "0") (health "-67") (armor "0")
L 03/25/2015 - 17:31:03: "[TOP-MS] FANAT CAXAPA<230><STEAM_0:4:1357991173><CT>" killed "Dimanski<228><STEAM_0:4:1871243086><TERRORIST>" with "g3sg1"
L 03/25/2015 - 17:31:03: Team "CT" triggered "CTs_Win" (CT "3") (T "3")
L 03/25/2015 - 17:31:03: World triggered "Round_End"
L 03/25/2015 - 17:31:08: "Dimanski<228><STEAM_0:4:1871243086><TERRORIST>" triggered "Spawned_With_The_Bomb"
L 03/25/2015 - 17:31:13: World triggered "Round_Start"
L 03/25/2015 - 17:31:19: "Dimanski<228><STEAM_0:4:1871243086><TERRORIST>" attacked "[TOP-MS] FANAT CAXAPA<230><STEAM_0:4:1357991173><CT>" with "m249" (damage "31") (damage_armor "0") (health "69") (armor "0")
L 03/25/2015 - 17:31:19: "Dimanski<228><STEAM_0:4:1871243086><TERRORIST>" attacked "[TOP-MS] FANAT CAXAPA<230><STEAM_0:4:1357991173><CT>" with "m249" (damage "38") (damage_armor "0") (health "31") (armor "0")
L 03/25/2015 - 17:31:19: "Dimanski<228><STEAM_0:4:1871243086><TERRORIST>" attacked "[TOP-MS] FANAT CAXAPA<230><STEAM_0:4:1357991173><CT>" with "m249" (damage "31") (damage_armor "0") (health "0") (armor "0")
L 03/25/2015 - 17:31:19: "Dimanski<228><STEAM_0:4:1871243086><TERRORIST>" killed "[TOP-MS] FANAT CAXAPA<230><STEAM_0:4:1357991173><CT>" with "m249"
L 03/25/2015 - 17:31:19: Team "TERRORIST" triggered "Terrorists_Win" (CT "3") (T "4")
L 03/25/2015 - 17:31:19: World triggered "Round_End"
L 03/25/2015 - 17:31:24: "Dimanski<228><STEAM_0:4:1871243086><TERRORIST>" triggered "Spawned_With_The_Bomb"
L 03/25/2015 - 17:31:29: World triggered "Round_Start"
L 03/25/2015 - 17:31:30: "Dimanski<228><STEAM_0:4:1871243086><TERRORIST>" attacked "[TOP-MS] FANAT CAXAPA<230><STEAM_0:4:1357991173><CT>" with "m249" (damage "30") (damage_armor "0") (health "70") (armor "0")
L 03/25/2015 - 17:31:31: "Dimanski<228><STEAM_0:4:1871243086><TERRORIST>" attacked "[TOP-MS] FANAT CAXAPA<230><STEAM_0:4:1357991173><CT>" with "m249" (damage "22") (damage_armor "0") (health "48") (armor "0")
L 03/25/2015 - 17:31:31: "[TOP-MS] FANAT CAXAPA<230><STEAM_0:4:1357991173><CT>" attacked "Dimanski<228><STEAM_0:4:1871243086><TERRORIST>" with "m249" (damage "22") (damage_armor "0") (health "78") (armor "0")
L 03/25/2015 - 17:31:31: "[TOP-MS] FANAT CAXAPA<230><STEAM_0:4:1357991173><CT>" attacked "Dimanski<228><STEAM_0:4:1871243086><TERRORIST>" with "m249" (damage "22") (damage_armor "0") (health "56") (armor "0")
L 03/25/2015 - 17:31:31: "Dimanski<228><STEAM_0:4:1871243086><TERRORIST>" attacked "[TOP-MS] FANAT CAXAPA<230><STEAM_0:4:1357991173><CT>" with "m249" (damage "30") (damage_armor "0") (health "18") (armor "0")
L 03/25/2015 - 17:31:31: "Dimanski<228><STEAM_0:4:1871243086><TERRORIST>" attacked "[TOP-MS] FANAT CAXAPA<230><STEAM_0:4:1357991173><CT>" with "m249" (damage "30") (damage_armor "0") (health "-12") (armor "0")
L 03/25/2015 - 17:31:31: "Dimanski<228><STEAM_0:4:1871243086><TERRORIST>" killed "[TOP-MS] FANAT CAXAPA<230><STEAM_0:4:1357991173><CT>" with "m249"
L 03/25/2015 - 17:31:31: Team "TERRORIST" triggered "Terrorists_Win" (CT "3") (T "5")
L 03/25/2015 - 17:31:31: World triggered "Round_End"
L 03/25/2015 - 17:31:33: "[TOP-MS] FANAT CAXAPA<230><STEAM_0:4:1357991173><CT>" triggered "weaponstats" (weapon "grenade") (shots "2") (hits "0") (kills "0") (headshots "0") (tks "0") (damage "0") (deaths "0")
L 03/25/2015 - 17:31:33: "[TOP-MS] FANAT CAXAPA<230><STEAM_0:4:1357991173><CT>" triggered "weaponstats2" (weapon "grenade") (head "0") (chest "0") (stomach "0") (leftarm "0") (rightarm "0") (leftleg "0") (rightleg "0")
L 03/25/2015 - 17:31:33: "[TOP-MS] FANAT CAXAPA<230><STEAM_0:4:1357991173><CT>" triggered "weaponstats" (weapon "aug") (shots "9") (hits "2") (kills "0") (headshots "0") (tks "0") (damage "62") (deaths "1")
L 03/25/2015 - 17:31:33: "[TOP-MS] FANAT CAXAPA<230><STEAM_0:4:1357991173><CT>" triggered "weaponstats2" (weapon "aug") (head "0") (chest "0") (stomach "0") (leftarm "2") (rightarm "0") (leftleg "0") (rightleg "0")
L 03/25/2015 - 17:31:33: "[TOP-MS] FANAT CAXAPA<230><STEAM_0:4:1357991173><CT>" triggered "weaponstats" (weapon "m249") (shots "9") (hits "2") (kills "0") (headshots "0") (tks "0") (damage "44") (deaths "2")
L 03/25/2015 - 17:31:33: "[TOP-MS] FANAT CAXAPA<230><STEAM_0:4:1357991173><CT>" triggered "weaponstats2" (weapon "m249") (head "0") (chest "0") (stomach "0") (leftarm "0") (rightarm "0") (leftleg "0") (rightleg "2")
L 03/25/2015 - 17:31:33: "[TOP-MS] FANAT CAXAPA<230><STEAM_0:4:1357991173><CT>" triggered "weaponstats" (weapon "m4a1") (shots "46") (hits "10") (kills "2") (headshots "0") (tks "0") (damage "208") (deaths "0")
L 03/25/2015 - 17:31:33: "[TOP-MS] FANAT CAXAPA<230><STEAM_0:4:1357991173><CT>" triggered "weaponstats2" (weapon "m4a1") (head "0") (chest "1") (stomach "2") (leftarm "1") (rightarm "0") (leftleg "2") (rightleg "4")
L 03/25/2015 - 17:31:33: "[TOP-MS] FANAT CAXAPA<230><STEAM_0:4:1357991173><CT>" triggered "weaponstats" (weapon "g3sg1") (shots "14") (hits "4") (kills "1") (headshots "0") (tks "0") (damage "167") (deaths "0")
L 03/25/2015 - 17:31:33: "[TOP-MS] FANAT CAXAPA<230><STEAM_0:4:1357991173><CT>" triggered "weaponstats2" (weapon "g3sg1") (head "0") (chest "0") (stomach "0") (leftarm "2") (rightarm "0") (leftleg "1") (rightleg "1")
L 03/25/2015 - 17:31:33: "[TOP-MS] FANAT CAXAPA<230><STEAM_0:4:1357991173><CT>" triggered "weaponstats" (weapon "ak47") (shots "37") (hits "9") (kills "3") (headshots "0") (tks "0") (damage "355") (deaths "2")
L 03/25/2015 - 17:31:33: "[TOP-MS] FANAT CAXAPA<230><STEAM_0:4:1357991173><CT>" triggered "weaponstats2" (weapon "ak47") (head "0") (chest "3") (stomach "5") (leftarm "0") (rightarm "1") (leftleg "0") (rightleg "0")
L 03/25/2015 - 17:31:33: "[TOP-MS] FANAT CAXAPA<230><STEAM_0:4:1357991173><CT>" triggered "time" (time "3:07")
L 03/25/2015 - 17:31:33: "[TOP-MS] FANAT CAXAPA<230><STEAM_0:4:1357991173><CT>" triggered "latency" (ping "15")
L 03/25/2015 - 17:31:33: "[TOP-MS] FANAT CAXAPA<230><STEAM_0:4:1357991173><CT>" disconnected
L 03/25/2015 - 17:31:36: "Dimanski<228><STEAM_0:4:1871243086><TERRORIST>" triggered "Spawned_With_The_Bomb"
L 03/25/2015 - 17:31:41: World triggered "Round_Start"
L 03/25/2015 - 17:31:52: "Dimanski<228><STEAM_0:4:1871243086><TERRORIST>" triggered "Planted_The_Bomb"
L 03/25/2015 - 17:32:27: Team "TERRORIST" triggered "Target_Bombed" (CT "3") (T "5")
L 03/25/2015 - 17:32:27: World triggered "Round_End"
L 03/25/2015 - 17:32:27: Team "TERRORIST" triggered "Target_Bombed" (CT "3") (T "5")
L 03/25/2015 - 17:32:27: World triggered "Round_End"
L 03/25/2015 - 17:32:32: "Dimanski<228><STEAM_0:4:1871243086><TERRORIST>" triggered "weaponstats" (weapon "grenade") (shots "2") (hits "1") (kills "0") (headshots "0") (tks "0") (damage "36") (deaths "0")
L 03/25/2015 - 17:32:32: "Dimanski<228><STEAM_0:4:1871243086><TERRORIST>" triggered "weaponstats2" (weapon "grenade") (head "0") (chest "0") (stomach "0") (leftarm "0") (rightarm "0") (leftleg "0") (rightleg "0")
L 03/25/2015 - 17:32:32: "Dimanski<228><STEAM_0:4:1871243086><TERRORIST>" triggered "weaponstats" (weapon "xm1014") (shots "3") (hits "1") (kills "0") (headshots "0") (tks "0") (damage "80") (deaths "2")
L 03/25/2015 - 17:32:32: "Dimanski<228><STEAM_0:4:1871243086><TERRORIST>" triggered "weaponstats2" (weapon "xm1014") (head "0") (chest "0") (stomach "0") (leftarm "0") (rightarm "0") (leftleg "1") (rightleg "0")
L 03/25/2015 - 17:32:32: "Dimanski<228><STEAM_0:4:1871243086><TERRORIST>" triggered "weaponstats" (weapon "mac10") (shots "11") (hits "5") (kills "1") (headshots "0") (tks "0") (damage "115") (deaths "1")
L 03/25/2015 - 17:32:32: "Dimanski<228><STEAM_0:4:1871243086><TERRORIST>" triggered "weaponstats2" (weapon "mac10") (head "0") (chest "1") (stomach "0") (leftarm "1") (rightarm "0") (leftleg "2") (rightleg "1")
L 03/25/2015 - 17:32:32: "Dimanski<228><STEAM_0:4:1871243086><TERRORIST>" triggered "weaponstats" (weapon "m249") (shots "29") (hits "7") (kills "2") (headshots "0") (tks "0") (damage "212") (deaths "0")
L 03/25/2015 - 17:32:32: "Dimanski<228><STEAM_0:4:1871243086><TERRORIST>" triggered "weaponstats2" (weapon "m249") (head "0") (chest "2") (stomach "1") (leftarm "3") (rightarm "0") (leftleg "1") (rightleg "0")
L 03/25/2015 - 17:32:32: "Dimanski<228><STEAM_0:4:1871243086><TERRORIST>" triggered "weaponstats" (weapon "ak47") (shots "20") (hits "4") (kills "1") (headshots "1") (tks "0") (damage "210") (deaths "1")
L 03/25/2015 - 17:32:32: "Dimanski<228><STEAM_0:4:1871243086><TERRORIST>" triggered "weaponstats2" (weapon "ak47") (head "1") (chest "0") (stomach "1") (leftarm "1") (rightarm "0") (leftleg "0") (rightleg "1")
L 03/25/2015 - 17:32:32: "Dimanski<228><STEAM_0:4:1871243086><TERRORIST>" triggered "weaponstats" (weapon "knife") (shots "6") (hits "0") (kills "0") (headshots "0") (tks "0") (damage "0") (deaths "0")
L 03/25/2015 - 17:32:32: "Dimanski<228><STEAM_0:4:1871243086><TERRORIST>" triggered "weaponstats2" (weapon "knife") (head "0") (chest "0") (stomach "0") (leftarm "0") (rightarm "0") (leftleg "0") (rightleg "0")
L 03/25/2015 - 17:32:32: "Dimanski<228><STEAM_0:4:1871243086><TERRORIST>" triggered "time" (time "4:07")
L 03/25/2015 - 17:32:32: "Dimanski<228><STEAM_0:4:1871243086><TERRORIST>" triggered "latency" (ping "17")
L 03/25/2015 - 17:32:32: "Dimanski<228><STEAM_0:4:1871243086><TERRORIST>" disconnected
L 03/25/2015 - 17:32:32: Team "TERRORIST" triggered "Target_Bombed" (CT "3") (T "5")
L 03/25/2015 - 17:32:32: World triggered "Round_End"
L 03/25/2015 - 17:32:42: World triggered "Round_Start"
L 03/25/2015 - 17:33:30: [META] ini: Begin re-reading plugins list: /home/extazy/Public/cstrike/addons/metamod/plugins.ini
L 03/25/2015 - 17:33:30: [META] ini: Read plugin config for: AMX Mod X
L 03/25/2015 - 17:33:30: [META] ini: Read plugin config for: dproto_EF
L 03/25/2015 - 17:33:30: [META] ini: Read plugin config for: VoiceTranscoder
L 03/25/2015 - 17:33:30: [META] ini: Read plugin config for: WHBlocker
L 03/25/2015 - 17:33:30: [META] ini: Finished reading plugins list: /home/extazy/Public/cstrike/addons/metamod/plugins.ini; Found 4 plugins
L 03/25/2015 - 17:33:30: [META] dll: Updating plugins...
L 03/25/2015 - 17:33:30: [META] dll: Finished updating 13 plugins; kept 4, loaded 0, unloaded 0, reloaded 0, delayed 0
L 03/25/2015 - 17:33:30: Log file closed
