L 03/28/2015 - 23:06:04: Log file started (file "logs/L0328044.log") (game "cstrike") (version "48/1.6.3.7/Stdio/5787")
L 03/28/2015 - 23:06:04: Server cvar "mp_logdetail" = "3"
L 03/28/2015 - 23:06:04: Server cvar "mp_timelimit" = "30"
L 03/28/2015 - 23:06:04: Server cvar "mp_c4timer" = "35"
L 03/28/2015 - 23:06:04: Server cvar "mp_flashlight" = "1"
L 03/28/2015 - 23:06:04: Server cvar "mp_freezetime" = "5"
L 03/28/2015 - 23:06:04: Server cvar "mp_hostagepenalty" = "0"
L 03/28/2015 - 23:06:04: Server cvar "mp_limitteams" = "5"
L 03/28/2015 - 23:06:04: Server cvar "mp_roundtime" = "2.57"
L 03/28/2015 - 23:06:04: Server cvar "mp_tkpunish" = "1"
L 03/28/2015 - 23:06:04: Server cvar "sv_restartround" = "1"
L 03/28/2015 - 23:06:04: Server cvar "sv_maxspeed" = "320"
L 03/28/2015 - 23:06:04: Server cvar "sv_proxies" = "0"
L 03/28/2015 - 23:06:04: Server cvar "allow_spectators" = "4"
L 03/28/2015 - 23:06:04: Server cvar "mp_chattime" = "0"
L 03/28/2015 - 23:06:04: Server cvar "decalfrequency" = "9"
L 03/28/2015 - 23:06:04: Server cvar "sv_aim" = "0"
L 03/28/2015 - 23:06:04: Server cvar "sv_minrate" = "100000"
L 03/28/2015 - 23:06:04: Server cvar "sv_maxrate" = "50000"
L 03/28/2015 - 23:06:04: World triggered "Restart_Round_(1_second)"
L 03/28/2015 - 23:06:04: Team "CT" scored "0" with "0" players
L 03/28/2015 - 23:06:04: Team "TERRORIST" scored "0" with "0" players
L 03/28/2015 - 23:06:04: Server cvar "sv_restartround" = "0"
L 03/28/2015 - 23:06:10: World triggered "Round_Start"
L 03/28/2015 - 23:07:06: [DPROTO]: Client 0 - Set AuthIdType 3 [dp_RevEmu]; pClient = 0xb3916f08
L 03/28/2015 - 23:07:06: "[Hard_Skill]_4IKIST<1><STEAM_0:4:1313809669><>" connected, address "178.168.194.53:27005"
L 03/28/2015 - 23:07:06: [VTC] Player 1 speex
L 03/28/2015 - 23:07:12: "[Hard_Skill]_4IKIST<1><STEAM_0:4:1313809669><>" entered the game
L 03/28/2015 - 23:07:17: [DPROTO]: Client 1 - Set AuthIdType 3 [dp_RevEmu]; pClient = 0xb391bdfc
L 03/28/2015 - 23:07:17: "$$$$matvei$$$$<2><STEAM_0:4:175676238><>" connected, address "37.212.173.189:12065"
L 03/28/2015 - 23:07:17: [VTC] Player 2 speex
L 03/28/2015 - 23:07:18: "[Hard_Skill]_4IKIST<1><STEAM_0:4:1313809669><>" joined team "TERRORIST"
L 03/28/2015 - 23:07:18: "[Hard_Skill]_4IKIST<1><STEAM_0:4:1313809669><TERRORIST>" triggered "Spawned_With_The_Bomb"
L 03/28/2015 - 23:07:26: [DPROTO]: Client 1 - Set AuthIdType 3 [dp_RevEmu]; pClient = 0xb391bdfc
L 03/28/2015 - 23:07:26: "$$$$matvei$$$$<3><STEAM_0:4:175676238><>" connected, address "37.212.173.189:12065"
L 03/28/2015 - 23:07:26: [VTC] Player 2 speex
L 03/28/2015 - 23:07:36: "$$$$matvei$$$$<3><STEAM_0:4:175676238><>" entered the game
L 03/28/2015 - 23:07:40: "$$$$matvei$$$$<3><STEAM_0:4:175676238><>" joined team "CT"
L 03/28/2015 - 23:07:40: World triggered "Game_Commencing"
L 03/28/2015 - 23:07:40: World triggered "Game_Commencing" (CT "0") (T "0")
L 03/28/2015 - 23:07:40: World triggered "Round_End"
L 03/28/2015 - 23:07:43: "[Hard_Skill]_4IKIST<1><STEAM_0:4:1313809669><TERRORIST>" triggered "Spawned_With_The_Bomb"
L 03/28/2015 - 23:07:48: World triggered "Round_Start"
L 03/28/2015 - 23:07:55: "[Hard_Skill]_4IKIST<1><STEAM_0:4:1313809669><TERRORIST>" attacked "$$$$matvei$$$$<3><STEAM_0:4:175676238><CT>" with "deagle" (damage "35") (damage_armor "0") (health "65") (armor "0")
L 03/28/2015 - 23:08:04: "[Hard_Skill]_4IKIST<1><STEAM_0:4:1313809669><TERRORIST>" attacked "$$$$matvei$$$$<3><STEAM_0:4:175676238><CT>" with "deagle" (damage "48") (damage_armor "0") (health "-29") (armor "0")
L 03/28/2015 - 23:08:04: "[Hard_Skill]_4IKIST<1><STEAM_0:4:1313809669><TERRORIST>" killed "$$$$matvei$$$$<3><STEAM_0:4:175676238><CT>" with "deagle"
L 03/28/2015 - 23:08:04: Team "TERRORIST" triggered "Terrorists_Win" (CT "0") (T "1")
L 03/28/2015 - 23:08:04: World triggered "Round_End"
L 03/28/2015 - 23:08:09: "[Hard_Skill]_4IKIST<1><STEAM_0:4:1313809669><TERRORIST>" triggered "Spawned_With_The_Bomb"
L 03/28/2015 - 23:08:14: World triggered "Round_Start"
L 03/28/2015 - 23:08:25: "$$$$matvei$$$$<3><STEAM_0:4:175676238><CT>" attacked "[Hard_Skill]_4IKIST<1><STEAM_0:4:1313809669><TERRORIST>" with "mp5navy" (damage "11") (damage_armor "6") (health "89") (armor "94")
L 03/28/2015 - 23:08:26: "$$$$matvei$$$$<3><STEAM_0:4:175676238><CT>" attacked "[Hard_Skill]_4IKIST<1><STEAM_0:4:1313809669><TERRORIST>" with "mp5navy" (damage "11") (damage_armor "5") (health "78") (armor "89")
L 03/28/2015 - 23:08:26: "$$$$matvei$$$$<3><STEAM_0:4:175676238><CT>" attacked "[Hard_Skill]_4IKIST<1><STEAM_0:4:1313809669><TERRORIST>" with "mp5navy" (damage "44") (damage_armor "22") (health "34") (armor "67")
L 03/28/2015 - 23:08:26: "[Hard_Skill]_4IKIST<1><STEAM_0:4:1313809669><TERRORIST>" attacked "$$$$matvei$$$$<3><STEAM_0:4:175676238><CT>" with "ak47" (damage "35") (damage_armor "0") (health "65") (armor "0")
L 03/28/2015 - 23:08:26: "[Hard_Skill]_4IKIST<1><STEAM_0:4:1313809669><TERRORIST>" attacked "$$$$matvei$$$$<3><STEAM_0:4:175676238><CT>" with "ak47" (damage "35") (damage_armor "0") (health "30") (armor "0")
L 03/28/2015 - 23:08:26: "[Hard_Skill]_4IKIST<1><STEAM_0:4:1313809669><TERRORIST>" attacked "$$$$matvei$$$$<3><STEAM_0:4:175676238><CT>" with "ak47" (damage "43") (damage_armor "0") (health "-13") (armor "0")
L 03/28/2015 - 23:08:26: "[Hard_Skill]_4IKIST<1><STEAM_0:4:1313809669><TERRORIST>" killed "$$$$matvei$$$$<3><STEAM_0:4:175676238><CT>" with "ak47"
L 03/28/2015 - 23:08:26: Team "TERRORIST" triggered "Terrorists_Win" (CT "0") (T "2")
L 03/28/2015 - 23:08:26: World triggered "Round_End"
L 03/28/2015 - 23:08:31: "[Hard_Skill]_4IKIST<1><STEAM_0:4:1313809669><TERRORIST>" triggered "Spawned_With_The_Bomb"
L 03/28/2015 - 23:08:33: [DPROTO]: Client 2 - Set AuthIdType 1 [dp_SteamEmu]; pClient = 0xb3920cf0
L 03/28/2015 - 23:08:33: "[Hard_Skill]_Lexa Kosmonaft<4><STEAM_0:0:226379933><>" connected, address "37.212.173.189:57159"
L 03/28/2015 - 23:08:33: [VTC] Player 3 speex
L 03/28/2015 - 23:08:36: World triggered "Round_Start"
L 03/28/2015 - 23:08:42: "$$$$matvei$$$$<3><STEAM_0:4:175676238><CT>" attacked "[Hard_Skill]_4IKIST<1><STEAM_0:4:1313809669><TERRORIST>" with "mp5navy" (damage "6") (damage_armor "4") (health "91") (armor "96")
L 03/28/2015 - 23:08:42: "$$$$matvei$$$$<3><STEAM_0:4:175676238><CT>" attacked "[Hard_Skill]_4IKIST<1><STEAM_0:4:1313809669><TERRORIST>" with "mp5navy" (damage "6") (damage_armor "3") (health "85") (armor "93")
L 03/28/2015 - 23:08:47: [DPROTO]: Client 2 - Set AuthIdType 1 [dp_SteamEmu]; pClient = 0xb3920cf0
L 03/28/2015 - 23:08:47: "[Hard_Skill]_Lexa Kosmonaft<5><STEAM_0:0:226379933><>" connected, address "37.212.173.189:57159"
L 03/28/2015 - 23:08:47: [VTC] Player 3 speex
L 03/28/2015 - 23:08:56: "[Hard_Skill]_Lexa Kosmonaft<5><STEAM_0:0:226379933><>" entered the game
L 03/28/2015 - 23:08:57: "[Hard_Skill]_4IKIST<1><STEAM_0:4:1313809669><TERRORIST>" attacked "$$$$matvei$$$$<3><STEAM_0:4:175676238><CT>" with "ak47" (damage "35") (damage_armor "0") (health "65") (armor "0")
L 03/28/2015 - 23:08:58: "[Hard_Skill]_4IKIST<1><STEAM_0:4:1313809669><TERRORIST>" attacked "$$$$matvei$$$$<3><STEAM_0:4:175676238><CT>" with "ak47" (damage "35") (damage_armor "0") (health "30") (armor "0")
L 03/28/2015 - 23:08:58: "[Hard_Skill]_4IKIST<1><STEAM_0:4:1313809669><TERRORIST>" attacked "$$$$matvei$$$$<3><STEAM_0:4:175676238><CT>" with "ak47" (damage "35") (damage_armor "0") (health "-5") (armor "0")
L 03/28/2015 - 23:08:58: "[Hard_Skill]_4IKIST<1><STEAM_0:4:1313809669><TERRORIST>" killed "$$$$matvei$$$$<3><STEAM_0:4:175676238><CT>" with "ak47"
L 03/28/2015 - 23:08:58: Team "TERRORIST" triggered "Terrorists_Win" (CT "0") (T "3")
L 03/28/2015 - 23:08:58: World triggered "Round_End"
L 03/28/2015 - 23:09:03: "[Hard_Skill]_4IKIST<1><STEAM_0:4:1313809669><TERRORIST>" triggered "Spawned_With_The_Bomb"
L 03/28/2015 - 23:09:04: "[Hard_Skill]_Lexa Kosmonaft<5><STEAM_0:0:226379933><>" joined team "CT"
L 03/28/2015 - 23:09:06: "[Hard_Skill]_4IKIST<1><STEAM_0:4:1313809669><TERRORIST>" triggered "weaponstats" (weapon "grenade") (shots "1") (hits "1") (kills "0") (headshots "0") (tks "0") (damage "46") (deaths "0")
L 03/28/2015 - 23:09:06: "[Hard_Skill]_4IKIST<1><STEAM_0:4:1313809669><TERRORIST>" triggered "weaponstats2" (weapon "grenade") (head "0") (chest "0") (stomach "0") (leftarm "0") (rightarm "0") (leftleg "0") (rightleg "0")
L 03/28/2015 - 23:09:06: "[Hard_Skill]_4IKIST<1><STEAM_0:4:1313809669><TERRORIST>" triggered "weaponstats" (weapon "deagle") (shots "7") (hits "2") (kills "1") (headshots "0") (tks "0") (damage "83") (deaths "0")
L 03/28/2015 - 23:09:06: "[Hard_Skill]_4IKIST<1><STEAM_0:4:1313809669><TERRORIST>" triggered "weaponstats2" (weapon "deagle") (head "0") (chest "0") (stomach "1") (leftarm "1") (rightarm "0") (leftleg "0") (rightleg "0")
L 03/28/2015 - 23:09:06: "[Hard_Skill]_4IKIST<1><STEAM_0:4:1313809669><TERRORIST>" triggered "weaponstats" (weapon "ak47") (shots "42") (hits "6") (kills "2") (headshots "0") (tks "0") (damage "218") (deaths "0")
L 03/28/2015 - 23:09:06: "[Hard_Skill]_4IKIST<1><STEAM_0:4:1313809669><TERRORIST>" triggered "weaponstats2" (weapon "ak47") (head "0") (chest "1") (stomach "1") (leftarm "2") (rightarm "2") (leftleg "0") (rightleg "0")
L 03/28/2015 - 23:09:06: "[Hard_Skill]_4IKIST<1><STEAM_0:4:1313809669><TERRORIST>" triggered "weaponstats" (weapon "knife") (shots "1") (hits "0") (kills "0") (headshots "0") (tks "0") (damage "0") (deaths "0")
L 03/28/2015 - 23:09:06: "[Hard_Skill]_4IKIST<1><STEAM_0:4:1313809669><TERRORIST>" triggered "weaponstats2" (weapon "knife") (head "0") (chest "0") (stomach "0") (leftarm "0") (rightarm "0") (leftleg "0") (rightleg "0")
L 03/28/2015 - 23:09:06: "[Hard_Skill]_4IKIST<1><STEAM_0:4:1313809669><TERRORIST>" triggered "time" (time "1:54")
L 03/28/2015 - 23:09:06: "[Hard_Skill]_4IKIST<1><STEAM_0:4:1313809669><TERRORIST>" triggered "latency" (ping "17")
L 03/28/2015 - 23:09:06: "$$$$matvei$$$$<3><STEAM_0:4:175676238><CT>" triggered "weaponstats" (weapon "usp") (shots "3") (hits "0") (kills "0") (headshots "0") (tks "0") (damage "0") (deaths "1")
L 03/28/2015 - 23:09:06: "$$$$matvei$$$$<3><STEAM_0:4:175676238><CT>" triggered "weaponstats2" (weapon "usp") (head "0") (chest "0") (stomach "0") (leftarm "0") (rightarm "0") (leftleg "0") (rightleg "0")
L 03/28/2015 - 23:09:06: "$$$$matvei$$$$<3><STEAM_0:4:175676238><CT>" triggered "weaponstats" (weapon "mp5navy") (shots "67") (hits "5") (kills "0") (headshots "0") (tks "0") (damage "78") (deaths "2")
L 03/28/2015 - 23:09:06: "$$$$matvei$$$$<3><STEAM_0:4:175676238><CT>" triggered "weaponstats2" (weapon "mp5navy") (head "1") (chest "1") (stomach "0") (leftarm "2") (rightarm "1") (leftleg "0") (rightleg "0")
L 03/28/2015 - 23:09:06: "$$$$matvei$$$$<3><STEAM_0:4:175676238><CT>" triggered "time" (time "1:30")
L 03/28/2015 - 23:09:06: "$$$$matvei$$$$<3><STEAM_0:4:175676238><CT>" triggered "latency" (ping "64")
L 03/28/2015 - 23:09:06: "[Hard_Skill]_Lexa Kosmonaft<5><STEAM_0:0:226379933><CT>" triggered "time" (time "0:10")
L 03/28/2015 - 23:09:06: "[Hard_Skill]_Lexa Kosmonaft<5><STEAM_0:0:226379933><CT>" triggered "latency" (ping "0")
L 03/28/2015 - 23:09:06: [META] ini: Begin re-reading plugins list: /home/extazy/public/cstrike/addons/metamod/plugins.ini
L 03/28/2015 - 23:09:06: [META] ini: Read plugin config for: AMX Mod X
L 03/28/2015 - 23:09:06: [META] ini: Read plugin config for: dproto_EF
L 03/28/2015 - 23:09:06: [META] ini: Read plugin config for: VoiceTranscoder
L 03/28/2015 - 23:09:06: [META] ini: Read plugin config for: WHBlocker
L 03/28/2015 - 23:09:06: [META] ini: Finished reading plugins list: /home/extazy/public/cstrike/addons/metamod/plugins.ini; Found 4 plugins
L 03/28/2015 - 23:09:06: [META] dll: Updating plugins...
L 03/28/2015 - 23:09:06: [META] dll: Finished updating 13 plugins; kept 4, loaded 0, unloaded 0, reloaded 0, delayed 0
L 03/28/2015 - 23:09:06: "[Hard_Skill]_4IKIST<1><STEAM_0:4:1313809669><TERRORIST>" triggered "Dropped_The_Bomb"
L 03/28/2015 - 23:09:06: "[Hard_Skill]_4IKIST<1><STEAM_0:4:1313809669><TERRORIST>" disconnected
L 03/28/2015 - 23:09:06: "$$$$matvei$$$$<3><STEAM_0:4:175676238><CT>" disconnected
L 03/28/2015 - 23:09:06: "[Hard_Skill]_Lexa Kosmonaft<5><STEAM_0:0:226379933><CT>" disconnected
L 03/28/2015 - 23:09:06: World triggered "Round_Draw" (CT "0") (T "3")
L 03/28/2015 - 23:09:06: World triggered "Round_End"
L 03/28/2015 - 23:09:06: Log file closed
