L 03/24/2015 - 19:05:32: Log file started (file "logs/L0324062.log") (game "cstrike") (version "48/1.6.3.7/Stdio/5787")
L 03/24/2015 - 19:05:32: Loading map "de_go_go_go"
L 03/24/2015 - 19:05:32: Server cvars start
L 03/24/2015 - 19:05:32: Server cvar "_tutor_bomb_viewable_check_interval" = "0.5"
L 03/24/2015 - 19:05:32: Server cvar "_tutor_debug_level" = "0"
L 03/24/2015 - 19:05:32: Server cvar "_tutor_examine_time" = "0.5"
L 03/24/2015 - 19:05:32: Server cvar "_tutor_hint_interval_time" = "10.0"
L 03/24/2015 - 19:05:32: Server cvar "_tutor_look_angle" = "10"
L 03/24/2015 - 19:05:32: Server cvar "_tutor_look_distance" = "200"
L 03/24/2015 - 19:05:32: Server cvar "_tutor_message_character_display_time_coefficient" = "0.07"
L 03/24/2015 - 19:05:32: Server cvar "_tutor_message_minimum_display_time" = "1"
L 03/24/2015 - 19:05:32: Server cvar "_tutor_message_repeats" = "5"
L 03/24/2015 - 19:05:32: Server cvar "_tutor_view_distance" = "1000"
L 03/24/2015 - 19:05:32: Server cvar "aesp_version" = "1.5b_mini"
L 03/24/2015 - 19:05:32: Server cvar "allow_spectators" = "4"
L 03/24/2015 - 19:05:32: Server cvar "amx_client_languages" = "0"
L 03/24/2015 - 19:05:32: Server cvar "amx_contactinfo" = "ICQ: 691322983"
L 03/24/2015 - 19:05:32: Server cvar "amx_language" = "ru"
L 03/24/2015 - 19:05:32: Server cvar "amx_nextmap" = "fy_pool_day"
L 03/24/2015 - 19:05:32: Server cvar "amx_timeleft" = "26:46"
L 03/24/2015 - 19:05:32: Server cvar "amxbans_ssversion" = "Gm 1.6"
L 03/24/2015 - 19:05:32: Server cvar "amxbans_version" = "Gm 1.6"
L 03/24/2015 - 19:05:32: Server cvar "amxmodx_version" = "1.8.1.3746"
L 03/24/2015 - 19:05:32: Server cvar "Colored Translit Cheat" = "Loaded"
L 03/24/2015 - 19:05:32: Server cvar "Colored Translit Config" = "Loaded"
L 03/24/2015 - 19:05:32: Server cvar "Colored Translit Ignores" = "Loaded"
L 03/24/2015 - 19:05:32: Server cvar "Colored Translit Replace" = "Failed"
L 03/24/2015 - 19:05:32: Server cvar "Colored Translit Spam" = "Loaded"
L 03/24/2015 - 19:05:32: Server cvar "Colored Translit Status" = "Loaded"
L 03/24/2015 - 19:05:32: Server cvar "Colored Translit Swear" = "Loaded"
L 03/24/2015 - 19:05:32: Server cvar "Colored Translit Version" = "2.0b Final"
L 03/24/2015 - 19:05:32: Server cvar "coop" = "0"
L 03/24/2015 - 19:05:32: Server cvar "deathmatch" = "1"
L 03/24/2015 - 19:05:32: Server cvar "decalfrequency" = "9"
L 03/24/2015 - 19:05:32: Server cvar "dp_version" = "0.9.391"
L 03/24/2015 - 19:05:32: Server cvar "edgefriction" = "2"
L 03/24/2015 - 19:05:32: Server cvar "hostage_debug" = "0"
L 03/24/2015 - 19:05:32: Server cvar "hostage_stop" = "0"
L 03/24/2015 - 19:05:32: Server cvar "humans_join_team" = "any"
L 03/24/2015 - 19:05:32: Server cvar "jtp10181" = "chute"
L 03/24/2015 - 19:05:32: Server cvar "max_queries_sec" = "3.0"
L 03/24/2015 - 19:05:32: Server cvar "max_queries_sec_global" = "30"
L 03/24/2015 - 19:05:32: Server cvar "max_queries_window" = "60"
L 03/24/2015 - 19:05:32: Server cvar "metamod_version" = "1.19"
L 03/24/2015 - 19:05:32: Server cvar "mp_allowmonsters" = "0"
L 03/24/2015 - 19:05:32: Server cvar "mp_autokick" = "1"
L 03/24/2015 - 19:05:32: Server cvar "mp_autoteambalance" = "1"
L 03/24/2015 - 19:05:32: Server cvar "mp_buytime" = "1.5"
L 03/24/2015 - 19:05:32: Server cvar "mp_c4timer" = "35"
L 03/24/2015 - 19:05:32: Server cvar "mp_chattime" = "1"
L 03/24/2015 - 19:05:32: Server cvar "mp_consistency" = "1"
L 03/24/2015 - 19:05:32: Server cvar "mp_fadetoblack" = "0"
L 03/24/2015 - 19:05:32: Server cvar "mp_flashlight" = "1"
L 03/24/2015 - 19:05:32: Server cvar "mp_footsteps" = "1"
L 03/24/2015 - 19:05:32: Server cvar "mp_forcecamera" = "0"
L 03/24/2015 - 19:05:32: Server cvar "mp_forcechasecam" = "0"
L 03/24/2015 - 19:05:32: Server cvar "mp_fragsleft" = "0"
L 03/24/2015 - 19:05:32: Server cvar "mp_freezetime" = "5"
L 03/24/2015 - 19:05:32: Server cvar "mp_friendlyfire" = "0"
L 03/24/2015 - 19:05:32: Server cvar "mp_ghostfrequency" = "0.1"
L 03/24/2015 - 19:05:32: Server cvar "mp_hostagepenalty" = "0"
L 03/24/2015 - 19:05:32: Server cvar "mp_kickpercent" = "0.66"
L 03/24/2015 - 19:05:32: Server cvar "mp_limitteams" = "5"
L 03/24/2015 - 19:05:32: Server cvar "mp_logdetail" = "3"
L 03/24/2015 - 19:05:32: Server cvar "mp_logfile" = "1"
L 03/24/2015 - 19:05:32: Server cvar "mp_logmessages" = "1"
L 03/24/2015 - 19:05:32: Server cvar "mp_mapvoteratio" = "0.66"
L 03/24/2015 - 19:05:32: Server cvar "mp_maxrounds" = "0"
L 03/24/2015 - 19:05:32: Server cvar "mp_mirrordamage" = "0"
L 03/24/2015 - 19:05:32: Server cvar "mp_playerid" = "0"
L 03/24/2015 - 19:05:32: Server cvar "mp_roundtime" = "2.57"
L 03/24/2015 - 19:05:32: Server cvar "mp_startmoney" = "800"
L 03/24/2015 - 19:05:32: Server cvar "mp_timeleft" = "0"
L 03/24/2015 - 19:05:32: Server cvar "mp_timelimit" = "30.000000"
L 03/24/2015 - 19:05:32: Server cvar "mp_tkpunish" = "1"
L 03/24/2015 - 19:05:32: Server cvar "mp_windifference" = "1"
L 03/24/2015 - 19:05:32: Server cvar "mp_winlimit" = "0"
L 03/24/2015 - 19:05:32: Server cvar "pausable" = "0"
L 03/24/2015 - 19:05:32: Server cvar "sv_accelerate" = "5"
L 03/24/2015 - 19:05:32: Server cvar "sv_aim" = "0"
L 03/24/2015 - 19:05:32: Server cvar "sv_airaccelerate" = "10"
L 03/24/2015 - 19:05:32: Server cvar "sv_airmove" = "1"
L 03/24/2015 - 19:05:32: Server cvar "sv_allowupload" = "1"
L 03/24/2015 - 19:05:32: Server cvar "sv_alltalk" = "0"
L 03/24/2015 - 19:05:32: Server cvar "sv_bounce" = "1"
L 03/24/2015 - 19:05:32: Server cvar "sv_cheats" = "0"
L 03/24/2015 - 19:05:32: Server cvar "sv_clienttrace" = "1"
L 03/24/2015 - 19:05:32: Server cvar "sv_clipmode" = "0"
L 03/24/2015 - 19:05:32: Server cvar "sv_contact" = ""
L 03/24/2015 - 19:05:32: Server cvar "sv_friction" = "4"
L 03/24/2015 - 19:05:32: Server cvar "sv_gravity" = "800"
L 03/24/2015 - 19:05:32: Server cvar "sv_logblocks" = "0"
L 03/24/2015 - 19:05:32: Server cvar "sv_maxrate" = "50000"
L 03/24/2015 - 19:05:32: Server cvar "sv_maxspeed" = "900"
L 03/24/2015 - 19:05:32: Server cvar "sv_minrate" = "100000"
L 03/24/2015 - 19:05:32: Server cvar "sv_password" = ""
L 03/24/2015 - 19:05:32: Server cvar "sv_proxies" = "0"
L 03/24/2015 - 19:05:32: Server cvar "sv_region" = "255"
L 03/24/2015 - 19:05:32: Server cvar "sv_restart" = "0"
L 03/24/2015 - 19:05:32: Server cvar "sv_restartround" = "0"
L 03/24/2015 - 19:05:32: Server cvar "sv_stepsize" = "18"
L 03/24/2015 - 19:05:32: Server cvar "sv_stopspeed" = "75"
L 03/24/2015 - 19:05:32: Server cvar "sv_uploadmax" = "0.5"
L 03/24/2015 - 19:05:32: Server cvar "sv_voiceenable" = "1"
L 03/24/2015 - 19:05:32: Server cvar "sv_wateraccelerate" = "10"
L 03/24/2015 - 19:05:32: Server cvar "sv_waterfriction" = "1"
L 03/24/2015 - 19:05:32: Server cvar "travo_statmarquee" = "v1.2"
L 03/24/2015 - 19:05:32: Server cvar "ultimate_sounds" = "1.7"
L 03/24/2015 - 19:05:32: Server cvar "vtc_version" = "80"
L 03/24/2015 - 19:05:32: Server cvar "whb_version" = "1.5.530"
L 03/24/2015 - 19:05:32: Server cvars end
L 03/24/2015 - 19:05:32: Server cvar "amx_nextmap" = "awp_map"
L 03/24/2015 - 19:05:32: Server cvar "sv_restart" = "1"
L 03/24/2015 - 19:05:32: World triggered "Restart_Round_(1_second)"
L 03/24/2015 - 19:05:32: Team "CT" scored "0" with "0" players
L 03/24/2015 - 19:05:32: Team "TERRORIST" scored "0" with "0" players
L 03/24/2015 - 19:05:32: Server cvar "sv_restart" = "0"
L 03/24/2015 - 19:05:33: Started map "de_go_go_go" (CRC "-886311426")
L 03/24/2015 - 19:05:33: [VTC] Player 9 speex
L 03/24/2015 - 19:05:33: [VTC] Player 1 speex
L 03/24/2015 - 19:05:33: [VTC] Player 8 speex
L 03/24/2015 - 19:05:33: [VTC] Player 5 speex
L 03/24/2015 - 19:05:33: [VTC] Player 4 silk
L 03/24/2015 - 19:05:33: [VTC] Player 6 speex
L 03/24/2015 - 19:05:33: [VTC] Player 3 speex
L 03/24/2015 - 19:05:35: "[Hard_Skill]_AHAKOHDA<94><STEAM_0:4:587517189><>" entered the game
L 03/24/2015 - 19:05:36: "fuNNface<105><STEAM_0:0:2045175822><>" entered the game
L 03/24/2015 - 19:05:36: "[Hard_Skill]_Funny*Apple<101><STEAM_0:4:1364633349><>" entered the game
L 03/24/2015 - 19:05:36: "[Hard_Skill]_Lexa Kosmonaft<97><STEAM_0:0:226379933><>" entered the game
L 03/24/2015 - 19:05:36: "IT'S ROMAN, BITCHES!<96><STEAM_0:0:56023079><>" entered the game
L 03/24/2015 - 19:05:38: World triggered "Round_Start"
L 03/24/2015 - 19:05:39: "[Hard_Skill]_Lexa Kosmonaft<97><STEAM_0:0:226379933><>" joined team "CT"
L 03/24/2015 - 19:05:39: "[Hard_Skill]_Funny*Apple<101><STEAM_0:4:1364633349><>" joined team "CT"
L 03/24/2015 - 19:05:40: "AHAKONDA i Lexa shiterbI<74><STEAM_0:4:1535941454><>" entered the game
L 03/24/2015 - 19:05:43: "[Hard_Skill]_AHAKOHDA<94><STEAM_0:4:587517189><>" joined team "TERRORIST"
L 03/24/2015 - 19:05:43: World triggered "Game_Commencing"
L 03/24/2015 - 19:05:43: World triggered "Game_Commencing" (CT "0") (T "0")
L 03/24/2015 - 19:05:43: World triggered "Round_End"
L 03/24/2015 - 19:05:46: "[Hard_Skill]_AHAKOHDA<94><STEAM_0:4:587517189><TERRORIST>" triggered "Spawned_With_The_Bomb"
L 03/24/2015 - 19:05:48: "[Hard_Skill]_Dasha<102><STEAM_0:4:1068366041><>" entered the game
L 03/24/2015 - 19:05:51: World triggered "Round_Start"
L 03/24/2015 - 19:05:53: "[Hard_Skill]_Dasha<102><STEAM_0:4:1068366041><>" joined team "TERRORIST"
L 03/24/2015 - 19:05:59: "[Hard_Skill]_AHAKOHDA<94><STEAM_0:4:587517189><TERRORIST>" attacked "[Hard_Skill]_Lexa Kosmonaft<97><STEAM_0:0:226379933><CT>" with "deagle" (damage "22") (damage_armor "4") (health "78") (armor "96")
L 03/24/2015 - 19:06:01: "[Hard_Skill]_AHAKOHDA<94><STEAM_0:4:587517189><TERRORIST>" attacked "[Hard_Skill]_Funny*Apple<101><STEAM_0:4:1364633349><CT>" with "deagle" (damage "40") (damage_armor "0") (health "60") (armor "0")
L 03/24/2015 - 19:06:01: "[Hard_Skill]_Funny*Apple<101><STEAM_0:4:1364633349><CT>" attacked "[Hard_Skill]_AHAKOHDA<94><STEAM_0:4:587517189><TERRORIST>" with "usp" (damage "12") (damage_armor "6") (health "88") (armor "94")
L 03/24/2015 - 19:06:10: "[Hard_Skill]_AHAKOHDA<94><STEAM_0:4:587517189><TERRORIST>" attacked "[Hard_Skill]_Funny*Apple<101><STEAM_0:4:1364633349><CT>" with "glock18" (damage "18") (damage_armor "0") (health "42") (armor "0")
L 03/24/2015 - 19:06:11: "[Hard_Skill]_AHAKOHDA<94><STEAM_0:4:587517189><TERRORIST>" attacked "[Hard_Skill]_Funny*Apple<101><STEAM_0:4:1364633349><CT>" with "glock18" (damage "13") (damage_armor "0") (health "29") (armor "0")
L 03/24/2015 - 19:06:19: "[Hard_Skill]_Lexa Kosmonaft<97><STEAM_0:0:226379933><CT>" attacked "[Hard_Skill]_AHAKOHDA<94><STEAM_0:4:587517189><TERRORIST>" with "deagle" (damage "32") (damage_armor "6") (health "56") (armor "88")
L 03/24/2015 - 19:06:19: "[Hard_Skill]_Lexa Kosmonaft<97><STEAM_0:0:226379933><CT>" attacked "[Hard_Skill]_AHAKOHDA<94><STEAM_0:4:587517189><TERRORIST>" with "deagle" (damage "40") (damage_armor "7") (health "16") (armor "81")
L 03/24/2015 - 19:06:19: "[Hard_Skill]_AHAKOHDA<94><STEAM_0:4:587517189><TERRORIST>" attacked "[Hard_Skill]_Lexa Kosmonaft<97><STEAM_0:0:226379933><CT>" with "deagle" (damage "32") (damage_armor "6") (health "46") (armor "90")
L 03/24/2015 - 19:06:19: "[Hard_Skill]_Lexa Kosmonaft<97><STEAM_0:0:226379933><CT>" attacked "[Hard_Skill]_AHAKOHDA<94><STEAM_0:4:587517189><TERRORIST>" with "deagle" (damage "40") (damage_armor "6") (health "-24") (armor "75")
L 03/24/2015 - 19:06:19: "[Hard_Skill]_Lexa Kosmonaft<97><STEAM_0:0:226379933><CT>" killed "[Hard_Skill]_AHAKOHDA<94><STEAM_0:4:587517189><TERRORIST>" with "deagle"
L 03/24/2015 - 19:06:19: "[Hard_Skill]_AHAKOHDA<94><STEAM_0:4:587517189><TERRORIST>" triggered "Dropped_The_Bomb"
L 03/24/2015 - 19:06:29: "[Hard_Skill]_Dasha<102><STEAM_0:4:1068366041><TERRORIST>" attacked "[Hard_Skill]_Funny*Apple<101><STEAM_0:4:1364633349><CT>" with "glock18" (damage "18") (damage_armor "0") (health "11") (armor "0")
L 03/24/2015 - 19:06:29: "[Hard_Skill]_Dasha<102><STEAM_0:4:1068366041><TERRORIST>" attacked "[Hard_Skill]_Funny*Apple<101><STEAM_0:4:1364633349><CT>" with "glock18" (damage "18") (damage_armor "0") (health "-7") (armor "0")
L 03/24/2015 - 19:06:29: "[Hard_Skill]_Dasha<102><STEAM_0:4:1068366041><TERRORIST>" killed "[Hard_Skill]_Funny*Apple<101><STEAM_0:4:1364633349><CT>" with "glock18"
L 03/24/2015 - 19:06:33: "[Hard_Skill]_Lexa Kosmonaft<97><STEAM_0:0:226379933><CT>" triggered "weaponstats" (weapon "deagle") (shots "12") (hits "3") (kills "1") (headshots "0") (tks "0") (damage "112") (deaths "0")
L 03/24/2015 - 19:06:33: "[Hard_Skill]_Lexa Kosmonaft<97><STEAM_0:0:226379933><CT>" triggered "weaponstats2" (weapon "deagle") (head "0") (chest "0") (stomach "2") (leftarm "1") (rightarm "0") (leftleg "0") (rightleg "0")
L 03/24/2015 - 19:06:33: "[Hard_Skill]_Lexa Kosmonaft<97><STEAM_0:0:226379933><CT>" triggered "time" (time "0:56")
L 03/24/2015 - 19:06:33: "[Hard_Skill]_Lexa Kosmonaft<97><STEAM_0:0:226379933><CT>" triggered "latency" (ping "30")
L 03/24/2015 - 19:06:33: "AHAKONDA i Lexa shiterbI<74><STEAM_0:4:1535941454><UNASSIGNED>" triggered "time" (time "0:53")
L 03/24/2015 - 19:06:33: "AHAKONDA i Lexa shiterbI<74><STEAM_0:4:1535941454><UNASSIGNED>" triggered "latency" (ping "67")
L 03/24/2015 - 19:06:33: "IT'S ROMAN, BITCHES!<96><STEAM_0:0:56023079><UNASSIGNED>" triggered "time" (time "0:56")
L 03/24/2015 - 19:06:33: "IT'S ROMAN, BITCHES!<96><STEAM_0:0:56023079><UNASSIGNED>" triggered "latency" (ping "30")
L 03/24/2015 - 19:06:33: "[Hard_Skill]_Funny*Apple<101><STEAM_0:4:1364633349><CT>" triggered "weaponstats" (weapon "grenade") (shots "1") (hits "0") (kills "0") (headshots "0") (tks "0") (damage "0") (deaths "0")
L 03/24/2015 - 19:06:33: "[Hard_Skill]_Funny*Apple<101><STEAM_0:4:1364633349><CT>" triggered "weaponstats2" (weapon "grenade") (head "0") (chest "0") (stomach "0") (leftarm "0") (rightarm "0") (leftleg "0") (rightleg "0")
L 03/24/2015 - 19:06:33: "[Hard_Skill]_Funny*Apple<101><STEAM_0:4:1364633349><CT>" triggered "weaponstats" (weapon "usp") (shots "25") (hits "1") (kills "0") (headshots "0") (tks "0") (damage "12") (deaths "1")
L 03/24/2015 - 19:06:33: "[Hard_Skill]_Funny*Apple<101><STEAM_0:4:1364633349><CT>" triggered "weaponstats2" (weapon "usp") (head "0") (chest "0") (stomach "0") (leftarm "1") (rightarm "0") (leftleg "0") (rightleg "0")
L 03/24/2015 - 19:06:33: "[Hard_Skill]_Funny*Apple<101><STEAM_0:4:1364633349><CT>" triggered "time" (time "0:56")
L 03/24/2015 - 19:06:33: "[Hard_Skill]_Funny*Apple<101><STEAM_0:4:1364633349><CT>" triggered "latency" (ping "15")
L 03/24/2015 - 19:06:33: "[Hard_Skill]_AHAKOHDA<94><STEAM_0:4:587517189><TERRORIST>" triggered "weaponstats" (weapon "glock18") (shots "20") (hits "2") (kills "0") (headshots "0") (tks "0") (damage "31") (deaths "0")
L 03/24/2015 - 19:06:33: "[Hard_Skill]_AHAKOHDA<94><STEAM_0:4:587517189><TERRORIST>" triggered "weaponstats2" (weapon "glock18") (head "0") (chest "0") (stomach "0") (leftarm "1") (rightarm "0") (leftleg "1") (rightleg "0")
L 03/24/2015 - 19:06:33: "[Hard_Skill]_AHAKOHDA<94><STEAM_0:4:587517189><TERRORIST>" triggered "weaponstats" (weapon "deagle") (shots "12") (hits "3") (kills "0") (headshots "0") (tks "0") (damage "94") (deaths "1")
L 03/24/2015 - 19:06:33: "[Hard_Skill]_AHAKOHDA<94><STEAM_0:4:587517189><TERRORIST>" triggered "weaponstats2" (weapon "deagle") (head "0") (chest "1") (stomach "0") (leftarm "1") (rightarm "1") (leftleg "0") (rightleg "0")
L 03/24/2015 - 19:06:33: "[Hard_Skill]_AHAKOHDA<94><STEAM_0:4:587517189><TERRORIST>" triggered "time" (time "0:57")
L 03/24/2015 - 19:06:33: "[Hard_Skill]_AHAKOHDA<94><STEAM_0:4:587517189><TERRORIST>" triggered "latency" (ping "22")
L 03/24/2015 - 19:06:33: "[Hard_Skill]_Dasha<102><STEAM_0:4:1068366041><TERRORIST>" triggered "weaponstats" (weapon "glock18") (shots "8") (hits "2") (kills "1") (headshots "0") (tks "0") (damage "36") (deaths "0")
L 03/24/2015 - 19:06:33: "[Hard_Skill]_Dasha<102><STEAM_0:4:1068366041><TERRORIST>" triggered "weaponstats2" (weapon "glock18") (head "0") (chest "0") (stomach "2") (leftarm "0") (rightarm "0") (leftleg "0") (rightleg "0")
L 03/24/2015 - 19:06:33: "[Hard_Skill]_Dasha<102><STEAM_0:4:1068366041><TERRORIST>" triggered "time" (time "0:45")
L 03/24/2015 - 19:06:33: "[Hard_Skill]_Dasha<102><STEAM_0:4:1068366041><TERRORIST>" triggered "latency" (ping "4")
L 03/24/2015 - 19:06:33: "fuNNface<105><STEAM_0:0:2045175822><UNASSIGNED>" triggered "time" (time "0:57")
L 03/24/2015 - 19:06:33: "fuNNface<105><STEAM_0:0:2045175822><UNASSIGNED>" triggered "latency" (ping "5")
L 03/24/2015 - 19:06:33: [META] ini: Begin re-reading plugins list: /home/extazy/Public/cstrike/addons/metamod/plugins.ini
L 03/24/2015 - 19:06:33: [META] ini: Read plugin config for: AMX Mod X
L 03/24/2015 - 19:06:33: [META] ini: Read plugin config for: dproto_EF
L 03/24/2015 - 19:06:33: [META] ini: Read plugin config for: VoiceTranscoder
L 03/24/2015 - 19:06:33: [META] ini: Read plugin config for: WHBlocker
L 03/24/2015 - 19:06:33: [META] ini: Finished reading plugins list: /home/extazy/Public/cstrike/addons/metamod/plugins.ini; Found 4 plugins
L 03/24/2015 - 19:06:33: [META] dll: Updating plugins...
L 03/24/2015 - 19:06:33: [META] dll: Finished updating 13 plugins; kept 4, loaded 0, unloaded 0, reloaded 0, delayed 0
L 03/24/2015 - 19:06:33: "[Hard_Skill]_Lexa Kosmonaft<97><STEAM_0:0:226379933><CT>" disconnected
L 03/24/2015 - 19:06:33: Team "TERRORIST" triggered "Terrorists_Win" (CT "0") (T "1")
L 03/24/2015 - 19:06:33: World triggered "Round_End"
L 03/24/2015 - 19:06:33: "AHAKONDA i Lexa shiterbI<74><STEAM_0:4:1535941454><>" disconnected
L 03/24/2015 - 19:06:33: "IT'S ROMAN, BITCHES!<96><STEAM_0:0:56023079><>" disconnected
L 03/24/2015 - 19:06:33: "[Hard_Skill]_Funny*Apple<101><STEAM_0:4:1364633349><CT>" disconnected
L 03/24/2015 - 19:06:33: "[Hard_Skill]_AHAKOHDA<94><STEAM_0:4:587517189><TERRORIST>" disconnected
L 03/24/2015 - 19:06:33: "[Hard_Skill]_Dasha<102><STEAM_0:4:1068366041><TERRORIST>" disconnected
L 03/24/2015 - 19:06:33: "fuNNface<105><STEAM_0:0:2045175822><>" disconnected
L 03/24/2015 - 19:06:33: Log file closed
