L 03/26/2015 - 12:23:48: Log file started (file "logs/L0326032.log") (game "cstrike") (version "48/1.6.3.7/Stdio/5787")
L 03/26/2015 - 12:23:48: Server cvar "mp_logdetail" = "3"
L 03/26/2015 - 12:23:48: Server cvar "mp_timelimit" = "30"
L 03/26/2015 - 12:23:48: Server cvar "mp_c4timer" = "35"
L 03/26/2015 - 12:23:48: Server cvar "mp_flashlight" = "1"
L 03/26/2015 - 12:23:48: Server cvar "mp_freezetime" = "5"
L 03/26/2015 - 12:23:48: Server cvar "mp_hostagepenalty" = "0"
L 03/26/2015 - 12:23:48: Server cvar "mp_limitteams" = "5"
L 03/26/2015 - 12:23:48: Server cvar "mp_roundtime" = "2.57"
L 03/26/2015 - 12:23:48: Server cvar "mp_tkpunish" = "1"
L 03/26/2015 - 12:23:48: Server cvar "sv_restartround" = "1"
L 03/26/2015 - 12:23:48: Server cvar "sv_maxspeed" = "320"
L 03/26/2015 - 12:23:48: Server cvar "sv_proxies" = "0"
L 03/26/2015 - 12:23:48: Server cvar "allow_spectators" = "4"
L 03/26/2015 - 12:23:48: Server cvar "mp_chattime" = "0"
L 03/26/2015 - 12:23:48: Server cvar "decalfrequency" = "9"
L 03/26/2015 - 12:23:48: Server cvar "sv_aim" = "0"
L 03/26/2015 - 12:23:48: Server cvar "sv_minrate" = "100000"
L 03/26/2015 - 12:23:48: Server cvar "sv_maxrate" = "50000"
L 03/26/2015 - 12:23:48: World triggered "Restart_Round_(1_second)"
L 03/26/2015 - 12:23:48: Team "CT" scored "0" with "0" players
L 03/26/2015 - 12:23:48: Team "TERRORIST" scored "0" with "0" players
L 03/26/2015 - 12:23:48: Server cvar "sv_restartround" = "0"
L 03/26/2015 - 12:23:54: [DPROTO]: Client 0 - Set AuthIdType 1 [dp_SteamEmu]; pClient = 0xb39b0f08
L 03/26/2015 - 12:23:54: "[Easy_Skill]_Faza#1<1><STEAM_0:0:969824236><>" connected, address "46.53.210.172:61707"
L 03/26/2015 - 12:23:54: [VTC] Player 1 speex
L 03/26/2015 - 12:23:54: World triggered "Round_Start"
L 03/26/2015 - 12:23:55: [DPROTO]: Client 0 - Set AuthIdType 1 [dp_SteamEmu]; pClient = 0xb39b0f08
L 03/26/2015 - 12:23:55: "[Easy_Skill]_Faza#1<2><STEAM_0:0:969824236><>" connected, address "46.53.210.172:61707"
L 03/26/2015 - 12:23:55: [VTC] Player 1 speex
L 03/26/2015 - 12:23:55: [DPROTO]: Client 0 - Set AuthIdType 1 [dp_SteamEmu]; pClient = 0xb39b0f08
L 03/26/2015 - 12:23:55: "[Easy_Skill]_Faza#1<3><STEAM_0:0:969824236><>" connected, address "46.53.210.172:61707"
L 03/26/2015 - 12:23:55: [VTC] Player 1 speex
L 03/26/2015 - 12:23:59: [DPROTO]: Client 0 - Set AuthIdType 1 [dp_SteamEmu]; pClient = 0xb39b0f08
L 03/26/2015 - 12:23:59: "[Easy_Skill]_Faza#1<4><STEAM_0:0:969824236><>" connected, address "46.53.210.172:61707"
L 03/26/2015 - 12:23:59: [VTC] Player 1 speex
L 03/26/2015 - 12:24:26: [DPROTO]: Client 1 - Set AuthIdType 1 [Native]; pClient = 0xb39b5dfc
L 03/26/2015 - 12:24:26: "[Hard_Skill]_Extazy<5><STEAM_0:1:113150434><>" connected, address "10.19.7.134:27005"
L 03/26/2015 - 12:24:26: [VTC] Player 2 silk
L 03/26/2015 - 12:25:51: [DPROTO]: Client 1 - Set AuthIdType 1 [Native]; pClient = 0xb39b5dfc
L 03/26/2015 - 12:25:51: "[Hard_Skill]_Extazy<6><STEAM_0:1:113150434><>" connected, address "10.19.7.134:27005"
L 03/26/2015 - 12:25:51: [VTC] Player 2 silk
L 03/26/2015 - 12:26:23: [DPROTO]: Client 2 - Set AuthIdType 3 [dp_RevEmu]; pClient = 0xb39bacf0
L 03/26/2015 - 12:26:23: "[Hard_Skill]_Dasha<7><STEAM_0:4:1068366041><>" connected, address "10.19.7.214:27005"
L 03/26/2015 - 12:26:23: [VTC] Player 3 speex
L 03/26/2015 - 12:26:29: Team "CT" triggered "Target_Saved" (CT "1") (T "0")
L 03/26/2015 - 12:26:29: World triggered "Round_End"
L 03/26/2015 - 12:26:39: World triggered "Round_Start"
L 03/26/2015 - 12:26:49: [DPROTO]: Client 2 - Set AuthIdType 3 [dp_RevEmu]; pClient = 0xb39bacf0
L 03/26/2015 - 12:26:49: "[Hard_Skill]_Dasha<8><STEAM_0:4:1068366041><>" connected, address "10.19.7.214:27005"
L 03/26/2015 - 12:26:49: [VTC] Player 3 speex
L 03/26/2015 - 12:27:52: "[Hard_Skill]_Extazy<6><STEAM_0:1:113150434><>" entered the game
L 03/26/2015 - 12:28:11: "[Easy_Skill]_Faza#1<4><STEAM_0:0:969824236><>" entered the game
L 03/26/2015 - 12:28:17: "[Hard_Skill]_Extazy<6><STEAM_0:1:113150434><>" joined team "CT"
L 03/26/2015 - 12:28:34: "[Hard_Skill]_Dasha<8><STEAM_0:4:1068366041><>" entered the game
L 03/26/2015 - 12:28:35: "[Easy_Skill]_Faza#1<4><STEAM_0:0:969824236><UNASSIGNED>" triggered "time" (time "0:23")
L 03/26/2015 - 12:28:35: "[Easy_Skill]_Faza#1<4><STEAM_0:0:969824236><UNASSIGNED>" triggered "latency" (ping "26")
L 03/26/2015 - 12:28:35: "[Hard_Skill]_Extazy<6><STEAM_0:1:113150434><CT>" triggered "weaponstats" (weapon "deagle") (shots "1") (hits "0") (kills "0") (headshots "0") (tks "0") (damage "0") (deaths "0")
L 03/26/2015 - 12:28:35: "[Hard_Skill]_Extazy<6><STEAM_0:1:113150434><CT>" triggered "weaponstats2" (weapon "deagle") (head "0") (chest "0") (stomach "0") (leftarm "0") (rightarm "0") (leftleg "0") (rightleg "0")
L 03/26/2015 - 12:28:35: "[Hard_Skill]_Extazy<6><STEAM_0:1:113150434><CT>" triggered "time" (time "0:43")
L 03/26/2015 - 12:28:35: "[Hard_Skill]_Extazy<6><STEAM_0:1:113150434><CT>" triggered "latency" (ping "0")
L 03/26/2015 - 12:28:35: "[Hard_Skill]_Dasha<8><STEAM_0:4:1068366041><UNASSIGNED>" triggered "time" (time "0:01")
L 03/26/2015 - 12:28:35: "[Hard_Skill]_Dasha<8><STEAM_0:4:1068366041><UNASSIGNED>" triggered "latency" (ping "0")
L 03/26/2015 - 12:28:35: [META] ini: Begin re-reading plugins list: /home/extazy/Public/cstrike/addons/metamod/plugins.ini
L 03/26/2015 - 12:28:35: [META] ini: Read plugin config for: AMX Mod X
L 03/26/2015 - 12:28:35: [META] ini: Read plugin config for: dproto_EF
L 03/26/2015 - 12:28:35: [META] ini: Read plugin config for: VoiceTranscoder
L 03/26/2015 - 12:28:35: [META] ini: Read plugin config for: WHBlocker
L 03/26/2015 - 12:28:35: [META] ini: Finished reading plugins list: /home/extazy/Public/cstrike/addons/metamod/plugins.ini; Found 4 plugins
L 03/26/2015 - 12:28:35: [META] dll: Updating plugins...
L 03/26/2015 - 12:28:35: [META] dll: Finished updating 13 plugins; kept 4, loaded 0, unloaded 0, reloaded 0, delayed 0
L 03/26/2015 - 12:28:35: "[Easy_Skill]_Faza#1<4><STEAM_0:0:969824236><>" disconnected
L 03/26/2015 - 12:28:35: "[Hard_Skill]_Extazy<6><STEAM_0:1:113150434><CT>" disconnected
L 03/26/2015 - 12:28:35: World triggered "Round_Draw" (CT "1") (T "0")
L 03/26/2015 - 12:28:35: World triggered "Round_End"
L 03/26/2015 - 12:28:35: "[Hard_Skill]_Dasha<8><STEAM_0:4:1068366041><>" disconnected
L 03/26/2015 - 12:28:35: World triggered "Round_Draw" (CT "1") (T "0")
L 03/26/2015 - 12:28:35: World triggered "Round_End"
L 03/26/2015 - 12:28:35: Log file closed
