L 03/25/2015 - 09:04:00: Log file started (file "logs/L0325004.log") (game "cstrike") (version "48/1.6.3.7/Stdio/5787")
L 03/25/2015 - 09:04:00: Loading map "he_tennis"
L 03/25/2015 - 09:04:00: Server cvars start
L 03/25/2015 - 09:04:00: Server cvar "_tutor_bomb_viewable_check_interval" = "0.5"
L 03/25/2015 - 09:04:00: Server cvar "_tutor_debug_level" = "0"
L 03/25/2015 - 09:04:00: Server cvar "_tutor_examine_time" = "0.5"
L 03/25/2015 - 09:04:00: Server cvar "_tutor_hint_interval_time" = "10.0"
L 03/25/2015 - 09:04:00: Server cvar "_tutor_look_angle" = "10"
L 03/25/2015 - 09:04:00: Server cvar "_tutor_look_distance" = "200"
L 03/25/2015 - 09:04:00: Server cvar "_tutor_message_character_display_time_coefficient" = "0.07"
L 03/25/2015 - 09:04:00: Server cvar "_tutor_message_minimum_display_time" = "1"
L 03/25/2015 - 09:04:00: Server cvar "_tutor_message_repeats" = "5"
L 03/25/2015 - 09:04:00: Server cvar "_tutor_view_distance" = "1000"
L 03/25/2015 - 09:04:00: Server cvar "aesp_version" = "1.5b_mini"
L 03/25/2015 - 09:04:00: Server cvar "allow_spectators" = "4"
L 03/25/2015 - 09:04:00: Server cvar "amx_client_languages" = "0"
L 03/25/2015 - 09:04:00: Server cvar "amx_contactinfo" = "ICQ: 691322983"
L 03/25/2015 - 09:04:00: Server cvar "amx_language" = "ru"
L 03/25/2015 - 09:04:00: Server cvar "amx_nextmap" = "he_tennis"
L 03/25/2015 - 09:04:00: Server cvar "amx_timeleft" = "00:00"
L 03/25/2015 - 09:04:00: Server cvar "amxbans_ssversion" = "Gm 1.6"
L 03/25/2015 - 09:04:00: Server cvar "amxbans_version" = "Gm 1.6"
L 03/25/2015 - 09:04:00: Server cvar "amxmodx_version" = "1.8.1.3746"
L 03/25/2015 - 09:04:00: Server cvar "Colored Translit Cheat" = "Loaded"
L 03/25/2015 - 09:04:00: Server cvar "Colored Translit Config" = "Loaded"
L 03/25/2015 - 09:04:00: Server cvar "Colored Translit Ignores" = "Loaded"
L 03/25/2015 - 09:04:00: Server cvar "Colored Translit Replace" = "Failed"
L 03/25/2015 - 09:04:00: Server cvar "Colored Translit Spam" = "Loaded"
L 03/25/2015 - 09:04:00: Server cvar "Colored Translit Status" = "Loaded"
L 03/25/2015 - 09:04:00: Server cvar "Colored Translit Swear" = "Loaded"
L 03/25/2015 - 09:04:00: Server cvar "Colored Translit Version" = "2.0b Final"
L 03/25/2015 - 09:04:00: Server cvar "coop" = "0"
L 03/25/2015 - 09:04:00: Server cvar "deathmatch" = "1"
L 03/25/2015 - 09:04:00: Server cvar "decalfrequency" = "9"
L 03/25/2015 - 09:04:00: Server cvar "dp_version" = "0.9.391"
L 03/25/2015 - 09:04:00: Server cvar "edgefriction" = "2"
L 03/25/2015 - 09:04:00: Server cvar "hostage_debug" = "0"
L 03/25/2015 - 09:04:00: Server cvar "hostage_stop" = "0"
L 03/25/2015 - 09:04:00: Server cvar "humans_join_team" = "any"
L 03/25/2015 - 09:04:00: Server cvar "jtp10181" = "chute"
L 03/25/2015 - 09:04:00: Server cvar "max_queries_sec" = "3.0"
L 03/25/2015 - 09:04:00: Server cvar "max_queries_sec_global" = "30"
L 03/25/2015 - 09:04:00: Server cvar "max_queries_window" = "60"
L 03/25/2015 - 09:04:00: Server cvar "metamod_version" = "1.19"
L 03/25/2015 - 09:04:00: Server cvar "mp_allowmonsters" = "0"
L 03/25/2015 - 09:04:00: Server cvar "mp_autokick" = "1"
L 03/25/2015 - 09:04:00: Server cvar "mp_autoteambalance" = "1"
L 03/25/2015 - 09:04:00: Server cvar "mp_buytime" = "1.5"
L 03/25/2015 - 09:04:00: Server cvar "mp_c4timer" = "35"
L 03/25/2015 - 09:04:00: Server cvar "mp_chattime" = "1"
L 03/25/2015 - 09:04:00: Server cvar "mp_consistency" = "1"
L 03/25/2015 - 09:04:00: Server cvar "mp_fadetoblack" = "0"
L 03/25/2015 - 09:04:00: Server cvar "mp_flashlight" = "1"
L 03/25/2015 - 09:04:00: Server cvar "mp_footsteps" = "1"
L 03/25/2015 - 09:04:00: Server cvar "mp_forcecamera" = "0"
L 03/25/2015 - 09:04:00: Server cvar "mp_forcechasecam" = "0"
L 03/25/2015 - 09:04:00: Server cvar "mp_fragsleft" = "0"
L 03/25/2015 - 09:04:00: Server cvar "mp_freezetime" = "5"
L 03/25/2015 - 09:04:00: Server cvar "mp_friendlyfire" = "0"
L 03/25/2015 - 09:04:00: Server cvar "mp_ghostfrequency" = "0.1"
L 03/25/2015 - 09:04:00: Server cvar "mp_hostagepenalty" = "0"
L 03/25/2015 - 09:04:00: Server cvar "mp_kickpercent" = "0.66"
L 03/25/2015 - 09:04:00: Server cvar "mp_limitteams" = "5"
L 03/25/2015 - 09:04:00: Server cvar "mp_logdetail" = "3"
L 03/25/2015 - 09:04:00: Server cvar "mp_logfile" = "1"
L 03/25/2015 - 09:04:00: Server cvar "mp_logmessages" = "1"
L 03/25/2015 - 09:04:00: Server cvar "mp_mapvoteratio" = "0.66"
L 03/25/2015 - 09:04:00: Server cvar "mp_maxrounds" = "0"
L 03/25/2015 - 09:04:00: Server cvar "mp_mirrordamage" = "0"
L 03/25/2015 - 09:04:00: Server cvar "mp_playerid" = "0"
L 03/25/2015 - 09:04:00: Server cvar "mp_roundtime" = "2.57"
L 03/25/2015 - 09:04:00: Server cvar "mp_startmoney" = "800"
L 03/25/2015 - 09:04:00: Server cvar "mp_timeleft" = "0"
L 03/25/2015 - 09:04:00: Server cvar "mp_timelimit" = "30.000000"
L 03/25/2015 - 09:04:00: Server cvar "mp_tkpunish" = "1"
L 03/25/2015 - 09:04:00: Server cvar "mp_windifference" = "1"
L 03/25/2015 - 09:04:00: Server cvar "mp_winlimit" = "0"
L 03/25/2015 - 09:04:00: Server cvar "pausable" = "0"
L 03/25/2015 - 09:04:00: Server cvar "sv_accelerate" = "5"
L 03/25/2015 - 09:04:00: Server cvar "sv_aim" = "0"
L 03/25/2015 - 09:04:00: Server cvar "sv_airaccelerate" = "10"
L 03/25/2015 - 09:04:00: Server cvar "sv_airmove" = "1"
L 03/25/2015 - 09:04:00: Server cvar "sv_allowupload" = "1"
L 03/25/2015 - 09:04:00: Server cvar "sv_alltalk" = "0"
L 03/25/2015 - 09:04:00: Server cvar "sv_bounce" = "1"
L 03/25/2015 - 09:04:00: Server cvar "sv_cheats" = "0"
L 03/25/2015 - 09:04:00: Server cvar "sv_clienttrace" = "1"
L 03/25/2015 - 09:04:00: Server cvar "sv_clipmode" = "0"
L 03/25/2015 - 09:04:00: Server cvar "sv_contact" = ""
L 03/25/2015 - 09:04:00: Server cvar "sv_friction" = "4"
L 03/25/2015 - 09:04:00: Server cvar "sv_gravity" = "800"
L 03/25/2015 - 09:04:00: Server cvar "sv_logblocks" = "0"
L 03/25/2015 - 09:04:00: Server cvar "sv_maxrate" = "50000"
L 03/25/2015 - 09:04:00: Server cvar "sv_maxspeed" = "900"
L 03/25/2015 - 09:04:00: Server cvar "sv_minrate" = "100000"
L 03/25/2015 - 09:04:00: Server cvar "sv_password" = ""
L 03/25/2015 - 09:04:00: Server cvar "sv_proxies" = "0"
L 03/25/2015 - 09:04:00: Server cvar "sv_region" = "255"
L 03/25/2015 - 09:04:00: Server cvar "sv_restart" = "0"
L 03/25/2015 - 09:04:00: Server cvar "sv_restartround" = "0"
L 03/25/2015 - 09:04:00: Server cvar "sv_stepsize" = "18"
L 03/25/2015 - 09:04:00: Server cvar "sv_stopspeed" = "75"
L 03/25/2015 - 09:04:00: Server cvar "sv_uploadmax" = "0.5"
L 03/25/2015 - 09:04:00: Server cvar "sv_voiceenable" = "1"
L 03/25/2015 - 09:04:00: Server cvar "sv_wateraccelerate" = "10"
L 03/25/2015 - 09:04:00: Server cvar "sv_waterfriction" = "1"
L 03/25/2015 - 09:04:00: Server cvar "travo_statmarquee" = "v1.2"
L 03/25/2015 - 09:04:00: Server cvar "ultimate_sounds" = "1.7"
L 03/25/2015 - 09:04:00: Server cvar "vtc_version" = "80"
L 03/25/2015 - 09:04:00: Server cvar "whb_version" = "1.5.530"
L 03/25/2015 - 09:04:00: Server cvars end
L 03/25/2015 - 09:04:01: Server cvar "amx_nextmap" = "cs_deagle5"
L 03/25/2015 - 09:04:01: Server cvar "sv_restart" = "1"
L 03/25/2015 - 09:04:01: World triggered "Restart_Round_(1_second)"
L 03/25/2015 - 09:04:01: Team "CT" scored "0" with "0" players
L 03/25/2015 - 09:04:01: Team "TERRORIST" scored "0" with "0" players
L 03/25/2015 - 09:04:01: Server cvar "sv_restart" = "0"
L 03/25/2015 - 09:04:01: Started map "he_tennis" (CRC "981402838")
L 03/25/2015 - 09:04:01: [VTC] Player 3 speex
L 03/25/2015 - 09:04:01: [VTC] Player 4 speex
L 03/25/2015 - 09:04:05: "[Hard_Skill]_Leks<10><STEAM_0:4:2013711621><>" entered the game
L 03/25/2015 - 09:04:06: World triggered "Round_Start"
L 03/25/2015 - 09:04:09: "[Hard_Skill]_Leks<10><STEAM_0:4:2013711621><>" joined team "TERRORIST"
L 03/25/2015 - 09:04:15: "[Hard_Skill]_Dasha<9><STEAM_0:4:1068366041><>" entered the game
L 03/25/2015 - 09:04:28: "[Hard_Skill]_Dasha<9><STEAM_0:4:1068366041><>" joined team "CT"
L 03/25/2015 - 09:04:28: World triggered "Game_Commencing"
L 03/25/2015 - 09:04:28: World triggered "Game_Commencing" (CT "0") (T "0")
L 03/25/2015 - 09:04:28: World triggered "Round_End"
L 03/25/2015 - 09:04:36: World triggered "Round_Start"
L 03/25/2015 - 09:05:08: "[Hard_Skill]_Leks<10><STEAM_0:4:2013711621><TERRORIST>" attacked "[Hard_Skill]_Dasha<9><STEAM_0:4:1068366041><CT>" with "deagle" (damage "22") (damage_armor "0") (health "56") (armor "0")
L 03/25/2015 - 09:05:37: "[Hard_Skill]_Leks<10><STEAM_0:4:2013711621><TERRORIST>" killed "[Hard_Skill]_Dasha<9><STEAM_0:4:1068366041><CT>" with "grenade"
L 03/25/2015 - 09:05:37: Team "TERRORIST" triggered "Terrorists_Win" (CT "0") (T "1")
L 03/25/2015 - 09:05:37: World triggered "Round_End"
L 03/25/2015 - 09:05:47: World triggered "Round_Start"
L 03/25/2015 - 09:06:02: "[Hard_Skill]_Leks<10><STEAM_0:4:2013711621><TERRORIST>" attacked "[Hard_Skill]_Dasha<9><STEAM_0:4:1068366041><CT>" with "ak47" (damage "20") (damage_armor "0") (health "65") (armor "0")
L 03/25/2015 - 09:06:16: "[Hard_Skill]_Leks<10><STEAM_0:4:2013711621><TERRORIST>" killed "[Hard_Skill]_Dasha<9><STEAM_0:4:1068366041><CT>" with "grenade"
L 03/25/2015 - 09:06:16: Team "TERRORIST" triggered "Terrorists_Win" (CT "0") (T "2")
L 03/25/2015 - 09:06:16: World triggered "Round_End"
L 03/25/2015 - 09:06:26: World triggered "Round_Start"
L 03/25/2015 - 09:06:50: "[Hard_Skill]_Leks<10><STEAM_0:4:2013711621><TERRORIST>" attacked "[Hard_Skill]_Dasha<9><STEAM_0:4:1068366041><CT>" with "ak47" (damage "16") (damage_armor "0") (health "-7") (armor "0")
L 03/25/2015 - 09:06:50: "[Hard_Skill]_Leks<10><STEAM_0:4:2013711621><TERRORIST>" killed "[Hard_Skill]_Dasha<9><STEAM_0:4:1068366041><CT>" with "ak47"
L 03/25/2015 - 09:06:50: Team "TERRORIST" triggered "Terrorists_Win" (CT "0") (T "3")
L 03/25/2015 - 09:06:50: World triggered "Round_End"
L 03/25/2015 - 09:06:59: "[Hard_Skill]_Dasha<9><STEAM_0:4:1068366041><CT>" triggered "weaponstats" (weapon "grenade") (shots "16") (hits "7") (kills "0") (headshots "0") (tks "0") (damage "114") (deaths "2")
L 03/25/2015 - 09:06:59: "[Hard_Skill]_Dasha<9><STEAM_0:4:1068366041><CT>" triggered "weaponstats2" (weapon "grenade") (head "0") (chest "0") (stomach "0") (leftarm "0") (rightarm "0") (leftleg "0") (rightleg "0")
L 03/25/2015 - 09:06:59: "[Hard_Skill]_Dasha<9><STEAM_0:4:1068366041><CT>" triggered "weaponstats" (weapon "usp") (shots "14") (hits "0") (kills "0") (headshots "0") (tks "0") (damage "0") (deaths "1")
L 03/25/2015 - 09:06:59: "[Hard_Skill]_Dasha<9><STEAM_0:4:1068366041><CT>" triggered "weaponstats2" (weapon "usp") (head "0") (chest "0") (stomach "0") (leftarm "0") (rightarm "0") (leftleg "0") (rightleg "0")
L 03/25/2015 - 09:06:59: "[Hard_Skill]_Dasha<9><STEAM_0:4:1068366041><CT>" triggered "time" (time "2:43")
L 03/25/2015 - 09:06:59: "[Hard_Skill]_Dasha<9><STEAM_0:4:1068366041><CT>" triggered "latency" (ping "1")
L 03/25/2015 - 09:06:59: "[Hard_Skill]_Dasha<9><STEAM_0:4:1068366041><CT>" disconnected
L 03/25/2015 - 09:07:00: World triggered "Round_Start"
L 03/25/2015 - 09:07:10: "[Hard_Skill]_Leks<10><STEAM_0:4:2013711621><TERRORIST>" triggered "weaponstats" (weapon "grenade") (shots "31") (hits "9") (kills "2") (headshots "0") (tks "0") (damage "264") (deaths "0")
L 03/25/2015 - 09:07:10: "[Hard_Skill]_Leks<10><STEAM_0:4:2013711621><TERRORIST>" triggered "weaponstats2" (weapon "grenade") (head "0") (chest "0") (stomach "0") (leftarm "0") (rightarm "0") (leftleg "0") (rightleg "0")
L 03/25/2015 - 09:07:10: "[Hard_Skill]_Leks<10><STEAM_0:4:2013711621><TERRORIST>" triggered "weaponstats" (weapon "deagle") (shots "22") (hits "1") (kills "0") (headshots "0") (tks "0") (damage "22") (deaths "0")
L 03/25/2015 - 09:07:10: "[Hard_Skill]_Leks<10><STEAM_0:4:2013711621><TERRORIST>" triggered "weaponstats2" (weapon "deagle") (head "0") (chest "0") (stomach "0") (leftarm "1") (rightarm "0") (leftleg "0") (rightleg "0")
L 03/25/2015 - 09:07:10: "[Hard_Skill]_Leks<10><STEAM_0:4:2013711621><TERRORIST>" triggered "weaponstats" (weapon "ak47") (shots "46") (hits "2") (kills "1") (headshots "0") (tks "0") (damage "36") (deaths "0")
L 03/25/2015 - 09:07:10: "[Hard_Skill]_Leks<10><STEAM_0:4:2013711621><TERRORIST>" triggered "weaponstats2" (weapon "ak47") (head "0") (chest "0") (stomach "1") (leftarm "0") (rightarm "1") (leftleg "0") (rightleg "0")
L 03/25/2015 - 09:07:10: "[Hard_Skill]_Leks<10><STEAM_0:4:2013711621><TERRORIST>" triggered "weaponstats" (weapon "knife") (shots "1") (hits "0") (kills "0") (headshots "0") (tks "0") (damage "0") (deaths "0")
L 03/25/2015 - 09:07:10: "[Hard_Skill]_Leks<10><STEAM_0:4:2013711621><TERRORIST>" triggered "weaponstats2" (weapon "knife") (head "0") (chest "0") (stomach "0") (leftarm "0") (rightarm "0") (leftleg "0") (rightleg "0")
L 03/25/2015 - 09:07:10: "[Hard_Skill]_Leks<10><STEAM_0:4:2013711621><TERRORIST>" triggered "time" (time "3:04")
L 03/25/2015 - 09:07:10: "[Hard_Skill]_Leks<10><STEAM_0:4:2013711621><TERRORIST>" triggered "latency" (ping "41")
L 03/25/2015 - 09:07:10: "[Hard_Skill]_Leks<10><STEAM_0:4:2013711621><TERRORIST>" disconnected
L 03/25/2015 - 09:07:10: World triggered "Round_Draw" (CT "0") (T "3")
L 03/25/2015 - 09:07:10: World triggered "Round_End"
L 03/25/2015 - 09:07:20: World triggered "Round_Start"
L 03/25/2015 - 09:07:49: [DPROTO]: Client 2 - Set AuthIdType 3 [dp_RevEmu]; pClient = 0xb394dcf0
L 03/25/2015 - 09:07:49: "[Hard_Skill]_Dasha<14><STEAM_0:4:1068366041><>" connected, address "10.19.7.214:27005"
L 03/25/2015 - 09:07:49: [VTC] Player 3 speex
L 03/25/2015 - 09:08:09: "[Hard_Skill]_Dasha<14><STEAM_0:4:1068366041><>" entered the game
L 03/25/2015 - 09:08:34: "[Hard_Skill]_Dasha<14><STEAM_0:4:1068366041><>" joined team "CT"
L 03/25/2015 - 09:11:50: "[Hard_Skill]_Dasha<14><STEAM_0:4:1068366041><CT>" triggered "weaponstats" (weapon "grenade") (shots "30") (hits "0") (kills "0") (headshots "0") (tks "0") (damage "0") (deaths "0")
L 03/25/2015 - 09:11:50: "[Hard_Skill]_Dasha<14><STEAM_0:4:1068366041><CT>" triggered "weaponstats2" (weapon "grenade") (head "0") (chest "0") (stomach "0") (leftarm "0") (rightarm "0") (leftleg "0") (rightleg "0")
L 03/25/2015 - 09:11:50: "[Hard_Skill]_Dasha<14><STEAM_0:4:1068366041><CT>" triggered "weaponstats" (weapon "usp") (shots "3") (hits "0") (kills "0") (headshots "0") (tks "0") (damage "0") (deaths "0")
L 03/25/2015 - 09:11:50: "[Hard_Skill]_Dasha<14><STEAM_0:4:1068366041><CT>" triggered "weaponstats2" (weapon "usp") (head "0") (chest "0") (stomach "0") (leftarm "0") (rightarm "0") (leftleg "0") (rightleg "0")
L 03/25/2015 - 09:11:50: "[Hard_Skill]_Dasha<14><STEAM_0:4:1068366041><CT>" triggered "time" (time "3:40")
L 03/25/2015 - 09:11:50: "[Hard_Skill]_Dasha<14><STEAM_0:4:1068366041><CT>" triggered "latency" (ping "1")
L 03/25/2015 - 09:11:50: "[Hard_Skill]_Dasha<14><STEAM_0:4:1068366041><CT>" disconnected
L 03/25/2015 - 09:11:50: World triggered "Round_Draw" (CT "0") (T "3")
L 03/25/2015 - 09:11:50: World triggered "Round_End"
L 03/25/2015 - 09:12:00: World triggered "Round_Start"
L 03/25/2015 - 09:14:10: [META] ini: Begin re-reading plugins list: /home/extazy/Public/cstrike/addons/metamod/plugins.ini
L 03/25/2015 - 09:14:10: [META] ini: Read plugin config for: AMX Mod X
L 03/25/2015 - 09:14:10: [META] ini: Read plugin config for: dproto_EF
L 03/25/2015 - 09:14:10: [META] ini: Read plugin config for: VoiceTranscoder
L 03/25/2015 - 09:14:10: [META] ini: Read plugin config for: WHBlocker
L 03/25/2015 - 09:14:10: [META] ini: Finished reading plugins list: /home/extazy/Public/cstrike/addons/metamod/plugins.ini; Found 4 plugins
L 03/25/2015 - 09:14:10: [META] dll: Updating plugins...
L 03/25/2015 - 09:14:10: [META] dll: Finished updating 13 plugins; kept 4, loaded 0, unloaded 0, reloaded 0, delayed 0
L 03/25/2015 - 09:14:10: Log file closed
