L 03/20/2015 - 23:53:01: Log file started (file "logs/L0320017.log") (game "cstrike") (version "48/1.6.3.7/Stdio/5787")
L 03/20/2015 - 23:53:01: Loading map "$2000$"
L 03/20/2015 - 23:53:01: Server cvars start
L 03/20/2015 - 23:53:01: Server cvar "_tutor_bomb_viewable_check_interval" = "0.5"
L 03/20/2015 - 23:53:01: Server cvar "_tutor_debug_level" = "0"
L 03/20/2015 - 23:53:01: Server cvar "_tutor_examine_time" = "0.5"
L 03/20/2015 - 23:53:01: Server cvar "_tutor_hint_interval_time" = "10.0"
L 03/20/2015 - 23:53:01: Server cvar "_tutor_look_angle" = "10"
L 03/20/2015 - 23:53:01: Server cvar "_tutor_look_distance" = "200"
L 03/20/2015 - 23:53:01: Server cvar "_tutor_message_character_display_time_coefficient" = "0.07"
L 03/20/2015 - 23:53:01: Server cvar "_tutor_message_minimum_display_time" = "1"
L 03/20/2015 - 23:53:01: Server cvar "_tutor_message_repeats" = "5"
L 03/20/2015 - 23:53:01: Server cvar "_tutor_view_distance" = "1000"
L 03/20/2015 - 23:53:01: Server cvar "aesp_version" = "1.5b_mini"
L 03/20/2015 - 23:53:01: Server cvar "allow_spectators" = "4"
L 03/20/2015 - 23:53:01: Server cvar "amx_client_languages" = "0"
L 03/20/2015 - 23:53:01: Server cvar "amx_contactinfo" = "ICQ: 691322983"
L 03/20/2015 - 23:53:01: Server cvar "amx_language" = "ru"
L 03/20/2015 - 23:53:01: Server cvar "amx_nextmap" = "awp_lol"
L 03/20/2015 - 23:53:01: Server cvar "amx_timeleft" = "24:51"
L 03/20/2015 - 23:53:01: Server cvar "amxbans_ssversion" = "Gm 1.6"
L 03/20/2015 - 23:53:01: Server cvar "amxbans_version" = "Gm 1.6"
L 03/20/2015 - 23:53:01: Server cvar "amxmodx_version" = "1.8.1.3746"
L 03/20/2015 - 23:53:01: Server cvar "Colored Translit Cheat" = "Loaded"
L 03/20/2015 - 23:53:01: Server cvar "Colored Translit Config" = "Loaded"
L 03/20/2015 - 23:53:01: Server cvar "Colored Translit Ignores" = "Loaded"
L 03/20/2015 - 23:53:01: Server cvar "Colored Translit Replace" = "Failed"
L 03/20/2015 - 23:53:01: Server cvar "Colored Translit Spam" = "Loaded"
L 03/20/2015 - 23:53:01: Server cvar "Colored Translit Status" = "Loaded"
L 03/20/2015 - 23:53:01: Server cvar "Colored Translit Swear" = "Loaded"
L 03/20/2015 - 23:53:01: Server cvar "Colored Translit Version" = "2.0b Final"
L 03/20/2015 - 23:53:01: Server cvar "coop" = "0"
L 03/20/2015 - 23:53:01: Server cvar "deathmatch" = "1"
L 03/20/2015 - 23:53:01: Server cvar "decalfrequency" = "9"
L 03/20/2015 - 23:53:01: Server cvar "dp_version" = "0.9.391"
L 03/20/2015 - 23:53:01: Server cvar "edgefriction" = "2"
L 03/20/2015 - 23:53:01: Server cvar "hostage_debug" = "0"
L 03/20/2015 - 23:53:01: Server cvar "hostage_stop" = "0"
L 03/20/2015 - 23:53:01: Server cvar "humans_join_team" = "any"
L 03/20/2015 - 23:53:01: Server cvar "jtp10181" = "chute"
L 03/20/2015 - 23:53:01: Server cvar "max_queries_sec" = "3.0"
L 03/20/2015 - 23:53:01: Server cvar "max_queries_sec_global" = "30"
L 03/20/2015 - 23:53:01: Server cvar "max_queries_window" = "60"
L 03/20/2015 - 23:53:01: Server cvar "metamod_version" = "1.19"
L 03/20/2015 - 23:53:01: Server cvar "mp_allowmonsters" = "0"
L 03/20/2015 - 23:53:01: Server cvar "mp_autokick" = "1"
L 03/20/2015 - 23:53:01: Server cvar "mp_autoteambalance" = "1"
L 03/20/2015 - 23:53:01: Server cvar "mp_buytime" = "1.5"
L 03/20/2015 - 23:53:01: Server cvar "mp_c4timer" = "35"
L 03/20/2015 - 23:53:01: Server cvar "mp_chattime" = "1"
L 03/20/2015 - 23:53:01: Server cvar "mp_consistency" = "1"
L 03/20/2015 - 23:53:01: Server cvar "mp_fadetoblack" = "0"
L 03/20/2015 - 23:53:01: Server cvar "mp_flashlight" = "1"
L 03/20/2015 - 23:53:01: Server cvar "mp_footsteps" = "1"
L 03/20/2015 - 23:53:01: Server cvar "mp_forcecamera" = "0"
L 03/20/2015 - 23:53:01: Server cvar "mp_forcechasecam" = "0"
L 03/20/2015 - 23:53:01: Server cvar "mp_fragsleft" = "0"
L 03/20/2015 - 23:53:01: Server cvar "mp_freezetime" = "5"
L 03/20/2015 - 23:53:01: Server cvar "mp_friendlyfire" = "0"
L 03/20/2015 - 23:53:01: Server cvar "mp_ghostfrequency" = "0.1"
L 03/20/2015 - 23:53:01: Server cvar "mp_hostagepenalty" = "0"
L 03/20/2015 - 23:53:01: Server cvar "mp_kickpercent" = "0.66"
L 03/20/2015 - 23:53:01: Server cvar "mp_limitteams" = "5"
L 03/20/2015 - 23:53:01: Server cvar "mp_logdetail" = "3"
L 03/20/2015 - 23:53:01: Server cvar "mp_logfile" = "1"
L 03/20/2015 - 23:53:01: Server cvar "mp_logmessages" = "1"
L 03/20/2015 - 23:53:01: Server cvar "mp_mapvoteratio" = "0.66"
L 03/20/2015 - 23:53:01: Server cvar "mp_maxrounds" = "0"
L 03/20/2015 - 23:53:01: Server cvar "mp_mirrordamage" = "0"
L 03/20/2015 - 23:53:01: Server cvar "mp_playerid" = "0"
L 03/20/2015 - 23:53:01: Server cvar "mp_roundtime" = "2.57"
L 03/20/2015 - 23:53:01: Server cvar "mp_startmoney" = "800"
L 03/20/2015 - 23:53:01: Server cvar "mp_timeleft" = "0"
L 03/20/2015 - 23:53:01: Server cvar "mp_timelimit" = "30.000000"
L 03/20/2015 - 23:53:01: Server cvar "mp_tkpunish" = "1"
L 03/20/2015 - 23:53:01: Server cvar "mp_windifference" = "1"
L 03/20/2015 - 23:53:01: Server cvar "mp_winlimit" = "0"
L 03/20/2015 - 23:53:01: Server cvar "pausable" = "0"
L 03/20/2015 - 23:53:01: Server cvar "sv_accelerate" = "5"
L 03/20/2015 - 23:53:01: Server cvar "sv_aim" = "0"
L 03/20/2015 - 23:53:01: Server cvar "sv_airaccelerate" = "10"
L 03/20/2015 - 23:53:01: Server cvar "sv_airmove" = "1"
L 03/20/2015 - 23:53:01: Server cvar "sv_allowupload" = "1"
L 03/20/2015 - 23:53:01: Server cvar "sv_alltalk" = "0"
L 03/20/2015 - 23:53:01: Server cvar "sv_bounce" = "1"
L 03/20/2015 - 23:53:01: Server cvar "sv_cheats" = "0"
L 03/20/2015 - 23:53:01: Server cvar "sv_clienttrace" = "1"
L 03/20/2015 - 23:53:01: Server cvar "sv_clipmode" = "0"
L 03/20/2015 - 23:53:01: Server cvar "sv_contact" = ""
L 03/20/2015 - 23:53:01: Server cvar "sv_friction" = "4"
L 03/20/2015 - 23:53:01: Server cvar "sv_gravity" = "800"
L 03/20/2015 - 23:53:01: Server cvar "sv_logblocks" = "0"
L 03/20/2015 - 23:53:01: Server cvar "sv_maxrate" = "50000"
L 03/20/2015 - 23:53:01: Server cvar "sv_maxspeed" = "900"
L 03/20/2015 - 23:53:01: Server cvar "sv_minrate" = "100000"
L 03/20/2015 - 23:53:01: Server cvar "sv_password" = ""
L 03/20/2015 - 23:53:01: Server cvar "sv_proxies" = "0"
L 03/20/2015 - 23:53:01: Server cvar "sv_region" = "255"
L 03/20/2015 - 23:53:01: Server cvar "sv_restart" = "0"
L 03/20/2015 - 23:53:01: Server cvar "sv_restartround" = "0"
L 03/20/2015 - 23:53:01: Server cvar "sv_stepsize" = "18"
L 03/20/2015 - 23:53:01: Server cvar "sv_stopspeed" = "75"
L 03/20/2015 - 23:53:01: Server cvar "sv_uploadmax" = "0.5"
L 03/20/2015 - 23:53:01: Server cvar "sv_voiceenable" = "1"
L 03/20/2015 - 23:53:01: Server cvar "sv_wateraccelerate" = "10"
L 03/20/2015 - 23:53:01: Server cvar "sv_waterfriction" = "1"
L 03/20/2015 - 23:53:01: Server cvar "vtc_version" = "80"
L 03/20/2015 - 23:53:01: Server cvars end
L 03/20/2015 - 23:53:01: Server cvar "amx_nextmap" = "aim_aztec"
L 03/20/2015 - 23:53:01: Server cvar "sv_restart" = "1"
L 03/20/2015 - 23:53:01: World triggered "Restart_Round_(1_second)"
L 03/20/2015 - 23:53:01: Team "CT" scored "0" with "0" players
L 03/20/2015 - 23:53:01: Team "TERRORIST" scored "0" with "0" players
L 03/20/2015 - 23:53:01: Server cvar "sv_restart" = "0"
L 03/20/2015 - 23:53:01: Started map "$2000$" (CRC "-1688392397")
L 03/20/2015 - 23:53:02: [VTC] Player 1 speex
L 03/20/2015 - 23:53:06: World triggered "Round_Start"
L 03/20/2015 - 23:53:36: [DPROTO]: Client 0 - Set AuthIdType 3 [dp_RevEmu]; pClient = 0xb397bf08
L 03/20/2015 - 23:53:36: "[Hard_Skill]_Funny*Apple<241><STEAM_0:4:1364633349><>" connected, address "178.172.241.11:36014"
L 03/20/2015 - 23:53:36: [VTC] Player 1 speex
L 03/20/2015 - 23:53:39: "[Hard_Skill]_Funny*Apple<241><STEAM_0:4:1364633349><>" entered the game
L 03/20/2015 - 23:53:44: "[Hard_Skill]_Funny*Apple<241><STEAM_0:4:1364633349><>" joined team "CT"
L 03/20/2015 - 23:53:47: [DPROTO]: Client 1 - Set AuthIdType 3 [dp_RevEmu]; pClient = 0xb3980dfc
L 03/20/2015 - 23:53:47: "ANGELuHA<242><STEAM_0:4:1436995333><>" connected, address "178.124.17.2:27005"
L 03/20/2015 - 23:53:47: [VTC] Player 2 speex
L 03/20/2015 - 23:53:47: Kick: "ANGELuHA<242><STEAM_0:4:1436995333><>" was kicked by "Console" (message " Вы не имеете права входа на этот сервер...")
L 03/20/2015 - 23:53:51: "[Hard_Skill]_Funny*Apple<241><STEAM_0:4:1364633349><CT>" triggered "weaponstats" (weapon "ak47") (shots "10") (hits "0") (kills "0") (headshots "0") (tks "0") (damage "0") (deaths "0")
L 03/20/2015 - 23:53:51: "[Hard_Skill]_Funny*Apple<241><STEAM_0:4:1364633349><CT>" triggered "weaponstats2" (weapon "ak47") (head "0") (chest "0") (stomach "0") (leftarm "0") (rightarm "0") (leftleg "0") (rightleg "0")
L 03/20/2015 - 23:53:51: "[Hard_Skill]_Funny*Apple<241><STEAM_0:4:1364633349><CT>" triggered "time" (time "0:12")
L 03/20/2015 - 23:53:51: "[Hard_Skill]_Funny*Apple<241><STEAM_0:4:1364633349><CT>" triggered "latency" (ping "0")
L 03/20/2015 - 23:53:51: "[Hard_Skill]_Funny*Apple<241><STEAM_0:4:1364633349><CT>" disconnected
L 03/20/2015 - 23:53:51: World triggered "Round_Draw" (CT "0") (T "0")
L 03/20/2015 - 23:53:51: World triggered "Round_End"
L 03/20/2015 - 23:54:01: World triggered "Round_Start"
L 03/20/2015 - 23:56:20: [DPROTO]: Client 1 - Set AuthIdType 3 [dp_RevEmu]; pClient = 0xb3980dfc
L 03/20/2015 - 23:56:20: "ANGELuHA<243><STEAM_0:4:1436995333><>" connected, address "178.124.17.2:27005"
L 03/20/2015 - 23:56:20: [VTC] Player 2 speex
L 03/20/2015 - 23:56:20: Kick: "ANGELuHA<243><STEAM_0:4:1436995333><>" was kicked by "Console" (message " Вы не имеете права входа на этот сервер...")
L 03/20/2015 - 23:56:52: [DPROTO]: Client 1 - Set AuthIdType 3 [dp_RevEmu]; pClient = 0xb3980dfc
L 03/20/2015 - 23:56:52: "ANGELuHA<244><STEAM_0:4:1436995333><>" connected, address "178.124.17.2:27005"
L 03/20/2015 - 23:56:52: [VTC] Player 2 speex
L 03/20/2015 - 23:56:52: Kick: "ANGELuHA<244><STEAM_0:4:1436995333><>" was kicked by "Console" (message " Вы не имеете права входа на этот сервер...")
L 03/21/2015 - 00:03:30: [DPROTO]: Client 0 - Set AuthIdType 3 [dp_RevEmu]; pClient = 0xb397bf08
L 03/21/2015 - 00:03:30: "vasa<245><STEAM_0:4:1625824206><>" connected, address "37.213.140.104:27005"
L 03/21/2015 - 00:03:30: [VTC] Player 1 speex
L 03/21/2015 - 00:03:46: "vasa<245><STEAM_0:4:1625824206><>" entered the game
L 03/21/2015 - 00:04:08: "vasa<245><STEAM_0:4:1625824206><>" joined team "TERRORIST"
L 03/21/2015 - 00:04:17: "vasa<245><STEAM_0:4:1625824206><TERRORIST>" triggered "weaponstats" (weapon "awp") (shots "1") (hits "0") (kills "0") (headshots "0") (tks "0") (damage "0") (deaths "0")
L 03/21/2015 - 00:04:17: "vasa<245><STEAM_0:4:1625824206><TERRORIST>" triggered "weaponstats2" (weapon "awp") (head "0") (chest "0") (stomach "0") (leftarm "0") (rightarm "0") (leftleg "0") (rightleg "0")
L 03/21/2015 - 00:04:17: "vasa<245><STEAM_0:4:1625824206><TERRORIST>" triggered "time" (time "0:31")
L 03/21/2015 - 00:04:17: "vasa<245><STEAM_0:4:1625824206><TERRORIST>" triggered "latency" (ping "1")
L 03/21/2015 - 00:04:17: "vasa<245><STEAM_0:4:1625824206><TERRORIST>" disconnected
L 03/21/2015 - 00:04:17: World triggered "Round_Draw" (CT "0") (T "0")
L 03/21/2015 - 00:04:17: World triggered "Round_End"
L 03/21/2015 - 00:04:27: World triggered "Round_Start"
L 03/21/2015 - 00:11:29: [DPROTO]: Client 1 - Set AuthIdType 3 [dp_RevEmu]; pClient = 0xb3980dfc
L 03/21/2015 - 00:11:29: "ANGELuHA<246><STEAM_0:4:1436995333><>" connected, address "178.124.17.2:27005"
L 03/21/2015 - 00:11:29: [VTC] Player 2 speex
L 03/21/2015 - 00:11:29: Kick: "ANGELuHA<246><STEAM_0:4:1436995333><>" was kicked by "Console" (message " Вы не имеете права входа на этот сервер...")
L 03/21/2015 - 00:21:18: [META] ini: Begin re-reading plugins list: /home/extazy/Public/cstrike/addons/metamod/plugins.ini
L 03/21/2015 - 00:21:18: [META] ini: Read plugin config for: AMX Mod X
L 03/21/2015 - 00:21:18: [META] ini: Read plugin config for: dproto_EF
L 03/21/2015 - 00:21:18: [META] ini: Read plugin config for: VoiceTranscoder
L 03/21/2015 - 00:21:18: [META] ini: Finished reading plugins list: /home/extazy/Public/cstrike/addons/metamod/plugins.ini; Found 3 plugins
L 03/21/2015 - 00:21:18: [META] dll: Updating plugins...
L 03/21/2015 - 00:21:18: [META] dll: Finished updating 12 plugins; kept 3, loaded 0, unloaded 0, reloaded 0, delayed 0
L 03/21/2015 - 00:21:18: Log file closed
