L 03/21/2015 - 07:28:29: Log file started (file "logs/L0321006.log") (game "cstrike") (version "48/1.6.3.7/Stdio/5787")
L 03/21/2015 - 07:28:29: Loading map "de_dust2_3x3"
L 03/21/2015 - 07:28:29: Server cvars start
L 03/21/2015 - 07:28:29: Server cvar "_tutor_bomb_viewable_check_interval" = "0.5"
L 03/21/2015 - 07:28:29: Server cvar "_tutor_debug_level" = "0"
L 03/21/2015 - 07:28:29: Server cvar "_tutor_examine_time" = "0.5"
L 03/21/2015 - 07:28:29: Server cvar "_tutor_hint_interval_time" = "10.0"
L 03/21/2015 - 07:28:29: Server cvar "_tutor_look_angle" = "10"
L 03/21/2015 - 07:28:29: Server cvar "_tutor_look_distance" = "200"
L 03/21/2015 - 07:28:29: Server cvar "_tutor_message_character_display_time_coefficient" = "0.07"
L 03/21/2015 - 07:28:29: Server cvar "_tutor_message_minimum_display_time" = "1"
L 03/21/2015 - 07:28:29: Server cvar "_tutor_message_repeats" = "5"
L 03/21/2015 - 07:28:29: Server cvar "_tutor_view_distance" = "1000"
L 03/21/2015 - 07:28:29: Server cvar "aesp_version" = "1.5b_mini"
L 03/21/2015 - 07:28:29: Server cvar "allow_spectators" = "4"
L 03/21/2015 - 07:28:29: Server cvar "amx_client_languages" = "0"
L 03/21/2015 - 07:28:29: Server cvar "amx_contactinfo" = "ICQ: 691322983"
L 03/21/2015 - 07:28:29: Server cvar "amx_language" = "ru"
L 03/21/2015 - 07:28:29: Server cvar "amx_nextmap" = "de_dust2_3x3"
L 03/21/2015 - 07:28:29: Server cvar "amx_timeleft" = "01:43"
L 03/21/2015 - 07:28:29: Server cvar "amxbans_ssversion" = "Gm 1.6"
L 03/21/2015 - 07:28:29: Server cvar "amxbans_version" = "Gm 1.6"
L 03/21/2015 - 07:28:29: Server cvar "amxmodx_version" = "1.8.1.3746"
L 03/21/2015 - 07:28:29: Server cvar "Colored Translit Cheat" = "Loaded"
L 03/21/2015 - 07:28:29: Server cvar "Colored Translit Config" = "Loaded"
L 03/21/2015 - 07:28:29: Server cvar "Colored Translit Ignores" = "Loaded"
L 03/21/2015 - 07:28:29: Server cvar "Colored Translit Replace" = "Failed"
L 03/21/2015 - 07:28:29: Server cvar "Colored Translit Spam" = "Loaded"
L 03/21/2015 - 07:28:29: Server cvar "Colored Translit Status" = "Loaded"
L 03/21/2015 - 07:28:29: Server cvar "Colored Translit Swear" = "Loaded"
L 03/21/2015 - 07:28:29: Server cvar "Colored Translit Version" = "2.0b Final"
L 03/21/2015 - 07:28:29: Server cvar "coop" = "0"
L 03/21/2015 - 07:28:29: Server cvar "deathmatch" = "1"
L 03/21/2015 - 07:28:29: Server cvar "decalfrequency" = "9"
L 03/21/2015 - 07:28:29: Server cvar "dp_version" = "0.9.391"
L 03/21/2015 - 07:28:29: Server cvar "edgefriction" = "2"
L 03/21/2015 - 07:28:29: Server cvar "hostage_debug" = "0"
L 03/21/2015 - 07:28:29: Server cvar "hostage_stop" = "0"
L 03/21/2015 - 07:28:29: Server cvar "humans_join_team" = "any"
L 03/21/2015 - 07:28:29: Server cvar "jtp10181" = "chute"
L 03/21/2015 - 07:28:29: Server cvar "max_queries_sec" = "3.0"
L 03/21/2015 - 07:28:29: Server cvar "max_queries_sec_global" = "30"
L 03/21/2015 - 07:28:29: Server cvar "max_queries_window" = "60"
L 03/21/2015 - 07:28:29: Server cvar "metamod_version" = "1.19"
L 03/21/2015 - 07:28:29: Server cvar "mp_allowmonsters" = "0"
L 03/21/2015 - 07:28:29: Server cvar "mp_autokick" = "1"
L 03/21/2015 - 07:28:29: Server cvar "mp_autoteambalance" = "1"
L 03/21/2015 - 07:28:29: Server cvar "mp_buytime" = "1.5"
L 03/21/2015 - 07:28:29: Server cvar "mp_c4timer" = "35"
L 03/21/2015 - 07:28:29: Server cvar "mp_chattime" = "0"
L 03/21/2015 - 07:28:29: Server cvar "mp_consistency" = "1"
L 03/21/2015 - 07:28:29: Server cvar "mp_fadetoblack" = "0"
L 03/21/2015 - 07:28:29: Server cvar "mp_flashlight" = "1"
L 03/21/2015 - 07:28:29: Server cvar "mp_footsteps" = "1"
L 03/21/2015 - 07:28:29: Server cvar "mp_forcecamera" = "0"
L 03/21/2015 - 07:28:29: Server cvar "mp_forcechasecam" = "0"
L 03/21/2015 - 07:28:29: Server cvar "mp_fragsleft" = "0"
L 03/21/2015 - 07:28:29: Server cvar "mp_freezetime" = "5"
L 03/21/2015 - 07:28:29: Server cvar "mp_friendlyfire" = "0"
L 03/21/2015 - 07:28:29: Server cvar "mp_ghostfrequency" = "0.1"
L 03/21/2015 - 07:28:29: Server cvar "mp_hostagepenalty" = "0"
L 03/21/2015 - 07:28:29: Server cvar "mp_kickpercent" = "0.66"
L 03/21/2015 - 07:28:29: Server cvar "mp_limitteams" = "5"
L 03/21/2015 - 07:28:29: Server cvar "mp_logdetail" = "3"
L 03/21/2015 - 07:28:29: Server cvar "mp_logfile" = "1"
L 03/21/2015 - 07:28:29: Server cvar "mp_logmessages" = "1"
L 03/21/2015 - 07:28:29: Server cvar "mp_mapvoteratio" = "0.66"
L 03/21/2015 - 07:28:29: Server cvar "mp_maxrounds" = "0"
L 03/21/2015 - 07:28:29: Server cvar "mp_mirrordamage" = "0"
L 03/21/2015 - 07:28:29: Server cvar "mp_playerid" = "0"
L 03/21/2015 - 07:28:29: Server cvar "mp_roundtime" = "2.57"
L 03/21/2015 - 07:28:29: Server cvar "mp_startmoney" = "800"
L 03/21/2015 - 07:28:29: Server cvar "mp_timeleft" = "0"
L 03/21/2015 - 07:28:29: Server cvar "mp_timelimit" = "30"
L 03/21/2015 - 07:28:29: Server cvar "mp_tkpunish" = "1"
L 03/21/2015 - 07:28:29: Server cvar "mp_windifference" = "1"
L 03/21/2015 - 07:28:29: Server cvar "mp_winlimit" = "0"
L 03/21/2015 - 07:28:29: Server cvar "pausable" = "0"
L 03/21/2015 - 07:28:29: Server cvar "sv_accelerate" = "5"
L 03/21/2015 - 07:28:29: Server cvar "sv_aim" = "0"
L 03/21/2015 - 07:28:29: Server cvar "sv_airaccelerate" = "10"
L 03/21/2015 - 07:28:29: Server cvar "sv_airmove" = "1"
L 03/21/2015 - 07:28:29: Server cvar "sv_allowupload" = "1"
L 03/21/2015 - 07:28:29: Server cvar "sv_alltalk" = "0"
L 03/21/2015 - 07:28:29: Server cvar "sv_bounce" = "1"
L 03/21/2015 - 07:28:29: Server cvar "sv_cheats" = "0"
L 03/21/2015 - 07:28:29: Server cvar "sv_clienttrace" = "1"
L 03/21/2015 - 07:28:29: Server cvar "sv_clipmode" = "0"
L 03/21/2015 - 07:28:29: Server cvar "sv_contact" = ""
L 03/21/2015 - 07:28:29: Server cvar "sv_friction" = "4"
L 03/21/2015 - 07:28:29: Server cvar "sv_gravity" = "800"
L 03/21/2015 - 07:28:29: Server cvar "sv_logblocks" = "0"
L 03/21/2015 - 07:28:29: Server cvar "sv_maxrate" = "50000"
L 03/21/2015 - 07:28:29: Server cvar "sv_maxspeed" = "900"
L 03/21/2015 - 07:28:29: Server cvar "sv_minrate" = "100000"
L 03/21/2015 - 07:28:29: Server cvar "sv_password" = ""
L 03/21/2015 - 07:28:29: Server cvar "sv_proxies" = "0"
L 03/21/2015 - 07:28:29: Server cvar "sv_region" = "255"
L 03/21/2015 - 07:28:29: Server cvar "sv_restart" = "0"
L 03/21/2015 - 07:28:29: Server cvar "sv_restartround" = "0"
L 03/21/2015 - 07:28:29: Server cvar "sv_stepsize" = "18"
L 03/21/2015 - 07:28:29: Server cvar "sv_stopspeed" = "75"
L 03/21/2015 - 07:28:29: Server cvar "sv_uploadmax" = "0.5"
L 03/21/2015 - 07:28:29: Server cvar "sv_voiceenable" = "1"
L 03/21/2015 - 07:28:29: Server cvar "sv_wateraccelerate" = "10"
L 03/21/2015 - 07:28:29: Server cvar "sv_waterfriction" = "1"
L 03/21/2015 - 07:28:29: Server cvar "vtc_version" = "80"
L 03/21/2015 - 07:28:29: Server cvars end
L 03/21/2015 - 07:28:33: Server cvar "amx_nextmap" = "de_inferno_2x2"
L 03/21/2015 - 07:28:33: Server cvar "sv_restart" = "1"
L 03/21/2015 - 07:28:33: World triggered "Restart_Round_(1_second)"
L 03/21/2015 - 07:28:33: Team "CT" scored "0" with "0" players
L 03/21/2015 - 07:28:33: Team "TERRORIST" scored "0" with "0" players
L 03/21/2015 - 07:28:33: Server cvar "sv_restart" = "0"
L 03/21/2015 - 07:28:33: Started map "de_dust2_3x3" (CRC "1202583262")
L 03/21/2015 - 07:28:33: [DPROTO]: Client 0 - Set AuthIdType 3 [dp_RevEmu]; pClient = 0xb398df08
L 03/21/2015 - 07:28:33: "nExT --><2><STEAM_0:4:455036165><>" connected, address "178.120.98.159:8825"
L 03/21/2015 - 07:28:34: [VTC] Player 1 speex
L 03/21/2015 - 07:28:36: "nExT --><2><STEAM_0:4:455036165><>" entered the game
L 03/21/2015 - 07:28:38: "nExT --><2><STEAM_0:4:455036165><>" joined team "CT"
L 03/21/2015 - 07:28:38: World triggered "Round_Start"
L 03/21/2015 - 07:28:39: [DPROTO]: Client 1 - Set AuthIdType 3 [dp_RevEmu]; pClient = 0xb3992dfc
L 03/21/2015 - 07:28:39: "PUSHKIN<3><STEAM_0:4:1536184708><>" connected, address "176.65.124.30:58822"
L 03/21/2015 - 07:28:39: [VTC] Player 2 speex
L 03/21/2015 - 07:29:22: [DPROTO]: Client 1 - Set AuthIdType 3 [dp_RevEmu]; pClient = 0xb3992dfc
L 03/21/2015 - 07:29:22: "PUSHKIN<4><STEAM_0:4:1536184708><>" connected, address "176.65.124.30:58758"
L 03/21/2015 - 07:29:28: [DPROTO]: Client 1 - Set AuthIdType 3 [dp_RevEmu]; pClient = 0xb3992dfc
L 03/21/2015 - 07:29:28: "PUSHKIN<5><STEAM_0:4:1536184708><>" connected, address "176.65.124.30:58758"
L 03/21/2015 - 07:29:29: [VTC] Player 2 speex
L 03/21/2015 - 07:29:33: "PUSHKIN<5><STEAM_0:4:1536184708><>" entered the game
L 03/21/2015 - 07:29:36: "PUSHKIN<5><STEAM_0:4:1536184708><>" joined team "CT"
L 03/21/2015 - 07:29:56: "nExT --><2><STEAM_0:4:455036165><CT>" committed suicide with "world"
L 03/21/2015 - 07:29:56: "nExT --><2><STEAM_0:4:455036165><CT>" joined team "TERRORIST"
L 03/21/2015 - 07:29:56: World triggered "Game_Commencing"
L 03/21/2015 - 07:29:56: World triggered "Game_Commencing" (CT "0") (T "0")
L 03/21/2015 - 07:29:56: World triggered "Round_End"
L 03/21/2015 - 07:29:59: "nExT --><2><STEAM_0:4:455036165><TERRORIST>" triggered "Spawned_With_The_Bomb"
L 03/21/2015 - 07:30:04: World triggered "Round_Start"
L 03/21/2015 - 07:30:25: "PUSHKIN<5><STEAM_0:4:1536184708><CT>" attacked "nExT --><2><STEAM_0:4:455036165><TERRORIST>" with "usp" (damage "32") (damage_armor "0") (health "68") (armor "0")
L 03/21/2015 - 07:30:31: "nExT --><2><STEAM_0:4:455036165><TERRORIST>" attacked "PUSHKIN<5><STEAM_0:4:1536184708><CT>" with "usp" (damage "31") (damage_armor "0") (health "69") (armor "0")
L 03/21/2015 - 07:30:32: "nExT --><2><STEAM_0:4:455036165><TERRORIST>" attacked "PUSHKIN<5><STEAM_0:4:1536184708><CT>" with "usp" (damage "26") (damage_armor "0") (health "43") (armor "0")
L 03/21/2015 - 07:30:33: "nExT --><2><STEAM_0:4:455036165><TERRORIST>" attacked "PUSHKIN<5><STEAM_0:4:1536184708><CT>" with "usp" (damage "26") (damage_armor "0") (health "17") (armor "0")
L 03/21/2015 - 07:30:44: "nExT --><2><STEAM_0:4:455036165><TERRORIST>" attacked "PUSHKIN<5><STEAM_0:4:1536184708><CT>" with "knife" (damage "65") (damage_armor "0") (health "-48") (armor "0")
L 03/21/2015 - 07:30:44: "nExT --><2><STEAM_0:4:455036165><TERRORIST>" killed "PUSHKIN<5><STEAM_0:4:1536184708><CT>" with "knife"
L 03/21/2015 - 07:30:44: Team "TERRORIST" triggered "Terrorists_Win" (CT "0") (T "1")
L 03/21/2015 - 07:30:44: World triggered "Round_End"
L 03/21/2015 - 07:30:49: "nExT --><2><STEAM_0:4:455036165><TERRORIST>" triggered "Spawned_With_The_Bomb"
L 03/21/2015 - 07:30:54: World triggered "Round_Start"
L 03/21/2015 - 07:31:27: "nExT --><2><STEAM_0:4:455036165><TERRORIST>" triggered "Planted_The_Bomb"
L 03/21/2015 - 07:31:46: "nExT --><2><STEAM_0:4:455036165><TERRORIST>" attacked "PUSHKIN<5><STEAM_0:4:1536184708><CT>" with "ak47" (damage "24") (damage_armor "0") (health "76") (armor "0")
L 03/21/2015 - 07:31:46: "PUSHKIN<5><STEAM_0:4:1536184708><CT>" attacked "nExT --><2><STEAM_0:4:455036165><TERRORIST>" with "mp5navy" (damage "11") (damage_armor "0") (health "89") (armor "100")
L 03/21/2015 - 07:31:46: "nExT --><2><STEAM_0:4:455036165><TERRORIST>" attacked "PUSHKIN<5><STEAM_0:4:1536184708><CT>" with "ak47" (damage "33") (damage_armor "0") (health "43") (armor "0")
L 03/21/2015 - 07:31:46: "nExT --><2><STEAM_0:4:455036165><TERRORIST>" attacked "PUSHKIN<5><STEAM_0:4:1536184708><CT>" with "ak47" (damage "33") (damage_armor "0") (health "10") (armor "0")
L 03/21/2015 - 07:31:46: "nExT --><2><STEAM_0:4:455036165><TERRORIST>" attacked "PUSHKIN<5><STEAM_0:4:1536184708><CT>" with "ak47" (damage "33") (damage_armor "0") (health "-23") (armor "0")
L 03/21/2015 - 07:31:46: "nExT --><2><STEAM_0:4:455036165><TERRORIST>" killed "PUSHKIN<5><STEAM_0:4:1536184708><CT>" with "ak47"
L 03/21/2015 - 07:31:46: Team "TERRORIST" triggered "Terrorists_Win" (CT "0") (T "2")
L 03/21/2015 - 07:31:46: World triggered "Round_End"
L 03/21/2015 - 07:31:51: "nExT --><2><STEAM_0:4:455036165><TERRORIST>" triggered "Spawned_With_The_Bomb"
L 03/21/2015 - 07:31:56: World triggered "Round_Start"
L 03/21/2015 - 07:32:17: "nExT --><2><STEAM_0:4:455036165><TERRORIST>" attacked "PUSHKIN<5><STEAM_0:4:1536184708><CT>" with "ak47" (damage "42") (damage_armor "0") (health "58") (armor "0")
L 03/21/2015 - 07:32:17: "nExT --><2><STEAM_0:4:455036165><TERRORIST>" attacked "PUSHKIN<5><STEAM_0:4:1536184708><CT>" with "ak47" (damage "136") (damage_armor "0") (health "-78") (armor "0")
L 03/21/2015 - 07:32:17: "nExT --><2><STEAM_0:4:455036165><TERRORIST>" killed "PUSHKIN<5><STEAM_0:4:1536184708><CT>" with "ak47"
L 03/21/2015 - 07:32:17: Team "TERRORIST" triggered "Terrorists_Win" (CT "0") (T "3")
L 03/21/2015 - 07:32:17: World triggered "Round_End"
L 03/21/2015 - 07:32:22: "nExT --><2><STEAM_0:4:455036165><TERRORIST>" triggered "Spawned_With_The_Bomb"
L 03/21/2015 - 07:32:27: World triggered "Round_Start"
L 03/21/2015 - 07:33:02: "nExT --><2><STEAM_0:4:455036165><TERRORIST>" attacked "PUSHKIN<5><STEAM_0:4:1536184708><CT>" with "ak47" (damage "35") (damage_armor "0") (health "65") (armor "0")
L 03/21/2015 - 07:33:03: "nExT --><2><STEAM_0:4:455036165><TERRORIST>" attacked "PUSHKIN<5><STEAM_0:4:1536184708><CT>" with "ak47" (damage "140") (damage_armor "0") (health "-75") (armor "0")
L 03/21/2015 - 07:33:03: "nExT --><2><STEAM_0:4:455036165><TERRORIST>" killed "PUSHKIN<5><STEAM_0:4:1536184708><CT>" with "ak47"
L 03/21/2015 - 07:33:03: Team "TERRORIST" triggered "Terrorists_Win" (CT "0") (T "4")
L 03/21/2015 - 07:33:03: World triggered "Round_End"
L 03/21/2015 - 07:33:08: "nExT --><2><STEAM_0:4:455036165><TERRORIST>" triggered "Spawned_With_The_Bomb"
L 03/21/2015 - 07:33:13: World triggered "Round_Start"
L 03/21/2015 - 07:33:51: "nExT --><2><STEAM_0:4:455036165><TERRORIST>" triggered "Planted_The_Bomb"
L 03/21/2015 - 07:34:05: "PUSHKIN<5><STEAM_0:4:1536184708><CT>" attacked "nExT --><2><STEAM_0:4:455036165><TERRORIST>" with "famas" (damage "21") (damage_armor "0") (health "79") (armor "100")
L 03/21/2015 - 07:34:05: "PUSHKIN<5><STEAM_0:4:1536184708><CT>" attacked "nExT --><2><STEAM_0:4:455036165><TERRORIST>" with "famas" (damage "21") (damage_armor "0") (health "58") (armor "100")
L 03/21/2015 - 07:34:05: "PUSHKIN<5><STEAM_0:4:1536184708><CT>" attacked "nExT --><2><STEAM_0:4:455036165><TERRORIST>" with "famas" (damage "21") (damage_armor "0") (health "37") (armor "100")
L 03/21/2015 - 07:34:05: "nExT --><2><STEAM_0:4:455036165><TERRORIST>" attacked "PUSHKIN<5><STEAM_0:4:1536184708><CT>" with "ak47" (damage "140") (damage_armor "0") (health "-40") (armor "0")
L 03/21/2015 - 07:34:05: "nExT --><2><STEAM_0:4:455036165><TERRORIST>" killed "PUSHKIN<5><STEAM_0:4:1536184708><CT>" with "ak47"
L 03/21/2015 - 07:34:05: Team "TERRORIST" triggered "Terrorists_Win" (CT "0") (T "5")
L 03/21/2015 - 07:34:05: World triggered "Round_End"
L 03/21/2015 - 07:34:10: "nExT --><2><STEAM_0:4:455036165><TERRORIST>" triggered "Spawned_With_The_Bomb"
L 03/21/2015 - 07:34:15: World triggered "Round_Start"
L 03/21/2015 - 07:34:47: "nExT --><2><STEAM_0:4:455036165><TERRORIST>" attacked "PUSHKIN<5><STEAM_0:4:1536184708><CT>" with "ak47" (damage "34") (damage_armor "0") (health "66") (armor "0")
L 03/21/2015 - 07:34:47: "nExT --><2><STEAM_0:4:455036165><TERRORIST>" attacked "PUSHKIN<5><STEAM_0:4:1536184708><CT>" with "ak47" (damage "34") (damage_armor "0") (health "32") (armor "0")
L 03/21/2015 - 07:34:47: "nExT --><2><STEAM_0:4:455036165><TERRORIST>" attacked "PUSHKIN<5><STEAM_0:4:1536184708><CT>" with "ak47" (damage "136") (damage_armor "0") (health "-104") (armor "0")
L 03/21/2015 - 07:34:47: "nExT --><2><STEAM_0:4:455036165><TERRORIST>" killed "PUSHKIN<5><STEAM_0:4:1536184708><CT>" with "ak47"
L 03/21/2015 - 07:34:47: Team "TERRORIST" triggered "Terrorists_Win" (CT "0") (T "6")
L 03/21/2015 - 07:34:47: World triggered "Round_End"
L 03/21/2015 - 07:34:52: "nExT --><2><STEAM_0:4:455036165><TERRORIST>" triggered "Spawned_With_The_Bomb"
L 03/21/2015 - 07:34:57: World triggered "Round_Start"
L 03/21/2015 - 07:35:25: "nExT --><2><STEAM_0:4:455036165><TERRORIST>" attacked "PUSHKIN<5><STEAM_0:4:1536184708><CT>" with "m4a1" (damage "31") (damage_armor "0") (health "69") (armor "0")
L 03/21/2015 - 07:35:26: "nExT --><2><STEAM_0:4:455036165><TERRORIST>" attacked "PUSHKIN<5><STEAM_0:4:1536184708><CT>" with "m4a1" (damage "31") (damage_armor "0") (health "38") (armor "0")
L 03/21/2015 - 07:35:26: "nExT --><2><STEAM_0:4:455036165><TERRORIST>" attacked "PUSHKIN<5><STEAM_0:4:1536184708><CT>" with "m4a1" (damage "31") (damage_armor "0") (health "7") (armor "0")
L 03/21/2015 - 07:35:26: "nExT --><2><STEAM_0:4:455036165><TERRORIST>" attacked "PUSHKIN<5><STEAM_0:4:1536184708><CT>" with "m4a1" (damage "31") (damage_armor "0") (health "-24") (armor "0")
L 03/21/2015 - 07:35:26: "nExT --><2><STEAM_0:4:455036165><TERRORIST>" killed "PUSHKIN<5><STEAM_0:4:1536184708><CT>" with "m4a1"
L 03/21/2015 - 07:35:26: Team "TERRORIST" triggered "Terrorists_Win" (CT "0") (T "7")
L 03/21/2015 - 07:35:26: World triggered "Round_End"
L 03/21/2015 - 07:35:31: "nExT --><2><STEAM_0:4:455036165><TERRORIST>" triggered "Spawned_With_The_Bomb"
L 03/21/2015 - 07:35:36: World triggered "Round_Start"
L 03/21/2015 - 07:35:47: "nExT --><2><STEAM_0:4:455036165><TERRORIST>" attacked "PUSHKIN<5><STEAM_0:4:1536184708><CT>" with "m4a1" (damage "31") (damage_armor "0") (health "69") (armor "0")
L 03/21/2015 - 07:35:47: "PUSHKIN<5><STEAM_0:4:1536184708><CT>" attacked "nExT --><2><STEAM_0:4:455036165><TERRORIST>" with "m4a1" (damage "21") (damage_armor "5") (health "79") (armor "95")
L 03/21/2015 - 07:35:47: "nExT --><2><STEAM_0:4:455036165><TERRORIST>" attacked "PUSHKIN<5><STEAM_0:4:1536184708><CT>" with "m4a1" (damage "124") (damage_armor "0") (health "-55") (armor "0")
L 03/21/2015 - 07:35:47: "nExT --><2><STEAM_0:4:455036165><TERRORIST>" killed "PUSHKIN<5><STEAM_0:4:1536184708><CT>" with "m4a1"
L 03/21/2015 - 07:35:47: Team "TERRORIST" triggered "Terrorists_Win" (CT "0") (T "8")
L 03/21/2015 - 07:35:47: World triggered "Round_End"
L 03/21/2015 - 07:35:52: "nExT --><2><STEAM_0:4:455036165><TERRORIST>" triggered "Spawned_With_The_Bomb"
L 03/21/2015 - 07:35:57: World triggered "Round_Start"
L 03/21/2015 - 07:36:10: "nExT --><2><STEAM_0:4:455036165><TERRORIST>" attacked "PUSHKIN<5><STEAM_0:4:1536184708><CT>" with "m4a1" (damage "29") (damage_armor "0") (health "71") (armor "0")
L 03/21/2015 - 07:36:10: "nExT --><2><STEAM_0:4:455036165><TERRORIST>" attacked "PUSHKIN<5><STEAM_0:4:1536184708><CT>" with "m4a1" (damage "29") (damage_armor "0") (health "42") (armor "0")
L 03/21/2015 - 07:36:10: "nExT --><2><STEAM_0:4:455036165><TERRORIST>" attacked "PUSHKIN<5><STEAM_0:4:1536184708><CT>" with "m4a1" (damage "116") (damage_armor "0") (health "-74") (armor "0")
L 03/21/2015 - 07:36:10: "nExT --><2><STEAM_0:4:455036165><TERRORIST>" killed "PUSHKIN<5><STEAM_0:4:1536184708><CT>" with "m4a1"
L 03/21/2015 - 07:36:10: Team "TERRORIST" triggered "Terrorists_Win" (CT "0") (T "9")
L 03/21/2015 - 07:36:10: World triggered "Round_End"
L 03/21/2015 - 07:36:15: "nExT --><2><STEAM_0:4:455036165><TERRORIST>" triggered "Spawned_With_The_Bomb"
L 03/21/2015 - 07:36:20: World triggered "Round_Start"
L 03/21/2015 - 07:36:27: "PUSHKIN<5><STEAM_0:4:1536184708><CT>" attacked "nExT --><2><STEAM_0:4:455036165><TERRORIST>" with "m4a1" (damage "116") (damage_armor "0") (health "-16") (armor "95")
L 03/21/2015 - 07:36:27: "PUSHKIN<5><STEAM_0:4:1536184708><CT>" killed "nExT --><2><STEAM_0:4:455036165><TERRORIST>" with "m4a1"
L 03/21/2015 - 07:36:27: Team "CT" triggered "CTs_Win" (CT "1") (T "9")
L 03/21/2015 - 07:36:27: World triggered "Round_End"
L 03/21/2015 - 07:36:32: "nExT --><2><STEAM_0:4:455036165><TERRORIST>" triggered "Spawned_With_The_Bomb"
L 03/21/2015 - 07:36:37: World triggered "Round_Start"
L 03/21/2015 - 07:36:42: "nExT --><2><STEAM_0:4:455036165><TERRORIST>" attacked "PUSHKIN<5><STEAM_0:4:1536184708><CT>" with "awp" (damage "106") (damage_armor "2") (health "-6") (armor "98")
L 03/21/2015 - 07:36:42: "nExT --><2><STEAM_0:4:455036165><TERRORIST>" killed "PUSHKIN<5><STEAM_0:4:1536184708><CT>" with "awp"
L 03/21/2015 - 07:36:42: Team "TERRORIST" triggered "Terrorists_Win" (CT "1") (T "10")
L 03/21/2015 - 07:36:42: World triggered "Round_End"
L 03/21/2015 - 07:36:47: "nExT --><2><STEAM_0:4:455036165><TERRORIST>" triggered "Spawned_With_The_Bomb"
L 03/21/2015 - 07:36:52: World triggered "Round_Start"
L 03/21/2015 - 07:37:38: "nExT --><2><STEAM_0:4:455036165><TERRORIST>" attacked "PUSHKIN<5><STEAM_0:4:1536184708><CT>" with "awp" (damage "85") (damage_armor "0") (health "15") (armor "0")
L 03/21/2015 - 07:37:38: "PUSHKIN<5><STEAM_0:4:1536184708><CT>" attacked "nExT --><2><STEAM_0:4:455036165><TERRORIST>" with "m4a1" (damage "31") (damage_armor "0") (health "69") (armor "0")
L 03/21/2015 - 07:37:38: "PUSHKIN<5><STEAM_0:4:1536184708><CT>" attacked "nExT --><2><STEAM_0:4:455036165><TERRORIST>" with "m4a1" (damage "31") (damage_armor "0") (health "38") (armor "0")
L 03/21/2015 - 07:37:38: "PUSHKIN<5><STEAM_0:4:1536184708><CT>" attacked "nExT --><2><STEAM_0:4:455036165><TERRORIST>" with "m4a1" (damage "38") (damage_armor "0") (health "0") (armor "0")
L 03/21/2015 - 07:37:38: "PUSHKIN<5><STEAM_0:4:1536184708><CT>" killed "nExT --><2><STEAM_0:4:455036165><TERRORIST>" with "m4a1"
L 03/21/2015 - 07:37:38: Team "CT" triggered "CTs_Win" (CT "2") (T "10")
L 03/21/2015 - 07:37:38: World triggered "Round_End"
L 03/21/2015 - 07:37:43: "nExT --><2><STEAM_0:4:455036165><TERRORIST>" triggered "Spawned_With_The_Bomb"
L 03/21/2015 - 07:37:48: World triggered "Round_Start"
L 03/21/2015 - 07:38:08: "nExT --><2><STEAM_0:4:455036165><TERRORIST>" attacked "PUSHKIN<5><STEAM_0:4:1536184708><CT>" with "deagle" (damage "40") (damage_armor "0") (health "60") (armor "0")
L 03/21/2015 - 07:38:08: "nExT --><2><STEAM_0:4:455036165><TERRORIST>" attacked "PUSHKIN<5><STEAM_0:4:1536184708><CT>" with "deagle" (damage "41") (damage_armor "0") (health "19") (armor "0")
L 03/21/2015 - 07:38:08: "PUSHKIN<5><STEAM_0:4:1536184708><CT>" attacked "nExT --><2><STEAM_0:4:455036165><TERRORIST>" with "usp" (damage "100") (damage_armor "0") (health "-10") (armor "0")
L 03/21/2015 - 07:38:08: "PUSHKIN<5><STEAM_0:4:1536184708><CT>" killed "nExT --><2><STEAM_0:4:455036165><TERRORIST>" with "usp"
L 03/21/2015 - 07:38:08: Team "CT" triggered "CTs_Win" (CT "3") (T "10")
L 03/21/2015 - 07:38:08: World triggered "Round_End"
L 03/21/2015 - 07:38:14: "nExT --><2><STEAM_0:4:455036165><TERRORIST>" triggered "Spawned_With_The_Bomb"
L 03/21/2015 - 07:38:19: World triggered "Round_Start"
L 03/21/2015 - 07:38:36: "PUSHKIN<5><STEAM_0:4:1536184708><CT>" attacked "nExT --><2><STEAM_0:4:455036165><TERRORIST>" with "m4a1" (damage "15") (damage_armor "0") (health "85") (armor "0")
L 03/21/2015 - 07:38:36: "nExT --><2><STEAM_0:4:455036165><TERRORIST>" attacked "PUSHKIN<5><STEAM_0:4:1536184708><CT>" with "deagle" (damage "135") (damage_armor "23") (health "-35") (armor "77")
L 03/21/2015 - 07:38:36: "nExT --><2><STEAM_0:4:455036165><TERRORIST>" killed "PUSHKIN<5><STEAM_0:4:1536184708><CT>" with "deagle"
L 03/21/2015 - 07:38:36: Team "TERRORIST" triggered "Terrorists_Win" (CT "3") (T "11")
L 03/21/2015 - 07:38:36: World triggered "Round_End"
L 03/21/2015 - 07:38:41: "nExT --><2><STEAM_0:4:455036165><TERRORIST>" triggered "Spawned_With_The_Bomb"
L 03/21/2015 - 07:38:46: World triggered "Round_Start"
L 03/21/2015 - 07:39:11: "PUSHKIN<5><STEAM_0:4:1536184708><CT>" attacked "nExT --><2><STEAM_0:4:455036165><TERRORIST>" with "m4a1" (damage "22") (damage_armor "0") (health "78") (armor "0")
L 03/21/2015 - 07:39:11: "PUSHKIN<5><STEAM_0:4:1536184708><CT>" attacked "nExT --><2><STEAM_0:4:455036165><TERRORIST>" with "m4a1" (damage "30") (damage_armor "0") (health "48") (armor "0")
L 03/21/2015 - 07:39:11: "PUSHKIN<5><STEAM_0:4:1536184708><CT>" attacked "nExT --><2><STEAM_0:4:455036165><TERRORIST>" with "m4a1" (damage "120") (damage_armor "0") (health "-72") (armor "0")
L 03/21/2015 - 07:39:11: "PUSHKIN<5><STEAM_0:4:1536184708><CT>" killed "nExT --><2><STEAM_0:4:455036165><TERRORIST>" with "m4a1"
L 03/21/2015 - 07:39:11: Team "CT" triggered "CTs_Win" (CT "4") (T "11")
L 03/21/2015 - 07:39:11: World triggered "Round_End"
L 03/21/2015 - 07:39:16: "nExT --><2><STEAM_0:4:455036165><TERRORIST>" triggered "Spawned_With_The_Bomb"
L 03/21/2015 - 07:39:21: World triggered "Round_Start"
L 03/21/2015 - 07:40:02: "PUSHKIN<5><STEAM_0:4:1536184708><CT>" attacked "nExT --><2><STEAM_0:4:455036165><TERRORIST>" with "m4a1" (damage "23") (damage_armor "0") (health "77") (armor "0")
L 03/21/2015 - 07:40:03: "PUSHKIN<5><STEAM_0:4:1536184708><CT>" attacked "nExT --><2><STEAM_0:4:455036165><TERRORIST>" with "m4a1" (damage "31") (damage_armor "0") (health "46") (armor "0")
L 03/21/2015 - 07:40:03: "PUSHKIN<5><STEAM_0:4:1536184708><CT>" attacked "nExT --><2><STEAM_0:4:455036165><TERRORIST>" with "m4a1" (damage "31") (damage_armor "0") (health "15") (armor "0")
L 03/21/2015 - 07:40:03: "PUSHKIN<5><STEAM_0:4:1536184708><CT>" attacked "nExT --><2><STEAM_0:4:455036165><TERRORIST>" with "m4a1" (damage "31") (damage_armor "0") (health "-16") (armor "0")
L 03/21/2015 - 07:40:03: "PUSHKIN<5><STEAM_0:4:1536184708><CT>" killed "nExT --><2><STEAM_0:4:455036165><TERRORIST>" with "m4a1"
L 03/21/2015 - 07:40:03: Team "CT" triggered "CTs_Win" (CT "5") (T "11")
L 03/21/2015 - 07:40:03: World triggered "Round_End"
L 03/21/2015 - 07:40:08: "nExT --><2><STEAM_0:4:455036165><TERRORIST>" triggered "Spawned_With_The_Bomb"
L 03/21/2015 - 07:40:13: World triggered "Round_Start"
L 03/21/2015 - 07:40:29: "PUSHKIN<5><STEAM_0:4:1536184708><CT>" attacked "nExT --><2><STEAM_0:4:455036165><TERRORIST>" with "m4a1" (damage "23") (damage_armor "0") (health "77") (armor "100")
L 03/21/2015 - 07:40:29: "PUSHKIN<5><STEAM_0:4:1536184708><CT>" attacked "nExT --><2><STEAM_0:4:455036165><TERRORIST>" with "m4a1" (damage "23") (damage_armor "0") (health "54") (armor "100")
L 03/21/2015 - 07:40:29: "PUSHKIN<5><STEAM_0:4:1536184708><CT>" attacked "nExT --><2><STEAM_0:4:455036165><TERRORIST>" with "m4a1" (damage "23") (damage_armor "0") (health "31") (armor "100")
L 03/21/2015 - 07:40:29: "nExT --><2><STEAM_0:4:455036165><TERRORIST>" attacked "PUSHKIN<5><STEAM_0:4:1536184708><CT>" with "ak47" (damage "33") (damage_armor "5") (health "67") (armor "95")
L 03/21/2015 - 07:40:29: "PUSHKIN<5><STEAM_0:4:1536184708><CT>" attacked "nExT --><2><STEAM_0:4:455036165><TERRORIST>" with "m4a1" (damage "21") (damage_armor "5") (health "10") (armor "95")
L 03/21/2015 - 07:40:30: "PUSHKIN<5><STEAM_0:4:1536184708><CT>" attacked "nExT --><2><STEAM_0:4:455036165><TERRORIST>" with "m4a1" (damage "21") (damage_armor "5") (health "-11") (armor "90")
L 03/21/2015 - 07:40:30: "PUSHKIN<5><STEAM_0:4:1536184708><CT>" killed "nExT --><2><STEAM_0:4:455036165><TERRORIST>" with "m4a1"
L 03/21/2015 - 07:40:30: Team "CT" triggered "CTs_Win" (CT "6") (T "11")
L 03/21/2015 - 07:40:30: World triggered "Round_End"
L 03/21/2015 - 07:40:35: "nExT --><2><STEAM_0:4:455036165><TERRORIST>" triggered "Spawned_With_The_Bomb"
L 03/21/2015 - 07:40:40: World triggered "Round_Start"
L 03/21/2015 - 07:40:59: "nExT --><2><STEAM_0:4:455036165><TERRORIST>" attacked "PUSHKIN<5><STEAM_0:4:1536184708><CT>" with "ak47" (damage "27") (damage_armor "4") (health "73") (armor "91")
L 03/21/2015 - 07:40:59: "nExT --><2><STEAM_0:4:455036165><TERRORIST>" attacked "PUSHKIN<5><STEAM_0:4:1536184708><CT>" with "ak47" (damage "27") (damage_armor "4") (health "46") (armor "87")
L 03/21/2015 - 07:41:00: "nExT --><2><STEAM_0:4:455036165><TERRORIST>" attacked "PUSHKIN<5><STEAM_0:4:1536184708><CT>" with "ak47" (damage "27") (damage_armor "4") (health "19") (armor "83")
L 03/21/2015 - 07:41:00: "nExT --><2><STEAM_0:4:455036165><TERRORIST>" attacked "PUSHKIN<5><STEAM_0:4:1536184708><CT>" with "ak47" (damage "27") (damage_armor "4") (health "-8") (armor "79")
L 03/21/2015 - 07:41:00: "nExT --><2><STEAM_0:4:455036165><TERRORIST>" killed "PUSHKIN<5><STEAM_0:4:1536184708><CT>" with "ak47"
L 03/21/2015 - 07:41:00: Team "TERRORIST" triggered "Terrorists_Win" (CT "6") (T "12")
L 03/21/2015 - 07:41:00: World triggered "Round_End"
L 03/21/2015 - 07:41:05: "nExT --><2><STEAM_0:4:455036165><TERRORIST>" triggered "Spawned_With_The_Bomb"
L 03/21/2015 - 07:41:10: World triggered "Round_Start"
L 03/21/2015 - 07:41:40: "PUSHKIN<5><STEAM_0:4:1536184708><CT>" attacked "nExT --><2><STEAM_0:4:455036165><TERRORIST>" with "m4a1" (damage "21") (damage_armor "4") (health "51") (armor "81")
L 03/21/2015 - 07:41:40: "PUSHKIN<5><STEAM_0:4:1536184708><CT>" attacked "nExT --><2><STEAM_0:4:455036165><TERRORIST>" with "m4a1" (damage "21") (damage_armor "5") (health "30") (armor "76")
L 03/21/2015 - 07:41:40: "PUSHKIN<5><STEAM_0:4:1536184708><CT>" attacked "nExT --><2><STEAM_0:4:455036165><TERRORIST>" with "m4a1" (damage "23") (damage_armor "0") (health "7") (armor "76")
L 03/21/2015 - 07:41:41: "PUSHKIN<5><STEAM_0:4:1536184708><CT>" attacked "nExT --><2><STEAM_0:4:455036165><TERRORIST>" with "m4a1" (damage "21") (damage_armor "5") (health "-14") (armor "71")
L 03/21/2015 - 07:41:41: "PUSHKIN<5><STEAM_0:4:1536184708><CT>" killed "nExT --><2><STEAM_0:4:455036165><TERRORIST>" with "m4a1"
L 03/21/2015 - 07:41:41: Team "CT" triggered "CTs_Win" (CT "7") (T "12")
L 03/21/2015 - 07:41:41: World triggered "Round_End"
L 03/21/2015 - 07:41:46: "nExT --><2><STEAM_0:4:455036165><TERRORIST>" triggered "Spawned_With_The_Bomb"
L 03/21/2015 - 07:41:51: World triggered "Round_Start"
L 03/21/2015 - 07:42:14: "PUSHKIN<5><STEAM_0:4:1536184708><CT>" attacked "nExT --><2><STEAM_0:4:455036165><TERRORIST>" with "ak47" (damage "27") (damage_armor "4") (health "73") (armor "96")
L 03/21/2015 - 07:42:15: "nExT --><2><STEAM_0:4:455036165><TERRORIST>" attacked "PUSHKIN<5><STEAM_0:4:1536184708><CT>" with "ak47" (damage "33") (damage_armor "5") (health "29") (armor "75")
L 03/21/2015 - 07:42:16: "nExT --><2><STEAM_0:4:455036165><TERRORIST>" attacked "PUSHKIN<5><STEAM_0:4:1536184708><CT>" with "ak47" (damage "26") (damage_armor "0") (health "3") (armor "75")
L 03/21/2015 - 07:42:16: "nExT --><2><STEAM_0:4:455036165><TERRORIST>" attacked "PUSHKIN<5><STEAM_0:4:1536184708><CT>" with "ak47" (damage "27") (damage_armor "4") (health "-24") (armor "71")
L 03/21/2015 - 07:42:16: "nExT --><2><STEAM_0:4:455036165><TERRORIST>" killed "PUSHKIN<5><STEAM_0:4:1536184708><CT>" with "ak47"
L 03/21/2015 - 07:42:16: Team "TERRORIST" triggered "Terrorists_Win" (CT "7") (T "13")
L 03/21/2015 - 07:42:16: World triggered "Round_End"
L 03/21/2015 - 07:42:21: "nExT --><2><STEAM_0:4:455036165><TERRORIST>" triggered "Spawned_With_The_Bomb"
L 03/21/2015 - 07:42:26: World triggered "Round_Start"
L 03/21/2015 - 07:42:53: "PUSHKIN<5><STEAM_0:4:1536184708><CT>" attacked "nExT --><2><STEAM_0:4:455036165><TERRORIST>" with "m4a1" (damage "9") (damage_armor "3") (health "83") (armor "89")
L 03/21/2015 - 07:42:53: "PUSHKIN<5><STEAM_0:4:1536184708><CT>" attacked "nExT --><2><STEAM_0:4:455036165><TERRORIST>" with "m4a1" (damage "10") (damage_armor "0") (health "73") (armor "89")
L 03/21/2015 - 07:42:53: "PUSHKIN<5><STEAM_0:4:1536184708><CT>" attacked "nExT --><2><STEAM_0:4:455036165><TERRORIST>" with "m4a1" (damage "10") (damage_armor "0") (health "63") (armor "89")
L 03/21/2015 - 07:42:53: "PUSHKIN<5><STEAM_0:4:1536184708><CT>" attacked "nExT --><2><STEAM_0:4:455036165><TERRORIST>" with "m4a1" (damage "10") (damage_armor "0") (health "53") (armor "89")
L 03/21/2015 - 07:42:53: "PUSHKIN<5><STEAM_0:4:1536184708><CT>" attacked "nExT --><2><STEAM_0:4:455036165><TERRORIST>" with "m4a1" (damage "10") (damage_armor "0") (health "43") (armor "89")
L 03/21/2015 - 07:42:54: "PUSHKIN<5><STEAM_0:4:1536184708><CT>" attacked "nExT --><2><STEAM_0:4:455036165><TERRORIST>" with "m4a1" (damage "9") (damage_armor "2") (health "34") (armor "87")
L 03/21/2015 - 07:42:54: "PUSHKIN<5><STEAM_0:4:1536184708><CT>" attacked "nExT --><2><STEAM_0:4:455036165><TERRORIST>" with "m4a1" (damage "12") (damage_armor "2") (health "22") (armor "85")
L 03/21/2015 - 07:42:54: "PUSHKIN<5><STEAM_0:4:1536184708><CT>" attacked "nExT --><2><STEAM_0:4:455036165><TERRORIST>" with "m4a1" (damage "12") (damage_armor "3") (health "10") (armor "82")
L 03/21/2015 - 07:42:54: "PUSHKIN<5><STEAM_0:4:1536184708><CT>" attacked "nExT --><2><STEAM_0:4:455036165><TERRORIST>" with "m4a1" (damage "9") (damage_armor "2") (health "1") (armor "80")
L 03/21/2015 - 07:42:54: "PUSHKIN<5><STEAM_0:4:1536184708><CT>" attacked "nExT --><2><STEAM_0:4:455036165><TERRORIST>" with "m4a1" (damage "12") (damage_armor "3") (health "-11") (armor "77")
L 03/21/2015 - 07:42:54: "PUSHKIN<5><STEAM_0:4:1536184708><CT>" killed "nExT --><2><STEAM_0:4:455036165><TERRORIST>" with "m4a1"
L 03/21/2015 - 07:42:54: Team "CT" triggered "CTs_Win" (CT "8") (T "13")
L 03/21/2015 - 07:42:54: World triggered "Round_End"
L 03/21/2015 - 07:42:59: "nExT --><2><STEAM_0:4:455036165><TERRORIST>" triggered "Spawned_With_The_Bomb"
L 03/21/2015 - 07:43:04: World triggered "Round_Start"
L 03/21/2015 - 07:43:23: "nExT --><2><STEAM_0:4:455036165><TERRORIST>" attacked "PUSHKIN<5><STEAM_0:4:1536184708><CT>" with "deagle" (damage "35") (damage_armor "6") (health "65") (armor "94")
L 03/21/2015 - 07:43:23: "PUSHKIN<5><STEAM_0:4:1536184708><CT>" attacked "nExT --><2><STEAM_0:4:455036165><TERRORIST>" with "m4a1" (damage "31") (damage_armor "0") (health "69") (armor "0")
L 03/21/2015 - 07:43:23: "PUSHKIN<5><STEAM_0:4:1536184708><CT>" attacked "nExT --><2><STEAM_0:4:455036165><TERRORIST>" with "m4a1" (damage "31") (damage_armor "0") (health "38") (armor "0")
L 03/21/2015 - 07:43:23: "PUSHKIN<5><STEAM_0:4:1536184708><CT>" attacked "nExT --><2><STEAM_0:4:455036165><TERRORIST>" with "m4a1" (damage "124") (damage_armor "0") (health "-86") (armor "0")
L 03/21/2015 - 07:43:23: "PUSHKIN<5><STEAM_0:4:1536184708><CT>" killed "nExT --><2><STEAM_0:4:455036165><TERRORIST>" with "m4a1"
L 03/21/2015 - 07:43:23: Team "CT" triggered "CTs_Win" (CT "9") (T "13")
L 03/21/2015 - 07:43:23: World triggered "Round_End"
L 03/21/2015 - 07:43:28: "nExT --><2><STEAM_0:4:455036165><TERRORIST>" triggered "Spawned_With_The_Bomb"
L 03/21/2015 - 07:43:33: World triggered "Round_Start"
L 03/21/2015 - 07:43:50: "nExT --><2><STEAM_0:4:455036165><TERRORIST>" attacked "PUSHKIN<5><STEAM_0:4:1536184708><CT>" with "usp" (damage "13") (damage_armor "7") (health "87") (armor "87")
L 03/21/2015 - 07:43:50: "nExT --><2><STEAM_0:4:455036165><TERRORIST>" attacked "PUSHKIN<5><STEAM_0:4:1536184708><CT>" with "usp" (damage "13") (damage_armor "7") (health "74") (armor "80")
L 03/21/2015 - 07:43:51: "PUSHKIN<5><STEAM_0:4:1536184708><CT>" attacked "nExT --><2><STEAM_0:4:455036165><TERRORIST>" with "m4a1" (damage "23") (damage_armor "0") (health "74") (armor "0")
L 03/21/2015 - 07:43:52: "PUSHKIN<5><STEAM_0:4:1536184708><CT>" attacked "nExT --><2><STEAM_0:4:455036165><TERRORIST>" with "m4a1" (damage "14") (damage_armor "0") (health "60") (armor "0")
L 03/21/2015 - 07:43:52: "PUSHKIN<5><STEAM_0:4:1536184708><CT>" attacked "nExT --><2><STEAM_0:4:455036165><TERRORIST>" with "m4a1" (damage "56") (damage_armor "0") (health "4") (armor "0")
L 03/21/2015 - 07:44:05: "nExT --><2><STEAM_0:4:455036165><TERRORIST>" triggered "Dropped_The_Bomb"
L 03/21/2015 - 07:44:16: "nExT --><2><STEAM_0:4:455036165><TERRORIST>" attacked "PUSHKIN<5><STEAM_0:4:1536184708><CT>" with "usp" (damage "11") (damage_armor "5") (health "63") (armor "75")
L 03/21/2015 - 07:44:16: "nExT --><2><STEAM_0:4:455036165><TERRORIST>" attacked "PUSHKIN<5><STEAM_0:4:1536184708><CT>" with "usp" (damage "11") (damage_armor "6") (health "52") (armor "69")
L 03/21/2015 - 07:44:17: "nExT --><2><STEAM_0:4:455036165><TERRORIST>" attacked "PUSHKIN<5><STEAM_0:4:1536184708><CT>" with "usp" (damage "11") (damage_armor "5") (health "41") (armor "64")
L 03/21/2015 - 07:44:17: "nExT --><2><STEAM_0:4:455036165><TERRORIST>" attacked "PUSHKIN<5><STEAM_0:4:1536184708><CT>" with "usp" (damage "11") (damage_armor "6") (health "30") (armor "58")
L 03/21/2015 - 07:44:18: "nExT --><2><STEAM_0:4:455036165><TERRORIST>" attacked "PUSHKIN<5><STEAM_0:4:1536184708><CT>" with "usp" (damage "13") (damage_armor "7") (health "17") (armor "51")
L 03/21/2015 - 07:44:18: "nExT --><2><STEAM_0:4:455036165><TERRORIST>" attacked "PUSHKIN<5><STEAM_0:4:1536184708><CT>" with "usp" (damage "16") (damage_armor "0") (health "1") (armor "51")
L 03/21/2015 - 07:44:18: "PUSHKIN<5><STEAM_0:4:1536184708><CT>" attacked "nExT --><2><STEAM_0:4:455036165><TERRORIST>" with "m4a1" (damage "22") (damage_armor "0") (health "-18") (armor "0")
L 03/21/2015 - 07:44:18: "PUSHKIN<5><STEAM_0:4:1536184708><CT>" killed "nExT --><2><STEAM_0:4:455036165><TERRORIST>" with "m4a1"
L 03/21/2015 - 07:44:18: Team "CT" triggered "CTs_Win" (CT "10") (T "13")
L 03/21/2015 - 07:44:18: World triggered "Round_End"
L 03/21/2015 - 07:44:23: "nExT --><2><STEAM_0:4:455036165><TERRORIST>" triggered "Spawned_With_The_Bomb"
L 03/21/2015 - 07:44:28: World triggered "Round_Start"
L 03/21/2015 - 07:44:33: "nExT --><2><STEAM_0:4:455036165><TERRORIST>" triggered "Dropped_The_Bomb"
L 03/21/2015 - 07:44:40: "nExT --><2><STEAM_0:4:455036165><TERRORIST>" attacked "PUSHKIN<5><STEAM_0:4:1536184708><CT>" with "usp" (damage "12") (damage_armor "7") (health "88") (armor "93")
L 03/21/2015 - 07:44:40: "PUSHKIN<5><STEAM_0:4:1536184708><CT>" attacked "nExT --><2><STEAM_0:4:455036165><TERRORIST>" with "m4a1" (damage "31") (damage_armor "0") (health "69") (armor "0")
L 03/21/2015 - 07:44:40: "PUSHKIN<5><STEAM_0:4:1536184708><CT>" attacked "nExT --><2><STEAM_0:4:455036165><TERRORIST>" with "m4a1" (damage "23") (damage_armor "0") (health "46") (armor "0")
L 03/21/2015 - 07:44:40: "PUSHKIN<5><STEAM_0:4:1536184708><CT>" attacked "nExT --><2><STEAM_0:4:455036165><TERRORIST>" with "m4a1" (damage "38") (damage_armor "0") (health "8") (armor "0")
L 03/21/2015 - 07:44:40: "PUSHKIN<5><STEAM_0:4:1536184708><CT>" attacked "nExT --><2><STEAM_0:4:455036165><TERRORIST>" with "m4a1" (damage "31") (damage_armor "0") (health "-23") (armor "0")
L 03/21/2015 - 07:44:40: "PUSHKIN<5><STEAM_0:4:1536184708><CT>" killed "nExT --><2><STEAM_0:4:455036165><TERRORIST>" with "m4a1"
L 03/21/2015 - 07:44:40: Team "CT" triggered "CTs_Win" (CT "11") (T "13")
L 03/21/2015 - 07:44:40: World triggered "Round_End"
L 03/21/2015 - 07:44:45: "nExT --><2><STEAM_0:4:455036165><TERRORIST>" triggered "Spawned_With_The_Bomb"
L 03/21/2015 - 07:44:50: World triggered "Round_Start"
L 03/21/2015 - 07:44:57: "nExT --><2><STEAM_0:4:455036165><TERRORIST>" attacked "PUSHKIN<5><STEAM_0:4:1536184708><CT>" with "ak47" (damage "12") (damage_armor "2") (health "88") (armor "91")
L 03/21/2015 - 07:44:57: "nExT --><2><STEAM_0:4:455036165><TERRORIST>" attacked "PUSHKIN<5><STEAM_0:4:1536184708><CT>" with "ak47" (damage "12") (damage_armor "1") (health "76") (armor "90")
L 03/21/2015 - 07:44:58: "nExT --><2><STEAM_0:4:455036165><TERRORIST>" attacked "PUSHKIN<5><STEAM_0:4:1536184708><CT>" with "ak47" (damage "15") (damage_armor "3") (health "61") (armor "87")
L 03/21/2015 - 07:44:58: "PUSHKIN<5><STEAM_0:4:1536184708><CT>" attacked "nExT --><2><STEAM_0:4:455036165><TERRORIST>" with "m4a1" (damage "9") (damage_armor "2") (health "91") (armor "98")
L 03/21/2015 - 07:44:58: "nExT --><2><STEAM_0:4:455036165><TERRORIST>" attacked "PUSHKIN<5><STEAM_0:4:1536184708><CT>" with "ak47" (damage "12") (damage_armor "1") (health "49") (armor "86")
L 03/21/2015 - 07:45:01: "nExT --><2><STEAM_0:4:455036165><TERRORIST>" attacked "PUSHKIN<5><STEAM_0:4:1536184708><CT>" with "ak47" (damage "31") (damage_armor "5") (health "18") (armor "81")
L 03/21/2015 - 07:45:01: "PUSHKIN<5><STEAM_0:4:1536184708><CT>" attacked "nExT --><2><STEAM_0:4:455036165><TERRORIST>" with "m4a1" (damage "75") (damage_armor "17") (health "16") (armor "81")
L 03/21/2015 - 07:45:02: "nExT --><2><STEAM_0:4:455036165><TERRORIST>" attacked "PUSHKIN<5><STEAM_0:4:1536184708><CT>" with "ak47" (damage "25") (damage_armor "4") (health "-7") (armor "77")
L 03/21/2015 - 07:45:02: "nExT --><2><STEAM_0:4:455036165><TERRORIST>" killed "PUSHKIN<5><STEAM_0:4:1536184708><CT>" with "ak47"
L 03/21/2015 - 07:45:02: Team "TERRORIST" triggered "Terrorists_Win" (CT "11") (T "14")
L 03/21/2015 - 07:45:02: World triggered "Round_End"
L 03/21/2015 - 07:45:07: "nExT --><2><STEAM_0:4:455036165><TERRORIST>" triggered "Spawned_With_The_Bomb"
L 03/21/2015 - 07:45:12: World triggered "Round_Start"
L 03/21/2015 - 07:45:18: "nExT --><2><STEAM_0:4:455036165><TERRORIST>" attacked "PUSHKIN<5><STEAM_0:4:1536184708><CT>" with "ak47" (damage "12") (damage_armor "0") (health "88") (armor "100")
L 03/21/2015 - 07:45:20: "nExT --><2><STEAM_0:4:455036165><TERRORIST>" attacked "PUSHKIN<5><STEAM_0:4:1536184708><CT>" with "ak47" (damage "11") (damage_armor "2") (health "77") (armor "98")
L 03/21/2015 - 07:45:20: "nExT --><2><STEAM_0:4:455036165><TERRORIST>" attacked "PUSHKIN<5><STEAM_0:4:1536184708><CT>" with "ak47" (damage "25") (damage_armor "4") (health "52") (armor "94")
L 03/21/2015 - 07:45:20: "PUSHKIN<5><STEAM_0:4:1536184708><CT>" attacked "nExT --><2><STEAM_0:4:455036165><TERRORIST>" with "m4a1" (damage "11") (damage_armor "2") (health "89") (armor "79")
L 03/21/2015 - 07:45:21: "PUSHKIN<5><STEAM_0:4:1536184708><CT>" attacked "nExT --><2><STEAM_0:4:455036165><TERRORIST>" with "m4a1" (damage "11") (damage_armor "3") (health "78") (armor "76")
L 03/21/2015 - 07:45:21: "nExT --><2><STEAM_0:4:455036165><TERRORIST>" attacked "PUSHKIN<5><STEAM_0:4:1536184708><CT>" with "ak47" (damage "25") (damage_armor "4") (health "27") (armor "90")
L 03/21/2015 - 07:45:22: "nExT --><2><STEAM_0:4:455036165><TERRORIST>" attacked "PUSHKIN<5><STEAM_0:4:1536184708><CT>" with "ak47" (damage "12") (damage_armor "1") (health "15") (armor "89")
L 03/21/2015 - 07:45:22: "nExT --><2><STEAM_0:4:455036165><TERRORIST>" attacked "PUSHKIN<5><STEAM_0:4:1536184708><CT>" with "ak47" (damage "12") (damage_armor "2") (health "3") (armor "87")
L 03/21/2015 - 07:45:40: "PUSHKIN<5><STEAM_0:4:1536184708><CT>" attacked "nExT --><2><STEAM_0:4:455036165><TERRORIST>" with "m4a1" (damage "21") (damage_armor "4") (health "57") (armor "72")
L 03/21/2015 - 07:45:40: "PUSHKIN<5><STEAM_0:4:1536184708><CT>" attacked "nExT --><2><STEAM_0:4:455036165><TERRORIST>" with "m4a1" (damage "21") (damage_armor "5") (health "36") (armor "67")
L 03/21/2015 - 07:45:40: "nExT --><2><STEAM_0:4:455036165><TERRORIST>" attacked "PUSHKIN<5><STEAM_0:4:1536184708><CT>" with "ak47" (damage "27") (damage_armor "4") (health "-24") (armor "83")
L 03/21/2015 - 07:45:40: "nExT --><2><STEAM_0:4:455036165><TERRORIST>" killed "PUSHKIN<5><STEAM_0:4:1536184708><CT>" with "ak47"
L 03/21/2015 - 07:45:40: Team "TERRORIST" triggered "Terrorists_Win" (CT "11") (T "15")
L 03/21/2015 - 07:45:40: World triggered "Round_End"
L 03/21/2015 - 07:45:45: "nExT --><2><STEAM_0:4:455036165><TERRORIST>" triggered "Spawned_With_The_Bomb"
L 03/21/2015 - 07:45:50: World triggered "Round_Start"
L 03/21/2015 - 07:46:13: "nExT --><2><STEAM_0:4:455036165><TERRORIST>" attacked "PUSHKIN<5><STEAM_0:4:1536184708><CT>" with "m4a1" (damage "10") (damage_armor "3") (health "90") (armor "97")
L 03/21/2015 - 07:46:14: "nExT --><2><STEAM_0:4:455036165><TERRORIST>" attacked "PUSHKIN<5><STEAM_0:4:1536184708><CT>" with "m4a1" (damage "11") (damage_armor "0") (health "79") (armor "97")
L 03/21/2015 - 07:46:22: "PUSHKIN<5><STEAM_0:4:1536184708><CT>" attacked "nExT --><2><STEAM_0:4:455036165><TERRORIST>" with "m4a1" (damage "21") (damage_armor "5") (health "52") (armor "55")
L 03/21/2015 - 07:46:22: "PUSHKIN<5><STEAM_0:4:1536184708><CT>" attacked "nExT --><2><STEAM_0:4:455036165><TERRORIST>" with "m4a1" (damage "21") (damage_armor "4") (health "31") (armor "51")
L 03/21/2015 - 07:46:22: "PUSHKIN<5><STEAM_0:4:1536184708><CT>" attacked "nExT --><2><STEAM_0:4:455036165><TERRORIST>" with "m4a1" (damage "21") (damage_armor "5") (health "10") (armor "46")
L 03/21/2015 - 07:46:22: "PUSHKIN<5><STEAM_0:4:1536184708><CT>" attacked "nExT --><2><STEAM_0:4:455036165><TERRORIST>" with "m4a1" (damage "21") (damage_armor "5") (health "-11") (armor "41")
L 03/21/2015 - 07:46:22: "PUSHKIN<5><STEAM_0:4:1536184708><CT>" killed "nExT --><2><STEAM_0:4:455036165><TERRORIST>" with "m4a1"
L 03/21/2015 - 07:46:22: Team "CT" triggered "CTs_Win" (CT "12") (T "15")
L 03/21/2015 - 07:46:22: World triggered "Round_End"
L 03/21/2015 - 07:46:27: "nExT --><2><STEAM_0:4:455036165><TERRORIST>" triggered "Spawned_With_The_Bomb"
L 03/21/2015 - 07:46:30: "nExT --><2><STEAM_0:4:455036165><TERRORIST>" triggered "Dropped_The_Bomb"
L 03/21/2015 - 07:46:32: World triggered "Round_Start"
L 03/21/2015 - 07:46:46: "PUSHKIN<5><STEAM_0:4:1536184708><CT>" attacked "nExT --><2><STEAM_0:4:455036165><TERRORIST>" with "m4a1" (damage "27") (damage_armor "6") (health "73") (armor "94")
L 03/21/2015 - 07:46:46: "nExT --><2><STEAM_0:4:455036165><TERRORIST>" attacked "PUSHKIN<5><STEAM_0:4:1536184708><CT>" with "deagle" (damage "33") (damage_armor "5") (health "67") (armor "92")
L 03/21/2015 - 07:46:47: "nExT --><2><STEAM_0:4:455036165><TERRORIST>" attacked "PUSHKIN<5><STEAM_0:4:1536184708><CT>" with "deagle" (damage "32") (damage_armor "6") (health "35") (armor "86")
L 03/21/2015 - 07:46:47: "PUSHKIN<5><STEAM_0:4:1536184708><CT>" attacked "nExT --><2><STEAM_0:4:455036165><TERRORIST>" with "m4a1" (damage "21") (damage_armor "5") (health "52") (armor "89")
L 03/21/2015 - 07:46:47: "PUSHKIN<5><STEAM_0:4:1536184708><CT>" attacked "nExT --><2><STEAM_0:4:455036165><TERRORIST>" with "m4a1" (damage "21") (damage_armor "5") (health "31") (armor "84")
L 03/21/2015 - 07:46:47: "PUSHKIN<5><STEAM_0:4:1536184708><CT>" attacked "nExT --><2><STEAM_0:4:455036165><TERRORIST>" with "m4a1" (damage "21") (damage_armor "4") (health "10") (armor "80")
L 03/21/2015 - 07:46:47: "nExT --><2><STEAM_0:4:455036165><TERRORIST>" attacked "PUSHKIN<5><STEAM_0:4:1536184708><CT>" with "deagle" (damage "32") (damage_armor "5") (health "3") (armor "81")
L 03/21/2015 - 07:46:47: "PUSHKIN<5><STEAM_0:4:1536184708><CT>" attacked "nExT --><2><STEAM_0:4:455036165><TERRORIST>" with "m4a1" (damage "21") (damage_armor "5") (health "-11") (armor "75")
L 03/21/2015 - 07:46:47: "PUSHKIN<5><STEAM_0:4:1536184708><CT>" killed "nExT --><2><STEAM_0:4:455036165><TERRORIST>" with "m4a1"
L 03/21/2015 - 07:46:47: Team "CT" triggered "CTs_Win" (CT "13") (T "15")
L 03/21/2015 - 07:46:47: World triggered "Round_End"
L 03/21/2015 - 07:46:52: "nExT --><2><STEAM_0:4:455036165><TERRORIST>" triggered "Spawned_With_The_Bomb"
L 03/21/2015 - 07:46:57: World triggered "Round_Start"
L 03/21/2015 - 07:47:24: "nExT --><2><STEAM_0:4:455036165><TERRORIST>" attacked "PUSHKIN<5><STEAM_0:4:1536184708><CT>" with "deagle" (damage "34") (damage_armor "6") (health "66") (armor "75")
L 03/21/2015 - 07:47:24: "nExT --><2><STEAM_0:4:455036165><TERRORIST>" attacked "PUSHKIN<5><STEAM_0:4:1536184708><CT>" with "deagle" (damage "35") (damage_armor "6") (health "31") (armor "69")
L 03/21/2015 - 07:47:24: "PUSHKIN<5><STEAM_0:4:1536184708><CT>" attacked "nExT --><2><STEAM_0:4:455036165><TERRORIST>" with "m4a1" (damage "86") (damage_armor "18") (health "-6") (armor "79")
L 03/21/2015 - 07:47:24: "PUSHKIN<5><STEAM_0:4:1536184708><CT>" killed "nExT --><2><STEAM_0:4:455036165><TERRORIST>" with "m4a1"
L 03/21/2015 - 07:47:24: Team "CT" triggered "CTs_Win" (CT "14") (T "15")
L 03/21/2015 - 07:47:24: World triggered "Round_End"
L 03/21/2015 - 07:47:29: "nExT --><2><STEAM_0:4:455036165><TERRORIST>" triggered "Spawned_With_The_Bomb"
L 03/21/2015 - 07:47:34: World triggered "Round_Start"
L 03/21/2015 - 07:47:40: "PUSHKIN<5><STEAM_0:4:1536184708><CT>" attacked "nExT --><2><STEAM_0:4:455036165><TERRORIST>" with "m4a1" (damage "18") (damage_armor "5") (health "82") (armor "95")
L 03/21/2015 - 07:47:40: "PUSHKIN<5><STEAM_0:4:1536184708><CT>" attacked "nExT --><2><STEAM_0:4:455036165><TERRORIST>" with "m4a1" (damage "18") (damage_armor "4") (health "64") (armor "91")
L 03/21/2015 - 07:47:40: "nExT --><2><STEAM_0:4:455036165><TERRORIST>" attacked "PUSHKIN<5><STEAM_0:4:1536184708><CT>" with "ak47" (damage "11") (damage_armor "1") (health "89") (armor "68")
L 03/21/2015 - 07:47:41: "nExT --><2><STEAM_0:4:455036165><TERRORIST>" attacked "PUSHKIN<5><STEAM_0:4:1536184708><CT>" with "ak47" (damage "12") (damage_armor "2") (health "77") (armor "66")
L 03/21/2015 - 07:47:42: "nExT --><2><STEAM_0:4:455036165><TERRORIST>" attacked "PUSHKIN<5><STEAM_0:4:1536184708><CT>" with "ak47" (damage "12") (damage_armor "0") (health "65") (armor "66")
L 03/21/2015 - 07:48:14: "PUSHKIN<5><STEAM_0:4:1536184708><CT>" attacked "nExT --><2><STEAM_0:4:455036165><TERRORIST>" with "m4a1" (damage "12") (damage_armor "2") (health "52") (armor "89")
L 03/21/2015 - 07:48:14: "PUSHKIN<5><STEAM_0:4:1536184708><CT>" attacked "nExT --><2><STEAM_0:4:455036165><TERRORIST>" with "m4a1" (damage "23") (damage_armor "0") (health "29") (armor "89")
L 03/21/2015 - 07:48:14: "PUSHKIN<5><STEAM_0:4:1536184708><CT>" attacked "nExT --><2><STEAM_0:4:455036165><TERRORIST>" with "m4a1" (damage "23") (damage_armor "0") (health "6") (armor "89")
L 03/21/2015 - 07:48:14: "PUSHKIN<5><STEAM_0:4:1536184708><CT>" attacked "nExT --><2><STEAM_0:4:455036165><TERRORIST>" with "m4a1" (damage "23") (damage_armor "0") (health "-17") (armor "89")
L 03/21/2015 - 07:48:14: "PUSHKIN<5><STEAM_0:4:1536184708><CT>" killed "nExT --><2><STEAM_0:4:455036165><TERRORIST>" with "m4a1"
L 03/21/2015 - 07:48:14: Team "CT" triggered "CTs_Win" (CT "15") (T "15")
L 03/21/2015 - 07:48:14: World triggered "Round_End"
L 03/21/2015 - 07:48:19: "nExT --><2><STEAM_0:4:455036165><TERRORIST>" triggered "Spawned_With_The_Bomb"
L 03/21/2015 - 07:48:24: World triggered "Round_Start"
L 03/21/2015 - 07:48:31: "nExT --><2><STEAM_0:4:455036165><TERRORIST>" attacked "PUSHKIN<5><STEAM_0:4:1536184708><CT>" with "awp" (damage "432") (damage_armor "6") (health "-332") (armor "60")
L 03/21/2015 - 07:48:31: "nExT --><2><STEAM_0:4:455036165><TERRORIST>" killed "PUSHKIN<5><STEAM_0:4:1536184708><CT>" with "awp"
L 03/21/2015 - 07:48:31: Team "TERRORIST" triggered "Terrorists_Win" (CT "15") (T "16")
L 03/21/2015 - 07:48:31: World triggered "Round_End"
L 03/21/2015 - 07:48:36: "nExT --><2><STEAM_0:4:455036165><TERRORIST>" triggered "Spawned_With_The_Bomb"
L 03/21/2015 - 07:48:37: Server cvar "amx_nextmap" = "awp_india"
L 03/21/2015 - 07:48:37: Server cvar "mp_timelimit" = "0.000000"
L 03/21/2015 - 07:48:41: Server cvar "mp_timelimit" = "0.010000"
L 03/21/2015 - 07:48:41: World triggered "Round_Start"
L 03/21/2015 - 07:48:41: Team "CT" scored "15" with "1" players
L 03/21/2015 - 07:48:41: Team "TERRORIST" scored "16" with "1" players
L 03/21/2015 - 07:48:41: Server cvar "mp_chattime" = "2"
L 03/21/2015 - 07:48:41: Server cvar "mp_chattime" = "3.000000"
L 03/21/2015 - 07:48:41: Server cvar "mp_chattime" = "1"
L 03/21/2015 - 07:48:41: "nExT --><2><STEAM_0:4:455036165><TERRORIST>" triggered "weaponstats" (weapon "grenade") (shots "1") (hits "0") (kills "0") (headshots "0") (tks "0") (damage "0") (deaths "0")
L 03/21/2015 - 07:48:41: "nExT --><2><STEAM_0:4:455036165><TERRORIST>" triggered "weaponstats2" (weapon "grenade") (head "0") (chest "0") (stomach "0") (leftarm "0") (rightarm "0") (leftleg "0") (rightleg "0")
L 03/21/2015 - 07:48:41: "nExT --><2><STEAM_0:4:455036165><TERRORIST>" triggered "weaponstats" (weapon "usp") (shots "56") (hits "12") (kills "0") (headshots "0") (tks "0") (damage "194") (deaths "2")
L 03/21/2015 - 07:48:41: "nExT --><2><STEAM_0:4:455036165><TERRORIST>" triggered "weaponstats2" (weapon "usp") (head "0") (chest "4") (stomach "2") (leftarm "4") (rightarm "1") (leftleg "1") (rightleg "0")
L 03/21/2015 - 07:48:41: "nExT --><2><STEAM_0:4:455036165><TERRORIST>" triggered "weaponstats" (weapon "awp") (shots "16") (hits "3") (kills "2") (headshots "1") (tks "0") (damage "623") (deaths "0")
L 03/21/2015 - 07:48:41: "nExT --><2><STEAM_0:4:455036165><TERRORIST>" triggered "weaponstats2" (weapon "awp") (head "1") (chest "0") (stomach "0") (leftarm "1") (rightarm "0") (leftleg "0") (rightleg "1")
L 03/21/2015 - 07:48:41: "nExT --><2><STEAM_0:4:455036165><TERRORIST>" triggered "weaponstats" (weapon "m4a1") (shots "87") (hits "11") (kills "3") (headshots "2") (tks "0") (damage "474") (deaths "2")
L 03/21/2015 - 07:48:41: "nExT --><2><STEAM_0:4:455036165><TERRORIST>" triggered "weaponstats2" (weapon "m4a1") (head "2") (chest "0") (stomach "0") (leftarm "7") (rightarm "1") (leftleg "0") (rightleg "1")
L 03/21/2015 - 07:48:41: "nExT --><2><STEAM_0:4:455036165><TERRORIST>" triggered "weaponstats" (weapon "deagle") (shots "30") (hits "9") (kills "1") (headshots "1") (tks "0") (damage "417") (deaths "8")
L 03/21/2015 - 07:48:41: "nExT --><2><STEAM_0:4:455036165><TERRORIST>" triggered "weaponstats2" (weapon "deagle") (head "1") (chest "4") (stomach "0") (leftarm "3") (rightarm "1") (leftleg "0") (rightleg "0")
L 03/21/2015 - 07:48:41: "nExT --><2><STEAM_0:4:455036165><TERRORIST>" triggered "weaponstats" (weapon "ak47") (shots "249") (hits "36") (kills "9") (headshots "4") (tks "0") (damage "1313") (deaths "3")
L 03/21/2015 - 07:48:41: "nExT --><2><STEAM_0:4:455036165><TERRORIST>" triggered "weaponstats2" (weapon "ak47") (head "4") (chest "6") (stomach "5") (leftarm "12") (rightarm "5") (leftleg "2") (rightleg "2")
L 03/21/2015 - 07:48:41: "nExT --><2><STEAM_0:4:455036165><TERRORIST>" triggered "weaponstats" (weapon "knife") (shots "20") (hits "1") (kills "1") (headshots "0") (tks "0") (damage "65") (deaths "0")
L 03/21/2015 - 07:48:41: "nExT --><2><STEAM_0:4:455036165><TERRORIST>" triggered "weaponstats2" (weapon "knife") (head "0") (chest "0") (stomach "0") (leftarm "0") (rightarm "0") (leftleg "0") (rightleg "0")
L 03/21/2015 - 07:48:41: "nExT --><2><STEAM_0:4:455036165><TERRORIST>" triggered "time" (time "20:05")
L 03/21/2015 - 07:48:41: "nExT --><2><STEAM_0:4:455036165><TERRORIST>" triggered "latency" (ping "41")
L 03/21/2015 - 07:48:41: "PUSHKIN<5><STEAM_0:4:1536184708><CT>" triggered "weaponstats" (weapon "grenade") (shots "7") (hits "3") (kills "0") (headshots "0") (tks "0") (damage "46") (deaths "0")
L 03/21/2015 - 07:48:41: "PUSHKIN<5><STEAM_0:4:1536184708><CT>" triggered "weaponstats2" (weapon "grenade") (head "0") (chest "0") (stomach "0") (leftarm "0") (rightarm "0") (leftleg "0") (rightleg "0")
L 03/21/2015 - 07:48:41: "PUSHKIN<5><STEAM_0:4:1536184708><CT>" triggered "weaponstats" (weapon "famas") (shots "5") (hits "3") (kills "0") (headshots "0") (tks "0") (damage "63") (deaths "2")
L 03/21/2015 - 07:48:41: "PUSHKIN<5><STEAM_0:4:1536184708><CT>" triggered "weaponstats2" (weapon "famas") (head "0") (chest "0") (stomach "0") (leftarm "0") (rightarm "0") (leftleg "2") (rightleg "1")
L 03/21/2015 - 07:48:41: "PUSHKIN<5><STEAM_0:4:1536184708><CT>" triggered "weaponstats" (weapon "usp") (shots "28") (hits "2") (kills "1") (headshots "1") (tks "0") (damage "132") (deaths "0")
L 03/21/2015 - 07:48:41: "PUSHKIN<5><STEAM_0:4:1536184708><CT>" triggered "weaponstats2" (weapon "usp") (head "1") (chest "0") (stomach "1") (leftarm "0") (rightarm "0") (leftleg "0") (rightleg "0")
L 03/21/2015 - 07:48:41: "PUSHKIN<5><STEAM_0:4:1536184708><CT>" triggered "weaponstats" (weapon "awp") (shots "2") (hits "0") (kills "0") (headshots "0") (tks "0") (damage "0") (deaths "0")
L 03/21/2015 - 07:48:41: "PUSHKIN<5><STEAM_0:4:1536184708><CT>" triggered "weaponstats2" (weapon "awp") (head "0") (chest "0") (stomach "0") (leftarm "0") (rightarm "0") (leftleg "0") (rightleg "0")
L 03/21/2015 - 07:48:41: "PUSHKIN<5><STEAM_0:4:1536184708><CT>" triggered "weaponstats" (weapon "mp5navy") (shots "15") (hits "1") (kills "0") (headshots "0") (tks "0") (damage "11") (deaths "2")
L 03/21/2015 - 07:48:41: "PUSHKIN<5><STEAM_0:4:1536184708><CT>" triggered "weaponstats2" (weapon "mp5navy") (head "0") (chest "0") (stomach "0") (leftarm "0") (rightarm "0") (leftleg "1") (rightleg "0")
L 03/21/2015 - 07:48:41: "PUSHKIN<5><STEAM_0:4:1536184708><CT>" triggered "weaponstats" (weapon "m4a1") (shots "460") (hits "64") (kills "14") (headshots "4") (tks "0") (damage "1810") (deaths "8")
L 03/21/2015 - 07:48:41: "PUSHKIN<5><STEAM_0:4:1536184708><CT>" triggered "weaponstats2" (weapon "m4a1") (head "6") (chest "8") (stomach "9") (leftarm "17") (rightarm "9") (leftleg "5") (rightleg "10")
L 03/21/2015 - 07:48:41: "PUSHKIN<5><STEAM_0:4:1536184708><CT>" triggered "weaponstats" (weapon "ak47") (shots "18") (hits "1") (kills "0") (headshots "0") (tks "0") (damage "27") (deaths "3")
L 03/21/2015 - 07:48:41: "PUSHKIN<5><STEAM_0:4:1536184708><CT>" triggered "weaponstats2" (weapon "ak47") (head "0") (chest "0") (stomach "0") (leftarm "1") (rightarm "0") (leftleg "0") (rightleg "0")
L 03/21/2015 - 07:48:41: "PUSHKIN<5><STEAM_0:4:1536184708><CT>" triggered "weaponstats" (weapon "knife") (shots "8") (hits "0") (kills "0") (headshots "0") (tks "0") (damage "0") (deaths "1")
L 03/21/2015 - 07:48:41: "PUSHKIN<5><STEAM_0:4:1536184708><CT>" triggered "weaponstats2" (weapon "knife") (head "0") (chest "0") (stomach "0") (leftarm "0") (rightarm "0") (leftleg "0") (rightleg "0")
L 03/21/2015 - 07:48:41: "PUSHKIN<5><STEAM_0:4:1536184708><CT>" triggered "time" (time "19:08")
L 03/21/2015 - 07:48:41: "PUSHKIN<5><STEAM_0:4:1536184708><CT>" triggered "latency" (ping "58")
L 03/21/2015 - 07:48:41: Server cvar "mp_timelimit" = "30.000000"
L 03/21/2015 - 07:48:41: [META] ini: Begin re-reading plugins list: /home/extazy/Public/cstrike/addons/metamod/plugins.ini
L 03/21/2015 - 07:48:41: [META] ini: Read plugin config for: AMX Mod X
L 03/21/2015 - 07:48:41: [META] ini: Read plugin config for: dproto_EF
L 03/21/2015 - 07:48:41: [META] ini: Read plugin config for: VoiceTranscoder
L 03/21/2015 - 07:48:41: [META] ini: Finished reading plugins list: /home/extazy/Public/cstrike/addons/metamod/plugins.ini; Found 3 plugins
L 03/21/2015 - 07:48:41: [META] dll: Updating plugins...
L 03/21/2015 - 07:48:41: [META] dll: Finished updating 12 plugins; kept 3, loaded 0, unloaded 0, reloaded 0, delayed 0
L 03/21/2015 - 07:48:41: Log file closed
