L 04/04/2015 - 10:04:21: Log file started (file "logs/L0404014.log") (game "cstrike") (version "48/1.6.3.7/Stdio/5787")
L 04/04/2015 - 10:04:21: Loading map "$2000$"
L 04/04/2015 - 10:04:21: Server cvars start
L 04/04/2015 - 10:04:21: Server cvar "_tutor_bomb_viewable_check_interval" = "0.5"
L 04/04/2015 - 10:04:21: Server cvar "_tutor_debug_level" = "0"
L 04/04/2015 - 10:04:21: Server cvar "_tutor_examine_time" = "0.5"
L 04/04/2015 - 10:04:21: Server cvar "_tutor_hint_interval_time" = "10.0"
L 04/04/2015 - 10:04:21: Server cvar "_tutor_look_angle" = "10"
L 04/04/2015 - 10:04:21: Server cvar "_tutor_look_distance" = "200"
L 04/04/2015 - 10:04:21: Server cvar "_tutor_message_character_display_time_coefficient" = "0.07"
L 04/04/2015 - 10:04:21: Server cvar "_tutor_message_minimum_display_time" = "1"
L 04/04/2015 - 10:04:21: Server cvar "_tutor_message_repeats" = "5"
L 04/04/2015 - 10:04:21: Server cvar "_tutor_view_distance" = "1000"
L 04/04/2015 - 10:04:21: Server cvar "aesp_version" = "1.5b_mini"
L 04/04/2015 - 10:04:21: Server cvar "allow_spectators" = "4"
L 04/04/2015 - 10:04:21: Server cvar "amx_client_languages" = "0"
L 04/04/2015 - 10:04:21: Server cvar "amx_contactinfo" = "ICQ: 691322983"
L 04/04/2015 - 10:04:21: Server cvar "amx_language" = "ru"
L 04/04/2015 - 10:04:21: Server cvar "amx_nextmap" = "awp_india2"
L 04/04/2015 - 10:04:21: Server cvar "amx_timeleft" = "16:46"
L 04/04/2015 - 10:04:21: Server cvar "amxbans_ssversion" = "Gm 1.6"
L 04/04/2015 - 10:04:21: Server cvar "amxbans_version" = "Gm 1.6"
L 04/04/2015 - 10:04:21: Server cvar "amxmodx_version" = "1.8.1.3746"
L 04/04/2015 - 10:04:21: Server cvar "Colored Translit Cheat" = "Loaded"
L 04/04/2015 - 10:04:21: Server cvar "Colored Translit Config" = "Loaded"
L 04/04/2015 - 10:04:21: Server cvar "Colored Translit Ignores" = "Loaded"
L 04/04/2015 - 10:04:21: Server cvar "Colored Translit Replace" = "Failed"
L 04/04/2015 - 10:04:21: Server cvar "Colored Translit Spam" = "Loaded"
L 04/04/2015 - 10:04:21: Server cvar "Colored Translit Status" = "Loaded"
L 04/04/2015 - 10:04:21: Server cvar "Colored Translit Swear" = "Loaded"
L 04/04/2015 - 10:04:21: Server cvar "Colored Translit Version" = "2.0b Final"
L 04/04/2015 - 10:04:21: Server cvar "coop" = "0"
L 04/04/2015 - 10:04:21: Server cvar "deathmatch" = "1"
L 04/04/2015 - 10:04:21: Server cvar "decalfrequency" = "9"
L 04/04/2015 - 10:04:21: Server cvar "dp_version" = "0.9.391"
L 04/04/2015 - 10:04:21: Server cvar "edgefriction" = "2"
L 04/04/2015 - 10:04:21: Server cvar "hostage_debug" = "0"
L 04/04/2015 - 10:04:21: Server cvar "hostage_stop" = "0"
L 04/04/2015 - 10:04:21: Server cvar "humans_join_team" = "any"
L 04/04/2015 - 10:04:21: Server cvar "jtp10181" = "chute,gore"
L 04/04/2015 - 10:04:21: Server cvar "max_queries_sec" = "3.0"
L 04/04/2015 - 10:04:21: Server cvar "max_queries_sec_global" = "30"
L 04/04/2015 - 10:04:21: Server cvar "max_queries_window" = "60"
L 04/04/2015 - 10:04:21: Server cvar "metamod_version" = "1.19"
L 04/04/2015 - 10:04:21: Server cvar "mp_allowmonsters" = "0"
L 04/04/2015 - 10:04:21: Server cvar "mp_autokick" = "1"
L 04/04/2015 - 10:04:21: Server cvar "mp_autoteambalance" = "1"
L 04/04/2015 - 10:04:21: Server cvar "mp_buytime" = "1.5"
L 04/04/2015 - 10:04:21: Server cvar "mp_c4timer" = "35"
L 04/04/2015 - 10:04:21: Server cvar "mp_chattime" = "0"
L 04/04/2015 - 10:04:21: Server cvar "mp_consistency" = "1"
L 04/04/2015 - 10:04:21: Server cvar "mp_fadetoblack" = "0"
L 04/04/2015 - 10:04:21: Server cvar "mp_flashlight" = "1"
L 04/04/2015 - 10:04:21: Server cvar "mp_footsteps" = "1"
L 04/04/2015 - 10:04:21: Server cvar "mp_forcecamera" = "0"
L 04/04/2015 - 10:04:21: Server cvar "mp_forcechasecam" = "0"
L 04/04/2015 - 10:04:21: Server cvar "mp_fragsleft" = "0"
L 04/04/2015 - 10:04:21: Server cvar "mp_freezetime" = "5"
L 04/04/2015 - 10:04:21: Server cvar "mp_friendlyfire" = "0"
L 04/04/2015 - 10:04:21: Server cvar "mp_ghostfrequency" = "0.1"
L 04/04/2015 - 10:04:21: Server cvar "mp_hostagepenalty" = "0"
L 04/04/2015 - 10:04:21: Server cvar "mp_kickpercent" = "0.66"
L 04/04/2015 - 10:04:21: Server cvar "mp_limitteams" = "5"
L 04/04/2015 - 10:04:21: Server cvar "mp_logdetail" = "3"
L 04/04/2015 - 10:04:21: Server cvar "mp_logfile" = "1"
L 04/04/2015 - 10:04:21: Server cvar "mp_logmessages" = "1"
L 04/04/2015 - 10:04:21: Server cvar "mp_mapvoteratio" = "0.66"
L 04/04/2015 - 10:04:21: Server cvar "mp_maxrounds" = "0"
L 04/04/2015 - 10:04:21: Server cvar "mp_mirrordamage" = "0"
L 04/04/2015 - 10:04:21: Server cvar "mp_playerid" = "0"
L 04/04/2015 - 10:04:21: Server cvar "mp_roundtime" = "2.57"
L 04/04/2015 - 10:04:21: Server cvar "mp_startmoney" = "800"
L 04/04/2015 - 10:04:21: Server cvar "mp_timeleft" = "0"
L 04/04/2015 - 10:04:21: Server cvar "mp_timelimit" = "30"
L 04/04/2015 - 10:04:21: Server cvar "mp_tkpunish" = "1"
L 04/04/2015 - 10:04:21: Server cvar "mp_windifference" = "1"
L 04/04/2015 - 10:04:21: Server cvar "mp_winlimit" = "0"
L 04/04/2015 - 10:04:21: Server cvar "pausable" = "0"
L 04/04/2015 - 10:04:21: Server cvar "redirect_version" = "1.0.3"
L 04/04/2015 - 10:04:21: Server cvar "sv_accelerate" = "5"
L 04/04/2015 - 10:04:21: Server cvar "sv_aim" = "0"
L 04/04/2015 - 10:04:21: Server cvar "sv_airaccelerate" = "10"
L 04/04/2015 - 10:04:21: Server cvar "sv_airmove" = "1"
L 04/04/2015 - 10:04:21: Server cvar "sv_allowupload" = "1"
L 04/04/2015 - 10:04:21: Server cvar "sv_alltalk" = "0"
L 04/04/2015 - 10:04:21: Server cvar "sv_bounce" = "1"
L 04/04/2015 - 10:04:21: Server cvar "sv_cheats" = "0"
L 04/04/2015 - 10:04:21: Server cvar "sv_clienttrace" = "1"
L 04/04/2015 - 10:04:21: Server cvar "sv_clipmode" = "0"
L 04/04/2015 - 10:04:21: Server cvar "sv_contact" = ""
L 04/04/2015 - 10:04:21: Server cvar "sv_friction" = "4"
L 04/04/2015 - 10:04:21: Server cvar "sv_gravity" = "800"
L 04/04/2015 - 10:04:21: Server cvar "sv_logblocks" = "0"
L 04/04/2015 - 10:04:21: Server cvar "sv_maxrate" = "25000"
L 04/04/2015 - 10:04:21: Server cvar "sv_maxspeed" = "900"
L 04/04/2015 - 10:04:21: Server cvar "sv_minrate" = "100000"
L 04/04/2015 - 10:04:21: Server cvar "sv_password" = ""
L 04/04/2015 - 10:04:21: Server cvar "sv_proxies" = "0"
L 04/04/2015 - 10:04:21: Server cvar "sv_region" = "3"
L 04/04/2015 - 10:04:21: Server cvar "sv_restart" = "0"
L 04/04/2015 - 10:04:21: Server cvar "sv_restartround" = "0"
L 04/04/2015 - 10:04:21: Server cvar "sv_stepsize" = "18"
L 04/04/2015 - 10:04:21: Server cvar "sv_stopspeed" = "75"
L 04/04/2015 - 10:04:21: Server cvar "sv_uploadmax" = "0.5"
L 04/04/2015 - 10:04:21: Server cvar "sv_voiceenable" = "1"
L 04/04/2015 - 10:04:21: Server cvar "sv_wateraccelerate" = "10"
L 04/04/2015 - 10:04:21: Server cvar "sv_waterfriction" = "1"
L 04/04/2015 - 10:04:21: Server cvar "travo_statmarquee" = "v1.2"
L 04/04/2015 - 10:04:21: Server cvar "vtc_version" = "80"
L 04/04/2015 - 10:04:21: Server cvar "wallblocker_version" = "1.0"
L 04/04/2015 - 10:04:21: Server cvars end
L 04/04/2015 - 10:04:22: Server cvar "amx_nextmap" = "de_go_go_go"
L 04/04/2015 - 10:04:22: Server cvar "sv_restart" = "1"
L 04/04/2015 - 10:04:22: World triggered "Restart_Round_(1_second)"
L 04/04/2015 - 10:04:22: Team "CT" scored "0" with "0" players
L 04/04/2015 - 10:04:22: Team "TERRORIST" scored "0" with "0" players
L 04/04/2015 - 10:04:22: Server cvar "sv_restart" = "0"
L 04/04/2015 - 10:04:22: Started map "$2000$" (CRC "-1688392397")
L 04/04/2015 - 10:04:22: [VTC] Player 2 speex
L 04/04/2015 - 10:04:22: [VTC] Player 4 speex
L 04/04/2015 - 10:04:22: [VTC] Player 1 speex
L 04/04/2015 - 10:04:22: [VTC] Player 3 speex
L 04/04/2015 - 10:04:26: "T.N.L. Leks<22><STEAM_0:4:862342405><>" entered the game
L 04/04/2015 - 10:04:26: "DiGi0n<WOT>_____10puk<28><STEAM_0:0:2109542054><>" entered the game
L 04/04/2015 - 10:04:27: World triggered "Round_Start"
L 04/04/2015 - 10:04:28: "T.N.L. Leks<22><STEAM_0:4:862342405><>" joined team "CT"
L 04/04/2015 - 10:04:29: "DiGi0n<WOT>_____10puk<28><STEAM_0:0:2109542054><>" joined team "TERRORIST"
L 04/04/2015 - 10:04:29: World triggered "Game_Commencing"
L 04/04/2015 - 10:04:29: World triggered "Game_Commencing" (CT "0") (T "0")
L 04/04/2015 - 10:04:29: World triggered "Round_End"
L 04/04/2015 - 10:04:30: "SETTI<23><STEAM_0:4:1372501982><>" entered the game
L 04/04/2015 - 10:04:34: "SETTI<23><STEAM_0:4:1372501982><>" joined team "TERRORIST"
L 04/04/2015 - 10:04:37: World triggered "Round_Start"
L 04/04/2015 - 10:04:38: "kakto-tak<18><STEAM_0:4:301255941><>" entered the game
L 04/04/2015 - 10:04:43: "T.N.L. Leks<22><STEAM_0:4:862342405><CT>" attacked "DiGi0n<WOT>_____10puk<28><STEAM_0:0:2109542054><TERRORIST>" with "m4a1" (damage "116") (damage_armor "0") (health "-16") (armor "0")
L 04/04/2015 - 10:04:43: "T.N.L. Leks<22><STEAM_0:4:862342405><CT>" killed "DiGi0n<WOT>_____10puk<28><STEAM_0:0:2109542054><TERRORIST>" with "m4a1"
L 04/04/2015 - 10:04:44: "kakto-tak<18><STEAM_0:4:301255941><>" joined team "CT"
L 04/04/2015 - 10:04:48: "SETTI<23><STEAM_0:4:1372501982><TERRORIST>" attacked "kakto-tak<18><STEAM_0:4:301255941><CT>" with "m4a1" (damage "31") (damage_armor "0") (health "69") (armor "0")
L 04/04/2015 - 10:04:48: "SETTI<23><STEAM_0:4:1372501982><TERRORIST>" attacked "kakto-tak<18><STEAM_0:4:301255941><CT>" with "m4a1" (damage "124") (damage_armor "0") (health "-55") (armor "0")
L 04/04/2015 - 10:04:48: "SETTI<23><STEAM_0:4:1372501982><TERRORIST>" killed "kakto-tak<18><STEAM_0:4:301255941><CT>" with "m4a1"
L 04/04/2015 - 10:04:50: "T.N.L. Leks<22><STEAM_0:4:862342405><CT>" attacked "SETTI<23><STEAM_0:4:1372501982><TERRORIST>" with "m4a1" (damage "31") (damage_armor "0") (health "69") (armor "0")
L 04/04/2015 - 10:04:50: "SETTI<23><STEAM_0:4:1372501982><TERRORIST>" attacked "T.N.L. Leks<22><STEAM_0:4:862342405><CT>" with "m4a1" (damage "38") (damage_armor "0") (health "62") (armor "0")
L 04/04/2015 - 10:04:50: "SETTI<23><STEAM_0:4:1372501982><TERRORIST>" attacked "T.N.L. Leks<22><STEAM_0:4:862342405><CT>" with "m4a1" (damage "31") (damage_armor "0") (health "31") (armor "0")
L 04/04/2015 - 10:04:51: "SETTI<23><STEAM_0:4:1372501982><TERRORIST>" attacked "T.N.L. Leks<22><STEAM_0:4:862342405><CT>" with "m4a1" (damage "31") (damage_armor "0") (health "0") (armor "0")
L 04/04/2015 - 10:04:51: "SETTI<23><STEAM_0:4:1372501982><TERRORIST>" killed "T.N.L. Leks<22><STEAM_0:4:862342405><CT>" with "m4a1"
L 04/04/2015 - 10:04:51: Team "TERRORIST" triggered "Terrorists_Win" (CT "0") (T "1")
L 04/04/2015 - 10:04:51: World triggered "Round_End"
L 04/04/2015 - 10:05:01: World triggered "Round_Start"
L 04/04/2015 - 10:05:09: "T.N.L. Leks<22><STEAM_0:4:862342405><CT>" attacked "DiGi0n<WOT>_____10puk<28><STEAM_0:0:2109542054><TERRORIST>" with "m4a1" (damage "32") (damage_armor "0") (health "68") (armor "0")
L 04/04/2015 - 10:05:09: "T.N.L. Leks<22><STEAM_0:4:862342405><CT>" attacked "DiGi0n<WOT>_____10puk<28><STEAM_0:0:2109542054><TERRORIST>" with "m4a1" (damage "32") (damage_armor "0") (health "36") (armor "0")
L 04/04/2015 - 10:05:09: "T.N.L. Leks<22><STEAM_0:4:862342405><CT>" attacked "DiGi0n<WOT>_____10puk<28><STEAM_0:0:2109542054><TERRORIST>" with "m4a1" (damage "32") (damage_armor "0") (health "4") (armor "0")
L 04/04/2015 - 10:05:09: "T.N.L. Leks<22><STEAM_0:4:862342405><CT>" attacked "DiGi0n<WOT>_____10puk<28><STEAM_0:0:2109542054><TERRORIST>" with "m4a1" (damage "32") (damage_armor "0") (health "-28") (armor "0")
L 04/04/2015 - 10:05:09: "T.N.L. Leks<22><STEAM_0:4:862342405><CT>" killed "DiGi0n<WOT>_____10puk<28><STEAM_0:0:2109542054><TERRORIST>" with "m4a1"
L 04/04/2015 - 10:05:11: "kakto-tak<18><STEAM_0:4:301255941><CT>" attacked "SETTI<23><STEAM_0:4:1372501982><TERRORIST>" with "ak47" (damage "34") (damage_armor "0") (health "66") (armor "0")
L 04/04/2015 - 10:05:12: "SETTI<23><STEAM_0:4:1372501982><TERRORIST>" attacked "kakto-tak<18><STEAM_0:4:301255941><CT>" with "m4a1" (damage "22") (damage_armor "0") (health "78") (armor "0")
L 04/04/2015 - 10:05:12: "SETTI<23><STEAM_0:4:1372501982><TERRORIST>" attacked "kakto-tak<18><STEAM_0:4:301255941><CT>" with "m4a1" (damage "37") (damage_armor "0") (health "41") (armor "0")
L 04/04/2015 - 10:05:12: "SETTI<23><STEAM_0:4:1372501982><TERRORIST>" attacked "kakto-tak<18><STEAM_0:4:301255941><CT>" with "m4a1" (damage "30") (damage_armor "0") (health "11") (armor "0")
L 04/04/2015 - 10:05:12: "SETTI<23><STEAM_0:4:1372501982><TERRORIST>" attacked "kakto-tak<18><STEAM_0:4:301255941><CT>" with "m4a1" (damage "120") (damage_armor "0") (health "-109") (armor "0")
L 04/04/2015 - 10:05:12: "SETTI<23><STEAM_0:4:1372501982><TERRORIST>" killed "kakto-tak<18><STEAM_0:4:301255941><CT>" with "m4a1"
L 04/04/2015 - 10:05:13: "DiGi0n<WOT>_____10puk<28><STEAM_0:0:2109542054><TERRORIST>" triggered "weaponstats" (weapon "awp") (shots "1") (hits "0") (kills "0") (headshots "0") (tks "0") (damage "0") (deaths "1")
L 04/04/2015 - 10:05:13: "DiGi0n<WOT>_____10puk<28><STEAM_0:0:2109542054><TERRORIST>" triggered "weaponstats2" (weapon "awp") (head "0") (chest "0") (stomach "0") (leftarm "0") (rightarm "0") (leftleg "0") (rightleg "0")
L 04/04/2015 - 10:05:13: "DiGi0n<WOT>_____10puk<28><STEAM_0:0:2109542054><TERRORIST>" triggered "weaponstats" (weapon "m4a1") (shots "1") (hits "0") (kills "0") (headshots "0") (tks "0") (damage "0") (deaths "1")
L 04/04/2015 - 10:05:13: "DiGi0n<WOT>_____10puk<28><STEAM_0:0:2109542054><TERRORIST>" triggered "weaponstats2" (weapon "m4a1") (head "0") (chest "0") (stomach "0") (leftarm "0") (rightarm "0") (leftleg "0") (rightleg "0")
L 04/04/2015 - 10:05:13: "DiGi0n<WOT>_____10puk<28><STEAM_0:0:2109542054><TERRORIST>" triggered "time" (time "0:46")
L 04/04/2015 - 10:05:13: "DiGi0n<WOT>_____10puk<28><STEAM_0:0:2109542054><TERRORIST>" triggered "latency" (ping "59")
L 04/04/2015 - 10:05:13: "DiGi0n<WOT>_____10puk<28><STEAM_0:0:2109542054><TERRORIST>" disconnected
L 04/04/2015 - 10:05:13: "T.N.L. Leks<22><STEAM_0:4:862342405><CT>" attacked "SETTI<23><STEAM_0:4:1372501982><TERRORIST>" with "m4a1" (damage "31") (damage_armor "0") (health "35") (armor "0")
L 04/04/2015 - 10:05:13: "T.N.L. Leks<22><STEAM_0:4:862342405><CT>" attacked "SETTI<23><STEAM_0:4:1372501982><TERRORIST>" with "m4a1" (damage "32") (damage_armor "0") (health "3") (armor "0")
L 04/04/2015 - 10:05:13: "T.N.L. Leks<22><STEAM_0:4:862342405><CT>" attacked "SETTI<23><STEAM_0:4:1372501982><TERRORIST>" with "m4a1" (damage "128") (damage_armor "0") (health "-125") (armor "0")
L 04/04/2015 - 10:05:13: "T.N.L. Leks<22><STEAM_0:4:862342405><CT>" killed "SETTI<23><STEAM_0:4:1372501982><TERRORIST>" with "m4a1"
L 04/04/2015 - 10:05:13: Team "CT" triggered "CTs_Win" (CT "1") (T "1")
L 04/04/2015 - 10:05:13: World triggered "Round_End"
L 04/04/2015 - 10:05:23: World triggered "Round_Start"
L 04/04/2015 - 10:05:26: "SETTI<23><STEAM_0:4:1372501982><TERRORIST>" attacked "kakto-tak<18><STEAM_0:4:301255941><CT>" with "m4a1" (damage "29") (damage_armor "0") (health "71") (armor "0")
L 04/04/2015 - 10:05:26: "kakto-tak<18><STEAM_0:4:301255941><CT>" attacked "SETTI<23><STEAM_0:4:1372501982><TERRORIST>" with "ak47" (damage "42") (damage_armor "0") (health "58") (armor "0")
L 04/04/2015 - 10:05:26: "kakto-tak<18><STEAM_0:4:301255941><CT>" attacked "SETTI<23><STEAM_0:4:1372501982><TERRORIST>" with "ak47" (damage "136") (damage_armor "0") (health "-78") (armor "0")
L 04/04/2015 - 10:05:26: "kakto-tak<18><STEAM_0:4:301255941><CT>" killed "SETTI<23><STEAM_0:4:1372501982><TERRORIST>" with "ak47"
L 04/04/2015 - 10:05:26: Team "CT" triggered "CTs_Win" (CT "2") (T "1")
L 04/04/2015 - 10:05:26: World triggered "Round_End"
L 04/04/2015 - 10:05:36: World triggered "Round_Start"
L 04/04/2015 - 10:05:40: "SETTI<23><STEAM_0:4:1372501982><TERRORIST>" attacked "kakto-tak<18><STEAM_0:4:301255941><CT>" with "m4a1" (damage "30") (damage_armor "0") (health "70") (armor "0")
L 04/04/2015 - 10:05:41: "kakto-tak<18><STEAM_0:4:301255941><CT>" attacked "SETTI<23><STEAM_0:4:1372501982><TERRORIST>" with "ak47" (damage "140") (damage_armor "0") (health "-60") (armor "0")
L 04/04/2015 - 10:05:41: "kakto-tak<18><STEAM_0:4:301255941><CT>" killed "SETTI<23><STEAM_0:4:1372501982><TERRORIST>" with "ak47"
L 04/04/2015 - 10:05:41: Team "CT" triggered "CTs_Win" (CT "3") (T "1")
L 04/04/2015 - 10:05:41: World triggered "Round_End"
L 04/04/2015 - 10:05:51: World triggered "Round_Start"
L 04/04/2015 - 10:05:56: "kakto-tak<18><STEAM_0:4:301255941><CT>" attacked "SETTI<23><STEAM_0:4:1372501982><TERRORIST>" with "ak47" (damage "41") (damage_armor "0") (health "59") (armor "0")
L 04/04/2015 - 10:05:57: "kakto-tak<18><STEAM_0:4:301255941><CT>" attacked "SETTI<23><STEAM_0:4:1372501982><TERRORIST>" with "ak47" (damage "41") (damage_armor "0") (health "18") (armor "0")
L 04/04/2015 - 10:05:57: "T.N.L. Leks<22><STEAM_0:4:862342405><CT>" attacked "SETTI<23><STEAM_0:4:1372501982><TERRORIST>" with "m4a1" (damage "29") (damage_armor "0") (health "-11") (armor "0")
L 04/04/2015 - 10:05:57: "T.N.L. Leks<22><STEAM_0:4:862342405><CT>" killed "SETTI<23><STEAM_0:4:1372501982><TERRORIST>" with "m4a1"
L 04/04/2015 - 10:05:57: Team "CT" triggered "CTs_Win" (CT "4") (T "1")
L 04/04/2015 - 10:05:57: World triggered "Round_End"
L 04/04/2015 - 10:06:07: World triggered "Round_Start"
L 04/04/2015 - 10:06:13: "kakto-tak<18><STEAM_0:4:301255941><CT>" attacked "SETTI<23><STEAM_0:4:1372501982><TERRORIST>" with "ak47" (damage "42") (damage_armor "0") (health "-5") (armor "0")
L 04/04/2015 - 10:06:13: "kakto-tak<18><STEAM_0:4:301255941><CT>" killed "SETTI<23><STEAM_0:4:1372501982><TERRORIST>" with "ak47"
L 04/04/2015 - 10:06:13: Team "CT" triggered "CTs_Win" (CT "5") (T "1")
L 04/04/2015 - 10:06:13: World triggered "Round_End"
L 04/04/2015 - 10:06:23: World triggered "Round_Start"
L 04/04/2015 - 10:06:26: "SETTI<23><STEAM_0:4:1372501982><TERRORIST>" attacked "T.N.L. Leks<22><STEAM_0:4:862342405><CT>" with "m4a1" (damage "81") (damage_armor "17") (health "19") (armor "80")
L 04/04/2015 - 10:06:28: "T.N.L. Leks<22><STEAM_0:4:862342405><CT>" attacked "SETTI<23><STEAM_0:4:1372501982><TERRORIST>" with "m4a1" (damage "14") (damage_armor "0") (health "86") (armor "0")
L 04/04/2015 - 10:06:28: "T.N.L. Leks<22><STEAM_0:4:862342405><CT>" attacked "SETTI<23><STEAM_0:4:1372501982><TERRORIST>" with "m4a1" (damage "10") (damage_armor "0") (health "76") (armor "0")
L 04/04/2015 - 10:06:29: "T.N.L. Leks<22><STEAM_0:4:862342405><CT>" attacked "SETTI<23><STEAM_0:4:1372501982><TERRORIST>" with "m4a1" (damage "10") (damage_armor "0") (health "66") (armor "0")
L 04/04/2015 - 10:06:29: "T.N.L. Leks<22><STEAM_0:4:862342405><CT>" attacked "SETTI<23><STEAM_0:4:1372501982><TERRORIST>" with "m4a1" (damage "14") (damage_armor "0") (health "52") (armor "0")
L 04/04/2015 - 10:06:32: "SETTI<23><STEAM_0:4:1372501982><TERRORIST>" attacked "kakto-tak<18><STEAM_0:4:301255941><CT>" with "m4a1" (damage "21") (damage_armor "0") (health "79") (armor "0")
L 04/04/2015 - 10:06:32: "SETTI<23><STEAM_0:4:1372501982><TERRORIST>" attacked "kakto-tak<18><STEAM_0:4:301255941><CT>" with "m4a1" (damage "21") (damage_armor "0") (health "58") (armor "0")
L 04/04/2015 - 10:06:32: "SETTI<23><STEAM_0:4:1372501982><TERRORIST>" attacked "kakto-tak<18><STEAM_0:4:301255941><CT>" with "m4a1" (damage "29") (damage_armor "0") (health "29") (armor "0")
L 04/04/2015 - 10:06:33: "kakto-tak<18><STEAM_0:4:301255941><CT>" attacked "SETTI<23><STEAM_0:4:1372501982><TERRORIST>" with "ak47" (damage "34") (damage_armor "0") (health "18") (armor "0")
L 04/04/2015 - 10:06:33: "kakto-tak<18><STEAM_0:4:301255941><CT>" attacked "SETTI<23><STEAM_0:4:1372501982><TERRORIST>" with "ak47" (damage "136") (damage_armor "0") (health "-118") (armor "0")
L 04/04/2015 - 10:06:33: "kakto-tak<18><STEAM_0:4:301255941><CT>" killed "SETTI<23><STEAM_0:4:1372501982><TERRORIST>" with "ak47"
L 04/04/2015 - 10:06:33: Team "CT" triggered "CTs_Win" (CT "6") (T "1")
L 04/04/2015 - 10:06:33: World triggered "Round_End"
L 04/04/2015 - 10:06:44: World triggered "Round_Start"
L 04/04/2015 - 10:06:47: "SETTI<23><STEAM_0:4:1372501982><TERRORIST>" attacked "kakto-tak<18><STEAM_0:4:301255941><CT>" with "m4a1" (damage "30") (damage_armor "0") (health "70") (armor "0")
L 04/04/2015 - 10:06:48: "kakto-tak<18><STEAM_0:4:301255941><CT>" attacked "SETTI<23><STEAM_0:4:1372501982><TERRORIST>" with "ak47" (damage "140") (damage_armor "0") (health "-40") (armor "0")
L 04/04/2015 - 10:06:48: "kakto-tak<18><STEAM_0:4:301255941><CT>" killed "SETTI<23><STEAM_0:4:1372501982><TERRORIST>" with "ak47"
L 04/04/2015 - 10:06:48: Team "CT" triggered "CTs_Win" (CT "7") (T "1")
L 04/04/2015 - 10:06:48: World triggered "Round_End"
L 04/04/2015 - 10:06:58: World triggered "Round_Start"
L 04/04/2015 - 10:07:01: "SETTI<23><STEAM_0:4:1372501982><TERRORIST>" attacked "T.N.L. Leks<22><STEAM_0:4:862342405><CT>" with "m4a1" (damage "21") (damage_armor "4") (health "79") (armor "76")
L 04/04/2015 - 10:07:01: "SETTI<23><STEAM_0:4:1372501982><TERRORIST>" attacked "T.N.L. Leks<22><STEAM_0:4:862342405><CT>" with "m4a1" (damage "26") (damage_armor "6") (health "53") (armor "70")
L 04/04/2015 - 10:07:01: "SETTI<23><STEAM_0:4:1372501982><TERRORIST>" attacked "T.N.L. Leks<22><STEAM_0:4:862342405><CT>" with "m4a1" (damage "21") (damage_armor "5") (health "32") (armor "65")
L 04/04/2015 - 10:07:01: "T.N.L. Leks<22><STEAM_0:4:862342405><CT>" attacked "SETTI<23><STEAM_0:4:1372501982><TERRORIST>" with "m4a1" (damage "30") (damage_armor "0") (health "70") (armor "0")
L 04/04/2015 - 10:07:01: "T.N.L. Leks<22><STEAM_0:4:862342405><CT>" attacked "SETTI<23><STEAM_0:4:1372501982><TERRORIST>" with "m4a1" (damage "120") (damage_armor "0") (health "-50") (armor "0")
L 04/04/2015 - 10:07:01: "T.N.L. Leks<22><STEAM_0:4:862342405><CT>" killed "SETTI<23><STEAM_0:4:1372501982><TERRORIST>" with "m4a1"
L 04/04/2015 - 10:07:01: Team "CT" triggered "CTs_Win" (CT "8") (T "1")
L 04/04/2015 - 10:07:01: World triggered "Round_End"
L 04/04/2015 - 10:07:11: World triggered "Round_Start"
L 04/04/2015 - 10:07:16: "SETTI<23><STEAM_0:4:1372501982><TERRORIST>" attacked "T.N.L. Leks<22><STEAM_0:4:862342405><CT>" with "m4a1" (damage "21") (damage_armor "0") (health "79") (armor "65")
L 04/04/2015 - 10:07:16: "SETTI<23><STEAM_0:4:1372501982><TERRORIST>" attacked "T.N.L. Leks<22><STEAM_0:4:862342405><CT>" with "m4a1" (damage "25") (damage_armor "5") (health "54") (armor "60")
L 04/04/2015 - 10:07:16: "T.N.L. Leks<22><STEAM_0:4:862342405><CT>" attacked "SETTI<23><STEAM_0:4:1372501982><TERRORIST>" with "m4a1" (damage "112") (damage_armor "0") (health "-12") (armor "0")
L 04/04/2015 - 10:07:16: "T.N.L. Leks<22><STEAM_0:4:862342405><CT>" killed "SETTI<23><STEAM_0:4:1372501982><TERRORIST>" with "m4a1"
L 04/04/2015 - 10:07:16: Team "CT" triggered "CTs_Win" (CT "9") (T "1")
L 04/04/2015 - 10:07:16: World triggered "Round_End"
L 04/04/2015 - 10:07:26: World triggered "Round_Start"
L 04/04/2015 - 10:07:30: "SETTI<23><STEAM_0:4:1372501982><TERRORIST>" attacked "kakto-tak<18><STEAM_0:4:301255941><CT>" with "m4a1" (damage "30") (damage_armor "0") (health "70") (armor "0")
L 04/04/2015 - 10:07:30: "SETTI<23><STEAM_0:4:1372501982><TERRORIST>" attacked "kakto-tak<18><STEAM_0:4:301255941><CT>" with "m4a1" (damage "30") (damage_armor "0") (health "40") (armor "0")
L 04/04/2015 - 10:07:30: "kakto-tak<18><STEAM_0:4:301255941><CT>" attacked "SETTI<23><STEAM_0:4:1372501982><TERRORIST>" with "ak47" (damage "34") (damage_armor "0") (health "66") (armor "0")
L 04/04/2015 - 10:07:31: "SETTI<23><STEAM_0:4:1372501982><TERRORIST>" attacked "kakto-tak<18><STEAM_0:4:301255941><CT>" with "m4a1" (damage "37") (damage_armor "0") (health "3") (armor "0")
L 04/04/2015 - 10:07:31: "SETTI<23><STEAM_0:4:1372501982><TERRORIST>" attacked "kakto-tak<18><STEAM_0:4:301255941><CT>" with "m4a1" (damage "120") (damage_armor "0") (health "-117") (armor "0")
L 04/04/2015 - 10:07:31: "SETTI<23><STEAM_0:4:1372501982><TERRORIST>" killed "kakto-tak<18><STEAM_0:4:301255941><CT>" with "m4a1"
L 04/04/2015 - 10:07:33: "SETTI<23><STEAM_0:4:1372501982><TERRORIST>" attacked "T.N.L. Leks<22><STEAM_0:4:862342405><CT>" with "m4a1" (damage "84") (damage_armor "18") (health "16") (armor "42")
L 04/04/2015 - 10:07:33: "SETTI<23><STEAM_0:4:1372501982><TERRORIST>" attacked "T.N.L. Leks<22><STEAM_0:4:862342405><CT>" with "m4a1" (damage "21") (damage_armor "5") (health "-5") (armor "37")
L 04/04/2015 - 10:07:33: "SETTI<23><STEAM_0:4:1372501982><TERRORIST>" killed "T.N.L. Leks<22><STEAM_0:4:862342405><CT>" with "m4a1"
L 04/04/2015 - 10:07:33: Team "TERRORIST" triggered "Terrorists_Win" (CT "9") (T "2")
L 04/04/2015 - 10:07:33: World triggered "Round_End"
L 04/04/2015 - 10:07:43: World triggered "Round_Start"
L 04/04/2015 - 10:07:48: "SETTI<23><STEAM_0:4:1372501982><TERRORIST>" attacked "kakto-tak<18><STEAM_0:4:301255941><CT>" with "m4a1" (damage "21") (damage_armor "0") (health "79") (armor "0")
L 04/04/2015 - 10:07:48: "SETTI<23><STEAM_0:4:1372501982><TERRORIST>" attacked "kakto-tak<18><STEAM_0:4:301255941><CT>" with "m4a1" (damage "29") (damage_armor "0") (health "50") (armor "0")
L 04/04/2015 - 10:07:48: "kakto-tak<18><STEAM_0:4:301255941><CT>" attacked "SETTI<23><STEAM_0:4:1372501982><TERRORIST>" with "m4a1" (damage "116") (damage_armor "0") (health "-16") (armor "0")
L 04/04/2015 - 10:07:48: "kakto-tak<18><STEAM_0:4:301255941><CT>" killed "SETTI<23><STEAM_0:4:1372501982><TERRORIST>" with "m4a1"
L 04/04/2015 - 10:07:48: Team "CT" triggered "CTs_Win" (CT "10") (T "2")
L 04/04/2015 - 10:07:48: World triggered "Round_End"
L 04/04/2015 - 10:07:58: World triggered "Round_Start"
L 04/04/2015 - 10:07:59: [DPROTO]: Client 1 - Set AuthIdType 1 [Native]; pClient = 0xb39e0dfc
L 04/04/2015 - 10:07:59: "Inferno*<29><STEAM_0:0:64469881><>" connected, address "194.12.73.113:27005"
L 04/04/2015 - 10:08:00: [VTC] Player 2 silk
L 04/04/2015 - 10:08:00: "Inferno*<29><STEAM_0:0:64469881><>" STEAM USERID validated
L 04/04/2015 - 10:08:01: "SETTI<23><STEAM_0:4:1372501982><TERRORIST>" attacked "T.N.L. Leks<22><STEAM_0:4:862342405><CT>" with "m4a1" (damage "20") (damage_armor "5") (health "80") (armor "95")
L 04/04/2015 - 10:08:02: "SETTI<23><STEAM_0:4:1372501982><TERRORIST>" attacked "T.N.L. Leks<22><STEAM_0:4:862342405><CT>" with "m4a1" (damage "21") (damage_armor "0") (health "59") (armor "95")
L 04/04/2015 - 10:08:02: "SETTI<23><STEAM_0:4:1372501982><TERRORIST>" attacked "T.N.L. Leks<22><STEAM_0:4:862342405><CT>" with "m4a1" (damage "25") (damage_armor "5") (health "34") (armor "90")
L 04/04/2015 - 10:08:02: "T.N.L. Leks<22><STEAM_0:4:862342405><CT>" attacked "SETTI<23><STEAM_0:4:1372501982><TERRORIST>" with "ak47" (damage "34") (damage_armor "0") (health "66") (armor "0")
L 04/04/2015 - 10:08:02: "T.N.L. Leks<22><STEAM_0:4:862342405><CT>" attacked "SETTI<23><STEAM_0:4:1372501982><TERRORIST>" with "ak47" (damage "34") (damage_armor "0") (health "32") (armor "0")
L 04/04/2015 - 10:08:02: "T.N.L. Leks<22><STEAM_0:4:862342405><CT>" attacked "SETTI<23><STEAM_0:4:1372501982><TERRORIST>" with "ak47" (damage "34") (damage_armor "0") (health "-2") (armor "0")
L 04/04/2015 - 10:08:02: "T.N.L. Leks<22><STEAM_0:4:862342405><CT>" killed "SETTI<23><STEAM_0:4:1372501982><TERRORIST>" with "ak47"
L 04/04/2015 - 10:08:02: Team "CT" triggered "CTs_Win" (CT "11") (T "2")
L 04/04/2015 - 10:08:02: World triggered "Round_End"
L 04/04/2015 - 10:08:12: World triggered "Round_Start"
L 04/04/2015 - 10:08:16: "SETTI<23><STEAM_0:4:1372501982><TERRORIST>" attacked "kakto-tak<18><STEAM_0:4:301255941><CT>" with "awp" (damage "113") (damage_armor "0") (health "-13") (armor "0")
L 04/04/2015 - 10:08:16: "SETTI<23><STEAM_0:4:1372501982><TERRORIST>" killed "kakto-tak<18><STEAM_0:4:301255941><CT>" with "awp"
L 04/04/2015 - 10:08:16: "T.N.L. Leks<22><STEAM_0:4:862342405><CT>" attacked "SETTI<23><STEAM_0:4:1372501982><TERRORIST>" with "ak47" (damage "136") (damage_armor "0") (health "-36") (armor "0")
L 04/04/2015 - 10:08:16: "T.N.L. Leks<22><STEAM_0:4:862342405><CT>" killed "SETTI<23><STEAM_0:4:1372501982><TERRORIST>" with "ak47"
L 04/04/2015 - 10:08:16: Team "CT" triggered "CTs_Win" (CT "12") (T "2")
L 04/04/2015 - 10:08:16: World triggered "Round_End"
L 04/04/2015 - 10:08:26: World triggered "Round_Start"
L 04/04/2015 - 10:08:31: "SETTI<23><STEAM_0:4:1372501982><TERRORIST>" attacked "T.N.L. Leks<22><STEAM_0:4:862342405><CT>" with "awp" (damage "109") (damage_armor "2") (health "-9") (armor "88")
L 04/04/2015 - 10:08:31: "SETTI<23><STEAM_0:4:1372501982><TERRORIST>" killed "T.N.L. Leks<22><STEAM_0:4:862342405><CT>" with "awp"
L 04/04/2015 - 10:08:35: "kakto-tak<18><STEAM_0:4:301255941><CT>" attacked "SETTI<23><STEAM_0:4:1372501982><TERRORIST>" with "ak47" (damage "34") (damage_armor "0") (health "66") (armor "0")
L 04/04/2015 - 10:08:37: "SETTI<23><STEAM_0:4:1372501982><TERRORIST>" attacked "kakto-tak<18><STEAM_0:4:301255941><CT>" with "awp" (damage "112") (damage_armor "0") (health "-12") (armor "0")
L 04/04/2015 - 10:08:37: "SETTI<23><STEAM_0:4:1372501982><TERRORIST>" killed "kakto-tak<18><STEAM_0:4:301255941><CT>" with "awp"
L 04/04/2015 - 10:08:37: Team "TERRORIST" triggered "Terrorists_Win" (CT "12") (T "3")
L 04/04/2015 - 10:08:37: World triggered "Round_End"
L 04/04/2015 - 10:08:39: [DPROTO]: Client 1 - Set AuthIdType 3 [dp_RevEmu]; pClient = 0xb39e0dfc
L 04/04/2015 - 10:08:39: "unnamed<30><STEAM_0:4:506459958><>" connected, address "212.12.3.149:27005"
L 04/04/2015 - 10:08:40: [VTC] Player 2 speex
L 04/04/2015 - 10:08:47: World triggered "Round_Start"
L 04/04/2015 - 10:08:49: "SETTI<23><STEAM_0:4:1372501982><TERRORIST>" attacked "kakto-tak<18><STEAM_0:4:301255941><CT>" with "awp" (damage "112") (damage_armor "0") (health "-12") (armor "0")
L 04/04/2015 - 10:08:49: "SETTI<23><STEAM_0:4:1372501982><TERRORIST>" killed "kakto-tak<18><STEAM_0:4:301255941><CT>" with "awp"
L 04/04/2015 - 10:08:55: [DPROTO]: Client 1 - Set AuthIdType 3 [dp_RevEmu]; pClient = 0xb39e0dfc
L 04/04/2015 - 10:08:55: "unnamed<31><STEAM_0:4:506459958><>" connected, address "212.12.3.149:27005"
L 04/04/2015 - 10:08:55: [VTC] Player 2 speex
L 04/04/2015 - 10:08:56: "kakto-tak<18><STEAM_0:4:301255941><CT>" triggered "weaponstats" (weapon "grenade") (shots "10") (hits "2") (kills "0") (headshots "0") (tks "0") (damage "83") (deaths "0")
L 04/04/2015 - 10:08:56: "kakto-tak<18><STEAM_0:4:301255941><CT>" triggered "weaponstats2" (weapon "grenade") (head "0") (chest "0") (stomach "0") (leftarm "0") (rightarm "0") (leftleg "0") (rightleg "0")
L 04/04/2015 - 10:08:56: "kakto-tak<18><STEAM_0:4:301255941><CT>" triggered "weaponstats" (weapon "usp") (shots "2") (hits "0") (kills "0") (headshots "0") (tks "0") (damage "0") (deaths "1")
L 04/04/2015 - 10:08:56: "kakto-tak<18><STEAM_0:4:301255941><CT>" triggered "weaponstats2" (weapon "usp") (head "0") (chest "0") (stomach "0") (leftarm "0") (rightarm "0") (leftleg "0") (rightleg "0")
L 04/04/2015 - 10:08:56: "kakto-tak<18><STEAM_0:4:301255941><CT>" triggered "weaponstats" (weapon "m4a1") (shots "4") (hits "1") (kills "1") (headshots "1") (tks "0") (damage "116") (deaths "1")
L 04/04/2015 - 10:08:56: "kakto-tak<18><STEAM_0:4:301255941><CT>" triggered "weaponstats2" (weapon "m4a1") (head "1") (chest "0") (stomach "0") (leftarm "0") (rightarm "0") (leftleg "0") (rightleg "0")
L 04/04/2015 - 10:08:56: "kakto-tak<18><STEAM_0:4:301255941><CT>" triggered "weaponstats" (weapon "ak47") (shots "62") (hits "12") (kills "5") (headshots "4") (tks "0") (damage "854") (deaths "4")
L 04/04/2015 - 10:08:56: "kakto-tak<18><STEAM_0:4:301255941><CT>" triggered "weaponstats2" (weapon "ak47") (head "4") (chest "0") (stomach "4") (leftarm "2") (rightarm "2") (leftleg "0") (rightleg "0")
L 04/04/2015 - 10:08:56: "kakto-tak<18><STEAM_0:4:301255941><CT>" triggered "time" (time "4:17")
L 04/04/2015 - 10:08:56: "kakto-tak<18><STEAM_0:4:301255941><CT>" triggered "latency" (ping "64")
L 04/04/2015 - 10:08:56: "kakto-tak<18><STEAM_0:4:301255941><CT>" disconnected
L 04/04/2015 - 10:08:59: "unnamed<31><STEAM_0:4:506459958><>" entered the game
L 04/04/2015 - 10:09:03: "SETTI<23><STEAM_0:4:1372501982><TERRORIST>" attacked "T.N.L. Leks<22><STEAM_0:4:862342405><CT>" with "awp" (damage "111") (damage_armor "0") (health "-11") (armor "0")
L 04/04/2015 - 10:09:03: "SETTI<23><STEAM_0:4:1372501982><TERRORIST>" killed "T.N.L. Leks<22><STEAM_0:4:862342405><CT>" with "awp"
L 04/04/2015 - 10:09:03: Team "TERRORIST" triggered "Terrorists_Win" (CT "12") (T "4")
L 04/04/2015 - 10:09:03: World triggered "Round_End"
L 04/04/2015 - 10:09:03: "unnamed<31><STEAM_0:4:506459958><>" joined team "TERRORIST"
L 04/04/2015 - 10:09:13: World triggered "Round_Start"
L 04/04/2015 - 10:09:16: "T.N.L. Leks<22><STEAM_0:4:862342405><CT>" attacked "SETTI<23><STEAM_0:4:1372501982><TERRORIST>" with "m4a1" (damage "29") (damage_armor "0") (health "71") (armor "0")
L 04/04/2015 - 10:09:16: "T.N.L. Leks<22><STEAM_0:4:862342405><CT>" attacked "SETTI<23><STEAM_0:4:1372501982><TERRORIST>" with "m4a1" (damage "21") (damage_armor "0") (health "50") (armor "0")
L 04/04/2015 - 10:09:16: "T.N.L. Leks<22><STEAM_0:4:862342405><CT>" attacked "SETTI<23><STEAM_0:4:1372501982><TERRORIST>" with "m4a1" (damage "29") (damage_armor "0") (health "21") (armor "0")
L 04/04/2015 - 10:09:17: "T.N.L. Leks<22><STEAM_0:4:862342405><CT>" attacked "SETTI<23><STEAM_0:4:1372501982><TERRORIST>" with "m4a1" (damage "29") (damage_armor "0") (health "-8") (armor "0")
L 04/04/2015 - 10:09:17: "T.N.L. Leks<22><STEAM_0:4:862342405><CT>" killed "SETTI<23><STEAM_0:4:1372501982><TERRORIST>" with "m4a1"
L 04/04/2015 - 10:09:23: "T.N.L. Leks<22><STEAM_0:4:862342405><CT>" attacked "unnamed<31><STEAM_0:4:506459958><TERRORIST>" with "m4a1" (damage "124") (damage_armor "0") (health "-24") (armor "0")
L 04/04/2015 - 10:09:23: "T.N.L. Leks<22><STEAM_0:4:862342405><CT>" killed "unnamed<31><STEAM_0:4:506459958><TERRORIST>" with "m4a1"
L 04/04/2015 - 10:09:23: Team "CT" triggered "CTs_Win" (CT "13") (T "4")
L 04/04/2015 - 10:09:23: World triggered "Round_End"
L 04/04/2015 - 10:09:29: "unnamed<31><STEAM_0:4:506459958><TERRORIST>" triggered "weaponstats" (weapon "knife") (shots "1") (hits "0") (kills "0") (headshots "0") (tks "0") (damage "0") (deaths "0")
L 04/04/2015 - 10:09:29: "unnamed<31><STEAM_0:4:506459958><TERRORIST>" triggered "weaponstats2" (weapon "knife") (head "0") (chest "0") (stomach "0") (leftarm "0") (rightarm "0") (leftleg "0") (rightleg "0")
L 04/04/2015 - 10:09:29: "unnamed<31><STEAM_0:4:506459958><TERRORIST>" triggered "time" (time "0:30")
L 04/04/2015 - 10:09:29: "unnamed<31><STEAM_0:4:506459958><TERRORIST>" triggered "latency" (ping "65")
L 04/04/2015 - 10:09:29: "unnamed<31><STEAM_0:4:506459958><TERRORIST>" disconnected
L 04/04/2015 - 10:09:33: World triggered "Round_Start"
L 04/04/2015 - 10:09:38: "SETTI<23><STEAM_0:4:1372501982><TERRORIST>" attacked "T.N.L. Leks<22><STEAM_0:4:862342405><CT>" with "m4a1" (damage "22") (damage_armor "0") (health "56") (armor "88")
L 04/04/2015 - 10:09:38: "T.N.L. Leks<22><STEAM_0:4:862342405><CT>" attacked "SETTI<23><STEAM_0:4:1372501982><TERRORIST>" with "m4a1" (damage "30") (damage_armor "0") (health "17") (armor "0")
L 04/04/2015 - 10:09:38: "SETTI<23><STEAM_0:4:1372501982><TERRORIST>" attacked "T.N.L. Leks<22><STEAM_0:4:862342405><CT>" with "m4a1" (damage "26") (damage_armor "5") (health "30") (armor "83")
L 04/04/2015 - 10:09:39: "SETTI<23><STEAM_0:4:1372501982><TERRORIST>" attacked "T.N.L. Leks<22><STEAM_0:4:862342405><CT>" with "m4a1" (damage "21") (damage_armor "5") (health "9") (armor "78")
L 04/04/2015 - 10:09:39: "T.N.L. Leks<22><STEAM_0:4:862342405><CT>" attacked "SETTI<23><STEAM_0:4:1372501982><TERRORIST>" with "m4a1" (damage "30") (damage_armor "0") (health "-13") (armor "0")
L 04/04/2015 - 10:09:39: "T.N.L. Leks<22><STEAM_0:4:862342405><CT>" killed "SETTI<23><STEAM_0:4:1372501982><TERRORIST>" with "m4a1"
L 04/04/2015 - 10:09:39: Team "CT" triggered "CTs_Win" (CT "14") (T "4")
L 04/04/2015 - 10:09:39: World triggered "Round_End"
L 04/04/2015 - 10:09:49: World triggered "Round_Start"
L 04/04/2015 - 10:09:56: "SETTI<23><STEAM_0:4:1372501982><TERRORIST>" attacked "T.N.L. Leks<22><STEAM_0:4:862342405><CT>" with "m4a1" (damage "25") (damage_armor "5") (health "75") (armor "73")
L 04/04/2015 - 10:09:57: "SETTI<23><STEAM_0:4:1372501982><TERRORIST>" attacked "T.N.L. Leks<22><STEAM_0:4:862342405><CT>" with "m4a1" (damage "20") (damage_armor "5") (health "55") (armor "68")
L 04/04/2015 - 10:09:57: "T.N.L. Leks<22><STEAM_0:4:862342405><CT>" attacked "SETTI<23><STEAM_0:4:1372501982><TERRORIST>" with "m4a1" (damage "28") (damage_armor "0") (health "72") (armor "0")
L 04/04/2015 - 10:09:57: "T.N.L. Leks<22><STEAM_0:4:862342405><CT>" attacked "SETTI<23><STEAM_0:4:1372501982><TERRORIST>" with "m4a1" (damage "28") (damage_armor "0") (health "44") (armor "0")
L 04/04/2015 - 10:09:57: "T.N.L. Leks<22><STEAM_0:4:862342405><CT>" attacked "SETTI<23><STEAM_0:4:1372501982><TERRORIST>" with "m4a1" (damage "28") (damage_armor "0") (health "16") (armor "0")
L 04/04/2015 - 10:09:58: "T.N.L. Leks<22><STEAM_0:4:862342405><CT>" attacked "SETTI<23><STEAM_0:4:1372501982><TERRORIST>" with "m4a1" (damage "28") (damage_armor "0") (health "-12") (armor "0")
L 04/04/2015 - 10:09:58: "T.N.L. Leks<22><STEAM_0:4:862342405><CT>" killed "SETTI<23><STEAM_0:4:1372501982><TERRORIST>" with "m4a1"
L 04/04/2015 - 10:09:58: Team "CT" triggered "CTs_Win" (CT "15") (T "4")
L 04/04/2015 - 10:09:58: World triggered "Round_End"
L 04/04/2015 - 10:10:08: World triggered "Round_Start"
L 04/04/2015 - 10:10:10: "SETTI<23><STEAM_0:4:1372501982><TERRORIST>" attacked "T.N.L. Leks<22><STEAM_0:4:862342405><CT>" with "m4a1" (damage "21") (damage_armor "4") (health "79") (armor "64")
L 04/04/2015 - 10:10:10: "T.N.L. Leks<22><STEAM_0:4:862342405><CT>" attacked "SETTI<23><STEAM_0:4:1372501982><TERRORIST>" with "m4a1" (damage "30") (damage_armor "0") (health "70") (armor "0")
L 04/04/2015 - 10:10:10: "T.N.L. Leks<22><STEAM_0:4:862342405><CT>" attacked "SETTI<23><STEAM_0:4:1372501982><TERRORIST>" with "m4a1" (damage "120") (damage_armor "0") (health "-50") (armor "0")
L 04/04/2015 - 10:10:10: "T.N.L. Leks<22><STEAM_0:4:862342405><CT>" killed "SETTI<23><STEAM_0:4:1372501982><TERRORIST>" with "m4a1"
L 04/04/2015 - 10:10:10: Team "CT" triggered "CTs_Win" (CT "16") (T "4")
L 04/04/2015 - 10:10:10: World triggered "Round_End"
L 04/04/2015 - 10:10:20: World triggered "Round_Start"
L 04/04/2015 - 10:10:25: "SETTI<23><STEAM_0:4:1372501982><TERRORIST>" attacked "T.N.L. Leks<22><STEAM_0:4:862342405><CT>" with "m4a1" (damage "21") (damage_armor "5") (health "79") (armor "59")
L 04/04/2015 - 10:10:26: "T.N.L. Leks<22><STEAM_0:4:862342405><CT>" attacked "SETTI<23><STEAM_0:4:1372501982><TERRORIST>" with "m4a1" (damage "120") (damage_armor "0") (health "-20") (armor "0")
L 04/04/2015 - 10:10:26: "T.N.L. Leks<22><STEAM_0:4:862342405><CT>" killed "SETTI<23><STEAM_0:4:1372501982><TERRORIST>" with "m4a1"
L 04/04/2015 - 10:10:26: Team "CT" triggered "CTs_Win" (CT "17") (T "4")
L 04/04/2015 - 10:10:26: World triggered "Round_End"
L 04/04/2015 - 10:10:36: World triggered "Round_Start"
L 04/04/2015 - 10:10:40: "SETTI<23><STEAM_0:4:1372501982><TERRORIST>" attacked "T.N.L. Leks<22><STEAM_0:4:862342405><CT>" with "m4a1" (damage "9") (damage_armor "2") (health "91") (armor "57")
L 04/04/2015 - 10:10:40: "SETTI<23><STEAM_0:4:1372501982><TERRORIST>" attacked "T.N.L. Leks<22><STEAM_0:4:862342405><CT>" with "m4a1" (damage "9") (damage_armor "2") (health "82") (armor "55")
L 04/04/2015 - 10:10:53: "SETTI<23><STEAM_0:4:1372501982><TERRORIST>" attacked "T.N.L. Leks<22><STEAM_0:4:862342405><CT>" with "m4a1" (damage "21") (damage_armor "4") (health "61") (armor "51")
L 04/04/2015 - 10:10:53: "T.N.L. Leks<22><STEAM_0:4:862342405><CT>" attacked "SETTI<23><STEAM_0:4:1372501982><TERRORIST>" with "m4a1" (damage "128") (damage_armor "0") (health "-28") (armor "0")
L 04/04/2015 - 10:10:53: "T.N.L. Leks<22><STEAM_0:4:862342405><CT>" killed "SETTI<23><STEAM_0:4:1372501982><TERRORIST>" with "m4a1"
L 04/04/2015 - 10:10:53: Team "CT" triggered "CTs_Win" (CT "18") (T "4")
L 04/04/2015 - 10:10:53: World triggered "Round_End"
L 04/04/2015 - 10:11:03: World triggered "Round_Start"
L 04/04/2015 - 10:11:09: "SETTI<23><STEAM_0:4:1372501982><TERRORIST>" attacked "T.N.L. Leks<22><STEAM_0:4:862342405><CT>" with "m4a1" (damage "21") (damage_armor "5") (health "79") (armor "46")
L 04/04/2015 - 10:11:09: "T.N.L. Leks<22><STEAM_0:4:862342405><CT>" attacked "SETTI<23><STEAM_0:4:1372501982><TERRORIST>" with "m4a1" (damage "30") (damage_armor "0") (health "70") (armor "0")
L 04/04/2015 - 10:11:10: "T.N.L. Leks<22><STEAM_0:4:862342405><CT>" attacked "SETTI<23><STEAM_0:4:1372501982><TERRORIST>" with "m4a1" (damage "30") (damage_armor "0") (health "40") (armor "0")
L 04/04/2015 - 10:11:10: "T.N.L. Leks<22><STEAM_0:4:862342405><CT>" attacked "SETTI<23><STEAM_0:4:1372501982><TERRORIST>" with "m4a1" (damage "30") (damage_armor "0") (health "10") (armor "0")
L 04/04/2015 - 10:11:10: "T.N.L. Leks<22><STEAM_0:4:862342405><CT>" attacked "SETTI<23><STEAM_0:4:1372501982><TERRORIST>" with "m4a1" (damage "30") (damage_armor "0") (health "-20") (armor "0")
L 04/04/2015 - 10:11:10: "T.N.L. Leks<22><STEAM_0:4:862342405><CT>" killed "SETTI<23><STEAM_0:4:1372501982><TERRORIST>" with "m4a1"
L 04/04/2015 - 10:11:10: Team "CT" triggered "CTs_Win" (CT "19") (T "4")
L 04/04/2015 - 10:11:10: World triggered "Round_End"
L 04/04/2015 - 10:11:20: World triggered "Round_Start"
L 04/04/2015 - 10:11:24: "T.N.L. Leks<22><STEAM_0:4:862342405><CT>" attacked "SETTI<23><STEAM_0:4:1372501982><TERRORIST>" with "m4a1" (damage "29") (damage_armor "0") (health "71") (armor "0")
L 04/04/2015 - 10:11:24: "T.N.L. Leks<22><STEAM_0:4:862342405><CT>" attacked "SETTI<23><STEAM_0:4:1372501982><TERRORIST>" with "m4a1" (damage "29") (damage_armor "0") (health "42") (armor "0")
L 04/04/2015 - 10:11:24: "T.N.L. Leks<22><STEAM_0:4:862342405><CT>" attacked "SETTI<23><STEAM_0:4:1372501982><TERRORIST>" with "m4a1" (damage "29") (damage_armor "0") (health "13") (armor "0")
L 04/04/2015 - 10:11:24: "SETTI<23><STEAM_0:4:1372501982><TERRORIST>" attacked "T.N.L. Leks<22><STEAM_0:4:862342405><CT>" with "m4a1" (damage "25") (damage_armor "5") (health "75") (armor "41")
L 04/04/2015 - 10:11:24: "SETTI<23><STEAM_0:4:1372501982><TERRORIST>" attacked "T.N.L. Leks<22><STEAM_0:4:862342405><CT>" with "m4a1" (damage "21") (damage_armor "0") (health "54") (armor "41")
L 04/04/2015 - 10:11:24: "SETTI<23><STEAM_0:4:1372501982><TERRORIST>" attacked "T.N.L. Leks<22><STEAM_0:4:862342405><CT>" with "m4a1" (damage "25") (damage_armor "6") (health "29") (armor "35")
L 04/04/2015 - 10:11:25: "SETTI<23><STEAM_0:4:1372501982><TERRORIST>" attacked "T.N.L. Leks<22><STEAM_0:4:862342405><CT>" with "m4a1" (damage "20") (damage_armor "4") (health "9") (armor "31")
L 04/04/2015 - 10:11:26: "T.N.L. Leks<22><STEAM_0:4:862342405><CT>" attacked "SETTI<23><STEAM_0:4:1372501982><TERRORIST>" with "m4a1" (damage "116") (damage_armor "0") (health "-103") (armor "0")
L 04/04/2015 - 10:11:26: "T.N.L. Leks<22><STEAM_0:4:862342405><CT>" killed "SETTI<23><STEAM_0:4:1372501982><TERRORIST>" with "m4a1"
L 04/04/2015 - 10:11:26: Team "CT" triggered "CTs_Win" (CT "20") (T "4")
L 04/04/2015 - 10:11:26: World triggered "Round_End"
L 04/04/2015 - 10:11:36: World triggered "Round_Start"
L 04/04/2015 - 10:11:43: "SETTI<23><STEAM_0:4:1372501982><TERRORIST>" attacked "T.N.L. Leks<22><STEAM_0:4:862342405><CT>" with "m4a1" (damage "22") (damage_armor "0") (health "78") (armor "31")
L 04/04/2015 - 10:11:43: "T.N.L. Leks<22><STEAM_0:4:862342405><CT>" attacked "SETTI<23><STEAM_0:4:1372501982><TERRORIST>" with "m4a1" (damage "30") (damage_armor "0") (health "69") (armor "0")
L 04/04/2015 - 10:11:43: "SETTI<23><STEAM_0:4:1372501982><TERRORIST>" attacked "T.N.L. Leks<22><STEAM_0:4:862342405><CT>" with "m4a1" (damage "26") (damage_armor "6") (health "52") (armor "25")
L 04/04/2015 - 10:11:43: "T.N.L. Leks<22><STEAM_0:4:862342405><CT>" attacked "SETTI<23><STEAM_0:4:1372501982><TERRORIST>" with "m4a1" (damage "30") (damage_armor "0") (health "39") (armor "0")
L 04/04/2015 - 10:11:45: "T.N.L. Leks<22><STEAM_0:4:862342405><CT>" attacked "SETTI<23><STEAM_0:4:1372501982><TERRORIST>" with "m4a1" (damage "30") (damage_armor "0") (health "9") (armor "0")
L 04/04/2015 - 10:11:45: "T.N.L. Leks<22><STEAM_0:4:862342405><CT>" attacked "SETTI<23><STEAM_0:4:1372501982><TERRORIST>" with "m4a1" (damage "120") (damage_armor "0") (health "-111") (armor "0")
L 04/04/2015 - 10:11:45: "T.N.L. Leks<22><STEAM_0:4:862342405><CT>" killed "SETTI<23><STEAM_0:4:1372501982><TERRORIST>" with "m4a1"
L 04/04/2015 - 10:11:45: Team "CT" triggered "CTs_Win" (CT "21") (T "4")
L 04/04/2015 - 10:11:45: World triggered "Round_End"
L 04/04/2015 - 10:11:55: World triggered "Round_Start"
L 04/04/2015 - 10:12:00: "T.N.L. Leks<22><STEAM_0:4:862342405><CT>" attacked "SETTI<23><STEAM_0:4:1372501982><TERRORIST>" with "m4a1" (damage "120") (damage_armor "0") (health "-20") (armor "0")
L 04/04/2015 - 10:12:00: "T.N.L. Leks<22><STEAM_0:4:862342405><CT>" killed "SETTI<23><STEAM_0:4:1372501982><TERRORIST>" with "m4a1"
L 04/04/2015 - 10:12:00: Team "CT" triggered "CTs_Win" (CT "22") (T "4")
L 04/04/2015 - 10:12:00: World triggered "Round_End"
L 04/04/2015 - 10:12:10: World triggered "Round_Start"
L 04/04/2015 - 10:12:14: "T.N.L. Leks<22><STEAM_0:4:862342405><CT>" attacked "SETTI<23><STEAM_0:4:1372501982><TERRORIST>" with "m4a1" (damage "22") (damage_armor "0") (health "51") (armor "0")
L 04/04/2015 - 10:12:14: "T.N.L. Leks<22><STEAM_0:4:862342405><CT>" attacked "SETTI<23><STEAM_0:4:1372501982><TERRORIST>" with "m4a1" (damage "30") (damage_armor "0") (health "21") (armor "0")
L 04/04/2015 - 10:12:15: "T.N.L. Leks<22><STEAM_0:4:862342405><CT>" attacked "SETTI<23><STEAM_0:4:1372501982><TERRORIST>" with "m4a1" (damage "30") (damage_armor "0") (health "-9") (armor "0")
L 04/04/2015 - 10:12:15: "T.N.L. Leks<22><STEAM_0:4:862342405><CT>" killed "SETTI<23><STEAM_0:4:1372501982><TERRORIST>" with "m4a1"
L 04/04/2015 - 10:12:15: Team "CT" triggered "CTs_Win" (CT "23") (T "4")
L 04/04/2015 - 10:12:15: World triggered "Round_End"
L 04/04/2015 - 10:12:25: World triggered "Round_Start"
L 04/04/2015 - 10:12:32: "T.N.L. Leks<22><STEAM_0:4:862342405><CT>" attacked "SETTI<23><STEAM_0:4:1372501982><TERRORIST>" with "m4a1" (damage "116") (damage_armor "0") (health "-16") (armor "0")
L 04/04/2015 - 10:12:32: "T.N.L. Leks<22><STEAM_0:4:862342405><CT>" killed "SETTI<23><STEAM_0:4:1372501982><TERRORIST>" with "m4a1"
L 04/04/2015 - 10:12:32: Team "CT" triggered "CTs_Win" (CT "24") (T "4")
L 04/04/2015 - 10:12:32: World triggered "Round_End"
L 04/04/2015 - 10:12:42: World triggered "Round_Start"
L 04/04/2015 - 10:12:48: "SETTI<23><STEAM_0:4:1372501982><TERRORIST>" attacked "T.N.L. Leks<22><STEAM_0:4:862342405><CT>" with "mp5navy" (damage "13") (damage_armor "7") (health "87") (armor "18")
L 04/04/2015 - 10:12:49: "SETTI<23><STEAM_0:4:1372501982><TERRORIST>" attacked "T.N.L. Leks<22><STEAM_0:4:862342405><CT>" with "mp5navy" (damage "16") (damage_armor "0") (health "71") (armor "18")
L 04/04/2015 - 10:12:49: "T.N.L. Leks<22><STEAM_0:4:862342405><CT>" attacked "SETTI<23><STEAM_0:4:1372501982><TERRORIST>" with "m4a1" (damage "31") (damage_armor "0") (health "69") (armor "0")
L 04/04/2015 - 10:12:49: "T.N.L. Leks<22><STEAM_0:4:862342405><CT>" attacked "SETTI<23><STEAM_0:4:1372501982><TERRORIST>" with "m4a1" (damage "31") (damage_armor "0") (health "38") (armor "0")
L 04/04/2015 - 10:12:49: "T.N.L. Leks<22><STEAM_0:4:862342405><CT>" attacked "SETTI<23><STEAM_0:4:1372501982><TERRORIST>" with "m4a1" (damage "31") (damage_armor "0") (health "7") (armor "0")
L 04/04/2015 - 10:12:49: "SETTI<23><STEAM_0:4:1372501982><TERRORIST>" attacked "T.N.L. Leks<22><STEAM_0:4:862342405><CT>" with "mp5navy" (damage "13") (damage_armor "7") (health "58") (armor "11")
L 04/04/2015 - 10:12:49: "SETTI<23><STEAM_0:4:1372501982><TERRORIST>" attacked "T.N.L. Leks<22><STEAM_0:4:862342405><CT>" with "mp5navy" (damage "11") (damage_armor "5") (health "47") (armor "6")
L 04/04/2015 - 10:12:49: "SETTI<23><STEAM_0:4:1372501982><TERRORIST>" attacked "T.N.L. Leks<22><STEAM_0:4:862342405><CT>" with "mp5navy" (damage "11") (damage_armor "6") (health "36") (armor "0")
L 04/04/2015 - 10:12:49: "SETTI<23><STEAM_0:4:1372501982><TERRORIST>" attacked "T.N.L. Leks<22><STEAM_0:4:862342405><CT>" with "mp5navy" (damage "20") (damage_armor "5") (health "16") (armor "0")
L 04/04/2015 - 10:12:49: "SETTI<23><STEAM_0:4:1372501982><TERRORIST>" attacked "T.N.L. Leks<22><STEAM_0:4:862342405><CT>" with "mp5navy" (damage "22") (damage_armor "0") (health "-6") (armor "0")
L 04/04/2015 - 10:12:49: "SETTI<23><STEAM_0:4:1372501982><TERRORIST>" killed "T.N.L. Leks<22><STEAM_0:4:862342405><CT>" with "mp5navy"
L 04/04/2015 - 10:12:49: Team "TERRORIST" triggered "Terrorists_Win" (CT "24") (T "5")
L 04/04/2015 - 10:12:49: World triggered "Round_End"
L 04/04/2015 - 10:12:59: World triggered "Round_Start"
L 04/04/2015 - 10:13:06: "T.N.L. Leks<22><STEAM_0:4:862342405><CT>" attacked "SETTI<23><STEAM_0:4:1372501982><TERRORIST>" with "awp" (damage "452") (damage_armor "0") (health "-352") (armor "0")
L 04/04/2015 - 10:13:06: "T.N.L. Leks<22><STEAM_0:4:862342405><CT>" killed "SETTI<23><STEAM_0:4:1372501982><TERRORIST>" with "awp"
L 04/04/2015 - 10:13:06: Team "CT" triggered "CTs_Win" (CT "25") (T "5")
L 04/04/2015 - 10:13:06: World triggered "Round_End"
L 04/04/2015 - 10:13:16: World triggered "Round_Start"
L 04/04/2015 - 10:13:18: "SETTI<23><STEAM_0:4:1372501982><TERRORIST>" attacked "T.N.L. Leks<22><STEAM_0:4:862342405><CT>" with "m4a1" (damage "22") (damage_armor "0") (health "78") (armor "100")
L 04/04/2015 - 10:13:18: "T.N.L. Leks<22><STEAM_0:4:862342405><CT>" attacked "SETTI<23><STEAM_0:4:1372501982><TERRORIST>" with "awp" (damage "112") (damage_armor "0") (health "-12") (armor "0")
L 04/04/2015 - 10:13:18: "T.N.L. Leks<22><STEAM_0:4:862342405><CT>" killed "SETTI<23><STEAM_0:4:1372501982><TERRORIST>" with "awp"
L 04/04/2015 - 10:13:18: Team "CT" triggered "CTs_Win" (CT "26") (T "5")
L 04/04/2015 - 10:13:18: World triggered "Round_End"
L 04/04/2015 - 10:13:28: World triggered "Round_Start"
L 04/04/2015 - 10:13:45: "T.N.L. Leks<22><STEAM_0:4:862342405><CT>" attacked "SETTI<23><STEAM_0:4:1372501982><TERRORIST>" with "awp" (damage "140") (damage_armor "0") (health "-40") (armor "0")
L 04/04/2015 - 10:13:45: "T.N.L. Leks<22><STEAM_0:4:862342405><CT>" killed "SETTI<23><STEAM_0:4:1372501982><TERRORIST>" with "awp"
L 04/04/2015 - 10:13:45: Team "CT" triggered "CTs_Win" (CT "27") (T "5")
L 04/04/2015 - 10:13:45: World triggered "Round_End"
L 04/04/2015 - 10:13:54: [DPROTO]: Client 0 - Set AuthIdType 3 [dp_RevEmu]; pClient = 0xb39dbf08
L 04/04/2015 - 10:13:54: "(Parinok)<32><STEAM_0:4:1272341715><>" connected, address "31.43.240.62:27005"
L 04/04/2015 - 10:13:54: [VTC] Player 1 speex
L 04/04/2015 - 10:13:55: World triggered "Round_Start"
L 04/04/2015 - 10:13:57: "(Parinok)<32><STEAM_0:4:1272341715><>" entered the game
L 04/04/2015 - 10:14:02: "SETTI<23><STEAM_0:4:1372501982><TERRORIST>" attacked "T.N.L. Leks<22><STEAM_0:4:862342405><CT>" with "m4a1" (damage "21") (damage_armor "5") (health "79") (armor "95")
L 04/04/2015 - 10:14:02: "SETTI<23><STEAM_0:4:1372501982><TERRORIST>" attacked "T.N.L. Leks<22><STEAM_0:4:862342405><CT>" with "m4a1" (damage "81") (damage_armor "17") (health "-2") (armor "78")
L 04/04/2015 - 10:14:02: "SETTI<23><STEAM_0:4:1372501982><TERRORIST>" killed "T.N.L. Leks<22><STEAM_0:4:862342405><CT>" with "m4a1"
L 04/04/2015 - 10:14:02: Team "TERRORIST" triggered "Terrorists_Win" (CT "27") (T "6")
L 04/04/2015 - 10:14:02: World triggered "Round_End"
L 04/04/2015 - 10:14:07: "(Parinok)<32><STEAM_0:4:1272341715><>" joined team "CT"
L 04/04/2015 - 10:14:12: World triggered "Round_Start"
L 04/04/2015 - 10:14:14: [DPROTO]: Client 1 - Set AuthIdType 3 [dp_RevEmu]; pClient = 0xb39e0dfc
L 04/04/2015 - 10:14:14: "Na_nax<33><STEAM_0:4:1446693380><>" connected, address "176.118.41.5:10059"
L 04/04/2015 - 10:14:14: [VTC] Player 2 speex
L 04/04/2015 - 10:14:20: "T.N.L. Leks<22><STEAM_0:4:862342405><CT>" attacked "SETTI<23><STEAM_0:4:1372501982><TERRORIST>" with "ak47" (damage "34") (damage_armor "0") (health "66") (armor "0")
L 04/04/2015 - 10:14:20: "T.N.L. Leks<22><STEAM_0:4:862342405><CT>" attacked "SETTI<23><STEAM_0:4:1372501982><TERRORIST>" with "ak47" (damage "34") (damage_armor "0") (health "32") (armor "0")
L 04/04/2015 - 10:14:21: "SETTI<23><STEAM_0:4:1372501982><TERRORIST>" attacked "T.N.L. Leks<22><STEAM_0:4:862342405><CT>" with "m4a1" (damage "30") (damage_armor "0") (health "70") (armor "0")
L 04/04/2015 - 10:14:21: "SETTI<23><STEAM_0:4:1372501982><TERRORIST>" attacked "T.N.L. Leks<22><STEAM_0:4:862342405><CT>" with "m4a1" (damage "120") (damage_armor "0") (health "-50") (armor "0")
L 04/04/2015 - 10:14:21: "SETTI<23><STEAM_0:4:1372501982><TERRORIST>" killed "T.N.L. Leks<22><STEAM_0:4:862342405><CT>" with "m4a1"
L 04/04/2015 - 10:14:36: "Na_nax<33><STEAM_0:4:1446693380><>" entered the game
L 04/04/2015 - 10:14:40: "Na_nax<33><STEAM_0:4:1446693380><>" joined team "TERRORIST"
L 04/04/2015 - 10:14:41: "SETTI<23><STEAM_0:4:1372501982><TERRORIST>" attacked "(Parinok)<32><STEAM_0:4:1272341715><CT>" with "m4a1" (damage "37") (damage_armor "0") (health "63") (armor "0")
L 04/04/2015 - 10:14:42: "(Parinok)<32><STEAM_0:4:1272341715><CT>" attacked "SETTI<23><STEAM_0:4:1372501982><TERRORIST>" with "mp5navy" (damage "20") (damage_armor "0") (health "12") (armor "0")
L 04/04/2015 - 10:14:42: "(Parinok)<32><STEAM_0:4:1272341715><CT>" attacked "SETTI<23><STEAM_0:4:1372501982><TERRORIST>" with "mp5navy" (damage "20") (damage_armor "0") (health "-8") (armor "0")
L 04/04/2015 - 10:14:42: "(Parinok)<32><STEAM_0:4:1272341715><CT>" killed "SETTI<23><STEAM_0:4:1372501982><TERRORIST>" with "mp5navy"
L 04/04/2015 - 10:14:42: Team "CT" triggered "CTs_Win" (CT "28") (T "6")
L 04/04/2015 - 10:14:42: World triggered "Round_End"
L 04/04/2015 - 10:14:52: World triggered "Round_Start"
L 04/04/2015 - 10:14:56: "SETTI<23><STEAM_0:4:1372501982><TERRORIST>" attacked "T.N.L. Leks<22><STEAM_0:4:862342405><CT>" with "m4a1" (damage "29") (damage_armor "0") (health "71") (armor "0")
L 04/04/2015 - 10:14:56: "T.N.L. Leks<22><STEAM_0:4:862342405><CT>" attacked "SETTI<23><STEAM_0:4:1372501982><TERRORIST>" with "m4a1" (damage "36") (damage_armor "0") (health "64") (armor "0")
L 04/04/2015 - 10:14:57: "SETTI<23><STEAM_0:4:1372501982><TERRORIST>" attacked "T.N.L. Leks<22><STEAM_0:4:862342405><CT>" with "m4a1" (damage "36") (damage_armor "0") (health "35") (armor "0")
L 04/04/2015 - 10:14:58: "SETTI<23><STEAM_0:4:1372501982><TERRORIST>" attacked "T.N.L. Leks<22><STEAM_0:4:862342405><CT>" with "m4a1" (damage "29") (damage_armor "0") (health "6") (armor "0")
L 04/04/2015 - 10:14:58: "Na_nax<33><STEAM_0:4:1446693380><TERRORIST>" attacked "T.N.L. Leks<22><STEAM_0:4:862342405><CT>" with "ak47" (damage "34") (damage_armor "0") (health "-28") (armor "0")
L 04/04/2015 - 10:14:58: "Na_nax<33><STEAM_0:4:1446693380><TERRORIST>" killed "T.N.L. Leks<22><STEAM_0:4:862342405><CT>" with "ak47"
L 04/04/2015 - 10:14:58: "(Parinok)<32><STEAM_0:4:1272341715><CT>" attacked "SETTI<23><STEAM_0:4:1372501982><TERRORIST>" with "ak47" (damage "136") (damage_armor "0") (health "-72") (armor "0")
L 04/04/2015 - 10:14:58: "(Parinok)<32><STEAM_0:4:1272341715><CT>" killed "SETTI<23><STEAM_0:4:1372501982><TERRORIST>" with "ak47"
L 04/04/2015 - 10:15:01: "(Parinok)<32><STEAM_0:4:1272341715><CT>" attacked "Na_nax<33><STEAM_0:4:1446693380><TERRORIST>" with "ak47" (damage "34") (damage_armor "0") (health "66") (armor "0")
L 04/04/2015 - 10:15:01: "Na_nax<33><STEAM_0:4:1446693380><TERRORIST>" attacked "(Parinok)<32><STEAM_0:4:1272341715><CT>" with "ak47" (damage "25") (damage_armor "0") (health "75") (armor "0")
L 04/04/2015 - 10:15:01: "Na_nax<33><STEAM_0:4:1446693380><TERRORIST>" attacked "(Parinok)<32><STEAM_0:4:1272341715><CT>" with "ak47" (damage "34") (damage_armor "0") (health "41") (armor "0")
L 04/04/2015 - 10:15:01: "Na_nax<33><STEAM_0:4:1446693380><TERRORIST>" attacked "(Parinok)<32><STEAM_0:4:1272341715><CT>" with "ak47" (damage "34") (damage_armor "0") (health "7") (armor "0")
L 04/04/2015 - 10:15:01: "Na_nax<33><STEAM_0:4:1446693380><TERRORIST>" attacked "(Parinok)<32><STEAM_0:4:1272341715><CT>" with "ak47" (damage "136") (damage_armor "0") (health "-129") (armor "0")
L 04/04/2015 - 10:15:01: "Na_nax<33><STEAM_0:4:1446693380><TERRORIST>" killed "(Parinok)<32><STEAM_0:4:1272341715><CT>" with "ak47"
L 04/04/2015 - 10:15:01: Team "TERRORIST" triggered "Terrorists_Win" (CT "28") (T "7")
L 04/04/2015 - 10:15:01: World triggered "Round_End"
L 04/04/2015 - 10:15:11: World triggered "Round_Start"
L 04/04/2015 - 10:15:14: "T.N.L. Leks<22><STEAM_0:4:862342405><CT>" attacked "Na_nax<33><STEAM_0:4:1446693380><TERRORIST>" with "m4a1" (damage "120") (damage_armor "0") (health "-20") (armor "0")
L 04/04/2015 - 10:15:14: "T.N.L. Leks<22><STEAM_0:4:862342405><CT>" killed "Na_nax<33><STEAM_0:4:1446693380><TERRORIST>" with "m4a1"
L 04/04/2015 - 10:15:22: "(Parinok)<32><STEAM_0:4:1272341715><CT>" triggered "weaponstats" (weapon "mp5navy") (shots "17") (hits "2") (kills "1") (headshots "0") (tks "0") (damage "40") (deaths "0")
L 04/04/2015 - 10:15:22: "(Parinok)<32><STEAM_0:4:1272341715><CT>" triggered "weaponstats2" (weapon "mp5navy") (head "0") (chest "1") (stomach "0") (leftarm "1") (rightarm "0") (leftleg "0") (rightleg "0")
L 04/04/2015 - 10:15:22: "(Parinok)<32><STEAM_0:4:1272341715><CT>" triggered "weaponstats" (weapon "m4a1") (shots "18") (hits "0") (kills "0") (headshots "0") (tks "0") (damage "0") (deaths "0")
L 04/04/2015 - 10:15:22: "(Parinok)<32><STEAM_0:4:1272341715><CT>" triggered "weaponstats2" (weapon "m4a1") (head "0") (chest "0") (stomach "0") (leftarm "0") (rightarm "0") (leftleg "0") (rightleg "0")
L 04/04/2015 - 10:15:22: "(Parinok)<32><STEAM_0:4:1272341715><CT>" triggered "weaponstats" (weapon "ak47") (shots "5") (hits "2") (kills "1") (headshots "1") (tks "0") (damage "170") (deaths "1")
L 04/04/2015 - 10:15:22: "(Parinok)<32><STEAM_0:4:1272341715><CT>" triggered "weaponstats2" (weapon "ak47") (head "1") (chest "0") (stomach "0") (leftarm "0") (rightarm "1") (leftleg "0") (rightleg "0")
L 04/04/2015 - 10:15:22: "(Parinok)<32><STEAM_0:4:1272341715><CT>" triggered "time" (time "1:24")
L 04/04/2015 - 10:15:22: "(Parinok)<32><STEAM_0:4:1272341715><CT>" triggered "latency" (ping "57")
L 04/04/2015 - 10:15:22: "Na_nax<33><STEAM_0:4:1446693380><TERRORIST>" triggered "weaponstats" (weapon "ak47") (shots "14") (hits "5") (kills "2") (headshots "1") (tks "0") (damage "263") (deaths "1")
L 04/04/2015 - 10:15:22: "Na_nax<33><STEAM_0:4:1446693380><TERRORIST>" triggered "weaponstats2" (weapon "ak47") (head "1") (chest "1") (stomach "0") (leftarm "2") (rightarm "0") (leftleg "1") (rightleg "0")
L 04/04/2015 - 10:15:22: "Na_nax<33><STEAM_0:4:1446693380><TERRORIST>" triggered "time" (time "0:46")
L 04/04/2015 - 10:15:22: "Na_nax<33><STEAM_0:4:1446693380><TERRORIST>" triggered "latency" (ping "62")
L 04/04/2015 - 10:15:22: "T.N.L. Leks<22><STEAM_0:4:862342405><CT>" triggered "weaponstats" (weapon "grenade") (shots "22") (hits "2") (kills "0") (headshots "0") (tks "0") (damage "28") (deaths "0")
L 04/04/2015 - 10:15:22: "T.N.L. Leks<22><STEAM_0:4:862342405><CT>" triggered "weaponstats2" (weapon "grenade") (head "0") (chest "0") (stomach "0") (leftarm "0") (rightarm "0") (leftleg "0") (rightleg "0")
L 04/04/2015 - 10:15:22: "T.N.L. Leks<22><STEAM_0:4:862342405><CT>" triggered "weaponstats" (weapon "usp") (shots "1") (hits "0") (kills "0") (headshots "0") (tks "0") (damage "0") (deaths "0")
L 04/04/2015 - 10:15:22: "T.N.L. Leks<22><STEAM_0:4:862342405><CT>" triggered "weaponstats2" (weapon "usp") (head "0") (chest "0") (stomach "0") (leftarm "0") (rightarm "0") (leftleg "0") (rightleg "0")
L 04/04/2015 - 10:15:22: "T.N.L. Leks<22><STEAM_0:4:862342405><CT>" triggered "weaponstats" (weapon "awp") (shots "6") (hits "3") (kills "3") (headshots "1") (tks "0") (damage "704") (deaths "2")
L 04/04/2015 - 10:15:22: "T.N.L. Leks<22><STEAM_0:4:862342405><CT>" triggered "weaponstats2" (weapon "awp") (head "1") (chest "0") (stomach "1") (leftarm "1") (rightarm "0") (leftleg "0") (rightleg "0")
L 04/04/2015 - 10:15:22: "T.N.L. Leks<22><STEAM_0:4:862342405><CT>" triggered "weaponstats" (weapon "m4a1") (shots "242") (hits "54") (kills "20") (headshots "13") (tks "0") (damage "2760") (deaths "4")
L 04/04/2015 - 10:15:22: "T.N.L. Leks<22><STEAM_0:4:862342405><CT>" triggered "weaponstats2" (weapon "m4a1") (head "13") (chest "5") (stomach "1") (leftarm "24") (rightarm "7") (leftleg "1") (rightleg "3")
L 04/04/2015 - 10:15:22: "T.N.L. Leks<22><STEAM_0:4:862342405><CT>" triggered "weaponstats" (weapon "ak47") (shots "28") (hits "6") (kills "2") (headshots "1") (tks "0") (damage "306") (deaths "2")
L 04/04/2015 - 10:15:22: "T.N.L. Leks<22><STEAM_0:4:862342405><CT>" triggered "weaponstats2" (weapon "ak47") (head "1") (chest "1") (stomach "0") (leftarm "4") (rightarm "0") (leftleg "0") (rightleg "0")
L 04/04/2015 - 10:15:22: "T.N.L. Leks<22><STEAM_0:4:862342405><CT>" triggered "weaponstats" (weapon "knife") (shots "8") (hits "0") (kills "0") (headshots "0") (tks "0") (damage "0") (deaths "0")
L 04/04/2015 - 10:15:22: "T.N.L. Leks<22><STEAM_0:4:862342405><CT>" triggered "weaponstats2" (weapon "knife") (head "0") (chest "0") (stomach "0") (leftarm "0") (rightarm "0") (leftleg "0") (rightleg "0")
L 04/04/2015 - 10:15:22: "T.N.L. Leks<22><STEAM_0:4:862342405><CT>" triggered "time" (time "10:56")
L 04/04/2015 - 10:15:22: "T.N.L. Leks<22><STEAM_0:4:862342405><CT>" triggered "latency" (ping "57")
L 04/04/2015 - 10:15:22: "SETTI<23><STEAM_0:4:1372501982><TERRORIST>" triggered "weaponstats" (weapon "glock18") (shots "1") (hits "0") (kills "0") (headshots "0") (tks "0") (damage "0") (deaths "0")
L 04/04/2015 - 10:15:22: "SETTI<23><STEAM_0:4:1372501982><TERRORIST>" triggered "weaponstats2" (weapon "glock18") (head "0") (chest "0") (stomach "0") (leftarm "0") (rightarm "0") (leftleg "0") (rightleg "0")
L 04/04/2015 - 10:15:22: "SETTI<23><STEAM_0:4:1372501982><TERRORIST>" triggered "weaponstats" (weapon "awp") (shots "8") (hits "5") (kills "5") (headshots "0") (tks "0") (damage "557") (deaths "4")
L 04/04/2015 - 10:15:22: "SETTI<23><STEAM_0:4:1372501982><TERRORIST>" triggered "weaponstats2" (weapon "awp") (head "0") (chest "1") (stomach "0") (leftarm "4") (rightarm "0") (leftleg "0") (rightleg "0")
L 04/04/2015 - 10:15:22: "SETTI<23><STEAM_0:4:1372501982><TERRORIST>" triggered "weaponstats" (weapon "mp5navy") (shots "24") (hits "7") (kills "1") (headshots "0") (tks "0") (damage "106") (deaths "1")
L 04/04/2015 - 10:15:22: "SETTI<23><STEAM_0:4:1372501982><TERRORIST>" triggered "weaponstats2" (weapon "mp5navy") (head "0") (chest "2") (stomach "2") (leftarm "2") (rightarm "0") (leftleg "0") (rightleg "1")
L 04/04/2015 - 10:15:22: "SETTI<23><STEAM_0:4:1372501982><TERRORIST>" triggered "weaponstats" (weapon "m4a1") (shots "255") (hits "58") (kills "7") (headshots "5") (tks "0") (damage "2017") (deaths "23")
L 04/04/2015 - 10:15:22: "SETTI<23><STEAM_0:4:1372501982><TERRORIST>" triggered "weaponstats2" (weapon "m4a1") (head "7") (chest "8") (stomach "13") (leftarm "17") (rightarm "3") (leftleg "3") (rightleg "7")
L 04/04/2015 - 10:15:22: "SETTI<23><STEAM_0:4:1372501982><TERRORIST>" triggered "time" (time "10:51")
L 04/04/2015 - 10:15:22: "SETTI<23><STEAM_0:4:1372501982><TERRORIST>" triggered "latency" (ping "83")
L 04/04/2015 - 10:15:22: [META] ini: Begin re-reading plugins list: /home/extazy/public/cstrike/addons/metamod/plugins.ini
L 04/04/2015 - 10:15:22: [META] ini: Read plugin config for: AMX Mod X
L 04/04/2015 - 10:15:22: [META] ini: Read plugin config for: dproto_EF
L 04/04/2015 - 10:15:22: [META] ini: Read plugin config for: VoiceTranscoder
L 04/04/2015 - 10:15:22: [META] ini: Finished reading plugins list: /home/extazy/public/cstrike/addons/metamod/plugins.ini; Found 3 plugins
L 04/04/2015 - 10:15:22: [META] dll: Updating plugins...
L 04/04/2015 - 10:15:22: [META] dll: Finished updating 12 plugins; kept 3, loaded 0, unloaded 0, reloaded 0, delayed 0
L 04/04/2015 - 10:15:22: "(Parinok)<32><STEAM_0:4:1272341715><CT>" disconnected
L 04/04/2015 - 10:15:22: "Na_nax<33><STEAM_0:4:1446693380><TERRORIST>" disconnected
L 04/04/2015 - 10:15:22: "T.N.L. Leks<22><STEAM_0:4:862342405><CT>" disconnected
L 04/04/2015 - 10:15:22: "SETTI<23><STEAM_0:4:1372501982><TERRORIST>" disconnected
L 04/04/2015 - 10:15:22: World triggered "Round_Draw" (CT "28") (T "7")
L 04/04/2015 - 10:15:22: World triggered "Round_End"
L 04/04/2015 - 10:15:22: Log file closed
