L 04/01/2015 - 23:26:20: Log file started (file "logs/L0401045.log") (game "cstrike") (version "48/1.6.3.7/Stdio/5787")
L 04/01/2015 - 23:26:20: Loading map "$2000$"
L 04/01/2015 - 23:26:20: Server cvars start
L 04/01/2015 - 23:26:20: Server cvar "_tutor_bomb_viewable_check_interval" = "0.5"
L 04/01/2015 - 23:26:20: Server cvar "_tutor_debug_level" = "0"
L 04/01/2015 - 23:26:20: Server cvar "_tutor_examine_time" = "0.5"
L 04/01/2015 - 23:26:20: Server cvar "_tutor_hint_interval_time" = "10.0"
L 04/01/2015 - 23:26:20: Server cvar "_tutor_look_angle" = "10"
L 04/01/2015 - 23:26:20: Server cvar "_tutor_look_distance" = "200"
L 04/01/2015 - 23:26:20: Server cvar "_tutor_message_character_display_time_coefficient" = "0.07"
L 04/01/2015 - 23:26:20: Server cvar "_tutor_message_minimum_display_time" = "1"
L 04/01/2015 - 23:26:20: Server cvar "_tutor_message_repeats" = "5"
L 04/01/2015 - 23:26:20: Server cvar "_tutor_view_distance" = "1000"
L 04/01/2015 - 23:26:20: Server cvar "aesp_version" = "1.5b_mini"
L 04/01/2015 - 23:26:20: Server cvar "allow_spectators" = "4"
L 04/01/2015 - 23:26:20: Server cvar "amx_client_languages" = "0"
L 04/01/2015 - 23:26:20: Server cvar "amx_contactinfo" = "ICQ: 691322983"
L 04/01/2015 - 23:26:20: Server cvar "amx_language" = "ru"
L 04/01/2015 - 23:26:20: Server cvar "amx_nextmap" = "awp_india"
L 04/01/2015 - 23:26:20: Server cvar "amx_timeleft" = "25:39"
L 04/01/2015 - 23:26:20: Server cvar "amxbans_ssversion" = "Gm 1.6"
L 04/01/2015 - 23:26:20: Server cvar "amxbans_version" = "Gm 1.6"
L 04/01/2015 - 23:26:20: Server cvar "amxmodx_version" = "1.8.1.3746"
L 04/01/2015 - 23:26:20: Server cvar "Colored Translit Cheat" = "Loaded"
L 04/01/2015 - 23:26:20: Server cvar "Colored Translit Config" = "Loaded"
L 04/01/2015 - 23:26:20: Server cvar "Colored Translit Ignores" = "Loaded"
L 04/01/2015 - 23:26:20: Server cvar "Colored Translit Replace" = "Failed"
L 04/01/2015 - 23:26:20: Server cvar "Colored Translit Spam" = "Loaded"
L 04/01/2015 - 23:26:20: Server cvar "Colored Translit Status" = "Loaded"
L 04/01/2015 - 23:26:20: Server cvar "Colored Translit Swear" = "Loaded"
L 04/01/2015 - 23:26:20: Server cvar "Colored Translit Version" = "2.0b Final"
L 04/01/2015 - 23:26:20: Server cvar "coop" = "0"
L 04/01/2015 - 23:26:20: Server cvar "deathmatch" = "1"
L 04/01/2015 - 23:26:20: Server cvar "decalfrequency" = "9"
L 04/01/2015 - 23:26:20: Server cvar "dp_version" = "0.9.391"
L 04/01/2015 - 23:26:20: Server cvar "edgefriction" = "2"
L 04/01/2015 - 23:26:20: Server cvar "hostage_debug" = "0"
L 04/01/2015 - 23:26:20: Server cvar "hostage_stop" = "0"
L 04/01/2015 - 23:26:20: Server cvar "humans_join_team" = "any"
L 04/01/2015 - 23:26:20: Server cvar "jtp10181" = "chute,gore"
L 04/01/2015 - 23:26:20: Server cvar "max_queries_sec" = "3.0"
L 04/01/2015 - 23:26:20: Server cvar "max_queries_sec_global" = "30"
L 04/01/2015 - 23:26:20: Server cvar "max_queries_window" = "60"
L 04/01/2015 - 23:26:20: Server cvar "metamod_version" = "1.19"
L 04/01/2015 - 23:26:20: Server cvar "mp_allowmonsters" = "0"
L 04/01/2015 - 23:26:20: Server cvar "mp_autokick" = "1"
L 04/01/2015 - 23:26:20: Server cvar "mp_autoteambalance" = "1"
L 04/01/2015 - 23:26:20: Server cvar "mp_buytime" = "1.5"
L 04/01/2015 - 23:26:20: Server cvar "mp_c4timer" = "35"
L 04/01/2015 - 23:26:20: Server cvar "mp_chattime" = "1"
L 04/01/2015 - 23:26:20: Server cvar "mp_consistency" = "1"
L 04/01/2015 - 23:26:20: Server cvar "mp_fadetoblack" = "0"
L 04/01/2015 - 23:26:20: Server cvar "mp_flashlight" = "1"
L 04/01/2015 - 23:26:20: Server cvar "mp_footsteps" = "1"
L 04/01/2015 - 23:26:20: Server cvar "mp_forcecamera" = "0"
L 04/01/2015 - 23:26:20: Server cvar "mp_forcechasecam" = "0"
L 04/01/2015 - 23:26:20: Server cvar "mp_fragsleft" = "0"
L 04/01/2015 - 23:26:20: Server cvar "mp_freezetime" = "5"
L 04/01/2015 - 23:26:20: Server cvar "mp_friendlyfire" = "0"
L 04/01/2015 - 23:26:20: Server cvar "mp_ghostfrequency" = "0.1"
L 04/01/2015 - 23:26:20: Server cvar "mp_hostagepenalty" = "0"
L 04/01/2015 - 23:26:20: Server cvar "mp_kickpercent" = "0.66"
L 04/01/2015 - 23:26:20: Server cvar "mp_limitteams" = "5"
L 04/01/2015 - 23:26:20: Server cvar "mp_logdetail" = "3"
L 04/01/2015 - 23:26:20: Server cvar "mp_logfile" = "1"
L 04/01/2015 - 23:26:20: Server cvar "mp_logmessages" = "1"
L 04/01/2015 - 23:26:20: Server cvar "mp_mapvoteratio" = "0.66"
L 04/01/2015 - 23:26:20: Server cvar "mp_maxrounds" = "0"
L 04/01/2015 - 23:26:20: Server cvar "mp_mirrordamage" = "0"
L 04/01/2015 - 23:26:20: Server cvar "mp_playerid" = "0"
L 04/01/2015 - 23:26:20: Server cvar "mp_roundtime" = "2.57"
L 04/01/2015 - 23:26:20: Server cvar "mp_startmoney" = "800"
L 04/01/2015 - 23:26:20: Server cvar "mp_timeleft" = "0"
L 04/01/2015 - 23:26:20: Server cvar "mp_timelimit" = "30.000000"
L 04/01/2015 - 23:26:20: Server cvar "mp_tkpunish" = "1"
L 04/01/2015 - 23:26:20: Server cvar "mp_windifference" = "1"
L 04/01/2015 - 23:26:20: Server cvar "mp_winlimit" = "0"
L 04/01/2015 - 23:26:20: Server cvar "pausable" = "0"
L 04/01/2015 - 23:26:20: Server cvar "sv_accelerate" = "5"
L 04/01/2015 - 23:26:20: Server cvar "sv_aim" = "0"
L 04/01/2015 - 23:26:20: Server cvar "sv_airaccelerate" = "10"
L 04/01/2015 - 23:26:20: Server cvar "sv_airmove" = "1"
L 04/01/2015 - 23:26:20: Server cvar "sv_allowupload" = "1"
L 04/01/2015 - 23:26:20: Server cvar "sv_alltalk" = "0"
L 04/01/2015 - 23:26:20: Server cvar "sv_bounce" = "1"
L 04/01/2015 - 23:26:20: Server cvar "sv_cheats" = "0"
L 04/01/2015 - 23:26:20: Server cvar "sv_clienttrace" = "1"
L 04/01/2015 - 23:26:20: Server cvar "sv_clipmode" = "0"
L 04/01/2015 - 23:26:20: Server cvar "sv_contact" = ""
L 04/01/2015 - 23:26:20: Server cvar "sv_friction" = "4"
L 04/01/2015 - 23:26:20: Server cvar "sv_gravity" = "800"
L 04/01/2015 - 23:26:20: Server cvar "sv_logblocks" = "0"
L 04/01/2015 - 23:26:20: Server cvar "sv_maxrate" = "25000"
L 04/01/2015 - 23:26:20: Server cvar "sv_maxspeed" = "900"
L 04/01/2015 - 23:26:20: Server cvar "sv_minrate" = "100000"
L 04/01/2015 - 23:26:20: Server cvar "sv_password" = ""
L 04/01/2015 - 23:26:20: Server cvar "sv_proxies" = "0"
L 04/01/2015 - 23:26:20: Server cvar "sv_region" = "3"
L 04/01/2015 - 23:26:20: Server cvar "sv_restart" = "0"
L 04/01/2015 - 23:26:20: Server cvar "sv_restartround" = "0"
L 04/01/2015 - 23:26:20: Server cvar "sv_stepsize" = "18"
L 04/01/2015 - 23:26:20: Server cvar "sv_stopspeed" = "75"
L 04/01/2015 - 23:26:20: Server cvar "sv_uploadmax" = "0.5"
L 04/01/2015 - 23:26:20: Server cvar "sv_voiceenable" = "1"
L 04/01/2015 - 23:26:20: Server cvar "sv_wateraccelerate" = "10"
L 04/01/2015 - 23:26:20: Server cvar "sv_waterfriction" = "1"
L 04/01/2015 - 23:26:20: Server cvar "travo_statmarquee" = "v1.2"
L 04/01/2015 - 23:26:20: Server cvar "vtc_version" = "80"
L 04/01/2015 - 23:26:20: Server cvar "wallblocker_version" = "1.0"
L 04/01/2015 - 23:26:20: Server cvar "whb_version" = "1.5.530"
L 04/01/2015 - 23:26:20: Server cvars end
L 04/01/2015 - 23:26:20: Server cvar "amx_nextmap" = "awp_dust"
L 04/01/2015 - 23:26:20: Server cvar "sv_restart" = "1"
L 04/01/2015 - 23:26:20: World triggered "Restart_Round_(1_second)"
L 04/01/2015 - 23:26:20: Team "CT" scored "0" with "0" players
L 04/01/2015 - 23:26:20: Team "TERRORIST" scored "0" with "0" players
L 04/01/2015 - 23:26:20: Server cvar "sv_restart" = "0"
L 04/01/2015 - 23:26:20: Started map "$2000$" (CRC "-1688392397")
L 04/01/2015 - 23:26:25: World triggered "Round_Start"
L 04/01/2015 - 23:33:08: [DPROTO]: Client 0 - Set AuthIdType 3 [dp_RevEmu]; pClient = 0xb3994f08
L 04/01/2015 - 23:33:08: "KKK<90><STEAM_0:4:1873642474><>" connected, address "109.229.7.118:27005"
L 04/01/2015 - 23:33:08: [VTC] Player 1 speex
L 04/01/2015 - 23:33:27: [DPROTO]: Client 0 - Set AuthIdType 3 [dp_RevEmu]; pClient = 0xb3994f08
L 04/01/2015 - 23:33:27: "KKK<91><STEAM_0:4:1873642474><>" connected, address "109.229.7.118:27005"
L 04/01/2015 - 23:33:27: [VTC] Player 1 speex
L 04/01/2015 - 23:33:30: "KKK<91><STEAM_0:4:1873642474><>" entered the game
L 04/01/2015 - 23:33:33: "KKK<91><STEAM_0:4:1873642474><>" joined team "TERRORIST"
L 04/01/2015 - 23:33:46: [DPROTO]: Client 1 - Set AuthIdType 3 [dp_RevEmu]; pClient = 0xb3999dfc
L 04/01/2015 - 23:33:46: "Hier kommt die Sonne<92><STEAM_0:4:1820666563><>" connected, address "62.183.86.112:21756"
L 04/01/2015 - 23:33:46: [VTC] Player 2 speex
L 04/01/2015 - 23:33:51: "Hier kommt die Sonne<92><STEAM_0:4:1820666563><>" entered the game
L 04/01/2015 - 23:33:55: "Hier kommt die Sonne<92><STEAM_0:4:1820666563><>" joined team "CT"
L 04/01/2015 - 23:33:55: World triggered "Game_Commencing"
L 04/01/2015 - 23:33:55: World triggered "Game_Commencing" (CT "0") (T "0")
L 04/01/2015 - 23:33:55: World triggered "Round_End"
L 04/01/2015 - 23:34:03: World triggered "Round_Start"
L 04/01/2015 - 23:34:14: "Hier kommt die Sonne<92><STEAM_0:4:1820666563><CT>" attacked "KKK<91><STEAM_0:4:1873642474><TERRORIST>" with "ak47" (damage "34") (damage_armor "0") (health "66") (armor "0")
L 04/01/2015 - 23:34:14: "Hier kommt die Sonne<92><STEAM_0:4:1820666563><CT>" attacked "KKK<91><STEAM_0:4:1873642474><TERRORIST>" with "ak47" (damage "34") (damage_armor "0") (health "32") (armor "0")
L 04/01/2015 - 23:34:14: "Hier kommt die Sonne<92><STEAM_0:4:1820666563><CT>" attacked "KKK<91><STEAM_0:4:1873642474><TERRORIST>" with "ak47" (damage "25") (damage_armor "0") (health "7") (armor "0")
L 04/01/2015 - 23:34:15: "Hier kommt die Sonne<92><STEAM_0:4:1820666563><CT>" attacked "KKK<91><STEAM_0:4:1873642474><TERRORIST>" with "ak47" (damage "25") (damage_armor "0") (health "-18") (armor "0")
L 04/01/2015 - 23:34:15: "Hier kommt die Sonne<92><STEAM_0:4:1820666563><CT>" killed "KKK<91><STEAM_0:4:1873642474><TERRORIST>" with "ak47"
L 04/01/2015 - 23:34:15: Team "CT" triggered "CTs_Win" (CT "1") (T "0")
L 04/01/2015 - 23:34:15: World triggered "Round_End"
L 04/01/2015 - 23:34:25: World triggered "Round_Start"
L 04/01/2015 - 23:34:33: "Hier kommt die Sonne<92><STEAM_0:4:1820666563><CT>" attacked "KKK<91><STEAM_0:4:1873642474><TERRORIST>" with "ak47" (damage "43") (damage_armor "0") (health "57") (armor "0")
L 04/01/2015 - 23:34:33: "Hier kommt die Sonne<92><STEAM_0:4:1820666563><CT>" attacked "KKK<91><STEAM_0:4:1873642474><TERRORIST>" with "ak47" (damage "35") (damage_armor "0") (health "22") (armor "0")
L 04/01/2015 - 23:34:33: "Hier kommt die Sonne<92><STEAM_0:4:1820666563><CT>" attacked "KKK<91><STEAM_0:4:1873642474><TERRORIST>" with "ak47" (damage "35") (damage_armor "0") (health "-13") (armor "0")
L 04/01/2015 - 23:34:33: "Hier kommt die Sonne<92><STEAM_0:4:1820666563><CT>" killed "KKK<91><STEAM_0:4:1873642474><TERRORIST>" with "ak47"
L 04/01/2015 - 23:34:33: Team "CT" triggered "CTs_Win" (CT "2") (T "0")
L 04/01/2015 - 23:34:33: World triggered "Round_End"
L 04/01/2015 - 23:34:41: "KKK<91><STEAM_0:4:1873642474><TERRORIST>" triggered "weaponstats" (weapon "grenade") (shots "1") (hits "0") (kills "0") (headshots "0") (tks "0") (damage "0") (deaths "0")
L 04/01/2015 - 23:34:41: "KKK<91><STEAM_0:4:1873642474><TERRORIST>" triggered "weaponstats2" (weapon "grenade") (head "0") (chest "0") (stomach "0") (leftarm "0") (rightarm "0") (leftleg "0") (rightleg "0")
L 04/01/2015 - 23:34:41: "KKK<91><STEAM_0:4:1873642474><TERRORIST>" triggered "weaponstats" (weapon "glock18") (shots "3") (hits "0") (kills "0") (headshots "0") (tks "0") (damage "0") (deaths "1")
L 04/01/2015 - 23:34:41: "KKK<91><STEAM_0:4:1873642474><TERRORIST>" triggered "weaponstats2" (weapon "glock18") (head "0") (chest "0") (stomach "0") (leftarm "0") (rightarm "0") (leftleg "0") (rightleg "0")
L 04/01/2015 - 23:34:41: "KKK<91><STEAM_0:4:1873642474><TERRORIST>" triggered "weaponstats" (weapon "awp") (shots "1") (hits "0") (kills "0") (headshots "0") (tks "0") (damage "0") (deaths "0")
L 04/01/2015 - 23:34:41: "KKK<91><STEAM_0:4:1873642474><TERRORIST>" triggered "weaponstats2" (weapon "awp") (head "0") (chest "0") (stomach "0") (leftarm "0") (rightarm "0") (leftleg "0") (rightleg "0")
L 04/01/2015 - 23:34:41: "KKK<91><STEAM_0:4:1873642474><TERRORIST>" triggered "weaponstats" (weapon "mp5navy") (shots "4") (hits "0") (kills "0") (headshots "0") (tks "0") (damage "0") (deaths "0")
L 04/01/2015 - 23:34:41: "KKK<91><STEAM_0:4:1873642474><TERRORIST>" triggered "weaponstats2" (weapon "mp5navy") (head "0") (chest "0") (stomach "0") (leftarm "0") (rightarm "0") (leftleg "0") (rightleg "0")
L 04/01/2015 - 23:34:41: "KKK<91><STEAM_0:4:1873642474><TERRORIST>" triggered "time" (time "1:10")
L 04/01/2015 - 23:34:41: "KKK<91><STEAM_0:4:1873642474><TERRORIST>" triggered "latency" (ping "87")
L 04/01/2015 - 23:34:41: "KKK<91><STEAM_0:4:1873642474><TERRORIST>" disconnected
L 04/01/2015 - 23:34:41: [DPROTO]: Client 0 - Set AuthIdType 3 [dp_RevEmu]; pClient = 0xb3994f08
L 04/01/2015 - 23:34:41: "KKK<93><STEAM_0:4:1873642474><>" connected, address "109.229.7.118:27005"
L 04/01/2015 - 23:34:41: Kick: "KKK<93><STEAM_0:4:1873642474><>" was kicked by "Console" (message ""Повторное подключение будет доступно через 20 секунд"")
L 04/01/2015 - 23:34:43: World triggered "Round_Start"
L 04/01/2015 - 23:35:25: [DPROTO]: Client 0 - Set AuthIdType 3 [dp_RevEmu]; pClient = 0xb3994f08
L 04/01/2015 - 23:35:25: "KKK<94><STEAM_0:4:1873642474><>" connected, address "109.229.7.118:27005"
L 04/01/2015 - 23:35:25: [VTC] Player 1 speex
L 04/01/2015 - 23:35:26: "Hier kommt die Sonne<92><STEAM_0:4:1820666563><CT>" triggered "weaponstats" (weapon "ak47") (shots "16") (hits "4") (kills "1") (headshots "0") (tks "0") (damage "118") (deaths "0")
L 04/01/2015 - 23:35:26: "Hier kommt die Sonne<92><STEAM_0:4:1820666563><CT>" triggered "weaponstats2" (weapon "ak47") (head "0") (chest "1") (stomach "0") (leftarm "0") (rightarm "1") (leftleg "1") (rightleg "1")
L 04/01/2015 - 23:35:26: "Hier kommt die Sonne<92><STEAM_0:4:1820666563><CT>" triggered "time" (time "1:35")
L 04/01/2015 - 23:35:26: "Hier kommt die Sonne<92><STEAM_0:4:1820666563><CT>" triggered "latency" (ping "115")
L 04/01/2015 - 23:35:26: "Hier kommt die Sonne<92><STEAM_0:4:1820666563><CT>" disconnected
L 04/01/2015 - 23:35:26: World triggered "Round_Draw" (CT "2") (T "0")
L 04/01/2015 - 23:35:26: World triggered "Round_End"
L 04/01/2015 - 23:35:30: "KKK<94><STEAM_0:4:1873642474><>" entered the game
L 04/01/2015 - 23:35:36: World triggered "Round_Start"
L 04/01/2015 - 23:36:03: "KKK<94><STEAM_0:4:1873642474><UNASSIGNED>" triggered "time" (time "0:33")
L 04/01/2015 - 23:36:03: "KKK<94><STEAM_0:4:1873642474><UNASSIGNED>" triggered "latency" (ping "89")
L 04/01/2015 - 23:36:03: "KKK<94><STEAM_0:4:1873642474><>" disconnected
L 04/01/2015 - 23:36:03: World triggered "Round_Draw" (CT "2") (T "0")
L 04/01/2015 - 23:36:03: World triggered "Round_End"
L 04/01/2015 - 23:36:13: World triggered "Round_Start"
L 04/01/2015 - 23:47:01: [DPROTO]: Client 0 - Set AuthIdType 3 [dp_RevEmu]; pClient = 0xb3994f08
L 04/01/2015 - 23:47:01: "Dimanski<95><STEAM_0:4:868633989><>" connected, address "178.121.208.206:15943"
L 04/01/2015 - 23:47:01: [VTC] Player 1 speex
L 04/01/2015 - 23:47:04: "Dimanski<95><STEAM_0:4:868633989><>" entered the game
L 04/01/2015 - 23:47:06: "Dimanski<95><STEAM_0:4:868633989><>" joined team "CT"
L 04/01/2015 - 23:47:55: "Dimanski<95><STEAM_0:4:868633989><CT>" triggered "weaponstats" (weapon "knife") (shots "3") (hits "0") (kills "0") (headshots "0") (tks "0") (damage "0") (deaths "0")
L 04/01/2015 - 23:47:55: "Dimanski<95><STEAM_0:4:868633989><CT>" triggered "weaponstats2" (weapon "knife") (head "0") (chest "0") (stomach "0") (leftarm "0") (rightarm "0") (leftleg "0") (rightleg "0")
L 04/01/2015 - 23:47:55: "Dimanski<95><STEAM_0:4:868633989><CT>" triggered "time" (time "0:51")
L 04/01/2015 - 23:47:55: "Dimanski<95><STEAM_0:4:868633989><CT>" triggered "latency" (ping "0")
L 04/01/2015 - 23:47:55: "Dimanski<95><STEAM_0:4:868633989><CT>" disconnected
L 04/01/2015 - 23:47:55: World triggered "Round_Draw" (CT "2") (T "0")
L 04/01/2015 - 23:47:55: World triggered "Round_End"
L 04/01/2015 - 23:48:05: World triggered "Round_Start"
L 04/02/2015 - 00:02:07: [META] ini: Begin re-reading plugins list: /home/extazy/public/cstrike/addons/metamod/plugins.ini
L 04/02/2015 - 00:02:07: [META] ini: Read plugin config for: AMX Mod X
L 04/02/2015 - 00:02:07: [META] ini: Read plugin config for: dproto_EF
L 04/02/2015 - 00:02:07: [META] ini: Read plugin config for: VoiceTranscoder
L 04/02/2015 - 00:02:07: [META] ini: Read plugin config for: WHBlocker
L 04/02/2015 - 00:02:07: [META] ini: Finished reading plugins list: /home/extazy/public/cstrike/addons/metamod/plugins.ini; Found 4 plugins
L 04/02/2015 - 00:02:07: [META] dll: Updating plugins...
L 04/02/2015 - 00:02:07: [META] dll: Finished updating 13 plugins; kept 4, loaded 0, unloaded 0, reloaded 0, delayed 0
L 04/02/2015 - 00:02:07: Log file closed
