L 04/08/2015 - 18:11:52: Log file started (file "logs/L0408010.log") (game "cstrike") (version "48/1.6.3.7/Stdio/5787")
L 04/08/2015 - 18:11:52: Loading map "$3000$"
L 04/08/2015 - 18:11:52: Server cvars start
L 04/08/2015 - 18:11:52: Server cvar "_tutor_bomb_viewable_check_interval" = "0.5"
L 04/08/2015 - 18:11:52: Server cvar "_tutor_debug_level" = "0"
L 04/08/2015 - 18:11:52: Server cvar "_tutor_examine_time" = "0.5"
L 04/08/2015 - 18:11:52: Server cvar "_tutor_hint_interval_time" = "10.0"
L 04/08/2015 - 18:11:52: Server cvar "_tutor_look_angle" = "10"
L 04/08/2015 - 18:11:52: Server cvar "_tutor_look_distance" = "200"
L 04/08/2015 - 18:11:52: Server cvar "_tutor_message_character_display_time_coefficient" = "0.07"
L 04/08/2015 - 18:11:52: Server cvar "_tutor_message_minimum_display_time" = "1"
L 04/08/2015 - 18:11:52: Server cvar "_tutor_message_repeats" = "5"
L 04/08/2015 - 18:11:52: Server cvar "_tutor_view_distance" = "1000"
L 04/08/2015 - 18:11:52: Server cvar "aesp_version" = "1.5b_mini"
L 04/08/2015 - 18:11:52: Server cvar "allow_spectators" = "4"
L 04/08/2015 - 18:11:52: Server cvar "amx_client_languages" = "0"
L 04/08/2015 - 18:11:52: Server cvar "amx_contactinfo" = "ICQ: 691322983"
L 04/08/2015 - 18:11:52: Server cvar "amx_language" = "ru"
L 04/08/2015 - 18:11:52: Server cvar "amx_nextmap" = "$3000$"
L 04/08/2015 - 18:11:52: Server cvar "amx_timeleft" = "00:00"
L 04/08/2015 - 18:11:52: Server cvar "amxbans_ssversion" = "Gm 1.6"
L 04/08/2015 - 18:11:52: Server cvar "amxbans_version" = "Gm 1.6"
L 04/08/2015 - 18:11:52: Server cvar "amxmodx_version" = "1.8.1.3746"
L 04/08/2015 - 18:11:52: Server cvar "Colored Translit Cheat" = "Loaded"
L 04/08/2015 - 18:11:52: Server cvar "Colored Translit Config" = "Loaded"
L 04/08/2015 - 18:11:52: Server cvar "Colored Translit Ignores" = "Loaded"
L 04/08/2015 - 18:11:52: Server cvar "Colored Translit Replace" = "Failed"
L 04/08/2015 - 18:11:52: Server cvar "Colored Translit Spam" = "Loaded"
L 04/08/2015 - 18:11:52: Server cvar "Colored Translit Status" = "Loaded"
L 04/08/2015 - 18:11:52: Server cvar "Colored Translit Swear" = "Loaded"
L 04/08/2015 - 18:11:52: Server cvar "Colored Translit Version" = "2.0b Final"
L 04/08/2015 - 18:11:52: Server cvar "coop" = "0"
L 04/08/2015 - 18:11:52: Server cvar "deathmatch" = "1"
L 04/08/2015 - 18:11:52: Server cvar "decalfrequency" = "9"
L 04/08/2015 - 18:11:52: Server cvar "dp_version" = "0.9.391"
L 04/08/2015 - 18:11:52: Server cvar "edgefriction" = "2"
L 04/08/2015 - 18:11:52: Server cvar "hostage_debug" = "0"
L 04/08/2015 - 18:11:52: Server cvar "hostage_stop" = "0"
L 04/08/2015 - 18:11:52: Server cvar "humans_join_team" = "any"
L 04/08/2015 - 18:11:52: Server cvar "jtp10181" = "chute,gore"
L 04/08/2015 - 18:11:52: Server cvar "max_queries_sec" = "3.0"
L 04/08/2015 - 18:11:52: Server cvar "max_queries_sec_global" = "30"
L 04/08/2015 - 18:11:52: Server cvar "max_queries_window" = "60"
L 04/08/2015 - 18:11:52: Server cvar "metamod_version" = "1.19"
L 04/08/2015 - 18:11:52: Server cvar "mp_allowmonsters" = "0"
L 04/08/2015 - 18:11:52: Server cvar "mp_autokick" = "1"
L 04/08/2015 - 18:11:52: Server cvar "mp_autoteambalance" = "1"
L 04/08/2015 - 18:11:52: Server cvar "mp_buytime" = "1.5"
L 04/08/2015 - 18:11:52: Server cvar "mp_c4timer" = "35"
L 04/08/2015 - 18:11:52: Server cvar "mp_chattime" = "1"
L 04/08/2015 - 18:11:52: Server cvar "mp_consistency" = "1"
L 04/08/2015 - 18:11:52: Server cvar "mp_fadetoblack" = "0"
L 04/08/2015 - 18:11:52: Server cvar "mp_flashlight" = "1"
L 04/08/2015 - 18:11:52: Server cvar "mp_footsteps" = "1"
L 04/08/2015 - 18:11:52: Server cvar "mp_forcecamera" = "0"
L 04/08/2015 - 18:11:52: Server cvar "mp_forcechasecam" = "0"
L 04/08/2015 - 18:11:52: Server cvar "mp_fragsleft" = "0"
L 04/08/2015 - 18:11:52: Server cvar "mp_freezetime" = "5"
L 04/08/2015 - 18:11:52: Server cvar "mp_friendlyfire" = "0"
L 04/08/2015 - 18:11:52: Server cvar "mp_ghostfrequency" = "0.1"
L 04/08/2015 - 18:11:52: Server cvar "mp_hostagepenalty" = "0"
L 04/08/2015 - 18:11:52: Server cvar "mp_kickpercent" = "0.66"
L 04/08/2015 - 18:11:52: Server cvar "mp_limitteams" = "5"
L 04/08/2015 - 18:11:52: Server cvar "mp_logdetail" = "3"
L 04/08/2015 - 18:11:52: Server cvar "mp_logfile" = "1"
L 04/08/2015 - 18:11:52: Server cvar "mp_logmessages" = "1"
L 04/08/2015 - 18:11:52: Server cvar "mp_mapvoteratio" = "0.66"
L 04/08/2015 - 18:11:52: Server cvar "mp_maxrounds" = "0"
L 04/08/2015 - 18:11:52: Server cvar "mp_mirrordamage" = "0"
L 04/08/2015 - 18:11:52: Server cvar "mp_playerid" = "0"
L 04/08/2015 - 18:11:52: Server cvar "mp_roundtime" = "2.57"
L 04/08/2015 - 18:11:52: Server cvar "mp_startmoney" = "800"
L 04/08/2015 - 18:11:52: Server cvar "mp_timeleft" = "0"
L 04/08/2015 - 18:11:52: Server cvar "mp_timelimit" = "30.000000"
L 04/08/2015 - 18:11:52: Server cvar "mp_tkpunish" = "1"
L 04/08/2015 - 18:11:52: Server cvar "mp_windifference" = "1"
L 04/08/2015 - 18:11:52: Server cvar "mp_winlimit" = "0"
L 04/08/2015 - 18:11:52: Server cvar "pausable" = "0"
L 04/08/2015 - 18:11:52: Server cvar "sv_accelerate" = "5"
L 04/08/2015 - 18:11:52: Server cvar "sv_aim" = "0"
L 04/08/2015 - 18:11:52: Server cvar "sv_airaccelerate" = "10"
L 04/08/2015 - 18:11:52: Server cvar "sv_airmove" = "1"
L 04/08/2015 - 18:11:52: Server cvar "sv_allowupload" = "1"
L 04/08/2015 - 18:11:52: Server cvar "sv_alltalk" = "0"
L 04/08/2015 - 18:11:52: Server cvar "sv_bounce" = "1"
L 04/08/2015 - 18:11:52: Server cvar "sv_cheats" = "0"
L 04/08/2015 - 18:11:52: Server cvar "sv_clienttrace" = "1"
L 04/08/2015 - 18:11:52: Server cvar "sv_clipmode" = "0"
L 04/08/2015 - 18:11:52: Server cvar "sv_contact" = ""
L 04/08/2015 - 18:11:52: Server cvar "sv_friction" = "4"
L 04/08/2015 - 18:11:52: Server cvar "sv_gravity" = "800"
L 04/08/2015 - 18:11:52: Server cvar "sv_logblocks" = "0"
L 04/08/2015 - 18:11:52: Server cvar "sv_maxrate" = "25000"
L 04/08/2015 - 18:11:52: Server cvar "sv_maxspeed" = "900"
L 04/08/2015 - 18:11:52: Server cvar "sv_minrate" = "100000"
L 04/08/2015 - 18:11:52: Server cvar "sv_password" = ""
L 04/08/2015 - 18:11:52: Server cvar "sv_proxies" = "0"
L 04/08/2015 - 18:11:52: Server cvar "sv_region" = "3"
L 04/08/2015 - 18:11:52: Server cvar "sv_restart" = "0"
L 04/08/2015 - 18:11:52: Server cvar "sv_restartround" = "0"
L 04/08/2015 - 18:11:52: Server cvar "sv_stepsize" = "18"
L 04/08/2015 - 18:11:52: Server cvar "sv_stopspeed" = "75"
L 04/08/2015 - 18:11:52: Server cvar "sv_uploadmax" = "0.5"
L 04/08/2015 - 18:11:52: Server cvar "sv_voiceenable" = "1"
L 04/08/2015 - 18:11:52: Server cvar "sv_wateraccelerate" = "10"
L 04/08/2015 - 18:11:52: Server cvar "sv_waterfriction" = "1"
L 04/08/2015 - 18:11:52: Server cvar "travo_statmarquee" = "v1.2"
L 04/08/2015 - 18:11:52: Server cvar "vtc_version" = "80"
L 04/08/2015 - 18:11:52: Server cvars end
L 04/08/2015 - 18:11:52: Server cvar "amx_nextmap" = "de_inferno_2x2"
L 04/08/2015 - 18:11:52: Server cvar "sv_restart" = "1"
L 04/08/2015 - 18:11:53: World triggered "Restart_Round_(1_second)"
L 04/08/2015 - 18:11:53: Team "CT" scored "0" with "0" players
L 04/08/2015 - 18:11:53: Team "TERRORIST" scored "0" with "0" players
L 04/08/2015 - 18:11:53: Server cvar "sv_restart" = "0"
L 04/08/2015 - 18:11:53: Started map "$3000$" (CRC "1050720158")
L 04/08/2015 - 18:11:53: [VTC] Player 3 speex
L 04/08/2015 - 18:11:53: [VTC] Player 2 silk
L 04/08/2015 - 18:11:53: [VTC] Player 5 speex
L 04/08/2015 - 18:11:53: [VTC] Player 1 silk
L 04/08/2015 - 18:11:53: [VTC] Player 6 silk
L 04/08/2015 - 18:11:55: "bonny the bunny<30><STEAM_0:4:1633914096><>" entered the game
L 04/08/2015 - 18:11:55: "4ANHNK(BLR)<34><STEAM_0:4:2130693381><>" entered the game
L 04/08/2015 - 18:11:56: "Team A | Dom1no | BY<29><STEAM_0:1:891921><>" entered the game
L 04/08/2015 - 18:11:56: "13<40><STEAM_0:4:262688517><>" entered the game
L 04/08/2015 - 18:11:57: "Team A | Dom1no | BY<29><STEAM_0:1:891921><>" joined team "CT"
L 04/08/2015 - 18:11:58: World triggered "Round_Start"
L 04/08/2015 - 18:11:58: "4ANHNK(BLR)<34><STEAM_0:4:2130693381><>" joined team "TERRORIST"
L 04/08/2015 - 18:11:58: World triggered "Game_Commencing"
L 04/08/2015 - 18:11:58: World triggered "Game_Commencing" (CT "0") (T "0")
L 04/08/2015 - 18:11:58: World triggered "Round_End"
L 04/08/2015 - 18:11:58: [DPROTO]: Client 0 - Set AuthIdType 1 [Native]; pClient = 0xb3924f08
L 04/08/2015 - 18:11:58: "[KillYouMan]Bum:D<41><STEAM_0:1:61018709><>" connected, address "89.191.113.76:27005"
L 04/08/2015 - 18:11:58: [VTC] Player 1 silk
L 04/08/2015 - 18:11:58: "bonny the bunny<30><STEAM_0:4:1633914096><>" joined team "TERRORIST"
L 04/08/2015 - 18:11:59: [DPROTO]: Client 5 - Set AuthIdType 1 [Native]; pClient = 0xb393d9cc
L 04/08/2015 - 18:11:59: "Hustle<42><STEAM_0:1:106486992><>" connected, address "178.121.74.236:7994"
L 04/08/2015 - 18:11:59: "[KillYouMan]Bum:D<41><STEAM_0:1:61018709><>" STEAM USERID validated
L 04/08/2015 - 18:11:59: [VTC] Player 6 silk
L 04/08/2015 - 18:11:59: "Hustle<42><STEAM_0:1:106486992><>" STEAM USERID validated
L 04/08/2015 - 18:12:00: "[KillYouMan]Bum:D<41><STEAM_0:1:61018709><>" entered the game
L 04/08/2015 - 18:12:00: "4ANHNK(BLR)<34><STEAM_0:4:2130693381><TERRORIST>" committed suicide with "world"
L 04/08/2015 - 18:12:00: "4ANHNK(BLR)<34><STEAM_0:4:2130693381><TERRORIST>" joined team "CT"
L 04/08/2015 - 18:12:01: "[KillYouMan]Bum:D<41><STEAM_0:1:61018709><>" joined team "CT"
L 04/08/2015 - 18:12:02: "Hustle<42><STEAM_0:1:106486992><>" entered the game
L 04/08/2015 - 18:12:03: "13<40><STEAM_0:4:262688517><>" joined team "CT"
L 04/08/2015 - 18:12:06: "Hustle<42><STEAM_0:1:106486992><>" joined team "CT"
L 04/08/2015 - 18:12:06: World triggered "Round_Start"
L 04/08/2015 - 18:12:06: "[KillYouMan]Bum:D<41><STEAM_0:1:61018709><CT>" joined team "TERRORIST"
L 04/08/2015 - 18:12:13: "bonny the bunny<30><STEAM_0:4:1633914096><TERRORIST>" attacked "13<40><STEAM_0:4:262688517><CT>" with "mp5navy" (damage "25") (damage_armor "0") (health "75") (armor "0")
L 04/08/2015 - 18:12:13: "bonny the bunny<30><STEAM_0:4:1633914096><TERRORIST>" attacked "13<40><STEAM_0:4:262688517><CT>" with "mp5navy" (damage "20") (damage_armor "0") (health "55") (armor "0")
L 04/08/2015 - 18:12:13: "bonny the bunny<30><STEAM_0:4:1633914096><TERRORIST>" attacked "13<40><STEAM_0:4:262688517><CT>" with "mp5navy" (damage "20") (damage_armor "0") (health "35") (armor "0")
L 04/08/2015 - 18:12:13: "bonny the bunny<30><STEAM_0:4:1633914096><TERRORIST>" attacked "13<40><STEAM_0:4:262688517><CT>" with "mp5navy" (damage "21") (damage_armor "0") (health "14") (armor "0")
L 04/08/2015 - 18:12:14: "bonny the bunny<30><STEAM_0:4:1633914096><TERRORIST>" attacked "13<40><STEAM_0:4:262688517><CT>" with "mp5navy" (damage "21") (damage_armor "0") (health "-7") (armor "0")
L 04/08/2015 - 18:12:14: "bonny the bunny<30><STEAM_0:4:1633914096><TERRORIST>" killed "13<40><STEAM_0:4:262688517><CT>" with "mp5navy"
L 04/08/2015 - 18:12:15: "4ANHNK(BLR)<34><STEAM_0:4:2130693381><CT>" attacked "bonny the bunny<30><STEAM_0:4:1633914096><TERRORIST>" with "ak47" (damage "43") (damage_armor "0") (health "57") (armor "0")
L 04/08/2015 - 18:12:15: "bonny the bunny<30><STEAM_0:4:1633914096><TERRORIST>" attacked "4ANHNK(BLR)<34><STEAM_0:4:2130693381><CT>" with "mp5navy" (damage "24") (damage_armor "0") (health "76") (armor "0")
L 04/08/2015 - 18:12:15: "bonny the bunny<30><STEAM_0:4:1633914096><TERRORIST>" attacked "4ANHNK(BLR)<34><STEAM_0:4:2130693381><CT>" with "mp5navy" (damage "24") (damage_armor "0") (health "52") (armor "0")
L 04/08/2015 - 18:12:15: "4ANHNK(BLR)<34><STEAM_0:4:2130693381><CT>" attacked "bonny the bunny<30><STEAM_0:4:1633914096><TERRORIST>" with "ak47" (damage "35") (damage_armor "0") (health "22") (armor "0")
L 04/08/2015 - 18:12:15: "4ANHNK(BLR)<34><STEAM_0:4:2130693381><CT>" attacked "bonny the bunny<30><STEAM_0:4:1633914096><TERRORIST>" with "ak47" (damage "35") (damage_armor "0") (health "-13") (armor "0")
L 04/08/2015 - 18:12:15: "4ANHNK(BLR)<34><STEAM_0:4:2130693381><CT>" killed "bonny the bunny<30><STEAM_0:4:1633914096><TERRORIST>" with "ak47"
L 04/08/2015 - 18:12:15: Team "CT" triggered "CTs_Win" (CT "1") (T "0")
L 04/08/2015 - 18:12:15: World triggered "Round_End"
L 04/08/2015 - 18:12:18: "Hustle<42><STEAM_0:1:106486992><CT>" committed suicide with "world"
L 04/08/2015 - 18:12:18: "Hustle<42><STEAM_0:1:106486992><CT>" joined team "TERRORIST"
L 04/08/2015 - 18:12:25: World triggered "Round_Start"
L 04/08/2015 - 18:12:28: "[KillYouMan]Bum:D<41><STEAM_0:1:61018709><TERRORIST>" attacked "Team A | Dom1no | BY<29><STEAM_0:1:891921><CT>" with "m4a1" (damage "21") (damage_armor "0") (health "79") (armor "0")
L 04/08/2015 - 18:12:28: "[KillYouMan]Bum:D<41><STEAM_0:1:61018709><TERRORIST>" attacked "Team A | Dom1no | BY<29><STEAM_0:1:891921><CT>" with "m4a1" (damage "21") (damage_armor "0") (health "58") (armor "0")
L 04/08/2015 - 18:12:29: "Team A | Dom1no | BY<29><STEAM_0:1:891921><CT>" attacked "[KillYouMan]Bum:D<41><STEAM_0:1:61018709><TERRORIST>" with "m4a1" (damage "29") (damage_armor "0") (health "71") (armor "0")
L 04/08/2015 - 18:12:29: "Team A | Dom1no | BY<29><STEAM_0:1:891921><CT>" attacked "[KillYouMan]Bum:D<41><STEAM_0:1:61018709><TERRORIST>" with "m4a1" (damage "29") (damage_armor "0") (health "42") (armor "0")
L 04/08/2015 - 18:12:30: "[KillYouMan]Bum:D<41><STEAM_0:1:61018709><TERRORIST>" attacked "Team A | Dom1no | BY<29><STEAM_0:1:891921><CT>" with "m4a1" (damage "21") (damage_armor "0") (health "37") (armor "0")
L 04/08/2015 - 18:12:30: "Team A | Dom1no | BY<29><STEAM_0:1:891921><CT>" attacked "[KillYouMan]Bum:D<41><STEAM_0:1:61018709><TERRORIST>" with "m4a1" (damage "116") (damage_armor "0") (health "-74") (armor "0")
L 04/08/2015 - 18:12:30: "Team A | Dom1no | BY<29><STEAM_0:1:891921><CT>" killed "[KillYouMan]Bum:D<41><STEAM_0:1:61018709><TERRORIST>" with "m4a1"
L 04/08/2015 - 18:12:32: "Hustle<42><STEAM_0:1:106486992><TERRORIST>" attacked "4ANHNK(BLR)<34><STEAM_0:4:2130693381><CT>" with "ak47" (damage "34") (damage_armor "0") (health "66") (armor "0")
L 04/08/2015 - 18:12:33: "bonny the bunny<30><STEAM_0:4:1633914096><TERRORIST>" attacked "Team A | Dom1no | BY<29><STEAM_0:1:891921><CT>" with "xm1014" (damage "11") (damage_armor "0") (health "26") (armor "0")
L 04/08/2015 - 18:12:34: "bonny the bunny<30><STEAM_0:4:1633914096><TERRORIST>" attacked "Team A | Dom1no | BY<29><STEAM_0:1:891921><CT>" with "xm1014" (damage "24") (damage_armor "0") (health "2") (armor "0")
L 04/08/2015 - 18:12:34: "Team A | Dom1no | BY<29><STEAM_0:1:891921><CT>" attacked "bonny the bunny<30><STEAM_0:4:1633914096><TERRORIST>" with "m4a1" (damage "38") (damage_armor "0") (health "62") (armor "0")
L 04/08/2015 - 18:12:34: "4ANHNK(BLR)<34><STEAM_0:4:2130693381><CT>" attacked "Hustle<42><STEAM_0:1:106486992><TERRORIST>" with "ak47" (damage "12") (damage_armor "0") (health "88") (armor "0")
L 04/08/2015 - 18:12:34: "Team A | Dom1no | BY<29><STEAM_0:1:891921><CT>" attacked "bonny the bunny<30><STEAM_0:4:1633914096><TERRORIST>" with "m4a1" (damage "31") (damage_armor "0") (health "31") (armor "0")
L 04/08/2015 - 18:12:34: "bonny the bunny<30><STEAM_0:4:1633914096><TERRORIST>" attacked "Team A | Dom1no | BY<29><STEAM_0:1:891921><CT>" with "xm1014" (damage "16") (damage_armor "0") (health "-14") (armor "0")
L 04/08/2015 - 18:12:34: "bonny the bunny<30><STEAM_0:4:1633914096><TERRORIST>" killed "Team A | Dom1no | BY<29><STEAM_0:1:891921><CT>" with "xm1014"
L 04/08/2015 - 18:12:34: "4ANHNK(BLR)<34><STEAM_0:4:2130693381><CT>" attacked "Hustle<42><STEAM_0:1:106486992><TERRORIST>" with "ak47" (damage "16") (damage_armor "0") (health "72") (armor "0")
L 04/08/2015 - 18:12:34: "4ANHNK(BLR)<34><STEAM_0:4:2130693381><CT>" attacked "Hustle<42><STEAM_0:1:106486992><TERRORIST>" with "ak47" (damage "12") (damage_armor "0") (health "60") (armor "0")
L 04/08/2015 - 18:12:35: "4ANHNK(BLR)<34><STEAM_0:4:2130693381><CT>" attacked "Hustle<42><STEAM_0:1:106486992><TERRORIST>" with "ak47" (damage "12") (damage_armor "0") (health "48") (armor "0")
L 04/08/2015 - 18:12:35: "4ANHNK(BLR)<34><STEAM_0:4:2130693381><CT>" attacked "Hustle<42><STEAM_0:1:106486992><TERRORIST>" with "ak47" (damage "16") (damage_armor "0") (health "32") (armor "0")
L 04/08/2015 - 18:12:35: "4ANHNK(BLR)<34><STEAM_0:4:2130693381><CT>" attacked "Hustle<42><STEAM_0:1:106486992><TERRORIST>" with "ak47" (damage "12") (damage_armor "0") (health "20") (armor "0")
L 04/08/2015 - 18:12:36: "4ANHNK(BLR)<34><STEAM_0:4:2130693381><CT>" attacked "Hustle<42><STEAM_0:1:106486992><TERRORIST>" with "ak47" (damage "34") (damage_armor "0") (health "-14") (armor "0")
L 04/08/2015 - 18:12:36: "4ANHNK(BLR)<34><STEAM_0:4:2130693381><CT>" killed "Hustle<42><STEAM_0:1:106486992><TERRORIST>" with "ak47"
L 04/08/2015 - 18:12:52: "4ANHNK(BLR)<34><STEAM_0:4:2130693381><CT>" attacked "bonny the bunny<30><STEAM_0:4:1633914096><TERRORIST>" with "ak47" (damage "43") (damage_armor "0") (health "-12") (armor "0")
L 04/08/2015 - 18:12:52: "4ANHNK(BLR)<34><STEAM_0:4:2130693381><CT>" killed "bonny the bunny<30><STEAM_0:4:1633914096><TERRORIST>" with "ak47"
L 04/08/2015 - 18:12:52: Team "CT" triggered "CTs_Win" (CT "2") (T "0")
L 04/08/2015 - 18:12:52: World triggered "Round_End"
L 04/08/2015 - 18:13:02: World triggered "Round_Start"
L 04/08/2015 - 18:13:04: "[KillYouMan]Bum:D<41><STEAM_0:1:61018709><TERRORIST>" attacked "13<40><STEAM_0:4:262688517><CT>" with "ak47" (damage "34") (damage_armor "0") (health "66") (armor "0")
L 04/08/2015 - 18:13:05: "4ANHNK(BLR)<34><STEAM_0:4:2130693381><CT>" attacked "[KillYouMan]Bum:D<41><STEAM_0:1:61018709><TERRORIST>" with "ak47" (damage "136") (damage_armor "0") (health "-36") (armor "0")
L 04/08/2015 - 18:13:05: "4ANHNK(BLR)<34><STEAM_0:4:2130693381><CT>" killed "[KillYouMan]Bum:D<41><STEAM_0:1:61018709><TERRORIST>" with "ak47"
L 04/08/2015 - 18:13:11: "bonny the bunny<30><STEAM_0:4:1633914096><TERRORIST>" attacked "Team A | Dom1no | BY<29><STEAM_0:1:891921><CT>" with "ak47" (damage "12") (damage_armor "0") (health "88") (armor "0")
L 04/08/2015 - 18:13:11: "bonny the bunny<30><STEAM_0:4:1633914096><TERRORIST>" attacked "Team A | Dom1no | BY<29><STEAM_0:1:891921><CT>" with "ak47" (damage "34") (damage_armor "0") (health "54") (armor "0")
L 04/08/2015 - 18:13:11: "4ANHNK(BLR)<34><STEAM_0:4:2130693381><CT>" attacked "bonny the bunny<30><STEAM_0:4:1633914096><TERRORIST>" with "ak47" (damage "140") (damage_armor "0") (health "-40") (armor "0")
L 04/08/2015 - 18:13:11: "4ANHNK(BLR)<34><STEAM_0:4:2130693381><CT>" killed "bonny the bunny<30><STEAM_0:4:1633914096><TERRORIST>" with "ak47"
L 04/08/2015 - 18:13:11: "Hustle<42><STEAM_0:1:106486992><TERRORIST>" attacked "13<40><STEAM_0:4:262688517><CT>" with "ak47" (damage "35") (damage_armor "0") (health "31") (armor "0")
L 04/08/2015 - 18:13:11: "Hustle<42><STEAM_0:1:106486992><TERRORIST>" attacked "13<40><STEAM_0:4:262688517><CT>" with "ak47" (damage "140") (damage_armor "0") (health "-109") (armor "0")
L 04/08/2015 - 18:13:11: "Hustle<42><STEAM_0:1:106486992><TERRORIST>" killed "13<40><STEAM_0:4:262688517><CT>" with "ak47"
L 04/08/2015 - 18:13:16: "[KillYouMan]Bum:D<41><STEAM_0:1:61018709><TERRORIST>" joined team "CT"
L 04/08/2015 - 18:13:30: "bonny the bunny<30><STEAM_0:4:1633914096><TERRORIST>" joined team "CT"
L 04/08/2015 - 18:13:39: "Team A | Dom1no | BY<29><STEAM_0:1:891921><CT>" attacked "Hustle<42><STEAM_0:1:106486992><TERRORIST>" with "m4a1" (damage "128") (damage_armor "0") (health "-36") (armor "0")
L 04/08/2015 - 18:13:39: "Team A | Dom1no | BY<29><STEAM_0:1:891921><CT>" killed "Hustle<42><STEAM_0:1:106486992><TERRORIST>" with "m4a1"
L 04/08/2015 - 18:13:39: Team "CT" triggered "CTs_Win" (CT "3") (T "0")
L 04/08/2015 - 18:13:39: World triggered "Round_End"
L 04/08/2015 - 18:13:49: World triggered "Round_Start"
L 04/08/2015 - 18:13:52: "4ANHNK(BLR)<34><STEAM_0:4:2130693381><CT>" attacked "Hustle<42><STEAM_0:1:106486992><TERRORIST>" with "ak47" (damage "34") (damage_armor "0") (health "66") (armor "0")
L 04/08/2015 - 18:13:52: "Hustle<42><STEAM_0:1:106486992><TERRORIST>" attacked "4ANHNK(BLR)<34><STEAM_0:4:2130693381><CT>" with "ak47" (damage "34") (damage_armor "0") (health "66") (armor "0")
L 04/08/2015 - 18:13:52: "4ANHNK(BLR)<34><STEAM_0:4:2130693381><CT>" attacked "Hustle<42><STEAM_0:1:106486992><TERRORIST>" with "ak47" (damage "34") (damage_armor "0") (health "32") (armor "0")
L 04/08/2015 - 18:13:53: "Hustle<42><STEAM_0:1:106486992><TERRORIST>" attacked "4ANHNK(BLR)<34><STEAM_0:4:2130693381><CT>" with "ak47" (damage "34") (damage_armor "0") (health "32") (armor "0")
L 04/08/2015 - 18:13:54: "Hustle<42><STEAM_0:1:106486992><TERRORIST>" attacked "4ANHNK(BLR)<34><STEAM_0:4:2130693381><CT>" with "ak47" (damage "42") (damage_armor "0") (health "-10") (armor "0")
L 04/08/2015 - 18:13:54: "Hustle<42><STEAM_0:1:106486992><TERRORIST>" killed "4ANHNK(BLR)<34><STEAM_0:4:2130693381><CT>" with "ak47"
L 04/08/2015 - 18:13:55: "4ANHNK(BLR)<34><STEAM_0:4:2130693381><CT>" joined team "TERRORIST"
L 04/08/2015 - 18:14:01: "Hustle<42><STEAM_0:1:106486992><TERRORIST>" attacked "[KillYouMan]Bum:D<41><STEAM_0:1:61018709><CT>" with "ak47" (damage "35") (damage_armor "0") (health "65") (armor "0")
L 04/08/2015 - 18:14:02: "Team A | Dom1no | BY<29><STEAM_0:1:891921><CT>" attacked "Hustle<42><STEAM_0:1:106486992><TERRORIST>" with "m4a1" (damage "112") (damage_armor "0") (health "-80") (armor "0")
L 04/08/2015 - 18:14:02: "Team A | Dom1no | BY<29><STEAM_0:1:891921><CT>" killed "Hustle<42><STEAM_0:1:106486992><TERRORIST>" with "m4a1"
L 04/08/2015 - 18:14:02: Team "CT" triggered "CTs_Win" (CT "4") (T "0")
L 04/08/2015 - 18:14:02: World triggered "Round_End"
L 04/08/2015 - 18:14:07: "[KillYouMan]Bum:D<41><STEAM_0:1:61018709><CT>" joined team "TERRORIST" (auto)
L 04/08/2015 - 18:14:12: World triggered "Round_Start"
L 04/08/2015 - 18:14:20: "4ANHNK(BLR)<34><STEAM_0:4:2130693381><TERRORIST>" attacked "Team A | Dom1no | BY<29><STEAM_0:1:891921><CT>" with "ak47" (damage "132") (damage_armor "0") (health "-32") (armor "0")
L 04/08/2015 - 18:14:20: "4ANHNK(BLR)<34><STEAM_0:4:2130693381><TERRORIST>" killed "Team A | Dom1no | BY<29><STEAM_0:1:891921><CT>" with "ak47"
L 04/08/2015 - 18:14:26: "Hustle<42><STEAM_0:1:106486992><TERRORIST>" attacked "bonny the bunny<30><STEAM_0:4:1633914096><CT>" with "ak47" (damage "12") (damage_armor "0") (health "88") (armor "0")
L 04/08/2015 - 18:14:27: "[KillYouMan]Bum:D<41><STEAM_0:1:61018709><TERRORIST>" attacked "13<40><STEAM_0:4:262688517><CT>" with "m4a1" (damage "32") (damage_armor "0") (health "68") (armor "0")
L 04/08/2015 - 18:14:28: "13<40><STEAM_0:4:262688517><CT>" attacked "[KillYouMan]Bum:D<41><STEAM_0:1:61018709><TERRORIST>" with "m4a1" (damage "32") (damage_armor "0") (health "68") (armor "0")
L 04/08/2015 - 18:14:28: "[KillYouMan]Bum:D<41><STEAM_0:1:61018709><TERRORIST>" attacked "13<40><STEAM_0:4:262688517><CT>" with "m4a1" (damage "128") (damage_armor "0") (health "-60") (armor "0")
L 04/08/2015 - 18:14:28: "[KillYouMan]Bum:D<41><STEAM_0:1:61018709><TERRORIST>" killed "13<40><STEAM_0:4:262688517><CT>" with "m4a1"
L 04/08/2015 - 18:14:32: "Hustle<42><STEAM_0:1:106486992><TERRORIST>" attacked "bonny the bunny<30><STEAM_0:4:1633914096><CT>" with "ak47" (damage "43") (damage_armor "0") (health "45") (armor "0")
L 04/08/2015 - 18:14:32: "Hustle<42><STEAM_0:1:106486992><TERRORIST>" attacked "bonny the bunny<30><STEAM_0:4:1633914096><CT>" with "ak47" (damage "35") (damage_armor "0") (health "10") (armor "0")
L 04/08/2015 - 18:14:34: "[KillYouMan]Bum:D<41><STEAM_0:1:61018709><TERRORIST>" attacked "bonny the bunny<30><STEAM_0:4:1633914096><CT>" with "m4a1" (damage "30") (damage_armor "0") (health "-20") (armor "0")
L 04/08/2015 - 18:14:34: "[KillYouMan]Bum:D<41><STEAM_0:1:61018709><TERRORIST>" killed "bonny the bunny<30><STEAM_0:4:1633914096><CT>" with "m4a1"
L 04/08/2015 - 18:14:34: Team "TERRORIST" triggered "Terrorists_Win" (CT "4") (T "1")
L 04/08/2015 - 18:14:34: World triggered "Round_End"
L 04/08/2015 - 18:14:38: "13<40><STEAM_0:4:262688517><CT>" joined team "TERRORIST"
L 04/08/2015 - 18:14:39: "Hustle<42><STEAM_0:1:106486992><TERRORIST>" joined team "CT" (auto)
L 04/08/2015 - 18:14:44: World triggered "Round_Start"
L 04/08/2015 - 18:14:47: "Hustle<42><STEAM_0:1:106486992><CT>" changed name to "DrewDoughty"
L 04/08/2015 - 18:14:53: "Team A | Dom1no | BY<29><STEAM_0:1:891921><CT>" attacked "[KillYouMan]Bum:D<41><STEAM_0:1:61018709><TERRORIST>" with "m4a1" (damage "116") (damage_armor "0") (health "-16") (armor "0")
L 04/08/2015 - 18:14:53: "Team A | Dom1no | BY<29><STEAM_0:1:891921><CT>" killed "[KillYouMan]Bum:D<41><STEAM_0:1:61018709><TERRORIST>" with "m4a1"
L 04/08/2015 - 18:14:57: "bonny the bunny<30><STEAM_0:4:1633914096><CT>" attacked "13<40><STEAM_0:4:262688517><TERRORIST>" with "m4a1" (damage "24") (damage_armor "0") (health "76") (armor "0")
L 04/08/2015 - 18:14:58: "bonny the bunny<30><STEAM_0:4:1633914096><CT>" attacked "13<40><STEAM_0:4:262688517><TERRORIST>" with "m4a1" (damage "40") (damage_armor "0") (health "36") (armor "0")
L 04/08/2015 - 18:14:58: "bonny the bunny<30><STEAM_0:4:1633914096><CT>" attacked "13<40><STEAM_0:4:262688517><TERRORIST>" with "m4a1" (damage "40") (damage_armor "0") (health "-4") (armor "0")
L 04/08/2015 - 18:14:58: "bonny the bunny<30><STEAM_0:4:1633914096><CT>" killed "13<40><STEAM_0:4:262688517><TERRORIST>" with "m4a1"
L 04/08/2015 - 18:14:58: "Team A | Dom1no | BY<29><STEAM_0:1:891921><CT>" attacked "4ANHNK(BLR)<34><STEAM_0:4:2130693381><TERRORIST>" with "m4a1" (damage "124") (damage_armor "0") (health "-24") (armor "0")
L 04/08/2015 - 18:14:58: "Team A | Dom1no | BY<29><STEAM_0:1:891921><CT>" killed "4ANHNK(BLR)<34><STEAM_0:4:2130693381><TERRORIST>" with "m4a1"
L 04/08/2015 - 18:14:58: Team "CT" triggered "CTs_Win" (CT "5") (T "1")
L 04/08/2015 - 18:14:58: World triggered "Round_End"
L 04/08/2015 - 18:15:03: "13<40><STEAM_0:4:262688517><TERRORIST>" joined team "CT"
L 04/08/2015 - 18:15:03: "DrewDoughty<42><STEAM_0:1:106486992><CT>" joined team "TERRORIST" (auto)
L 04/08/2015 - 18:15:08: World triggered "Round_Start"
L 04/08/2015 - 18:15:11: "Team A | Dom1no | BY<29><STEAM_0:1:891921><CT>" attacked "[KillYouMan]Bum:D<41><STEAM_0:1:61018709><TERRORIST>" with "m4a1" (damage "28") (damage_armor "0") (health "72") (armor "0")
L 04/08/2015 - 18:15:12: "Team A | Dom1no | BY<29><STEAM_0:1:891921><CT>" attacked "[KillYouMan]Bum:D<41><STEAM_0:1:61018709><TERRORIST>" with "m4a1" (damage "28") (damage_armor "0") (health "44") (armor "0")
L 04/08/2015 - 18:15:12: "Team A | Dom1no | BY<29><STEAM_0:1:891921><CT>" attacked "[KillYouMan]Bum:D<41><STEAM_0:1:61018709><TERRORIST>" with "m4a1" (damage "28") (damage_armor "0") (health "16") (armor "0")
L 04/08/2015 - 18:15:12: "Team A | Dom1no | BY<29><STEAM_0:1:891921><CT>" attacked "[KillYouMan]Bum:D<41><STEAM_0:1:61018709><TERRORIST>" with "m4a1" (damage "28") (damage_armor "0") (health "-12") (armor "0")
L 04/08/2015 - 18:15:12: "Team A | Dom1no | BY<29><STEAM_0:1:891921><CT>" killed "[KillYouMan]Bum:D<41><STEAM_0:1:61018709><TERRORIST>" with "m4a1"
L 04/08/2015 - 18:15:13: "bonny the bunny<30><STEAM_0:4:1633914096><CT>" attacked "DrewDoughty<42><STEAM_0:1:106486992><TERRORIST>" with "ak47" (damage "25") (damage_armor "0") (health "75") (armor "0")
L 04/08/2015 - 18:15:13: "bonny the bunny<30><STEAM_0:4:1633914096><CT>" attacked "DrewDoughty<42><STEAM_0:1:106486992><TERRORIST>" with "ak47" (damage "16") (damage_armor "0") (health "59") (armor "0")
L 04/08/2015 - 18:15:13: "DrewDoughty<42><STEAM_0:1:106486992><TERRORIST>" attacked "bonny the bunny<30><STEAM_0:4:1633914096><CT>" with "ak47" (damage "16") (damage_armor "0") (health "84") (armor "0")
L 04/08/2015 - 18:15:13: "DrewDoughty<42><STEAM_0:1:106486992><TERRORIST>" attacked "bonny the bunny<30><STEAM_0:4:1633914096><CT>" with "ak47" (damage "64") (damage_armor "0") (health "20") (armor "0")
L 04/08/2015 - 18:15:14: "DrewDoughty<42><STEAM_0:1:106486992><TERRORIST>" attacked "bonny the bunny<30><STEAM_0:4:1633914096><CT>" with "ak47" (damage "136") (damage_armor "0") (health "-116") (armor "0")
L 04/08/2015 - 18:15:14: "DrewDoughty<42><STEAM_0:1:106486992><TERRORIST>" killed "bonny the bunny<30><STEAM_0:4:1633914096><CT>" with "ak47"
L 04/08/2015 - 18:15:17: "4ANHNK(BLR)<34><STEAM_0:4:2130693381><TERRORIST>" attacked "Team A | Dom1no | BY<29><STEAM_0:1:891921><CT>" with "m4a1" (damage "28") (damage_armor "0") (health "72") (armor "0")
L 04/08/2015 - 18:15:18: "4ANHNK(BLR)<34><STEAM_0:4:2130693381><TERRORIST>" attacked "Team A | Dom1no | BY<29><STEAM_0:1:891921><CT>" with "m4a1" (damage "28") (damage_armor "0") (health "44") (armor "0")
L 04/08/2015 - 18:15:18: "Team A | Dom1no | BY<29><STEAM_0:1:891921><CT>" attacked "4ANHNK(BLR)<34><STEAM_0:4:2130693381><TERRORIST>" with "m4a1" (damage "20") (damage_armor "0") (health "80") (armor "0")
L 04/08/2015 - 18:15:18: "4ANHNK(BLR)<34><STEAM_0:4:2130693381><TERRORIST>" attacked "Team A | Dom1no | BY<29><STEAM_0:1:891921><CT>" with "m4a1" (damage "35") (damage_armor "0") (health "9") (armor "0")
L 04/08/2015 - 18:15:19: "Team A | Dom1no | BY<29><STEAM_0:1:891921><CT>" attacked "4ANHNK(BLR)<34><STEAM_0:4:2130693381><TERRORIST>" with "m4a1" (damage "27") (damage_armor "0") (health "53") (armor "0")
L 04/08/2015 - 18:15:19: "Team A | Dom1no | BY<29><STEAM_0:1:891921><CT>" attacked "4ANHNK(BLR)<34><STEAM_0:4:2130693381><TERRORIST>" with "m4a1" (damage "27") (damage_armor "0") (health "26") (armor "0")
L 04/08/2015 - 18:15:19: "Team A | Dom1no | BY<29><STEAM_0:1:891921><CT>" attacked "DrewDoughty<42><STEAM_0:1:106486992><TERRORIST>" with "m4a1" (damage "30") (damage_armor "0") (health "29") (armor "0")
L 04/08/2015 - 18:15:21: "DrewDoughty<42><STEAM_0:1:106486992><TERRORIST>" attacked "Team A | Dom1no | BY<29><STEAM_0:1:891921><CT>" with "ak47" (damage "34") (damage_armor "0") (health "-25") (armor "0")
L 04/08/2015 - 18:15:21: "DrewDoughty<42><STEAM_0:1:106486992><TERRORIST>" killed "Team A | Dom1no | BY<29><STEAM_0:1:891921><CT>" with "ak47"
L 04/08/2015 - 18:15:25: "4ANHNK(BLR)<34><STEAM_0:4:2130693381><TERRORIST>" attacked "13<40><STEAM_0:4:262688517><CT>" with "glock18" (damage "19") (damage_armor "0") (health "81") (armor "0")
L 04/08/2015 - 18:15:25: "4ANHNK(BLR)<34><STEAM_0:4:2130693381><TERRORIST>" attacked "13<40><STEAM_0:4:262688517><CT>" with "glock18" (damage "16") (damage_armor "0") (health "65") (armor "0")
L 04/08/2015 - 18:15:26: "4ANHNK(BLR)<34><STEAM_0:4:2130693381><TERRORIST>" attacked "13<40><STEAM_0:4:262688517><CT>" with "glock18" (damage "18") (damage_armor "0") (health "47") (armor "0")
L 04/08/2015 - 18:15:26: "4ANHNK(BLR)<34><STEAM_0:4:2130693381><TERRORIST>" attacked "13<40><STEAM_0:4:262688517><CT>" with "glock18" (damage "20") (damage_armor "0") (health "27") (armor "0")
L 04/08/2015 - 18:15:27: "4ANHNK(BLR)<34><STEAM_0:4:2130693381><TERRORIST>" attacked "13<40><STEAM_0:4:262688517><CT>" with "glock18" (damage "64") (damage_armor "0") (health "-37") (armor "0")
L 04/08/2015 - 18:15:27: "4ANHNK(BLR)<34><STEAM_0:4:2130693381><TERRORIST>" killed "13<40><STEAM_0:4:262688517><CT>" with "glock18"
L 04/08/2015 - 18:15:27: Team "TERRORIST" triggered "Terrorists_Win" (CT "5") (T "2")
L 04/08/2015 - 18:15:27: World triggered "Round_End"
L 04/08/2015 - 18:15:34: "13<40><STEAM_0:4:262688517><CT>" committed suicide with "world"
L 04/08/2015 - 18:15:34: "13<40><STEAM_0:4:262688517><CT>" joined team "TERRORIST"
L 04/08/2015 - 18:15:37: World triggered "Round_Start"
L 04/08/2015 - 18:15:41: "Team A | Dom1no | BY<29><STEAM_0:1:891921><CT>" attacked "[KillYouMan]Bum:D<41><STEAM_0:1:61018709><TERRORIST>" with "m4a1" (damage "31") (damage_armor "0") (health "69") (armor "0")
L 04/08/2015 - 18:15:41: "Team A | Dom1no | BY<29><STEAM_0:1:891921><CT>" attacked "[KillYouMan]Bum:D<41><STEAM_0:1:61018709><TERRORIST>" with "m4a1" (damage "31") (damage_armor "0") (health "38") (armor "0")
L 04/08/2015 - 18:15:41: "[KillYouMan]Bum:D<41><STEAM_0:1:61018709><TERRORIST>" attacked "Team A | Dom1no | BY<29><STEAM_0:1:891921><CT>" with "m4a1" (damage "37") (damage_armor "0") (health "63") (armor "0")
L 04/08/2015 - 18:15:41: "[KillYouMan]Bum:D<41><STEAM_0:1:61018709><TERRORIST>" attacked "Team A | Dom1no | BY<29><STEAM_0:1:891921><CT>" with "m4a1" (damage "30") (damage_armor "0") (health "33") (armor "0")
L 04/08/2015 - 18:15:41: "bonny the bunny<30><STEAM_0:4:1633914096><CT>" triggered "weaponstats" (weapon "xm1014") (shots "18") (hits "3") (kills "1") (headshots "0") (tks "0") (damage "51") (deaths "1")
L 04/08/2015 - 18:15:41: "bonny the bunny<30><STEAM_0:4:1633914096><CT>" triggered "weaponstats2" (weapon "xm1014") (head "0") (chest "0") (stomach "0") (leftarm "1") (rightarm "0") (leftleg "2") (rightleg "0")
L 04/08/2015 - 18:15:41: "bonny the bunny<30><STEAM_0:4:1633914096><CT>" triggered "weaponstats" (weapon "usp") (shots "1") (hits "0") (kills "0") (headshots "0") (tks "0") (damage "0") (deaths "0")
L 04/08/2015 - 18:15:41: "bonny the bunny<30><STEAM_0:4:1633914096><CT>" triggered "weaponstats2" (weapon "usp") (head "0") (chest "0") (stomach "0") (leftarm "0") (rightarm "0") (leftleg "0") (rightleg "0")
L 04/08/2015 - 18:15:41: "bonny the bunny<30><STEAM_0:4:1633914096><CT>" triggered "weaponstats" (weapon "mp5navy") (shots "56") (hits "7") (kills "1") (headshots "0") (tks "0") (damage "155") (deaths "2")
L 04/08/2015 - 18:15:41: "bonny the bunny<30><STEAM_0:4:1633914096><CT>" triggered "weaponstats2" (weapon "mp5navy") (head "0") (chest "3") (stomach "1") (leftarm "3") (rightarm "0") (leftleg "0") (rightleg "0")
L 04/08/2015 - 18:15:41: "bonny the bunny<30><STEAM_0:4:1633914096><CT>" triggered "weaponstats" (weapon "m4a1") (shots "15") (hits "3") (kills "1") (headshots "0") (tks "0") (damage "104") (deaths "0")
L 04/08/2015 - 18:15:41: "bonny the bunny<30><STEAM_0:4:1633914096><CT>" triggered "weaponstats2" (weapon "m4a1") (head "0") (chest "0") (stomach "2") (leftarm "0") (rightarm "0") (leftleg "1") (rightleg "0")
L 04/08/2015 - 18:15:41: "bonny the bunny<30><STEAM_0:4:1633914096><CT>" triggered "weaponstats" (weapon "ak47") (shots "17") (hits "4") (kills "0") (headshots "0") (tks "0") (damage "87") (deaths "2")
L 04/08/2015 - 18:15:41: "bonny the bunny<30><STEAM_0:4:1633914096><CT>" triggered "weaponstats2" (weapon "ak47") (head "0") (chest "0") (stomach "0") (leftarm "2") (rightarm "0") (leftleg "2") (rightleg "0")
L 04/08/2015 - 18:15:41: "bonny the bunny<30><STEAM_0:4:1633914096><CT>" triggered "time" (time "3:45")
L 04/08/2015 - 18:15:41: "bonny the bunny<30><STEAM_0:4:1633914096><CT>" triggered "latency" (ping "46")
L 04/08/2015 - 18:15:41: "bonny the bunny<30><STEAM_0:4:1633914096><CT>" disconnected
L 04/08/2015 - 18:15:41: "Team A | Dom1no | BY<29><STEAM_0:1:891921><CT>" attacked "[KillYouMan]Bum:D<41><STEAM_0:1:61018709><TERRORIST>" with "m4a1" (damage "23") (damage_armor "0") (health "15") (armor "0")
L 04/08/2015 - 18:15:41: "Team A | Dom1no | BY<29><STEAM_0:1:891921><CT>" attacked "[KillYouMan]Bum:D<41><STEAM_0:1:61018709><TERRORIST>" with "m4a1" (damage "23") (damage_armor "0") (health "-8") (armor "0")
L 04/08/2015 - 18:15:41: "Team A | Dom1no | BY<29><STEAM_0:1:891921><CT>" killed "[KillYouMan]Bum:D<41><STEAM_0:1:61018709><TERRORIST>" with "m4a1"
L 04/08/2015 - 18:15:43: "DrewDoughty<42><STEAM_0:1:106486992><TERRORIST>" attacked "Team A | Dom1no | BY<29><STEAM_0:1:891921><CT>" with "ak47" (damage "20") (damage_armor "0") (health "13") (armor "0")
L 04/08/2015 - 18:15:44: "Team A | Dom1no | BY<29><STEAM_0:1:891921><CT>" attacked "DrewDoughty<42><STEAM_0:1:106486992><TERRORIST>" with "m4a1" (damage "116") (damage_armor "0") (health "-16") (armor "0")
L 04/08/2015 - 18:15:44: "Team A | Dom1no | BY<29><STEAM_0:1:891921><CT>" killed "DrewDoughty<42><STEAM_0:1:106486992><TERRORIST>" with "m4a1"
L 04/08/2015 - 18:15:47: "4ANHNK(BLR)<34><STEAM_0:4:2130693381><TERRORIST>" attacked "Team A | Dom1no | BY<29><STEAM_0:1:891921><CT>" with "ak47" (damage "25") (damage_armor "0") (health "-12") (armor "0")
L 04/08/2015 - 18:15:47: "4ANHNK(BLR)<34><STEAM_0:4:2130693381><TERRORIST>" killed "Team A | Dom1no | BY<29><STEAM_0:1:891921><CT>" with "ak47"
L 04/08/2015 - 18:15:47: Team "TERRORIST" triggered "Terrorists_Win" (CT "5") (T "3")
L 04/08/2015 - 18:15:47: World triggered "Round_End"
L 04/08/2015 - 18:15:47: "DrewDoughty<42><STEAM_0:1:106486992><TERRORIST>" joined team "CT"
L 04/08/2015 - 18:15:52: "DrewDoughty<42><STEAM_0:1:106486992><CT>" say "zaebal perehodit' " (dead)
L 04/08/2015 - 18:15:57: World triggered "Round_Start"
L 04/08/2015 - 18:16:00: "[KillYouMan]Bum:D<41><STEAM_0:1:61018709><TERRORIST>" triggered "weaponstats" (weapon "usp") (shots "1") (hits "0") (kills "0") (headshots "0") (tks "0") (damage "0") (deaths "0")
L 04/08/2015 - 18:16:00: "[KillYouMan]Bum:D<41><STEAM_0:1:61018709><TERRORIST>" triggered "weaponstats2" (weapon "usp") (head "0") (chest "0") (stomach "0") (leftarm "0") (rightarm "0") (leftleg "0") (rightleg "0")
L 04/08/2015 - 18:16:00: "[KillYouMan]Bum:D<41><STEAM_0:1:61018709><TERRORIST>" triggered "weaponstats" (weapon "glock18") (shots "2") (hits "0") (kills "0") (headshots "0") (tks "0") (damage "0") (deaths "0")
L 04/08/2015 - 18:16:00: "[KillYouMan]Bum:D<41><STEAM_0:1:61018709><TERRORIST>" triggered "weaponstats2" (weapon "glock18") (head "0") (chest "0") (stomach "0") (leftarm "0") (rightarm "0") (leftleg "0") (rightleg "0")
L 04/08/2015 - 18:16:00: "[KillYouMan]Bum:D<41><STEAM_0:1:61018709><TERRORIST>" triggered "weaponstats" (weapon "m4a1") (shots "56") (hits "8") (kills "2") (headshots "1") (tks "0") (damage "320") (deaths "3")
L 04/08/2015 - 18:16:00: "[KillYouMan]Bum:D<41><STEAM_0:1:61018709><TERRORIST>" triggered "weaponstats2" (weapon "m4a1") (head "1") (chest "0") (stomach "1") (leftarm "3") (rightarm "0") (leftleg "1") (rightleg "2")
L 04/08/2015 - 18:16:00: "[KillYouMan]Bum:D<41><STEAM_0:1:61018709><TERRORIST>" triggered "weaponstats" (weapon "ak47") (shots "21") (hits "1") (kills "0") (headshots "0") (tks "0") (damage "34") (deaths "2")
L 04/08/2015 - 18:16:00: "[KillYouMan]Bum:D<41><STEAM_0:1:61018709><TERRORIST>" triggered "weaponstats2" (weapon "ak47") (head "0") (chest "0") (stomach "0") (leftarm "0") (rightarm "1") (leftleg "0") (rightleg "0")
L 04/08/2015 - 18:16:00: "[KillYouMan]Bum:D<41><STEAM_0:1:61018709><TERRORIST>" triggered "time" (time "4:00")
L 04/08/2015 - 18:16:00: "[KillYouMan]Bum:D<41><STEAM_0:1:61018709><TERRORIST>" triggered "latency" (ping "35")
L 04/08/2015 - 18:16:00: "[KillYouMan]Bum:D<41><STEAM_0:1:61018709><TERRORIST>" disconnected
L 04/08/2015 - 18:16:05: "DrewDoughty<42><STEAM_0:1:106486992><CT>" attacked "4ANHNK(BLR)<34><STEAM_0:4:2130693381><TERRORIST>" with "m4a1" (damage "29") (damage_armor "0") (health "71") (armor "0")
L 04/08/2015 - 18:16:05: "DrewDoughty<42><STEAM_0:1:106486992><CT>" attacked "4ANHNK(BLR)<34><STEAM_0:4:2130693381><TERRORIST>" with "m4a1" (damage "116") (damage_armor "0") (health "-45") (armor "0")
L 04/08/2015 - 18:16:05: "DrewDoughty<42><STEAM_0:1:106486992><CT>" killed "4ANHNK(BLR)<34><STEAM_0:4:2130693381><TERRORIST>" with "m4a1"
L 04/08/2015 - 18:16:06: "DrewDoughty<42><STEAM_0:1:106486992><CT>" attacked "13<40><STEAM_0:4:262688517><TERRORIST>" with "m4a1" (damage "116") (damage_armor "0") (health "-16") (armor "0")
L 04/08/2015 - 18:16:06: "DrewDoughty<42><STEAM_0:1:106486992><CT>" killed "13<40><STEAM_0:4:262688517><TERRORIST>" with "m4a1"
L 04/08/2015 - 18:16:06: Team "CT" triggered "CTs_Win" (CT "6") (T "3")
L 04/08/2015 - 18:16:06: World triggered "Round_End"
L 04/08/2015 - 18:16:10: "13<40><STEAM_0:4:262688517><TERRORIST>" joined team "CT"
L 04/08/2015 - 18:16:16: World triggered "Round_Start"
L 04/08/2015 - 18:16:25: "4ANHNK(BLR)<34><STEAM_0:4:2130693381><TERRORIST>" attacked "DrewDoughty<42><STEAM_0:1:106486992><CT>" with "ak47" (damage "140") (damage_armor "0") (health "-40") (armor "0")
L 04/08/2015 - 18:16:25: "4ANHNK(BLR)<34><STEAM_0:4:2130693381><TERRORIST>" killed "DrewDoughty<42><STEAM_0:1:106486992><CT>" with "ak47"
L 04/08/2015 - 18:16:27: "Team A | Dom1no | BY<29><STEAM_0:1:891921><CT>" attacked "4ANHNK(BLR)<34><STEAM_0:4:2130693381><TERRORIST>" with "m4a1" (damage "29") (damage_armor "0") (health "71") (armor "0")
L 04/08/2015 - 18:16:28: "Team A | Dom1no | BY<29><STEAM_0:1:891921><CT>" attacked "4ANHNK(BLR)<34><STEAM_0:4:2130693381><TERRORIST>" with "m4a1" (damage "29") (damage_armor "0") (health "42") (armor "0")
L 04/08/2015 - 18:16:28: "Team A | Dom1no | BY<29><STEAM_0:1:891921><CT>" attacked "4ANHNK(BLR)<34><STEAM_0:4:2130693381><TERRORIST>" with "m4a1" (damage "116") (damage_armor "0") (health "-74") (armor "0")
L 04/08/2015 - 18:16:28: "Team A | Dom1no | BY<29><STEAM_0:1:891921><CT>" killed "4ANHNK(BLR)<34><STEAM_0:4:2130693381><TERRORIST>" with "m4a1"
L 04/08/2015 - 18:16:28: Team "CT" triggered "CTs_Win" (CT "7") (T "3")
L 04/08/2015 - 18:16:28: World triggered "Round_End"
L 04/08/2015 - 18:16:33: "DrewDoughty<42><STEAM_0:1:106486992><CT>" joined team "TERRORIST" (auto)
L 04/08/2015 - 18:16:38: World triggered "Round_Start"
L 04/08/2015 - 18:16:45: "Team A | Dom1no | BY<29><STEAM_0:1:891921><CT>" attacked "DrewDoughty<42><STEAM_0:1:106486992><TERRORIST>" with "m4a1" (damage "112") (damage_armor "0") (health "-12") (armor "0")
L 04/08/2015 - 18:16:45: "Team A | Dom1no | BY<29><STEAM_0:1:891921><CT>" killed "DrewDoughty<42><STEAM_0:1:106486992><TERRORIST>" with "m4a1"
L 04/08/2015 - 18:16:47: "DrewDoughty<42><STEAM_0:1:106486992><TERRORIST>" triggered "weaponstats" (weapon "glock18") (shots "4") (hits "0") (kills "0") (headshots "0") (tks "0") (damage "0") (deaths "0")
L 04/08/2015 - 18:16:47: "DrewDoughty<42><STEAM_0:1:106486992><TERRORIST>" triggered "weaponstats2" (weapon "glock18") (head "0") (chest "0") (stomach "0") (leftarm "0") (rightarm "0") (leftleg "0") (rightleg "0")
L 04/08/2015 - 18:16:47: "DrewDoughty<42><STEAM_0:1:106486992><TERRORIST>" triggered "weaponstats" (weapon "m4a1") (shots "10") (hits "3") (kills "2") (headshots "2") (tks "0") (damage "261") (deaths "0")
L 04/08/2015 - 18:16:47: "DrewDoughty<42><STEAM_0:1:106486992><TERRORIST>" triggered "weaponstats2" (weapon "m4a1") (head "2") (chest "0") (stomach "0") (leftarm "0") (rightarm "1") (leftleg "0") (rightleg "0")
L 04/08/2015 - 18:16:47: "DrewDoughty<42><STEAM_0:1:106486992><TERRORIST>" triggered "weaponstats" (weapon "ak47") (shots "96") (hits "15") (kills "4") (headshots "2") (tks "0") (damage "714") (deaths "6")
L 04/08/2015 - 18:16:47: "DrewDoughty<42><STEAM_0:1:106486992><TERRORIST>" triggered "weaponstats2" (weapon "ak47") (head "3") (chest "0") (stomach "3") (leftarm "7") (rightarm "1") (leftleg "0") (rightleg "1")
L 04/08/2015 - 18:16:47: "DrewDoughty<42><STEAM_0:1:106486992><TERRORIST>" triggered "time" (time "4:45")
L 04/08/2015 - 18:16:47: "DrewDoughty<42><STEAM_0:1:106486992><TERRORIST>" triggered "latency" (ping "48")
L 04/08/2015 - 18:16:47: "DrewDoughty<42><STEAM_0:1:106486992><TERRORIST>" disconnected
L 04/08/2015 - 18:16:53: "4ANHNK(BLR)<34><STEAM_0:4:2130693381><TERRORIST>" attacked "Team A | Dom1no | BY<29><STEAM_0:1:891921><CT>" with "ak47" (damage "42") (damage_armor "0") (health "58") (armor "0")
L 04/08/2015 - 18:16:53: "4ANHNK(BLR)<34><STEAM_0:4:2130693381><TERRORIST>" attacked "Team A | Dom1no | BY<29><STEAM_0:1:891921><CT>" with "ak47" (damage "34") (damage_armor "0") (health "24") (armor "0")
L 04/08/2015 - 18:16:54: "4ANHNK(BLR)<34><STEAM_0:4:2130693381><TERRORIST>" attacked "Team A | Dom1no | BY<29><STEAM_0:1:891921><CT>" with "ak47" (damage "34") (damage_armor "0") (health "-10") (armor "0")
L 04/08/2015 - 18:16:54: "4ANHNK(BLR)<34><STEAM_0:4:2130693381><TERRORIST>" killed "Team A | Dom1no | BY<29><STEAM_0:1:891921><CT>" with "ak47"
L 04/08/2015 - 18:16:56: "4ANHNK(BLR)<34><STEAM_0:4:2130693381><TERRORIST>" attacked "13<40><STEAM_0:4:262688517><CT>" with "ak47" (damage "34") (damage_armor "0") (health "66") (armor "0")
L 04/08/2015 - 18:16:56: "4ANHNK(BLR)<34><STEAM_0:4:2130693381><TERRORIST>" attacked "13<40><STEAM_0:4:262688517><CT>" with "ak47" (damage "34") (damage_armor "0") (health "32") (armor "0")
L 04/08/2015 - 18:16:57: "4ANHNK(BLR)<34><STEAM_0:4:2130693381><TERRORIST>" attacked "13<40><STEAM_0:4:262688517><CT>" with "ak47" (damage "34") (damage_armor "0") (health "-2") (armor "0")
L 04/08/2015 - 18:16:57: "4ANHNK(BLR)<34><STEAM_0:4:2130693381><TERRORIST>" killed "13<40><STEAM_0:4:262688517><CT>" with "ak47"
L 04/08/2015 - 18:16:57: Team "TERRORIST" triggered "Terrorists_Win" (CT "7") (T "4")
L 04/08/2015 - 18:16:57: World triggered "Round_End"
L 04/08/2015 - 18:17:01: "13<40><STEAM_0:4:262688517><CT>" joined team "TERRORIST"
L 04/08/2015 - 18:17:07: World triggered "Round_Start"
L 04/08/2015 - 18:17:20: "4ANHNK(BLR)<34><STEAM_0:4:2130693381><TERRORIST>" attacked "Team A | Dom1no | BY<29><STEAM_0:1:891921><CT>" with "ak47" (damage "35") (damage_armor "0") (health "65") (armor "0")
L 04/08/2015 - 18:17:21: "4ANHNK(BLR)<34><STEAM_0:4:2130693381><TERRORIST>" attacked "Team A | Dom1no | BY<29><STEAM_0:1:891921><CT>" with "ak47" (damage "35") (damage_armor "0") (health "30") (armor "0")
L 04/08/2015 - 18:17:21: "4ANHNK(BLR)<34><STEAM_0:4:2130693381><TERRORIST>" attacked "Team A | Dom1no | BY<29><STEAM_0:1:891921><CT>" with "ak47" (damage "35") (damage_armor "0") (health "-5") (armor "0")
L 04/08/2015 - 18:17:21: "4ANHNK(BLR)<34><STEAM_0:4:2130693381><TERRORIST>" killed "Team A | Dom1no | BY<29><STEAM_0:1:891921><CT>" with "ak47"
L 04/08/2015 - 18:17:21: Team "TERRORIST" triggered "Terrorists_Win" (CT "7") (T "5")
L 04/08/2015 - 18:17:21: World triggered "Round_End"
L 04/08/2015 - 18:17:31: World triggered "Round_Start"
L 04/08/2015 - 18:17:44: "Team A | Dom1no | BY<29><STEAM_0:1:891921><CT>" attacked "13<40><STEAM_0:4:262688517><TERRORIST>" with "m4a1" (damage "29") (damage_armor "0") (health "71") (armor "0")
L 04/08/2015 - 18:17:44: "Team A | Dom1no | BY<29><STEAM_0:1:891921><CT>" attacked "13<40><STEAM_0:4:262688517><TERRORIST>" with "m4a1" (damage "29") (damage_armor "0") (health "42") (armor "0")
L 04/08/2015 - 18:17:45: "Team A | Dom1no | BY<29><STEAM_0:1:891921><CT>" attacked "13<40><STEAM_0:4:262688517><TERRORIST>" with "m4a1" (damage "29") (damage_armor "0") (health "13") (armor "0")
L 04/08/2015 - 18:17:45: "Team A | Dom1no | BY<29><STEAM_0:1:891921><CT>" attacked "13<40><STEAM_0:4:262688517><TERRORIST>" with "m4a1" (damage "29") (damage_armor "0") (health "-16") (armor "0")
L 04/08/2015 - 18:17:45: "Team A | Dom1no | BY<29><STEAM_0:1:891921><CT>" killed "13<40><STEAM_0:4:262688517><TERRORIST>" with "m4a1"
L 04/08/2015 - 18:17:52: "13<40><STEAM_0:4:262688517><TERRORIST>" triggered "weaponstats" (weapon "grenade") (shots "2") (hits "0") (kills "0") (headshots "0") (tks "0") (damage "0") (deaths "0")
L 04/08/2015 - 18:17:52: "13<40><STEAM_0:4:262688517><TERRORIST>" triggered "weaponstats2" (weapon "grenade") (head "0") (chest "0") (stomach "0") (leftarm "0") (rightarm "0") (leftleg "0") (rightleg "0")
L 04/08/2015 - 18:17:52: "13<40><STEAM_0:4:262688517><TERRORIST>" triggered "weaponstats" (weapon "usp") (shots "1") (hits "0") (kills "0") (headshots "0") (tks "0") (damage "0") (deaths "0")
L 04/08/2015 - 18:17:52: "13<40><STEAM_0:4:262688517><TERRORIST>" triggered "weaponstats2" (weapon "usp") (head "0") (chest "0") (stomach "0") (leftarm "0") (rightarm "0") (leftleg "0") (rightleg "0")
L 04/08/2015 - 18:17:52: "13<40><STEAM_0:4:262688517><TERRORIST>" triggered "weaponstats" (weapon "glock18") (shots "2") (hits "0") (kills "0") (headshots "0") (tks "0") (damage "0") (deaths "0")
L 04/08/2015 - 18:17:52: "13<40><STEAM_0:4:262688517><TERRORIST>" triggered "weaponstats2" (weapon "glock18") (head "0") (chest "0") (stomach "0") (leftarm "0") (rightarm "0") (leftleg "0") (rightleg "0")
L 04/08/2015 - 18:17:52: "13<40><STEAM_0:4:262688517><TERRORIST>" triggered "weaponstats" (weapon "mp5navy") (shots "10") (hits "0") (kills "0") (headshots "0") (tks "0") (damage "0") (deaths "4")
L 04/08/2015 - 18:17:52: "13<40><STEAM_0:4:262688517><TERRORIST>" triggered "weaponstats2" (weapon "mp5navy") (head "0") (chest "0") (stomach "0") (leftarm "0") (rightarm "0") (leftleg "0") (rightleg "0")
L 04/08/2015 - 18:17:52: "13<40><STEAM_0:4:262688517><TERRORIST>" triggered "weaponstats" (weapon "m4a1") (shots "28") (hits "1") (kills "0") (headshots "0") (tks "0") (damage "32") (deaths "2")
L 04/08/2015 - 18:17:52: "13<40><STEAM_0:4:262688517><TERRORIST>" triggered "weaponstats2" (weapon "m4a1") (head "0") (chest "0") (stomach "0") (leftarm "1") (rightarm "0") (leftleg "0") (rightleg "0")
L 04/08/2015 - 18:17:52: "13<40><STEAM_0:4:262688517><TERRORIST>" triggered "weaponstats" (weapon "ak47") (shots "13") (hits "0") (kills "0") (headshots "0") (tks "0") (damage "0") (deaths "2")
L 04/08/2015 - 18:17:52: "13<40><STEAM_0:4:262688517><TERRORIST>" triggered "weaponstats2" (weapon "ak47") (head "0") (chest "0") (stomach "0") (leftarm "0") (rightarm "0") (leftleg "0") (rightleg "0")
L 04/08/2015 - 18:17:52: "13<40><STEAM_0:4:262688517><TERRORIST>" triggered "time" (time "5:55")
L 04/08/2015 - 18:17:52: "13<40><STEAM_0:4:262688517><TERRORIST>" triggered "latency" (ping "108")
L 04/08/2015 - 18:17:52: "13<40><STEAM_0:4:262688517><TERRORIST>" disconnected
L 04/08/2015 - 18:18:01: [DPROTO]: Client 0 - Set AuthIdType 3 [dp_RevEmu]; pClient = 0xb3924f08
L 04/08/2015 - 18:18:01: "Novi4ek<44><STEAM_0:4:1797452288><>" connected, address "185.6.25.127:4960"
L 04/08/2015 - 18:18:01: [VTC] Player 1 speex
L 04/08/2015 - 18:18:17: "4ANHNK(BLR)<34><STEAM_0:4:2130693381><TERRORIST>" attacked "Team A | Dom1no | BY<29><STEAM_0:1:891921><CT>" with "ak47" (damage "25") (damage_armor "0") (health "75") (armor "0")
L 04/08/2015 - 18:18:18: "4ANHNK(BLR)<34><STEAM_0:4:2130693381><TERRORIST>" attacked "Team A | Dom1no | BY<29><STEAM_0:1:891921><CT>" with "ak47" (damage "20") (damage_armor "0") (health "55") (armor "0")
L 04/08/2015 - 18:18:18: "4ANHNK(BLR)<34><STEAM_0:4:2130693381><TERRORIST>" attacked "Team A | Dom1no | BY<29><STEAM_0:1:891921><CT>" with "ak47" (damage "25") (damage_armor "0") (health "30") (armor "0")
L 04/08/2015 - 18:18:19: "Team A | Dom1no | BY<29><STEAM_0:1:891921><CT>" attacked "4ANHNK(BLR)<34><STEAM_0:4:2130693381><TERRORIST>" with "m4a1" (damage "21") (damage_armor "5") (health "79") (armor "95")
L 04/08/2015 - 18:18:19: "4ANHNK(BLR)<34><STEAM_0:4:2130693381><TERRORIST>" attacked "Team A | Dom1no | BY<29><STEAM_0:1:891921><CT>" with "ak47" (damage "25") (damage_armor "0") (health "5") (armor "0")
L 04/08/2015 - 18:18:19: "4ANHNK(BLR)<34><STEAM_0:4:2130693381><TERRORIST>" attacked "Team A | Dom1no | BY<29><STEAM_0:1:891921><CT>" with "ak47" (damage "34") (damage_armor "0") (health "-29") (armor "0")
L 04/08/2015 - 18:18:19: "4ANHNK(BLR)<34><STEAM_0:4:2130693381><TERRORIST>" killed "Team A | Dom1no | BY<29><STEAM_0:1:891921><CT>" with "ak47"
L 04/08/2015 - 18:18:19: Team "TERRORIST" triggered "Terrorists_Win" (CT "7") (T "6")
L 04/08/2015 - 18:18:19: World triggered "Round_End"
L 04/08/2015 - 18:18:20: "Novi4ek<44><STEAM_0:4:1797452288><>" entered the game
L 04/08/2015 - 18:18:27: "Novi4ek<44><STEAM_0:4:1797452288><>" joined team "CT"
L 04/08/2015 - 18:18:29: World triggered "Round_Start"
L 04/08/2015 - 18:18:34: "4ANHNK(BLR)<34><STEAM_0:4:2130693381><TERRORIST>" attacked "Novi4ek<44><STEAM_0:4:1797452288><CT>" with "ak47" (damage "26") (damage_armor "4") (health "74") (armor "96")
L 04/08/2015 - 18:18:35: "Novi4ek<44><STEAM_0:4:1797452288><CT>" attacked "4ANHNK(BLR)<34><STEAM_0:4:2130693381><TERRORIST>" with "m4a1" (damage "19") (damage_armor "4") (health "81") (armor "91")
L 04/08/2015 - 18:18:35: "4ANHNK(BLR)<34><STEAM_0:4:2130693381><TERRORIST>" attacked "Novi4ek<44><STEAM_0:4:1797452288><CT>" with "ak47" (damage "26") (damage_armor "4") (health "48") (armor "92")
L 04/08/2015 - 18:18:35: "4ANHNK(BLR)<34><STEAM_0:4:2130693381><TERRORIST>" attacked "Novi4ek<44><STEAM_0:4:1797452288><CT>" with "ak47" (damage "26") (damage_armor "4") (health "22") (armor "88")
L 04/08/2015 - 18:18:35: "4ANHNK(BLR)<34><STEAM_0:4:2130693381><TERRORIST>" attacked "Novi4ek<44><STEAM_0:4:1797452288><CT>" with "ak47" (damage "26") (damage_armor "4") (health "-4") (armor "84")
L 04/08/2015 - 18:18:35: "4ANHNK(BLR)<34><STEAM_0:4:2130693381><TERRORIST>" killed "Novi4ek<44><STEAM_0:4:1797452288><CT>" with "ak47"
L 04/08/2015 - 18:18:45: "Team A | Dom1no | BY<29><STEAM_0:1:891921><CT>" attacked "4ANHNK(BLR)<34><STEAM_0:4:2130693381><TERRORIST>" with "m4a1" (damage "20") (damage_armor "5") (health "61") (armor "86")
L 04/08/2015 - 18:18:45: "Team A | Dom1no | BY<29><STEAM_0:1:891921><CT>" attacked "4ANHNK(BLR)<34><STEAM_0:4:2130693381><TERRORIST>" with "m4a1" (damage "20") (damage_armor "4") (health "41") (armor "82")
L 04/08/2015 - 18:18:45: "4ANHNK(BLR)<34><STEAM_0:4:2130693381><TERRORIST>" attacked "Team A | Dom1no | BY<29><STEAM_0:1:891921><CT>" with "ak47" (damage "34") (damage_armor "0") (health "66") (armor "0")
L 04/08/2015 - 18:18:46: "Team A | Dom1no | BY<29><STEAM_0:1:891921><CT>" attacked "4ANHNK(BLR)<34><STEAM_0:4:2130693381><TERRORIST>" with "m4a1" (damage "20") (damage_armor "4") (health "21") (armor "78")
L 04/08/2015 - 18:18:48: "4ANHNK(BLR)<34><STEAM_0:4:2130693381><TERRORIST>" attacked "Team A | Dom1no | BY<29><STEAM_0:1:891921><CT>" with "ak47" (damage "25") (damage_armor "0") (health "41") (armor "0")
L 04/08/2015 - 18:18:48: "4ANHNK(BLR)<34><STEAM_0:4:2130693381><TERRORIST>" attacked "Team A | Dom1no | BY<29><STEAM_0:1:891921><CT>" with "ak47" (damage "34") (damage_armor "0") (health "7") (armor "0")
L 04/08/2015 - 18:18:48: "Team A | Dom1no | BY<29><STEAM_0:1:891921><CT>" attacked "4ANHNK(BLR)<34><STEAM_0:4:2130693381><TERRORIST>" with "m4a1" (damage "21") (damage_armor "0") (health "0") (armor "78")
L 04/08/2015 - 18:18:48: "Team A | Dom1no | BY<29><STEAM_0:1:891921><CT>" killed "4ANHNK(BLR)<34><STEAM_0:4:2130693381><TERRORIST>" with "m4a1"
L 04/08/2015 - 18:18:48: Team "CT" triggered "CTs_Win" (CT "8") (T "6")
L 04/08/2015 - 18:18:48: World triggered "Round_End"
L 04/08/2015 - 18:18:51: "Novi4ek<44><STEAM_0:4:1797452288><CT>" triggered "weaponstats" (weapon "m4a1") (shots "13") (hits "1") (kills "0") (headshots "0") (tks "0") (damage "19") (deaths "1")
L 04/08/2015 - 18:18:51: "Novi4ek<44><STEAM_0:4:1797452288><CT>" triggered "weaponstats2" (weapon "m4a1") (head "0") (chest "0") (stomach "0") (leftarm "1") (rightarm "0") (leftleg "0") (rightleg "0")
L 04/08/2015 - 18:18:51: "Novi4ek<44><STEAM_0:4:1797452288><CT>" triggered "time" (time "0:31")
L 04/08/2015 - 18:18:51: "Novi4ek<44><STEAM_0:4:1797452288><CT>" triggered "latency" (ping "79")
L 04/08/2015 - 18:18:51: "Team A | Dom1no | BY<29><STEAM_0:1:891921><CT>" triggered "weaponstats" (weapon "m4a1") (shots "120") (hits "35") (kills "12") (headshots "8") (tks "0") (damage "1667") (deaths "7")
L 04/08/2015 - 18:18:51: "Team A | Dom1no | BY<29><STEAM_0:1:891921><CT>" triggered "weaponstats2" (weapon "m4a1") (head "8") (chest "8") (stomach "1") (leftarm "12") (rightarm "2") (leftleg "2") (rightleg "2")
L 04/08/2015 - 18:18:51: "Team A | Dom1no | BY<29><STEAM_0:1:891921><CT>" triggered "time" (time "6:55")
L 04/08/2015 - 18:18:51: "Team A | Dom1no | BY<29><STEAM_0:1:891921><CT>" triggered "latency" (ping "46")
L 04/08/2015 - 18:18:51: "4ANHNK(BLR)<34><STEAM_0:4:2130693381><TERRORIST>" triggered "weaponstats" (weapon "grenade") (shots "1") (hits "1") (kills "0") (headshots "0") (tks "0") (damage "44") (deaths "0")
L 04/08/2015 - 18:18:51: "4ANHNK(BLR)<34><STEAM_0:4:2130693381><TERRORIST>" triggered "weaponstats2" (weapon "grenade") (head "0") (chest "0") (stomach "0") (leftarm "0") (rightarm "0") (leftleg "0") (rightleg "0")
L 04/08/2015 - 18:18:51: "4ANHNK(BLR)<34><STEAM_0:4:2130693381><TERRORIST>" triggered "weaponstats" (weapon "usp") (shots "1") (hits "0") (kills "0") (headshots "0") (tks "0") (damage "0") (deaths "0")
L 04/08/2015 - 18:18:51: "4ANHNK(BLR)<34><STEAM_0:4:2130693381><TERRORIST>" triggered "weaponstats2" (weapon "usp") (head "0") (chest "0") (stomach "0") (leftarm "0") (rightarm "0") (leftleg "0") (rightleg "0")
L 04/08/2015 - 18:18:51: "4ANHNK(BLR)<34><STEAM_0:4:2130693381><TERRORIST>" triggered "weaponstats" (weapon "glock18") (shots "12") (hits "4") (kills "1") (headshots "1") (tks "0") (damage "137") (deaths "0")
L 04/08/2015 - 18:18:51: "4ANHNK(BLR)<34><STEAM_0:4:2130693381><TERRORIST>" triggered "weaponstats2" (weapon "glock18") (head "1") (chest "1") (stomach "1") (leftarm "1") (rightarm "0") (leftleg "0") (rightleg "0")
L 04/08/2015 - 18:18:51: "4ANHNK(BLR)<34><STEAM_0:4:2130693381><TERRORIST>" triggered "weaponstats" (weapon "m4a1") (shots "31") (hits "3") (kills "0") (headshots "0") (tks "0") (damage "91") (deaths "0")
L 04/08/2015 - 18:18:51: "4ANHNK(BLR)<34><STEAM_0:4:2130693381><TERRORIST>" triggered "weaponstats2" (weapon "m4a1") (head "0") (chest "0") (stomach "1") (leftarm "2") (rightarm "0") (leftleg "0") (rightleg "0")
L 04/08/2015 - 18:18:51: "4ANHNK(BLR)<34><STEAM_0:4:2130693381><TERRORIST>" triggered "weaponstats" (weapon "deagle") (shots "7") (hits "0") (kills "0") (headshots "0") (tks "0") (damage "0") (deaths "0")
L 04/08/2015 - 18:18:51: "4ANHNK(BLR)<34><STEAM_0:4:2130693381><TERRORIST>" triggered "weaponstats2" (weapon "deagle") (head "0") (chest "0") (stomach "0") (leftarm "0") (rightarm "0") (leftleg "0") (rightleg "0")
L 04/08/2015 - 18:18:51: "4ANHNK(BLR)<34><STEAM_0:4:2130693381><TERRORIST>" triggered "weaponstats" (weapon "ak47") (shots "141") (hits "39") (kills "13") (headshots "4") (tks "0") (damage "1554") (deaths "5")
L 04/08/2015 - 18:18:51: "4ANHNK(BLR)<34><STEAM_0:4:2130693381><TERRORIST>" triggered "weaponstats2" (weapon "ak47") (head "4") (chest "5") (stomach "4") (leftarm "14") (rightarm "3") (leftleg "4") (rightleg "5")
L 04/08/2015 - 18:18:51: "4ANHNK(BLR)<34><STEAM_0:4:2130693381><TERRORIST>" triggered "time" (time "6:55")
L 04/08/2015 - 18:18:51: "4ANHNK(BLR)<34><STEAM_0:4:2130693381><TERRORIST>" triggered "latency" (ping "42")
L 04/08/2015 - 18:18:51: [META] ini: Begin re-reading plugins list: /home/extazy/public/cstrike/addons/metamod/plugins.ini
L 04/08/2015 - 18:18:51: [META] ini: Read plugin config for: AMX Mod X
L 04/08/2015 - 18:18:51: [META] ini: Read plugin config for: dproto_EF
L 04/08/2015 - 18:18:51: [META] ini: Read plugin config for: VoiceTranscoder
L 04/08/2015 - 18:18:51: [META] ini: Finished reading plugins list: /home/extazy/public/cstrike/addons/metamod/plugins.ini; Found 3 plugins
L 04/08/2015 - 18:18:51: [META] dll: Updating plugins...
L 04/08/2015 - 18:18:51: [META] dll: Finished updating 12 plugins; kept 3, loaded 0, unloaded 0, reloaded 0, delayed 0
L 04/08/2015 - 18:18:51: "Novi4ek<44><STEAM_0:4:1797452288><CT>" disconnected
L 04/08/2015 - 18:18:51: "Team A | Dom1no | BY<29><STEAM_0:1:891921><CT>" disconnected
L 04/08/2015 - 18:18:51: "4ANHNK(BLR)<34><STEAM_0:4:2130693381><TERRORIST>" disconnected
L 04/08/2015 - 18:18:51: Log file closed
