L 04/01/2015 - 12:35:22: Log file started (file "logs/L0401021.log") (game "cstrike") (version "48/1.6.3.7/Stdio/5787")
L 04/01/2015 - 12:35:22: Loading map "$2000$"
L 04/01/2015 - 12:35:22: Server cvars start
L 04/01/2015 - 12:35:22: Server cvar "_tutor_bomb_viewable_check_interval" = "0.5"
L 04/01/2015 - 12:35:22: Server cvar "_tutor_debug_level" = "0"
L 04/01/2015 - 12:35:22: Server cvar "_tutor_examine_time" = "0.5"
L 04/01/2015 - 12:35:22: Server cvar "_tutor_hint_interval_time" = "10.0"
L 04/01/2015 - 12:35:22: Server cvar "_tutor_look_angle" = "10"
L 04/01/2015 - 12:35:22: Server cvar "_tutor_look_distance" = "200"
L 04/01/2015 - 12:35:22: Server cvar "_tutor_message_character_display_time_coefficient" = "0.07"
L 04/01/2015 - 12:35:22: Server cvar "_tutor_message_minimum_display_time" = "1"
L 04/01/2015 - 12:35:22: Server cvar "_tutor_message_repeats" = "5"
L 04/01/2015 - 12:35:22: Server cvar "_tutor_view_distance" = "1000"
L 04/01/2015 - 12:35:22: Server cvar "aesp_version" = "1.5b_mini"
L 04/01/2015 - 12:35:22: Server cvar "allow_spectators" = "4"
L 04/01/2015 - 12:35:22: Server cvar "amx_client_languages" = "0"
L 04/01/2015 - 12:35:22: Server cvar "amx_contactinfo" = "ICQ: 691322983"
L 04/01/2015 - 12:35:22: Server cvar "amx_language" = "ru"
L 04/01/2015 - 12:35:22: Server cvar "amx_nextmap" = "awp_map"
L 04/01/2015 - 12:35:22: Server cvar "amx_timeleft" = "27:07"
L 04/01/2015 - 12:35:22: Server cvar "amxbans_ssversion" = "Gm 1.6"
L 04/01/2015 - 12:35:22: Server cvar "amxbans_version" = "Gm 1.6"
L 04/01/2015 - 12:35:22: Server cvar "amxmodx_version" = "1.8.1.3746"
L 04/01/2015 - 12:35:22: Server cvar "Colored Translit Cheat" = "Loaded"
L 04/01/2015 - 12:35:22: Server cvar "Colored Translit Config" = "Loaded"
L 04/01/2015 - 12:35:22: Server cvar "Colored Translit Ignores" = "Loaded"
L 04/01/2015 - 12:35:22: Server cvar "Colored Translit Replace" = "Failed"
L 04/01/2015 - 12:35:22: Server cvar "Colored Translit Spam" = "Loaded"
L 04/01/2015 - 12:35:22: Server cvar "Colored Translit Status" = "Loaded"
L 04/01/2015 - 12:35:22: Server cvar "Colored Translit Swear" = "Loaded"
L 04/01/2015 - 12:35:22: Server cvar "Colored Translit Version" = "2.0b Final"
L 04/01/2015 - 12:35:22: Server cvar "coop" = "0"
L 04/01/2015 - 12:35:22: Server cvar "deathmatch" = "1"
L 04/01/2015 - 12:35:22: Server cvar "decalfrequency" = "9"
L 04/01/2015 - 12:35:22: Server cvar "dp_version" = "0.9.391"
L 04/01/2015 - 12:35:22: Server cvar "edgefriction" = "2"
L 04/01/2015 - 12:35:22: Server cvar "hostage_debug" = "0"
L 04/01/2015 - 12:35:22: Server cvar "hostage_stop" = "0"
L 04/01/2015 - 12:35:22: Server cvar "humans_join_team" = "any"
L 04/01/2015 - 12:35:22: Server cvar "jtp10181" = "chute,gore"
L 04/01/2015 - 12:35:22: Server cvar "max_queries_sec" = "3.0"
L 04/01/2015 - 12:35:22: Server cvar "max_queries_sec_global" = "30"
L 04/01/2015 - 12:35:22: Server cvar "max_queries_window" = "60"
L 04/01/2015 - 12:35:22: Server cvar "metamod_version" = "1.19"
L 04/01/2015 - 12:35:22: Server cvar "mp_allowmonsters" = "0"
L 04/01/2015 - 12:35:22: Server cvar "mp_autokick" = "1"
L 04/01/2015 - 12:35:22: Server cvar "mp_autoteambalance" = "1"
L 04/01/2015 - 12:35:22: Server cvar "mp_buytime" = "1.5"
L 04/01/2015 - 12:35:22: Server cvar "mp_c4timer" = "35"
L 04/01/2015 - 12:35:22: Server cvar "mp_chattime" = "0"
L 04/01/2015 - 12:35:22: Server cvar "mp_consistency" = "1"
L 04/01/2015 - 12:35:22: Server cvar "mp_fadetoblack" = "0"
L 04/01/2015 - 12:35:22: Server cvar "mp_flashlight" = "1"
L 04/01/2015 - 12:35:22: Server cvar "mp_footsteps" = "1"
L 04/01/2015 - 12:35:22: Server cvar "mp_forcecamera" = "0"
L 04/01/2015 - 12:35:22: Server cvar "mp_forcechasecam" = "0"
L 04/01/2015 - 12:35:22: Server cvar "mp_fragsleft" = "0"
L 04/01/2015 - 12:35:22: Server cvar "mp_freezetime" = "5"
L 04/01/2015 - 12:35:22: Server cvar "mp_friendlyfire" = "0"
L 04/01/2015 - 12:35:22: Server cvar "mp_ghostfrequency" = "0.1"
L 04/01/2015 - 12:35:22: Server cvar "mp_hostagepenalty" = "0"
L 04/01/2015 - 12:35:22: Server cvar "mp_kickpercent" = "0.66"
L 04/01/2015 - 12:35:22: Server cvar "mp_limitteams" = "5"
L 04/01/2015 - 12:35:22: Server cvar "mp_logdetail" = "3"
L 04/01/2015 - 12:35:22: Server cvar "mp_logfile" = "1"
L 04/01/2015 - 12:35:22: Server cvar "mp_logmessages" = "1"
L 04/01/2015 - 12:35:22: Server cvar "mp_mapvoteratio" = "0.66"
L 04/01/2015 - 12:35:22: Server cvar "mp_maxrounds" = "0"
L 04/01/2015 - 12:35:22: Server cvar "mp_mirrordamage" = "0"
L 04/01/2015 - 12:35:22: Server cvar "mp_playerid" = "0"
L 04/01/2015 - 12:35:22: Server cvar "mp_roundtime" = "2.57"
L 04/01/2015 - 12:35:22: Server cvar "mp_startmoney" = "800"
L 04/01/2015 - 12:35:22: Server cvar "mp_timeleft" = "0"
L 04/01/2015 - 12:35:22: Server cvar "mp_timelimit" = "30.000000"
L 04/01/2015 - 12:35:22: Server cvar "mp_tkpunish" = "1"
L 04/01/2015 - 12:35:22: Server cvar "mp_windifference" = "1"
L 04/01/2015 - 12:35:22: Server cvar "mp_winlimit" = "0"
L 04/01/2015 - 12:35:22: Server cvar "pausable" = "0"
L 04/01/2015 - 12:35:22: Server cvar "sv_accelerate" = "5"
L 04/01/2015 - 12:35:22: Server cvar "sv_aim" = "0"
L 04/01/2015 - 12:35:22: Server cvar "sv_airaccelerate" = "10"
L 04/01/2015 - 12:35:22: Server cvar "sv_airmove" = "1"
L 04/01/2015 - 12:35:22: Server cvar "sv_allowupload" = "1"
L 04/01/2015 - 12:35:22: Server cvar "sv_alltalk" = "0"
L 04/01/2015 - 12:35:22: Server cvar "sv_bounce" = "1"
L 04/01/2015 - 12:35:22: Server cvar "sv_cheats" = "0"
L 04/01/2015 - 12:35:22: Server cvar "sv_clienttrace" = "1"
L 04/01/2015 - 12:35:22: Server cvar "sv_clipmode" = "0"
L 04/01/2015 - 12:35:22: Server cvar "sv_contact" = ""
L 04/01/2015 - 12:35:22: Server cvar "sv_friction" = "4"
L 04/01/2015 - 12:35:22: Server cvar "sv_gravity" = "800"
L 04/01/2015 - 12:35:22: Server cvar "sv_logblocks" = "0"
L 04/01/2015 - 12:35:22: Server cvar "sv_maxrate" = "25000"
L 04/01/2015 - 12:35:22: Server cvar "sv_maxspeed" = "900"
L 04/01/2015 - 12:35:22: Server cvar "sv_minrate" = "100000"
L 04/01/2015 - 12:35:22: Server cvar "sv_password" = ""
L 04/01/2015 - 12:35:22: Server cvar "sv_proxies" = "0"
L 04/01/2015 - 12:35:22: Server cvar "sv_region" = "3"
L 04/01/2015 - 12:35:22: Server cvar "sv_restart" = "0"
L 04/01/2015 - 12:35:22: Server cvar "sv_restartround" = "0"
L 04/01/2015 - 12:35:22: Server cvar "sv_stepsize" = "18"
L 04/01/2015 - 12:35:22: Server cvar "sv_stopspeed" = "75"
L 04/01/2015 - 12:35:22: Server cvar "sv_uploadmax" = "0.5"
L 04/01/2015 - 12:35:22: Server cvar "sv_voiceenable" = "1"
L 04/01/2015 - 12:35:22: Server cvar "sv_wateraccelerate" = "10"
L 04/01/2015 - 12:35:22: Server cvar "sv_waterfriction" = "1"
L 04/01/2015 - 12:35:22: Server cvar "travo_statmarquee" = "v1.2"
L 04/01/2015 - 12:35:22: Server cvar "vtc_version" = "80"
L 04/01/2015 - 12:35:22: Server cvar "wallblocker_version" = "1.0"
L 04/01/2015 - 12:35:22: Server cvar "whb_version" = "1.5.530"
L 04/01/2015 - 12:35:22: Server cvars end
L 04/01/2015 - 12:35:23: Server cvar "amx_nextmap" = "aim_map"
L 04/01/2015 - 12:35:23: Server cvar "sv_restart" = "1"
L 04/01/2015 - 12:35:23: World triggered "Restart_Round_(1_second)"
L 04/01/2015 - 12:35:23: Team "CT" scored "0" with "0" players
L 04/01/2015 - 12:35:23: Team "TERRORIST" scored "0" with "0" players
L 04/01/2015 - 12:35:23: Server cvar "sv_restart" = "0"
L 04/01/2015 - 12:35:23: Started map "$2000$" (CRC "-1688392397")
L 04/01/2015 - 12:35:28: World triggered "Round_Start"
L 04/01/2015 - 12:43:07: [DPROTO]: Client 0 - Set AuthIdType 3 [dp_RevEmu]; pClient = 0xb38eef08
L 04/01/2015 - 12:43:07: "Strikes<25><STEAM_0:4:1908677454><>" connected, address "37.212.212.74:51245"
L 04/01/2015 - 12:43:07: [VTC] Player 1 speex
L 04/01/2015 - 12:43:18: [DPROTO]: Client 0 - Set AuthIdType 3 [dp_RevEmu]; pClient = 0xb38eef08
L 04/01/2015 - 12:43:18: "MarleY<26><STEAM_0:4:2051876613><>" connected, address "178.172.198.93:27005"
L 04/01/2015 - 12:43:18: [VTC] Player 1 speex
L 04/01/2015 - 12:43:18: [DPROTO]: Client 1 - Set AuthIdType 3 [dp_RevEmu]; pClient = 0xb38f3dfc
L 04/01/2015 - 12:43:18: "Luis_Montana<27><STEAM_0:4:1496469490><>" connected, address "93.125.56.27:2971"
L 04/01/2015 - 12:43:19: [VTC] Player 2 speex
L 04/01/2015 - 12:43:50: [DPROTO]: Client 0 - Set AuthIdType 3 [dp_RevEmu]; pClient = 0xb38eef08
L 04/01/2015 - 12:43:50: "Strikes<28><STEAM_0:4:1908677454><>" connected, address "37.212.212.74:51245"
L 04/01/2015 - 12:43:50: [VTC] Player 1 speex
L 04/01/2015 - 12:43:52: "Strikes<28><STEAM_0:4:1908677454><>" entered the game
L 04/01/2015 - 12:43:56: "Strikes<28><STEAM_0:4:1908677454><>" joined team "TERRORIST"
L 04/01/2015 - 12:44:05: [DPROTO]: Client 1 - Set AuthIdType 3 [dp_RevEmu]; pClient = 0xb38f3dfc
L 04/01/2015 - 12:44:05: "Luis_Montana<29><STEAM_0:4:1496469490><>" connected, address "93.125.56.27:2971"
L 04/01/2015 - 12:44:06: [VTC] Player 2 speex
L 04/01/2015 - 12:44:08: "Luis_Montana<29><STEAM_0:4:1496469490><>" entered the game
L 04/01/2015 - 12:44:12: "Luis_Montana<29><STEAM_0:4:1496469490><>" joined team "CT"
L 04/01/2015 - 12:44:12: World triggered "Game_Commencing"
L 04/01/2015 - 12:44:12: World triggered "Game_Commencing" (CT "0") (T "0")
L 04/01/2015 - 12:44:12: World triggered "Round_End"
L 04/01/2015 - 12:44:20: World triggered "Round_Start"
L 04/01/2015 - 12:44:34: "Luis_Montana<29><STEAM_0:4:1496469490><CT>" attacked "Strikes<28><STEAM_0:4:1908677454><TERRORIST>" with "m4a1" (damage "36") (damage_armor "0") (health "64") (armor "0")
L 04/01/2015 - 12:44:34: "Luis_Montana<29><STEAM_0:4:1496469490><CT>" attacked "Strikes<28><STEAM_0:4:1908677454><TERRORIST>" with "m4a1" (damage "29") (damage_armor "0") (health "35") (armor "0")
L 04/01/2015 - 12:44:47: "Strikes<28><STEAM_0:4:1908677454><TERRORIST>" attacked "Luis_Montana<29><STEAM_0:4:1496469490><CT>" with "m4a1" (damage "30") (damage_armor "0") (health "70") (armor "0")
L 04/01/2015 - 12:44:47: "Luis_Montana<29><STEAM_0:4:1496469490><CT>" attacked "Strikes<28><STEAM_0:4:1908677454><TERRORIST>" with "m4a1" (damage "30") (damage_armor "0") (health "5") (armor "0")
L 04/01/2015 - 12:44:47: "Luis_Montana<29><STEAM_0:4:1496469490><CT>" attacked "Strikes<28><STEAM_0:4:1908677454><TERRORIST>" with "m4a1" (damage "30") (damage_armor "0") (health "-25") (armor "0")
L 04/01/2015 - 12:44:47: "Luis_Montana<29><STEAM_0:4:1496469490><CT>" killed "Strikes<28><STEAM_0:4:1908677454><TERRORIST>" with "m4a1"
L 04/01/2015 - 12:44:47: Team "CT" triggered "CTs_Win" (CT "1") (T "0")
L 04/01/2015 - 12:44:47: World triggered "Round_End"
L 04/01/2015 - 12:44:57: World triggered "Round_Start"
L 04/01/2015 - 12:45:14: "Luis_Montana<29><STEAM_0:4:1496469490><CT>" attacked "Strikes<28><STEAM_0:4:1908677454><TERRORIST>" with "m4a1" (damage "21") (damage_armor "0") (health "79") (armor "0")
L 04/01/2015 - 12:45:14: "Luis_Montana<29><STEAM_0:4:1496469490><CT>" attacked "Strikes<28><STEAM_0:4:1908677454><TERRORIST>" with "m4a1" (damage "29") (damage_armor "0") (health "50") (armor "0")
L 04/01/2015 - 12:45:15: "Strikes<28><STEAM_0:4:1908677454><TERRORIST>" attacked "Luis_Montana<29><STEAM_0:4:1496469490><CT>" with "ak47" (damage "34") (damage_armor "0") (health "66") (armor "0")
L 04/01/2015 - 12:45:15: "Luis_Montana<29><STEAM_0:4:1496469490><CT>" attacked "Strikes<28><STEAM_0:4:1908677454><TERRORIST>" with "m4a1" (damage "21") (damage_armor "0") (health "29") (armor "0")
L 04/01/2015 - 12:45:15: "Luis_Montana<29><STEAM_0:4:1496469490><CT>" attacked "Strikes<28><STEAM_0:4:1908677454><TERRORIST>" with "m4a1" (damage "21") (damage_armor "0") (health "8") (armor "0")
L 04/01/2015 - 12:45:15: "Strikes<28><STEAM_0:4:1908677454><TERRORIST>" attacked "Luis_Montana<29><STEAM_0:4:1496469490><CT>" with "ak47" (damage "34") (damage_armor "0") (health "32") (armor "0")
L 04/01/2015 - 12:45:15: "Luis_Montana<29><STEAM_0:4:1496469490><CT>" attacked "Strikes<28><STEAM_0:4:1908677454><TERRORIST>" with "m4a1" (damage "21") (damage_armor "0") (health "-13") (armor "0")
L 04/01/2015 - 12:45:15: "Luis_Montana<29><STEAM_0:4:1496469490><CT>" killed "Strikes<28><STEAM_0:4:1908677454><TERRORIST>" with "m4a1"
L 04/01/2015 - 12:45:15: Team "CT" triggered "CTs_Win" (CT "2") (T "0")
L 04/01/2015 - 12:45:15: World triggered "Round_End"
L 04/01/2015 - 12:45:18: [DPROTO]: Client 2 - Set AuthIdType 3 [dp_RevEmu]; pClient = 0xb38f8cf0
L 04/01/2015 - 12:45:18: "MarleY<30><STEAM_0:4:2051876613><>" connected, address "178.172.198.93:27005"
L 04/01/2015 - 12:45:18: [VTC] Player 3 speex
L 04/01/2015 - 12:45:25: World triggered "Round_Start"
L 04/01/2015 - 12:45:35: "Luis_Montana<29><STEAM_0:4:1496469490><CT>" attacked "Strikes<28><STEAM_0:4:1908677454><TERRORIST>" with "m4a1" (damage "30") (damage_armor "0") (health "70") (armor "0")
L 04/01/2015 - 12:45:35: "Luis_Montana<29><STEAM_0:4:1496469490><CT>" attacked "Strikes<28><STEAM_0:4:1908677454><TERRORIST>" with "m4a1" (damage "23") (damage_armor "0") (health "47") (armor "0")
L 04/01/2015 - 12:45:35: "Strikes<28><STEAM_0:4:1908677454><TERRORIST>" attacked "Luis_Montana<29><STEAM_0:4:1496469490><CT>" with "m4a1" (damage "23") (damage_armor "0") (health "77") (armor "0")
L 04/01/2015 - 12:45:35: "Strikes<28><STEAM_0:4:1908677454><TERRORIST>" attacked "Luis_Montana<29><STEAM_0:4:1496469490><CT>" with "m4a1" (damage "23") (damage_armor "0") (health "54") (armor "0")
L 04/01/2015 - 12:45:35: "Strikes<28><STEAM_0:4:1908677454><TERRORIST>" attacked "Luis_Montana<29><STEAM_0:4:1496469490><CT>" with "m4a1" (damage "23") (damage_armor "0") (health "31") (armor "0")
L 04/01/2015 - 12:45:35: "Strikes<28><STEAM_0:4:1908677454><TERRORIST>" attacked "Luis_Montana<29><STEAM_0:4:1496469490><CT>" with "m4a1" (damage "31") (damage_armor "0") (health "0") (armor "0")
L 04/01/2015 - 12:45:35: "Strikes<28><STEAM_0:4:1908677454><TERRORIST>" killed "Luis_Montana<29><STEAM_0:4:1496469490><CT>" with "m4a1"
L 04/01/2015 - 12:45:35: Team "TERRORIST" triggered "Terrorists_Win" (CT "2") (T "1")
L 04/01/2015 - 12:45:35: World triggered "Round_End"
L 04/01/2015 - 12:45:45: World triggered "Round_Start"
L 04/01/2015 - 12:45:48: "Luis_Montana<29><STEAM_0:4:1496469490><CT>" attacked "Strikes<28><STEAM_0:4:1908677454><TERRORIST>" with "ak47" (damage "25") (damage_armor "0") (health "75") (armor "0")
L 04/01/2015 - 12:45:48: "Luis_Montana<29><STEAM_0:4:1496469490><CT>" attacked "Strikes<28><STEAM_0:4:1908677454><TERRORIST>" with "ak47" (damage "34") (damage_armor "0") (health "41") (armor "0")
L 04/01/2015 - 12:45:48: "Strikes<28><STEAM_0:4:1908677454><TERRORIST>" attacked "Luis_Montana<29><STEAM_0:4:1496469490><CT>" with "m4a1" (damage "28") (damage_armor "0") (health "72") (armor "0")
L 04/01/2015 - 12:45:49: "Strikes<28><STEAM_0:4:1908677454><TERRORIST>" attacked "Luis_Montana<29><STEAM_0:4:1496469490><CT>" with "m4a1" (damage "35") (damage_armor "0") (health "9") (armor "0")
L 04/01/2015 - 12:45:49: "Strikes<28><STEAM_0:4:1908677454><TERRORIST>" attacked "Luis_Montana<29><STEAM_0:4:1496469490><CT>" with "m4a1" (damage "28") (damage_armor "0") (health "-19") (armor "0")
L 04/01/2015 - 12:45:49: "Strikes<28><STEAM_0:4:1908677454><TERRORIST>" killed "Luis_Montana<29><STEAM_0:4:1496469490><CT>" with "m4a1"
L 04/01/2015 - 12:45:49: Team "TERRORIST" triggered "Terrorists_Win" (CT "2") (T "2")
L 04/01/2015 - 12:45:49: World triggered "Round_End"
L 04/01/2015 - 12:45:59: World triggered "Round_Start"
L 04/01/2015 - 12:46:02: "Luis_Montana<29><STEAM_0:4:1496469490><CT>" attacked "Strikes<28><STEAM_0:4:1908677454><TERRORIST>" with "aug" (damage "21") (damage_armor "0") (health "79") (armor "0")
L 04/01/2015 - 12:46:02: "Luis_Montana<29><STEAM_0:4:1496469490><CT>" attacked "Strikes<28><STEAM_0:4:1908677454><TERRORIST>" with "aug" (damage "35") (damage_armor "0") (health "44") (armor "0")
L 04/01/2015 - 12:46:03: "Luis_Montana<29><STEAM_0:4:1496469490><CT>" attacked "Strikes<28><STEAM_0:4:1908677454><TERRORIST>" with "aug" (damage "21") (damage_armor "0") (health "23") (armor "0")
L 04/01/2015 - 12:46:03: "Luis_Montana<29><STEAM_0:4:1496469490><CT>" attacked "Strikes<28><STEAM_0:4:1908677454><TERRORIST>" with "aug" (damage "21") (damage_armor "0") (health "2") (armor "0")
L 04/01/2015 - 12:46:03: "Strikes<28><STEAM_0:4:1908677454><TERRORIST>" attacked "Luis_Montana<29><STEAM_0:4:1496469490><CT>" with "m4a1" (damage "21") (damage_armor "0") (health "43") (armor "0")
L 04/01/2015 - 12:46:03: "Luis_Montana<29><STEAM_0:4:1496469490><CT>" attacked "Strikes<28><STEAM_0:4:1908677454><TERRORIST>" with "aug" (damage "21") (damage_armor "0") (health "-19") (armor "0")
L 04/01/2015 - 12:46:03: "Luis_Montana<29><STEAM_0:4:1496469490><CT>" killed "Strikes<28><STEAM_0:4:1908677454><TERRORIST>" with "aug"
L 04/01/2015 - 12:46:03: Team "CT" triggered "CTs_Win" (CT "3") (T "2")
L 04/01/2015 - 12:46:03: World triggered "Round_End"
L 04/01/2015 - 12:46:13: World triggered "Round_Start"
L 04/01/2015 - 12:46:21: [DPROTO]: Client 2 - Set AuthIdType 3 [dp_RevEmu]; pClient = 0xb38f8cf0
L 04/01/2015 - 12:46:21: "MarleY<31><STEAM_0:4:2051876613><>" connected, address "178.172.198.93:27005"
L 04/01/2015 - 12:46:21: [VTC] Player 3 speex
L 04/01/2015 - 12:46:23: "Strikes<28><STEAM_0:4:1908677454><TERRORIST>" attacked "Luis_Montana<29><STEAM_0:4:1496469490><CT>" with "awp" (damage "112") (damage_armor "0") (health "-12") (armor "0")
L 04/01/2015 - 12:46:23: "Strikes<28><STEAM_0:4:1908677454><TERRORIST>" killed "Luis_Montana<29><STEAM_0:4:1496469490><CT>" with "awp"
L 04/01/2015 - 12:46:23: Team "TERRORIST" triggered "Terrorists_Win" (CT "3") (T "3")
L 04/01/2015 - 12:46:23: World triggered "Round_End"
L 04/01/2015 - 12:46:33: World triggered "Round_Start"
L 04/01/2015 - 12:46:37: "Luis_Montana<29><STEAM_0:4:1496469490><CT>" attacked "Strikes<28><STEAM_0:4:1908677454><TERRORIST>" with "m4a1" (damage "35") (damage_armor "0") (health "65") (armor "0")
L 04/01/2015 - 12:46:38: "Luis_Montana<29><STEAM_0:4:1496469490><CT>" attacked "Strikes<28><STEAM_0:4:1908677454><TERRORIST>" with "m4a1" (damage "21") (damage_armor "0") (health "44") (armor "0")
L 04/01/2015 - 12:46:39: "Luis_Montana<29><STEAM_0:4:1496469490><CT>" attacked "Strikes<28><STEAM_0:4:1908677454><TERRORIST>" with "m4a1" (damage "28") (damage_armor "0") (health "16") (armor "0")
L 04/01/2015 - 12:46:41: "Luis_Montana<29><STEAM_0:4:1496469490><CT>" attacked "Strikes<28><STEAM_0:4:1908677454><TERRORIST>" with "m4a1" (damage "36") (damage_armor "0") (health "-20") (armor "0")
L 04/01/2015 - 12:46:41: "Luis_Montana<29><STEAM_0:4:1496469490><CT>" killed "Strikes<28><STEAM_0:4:1908677454><TERRORIST>" with "m4a1"
L 04/01/2015 - 12:46:41: Team "CT" triggered "CTs_Win" (CT "4") (T "3")
L 04/01/2015 - 12:46:41: World triggered "Round_End"
L 04/01/2015 - 12:46:51: World triggered "Round_Start"
L 04/01/2015 - 12:46:55: "Strikes<28><STEAM_0:4:1908677454><TERRORIST>" attacked "Luis_Montana<29><STEAM_0:4:1496469490><CT>" with "ak47" (damage "34") (damage_armor "0") (health "66") (armor "0")
L 04/01/2015 - 12:46:56: "Strikes<28><STEAM_0:4:1908677454><TERRORIST>" attacked "Luis_Montana<29><STEAM_0:4:1496469490><CT>" with "ak47" (damage "34") (damage_armor "0") (health "32") (armor "0")
L 04/01/2015 - 12:46:57: "Strikes<28><STEAM_0:4:1908677454><TERRORIST>" attacked "Luis_Montana<29><STEAM_0:4:1496469490><CT>" with "ak47" (damage "64") (damage_armor "0") (health "-32") (armor "0")
L 04/01/2015 - 12:46:57: "Strikes<28><STEAM_0:4:1908677454><TERRORIST>" killed "Luis_Montana<29><STEAM_0:4:1496469490><CT>" with "ak47"
L 04/01/2015 - 12:46:57: Team "TERRORIST" triggered "Terrorists_Win" (CT "4") (T "4")
L 04/01/2015 - 12:46:57: World triggered "Round_End"
L 04/01/2015 - 12:47:07: World triggered "Round_Start"
L 04/01/2015 - 12:47:18: "Luis_Montana<29><STEAM_0:4:1496469490><CT>" attacked "Strikes<28><STEAM_0:4:1908677454><TERRORIST>" with "m4a1" (damage "22") (damage_armor "0") (health "78") (armor "0")
L 04/01/2015 - 12:47:18: "Luis_Montana<29><STEAM_0:4:1496469490><CT>" attacked "Strikes<28><STEAM_0:4:1908677454><TERRORIST>" with "m4a1" (damage "31") (damage_armor "0") (health "47") (armor "0")
L 04/01/2015 - 12:47:19: "Strikes<28><STEAM_0:4:1908677454><TERRORIST>" attacked "Luis_Montana<29><STEAM_0:4:1496469490><CT>" with "ak47" (damage "35") (damage_armor "0") (health "46") (armor "0")
L 04/01/2015 - 12:47:19: "Luis_Montana<29><STEAM_0:4:1496469490><CT>" attacked "Strikes<28><STEAM_0:4:1908677454><TERRORIST>" with "m4a1" (damage "31") (damage_armor "0") (health "16") (armor "0")
L 04/01/2015 - 12:47:19: "Luis_Montana<29><STEAM_0:4:1496469490><CT>" attacked "Strikes<28><STEAM_0:4:1908677454><TERRORIST>" with "m4a1" (damage "31") (damage_armor "0") (health "-15") (armor "0")
L 04/01/2015 - 12:47:19: "Luis_Montana<29><STEAM_0:4:1496469490><CT>" killed "Strikes<28><STEAM_0:4:1908677454><TERRORIST>" with "m4a1"
L 04/01/2015 - 12:47:19: Team "CT" triggered "CTs_Win" (CT "5") (T "4")
L 04/01/2015 - 12:47:19: World triggered "Round_End"
L 04/01/2015 - 12:47:28: [DPROTO]: Client 2 - Set AuthIdType 3 [dp_RevEmu]; pClient = 0xb38f8cf0
L 04/01/2015 - 12:47:28: "MarleY<32><STEAM_0:4:2051876613><>" connected, address "178.172.198.93:27005"
L 04/01/2015 - 12:47:28: [VTC] Player 3 speex
L 04/01/2015 - 12:47:29: World triggered "Round_Start"
L 04/01/2015 - 12:47:53: "Strikes<28><STEAM_0:4:1908677454><TERRORIST>" attacked "Luis_Montana<29><STEAM_0:4:1496469490><CT>" with "m4a1" (damage "30") (damage_armor "0") (health "70") (armor "0")
L 04/01/2015 - 12:47:53: "Luis_Montana<29><STEAM_0:4:1496469490><CT>" attacked "Strikes<28><STEAM_0:4:1908677454><TERRORIST>" with "m4a1" (damage "22") (damage_armor "0") (health "78") (armor "0")
L 04/01/2015 - 12:47:53: "Luis_Montana<29><STEAM_0:4:1496469490><CT>" attacked "Strikes<28><STEAM_0:4:1908677454><TERRORIST>" with "m4a1" (damage "22") (damage_armor "0") (health "56") (armor "0")
L 04/01/2015 - 12:47:54: "Strikes<28><STEAM_0:4:1908677454><TERRORIST>" attacked "Luis_Montana<29><STEAM_0:4:1496469490><CT>" with "m4a1" (damage "30") (damage_armor "0") (health "40") (armor "0")
L 04/01/2015 - 12:47:54: "Luis_Montana<29><STEAM_0:4:1496469490><CT>" attacked "Strikes<28><STEAM_0:4:1908677454><TERRORIST>" with "m4a1" (damage "22") (damage_armor "0") (health "34") (armor "0")
L 04/01/2015 - 12:47:54: "Strikes<28><STEAM_0:4:1908677454><TERRORIST>" attacked "Luis_Montana<29><STEAM_0:4:1496469490><CT>" with "m4a1" (damage "120") (damage_armor "0") (health "-80") (armor "0")
L 04/01/2015 - 12:47:54: "Strikes<28><STEAM_0:4:1908677454><TERRORIST>" killed "Luis_Montana<29><STEAM_0:4:1496469490><CT>" with "m4a1"
L 04/01/2015 - 12:47:54: Team "TERRORIST" triggered "Terrorists_Win" (CT "5") (T "5")
L 04/01/2015 - 12:47:54: World triggered "Round_End"
L 04/01/2015 - 12:48:04: World triggered "Round_Start"
L 04/01/2015 - 12:48:19: "Strikes<28><STEAM_0:4:1908677454><TERRORIST>" attacked "Luis_Montana<29><STEAM_0:4:1496469490><CT>" with "m4a1" (damage "32") (damage_armor "0") (health "68") (armor "0")
L 04/01/2015 - 12:48:19: "Strikes<28><STEAM_0:4:1908677454><TERRORIST>" attacked "Luis_Montana<29><STEAM_0:4:1496469490><CT>" with "m4a1" (damage "32") (damage_armor "0") (health "36") (armor "0")
L 04/01/2015 - 12:48:19: "Strikes<28><STEAM_0:4:1908677454><TERRORIST>" attacked "Luis_Montana<29><STEAM_0:4:1496469490><CT>" with "m4a1" (damage "40") (damage_armor "0") (health "-4") (armor "0")
L 04/01/2015 - 12:48:19: "Strikes<28><STEAM_0:4:1908677454><TERRORIST>" killed "Luis_Montana<29><STEAM_0:4:1496469490><CT>" with "m4a1"
L 04/01/2015 - 12:48:19: Team "TERRORIST" triggered "Terrorists_Win" (CT "5") (T "6")
L 04/01/2015 - 12:48:19: World triggered "Round_End"
L 04/01/2015 - 12:48:29: World triggered "Round_Start"
L 04/01/2015 - 12:48:38: "Strikes<28><STEAM_0:4:1908677454><TERRORIST>" attacked "Luis_Montana<29><STEAM_0:4:1496469490><CT>" with "m4a1" (damage "21") (damage_armor "0") (health "79") (armor "0")
L 04/01/2015 - 12:48:41: "Strikes<28><STEAM_0:4:1908677454><TERRORIST>" attacked "Luis_Montana<29><STEAM_0:4:1496469490><CT>" with "m4a1" (damage "36") (damage_armor "0") (health "43") (armor "0")
L 04/01/2015 - 12:48:42: "Luis_Montana<29><STEAM_0:4:1496469490><CT>" attacked "Strikes<28><STEAM_0:4:1908677454><TERRORIST>" with "m4a1" (damage "20") (damage_armor "5") (health "80") (armor "95")
L 04/01/2015 - 12:48:42: "Luis_Montana<29><STEAM_0:4:1496469490><CT>" attacked "Strikes<28><STEAM_0:4:1908677454><TERRORIST>" with "m4a1" (damage "20") (damage_armor "4") (health "60") (armor "91")
L 04/01/2015 - 12:48:42: "Strikes<28><STEAM_0:4:1908677454><TERRORIST>" attacked "Luis_Montana<29><STEAM_0:4:1496469490><CT>" with "m4a1" (damage "14") (damage_armor "0") (health "29") (armor "0")
L 04/01/2015 - 12:48:42: "Luis_Montana<29><STEAM_0:4:1496469490><CT>" attacked "Strikes<28><STEAM_0:4:1908677454><TERRORIST>" with "m4a1" (damage "9") (damage_armor "2") (health "51") (armor "89")
L 04/01/2015 - 12:48:42: "Luis_Montana<29><STEAM_0:4:1496469490><CT>" attacked "Strikes<28><STEAM_0:4:1908677454><TERRORIST>" with "m4a1" (damage "21") (damage_armor "0") (health "30") (armor "89")
L 04/01/2015 - 12:48:43: "Luis_Montana<29><STEAM_0:4:1496469490><CT>" attacked "Strikes<28><STEAM_0:4:1908677454><TERRORIST>" with "m4a1" (damage "21") (damage_armor "0") (health "9") (armor "89")
L 04/01/2015 - 12:48:43: "Strikes<28><STEAM_0:4:1908677454><TERRORIST>" attacked "Luis_Montana<29><STEAM_0:4:1496469490><CT>" with "m4a1" (damage "21") (damage_armor "0") (health "8") (armor "0")
L 04/01/2015 - 12:48:43: "Strikes<28><STEAM_0:4:1908677454><TERRORIST>" attacked "Luis_Montana<29><STEAM_0:4:1496469490><CT>" with "m4a1" (damage "21") (damage_armor "0") (health "-13") (armor "0")
L 04/01/2015 - 12:48:43: "Strikes<28><STEAM_0:4:1908677454><TERRORIST>" killed "Luis_Montana<29><STEAM_0:4:1496469490><CT>" with "m4a1"
L 04/01/2015 - 12:48:43: Team "TERRORIST" triggered "Terrorists_Win" (CT "5") (T "7")
L 04/01/2015 - 12:48:43: World triggered "Round_End"
L 04/01/2015 - 12:48:53: World triggered "Round_Start"
L 04/01/2015 - 12:49:10: "Strikes<28><STEAM_0:4:1908677454><TERRORIST>" attacked "Luis_Montana<29><STEAM_0:4:1496469490><CT>" with "m4a1" (damage "21") (damage_armor "0") (health "79") (armor "0")
L 04/01/2015 - 12:49:10: "Luis_Montana<29><STEAM_0:4:1496469490><CT>" attacked "Strikes<28><STEAM_0:4:1908677454><TERRORIST>" with "m4a1" (damage "21") (damage_armor "0") (health "79") (armor "89")
L 04/01/2015 - 12:49:10: "Strikes<28><STEAM_0:4:1908677454><TERRORIST>" attacked "Luis_Montana<29><STEAM_0:4:1496469490><CT>" with "m4a1" (damage "28") (damage_armor "0") (health "51") (armor "0")
L 04/01/2015 - 12:49:10: "Strikes<28><STEAM_0:4:1908677454><TERRORIST>" attacked "Luis_Montana<29><STEAM_0:4:1496469490><CT>" with "m4a1" (damage "21") (damage_armor "0") (health "30") (armor "0")
L 04/01/2015 - 12:49:11: "Luis_Montana<29><STEAM_0:4:1496469490><CT>" attacked "Strikes<28><STEAM_0:4:1908677454><TERRORIST>" with "m4a1" (damage "19") (damage_armor "4") (health "60") (armor "85")
L 04/01/2015 - 12:49:11: "Luis_Montana<29><STEAM_0:4:1496469490><CT>" attacked "Strikes<28><STEAM_0:4:1908677454><TERRORIST>" with "m4a1" (damage "19") (damage_armor "5") (health "41") (armor "80")
L 04/01/2015 - 12:49:11: "Strikes<28><STEAM_0:4:1908677454><TERRORIST>" attacked "Luis_Montana<29><STEAM_0:4:1496469490><CT>" with "m4a1" (damage "28") (damage_armor "0") (health "2") (armor "0")
L 04/01/2015 - 12:49:11: "Luis_Montana<29><STEAM_0:4:1496469490><CT>" attacked "Strikes<28><STEAM_0:4:1908677454><TERRORIST>" with "m4a1" (damage "19") (damage_armor "4") (health "22") (armor "76")
L 04/01/2015 - 12:49:11: "Strikes<28><STEAM_0:4:1908677454><TERRORIST>" attacked "Luis_Montana<29><STEAM_0:4:1496469490><CT>" with "m4a1" (damage "28") (damage_armor "0") (health "-26") (armor "0")
L 04/01/2015 - 12:49:11: "Strikes<28><STEAM_0:4:1908677454><TERRORIST>" killed "Luis_Montana<29><STEAM_0:4:1496469490><CT>" with "m4a1"
L 04/01/2015 - 12:49:11: Team "TERRORIST" triggered "Terrorists_Win" (CT "5") (T "8")
L 04/01/2015 - 12:49:11: World triggered "Round_End"
L 04/01/2015 - 12:49:21: World triggered "Round_Start"
L 04/01/2015 - 12:49:26: "Luis_Montana<29><STEAM_0:4:1496469490><CT>" attacked "Strikes<28><STEAM_0:4:1908677454><TERRORIST>" with "m4a1" (damage "20") (damage_armor "4") (health "80") (armor "72")
L 04/01/2015 - 12:49:26: "Strikes<28><STEAM_0:4:1908677454><TERRORIST>" attacked "Luis_Montana<29><STEAM_0:4:1496469490><CT>" with "m4a1" (damage "21") (damage_armor "0") (health "79") (armor "0")
L 04/01/2015 - 12:49:26: "Strikes<28><STEAM_0:4:1908677454><TERRORIST>" attacked "Luis_Montana<29><STEAM_0:4:1496469490><CT>" with "m4a1" (damage "116") (damage_armor "0") (health "-37") (armor "0")
L 04/01/2015 - 12:49:26: "Strikes<28><STEAM_0:4:1908677454><TERRORIST>" killed "Luis_Montana<29><STEAM_0:4:1496469490><CT>" with "m4a1"
L 04/01/2015 - 12:49:26: Team "TERRORIST" triggered "Terrorists_Win" (CT "5") (T "9")
L 04/01/2015 - 12:49:26: World triggered "Round_End"
L 04/01/2015 - 12:49:36: World triggered "Round_Start"
L 04/01/2015 - 12:49:40: "Strikes<28><STEAM_0:4:1908677454><TERRORIST>" attacked "Luis_Montana<29><STEAM_0:4:1496469490><CT>" with "m4a1" (damage "29") (damage_armor "0") (health "71") (armor "0")
L 04/01/2015 - 12:49:40: "Luis_Montana<29><STEAM_0:4:1496469490><CT>" attacked "Strikes<28><STEAM_0:4:1908677454><TERRORIST>" with "mp5navy" (damage "13") (damage_armor "0") (health "87") (armor "72")
L 04/01/2015 - 12:49:40: "Strikes<28><STEAM_0:4:1908677454><TERRORIST>" attacked "Luis_Montana<29><STEAM_0:4:1496469490><CT>" with "m4a1" (damage "29") (damage_armor "0") (health "42") (armor "0")
L 04/01/2015 - 12:49:40: "Strikes<28><STEAM_0:4:1908677454><TERRORIST>" killed "Luis_Montana<29><STEAM_0:4:1496469490><CT>" with "grenade"
L 04/01/2015 - 12:49:40: Team "TERRORIST" triggered "Terrorists_Win" (CT "5") (T "10")
L 04/01/2015 - 12:49:40: World triggered "Round_End"
L 04/01/2015 - 12:49:50: World triggered "Round_Start"
L 04/01/2015 - 12:50:05: "Luis_Montana<29><STEAM_0:4:1496469490><CT>" attacked "Strikes<28><STEAM_0:4:1908677454><TERRORIST>" with "m4a1" (damage "21") (damage_armor "5") (health "79") (armor "67")
L 04/01/2015 - 12:50:06: "Luis_Montana<29><STEAM_0:4:1496469490><CT>" attacked "Strikes<28><STEAM_0:4:1908677454><TERRORIST>" with "m4a1" (damage "26") (damage_armor "5") (health "53") (armor "62")
L 04/01/2015 - 12:50:06: "Luis_Montana<29><STEAM_0:4:1496469490><CT>" attacked "Strikes<28><STEAM_0:4:1908677454><TERRORIST>" with "m4a1" (damage "21") (damage_armor "5") (health "32") (armor "57")
L 04/01/2015 - 12:50:06: "Strikes<28><STEAM_0:4:1908677454><TERRORIST>" attacked "Luis_Montana<29><STEAM_0:4:1496469490><CT>" with "m4a1" (damage "30") (damage_armor "0") (health "59") (armor "0")
L 04/01/2015 - 12:50:06: "Strikes<28><STEAM_0:4:1908677454><TERRORIST>" attacked "Luis_Montana<29><STEAM_0:4:1496469490><CT>" with "m4a1" (damage "30") (damage_armor "0") (health "29") (armor "0")
L 04/01/2015 - 12:50:06: "Luis_Montana<29><STEAM_0:4:1496469490><CT>" attacked "Strikes<28><STEAM_0:4:1908677454><TERRORIST>" with "m4a1" (damage "21") (damage_armor "4") (health "11") (armor "53")
L 04/01/2015 - 12:50:07: "Strikes<28><STEAM_0:4:1908677454><TERRORIST>" attacked "Luis_Montana<29><STEAM_0:4:1496469490><CT>" with "m4a1" (damage "30") (damage_armor "0") (health "-1") (armor "0")
L 04/01/2015 - 12:50:07: "Strikes<28><STEAM_0:4:1908677454><TERRORIST>" killed "Luis_Montana<29><STEAM_0:4:1496469490><CT>" with "m4a1"
L 04/01/2015 - 12:50:07: Team "TERRORIST" triggered "Terrorists_Win" (CT "5") (T "11")
L 04/01/2015 - 12:50:07: World triggered "Round_End"
L 04/01/2015 - 12:50:17: World triggered "Round_Start"
L 04/01/2015 - 12:50:26: "Strikes<28><STEAM_0:4:1908677454><TERRORIST>" attacked "Luis_Montana<29><STEAM_0:4:1496469490><CT>" with "m4a1" (damage "31") (damage_armor "0") (health "69") (armor "0")
L 04/01/2015 - 12:50:26: "Strikes<28><STEAM_0:4:1908677454><TERRORIST>" attacked "Luis_Montana<29><STEAM_0:4:1496469490><CT>" with "m4a1" (damage "38") (damage_armor "0") (health "31") (armor "0")
L 04/01/2015 - 12:50:26: "Strikes<28><STEAM_0:4:1908677454><TERRORIST>" attacked "Luis_Montana<29><STEAM_0:4:1496469490><CT>" with "m4a1" (damage "38") (damage_armor "0") (health "-7") (armor "0")
L 04/01/2015 - 12:50:26: "Strikes<28><STEAM_0:4:1908677454><TERRORIST>" killed "Luis_Montana<29><STEAM_0:4:1496469490><CT>" with "m4a1"
L 04/01/2015 - 12:50:26: Team "TERRORIST" triggered "Terrorists_Win" (CT "5") (T "12")
L 04/01/2015 - 12:50:26: World triggered "Round_End"
L 04/01/2015 - 12:50:36: World triggered "Round_Start"
L 04/01/2015 - 12:50:49: "Luis_Montana<29><STEAM_0:4:1496469490><CT>" attacked "Strikes<28><STEAM_0:4:1908677454><TERRORIST>" with "m4a1" (damage "21") (damage_armor "0") (health "79") (armor "53")
L 04/01/2015 - 12:50:49: "Strikes<28><STEAM_0:4:1908677454><TERRORIST>" attacked "Luis_Montana<29><STEAM_0:4:1496469490><CT>" with "m4a1" (damage "21") (damage_armor "0") (health "-14") (armor "0")
L 04/01/2015 - 12:50:49: "Strikes<28><STEAM_0:4:1908677454><TERRORIST>" killed "Luis_Montana<29><STEAM_0:4:1496469490><CT>" with "m4a1"
L 04/01/2015 - 12:50:49: Team "TERRORIST" triggered "Terrorists_Win" (CT "5") (T "13")
L 04/01/2015 - 12:50:49: World triggered "Round_End"
L 04/01/2015 - 12:50:59: World triggered "Round_Start"
L 04/01/2015 - 12:51:07: "Luis_Montana<29><STEAM_0:4:1496469490><CT>" attacked "Strikes<28><STEAM_0:4:1908677454><TERRORIST>" with "m4a1" (damage "21") (damage_armor "0") (health "79") (armor "53")
L 04/01/2015 - 12:51:07: "Strikes<28><STEAM_0:4:1908677454><TERRORIST>" attacked "Luis_Montana<29><STEAM_0:4:1496469490><CT>" with "m4a1" (damage "29") (damage_armor "0") (health "71") (armor "0")
L 04/01/2015 - 12:51:07: "Luis_Montana<29><STEAM_0:4:1496469490><CT>" attacked "Strikes<28><STEAM_0:4:1908677454><TERRORIST>" with "m4a1" (damage "21") (damage_armor "0") (health "58") (armor "53")
L 04/01/2015 - 12:51:07: "Strikes<28><STEAM_0:4:1908677454><TERRORIST>" attacked "Luis_Montana<29><STEAM_0:4:1496469490><CT>" with "m4a1" (damage "29") (damage_armor "0") (health "42") (armor "0")
L 04/01/2015 - 12:51:08: "Luis_Montana<29><STEAM_0:4:1496469490><CT>" attacked "Strikes<28><STEAM_0:4:1908677454><TERRORIST>" with "m4a1" (damage "81") (damage_armor "18") (health "-23") (armor "35")
L 04/01/2015 - 12:51:08: "Luis_Montana<29><STEAM_0:4:1496469490><CT>" killed "Strikes<28><STEAM_0:4:1908677454><TERRORIST>" with "m4a1"
L 04/01/2015 - 12:51:08: Team "CT" triggered "CTs_Win" (CT "6") (T "13")
L 04/01/2015 - 12:51:08: World triggered "Round_End"
L 04/01/2015 - 12:51:18: World triggered "Round_Start"
L 04/01/2015 - 12:51:34: "Luis_Montana<29><STEAM_0:4:1496469490><CT>" attacked "Strikes<28><STEAM_0:4:1908677454><TERRORIST>" with "m4a1" (damage "40") (damage_armor "0") (health "60") (armor "0")
L 04/01/2015 - 12:51:35: "Luis_Montana<29><STEAM_0:4:1496469490><CT>" attacked "Strikes<28><STEAM_0:4:1908677454><TERRORIST>" with "m4a1" (damage "32") (damage_armor "0") (health "28") (armor "0")
L 04/01/2015 - 12:51:35: "Luis_Montana<29><STEAM_0:4:1496469490><CT>" attacked "Strikes<28><STEAM_0:4:1908677454><TERRORIST>" with "m4a1" (damage "32") (damage_armor "0") (health "-4") (armor "0")
L 04/01/2015 - 12:51:35: "Luis_Montana<29><STEAM_0:4:1496469490><CT>" killed "Strikes<28><STEAM_0:4:1908677454><TERRORIST>" with "m4a1"
L 04/01/2015 - 12:51:35: Team "CT" triggered "CTs_Win" (CT "7") (T "13")
L 04/01/2015 - 12:51:35: World triggered "Round_End"
L 04/01/2015 - 12:51:45: World triggered "Round_Start"
L 04/01/2015 - 12:51:55: "Strikes<28><STEAM_0:4:1908677454><TERRORIST>" attacked "Luis_Montana<29><STEAM_0:4:1496469490><CT>" with "m4a1" (damage "30") (damage_armor "0") (health "53") (armor "0")
L 04/01/2015 - 12:51:55: "Strikes<28><STEAM_0:4:1908677454><TERRORIST>" attacked "Luis_Montana<29><STEAM_0:4:1496469490><CT>" with "m4a1" (damage "30") (damage_armor "0") (health "23") (armor "0")
L 04/01/2015 - 12:51:55: "Strikes<28><STEAM_0:4:1908677454><TERRORIST>" attacked "Luis_Montana<29><STEAM_0:4:1496469490><CT>" with "m4a1" (damage "30") (damage_armor "0") (health "-7") (armor "0")
L 04/01/2015 - 12:51:55: "Strikes<28><STEAM_0:4:1908677454><TERRORIST>" killed "Luis_Montana<29><STEAM_0:4:1496469490><CT>" with "m4a1"
L 04/01/2015 - 12:51:55: Team "TERRORIST" triggered "Terrorists_Win" (CT "7") (T "14")
L 04/01/2015 - 12:51:55: World triggered "Round_End"
L 04/01/2015 - 12:52:05: World triggered "Round_Start"
L 04/01/2015 - 12:52:24: "Strikes<28><STEAM_0:4:1908677454><TERRORIST>" attacked "Luis_Montana<29><STEAM_0:4:1496469490><CT>" with "m4a1" (damage "31") (damage_armor "0") (health "69") (armor "0")
L 04/01/2015 - 12:52:25: "Strikes<28><STEAM_0:4:1908677454><TERRORIST>" attacked "Luis_Montana<29><STEAM_0:4:1496469490><CT>" with "m4a1" (damage "31") (damage_armor "0") (health "38") (armor "0")
L 04/01/2015 - 12:52:25: "Luis_Montana<29><STEAM_0:4:1496469490><CT>" attacked "Strikes<28><STEAM_0:4:1908677454><TERRORIST>" with "m4a1" (damage "31") (damage_armor "0") (health "69") (armor "0")
L 04/01/2015 - 12:52:25: "Luis_Montana<29><STEAM_0:4:1496469490><CT>" attacked "Strikes<28><STEAM_0:4:1908677454><TERRORIST>" with "m4a1" (damage "14") (damage_armor "0") (health "55") (armor "0")
L 04/01/2015 - 12:52:34: "Luis_Montana<29><STEAM_0:4:1496469490><CT>" attacked "Strikes<28><STEAM_0:4:1908677454><TERRORIST>" with "m4a1" (damage "24") (damage_armor "0") (health "31") (armor "0")
L 04/01/2015 - 12:52:35: "Strikes<28><STEAM_0:4:1908677454><TERRORIST>" attacked "Luis_Montana<29><STEAM_0:4:1496469490><CT>" with "m4a1" (damage "40") (damage_armor "0") (health "-2") (armor "0")
L 04/01/2015 - 12:52:35: "Strikes<28><STEAM_0:4:1908677454><TERRORIST>" killed "Luis_Montana<29><STEAM_0:4:1496469490><CT>" with "m4a1"
L 04/01/2015 - 12:52:35: Team "TERRORIST" triggered "Terrorists_Win" (CT "7") (T "15")
L 04/01/2015 - 12:52:35: World triggered "Round_End"
L 04/01/2015 - 12:52:45: World triggered "Round_Start"
L 04/01/2015 - 12:52:53: "Strikes<28><STEAM_0:4:1908677454><TERRORIST>" attacked "Luis_Montana<29><STEAM_0:4:1496469490><CT>" with "m4a1" (damage "37") (damage_armor "0") (health "63") (armor "0")
L 04/01/2015 - 12:52:56: "Luis_Montana<29><STEAM_0:4:1496469490><CT>" attacked "Strikes<28><STEAM_0:4:1908677454><TERRORIST>" with "ak47" (damage "12") (damage_armor "0") (health "65") (armor "0")
L 04/01/2015 - 12:52:56: "Luis_Montana<29><STEAM_0:4:1496469490><CT>" attacked "Strikes<28><STEAM_0:4:1908677454><TERRORIST>" with "ak47" (damage "35") (damage_armor "0") (health "30") (armor "0")
L 04/01/2015 - 12:52:56: "Strikes<28><STEAM_0:4:1908677454><TERRORIST>" attacked "Luis_Montana<29><STEAM_0:4:1496469490><CT>" with "m4a1" (damage "15") (damage_armor "0") (health "48") (armor "0")
L 04/01/2015 - 12:52:56: "Strikes<28><STEAM_0:4:1908677454><TERRORIST>" attacked "Luis_Montana<29><STEAM_0:4:1496469490><CT>" with "m4a1" (damage "31") (damage_armor "0") (health "17") (armor "0")
L 04/01/2015 - 12:52:57: "Strikes<28><STEAM_0:4:1908677454><TERRORIST>" attacked "Luis_Montana<29><STEAM_0:4:1496469490><CT>" with "m4a1" (damage "31") (damage_armor "0") (health "-14") (armor "0")
L 04/01/2015 - 12:52:57: "Strikes<28><STEAM_0:4:1908677454><TERRORIST>" killed "Luis_Montana<29><STEAM_0:4:1496469490><CT>" with "m4a1"
L 04/01/2015 - 12:52:57: Team "TERRORIST" triggered "Terrorists_Win" (CT "7") (T "16")
L 04/01/2015 - 12:52:57: World triggered "Round_End"
L 04/01/2015 - 12:53:00: [DPROTO]: Client 2 - Set AuthIdType 3 [dp_RevEmu]; pClient = 0xb38f8cf0
L 04/01/2015 - 12:53:00: "MarleY<33><STEAM_0:4:2051876613><>" connected, address "178.172.198.93:27005"
L 04/01/2015 - 12:53:00: [VTC] Player 3 speex
L 04/01/2015 - 12:53:07: World triggered "Round_Start"
L 04/01/2015 - 12:53:11: "Strikes<28><STEAM_0:4:1908677454><TERRORIST>" attacked "Luis_Montana<29><STEAM_0:4:1496469490><CT>" with "m4a1" (damage "29") (damage_armor "0") (health "71") (armor "0")
L 04/01/2015 - 12:53:11: "Strikes<28><STEAM_0:4:1908677454><TERRORIST>" attacked "Luis_Montana<29><STEAM_0:4:1496469490><CT>" with "m4a1" (damage "29") (damage_armor "0") (health "42") (armor "0")
L 04/01/2015 - 12:53:12: "Luis_Montana<29><STEAM_0:4:1496469490><CT>" attacked "Strikes<28><STEAM_0:4:1908677454><TERRORIST>" with "m4a1" (damage "21") (damage_armor "0") (health "79") (armor "0")
L 04/01/2015 - 12:53:12: "Luis_Montana<29><STEAM_0:4:1496469490><CT>" attacked "Strikes<28><STEAM_0:4:1908677454><TERRORIST>" with "m4a1" (damage "116") (damage_armor "0") (health "-37") (armor "0")
L 04/01/2015 - 12:53:12: "Luis_Montana<29><STEAM_0:4:1496469490><CT>" killed "Strikes<28><STEAM_0:4:1908677454><TERRORIST>" with "m4a1"
L 04/01/2015 - 12:53:12: Team "CT" triggered "CTs_Win" (CT "8") (T "16")
L 04/01/2015 - 12:53:12: World triggered "Round_End"
L 04/01/2015 - 12:53:22: World triggered "Round_Start"
L 04/01/2015 - 12:53:41: "Luis_Montana<29><STEAM_0:4:1496469490><CT>" attacked "Strikes<28><STEAM_0:4:1908677454><TERRORIST>" with "m4a1" (damage "21") (damage_armor "0") (health "79") (armor "0")
L 04/01/2015 - 12:53:41: "Luis_Montana<29><STEAM_0:4:1496469490><CT>" attacked "Strikes<28><STEAM_0:4:1908677454><TERRORIST>" with "m4a1" (damage "29") (damage_armor "0") (health "50") (armor "0")
L 04/01/2015 - 12:53:41: "Luis_Montana<29><STEAM_0:4:1496469490><CT>" attacked "Strikes<28><STEAM_0:4:1908677454><TERRORIST>" with "m4a1" (damage "21") (damage_armor "0") (health "29") (armor "0")
L 04/01/2015 - 12:53:42: "Luis_Montana<29><STEAM_0:4:1496469490><CT>" attacked "Strikes<28><STEAM_0:4:1908677454><TERRORIST>" with "m4a1" (damage "21") (damage_armor "0") (health "8") (armor "0")
L 04/01/2015 - 12:53:42: "Luis_Montana<29><STEAM_0:4:1496469490><CT>" attacked "Strikes<28><STEAM_0:4:1908677454><TERRORIST>" with "m4a1" (damage "116") (damage_armor "0") (health "-108") (armor "0")
L 04/01/2015 - 12:53:42: "Luis_Montana<29><STEAM_0:4:1496469490><CT>" killed "Strikes<28><STEAM_0:4:1908677454><TERRORIST>" with "m4a1"
L 04/01/2015 - 12:53:42: Team "CT" triggered "CTs_Win" (CT "9") (T "16")
L 04/01/2015 - 12:53:42: World triggered "Round_End"
L 04/01/2015 - 12:53:52: World triggered "Round_Start"
L 04/01/2015 - 12:54:02: "Luis_Montana<29><STEAM_0:4:1496469490><CT>" attacked "Strikes<28><STEAM_0:4:1908677454><TERRORIST>" with "m4a1" (damage "30") (damage_armor "0") (health "70") (armor "0")
L 04/01/2015 - 12:54:03: "Strikes<28><STEAM_0:4:1908677454><TERRORIST>" attacked "Luis_Montana<29><STEAM_0:4:1496469490><CT>" with "m4a1" (damage "31") (damage_armor "0") (health "69") (armor "0")
L 04/01/2015 - 12:54:03: "Luis_Montana<29><STEAM_0:4:1496469490><CT>" attacked "Strikes<28><STEAM_0:4:1908677454><TERRORIST>" with "m4a1" (damage "23") (damage_armor "0") (health "47") (armor "0")
L 04/01/2015 - 12:54:03: "Luis_Montana<29><STEAM_0:4:1496469490><CT>" attacked "Strikes<28><STEAM_0:4:1908677454><TERRORIST>" with "m4a1" (damage "22") (damage_armor "0") (health "25") (armor "0")
L 04/01/2015 - 12:54:03: "Strikes<28><STEAM_0:4:1908677454><TERRORIST>" attacked "Luis_Montana<29><STEAM_0:4:1496469490><CT>" with "m4a1" (damage "124") (damage_armor "0") (health "-55") (armor "0")
L 04/01/2015 - 12:54:03: "Strikes<28><STEAM_0:4:1908677454><TERRORIST>" killed "Luis_Montana<29><STEAM_0:4:1496469490><CT>" with "m4a1"
L 04/01/2015 - 12:54:03: Team "TERRORIST" triggered "Terrorists_Win" (CT "9") (T "17")
L 04/01/2015 - 12:54:03: World triggered "Round_End"
L 04/01/2015 - 12:54:13: World triggered "Round_Start"
L 04/01/2015 - 12:54:18: [DPROTO]: Client 2 - Set AuthIdType 1 [Native]; pClient = 0xb38f8cf0
L 04/01/2015 - 12:54:18: "Player<34><STEAM_0:1:80100014><>" connected, address "37.213.11.183:27005"
L 04/01/2015 - 12:54:18: [VTC] Player 3 silk
L 04/01/2015 - 12:54:18: "Player<34><STEAM_0:1:80100014><>" STEAM USERID validated
L 04/01/2015 - 12:54:19: "Strikes<28><STEAM_0:4:1908677454><TERRORIST>" attacked "Luis_Montana<29><STEAM_0:4:1496469490><CT>" with "m4a1" (damage "29") (damage_armor "0") (health "71") (armor "0")
L 04/01/2015 - 12:54:19: "Strikes<28><STEAM_0:4:1908677454><TERRORIST>" attacked "Luis_Montana<29><STEAM_0:4:1496469490><CT>" with "m4a1" (damage "29") (damage_armor "0") (health "42") (armor "0")
L 04/01/2015 - 12:54:19: "Strikes<28><STEAM_0:4:1908677454><TERRORIST>" attacked "Luis_Montana<29><STEAM_0:4:1496469490><CT>" with "m4a1" (damage "29") (damage_armor "0") (health "13") (armor "0")
L 04/01/2015 - 12:54:19: "Strikes<28><STEAM_0:4:1908677454><TERRORIST>" attacked "Luis_Montana<29><STEAM_0:4:1496469490><CT>" with "m4a1" (damage "29") (damage_armor "0") (health "-16") (armor "0")
L 04/01/2015 - 12:54:19: "Strikes<28><STEAM_0:4:1908677454><TERRORIST>" killed "Luis_Montana<29><STEAM_0:4:1496469490><CT>" with "m4a1"
L 04/01/2015 - 12:54:19: Team "TERRORIST" triggered "Terrorists_Win" (CT "9") (T "18")
L 04/01/2015 - 12:54:19: World triggered "Round_End"
L 04/01/2015 - 12:54:29: World triggered "Round_Start"
L 04/01/2015 - 12:54:36: "Luis_Montana<29><STEAM_0:4:1496469490><CT>" attacked "Strikes<28><STEAM_0:4:1908677454><TERRORIST>" with "m4a1" (damage "21") (damage_armor "0") (health "79") (armor "0")
L 04/01/2015 - 12:54:36: "Luis_Montana<29><STEAM_0:4:1496469490><CT>" attacked "Strikes<28><STEAM_0:4:1908677454><TERRORIST>" with "m4a1" (damage "21") (damage_armor "0") (health "58") (armor "0")
L 04/01/2015 - 12:54:36: "Strikes<28><STEAM_0:4:1908677454><TERRORIST>" attacked "Luis_Montana<29><STEAM_0:4:1496469490><CT>" with "m4a1" (damage "29") (damage_armor "0") (health "71") (armor "0")
L 04/01/2015 - 12:54:36: "Luis_Montana<29><STEAM_0:4:1496469490><CT>" attacked "Strikes<28><STEAM_0:4:1908677454><TERRORIST>" with "m4a1" (damage "29") (damage_armor "0") (health "29") (armor "0")
L 04/01/2015 - 12:54:36: "Luis_Montana<29><STEAM_0:4:1496469490><CT>" attacked "Strikes<28><STEAM_0:4:1908677454><TERRORIST>" with "m4a1" (damage "21") (damage_armor "0") (health "8") (armor "0")
L 04/01/2015 - 12:54:37: "Strikes<28><STEAM_0:4:1908677454><TERRORIST>" attacked "Luis_Montana<29><STEAM_0:4:1496469490><CT>" with "m4a1" (damage "29") (damage_armor "0") (health "42") (armor "0")
L 04/01/2015 - 12:54:37: "Luis_Montana<29><STEAM_0:4:1496469490><CT>" attacked "Strikes<28><STEAM_0:4:1908677454><TERRORIST>" with "m4a1" (damage "21") (damage_armor "0") (health "-13") (armor "0")
L 04/01/2015 - 12:54:37: "Luis_Montana<29><STEAM_0:4:1496469490><CT>" killed "Strikes<28><STEAM_0:4:1908677454><TERRORIST>" with "m4a1"
L 04/01/2015 - 12:54:37: Team "CT" triggered "CTs_Win" (CT "10") (T "18")
L 04/01/2015 - 12:54:37: World triggered "Round_End"
L 04/01/2015 - 12:54:40: [DPROTO]: Client 2 - Set AuthIdType 1 [Native]; pClient = 0xb38f8cf0
L 04/01/2015 - 12:54:40: "Player<35><STEAM_0:1:80100014><>" connected, address "37.213.11.183:27005"
L 04/01/2015 - 12:54:40: [VTC] Player 3 silk
L 04/01/2015 - 12:54:41: "Player<35><STEAM_0:1:80100014><>" STEAM USERID validated
L 04/01/2015 - 12:54:43: "Player<35><STEAM_0:1:80100014><>" entered the game
L 04/01/2015 - 12:54:47: World triggered "Round_Start"
L 04/01/2015 - 12:54:48: "Player<35><STEAM_0:1:80100014><>" joined team "CT"
L 04/01/2015 - 12:55:00: "Player<35><STEAM_0:1:80100014><CT>" attacked "Strikes<28><STEAM_0:4:1908677454><TERRORIST>" with "xm1014" (damage "9") (damage_armor "0") (health "91") (armor "0")
L 04/01/2015 - 12:55:00: "Strikes<28><STEAM_0:4:1908677454><TERRORIST>" attacked "Player<35><STEAM_0:1:80100014><CT>" with "m4a1" (damage "21") (damage_armor "0") (health "79") (armor "0")
L 04/01/2015 - 12:55:01: "Strikes<28><STEAM_0:4:1908677454><TERRORIST>" attacked "Player<35><STEAM_0:1:80100014><CT>" with "m4a1" (damage "14") (damage_armor "0") (health "65") (armor "0")
L 04/01/2015 - 12:55:03: "Strikes<28><STEAM_0:4:1908677454><TERRORIST>" attacked "Player<35><STEAM_0:1:80100014><CT>" with "m4a1" (damage "29") (damage_armor "0") (health "36") (armor "0")
L 04/01/2015 - 12:55:04: "Luis_Montana<29><STEAM_0:4:1496469490><CT>" attacked "Strikes<28><STEAM_0:4:1908677454><TERRORIST>" with "m4a1" (damage "29") (damage_armor "0") (health "62") (armor "0")
L 04/01/2015 - 12:55:04: "Luis_Montana<29><STEAM_0:4:1496469490><CT>" attacked "Strikes<28><STEAM_0:4:1908677454><TERRORIST>" with "m4a1" (damage "21") (damage_armor "0") (health "41") (armor "0")
L 04/01/2015 - 12:55:04: "Luis_Montana<29><STEAM_0:4:1496469490><CT>" attacked "Strikes<28><STEAM_0:4:1908677454><TERRORIST>" with "m4a1" (damage "116") (damage_armor "0") (health "-75") (armor "0")
L 04/01/2015 - 12:55:04: "Luis_Montana<29><STEAM_0:4:1496469490><CT>" killed "Strikes<28><STEAM_0:4:1908677454><TERRORIST>" with "m4a1"
L 04/01/2015 - 12:55:04: Team "CT" triggered "CTs_Win" (CT "11") (T "18")
L 04/01/2015 - 12:55:04: World triggered "Round_End"
L 04/01/2015 - 12:55:14: World triggered "Round_Start"
L 04/01/2015 - 12:55:19: "Strikes<28><STEAM_0:4:1908677454><TERRORIST>" attacked "Player<35><STEAM_0:1:80100014><CT>" with "m4a1" (damage "22") (damage_armor "0") (health "78") (armor "0")
L 04/01/2015 - 12:55:20: "Strikes<28><STEAM_0:4:1908677454><TERRORIST>" attacked "Player<35><STEAM_0:1:80100014><CT>" with "m4a1" (damage "30") (damage_armor "0") (health "48") (armor "0")
L 04/01/2015 - 12:55:20: "Strikes<28><STEAM_0:4:1908677454><TERRORIST>" attacked "Player<35><STEAM_0:1:80100014><CT>" with "m4a1" (damage "30") (damage_armor "0") (health "18") (armor "0")
L 04/01/2015 - 12:55:20: "Strikes<28><STEAM_0:4:1908677454><TERRORIST>" attacked "Player<35><STEAM_0:1:80100014><CT>" with "m4a1" (damage "30") (damage_armor "0") (health "-12") (armor "0")
L 04/01/2015 - 12:55:20: "Strikes<28><STEAM_0:4:1908677454><TERRORIST>" killed "Player<35><STEAM_0:1:80100014><CT>" with "m4a1"
L 04/01/2015 - 12:55:35: "Luis_Montana<29><STEAM_0:4:1496469490><CT>" attacked "Strikes<28><STEAM_0:4:1908677454><TERRORIST>" with "m4a1" (damage "28") (damage_armor "0") (health "72") (armor "0")
L 04/01/2015 - 12:55:35: "Strikes<28><STEAM_0:4:1908677454><TERRORIST>" attacked "Luis_Montana<29><STEAM_0:4:1496469490><CT>" with "m4a1" (damage "112") (damage_armor "0") (health "-12") (armor "0")
L 04/01/2015 - 12:55:35: "Strikes<28><STEAM_0:4:1908677454><TERRORIST>" killed "Luis_Montana<29><STEAM_0:4:1496469490><CT>" with "m4a1"
L 04/01/2015 - 12:55:35: Team "TERRORIST" triggered "Terrorists_Win" (CT "11") (T "19")
L 04/01/2015 - 12:55:35: World triggered "Round_End"
L 04/01/2015 - 12:55:45: World triggered "Round_Start"
L 04/01/2015 - 12:55:55: "Strikes<28><STEAM_0:4:1908677454><TERRORIST>" attacked "Luis_Montana<29><STEAM_0:4:1496469490><CT>" with "m4a1" (damage "37") (damage_armor "0") (health "55") (armor "0")
L 04/01/2015 - 12:55:55: "Strikes<28><STEAM_0:4:1908677454><TERRORIST>" attacked "Luis_Montana<29><STEAM_0:4:1496469490><CT>" with "m4a1" (damage "22") (damage_armor "0") (health "33") (armor "0")
L 04/01/2015 - 12:55:55: "Strikes<28><STEAM_0:4:1908677454><TERRORIST>" attacked "Luis_Montana<29><STEAM_0:4:1496469490><CT>" with "m4a1" (damage "30") (damage_armor "0") (health "3") (armor "0")
L 04/01/2015 - 12:55:56: "Strikes<28><STEAM_0:4:1908677454><TERRORIST>" attacked "Luis_Montana<29><STEAM_0:4:1496469490><CT>" with "m4a1" (damage "120") (damage_armor "0") (health "-117") (armor "0")
L 04/01/2015 - 12:55:56: "Strikes<28><STEAM_0:4:1908677454><TERRORIST>" killed "Luis_Montana<29><STEAM_0:4:1496469490><CT>" with "m4a1"
L 04/01/2015 - 12:56:06: "Strikes<28><STEAM_0:4:1908677454><TERRORIST>" attacked "Player<35><STEAM_0:1:80100014><CT>" with "m4a1" (damage "29") (damage_armor "0") (health "54") (armor "0")
L 04/01/2015 - 12:56:06: "Strikes<28><STEAM_0:4:1908677454><TERRORIST>" attacked "Player<35><STEAM_0:1:80100014><CT>" with "m4a1" (damage "116") (damage_armor "0") (health "-62") (armor "0")
L 04/01/2015 - 12:56:06: "Strikes<28><STEAM_0:4:1908677454><TERRORIST>" killed "Player<35><STEAM_0:1:80100014><CT>" with "m4a1"
L 04/01/2015 - 12:56:06: Team "TERRORIST" triggered "Terrorists_Win" (CT "11") (T "20")
L 04/01/2015 - 12:56:06: World triggered "Round_End"
L 04/01/2015 - 12:56:16: World triggered "Round_Start"
L 04/01/2015 - 12:56:23: "Strikes<28><STEAM_0:4:1908677454><TERRORIST>" attacked "Player<35><STEAM_0:1:80100014><CT>" with "m4a1" (damage "29") (damage_armor "0") (health "32") (armor "0")
L 04/01/2015 - 12:56:23: "Strikes<28><STEAM_0:4:1908677454><TERRORIST>" attacked "Player<35><STEAM_0:1:80100014><CT>" with "m4a1" (damage "29") (damage_armor "0") (health "3") (armor "0")
L 04/01/2015 - 12:56:23: "Strikes<28><STEAM_0:4:1908677454><TERRORIST>" attacked "Player<35><STEAM_0:1:80100014><CT>" with "m4a1" (damage "29") (damage_armor "0") (health "-26") (armor "0")
L 04/01/2015 - 12:56:23: "Strikes<28><STEAM_0:4:1908677454><TERRORIST>" killed "Player<35><STEAM_0:1:80100014><CT>" with "m4a1"
L 04/01/2015 - 12:56:32: "Strikes<28><STEAM_0:4:1908677454><TERRORIST>" attacked "Luis_Montana<29><STEAM_0:4:1496469490><CT>" with "m4a1" (damage "38") (damage_armor "0") (health "62") (armor "0")
L 04/01/2015 - 12:56:32: "Strikes<28><STEAM_0:4:1908677454><TERRORIST>" attacked "Luis_Montana<29><STEAM_0:4:1496469490><CT>" with "m4a1" (damage "38") (damage_armor "0") (health "24") (armor "0")
L 04/01/2015 - 12:56:32: "Strikes<28><STEAM_0:4:1908677454><TERRORIST>" attacked "Luis_Montana<29><STEAM_0:4:1496469490><CT>" with "m4a1" (damage "31") (damage_armor "0") (health "-7") (armor "0")
L 04/01/2015 - 12:56:32: "Strikes<28><STEAM_0:4:1908677454><TERRORIST>" killed "Luis_Montana<29><STEAM_0:4:1496469490><CT>" with "m4a1"
L 04/01/2015 - 12:56:32: Team "TERRORIST" triggered "Terrorists_Win" (CT "11") (T "21")
L 04/01/2015 - 12:56:32: World triggered "Round_End"
L 04/01/2015 - 12:56:37: "Player<35><STEAM_0:1:80100014><CT>" changed name to "5nto"
L 04/01/2015 - 12:56:42: World triggered "Round_Start"
L 04/01/2015 - 12:56:51: "Strikes<28><STEAM_0:4:1908677454><TERRORIST>" attacked "5nto<35><STEAM_0:1:80100014><CT>" with "m4a1" (damage "37") (damage_armor "0") (health "63") (armor "0")
L 04/01/2015 - 12:56:51: "Strikes<28><STEAM_0:4:1908677454><TERRORIST>" attacked "5nto<35><STEAM_0:1:80100014><CT>" with "m4a1" (damage "120") (damage_armor "0") (health "-57") (armor "0")
L 04/01/2015 - 12:56:51: "Strikes<28><STEAM_0:4:1908677454><TERRORIST>" killed "5nto<35><STEAM_0:1:80100014><CT>" with "m4a1"
L 04/01/2015 - 12:56:53: [DPROTO]: Client 3 - Set AuthIdType 3 [dp_RevEmu]; pClient = 0xb38fdbe4
L 04/01/2015 - 12:56:53: "MarleY<36><STEAM_0:4:2051876613><>" connected, address "178.172.198.93:27005"
L 04/01/2015 - 12:56:53: [VTC] Player 4 speex
L 04/01/2015 - 12:56:54: "Strikes<28><STEAM_0:4:1908677454><TERRORIST>" attacked "Luis_Montana<29><STEAM_0:4:1496469490><CT>" with "m4a1" (damage "37") (damage_armor "0") (health "63") (armor "0")
L 04/01/2015 - 12:56:55: "Strikes<28><STEAM_0:4:1908677454><TERRORIST>" attacked "Luis_Montana<29><STEAM_0:4:1496469490><CT>" with "m4a1" (damage "22") (damage_armor "0") (health "41") (armor "0")
L 04/01/2015 - 12:56:55: "Strikes<28><STEAM_0:4:1908677454><TERRORIST>" attacked "Luis_Montana<29><STEAM_0:4:1496469490><CT>" with "m4a1" (damage "22") (damage_armor "0") (health "19") (armor "0")
L 04/01/2015 - 12:56:55: "Strikes<28><STEAM_0:4:1908677454><TERRORIST>" attacked "Luis_Montana<29><STEAM_0:4:1496469490><CT>" with "m4a1" (damage "22") (damage_armor "0") (health "-3") (armor "0")
L 04/01/2015 - 12:56:55: "Strikes<28><STEAM_0:4:1908677454><TERRORIST>" killed "Luis_Montana<29><STEAM_0:4:1496469490><CT>" with "m4a1"
L 04/01/2015 - 12:56:55: Team "TERRORIST" triggered "Terrorists_Win" (CT "11") (T "22")
L 04/01/2015 - 12:56:55: World triggered "Round_End"
L 04/01/2015 - 12:56:59: [DPROTO]: Client 4 - Set AuthIdType 1 [Native]; pClient = 0xb3902ad8
L 04/01/2015 - 12:56:59: "IT'S ROMAN, BITCHES!<37><STEAM_0:0:56023079><>" connected, address "178.127.137.219:17814"
L 04/01/2015 - 12:56:59: [VTC] Player 5 silk
L 04/01/2015 - 12:56:59: "IT'S ROMAN, BITCHES!<37><STEAM_0:0:56023079><>" STEAM USERID validated
L 04/01/2015 - 12:57:03: "IT'S ROMAN, BITCHES!<37><STEAM_0:0:56023079><>" entered the game
L 04/01/2015 - 12:57:05: World triggered "Round_Start"
L 04/01/2015 - 12:57:05: "IT'S ROMAN, BITCHES!<37><STEAM_0:0:56023079><>" joined team "TERRORIST"
L 04/01/2015 - 12:57:07: "5nto<35><STEAM_0:1:80100014><CT>" attacked "Strikes<28><STEAM_0:4:1908677454><TERRORIST>" with "usp" (damage "20") (damage_armor "0") (health "80") (armor "0")
L 04/01/2015 - 12:57:07: "5nto<35><STEAM_0:1:80100014><CT>" attacked "Strikes<28><STEAM_0:4:1908677454><TERRORIST>" with "usp" (damage "15") (damage_armor "0") (health "65") (armor "0")
L 04/01/2015 - 12:57:09: "5nto<35><STEAM_0:1:80100014><CT>" attacked "IT'S ROMAN, BITCHES!<37><STEAM_0:0:56023079><TERRORIST>" with "usp" (damage "13") (damage_armor "0") (health "87") (armor "0")
L 04/01/2015 - 12:57:10: "Strikes<28><STEAM_0:4:1908677454><TERRORIST>" killed "Luis_Montana<29><STEAM_0:4:1496469490><CT>" with "grenade"
L 04/01/2015 - 12:57:15: "IT'S ROMAN, BITCHES!<37><STEAM_0:0:56023079><TERRORIST>" attacked "5nto<35><STEAM_0:1:80100014><CT>" with "ak47" (damage "16") (damage_armor "0") (health "54") (armor "0")
L 04/01/2015 - 12:57:15: "IT'S ROMAN, BITCHES!<37><STEAM_0:0:56023079><TERRORIST>" attacked "5nto<35><STEAM_0:1:80100014><CT>" with "ak47" (damage "12") (damage_armor "0") (health "42") (armor "0")
L 04/01/2015 - 12:57:17: "5nto<35><STEAM_0:1:80100014><CT>" attacked "Strikes<28><STEAM_0:4:1908677454><TERRORIST>" with "xm1014" (damage "166") (damage_armor "0") (health "-101") (armor "0")
L 04/01/2015 - 12:57:17: "5nto<35><STEAM_0:1:80100014><CT>" killed "Strikes<28><STEAM_0:4:1908677454><TERRORIST>" with "xm1014"
L 04/01/2015 - 12:57:26: "IT'S ROMAN, BITCHES!<37><STEAM_0:0:56023079><TERRORIST>" attacked "5nto<35><STEAM_0:1:80100014><CT>" with "m4a1" (damage "29") (damage_armor "0") (health "13") (armor "0")
L 04/01/2015 - 12:57:26: "IT'S ROMAN, BITCHES!<37><STEAM_0:0:56023079><TERRORIST>" attacked "5nto<35><STEAM_0:1:80100014><CT>" with "m4a1" (damage "29") (damage_armor "0") (health "-16") (armor "0")
L 04/01/2015 - 12:57:26: "IT'S ROMAN, BITCHES!<37><STEAM_0:0:56023079><TERRORIST>" killed "5nto<35><STEAM_0:1:80100014><CT>" with "m4a1"
L 04/01/2015 - 12:57:26: Team "TERRORIST" triggered "Terrorists_Win" (CT "11") (T "23")
L 04/01/2015 - 12:57:26: World triggered "Round_End"
L 04/01/2015 - 12:57:29: "Luis_Montana<29><STEAM_0:4:1496469490><CT>" triggered "weaponstats" (weapon "grenade") (shots "16") (hits "2") (kills "0") (headshots "0") (tks "0") (damage "104") (deaths "0")
L 04/01/2015 - 12:57:29: "Luis_Montana<29><STEAM_0:4:1496469490><CT>" triggered "weaponstats2" (weapon "grenade") (head "0") (chest "0") (stomach "0") (leftarm "0") (rightarm "0") (leftleg "0") (rightleg "0")
L 04/01/2015 - 12:57:29: "Luis_Montana<29><STEAM_0:4:1496469490><CT>" triggered "weaponstats" (weapon "aug") (shots "10") (hits "5") (kills "1") (headshots "0") (tks "0") (damage "119") (deaths "1")
L 04/01/2015 - 12:57:29: "Luis_Montana<29><STEAM_0:4:1496469490><CT>" triggered "weaponstats2" (weapon "aug") (head "0") (chest "0") (stomach "1") (leftarm "0") (rightarm "0") (leftleg "2") (rightleg "2")
L 04/01/2015 - 12:57:29: "Luis_Montana<29><STEAM_0:4:1496469490><CT>" triggered "weaponstats" (weapon "usp") (shots "11") (hits "0") (kills "0") (headshots "0") (tks "0") (damage "0") (deaths "0")
L 04/01/2015 - 12:57:29: "Luis_Montana<29><STEAM_0:4:1496469490><CT>" triggered "weaponstats2" (weapon "usp") (head "0") (chest "0") (stomach "0") (leftarm "0") (rightarm "0") (leftleg "0") (rightleg "0")
L 04/01/2015 - 12:57:29: "Luis_Montana<29><STEAM_0:4:1496469490><CT>" triggered "weaponstats" (weapon "mp5navy") (shots "4") (hits "1") (kills "0") (headshots "0") (tks "0") (damage "13") (deaths "1")
L 04/01/2015 - 12:57:29: "Luis_Montana<29><STEAM_0:4:1496469490><CT>" triggered "weaponstats2" (weapon "mp5navy") (head "0") (chest "0") (stomach "0") (leftarm "0") (rightarm "0") (leftleg "1") (rightleg "0")
L 04/01/2015 - 12:57:29: "Luis_Montana<29><STEAM_0:4:1496469490><CT>" triggered "weaponstats" (weapon "m4a1") (shots "177") (hits "65") (kills "10") (headshots "4") (tks "0") (damage "1914") (deaths "19")
L 04/01/2015 - 12:57:29: "Luis_Montana<29><STEAM_0:4:1496469490><CT>" triggered "weaponstats2" (weapon "m4a1") (head "4") (chest "6") (stomach "5") (leftarm "16") (rightarm "6") (leftleg "11") (rightleg "17")
L 04/01/2015 - 12:57:29: "Luis_Montana<29><STEAM_0:4:1496469490><CT>" triggered "weaponstats" (weapon "ak47") (shots "9") (hits "4") (kills "0") (headshots "0") (tks "0") (damage "106") (deaths "2")
L 04/01/2015 - 12:57:29: "Luis_Montana<29><STEAM_0:4:1496469490><CT>" triggered "weaponstats2" (weapon "ak47") (head "0") (chest "0") (stomach "0") (leftarm "2") (rightarm "0") (leftleg "2") (rightleg "0")
L 04/01/2015 - 12:57:29: "Luis_Montana<29><STEAM_0:4:1496469490><CT>" triggered "time" (time "13:20")
L 04/01/2015 - 12:57:29: "Luis_Montana<29><STEAM_0:4:1496469490><CT>" triggered "latency" (ping "37")
L 04/01/2015 - 12:57:29: "Luis_Montana<29><STEAM_0:4:1496469490><CT>" disconnected
L 04/01/2015 - 12:57:36: World triggered "Round_Start"
L 04/01/2015 - 12:57:40: "Strikes<28><STEAM_0:4:1908677454><TERRORIST>" attacked "5nto<35><STEAM_0:1:80100014><CT>" with "m4a1" (damage "30") (damage_armor "0") (health "70") (armor "0")
L 04/01/2015 - 12:57:41: "Strikes<28><STEAM_0:4:1908677454><TERRORIST>" attacked "5nto<35><STEAM_0:1:80100014><CT>" with "m4a1" (damage "37") (damage_armor "0") (health "33") (armor "0")
L 04/01/2015 - 12:57:41: "Strikes<28><STEAM_0:4:1908677454><TERRORIST>" attacked "5nto<35><STEAM_0:1:80100014><CT>" with "m4a1" (damage "30") (damage_armor "0") (health "3") (armor "0")
L 04/01/2015 - 12:57:41: "Strikes<28><STEAM_0:4:1908677454><TERRORIST>" attacked "5nto<35><STEAM_0:1:80100014><CT>" with "m4a1" (damage "37") (damage_armor "0") (health "-34") (armor "0")
L 04/01/2015 - 12:57:41: "Strikes<28><STEAM_0:4:1908677454><TERRORIST>" killed "5nto<35><STEAM_0:1:80100014><CT>" with "m4a1"
L 04/01/2015 - 12:57:41: Team "TERRORIST" triggered "Terrorists_Win" (CT "11") (T "24")
L 04/01/2015 - 12:57:41: World triggered "Round_End"
L 04/01/2015 - 12:57:43: "IT'S ROMAN, BITCHES!<37><STEAM_0:0:56023079><TERRORIST>" committed suicide with "world"
L 04/01/2015 - 12:57:43: "IT'S ROMAN, BITCHES!<37><STEAM_0:0:56023079><TERRORIST>" joined team "CT"
L 04/01/2015 - 12:57:45: "5nto<35><STEAM_0:1:80100014><CT>" triggered "weaponstats" (weapon "grenade") (shots "2") (hits "1") (kills "0") (headshots "0") (tks "0") (damage "24") (deaths "1")
L 04/01/2015 - 12:57:45: "5nto<35><STEAM_0:1:80100014><CT>" triggered "weaponstats2" (weapon "grenade") (head "0") (chest "0") (stomach "0") (leftarm "0") (rightarm "0") (leftleg "0") (rightleg "0")
L 04/01/2015 - 12:57:45: "5nto<35><STEAM_0:1:80100014><CT>" triggered "weaponstats" (weapon "xm1014") (shots "13") (hits "2") (kills "1") (headshots "0") (tks "0") (damage "175") (deaths "1")
L 04/01/2015 - 12:57:45: "5nto<35><STEAM_0:1:80100014><CT>" triggered "weaponstats2" (weapon "xm1014") (head "0") (chest "0") (stomach "0") (leftarm "1") (rightarm "0") (leftleg "0") (rightleg "1")
L 04/01/2015 - 12:57:45: "5nto<35><STEAM_0:1:80100014><CT>" triggered "weaponstats" (weapon "aug") (shots "2") (hits "0") (kills "0") (headshots "0") (tks "0") (damage "0") (deaths "1")
L 04/01/2015 - 12:57:45: "5nto<35><STEAM_0:1:80100014><CT>" triggered "weaponstats2" (weapon "aug") (head "0") (chest "0") (stomach "0") (leftarm "0") (rightarm "0") (leftleg "0") (rightleg "0")
L 04/01/2015 - 12:57:45: "5nto<35><STEAM_0:1:80100014><CT>" triggered "weaponstats" (weapon "usp") (shots "15") (hits "3") (kills "0") (headshots "0") (tks "0") (damage "48") (deaths "0")
L 04/01/2015 - 12:57:45: "5nto<35><STEAM_0:1:80100014><CT>" triggered "weaponstats2" (weapon "usp") (head "0") (chest "0") (stomach "0") (leftarm "1") (rightarm "0") (leftleg "1") (rightleg "1")
L 04/01/2015 - 12:57:45: "5nto<35><STEAM_0:1:80100014><CT>" triggered "weaponstats" (weapon "m4a1") (shots "19") (hits "0") (kills "0") (headshots "0") (tks "0") (damage "0") (deaths "3")
L 04/01/2015 - 12:57:45: "5nto<35><STEAM_0:1:80100014><CT>" triggered "weaponstats2" (weapon "m4a1") (head "0") (chest "0") (stomach "0") (leftarm "0") (rightarm "0") (leftleg "0") (rightleg "0")
L 04/01/2015 - 12:57:45: "5nto<35><STEAM_0:1:80100014><CT>" triggered "time" (time "3:01")
L 04/01/2015 - 12:57:45: "5nto<35><STEAM_0:1:80100014><CT>" triggered "latency" (ping "28")
L 04/01/2015 - 12:57:45: "5nto<35><STEAM_0:1:80100014><CT>" disconnected
L 04/01/2015 - 12:57:51: World triggered "Round_Start"
L 04/01/2015 - 12:57:55: "IT'S ROMAN, BITCHES!<37><STEAM_0:0:56023079><CT>" attacked "Strikes<28><STEAM_0:4:1908677454><TERRORIST>" with "m4a1" (damage "30") (damage_armor "0") (health "70") (armor "0")
L 04/01/2015 - 12:57:55: "IT'S ROMAN, BITCHES!<37><STEAM_0:0:56023079><CT>" attacked "Strikes<28><STEAM_0:4:1908677454><TERRORIST>" with "m4a1" (damage "22") (damage_armor "0") (health "48") (armor "0")
L 04/01/2015 - 12:57:55: "Strikes<28><STEAM_0:4:1908677454><TERRORIST>" attacked "IT'S ROMAN, BITCHES!<37><STEAM_0:0:56023079><CT>" with "m4a1" (damage "30") (damage_armor "0") (health "7") (armor "0")
L 04/01/2015 - 12:57:55: "IT'S ROMAN, BITCHES!<37><STEAM_0:0:56023079><CT>" attacked "Strikes<28><STEAM_0:4:1908677454><TERRORIST>" with "m4a1" (damage "30") (damage_armor "0") (health "18") (armor "0")
L 04/01/2015 - 12:57:55: "Strikes<28><STEAM_0:4:1908677454><TERRORIST>" attacked "IT'S ROMAN, BITCHES!<37><STEAM_0:0:56023079><CT>" with "m4a1" (damage "21") (damage_armor "0") (health "-14") (armor "0")
L 04/01/2015 - 12:57:55: "Strikes<28><STEAM_0:4:1908677454><TERRORIST>" killed "IT'S ROMAN, BITCHES!<37><STEAM_0:0:56023079><CT>" with "m4a1"
L 04/01/2015 - 12:57:55: Team "TERRORIST" triggered "Terrorists_Win" (CT "11") (T "25")
L 04/01/2015 - 12:57:55: World triggered "Round_End"
L 04/01/2015 - 12:58:05: World triggered "Round_Start"
L 04/01/2015 - 12:58:19: "IT'S ROMAN, BITCHES!<37><STEAM_0:0:56023079><CT>" attacked "Strikes<28><STEAM_0:4:1908677454><TERRORIST>" with "ak47" (damage "34") (damage_armor "0") (health "66") (armor "0")
L 04/01/2015 - 12:58:19: "Strikes<28><STEAM_0:4:1908677454><TERRORIST>" attacked "IT'S ROMAN, BITCHES!<37><STEAM_0:0:56023079><CT>" with "m4a1" (damage "36") (damage_armor "0") (health "64") (armor "0")
L 04/01/2015 - 12:58:19: "Strikes<28><STEAM_0:4:1908677454><TERRORIST>" attacked "IT'S ROMAN, BITCHES!<37><STEAM_0:0:56023079><CT>" with "m4a1" (damage "36") (damage_armor "0") (health "28") (armor "0")
L 04/01/2015 - 12:58:19: "Strikes<28><STEAM_0:4:1908677454><TERRORIST>" attacked "IT'S ROMAN, BITCHES!<37><STEAM_0:0:56023079><CT>" with "m4a1" (damage "29") (damage_armor "0") (health "-1") (armor "0")
L 04/01/2015 - 12:58:19: "Strikes<28><STEAM_0:4:1908677454><TERRORIST>" killed "IT'S ROMAN, BITCHES!<37><STEAM_0:0:56023079><CT>" with "m4a1"
L 04/01/2015 - 12:58:19: Team "TERRORIST" triggered "Terrorists_Win" (CT "11") (T "26")
L 04/01/2015 - 12:58:19: World triggered "Round_End"
L 04/01/2015 - 12:58:24: [DPROTO]: Client 1 - Set AuthIdType 1 [dp_SteamEmu]; pClient = 0xb38f3dfc
L 04/01/2015 - 12:58:24: "Geroyam Slava<38><STEAM_0:0:965320513><>" connected, address "82.193.98.4:27005"
L 04/01/2015 - 12:58:24: [VTC] Player 2 speex
L 04/01/2015 - 12:58:29: World triggered "Round_Start"
L 04/01/2015 - 12:58:31: "Strikes<28><STEAM_0:4:1908677454><TERRORIST>" attacked "IT'S ROMAN, BITCHES!<37><STEAM_0:0:56023079><CT>" with "m4a1" (damage "22") (damage_armor "0") (health "78") (armor "0")
L 04/01/2015 - 12:58:32: "IT'S ROMAN, BITCHES!<37><STEAM_0:0:56023079><CT>" attacked "Strikes<28><STEAM_0:4:1908677454><TERRORIST>" with "ak47" (damage "34") (damage_armor "0") (health "66") (armor "0")
L 04/01/2015 - 12:58:32: "IT'S ROMAN, BITCHES!<37><STEAM_0:0:56023079><CT>" attacked "Strikes<28><STEAM_0:4:1908677454><TERRORIST>" with "ak47" (damage "34") (damage_armor "0") (health "32") (armor "0")
L 04/01/2015 - 12:58:32: "Strikes<28><STEAM_0:4:1908677454><TERRORIST>" attacked "IT'S ROMAN, BITCHES!<37><STEAM_0:0:56023079><CT>" with "m4a1" (damage "30") (damage_armor "0") (health "48") (armor "0")
L 04/01/2015 - 12:58:32: "Strikes<28><STEAM_0:4:1908677454><TERRORIST>" attacked "IT'S ROMAN, BITCHES!<37><STEAM_0:0:56023079><CT>" with "m4a1" (damage "30") (damage_armor "0") (health "18") (armor "0")
L 04/01/2015 - 12:58:32: "Strikes<28><STEAM_0:4:1908677454><TERRORIST>" attacked "IT'S ROMAN, BITCHES!<37><STEAM_0:0:56023079><CT>" with "m4a1" (damage "30") (damage_armor "0") (health "-12") (armor "0")
L 04/01/2015 - 12:58:32: "Strikes<28><STEAM_0:4:1908677454><TERRORIST>" killed "IT'S ROMAN, BITCHES!<37><STEAM_0:0:56023079><CT>" with "m4a1"
L 04/01/2015 - 12:58:32: Team "TERRORIST" triggered "Terrorists_Win" (CT "11") (T "27")
L 04/01/2015 - 12:58:32: World triggered "Round_End"
L 04/01/2015 - 12:58:35: [DPROTO]: Client 1 - Set AuthIdType 1 [dp_SteamEmu]; pClient = 0xb38f3dfc
L 04/01/2015 - 12:58:35: "Geroyam Slava<39><STEAM_0:0:965320513><>" connected, address "82.193.98.4:27005"
L 04/01/2015 - 12:58:35: [VTC] Player 2 speex
L 04/01/2015 - 12:58:39: "Geroyam Slava<39><STEAM_0:0:965320513><>" entered the game
L 04/01/2015 - 12:58:40: "Geroyam Slava<39><STEAM_0:0:965320513><>" joined team "CT"
L 04/01/2015 - 12:58:42: World triggered "Round_Start"
L 04/01/2015 - 12:58:45: "Geroyam Slava<39><STEAM_0:0:965320513><CT>" attacked "Strikes<28><STEAM_0:4:1908677454><TERRORIST>" with "ak47" (damage "25") (damage_armor "0") (health "75") (armor "0")
L 04/01/2015 - 12:58:45: "Strikes<28><STEAM_0:4:1908677454><TERRORIST>" attacked "IT'S ROMAN, BITCHES!<37><STEAM_0:0:56023079><CT>" with "m4a1" (damage "29") (damage_armor "0") (health "71") (armor "0")
L 04/01/2015 - 12:58:45: "Geroyam Slava<39><STEAM_0:0:965320513><CT>" attacked "Strikes<28><STEAM_0:4:1908677454><TERRORIST>" with "ak47" (damage "136") (damage_armor "0") (health "-61") (armor "0")
L 04/01/2015 - 12:58:45: "Geroyam Slava<39><STEAM_0:0:965320513><CT>" killed "Strikes<28><STEAM_0:4:1908677454><TERRORIST>" with "ak47"
L 04/01/2015 - 12:58:45: Team "CT" triggered "CTs_Win" (CT "12") (T "27")
L 04/01/2015 - 12:58:45: World triggered "Round_End"
L 04/01/2015 - 12:58:48: "IT'S ROMAN, BITCHES!<37><STEAM_0:0:56023079><CT>" triggered "weaponstats" (weapon "m4a1") (shots "23") (hits "5") (kills "1") (headshots "0") (tks "0") (damage "140") (deaths "1")
L 04/01/2015 - 12:58:48: "IT'S ROMAN, BITCHES!<37><STEAM_0:0:56023079><CT>" triggered "weaponstats2" (weapon "m4a1") (head "0") (chest "1") (stomach "0") (leftarm "2") (rightarm "1") (leftleg "1") (rightleg "0")
L 04/01/2015 - 12:58:48: "IT'S ROMAN, BITCHES!<37><STEAM_0:0:56023079><CT>" triggered "weaponstats" (weapon "ak47") (shots "30") (hits "5") (kills "0") (headshots "0") (tks "0") (damage "130") (deaths "2")
L 04/01/2015 - 12:58:48: "IT'S ROMAN, BITCHES!<37><STEAM_0:0:56023079><CT>" triggered "weaponstats2" (weapon "ak47") (head "0") (chest "0") (stomach "0") (leftarm "3") (rightarm "1") (leftleg "1") (rightleg "0")
L 04/01/2015 - 12:58:48: "IT'S ROMAN, BITCHES!<37><STEAM_0:0:56023079><CT>" triggered "time" (time "1:44")
L 04/01/2015 - 12:58:48: "IT'S ROMAN, BITCHES!<37><STEAM_0:0:56023079><CT>" triggered "latency" (ping "37")
L 04/01/2015 - 12:58:48: "IT'S ROMAN, BITCHES!<37><STEAM_0:0:56023079><CT>" disconnected
L 04/01/2015 - 12:58:55: World triggered "Round_Start"
L 04/01/2015 - 12:58:59: "Strikes<28><STEAM_0:4:1908677454><TERRORIST>" attacked "Geroyam Slava<39><STEAM_0:0:965320513><CT>" with "m4a1" (damage "30") (damage_armor "0") (health "70") (armor "0")
L 04/01/2015 - 12:58:59: "Geroyam Slava<39><STEAM_0:0:965320513><CT>" attacked "Strikes<28><STEAM_0:4:1908677454><TERRORIST>" with "ak47" (damage "42") (damage_armor "0") (health "49") (armor "0")
L 04/01/2015 - 12:58:59: "Strikes<28><STEAM_0:4:1908677454><TERRORIST>" attacked "Geroyam Slava<39><STEAM_0:0:965320513><CT>" with "m4a1" (damage "120") (damage_armor "0") (health "-50") (armor "0")
L 04/01/2015 - 12:58:59: "Strikes<28><STEAM_0:4:1908677454><TERRORIST>" killed "Geroyam Slava<39><STEAM_0:0:965320513><CT>" with "m4a1"
L 04/01/2015 - 12:58:59: Team "TERRORIST" triggered "Terrorists_Win" (CT "12") (T "28")
L 04/01/2015 - 12:58:59: World triggered "Round_End"
L 04/01/2015 - 12:59:09: World triggered "Round_Start"
L 04/01/2015 - 12:59:19: "Strikes<28><STEAM_0:4:1908677454><TERRORIST>" attacked "Geroyam Slava<39><STEAM_0:0:965320513><CT>" with "m4a1" (damage "29") (damage_armor "0") (health "71") (armor "0")
L 04/01/2015 - 12:59:19: "Strikes<28><STEAM_0:4:1908677454><TERRORIST>" attacked "Geroyam Slava<39><STEAM_0:0:965320513><CT>" with "m4a1" (damage "21") (damage_armor "0") (health "50") (armor "0")
L 04/01/2015 - 12:59:20: "Strikes<28><STEAM_0:4:1908677454><TERRORIST>" attacked "Geroyam Slava<39><STEAM_0:0:965320513><CT>" with "m4a1" (damage "29") (damage_armor "0") (health "21") (armor "0")
L 04/01/2015 - 12:59:20: "Strikes<28><STEAM_0:4:1908677454><TERRORIST>" attacked "Geroyam Slava<39><STEAM_0:0:965320513><CT>" with "m4a1" (damage "29") (damage_armor "0") (health "-8") (armor "0")
L 04/01/2015 - 12:59:20: "Strikes<28><STEAM_0:4:1908677454><TERRORIST>" killed "Geroyam Slava<39><STEAM_0:0:965320513><CT>" with "m4a1"
L 04/01/2015 - 12:59:20: Team "TERRORIST" triggered "Terrorists_Win" (CT "12") (T "29")
L 04/01/2015 - 12:59:20: World triggered "Round_End"
L 04/01/2015 - 12:59:25: "Strikes<28><STEAM_0:4:1908677454><TERRORIST>" triggered "weaponstats" (weapon "grenade") (shots "36") (hits "13") (kills "2") (headshots "0") (tks "0") (damage "533") (deaths "0")
L 04/01/2015 - 12:59:25: "Strikes<28><STEAM_0:4:1908677454><TERRORIST>" triggered "weaponstats2" (weapon "grenade") (head "0") (chest "0") (stomach "0") (leftarm "0") (rightarm "0") (leftleg "0") (rightleg "0")
L 04/01/2015 - 12:59:25: "Strikes<28><STEAM_0:4:1908677454><TERRORIST>" triggered "weaponstats" (weapon "awp") (shots "3") (hits "1") (kills "1") (headshots "