L 04/03/2015 - 11:59:37: Log file started (file "logs/L0403012.log") (game "cstrike") (version "48/1.6.3.7/Stdio/5787")
L 04/03/2015 - 11:59:37: Loading map "$2000$"
L 04/03/2015 - 11:59:37: Server cvars start
L 04/03/2015 - 11:59:37: Server cvar "_tutor_bomb_viewable_check_interval" = "0.5"
L 04/03/2015 - 11:59:37: Server cvar "_tutor_debug_level" = "0"
L 04/03/2015 - 11:59:37: Server cvar "_tutor_examine_time" = "0.5"
L 04/03/2015 - 11:59:37: Server cvar "_tutor_hint_interval_time" = "10.0"
L 04/03/2015 - 11:59:37: Server cvar "_tutor_look_angle" = "10"
L 04/03/2015 - 11:59:37: Server cvar "_tutor_look_distance" = "200"
L 04/03/2015 - 11:59:37: Server cvar "_tutor_message_character_display_time_coefficient" = "0.07"
L 04/03/2015 - 11:59:37: Server cvar "_tutor_message_minimum_display_time" = "1"
L 04/03/2015 - 11:59:37: Server cvar "_tutor_message_repeats" = "5"
L 04/03/2015 - 11:59:37: Server cvar "_tutor_view_distance" = "1000"
L 04/03/2015 - 11:59:37: Server cvar "aesp_version" = "1.5b_mini"
L 04/03/2015 - 11:59:37: Server cvar "allow_spectators" = "4"
L 04/03/2015 - 11:59:37: Server cvar "amx_client_languages" = "0"
L 04/03/2015 - 11:59:37: Server cvar "amx_contactinfo" = "ICQ: 691322983"
L 04/03/2015 - 11:59:37: Server cvar "amx_language" = "ru"
L 04/03/2015 - 11:59:37: Server cvar "amx_nextmap" = "awp_dust"
L 04/03/2015 - 11:59:37: Server cvar "amx_timeleft" = "26:16"
L 04/03/2015 - 11:59:37: Server cvar "amxbans_ssversion" = "Gm 1.6"
L 04/03/2015 - 11:59:37: Server cvar "amxbans_version" = "Gm 1.6"
L 04/03/2015 - 11:59:37: Server cvar "amxmodx_version" = "1.8.1.3746"
L 04/03/2015 - 11:59:37: Server cvar "Colored Translit Cheat" = "Loaded"
L 04/03/2015 - 11:59:37: Server cvar "Colored Translit Config" = "Loaded"
L 04/03/2015 - 11:59:37: Server cvar "Colored Translit Ignores" = "Loaded"
L 04/03/2015 - 11:59:37: Server cvar "Colored Translit Replace" = "Failed"
L 04/03/2015 - 11:59:37: Server cvar "Colored Translit Spam" = "Loaded"
L 04/03/2015 - 11:59:37: Server cvar "Colored Translit Status" = "Loaded"
L 04/03/2015 - 11:59:37: Server cvar "Colored Translit Swear" = "Loaded"
L 04/03/2015 - 11:59:37: Server cvar "Colored Translit Version" = "2.0b Final"
L 04/03/2015 - 11:59:37: Server cvar "coop" = "0"
L 04/03/2015 - 11:59:37: Server cvar "deathmatch" = "1"
L 04/03/2015 - 11:59:37: Server cvar "decalfrequency" = "9"
L 04/03/2015 - 11:59:37: Server cvar "dp_version" = "0.9.391"
L 04/03/2015 - 11:59:37: Server cvar "edgefriction" = "2"
L 04/03/2015 - 11:59:37: Server cvar "hostage_debug" = "0"
L 04/03/2015 - 11:59:37: Server cvar "hostage_stop" = "0"
L 04/03/2015 - 11:59:37: Server cvar "humans_join_team" = "any"
L 04/03/2015 - 11:59:37: Server cvar "jtp10181" = "chute,gore"
L 04/03/2015 - 11:59:37: Server cvar "max_queries_sec" = "3.0"
L 04/03/2015 - 11:59:37: Server cvar "max_queries_sec_global" = "30"
L 04/03/2015 - 11:59:37: Server cvar "max_queries_window" = "60"
L 04/03/2015 - 11:59:37: Server cvar "metamod_version" = "1.19"
L 04/03/2015 - 11:59:37: Server cvar "mp_allowmonsters" = "0"
L 04/03/2015 - 11:59:37: Server cvar "mp_autokick" = "1"
L 04/03/2015 - 11:59:37: Server cvar "mp_autoteambalance" = "1"
L 04/03/2015 - 11:59:37: Server cvar "mp_buytime" = "1.5"
L 04/03/2015 - 11:59:37: Server cvar "mp_c4timer" = "35"
L 04/03/2015 - 11:59:37: Server cvar "mp_chattime" = "0"
L 04/03/2015 - 11:59:37: Server cvar "mp_consistency" = "1"
L 04/03/2015 - 11:59:37: Server cvar "mp_fadetoblack" = "0"
L 04/03/2015 - 11:59:37: Server cvar "mp_flashlight" = "1"
L 04/03/2015 - 11:59:37: Server cvar "mp_footsteps" = "1"
L 04/03/2015 - 11:59:37: Server cvar "mp_forcecamera" = "0"
L 04/03/2015 - 11:59:37: Server cvar "mp_forcechasecam" = "0"
L 04/03/2015 - 11:59:37: Server cvar "mp_fragsleft" = "0"
L 04/03/2015 - 11:59:37: Server cvar "mp_freezetime" = "5"
L 04/03/2015 - 11:59:37: Server cvar "mp_friendlyfire" = "0"
L 04/03/2015 - 11:59:37: Server cvar "mp_ghostfrequency" = "0.1"
L 04/03/2015 - 11:59:37: Server cvar "mp_hostagepenalty" = "0"
L 04/03/2015 - 11:59:37: Server cvar "mp_kickpercent" = "0.66"
L 04/03/2015 - 11:59:37: Server cvar "mp_limitteams" = "5"
L 04/03/2015 - 11:59:37: Server cvar "mp_logdetail" = "3"
L 04/03/2015 - 11:59:37: Server cvar "mp_logfile" = "1"
L 04/03/2015 - 11:59:37: Server cvar "mp_logmessages" = "1"
L 04/03/2015 - 11:59:37: Server cvar "mp_mapvoteratio" = "0.66"
L 04/03/2015 - 11:59:37: Server cvar "mp_maxrounds" = "0"
L 04/03/2015 - 11:59:37: Server cvar "mp_mirrordamage" = "0"
L 04/03/2015 - 11:59:37: Server cvar "mp_playerid" = "0"
L 04/03/2015 - 11:59:37: Server cvar "mp_roundtime" = "2.57"
L 04/03/2015 - 11:59:37: Server cvar "mp_startmoney" = "800"
L 04/03/2015 - 11:59:37: Server cvar "mp_timeleft" = "0"
L 04/03/2015 - 11:59:37: Server cvar "mp_timelimit" = "30"
L 04/03/2015 - 11:59:37: Server cvar "mp_tkpunish" = "1"
L 04/03/2015 - 11:59:37: Server cvar "mp_windifference" = "1"
L 04/03/2015 - 11:59:37: Server cvar "mp_winlimit" = "0"
L 04/03/2015 - 11:59:37: Server cvar "pausable" = "0"
L 04/03/2015 - 11:59:37: Server cvar "sv_accelerate" = "5"
L 04/03/2015 - 11:59:37: Server cvar "sv_aim" = "0"
L 04/03/2015 - 11:59:37: Server cvar "sv_airaccelerate" = "10"
L 04/03/2015 - 11:59:37: Server cvar "sv_airmove" = "1"
L 04/03/2015 - 11:59:37: Server cvar "sv_allowupload" = "1"
L 04/03/2015 - 11:59:37: Server cvar "sv_alltalk" = "0"
L 04/03/2015 - 11:59:37: Server cvar "sv_bounce" = "1"
L 04/03/2015 - 11:59:37: Server cvar "sv_cheats" = "0"
L 04/03/2015 - 11:59:37: Server cvar "sv_clienttrace" = "1"
L 04/03/2015 - 11:59:37: Server cvar "sv_clipmode" = "0"
L 04/03/2015 - 11:59:37: Server cvar "sv_contact" = ""
L 04/03/2015 - 11:59:37: Server cvar "sv_friction" = "4"
L 04/03/2015 - 11:59:37: Server cvar "sv_gravity" = "800"
L 04/03/2015 - 11:59:37: Server cvar "sv_logblocks" = "0"
L 04/03/2015 - 11:59:37: Server cvar "sv_maxrate" = "25000"
L 04/03/2015 - 11:59:37: Server cvar "sv_maxspeed" = "900"
L 04/03/2015 - 11:59:37: Server cvar "sv_minrate" = "100000"
L 04/03/2015 - 11:59:37: Server cvar "sv_password" = ""
L 04/03/2015 - 11:59:37: Server cvar "sv_proxies" = "0"
L 04/03/2015 - 11:59:37: Server cvar "sv_region" = "3"
L 04/03/2015 - 11:59:37: Server cvar "sv_restart" = "0"
L 04/03/2015 - 11:59:37: Server cvar "sv_restartround" = "0"
L 04/03/2015 - 11:59:37: Server cvar "sv_stepsize" = "18"
L 04/03/2015 - 11:59:37: Server cvar "sv_stopspeed" = "75"
L 04/03/2015 - 11:59:37: Server cvar "sv_uploadmax" = "0.5"
L 04/03/2015 - 11:59:37: Server cvar "sv_voiceenable" = "1"
L 04/03/2015 - 11:59:37: Server cvar "sv_wateraccelerate" = "10"
L 04/03/2015 - 11:59:37: Server cvar "sv_waterfriction" = "1"
L 04/03/2015 - 11:59:37: Server cvar "travo_statmarquee" = "v1.2"
L 04/03/2015 - 11:59:37: Server cvar "vtc_version" = "80"
L 04/03/2015 - 11:59:37: Server cvar "wallblocker_version" = "1.0"
L 04/03/2015 - 11:59:37: Server cvars end
L 04/03/2015 - 11:59:37: Server cvar "amx_nextmap" = "fy_pool_day"
L 04/03/2015 - 11:59:37: Server cvar "sv_restart" = "1"
L 04/03/2015 - 11:59:38: World triggered "Restart_Round_(1_second)"
L 04/03/2015 - 11:59:38: Team "CT" scored "0" with "0" players
L 04/03/2015 - 11:59:38: Team "TERRORIST" scored "0" with "0" players
L 04/03/2015 - 11:59:38: Server cvar "sv_restart" = "0"
L 04/03/2015 - 11:59:38: Started map "$2000$" (CRC "-1688392397")
L 04/03/2015 - 11:59:43: World triggered "Round_Start"
L 04/03/2015 - 12:01:43: [DPROTO]: Client 0 - Set AuthIdType 1 [Native]; pClient = 0xb3924f08
L 04/03/2015 - 12:01:43: "Player<4><STEAM_0:1:113150434><>" connected, address "178.172.151.48:27005"
L 04/03/2015 - 12:01:43: [VTC] Player 1 silk
L 04/03/2015 - 12:01:43: "Player<4><STEAM_0:1:113150434><>" STEAM USERID validated
L 04/03/2015 - 12:01:47: "Player<4><STEAM_0:1:113150434><>" entered the game
L 04/03/2015 - 12:01:49: "Player<4><STEAM_0:1:113150434><>" joined team "CT"
L 04/03/2015 - 12:02:01: "Player<4><STEAM_0:1:113150434><CT>" triggered "amx_chat" (text "Player<STEAM_0:1:113150434> был забанен на 30 минут (30 минут). Причина: Читер.")
L 04/03/2015 - 12:02:11: Kick: "Player<4><STEAM_0:1:113150434><>" was kicked by "Console" (message " Вы забанены на этом сервере. Подробности в консоли.")
L 04/03/2015 - 12:02:11: "Player<4><STEAM_0:1:113150434><CT>" triggered "time" (time "0:23")
L 04/03/2015 - 12:02:11: "Player<4><STEAM_0:1:113150434><CT>" triggered "latency" (ping "16")
L 04/03/2015 - 12:02:11: "Player<4><STEAM_0:1:113150434><CT>" disconnected
L 04/03/2015 - 12:02:11: World triggered "Round_Draw" (CT "0") (T "0")
L 04/03/2015 - 12:02:11: World triggered "Round_End"
L 04/03/2015 - 12:02:21: World triggered "Round_Start"
L 04/03/2015 - 12:02:54: [DPROTO]: Client 0 - Set AuthIdType 3 [dp_RevEmu]; pClient = 0xb3924f08
L 04/03/2015 - 12:02:54: "boychak<5><STEAM_0:4:1179735027><>" connected, address "95.69.254.37:58184"
L 04/03/2015 - 12:02:54: [VTC] Player 1 speex
L 04/03/2015 - 12:03:14: [DPROTO]: Client 0 - Set AuthIdType 3 [dp_RevEmu]; pClient = 0xb3924f08
L 04/03/2015 - 12:03:14: "boychak<6><STEAM_0:4:1179735027><>" connected, address "95.69.254.37:58184"
L 04/03/2015 - 12:03:14: [VTC] Player 1 speex
L 04/03/2015 - 12:03:17: "boychak<6><STEAM_0:4:1179735027><>" entered the game
L 04/03/2015 - 12:03:19: "boychak<6><STEAM_0:4:1179735027><>" joined team "TERRORIST"
L 04/03/2015 - 12:05:05: [DPROTO]: Client 1 - Set AuthIdType 3 [dp_RevEmu]; pClient = 0xb3929dfc
L 04/03/2015 - 12:05:05: "Novi4ek<7><STEAM_0:4:1881338368><>" connected, address "185.6.25.73:41047"
L 04/03/2015 - 12:05:06: [VTC] Player 2 speex
L 04/03/2015 - 12:05:24: "Novi4ek<7><STEAM_0:4:1881338368><>" entered the game
L 04/03/2015 - 12:05:48: "Novi4ek<7><STEAM_0:4:1881338368><>" joined team "CT"
L 04/03/2015 - 12:05:56: World triggered "Game_Commencing"
L 04/03/2015 - 12:05:56: World triggered "Game_Commencing" (CT "0") (T "0")
L 04/03/2015 - 12:05:56: World triggered "Round_End"
L 04/03/2015 - 12:06:04: World triggered "Round_Start"
L 04/03/2015 - 12:06:25: "Novi4ek<7><STEAM_0:4:1881338368><CT>" attacked "boychak<6><STEAM_0:4:1179735027><TERRORIST>" with "m4a1" (damage "28") (damage_armor "0") (health "47") (armor "0")
L 04/03/2015 - 12:06:25: "Novi4ek<7><STEAM_0:4:1881338368><CT>" attacked "boychak<6><STEAM_0:4:1179735027><TERRORIST>" with "m4a1" (damage "28") (damage_armor "0") (health "19") (armor "0")
L 04/03/2015 - 12:06:25: "Novi4ek<7><STEAM_0:4:1881338368><CT>" attacked "boychak<6><STEAM_0:4:1179735027><TERRORIST>" with "m4a1" (damage "28") (damage_armor "0") (health "-9") (armor "0")
L 04/03/2015 - 12:06:25: "Novi4ek<7><STEAM_0:4:1881338368><CT>" killed "boychak<6><STEAM_0:4:1179735027><TERRORIST>" with "m4a1"
L 04/03/2015 - 12:06:25: Team "CT" triggered "CTs_Win" (CT "1") (T "0")
L 04/03/2015 - 12:06:25: World triggered "Round_End"
L 04/03/2015 - 12:06:35: World triggered "Round_Start"
L 04/03/2015 - 12:06:42: "boychak<6><STEAM_0:4:1179735027><TERRORIST>" triggered "weaponstats" (weapon "grenade") (shots "2") (hits "0") (kills "0") (headshots "0") (tks "0") (damage "0") (deaths "0")
L 04/03/2015 - 12:06:42: "boychak<6><STEAM_0:4:1179735027><TERRORIST>" triggered "weaponstats2" (weapon "grenade") (head "0") (chest "0") (stomach "0") (leftarm "0") (rightarm "0") (leftleg "0") (rightleg "0")
L 04/03/2015 - 12:06:42: "boychak<6><STEAM_0:4:1179735027><TERRORIST>" triggered "weaponstats" (weapon "aug") (shots "60") (hits "0") (kills "0") (headshots "0") (tks "0") (damage "0") (deaths "0")
L 04/03/2015 - 12:06:42: "boychak<6><STEAM_0:4:1179735027><TERRORIST>" triggered "weaponstats2" (weapon "aug") (head "0") (chest "0") (stomach "0") (leftarm "0") (rightarm "0") (leftleg "0") (rightleg "0")
L 04/03/2015 - 12:06:42: "boychak<6><STEAM_0:4:1179735027><TERRORIST>" triggered "weaponstats" (weapon "awp") (shots "7") (hits "0") (kills "0") (headshots "0") (tks "0") (damage "0") (deaths "0")
L 04/03/2015 - 12:06:42: "boychak<6><STEAM_0:4:1179735027><TERRORIST>" triggered "weaponstats2" (weapon "awp") (head "0") (chest "0") (stomach "0") (leftarm "0") (rightarm "0") (leftleg "0") (rightleg "0")
L 04/03/2015 - 12:06:42: "boychak<6><STEAM_0:4:1179735027><TERRORIST>" triggered "weaponstats" (weapon "mp5navy") (shots "30") (hits "0") (kills "0") (headshots "0") (tks "0") (damage "0") (deaths "0")
L 04/03/2015 - 12:06:42: "boychak<6><STEAM_0:4:1179735027><TERRORIST>" triggered "weaponstats2" (weapon "mp5navy") (head "0") (chest "0") (stomach "0") (leftarm "0") (rightarm "0") (leftleg "0") (rightleg "0")
L 04/03/2015 - 12:06:42: "boychak<6><STEAM_0:4:1179735027><TERRORIST>" triggered "weaponstats" (weapon "m4a1") (shots "30") (hits "0") (kills "0") (headshots "0") (tks "0") (damage "0") (deaths "0")
L 04/03/2015 - 12:06:42: "boychak<6><STEAM_0:4:1179735027><TERRORIST>" triggered "weaponstats2" (weapon "m4a1") (head "0") (chest "0") (stomach "0") (leftarm "0") (rightarm "0") (leftleg "0") (rightleg "0")
L 04/03/2015 - 12:06:42: "boychak<6><STEAM_0:4:1179735027><TERRORIST>" triggered "time" (time "3:25")
L 04/03/2015 - 12:06:42: "boychak<6><STEAM_0:4:1179735027><TERRORIST>" triggered "latency" (ping "75")
L 04/03/2015 - 12:06:42: "boychak<6><STEAM_0:4:1179735027><TERRORIST>" disconnected
L 04/03/2015 - 12:08:27: "Novi4ek<7><STEAM_0:4:1881338368><CT>" triggered "weaponstats" (weapon "grenade") (shots "6") (hits "0") (kills "0") (headshots "0") (tks "0") (damage "0") (deaths "0")
L 04/03/2015 - 12:08:27: "Novi4ek<7><STEAM_0:4:1881338368><CT>" triggered "weaponstats2" (weapon "grenade") (head "0") (chest "0") (stomach "0") (leftarm "0") (rightarm "0") (leftleg "0") (rightleg "0")
L 04/03/2015 - 12:08:27: "Novi4ek<7><STEAM_0:4:1881338368><CT>" triggered "weaponstats" (weapon "m4a1") (shots "5") (hits "0") (kills "0") (headshots "0") (tks "0") (damage "0") (deaths "0")
L 04/03/2015 - 12:08:27: "Novi4ek<7><STEAM_0:4:1881338368><CT>" triggered "weaponstats2" (weapon "m4a1") (head "0") (chest "0") (stomach "0") (leftarm "0") (rightarm "0") (leftleg "0") (rightleg "0")
L 04/03/2015 - 12:08:27: "Novi4ek<7><STEAM_0:4:1881338368><CT>" triggered "weaponstats" (weapon "knife") (shots "21") (hits "0") (kills "0") (headshots "0") (tks "0") (damage "0") (deaths "0")
L 04/03/2015 - 12:08:27: "Novi4ek<7><STEAM_0:4:1881338368><CT>" triggered "weaponstats2" (weapon "knife") (head "0") (chest "0") (stomach "0") (leftarm "0") (rightarm "0") (leftleg "0") (rightleg "0")
L 04/03/2015 - 12:08:27: "Novi4ek<7><STEAM_0:4:1881338368><CT>" triggered "time" (time "3:03")
L 04/03/2015 - 12:08:27: "Novi4ek<7><STEAM_0:4:1881338368><CT>" triggered "latency" (ping "79")
L 04/03/2015 - 12:08:27: "Novi4ek<7><STEAM_0:4:1881338368><CT>" disconnected
L 04/03/2015 - 12:08:27: World triggered "Round_Draw" (CT "1") (T "0")
L 04/03/2015 - 12:08:27: World triggered "Round_End"
L 04/03/2015 - 12:08:37: World triggered "Round_Start"
L 04/03/2015 - 12:09:40: [META] ini: Begin re-reading plugins list: /home/extazy/public/cstrike/addons/metamod/plugins.ini
L 04/03/2015 - 12:09:40: [META] ini: Read plugin config for: AMX Mod X
L 04/03/2015 - 12:09:40: [META] ini: Read plugin config for: dproto_EF
L 04/03/2015 - 12:09:40: [META] ini: Read plugin config for: VoiceTranscoder
L 04/03/2015 - 12:09:40: [META] ini: Finished reading plugins list: /home/extazy/public/cstrike/addons/metamod/plugins.ini; Found 3 plugins
L 04/03/2015 - 12:09:40: [META] dll: Updating plugins...
L 04/03/2015 - 12:09:40: [META] dll: Finished updating 12 plugins; kept 3, loaded 0, unloaded 0, reloaded 0, delayed 0
L 04/03/2015 - 12:09:40: Log file closed
