L 04/04/2015 - 10:38:06: Log file started (file "logs/L0404017.log") (game "cstrike") (version "48/1.6.3.7/Stdio/5787")
L 04/04/2015 - 10:38:06: Loading map "$2000$"
L 04/04/2015 - 10:38:06: Server cvars start
L 04/04/2015 - 10:38:06: Server cvar "_tutor_bomb_viewable_check_interval" = "0.5"
L 04/04/2015 - 10:38:06: Server cvar "_tutor_debug_level" = "0"
L 04/04/2015 - 10:38:06: Server cvar "_tutor_examine_time" = "0.5"
L 04/04/2015 - 10:38:06: Server cvar "_tutor_hint_interval_time" = "10.0"
L 04/04/2015 - 10:38:06: Server cvar "_tutor_look_angle" = "10"
L 04/04/2015 - 10:38:06: Server cvar "_tutor_look_distance" = "200"
L 04/04/2015 - 10:38:06: Server cvar "_tutor_message_character_display_time_coefficient" = "0.07"
L 04/04/2015 - 10:38:06: Server cvar "_tutor_message_minimum_display_time" = "1"
L 04/04/2015 - 10:38:06: Server cvar "_tutor_message_repeats" = "5"
L 04/04/2015 - 10:38:06: Server cvar "_tutor_view_distance" = "1000"
L 04/04/2015 - 10:38:06: Server cvar "aesp_version" = "1.5b_mini"
L 04/04/2015 - 10:38:06: Server cvar "allow_spectators" = "4"
L 04/04/2015 - 10:38:06: Server cvar "amx_client_languages" = "0"
L 04/04/2015 - 10:38:06: Server cvar "amx_contactinfo" = "ICQ: 691322983"
L 04/04/2015 - 10:38:06: Server cvar "amx_language" = "ru"
L 04/04/2015 - 10:38:06: Server cvar "amx_nextmap" = "35_hp_2011"
L 04/04/2015 - 10:38:06: Server cvar "amx_timeleft" = "28:00"
L 04/04/2015 - 10:38:06: Server cvar "amxbans_ssversion" = "Gm 1.6"
L 04/04/2015 - 10:38:06: Server cvar "amxbans_version" = "Gm 1.6"
L 04/04/2015 - 10:38:06: Server cvar "amxmodx_version" = "1.8.1.3746"
L 04/04/2015 - 10:38:06: Server cvar "Colored Translit Cheat" = "Loaded"
L 04/04/2015 - 10:38:06: Server cvar "Colored Translit Config" = "Loaded"
L 04/04/2015 - 10:38:06: Server cvar "Colored Translit Ignores" = "Loaded"
L 04/04/2015 - 10:38:06: Server cvar "Colored Translit Replace" = "Failed"
L 04/04/2015 - 10:38:06: Server cvar "Colored Translit Spam" = "Loaded"
L 04/04/2015 - 10:38:06: Server cvar "Colored Translit Status" = "Loaded"
L 04/04/2015 - 10:38:06: Server cvar "Colored Translit Swear" = "Loaded"
L 04/04/2015 - 10:38:06: Server cvar "Colored Translit Version" = "2.0b Final"
L 04/04/2015 - 10:38:06: Server cvar "coop" = "0"
L 04/04/2015 - 10:38:06: Server cvar "deathmatch" = "1"
L 04/04/2015 - 10:38:06: Server cvar "decalfrequency" = "9"
L 04/04/2015 - 10:38:06: Server cvar "dp_version" = "0.9.391"
L 04/04/2015 - 10:38:06: Server cvar "edgefriction" = "2"
L 04/04/2015 - 10:38:06: Server cvar "hostage_debug" = "0"
L 04/04/2015 - 10:38:06: Server cvar "hostage_stop" = "0"
L 04/04/2015 - 10:38:06: Server cvar "humans_join_team" = "any"
L 04/04/2015 - 10:38:06: Server cvar "jtp10181" = "chute,gore"
L 04/04/2015 - 10:38:06: Server cvar "max_queries_sec" = "3.0"
L 04/04/2015 - 10:38:06: Server cvar "max_queries_sec_global" = "30"
L 04/04/2015 - 10:38:06: Server cvar "max_queries_window" = "60"
L 04/04/2015 - 10:38:06: Server cvar "metamod_version" = "1.19"
L 04/04/2015 - 10:38:06: Server cvar "mp_allowmonsters" = "0"
L 04/04/2015 - 10:38:06: Server cvar "mp_autokick" = "1"
L 04/04/2015 - 10:38:06: Server cvar "mp_autoteambalance" = "1"
L 04/04/2015 - 10:38:06: Server cvar "mp_buytime" = "1.5"
L 04/04/2015 - 10:38:06: Server cvar "mp_c4timer" = "35"
L 04/04/2015 - 10:38:06: Server cvar "mp_chattime" = "0"
L 04/04/2015 - 10:38:06: Server cvar "mp_consistency" = "1"
L 04/04/2015 - 10:38:06: Server cvar "mp_fadetoblack" = "0"
L 04/04/2015 - 10:38:06: Server cvar "mp_flashlight" = "1"
L 04/04/2015 - 10:38:06: Server cvar "mp_footsteps" = "1"
L 04/04/2015 - 10:38:06: Server cvar "mp_forcecamera" = "0"
L 04/04/2015 - 10:38:06: Server cvar "mp_forcechasecam" = "0"
L 04/04/2015 - 10:38:06: Server cvar "mp_fragsleft" = "0"
L 04/04/2015 - 10:38:06: Server cvar "mp_freezetime" = "5"
L 04/04/2015 - 10:38:06: Server cvar "mp_friendlyfire" = "0"
L 04/04/2015 - 10:38:06: Server cvar "mp_ghostfrequency" = "0.1"
L 04/04/2015 - 10:38:06: Server cvar "mp_hostagepenalty" = "0"
L 04/04/2015 - 10:38:06: Server cvar "mp_kickpercent" = "0.66"
L 04/04/2015 - 10:38:06: Server cvar "mp_limitteams" = "5"
L 04/04/2015 - 10:38:06: Server cvar "mp_logdetail" = "3"
L 04/04/2015 - 10:38:06: Server cvar "mp_logfile" = "1"
L 04/04/2015 - 10:38:06: Server cvar "mp_logmessages" = "1"
L 04/04/2015 - 10:38:06: Server cvar "mp_mapvoteratio" = "0.66"
L 04/04/2015 - 10:38:06: Server cvar "mp_maxrounds" = "0"
L 04/04/2015 - 10:38:06: Server cvar "mp_mirrordamage" = "0"
L 04/04/2015 - 10:38:06: Server cvar "mp_playerid" = "0"
L 04/04/2015 - 10:38:06: Server cvar "mp_roundtime" = "2.57"
L 04/04/2015 - 10:38:06: Server cvar "mp_startmoney" = "800"
L 04/04/2015 - 10:38:06: Server cvar "mp_timeleft" = "0"
L 04/04/2015 - 10:38:06: Server cvar "mp_timelimit" = "30"
L 04/04/2015 - 10:38:06: Server cvar "mp_tkpunish" = "1"
L 04/04/2015 - 10:38:06: Server cvar "mp_windifference" = "1"
L 04/04/2015 - 10:38:06: Server cvar "mp_winlimit" = "0"
L 04/04/2015 - 10:38:06: Server cvar "pausable" = "0"
L 04/04/2015 - 10:38:06: Server cvar "redirect_version" = "1.0.3"
L 04/04/2015 - 10:38:06: Server cvar "sv_accelerate" = "5"
L 04/04/2015 - 10:38:06: Server cvar "sv_aim" = "0"
L 04/04/2015 - 10:38:06: Server cvar "sv_airaccelerate" = "10"
L 04/04/2015 - 10:38:06: Server cvar "sv_airmove" = "1"
L 04/04/2015 - 10:38:06: Server cvar "sv_allowupload" = "1"
L 04/04/2015 - 10:38:06: Server cvar "sv_alltalk" = "0"
L 04/04/2015 - 10:38:06: Server cvar "sv_bounce" = "1"
L 04/04/2015 - 10:38:06: Server cvar "sv_cheats" = "0"
L 04/04/2015 - 10:38:06: Server cvar "sv_clienttrace" = "1"
L 04/04/2015 - 10:38:06: Server cvar "sv_clipmode" = "0"
L 04/04/2015 - 10:38:06: Server cvar "sv_contact" = ""
L 04/04/2015 - 10:38:06: Server cvar "sv_friction" = "4"
L 04/04/2015 - 10:38:06: Server cvar "sv_gravity" = "800"
L 04/04/2015 - 10:38:06: Server cvar "sv_logblocks" = "0"
L 04/04/2015 - 10:38:06: Server cvar "sv_maxrate" = "25000"
L 04/04/2015 - 10:38:06: Server cvar "sv_maxspeed" = "900"
L 04/04/2015 - 10:38:06: Server cvar "sv_minrate" = "100000"
L 04/04/2015 - 10:38:06: Server cvar "sv_password" = ""
L 04/04/2015 - 10:38:06: Server cvar "sv_proxies" = "0"
L 04/04/2015 - 10:38:06: Server cvar "sv_region" = "3"
L 04/04/2015 - 10:38:06: Server cvar "sv_restart" = "0"
L 04/04/2015 - 10:38:06: Server cvar "sv_restartround" = "0"
L 04/04/2015 - 10:38:06: Server cvar "sv_stepsize" = "18"
L 04/04/2015 - 10:38:06: Server cvar "sv_stopspeed" = "75"
L 04/04/2015 - 10:38:06: Server cvar "sv_uploadmax" = "0.5"
L 04/04/2015 - 10:38:06: Server cvar "sv_voiceenable" = "1"
L 04/04/2015 - 10:38:06: Server cvar "sv_wateraccelerate" = "10"
L 04/04/2015 - 10:38:06: Server cvar "sv_waterfriction" = "1"
L 04/04/2015 - 10:38:06: Server cvar "travo_statmarquee" = "v1.2"
L 04/04/2015 - 10:38:06: Server cvar "vtc_version" = "80"
L 04/04/2015 - 10:38:06: Server cvar "wallblocker_version" = "1.0"
L 04/04/2015 - 10:38:06: Server cvars end
L 04/04/2015 - 10:38:06: Server cvar "amx_nextmap" = "fy_snow"
L 04/04/2015 - 10:38:06: Server cvar "sv_restart" = "1"
L 04/04/2015 - 10:38:06: World triggered "Restart_Round_(1_second)"
L 04/04/2015 - 10:38:06: Team "CT" scored "0" with "0" players
L 04/04/2015 - 10:38:06: Team "TERRORIST" scored "0" with "0" players
L 04/04/2015 - 10:38:06: Server cvar "sv_restart" = "0"
L 04/04/2015 - 10:38:07: Started map "$2000$" (CRC "-1688392397")
L 04/04/2015 - 10:38:07: [VTC] Player 3 speex
L 04/04/2015 - 10:38:07: [VTC] Player 2 speex
L 04/04/2015 - 10:38:07: [VTC] Player 1 speex
L 04/04/2015 - 10:38:10: "Pumbaa<44><STEAM_0:4:1265579003><>" entered the game
L 04/04/2015 - 10:38:10: "[Turbo]<42><STEAM_0:4:895206916><>" entered the game
L 04/04/2015 - 10:38:11: "dk<41><STEAM_0:4:1021003268><>" entered the game
L 04/04/2015 - 10:38:12: World triggered "Round_Start"
L 04/04/2015 - 10:38:12: "Pumbaa<44><STEAM_0:4:1265579003><>" joined team "TERRORIST"
L 04/04/2015 - 10:38:12: "[Turbo]<42><STEAM_0:4:895206916><>" joined team "TERRORIST"
L 04/04/2015 - 10:38:13: "dk<41><STEAM_0:4:1021003268><>" joined team "TERRORIST"
L 04/04/2015 - 10:38:15: "dk<41><STEAM_0:4:1021003268><TERRORIST>" committed suicide with "world"
L 04/04/2015 - 10:38:15: "dk<41><STEAM_0:4:1021003268><TERRORIST>" joined team "CT"
L 04/04/2015 - 10:38:16: World triggered "Game_Commencing"
L 04/04/2015 - 10:38:16: World triggered "Game_Commencing" (CT "0") (T "0")
L 04/04/2015 - 10:38:16: World triggered "Round_End"
L 04/04/2015 - 10:38:24: World triggered "Round_Start"
L 04/04/2015 - 10:38:27: "Pumbaa<44><STEAM_0:4:1265579003><TERRORIST>" attacked "dk<41><STEAM_0:4:1021003268><CT>" with "ak47" (damage "42") (damage_armor "0") (health "58") (armor "0")
L 04/04/2015 - 10:38:27: "Pumbaa<44><STEAM_0:4:1265579003><TERRORIST>" attacked "dk<41><STEAM_0:4:1021003268><CT>" with "ak47" (damage "34") (damage_armor "0") (health "24") (armor "0")
L 04/04/2015 - 10:38:28: "Pumbaa<44><STEAM_0:4:1265579003><TERRORIST>" attacked "dk<41><STEAM_0:4:1021003268><CT>" with "ak47" (damage "34") (damage_armor "0") (health "-10") (armor "0")
L 04/04/2015 - 10:38:28: "Pumbaa<44><STEAM_0:4:1265579003><TERRORIST>" killed "dk<41><STEAM_0:4:1021003268><CT>" with "ak47"
L 04/04/2015 - 10:38:28: Team "TERRORIST" triggered "Terrorists_Win" (CT "0") (T "1")
L 04/04/2015 - 10:38:28: World triggered "Round_End"
L 04/04/2015 - 10:38:38: World triggered "Round_Start"
L 04/04/2015 - 10:38:41: "Pumbaa<44><STEAM_0:4:1265579003><TERRORIST>" attacked "dk<41><STEAM_0:4:1021003268><CT>" with "awp" (damage "26") (damage_armor "0") (health "74") (armor "0")
L 04/04/2015 - 10:38:44: "Pumbaa<44><STEAM_0:4:1265579003><TERRORIST>" attacked "dk<41><STEAM_0:4:1021003268><CT>" with "m4a1" (damage "30") (damage_armor "0") (health "44") (armor "0")
L 04/04/2015 - 10:38:44: "Pumbaa<44><STEAM_0:4:1265579003><TERRORIST>" attacked "dk<41><STEAM_0:4:1021003268><CT>" with "m4a1" (damage "30") (damage_armor "0") (health "14") (armor "0")
L 04/04/2015 - 10:38:45: "Pumbaa<44><STEAM_0:4:1265579003><TERRORIST>" attacked "dk<41><STEAM_0:4:1021003268><CT>" with "m4a1" (damage "30") (damage_armor "0") (health "-16") (armor "0")
L 04/04/2015 - 10:38:45: "Pumbaa<44><STEAM_0:4:1265579003><TERRORIST>" killed "dk<41><STEAM_0:4:1021003268><CT>" with "m4a1"
L 04/04/2015 - 10:38:45: Team "TERRORIST" triggered "Terrorists_Win" (CT "0") (T "2")
L 04/04/2015 - 10:38:45: World triggered "Round_End"
L 04/04/2015 - 10:38:55: World triggered "Round_Start"
L 04/04/2015 - 10:39:00: "Pumbaa<44><STEAM_0:4:1265579003><TERRORIST>" attacked "dk<41><STEAM_0:4:1021003268><CT>" with "m4a1" (damage "17") (damage_armor "0") (health "54") (armor "0")
L 04/04/2015 - 10:39:01: "Pumbaa<44><STEAM_0:4:1265579003><TERRORIST>" attacked "dk<41><STEAM_0:4:1021003268><CT>" with "m4a1" (damage "14") (damage_armor "0") (health "40") (armor "0")
L 04/04/2015 - 10:39:02: "Pumbaa<44><STEAM_0:4:1265579003><TERRORIST>" attacked "dk<41><STEAM_0:4:1021003268><CT>" with "m4a1" (damage "22") (damage_armor "0") (health "18") (armor "0")
L 04/04/2015 - 10:39:02: "Pumbaa<44><STEAM_0:4:1265579003><TERRORIST>" attacked "dk<41><STEAM_0:4:1021003268><CT>" with "m4a1" (damage "22") (damage_armor "0") (health "-4") (armor "0")
L 04/04/2015 - 10:39:02: "Pumbaa<44><STEAM_0:4:1265579003><TERRORIST>" killed "dk<41><STEAM_0:4:1021003268><CT>" with "m4a1"
L 04/04/2015 - 10:39:02: Team "TERRORIST" triggered "Terrorists_Win" (CT "0") (T "3")
L 04/04/2015 - 10:39:02: World triggered "Round_End"
L 04/04/2015 - 10:39:12: World triggered "Round_Start"
L 04/04/2015 - 10:39:25: "[Turbo]<42><STEAM_0:4:895206916><TERRORIST>" attacked "dk<41><STEAM_0:4:1021003268><CT>" with "ak47" (damage "24") (damage_armor "0") (health "76") (armor "0")
L 04/04/2015 - 10:39:27: "dk<41><STEAM_0:4:1021003268><CT>" attacked "Pumbaa<44><STEAM_0:4:1265579003><TERRORIST>" with "ak47" (damage "34") (damage_armor "0") (health "46") (armor "0")
L 04/04/2015 - 10:39:27: "dk<41><STEAM_0:4:1021003268><CT>" attacked "Pumbaa<44><STEAM_0:4:1265579003><TERRORIST>" with "ak47" (damage "34") (damage_armor "0") (health "12") (armor "0")
L 04/04/2015 - 10:39:27: "dk<41><STEAM_0:4:1021003268><CT>" attacked "Pumbaa<44><STEAM_0:4:1265579003><TERRORIST>" with "ak47" (damage "34") (damage_armor "0") (health "-22") (armor "0")
L 04/04/2015 - 10:39:27: "dk<41><STEAM_0:4:1021003268><CT>" killed "Pumbaa<44><STEAM_0:4:1265579003><TERRORIST>" with "ak47"
L 04/04/2015 - 10:39:31: "dk<41><STEAM_0:4:1021003268><CT>" attacked "[Turbo]<42><STEAM_0:4:895206916><TERRORIST>" with "ak47" (damage "136") (damage_armor "0") (health "-36") (armor "0")
L 04/04/2015 - 10:39:31: "dk<41><STEAM_0:4:1021003268><CT>" killed "[Turbo]<42><STEAM_0:4:895206916><TERRORIST>" with "ak47"
L 04/04/2015 - 10:39:31: Team "CT" triggered "CTs_Win" (CT "1") (T "3")
L 04/04/2015 - 10:39:31: World triggered "Round_End"
L 04/04/2015 - 10:39:41: World triggered "Round_Start"
L 04/04/2015 - 10:39:49: "dk<41><STEAM_0:4:1021003268><CT>" attacked "Pumbaa<44><STEAM_0:4:1265579003><TERRORIST>" with "ak47" (damage "33") (damage_armor "0") (health "67") (armor "0")
L 04/04/2015 - 10:39:50: "Pumbaa<44><STEAM_0:4:1265579003><TERRORIST>" attacked "dk<41><STEAM_0:4:1021003268><CT>" with "m4a1" (damage "21") (damage_armor "0") (health "79") (armor "0")
L 04/04/2015 - 10:39:51: "dk<41><STEAM_0:4:1021003268><CT>" attacked "Pumbaa<44><STEAM_0:4:1265579003><TERRORIST>" with "ak47" (damage "41") (damage_armor "0") (health "26") (armor "0")
L 04/04/2015 - 10:39:52: "Pumbaa<44><STEAM_0:4:1265579003><TERRORIST>" attacked "dk<41><STEAM_0:4:1021003268><CT>" with "m4a1" (damage "28") (damage_armor "0") (health "51") (armor "0")
L 04/04/2015 - 10:39:52: "Pumbaa<44><STEAM_0:4:1265579003><TERRORIST>" attacked "dk<41><STEAM_0:4:1021003268><CT>" with "m4a1" (damage "21") (damage_armor "0") (health "30") (armor "0")
L 04/04/2015 - 10:39:52: "dk<41><STEAM_0:4:1021003268><CT>" attacked "Pumbaa<44><STEAM_0:4:1265579003><TERRORIST>" with "ak47" (damage "24") (damage_armor "0") (health "2") (armor "0")
L 04/04/2015 - 10:39:52: "[Turbo]<42><STEAM_0:4:895206916><TERRORIST>" attacked "dk<41><STEAM_0:4:1021003268><CT>" with "m4a1" (damage "116") (damage_armor "0") (health "-86") (armor "0")
L 04/04/2015 - 10:39:52: "[Turbo]<42><STEAM_0:4:895206916><TERRORIST>" killed "dk<41><STEAM_0:4:1021003268><CT>" with "m4a1"
L 04/04/2015 - 10:39:52: Team "TERRORIST" triggered "Terrorists_Win" (CT "1") (T "4")
L 04/04/2015 - 10:39:52: World triggered "Round_End"
L 04/04/2015 - 10:40:02: World triggered "Round_Start"
L 04/04/2015 - 10:40:08: "dk<41><STEAM_0:4:1021003268><CT>" attacked "[Turbo]<42><STEAM_0:4:895206916><TERRORIST>" with "ak47" (damage "132") (damage_armor "0") (health "-32") (armor "0")
L 04/04/2015 - 10:40:08: "dk<41><STEAM_0:4:1021003268><CT>" killed "[Turbo]<42><STEAM_0:4:895206916><TERRORIST>" with "ak47"
L 04/04/2015 - 10:40:13: "dk<41><STEAM_0:4:1021003268><CT>" attacked "Pumbaa<44><STEAM_0:4:1265579003><TERRORIST>" with "ak47" (damage "35") (damage_armor "0") (health "65") (armor "0")
L 04/04/2015 - 10:40:13: "dk<41><STEAM_0:4:1021003268><CT>" attacked "Pumbaa<44><STEAM_0:4:1265579003><TERRORIST>" with "ak47" (damage "35") (damage_armor "0") (health "30") (armor "0")
L 04/04/2015 - 10:40:13: "Pumbaa<44><STEAM_0:4:1265579003><TERRORIST>" attacked "dk<41><STEAM_0:4:1021003268><CT>" with "ak47" (damage "35") (damage_armor "0") (health "65") (armor "0")
L 04/04/2015 - 10:40:13: "dk<41><STEAM_0:4:1021003268><CT>" attacked "Pumbaa<44><STEAM_0:4:1265579003><TERRORIST>" with "ak47" (damage "35") (damage_armor "0") (health "-5") (armor "0")
L 04/04/2015 - 10:40:13: "dk<41><STEAM_0:4:1021003268><CT>" killed "Pumbaa<44><STEAM_0:4:1265579003><TERRORIST>" with "ak47"
L 04/04/2015 - 10:40:13: Team "CT" triggered "CTs_Win" (CT "2") (T "4")
L 04/04/2015 - 10:40:13: World triggered "Round_End"
L 04/04/2015 - 10:40:22: "Pumbaa<44><STEAM_0:4:1265579003><TERRORIST>" committed suicide with "world"
L 04/04/2015 - 10:40:22: "Pumbaa<44><STEAM_0:4:1265579003><TERRORIST>" joined team "SPECTATOR"
L 04/04/2015 - 10:40:23: World triggered "Round_Start"
L 04/04/2015 - 10:40:34: "dk<41><STEAM_0:4:1021003268><CT>" attacked "[Turbo]<42><STEAM_0:4:895206916><TERRORIST>" with "ak47" (damage "34") (damage_armor "0") (health "66") (armor "0")
L 04/04/2015 - 10:40:35: "dk<41><STEAM_0:4:1021003268><CT>" attacked "[Turbo]<42><STEAM_0:4:895206916><TERRORIST>" with "ak47" (damage "34") (damage_armor "0") (health "32") (armor "0")
L 04/04/2015 - 10:40:36: "dk<41><STEAM_0:4:1021003268><CT>" attacked "[Turbo]<42><STEAM_0:4:895206916><TERRORIST>" with "ak47" (damage "136") (damage_armor "0") (health "-104") (armor "0")
L 04/04/2015 - 10:40:36: "dk<41><STEAM_0:4:1021003268><CT>" killed "[Turbo]<42><STEAM_0:4:895206916><TERRORIST>" with "ak47"
L 04/04/2015 - 10:40:36: Team "CT" triggered "CTs_Win" (CT "3") (T "4")
L 04/04/2015 - 10:40:36: World triggered "Round_End"
L 04/04/2015 - 10:40:46: World triggered "Round_Start"
L 04/04/2015 - 10:40:48: [DPROTO]: Client 3 - Set AuthIdType 3 [dp_RevEmu]; pClient = 0xb39eabe4
L 04/04/2015 - 10:40:48: "Tvo9 Mamka<45><STEAM_0:4:516857939><>" connected, address "31.162.193.148:27005"
L 04/04/2015 - 10:40:48: [VTC] Player 4 speex
L 04/04/2015 - 10:40:54: [DPROTO]: Client 3 - Set AuthIdType 3 [dp_RevEmu]; pClient = 0xb39eabe4
L 04/04/2015 - 10:40:54: "Tvo9 Mamka<46><STEAM_0:4:516857939><>" connected, address "31.162.193.148:27005"
L 04/04/2015 - 10:40:54: [VTC] Player 4 speex
L 04/04/2015 - 10:40:55: "dk<41><STEAM_0:4:1021003268><CT>" attacked "[Turbo]<42><STEAM_0:4:895206916><TERRORIST>" with "ak47" (damage "136") (damage_armor "0") (health "-36") (armor "0")
L 04/04/2015 - 10:40:55: "dk<41><STEAM_0:4:1021003268><CT>" killed "[Turbo]<42><STEAM_0:4:895206916><TERRORIST>" with "ak47"
L 04/04/2015 - 10:40:55: Team "CT" triggered "CTs_Win" (CT "4") (T "4")
L 04/04/2015 - 10:40:55: World triggered "Round_End"
L 04/04/2015 - 10:40:58: "Tvo9 Mamka<46><STEAM_0:4:516857939><>" entered the game
L 04/04/2015 - 10:41:00: "Tvo9 Mamka<46><STEAM_0:4:516857939><>" joined team "CT"
L 04/04/2015 - 10:41:05: World triggered "Round_Start"
L 04/04/2015 - 10:41:11: "dk<41><STEAM_0:4:1021003268><CT>" attacked "[Turbo]<42><STEAM_0:4:895206916><TERRORIST>" with "ak47" (damage "136") (damage_armor "0") (health "-36") (armor "0")
L 04/04/2015 - 10:41:11: "dk<41><STEAM_0:4:1021003268><CT>" killed "[Turbo]<42><STEAM_0:4:895206916><TERRORIST>" with "ak47"
L 04/04/2015 - 10:41:11: Team "CT" triggered "CTs_Win" (CT "5") (T "4")
L 04/04/2015 - 10:41:11: World triggered "Round_End"
L 04/04/2015 - 10:41:21: World triggered "Round_Start"
L 04/04/2015 - 10:41:24: "[Turbo]<42><STEAM_0:4:895206916><TERRORIST>" attacked "dk<41><STEAM_0:4:1021003268><CT>" with "m4a1" (damage "14") (damage_armor "0") (health "86") (armor "0")
L 04/04/2015 - 10:41:25: "[Turbo]<42><STEAM_0:4:895206916><TERRORIST>" attacked "dk<41><STEAM_0:4:1021003268><CT>" with "m4a1" (damage "37") (damage_armor "0") (health "49") (armor "0")
L 04/04/2015 - 10:41:26: "dk<41><STEAM_0:4:1021003268><CT>" attacked "[Turbo]<42><STEAM_0:4:895206916><TERRORIST>" with "ak47" (damage "136") (damage_armor "0") (health "-36") (armor "0")
L 04/04/2015 - 10:41:26: "dk<41><STEAM_0:4:1021003268><CT>" killed "[Turbo]<42><STEAM_0:4:895206916><TERRORIST>" with "ak47"
L 04/04/2015 - 10:41:26: Team "CT" triggered "CTs_Win" (CT "6") (T "4")
L 04/04/2015 - 10:41:26: World triggered "Round_End"
L 04/04/2015 - 10:41:36: World triggered "Round_Start"
L 04/04/2015 - 10:41:39: "[Turbo]<42><STEAM_0:4:895206916><TERRORIST>" attacked "Tvo9 Mamka<46><STEAM_0:4:516857939><CT>" with "ak47" (damage "25") (damage_armor "0") (health "75") (armor "0")
L 04/04/2015 - 10:41:45: "Tvo9 Mamka<46><STEAM_0:4:516857939><CT>" attacked "[Turbo]<42><STEAM_0:4:895206916><TERRORIST>" with "m4a1" (damage "22") (damage_armor "0") (health "22") (armor "0")
L 04/04/2015 - 10:41:45: "Tvo9 Mamka<46><STEAM_0:4:516857939><CT>" attacked "[Turbo]<42><STEAM_0:4:895206916><TERRORIST>" with "m4a1" (damage "30") (damage_armor "0") (health "-8") (armor "0")
L 04/04/2015 - 10:41:45: "Tvo9 Mamka<46><STEAM_0:4:516857939><CT>" killed "[Turbo]<42><STEAM_0:4:895206916><TERRORIST>" with "m4a1"
L 04/04/2015 - 10:41:45: Team "CT" triggered "CTs_Win" (CT "7") (T "4")
L 04/04/2015 - 10:41:45: World triggered "Round_End"
L 04/04/2015 - 10:41:48: "Pumbaa<44><STEAM_0:4:1265579003><SPECTATOR>" joined team "TERRORIST"
L 04/04/2015 - 10:41:55: World triggered "Round_Start"
L 04/04/2015 - 10:41:58: "[Turbo]<42><STEAM_0:4:895206916><TERRORIST>" attacked "Tvo9 Mamka<46><STEAM_0:4:516857939><CT>" with "m4a1" (damage "29") (damage_armor "0") (health "71") (armor "0")
L 04/04/2015 - 10:41:59: "dk<41><STEAM_0:4:1021003268><CT>" attacked "Pumbaa<44><STEAM_0:4:1265579003><TERRORIST>" with "ak47" (damage "42") (damage_armor "0") (health "58") (armor "0")
L 04/04/2015 - 10:42:00: "Pumbaa<44><STEAM_0:4:1265579003><TERRORIST>" attacked "dk<41><STEAM_0:4:1021003268><CT>" with "m4a1" (damage "21") (damage_armor "0") (health "79") (armor "0")
L 04/04/2015 - 10:42:00: "Tvo9 Mamka<46><STEAM_0:4:516857939><CT>" attacked "[Turbo]<42><STEAM_0:4:895206916><TERRORIST>" with "m4a1" (damage "30") (damage_armor "0") (health "11") (armor "0")
L 04/04/2015 - 10:42:00: "Tvo9 Mamka<46><STEAM_0:4:516857939><CT>" attacked "[Turbo]<42><STEAM_0:4:895206916><TERRORIST>" with "m4a1" (damage "30") (damage_armor "0") (health "-19") (armor "0")
L 04/04/2015 - 10:42:00: "Tvo9 Mamka<46><STEAM_0:4:516857939><CT>" killed "[Turbo]<42><STEAM_0:4:895206916><TERRORIST>" with "m4a1"
L 04/04/2015 - 10:42:01: "Pumbaa<44><STEAM_0:4:1265579003><TERRORIST>" attacked "dk<41><STEAM_0:4:1021003268><CT>" with "m4a1" (damage "28") (damage_armor "0") (health "51") (armor "0")
L 04/04/2015 - 10:42:01: "dk<41><STEAM_0:4:1021003268><CT>" attacked "Pumbaa<44><STEAM_0:4:1265579003><TERRORIST>" with "ak47" (damage "42") (damage_armor "0") (health "16") (armor "0")
L 04/04/2015 - 10:42:01: "dk<41><STEAM_0:4:1021003268><CT>" attacked "Pumbaa<44><STEAM_0:4:1265579003><TERRORIST>" with "ak47" (damage "34") (damage_armor "0") (health "-18") (armor "0")
L 04/04/2015 - 10:42:01: "dk<41><STEAM_0:4:1021003268><CT>" killed "Pumbaa<44><STEAM_0:4:1265579003><TERRORIST>" with "ak47"
L 04/04/2015 - 10:42:01: Team "CT" triggered "CTs_Win" (CT "8") (T "4")
L 04/04/2015 - 10:42:01: World triggered "Round_End"
L 04/04/2015 - 10:42:11: World triggered "Round_Start"
L 04/04/2015 - 10:42:14: "Pumbaa<44><STEAM_0:4:1265579003><TERRORIST>" attacked "Tvo9 Mamka<46><STEAM_0:4:516857939><CT>" with "mp5navy" (damage "20") (damage_armor "0") (health "80") (armor "0")
L 04/04/2015 - 10:42:15: "Pumbaa<44><STEAM_0:4:1265579003><TERRORIST>" attacked "Tvo9 Mamka<46><STEAM_0:4:516857939><CT>" with "mp5navy" (damage "80") (damage_armor "0") (health "0") (armor "0")
L 04/04/2015 - 10:42:15: "Pumbaa<44><STEAM_0:4:1265579003><TERRORIST>" killed "Tvo9 Mamka<46><STEAM_0:4:516857939><CT>" with "mp5navy"
L 04/04/2015 - 10:42:21: "Pumbaa<44><STEAM_0:4:1265579003><TERRORIST>" attacked "dk<41><STEAM_0:4:1021003268><CT>" with "mp5navy" (damage "24") (damage_armor "0") (health "9") (armor "0")
L 04/04/2015 - 10:42:21: "Pumbaa<44><STEAM_0:4:1265579003><TERRORIST>" attacked "dk<41><STEAM_0:4:1021003268><CT>" with "mp5navy" (damage "24") (damage_armor "0") (health "-15") (armor "0")
L 04/04/2015 - 10:42:21: "Pumbaa<44><STEAM_0:4:1265579003><TERRORIST>" killed "dk<41><STEAM_0:4:1021003268><CT>" with "mp5navy"
L 04/04/2015 - 10:42:21: Team "TERRORIST" triggered "Terrorists_Win" (CT "8") (T "5")
L 04/04/2015 - 10:42:21: World triggered "Round_End"
L 04/04/2015 - 10:42:31: World triggered "Round_Start"
L 04/04/2015 - 10:42:36: "Pumbaa<44><STEAM_0:4:1265579003><TERRORIST>" attacked "Tvo9 Mamka<46><STEAM_0:4:516857939><CT>" with "mp5navy" (damage "21") (damage_armor "0") (health "79") (armor "0")
L 04/04/2015 - 10:42:36: "Tvo9 Mamka<46><STEAM_0:4:516857939><CT>" attacked "Pumbaa<44><STEAM_0:4:1265579003><TERRORIST>" with "m4a1" (damage "31") (damage_armor "0") (health "69") (armor "0")
L 04/04/2015 - 10:42:36: "Pumbaa<44><STEAM_0:4:1265579003><TERRORIST>" attacked "Tvo9 Mamka<46><STEAM_0:4:516857939><CT>" with "mp5navy" (damage "22") (damage_armor "0") (health "57") (armor "0")
L 04/04/2015 - 10:42:36: "Tvo9 Mamka<46><STEAM_0:4:516857939><CT>" attacked "Pumbaa<44><STEAM_0:4:1265579003><TERRORIST>" with "m4a1" (damage "31") (damage_armor "0") (health "38") (armor "0")
L 04/04/2015 - 10:42:36: "Pumbaa<44><STEAM_0:4:1265579003><TERRORIST>" attacked "Tvo9 Mamka<46><STEAM_0:4:516857939><CT>" with "mp5navy" (damage "22") (damage_armor "0") (health "35") (armor "0")
L 04/04/2015 - 10:42:36: "Pumbaa<44><STEAM_0:4:1265579003><TERRORIST>" attacked "Tvo9 Mamka<46><STEAM_0:4:516857939><CT>" with "mp5navy" (damage "21") (damage_armor "0") (health "14") (armor "0")
L 04/04/2015 - 10:42:36: "Pumbaa<44><STEAM_0:4:1265579003><TERRORIST>" attacked "Tvo9 Mamka<46><STEAM_0:4:516857939><CT>" with "mp5navy" (damage "21") (damage_armor "0") (health "-7") (armor "0")
L 04/04/2015 - 10:42:36: "Pumbaa<44><STEAM_0:4:1265579003><TERRORIST>" killed "Tvo9 Mamka<46><STEAM_0:4:516857939><CT>" with "mp5navy"
L 04/04/2015 - 10:42:38: "Tvo9 Mamka<46><STEAM_0:4:516857939><CT>" triggered "weaponstats" (weapon "grenade") (shots "7") (hits "2") (kills "0") (headshots "0") (tks "0") (damage "102") (deaths "1")
L 04/04/2015 - 10:42:38: "Tvo9 Mamka<46><STEAM_0:4:516857939><CT>" triggered "weaponstats2" (weapon "grenade") (head "0") (chest "0") (stomach "0") (leftarm "0") (rightarm "0") (leftleg "0") (rightleg "0")
L 04/04/2015 - 10:42:38: "Tvo9 Mamka<46><STEAM_0:4:516857939><CT>" triggered "weaponstats" (weapon "usp") (shots "1") (hits "0") (kills "0") (headshots "0") (tks "0") (damage "0") (deaths "0")
L 04/04/2015 - 10:42:38: "Tvo9 Mamka<46><STEAM_0:4:516857939><CT>" triggered "weaponstats2" (weapon "usp") (head "0") (chest "0") (stomach "0") (leftarm "0") (rightarm "0") (leftleg "0") (rightleg "0")
L 04/04/2015 - 10:42:38: "Tvo9 Mamka<46><STEAM_0:4:516857939><CT>" triggered "weaponstats" (weapon "m4a1") (shots "21") (hits "6") (kills "2") (headshots "0") (tks "0") (damage "174") (deaths "1")
L 04/04/2015 - 10:42:38: "Tvo9 Mamka<46><STEAM_0:4:516857939><CT>" triggered "weaponstats2" (weapon "m4a1") (head "0") (chest "1") (stomach "0") (leftarm "4") (rightarm "0") (leftleg "0") (rightleg "1")
L 04/04/2015 - 10:42:38: "Tvo9 Mamka<46><STEAM_0:4:516857939><CT>" triggered "time" (time "1:40")
L 04/04/2015 - 10:42:38: "Tvo9 Mamka<46><STEAM_0:4:516857939><CT>" triggered "latency" (ping "71")
L 04/04/2015 - 10:42:38: "Tvo9 Mamka<46><STEAM_0:4:516857939><CT>" disconnected
L 04/04/2015 - 10:42:45: "Pumbaa<44><STEAM_0:4:1265579003><TERRORIST>" attacked "dk<41><STEAM_0:4:1021003268><CT>" with "mp5navy" (damage "26") (damage_armor "0") (health "74") (armor "0")
L 04/04/2015 - 10:42:45: "Pumbaa<44><STEAM_0:4:1265579003><TERRORIST>" attacked "dk<41><STEAM_0:4:1021003268><CT>" with "mp5navy" (damage "26") (damage_armor "0") (health "48") (armor "0")
L 04/04/2015 - 10:42:46: "Pumbaa<44><STEAM_0:4:1265579003><TERRORIST>" attacked "dk<41><STEAM_0:4:1021003268><CT>" with "mp5navy" (damage "21") (damage_armor "0") (health "27") (armor "0")
L 04/04/2015 - 10:42:46: "dk<41><STEAM_0:4:1021003268><CT>" attacked "Pumbaa<44><STEAM_0:4:1265579003><TERRORIST>" with "m4a1" (damage "22") (damage_armor "0") (health "16") (armor "0")
L 04/04/2015 - 10:42:46: "Pumbaa<44><STEAM_0:4:1265579003><TERRORIST>" attacked "dk<41><STEAM_0:4:1021003268><CT>" with "mp5navy" (damage "15") (damage_armor "0") (health "12") (armor "0")
L 04/04/2015 - 10:42:46: "Pumbaa<44><STEAM_0:4:1265579003><TERRORIST>" attacked "dk<41><STEAM_0:4:1021003268><CT>" with "mp5navy" (damage "15") (damage_armor "0") (health "-3") (armor "0")
L 04/04/2015 - 10:42:46: "Pumbaa<44><STEAM_0:4:1265579003><TERRORIST>" killed "dk<41><STEAM_0:4:1021003268><CT>" with "mp5navy"
L 04/04/2015 - 10:42:46: Team "TERRORIST" triggered "Terrorists_Win" (CT "8") (T "6")
L 04/04/2015 - 10:42:46: World triggered "Round_End"
L 04/04/2015 - 10:42:56: World triggered "Round_Start"
L 04/04/2015 - 10:43:06: "[Turbo]<42><STEAM_0:4:895206916><TERRORIST>" attacked "dk<41><STEAM_0:4:1021003268><CT>" with "m4a1" (damage "30") (damage_armor "0") (health "8") (armor "0")
L 04/04/2015 - 10:43:06: "dk<41><STEAM_0:4:1021003268><CT>" attacked "[Turbo]<42><STEAM_0:4:895206916><TERRORIST>" with "ak47" (damage "35") (damage_armor "0") (health "65") (armor "0")
L 04/04/2015 - 10:43:06: "[Turbo]<42><STEAM_0:4:895206916><TERRORIST>" attacked "dk<41><STEAM_0:4:1021003268><CT>" with "m4a1" (damage "37") (damage_armor "0") (health "-29") (armor "0")
L 04/04/2015 - 10:43:06: "[Turbo]<42><STEAM_0:4:895206916><TERRORIST>" killed "dk<41><STEAM_0:4:1021003268><CT>" with "m4a1"
L 04/04/2015 - 10:43:06: Team "TERRORIST" triggered "Terrorists_Win" (CT "8") (T "7")
L 04/04/2015 - 10:43:06: World triggered "Round_End"
L 04/04/2015 - 10:43:16: World triggered "Round_Start"
L 04/04/2015 - 10:43:20: "[Turbo]<42><STEAM_0:4:895206916><TERRORIST>" attacked "dk<41><STEAM_0:4:1021003268><CT>" with "m4a1" (damage "21") (damage_armor "0") (health "79") (armor "0")
L 04/04/2015 - 10:43:24: "Pumbaa<44><STEAM_0:4:1265579003><TERRORIST>" attacked "dk<41><STEAM_0:4:1021003268><CT>" with "mp5navy" (damage "17") (damage_armor "0") (health "62") (armor "0")
L 04/04/2015 - 10:43:24: "Pumbaa<44><STEAM_0:4:1265579003><TERRORIST>" attacked "dk<41><STEAM_0:4:1021003268><CT>" with "mp5navy" (damage "21") (damage_armor "0") (health "41") (armor "0")
L 04/04/2015 - 10:43:24: "Pumbaa<44><STEAM_0:4:1265579003><TERRORIST>" attacked "dk<41><STEAM_0:4:1021003268><CT>" with "mp5navy" (damage "21") (damage_armor "0") (health "20") (armor "0")
L 04/04/2015 - 10:43:24: "Pumbaa<44><STEAM_0:4:1265579003><TERRORIST>" attacked "dk<41><STEAM_0:4:1021003268><CT>" with "mp5navy" (damage "21") (damage_armor "0") (health "-1") (armor "0")
L 04/04/2015 - 10:43:24: "Pumbaa<44><STEAM_0:4:1265579003><TERRORIST>" killed "dk<41><STEAM_0:4:1021003268><CT>" with "mp5navy"
L 04/04/2015 - 10:43:24: Team "TERRORIST" triggered "Terrorists_Win" (CT "8") (T "8")
L 04/04/2015 - 10:43:24: World triggered "Round_End"
L 04/04/2015 - 10:43:34: World triggered "Round_Start"
L 04/04/2015 - 10:43:43: "Pumbaa<44><STEAM_0:4:1265579003><TERRORIST>" attacked "dk<41><STEAM_0:4:1021003268><CT>" with "mp5navy" (damage "18") (damage_armor "0") (health "59") (armor "0")
L 04/04/2015 - 10:43:43: "Pumbaa<44><STEAM_0:4:1265579003><TERRORIST>" attacked "dk<41><STEAM_0:4:1021003268><CT>" with "mp5navy" (damage "18") (damage_armor "0") (health "41") (armor "0")
L 04/04/2015 - 10:43:43: "Pumbaa<44><STEAM_0:4:1265579003><TERRORIST>" attacked "dk<41><STEAM_0:4:1021003268><CT>" with "mp5navy" (damage "13") (damage_armor "0") (health "28") (armor "0")
L 04/04/2015 - 10:43:43: "Pumbaa<44><STEAM_0:4:1265579003><TERRORIST>" attacked "dk<41><STEAM_0:4:1021003268><CT>" with "mp5navy" (damage "14") (damage_armor "0") (health "14") (armor "0")
L 04/04/2015 - 10:43:44: "Pumbaa<44><STEAM_0:4:1265579003><TERRORIST>" attacked "dk<41><STEAM_0:4:1021003268><CT>" with "mp5navy" (damage "20") (damage_armor "0") (health "-6") (armor "0")
L 04/04/2015 - 10:43:44: "Pumbaa<44><STEAM_0:4:1265579003><TERRORIST>" killed "dk<41><STEAM_0:4:1021003268><CT>" with "mp5navy"
L 04/04/2015 - 10:43:44: Team "TERRORIST" triggered "Terrorists_Win" (CT "8") (T "9")
L 04/04/2015 - 10:43:44: World triggered "Round_End"
L 04/04/2015 - 10:43:54: World triggered "Round_Start"
L 04/04/2015 - 10:43:56: "[Turbo]<42><STEAM_0:4:895206916><TERRORIST>" attacked "dk<41><STEAM_0:4:1021003268><CT>" with "m4a1" (damage "22") (damage_armor "0") (health "78") (armor "0")
L 04/04/2015 - 10:43:57: "[Turbo]<42><STEAM_0:4:895206916><TERRORIST>" attacked "dk<41><STEAM_0:4:1021003268><CT>" with "m4a1" (damage "22") (damage_armor "0") (health "56") (armor "0")
L 04/04/2015 - 10:43:57: "dk<41><STEAM_0:4:1021003268><CT>" attacked "[Turbo]<42><STEAM_0:4:895206916><TERRORIST>" with "ak47" (damage "35") (damage_armor "0") (health "65") (armor "0")
L 04/04/2015 - 10:43:57: "dk<41><STEAM_0:4:1021003268><CT>" attacked "[Turbo]<42><STEAM_0:4:895206916><TERRORIST>" with "ak47" (damage "35") (damage_armor "0") (health "30") (armor "0")
L 04/04/2015 - 10:43:57: "dk<41><STEAM_0:4:1021003268><CT>" attacked "[Turbo]<42><STEAM_0:4:895206916><TERRORIST>" with "ak47" (damage "43") (damage_armor "0") (health "-13") (armor "0")
L 04/04/2015 - 10:43:57: "dk<41><STEAM_0:4:1021003268><CT>" killed "[Turbo]<42><STEAM_0:4:895206916><TERRORIST>" with "ak47"
L 04/04/2015 - 10:44:02: "dk<41><STEAM_0:4:1021003268><CT>" attacked "Pumbaa<44><STEAM_0:4:1265579003><TERRORIST>" with "ak47" (damage "34") (damage_armor "0") (health "66") (armor "0")
L 04/04/2015 - 10:44:02: "Pumbaa<44><STEAM_0:4:1265579003><TERRORIST>" attacked "dk<41><STEAM_0:4:1021003268><CT>" with "mp5navy" (damage "19") (damage_armor "0") (health "36") (armor "0")
L 04/04/2015 - 10:44:02: "Pumbaa<44><STEAM_0:4:1265579003><TERRORIST>" attacked "dk<41><STEAM_0:4:1021003268><CT>" with "mp5navy" (damage "14") (damage_armor "0") (health "22") (armor "0")
L 04/04/2015 - 10:44:02: "Pumbaa<44><STEAM_0:4:1265579003><TERRORIST>" attacked "dk<41><STEAM_0:4:1021003268><CT>" with "mp5navy" (damage "15") (damage_armor "0") (health "7") (armor "0")
L 04/04/2015 - 10:44:02: "dk<41><STEAM_0:4:1021003268><CT>" attacked "Pumbaa<44><STEAM_0:4:1265579003><TERRORIST>" with "ak47" (damage "34") (damage_armor "0") (health "32") (armor "0")
L 04/04/2015 - 10:44:02: "Pumbaa<44><STEAM_0:4:1265579003><TERRORIST>" attacked "dk<41><STEAM_0:4:1021003268><CT>" with "mp5navy" (damage "14") (damage_armor "0") (health "-7") (armor "0")
L 04/04/2015 - 10:44:02: "Pumbaa<44><STEAM_0:4:1265579003><TERRORIST>" killed "dk<41><STEAM_0:4:1021003268><CT>" with "mp5navy"
L 04/04/2015 - 10:44:02: Team "TERRORIST" triggered "Terrorists_Win" (CT "8") (T "10")
L 04/04/2015 - 10:44:02: World triggered "Round_End"
L 04/04/2015 - 10:44:04: "[Turbo]<42><STEAM_0:4:895206916><TERRORIST>" triggered "weaponstats" (weapon "grenade") (shots "8") (hits "1") (kills "0") (headshots "0") (tks "0") (damage "1") (deaths "0")
L 04/04/2015 - 10:44:04: "[Turbo]<42><STEAM_0:4:895206916><TERRORIST>" triggered "weaponstats2" (weapon "grenade") (head "0") (chest "0") (stomach "0") (leftarm "0") (rightarm "0") (leftleg "0") (rightleg "0")
L 04/04/2015 - 10:44:04: "[Turbo]<42><STEAM_0:4:895206916><TERRORIST>" triggered "weaponstats" (weapon "glock18") (shots "4") (hits "0") (kills "0") (headshots "0") (tks "0") (damage "0") (deaths "0")
L 04/04/2015 - 10:44:04: "[Turbo]<42><STEAM_0:4:895206916><TERRORIST>" triggered "weaponstats2" (weapon "glock18") (head "0") (chest "0") (stomach "0") (leftarm "0") (rightarm "0") (leftleg "0") (rightleg "0")
L 04/04/2015 - 10:44:04: "[Turbo]<42><STEAM_0:4:895206916><TERRORIST>" triggered "weaponstats" (weapon "m4a1") (shots "45") (hits "9") (kills "2") (headshots "1") (tks "0") (damage "328") (deaths "5")
L 04/04/2015 - 10:44:04: "[Turbo]<42><STEAM_0:4:895206916><TERRORIST>" triggered "weaponstats2" (weapon "m4a1") (head "2") (chest "2") (stomach "2") (leftarm "0") (rightarm "0") (leftleg "2") (rightleg "1")
L 04/04/2015 - 10:44:04: "[Turbo]<42><STEAM_0:4:895206916><TERRORIST>" triggered "weaponstats" (weapon "ak47") (shots "48") (hits "2") (kills "0") (headshots "0") (tks "0") (damage "49") (deaths "4")
L 04/04/2015 - 10:44:04: "[Turbo]<42><STEAM_0:4:895206916><TERRORIST>" triggered "weaponstats2" (weapon "ak47") (head "0") (chest "0") (stomach "0") (leftarm "0") (rightarm "0") (leftleg "0") (rightleg "2")
L 04/04/2015 - 10:44:04: "[Turbo]<42><STEAM_0:4:895206916><TERRORIST>" triggered "time" (time "5:53")
L 04/04/2015 - 10:44:04: "[Turbo]<42><STEAM_0:4:895206916><TERRORIST>" triggered "latency" (ping "73")
L 04/04/2015 - 10:44:04: "dk<41><STEAM_0:4:1021003268><CT>" triggered "weaponstats" (weapon "grenade") (shots "4") (hits "2") (kills "0") (headshots "0") (tks "0") (damage "62") (deaths "0")
L 04/04/2015 - 10:44:04: "dk<41><STEAM_0:4:1021003268><CT>" triggered "weaponstats2" (weapon "grenade") (head "0") (chest "0") (stomach "0") (leftarm "0") (rightarm "0") (leftleg "0") (rightleg "0")
L 04/04/2015 - 10:44:04: "dk<41><STEAM_0:4:1021003268><CT>" triggered "weaponstats" (weapon "awp") (shots "1") (hits "0") (kills "0") (headshots "0") (tks "0") (damage "0") (deaths "2")
L 04/04/2015 - 10:44:04: "dk<41><STEAM_0:4:1021003268><CT>" triggered "weaponstats2" (weapon "awp") (head "0") (chest "0") (stomach "0") (leftarm "0") (rightarm "0") (leftleg "0") (rightleg "0")
L 04/04/2015 - 10:44:04: "dk<41><STEAM_0:4:1021003268><CT>" triggered "weaponstats" (weapon "m4a1") (shots "19") (hits "1") (kills "0") (headshots "0") (tks "0") (damage "22") (deaths "2")
L 04/04/2015 - 10:44:04: "dk<41><STEAM_0:4:1021003268><CT>" triggered "weaponstats2" (weapon "m4a1") (head "0") (chest "0") (stomach "0") (leftarm "0") (rightarm "0") (leftleg "0") (rightleg "1")
L 04/04/2015 - 10:44:04: "dk<41><STEAM_0:4:1021003268><CT>" triggered "weaponstats" (weapon "ak47") (shots "87") (hits "26") (kills "10") (headshots "6") (tks "0") (damage "1519") (deaths "6")
L 04/04/2015 - 10:44:04: "dk<41><STEAM_0:4:1021003268><CT>" triggered "weaponstats2" (weapon "ak47") (head "6") (chest "4") (stomach "4") (leftarm "10") (rightarm "1") (leftleg "1") (rightleg "0")
L 04/04/2015 - 10:44:04: "dk<41><STEAM_0:4:1021003268><CT>" triggered "weaponstats" (weapon "knife") (shots "3") (hits "0") (kills "0") (headshots "0") (tks "0") (damage "0") (deaths "0")
L 04/04/2015 - 10:44:04: "dk<41><STEAM_0:4:1021003268><CT>" triggered "weaponstats2" (weapon "knife") (head "0") (chest "0") (stomach "0") (leftarm "0") (rightarm "0") (leftleg "0") (rightleg "0")
L 04/04/2015 - 10:44:04: "dk<41><STEAM_0:4:1021003268><CT>" triggered "time" (time "5:53")
L 04/04/2015 - 10:44:04: "dk<41><STEAM_0:4:1021003268><CT>" triggered "latency" (ping "81")
L 04/04/2015 - 10:44:04: "Pumbaa<44><STEAM_0:4:1265579003><TERRORIST>" triggered "weaponstats" (weapon "grenade") (shots "16") (hits "5") (kills "0") (headshots "0") (tks "0") (damage "227") (deaths "0")
L 04/04/2015 - 10:44:04: "Pumbaa<44><STEAM_0:4:1265579003><TERRORIST>" triggered "weaponstats2" (weapon "grenade") (head "0") (chest "0") (stomach "0") (leftarm "0") (rightarm "0") (leftleg "0") (rightleg "0")
L 04/04/2015 - 10:44:04: "Pumbaa<44><STEAM_0:4:1265579003><TERRORIST>" triggered "weaponstats" (weapon "aug") (shots "3") (hits "0") (kills "0") (headshots "0") (tks "0") (damage "0") (deaths "0")
L 04/04/2015 - 10:44:04: "Pumbaa<44><STEAM_0:4:1265579003><TERRORIST>" triggered "weaponstats2" (weapon "aug") (head "0") (chest "0") (stomach "0") (leftarm "0") (rightarm "0") (leftleg "0") (rightleg "0")
L 04/04/2015 - 10:44:04: "Pumbaa<44><STEAM_0:4:1265579003><TERRORIST>" triggered "weaponstats" (weapon "glock18") (shots "1") (hits "0") (kills "0") (headshots "0") (tks "0") (damage "0") (deaths "0")
L 04/04/2015 - 10:44:04: "Pumbaa<44><STEAM_0:4:1265579003><TERRORIST>" triggered "weaponstats2" (weapon "glock18") (head "0") (chest "0") (stomach "0") (leftarm "0") (rightarm "0") (leftleg "0") (rightleg "0")
L 04/04/2015 - 10:44:04: "Pumbaa<44><STEAM_0:4:1265579003><TERRORIST>" triggered "weaponstats" (weapon "awp") (shots "3") (hits "1") (kills "0") (headshots "0") (tks "0") (damage "26") (deaths "0")
L 04/04/2015 - 10:44:04: "Pumbaa<44><STEAM_0:4:1265579003><TERRORIST>" triggered "weaponstats2" (weapon "awp") (head "0") (chest "0") (stomach "0") (leftarm "1") (rightarm "0") (leftleg "0") (rightleg "0")
L 04/04/2015 - 10:44:04: "Pumbaa<44><STEAM_0:4:1265579003><TERRORIST>" triggered "weaponstats" (weapon "mp5navy") (shots "96") (hits "27") (kills "7") (headshots "1") (tks "0") (damage "583") (deaths "0")
L 04/04/2015 - 10:44:04: "Pumbaa<44><STEAM_0:4:1265579003><TERRORIST>" triggered "weaponstats2" (weapon "mp5navy") (head "1") (chest "5") (stomach "5") (leftarm "7") (rightarm "2") (leftleg "3") (rightleg "4")
L 04/04/2015 - 10:44:04: "Pumbaa<44><STEAM_0:4:1265579003><TERRORIST>" triggered "weaponstats" (weapon "m4a1") (shots "61") (hits "12") (kills "2") (headshots "0") (tks "0") (damage "284") (deaths "2")
L 04/04/2015 - 10:44:04: "Pumbaa<44><STEAM_0:4:1265579003><TERRORIST>" triggered "weaponstats2" (weapon "m4a1") (head "0") (chest "0") (stomach "1") (leftarm "4") (rightarm "2") (leftleg "4") (rightleg "1")
L 04/04/2015 - 10:44:04: "Pumbaa<44><STEAM_0:4:1265579003><TERRORIST>" triggered "weaponstats" (weapon "ak47") (shots "13") (hits "4") (kills "1") (headshots "0") (tks "0") (damage "145") (deaths "1")
L 04/04/2015 - 10:44:04: "Pumbaa<44><STEAM_0:4:1265579003><TERRORIST>" triggered "weaponstats2" (weapon "ak47") (head "0") (chest "0") (stomach "1") (leftarm "2") (rightarm "1") (leftleg "0") (rightleg "0")
L 04/04/2015 - 10:44:04: "Pumbaa<44><STEAM_0:4:1265579003><TERRORIST>" triggered "time" (time "5:53")
L 04/04/2015 - 10:44:04: "Pumbaa<44><STEAM_0:4:1265579003><TERRORIST>" triggered "latency" (ping "66")
L 04/04/2015 - 10:44:04: [META] ini: Begin re-reading plugins list: /home/extazy/public/cstrike/addons/metamod/plugins.ini
L 04/04/2015 - 10:44:04: [META] ini: Read plugin config for: AMX Mod X
L 04/04/2015 - 10:44:04: [META] ini: Read plugin config for: dproto_EF
L 04/04/2015 - 10:44:04: [META] ini: Read plugin config for: VoiceTranscoder
L 04/04/2015 - 10:44:04: [META] ini: Finished reading plugins list: /home/extazy/public/cstrike/addons/metamod/plugins.ini; Found 3 plugins
L 04/04/2015 - 10:44:04: [META] dll: Updating plugins...
L 04/04/2015 - 10:44:04: [META] dll: Finished updating 12 plugins; kept 3, loaded 0, unloaded 0, reloaded 0, delayed 0
L 04/04/2015 - 10:44:04: "[Turbo]<42><STEAM_0:4:895206916><TERRORIST>" disconnected
L 04/04/2015 - 10:44:04: "dk<41><STEAM_0:4:1021003268><CT>" disconnected
L 04/04/2015 - 10:44:04: "Pumbaa<44><STEAM_0:4:1265579003><TERRORIST>" disconnected
L 04/04/2015 - 10:44:04: Log file closed
