L 04/01/2015 - 09:16:44: Log file started (file "logs/L0401010.log") (game "cstrike") (version "48/1.6.3.7/Stdio/5787")
L 04/01/2015 - 09:16:44: Server cvar "mp_logdetail" = "3"
L 04/01/2015 - 09:16:44: Server cvar "mp_timelimit" = "30"
L 04/01/2015 - 09:16:44: Server cvar "mp_c4timer" = "35"
L 04/01/2015 - 09:16:44: Server cvar "mp_flashlight" = "1"
L 04/01/2015 - 09:16:44: Server cvar "mp_freezetime" = "5"
L 04/01/2015 - 09:16:44: Server cvar "mp_hostagepenalty" = "0"
L 04/01/2015 - 09:16:44: Server cvar "mp_limitteams" = "5"
L 04/01/2015 - 09:16:44: Server cvar "mp_roundtime" = "2.57"
L 04/01/2015 - 09:16:44: Server cvar "mp_tkpunish" = "1"
L 04/01/2015 - 09:16:44: Server cvar "sv_restartround" = "1"
L 04/01/2015 - 09:16:44: Server cvar "sv_maxspeed" = "320"
L 04/01/2015 - 09:16:44: Server cvar "sv_proxies" = "0"
L 04/01/2015 - 09:16:44: Server cvar "allow_spectators" = "4"
L 04/01/2015 - 09:16:44: Server cvar "mp_chattime" = "0"
L 04/01/2015 - 09:16:44: Server cvar "decalfrequency" = "9"
L 04/01/2015 - 09:16:44: Server cvar "sv_aim" = "0"
L 04/01/2015 - 09:16:44: Server cvar "sv_minrate" = "100000"
L 04/01/2015 - 09:16:44: Server cvar "sv_maxrate" = "25000"
L 04/01/2015 - 09:16:44: Server cvar "sv_region" = "3"
L 04/01/2015 - 09:16:44: World triggered "Restart_Round_(1_second)"
L 04/01/2015 - 09:16:44: Team "CT" scored "0" with "0" players
L 04/01/2015 - 09:16:44: Team "TERRORIST" scored "0" with "0" players
L 04/01/2015 - 09:16:44: Server cvar "sv_restartround" = "0"
L 04/01/2015 - 09:16:50: World triggered "Round_Start"
L 04/01/2015 - 09:17:23: [DPROTO]: Client 0 - Set AuthIdType 1 [Native]; pClient = 0xb393cf08
L 04/01/2015 - 09:17:23: "Player<1><STEAM_0:1:113150434><>" connected, address "178.172.151.48:27005"
L 04/01/2015 - 09:17:23: [VTC] Player 1 silk
L 04/01/2015 - 09:17:24: "Player<1><STEAM_0:1:113150434><>" STEAM USERID validated
L 04/01/2015 - 09:18:05: [DPROTO]: Client 0 - Set AuthIdType 1 [Native]; pClient = 0xb393cf08
L 04/01/2015 - 09:18:05: "Player<2><STEAM_0:1:113150434><>" connected, address "178.172.151.48:27005"
L 04/01/2015 - 09:18:05: [VTC] Player 1 silk
L 04/01/2015 - 09:18:05: "Player<2><STEAM_0:1:113150434><>" STEAM USERID validated
L 04/01/2015 - 09:18:10: "Player<2><STEAM_0:1:113150434><>" entered the game
L 04/01/2015 - 09:18:16: "Player<2><STEAM_0:1:113150434><>" joined team "TERRORIST"
L 04/01/2015 - 09:18:17: "Player<2><STEAM_0:1:113150434><TERRORIST>" triggered "Spawned_With_The_Bomb"
L 04/01/2015 - 09:19:24: Team "CT" triggered "Target_Saved" (CT "1") (T "0")
L 04/01/2015 - 09:19:24: World triggered "Round_End"
L 04/01/2015 - 09:19:29: "Player<2><STEAM_0:1:113150434><TERRORIST>" triggered "Spawned_With_The_Bomb"
L 04/01/2015 - 09:19:34: World triggered "Round_Start"
L 04/01/2015 - 09:20:13: [DPROTO]: Client 1 - Set AuthIdType 3 [dp_RevEmu]; pClient = 0xb3941dfc
L 04/01/2015 - 09:20:13: "T.N.L.Le[k]s<3><STEAM_0:4:580799749><>" connected, address "178.120.96.236:19485"
L 04/01/2015 - 09:20:13: [VTC] Player 2 speex
L 04/01/2015 - 09:20:15: Kick: "T.N.L.Le[k]s<3><STEAM_0:4:580799749><>" was kicked by "Console" (message " Вы забанены на этом сервере. Подробности в консоли.")
L 04/01/2015 - 09:20:50: "Player<2><STEAM_0:1:113150434><TERRORIST>" triggered "weaponstats" (weapon "glock18") (shots "17") (hits "0") (kills "0") (headshots "0") (tks "0") (damage "0") (deaths "0")
L 04/01/2015 - 09:20:50: "Player<2><STEAM_0:1:113150434><TERRORIST>" triggered "weaponstats2" (weapon "glock18") (head "0") (chest "0") (stomach "0") (leftarm "0") (rightarm "0") (leftleg "0") (rightleg "0")
L 04/01/2015 - 09:20:50: "Player<2><STEAM_0:1:113150434><TERRORIST>" triggered "weaponstats" (weapon "knife") (shots "2") (hits "0") (kills "0") (headshots "0") (tks "0") (damage "0") (deaths "0")
L 04/01/2015 - 09:20:50: "Player<2><STEAM_0:1:113150434><TERRORIST>" triggered "weaponstats2" (weapon "knife") (head "0") (chest "0") (stomach "0") (leftarm "0") (rightarm "0") (leftleg "0") (rightleg "0")
L 04/01/2015 - 09:20:50: "Player<2><STEAM_0:1:113150434><TERRORIST>" triggered "time" (time "2:39")
L 04/01/2015 - 09:20:50: "Player<2><STEAM_0:1:113150434><TERRORIST>" triggered "latency" (ping "19")
L 04/01/2015 - 09:20:50: "Player<2><STEAM_0:1:113150434><TERRORIST>" triggered "Dropped_The_Bomb"
L 04/01/2015 - 09:20:50: "Player<2><STEAM_0:1:113150434><TERRORIST>" disconnected
L 04/01/2015 - 09:20:50: World triggered "Round_Draw" (CT "1") (T "0")
L 04/01/2015 - 09:20:50: World triggered "Round_End"
L 04/01/2015 - 09:21:00: World triggered "Round_Start"
L 04/01/2015 - 09:21:54: [META] ini: Begin re-reading plugins list: /home/extazy/public/cstrike/addons/metamod/plugins.ini
L 04/01/2015 - 09:21:54: [META] ini: Read plugin config for: AMX Mod X
L 04/01/2015 - 09:21:54: [META] ini: Read plugin config for: dproto_EF
L 04/01/2015 - 09:21:54: [META] ini: Read plugin config for: VoiceTranscoder
L 04/01/2015 - 09:21:54: [META] ini: Read plugin config for: WHBlocker
L 04/01/2015 - 09:21:54: [META] ini: Finished reading plugins list: /home/extazy/public/cstrike/addons/metamod/plugins.ini; Found 4 plugins
L 04/01/2015 - 09:21:54: [META] dll: Updating plugins...
L 04/01/2015 - 09:21:54: [META] dll: Finished updating 13 plugins; kept 4, loaded 0, unloaded 0, reloaded 0, delayed 0
L 04/01/2015 - 09:21:54: Log file closed
