L 04/03/2015 - 22:14:07: Log file started (file "logs/L0403035.log") (game "cstrike") (version "48/1.6.3.7/Stdio/5787")
L 04/03/2015 - 22:14:07: Loading map "35hp_2"
L 04/03/2015 - 22:14:07: Server cvars start
L 04/03/2015 - 22:14:07: Server cvar "_tutor_bomb_viewable_check_interval" = "0.5"
L 04/03/2015 - 22:14:07: Server cvar "_tutor_debug_level" = "0"
L 04/03/2015 - 22:14:07: Server cvar "_tutor_examine_time" = "0.5"
L 04/03/2015 - 22:14:07: Server cvar "_tutor_hint_interval_time" = "10.0"
L 04/03/2015 - 22:14:07: Server cvar "_tutor_look_angle" = "10"
L 04/03/2015 - 22:14:07: Server cvar "_tutor_look_distance" = "200"
L 04/03/2015 - 22:14:07: Server cvar "_tutor_message_character_display_time_coefficient" = "0.07"
L 04/03/2015 - 22:14:07: Server cvar "_tutor_message_minimum_display_time" = "1"
L 04/03/2015 - 22:14:07: Server cvar "_tutor_message_repeats" = "5"
L 04/03/2015 - 22:14:07: Server cvar "_tutor_view_distance" = "1000"
L 04/03/2015 - 22:14:07: Server cvar "aesp_version" = "1.5b_mini"
L 04/03/2015 - 22:14:07: Server cvar "allow_spectators" = "4"
L 04/03/2015 - 22:14:07: Server cvar "amx_client_languages" = "0"
L 04/03/2015 - 22:14:07: Server cvar "amx_contactinfo" = "ICQ: 691322983"
L 04/03/2015 - 22:14:07: Server cvar "amx_language" = "ru"
L 04/03/2015 - 22:14:07: Server cvar "amx_nextmap" = "35hp_2"
L 04/03/2015 - 22:14:07: Server cvar "amx_timeleft" = "00:00"
L 04/03/2015 - 22:14:07: Server cvar "amxbans_ssversion" = "Gm 1.6"
L 04/03/2015 - 22:14:07: Server cvar "amxbans_version" = "Gm 1.6"
L 04/03/2015 - 22:14:07: Server cvar "amxmodx_version" = "1.8.1.3746"
L 04/03/2015 - 22:14:07: Server cvar "Colored Translit Cheat" = "Loaded"
L 04/03/2015 - 22:14:07: Server cvar "Colored Translit Config" = "Loaded"
L 04/03/2015 - 22:14:07: Server cvar "Colored Translit Ignores" = "Loaded"
L 04/03/2015 - 22:14:07: Server cvar "Colored Translit Replace" = "Failed"
L 04/03/2015 - 22:14:08: Server cvar "Colored Translit Spam" = "Loaded"
L 04/03/2015 - 22:14:08: Server cvar "Colored Translit Status" = "Loaded"
L 04/03/2015 - 22:14:08: Server cvar "Colored Translit Swear" = "Loaded"
L 04/03/2015 - 22:14:08: Server cvar "Colored Translit Version" = "2.0b Final"
L 04/03/2015 - 22:14:08: Server cvar "coop" = "0"
L 04/03/2015 - 22:14:08: Server cvar "deathmatch" = "1"
L 04/03/2015 - 22:14:08: Server cvar "decalfrequency" = "9"
L 04/03/2015 - 22:14:08: Server cvar "dp_version" = "0.9.391"
L 04/03/2015 - 22:14:08: Server cvar "edgefriction" = "2"
L 04/03/2015 - 22:14:08: Server cvar "hostage_debug" = "0"
L 04/03/2015 - 22:14:08: Server cvar "hostage_stop" = "0"
L 04/03/2015 - 22:14:08: Server cvar "humans_join_team" = "any"
L 04/03/2015 - 22:14:08: Server cvar "jtp10181" = "chute,gore"
L 04/03/2015 - 22:14:08: Server cvar "max_queries_sec" = "3.0"
L 04/03/2015 - 22:14:08: Server cvar "max_queries_sec_global" = "30"
L 04/03/2015 - 22:14:08: Server cvar "max_queries_window" = "60"
L 04/03/2015 - 22:14:08: Server cvar "metamod_version" = "1.19"
L 04/03/2015 - 22:14:08: Server cvar "mp_allowmonsters" = "0"
L 04/03/2015 - 22:14:08: Server cvar "mp_autokick" = "1"
L 04/03/2015 - 22:14:08: Server cvar "mp_autoteambalance" = "1"
L 04/03/2015 - 22:14:08: Server cvar "mp_buytime" = "1.5"
L 04/03/2015 - 22:14:08: Server cvar "mp_c4timer" = "35"
L 04/03/2015 - 22:14:08: Server cvar "mp_chattime" = "1"
L 04/03/2015 - 22:14:08: Server cvar "mp_consistency" = "1"
L 04/03/2015 - 22:14:08: Server cvar "mp_fadetoblack" = "0"
L 04/03/2015 - 22:14:08: Server cvar "mp_flashlight" = "1"
L 04/03/2015 - 22:14:08: Server cvar "mp_footsteps" = "1"
L 04/03/2015 - 22:14:08: Server cvar "mp_forcecamera" = "0"
L 04/03/2015 - 22:14:08: Server cvar "mp_forcechasecam" = "0"
L 04/03/2015 - 22:14:08: Server cvar "mp_fragsleft" = "0"
L 04/03/2015 - 22:14:08: Server cvar "mp_freezetime" = "5"
L 04/03/2015 - 22:14:08: Server cvar "mp_friendlyfire" = "0"
L 04/03/2015 - 22:14:08: Server cvar "mp_ghostfrequency" = "0.1"
L 04/03/2015 - 22:14:08: Server cvar "mp_hostagepenalty" = "0"
L 04/03/2015 - 22:14:08: Server cvar "mp_kickpercent" = "0.66"
L 04/03/2015 - 22:14:08: Server cvar "mp_limitteams" = "5"
L 04/03/2015 - 22:14:08: Server cvar "mp_logdetail" = "3"
L 04/03/2015 - 22:14:08: Server cvar "mp_logfile" = "1"
L 04/03/2015 - 22:14:08: Server cvar "mp_logmessages" = "1"
L 04/03/2015 - 22:14:08: Server cvar "mp_mapvoteratio" = "0.66"
L 04/03/2015 - 22:14:08: Server cvar "mp_maxrounds" = "0"
L 04/03/2015 - 22:14:08: Server cvar "mp_mirrordamage" = "0"
L 04/03/2015 - 22:14:08: Server cvar "mp_playerid" = "0"
L 04/03/2015 - 22:14:08: Server cvar "mp_roundtime" = "2.57"
L 04/03/2015 - 22:14:08: Server cvar "mp_startmoney" = "800"
L 04/03/2015 - 22:14:08: Server cvar "mp_timeleft" = "0"
L 04/03/2015 - 22:14:08: Server cvar "mp_timelimit" = "30.000000"
L 04/03/2015 - 22:14:08: Server cvar "mp_tkpunish" = "1"
L 04/03/2015 - 22:14:08: Server cvar "mp_windifference" = "1"
L 04/03/2015 - 22:14:08: Server cvar "mp_winlimit" = "0"
L 04/03/2015 - 22:14:08: Server cvar "pausable" = "0"
L 04/03/2015 - 22:14:08: Server cvar "sv_accelerate" = "5"
L 04/03/2015 - 22:14:08: Server cvar "sv_aim" = "0"
L 04/03/2015 - 22:14:08: Server cvar "sv_airaccelerate" = "10"
L 04/03/2015 - 22:14:08: Server cvar "sv_airmove" = "1"
L 04/03/2015 - 22:14:08: Server cvar "sv_allowupload" = "1"
L 04/03/2015 - 22:14:08: Server cvar "sv_alltalk" = "0"
L 04/03/2015 - 22:14:08: Server cvar "sv_bounce" = "1"
L 04/03/2015 - 22:14:08: Server cvar "sv_cheats" = "0"
L 04/03/2015 - 22:14:08: Server cvar "sv_clienttrace" = "1"
L 04/03/2015 - 22:14:08: Server cvar "sv_clipmode" = "0"
L 04/03/2015 - 22:14:08: Server cvar "sv_contact" = ""
L 04/03/2015 - 22:14:08: Server cvar "sv_friction" = "4"
L 04/03/2015 - 22:14:08: Server cvar "sv_gravity" = "800"
L 04/03/2015 - 22:14:08: Server cvar "sv_logblocks" = "0"
L 04/03/2015 - 22:14:08: Server cvar "sv_maxrate" = "25000"
L 04/03/2015 - 22:14:08: Server cvar "sv_maxspeed" = "900"
L 04/03/2015 - 22:14:08: Server cvar "sv_minrate" = "100000"
L 04/03/2015 - 22:14:08: Server cvar "sv_password" = ""
L 04/03/2015 - 22:14:08: Server cvar "sv_proxies" = "0"
L 04/03/2015 - 22:14:08: Server cvar "sv_region" = "3"
L 04/03/2015 - 22:14:08: Server cvar "sv_restart" = "0"
L 04/03/2015 - 22:14:08: Server cvar "sv_restartround" = "0"
L 04/03/2015 - 22:14:08: Server cvar "sv_stepsize" = "18"
L 04/03/2015 - 22:14:08: Server cvar "sv_stopspeed" = "75"
L 04/03/2015 - 22:14:08: Server cvar "sv_uploadmax" = "0.5"
L 04/03/2015 - 22:14:08: Server cvar "sv_voiceenable" = "1"
L 04/03/2015 - 22:14:08: Server cvar "sv_wateraccelerate" = "10"
L 04/03/2015 - 22:14:08: Server cvar "sv_waterfriction" = "1"
L 04/03/2015 - 22:14:08: Server cvar "travo_statmarquee" = "v1.2"
L 04/03/2015 - 22:14:08: Server cvar "vtc_version" = "80"
L 04/03/2015 - 22:14:08: Server cvar "wallblocker_version" = "1.0"
L 04/03/2015 - 22:14:08: Server cvars end
L 04/03/2015 - 22:14:08: Server cvar "amx_nextmap" = "de_inferno_2x2"
L 04/03/2015 - 22:14:08: Server cvar "sv_restart" = "1"
L 04/03/2015 - 22:14:08: World triggered "Restart_Round_(1_second)"
L 04/03/2015 - 22:14:08: Team "CT" scored "0" with "0" players
L 04/03/2015 - 22:14:08: Team "TERRORIST" scored "0" with "0" players
L 04/03/2015 - 22:14:08: Server cvar "sv_restart" = "0"
L 04/03/2015 - 22:14:08: Started map "35hp_2" (CRC "-364611601")
L 04/03/2015 - 22:14:09: [VTC] Player 2 speex
L 04/03/2015 - 22:14:09: [VTC] Player 4 speex
L 04/03/2015 - 22:14:09: [VTC] Player 6 speex
L 04/03/2015 - 22:14:09: [VTC] Player 5 speex
L 04/03/2015 - 22:14:09: [VTC] Player 3 speex
L 04/03/2015 - 22:14:09: [VTC] Player 8 speex
L 04/03/2015 - 22:14:12: "[BLR]Marjina Gorka<520><STEAM_0:4:198889349><>" entered the game
L 04/03/2015 - 22:14:13: "[Hard_Skill]_4IKIST<509><STEAM_0:4:1280255237><>" entered the game
L 04/03/2015 - 22:14:13: "KATEPuHKA^^<519><STEAM_0:4:961124740><>" entered the game
L 04/03/2015 - 22:14:13: [DPROTO]: Client 1 - Set AuthIdType 3 [dp_RevEmu]; pClient = 0xb3929dfc
L 04/03/2015 - 22:14:13: "KYKY EPT<521><STEAM_0:4:526142466><>" connected, address "188.122.228.151:27005"
L 04/03/2015 - 22:14:13: [VTC] Player 2 speex
L 04/03/2015 - 22:14:13: World triggered "Round_Start"
L 04/03/2015 - 22:14:14: "[Hard_Skill]_Mi{x}eR<512><STEAM_0:4:1908906958><>" entered the game
L 04/03/2015 - 22:14:14: "[BLR]Marjina Gorka<520><STEAM_0:4:198889349><>" joined team "TERRORIST"
L 04/03/2015 - 22:14:16: "[Hard_Skill]_4IKIST<509><STEAM_0:4:1280255237><>" joined team "TERRORIST"
L 04/03/2015 - 22:14:17: "KATEPuHKA^^<519><STEAM_0:4:961124740><>" joined team "SPECTATOR"
L 04/03/2015 - 22:14:17: "KYKY EPT<521><STEAM_0:4:526142466><>" entered the game
L 04/03/2015 - 22:14:19: "[Hard_Skill]_Mi{x}eR<512><STEAM_0:4:1908906958><>" joined team "CT"
L 04/03/2015 - 22:14:19: World triggered "Game_Commencing"
L 04/03/2015 - 22:14:19: World triggered "Game_Commencing" (CT "0") (T "0")
L 04/03/2015 - 22:14:19: World triggered "Round_End"
L 04/03/2015 - 22:14:20: [DPROTO]: Client 2 - Set AuthIdType 3 [dp_RevEmu]; pClient = 0xb392ecf0
L 04/03/2015 - 22:14:20: "Vladimir Putin<522><STEAM_0:4:327286387><>" connected, address "95.30.95.142:27005"
L 04/03/2015 - 22:14:20: [VTC] Player 3 speex
L 04/03/2015 - 22:14:22: "KYKY EPT<521><STEAM_0:4:526142466><>" joined team "CT"
L 04/03/2015 - 22:14:27: World triggered "Round_Start"
L 04/03/2015 - 22:14:31: "Vladimir Putin<522><STEAM_0:4:327286387><>" entered the game
L 04/03/2015 - 22:14:36: "[BLR]Marjina Gorka<520><STEAM_0:4:198889349><TERRORIST>" attacked "KYKY EPT<521><STEAM_0:4:526142466><CT>" with "knife" (damage "65") (damage_armor "0") (health "-30") (armor "0")
L 04/03/2015 - 22:14:36: "[BLR]Marjina Gorka<520><STEAM_0:4:198889349><TERRORIST>" killed "KYKY EPT<521><STEAM_0:4:526142466><CT>" with "knife"
L 04/03/2015 - 22:14:36: "Vladimir Putin<522><STEAM_0:4:327286387><>" joined team "CT"
L 04/03/2015 - 22:14:46: "[Hard_Skill]_4IKIST<509><STEAM_0:4:1280255237><TERRORIST>" attacked "Vladimir Putin<522><STEAM_0:4:327286387><CT>" with "knife" (damage "260") (damage_armor "0") (health "-225") (armor "0")
L 04/03/2015 - 22:14:46: "[Hard_Skill]_4IKIST<509><STEAM_0:4:1280255237><TERRORIST>" killed "Vladimir Putin<522><STEAM_0:4:327286387><CT>" with "knife"
L 04/03/2015 - 22:14:53: "[Hard_Skill]_4IKIST<509><STEAM_0:4:1280255237><TERRORIST>" attacked "[Hard_Skill]_Mi{x}eR<512><STEAM_0:4:1908906958><CT>" with "knife" (damage "65") (damage_armor "0") (health "-30") (armor "0")
L 04/03/2015 - 22:14:53: "[Hard_Skill]_4IKIST<509><STEAM_0:4:1280255237><TERRORIST>" killed "[Hard_Skill]_Mi{x}eR<512><STEAM_0:4:1908906958><CT>" with "knife"
L 04/03/2015 - 22:14:53: Team "TERRORIST" triggered "Terrorists_Win" (CT "0") (T "1")
L 04/03/2015 - 22:14:53: World triggered "Round_End"
L 04/03/2015 - 22:15:03: World triggered "Round_Start"
L 04/03/2015 - 22:15:04: "Vladimir Putin<522><STEAM_0:4:327286387><CT>" changed name to "Major"
L 04/03/2015 - 22:15:15: "[Hard_Skill]_4IKIST<509><STEAM_0:4:1280255237><TERRORIST>" attacked "[Hard_Skill]_Mi{x}eR<512><STEAM_0:4:1908906958><CT>" with "knife" (damage "65") (damage_armor "0") (health "-30") (armor "0")
L 04/03/2015 - 22:15:15: "[Hard_Skill]_4IKIST<509><STEAM_0:4:1280255237><TERRORIST>" killed "[Hard_Skill]_Mi{x}eR<512><STEAM_0:4:1908906958><CT>" with "knife"
L 04/03/2015 - 22:15:17: "[Hard_Skill]_4IKIST<509><STEAM_0:4:1280255237><TERRORIST>" attacked "KYKY EPT<521><STEAM_0:4:526142466><CT>" with "knife" (damage "65") (damage_armor "0") (health "-30") (armor "0")
L 04/03/2015 - 22:15:17: "[Hard_Skill]_4IKIST<509><STEAM_0:4:1280255237><TERRORIST>" killed "KYKY EPT<521><STEAM_0:4:526142466><CT>" with "knife"
L 04/03/2015 - 22:15:27: "[Hard_Skill]_4IKIST<509><STEAM_0:4:1280255237><TERRORIST>" attacked "Major<522><STEAM_0:4:327286387><CT>" with "knife" (damage "65") (damage_armor "0") (health "-30") (armor "0")
L 04/03/2015 - 22:15:27: "[Hard_Skill]_4IKIST<509><STEAM_0:4:1280255237><TERRORIST>" killed "Major<522><STEAM_0:4:327286387><CT>" with "knife"
L 04/03/2015 - 22:15:27: Team "TERRORIST" triggered "Terrorists_Win" (CT "0") (T "2")
L 04/03/2015 - 22:15:27: World triggered "Round_End"
L 04/03/2015 - 22:15:37: World triggered "Round_Start"
L 04/03/2015 - 22:15:41: "[Hard_Skill]_4IKIST<509><STEAM_0:4:1280255237><TERRORIST>" attacked "Major<522><STEAM_0:4:327286387><CT>" with "knife" (damage "65") (damage_armor "0") (health "-30") (armor "0")
L 04/03/2015 - 22:15:41: "[Hard_Skill]_4IKIST<509><STEAM_0:4:1280255237><TERRORIST>" killed "Major<522><STEAM_0:4:327286387><CT>" with "knife"
L 04/03/2015 - 22:15:43: "[Hard_Skill]_4IKIST<509><STEAM_0:4:1280255237><TERRORIST>" attacked "KYKY EPT<521><STEAM_0:4:526142466><CT>" with "knife" (damage "65") (damage_armor "0") (health "-30") (armor "0")
L 04/03/2015 - 22:15:43: "[Hard_Skill]_4IKIST<509><STEAM_0:4:1280255237><TERRORIST>" killed "KYKY EPT<521><STEAM_0:4:526142466><CT>" with "knife"
L 04/03/2015 - 22:15:46: "[Hard_Skill]_4IKIST<509><STEAM_0:4:1280255237><TERRORIST>" attacked "[Hard_Skill]_Mi{x}eR<512><STEAM_0:4:1908906958><CT>" with "knife" (damage "65") (damage_armor "0") (health "-30") (armor "0")
L 04/03/2015 - 22:15:46: "[Hard_Skill]_4IKIST<509><STEAM_0:4:1280255237><TERRORIST>" killed "[Hard_Skill]_Mi{x}eR<512><STEAM_0:4:1908906958><CT>" with "knife"
L 04/03/2015 - 22:15:46: Team "TERRORIST" triggered "Terrorists_Win" (CT "0") (T "3")
L 04/03/2015 - 22:15:46: World triggered "Round_End"
L 04/03/2015 - 22:15:56: World triggered "Round_Start"
L 04/03/2015 - 22:16:02: "[Hard_Skill]_4IKIST<509><STEAM_0:4:1280255237><TERRORIST>" attacked "KYKY EPT<521><STEAM_0:4:526142466><CT>" with "knife" (damage "65") (damage_armor "0") (health "-30") (armor "0")
L 04/03/2015 - 22:16:02: "[Hard_Skill]_4IKIST<509><STEAM_0:4:1280255237><TERRORIST>" killed "KYKY EPT<521><STEAM_0:4:526142466><CT>" with "knife"
L 04/03/2015 - 22:16:05: "[Hard_Skill]_Mi{x}eR<512><STEAM_0:4:1908906958><CT>" attacked "[Hard_Skill]_4IKIST<509><STEAM_0:4:1280255237><TERRORIST>" with "knife" (damage "65") (damage_armor "0") (health "-30") (armor "0")
L 04/03/2015 - 22:16:05: "[Hard_Skill]_Mi{x}eR<512><STEAM_0:4:1908906958><CT>" killed "[Hard_Skill]_4IKIST<509><STEAM_0:4:1280255237><TERRORIST>" with "knife"
L 04/03/2015 - 22:16:07: "[Hard_Skill]_Mi{x}eR<512><STEAM_0:4:1908906958><CT>" attacked "[BLR]Marjina Gorka<520><STEAM_0:4:198889349><TERRORIST>" with "knife" (damage "65") (damage_armor "0") (health "-30") (armor "0")
L 04/03/2015 - 22:16:07: "[Hard_Skill]_Mi{x}eR<512><STEAM_0:4:1908906958><CT>" killed "[BLR]Marjina Gorka<520><STEAM_0:4:198889349><TERRORIST>" with "knife"
L 04/03/2015 - 22:16:07: Team "CT" triggered "CTs_Win" (CT "1") (T "3")
L 04/03/2015 - 22:16:07: World triggered "Round_End"
L 04/03/2015 - 22:16:17: World triggered "Round_Start"
L 04/03/2015 - 22:16:25: "[BLR]Marjina Gorka<520><STEAM_0:4:198889349><TERRORIST>" attacked "Major<522><STEAM_0:4:327286387><CT>" with "knife" (damage "65") (damage_armor "0") (health "-30") (armor "0")
L 04/03/2015 - 22:16:25: "[BLR]Marjina Gorka<520><STEAM_0:4:198889349><TERRORIST>" killed "Major<522><STEAM_0:4:327286387><CT>" with "knife"
L 04/03/2015 - 22:16:28: "KYKY EPT<521><STEAM_0:4:526142466><CT>" attacked "[BLR]Marjina Gorka<520><STEAM_0:4:198889349><TERRORIST>" with "knife" (damage "15") (damage_armor "0") (health "20") (armor "0")
L 04/03/2015 - 22:16:28: "[BLR]Marjina Gorka<520><STEAM_0:4:198889349><TERRORIST>" attacked "KYKY EPT<521><STEAM_0:4:526142466><CT>" with "knife" (damage "65") (damage_armor "0") (health "-30") (armor "0")
L 04/03/2015 - 22:16:28: "[BLR]Marjina Gorka<520><STEAM_0:4:198889349><TERRORIST>" killed "KYKY EPT<521><STEAM_0:4:526142466><CT>" with "knife"
L 04/03/2015 - 22:16:29: "[Hard_Skill]_Mi{x}eR<512><STEAM_0:4:1908906958><CT>" attacked "[BLR]Marjina Gorka<520><STEAM_0:4:198889349><TERRORIST>" with "knife" (damage "65") (damage_armor "0") (health "-45") (armor "0")
L 04/03/2015 - 22:16:29: "[Hard_Skill]_Mi{x}eR<512><STEAM_0:4:1908906958><CT>" killed "[BLR]Marjina Gorka<520><STEAM_0:4:198889349><TERRORIST>" with "knife"
L 04/03/2015 - 22:16:32: "[Hard_Skill]_Mi{x}eR<512><STEAM_0:4:1908906958><CT>" attacked "[Hard_Skill]_4IKIST<509><STEAM_0:4:1280255237><TERRORIST>" with "knife" (damage "65") (damage_armor "0") (health "-30") (armor "0")
L 04/03/2015 - 22:16:32: "[Hard_Skill]_Mi{x}eR<512><STEAM_0:4:1908906958><CT>" killed "[Hard_Skill]_4IKIST<509><STEAM_0:4:1280255237><TERRORIST>" with "knife"
L 04/03/2015 - 22:16:32: Team "CT" triggered "CTs_Win" (CT "2") (T "3")
L 04/03/2015 - 22:16:32: World triggered "Round_End"
L 04/03/2015 - 22:16:34: [DPROTO]: Client 0 - Set AuthIdType 1 [Native]; pClient = 0xb3924f08
L 04/03/2015 - 22:16:34: "PUK99<523><STEAM_0:1:12906208><>" connected, address "79.126.42.32:27005"
L 04/03/2015 - 22:16:34: [VTC] Player 1 silk
L 04/03/2015 - 22:16:35: "PUK99<523><STEAM_0:1:12906208><>" STEAM USERID validated
L 04/03/2015 - 22:16:38: "PUK99<523><STEAM_0:1:12906208><>" entered the game
L 04/03/2015 - 22:16:42: World triggered "Round_Start"
L 04/03/2015 - 22:16:45: "PUK99<523><STEAM_0:1:12906208><>" joined team "TERRORIST"
L 04/03/2015 - 22:16:48: "[Hard_Skill]_Mi{x}eR<512><STEAM_0:4:1908906958><CT>" attacked "[Hard_Skill]_4IKIST<509><STEAM_0:4:1280255237><TERRORIST>" with "knife" (damage "65") (damage_armor "0") (health "-30") (armor "0")
L 04/03/2015 - 22:16:48: "[Hard_Skill]_Mi{x}eR<512><STEAM_0:4:1908906958><CT>" killed "[Hard_Skill]_4IKIST<509><STEAM_0:4:1280255237><TERRORIST>" with "knife"
L 04/03/2015 - 22:16:50: "[Hard_Skill]_4IKIST<509><STEAM_0:4:1280255237><TERRORIST>" joined team "TERRORIST"
L 04/03/2015 - 22:16:52: "[Hard_Skill]_Mi{x}eR<512><STEAM_0:4:1908906958><CT>" attacked "[BLR]Marjina Gorka<520><STEAM_0:4:198889349><TERRORIST>" with "knife" (damage "260") (damage_armor "0") (health "-225") (armor "0")
L 04/03/2015 - 22:16:52: "[Hard_Skill]_Mi{x}eR<512><STEAM_0:4:1908906958><CT>" killed "[BLR]Marjina Gorka<520><STEAM_0:4:198889349><TERRORIST>" with "knife"
L 04/03/2015 - 22:16:53: "[Hard_Skill]_Mi{x}eR<512><STEAM_0:4:1908906958><CT>" attacked "PUK99<523><STEAM_0:1:12906208><TERRORIST>" with "knife" (damage "260") (damage_armor "0") (health "-225") (armor "0")
L 04/03/2015 - 22:16:53: "[Hard_Skill]_Mi{x}eR<512><STEAM_0:4:1908906958><CT>" killed "PUK99<523><STEAM_0:1:12906208><TERRORIST>" with "knife"
L 04/03/2015 - 22:16:53: Team "CT" triggered "CTs_Win" (CT "3") (T "3")
L 04/03/2015 - 22:16:53: World triggered "Round_End"
L 04/03/2015 - 22:17:03: World triggered "Round_Start"
L 04/03/2015 - 22:17:09: "KYKY EPT<521><STEAM_0:4:526142466><CT>" attacked "[BLR]Marjina Gorka<520><STEAM_0:4:198889349><TERRORIST>" with "knife" (damage "15") (damage_armor "0") (health "20") (armor "0")
L 04/03/2015 - 22:17:09: "[BLR]Marjina Gorka<520><STEAM_0:4:198889349><TERRORIST>" attacked "KYKY EPT<521><STEAM_0:4:526142466><CT>" with "knife" (damage "65") (damage_armor "0") (health "-30") (armor "0")
L 04/03/2015 - 22:17:09: "[BLR]Marjina Gorka<520><STEAM_0:4:198889349><TERRORIST>" killed "KYKY EPT<521><STEAM_0:4:526142466><CT>" with "knife"
L 04/03/2015 - 22:17:10: "[BLR]Marjina Gorka<520><STEAM_0:4:198889349><TERRORIST>" attacked "[Hard_Skill]_Mi{x}eR<512><STEAM_0:4:1908906958><CT>" with "knife" (damage "65") (damage_armor "0") (health "-30") (armor "0")
L 04/03/2015 - 22:17:10: "[BLR]Marjina Gorka<520><STEAM_0:4:198889349><TERRORIST>" killed "[Hard_Skill]_Mi{x}eR<512><STEAM_0:4:1908906958><CT>" with "knife"
L 04/03/2015 - 22:17:22: "[BLR]Marjina Gorka<520><STEAM_0:4:198889349><TERRORIST>" attacked "Major<522><STEAM_0:4:327286387><CT>" with "knife" (damage "48") (damage_armor "0") (health "-13") (armor "0")
L 04/03/2015 - 22:17:22: "[BLR]Marjina Gorka<520><STEAM_0:4:198889349><TERRORIST>" killed "Major<522><STEAM_0:4:327286387><CT>" with "knife"
L 04/03/2015 - 22:17:22: Team "TERRORIST" triggered "Terrorists_Win" (CT "3") (T "4")
L 04/03/2015 - 22:17:22: World triggered "Round_End"
L 04/03/2015 - 22:17:32: World triggered "Round_Start"
L 04/03/2015 - 22:17:40: "Major<522><STEAM_0:4:327286387><CT>" committed suicide with "worldspawn" (world)
L 04/03/2015 - 22:17:42: "PUK99<523><STEAM_0:1:12906208><TERRORIST>" attacked "[Hard_Skill]_Mi{x}eR<512><STEAM_0:4:1908906958><CT>" with "knife" (damage "65") (damage_armor "0") (health "-30") (armor "0")
L 04/03/2015 - 22:17:42: "PUK99<523><STEAM_0:1:12906208><TERRORIST>" killed "[Hard_Skill]_Mi{x}eR<512><STEAM_0:4:1908906958><CT>" with "knife"
L 04/03/2015 - 22:17:49: "PUK99<523><STEAM_0:1:12906208><TERRORIST>" committed suicide with "worldspawn" (world)
L 04/03/2015 - 22:17:50: "[BLR]Marjina Gorka<520><STEAM_0:4:198889349><TERRORIST>" attacked "KYKY EPT<521><STEAM_0:4:526142466><CT>" with "knife" (damage "65") (damage_armor "0") (health "-58") (armor "0")
L 04/03/2015 - 22:17:50: "[BLR]Marjina Gorka<520><STEAM_0:4:198889349><TERRORIST>" killed "KYKY EPT<521><STEAM_0:4:526142466><CT>" with "knife"
L 04/03/2015 - 22:17:50: Team "TERRORIST" triggered "Terrorists_Win" (CT "3") (T "5")
L 04/03/2015 - 22:17:50: World triggered "Round_End"
L 04/03/2015 - 22:18:00: World triggered "Round_Start"
L 04/03/2015 - 22:18:05: "PUK99<523><STEAM_0:1:12906208><TERRORIST>" attacked "Major<522><STEAM_0:4:327286387><CT>" with "knife" (damage "15") (damage_armor "0") (health "20") (armor "0")
L 04/03/2015 - 22:18:05: "KYKY EPT<521><STEAM_0:4:526142466><CT>" committed suicide with "worldspawn" (world)
L 04/03/2015 - 22:18:06: "PUK99<523><STEAM_0:1:12906208><TERRORIST>" attacked "Major<522><STEAM_0:4:327286387><CT>" with "knife" (damage "65") (damage_armor "0") (health "-45") (armor "0")
L 04/03/2015 - 22:18:06: "PUK99<523><STEAM_0:1:12906208><TERRORIST>" killed "Major<522><STEAM_0:4:327286387><CT>" with "knife"
L 04/03/2015 - 22:18:10: "[Hard_Skill]_Mi{x}eR<512><STEAM_0:4:1908906958><CT>" attacked "PUK99<523><STEAM_0:1:12906208><TERRORIST>" with "knife" (damage "65") (damage_armor "0") (health "-30") (armor "0")
L 04/03/2015 - 22:18:10: "[Hard_Skill]_Mi{x}eR<512><STEAM_0:4:1908906958><CT>" killed "PUK99<523><STEAM_0:1:12906208><TERRORIST>" with "knife"
L 04/03/2015 - 22:18:21: "PUK99<523><STEAM_0:1:12906208><TERRORIST>" triggered "weaponstats" (weapon "knife") (shots "15") (hits "3") (kills "2") (headshots "0") (tks "0") (damage "145") (deaths "2")
L 04/03/2015 - 22:18:21: "PUK99<523><STEAM_0:1:12906208><TERRORIST>" triggered "weaponstats2" (weapon "knife") (head "0") (chest "0") (stomach "0") (leftarm "0") (rightarm "0") (leftleg "0") (rightleg "0")
L 04/03/2015 - 22:18:21: "PUK99<523><STEAM_0:1:12906208><TERRORIST>" triggered "time" (time "1:42")
L 04/03/2015 - 22:18:21: "PUK99<523><STEAM_0:1:12906208><TERRORIST>" triggered "latency" (ping "49")
L 04/03/2015 - 22:18:21: "PUK99<523><STEAM_0:1:12906208><TERRORIST>" disconnected
L 04/03/2015 - 22:18:23: "[Hard_Skill]_Mi{x}eR<512><STEAM_0:4:1908906958><CT>" attacked "[BLR]Marjina Gorka<520><STEAM_0:4:198889349><TERRORIST>" with "knife" (damage "65") (damage_armor "0") (health "-30") (armor "0")
L 04/03/2015 - 22:18:23: "[Hard_Skill]_Mi{x}eR<512><STEAM_0:4:1908906958><CT>" killed "[BLR]Marjina Gorka<520><STEAM_0:4:198889349><TERRORIST>" with "knife"
L 04/03/2015 - 22:18:23: Team "CT" triggered "CTs_Win" (CT "4") (T "5")
L 04/03/2015 - 22:18:23: World triggered "Round_End"
L 04/03/2015 - 22:18:33: World triggered "Round_Start"
L 04/03/2015 - 22:18:42: "KYKY EPT<521><STEAM_0:4:526142466><CT>" attacked "[BLR]Marjina Gorka<520><STEAM_0:4:198889349><TERRORIST>" with "knife" (damage "15") (damage_armor "0") (health "20") (armor "0")
L 04/03/2015 - 22:18:42: "[BLR]Marjina Gorka<520><STEAM_0:4:198889349><TERRORIST>" attacked "KYKY EPT<521><STEAM_0:4:526142466><CT>" with "knife" (damage "65") (damage_armor "0") (health "-30") (armor "0")
L 04/03/2015 - 22:18:42: "[BLR]Marjina Gorka<520><STEAM_0:4:198889349><TERRORIST>" killed "KYKY EPT<521><STEAM_0:4:526142466><CT>" with "knife"
L 04/03/2015 - 22:18:49: "[BLR]Marjina Gorka<520><STEAM_0:4:198889349><TERRORIST>" attacked "[Hard_Skill]_Mi{x}eR<512><STEAM_0:4:1908906958><CT>" with "knife" (damage "65") (damage_armor "0") (health "-30") (armor "0")
L 04/03/2015 - 22:18:49: "[BLR]Marjina Gorka<520><STEAM_0:4:198889349><TERRORIST>" killed "[Hard_Skill]_Mi{x}eR<512><STEAM_0:4:1908906958><CT>" with "knife"
L 04/03/2015 - 22:19:12: "Major<522><STEAM_0:4:327286387><CT>" attacked "[BLR]Marjina Gorka<520><STEAM_0:4:198889349><TERRORIST>" with "knife" (damage "65") (damage_armor "0") (health "-45") (armor "0")
L 04/03/2015 - 22:19:12: "Major<522><STEAM_0:4:327286387><CT>" killed "[BLR]Marjina Gorka<520><STEAM_0:4:198889349><TERRORIST>" with "knife"
L 04/03/2015 - 22:19:12: Team "CT" triggered "CTs_Win" (CT "5") (T "5")
L 04/03/2015 - 22:19:12: World triggered "Round_End"
L 04/03/2015 - 22:19:22: World triggered "Round_Start"
L 04/03/2015 - 22:19:23: "KATEPuHKA^^<519><STEAM_0:4:961124740><SPECTATOR>" triggered "time" (time "5:09")
L 04/03/2015 - 22:19:23: "KATEPuHKA^^<519><STEAM_0:4:961124740><SPECTATOR>" triggered "latency" (ping "98")
L 04/03/2015 - 22:19:23: "KATEPuHKA^^<519><STEAM_0:4:961124740><SPECTATOR>" disconnected
L 04/03/2015 - 22:19:42: "[BLR]Marjina Gorka<520><STEAM_0:4:198889349><TERRORIST>" attacked "Major<522><STEAM_0:4:327286387><CT>" with "knife" (damage "65") (damage_armor "0") (health "-30") (armor "0")
L 04/03/2015 - 22:19:42: "[BLR]Marjina Gorka<520><STEAM_0:4:198889349><TERRORIST>" killed "Major<522><STEAM_0:4:327286387><CT>" with "knife"
L 04/03/2015 - 22:19:44: "KYKY EPT<521><STEAM_0:4:526142466><CT>" attacked "[BLR]Marjina Gorka<520><STEAM_0:4:198889349><TERRORIST>" with "knife" (damage "15") (damage_armor "0") (health "20") (armor "0")
L 04/03/2015 - 22:19:44: "[BLR]Marjina Gorka<520><STEAM_0:4:198889349><TERRORIST>" attacked "KYKY EPT<521><STEAM_0:4:526142466><CT>" with "knife" (damage "65") (damage_armor "0") (health "-30") (armor "0")
L 04/03/2015 - 22:19:44: "[BLR]Marjina Gorka<520><STEAM_0:4:198889349><TERRORIST>" killed "KYKY EPT<521><STEAM_0:4:526142466><CT>" with "knife"
L 04/03/2015 - 22:19:49: "Major<522><STEAM_0:4:327286387><CT>" say "cerf" (dead)
L 04/03/2015 - 22:20:00: "[Hard_Skill]_Mi{x}eR<512><STEAM_0:4:1908906958><CT>" attacked "[BLR]Marjina Gorka<520><STEAM_0:4:198889349><TERRORIST>" with "knife" (damage "65") (damage_armor "0") (health "-45") (armor "0")
L 04/03/2015 - 22:20:00: "[Hard_Skill]_Mi{x}eR<512><STEAM_0:4:1908906958><CT>" killed "[BLR]Marjina Gorka<520><STEAM_0:4:198889349><TERRORIST>" with "knife"
L 04/03/2015 - 22:20:00: Team "CT" triggered "CTs_Win" (CT "6") (T "5")
L 04/03/2015 - 22:20:00: World triggered "Round_End"
L 04/03/2015 - 22:20:10: World triggered "Round_Start"
L 04/03/2015 - 22:20:19: "[Hard_Skill]_Mi{x}eR<512><STEAM_0:4:1908906958><CT>" attacked "[BLR]Marjina Gorka<520><STEAM_0:4:198889349><TERRORIST>" with "knife" (damage "65") (damage_armor "0") (health "-30") (armor "0")
L 04/03/2015 - 22:20:19: "[Hard_Skill]_Mi{x}eR<512><STEAM_0:4:1908906958><CT>" killed "[BLR]Marjina Gorka<520><STEAM_0:4:198889349><TERRORIST>" with "knife"
L 04/03/2015 - 22:20:19: Team "CT" triggered "CTs_Win" (CT "7") (T "5")
L 04/03/2015 - 22:20:19: World triggered "Round_End"
L 04/03/2015 - 22:20:26: [DPROTO]: Client 0 - Set AuthIdType 1 [dp_SteamEmu]; pClient = 0xb3924f08
L 04/03/2015 - 22:20:26: "-<-SLR->-<524><STEAM_0:0:1639792442><>" connected, address "37.215.124.156:28855"
L 04/03/2015 - 22:20:26: [VTC] Player 1 speex
L 04/03/2015 - 22:20:29: World triggered "Round_Start"
L 04/03/2015 - 22:20:34: "KYKY EPT<521><STEAM_0:4:526142466><CT>" committed suicide with "worldspawn" (world)
L 04/03/2015 - 22:20:35: [DPROTO]: Client 0 - Set AuthIdType 1 [dp_SteamEmu]; pClient = 0xb3924f08
L 04/03/2015 - 22:20:35: "-<-SLR->-<525><STEAM_0:0:1639792442><>" connected, address "37.215.124.156:28855"
L 04/03/2015 - 22:20:35: [VTC] Player 1 speex
L 04/03/2015 - 22:20:39: "-<-SLR->-<525><STEAM_0:0:1639792442><>" entered the game
L 04/03/2015 - 22:20:40: "[Hard_Skill]_Mi{x}eR<512><STEAM_0:4:1908906958><CT>" attacked "[BLR]Marjina Gorka<520><STEAM_0:4:198889349><TERRORIST>" with "knife" (damage "65") (damage_armor "0") (health "-30") (armor "0")
L 04/03/2015 - 22:20:40: "[Hard_Skill]_Mi{x}eR<512><STEAM_0:4:1908906958><CT>" killed "[BLR]Marjina Gorka<520><STEAM_0:4:198889349><TERRORIST>" with "knife"
L 04/03/2015 - 22:20:40: Team "CT" triggered "CTs_Win" (CT "8") (T "5")
L 04/03/2015 - 22:20:40: World triggered "Round_End"
L 04/03/2015 - 22:20:50: World triggered "Round_Start"
L 04/03/2015 - 22:20:52: "-<-SLR->-<525><STEAM_0:0:1639792442><>" joined team "TERRORIST"
L 04/03/2015 - 22:20:57: "[BLR]Marjina Gorka<520><STEAM_0:4:198889349><TERRORIST>" attacked "KYKY EPT<521><STEAM_0:4:526142466><CT>" with "knife" (damage "48") (damage_armor "0") (health "-13") (armor "0")
L 04/03/2015 - 22:20:57: "[BLR]Marjina Gorka<520><STEAM_0:4:198889349><TERRORIST>" killed "KYKY EPT<521><STEAM_0:4:526142466><CT>" with "knife"
L 04/03/2015 - 22:21:01: "[Hard_Skill]_Mi{x}eR<512><STEAM_0:4:1908906958><CT>" attacked "[BLR]Marjina Gorka<520><STEAM_0:4:198889349><TERRORIST>" with "knife" (damage "65") (damage_armor "0") (health "-30") (armor "0")
L 04/03/2015 - 22:21:01: "[Hard_Skill]_Mi{x}eR<512><STEAM_0:4:1908906958><CT>" killed "[BLR]Marjina Gorka<520><STEAM_0:4:198889349><TERRORIST>" with "knife"
L 04/03/2015 - 22:21:15: "-<-SLR->-<525><STEAM_0:0:1639792442><TERRORIST>" attacked "[Hard_Skill]_Mi{x}eR<512><STEAM_0:4:1908906958><CT>" with "knife" (damage "65") (damage_armor "0") (health "-30") (armor "0")
L 04/03/2015 - 22:21:15: "-<-SLR->-<525><STEAM_0:0:1639792442><TERRORIST>" killed "[Hard_Skill]_Mi{x}eR<512><STEAM_0:4:1908906958><CT>" with "knife"
L 04/03/2015 - 22:21:17: "-<-SLR->-<525><STEAM_0:0:1639792442><TERRORIST>" attacked "Major<522><STEAM_0:4:327286387><CT>" with "knife" (damage "65") (damage_armor "0") (health "-30") (armor "0")
L 04/03/2015 - 22:21:17: "-<-SLR->-<525><STEAM_0:0:1639792442><TERRORIST>" killed "Major<522><STEAM_0:4:327286387><CT>" with "knife"
L 04/03/2015 - 22:21:17: Team "TERRORIST" triggered "Terrorists_Win" (CT "8") (T "6")
L 04/03/2015 - 22:21:17: World triggered "Round_End"
L 04/03/2015 - 22:21:27: World triggered "Round_Start"
L 04/03/2015 - 22:21:32: "[BLR]Marjina Gorka<520><STEAM_0:4:198889349><TERRORIST>" attacked "KYKY EPT<521><STEAM_0:4:526142466><CT>" with "knife" (damage "65") (damage_armor "0") (health "-30") (armor "0")
L 04/03/2015 - 22:21:32: "[BLR]Marjina Gorka<520><STEAM_0:4:198889349><TERRORIST>" killed "KYKY EPT<521><STEAM_0:4:526142466><CT>" with "knife"
L 04/03/2015 - 22:21:34: "[Hard_Skill]_Mi{x}eR<512><STEAM_0:4:1908906958><CT>" attacked "[BLR]Marjina Gorka<520><STEAM_0:4:198889349><TERRORIST>" with "knife" (damage "65") (damage_armor "0") (health "-30") (armor "0")
L 04/03/2015 - 22:21:34: "[Hard_Skill]_Mi{x}eR<512><STEAM_0:4:1908906958><CT>" killed "[BLR]Marjina Gorka<520><STEAM_0:4:198889349><TERRORIST>" with "knife"
L 04/03/2015 - 22:21:36: "-<-SLR->-<525><STEAM_0:0:1639792442><TERRORIST>" attacked "[Hard_Skill]_Mi{x}eR<512><STEAM_0:4:1908906958><CT>" with "knife" (damage "65") (damage_armor "0") (health "-30") (armor "0")
L 04/03/2015 - 22:21:36: "-<-SLR->-<525><STEAM_0:0:1639792442><TERRORIST>" killed "[Hard_Skill]_Mi{x}eR<512><STEAM_0:4:1908906958><CT>" with "knife"
L 04/03/2015 - 22:21:37: "-<-SLR->-<525><STEAM_0:0:1639792442><TERRORIST>" attacked "Major<522><STEAM_0:4:327286387><CT>" with "knife" (damage "260") (damage_armor "0") (health "-225") (armor "0")
L 04/03/2015 - 22:21:37: "-<-SLR->-<525><STEAM_0:0:1639792442><TERRORIST>" killed "Major<522><STEAM_0:4:327286387><CT>" with "knife"
L 04/03/2015 - 22:21:37: Team "TERRORIST" triggered "Terrorists_Win" (CT "8") (T "7")
L 04/03/2015 - 22:21:37: World triggered "Round_End"
L 04/03/2015 - 22:21:47: World triggered "Round_Start"
L 04/03/2015 - 22:21:55: "[BLR]Marjina Gorka<520><STEAM_0:4:198889349><TERRORIST>" attacked "KYKY EPT<521><STEAM_0:4:526142466><CT>" with "knife" (damage "260") (damage_armor "0") (health "-225") (armor "0")
L 04/03/2015 - 22:21:55: "[BLR]Marjina Gorka<520><STEAM_0:4:198889349><TERRORIST>" killed "KYKY EPT<521><STEAM_0:4:526142466><CT>" with "knife"
L 04/03/2015 - 22:22:03: "[Hard_Skill]_4IKIST<509><STEAM_0:4:1280255237><TERRORIST>" attacked "[Hard_Skill]_Mi{x}eR<512><STEAM_0:4:1908906958><CT>" with "knife" (damage "48") (damage_armor "0") (health "-13") (armor "0")
L 04/03/2015 - 22:22:03: "[Hard_Skill]_4IKIST<509><STEAM_0:4:1280255237><TERRORIST>" killed "[Hard_Skill]_Mi{x}eR<512><STEAM_0:4:1908906958><CT>" with "knife"
L 04/03/2015 - 22:22:05: "[Hard_Skill]_4IKIST<509><STEAM_0:4:1280255237><TERRORIST>" attacked "Major<522><STEAM_0:4:327286387><CT>" with "knife" (damage "65") (damage_armor "0") (health "-30") (armor "0")
L 04/03/2015 - 22:22:05: "[Hard_Skill]_4IKIST<509><STEAM_0:4:1280255237><TERRORIST>" killed "Major<522><STEAM_0:4:327286387><CT>" with "knife"
L 04/03/2015 - 22:22:05: Team "TERRORIST" triggered "Terrorists_Win" (CT "8") (T "8")
L 04/03/2015 - 22:22:05: World triggered "Round_End"
L 04/03/2015 - 22:22:15: World triggered "Round_Start"
L 04/03/2015 - 22:22:23: "[BLR]Marjina Gorka<520><STEAM_0:4:198889349><TERRORIST>" attacked "[Hard_Skill]_Mi{x}eR<512><STEAM_0:4:1908906958><CT>" with "knife" (damage "65") (damage_armor "0") (health "-30") (armor "0")
L 04/03/2015 - 22:22:23: "[BLR]Marjina Gorka<520><STEAM_0:4:198889349><TERRORIST>" killed "[Hard_Skill]_Mi{x}eR<512><STEAM_0:4:1908906958><CT>" with "knife"
L 04/03/2015 - 22:22:31: "[BLR]Marjina Gorka<520><STEAM_0:4:198889349><TERRORIST>" attacked "Major<522><STEAM_0:4:327286387><CT>" with "knife" (damage "65") (damage_armor "0") (health "-30") (armor "0")
L 04/03/2015 - 22:22:31: "[BLR]Marjina Gorka<520><STEAM_0:4:198889349><TERRORIST>" killed "Major<522><STEAM_0:4:327286387><CT>" with "knife"
L 04/03/2015 - 22:22:36: "[Hard_Skill]_4IKIST<509><STEAM_0:4:1280255237><TERRORIST>" attacked "KYKY EPT<521><STEAM_0:4:526142466><CT>" with "knife" (damage "15") (damage_armor "0") (health "20") (armor "0")
L 04/03/2015 - 22:22:36: "[Hard_Skill]_4IKIST<509><STEAM_0:4:1280255237><TERRORIST>" attacked "KYKY EPT<521><STEAM_0:4:526142466><CT>" with "knife" (damage "195") (damage_armor "0") (health "-175") (armor "0")
L 04/03/2015 - 22:22:36: "[Hard_Skill]_4IKIST<509><STEAM_0:4:1280255237><TERRORIST>" killed "KYKY EPT<521><STEAM_0:4:526142466><CT>" with "knife"
L 04/03/2015 - 22:22:36: Team "TERRORIST" triggered "Terrorists_Win" (CT "8") (T "9")
L 04/03/2015 - 22:22:36: World triggered "Round_End"
L 04/03/2015 - 22:22:46: World triggered "Round_Start"
L 04/03/2015 - 22:22:54: "[Hard_Skill]_Mi{x}eR<512><STEAM_0:4:1908906958><CT>" attacked "-<-SLR->-<525><STEAM_0:0:1639792442><TERRORIST>" with "knife" (damage "65") (damage_armor "0") (health "-30") (armor "0")
L 04/03/2015 - 22:22:54: "[Hard_Skill]_Mi{x}eR<512><STEAM_0:4:1908906958><CT>" killed "-<-SLR->-<525><STEAM_0:0:1639792442><TERRORIST>" with "knife"
L 04/03/2015 - 22:22:58: "[Hard_Skill]_4IKIST<509><STEAM_0:4:1280255237><TERRORIST>" attacked "[Hard_Skill]_Mi{x}eR<512><STEAM_0:4:1908906958><CT>" with "knife" (damage "65") (damage_armor "0") (health "-30") (armor "0")
L 04/03/2015 - 22:22:58: "[Hard_Skill]_4IKIST<509><STEAM_0:4:1280255237><TERRORIST>" killed "[Hard_Skill]_Mi{x}eR<512><STEAM_0:4:1908906958><CT>" with "knife"
L 04/03/2015 - 22:23:01: "Major<522><STEAM_0:4:327286387><CT>" attacked "[BLR]Marjina Gorka<520><STEAM_0:4:198889349><TERRORIST>" with "knife" (damage "65") (damage_armor "0") (health "-52") (armor "0")
L 04/03/2015 - 22:23:01: "Major<522><STEAM_0:4:327286387><CT>" killed "[BLR]Marjina Gorka<520><STEAM_0:4:198889349><TERRORIST>" with "knife"
L 04/03/2015 - 22:23:04: "KYKY EPT<521><STEAM_0:4:526142466><CT>" triggered "weaponstats" (weapon "knife") (shots "56") (hits "4") (kills "0") (headshots "0") (tks "0") (damage "60") (deaths "12")
L 04/03/2015 - 22:23:04: "KYKY EPT<521><STEAM_0:4:526142466><CT>" triggered "weaponstats2" (weapon "knife") (head "0") (chest "4") (stomach "0") (leftarm "0") (rightarm "0") (leftleg "0") (rightleg "0")
L 04/03/2015 - 22:23:04: "KYKY EPT<521><STEAM_0:4:526142466><CT>" triggered "time" (time "8:46")
L 04/03/2015 - 22:23:04: "KYKY EPT<521><STEAM_0:4:526142466><CT>" triggered "latency" (ping "65")
L 04/03/2015 - 22:23:04: "KYKY EPT<521><STEAM_0:4:526142466><CT>" disconnected
L 04/03/2015 - 22:23:04: [DPROTO]: Client 1 - Set AuthIdType 3 [dp_RevEmu]; pClient = 0xb3929dfc
L 04/03/2015 - 22:23:04: "KYKY EPT<526><STEAM_0:4:526142466><>" connected, address "188.122.228.151:27005"
L 04/03/2015 - 22:23:04: Kick: "KYKY EPT<526><STEAM_0:4:526142466><>" was kicked by "Console" (message ""Повторное подключение будет доступно через 20 секунд"")
L 04/03/2015 - 22:23:18: "[Hard_Skill]_4IKIST<509><STEAM_0:4:1280255237><TERRORIST>" attacked "Major<522><STEAM_0:4:327286387><CT>" with "knife" (damage "260") (damage_armor "0") (health "-233") (armor "0")
L 04/03/2015 - 22:23:18: "[Hard_Skill]_4IKIST<509><STEAM_0:4:1280255237><TERRORIST>" killed "Major<522><STEAM_0:4:327286387><CT>" with "knife"
L 04/03/2015 - 22:23:18: Team "TERRORIST" triggered "Terrorists_Win" (CT "8") (T "10")
L 04/03/2015 - 22:23:18: World triggered "Round_End"
L 04/03/2015 - 22:23:18: [DPROTO]: Client 1 - Set AuthIdType 3 [dp_RevEmu]; pClient = 0xb3929dfc
L 04/03/2015 - 22:23:18: "KYKY EPT<527><STEAM_0:4:526142466><>" connected, address "188.122.228.151:27005"
L 04/03/2015 - 22:23:18: Kick: "KYKY EPT<527><STEAM_0:4:526142466><>" was kicked by "Console" (message ""Повторное подключение будет доступно через 6 секунд"")
L 04/03/2015 - 22:23:28: World triggered "Round_Start"
L 04/03/2015 - 22:23:36: "[BLR]Marjina Gorka<520><STEAM_0:4:198889349><TERRORIST>" attacked "Major<522><STEAM_0:4:327286387><CT>" with "knife" (damage "65") (damage_armor "0") (health "-30") (armor "0")
L 04/03/2015 - 22:23:36: "[BLR]Marjina Gorka<520><STEAM_0:4:198889349><TERRORIST>" killed "Major<522><STEAM_0:4:327286387><CT>" with "knife"
L 04/03/2015 - 22:23:41: "[BLR]Marjina Gorka<520><STEAM_0:4:198889349><TERRORIST>" attacked "[Hard_Skill]_Mi{x}eR<512><STEAM_0:4:1908906958><CT>" with "knife" (damage "65") (damage_armor "0") (health "-30") (armor "0")
L 04/03/2015 - 22:23:41: "[BLR]Marjina Gorka<520><STEAM_0:4:198889349><TERRORIST>" killed "[Hard_Skill]_Mi{x}eR<512><STEAM_0:4:1908906958><CT>" with "knife"
L 04/03/2015 - 22:23:41: Team "TERRORIST" triggered "Terrorists_Win" (CT "8") (T "11")
L 04/03/2015 - 22:23:41: World triggered "Round_End"
L 04/03/2015 - 22:23:51: World triggered "Round_Start"
L 04/03/2015 - 22:23:57: "[Hard_Skill]_Mi{x}eR<512><STEAM_0:4:1908906958><CT>" attacked "[Hard_Skill]_4IKIST<509><STEAM_0:4:1280255237><TERRORIST>" with "knife" (damage "65") (damage_armor "0") (health "-30") (armor "0")
L 04/03/2015 - 22:23:57: "[Hard_Skill]_Mi{x}eR<512><STEAM_0:4:1908906958><CT>" killed "[Hard_Skill]_4IKIST<509><STEAM_0:4:1280255237><TERRORIST>" with "knife"
L 04/03/2015 - 22:23:58: [DPROTO]: Client 1 - Set AuthIdType 3 [dp_RevEmu]; pClient = 0xb3929dfc
L 04/03/2015 - 22:23:58: "KYKY EPT<528><STEAM_0:4:526142466><>" connected, address "188.122.228.151:27005"
L 04/03/2015 - 22:23:58: [VTC] Player 2 speex
L 04/03/2015 - 22:23:59: "[BLR]Marjina Gorka<520><STEAM_0:4:198889349><TERRORIST>" attacked "[Hard_Skill]_Mi{x}eR<512><STEAM_0:4:1908906958><CT>" with "knife" (damage "65") (damage_armor "0") (health "-30") (armor "0")
L 04/03/2015 - 22:23:59: "[BLR]Marjina Gorka<520><STEAM_0:4:198889349><TERRORIST>" killed "[Hard_Skill]_Mi{x}eR<512><STEAM_0:4:1908906958><CT>" with "knife"
L 04/03/2015 - 22:24:02: "[BLR]Marjina Gorka<520><STEAM_0:4:198889349><TERRORIST>" attacked "Major<522><STEAM_0:4:327286387><CT>" with "knife" (damage "65") (damage_armor "0") (health "-30") (armor "0")
L 04/03/2015 - 22:24:02: "[BLR]Marjina Gorka<520><STEAM_0:4:198889349><TERRORIST>" killed "Major<522><STEAM_0:4:327286387><CT>" with "knife"
L 04/03/2015 - 22:24:02: Team "TERRORIST" triggered "Terrorists_Win" (CT "8") (T "12")
L 04/03/2015 - 22:24:02: World triggered "Round_End"
L 04/03/2015 - 22:24:03: "KYKY EPT<528><STEAM_0:4:526142466><>" entered the game
L 04/03/2015 - 22:24:05: "[Hard_Skill]_4IKIST<509><STEAM_0:4:1280255237><TERRORIST>" triggered "weaponstats" (weapon "knife") (shots "34") (hits "13") (kills "13") (headshots "2") (tks "0") (damage "1218") (deaths "4")
L 04/03/2015 - 22:24:05: "[Hard_Skill]_4IKIST<509><STEAM_0:4:1280255237><TERRORIST>" triggered "weaponstats2" (weapon "knife") (head "2") (chest "0") (stomach "0") (leftarm "0") (rightarm "0") (leftleg "0") (rightleg "0")
L 04/03/2015 - 22:24:05: "[Hard_Skill]_4IKIST<509><STEAM_0:4:1280255237><TERRORIST>" triggered "time" (time "9:52")
L 04/03/2015 - 22:24:05: "[Hard_Skill]_4IKIST<509><STEAM_0:4:1280255237><TERRORIST>" triggered "latency" (ping "24")
L 04/03/2015 - 22:24:05: "[Hard_Skill]_4IKIST<509><STEAM_0:4:1280255237><TERRORIST>" disconnected
L 04/03/2015 - 22:24:06: "KYKY EPT<528><STEAM_0:4:526142466><>" joined team "CT"
L 04/03/2015 - 22:24:12: World triggered "Round_Start"
L 04/03/2015 - 22:24:17: "-<-SLR->-<525><STEAM_0:0:1639792442><TERRORIST>" committed suicide with "worldspawn" (world)
L 04/03/2015 - 22:24:18: "[BLR]Marjina Gorka<520><STEAM_0:4:198889349><TERRORIST>" attacked "[Hard_Skill]_Mi{x}eR<512><STEAM_0:4:1908906958><CT>" with "knife" (damage "65") (damage_armor "0") (health "-30") (armor "0")
L 04/03/2015 - 22:24:18: "[BLR]Marjina Gorka<520><STEAM_0:4:198889349><TERRORIST>" killed "[Hard_Skill]_Mi{x}eR<512><STEAM_0:4:1908906958><CT>" with "knife"
L 04/03/2015 - 22:24:20: "[BLR]Marjina Gorka<520><STEAM_0:4:198889349><TERRORIST>" attacked "Major<522><STEAM_0:4:327286387><CT>" with "knife" (damage "65") (damage_armor "0") (health "-30") (armor "0")
L 04/03/2015 - 22:24:20: "[BLR]Marjina Gorka<520><STEAM_0:4:198889349><TERRORIST>" killed "Major<522><STEAM_0:4:327286387><CT>" with "knife"
L 04/03/2015 - 22:24:26: "KYKY EPT<528><STEAM_0:4:526142466><CT>" committed suicide with "worldspawn" (world)
L 04/03/2015 - 22:24:26: Team "TERRORIST" triggered "Terrorists_Win" (CT "8") (T "13")
L 04/03/2015 - 22:24:26: World triggered "Round_End"
L 04/03/2015 - 22:24:36: World triggered "Round_Start"
L 04/03/2015 - 22:24:43: "[BLR]Marjina Gorka<520><STEAM_0:4:198889349><TERRORIST>" attacked "Major<522><STEAM_0:4:327286387><CT>" with "knife" (damage "65") (damage_armor "0") (health "-30") (armor "0")
L 04/03/2015 - 22:24:43: "[BLR]Marjina Gorka<520><STEAM_0:4:198889349><TERRORIST>" killed "Major<522><STEAM_0:4:327286387><CT>" with "knife"
L 04/03/2015 - 22:24:53: "-<-SLR->-<525><STEAM_0:0:1639792442><TERRORIST>" attacked "[Hard_Skill]_Mi{x}eR<512><STEAM_0:4:1908906958><CT>" with "knife" (damage "15") (damage_armor "0") (health "20") (armor "0")
L 04/03/2015 - 22:24:53: "-<-SLR->-<525><STEAM_0:0:1639792442><TERRORIST>" attacked "[Hard_Skill]_Mi{x}eR<512><STEAM_0:4:1908906958><CT>" with "knife" (damage "15") (damage_armor "0") (health "5") (armor "0")
L 04/03/2015 - 22:24:53: "KYKY EPT<528><STEAM_0:4:526142466><CT>" attacked "[BLR]Marjina Gorka<520><STEAM_0:4:198889349><TERRORIST>" with "knife" (damage "18") (damage_armor "0") (health "17") (armor "0")
L 04/03/2015 - 22:24:54: "-<-SLR->-<525><STEAM_0:0:1639792442><TERRORIST>" attacked "[Hard_Skill]_Mi{x}eR<512><STEAM_0:4:1908906958><CT>" with "knife" (damage "60") (damage_armor "0") (health "-55") (armor "0")
L 04/03/2015 - 22:24:54: "-<-SLR->-<525><STEAM_0:0:1639792442><TERRORIST>" killed "[Hard_Skill]_Mi{x}eR<512><STEAM_0:4:1908906958><CT>" with "knife"
L 04/03/2015 - 22:24:54: "KYKY EPT<528><STEAM_0:4:526142466><CT>" attacked "[BLR]Marjina Gorka<520><STEAM_0:4:198889349><TERRORIST>" with "knife" (damage "15") (damage_armor "0") (health "2") (armor "0")
L 04/03/2015 - 22:24:54: "[BLR]Marjina Gorka<520><STEAM_0:4:198889349><TERRORIST>" attacked "KYKY EPT<528><STEAM_0:4:526142466><CT>" with "knife" (damage "260") (damage_armor "0") (health "-225") (armor "0")
L 04/03/2015 - 22:24:54: "[BLR]Marjina Gorka<520><STEAM_0:4:198889349><TERRORIST>" killed "KYKY EPT<528><STEAM_0:4:526142466><CT>" with "knife"
L 04/03/2015 - 22:24:54: Team "TERRORIST" triggered "Terrorists_Win" (CT "8") (T "14")
L 04/03/2015 - 22:24:54: World triggered "Round_End"
L 04/03/2015 - 22:25:04: World triggered "Round_Start"
L 04/03/2015 - 22:25:11: "[BLR]Marjina Gorka<520><STEAM_0:4:198889349><TERRORIST>" attacked "KYKY EPT<528><STEAM_0:4:526142466><CT>" with "knife" (damage "65") (damage_armor "0") (health "-30") (armor "0")
L 04/03/2015 - 22:25:11: "[BLR]Marjina Gorka<520><STEAM_0:4:198889349><TERRORIST>" killed "KYKY EPT<528><STEAM_0:4:526142466><CT>" with "knife"
L 04/03/2015 - 22:25:14: "Major<522><STEAM_0:4:327286387><CT>" committed suicide with "worldspawn" (world)
L 04/03/2015 - 22:25:16: "-<-SLR->-<525><STEAM_0:0:1639792442><TERRORIST>" attacked "[Hard_Skill]_Mi{x}eR<512><STEAM_0:4:1908906958><CT>" with "knife" (damage "65") (damage_armor "0") (health "-30") (armor "0")
L 04/03/2015 - 22:25:16: "-<-SLR->-<525><STEAM_0:0:1639792442><TERRORIST>" killed "[Hard_Skill]_Mi{x}eR<512><STEAM_0:4:1908906958><CT>" with "knife"
L 04/03/2015 - 22:25:16: Team "TERRORIST" triggered "Terrorists_Win" (CT "8") (T "15")
L 04/03/2015 - 22:25:16: World triggered "Round_End"
L 04/03/2015 - 22:25:23: "-<-SLR->-<525><STEAM_0:0:1639792442><TERRORIST>" committed suicide with "game_player_hurt" (world)
L 04/03/2015 - 22:25:26: World triggered "Round_Start"
L 04/03/2015 - 22:25:33: "[Hard_Skill]_Mi{x}eR<512><STEAM_0:4:1908906958><CT>" attacked "[BLR]Marjina Gorka<520><STEAM_0:4:198889349><TERRORIST>" with "knife" (damage "65") (damage_armor "0") (health "-30") (armor "0")
L 04/03/2015 - 22:25:33: "[Hard_Skill]_Mi{x}eR<512><STEAM_0:4:1908906958><CT>" killed "[BLR]Marjina Gorka<520><STEAM_0:4:198889349><TERRORIST>" with "knife"
L 04/03/2015 - 22:25:33: Team "CT" triggered "CTs_Win" (CT "9") (T "15")
L 04/03/2015 - 22:25:33: World triggered "Round_End"
L 04/03/2015 - 22:25:33: [DPROTO]: Client 7 - Set AuthIdType 3 [dp_RevEmu]; pClient = 0xb39477b4
L 04/03/2015 - 22:25:33: "[Hard_Skill]_4IKIST<529><STEAM_0:4:1280255237><>" connected, address "178.168.194.49:27005"
L 04/03/2015 - 22:25:33: [VTC] Player 8 speex
L 04/03/2015 - 22:25:36: "[Hard_Skill]_4IKIST<529><STEAM_0:4:1280255237><>" entered the game
L 04/03/2015 - 22:25:38: "[Hard_Skill]_4IKIST<529><STEAM_0:4:1280255237><>" joined team "TERRORIST"
L 04/03/2015 - 22:25:43: World triggered "Round_Start"
L 04/03/2015 - 22:25:46: [DPROTO]: Client 4 - Set AuthIdType 1 [Native]; pClient = 0xb3938ad8
L 04/03/2015 - 22:25:46: "www-[MAKS]<530><STEAM_0:0:1636724><>" connected, address "37.214.13.104:61256"
L 04/03/2015 - 22:25:46: [VTC] Player 5 silk
L 04/03/2015 - 22:25:47: "www-[MAKS]<530><STEAM_0:0:1636724><>" STEAM USERID validated
L 04/03/2015 - 22:25:50: [DPROTO]: Client 6 - Set AuthIdType 3 [dp_RevEmu]; pClient = 0xb39428c0
L 04/03/2015 - 22:25:50: "CREATIVE7PLAY<531><STEAM_0:4:362934603><>" connected, address "46.0.31.130:27005"
L 04/03/2015 - 22:25:50: [VTC] Player 7 speex
L 04/03/2015 - 22:25:52: "[Hard_Skill]_Mi{x}eR<512><STEAM_0:4:1908906958><CT>" attacked "[BLR]Marjina Gorka<520><STEAM_0:4:198889349><TERRORIST>" with "knife" (damage "65") (damage_armor "0") (health "-30") (armor "0")
L 04/03/2015 - 22:25:52: "[Hard_Skill]_Mi{x}eR<512><STEAM_0:4:1908906958><CT>" killed "[BLR]Marjina Gorka<520><STEAM_0:4:198889349><TERRORIST>" with "knife"
L 04/03/2015 - 22:25:55: "-<-SLR->-<525><STEAM_0:0:1639792442><TERRORIST>" attacked "Major<522><STEAM_0:4:327286387><CT>" with "knife" (damage "65") (damage_armor "0") (health "-30") (armor "0")
L 04/03/2015 - 22:25:55: "-<-SLR->-<525><STEAM_0:0:1639792442><TERRORIST>" killed "Major<522><STEAM_0:4:327286387><CT>" with "knife"
L 04/03/2015 - 22:26:03: "CREATIVE7PLAY<531><STEAM_0:4:362934603><>" entered the game
L 04/03/2015 - 22:26:05: "KYKY EPT<528><STEAM_0:4:526142466><CT>" attacked "[Hard_Skill]_4IKIST<529><STEAM_0:4:1280255237><TERRORIST>" with "knife" (damage "15") (damage_armor "0") (health "20") (armor "0")
L 04/03/2015 - 22:26:10: "CREATIVE7PLAY<531><STEAM_0:4:362934603><>" joined team "CT"
L 04/03/2015 - 22:26:17: "-<-SLR->-<525><STEAM_0:0:1639792442><TERRORIST>" attacked "KYKY EPT<528><STEAM_0:4:526142466><CT>" with "knife" (damage "65") (damage_armor "0") (health "-30") (armor "0")
L 04/03/2015 - 22:26:17: "-<-SLR->-<525><STEAM_0:0:1639792442><TERRORIST>" killed "KYKY EPT<528><STEAM_0:4:526142466><CT>" with "knife"
L 04/03/2015 - 22:26:21: "-<-SLR->-<525><STEAM_0:0:1639792442><TERRORIST>" attacked "[Hard_Skill]_Mi{x}eR<512><STEAM_0:4:1908906958><CT>" with "knife" (damage "65") (damage_armor "0") (health "-30") (armor "0")
L 04/03/2015 - 22:26:21: "-<-SLR->-<525><STEAM_0:0:1639792442><TERRORIST>" killed "[Hard_Skill]_Mi{x}eR<512><STEAM_0:4:1908906958><CT>" with "knife"
L 04/03/2015 - 22:26:21: Team "TERRORIST" triggered "Terrorists_Win" (CT "9") (T "16")
L 04/03/2015 - 22:26:21: World triggered "Round_End"
L 04/03/2015 - 22:26:28: [DPROTO]: Client 4 - Set AuthIdType 1 [Native]; pClient = 0xb3938ad8
L 04/03/2015 - 22:26:28: "www-[MAKS]<532><STEAM_0:0:1636724><>" connected, address "37.214.13.104:17312"
L 04/03/2015 - 22:26:28: [VTC] Player 5 silk
L 04/03/2015 - 22:26:29: "www-[MAKS]<532><STEAM_0:0:1636724><>" STEAM USERID validated
L 04/03/2015 - 22:26:31: World triggered "Round_Start"
L 04/03/2015 - 22:26:37: "[Hard_Skill]_Mi{x}eR<512><STEAM_0:4:1908906958><CT>" attacked "-<-SLR->-<525><STEAM_0:0:1639792442><TERRORIST>" with "knife" (damage "65") (damage_armor "0") (health "-30") (armor "0")
L 04/03/2015 - 22:26:37: "[Hard_Skill]_Mi{x}eR<512><STEAM_0:4:1908906958><CT>" killed "-<-SLR->-<525><STEAM_0:0:1639792442><TERRORIST>" with "knife"
L 04/03/2015 - 22:26:42: "[Hard_Skill]_Mi{x}eR<512><STEAM_0:4:1908906958><CT>" attacked "[BLR]Marjina Gorka<520><STEAM_0:4:198889349><TERRORIST>" with "knife" (damage "65") (damage_armor "0") (health "-30") (armor "0")
L 04/03/2015 - 22:26:42: "[Hard_Skill]_Mi{x}eR<512><STEAM_0:4:1908906958><CT>" killed "[BLR]Marjina Gorka<520><STEAM_0:4:198889349><TERRORIST>" with "knife"
L 04/03/2015 - 22:26:44: "[Hard_Skill]_4IKIST<529><STEAM_0:4:1280255237><TERRORIST>" attacked "CREATIVE7PLAY<531><STEAM_0:4:362934603><CT>" with "knife" (damage "260") (damage_armor "0") (health "-225") (armor "0")
L 04/03/2015 - 22:26:44: "[Hard_Skill]_4IKIST<529><STEAM_0:4:1280255237><TERRORIST>" killed "CREATIVE7PLAY<531><STEAM_0:4:362934603><CT>" with "knife"
L 04/03/2015 - 22:26:45: "[BLR]Marjina Gorka<520><STEAM_0:4:198889349><TERRORIST>" triggered "weaponstats" (weapon "knife") (shots "111") (hits "25") (kills "25") (headshots "2") (tks "0") (damage "1981") (deaths "14")
L 04/03/2015 - 22:26:45: "[BLR]Marjina Gorka<520><STEAM_0:4:198889349><TERRORIST>" triggered "weaponstats2" (weapon "knife") (head "2") (chest "0") (stomach "0") (leftarm "0") (rightarm "0") (leftleg "0") (rightleg "0")
L 04/03/2015 - 22:26:45: "[BLR]Marjina Gorka<520><STEAM_0:4:198889349><TERRORIST>" triggered "time" (time "12:33")
L 04/03/2015 - 22:26:45: "[BLR]Marjina Gorka<520><STEAM_0:4:198889349><TERRORIST>" triggered "latency" (ping "47")
L 04/03/2015 - 22:26:45: "[BLR]Marjina Gorka<520><STEAM_0:4:198889349><TERRORIST>" disconnected
L 04/03/2015 - 22:26:46: "[Hard_Skill]_4IKIST<529><STEAM_0:4:1280255237><TERRORIST>" attacked "Major<522><STEAM_0:4:327286387><CT>" with "knife" (damage "65") (damage_armor "0") (health "-30") (armor "0")
L 04/03/2015 - 22:26:46: "[Hard_Skill]_4IKIST<529><STEAM_0:4:1280255237><TERRORIST>" killed "Major<522><STEAM_0:4:327286387><CT>" with "knife"
L 04/03/2015 - 22:26:48: "[Hard_Skill]_Mi{x}eR<512><STEAM_0:4:1908906958><CT>" attacked "[Hard_Skill]_4IKIST<529><STEAM_0:4:1280255237><TERRORIST>" with "knife" (damage "65") (damage_armor "0") (health "-30") (armor "0")
L 04/03/2015 - 22:26:48: "[Hard_Skill]_Mi{x}eR<512><STEAM_0:4:1908906958><CT>" killed "[Hard_Skill]_4IKIST<529><STEAM_0:4:1280255237><TERRORIST>" with "knife"
L 04/03/2015 - 22:26:48: Team "CT" triggered "CTs_Win" (CT "10") (T "16")
L 04/03/2015 - 22:26:48: World triggered "Round_End"
L 04/03/2015 - 22:26:58: World triggered "Round_Start"
L 04/03/2015 - 22:27:05: "[Hard_Skill]_4IKIST<529><STEAM_0:4:1280255237><TERRORIST>" attacked "KYKY EPT<528><STEAM_0:4:526142466><CT>" with "knife" (damage "260") (damage_armor "0") (health "-225") (armor "0")
L 04/03/2015 - 22:27:05: "[Hard_Skill]_4IKIST<529><STEAM_0:4:1280255237><TERRORIST>" killed "KYKY EPT<528><STEAM_0:4:526142466><CT>" with "knife"
L 04/03/2015 - 22:27:06: "Major<522><STEAM_0:4:327286387><CT>" attacked "[Hard_Skill]_4IKIST<529><STEAM_0:4:1280255237><TERRORIST>" with "knife" (damage "65") (damage_armor "0") (health "-30") (armor "0")
L 04/03/2015 - 22:27:06: "Major<522><STEAM_0:4:327286387><CT>" killed "[Hard_Skill]_4IKIST<529><STEAM_0:4:1280255237><TERRORIST>" with "knife"
L 04/03/2015 - 22:27:06: [DPROTO]: Client 3 - Set AuthIdType 1 [dp_SteamEmu]; pClient = 0xb3933be4
L 04/03/2015 - 22:27:06: "Anya<535><STEAM_0:0:1429534441><>" connected, address "37.214.163.207:14921"
L 04/03/2015 - 22:27:06: [VTC] Player 4 speex
L 04/03/2015 - 22:27:07: "[Hard_Skill]_Mi{x}eR<512><STEAM_0:4:1908906958><CT>" attacked "-<-SLR->-<525><STEAM_0:0:1639792442><TERRORIST>" with "knife" (damage "195") (damage_armor "0") (health "-160") (armor "0")
L 04/03/2015 - 22:27:07: "[Hard_Skill]_Mi{x}eR<512><STEAM_0:4:1908906958><CT>" killed "-<-SLR->-<525><STEAM_0:0:1639792442><TERRORIST>" with "knife"
L 04/03/2015 - 22:27:07: Team "CT" triggered "CTs_Win" (CT "11") (T "16")
L 04/03/2015 - 22:27:07: World triggered "Round_End"
L 04/03/2015 - 22:27:08: "CREATIVE7PLAY<531><STEAM_0:4:362934603><CT>" changed name to "REXTO :3"
L 04/03/2015 - 22:27:12: "Anya<535><STEAM_0:0:1429534441><>" entered the game
L 04/03/2015 - 22:27:12: "REXTO :3<531><STEAM_0:4:362934603><CT>" joined team "TERRORIST" (auto)
L 04/03/2015 - 22:27:17: World triggered "Round_Start"
L 04/03/2015 - 22:27:24: "[Hard_Skill]_4IKIST<529><STEAM_0:4:1280255237><TERRORIST>" attacked "KYKY EPT<528><STEAM_0:4:526142466><CT>" with "knife" (damage "65") (damage_armor "0") (health "-30") (armor "0")
L 04/03/2015 - 22:27:24: "[Hard_Skill]_4IKIST<529><STEAM_0:4:1280255237><TERRORIST>" killed "KYKY EPT<528><STEAM_0:4:526142466><CT>" with "knife"
L 04/03/2015 - 22:27:32: "[Hard_Skill]_Mi{x}eR<512><STEAM_0:4:1908906958><CT>" attacked "REXTO :3<531><STEAM_0:4:362934603><TERRORIST>" with "knife" (damage "195") (damage_armor "0") (health "-160") (armor "0")
L 04/03/2015 - 22:27:32: "[Hard_Skill]_Mi{x}eR<512><STEAM_0:4:1908906958><CT>" killed "REXTO :3<531><STEAM_0:4:362934603><TERRORIST>" with "knife"
L 04/03/2015 - 22:27:34: "Anya<535><STEAM_0:0:1429534441><>" joined team "TERRORIST"
L 04/03/2015 - 22:27:35: "[Hard_Skill]_4IKIST<529><STEAM_0:4:1280255237><TERRORIST>" attacked "[Hard_Skill]_Mi{x}eR<512><STEAM_0:4:1908906958><CT>" with "knife" (damage "65") (damage_armor "0") (health "-30") (armor "0")
L 04/03/2015 - 22:27:35: "[Hard_Skill]_4IKIST<529><STEAM_0:4:1280255237><TERRORIST>" killed "[Hard_Skill]_Mi{x}eR<512><STEAM_0:4:1908906958><CT>" with "knife"
L 04/03/2015 - 22:27:37: "-<-SLR->-<525><STEAM_0:0:1639792442><TERRORIST>" attacked "Major<522><STEAM_0:4:327286387><CT>" with "knife" (damage "65") (damage_armor "0") (health "-30") (armor "0")
L 04/03/2015 - 22:27:37: "-<-SLR->-<525><STEAM_0:0:1639792442><TERRORIST>" killed "Major<522><STEAM_0:4:327286387><CT>" with "knife"
L 04/03/2015 - 22:27:37: Team "TERRORIST" triggered "Terrorists_Win" (CT "11") (T "17")
L 04/03/2015 - 22:27:37: World triggered "Round_End"
L 04/03/2015 - 22:27:47: World triggered "Round_Start"
L 04/03/2015 - 22:27:57: "-<-SLR->-<525><STEAM_0:0:1639792442><TERRORIST>" attacked "[Hard_Skill]_Mi{x}eR<512><STEAM_0:4:1908906958><CT>" with "knife" (damage "65") (damage_armor "0") (health "-30") (armor "0")
L 04/03/2015 - 22:27:57: "-<-SLR->-<525><STEAM_0:0:1639792442><TERRORIST>" killed "[Hard_Skill]_Mi{x}eR<512><STEAM_0:4:1908906958><CT>" with "knife"
L 04/03/2015 - 22:28:00: "REXTO :3<531><STEAM_0:4:362934603><TERRORIST>" attacked "Major<522><STEAM_0:4:327286387><CT>" with "knife" (damage "65") (damage_armor "0") (health "-30") (armor "0")
L 04/03/2015 - 22:28:00: "REXTO :3<531><STEAM_0:4:362934603><TERRORIST>" killed "Major<522><STEAM_0:4:327286387><CT>" with "knife"
L 04/03/2015 - 22:28:03: "REXTO :3<531><STEAM_0:4:362934603><TERRORIST>" attacked "KYKY EPT<528><STEAM_0:4:526142466><CT>" with "knife" (damage "65") (damage_armor "0") (health "-30") (armor "0")
L 04/03/2015 - 22:28:03: "REXTO :3<531><STEAM_0:4:362934603><TERRORIST>" killed "KYKY EPT<528><STEAM_0:4:526142466><CT>" with "knife"
L 04/03/2015 - 22:28:03: Team "TERRORIST" triggered "Terrorists_Win" (CT "11") (T "18")
L 04/03/2015 - 22:28:03: World triggered "Round_End"
L 04/03/2015 - 22:28:13: World triggered "Round_Start"
L 04/03/2015 - 22:28:26: "REXTO :3<531><STEAM_0:4:362934603><TERRORIST>" attacked "[Hard_Skill]_Mi{x}eR<512><STEAM_0:4:1908906958><CT>" with "knife" (damage "65") (damage_armor "0") (health "-30") (armor "0")
L 04/03/2015 - 22:28:26: "REXTO :3<531><STEAM_0:4:362934603><TERRORIST>" killed "[Hard_Skill]_Mi{x}eR<512><STEAM_0:4:1908906958><CT>" with "knife"
L 04/03/2015 - 22:28:27: "REXTO :3<531><STEAM_0:4:362934603><TERRORIST>" attacked "KYKY EPT<528><STEAM_0:4:526142466><CT>" with "knife" (damage "65") (damage_armor "0") (health "-30") (armor "0")
L 04/03/2015 - 22:28:27: "REXTO :3<531><STEAM_0:4:362934603><TERRORIST>" killed "KYKY EPT<528><STEAM_0:4:526142466><CT>" with "knife"
L 04/03/2015 - 22:28:38: "REXTO :3<531><STEAM_0:4:362934603><TERRORIST>" attacked "Major<522><STEAM_0:4:327286387><CT>" with "knife" (damage "65") (damage_armor "0") (health "-30") (armor "0")
L 04/03/2015 - 22:28:38: "REXTO :3<531><STEAM_0:4:362934603><TERRORIST>" killed "Major<522><STEAM_0:4:327286387><CT>" with "knife"
L 04/03/2015 - 22:28:38: Team "TERRORIST" triggered "Terrorists_Win" (CT "11") (T "19")
L 04/03/2015 - 22:28:38: World triggered "Round_End"
L 04/03/2015 - 22:28:42: "-<-SLR->-<525><STEAM_0:0:1639792442><TERRORIST>" triggered "weaponstats" (weapon "knife") (shots "45") (hits "13") (kills "11") (headshots "2") (tks "0") (damage "935") (deaths "3")
L 04/03/2015 - 22:28:42: "-<-SLR->-<525><STEAM_0:0:1639792442><TERRORIST>" triggered "weaponstats2" (weapon "knife") (head "2") (chest "0") (stomach "2") (leftarm "0") (rightarm "0") (leftleg "0") (rightleg "0")
L 04/03/2015 - 22:28:42: "-<-SLR->-<525><STEAM_0:0:1639792442><TERRORIST>" triggered "time" (time "8:03")
L 04/03/2015 - 22:28:42: "-<-SLR->-<525><STEAM_0:0:1639792442><TERRORIST>" triggered "latency" (ping "43")
L 04/03/2015 - 22:28:42: "KYKY EPT<528><STEAM_0:4:526142466><CT>" triggered "weaponstats" (weapon "knife") (shots "39") (hits "3") (kills "0") (headshots "0") (tks "0") (damage "48") (deaths "7")
L 04/03/2015 - 22:28:42: "KYKY EPT<528><STEAM_0:4:526142466><CT>" triggered "weaponstats2" (weapon "knife") (head "0") (chest "3") (stomach "0") (leftarm "0") (rightarm "0") (leftleg "0") (rightleg "0")
L 04/03/2015 - 22:28:42: "KYKY EPT<528><STEAM_0:4:526142466><CT>" triggered "time" (time "4:39")
L 04/03/2015 - 22:28:42: "KYKY EPT<528><STEAM_0:4:526142466><CT>" triggered "latency" (ping "50")
L 04/03/2015 - 22:28:42: "Major<522><STEAM_0:4:327286387><CT>" triggered "weaponstats" (weapon "knife") (shots "70") (hits "3") (kills "3") (headshots "0") (tks "0") (damage "195") (deaths "21")
L 04/03/2015 - 22:28:42: "Major<522><STEAM_0:4:327286387><CT>" triggered "weaponstats2" (weapon "knife") (head "0") (chest "0") (stomach "0") (leftarm "0") (rightarm "0") (leftleg "0") (rightleg "0")
L 04/03/2015 - 22:28:42: "Major<522><STEAM_0:4:327286387><CT>" triggered "time" (time "14:11")
L 04/03/2015 - 22:28:42: "Major<522><STEAM_0:4:327286387><CT>" triggered "latency" (ping "62")
L 04/03/2015 - 22:28:42: "Anya<535><STEAM_0:0:1429534441><TERRORIST>" triggered "weaponstats" (weapon "knife") (shots "5") (hits "0") (kills "0") (headshots "0") (tks "0") (damage "0") (deaths "0")
L 04/03/2015 - 22:28:42: "Anya<535><STEAM_0:0:1429534441><TERRORIST>" triggered "weaponstats2" (weapon "knife") (head "0") (chest "0") (stomach "0") (leftarm "0") (rightarm "0") (leftleg "0") (rightleg "0")
L 04/03/2015 - 22:28:42: "Anya<535><STEAM_0:0:1429534441><TERRORIST>" triggered "time" (time "1:29")
L 04/03/2015 - 22:28:42: "Anya<535><STEAM_0:0:1429534441><TERRORIST>" triggered "latency" (ping "37")
L 04/03/2015 - 22:28:42: "[Hard_Skill]_Mi{x}eR<512><STEAM_0:4:1908906958><CT>" triggered "weaponstats" (weapon "knife") (shots "65") (hits "23") (kills "23") (headshots "2") (tks "0") (damage "2145") (deaths "20")
L 04/03/2015 - 22:28:42: "[Hard_Skill]_Mi{x}eR<512><STEAM_0:4:1908906958><CT>" triggered "weaponstats2" (weapon "knife") (head "2") (chest "0") (stomach "0") (leftarm "0") (rightarm "0") (leftleg "0") (rightleg "0")
L 04/03/2015 - 22:28:42: "[Hard_Skill]_Mi{x}eR<512><STEAM_0:4:1908906958><CT>" triggered "time" (time "14:28")
L 04/03/2015 - 22:28:42: "[Hard_Skill]_Mi{x}eR<512><STEAM_0:4:1908906958><CT>" triggered "latency" (ping "57")
L 04/03/2015 - 22:28:42: "REXTO :3<531><STEAM_0:4:362934603><TERRORIST>" triggered "weaponstats" (weapon "knife") (shots "5") (hits "5") (kills "5") (headshots "0") (tks "0") (damage "325") (deaths "2")
L 04/03/2015 - 22:28:42: "REXTO :3<531><STEAM_0:4:362934603><TERRORIST>" triggered "weaponstats2" (weapon "knife") (head "0") (chest "0") (stomach "0") (leftarm "0") (rightarm "0") (leftleg "0") (rightleg "0")
L 04/03/2015 - 22:28:42: "REXTO :3<531><STEAM_0:4:362934603><TERRORIST>" triggered "time" (time "2:39")
L 04/03/2015 - 22:28:42: "REXTO :3<531><STEAM_0:4:362934603><TERRORIST>" triggered "latency" (ping "55")
L 04/03/2015 - 22:28:42: "[Hard_Skill]_4IKIST<529><STEAM_0:4:1280255237><TERRORIST>" triggered "weaponstats" (weapon "knife") (shots "8") (hits "5") (kills "5") (headshots "2") (tks "0") (damage "715") (deaths "2")
L 04/03/2015 - 22:28:42: "[Hard_Skill]_4IKIST<529><STEAM_0:4:1280255237><TERRORIST>" triggered "weaponstats2" (weapon "knife") (head "2") (chest "0") (stomach "0") (leftarm "0") (rightarm "0") (leftleg "0") (rightleg "0")
L 04/03/2015 - 22:28:42: "[Hard_Skill]_4IKIST<529><STEAM_0:4:1280255237><TERRORIST>" triggered "time" (time "3:05")
L 04/03/2015 - 22:28:42: "[Hard_Skill]_4IKIST<529><STEAM_0:4:1280255237><TERRORIST>" triggered "latency" (ping "25")
L 04/03/2015 - 22:28:42: [META] ini: Begin re-reading plugins list: /home/extazy/public/cstrike/addons/metamod/plugins.ini
L 04/03/2015 - 22:28:42: [META] ini: Read plugin config for: AMX Mod X
L 04/03/2015 - 22:28:42: [META] ini: Read plugin config for: dproto_EF
L 04/03/2015 - 22:28:42: [META] ini: Read plugin config for: VoiceTranscoder
L 04/03/2015 - 22:28:42: [META] ini: Finished reading plugins list: /home/extazy/public/cstrike/addons/metamod/plugins.ini; Found 3 plugins
L 04/03/2015 - 22:28:42: [META] dll: Updating plugins...
L 04/03/2015 - 22:28:42: [META] dll: Finished updating 12 plugins; kept 3, loaded 0, unloaded 0, reloaded 0, delayed 0
L 04/03/2015 - 22:28:42: "-<-SLR->-<525><STEAM_0:0:1639792442><TERRORIST>" disconnected
L 04/03/2015 - 22:28:42: "KYKY EPT<528><STEAM_0:4:526142466><CT>" disconnected
L 04/03/2015 - 22:28:42: "Major<522><STEAM_0:4:327286387><CT>" disconnected
L 04/03/2015 - 22:28:42: "Anya<535><STEAM_0:0:1429534441><TERRORIST>" disconnected
L 04/03/2015 - 22:28:42: "[Hard_Skill]_Mi{x}eR<512><STEAM_0:4:1908906958><CT>" disconnected
L 04/03/2015 - 22:28:42: "REXTO :3<531><STEAM_0:4:362934603><TERRORIST>" disconnected
L 04/03/2015 - 22:28:42: "[Hard_Skill]_4IKIST<529><STEAM_0:4:1280255237><TERRORIST>" disconnected
L 04/03/2015 - 22:28:42: Log file closed
