L 04/02/2015 - 13:41:25: Log file started (file "logs/L0402046.log") (game "cstrike") (version "48/1.6.3.7/Stdio/5787")
L 04/02/2015 - 13:41:25: Loading map "$2000$"
L 04/02/2015 - 13:41:25: Server cvars start
L 04/02/2015 - 13:41:25: Server cvar "_tutor_bomb_viewable_check_interval" = "0.5"
L 04/02/2015 - 13:41:25: Server cvar "_tutor_debug_level" = "0"
L 04/02/2015 - 13:41:25: Server cvar "_tutor_examine_time" = "0.5"
L 04/02/2015 - 13:41:25: Server cvar "_tutor_hint_interval_time" = "10.0"
L 04/02/2015 - 13:41:25: Server cvar "_tutor_look_angle" = "10"
L 04/02/2015 - 13:41:25: Server cvar "_tutor_look_distance" = "200"
L 04/02/2015 - 13:41:25: Server cvar "_tutor_message_character_display_time_coefficient" = "0.07"
L 04/02/2015 - 13:41:25: Server cvar "_tutor_message_minimum_display_time" = "1"
L 04/02/2015 - 13:41:25: Server cvar "_tutor_message_repeats" = "5"
L 04/02/2015 - 13:41:25: Server cvar "_tutor_view_distance" = "1000"
L 04/02/2015 - 13:41:25: Server cvar "aesp_version" = "1.5b_mini"
L 04/02/2015 - 13:41:25: Server cvar "allow_spectators" = "4"
L 04/02/2015 - 13:41:25: Server cvar "amx_client_languages" = "0"
L 04/02/2015 - 13:41:25: Server cvar "amx_contactinfo" = "ICQ: 691322983"
L 04/02/2015 - 13:41:25: Server cvar "amx_language" = "ru"
L 04/02/2015 - 13:41:25: Server cvar "amx_nextmap" = "de_dust2_2x2"
L 04/02/2015 - 13:41:25: Server cvar "amx_timeleft" = "29:58"
L 04/02/2015 - 13:41:25: Server cvar "amxbans_ssversion" = "Gm 1.6"
L 04/02/2015 - 13:41:25: Server cvar "amxbans_version" = "Gm 1.6"
L 04/02/2015 - 13:41:25: Server cvar "amxmodx_version" = "1.8.1.3746"
L 04/02/2015 - 13:41:25: Server cvar "Colored Translit Cheat" = "Loaded"
L 04/02/2015 - 13:41:25: Server cvar "Colored Translit Config" = "Loaded"
L 04/02/2015 - 13:41:25: Server cvar "Colored Translit Ignores" = "Loaded"
L 04/02/2015 - 13:41:25: Server cvar "Colored Translit Replace" = "Failed"
L 04/02/2015 - 13:41:25: Server cvar "Colored Translit Spam" = "Loaded"
L 04/02/2015 - 13:41:25: Server cvar "Colored Translit Status" = "Loaded"
L 04/02/2015 - 13:41:25: Server cvar "Colored Translit Swear" = "Loaded"
L 04/02/2015 - 13:41:25: Server cvar "Colored Translit Version" = "2.0b Final"
L 04/02/2015 - 13:41:25: Server cvar "coop" = "0"
L 04/02/2015 - 13:41:25: Server cvar "deathmatch" = "1"
L 04/02/2015 - 13:41:25: Server cvar "decalfrequency" = "9"
L 04/02/2015 - 13:41:25: Server cvar "dp_version" = "0.9.391"
L 04/02/2015 - 13:41:25: Server cvar "edgefriction" = "2"
L 04/02/2015 - 13:41:25: Server cvar "hostage_debug" = "0"
L 04/02/2015 - 13:41:25: Server cvar "hostage_stop" = "0"
L 04/02/2015 - 13:41:25: Server cvar "humans_join_team" = "any"
L 04/02/2015 - 13:41:25: Server cvar "jtp10181" = "chute,gore"
L 04/02/2015 - 13:41:25: Server cvar "max_queries_sec" = "3.0"
L 04/02/2015 - 13:41:25: Server cvar "max_queries_sec_global" = "30"
L 04/02/2015 - 13:41:25: Server cvar "max_queries_window" = "60"
L 04/02/2015 - 13:41:25: Server cvar "metamod_version" = "1.19"
L 04/02/2015 - 13:41:25: Server cvar "mp_allowmonsters" = "0"
L 04/02/2015 - 13:41:25: Server cvar "mp_autokick" = "1"
L 04/02/2015 - 13:41:25: Server cvar "mp_autoteambalance" = "1"
L 04/02/2015 - 13:41:25: Server cvar "mp_buytime" = "1.5"
L 04/02/2015 - 13:41:25: Server cvar "mp_c4timer" = "35"
L 04/02/2015 - 13:41:25: Server cvar "mp_chattime" = "0"
L 04/02/2015 - 13:41:25: Server cvar "mp_consistency" = "1"
L 04/02/2015 - 13:41:25: Server cvar "mp_fadetoblack" = "0"
L 04/02/2015 - 13:41:25: Server cvar "mp_flashlight" = "1"
L 04/02/2015 - 13:41:25: Server cvar "mp_footsteps" = "1"
L 04/02/2015 - 13:41:25: Server cvar "mp_forcecamera" = "0"
L 04/02/2015 - 13:41:25: Server cvar "mp_forcechasecam" = "0"
L 04/02/2015 - 13:41:25: Server cvar "mp_fragsleft" = "0"
L 04/02/2015 - 13:41:25: Server cvar "mp_freezetime" = "5"
L 04/02/2015 - 13:41:25: Server cvar "mp_friendlyfire" = "0"
L 04/02/2015 - 13:41:25: Server cvar "mp_ghostfrequency" = "0.1"
L 04/02/2015 - 13:41:25: Server cvar "mp_hostagepenalty" = "0"
L 04/02/2015 - 13:41:25: Server cvar "mp_kickpercent" = "0.66"
L 04/02/2015 - 13:41:25: Server cvar "mp_limitteams" = "5"
L 04/02/2015 - 13:41:25: Server cvar "mp_logdetail" = "3"
L 04/02/2015 - 13:41:25: Server cvar "mp_logfile" = "1"
L 04/02/2015 - 13:41:25: Server cvar "mp_logmessages" = "1"
L 04/02/2015 - 13:41:25: Server cvar "mp_mapvoteratio" = "0.66"
L 04/02/2015 - 13:41:25: Server cvar "mp_maxrounds" = "0"
L 04/02/2015 - 13:41:25: Server cvar "mp_mirrordamage" = "0"
L 04/02/2015 - 13:41:25: Server cvar "mp_playerid" = "0"
L 04/02/2015 - 13:41:25: Server cvar "mp_roundtime" = "2.57"
L 04/02/2015 - 13:41:25: Server cvar "mp_startmoney" = "800"
L 04/02/2015 - 13:41:25: Server cvar "mp_timeleft" = "0"
L 04/02/2015 - 13:41:25: Server cvar "mp_timelimit" = "30"
L 04/02/2015 - 13:41:25: Server cvar "mp_tkpunish" = "1"
L 04/02/2015 - 13:41:25: Server cvar "mp_windifference" = "1"
L 04/02/2015 - 13:41:25: Server cvar "mp_winlimit" = "0"
L 04/02/2015 - 13:41:25: Server cvar "pausable" = "0"
L 04/02/2015 - 13:41:25: Server cvar "sv_accelerate" = "5"
L 04/02/2015 - 13:41:25: Server cvar "sv_aim" = "0"
L 04/02/2015 - 13:41:25: Server cvar "sv_airaccelerate" = "10"
L 04/02/2015 - 13:41:25: Server cvar "sv_airmove" = "1"
L 04/02/2015 - 13:41:25: Server cvar "sv_allowupload" = "1"
L 04/02/2015 - 13:41:25: Server cvar "sv_alltalk" = "0"
L 04/02/2015 - 13:41:25: Server cvar "sv_bounce" = "1"
L 04/02/2015 - 13:41:25: Server cvar "sv_cheats" = "0"
L 04/02/2015 - 13:41:25: Server cvar "sv_clienttrace" = "1"
L 04/02/2015 - 13:41:25: Server cvar "sv_clipmode" = "0"
L 04/02/2015 - 13:41:25: Server cvar "sv_contact" = ""
L 04/02/2015 - 13:41:25: Server cvar "sv_friction" = "4"
L 04/02/2015 - 13:41:25: Server cvar "sv_gravity" = "800"
L 04/02/2015 - 13:41:25: Server cvar "sv_logblocks" = "0"
L 04/02/2015 - 13:41:25: Server cvar "sv_maxrate" = "25000"
L 04/02/2015 - 13:41:25: Server cvar "sv_maxspeed" = "320"
L 04/02/2015 - 13:41:25: Server cvar "sv_minrate" = "100000"
L 04/02/2015 - 13:41:25: Server cvar "sv_password" = ""
L 04/02/2015 - 13:41:25: Server cvar "sv_proxies" = "0"
L 04/02/2015 - 13:41:25: Server cvar "sv_region" = "3"
L 04/02/2015 - 13:41:25: Server cvar "sv_restart" = "0"
L 04/02/2015 - 13:41:25: Server cvar "sv_restartround" = "0"
L 04/02/2015 - 13:41:25: Server cvar "sv_stepsize" = "18"
L 04/02/2015 - 13:41:25: Server cvar "sv_stopspeed" = "75"
L 04/02/2015 - 13:41:25: Server cvar "sv_uploadmax" = "0.5"
L 04/02/2015 - 13:41:25: Server cvar "sv_voiceenable" = "1"
L 04/02/2015 - 13:41:25: Server cvar "sv_wateraccelerate" = "10"
L 04/02/2015 - 13:41:25: Server cvar "sv_waterfriction" = "1"
L 04/02/2015 - 13:41:25: Server cvar "travo_statmarquee" = "v1.2"
L 04/02/2015 - 13:41:25: Server cvar "vtc_version" = "80"
L 04/02/2015 - 13:41:25: Server cvar "wallblocker_version" = "1.0"
L 04/02/2015 - 13:41:25: Server cvar "whb_version" = "1.5.530"
L 04/02/2015 - 13:41:25: Server cvars end
L 04/02/2015 - 13:41:26: Server cvar "sv_maxspeed" = "900"
L 04/02/2015 - 13:41:26: Server cvar "amx_nextmap" = "de_dust2_3x3"
L 04/02/2015 - 13:41:26: Server cvar "sv_restart" = "1"
L 04/02/2015 - 13:41:26: World triggered "Restart_Round_(1_second)"
L 04/02/2015 - 13:41:26: Team "CT" scored "0" with "0" players
L 04/02/2015 - 13:41:26: Team "TERRORIST" scored "0" with "0" players
L 04/02/2015 - 13:41:26: Server cvar "sv_restart" = "0"
L 04/02/2015 - 13:41:26: Started map "$2000$" (CRC "-1688392397")
L 04/02/2015 - 13:41:26: [VTC] Player 1 silk
L 04/02/2015 - 13:41:26: [VTC] Player 4 speex
L 04/02/2015 - 13:41:26: [VTC] Player 3 speex
L 04/02/2015 - 13:41:28: [DPROTO]: Client 1 - Set AuthIdType 3 [dp_RevEmu]; pClient = 0xb39d1dfc
L 04/02/2015 - 13:41:28: "999<16><STEAM_0:4:1625223357><>" connected, address "195.3.225.104:1065"
L 04/02/2015 - 13:41:28: [VTC] Player 2 speex
L 04/02/2015 - 13:41:29: "Attila<14><STEAM_0:4:1625223357><>" entered the game
L 04/02/2015 - 13:41:29: "Faszagyerevagyok xd <3<10><STEAM_0:4:1625223357><>" entered the game
L 04/02/2015 - 13:41:31: "999<16><STEAM_0:4:1625223357><>" entered the game
L 04/02/2015 - 13:41:31: World triggered "Round_Start"
L 04/02/2015 - 13:41:32: "Extazy<9><STEAM_0:1:113150434><>" entered the game
L 04/02/2015 - 13:41:32: "Faszagyerevagyok xd <3<10><STEAM_0:4:1625223357><>" joined team "CT"
L 04/02/2015 - 13:41:34: "999<16><STEAM_0:4:1625223357><>" joined team "TERRORIST"
L 04/02/2015 - 13:41:35: World triggered "Game_Commencing"
L 04/02/2015 - 13:41:35: World triggered "Game_Commencing" (CT "0") (T "0")
L 04/02/2015 - 13:41:35: World triggered "Round_End"
L 04/02/2015 - 13:41:35: "Attila<14><STEAM_0:4:1625223357><>" joined team "CT"
L 04/02/2015 - 13:41:43: World triggered "Round_Start"
L 04/02/2015 - 13:41:43: "Extazy<9><STEAM_0:1:113150434><>" joined team "TERRORIST"
L 04/02/2015 - 13:41:49: "Faszagyerevagyok xd <3<10><STEAM_0:4:1625223357><CT>" attacked "999<16><STEAM_0:4:1625223357><TERRORIST>" with "ak47" (damage "34") (damage_armor "0") (health "66") (armor "0")
L 04/02/2015 - 13:41:50: "Faszagyerevagyok xd <3<10><STEAM_0:4:1625223357><CT>" attacked "999<16><STEAM_0:4:1625223357><TERRORIST>" with "ak47" (damage "136") (damage_armor "0") (health "-70") (armor "0")
L 04/02/2015 - 13:41:50: "Faszagyerevagyok xd <3<10><STEAM_0:4:1625223357><CT>" killed "999<16><STEAM_0:4:1625223357><TERRORIST>" with "ak47"
L 04/02/2015 - 13:41:54: "Extazy<9><STEAM_0:1:113150434><TERRORIST>" attacked "Faszagyerevagyok xd <3<10><STEAM_0:4:1625223357><CT>" with "ak47" (damage "35") (damage_armor "0") (health "65") (armor "0")
L 04/02/2015 - 13:41:54: "Extazy<9><STEAM_0:1:113150434><TERRORIST>" attacked "Faszagyerevagyok xd <3<10><STEAM_0:4:1625223357><CT>" with "ak47" (damage "35") (damage_armor "0") (health "30") (armor "0")
L 04/02/2015 - 13:41:55: "Extazy<9><STEAM_0:1:113150434><TERRORIST>" attacked "Attila<14><STEAM_0:4:1625223357><CT>" with "ak47" (damage "35") (damage_armor "0") (health "65") (armor "0")
L 04/02/2015 - 13:41:56: "Extazy<9><STEAM_0:1:113150434><TERRORIST>" attacked "Attila<14><STEAM_0:4:1625223357><CT>" with "ak47" (damage "64") (damage_armor "0") (health "1") (armor "0")
L 04/02/2015 - 13:41:56: "Extazy<9><STEAM_0:1:113150434><TERRORIST>" attacked "Attila<14><STEAM_0:4:1625223357><CT>" with "ak47" (damage "16") (damage_armor "0") (health "-15") (armor "0")
L 04/02/2015 - 13:41:56: "Extazy<9><STEAM_0:1:113150434><TERRORIST>" killed "Attila<14><STEAM_0:4:1625223357><CT>" with "ak47"
L 04/02/2015 - 13:41:58: "Extazy<9><STEAM_0:1:113150434><TERRORIST>" attacked "Faszagyerevagyok xd <3<10><STEAM_0:4:1625223357><CT>" with "deagle" (damage "53") (damage_armor "0") (health "-23") (armor "0")
L 04/02/2015 - 13:41:58: "Extazy<9><STEAM_0:1:113150434><TERRORIST>" killed "Faszagyerevagyok xd <3<10><STEAM_0:4:1625223357><CT>" with "deagle"
L 04/02/2015 - 13:41:58: Team "TERRORIST" triggered "Terrorists_Win" (CT "0") (T "1")
L 04/02/2015 - 13:41:58: World triggered "Round_End"
L 04/02/2015 - 13:42:05: "Attila<14><STEAM_0:4:1625223357><CT>" triggered "weaponstats" (weapon "ak47") (shots "30") (hits "0") (kills "0") (headshots "0") (tks "0") (damage "0") (deaths "1")
L 04/02/2015 - 13:42:05: "Attila<14><STEAM_0:4:1625223357><CT>" triggered "weaponstats2" (weapon "ak47") (head "0") (chest "0") (stomach "0") (leftarm "0") (rightarm "0") (leftleg "0") (rightleg "0")
L 04/02/2015 - 13:42:05: "Attila<14><STEAM_0:4:1625223357><CT>" triggered "time" (time "0:36")
L 04/02/2015 - 13:42:05: "Attila<14><STEAM_0:4:1625223357><CT>" triggered "latency" (ping "60")
L 04/02/2015 - 13:42:05: "Attila<14><STEAM_0:4:1625223357><CT>" disconnected
L 04/02/2015 - 13:42:05: [DPROTO]: Client 3 - Set AuthIdType 3 [dp_RevEmu]; pClient = 0xb39dbbe4
L 04/02/2015 - 13:42:05: "Attila<17><STEAM_0:4:1625223357><>" connected, address "195.3.225.104:1064"
L 04/02/2015 - 13:42:06: Kick: "Attila<17><STEAM_0:4:1625223357><>" was kicked by "Console" (message ""Повторное подключение будет доступно через 19 секунд"")
L 04/02/2015 - 13:42:08: World triggered "Round_Start"
L 04/02/2015 - 13:42:14: "Extazy<9><STEAM_0:1:113150434><TERRORIST>" attacked "Faszagyerevagyok xd <3<10><STEAM_0:4:1625223357><CT>" with "ak47" (damage "35") (damage_armor "0") (health "65") (armor "0")
L 04/02/2015 - 13:42:14: "Extazy<9><STEAM_0:1:113150434><TERRORIST>" attacked "Faszagyerevagyok xd <3<10><STEAM_0:4:1625223357><CT>" with "ak47" (damage "35") (damage_armor "0") (health "30") (armor "0")
L 04/02/2015 - 13:42:14: "Extazy<9><STEAM_0:1:113150434><TERRORIST>" attacked "Faszagyerevagyok xd <3<10><STEAM_0:4:1625223357><CT>" with "ak47" (damage "25") (damage_armor "0") (health "5") (armor "0")
L 04/02/2015 - 13:42:15: "Extazy<9><STEAM_0:1:113150434><TERRORIST>" attacked "Faszagyerevagyok xd <3<10><STEAM_0:4:1625223357><CT>" with "ak47" (damage "25") (damage_armor "0") (health "-20") (armor "0")
L 04/02/2015 - 13:42:15: "Extazy<9><STEAM_0:1:113150434><TERRORIST>" killed "Faszagyerevagyok xd <3<10><STEAM_0:4:1625223357><CT>" with "ak47"
L 04/02/2015 - 13:42:15: Team "TERRORIST" triggered "Terrorists_Win" (CT "0") (T "2")
L 04/02/2015 - 13:42:15: World triggered "Round_End"
L 04/02/2015 - 13:42:25: World triggered "Round_Start"
L 04/02/2015 - 13:42:25: [DPROTO]: Client 4 - Set AuthIdType 3 [dp_RevEmu]; pClient = 0xb39e0ad8
L 04/02/2015 - 13:42:25: "ERIK JURKUC ERIK ERIK ERIK VOOK<18><STEAM_0:4:1625223357><>" connected, address "195.3.225.104:27005"
L 04/02/2015 - 13:42:25: [VTC] Player 5 speex
L 04/02/2015 - 13:42:28: "Faszagyerevagyok xd <3<10><STEAM_0:4:1625223357><CT>" attacked "999<16><STEAM_0:4:1625223357><TERRORIST>" with "ak47" (damage "25") (damage_armor "0") (health "75") (armor "0")
L 04/02/2015 - 13:42:28: "999<16><STEAM_0:4:1625223357><TERRORIST>" attacked "Faszagyerevagyok xd <3<10><STEAM_0:4:1625223357><CT>" with "ak47" (damage "25") (damage_armor "0") (health "75") (armor "0")
L 04/02/2015 - 13:42:28: "Faszagyerevagyok xd <3<10><STEAM_0:4:1625223357><CT>" attacked "999<16><STEAM_0:4:1625223357><TERRORIST>" with "ak47" (damage "34") (damage_armor "0") (health "41") (armor "0")
L 04/02/2015 - 13:42:29: "999<16><STEAM_0:4:1625223357><TERRORIST>" attacked "Faszagyerevagyok xd <3<10><STEAM_0:4:1625223357><CT>" with "ak47" (damage "34") (damage_armor "0") (health "41") (armor "0")
L 04/02/2015 - 13:42:29: "999<16><STEAM_0:4:1625223357><TERRORIST>" attacked "Faszagyerevagyok xd <3<10><STEAM_0:4:1625223357><CT>" with "ak47" (damage "34") (damage_armor "0") (health "7") (armor "0")
L 04/02/2015 - 13:42:29: "Faszagyerevagyok xd <3<10><STEAM_0:4:1625223357><CT>" attacked "999<16><STEAM_0:4:1625223357><TERRORIST>" with "ak47" (damage "136") (damage_armor "0") (health "-95") (armor "0")
L 04/02/2015 - 13:42:29: "Faszagyerevagyok xd <3<10><STEAM_0:4:1625223357><CT>" killed "999<16><STEAM_0:4:1625223357><TERRORIST>" with "ak47"
L 04/02/2015 - 13:42:30: [DPROTO]: Client 3 - Set AuthIdType 3 [dp_RevEmu]; pClient = 0xb39dbbe4
L 04/02/2015 - 13:42:30: "Attila<19><STEAM_0:4:1625223357><>" connected, address "195.3.225.104:1064"
L 04/02/2015 - 13:42:30: [VTC] Player 4 speex
L 04/02/2015 - 13:42:33: "Attila<19><STEAM_0:4:1625223357><>" entered the game
L 04/02/2015 - 13:42:35: [DPROTO]: Client 4 - Set AuthIdType 3 [dp_RevEmu]; pClient = 0xb39e0ad8
L 04/02/2015 - 13:42:35: "ERIK JURKUC ERIK ERIK ERIK VOOK<20><STEAM_0:4:1625223357><>" connected, address "195.3.225.104:27005"
L 04/02/2015 - 13:42:35: [VTC] Player 5 speex
L 04/02/2015 - 13:42:36: "Attila<19><STEAM_0:4:1625223357><>" joined team "TERRORIST"
L 04/02/2015 - 13:42:38: "ERIK JURKUC ERIK ERIK ERIK VOOK<20><STEAM_0:4:1625223357><>" entered the game
L 04/02/2015 - 13:42:41: "ERIK JURKUC ERIK ERIK ERIK VOOK<20><STEAM_0:4:1625223357><>" joined team "TERRORIST"
L 04/02/2015 - 13:42:42: [DPROTO]: Client 5 - Set AuthIdType 3 [dp_RevEmu]; pClient = 0xb39e59cc
L 04/02/2015 - 13:42:42: "NEO<21><STEAM_0:4:1625223357><>" connected, address "195.3.225.104:1062"
L 04/02/2015 - 13:42:42: [VTC] Player 6 speex
L 04/02/2015 - 13:42:44: "Extazy<9><STEAM_0:1:113150434><TERRORIST>" attacked "Faszagyerevagyok xd <3<10><STEAM_0:4:1625223357><CT>" with "ak47" (damage "42") (damage_armor "0") (health "-35") (armor "0")
L 04/02/2015 - 13:42:44: "Extazy<9><STEAM_0:1:113150434><TERRORIST>" killed "Faszagyerevagyok xd <3<10><STEAM_0:4:1625223357><CT>" with "ak47"
L 04/02/2015 - 13:42:44: Team "TERRORIST" triggered "Terrorists_Win" (CT "0") (T "3")
L 04/02/2015 - 13:42:44: World triggered "Round_End"
L 04/02/2015 - 13:42:45: "ERIK JURKUC ERIK ERIK ERIK VOOK<20><STEAM_0:4:1625223357><TERRORIST>" committed suicide with "world"
L 04/02/2015 - 13:42:45: "ERIK JURKUC ERIK ERIK ERIK VOOK<20><STEAM_0:4:1625223357><TERRORIST>" joined team "CT"
L 04/02/2015 - 13:42:46: "NEO<21><STEAM_0:4:1625223357><>" entered the game
L 04/02/2015 - 13:42:50: "NEO<21><STEAM_0:4:1625223357><>" joined team "TERRORIST"
L 04/02/2015 - 13:42:54: World triggered "Round_Start"
L 04/02/2015 - 13:42:57: "NEO<21><STEAM_0:4:1625223357><TERRORIST>" attacked "Faszagyerevagyok xd <3<10><STEAM_0:4:1625223357><CT>" with "ak47" (damage "25") (damage_armor "0") (health "75") (armor "0")
L 04/02/2015 - 13:42:57: "Faszagyerevagyok xd <3<10><STEAM_0:4:1625223357><CT>" attacked "NEO<21><STEAM_0:4:1625223357><TERRORIST>" with "ak47" (damage "25") (damage_armor "0") (health "75") (armor "0")
L 04/02/2015 - 13:42:57: "NEO<21><STEAM_0:4:1625223357><TERRORIST>" attacked "Faszagyerevagyok xd <3<10><STEAM_0:4:1625223357><CT>" with "ak47" (damage "25") (damage_armor "0") (health "50") (armor "0")
L 04/02/2015 - 13:42:58: "Faszagyerevagyok xd <3<10><STEAM_0:4:1625223357><CT>" attacked "NEO<21><STEAM_0:4:1625223357><TERRORIST>" with "ak47" (damage "25") (damage_armor "0") (health "50") (armor "0")
L 04/02/2015 - 13:42:58: "Extazy<9><STEAM_0:1:113150434><TERRORIST>" attacked "Faszagyerevagyok xd <3<10><STEAM_0:4:1625223357><CT>" with "ak47" (damage "34") (damage_armor "0") (health "16") (armor "0")
L 04/02/2015 - 13:42:58: "999<16><STEAM_0:4:1625223357><TERRORIST>" attacked "Faszagyerevagyok xd <3<10><STEAM_0:4:1625223357><CT>" with "aug" (damage "116") (damage_armor "0") (health "-100") (armor "0")
L 04/02/2015 - 13:42:58: "999<16><STEAM_0:4:1625223357><TERRORIST>" killed "Faszagyerevagyok xd <3<10><STEAM_0:4:1625223357><CT>" with "aug"
L 04/02/2015 - 13:43:02: "Faszagyerevagyok xd <3<10><STEAM_0:4:1625223357><CT>" triggered "weaponstats" (weapon "grenade") (shots "1") (hits "1") (kills "0") (headshots "0") (tks "0") (damage "21") (deaths "0")
L 04/02/2015 - 13:43:02: "Faszagyerevagyok xd <3<10><STEAM_0:4:1625223357><CT>" triggered "weaponstats2" (weapon "grenade") (head "0") (chest "0") (stomach "0") (leftarm "0") (rightarm "0") (leftleg "0") (rightleg "0")
L 04/02/2015 - 13:43:02: "Faszagyerevagyok xd <3<10><STEAM_0:4:1625223357><CT>" triggered "weaponstats" (weapon "awp") (shots "1") (hits "0") (kills "0") (headshots "0") (tks "0") (damage "0") (deaths "1")
L 04/02/2015 - 13:43:02: "Faszagyerevagyok xd <3<10><STEAM_0:4:1625223357><CT>" triggered "weaponstats2" (weapon "awp") (head "0") (chest "0") (stomach "0") (leftarm "0") (rightarm "0") (leftleg "0") (rightleg "0")
L 04/02/2015 - 13:43:02: "Faszagyerevagyok xd <3<10><STEAM_0:4:1625223357><CT>" triggered "weaponstats" (weapon "ak47") (shots "20") (hits "7") (kills "2") (headshots "2") (tks "0") (damage "415") (deaths "3")
L 04/02/2015 - 13:43:02: "Faszagyerevagyok xd <3<10><STEAM_0:4:1625223357><CT>" triggered "weaponstats2" (weapon "ak47") (head "2") (chest "0") (stomach "0") (leftarm "2") (rightarm "0") (leftleg "2") (rightleg "1")
L 04/02/2015 - 13:43:02: "Faszagyerevagyok xd <3<10><STEAM_0:4:1625223357><CT>" triggered "weaponstats" (weapon "knife") (shots "1") (hits "0") (kills "0") (headshots "0") (tks "0") (damage "0") (deaths "0")
L 04/02/2015 - 13:43:02: "Faszagyerevagyok xd <3<10><STEAM_0:4:1625223357><CT>" triggered "weaponstats2" (weapon "knife") (head "0") (chest "0") (stomach "0") (leftarm "0") (rightarm "0") (leftleg "0") (rightleg "0")
L 04/02/2015 - 13:43:02: "Faszagyerevagyok xd <3<10><STEAM_0:4:1625223357><CT>" triggered "time" (time "1:32")
L 04/02/2015 - 13:43:02: "Faszagyerevagyok xd <3<10><STEAM_0:4:1625223357><CT>" triggered "latency" (ping "67")
L 04/02/2015 - 13:43:02: "Faszagyerevagyok xd <3<10><STEAM_0:4:1625223357><CT>" disconnected
L 04/02/2015 - 13:43:02: [DPROTO]: Client 2 - Set AuthIdType 3 [dp_RevEmu]; pClient = 0xb39d6cf0
L 04/02/2015 - 13:43:02: "Faszagyerevagyok xd <3<22><STEAM_0:4:1625223357><>" connected, address "195.3.225.104:1063"
L 04/02/2015 - 13:43:02: Kick: "Faszagyerevagyok xd <3<22><STEAM_0:4:1625223357><>" was kicked by "Console" (message ""Повторное подключение будет доступно через 20 секунд"")
L 04/02/2015 - 13:43:06: "Extazy<9><STEAM_0:1:113150434><TERRORIST>" attacked "ERIK JURKUC ERIK ERIK ERIK VOOK<20><STEAM_0:4:1625223357><CT>" with "ak47" (damage "35") (damage_armor "0") (health "65") (armor "0")
L 04/02/2015 - 13:43:06: "Attila<19><STEAM_0:4:1625223357><TERRORIST>" attacked "ERIK JURKUC ERIK ERIK ERIK VOOK<20><STEAM_0:4:1625223357><CT>" with "ak47" (damage "35") (damage_armor "0") (health "30") (armor "0")
L 04/02/2015 - 13:43:06: "Extazy<9><STEAM_0:1:113150434><TERRORIST>" attacked "ERIK JURKUC ERIK ERIK ERIK VOOK<20><STEAM_0:4:1625223357><CT>" with "ak47" (damage "35") (damage_armor "0") (health "-5") (armor "0")
L 04/02/2015 - 13:43:06: "Extazy<9><STEAM_0:1:113150434><TERRORIST>" killed "ERIK JURKUC ERIK ERIK ERIK VOOK<20><STEAM_0:4:1625223357><CT>" with "ak47"
L 04/02/2015 - 13:43:06: Team "TERRORIST" triggered "Terrorists_Win" (CT "0") (T "4")
L 04/02/2015 - 13:43:06: World triggered "Round_End"
L 04/02/2015 - 13:43:06: [DPROTO]: Client 2 - Set AuthIdType 3 [dp_RevEmu]; pClient = 0xb39d6cf0
L 04/02/2015 - 13:43:06: "Faszagyerevagyok xd <3<23><STEAM_0:4:1625223357><>" connected, address "195.3.225.104:1063"
L 04/02/2015 - 13:43:06: Kick: "Faszagyerevagyok xd <3<23><STEAM_0:4:1625223357><>" was kicked by "Console" (message ""Повторное подключение будет доступно через 16 секунд"")
L 04/02/2015 - 13:43:13: "NEO<21><STEAM_0:4:1625223357><TERRORIST>" committed suicide with "world"
L 04/02/2015 - 13:43:13: "NEO<21><STEAM_0:4:1625223357><TERRORIST>" joined team "CT"
L 04/02/2015 - 13:43:16: World triggered "Round_Start"
L 04/02/2015 - 13:43:22: [DPROTO]: Client 2 - Set AuthIdType 3 [dp_RevEmu]; pClient = 0xb39d6cf0
L 04/02/2015 - 13:43:22: "Faszagyerevagyok xd <3<24><STEAM_0:4:1625223357><>" connected, address "195.3.225.104:1063"
L 04/02/2015 - 13:43:23: [VTC] Player 3 speex
L 04/02/2015 - 13:43:23: "999<16><STEAM_0:4:1625223357><TERRORIST>" attacked "ERIK JURKUC ERIK ERIK ERIK VOOK<20><STEAM_0:4:1625223357><CT>" with "aug" (damage "37") (damage_armor "0") (health "63") (armor "0")
L 04/02/2015 - 13:43:23: "999<16><STEAM_0:4:1625223357><TERRORIST>" attacked "ERIK JURKUC ERIK ERIK ERIK VOOK<20><STEAM_0:4:1625223357><CT>" with "aug" (damage "37") (damage_armor "0") (health "26") (armor "0")
L 04/02/2015 - 13:43:23: "999<16><STEAM_0:4:1625223357><TERRORIST>" attacked "ERIK JURKUC ERIK ERIK ERIK VOOK<20><STEAM_0:4:1625223357><CT>" with "aug" (damage "37") (damage_armor "0") (health "-11") (armor "0")
L 04/02/2015 - 13:43:23: "999<16><STEAM_0:4:1625223357><TERRORIST>" killed "ERIK JURKUC ERIK ERIK ERIK VOOK<20><STEAM_0:4:1625223357><CT>" with "aug"
L 04/02/2015 - 13:43:23: Team "TERRORIST" triggered "Terrorists_Win" (CT "0") (T "5")
L 04/02/2015 - 13:43:23: World triggered "Round_End"
L 04/02/2015 - 13:43:26: "Faszagyerevagyok xd <3<24><STEAM_0:4:1625223357><>" entered the game
L 04/02/2015 - 13:43:28: "Faszagyerevagyok xd <3<24><STEAM_0:4:1625223357><>" joined team "CT"
L 04/02/2015 - 13:43:33: World triggered "Round_Start"
L 04/02/2015 - 13:43:38: "Faszagyerevagyok xd <3<24><STEAM_0:4:1625223357><CT>" attacked "999<16><STEAM_0:4:1625223357><TERRORIST>" with "ak47" (damage "43") (damage_armor "0") (health "57") (armor "0")
L 04/02/2015 - 13:43:38: "Extazy<9><STEAM_0:1:113150434><TERRORIST>" attacked "Faszagyerevagyok xd <3<24><STEAM_0:4:1625223357><CT>" with "ak47" (damage "136") (damage_armor "0") (health "-36") (armor "0")
L 04/02/2015 - 13:43:38: "Extazy<9><STEAM_0:1:113150434><TERRORIST>" killed "Faszagyerevagyok xd <3<24><STEAM_0:4:1625223357><CT>" with "ak47"
L 04/02/2015 - 13:43:40: "NEO<21><STEAM_0:4:1625223357><CT>" attacked "999<16><STEAM_0:4:1625223357><TERRORIST>" with "m4a1" (damage "36") (damage_armor "0") (health "21") (armor "0")
L 04/02/2015 - 13:43:40: "NEO<21><STEAM_0:4:1625223357><CT>" attacked "999<16><STEAM_0:4:1625223357><TERRORIST>" with "m4a1" (damage "36") (damage_armor "0") (health "-15") (armor "0")
L 04/02/2015 - 13:43:40: "NEO<21><STEAM_0:4:1625223357><CT>" killed "999<16><STEAM_0:4:1625223357><TERRORIST>" with "m4a1"
L 04/02/2015 - 13:43:42: "NEO<21><STEAM_0:4:1625223357><CT>" attacked "Attila<19><STEAM_0:4:1625223357><TERRORIST>" with "m4a1" (damage "31") (damage_armor "0") (health "69") (armor "0")
L 04/02/2015 - 13:43:42: "NEO<21><STEAM_0:4:1625223357><CT>" attacked "Attila<19><STEAM_0:4:1625223357><TERRORIST>" with "m4a1" (damage "124") (damage_armor "0") (health "-55") (armor "0")
L 04/02/2015 - 13:43:42: "NEO<21><STEAM_0:4:1625223357><CT>" killed "Attila<19><STEAM_0:4:1625223357><TERRORIST>" with "m4a1"
L 04/02/2015 - 13:43:42: "Extazy<9><STEAM_0:1:113150434><TERRORIST>" attacked "ERIK JURKUC ERIK ERIK ERIK VOOK<20><STEAM_0:4:1625223357><CT>" with "ak47" (damage "34") (damage_armor "0") (health "66") (armor "0")
L 04/02/2015 - 13:43:43: "Extazy<9><STEAM_0:1:113150434><TERRORIST>" attacked "ERIK JURKUC ERIK ERIK ERIK VOOK<20><STEAM_0:4:1625223357><CT>" with "ak47" (damage "136") (damage_armor "0") (health "-70") (armor "0")
L 04/02/2015 - 13:43:43: "Extazy<9><STEAM_0:1:113150434><TERRORIST>" killed "ERIK JURKUC ERIK ERIK ERIK VOOK<20><STEAM_0:4:1625223357><CT>" with "ak47"
L 04/02/2015 - 13:43:51: "NEO<21><STEAM_0:4:1625223357><CT>" attacked "Extazy<9><STEAM_0:1:113150434><TERRORIST>" with "m4a1" (damage "20") (damage_armor "5") (health "80") (armor "95")
L 04/02/2015 - 13:43:52: "NEO<21><STEAM_0:4:1625223357><CT>" attacked "Extazy<9><STEAM_0:1:113150434><TERRORIST>" with "m4a1" (damage "39") (damage_armor "8") (health "41") (armor "87")
L 04/02/2015 - 13:43:55: "Extazy<9><STEAM_0:1:113150434><TERRORIST>" attacked "NEO<21><STEAM_0:4:1625223357><CT>" with "ak47" (damage "25") (damage_armor "0") (health "48") (armor "0")
L 04/02/2015 - 13:43:57: "Extazy<9><STEAM_0:1:113150434><TERRORIST>" attacked "NEO<21><STEAM_0:4:1625223357><CT>" with "ak47" (damage "34") (damage_armor "0") (health "14") (armor "0")
L 04/02/2015 - 13:43:57: "Extazy<9><STEAM_0:1:113150434><TERRORIST>" attacked "NEO<21><STEAM_0:4:1625223357><CT>" with "ak47" (damage "34") (damage_armor "0") (health "-20") (armor "0")
L 04/02/2015 - 13:43:57: "Extazy<9><STEAM_0:1:113150434><TERRORIST>" killed "NEO<21><STEAM_0:4:1625223357><CT>" with "ak47"
L 04/02/2015 - 13:43:57: Team "TERRORIST" triggered "Terrorists_Win" (CT "0") (T "6")
L 04/02/2015 - 13:43:57: World triggered "Round_End"
L 04/02/2015 - 13:44:07: World triggered "Round_Start"
L 04/02/2015 - 13:44:14: "Extazy<9><STEAM_0:1:113150434><TERRORIST>" attacked "NEO<21><STEAM_0:4:1625223357><CT>" with "ak47" (damage "34") (damage_armor "0") (health "66") (armor "0")
L 04/02/2015 - 13:44:14: "Extazy<9><STEAM_0:1:113150434><TERRORIST>" attacked "NEO<21><STEAM_0:4:1625223357><CT>" with "ak47" (damage "25") (damage_armor "0") (health "41") (armor "0")
L 04/02/2015 - 13:44:14: "Extazy<9><STEAM_0:1:113150434><TERRORIST>" attacked "NEO<21><STEAM_0:4:1625223357><CT>" with "ak47" (damage "25") (damage_armor "0") (health "16") (armor "0")
L 04/02/2015 - 13:44:15: "Extazy<9><STEAM_0:1:113150434><TERRORIST>" attacked "NEO<21><STEAM_0:4:1625223357><CT>" with "ak47" (damage "25") (damage_armor "0") (health "-9") (armor "0")
L 04/02/2015 - 13:44:15: "Extazy<9><STEAM_0:1:113150434><TERRORIST>" killed "NEO<21><STEAM_0:4:1625223357><CT>" with "ak47"
L 04/02/2015 - 13:44:16: "ERIK JURKUC ERIK ERIK ERIK VOOK<20><STEAM_0:4:1625223357><CT>" attacked "Attila<19><STEAM_0:4:1625223357><TERRORIST>" with "ak47" (damage "35") (damage_armor "0") (health "44") (armor "0")
L 04/02/2015 - 13:44:16: "ERIK JURKUC ERIK ERIK ERIK VOOK<20><STEAM_0:4:1625223357><CT>" attacked "Attila<19><STEAM_0:4:1625223357><TERRORIST>" with "ak47" (damage "140") (damage_armor "0") (health "-96") (armor "0")
L 04/02/2015 - 13:44:16: "ERIK JURKUC ERIK ERIK ERIK VOOK<20><STEAM_0:4:1625223357><CT>" killed "Attila<19><STEAM_0:4:1625223357><TERRORIST>" with "ak47"
L 04/02/2015 - 13:44:21: "Faszagyerevagyok xd <3<24><STEAM_0:4:1625223357><CT>" attacked "999<16><STEAM_0:4:1625223357><TERRORIST>" with "ak47" (damage "25") (damage_armor "0") (health "75") (armor "0")
L 04/02/2015 - 13:44:21: "Faszagyerevagyok xd <3<24><STEAM_0:4:1625223357><CT>" attacked "999<16><STEAM_0:4:1625223357><TERRORIST>" with "ak47" (damage "42") (damage_armor "0") (health "5") (armor "0")
L 04/02/2015 - 13:44:21: "Attila<19><STEAM_0:4:1625223357><TERRORIST>" triggered "weaponstats" (weapon "grenade") (shots "1") (hits "0") (kills "0") (headshots "0") (tks "0") (damage "0") (deaths "0")
L 04/02/2015 - 13:44:21: "Attila<19><STEAM_0:4:1625223357><TERRORIST>" triggered "weaponstats2" (weapon "grenade") (head "0") (chest "0") (stomach "0") (leftarm "0") (rightarm "0") (leftleg "0") (rightleg "0")
L 04/02/2015 - 13:44:21: "Attila<19><STEAM_0:4:1625223357><TERRORIST>" triggered "weaponstats" (weapon "ak47") (shots "6") (hits "1") (kills "0") (headshots "0") (tks "0") (damage "35") (deaths "0")
L 04/02/2015 - 13:44:21: "Attila<19><STEAM_0:4:1625223357><TERRORIST>" triggered "weaponstats2" (weapon "ak47") (head "0") (chest "0") (stomach "0") (leftarm "0") (rightarm "1") (leftleg "0") (rightleg "0")
L 04/02/2015 - 13:44:21: "Attila<19><STEAM_0:4:1625223357><TERRORIST>" triggered "time" (time "1:48")
L 04/02/2015 - 13:44:21: "Attila<19><STEAM_0:4:1625223357><TERRORIST>" triggered "latency" (ping "64")
L 04/02/2015 - 13:44:21: "Attila<19><STEAM_0:4:1625223357><TERRORIST>" disconnected
L 04/02/2015 - 13:44:23: "Faszagyerevagyok xd <3<24><STEAM_0:4:1625223357><CT>" attacked "999<16><STEAM_0:4:1625223357><TERRORIST>" with "ak47" (damage "34") (damage_armor "0") (health "-29") (armor "0")
L 04/02/2015 - 13:44:23: "Faszagyerevagyok xd <3<24><STEAM_0:4:1625223357><CT>" killed "999<16><STEAM_0:4:1625223357><TERRORIST>" with "ak47"
L 04/02/2015 - 13:44:28: [DPROTO]: Client 3 - Set AuthIdType 3 [dp_RevEmu]; pClient = 0xb39dbbe4
L 04/02/2015 - 13:44:28: "Dashka)<25><STEAM_0:4:1819685203><>" connected, address "31.128.176.113:27005"
L 04/02/2015 - 13:44:28: [VTC] Player 4 speex
L 04/02/2015 - 13:44:32: "Dashka)<25><STEAM_0:4:1819685203><>" entered the game
L 04/02/2015 - 13:44:34: "Extazy<9><STEAM_0:1:113150434><TERRORIST>" attacked "Faszagyerevagyok xd <3<24><STEAM_0:4:1625223357><CT>" with "ak47" (damage "34") (damage_armor "0") (health "66") (armor "0")
L 04/02/2015 - 13:44:35: "Extazy<9><STEAM_0:1:113150434><TERRORIST>" attacked "Faszagyerevagyok xd <3<24><STEAM_0:4:1625223357><CT>" with "ak47" (damage "25") (damage_armor "0") (health "41") (armor "0")
L 04/02/2015 - 13:44:35: "Dashka)<25><STEAM_0:4:1819685203><>" joined team "TERRORIST"
L 04/02/2015 - 13:44:37: "Extazy<9><STEAM_0:1:113150434><TERRORIST>" attacked "ERIK JURKUC ERIK ERIK ERIK VOOK<20><STEAM_0:4:1625223357><CT>" with "ak47" (damage "34") (damage_armor "0") (health "66") (armor "0")
L 04/02/2015 - 13:44:38: "Extazy<9><STEAM_0:1:113150434><TERRORIST>" attacked "ERIK JURKUC ERIK ERIK ERIK VOOK<20><STEAM_0:4:1625223357><CT>" with "ak47" (damage "25") (damage_armor "0") (health "41") (armor "0")
L 04/02/2015 - 13:44:38: "Extazy<9><STEAM_0:1:113150434><TERRORIST>" attacked "ERIK JURKUC ERIK ERIK ERIK VOOK<20><STEAM_0:4:1625223357><CT>" with "ak47" (damage "25") (damage_armor "0") (health "16") (armor "0")
L 04/02/2015 - 13:44:38: "Extazy<9><STEAM_0:1:113150434><TERRORIST>" attacked "ERIK JURKUC ERIK ERIK ERIK VOOK<20><STEAM_0:4:1625223357><CT>" with "ak47" (damage "25") (damage_armor "0") (health "-9") (armor "0")
L 04/02/2015 - 13:44:38: "Extazy<9><STEAM_0:1:113150434><TERRORIST>" killed "ERIK JURKUC ERIK ERIK ERIK VOOK<20><STEAM_0:4:1625223357><CT>" with "ak47"
L 04/02/2015 - 13:44:41: "Faszagyerevagyok xd <3<24><STEAM_0:4:1625223357><CT>" attacked "Extazy<9><STEAM_0:1:113150434><TERRORIST>" with "ak47" (damage "26") (damage_armor "0") (health "74") (armor "100")
L 04/02/2015 - 13:44:41: "Extazy<9><STEAM_0:1:113150434><TERRORIST>" attacked "Faszagyerevagyok xd <3<24><STEAM_0:4:1625223357><CT>" with "deagle" (damage "47") (damage_armor "0") (health "-6") (armor "0")
L 04/02/2015 - 13:44:41: "Extazy<9><STEAM_0:1:113150434><TERRORIST>" killed "Faszagyerevagyok xd <3<24><STEAM_0:4:1625223357><CT>" with "deagle"
L 04/02/2015 - 13:44:41: Team "TERRORIST" triggered "Terrorists_Win" (CT "0") (T "7")
L 04/02/2015 - 13:44:41: World triggered "Round_End"
L 04/02/2015 - 13:44:49: "999<16><STEAM_0:4:1625223357><TERRORIST>" committed suicide with "world"
L 04/02/2015 - 13:44:49: "999<16><STEAM_0:4:1625223357><TERRORIST>" joined team "CT"
L 04/02/2015 - 13:44:51: World triggered "Round_Start"
L 04/02/2015 - 13:44:55: "NEO<21><STEAM_0:4:1625223357><CT>" attacked "Extazy<9><STEAM_0:1:113150434><TERRORIST>" with "ak47" (damage "25") (damage_armor "0") (health "75") (armor "100")
L 04/02/2015 - 13:44:55: "NEO<21><STEAM_0:4:1625223357><CT>" attacked "Extazy<9><STEAM_0:1:113150434><TERRORIST>" with "ak47" (damage "26") (damage_armor "4") (health "49") (armor "96")
L 04/02/2015 - 13:44:58: "Dashka)<25><STEAM_0:4:1819685203><TERRORIST>" attacked "Faszagyerevagyok xd <3<24><STEAM_0:4:1625223357><CT>" with "aug" (damage "21") (damage_armor "0") (health "79") (armor "0")
L 04/02/2015 - 13:44:59: "Dashka)<25><STEAM_0:4:1819685203><TERRORIST>" attacked "Faszagyerevagyok xd <3<24><STEAM_0:4:1625223357><CT>" with "aug" (damage "21") (damage_armor "0") (health "58") (armor "0")
L 04/02/2015 - 13:44:59: "Dashka)<25><STEAM_0:4:1819685203><TERRORIST>" attacked "Faszagyerevagyok xd <3<24><STEAM_0:4:1625223357><CT>" with "aug" (damage "21") (damage_armor "0") (health "37") (armor "0")
L 04/02/2015 - 13:44:59: "Faszagyerevagyok xd <3<24><STEAM_0:4:1625223357><CT>" attacked "Dashka)<25><STEAM_0:4:1819685203><TERRORIST>" with "ak47" (damage "34") (damage_armor "0") (health "66") (armor "0")
L 04/02/2015 - 13:44:59: "Dashka)<25><STEAM_0:4:1819685203><TERRORIST>" attacked "Faszagyerevagyok xd <3<24><STEAM_0:4:1625223357><CT>" with "aug" (damage "30") (damage_armor "0") (health "7") (armor "0")
L 04/02/2015 - 13:45:00: "Dashka)<25><STEAM_0:4:1819685203><TERRORIST>" attacked "Faszagyerevagyok xd <3<24><STEAM_0:4:1625223357><CT>" with "aug" (damage "21") (damage_armor "0") (health "-14") (armor "0")
L 04/02/2015 - 13:45:00: "Dashka)<25><STEAM_0:4:1819685203><TERRORIST>" killed "Faszagyerevagyok xd <3<24><STEAM_0:4:1625223357><CT>" with "aug"
L 04/02/2015 - 13:45:01: "ERIK JURKUC ERIK ERIK ERIK VOOK<20><STEAM_0:4:1625223357><CT>" attacked "Dashka)<25><STEAM_0:4:1819685203><TERRORIST>" with "ak47" (damage "42") (damage_armor "0") (health "24") (armor "0")
L 04/02/2015 - 13:45:01: "NEO<21><STEAM_0:4:1625223357><CT>" attacked "Extazy<9><STEAM_0:1:113150434><TERRORIST>" with "awp" (damage "84") (damage_armor "0") (health "-35") (armor "96")
L 04/02/2015 - 13:45:01: "NEO<21><STEAM_0:4:1625223357><CT>" killed "Extazy<9><STEAM_0:1:113150434><TERRORIST>" with "awp"
L 04/02/2015 - 13:45:01: "ERIK JURKUC ERIK ERIK ERIK VOOK<20><STEAM_0:4:1625223357><CT>" attacked "Dashka)<25><STEAM_0:4:1819685203><TERRORIST>" with "ak47" (damage "25") (damage_armor "0") (health "-1") (armor "0")
L 04/02/2015 - 13:45:01: "ERIK JURKUC ERIK ERIK ERIK VOOK<20><STEAM_0:4:1625223357><CT>" killed "Dashka)<25><STEAM_0:4:1819685203><TERRORIST>" with "ak47"
L 04/02/2015 - 13:45:01: Team "CT" triggered "CTs_Win" (CT "1") (T "7")
L 04/02/2015 - 13:45:01: World triggered "Round_End"
L 04/02/2015 - 13:45:11: World triggered "Round_Start"
L 04/02/2015 - 13:45:18: "Extazy<9><STEAM_0:1:113150434><TERRORIST>" attacked "NEO<21><STEAM_0:4:1625223357><CT>" with "ak47" (damage "24") (damage_armor "0") (health "76") (armor "0")
L 04/02/2015 - 13:45:20: "ERIK JURKUC ERIK ERIK ERIK VOOK<20><STEAM_0:4:1625223357><CT>" attacked "Dashka)<25><STEAM_0:4:1819685203><TERRORIST>" with "ak47" (damage "43") (damage_armor "0") (health "57") (armor "0")
L 04/02/2015 - 13:45:20: "ERIK JURKUC ERIK ERIK ERIK VOOK<20><STEAM_0:4:1625223357><CT>" attacked "Dashka)<25><STEAM_0:4:1819685203><TERRORIST>" with "ak47" (damage "35") (damage_armor "0") (health "22") (armor "0")
L 04/02/2015 - 13:45:20: "ERIK JURKUC ERIK ERIK ERIK VOOK<20><STEAM_0:4:1625223357><CT>" attacked "Dashka)<25><STEAM_0:4:1819685203><TERRORIST>" with "ak47" (damage "140") (damage_armor "0") (health "-118") (armor "0")
L 04/02/2015 - 13:45:20: "ERIK JURKUC ERIK ERIK ERIK VOOK<20><STEAM_0:4:1625223357><CT>" killed "Dashka)<25><STEAM_0:4:1819685203><TERRORIST>" with "ak47"
L 04/02/2015 - 13:45:21: "NEO<21><STEAM_0:4:1625223357><CT>" attacked "Extazy<9><STEAM_0:1:113150434><TERRORIST>" with "awp" (damage "135") (damage_armor "2") (health "-35") (armor "98")
L 04/02/2015 - 13:45:21: "NEO<21><STEAM_0:4:1625223357><CT>" killed "Extazy<9><STEAM_0:1:113150434><TERRORIST>" with "awp"
L 04/02/2015 - 13:45:21: Team "CT" triggered "CTs_Win" (CT "2") (T "7")
L 04/02/2015 - 13:45:21: World triggered "Round_End"
L 04/02/2015 - 13:45:26: "Faszagyerevagyok xd <3<24><STEAM_0:4:1625223357><CT>" joined team "TERRORIST" (auto)
L 04/02/2015 - 13:45:31: World triggered "Round_Start"
L 04/02/2015 - 13:45:32: "NEO<21><STEAM_0:4:1625223357><CT>" attacked "Faszagyerevagyok xd <3<24><STEAM_0:4:1625223357><TERRORIST>" with "awp" (damage "84") (damage_armor "0") (health "16") (armor "0")
L 04/02/2015 - 13:45:33: "ERIK JURKUC ERIK ERIK ERIK VOOK<20><STEAM_0:4:1625223357><CT>" attacked "Faszagyerevagyok xd <3<24><STEAM_0:4:1625223357><TERRORIST>" with "ak47" (damage "34") (damage_armor "0") (health "-18") (armor "0")
L 04/02/2015 - 13:45:33: "ERIK JURKUC ERIK ERIK ERIK VOOK<20><STEAM_0:4:1625223357><CT>" killed "Faszagyerevagyok xd <3<24><STEAM_0:4:1625223357><TERRORIST>" with "ak47"
L 04/02/2015 - 13:45:38: "Extazy<9><STEAM_0:1:113150434><TERRORIST>" attacked "ERIK JURKUC ERIK ERIK ERIK VOOK<20><STEAM_0:4:1625223357><CT>" with "m4a1" (damage "29") (damage_armor "0") (health "71") (armor "0")
L 04/02/2015 - 13:45:38: "Extazy<9><STEAM_0:1:113150434><TERRORIST>" attacked "ERIK JURKUC ERIK ERIK ERIK VOOK<20><STEAM_0:4:1625223357><CT>" with "m4a1" (damage "36") (damage_armor "0") (health "35") (armor "0")
L 04/02/2015 - 13:45:38: "ERIK JURKUC ERIK ERIK ERIK VOOK<20><STEAM_0:4:1625223357><CT>" attacked "Dashka)<25><STEAM_0:4:1819685203><TERRORIST>" with "ak47" (damage "140") (damage_armor "0") (health "-40") (armor "0")
L 04/02/2015 - 13:45:38: "ERIK JURKUC ERIK ERIK ERIK VOOK<20><STEAM_0:4:1625223357><CT>" killed "Dashka)<25><STEAM_0:4:1819685203><TERRORIST>" with "ak47"
L 04/02/2015 - 13:45:39: "Extazy<9><STEAM_0:1:113150434><TERRORIST>" attacked "ERIK JURKUC ERIK ERIK ERIK VOOK<20><STEAM_0:4:1625223357><CT>" with "m4a1" (damage "29") (damage_armor "0") (health "6") (armor "0")
L 04/02/2015 - 13:45:39: "Extazy<9><STEAM_0:1:113150434><TERRORIST>" attacked "ERIK JURKUC ERIK ERIK ERIK VOOK<20><STEAM_0:4:1625223357><CT>" with "m4a1" (damage "29") (damage_armor "0") (health "-23") (armor "0")
L 04/02/2015 - 13:45:39: "Extazy<9><STEAM_0:1:113150434><TERRORIST>" killed "ERIK JURKUC ERIK ERIK ERIK VOOK<20><STEAM_0:4:1625223357><CT>" with "m4a1"
L 04/02/2015 - 13:45:43: "Extazy<9><STEAM_0:1:113150434><TERRORIST>" attacked "NEO<21><STEAM_0:4:1625223357><CT>" with "m4a1" (damage "32") (damage_armor "0") (health "68") (armor "0")
L 04/02/2015 - 13:45:43: "Extazy<9><STEAM_0:1:113150434><TERRORIST>" attacked "NEO<21><STEAM_0:4:1625223357><CT>" with "m4a1" (damage "128") (damage_armor "0") (health "-60") (armor "0")
L 04/02/2015 - 13:45:43: "Extazy<9><STEAM_0:1:113150434><TERRORIST>" killed "NEO<21><STEAM_0:4:1625223357><CT>" with "m4a1"
L 04/02/2015 - 13:45:44: "999<16><STEAM_0:4:1625223357><CT>" attacked "Extazy<9><STEAM_0:1:113150434><TERRORIST>" with "aug" (damage "27") (damage_armor "6") (health "73") (armor "94")
L 04/02/2015 - 13:45:45: "999<16><STEAM_0:4:1625223357><CT>" attacked "Extazy<9><STEAM_0:1:113150434><TERRORIST>" with "aug" (damage "21") (damage_armor "5") (health "52") (armor "89")
L 04/02/2015 - 13:45:45: "999<16><STEAM_0:4:1625223357><CT>" attacked "Extazy<9><STEAM_0:1:113150434><TERRORIST>" with "aug" (damage "21") (damage_armor "5") (health "31") (armor "84")
L 04/02/2015 - 13:45:45: "999<16><STEAM_0:4:1625223357><CT>" attacked "Extazy<9><STEAM_0:1:113150434><TERRORIST>" with "aug" (damage "21") (damage_armor "4") (health "10") (armor "80")
L 04/02/2015 - 13:45:45: "999<16><STEAM_0:4:1625223357><CT>" attacked "Extazy<9><STEAM_0:1:113150434><TERRORIST>" with "aug" (damage "21") (damage_armor "5") (health "-11") (armor "75")
L 04/02/2015 - 13:45:45: "999<16><STEAM_0:4:1625223357><CT>" killed "Extazy<9><STEAM_0:1:113150434><TERRORIST>" with "aug"
L 04/02/2015 - 13:45:45: Team "CT" triggered "CTs_Win" (CT "3") (T "7")
L 04/02/2015 - 13:45:45: World triggered "Round_End"
L 04/02/2015 - 13:45:55: World triggered "Round_Start"
L 04/02/2015 - 13:45:58: "Extazy<9><STEAM_0:1:113150434><TERRORIST>" attacked "NEO<21><STEAM_0:4:1625223357><CT>" with "ak47" (damage "34") (damage_armor "0") (health "66") (armor "0")
L 04/02/2015 - 13:45:59: "Extazy<9><STEAM_0:1:113150434><TERRORIST>" attacked "NEO<21><STEAM_0:4:1625223357><CT>" with "ak47" (damage "34") (damage_armor "0") (health "32") (armor "0")
L 04/02/2015 - 13:45:59: "NEO<21><STEAM_0:4:1625223357><CT>" attacked "Extazy<9><STEAM_0:1:113150434><TERRORIST>" with "ak47" (damage "32") (damage_armor "5") (health "68") (armor "95")
L 04/02/2015 - 13:45:59: "NEO<21><STEAM_0:4:1625223357><CT>" attacked "Extazy<9><STEAM_0:1:113150434><TERRORIST>" with "ak47" (damage "25") (damage_armor "0") (health "43") (armor "95")
L 04/02/2015 - 13:45:59: "Extazy<9><STEAM_0:1:113150434><TERRORIST>" attacked "NEO<21><STEAM_0:4:1625223357><CT>" with "ak47" (damage "34") (damage_armor "0") (health "-2") (armor "0")
L 04/02/2015 - 13:45:59: "Extazy<9><STEAM_0:1:113150434><TERRORIST>" killed "NEO<21><STEAM_0:4:1625223357><CT>" with "ak47"
L 04/02/2015 - 13:45:59: "ERIK JURKUC ERIK ERIK ERIK VOOK<20><STEAM_0:4:1625223357><CT>" attacked "Extazy<9><STEAM_0:1:113150434><TERRORIST>" with "ak47" (damage "25") (damage_armor "0") (health "18") (armor "95")
L 04/02/2015 - 13:45:59: "ERIK JURKUC ERIK ERIK ERIK VOOK<20><STEAM_0:4:1625223357><CT>" attacked "Extazy<9><STEAM_0:1:113150434><TERRORIST>" with "ak47" (damage "25") (damage_armor "0") (health "-7") (armor "95")
L 04/02/2015 - 13:45:59: "ERIK JURKUC ERIK ERIK ERIK VOOK<20><STEAM_0:4:1625223357><CT>" killed "Extazy<9><STEAM_0:1:113150434><TERRORIST>" with "ak47"
L 04/02/2015 - 13:46:01: "Faszagyerevagyok xd <3<24><STEAM_0:4:1625223357><TERRORIST>" attacked "ERIK JURKUC ERIK ERIK ERIK VOOK<20><STEAM_0:4:1625223357><CT>" with "m4a1" (damage "30") (damage_armor "0") (health "70") (armor "0")
L 04/02/2015 - 13:46:01: "Faszagyerevagyok xd <3<24><STEAM_0:4:1625223357><TERRORIST>" attacked "ERIK JURKUC ERIK ERIK ERIK VOOK<20><STEAM_0:4:1625223357><CT>" with "m4a1" (damage "22") (damage_armor "0") (health "48") (armor "0")
L 04/02/2015 - 13:46:01: "999<16><STEAM_0:4:1625223357><CT>" attacked "Faszagyerevagyok xd <3<24><STEAM_0:4:1625223357><TERRORIST>" with "aug" (damage "21") (damage_armor "0") (health "79") (armor "0")
L 04/02/2015 - 13:46:01: "Faszagyerevagyok xd <3<24><STEAM_0:4:1625223357><TERRORIST>" attacked "999<16><STEAM_0:4:1625223357><CT>" with "m4a1" (damage "21") (damage_armor "0") (health "79") (armor "0")
L 04/02/2015 - 13:46:04: "NEO<21><STEAM_0:4:1625223357><CT>" triggered "weaponstats" (weapon "grenade") (shots "1") (hits "0") (kills "0") (headshots "0") (tks "0") (damage "0") (deaths "0")
L 04/02/2015 - 13:46:04: "NEO<21><STEAM_0:4:1625223357><CT>" triggered "weaponstats2" (weapon "grenade") (head "0") (chest "0") (stomach "0") (leftarm "0") (rightarm "0") (leftleg "0") (rightleg "0")
L 04/02/2015 - 13:46:04: "NEO<21><STEAM_0:4:1625223357><CT>" triggered "weaponstats" (weapon "aug") (shots "2") (hits "0") (kills "0") (headshots "0") (tks "0") (damage "0") (deaths "0")
L 04/02/2015 - 13:46:04: "NEO<21><STEAM_0:4:1625223357><CT>" triggered "weaponstats2" (weapon "aug") (head "0") (chest "0") (stomach "0") (leftarm "0") (rightarm "0") (leftleg "0") (rightleg "0")
L 04/02/2015 - 13:46:04: "NEO<21><STEAM_0:4:1625223357><CT>" triggered "weaponstats" (weapon "usp") (shots "3") (hits "0") (kills "0") (headshots "0") (tks "0") (damage "0") (deaths "0")
L 04/02/2015 - 13:46:04: "NEO<21><STEAM_0:4:1625223357><CT>" triggered "weaponstats2" (weapon "usp") (head "0") (chest "0") (stomach "0") (leftarm "0") (rightarm "0") (leftleg "0") (rightleg "0")
L 04/02/2015 - 13:46:04: "NEO<21><STEAM_0:4:1625223357><CT>" triggered "weaponstats" (weapon "awp") (shots "6") (hits "3") (kills "2") (headshots "0") (tks "0") (damage "303") (deaths "2")
L 04/02/2015 - 13:46:04: "NEO<21><STEAM_0:4:1625223357><CT>" triggered "weaponstats2" (weapon "awp") (head "0") (chest "0") (stomach "1") (leftarm "0") (rightarm "0") (leftleg "1") (rightleg "1")
L 04/02/2015 - 13:46:04: "NEO<21><STEAM_0:4:1625223357><CT>" triggered "weaponstats" (weapon "m4a1") (shots "17") (hits "6") (kills "2") (headshots "1") (tks "0") (damage "286") (deaths "0")
L 04/02/2015 - 13:46:04: "NEO<21><STEAM_0:4:1625223357><CT>" triggered "weaponstats2" (weapon "m4a1") (head "2") (chest "2") (stomach "2") (leftarm "0") (rightarm "0") (leftleg "0") (rightleg "0")
L 04/02/2015 - 13:46:04: "NEO<21><STEAM_0:4:1625223357><CT>" triggered "weaponstats" (weapon "ak47") (shots "44") (hits "6") (kills "0") (headshots "0") (tks "0") (damage "158") (deaths "2")
L 04/02/2015 - 13:46:04: "NEO<21><STEAM_0:4:1625223357><CT>" triggered "weaponstats2" (weapon "ak47") (head "0") (chest "0") (stomach "1") (leftarm "1") (rightarm "0") (leftleg "2") (rightleg "2")
L 04/02/2015 - 13:46:04: "NEO<21><STEAM_0:4:1625223357><CT>" triggered "time" (time "3:18")
L 04/02/2015 - 13:46:04: "NEO<21><STEAM_0:4:1625223357><CT>" triggered "latency" (ping "67")
L 04/02/2015 - 13:46:04: "NEO<21><STEAM_0:4:1625223357><CT>" disconnected
L 04/02/2015 - 13:46:04: [DPROTO]: Client 5 - Set AuthIdType 3 [dp_RevEmu]; pClient = 0xb39e59cc
L 04/02/2015 - 13:46:04: "NEO<26><STEAM_0:4:1625223357><>" connected, address "195.3.225.104:1062"
L 04/02/2015 - 13:46:04: Kick: "NEO<26><STEAM_0:4:1625223357><>" was kicked by "Console" (message ""Повторное подключение будет доступно через 20 секунд"")
L 04/02/2015 - 13:46:04: "ERIK JURKUC ERIK ERIK ERIK VOOK<20><STEAM_0:4:1625223357><CT>" attacked "Dashka)<25><STEAM_0:4:1819685203><TERRORIST>" with "ak47" (damage "35") (damage_armor "0") (health "65") (armor "0")
L 04/02/2015 - 13:46:04: "ERIK JURKUC ERIK ERIK ERIK VOOK<20><STEAM_0:4:1625223357><CT>" attacked "Dashka)<25><STEAM_0:4:1819685203><TERRORIST>" with "ak47" (damage "35") (damage_armor "0") (health "30") (armor "0")
L 04/02/2015 - 13:46:04: "Dashka)<25><STEAM_0:4:1819685203><TERRORIST>" attacked "ERIK JURKUC ERIK ERIK ERIK VOOK<20><STEAM_0:4:1625223357><CT>" with "m4a1" (damage "31") (damage_armor "0") (health "17") (armor "0")
L 04/02/2015 - 13:46:04: "ERIK JURKUC ERIK ERIK ERIK VOOK<20><STEAM_0:4:1625223357><CT>" attacked "Dashka)<25><STEAM_0:4:1819685203><TERRORIST>" with "ak47" (damage "43") (damage_armor "0") (health "-13") (armor "0")
L 04/02/2015 - 13:46:04: "ERIK JURKUC ERIK ERIK ERIK VOOK<20><STEAM_0:4:1625223357><CT>" killed "Dashka)<25><STEAM_0:4:1819685203><TERRORIST>" with "ak47"
L 04/02/2015 - 13:46:05: "Faszagyerevagyok xd <3<24><STEAM_0:4:1625223357><TERRORIST>" attacked "ERIK JURKUC ERIK ERIK ERIK VOOK<20><STEAM_0:4:1625223357><CT>" with "m4a1" (damage "32") (damage_armor "0") (health "-15") (armor "0")
L 04/02/2015 - 13:46:05: "Faszagyerevagyok xd <3<24><STEAM_0:4:1625223357><TERRORIST>" killed "ERIK JURKUC ERIK ERIK ERIK VOOK<20><STEAM_0:4:1625223357><CT>" with "m4a1"
L 04/02/2015 - 13:46:05: "999<16><STEAM_0:4:1625223357><CT>" attacked "Faszagyerevagyok xd <3<24><STEAM_0:4:1625223357><TERRORIST>" with "aug" (damage "31") (damage_armor "0") (health "48") (armor "0")
L 04/02/2015 - 13:46:05: "999<16><STEAM_0:4:1625223357><CT>" attacked "Faszagyerevagyok xd <3<24><STEAM_0:4:1625223357><TERRORIST>" with "aug" (damage "31") (damage_armor "0") (health "17") (armor "0")
L 04/02/2015 - 13:46:06: "Faszagyerevagyok xd <3<24><STEAM_0:4:1625223357><TERRORIST>" attacked "999<16><STEAM_0:4:1625223357><CT>" with "m4a1" (damage "32") (damage_armor "0") (health "47") (armor "0")
L 04/02/2015 - 13:46:06: "Faszagyerevagyok xd <3<24><STEAM_0:4:1625223357><TERRORIST>" attacked "999<16><STEAM_0:4:1625223357><CT>" with "m4a1" (damage "15") (damage_armor "0") (health "32") (armor "0")
L 04/02/2015 - 13:46:06: "Faszagyerevagyok xd <3<24><STEAM_0:4:1625223357><TERRORIST>" attacked "999<16><STEAM_0:4:1625223357><CT>" with "m4a1" (damage "128") (damage_armor "0") (health "-96") (armor "0")
L 04/02/2015 - 13:46:06: "Faszagyerevagyok xd <3<24><STEAM_0:4:1625223357><TERRORIST>" killed "999<16><STEAM_0:4:1625223357><CT>" with "m4a1"
L 04/02/2015 - 13:46:06: Team "TERRORIST" triggered "Terrorists_Win" (CT "3") (T "8")
L 04/02/2015 - 13:46:06: World triggered "Round_End"
L 04/02/2015 - 13:46:11: [DPROTO]: Client 5 - Set AuthIdType 3 [dp_RevEmu]; pClient = 0xb39e59cc
L 04/02/2015 - 13:46:11: "NEO<27><STEAM_0:4:1625223357><>" connected, address "195.3.225.104:1062"
L 04/02/2015 - 13:46:11: Kick: "NEO<27><STEAM_0:4:1625223357><>" was kicked by "Console" (message ""Повторное подключение будет доступно через 13 секунд"")
L 04/02/2015 - 13:46:16: World triggered "Round_Start"
L 04/02/2015 - 13:46:18: "Faszagyerevagyok xd <3<24><STEAM_0:4:1625223357><TERRORIST>" attacked "ERIK JURKUC ERIK ERIK ERIK VOOK<20><STEAM_0:4:1625223357><CT>" with "m4a1" (damage "21") (damage_armor "0") (health "79") (armor "0")
L 04/02/2015 - 13:46:18: [DPROTO]: Client 5 - Set AuthIdType 3 [dp_RevEmu]; pClient = 0xb39e59cc
L 04/02/2015 - 13:46:18: "NEO<28><STEAM_0:4:1625223357><>" connected, address "195.3.225.104:1062"
L 04/02/2015 - 13:46:18: Kick: "NEO<28><STEAM_0:4:1625223357><>" was kicked by "Console" (message ""Повторное подключение будет доступно через 6 секунд"")
L 04/02/2015 - 13:46:18: "Faszagyerevagyok xd <3<24><STEAM_0:4:1625223357><TERRORIST>" attacked "ERIK JURKUC ERIK ERIK ERIK VOOK<20><STEAM_0:4:1625223357><CT>" with "m4a1" (damage "21") (damage_armor "0") (health "58") (armor "0")
L 04/02/2015 - 13:46:18: "Faszagyerevagyok xd <3<24><STEAM_0:4:1625223357><TERRORIST>" attacked "ERIK JURKUC ERIK ERIK ERIK VOOK<20><STEAM_0:4:1625223357><CT>" with "m4a1" (damage "29") (damage_armor "0") (health "29") (armor "0")
L 04/02/2015 - 13:46:19: "Extazy<9><STEAM_0:1:113150434><TERRORIST>" attacked "999<16><STEAM_0:4:1625223357><CT>" with "ak47" (damage "34") (damage_armor "0") (health "66") (armor "0")
L 04/02/2015 - 13:46:20: "Extazy<9><STEAM_0:1:113150434><TERRORIST>" attacked "999<16><STEAM_0:4:1625223357><CT>" with "ak47" (damage "34") (damage_armor "0") (health "32") (armor "0")
L 04/02/2015 - 13:46:20: "Dashka)<25><STEAM_0:4:1819685203><TERRORIST>" attacked "999<16><STEAM_0:4:1625223357><CT>" with "m4a1" (damage "36") (damage_armor "0") (health "-4") (armor "0")
L 04/02/2015 - 13:46:20: "Dashka)<25><STEAM_0:4:1819685203><TERRORIST>" killed "999<16><STEAM_0:4:1625223357><CT>" with "m4a1"
L 04/02/2015 - 13:46:24: "Faszagyerevagyok xd <3<24><STEAM_0:4:1625223357><TERRORIST>" attacked "ERIK JURKUC ERIK ERIK ERIK VOOK<20><STEAM_0:4:1625223357><CT>" with "m4a1" (damage "32") (damage_armor "0") (health "-3") (armor "0")
L 04/02/2015 - 13:46:24: "Faszagyerevagyok xd <3<24><STEAM_0:4:1625223357><TERRORIST>" killed "ERIK JURKUC ERIK ERIK ERIK VOOK<20><STEAM_0:4:1625223357><CT>" with "m4a1"
L 04/02/2015 - 13:46:24: Team "TERRORIST" triggered "Terrorists_Win" (CT "3") (T "9")
L 04/02/2015 - 13:46:24: World triggered "Round_End"
L 04/02/2015 - 13:46:34: World triggered "Round_Start"
L 04/02/2015 - 13:46:38: "999<16><STEAM_0:4:1625223357><CT>" attacked "Faszagyerevagyok xd <3<24><STEAM_0:4:1625223357><TERRORIST>" with "ak47" (damage "35") (damage_armor "0") (health "65") (armor "0")
L 04/02/2015 - 13:46:38: "999<16><STEAM_0:4:1625223357><CT>" attacked "Faszagyerevagyok xd <3<24><STEAM_0:4:1625223357><TERRORIST>" with "ak47" (damage "35") (damage_armor "0") (health "30") (armor "0")
L 04/02/2015 - 13:46:38: "999<16><STEAM_0:4:1625223357><CT>" attacked "Faszagyerevagyok xd <3<24><STEAM_0:4:1625223357><TERRORIST>" with "ak47" (damage "140") (damage_armor "0") (health "-110") (armor "0")
L 04/02/2015 - 13:46:38: "999<16><STEAM_0:4:1625223357><CT>" killed "Faszagyerevagyok xd <3<24><STEAM_0:4:1625223357><TERRORIST>" with "ak47"
L 04/02/2015 - 13:46:40: "Extazy<9><STEAM_0:1:113150434><TERRORIST>" attacked "999<16><STEAM_0:4:1625223357><CT>" with "ak47" (damage "140") (damage_armor "0") (health "-40") (armor "0")
L 04/02/2015 - 13:46:40: "Extazy<9><STEAM_0:1:113150434><TERRORIST>" killed "999<16><STEAM_0:4:1625223357><CT>" with "ak47"
L 04/02/2015 - 13:46:43: "Dashka)<25><STEAM_0:4:1819685203><TERRORIST>" triggered "weaponstats" (weapon "aug") (shots "17") (hits "5") (kills "1") (headshots "0") (tks "0") (damage "114") (deaths "1")
L 04/02/2015 - 13:46:43: "Dashka)<25><STEAM_0:4:1819685203><TERRORIST>" triggered "weaponstats2" (weapon "aug") (head "0") (chest "0") (stomach "0") (leftarm "1") (rightarm "0") (leftleg "2") (rightleg "2")
L 04/02/2015 - 13:46:43: "Dashka)<25><STEAM_0:4:1819685203><TERRORIST>" triggered "weaponstats" (weapon "awp") (shots "2") (hits "0") (kills "0") (headshots "0") (tks "0") (damage "0") (deaths "1")
L 04/02/2015 - 13:46:43: "Dashka)<25><STEAM_0:4:1819685203><TERRORIST>" triggered "weaponstats2" (weapon "awp") (head "0") (chest "0") (stomach "0") (leftarm "0") (rightarm "0") (leftleg "0") (rightleg "0")
L 04/02/2015 - 13:46:43: "Dashka)<25><STEAM_0:4:1819685203><TERRORIST>" triggered "weaponstats" (weapon "m4a1") (shots "12") (hits "2") (kills "1") (headshots "0") (tks "0") (damage "67") (deaths "1")
L 04/02/2015 - 13:46:43: "Dashka)<25><STEAM_0:4:1819685203><TERRORIST>" triggered "weaponstats2" (weapon "m4a1") (head "0") (chest "0") (stomach "1") (leftarm "1") (rightarm "0") (leftleg "0") (rightleg "0")
L 04/02/2015 - 13:46:43: "Dashka)<25><STEAM_0:4:1819685203><TERRORIST>" triggered "time" (time "2:10")
L 04/02/2015 - 13:46:43: "Dashka)<25><STEAM_0:4:1819685203><TERRORIST>" triggered "latency" (ping "69")
L 04/02/2015 - 13:46:43: "Dashka)<25><STEAM_0:4:1819685203><TERRORIST>" disconnected
L 04/02/2015 - 13:46:53: "ERIK JURKUC ERIK ERIK ERIK VOOK<20><STEAM_0:4:1625223357><CT>" attacked "Extazy<9><STEAM_0:1:113150434><TERRORIST>" with "ak47" (damage "32") (damage_armor "5") (health "68") (armor "95")
L 04/02/2015 - 13:46:55: "Extazy<9><STEAM_0:1:113150434><TERRORIST>" attacked "ERIK JURKUC ERIK ERIK ERIK VOOK<20><STEAM_0:4:1625223357><CT>" with "ak47" (damage "25") (damage_armor "0") (health "75") (armor "0")
L 04/02/2015 - 13:46:56: "Extazy<9><STEAM_0:1:113150434><TERRORIST>" attacked "ERIK JURKUC ERIK ERIK ERIK VOOK<20><STEAM_0:4:1625223357><CT>" with "ak47" (damage "42") (damage_armor "0") (health "33") (armor "0")
L 04/02/2015 - 13:46:56: "Extazy<9><STEAM_0:1:113150434><TERRORIST>" attacked "ERIK JURKUC ERIK ERIK ERIK VOOK<20><STEAM_0:4:1625223357><CT>" with "ak47" (damage "34") (damage_armor "0") (health "-1") (armor "0")
L 04/02/2015 - 13:46:56: "Extazy<9><STEAM_0:1:113150434><TERRORIST>" killed "ERIK JURKUC ERIK ERIK ERIK VOOK<20><STEAM_0:4:1625223357><CT>" with "ak47"
L 04/02/2015 - 13:46:56: Team "TERRORIST" triggered "Terrorists_Win" (CT "3") (T "10")
L 04/02/2015 - 13:46:56: World triggered "Round_End"
L 04/02/2015 - 13:47:06: World triggered "Round_Start"
L 04/02/2015 - 13:47:08: "Extazy<9><STEAM_0:1:113150434><TERRORIST>" attacked "999<16><STEAM_0:4:1625223357><CT>" with "ak47" (damage "34") (damage_armor "0") (health "66") (armor "0")
L 04/02/2015 - 13:47:09: "Faszagyerevagyok xd <3<24><STEAM_0:4:1625223357><TERRORIST>" attacked "999<16><STEAM_0:4:1625223357><CT>" with "aug" (damage "21") (damage_armor "0") (health "45") (armor "0")
L 04/02/2015 - 13:47:09: "Faszagyerevagyok xd <3<24><STEAM_0:4:1625223357><TERRORIST>" attacked "999<16><STEAM_0:4:1625223357><CT>" with "aug" (damage "21") (damage_armor "0") (health "24") (armor "0")
L 04/02/2015 - 13:47:09: "Extazy<9><STEAM_0:1:113150434><TERRORIST>" attacked "999<16><STEAM_0:4:1625223357><CT>" with "ak47" (damage "34") (damage_armor "0") (health "-10") (armor "0")
L 04/02/2015 - 13:47:09: "Extazy<9><STEAM_0:1:113150434><TERRORIST>" killed "999<16><STEAM_0:4:1625223357><CT>" with "ak47"
L 04/02/2015 - 13:47:12: "999<16><STEAM_0:4:1625223357><CT>" joined team "CT"
L 04/02/2015 - 13:47:18: "Extazy<9><STEAM_0:1:113150434><TERRORIST>" attacked "ERIK JURKUC ERIK ERIK ERIK VOOK<20><STEAM_0:4:1625223357><CT>" with "ak47" (damage "35") (damage_armor "0") (health "46") (armor "0")
L 04/02/2015 - 13:47:18: "Extazy<9><STEAM_0:1:113150434><TERRORIST>" attacked "ERIK JURKUC ERIK ERIK ERIK VOOK<20><STEAM_0:4:1625223357><CT>" with "ak47" (damage "35") (damage_armor "0") (health "11") (armor "0")
L 04/02/2015 - 13:47:18: "Extazy<9><STEAM_0:1:113150434><TERRORIST>" attacked "ERIK JURKUC ERIK ERIK ERIK VOOK<20><STEAM_0:4:1625223357><CT>" with "ak47" (damage "25") (damage_armor "0") (health "-14") (armor "0")
L 04/02/2015 - 13:47:18: "Extazy<9><STEAM_0:1:113150434><TERRORIST>" killed "ERIK JURKUC ERIK ERIK ERIK VOOK<20><STEAM_0:4:1625223357><CT>" with "ak47"
L 04/02/2015 - 13:47:18: Team "TERRORIST" triggered "Terrorists_Win" (CT "3") (T "11")
L 04/02/2015 - 13:47:18: World triggered "Round_End"
L 04/02/2015 - 13:47:28: World triggered "Round_Start"
L 04/02/2015 - 13:47:34: "ERIK JURKUC ERIK ERIK ERIK VOOK<20><STEAM_0:4:1625223357><CT>" triggered "weaponstats" (weapon "usp") (shots "1") (hits "0") (kills "0") (headshots "0") (tks "0") (damage "0") (deaths "4")
L 04/02/2015 - 13:47:34: "ERIK JURKUC ERIK ERIK ERIK VOOK<20><STEAM_0:4:1625223357><CT>" triggered "weaponstats2" (weapon "usp") (head "0") (chest "0") (stomach "0") (leftarm "0") (rightarm "0") (leftleg "0") (rightleg "0")
L 04/02/2015 - 13:47:34: "ERIK JURKUC ERIK ERIK ERIK VOOK<20><STEAM_0:4:1625223357><CT>" triggered "weaponstats" (weapon "m4a1") (shots "1") (hits "0") (kills "0") (headshots "0") (tks "0") (damage "0") (deaths "0")
L 04/02/2015 - 13:47:34: "ERIK JURKUC ERIK ERIK ERIK VOOK<20><STEAM_0:4:1625223357><CT>" triggered "weaponstats2" (weapon "m4a1") (head "0") (chest "0") (stomach "0") (leftarm "0") (rightarm "0") (leftleg "0") (rightleg "0")
L 04/02/2015 - 13:47:34: "ERIK JURKUC ERIK ERIK ERIK VOOK<20><STEAM_0:4:1625223357><CT>" triggered "weaponstats" (weapon "ak47") (shots "80") (hits "15") (kills "7") (headshots "3") (tks "0") (damage "829") (deaths "5")
L 04/02/2015 - 13:47:34: "ERIK JURKUC ERIK ERIK ERIK VOOK<20><STEAM_0:4:1625223357><CT>" triggered "weaponstats2" (weapon "ak47") (head "3") (chest "1") (stomach "4") (leftarm "4") (rightarm "0") (leftleg "3") (rightleg "0")
L 04/02/2015 - 13:47:34: "ERIK JURKUC ERIK ERIK ERIK VOOK<20><STEAM_0:4:1625223357><CT>" triggered "time" (time "4:56")
L 04/02/2015 - 13:47:34: "ERIK JURKUC ERIK ERIK ERIK VOOK<20><STEAM_0:4:1625223357><CT>" triggered "latency" (ping "71")
L 04/02/2015 - 13:47:34: "ERIK JURKUC ERIK ERIK ERIK VOOK<20><STEAM_0:4:1625223357><CT>" disconnected
L 04/02/2015 - 13:47:49: "Extazy<9><STEAM_0:1:113150434><TERRORIST>" committed suicide with "world"
L 04/02/2015 - 13:47:49: "Extazy<9><STEAM_0:1:113150434><TERRORIST>" joined team "CT"
L 04/02/2015 - 13:47:49: World triggered "Game_Commencing"
L 04/02/2015 - 13:47:49: World triggered "Game_Commencing" (CT "3") (T "11")
L 04/02/2015 - 13:47:49: World triggered "Round_End"
L 04/02/2015 - 13:47:50: [DPROTO]: Client 5 - Set AuthIdType 3 [dp_RevEmu]; pClient = 0xb39e59cc
L 04/02/2015 - 13:47:50: "NEO<29><STEAM_0:4:1625223357><>" connected, address "195.3.225.104:1062"
L 04/02/2015 - 13:47:50: [VTC] Player 6 speex
L 04/02/2015 - 13:47:54: "NEO<29><STEAM_0:4:1625223357><>" entered the game
L 04/02/2015 - 13:47:57: World triggered "Round_Start"
L 04/02/2015 - 13:48:00: "NEO<29><STEAM_0:4:1625223357><>" joined team "TERRORIST"
L 04/02/2015 - 13:48:05: "Extazy<9><STEAM_0:1:113150434><CT>" attacked "NEO<29><STEAM_0:4:1625223357><TERRORIST>" with "ak47" (damage "34") (damage_armor "0") (health "66") (armor "0")
L 04/02/2015 - 13:48:09: "Extazy<9><STEAM_0:1:113150434><CT>" attacked "Faszagyerevagyok xd <3<24><STEAM_0:4:1625223357><TERRORIST>" with "ak47" (damage "34") (damage_armor "0") (health "66") (armor "0")
L 04/02/2015 - 13:48:09: "Extazy<9><STEAM_0:1:113150434><CT>" attacked "Faszagyerevagyok xd <3<24><STEAM_0:4:1625223357><TERRORIST>" with "ak47" (damage "43") (damage_armor "0") (health "23") (armor "0")
L 04/02/2015 - 13:48:09: "Extazy<9><STEAM_0:1:113150434><CT>" attacked "Faszagyerevagyok xd <3<24><STEAM_0:4:1625223357><TERRORIST>" with "ak47" (damage "26") (damage_armor "0") (health "-3") (armor "0")
L 04/02/2015 - 13:48:09: "Extazy<9><STEAM_0:1:113150434><CT>" killed "Faszagyerevagyok xd <3<24><STEAM_0:4:1625223357><TERRORIST>" with "ak47"
L 04/02/2015 - 13:48:11: "Extazy<9><STEAM_0:1:113150434><CT>" attacked "NEO<29><STEAM_0:4:1625223357><TERRORIST>" with "ak47" (damage "42") (damage_armor "0") (health "24") (armor "0")
L 04/02/2015 - 13:48:12: "Extazy<9><STEAM_0:1:113150434><CT>" attacked "NEO<29><STEAM_0:4:1625223357><TERRORIST>" with "ak47" (damage "34") (damage_armor "0") (health "-10") (armor "0")
L 04/02/2015 - 13:48:12: "Extazy<9><STEAM_0:1:113150434><CT>" killed "NEO<29><STEAM_0:4:1625223357><TERRORIST>" with "ak47"
L 04/02/2015 - 13:48:12: Team "CT" triggered "CTs_Win" (CT "1") (T "0")
L 04/02/2015 - 13:48:12: World triggered "Round_End"
L 04/02/2015 - 13:48:22: World triggered "Round_Start"
L 04/02/2015 - 13:48:25: "999<16><STEAM_0:4:1625223357><CT>" triggered "weaponstats" (weapon "aug") (shots "62") (hits "12") (kills "3") (headshots "1") (tks "0") (damage "421") (deaths "2")
L 04/02/2015 - 13:48:25: "999<16><STEAM_0:4:1625223357><CT>" triggered "weaponstats2" (weapon "aug") (head "1") (chest "4") (stomach "4") (leftarm "2") (rightarm "0") (leftleg "1") (rightleg "0")
L 04/02/2015 - 13:48:25: "999<16><STEAM_0:4:1625223357><CT>" triggered "weaponstats" (weapon "awp") (shots "1") (hits "0") (kills "0") (headshots "0") (tks "0") (damage "0") (deaths "1")
L 04/02/2015 - 13:48:25: "999<16><STEAM_0:4:1625223357><CT>" triggered "weaponstats2" (weapon "awp") (head "0") (chest "0") (stomach "0") (leftarm "0") (rightarm "0") (leftleg "0") (rightleg "0")
L 04/02/2015 - 13:48:25: "999<16><STEAM_0:4:1625223357><CT>" triggered "weaponstats" (weapon "m4a1") (shots "8") (hits "0") (kills "0") (headshots "0") (tks "0") (damage "0") (deaths "1")
L 04/02/2015 - 13:48:25: "999<16><STEAM_0:4:1625223357><CT>" triggered "weaponstats2" (weapon "m4a1") (head "0") (chest "0") (stomach "0") (leftarm "0") (rightarm "0") (leftleg "0") (rightleg "0")
L 04/02/2015 - 13:48:25: "999<16><STEAM_0:4:1625223357><CT>" triggered "weaponstats" (weapon "ak47") (shots "15") (hits "6") (kills "1") (headshots "1") (tks "0") (damage "303") (deaths "4")
L 04/02/2015 - 13:48:25: "999<16><STEAM_0:4:1625223357><CT>" triggered "weaponstats2" (weapon "ak47") (head "1") (chest "1") (stomach "0") (leftarm "3") (rightarm "0") (leftleg "0") (rightleg "1")
L 04/02/2015 - 13:48:25: "999<16><STEAM_0:4:1625223357><CT>" triggered "time" (time "6:54")
L 04/02/2015 - 13:48:25: "999<16><STEAM_0:4:1625223357><CT>" triggered "latency" (ping "69")
L 04/02/2015 - 13:48:25: "999<16><STEAM_0:4:1625223357><CT>" disconnected
L 04/02/2015 - 13:48:25: "Extazy<9><STEAM_0:1:113150434><CT>" attacked "Faszagyerevagyok xd <3<24><STEAM_0:4:1625223357><TERRORIST>" with "ak47" (damage "34") (damage_armor "0") (health "-5") (armor "0")
L 04/02/2015 - 13:48:25: "Extazy<9><STEAM_0:1:113150434><CT>" killed "Faszagyerevagyok xd <3<24><STEAM_0:4:1625223357><TERRORIST>" with "ak47"
L 04/02/2015 - 13:48:29: "NEO<29><STEAM_0:4:1625223357><TERRORIST>" attacked "Extazy<9><STEAM_0:1:113150434><CT>" with "m4a1" (damage "20") (damage_armor "5") (health "80") (armor "95")
L 04/02/2015 - 13:48:33: "Extazy<9><STEAM_0:1:113150434><CT>" attacked "NEO<29><STEAM_0:4:1625223357><TERRORIST>" with "ak47" (damage "34") (damage_armor "0") (health "66") (armor "0")
L 04/02/2015 - 13:48:33: "NEO<29><STEAM_0:4:1625223357><TERRORIST>" attacked "Extazy<9><STEAM_0:1:113150434><CT>" with "m4a1" (damage "22") (damage_armor "0") (health "58") (armor "95")
L 04/02/2015 - 13:48:34: "Extazy<9><STEAM_0:1:113150434><CT>" attacked "NEO<29><STEAM_0:4:1625223357><TERRORIST>" with "ak47" (damage "25") (damage_armor "0") (health "41") (armor "0")
L 04/02/2015 - 13:48:34: "NEO<29><STEAM_0:4:1625223357><TERRORIST>" attacked "Extazy<9><STEAM_0:1:113150434><CT>" with "m4a1" (damage "21") (damage_armor "4") (health "37") (armor "91")
L 04/02/2015 - 13:48:34: "Extazy<9><STEAM_0:1:113150434><CT>" attacked "NEO<29><STEAM_0:4:1625223357><TERRORIST>" with "ak47" (damage "42") (damage_armor "0") (health "-1") (armor "0")
L 04/02/2015 - 13:48:34: "Extazy<9><STEAM_0:1:113150434><CT>" killed "NEO<29><STEAM_0:4:1625223357><TERRORIST>" with "ak47"
L 04/02/2015 - 13:48:34: Team "CT" triggered "CTs_Win" (CT "2") (T "0")
L 04/02/2015 - 13:48:34: World triggered "Round_End"
L 04/02/2015 - 13:48:44: World triggered "Round_Start"
L 04/02/2015 - 13:48:54: "Faszagyerevagyok xd <3<24><STEAM_0:4:1625223357><TERRORIST>" attacked "Extazy<9><STEAM_0:1:113150434><CT>" with "m4a1" (damage "26") (damage_armor "6") (health "74") (armor "94")
L 04/02/2015 - 13:48:54: "Extazy<9><STEAM_0:1:113150434><CT>" attacked "Faszagyerevagyok xd <3<24><STEAM_0:4:1625223357><TERRORIST>" with "ak47" (damage "25") (damage_armor "0") (health "75") (armor "0")
L 04/02/2015 - 13:48:54: "Extazy<9><STEAM_0:1:113150434><CT>" attacked "Faszagyerevagyok xd <3<24><STEAM_0:4:1625223357><TERRORIST>" with "ak47" (damage "25") (damage_armor "0") (health "50") (armor "0")
L 04/02/2015 - 13:48:54: "Extazy<9><STEAM_0:1:113150434><CT>" attacked "Faszagyerevagyok xd <3<24><STEAM_0:4:1625223357><TERRORIST>" with "ak47" (damage "34") (damage_armor "0") (health "16") (armor "0")
L 04/02/2015 - 13:48:54: "Faszagyerevagyok xd <3<24><STEAM_0:4:1625223357><TERRORIST>" attacked "Extazy<9><STEAM_0:1:113150434><CT>" with "m4a1" (damage "21") (damage_armor "5") (health "53") (armor "89")
L 04/02/2015 - 13:48:54: "Faszagyerevagyok xd <3<24><STEAM_0:4:1625223357><TERRORIST>" attacked "Extazy<9><STEAM_0:1:113150434><CT>" with "m4a1" (damage "84") (damage_armor "18") (health "-31") (armor "71")
L 04/02/2015 - 13:48:54: "Faszagyerevagyok xd <3<24><STEAM_0:4:1625223357><TERRORIST>" killed "Extazy<9><STEAM_0:1:113150434><CT>" with "m4a1"
L 04/02/2015 - 13:48:54: Team "TERRORIST" triggered "Terrorists_Win" (CT "2") (T "1")
L 04/02/2015 - 13:48:54: World triggered "Round_End"
L 04/02/2015 - 13:49:04: World triggered "Round_Start"
L 04/02/2015 - 13:49:07: "Extazy<9><STEAM_0:1:113150434><CT>" attacked "Faszagyerevagyok xd <3<24><STEAM_0:4:1625223357><TERRORIST>" with "ak47" (damage "34") (damage_armor "0") (health "66") (armor "0")
L 04/02/2015 - 13:49:07: "Extazy<9><STEAM_0:1:113150434><CT>" attacked "Faszagyerevagyok xd <3<24><STEAM_0:4:1625223357><TERRORIST>" with "ak47" (damage "34") (damage_armor "0") (health "32") (armor "0")
L 04/02/2015 - 13:49:10: "Extazy<9><STEAM_0:1:113150434><CT>" attacked "Faszagyerevagyok xd <3<24><STEAM_0:4:1625223357><TERRORIST>" with "ak47" (damage "42") (damage_armor "0") (health "-10") (armor "0")
L 04/02/2015 - 13:49:10: "Extazy<9><STEAM_0:1:113150434><CT>" killed "Faszagyerevagyok xd <3<24><STEAM_0:4:1625223357><TERRORIST>" with "ak47"
L 04/02/2015 - 13:49:15: "Extazy<9><STEAM_0:1:113150434><CT>" attacked "NEO<29><STEAM_0:4:1625223357><TERRORIST>" with "ak47" (damage "42") (damage_armor "0") (health "58") (armor "0")
L 04/02/2015 - 13:49:15: "Extazy<9><STEAM_0:1:113150434><CT>" attacked "NEO<29><STEAM_0:4:1625223357><TERRORIST>" with "ak47" (damage "25") (damage_armor "0") (health "-16") (armor "0")
L 04/02/2015 - 13:49:15: "Extazy<9><STEAM_0:1:113150434><CT>" killed "NEO<29><STEAM_0:4:1625223357><TERRORIST>" with "ak47"
L 04/02/2015 - 13:49:15: Team "CT" triggered "CTs_Win" (CT "3") (T "1")
L 04/02/2015 - 13:49:15: World triggered "Round_End"
L 04/02/2015 - 13:49:25: World triggered "Round_Start"
L 04/02/2015 - 13:49:29: "Extazy<9><STEAM_0:1:113150434><CT>" attacked "Faszagyerevagyok xd <3<24><STEAM_0:4:1625223357><TERRORIST>" with "ak47" (damage "136") (damage_armor "0") (health "-72") (armor "0")
L 04/02/2015 - 13:49:29: "Extazy<9><STEAM_0:1:113150434><CT>" killed "Faszagyerevagyok xd <3<24><STEAM_0:4:1625223357><TERRORIST>" with "ak47"
L 04/02/2015 - 13:49:39: "NEO<29><STEAM_0:4:1625223357><TERRORIST>" attacked "Extazy<9><STEAM_0:1:113150434><CT>" with "ak47" (damage "27") (damage_armor "4") (health "72") (armor "95")
L 04/02/2015 - 13:49:39: "NEO<29><STEAM_0:4:1625223357><TERRORIST>" attacked "Extazy<9><STEAM_0:1:113150434><CT>" with "ak47" (damage "27") (damage_armor "4") (health "45") (armor "91")
L 04/02/2015 - 13:49:39: "NEO<29><STEAM_0:4:1625223357><TERRORIST>" attacked "Extazy<9><STEAM_0:1:113150434><CT>" with "ak47" (damage "108") (damage_armor "16") (health "-63") (armor "75")
L 04/02/2015 - 13:49:39: "NEO<29><STEAM_0:4:1625223357><TERRORIST>" killed "Extazy<9><STEAM_0:1:113150434><CT>" with "ak47"
L 04/02/2015 - 13:49:39: Team "TERRORIST" triggered "Terrorists_Win" (CT "3") (T "2")
L 04/02/2015 - 13:49:39: World triggered "Round_End"
L 04/02/2015 - 13:49:49: World triggered "Round_Start"
L 04/02/2015 - 13:49:52: "Extazy<9><STEAM_0:1:113150434><CT>" attacked "NEO<29><STEAM_0:4:1625223357><TERRORIST>" with "ak47" (damage "34") (damage_armor "0") (health "66") (armor "0")
L 04/02/2015 - 13:49:52: "Extazy<9><STEAM_0:1:113150434><CT>" attacked "Faszagyerevagyok xd <3<24><STEAM_0:4:1625223357><TERRORIST>" with "ak47" (damage "30") (damage_armor "0") (health "70") (armor "0")
L 04/02/2015 - 13:49:54: "Extazy<9><STEAM_0:1:113150434><CT>" attacked "Faszagyerevagyok xd <3<24><STEAM_0:4:1625223357><TERRORIST>" with "ak47" (damage "25") (damage_armor "0") (health "45") (armor "0")
L 04/02/2015 - 13:49:56: "Faszagyerevagyok xd <3<24><STEAM_0:4:1625223357><TERRORIST>" attacked "Extazy<9><STEAM_0:1:113150434><CT>" with "ak47" (damage "26") (damage_armor "4") (health "74") (armor "96")
L 04/02/2015 - 13:49:58: "Extazy<9><STEAM_0:1:113150434><CT>" attacked "NEO<29><STEAM_0:4:1625223357><TERRORIST>" with "ak47" (damage "34") (damage_armor "0") (health "32") (armor "0")
L 04/02/2015 - 13:49:58: "Faszagyerevagyok xd <3<24><STEAM_0:4:1625223357><TERRORIST>" attacked "Extazy<9><STEAM_0:1:113150434><CT>" with "ak47" (damage "26") (damage_armor "0") (health "30") (armor "87")
L 04/02/2015 - 13:50:01: "Extazy<9><STEAM_0:1:113150434><CT>" attacked "Faszagyerevagyok xd <3<24><STEAM_0:4:1625223357><TERRORIST>" with "deagle" (damage "42") (damage_armor "0") (health "3") (armor "0")
L 04/02/2015 - 13:50:01: "Extazy<9><STEAM_0:1:113150434><CT>" attacked "Faszagyerevagyok xd <3<24><STEAM_0:4:1625223357><TERRORIST>" with "deagle" (damage "42") (damage_armor "0") (health "-39") (armor "0")
L 04/02/2015 - 13:50:01: "Extazy<9><STEAM_0:1:113150434><CT>" killed "Faszagyerevagyok xd <3<24><STEAM_0:4:1625223357><TERRORIST>" with "deagle"
L 04/02/2015 - 13:50:09: "NEO<29><STEAM_0:4:1625223357><TERRORIST>" attacked "Extazy<9><STEAM_0:1:113150434><CT>" with "m4a1" (damage "26") (damage_armor "6") (health "4") (armor "81")
L 04/02/2015 - 13:50:09: "NEO<29><STEAM_0:4:1625223357><TERRORIST>" attacked "Extazy<9><STEAM_0:1:113150434><CT>" with "m4a1" (damage "21") (damage_armor "4") (health "-17") (armor "77")
L 04/02/2015 - 13:50:09: "NEO<29><STEAM_0:4:1625223357><TERRORIST>" killed "Extazy<9><STEAM_0:1:113150434><CT>" with "m4a1"
L 04/02/2015 - 13:50:09: Team "TERRORIST" triggered "Terrorists_Win" (CT "3") (T "3")
L 04/02/2015 - 13:50:09: World triggered "Round_End"
L 04/02/2015 - 13:50:19: World triggered "Round_Start"
L 04/02/2015 - 13:50:23: "Faszagyerevagyok xd <3<24><STEAM_0:4:1625223357><TERRORIST>" attacked "Extazy<9><STEAM_0:1:113150434><CT>" with "m4a1" (damage "21") (damage_armor "0") (health "79") (armor "100")
L 04/02/2015 - 13:50:23: "Extazy<9><STEAM_0:1:113150434><CT>" attacked "Faszagyerevagyok xd <3<24><STEAM_0:4:1625223357><TERRORIST>" with "ak47" (damage "34") (damage_armor "0") (health "66") (armor "0")
L 04/02/2015 - 13:50:24: "Faszagyerevagyok xd <3<24><STEAM_0:4:1625223357><TERRORIST>" attacked "Extazy<9><STEAM_0:1:113150434><CT>" with "m4a1" (damage "21") (damage_armor "0") (health "27") (armor "84")
L 04/02/2015 - 13:50:24: "Faszagyerevagyok xd <3<24><STEAM_0:4:1625223357><TERRORIST>" attacked "Extazy<9><STEAM_0:1:113150434><CT>" with "m4a1" (damage "21") (damage_armor "0") (health "6") (armor "84")
L 04/02/2015 - 13:50:24: "Faszagyerevagyok xd <3<24><STEAM_0:4:1625223357><TERRORIST>" attacked "Extazy<9><STEAM_0:1:113150434><CT>" with "m4a1" (damage "19") (damage_armor "5") (health "-13") (armor "79")
L 04/02/2015 - 13:50:24: "Faszagyerevagyok xd <3<24><STEAM_0:4:1625223357><TERRORIST>" killed "Extazy<9><STEAM_0:1:113150434><CT>" with "m4a1"
L 04/02/2015 - 13:50:24: Team "TERRORIST" triggered "Terrorists_Win" (CT "3") (T "4")
L 04/02/2015 - 13:50:24: World triggered "Round_End"
L 04/02/2015 - 13:50:34: World triggered "Round_Start"
L 04/02/2015 - 13:50:38: "NEO<29><STEAM_0:4:1625223357><TERRORIST>" attacked "Extazy<9><STEAM_0:1:113150434><CT>" with "m4a1" (damage "21") (damage_armor "0") (health "79") (armor "100")
L 04/02/2015 - 13:50:38: "Extazy<9><STEAM_0:1:113150434><CT>" attacked "NEO<29><STEAM_0:4:1625223357><TERRORIST>" with "ak47" (damage "34") (damage_armor "0") (health "66") (armor "0")
L 04/02/2015 - 13:50:38: "Extazy<9><STEAM_0:1:113150434><CT>" attacked "NEO<29><STEAM_0:4:1625223357><TERRORIST>" with "ak47" (damage "25") (damage_armor "0") (health "41") (armor "0")
L 04/02/2015 - 13:50:38: "Extazy<9><STEAM_0:1:113150434><CT>" attacked "NEO<29><STEAM_0:4:1625223357><TERRORIST>" with "ak47" (damage "25") (damage_armor "0") (health "16") (armor "0")
L 04/02/2015 - 13:50:38: "Extazy<9><STEAM_0:1:113150434><CT>" attacked "NEO<29><STEAM_0:4:1625223357><TERRORIST>" with "ak47" (damage "25") (damage_armor "0") (health "-9") (armor "0")
L 04/02/2015 - 13:50:38: "Extazy<9><STEAM_0:1:113150434><CT>" killed "NEO<29><STEAM_0:4:1625223357><TERRORIST>" with "ak47"
L 04/02/2015 - 13:50:43: "Extazy<9><STEAM_0:1:113150434><CT>" attacked "Faszagyerevagyok xd <3<24><STEAM_0:4:1625223357><TERRORIST>" with "ak47" (damage "35") (damage_armor "0") (health "65") (armor "0")
L 04/02/2015 - 13:50:43: "Extazy<9><STEAM_0:1:113150434><CT>" attacked "Faszagyerevagyok xd <3<24><STEAM_0:4:1625223357><TERRORIST>" with "ak47" (damage "35") (damage_armor "0") (health "30") (armor "0")
L 04/02/2015 - 13:50:43: "Extazy<9><STEAM_0:1:113150434><CT>" attacked "Faszagyerevagyok xd <3<24><STEAM_0:4:1625223357><TERRORIST>" with "ak47" (damage "26") (damage_armor "0") (health "4") (armor "0")
L 04/02/2015 - 13:50:43: "Extazy<9><STEAM_0:1:113150434><CT>" attacked "Faszagyerevagyok xd <3<24><STEAM_0:4:1625223357><TERRORIST>" with "ak47" (damage "35") (damage_armor "0") (health "-31") (armor "0")
L 04/02/2015 - 13:50:43: "Extazy<9><STEAM_0:1:113150434><CT>" killed "Faszagyerevagyok xd <3<24><STEAM_0:4:1625223357><TERRORIST>" with "ak47"
L 04/02/2015 - 13:50:43: Team "CT" triggered "CTs_Win" (CT "4") (T "4")
L 04/02/2015 - 13:50:43: World triggered "Round_End"
L 04/02/2015 - 13:50:53: World triggered "Round_Start"
L 04/02/2015 - 13:50:58: "Extazy<9><STEAM_0:1:113150434><CT>" attacked "NEO<29><STEAM_0:4:1625223357><TERRORIST>" with "ak47" (damage "136") (damage_armor "0") (health "-99") (armor "0")
L 04/02/2015 - 13:50:58: "Extazy<9><STEAM_0:1:113150434><CT>" killed "NEO<29><STEAM_0:4:1625223357><TERRORIST>" with "ak47"
L 04/02/2015 - 13:51:07: "Faszagyerevagyok xd <3<24><STEAM_0:4:1625223357><TERRORIST>" attacked "Extazy<9><STEAM_0:1:113150434><CT>" with "glock18" (damage "15") (damage_armor "0") (health "85") (armor "100")
L 04/02/2015 - 13:51:07: "Faszagyerevagyok xd <3<24><STEAM_0:4:1625223357><TERRORIST>" attacked "Extazy<9><STEAM_0:1:113150434><CT>" with "glock18" (damage "10") (damage_armor "5") (health "75") (armor "95")
L 04/02/2015 - 13:51:07: "Extazy<9><STEAM_0:1:113150434><CT>" attacked "Faszagyerevagyok xd <3<24><STEAM_0:4:1625223357><TERRORIST>" with "ak47" (damage "35") (damage_armor "0") (health "65") (armor "0")
L 04/02/2015 - 13:51:07: "Faszagyerevagyok xd <3<24><STEAM_0:4:1625223357><TERRORIST>" attacked "Extazy<9><STEAM_0:1:113150434><CT>" with "glock18" (damage "10") (damage_armor "5") (health "65") (armor "90")
L 04/02/2015 - 13:51:07: "Extazy<9><STEAM_0:1:113150434><CT>" attacked "Faszagyerevagyok xd <3<24><STEAM_0:4:1625223357><TERRORIST>" with "ak47" (damage "35") (damage_armor "0") (health "30") (armor "0")
L 04/02/2015 - 13:51:07: "Faszagyerevagyok xd <3<24><STEAM_0:4:1625223357><TERRORIST>" attacked "Extazy<9><STEAM_0:1:113150434><CT>" with "glock18" (damage "10") (damage_armor "5") (health "55") (armor "85")
L 04/02/2015 - 13:51:07: "Extazy<9><STEAM_0:1:113150434><CT>" attacked "Faszagyerevagyok xd <3<24><STEAM_0:4:1625223357><TERRORIST>" with "ak47" (damage "35") (damage_armor "0") (health "-5") (armor "0")
L 04/02/2015 - 13:51:07: "Extazy<9><STEAM_0:1:113150434><CT>" killed "Faszagyerevagyok xd <3<24><STEAM_0:4:1625223357><TERRORIST>" with "ak47"
L 04/02/2015 - 13:51:07: Team "CT" triggered "CTs_Win" (CT "5") (T "4")
L 04/02/2015 - 13:51:07: World triggered "Round_End"
L 04/02/2015 - 13:51:17: World triggered "Round_Start"
L 04/02/2015 - 13:51:25: "NEO<29><STEAM_0:4:1625223357><TERRORIST>" attacked "Extazy<9><STEAM_0:1:113150434><CT>" with "awp" (damage "84") (damage_armor "0") (health "16") (armor "100")
L 04/02/2015 - 13:51:30: "Extazy<9><STEAM_0:1:113150434><CT>" attacked "Faszagyerevagyok xd <3<24><STEAM_0:4:1625223357><TERRORIST>" with "ak47" (damage "25") (damage_armor "0") (health "75") (armor "0")
L 04/02/2015 - 13:51:31: "Extazy<9><STEAM_0:1:113150434><CT>" attacked "Faszagyerevagyok xd <3<24><STEAM_0:4:1625223357><TERRORIST>" with "ak47" (damage "42") (damage_armor "0") (health "33") (armor "0")
L 04/02/2015 - 13:51:31: "Extazy<9><STEAM_0:1:113150434><CT>" attacked "Faszagyerevagyok xd <3<24><STEAM_0:4:1625223357><TERRORIST>" with "ak47" (damage "25") (damage_armor "0") (health "8") (armor "0")
L 04/02/2015 - 13:51:31: "Extazy<9><STEAM_0:1:113150434><CT>" attacked "Faszagyerevagyok xd <3<24><STEAM_0:4:1625223357><TERRORIST>" with "ak47" (damage "34") (damage_armor "0") (health "-26") (armor "0")
L 04/02/2015 - 13:51:31: "Extazy<9><STEAM_0:1:113150434><CT>" killed "Faszagyerevagyok xd <3<24><STEAM_0:4:1625223357><TERRORIST>" with "ak47"
L 04/02/2015 - 13:51:38: "Extazy<9><STEAM_0:1:113150434><CT>" attacked "NEO<29><STEAM_0:4:1625223357><TERRORIST>" with "deagle" (damage "29") (damage_armor "0") (health "35") (armor "0")
L 04/02/2015 - 13:51:40: "Extazy<9><STEAM_0:1:113150434><CT>" attacked "NEO<29><STEAM_0:4:1625223357><TERRORIST>" with "ak47" (damage "34") (damage_armor "0") (health "1") (armor "0")
L 04/02/2015 - 13:51:40: "Extazy<9><STEAM_0:1:113150434><CT>" attacked "NEO<29><STEAM_0:4:1625223357><TERRORIST>" with "ak47" (damage "34") (damage_armor "0") (health "-33") (armor "0")
L 04/02/2015 - 13:51:40: "Extazy<9><STEAM_0:1:113150434><CT>" killed "NEO<29><STEAM_0:4:1625223357><TERRORIST>" with "ak47"
L 04/02/2015 - 13:51:40: Team "CT" triggered "CTs_Win" (CT "6") (T "4")
L 04/02/2015 - 13:51:40: World triggered "Round_End"
L 04/02/2015 - 13:51:50: World triggered "Round_Start"
L 04/02/2015 - 13:51:53: "NEO<29><STEAM_0:4:1625223357><TERRORIST>" attacked "Extazy<9><STEAM_0:1:113150434><CT>" with "ak47" (damage "27") (damage_armor "4") (health "73") (armor "96")
L 04/02/2015 - 13:51:54: "Extazy<9><STEAM_0:1:113150434><CT>" attacked "NEO<29><STEAM_0:4:1625223357><TERRORIST>" with "ak47" (damage "35") (damage_armor "0") (health "65") (armor "0")
L 04/02/2015 - 13:51:54: "Extazy<9><STEAM_0:1:113150434><CT>" killed "NEO<29><STEAM_0:4:1625223357><TERRORIST>" with "grenade"
L 04/02/2015 - 13:51:54: "Faszagyerevagyok xd <3<24><STEAM_0:4:1625223357><TERRORIST>" triggered "weaponstats" (weapon "grenade") (shots "12") (hits "5") (kills "0") (headshots "0") (tks "0") (damage "110") (deaths "1")
L 04/02/2015 - 13:51:54: "Faszagyerevagyok xd <3<24><STEAM_0:4:1625223357><TERRORIST>" triggered "weaponstats2" (weapon "grenade") (head "0") (chest "0") (stomach "0") (leftarm "0") (rightarm "0") (leftleg "0") (rightleg "0")
L 04/02/2015 - 13:51:54: "Faszagyerevagyok xd <3<24><STEAM_0:4:1625223357><TERRORIST>" triggered "weaponstats" (weapon "aug") (shots "4") (hits "2") (kills "0") (headshots "0") (tks "0") (damage "42") (deaths "0")
L 04/02/2015 - 13:51:54: "Faszagyerevagyok xd <3<24><STEAM_0:4:1625223357><TERRORIST>" triggered "weaponstats2" (weapon "aug") (head "0") (chest "0") (stomach "0") (leftarm "0") (rightarm "0") (leftleg "2") (rightleg "0")
L 04/02/2015 - 13:51:54: "Faszagyerevagyok xd <3<24><STEAM_0:4:1625223357><TERRORIST>" triggered "weaponstats" (weapon "glock18") (shots "6") (hits "4") (kills "0") (headshots "0") (tks "0") (damage "45") (deaths "1")
L 04/02/2015 - 13:51:54: "Faszagyerevagyok xd <3<24><STEAM_0:4:1625223357><TERRORIST>" triggered "weaponstats2" (weapon "glock18") (head "0") (chest "0") (stomach "0") (leftarm "3") (rightarm "0") (leftleg "1") (rightleg "0")
L 04/02/2015 - 13:51:54: "Faszagyerevagyok xd <3<24><STEAM_0:4:1625223357><TERRORIST>" triggered "weaponstats" (weapon "awp") (shots "2") (hits "0") (kills "0") (headshots "0") (tks "0") (damage "0") (deaths "2")
L 04/02/2015 - 13:51:54: "Faszagyerevagyok xd <3<24><STEAM_0:4:1625223357><TERRORIST>" triggered "weaponstats2" (weapon "awp") (head "0") (chest "0") (stomach "0") (leftarm "0") (rightarm "0") (leftleg "0") (rightleg "0")
L 04/02/2015 - 13:51:54: "Faszagyerevagyok xd <3<24><STEAM_0:4:1625223357><TERRORIST>" triggered "weaponstats" (weapon "m4a1") (shots "88") (hits "18") (kills "5") (headshots "2") (tks "0") (damage "596") (deaths "2")
L 04/02/2015 - 13:51:54: "Faszagyerevagyok xd <3<24><STEAM_0:4:1625223357><TERRORIST>" triggered "weaponstats2" (weapon "m4a1") (head "2") (chest "0") (stomach "1") (leftarm "7") (rightarm "1") (leftleg "4") (rightleg "3")
L 04/02/2015 - 13:51:54: "Faszagyerevagyok xd <3<24><STEAM_0:4:1625223357><TERRORIST>" triggered "weaponstats" (weapon "ak47") (shots "67") (hits "8") (kills "1") (headshots "0") (tks "0") (damage "256") (deaths "7")
L 04/02/2015 - 13:51:54: "Faszagyerevagyok xd <3<24><STEAM_0:4:1625223357><TERRORIST>" triggered "weaponstats2" (weapon "ak47") (head "0") (chest "1") (stomach "2") (leftarm "1") (rightarm "1") (leftleg "3") (rightleg "0")
L 04/02/2015 - 13:51:54: "Faszagyerevagyok xd <3<24><STEAM_0:4:1625223357><TERRORIST>" triggered "time" (time "8:28")
L 04/02/2015 - 13:51:54: "Faszagyerevagyok xd <3<24><STEAM_0:4:1625223357><TERRORIST>" triggered "latency" (ping "67")
L 04/02/2015 - 13:51:54: "Faszagyerevagyok xd <3<24><STEAM_0:4:1625223357><TERRORIST>" disconnected
L 04/02/2015 - 13:51:54: Team "CT" triggered "CTs_Win" (CT "7") (T "4")
L 04/02/2015 - 13:51:54: World triggered "Round_End"
L 04/02/2015 - 13:52:04: World triggered "Round_Start"
L 04/02/2015 - 13:52:24: "Extazy<9><STEAM_0:1:113150434><CT>" attacked "NEO<29><STEAM_0:4:1625223357><TERRORIST>" with "ak47" (damage "42") (damage_armor "0") (health "27") (armor "0")
L 04/02/2015 - 13:52:25: "Extazy<9><STEAM_0:1:113150434><CT>" attacked "NEO<29><STEAM_0:4:1625223357><TERRORIST>" with "ak47" (damage "42") (damage_armor "0") (health "-15") (armor "0")
L 04/02/2015 - 13:52:25: "Extazy<9><STEAM_0:1:113150434><CT>" killed "NEO<29><STEAM_0:4:1625223357><TERRORIST>" with "ak47"
L 04/02/2015 - 13:52:25: Team "CT" triggered "CTs_Win" (CT "8") (T "4")
L 04/02/2015 - 13:52:25: World triggered "Round_End"
L 04/02/2015 - 13:52:35: World triggered "Round_Start"
L 04/02/2015 - 13:52:38: "NEO<29><STEAM_0:4:1625223357><TERRORIST>" attacked "Extazy<9><STEAM_0:1:113150434><CT>" with "m4a1" (damage "22") (damage_armor "0") (health "78") (armor "100")
L 04/02/2015 - 13:52:41: "NEO<29><STEAM_0:4:1625223357><TERRORIST>" attacked "Extazy<9><STEAM_0:1:113150434><CT>" with "m4a1" (damage "21") (damage_armor "5") (health "57") (armor "95")
L 04/02/2015 - 13:52:43: "Extazy<9><STEAM_0:1:113150434><CT>" attacked "NEO<29><STEAM_0:4:1625223357><TERRORIST>" with "ak47" (damage "64") (damage_armor "0") (health "-8") (armor "0")
L 04/02/2015 - 13:52:43: "Extazy<9><STEAM_0:1:113150434><CT>" killed "NEO<29><STEAM_0:4:1625223357><TERRORIST>" with "ak47"
L 04/02/2015 - 13:52:43: Team "CT" triggered "CTs_Win" (CT "9") (T "4")
L 04/02/2015 - 13:52:43: World triggered "Round_End"
L 04/02/2015 - 13:52:48: "NEO<29><STEAM_0:4:1625223357><TERRORIST>" triggered "weaponstats" (weapon "grenade") (shots "5") (hits "4") (kills "0") (headshots "0") (tks "0") (damage "95") (deaths "0")
L 04/02/2015 - 13:52:48: "NEO<29><STEAM_0:4:1625223357><TERRORIST>" triggered "weaponstats2" (weapon "grenade") (head "0") (chest "0") (stomach "0") (leftarm "0") (rightarm "0") (leftleg "0") (rightleg "0")
L 04/02/2015 - 13:52:48: "NEO<29><STEAM_0:4:1625223357><TERRORIST>" triggered "weaponstats" (weapon "glock18") (shots "5") (hits "0") (kills "0") (headshots "0") (tks "0") (damage "0") (deaths "1")
L 04/02/2015 - 13:52:48: "NEO<29><STEAM_0:4:1625223357><TERRORIST>" triggered "weaponstats2" (weapon "glock18") (head "0") (chest "0") (stomach "0") (leftarm "0") (rightarm "0") (leftleg "0") (rightleg "0")
L 04/02/2015 - 13:52:48: "NEO<29><STEAM_0:4:1625223357><TERRORIST>" triggered "weaponstats" (weapon "awp") (shots "5") (hits "1") (kills "0") (headshots "0") (tks "0") (damage "84") (deaths "3")
L 04/02/2015 - 13:52:48: "NEO<29><STEAM_0:4:1625223357><TERRORIST>" triggered "weaponstats2" (weapon "awp") (head "0") (chest "0") (stomach "0") (leftarm "0") (rightarm "0") (leftleg "0") (rightleg "1")
L 04/02/2015 - 13:52:48: "NEO<29><STEAM_0:4:1625223357><TERRORIST>" triggered "weaponstats" (weapon "m4a1") (shots "84") (hits "8") (kills "1") (headshots "0") (tks "0") (damage "174") (deaths "4")
L 04/02/2015 - 13:52:48: "NEO<29><STEAM_0:4:1625223357><TERRORIST>" triggered "weaponstats2" (weapon "m4a1") (head "0") (chest "1") (stomach "1") (leftarm "3") (rightarm "0") (leftleg "1") (rightleg "2")
L 04/02/2015 - 13:52:48: "NEO<29><STEAM_0:4:1625223357><TERRORIST>" triggered "weaponstats" (weapon "ak47") (shots "26") (hits "4") (kills "1") (headshots "1") (tks "0") (damage "189") (deaths "1")
L 04/02/2015 - 13:52:48: "NEO<29><STEAM_0:4:1625223357><TERRORIST>" triggered "weaponstats2" (weapon "ak47") (head "1") (chest "1") (stomach "0") (leftarm "1") (rightarm "1") (leftleg "0") (rightleg "0")
L 04/02/2015 - 13:52:48: "NEO<29><STEAM_0:4:1625223357><TERRORIST>" triggered "time" (time "4:54")
L 04/02/2015 - 13:52:48: "NEO<29><STEAM_0:4:1625223357><TERRORIST>" triggered "latency" (ping "62")
L 04/02/2015 - 13:52:48: "NEO<29><STEAM_0:4:1625223357><TERRORIST>" disconnected
L 04/02/2015 - 13:52:53: World triggered "Round_Start"
L 04/02/2015 - 13:58:28: "Extazy<9><STEAM_0:1:113150434><CT>" triggered "weaponstats" (weapon "grenade") (shots "22") (hits "12") (kills "1") (headshots "0") (tks "0") (damage "491") (deaths "0")
L 04/02/2015 - 13:58:28: "Extazy<9><STEAM_0:1:113150434><CT>" triggered "weaponstats2" (weapon "grenade") (head "0") (chest "0") (stomach "0") (leftarm "0") (rightarm "0") (leftleg "0") (rightleg "0")
L 04/02/2015 - 13:58:28: "Extazy<9><STEAM_0:1:113150434><CT>" triggered "weaponstats" (weapon "m4a1") (shots "23") (hits "6") (kills "2") (headshots "1") (tks "0") (damage "283") (deaths "0")
L 04/02/2015 - 13:58:28: "Extazy<9><STEAM_0:1:113150434><CT>" triggered "weaponstats2" (weapon "m4a1") (head "1") (chest "1") (stomach "1") (leftarm "3") (rightarm "0") (leftleg "0") (rightleg "0")
L 04/02/2015 - 13:58:28: "Extazy<9><STEAM_0:1:113150434><CT>" triggered "weaponstats" (weapon "deagle") (shots "21") (hits "5") (kills "3") (headshots "0") (tks "0") (damage "213") (deaths "2")
L 04/02/2015 - 13:58:28: "Extazy<9><STEAM_0:1:113150434><CT>" triggered "weaponstats2" (weapon "deagle") (head "0") (chest "3") (stomach "1") (leftarm "0") (rightarm "0") (leftleg "1") (rightleg "0")
L 04/02/2015 - 13:58:28: "Extazy<9><STEAM_0:1:113150434><CT>" triggered "weaponstats" (weapon "ak47") (shots "398") (hits "90") (kills "29") (headshots "6") (tks "0") (damage "3485") (deaths "6")
L 04/02/2015 - 13:58:28: "Extazy<9><STEAM_0:1:113150434><CT>" triggered "weaponstats2" (weapon "ak47") (head "7") (chest "12") (stomach "12") (leftarm "22") (rightarm "14") (leftleg "9") (rightleg "14")
L 04/02/2015 - 13:58:28: "Extazy<9><STEAM_0:1:113150434><CT>" triggered "weaponstats" (weapon "knife") (shots "4") (hits "0") (kills "0") (headshots "0") (tks "0") (damage "0") (deaths "0")
L 04/02/2015 - 13:58:28: "Extazy<9><STEAM_0:1:113150434><CT>" triggered "weaponstats2" (weapon "knife") (head "0") (chest "0") (stomach "0") (leftarm "0") (rightarm "0") (leftleg "0") (rightleg "0")
L 04/02/2015 - 13:58:28: "Extazy<9><STEAM_0:1:113150434><CT>" triggered "time" (time "16:55")
L 04/02/2015 - 13:58:28: "Extazy<9><STEAM_0:1:113150434><CT>" triggered "latency" (ping "12")
L 04/02/2015 - 13:58:28: "Extazy<9><STEAM_0:1:113150434><CT>" disconnected
L 04/02/2015 - 13:58:28: World triggered "Round_Draw" (CT "9") (T "4")
L 04/02/2015 - 13:58:28: World triggered "Round_End"
L 04/02/2015 - 13:58:38: World triggered "Round_Start"
L 04/02/2015 - 14:03:05: [DPROTO]: Client 0 - Set AuthIdType 1 [Native]; pClient = 0xb39ccf08
L 04/02/2015 - 14:03:05: "Extazy<30><STEAM_0:1:113150434><>" connected, address "10.19.7.134:27005"
L 04/02/2015 - 14:03:05: [VTC] Player 1 silk
L 04/02/2015 - 14:03:36: "Extazy<30><STEAM_0:1:113150434><>" entered the game
L 04/02/2015 - 14:03:46: "Extazy<30><STEAM_0:1:113150434><>" joined team "CT"
L 04/02/2015 - 14:05:55: "Extazy<30><STEAM_0:1:113150434><CT>" triggered "weaponstats" (weapon "deagle") (shots "3") (hits "0") (kills "0") (headshots "0") (tks "0") (damage "0") (deaths "0")
L 04/02/2015 - 14:05:55: "Extazy<30><STEAM_0:1:113150434><CT>" triggered "weaponstats2" (weapon "deagle") (head "0") (chest "0") (stomach "0") (leftarm "0") (rightarm "0") (leftleg "0") (rightleg "0")
L 04/02/2015 - 14:05:55: "Extazy<30><STEAM_0:1:113150434><CT>" triggered "weaponstats" (weapon "ak47") (shots "10") (hits "0") (kills "0") (headshots "0") (tks "0") (damage "0") (deaths "0")
L 04/02/2015 - 14:05:55: "Extazy<30><STEAM_0:1:113150434><CT>" triggered "weaponstats2" (weapon "ak47") (head "0") (chest "0") (stomach "0") (leftarm "0") (rightarm "0") (leftleg "0") (rightleg "0")
L 04/02/2015 - 14:05:55: "Extazy<30><STEAM_0:1:113150434><CT>" triggered "weaponstats" (weapon "knife") (shots "2") (hits "0") (kills "0") (headshots "0") (tks "0") (damage "0") (deaths "0")
L 04/02/2015 - 14:05:55: "Extazy<30><STEAM_0:1:113150434><CT>" triggered "weaponstats2" (weapon "knife") (head "0") (chest "0") (stomach "0") (leftarm "0") (rightarm "0") (leftleg "0") (rightleg "0")
L 04/02/2015 - 14:05:55: "Extazy<30><STEAM_0:1:113150434><CT>" triggered "time" (time "2:18")
L 04/02/2015 - 14:05:55: "Extazy<30><STEAM_0:1:113150434><CT>" triggered "latency" (ping "25")
L 04/02/2015 - 14:05:55: "Extazy<30><STEAM_0:1:113150434><CT>" disconnected
L 04/02/2015 - 14:05:55: World triggered "Round_Draw" (CT "9") (T "4")
L 04/02/2015 - 14:05:55: World triggered "Round_End"
L 04/02/2015 - 14:06:05: World triggered "Round_Start"
L 04/02/2015 - 14:12:42: [DPROTO]: Client 0 - Set AuthIdType 1 [Native]; pClient = 0xb39ccf08
L 04/02/2015 - 14:12:42: "Extazy<31><STEAM_0:1:113150434><>" connected, address "10.19.7.134:27005"
L 04/02/2015 - 14:12:42: [VTC] Player 1 silk
L 04/02/2015 - 14:13:08: "Extazy<31><STEAM_0:1:113150434><>" entered the game
L 04/02/2015 - 14:13:24: "Extazy<31><STEAM_0:1:113150434><>" joined team "CT"
L 04/02/2015 - 14:14:05: "Extazy<31><STEAM_0:1:113150434><CT>" triggered "weaponstats" (weapon "deagle") (shots "10") (hits "0") (kills "0") (headshots "0") (tks "0") (damage "0") (deaths "0")
L 04/02/2015 - 14:14:05: "Extazy<31><STEAM_0:1:113150434><CT>" triggered "weaponstats2" (weapon "deagle") (head "0") (chest "0") (stomach "0") (leftarm "0") (rightarm "0") (leftleg "0") (rightleg "0")
L 04/02/2015 - 14:14:05: "Extazy<31><STEAM_0:1:113150434><CT>" triggered "weaponstats" (weapon "knife") (shots "2") (hits "0") (kills "0") (headshots "0") (tks "0") (damage "0") (deaths "0")
L 04/02/2015 - 14:14:05: "Extazy<31><STEAM_0:1:113150434><CT>" triggered "weaponstats2" (weapon "knife") (head "0") (chest "0") (stomach "0") (leftarm "0") (rightarm "0") (leftleg "0") (rightleg "0")
L 04/02/2015 - 14:14:05: "Extazy<31><STEAM_0:1:113150434><CT>" triggered "time" (time "0:57")
L 04/02/2015 - 14:14:05: "Extazy<31><STEAM_0:1:113150434><CT>" triggered "latency" (ping "32")
L 04/02/2015 - 14:14:05: "Extazy<31><STEAM_0:1:113150434><CT>" disconnected
L 04/02/2015 - 14:14:05: World triggered "Round_Draw" (CT "9") (T "4")
L 04/02/2015 - 14:14:05: World triggered "Round_End"
L 04/02/2015 - 14:14:15: World triggered "Round_Start"
L 04/02/2015 - 14:15:28: [DPROTO]: Client 0 - Set AuthIdType 3 [dp_RevEmu]; pClient = 0xb39ccf08
L 04/02/2015 - 14:15:28: "T.N.L.Le[k]s<32><STEAM_0:4:1399475461><>" connected, address "178.120.136.15:14351"
L 04/02/2015 - 14:15:28: [VTC] Player 1 speex
L 04/02/2015 - 14:15:33: "T.N.L.Le[k]s<32><STEAM_0:4:1399475461><>" entered the game
L 04/02/2015 - 14:15:36: "T.N.L.Le[k]s<32><STEAM_0:4:1399475461><>" joined team "CT"
L 04/02/2015 - 14:16:14: Server cvar "amx_nextmap" = "$5000$"
L 04/02/2015 - 14:16:15: "T.N.L.Le[k]s<32><STEAM_0:4:1399475461><CT>" triggered "weaponstats" (weapon "usp") (shots "3") (hits "0") (kills "0") (headshots "0") (tks "0") (damage "0") (deaths "0")
L 04/02/2015 - 14:16:15: "T.N.L.Le[k]s<32><STEAM_0:4:1399475461><CT>" triggered "weaponstats2" (weapon "usp") (head "0") (chest "0") (stomach "0") (leftarm "0") (rightarm "0") (leftleg "0") (rightleg "0")
L 04/02/2015 - 14:16:15: "T.N.L.Le[k]s<32><STEAM_0:4:1399475461><CT>" triggered "weaponstats" (weapon "ak47") (shots "22") (hits "0") (kills "0") (headshots "0") (tks "0") (damage "0") (deaths "0")
L 04/02/2015 - 14:16:15: "T.N.L.Le[k]s<32><STEAM_0:4:1399475461><CT>" triggered "weaponstats2" (weapon "ak47") (head "0") (chest "0") (stomach "0") (leftarm "0") (rightarm "0") (leftleg "0") (rightleg "0")
L 04/02/2015 - 14:16:15: "T.N.L.Le[k]s<32><STEAM_0:4:1399475461><CT>" triggered "time" (time "0:41")
L 04/02/2015 - 14:16:15: "T.N.L.Le[k]s<32><STEAM_0:4:1399475461><CT>" triggered "latency" (ping "56")
L 04/02/2015 - 14:16:15: [META] ini: Begin re-reading plugins list: /home/extazy/public/cstrike/addons/metamod/plugins.ini
L 04/02/2015 - 14:16:15: [META] ini: Read plugin config for: AMX Mod X
L 04/02/2015 - 14:16:15: [META] ini: Read plugin config for: dproto_EF
L 04/02/2015 - 14:16:15: [META] ini: Read plugin config for: VoiceTranscoder
L 04/02/2015 - 14:16:15: [META] ini: Read plugin config for: WHBlocker
L 04/02/2015 - 14:16:15: [META] ini: Finished reading plugins list: /home/extazy/public/cstrike/addons/metamod/plugins.ini; Found 4 plugins
L 04/02/2015 - 14:16:15: [META] dll: Updating plugins...
L 04/02/2015 - 14:16:15: [META] dll: Finished updating 13 plugins; kept 4, loaded 0, unloaded 0, reloaded 0, delayed 0
L 04/02/2015 - 14:16:15: "T.N.L.Le[k]s<32><STEAM_0:4:1399475461><CT>" disconnected
L 04/02/2015 - 14:16:15: World triggered "Round_Draw" (CT "9") (T "4")
L 04/02/2015 - 14:16:15: World triggered "Round_End"
L 04/02/2015 - 14:16:15: Log file closed
