L 04/01/2015 - 08:47:16: Log file started (file "logs/L0401008.log") (game "cstrike") (version "48/1.6.3.7/Stdio/5787")
L 04/01/2015 - 08:47:16: Server cvar "mp_logdetail" = "3"
L 04/01/2015 - 08:47:16: Server cvar "mp_timelimit" = "30"
L 04/01/2015 - 08:47:16: Server cvar "mp_c4timer" = "35"
L 04/01/2015 - 08:47:16: Server cvar "mp_flashlight" = "1"
L 04/01/2015 - 08:47:16: Server cvar "mp_freezetime" = "5"
L 04/01/2015 - 08:47:16: Server cvar "mp_hostagepenalty" = "0"
L 04/01/2015 - 08:47:16: Server cvar "mp_limitteams" = "5"
L 04/01/2015 - 08:47:16: Server cvar "mp_roundtime" = "2.57"
L 04/01/2015 - 08:47:16: Server cvar "mp_tkpunish" = "1"
L 04/01/2015 - 08:47:16: Server cvar "sv_restartround" = "1"
L 04/01/2015 - 08:47:16: Server cvar "sv_maxspeed" = "320"
L 04/01/2015 - 08:47:16: Server cvar "sv_proxies" = "0"
L 04/01/2015 - 08:47:16: Server cvar "allow_spectators" = "4"
L 04/01/2015 - 08:47:16: Server cvar "mp_chattime" = "0"
L 04/01/2015 - 08:47:16: Server cvar "decalfrequency" = "9"
L 04/01/2015 - 08:47:16: Server cvar "sv_minrate" = "100000"
L 04/01/2015 - 08:47:16: Server cvar "sv_maxrate" = "50000"
L 04/01/2015 - 08:47:16: Server cvar "sv_region" = "3"
L 04/01/2015 - 08:47:17: World triggered "Restart_Round_(1_second)"
L 04/01/2015 - 08:47:17: Team "CT" scored "0" with "0" players
L 04/01/2015 - 08:47:17: Team "TERRORIST" scored "0" with "0" players
L 04/01/2015 - 08:47:17: Server cvar "sv_restartround" = "0"
L 04/01/2015 - 08:47:23: World triggered "Round_Start"
L 04/01/2015 - 08:49:57: Team "CT" triggered "Target_Saved" (CT "1") (T "0")
L 04/01/2015 - 08:49:57: World triggered "Round_End"
L 04/01/2015 - 08:50:07: World triggered "Round_Start"
L 04/01/2015 - 08:52:26: [META] ini: Begin re-reading plugins list: /home/extazy/public/cstrike/addons/metamod/plugins.ini
L 04/01/2015 - 08:52:26: [META] ini: Read plugin config for: AMX Mod X
L 04/01/2015 - 08:52:26: [META] ini: Read plugin config for: dproto_EF
L 04/01/2015 - 08:52:26: [META] ini: Read plugin config for: VoiceTranscoder
L 04/01/2015 - 08:52:26: [META] ini: Read plugin config for: WHBlocker
L 04/01/2015 - 08:52:26: [META] ini: Finished reading plugins list: /home/extazy/public/cstrike/addons/metamod/plugins.ini; Found 4 plugins
L 04/01/2015 - 08:52:26: [META] dll: Updating plugins...
L 04/01/2015 - 08:52:26: [META] dll: Finished updating 13 plugins; kept 4, loaded 0, unloaded 0, reloaded 0, delayed 0
L 04/01/2015 - 08:52:26: Log file closed
