L 04/01/2015 - 17:58:00: Log file started (file "logs/L0401034.log") (game "cstrike") (version "48/1.6.3.7/Stdio/5787")
L 04/01/2015 - 17:58:00: Loading map "$2000$"
L 04/01/2015 - 17:58:00: Server cvars start
L 04/01/2015 - 17:58:00: Server cvar "_tutor_bomb_viewable_check_interval" = "0.5"
L 04/01/2015 - 17:58:00: Server cvar "_tutor_debug_level" = "0"
L 04/01/2015 - 17:58:00: Server cvar "_tutor_examine_time" = "0.5"
L 04/01/2015 - 17:58:00: Server cvar "_tutor_hint_interval_time" = "10.0"
L 04/01/2015 - 17:58:00: Server cvar "_tutor_look_angle" = "10"
L 04/01/2015 - 17:58:00: Server cvar "_tutor_look_distance" = "200"
L 04/01/2015 - 17:58:00: Server cvar "_tutor_message_character_display_time_coefficient" = "0.07"
L 04/01/2015 - 17:58:00: Server cvar "_tutor_message_minimum_display_time" = "1"
L 04/01/2015 - 17:58:00: Server cvar "_tutor_message_repeats" = "5"
L 04/01/2015 - 17:58:00: Server cvar "_tutor_view_distance" = "1000"
L 04/01/2015 - 17:58:00: Server cvar "aesp_version" = "1.5b_mini"
L 04/01/2015 - 17:58:00: Server cvar "allow_spectators" = "4"
L 04/01/2015 - 17:58:00: Server cvar "amx_client_languages" = "0"
L 04/01/2015 - 17:58:00: Server cvar "amx_contactinfo" = "ICQ: 691322983"
L 04/01/2015 - 17:58:00: Server cvar "amx_language" = "ru"
L 04/01/2015 - 17:58:00: Server cvar "amx_nextmap" = "awp_india2"
L 04/01/2015 - 17:58:00: Server cvar "amx_timeleft" = "24:18"
L 04/01/2015 - 17:58:00: Server cvar "amxbans_ssversion" = "Gm 1.6"
L 04/01/2015 - 17:58:00: Server cvar "amxbans_version" = "Gm 1.6"
L 04/01/2015 - 17:58:00: Server cvar "amxmodx_version" = "1.8.1.3746"
L 04/01/2015 - 17:58:00: Server cvar "Colored Translit Cheat" = "Loaded"
L 04/01/2015 - 17:58:00: Server cvar "Colored Translit Config" = "Loaded"
L 04/01/2015 - 17:58:00: Server cvar "Colored Translit Ignores" = "Loaded"
L 04/01/2015 - 17:58:00: Server cvar "Colored Translit Replace" = "Failed"
L 04/01/2015 - 17:58:00: Server cvar "Colored Translit Spam" = "Loaded"
L 04/01/2015 - 17:58:00: Server cvar "Colored Translit Status" = "Loaded"
L 04/01/2015 - 17:58:00: Server cvar "Colored Translit Swear" = "Loaded"
L 04/01/2015 - 17:58:00: Server cvar "Colored Translit Version" = "2.0b Final"
L 04/01/2015 - 17:58:00: Server cvar "coop" = "0"
L 04/01/2015 - 17:58:00: Server cvar "deathmatch" = "1"
L 04/01/2015 - 17:58:00: Server cvar "decalfrequency" = "9"
L 04/01/2015 - 17:58:00: Server cvar "dp_version" = "0.9.391"
L 04/01/2015 - 17:58:00: Server cvar "edgefriction" = "2"
L 04/01/2015 - 17:58:00: Server cvar "hostage_debug" = "0"
L 04/01/2015 - 17:58:00: Server cvar "hostage_stop" = "0"
L 04/01/2015 - 17:58:00: Server cvar "humans_join_team" = "any"
L 04/01/2015 - 17:58:00: Server cvar "jtp10181" = "chute,gore"
L 04/01/2015 - 17:58:00: Server cvar "max_queries_sec" = "3.0"
L 04/01/2015 - 17:58:00: Server cvar "max_queries_sec_global" = "30"
L 04/01/2015 - 17:58:00: Server cvar "max_queries_window" = "60"
L 04/01/2015 - 17:58:00: Server cvar "metamod_version" = "1.19"
L 04/01/2015 - 17:58:00: Server cvar "mp_allowmonsters" = "0"
L 04/01/2015 - 17:58:00: Server cvar "mp_autokick" = "1"
L 04/01/2015 - 17:58:00: Server cvar "mp_autoteambalance" = "1"
L 04/01/2015 - 17:58:00: Server cvar "mp_buytime" = "1.5"
L 04/01/2015 - 17:58:00: Server cvar "mp_c4timer" = "35"
L 04/01/2015 - 17:58:00: Server cvar "mp_chattime" = "1"
L 04/01/2015 - 17:58:00: Server cvar "mp_consistency" = "1"
L 04/01/2015 - 17:58:00: Server cvar "mp_fadetoblack" = "0"
L 04/01/2015 - 17:58:00: Server cvar "mp_flashlight" = "1"
L 04/01/2015 - 17:58:00: Server cvar "mp_footsteps" = "1"
L 04/01/2015 - 17:58:00: Server cvar "mp_forcecamera" = "0"
L 04/01/2015 - 17:58:00: Server cvar "mp_forcechasecam" = "0"
L 04/01/2015 - 17:58:00: Server cvar "mp_fragsleft" = "0"
L 04/01/2015 - 17:58:00: Server cvar "mp_freezetime" = "5"
L 04/01/2015 - 17:58:00: Server cvar "mp_friendlyfire" = "0"
L 04/01/2015 - 17:58:00: Server cvar "mp_ghostfrequency" = "0.1"
L 04/01/2015 - 17:58:00: Server cvar "mp_hostagepenalty" = "0"
L 04/01/2015 - 17:58:00: Server cvar "mp_kickpercent" = "0.66"
L 04/01/2015 - 17:58:00: Server cvar "mp_limitteams" = "5"
L 04/01/2015 - 17:58:00: Server cvar "mp_logdetail" = "3"
L 04/01/2015 - 17:58:00: Server cvar "mp_logfile" = "1"
L 04/01/2015 - 17:58:00: Server cvar "mp_logmessages" = "1"
L 04/01/2015 - 17:58:00: Server cvar "mp_mapvoteratio" = "0.66"
L 04/01/2015 - 17:58:00: Server cvar "mp_maxrounds" = "0"
L 04/01/2015 - 17:58:00: Server cvar "mp_mirrordamage" = "0"
L 04/01/2015 - 17:58:00: Server cvar "mp_playerid" = "0"
L 04/01/2015 - 17:58:00: Server cvar "mp_roundtime" = "2.57"
L 04/01/2015 - 17:58:00: Server cvar "mp_startmoney" = "800"
L 04/01/2015 - 17:58:00: Server cvar "mp_timeleft" = "0"
L 04/01/2015 - 17:58:00: Server cvar "mp_timelimit" = "30.000000"
L 04/01/2015 - 17:58:00: Server cvar "mp_tkpunish" = "1"
L 04/01/2015 - 17:58:00: Server cvar "mp_windifference" = "1"
L 04/01/2015 - 17:58:00: Server cvar "mp_winlimit" = "0"
L 04/01/2015 - 17:58:00: Server cvar "pausable" = "0"
L 04/01/2015 - 17:58:00: Server cvar "sv_accelerate" = "5"
L 04/01/2015 - 17:58:00: Server cvar "sv_aim" = "0"
L 04/01/2015 - 17:58:00: Server cvar "sv_airaccelerate" = "10"
L 04/01/2015 - 17:58:00: Server cvar "sv_airmove" = "1"
L 04/01/2015 - 17:58:00: Server cvar "sv_allowupload" = "1"
L 04/01/2015 - 17:58:00: Server cvar "sv_alltalk" = "0"
L 04/01/2015 - 17:58:00: Server cvar "sv_bounce" = "1"
L 04/01/2015 - 17:58:00: Server cvar "sv_cheats" = "0"
L 04/01/2015 - 17:58:00: Server cvar "sv_clienttrace" = "1"
L 04/01/2015 - 17:58:00: Server cvar "sv_clipmode" = "0"
L 04/01/2015 - 17:58:00: Server cvar "sv_contact" = ""
L 04/01/2015 - 17:58:00: Server cvar "sv_friction" = "4"
L 04/01/2015 - 17:58:00: Server cvar "sv_gravity" = "800"
L 04/01/2015 - 17:58:00: Server cvar "sv_logblocks" = "0"
L 04/01/2015 - 17:58:00: Server cvar "sv_maxrate" = "25000"
L 04/01/2015 - 17:58:00: Server cvar "sv_maxspeed" = "900"
L 04/01/2015 - 17:58:00: Server cvar "sv_minrate" = "100000"
L 04/01/2015 - 17:58:00: Server cvar "sv_password" = ""
L 04/01/2015 - 17:58:00: Server cvar "sv_proxies" = "0"
L 04/01/2015 - 17:58:00: Server cvar "sv_region" = "3"
L 04/01/2015 - 17:58:00: Server cvar "sv_restart" = "0"
L 04/01/2015 - 17:58:00: Server cvar "sv_restartround" = "0"
L 04/01/2015 - 17:58:00: Server cvar "sv_stepsize" = "18"
L 04/01/2015 - 17:58:00: Server cvar "sv_stopspeed" = "75"
L 04/01/2015 - 17:58:00: Server cvar "sv_uploadmax" = "0.5"
L 04/01/2015 - 17:58:00: Server cvar "sv_voiceenable" = "1"
L 04/01/2015 - 17:58:00: Server cvar "sv_wateraccelerate" = "10"
L 04/01/2015 - 17:58:00: Server cvar "sv_waterfriction" = "1"
L 04/01/2015 - 17:58:00: Server cvar "travo_statmarquee" = "v1.2"
L 04/01/2015 - 17:58:00: Server cvar "vtc_version" = "80"
L 04/01/2015 - 17:58:00: Server cvar "wallblocker_version" = "1.0"
L 04/01/2015 - 17:58:00: Server cvar "whb_version" = "1.5.530"
L 04/01/2015 - 17:58:00: Server cvars end
L 04/01/2015 - 17:58:01: Server cvar "amx_nextmap" = "de_go_go_go"
L 04/01/2015 - 17:58:01: Server cvar "sv_restart" = "1"
L 04/01/2015 - 17:58:01: World triggered "Restart_Round_(1_second)"
L 04/01/2015 - 17:58:01: Team "CT" scored "0" with "0" players
L 04/01/2015 - 17:58:01: Team "TERRORIST" scored "0" with "0" players
L 04/01/2015 - 17:58:01: Server cvar "sv_restart" = "0"
L 04/01/2015 - 17:58:01: Started map "$2000$" (CRC "-1688392397")
L 04/01/2015 - 17:58:01: [VTC] Player 4 speex
L 04/01/2015 - 17:58:01: [VTC] Player 6 speex
L 04/01/2015 - 17:58:01: [VTC] Player 1 speex
L 04/01/2015 - 17:58:01: [VTC] Player 7 speex
L 04/01/2015 - 17:58:01: [VTC] Player 10 speex
L 04/01/2015 - 17:58:01: [VTC] Player 8 speex
L 04/01/2015 - 17:58:01: [VTC] Player 11 silk
L 04/01/2015 - 17:58:03: "KoH4EHHblu<173><STEAM_0:4:1486671109><>" entered the game
L 04/01/2015 - 17:58:04: "bum<168><STEAM_0:4:2060242565><>" entered the game
L 04/01/2015 - 17:58:05: "ANGELuHA<162><STEAM_0:4:1018023685><>" entered the game
L 04/01/2015 - 17:58:05: "{awP}Dimasik<169><STEAM_0:4:2069941637><>" entered the game
L 04/01/2015 - 17:58:06: "MiIIIanya(21RUS)<170><STEAM_0:4:1726690299><>" entered the game
L 04/01/2015 - 17:58:06: "MYRAVEy*<161><STEAM_0:4:829897456><>" entered the game
L 04/01/2015 - 17:58:06: World triggered "Round_Start"
L 04/01/2015 - 17:58:08: "ANGELuHA<162><STEAM_0:4:1018023685><>" joined team "CT"
L 04/01/2015 - 17:58:09: "MiIIIanya(21RUS)<170><STEAM_0:4:1726690299><>" joined team "TERRORIST"
L 04/01/2015 - 17:58:09: "kefir<158><STEAM_0:4:186371333><>" entered the game
L 04/01/2015 - 17:58:10: "{awP}Dimasik<169><STEAM_0:4:2069941637><>" joined team "TERRORIST"
L 04/01/2015 - 17:58:10: "MYRAVEy*<161><STEAM_0:4:829897456><>" joined team "TERRORIST"
L 04/01/2015 - 17:58:10: World triggered "Game_Commencing"
L 04/01/2015 - 17:58:10: World triggered "Game_Commencing" (CT "0") (T "0")
L 04/01/2015 - 17:58:10: World triggered "Round_End"
L 04/01/2015 - 17:58:11: "bum<168><STEAM_0:4:2060242565><>" joined team "CT"
L 04/01/2015 - 17:58:15: "kefir<158><STEAM_0:4:186371333><>" joined team "SPECTATOR"
L 04/01/2015 - 17:58:18: World triggered "Round_Start"
L 04/01/2015 - 17:58:22: "bum<168><STEAM_0:4:2060242565><CT>" attacked "MYRAVEy*<161><STEAM_0:4:829897456><TERRORIST>" with "m4a1" (damage "36") (damage_armor "0") (health "64") (armor "0")
L 04/01/2015 - 17:58:22: "bum<168><STEAM_0:4:2060242565><CT>" attacked "MYRAVEy*<161><STEAM_0:4:829897456><TERRORIST>" with "m4a1" (damage "21") (damage_armor "0") (health "43") (armor "0")
L 04/01/2015 - 17:58:22: "bum<168><STEAM_0:4:2060242565><CT>" attacked "MYRAVEy*<161><STEAM_0:4:829897456><TERRORIST>" with "m4a1" (damage "29") (damage_armor "0") (health "14") (armor "0")
L 04/01/2015 - 17:58:22: "bum<168><STEAM_0:4:2060242565><CT>" attacked "MYRAVEy*<161><STEAM_0:4:829897456><TERRORIST>" with "m4a1" (damage "29") (damage_armor "0") (health "-15") (armor "0")
L 04/01/2015 - 17:58:22: "bum<168><STEAM_0:4:2060242565><CT>" killed "MYRAVEy*<161><STEAM_0:4:829897456><TERRORIST>" with "m4a1"
L 04/01/2015 - 17:58:25: "{awP}Dimasik<169><STEAM_0:4:2069941637><TERRORIST>" attacked "ANGELuHA<162><STEAM_0:4:1018023685><CT>" with "m4a1" (damage "19") (damage_armor "5") (health "81") (armor "95")
L 04/01/2015 - 17:58:25: "ANGELuHA<162><STEAM_0:4:1018023685><CT>" attacked "{awP}Dimasik<169><STEAM_0:4:2069941637><TERRORIST>" with "m4a1" (damage "21") (damage_armor "0") (health "79") (armor "0")
L 04/01/2015 - 17:58:25: "{awP}Dimasik<169><STEAM_0:4:2069941637><TERRORIST>" attacked "ANGELuHA<162><STEAM_0:4:1018023685><CT>" with "m4a1" (damage "78") (damage_armor "16") (health "3") (armor "79")
L 04/01/2015 - 17:58:27: "Extazy<156><STEAM_0:1:113150434><>" entered the game
L 04/01/2015 - 17:58:29: "MiIIIanya(21RUS)<170><STEAM_0:4:1726690299><TERRORIST>" attacked "ANGELuHA<162><STEAM_0:4:1018023685><CT>" with "mp5navy" (damage "15") (damage_armor "0") (health "-12") (armor "79")
L 04/01/2015 - 17:58:29: "MiIIIanya(21RUS)<170><STEAM_0:4:1726690299><TERRORIST>" killed "ANGELuHA<162><STEAM_0:4:1018023685><CT>" with "mp5navy"
L 04/01/2015 - 17:58:32: "Extazy<156><STEAM_0:1:113150434><>" joined team "CT"
L 04/01/2015 - 17:58:32: "bum<168><STEAM_0:4:2060242565><CT>" attacked "MiIIIanya(21RUS)<170><STEAM_0:4:1726690299><TERRORIST>" with "m4a1" (damage "36") (damage_armor "0") (health "64") (armor "0")
L 04/01/2015 - 17:58:33: "bum<168><STEAM_0:4:2060242565><CT>" attacked "MiIIIanya(21RUS)<170><STEAM_0:4:1726690299><TERRORIST>" with "m4a1" (damage "21") (damage_armor "0") (health "43") (armor "0")
L 04/01/2015 - 17:58:33: "bum<168><STEAM_0:4:2060242565><CT>" attacked "MiIIIanya(21RUS)<170><STEAM_0:4:1726690299><TERRORIST>" with "m4a1" (damage "21") (damage_armor "0") (health "22") (armor "0")
L 04/01/2015 - 17:58:33: "bum<168><STEAM_0:4:2060242565><CT>" attacked "MiIIIanya(21RUS)<170><STEAM_0:4:1726690299><TERRORIST>" with "m4a1" (damage "21") (damage_armor "0") (health "1") (armor "0")
L 04/01/2015 - 17:58:33: "bum<168><STEAM_0:4:2060242565><CT>" attacked "MiIIIanya(21RUS)<170><STEAM_0:4:1726690299><TERRORIST>" with "m4a1" (damage "29") (damage_armor "0") (health "-28") (armor "0")
L 04/01/2015 - 17:58:33: "bum<168><STEAM_0:4:2060242565><CT>" killed "MiIIIanya(21RUS)<170><STEAM_0:4:1726690299><TERRORIST>" with "m4a1"
L 04/01/2015 - 17:58:37: "bum<168><STEAM_0:4:2060242565><CT>" attacked "{awP}Dimasik<169><STEAM_0:4:2069941637><TERRORIST>" with "m4a1" (damage "22") (damage_armor "0") (health "57") (armor "0")
L 04/01/2015 - 17:58:38: "{awP}Dimasik<169><STEAM_0:4:2069941637><TERRORIST>" attacked "bum<168><STEAM_0:4:2060242565><CT>" with "m4a1" (damage "21") (damage_armor "0") (health "79") (armor "0")
L 04/01/2015 - 17:58:38: "{awP}Dimasik<169><STEAM_0:4:2069941637><TERRORIST>" attacked "bum<168><STEAM_0:4:2060242565><CT>" with "m4a1" (damage "29") (damage_armor "0") (health "50") (armor "0")
L 04/01/2015 - 17:58:38: "{awP}Dimasik<169><STEAM_0:4:2069941637><TERRORIST>" attacked "bum<168><STEAM_0:4:2060242565><CT>" with "m4a1" (damage "29") (damage_armor "0") (health "21") (armor "0")
L 04/01/2015 - 17:58:38: "{awP}Dimasik<169><STEAM_0:4:2069941637><TERRORIST>" attacked "bum<168><STEAM_0:4:2060242565><CT>" with "m4a1" (damage "116") (damage_armor "0") (health "-95") (armor "0")
L 04/01/2015 - 17:58:38: "{awP}Dimasik<169><STEAM_0:4:2069941637><TERRORIST>" killed "bum<168><STEAM_0:4:2060242565><CT>" with "m4a1"
L 04/01/2015 - 17:58:51: "Extazy<156><STEAM_0:1:113150434><CT>" attacked "{awP}Dimasik<169><STEAM_0:4:2069941637><TERRORIST>" with "ak47" (damage "34") (damage_armor "0") (health "23") (armor "0")
L 04/01/2015 - 17:58:51: "{awP}Dimasik<169><STEAM_0:4:2069941637><TERRORIST>" attacked "Extazy<156><STEAM_0:1:113150434><CT>" with "m4a1" (damage "19") (damage_armor "5") (health "81") (armor "95")
L 04/01/2015 - 17:58:52: "{awP}Dimasik<169><STEAM_0:4:2069941637><TERRORIST>" attacked "Extazy<156><STEAM_0:1:113150434><CT>" with "m4a1" (damage "19") (damage_armor "4") (health "62") (armor "91")
L 04/01/2015 - 17:59:01: "Extazy<156><STEAM_0:1:113150434><CT>" attacked "{awP}Dimasik<169><STEAM_0:4:2069941637><TERRORIST>" with "ak47" (damage "42") (damage_armor "0") (health "-19") (armor "0")
L 04/01/2015 - 17:59:01: "Extazy<156><STEAM_0:1:113150434><CT>" killed "{awP}Dimasik<169><STEAM_0:4:2069941637><TERRORIST>" with "ak47"
L 04/01/2015 - 17:59:01: Team "CT" triggered "CTs_Win" (CT "1") (T "0")
L 04/01/2015 - 17:59:01: World triggered "Round_End"
L 04/01/2015 - 17:59:06: "MiIIIanya(21RUS)<170><STEAM_0:4:1726690299><TERRORIST>" triggered "weaponstats" (weapon "grenade") (shots "1") (hits "0") (kills "0") (headshots "0") (tks "0") (damage "0") (deaths "0")
L 04/01/2015 - 17:59:06: "MiIIIanya(21RUS)<170><STEAM_0:4:1726690299><TERRORIST>" triggered "weaponstats2" (weapon "grenade") (head "0") (chest "0") (stomach "0") (leftarm "0") (rightarm "0") (leftleg "0") (rightleg "0")
L 04/01/2015 - 17:59:06: "MiIIIanya(21RUS)<170><STEAM_0:4:1726690299><TERRORIST>" triggered "weaponstats" (weapon "mp5navy") (shots "18") (hits "1") (kills "1") (headshots "0") (tks "0") (damage "15") (deaths "1")
L 04/01/2015 - 17:59:06: "MiIIIanya(21RUS)<170><STEAM_0:4:1726690299><TERRORIST>" triggered "weaponstats2" (weapon "mp5navy") (head "0") (chest "0") (stomach "0") (leftarm "0") (rightarm "0") (leftleg "1") (rightleg "0")
L 04/01/2015 - 17:59:06: "MiIIIanya(21RUS)<170><STEAM_0:4:1726690299><TERRORIST>" triggered "time" (time "1:00")
L 04/01/2015 - 17:59:06: "MiIIIanya(21RUS)<170><STEAM_0:4:1726690299><TERRORIST>" triggered "latency" (ping "99")
L 04/01/2015 - 17:59:06: "MiIIIanya(21RUS)<170><STEAM_0:4:1726690299><TERRORIST>" disconnected
L 04/01/2015 - 17:59:06: "kefir<158><STEAM_0:4:186371333><SPECTATOR>" joined team "TERRORIST"
L 04/01/2015 - 17:59:08: "KoH4EHHblu<173><STEAM_0:4:1486671109><>" joined team "CT"
L 04/01/2015 - 17:59:11: World triggered "Round_Start"
L 04/01/2015 - 17:59:17: "ANGELuHA<162><STEAM_0:4:1018023685><CT>" attacked "{awP}Dimasik<169><STEAM_0:4:2069941637><TERRORIST>" with "m4a1" (damage "29") (damage_armor "0") (health "71") (armor "0")
L 04/01/2015 - 17:59:17: "{awP}Dimasik<169><STEAM_0:4:2069941637><TERRORIST>" attacked "ANGELuHA<162><STEAM_0:4:1018023685><CT>" with "m4a1" (damage "78") (damage_armor "17") (health "22") (armor "83")
L 04/01/2015 - 17:59:17: "MYRAVEy*<161><STEAM_0:4:829897456><TERRORIST>" attacked "KoH4EHHblu<173><STEAM_0:4:1486671109><CT>" with "ak47" (damage "34") (damage_armor "0") (health "66") (armor "0")
L 04/01/2015 - 17:59:17: "ANGELuHA<162><STEAM_0:4:1018023685><CT>" attacked "{awP}Dimasik<169><STEAM_0:4:2069941637><TERRORIST>" with "m4a1" (damage "36") (damage_armor "0") (health "35") (armor "0")
L 04/01/2015 - 17:59:17: "MYRAVEy*<161><STEAM_0:4:829897456><TERRORIST>" attacked "KoH4EHHblu<173><STEAM_0:4:1486671109><CT>" with "ak47" (damage "34") (damage_armor "0") (health "32") (armor "0")
L 04/01/2015 - 17:59:17: "bum<168><STEAM_0:4:2060242565><CT>" attacked "MYRAVEy*<161><STEAM_0:4:829897456><TERRORIST>" with "m4a1" (damage "36") (damage_armor "0") (health "64") (armor "0")
L 04/01/2015 - 17:59:17: "KoH4EHHblu<173><STEAM_0:4:1486671109><CT>" attacked "MYRAVEy*<161><STEAM_0:4:829897456><TERRORIST>" with "ak47" (damage "136") (damage_armor "0") (health "-72") (armor "0")
L 04/01/2015 - 17:59:17: "KoH4EHHblu<173><STEAM_0:4:1486671109><CT>" killed "MYRAVEy*<161><STEAM_0:4:829897456><TERRORIST>" with "ak47"
L 04/01/2015 - 17:59:17: "ANGELuHA<162><STEAM_0:4:1018023685><CT>" attacked "{awP}Dimasik<169><STEAM_0:4:2069941637><TERRORIST>" with "m4a1" (damage "29") (damage_armor "0") (health "6") (armor "0")
L 04/01/2015 - 17:59:18: "{awP}Dimasik<169><STEAM_0:4:2069941637><TERRORIST>" attacked "ANGELuHA<162><STEAM_0:4:1018023685><CT>" with "m4a1" (damage "19") (damage_armor "4") (health "3") (armor "79")
L 04/01/2015 - 17:59:18: "ANGELuHA<162><STEAM_0:4:1018023685><CT>" attacked "{awP}Dimasik<169><STEAM_0:4:2069941637><TERRORIST>" with "m4a1" (damage "116") (damage_armor "0") (health "-110") (armor "0")
L 04/01/2015 - 17:59:18: "ANGELuHA<162><STEAM_0:4:1018023685><CT>" killed "{awP}Dimasik<169><STEAM_0:4:2069941637><TERRORIST>" with "m4a1"
L 04/01/2015 - 17:59:18: Team "CT" triggered "CTs_Win" (CT "2") (T "0")
L 04/01/2015 - 17:59:18: World triggered "Round_End"
L 04/01/2015 - 17:59:28: World triggered "Round_Start"
L 04/01/2015 - 17:59:32: "{awP}Dimasik<169><STEAM_0:4:2069941637><TERRORIST>" attacked "Extazy<156><STEAM_0:1:113150434><CT>" with "m4a1" (damage "21") (damage_armor "4") (health "67") (armor "89")
L 04/01/2015 - 17:59:33: "{awP}Dimasik<169><STEAM_0:4:2069941637><TERRORIST>" attacked "Extazy<156><STEAM_0:1:113150434><CT>" with "m4a1" (damage "21") (damage_armor "5") (health "46") (armor "84")
L 04/01/2015 - 17:59:33: "{awP}Dimasik<169><STEAM_0:4:2069941637><TERRORIST>" attacked "Extazy<156><STEAM_0:1:113150434><CT>" with "m4a1" (damage "84") (damage_armor "18") (health "-38") (armor "66")
L 04/01/2015 - 17:59:33: "{awP}Dimasik<169><STEAM_0:4:2069941637><TERRORIST>" killed "Extazy<156><STEAM_0:1:113150434><CT>" with "m4a1"
L 04/01/2015 - 17:59:34: "KoH4EHHblu<173><STEAM_0:4:1486671109><CT>" attacked "{awP}Dimasik<169><STEAM_0:4:2069941637><TERRORIST>" with "ak47" (damage "42") (damage_armor "0") (health "24") (armor "0")
L 04/01/2015 - 17:59:34: "KoH4EHHblu<173><STEAM_0:4:1486671109><CT>" attacked "{awP}Dimasik<169><STEAM_0:4:2069941637><TERRORIST>" with "ak47" (damage "25") (damage_armor "0") (health "-1") (armor "0")
L 04/01/2015 - 17:59:34: "KoH4EHHblu<173><STEAM_0:4:1486671109><CT>" killed "{awP}Dimasik<169><STEAM_0:4:2069941637><TERRORIST>" with "ak47"
L 04/01/2015 - 17:59:35: "KoH4EHHblu<173><STEAM_0:4:1486671109><CT>" attacked "MYRAVEy*<161><STEAM_0:4:829897456><TERRORIST>" with "ak47" (damage "35") (damage_armor "0") (health "17") (armor "0")
L 04/01/2015 - 17:59:35: "MYRAVEy*<161><STEAM_0:4:829897456><TERRORIST>" attacked "KoH4EHHblu<173><STEAM_0:4:1486671109><CT>" with "m4a1" (damage "30") (damage_armor "0") (health "70") (armor "0")
L 04/01/2015 - 17:59:35: "KoH4EHHblu<173><STEAM_0:4:1486671109><CT>" attacked "MYRAVEy*<161><STEAM_0:4:829897456><TERRORIST>" with "ak47" (damage "35") (damage_armor "0") (health "-18") (armor "0")
L 04/01/2015 - 17:59:35: "KoH4EHHblu<173><STEAM_0:4:1486671109><CT>" killed "MYRAVEy*<161><STEAM_0:4:829897456><TERRORIST>" with "ak47"
L 04/01/2015 - 17:59:36: "kefir<158><STEAM_0:4:186371333><TERRORIST>" attacked "ANGELuHA<162><STEAM_0:4:1018023685><CT>" with "awp" (damage "108") (damage_armor "2") (health "-8") (armor "98")
L 04/01/2015 - 17:59:36: "kefir<158><STEAM_0:4:186371333><TERRORIST>" killed "ANGELuHA<162><STEAM_0:4:1018023685><CT>" with "awp"
L 04/01/2015 - 17:59:46: Kick: "MYRAVEy*<161><STEAM_0:4:829897456><>" was kicked by "Console" (message ""Извини, но ты лагер :D, попробуй зайти позже"")
L 04/01/2015 - 17:59:46: "MYRAVEy*<161><STEAM_0:4:829897456><TERRORIST>" triggered "weaponstats" (weapon "m4a1") (shots "2") (hits "1") (kills "0") (headshots "0") (tks "0") (damage "30") (deaths "1")
L 04/01/2015 - 17:59:46: "MYRAVEy*<161><STEAM_0:4:829897456><TERRORIST>" triggered "weaponstats2" (weapon "m4a1") (head "0") (chest "0") (stomach "0") (leftarm "1") (rightarm "0") (leftleg "0") (rightleg "0")
L 04/01/2015 - 17:59:46: "MYRAVEy*<161><STEAM_0:4:829897456><TERRORIST>" triggered "weaponstats" (weapon "ak47") (shots "3") (hits "2") (kills "0") (headshots "0") (tks "0") (damage "68") (deaths "2")
L 04/01/2015 - 17:59:46: "MYRAVEy*<161><STEAM_0:4:829897456><TERRORIST>" triggered "weaponstats2" (weapon "ak47") (head "0") (chest "0") (stomach "0") (leftarm "2") (rightarm "0") (leftleg "0") (rightleg "0")
L 04/01/2015 - 17:59:46: "MYRAVEy*<161><STEAM_0:4:829897456><TERRORIST>" triggered "time" (time "1:40")
L 04/01/2015 - 17:59:46: "MYRAVEy*<161><STEAM_0:4:829897456><TERRORIST>" triggered "latency" (ping "72")
L 04/01/2015 - 17:59:46: "MYRAVEy*<161><STEAM_0:4:829897456><TERRORIST>" disconnected
L 04/01/2015 - 17:59:48: "KoH4EHHblu<173><STEAM_0:4:1486671109><CT>" attacked "kefir<158><STEAM_0:4:186371333><TERRORIST>" with "ak47" (damage "34") (damage_armor "0") (health "55") (armor "0")
L 04/01/2015 - 17:59:53: "kefir<158><STEAM_0:4:186371333><TERRORIST>" attacked "KoH4EHHblu<173><STEAM_0:4:1486671109><CT>" with "awp" (damage "112") (damage_armor "0") (health "-42") (armor "0")
L 04/01/2015 - 17:59:53: "kefir<158><STEAM_0:4:186371333><TERRORIST>" killed "KoH4EHHblu<173><STEAM_0:4:1486671109><CT>" with "awp"
L 04/01/2015 - 17:59:56: "Extazy<156><STEAM_0:1:113150434><CT>" joined team "CT"
L 04/01/2015 - 17:59:56: "kefir<158><STEAM_0:4:186371333><TERRORIST>" attacked "bum<168><STEAM_0:4:2060242565><CT>" with "awp" (damage "84") (damage_armor "0") (health "16") (armor "0")
L 04/01/2015 - 17:59:58: "kefir<158><STEAM_0:4:186371333><TERRORIST>" attacked "bum<168><STEAM_0:4:2060242565><CT>" with "glock18" (damage "14") (damage_armor "0") (health "2") (armor "0")
L 04/01/2015 - 17:59:58: "kefir<158><STEAM_0:4:186371333><TERRORIST>" attacked "bum<168><STEAM_0:4:2060242565><CT>" with "glock18" (damage "56") (damage_armor "0") (health "-54") (armor "0")
L 04/01/2015 - 17:59:58: "kefir<158><STEAM_0:4:186371333><TERRORIST>" killed "bum<168><STEAM_0:4:2060242565><CT>" with "glock18"
L 04/01/2015 - 17:59:58: Team "TERRORIST" triggered "Terrorists_Win" (CT "2") (T "1")
L 04/01/2015 - 17:59:58: World triggered "Round_End"
L 04/01/2015 - 18:00:05: "Extazy<156><STEAM_0:1:113150434><CT>" committed suicide with "world"
L 04/01/2015 - 18:00:05: "Extazy<156><STEAM_0:1:113150434><CT>" joined team "TERRORIST"
L 04/01/2015 - 18:00:08: World triggered "Round_Start"
L 04/01/2015 - 18:00:11: "bum<168><STEAM_0:4:2060242565><CT>" attacked "kefir<158><STEAM_0:4:186371333><TERRORIST>" with "m4a1" (damage "29") (damage_armor "0") (health "71") (armor "0")
L 04/01/2015 - 18:00:11: "bum<168><STEAM_0:4:2060242565><CT>" attacked "kefir<158><STEAM_0:4:186371333><TERRORIST>" with "m4a1" (damage "29") (damage_armor "0") (health "42") (armor "0")
L 04/01/2015 - 18:00:11: "bum<168><STEAM_0:4:2060242565><CT>" attacked "kefir<158><STEAM_0:4:186371333><TERRORIST>" with "m4a1" (damage "29") (damage_armor "0") (health "13") (armor "0")
L 04/01/2015 - 18:00:11: "bum<168><STEAM_0:4:2060242565><CT>" attacked "kefir<158><STEAM_0:4:186371333><TERRORIST>" with "m4a1" (damage "29") (damage_armor "0") (health "-16") (armor "0")
L 04/01/2015 - 18:00:11: "bum<168><STEAM_0:4:2060242565><CT>" killed "kefir<158><STEAM_0:4:186371333><TERRORIST>" with "m4a1"
L 04/01/2015 - 18:00:14: "bum<168><STEAM_0:4:2060242565><CT>" attacked "{awP}Dimasik<169><STEAM_0:4:2069941637><TERRORIST>" with "m4a1" (damage "38") (damage_armor "0") (health "62") (armor "0")
L 04/01/2015 - 18:00:14: "bum<168><STEAM_0:4:2060242565><CT>" attacked "{awP}Dimasik<169><STEAM_0:4:2069941637><TERRORIST>" with "m4a1" (damage "38") (damage_armor "0") (health "24") (armor "0")
L 04/01/2015 - 18:00:14: "bum<168><STEAM_0:4:2060242565><CT>" attacked "{awP}Dimasik<169><STEAM_0:4:2069941637><TERRORIST>" with "m4a1" (damage "31") (damage_armor "0") (health "-7") (armor "0")
L 04/01/2015 - 18:00:14: "bum<168><STEAM_0:4:2060242565><CT>" killed "{awP}Dimasik<169><STEAM_0:4:2069941637><TERRORIST>" with "m4a1"
L 04/01/2015 - 18:00:14: Team "CT" triggered "CTs_Win" (CT "3") (T "1")
L 04/01/2015 - 18:00:14: World triggered "Round_End"
L 04/01/2015 - 18:00:24: World triggered "Round_Start"
L 04/01/2015 - 18:00:26: "kefir<158><STEAM_0:4:186371333><TERRORIST>" attacked "bum<168><STEAM_0:4:2060242565><CT>" with "ak47" (damage "34") (damage_armor "0") (health "66") (armor "0")
L 04/01/2015 - 18:00:27: "kefir<158><STEAM_0:4:186371333><TERRORIST>" attacked "bum<168><STEAM_0:4:2060242565><CT>" with "ak47" (damage "34") (damage_armor "0") (health "32") (armor "0")
L 04/01/2015 - 18:00:27: "kefir<158><STEAM_0:4:186371333><TERRORIST>" attacked "bum<168><STEAM_0:4:2060242565><CT>" with "ak47" (damage "136") (damage_armor "0") (health "-104") (armor "0")
L 04/01/2015 - 18:00:27: "kefir<158><STEAM_0:4:186371333><TERRORIST>" killed "bum<168><STEAM_0:4:2060242565><CT>" with "ak47"
L 04/01/2015 - 18:00:28: "KoH4EHHblu<173><STEAM_0:4:1486671109><CT>" attacked "{awP}Dimasik<169><STEAM_0:4:2069941637><TERRORIST>" with "ak47" (damage "34") (damage_armor "0") (health "29") (armor "0")
L 04/01/2015 - 18:00:28: "KoH4EHHblu<173><STEAM_0:4:1486671109><CT>" attacked "{awP}Dimasik<169><STEAM_0:4:2069941637><TERRORIST>" with "ak47" (damage "34") (damage_armor "0") (health "-5") (armor "0")
L 04/01/2015 - 18:00:28: "KoH4EHHblu<173><STEAM_0:4:1486671109><CT>" killed "{awP}Dimasik<169><STEAM_0:4:2069941637><TERRORIST>" with "ak47"
L 04/01/2015 - 18:00:36: "kefir<158><STEAM_0:4:186371333><TERRORIST>" attacked "KoH4EHHblu<173><STEAM_0:4:1486671109><CT>" with "ak47" (damage "27") (damage_armor "4") (health "73") (armor "96")
L 04/01/2015 - 18:00:36: "kefir<158><STEAM_0:4:186371333><TERRORIST>" attacked "KoH4EHHblu<173><STEAM_0:4:1486671109><CT>" with "ak47" (damage "27") (damage_armor "4") (health "46") (armor "92")
L 04/01/2015 - 18:00:36: "kefir<158><STEAM_0:4:186371333><TERRORIST>" attacked "KoH4EHHblu<173><STEAM_0:4:1486671109><CT>" with "ak47" (damage "27") (damage_armor "4") (health "19") (armor "88")
L 04/01/2015 - 18:00:36: "KoH4EHHblu<173><STEAM_0:4:1486671109><CT>" attacked "kefir<158><STEAM_0:4:186371333><TERRORIST>" with "ak47" (damage "35") (damage_armor "0") (health "15") (armor "0")
L 04/01/2015 - 18:00:37: "KoH4EHHblu<173><STEAM_0:4:1486671109><CT>" attacked "kefir<158><STEAM_0:4:186371333><TERRORIST>" with "ak47" (damage "26") (damage_armor "0") (health "-11") (armor "0")
L 04/01/2015 - 18:00:37: "KoH4EHHblu<173><STEAM_0:4:1486671109><CT>" killed "kefir<158><STEAM_0:4:186371333><TERRORIST>" with "ak47"
L 04/01/2015 - 18:00:41: "KoH4EHHblu<173><STEAM_0:4:1486671109><CT>" attacked "Extazy<156><STEAM_0:1:113150434><TERRORIST>" with "m4a1" (damage "21") (damage_armor "5") (health "56") (armor "83")
L 04/01/2015 - 18:00:41: "KoH4EHHblu<173><STEAM_0:4:1486671109><CT>" attacked "Extazy<156><STEAM_0:1:113150434><TERRORIST>" with "m4a1" (damage "21") (damage_armor "4") (health "35") (armor "79")
L 04/01/2015 - 18:00:44: "Extazy<156><STEAM_0:1:113150434><TERRORIST>" attacked "ANGELuHA<162><STEAM_0:4:1018023685><CT>" with "ak47" (damage "25") (damage_armor "4") (health "75") (armor "96")
L 04/01/2015 - 18:00:45: "KoH4EHHblu<173><STEAM_0:4:1486671109><CT>" attacked "Extazy<156><STEAM_0:1:113150434><TERRORIST>" with "m4a1" (damage "21") (damage_armor "4") (health "-18") (armor "58")
L 04/01/2015 - 18:00:45: "KoH4EHHblu<173><STEAM_0:4:1486671109><CT>" killed "Extazy<156><STEAM_0:1:113150434><TERRORIST>" with "m4a1"
L 04/01/2015 - 18:00:45: Team "CT" triggered "CTs_Win" (CT "4") (T "1")
L 04/01/2015 - 18:00:45: World triggered "Round_End"
L 04/01/2015 - 18:00:55: World triggered "Round_Start"
L 04/01/2015 - 18:00:58: "bum<168><STEAM_0:4:2060242565><CT>" attacked "Extazy<156><STEAM_0:1:113150434><TERRORIST>" with "m4a1" (damage "25") (damage_armor "6") (health "75") (armor "94")
L 04/01/2015 - 18:00:58: "kefir<158><STEAM_0:4:186371333><TERRORIST>" attacked "bum<168><STEAM_0:4:2060242565><CT>" with "ak47" (damage "34") (damage_armor "0") (health "66") (armor "0")
L 04/01/2015 - 18:00:59: "Extazy<156><STEAM_0:1:113150434><TERRORIST>" attacked "bum<168><STEAM_0:4:2060242565><CT>" with "ak47" (damage "25") (damage_armor "0") (health "41") (armor "0")
L 04/01/2015 - 18:00:59: "kefir<158><STEAM_0:4:186371333><TERRORIST>" attacked "bum<168><STEAM_0:4:2060242565><CT>" with "ak47" (damage "34") (damage_armor "0") (health "7") (armor "0")
L 04/01/2015 - 18:00:59: "kefir<158><STEAM_0:4:186371333><TERRORIST>" attacked "bum<168><STEAM_0:4:2060242565><CT>" with "ak47" (damage "34") (damage_armor "0") (health "-27") (armor "0")
L 04/01/2015 - 18:00:59: "kefir<158><STEAM_0:4:186371333><TERRORIST>" killed "bum<168><STEAM_0:4:2060242565><CT>" with "ak47"
L 04/01/2015 - 18:00:59: "kefir<158><STEAM_0:4:186371333><TERRORIST>" attacked "KoH4EHHblu<173><STEAM_0:4:1486671109><CT>" with "ak47" (damage "25") (damage_armor "0") (health "75") (armor "100")
L 04/01/2015 - 18:00:59: "kefir<158><STEAM_0:4:186371333><TERRORIST>" attacked "KoH4EHHblu<173><STEAM_0:4:1486671109><CT>" with "ak47" (damage "26") (damage_armor "4") (health "49") (armor "96")
L 04/01/2015 - 18:01:00: "kefir<158><STEAM_0:4:186371333><TERRORIST>" attacked "KoH4EHHblu<173><STEAM_0:4:1486671109><CT>" with "ak47" (damage "25") (damage_armor "0") (health "24") (armor "96")
L 04/01/2015 - 18:01:02: "KoH4EHHblu<173><STEAM_0:4:1486671109><CT>" attacked "Extazy<156><STEAM_0:1:113150434><TERRORIST>" with "m4a1" (damage "12") (damage_armor "3") (health "19") (armor "69")
L 04/01/2015 - 18:01:03: "KoH4EHHblu<173><STEAM_0:4:1486671109><CT>" attacked "Extazy<156><STEAM_0:1:113150434><TERRORIST>" with "m4a1" (damage "21") (damage_armor "4") (health "-2") (armor "65")
L 04/01/2015 - 18:01:03: "KoH4EHHblu<173><STEAM_0:4:1486671109><CT>" killed "Extazy<156><STEAM_0:1:113150434><TERRORIST>" with "m4a1"
L 04/01/2015 - 18:01:10: "{awP}Dimasik<169><STEAM_0:4:2069941637><TERRORIST>" attacked "ANGELuHA<162><STEAM_0:4:1018023685><CT>" with "m4a1" (damage "21") (damage_armor "5") (health "79") (armor "95")
L 04/01/2015 - 18:01:11: "{awP}Dimasik<169><STEAM_0:4:2069941637><TERRORIST>" attacked "ANGELuHA<162><STEAM_0:4:1018023685><CT>" with "m4a1" (damage "21") (damage_armor "4") (health "58") (armor "91")
L 04/01/2015 - 18:01:11: "{awP}Dimasik<169><STEAM_0:4:2069941637><TERRORIST>" attacked "ANGELuHA<162><STEAM_0:4:1018023685><CT>" with "m4a1" (damage "22") (damage_armor "0") (health "36") (armor "91")
L 04/01/2015 - 18:01:11: "ANGELuHA<162><STEAM_0:4:1018023685><CT>" attacked "{awP}Dimasik<169><STEAM_0:4:2069941637><TERRORIST>" with "m4a1" (damage "21") (damage_armor "0") (health "79") (armor "0")
L 04/01/2015 - 18:01:11: "ANGELuHA<162><STEAM_0:4:1018023685><CT>" attacked "{awP}Dimasik<169><STEAM_0:4:2069941637><TERRORIST>" with "m4a1" (damage "21") (damage_armor "0") (health "58") (armor "0")
L 04/01/2015 - 18:01:11: "ANGELuHA<162><STEAM_0:4:1018023685><CT>" attacked "{awP}Dimasik<169><STEAM_0:4:2069941637><TERRORIST>" with "m4a1" (damage "30") (damage_armor "0") (health "28") (armor "0")
L 04/01/2015 - 18:01:11: "{awP}Dimasik<169><STEAM_0:4:2069941637><TERRORIST>" attacked "ANGELuHA<162><STEAM_0:4:1018023685><CT>" with "m4a1" (damage "21") (damage_armor "5") (health "15") (armor "86")
L 04/01/2015 - 18:01:12: "ANGELuHA<162><STEAM_0:4:1018023685><CT>" attacked "{awP}Dimasik<169><STEAM_0:4:2069941637><TERRORIST>" with "m4a1" (damage "120") (damage_armor "0") (health "-92") (armor "0")
L 04/01/2015 - 18:01:12: "ANGELuHA<162><STEAM_0:4:1018023685><CT>" killed "{awP}Dimasik<169><STEAM_0:4:2069941637><TERRORIST>" with "m4a1"
L 04/01/2015 - 18:01:12: "kefir<158><STEAM_0:4:186371333><TERRORIST>" attacked "ANGELuHA<162><STEAM_0:4:1018023685><CT>" with "ak47" (damage "12") (damage_armor "2") (health "3") (armor "84")
L 04/01/2015 - 18:01:20: [DPROTO]: Client 12 - Set AuthIdType 3 [dp_RevEmu]; pClient = 0xb3986278
L 04/01/2015 - 18:01:20: "Lobotryas<176><STEAM_0:4:87177211><>" connected, address "79.141.56.163:27005"
L 04/01/2015 - 18:01:20: [VTC] Player 13 speex
L 04/01/2015 - 18:01:30: "KoH4EHHblu<173><STEAM_0:4:1486671109><CT>" killed "kefir<158><STEAM_0:4:186371333><TERRORIST>" with "grenade"
L 04/01/2015 - 18:01:30: Team "CT" triggered "CTs_Win" (CT "5") (T "1")
L 04/01/2015 - 18:01:30: World triggered "Round_End"
L 04/01/2015 - 18:01:40: World triggered "Round_Start"
L 04/01/2015 - 18:01:44: "Extazy<156><STEAM_0:1:113150434><TERRORIST>" attacked "bum<168><STEAM_0:4:2060242565><CT>" with "ak47" (damage "34") (damage_armor "0") (health "66") (armor "0")
L 04/01/2015 - 18:01:44: "bum<168><STEAM_0:4:2060242565><CT>" attacked "Extazy<156><STEAM_0:1:113150434><TERRORIST>" with "m4a1" (damage "84") (damage_armor "18") (health "16") (armor "82")
L 04/01/2015 - 18:01:44: "KoH4EHHblu<173><STEAM_0:4:1486671109><CT>" attacked "kefir<158><STEAM_0:4:186371333><TERRORIST>" with "m4a1" (damage "29") (damage_armor "0") (health "71") (armor "0")
L 04/01/2015 - 18:01:44: "Extazy<156><STEAM_0:1:113150434><TERRORIST>" attacked "bum<168><STEAM_0:4:2060242565><CT>" with "ak47" (damage "25") (damage_armor "0") (health "41") (armor "0")
L 04/01/2015 - 18:01:44: "KoH4EHHblu<173><STEAM_0:4:1486671109><CT>" attacked "kefir<158><STEAM_0:4:186371333><TERRORIST>" with "m4a1" (damage "36") (damage_armor "0") (health "35") (armor "0")
L 04/01/2015 - 18:01:44: "Extazy<156><STEAM_0:1:113150434><TERRORIST>" attacked "bum<168><STEAM_0:4:2060242565><CT>" with "ak47" (damage "34") (damage_armor "0") (health "7") (armor "0")
L 04/01/2015 - 18:01:44: "bum<168><STEAM_0:4:2060242565><CT>" attacked "Extazy<156><STEAM_0:1:113150434><TERRORIST>" with "m4a1" (damage "21") (damage_armor "5") (health "-5") (armor "77")
L 04/01/2015 - 18:01:44: "bum<168><STEAM_0:4:2060242565><CT>" killed "Extazy<156><STEAM_0:1:113150434><TERRORIST>" with "m4a1"
L 04/01/2015 - 18:01:44: "{awP}Dimasik<169><STEAM_0:4:2069941637><TERRORIST>" attacked "KoH4EHHblu<173><STEAM_0:4:1486671109><CT>" with "ak47" (damage "24") (damage_armor "0") (health "76") (armor "96")
L 04/01/2015 - 18:01:44: "KoH4EHHblu<173><STEAM_0:4:1486671109><CT>" attacked "kefir<158><STEAM_0:4:186371333><TERRORIST>" with "m4a1" (damage "29") (damage_armor "0") (health "6") (armor "0")
L 04/01/2015 - 18:01:44: "kefir<158><STEAM_0:4:186371333><TERRORIST>" attacked "KoH4EHHblu<173><STEAM_0:4:1486671109><CT>" with "mp5navy" (damage "8") (damage_armor "5") (health "68") (armor "91")
L 04/01/2015 - 18:01:44: "{awP}Dimasik<169><STEAM_0:4:2069941637><TERRORIST>" attacked "KoH4EHHblu<173><STEAM_0:4:1486671109><CT>" with "ak47" (damage "24") (damage_armor "0") (health "44") (armor "91")
L 04/01/2015 - 18:01:45: "KoH4EHHblu<173><STEAM_0:4:1486671109><CT>" attacked "kefir<158><STEAM_0:4:186371333><TERRORIST>" with "m4a1" (damage "21") (damage_armor "0") (health "-15") (armor "0")
L 04/01/2015 - 18:01:45: "KoH4EHHblu<173><STEAM_0:4:1486671109><CT>" killed "kefir<158><STEAM_0:4:186371333><TERRORIST>" with "m4a1"
L 04/01/2015 - 18:01:46: "{awP}Dimasik<169><STEAM_0:4:2069941637><TERRORIST>" attacked "KoH4EHHblu<173><STEAM_0:4:1486671109><CT>" with "ak47" (damage "24") (damage_armor "0") (health "20") (armor "91")
L 04/01/2015 - 18:01:49: "{awP}Dimasik<169><STEAM_0:4:2069941637><TERRORIST>" attacked "bum<168><STEAM_0:4:2060242565><CT>" with "ak47" (damage "24") (damage_armor "0") (health "-17") (armor "0")
L 04/01/2015 - 18:01:49: "{awP}Dimasik<169><STEAM_0:4:2069941637><TERRORIST>" killed "bum<168><STEAM_0:4:2060242565><CT>" with "ak47"
L 04/01/2015 - 18:01:49: "KoH4EHHblu<173><STEAM_0:4:1486671109><CT>" attacked "{awP}Dimasik<169><STEAM_0:4:2069941637><TERRORIST>" with "m4a1" (damage "14") (damage_armor "0") (health "81") (armor "0")
L 04/01/2015 - 18:01:49: "kefir<158><STEAM_0:4:186371333><TERRORIST>" say "XNJ PF [EQYZ" (dead)
L 04/01/2015 - 18:01:51: "{awP}Dimasik<169><STEAM_0:4:2069941637><TERRORIST>" attacked "KoH4EHHblu<173><STEAM_0:4:1486671109><CT>" with "ak47" (damage "102") (damage_armor "14") (health "-82") (armor "77")
L 04/01/2015 - 18:01:51: "{awP}Dimasik<169><STEAM_0:4:2069941637><TERRORIST>" killed "KoH4EHHblu<173><STEAM_0:4:1486671109><CT>" with "ak47"
L 04/01/2015 - 18:01:53: [DPROTO]: Client 0 - Set AuthIdType 3 [dp_RevEmu]; pClient = 0xb394af08
L 04/01/2015 - 18:01:53: "[Hard_Skill]_4IKIST<177><STEAM_0:4:776971525><>" connected, address "178.168.195.245:27005"
L 04/01/2015 - 18:01:53: [VTC] Player 1 speex
L 04/01/2015 - 18:02:04: "ANGELuHA<162><STEAM_0:4:1018023685><CT>" attacked "{awP}Dimasik<169><STEAM_0:4:2069941637><TERRORIST>" with "m4a1" (damage "21") (damage_armor "0") (health "60") (armor "0")
L 04/01/2015 - 18:02:04: "ANGELuHA<162><STEAM_0:4:1018023685><CT>" attacked "{awP}Dimasik<169><STEAM_0:4:2069941637><TERRORIST>" with "m4a1" (damage "29") (damage_armor "0") (health "31") (armor "0")
L 04/01/2015 - 18:02:05: "[Hard_Skill]_4IKIST<177><STEAM_0:4:776971525><>" entered the game
L 04/01/2015 - 18:02:06: "ANGELuHA<162><STEAM_0:4:1018023685><CT>" attacked "{awP}Dimasik<169><STEAM_0:4:2069941637><TERRORIST>" with "m4a1" (damage "14") (damage_armor "0") (health "17") (armor "0")
L 04/01/2015 - 18:02:06: "ANGELuHA<162><STEAM_0:4:1018023685><CT>" attacked "{awP}Dimasik<169><STEAM_0:4:2069941637><TERRORIST>" with "m4a1" (damage "21") (damage_armor "0") (health "-4") (armor "0")
L 04/01/2015 - 18:02:06: "ANGELuHA<162><STEAM_0:4:1018023685><CT>" killed "{awP}Dimasik<169><STEAM_0:4:2069941637><TERRORIST>" with "m4a1"
L 04/01/2015 - 18:02:06: Team "CT" triggered "CTs_Win" (CT "6") (T "1")
L 04/01/2015 - 18:02:06: World triggered "Round_End"
L 04/01/2015 - 18:02:12: "[Hard_Skill]_4IKIST<177><STEAM_0:4:776971525><>" joined team "TERRORIST"
L 04/01/2015 - 18:02:15: [DPROTO]: Client 1 - Set AuthIdType 3 [dp_RevEmu]; pClient = 0xb394fdfc
L 04/01/2015 - 18:02:15: "martin<178><STEAM_0:4:201543045><>" connected, address "178.121.90.177:65159"
L 04/01/2015 - 18:02:15: [VTC] Player 2 speex
L 04/01/2015 - 18:02:16: World triggered "Round_Start"
L 04/01/2015 - 18:02:19: "martin<178><STEAM_0:4:201543045><>" entered the game
L 04/01/2015 - 18:02:20: "[Hard_Skill]_4IKIST<177><STEAM_0:4:776971525><TERRORIST>" attacked "bum<168><STEAM_0:4:2060242565><CT>" with "ak47" (damage "34") (damage_armor "0") (health "66") (armor "0")
L 04/01/2015 - 18:02:20: "bum<168><STEAM_0:4:2060242565><CT>" attacked "[Hard_Skill]_4IKIST<177><STEAM_0:4:776971525><TERRORIST>" with "m4a1" (damage "21") (damage_armor "0") (health "79") (armor "100")
L 04/01/2015 - 18:02:21: "[Hard_Skill]_4IKIST<177><STEAM_0:4:776971525><TERRORIST>" attacked "bum<168><STEAM_0:4:2060242565><CT>" with "ak47" (damage "34") (damage_armor "0") (health "32") (armor "0")
L 04/01/2015 - 18:02:21: "[Hard_Skill]_4IKIST<177><STEAM_0:4:776971525><TERRORIST>" attacked "bum<168><STEAM_0:4:2060242565><CT>" with "ak47" (damage "42") (damage_armor "0") (health "-10") (armor "0")
L 04/01/2015 - 18:02:21: "[Hard_Skill]_4IKIST<177><STEAM_0:4:776971525><TERRORIST>" killed "bum<168><STEAM_0:4:2060242565><CT>" with "ak47"
L 04/01/2015 - 18:02:23: "KoH4EHHblu<173><STEAM_0:4:1486671109><CT>" attacked "[Hard_Skill]_4IKIST<177><STEAM_0:4:776971525><TERRORIST>" with "m4a1" (damage "20") (damage_armor "5") (health "59") (armor "95")
L 04/01/2015 - 18:02:23: "martin<178><STEAM_0:4:201543045><>" joined team "CT"
L 04/01/2015 - 18:02:23: "KoH4EHHblu<173><STEAM_0:4:1486671109><CT>" attacked "[Hard_Skill]_4IKIST<177><STEAM_0:4:776971525><TERRORIST>" with "m4a1" (damage "20") (damage_armor "4") (health "39") (armor "91")
L 04/01/2015 - 18:02:24: "KoH4EHHblu<173><STEAM_0:4:1486671109><CT>" attacked "[Hard_Skill]_4IKIST<177><STEAM_0:4:776971525><TERRORIST>" with "m4a1" (damage "21") (damage_armor "0") (health "18") (armor "91")
L 04/01/2015 - 18:02:24: "[Hard_Skill]_4IKIST<177><STEAM_0:4:776971525><TERRORIST>" attacked "KoH4EHHblu<173><STEAM_0:4:1486671109><CT>" with "ak47" (damage "136") (damage_armor "0") (health "-36") (armor "0")
L 04/01/2015 - 18:02:24: "[Hard_Skill]_4IKIST<177><STEAM_0:4:776971525><TERRORIST>" killed "KoH4EHHblu<173><STEAM_0:4:1486671109><CT>" with "ak47"
L 04/01/2015 - 18:02:24: "[Hard_Skill]_4IKIST<177><STEAM_0:4:776971525><TERRORIST>" attacked "ANGELuHA<162><STEAM_0:4:1018023685><CT>" with "ak47" (damage "18") (damage_armor "3") (health "82") (armor "97")
L 04/01/2015 - 18:02:24: "[Hard_Skill]_4IKIST<177><STEAM_0:4:776971525><TERRORIST>" attacked "ANGELuHA<162><STEAM_0:4:1018023685><CT>" with "ak47" (damage "102") (damage_armor "15") (health "-20") (armor "82")
L 04/01/2015 - 18:02:24: "[Hard_Skill]_4IKIST<177><STEAM_0:4:776971525><TERRORIST>" killed "ANGELuHA<162><STEAM_0:4:1018023685><CT>" with "ak47"
L 04/01/2015 - 18:02:27: "martin<178><STEAM_0:4:201543045><CT>" attacked "Extazy<156><STEAM_0:1:113150434><TERRORIST>" with "m4a1" (damage "21") (damage_armor "5") (health "79") (armor "95")
L 04/01/2015 - 18:02:27: "martin<178><STEAM_0:4:201543045><CT>" attacked "Extazy<156><STEAM_0:1:113150434><TERRORIST>" with "m4a1" (damage "21") (damage_armor "4") (health "58") (armor "91")
L 04/01/2015 - 18:02:27: "Extazy<156><STEAM_0:1:113150434><TERRORIST>" attacked "martin<178><STEAM_0:4:201543045><CT>" with "ak47" (damage "43") (damage_armor "0") (health "57") (armor "0")
L 04/01/2015 - 18:02:28: "Extazy<156><STEAM_0:1:113150434><TERRORIST>" attacked "martin<178><STEAM_0:4:201543045><CT>" with "ak47" (damage "35") (damage_armor "0") (health "22") (armor "0")
L 04/01/2015 - 18:02:28: "martin<178><STEAM_0:4:201543045><CT>" attacked "Extazy<156><STEAM_0:1:113150434><TERRORIST>" with "m4a1" (damage "21") (damage_armor "5") (health "37") (armor "86")
L 04/01/2015 - 18:02:28: "Extazy<156><STEAM_0:1:113150434><TERRORIST>" attacked "martin<178><STEAM_0:4:201543045><CT>" with "ak47" (damage "35") (damage_armor "0") (health "-13") (armor "0")
L 04/01/2015 - 18:02:28: "Extazy<156><STEAM_0:1:113150434><TERRORIST>" killed "martin<178><STEAM_0:4:201543045><CT>" with "ak47"
L 04/01/2015 - 18:02:28: Team "TERRORIST" triggered "Terrorists_Win" (CT "6") (T "2")
L 04/01/2015 - 18:02:28: World triggered "Round_End"
L 04/01/2015 - 18:02:38: World triggered "Round_Start"
L 04/01/2015 - 18:02:43: "bum<168><STEAM_0:4:2060242565><CT>" attacked "kefir<158><STEAM_0:4:186371333><TERRORIST>" with "m4a1" (damage "9") (damage_armor "0") (health "91") (armor "0")
L 04/01/2015 - 18:02:43: "Extazy<156><STEAM_0:1:113150434><TERRORIST>" attacked "martin<178><STEAM_0:4:201543045><CT>" with "ak47" (damage "64") (damage_armor "0") (health "36") (armor "0")
L 04/01/2015 - 18:02:45: "martin<178><STEAM_0:4:201543045><CT>" attacked "Extazy<156><STEAM_0:1:113150434><TERRORIST>" with "ak47" (damage "31") (damage_armor "5") (health "69") (armor "95")
L 04/01/2015 - 18:02:45: "martin<178><STEAM_0:4:201543045><CT>" attacked "Extazy<156><STEAM_0:1:113150434><TERRORIST>" with "ak47" (damage "25") (damage_armor "4") (health "44") (armor "91")
L 04/01/2015 - 18:02:46: "kefir<158><STEAM_0:4:186371333><TERRORIST>" attacked "KoH4EHHblu<173><STEAM_0:4:1486671109><CT>" with "awp" (damage "111") (damage_armor "0") (health "-12") (armor "0")
L 04/01/2015 - 18:02:46: "kefir<158><STEAM_0:4:186371333><TERRORIST>" killed "KoH4EHHblu<173><STEAM_0:4:1486671109><CT>" with "awp"
L 04/01/2015 - 18:02:46: "martin<178><STEAM_0:4:201543045><CT>" attacked "Extazy<156><STEAM_0:1:113150434><TERRORIST>" with "ak47" (damage "25") (damage_armor "4") (health "19") (armor "87")
L 04/01/2015 - 18:02:46: "Extazy<156><STEAM_0:1:113150434><TERRORIST>" attacked "martin<178><STEAM_0:4:201543045><CT>" with "ak47" (damage "33") (damage_armor "0") (health "-19") (armor "0")
L 04/01/2015 - 18:02:46: "Extazy<156><STEAM_0:1:113150434><TERRORIST>" killed "martin<178><STEAM_0:4:201543045><CT>" with "ak47"
L 04/01/2015 - 18:02:48: "[Hard_Skill]_4IKIST<177><STEAM_0:4:776971525><TERRORIST>" attacked "ANGELuHA<162><STEAM_0:4:1018023685><CT>" with "ak47" (damage "24") (damage_armor "0") (health "60") (armor "91")
L 04/01/2015 - 18:02:48: "ANGELuHA<162><STEAM_0:4:1018023685><CT>" attacked "Extazy<156><STEAM_0:1:113150434><TERRORIST>" with "m4a1" (damage "21") (damage_armor "0") (health "-2") (armor "87")
L 04/01/2015 - 18:02:48: "ANGELuHA<162><STEAM_0:4:1018023685><CT>" killed "Extazy<156><STEAM_0:1:113150434><TERRORIST>" with "m4a1"
L 04/01/2015 - 18:02:48: "[Hard_Skill]_4IKIST<177><STEAM_0:4:776971525><TERRORIST>" attacked "ANGELuHA<162><STEAM_0:4:1018023685><CT>" with "ak47" (damage "24") (damage_armor "0") (health "36") (armor "91")
L 04/01/2015 - 18:02:49: "[Hard_Skill]_4IKIST<177><STEAM_0:4:776971525><TERRORIST>" attacked "ANGELuHA<162><STEAM_0:4:1018023685><CT>" with "ak47" (damage "12") (damage_armor "0") (health "24") (armor "91")
L 04/01/2015 - 18:02:50: "[Hard_Skill]_4IKIST<177><STEAM_0:4:776971525><TERRORIST>" attacked "ANGELuHA<162><STEAM_0:4:1018023685><CT>" with "ak47" (damage "25") (damage_armor "3") (health "-1") (armor "88")
L 04/01/2015 - 18:02:50: "[Hard_Skill]_4IKIST<177><STEAM_0:4:776971525><TERRORIST>" killed "ANGELuHA<162><STEAM_0:4:1018023685><CT>" with "ak47"
L 04/01/2015 - 18:02:52: "bum<168><STEAM_0:4:2060242565><CT>" attacked "[Hard_Skill]_4IKIST<177><STEAM_0:4:776971525><TERRORIST>" with "m4a1" (damage "21") (damage_armor "5") (health "79") (armor "95")
L 04/01/2015 - 18:02:54: "{awP}Dimasik<169><STEAM_0:4:2069941637><TERRORIST>" attacked "bum<168><STEAM_0:4:2060242565><CT>" with "ak47" (damage "42") (damage_armor "0") (health "26") (armor "0")
L 04/01/2015 - 18:02:54: "{awP}Dimasik<169><STEAM_0:4:2069941637><TERRORIST>" attacked "bum<168><STEAM_0:4:2060242565><CT>" with "ak47" (damage "42") (damage_armor "0") (health "-16") (armor "0")
L 04/01/2015 - 18:02:54: "{awP}Dimasik<169><STEAM_0:4:2069941637><TERRORIST>" killed "bum<168><STEAM_0:4:2060242565><CT>" with "ak47"
L 04/01/2015 - 18:02:54: Team "TERRORIST" triggered "Terrorists_Win" (CT "6") (T "3")
L 04/01/2015 - 18:02:54: World triggered "Round_End"
L 04/01/2015 - 18:03:04: World triggered "Round_Start"
L 04/01/2015 - 18:03:06: "KoH4EHHblu<173><STEAM_0:4:1486671109><CT>" changed name to "KoH4EHHblu 4ANHNK"
L 04/01/2015 - 18:03:07: "kefir<158><STEAM_0:4:186371333><TERRORIST>" attacked "bum<168><STEAM_0:4:2060242565><CT>" with "ak47" (damage "132") (damage_armor "0") (health "-32") (armor "0")
L 04/01/2015 - 18:03:07: "kefir<158><STEAM_0:4:186371333><TERRORIST>" killed "bum<168><STEAM_0:4:2060242565><CT>" with "ak47"
L 04/01/2015 - 18:03:10: "martin<178><STEAM_0:4:201543045><CT>" attacked "Extazy<156><STEAM_0:1:113150434><TERRORIST>" with "m4a1" (damage "20") (damage_armor "5") (health "80") (armor "95")
L 04/01/2015 - 18:03:10: "martin<178><STEAM_0:4:201543045><CT>" attacked "[Hard_Skill]_4IKIST<177><STEAM_0:4:776971525><TERRORIST>" with "m4a1" (damage "9") (damage_armor "3") (health "91") (armor "97")
L 04/01/2015 - 18:03:10: "Extazy<156><STEAM_0:1:113150434><TERRORIST>" attacked "martin<178><STEAM_0:4:201543045><CT>" with "ak47" (damage "33") (damage_armor "0") (health "67") (armor "0")
L 04/01/2015 - 18:03:14: [DPROTO]: Client 2 - Set AuthIdType 3 [dp_RevEmu]; pClient = 0xb3954cf0
L 04/01/2015 - 18:03:14: "kill<179><STEAM_0:4:1565629006><>" connected, address "37.214.255.19:15079"
L 04/01/2015 - 18:03:14: [VTC] Player 3 speex
L 04/01/2015 - 18:03:15: "kefir<158><STEAM_0:4:186371333><TERRORIST>" attacked "KoH4EHHblu 4ANHNK<173><STEAM_0:4:1486671109><CT>" with "ak47" (damage "25") (damage_armor "0") (health "-20") (armor "0")
L 04/01/2015 - 18:03:15: "kefir<158><STEAM_0:4:186371333><TERRORIST>" killed "KoH4EHHblu 4ANHNK<173><STEAM_0:4:1486671109><CT>" with "ak47"
L 04/01/2015 - 18:03:16: "martin<178><STEAM_0:4:201543045><CT>" attacked "kefir<158><STEAM_0:4:186371333><TERRORIST>" with "ak47" (damage "35") (damage_armor "0") (health "65") (armor "0")
L 04/01/2015 - 18:03:17: "martin<178><STEAM_0:4:201543045><CT>" attacked "kefir<158><STEAM_0:4:186371333><TERRORIST>" with "ak47" (damage "140") (damage_armor "0") (health "-75") (armor "0")
L 04/01/2015 - 18:03:17: "martin<178><STEAM_0:4:201543045><CT>" killed "kefir<158><STEAM_0:4:186371333><TERRORIST>" with "ak47"
L 04/01/2015 - 18:03:18: "kill<179><STEAM_0:4:1565629006><>" entere