L 04/04/2015 - 23:01:22: Log file started (file "logs/L0404054.log") (game "cstrike") (version "48/1.6.3.7/Stdio/5787")
L 04/04/2015 - 23:01:22: Loading map "$7000$"
L 04/04/2015 - 23:01:22: Server cvars start
L 04/04/2015 - 23:01:22: Server cvar "_tutor_bomb_viewable_check_interval" = "0.5"
L 04/04/2015 - 23:01:22: Server cvar "_tutor_debug_level" = "0"
L 04/04/2015 - 23:01:22: Server cvar "_tutor_examine_time" = "0.5"
L 04/04/2015 - 23:01:22: Server cvar "_tutor_hint_interval_time" = "10.0"
L 04/04/2015 - 23:01:22: Server cvar "_tutor_look_angle" = "10"
L 04/04/2015 - 23:01:22: Server cvar "_tutor_look_distance" = "200"
L 04/04/2015 - 23:01:22: Server cvar "_tutor_message_character_display_time_coefficient" = "0.07"
L 04/04/2015 - 23:01:22: Server cvar "_tutor_message_minimum_display_time" = "1"
L 04/04/2015 - 23:01:22: Server cvar "_tutor_message_repeats" = "5"
L 04/04/2015 - 23:01:22: Server cvar "_tutor_view_distance" = "1000"
L 04/04/2015 - 23:01:22: Server cvar "aesp_version" = "1.5b_mini"
L 04/04/2015 - 23:01:22: Server cvar "allow_spectators" = "4"
L 04/04/2015 - 23:01:22: Server cvar "amx_client_languages" = "0"
L 04/04/2015 - 23:01:22: Server cvar "amx_contactinfo" = "ICQ: 691322983"
L 04/04/2015 - 23:01:22: Server cvar "amx_language" = "ru"
L 04/04/2015 - 23:01:22: Server cvar "amx_nextmap" = "$7000$"
L 04/04/2015 - 23:01:22: Server cvar "amx_timeleft" = "00:00"
L 04/04/2015 - 23:01:22: Server cvar "amxbans_ssversion" = "Gm 1.6"
L 04/04/2015 - 23:01:22: Server cvar "amxbans_version" = "Gm 1.6"
L 04/04/2015 - 23:01:22: Server cvar "amxmodx_version" = "1.8.1.3746"
L 04/04/2015 - 23:01:22: Server cvar "Colored Translit Cheat" = "Loaded"
L 04/04/2015 - 23:01:22: Server cvar "Colored Translit Config" = "Loaded"
L 04/04/2015 - 23:01:22: Server cvar "Colored Translit Ignores" = "Loaded"
L 04/04/2015 - 23:01:22: Server cvar "Colored Translit Replace" = "Failed"
L 04/04/2015 - 23:01:22: Server cvar "Colored Translit Spam" = "Loaded"
L 04/04/2015 - 23:01:22: Server cvar "Colored Translit Status" = "Loaded"
L 04/04/2015 - 23:01:22: Server cvar "Colored Translit Swear" = "Loaded"
L 04/04/2015 - 23:01:22: Server cvar "Colored Translit Version" = "2.0b Final"
L 04/04/2015 - 23:01:22: Server cvar "coop" = "0"
L 04/04/2015 - 23:01:22: Server cvar "deathmatch" = "1"
L 04/04/2015 - 23:01:22: Server cvar "decalfrequency" = "9"
L 04/04/2015 - 23:01:22: Server cvar "dp_version" = "0.9.391"
L 04/04/2015 - 23:01:22: Server cvar "edgefriction" = "2"
L 04/04/2015 - 23:01:22: Server cvar "hostage_debug" = "0"
L 04/04/2015 - 23:01:22: Server cvar "hostage_stop" = "0"
L 04/04/2015 - 23:01:22: Server cvar "humans_join_team" = "any"
L 04/04/2015 - 23:01:22: Server cvar "jtp10181" = "chute,gore"
L 04/04/2015 - 23:01:22: Server cvar "max_queries_sec" = "3.0"
L 04/04/2015 - 23:01:22: Server cvar "max_queries_sec_global" = "30"
L 04/04/2015 - 23:01:22: Server cvar "max_queries_window" = "60"
L 04/04/2015 - 23:01:22: Server cvar "metamod_version" = "1.19"
L 04/04/2015 - 23:01:22: Server cvar "mp_allowmonsters" = "0"
L 04/04/2015 - 23:01:22: Server cvar "mp_autokick" = "1"
L 04/04/2015 - 23:01:22: Server cvar "mp_autoteambalance" = "1"
L 04/04/2015 - 23:01:22: Server cvar "mp_buytime" = "1.5"
L 04/04/2015 - 23:01:22: Server cvar "mp_c4timer" = "35"
L 04/04/2015 - 23:01:22: Server cvar "mp_chattime" = "1"
L 04/04/2015 - 23:01:22: Server cvar "mp_consistency" = "1"
L 04/04/2015 - 23:01:22: Server cvar "mp_fadetoblack" = "0"
L 04/04/2015 - 23:01:22: Server cvar "mp_flashlight" = "1"
L 04/04/2015 - 23:01:22: Server cvar "mp_footsteps" = "1"
L 04/04/2015 - 23:01:22: Server cvar "mp_forcecamera" = "0"
L 04/04/2015 - 23:01:22: Server cvar "mp_forcechasecam" = "0"
L 04/04/2015 - 23:01:22: Server cvar "mp_fragsleft" = "0"
L 04/04/2015 - 23:01:22: Server cvar "mp_freezetime" = "5"
L 04/04/2015 - 23:01:22: Server cvar "mp_friendlyfire" = "0"
L 04/04/2015 - 23:01:22: Server cvar "mp_ghostfrequency" = "0.1"
L 04/04/2015 - 23:01:22: Server cvar "mp_hostagepenalty" = "0"
L 04/04/2015 - 23:01:22: Server cvar "mp_kickpercent" = "0.66"
L 04/04/2015 - 23:01:22: Server cvar "mp_limitteams" = "5"
L 04/04/2015 - 23:01:22: Server cvar "mp_logdetail" = "3"
L 04/04/2015 - 23:01:22: Server cvar "mp_logfile" = "1"
L 04/04/2015 - 23:01:22: Server cvar "mp_logmessages" = "1"
L 04/04/2015 - 23:01:22: Server cvar "mp_mapvoteratio" = "0.66"
L 04/04/2015 - 23:01:22: Server cvar "mp_maxrounds" = "0"
L 04/04/2015 - 23:01:22: Server cvar "mp_mirrordamage" = "0"
L 04/04/2015 - 23:01:22: Server cvar "mp_playerid" = "0"
L 04/04/2015 - 23:01:22: Server cvar "mp_roundtime" = "2.57"
L 04/04/2015 - 23:01:22: Server cvar "mp_startmoney" = "800"
L 04/04/2015 - 23:01:22: Server cvar "mp_timeleft" = "0"
L 04/04/2015 - 23:01:22: Server cvar "mp_timelimit" = "30.000000"
L 04/04/2015 - 23:01:22: Server cvar "mp_tkpunish" = "1"
L 04/04/2015 - 23:01:22: Server cvar "mp_windifference" = "1"
L 04/04/2015 - 23:01:22: Server cvar "mp_winlimit" = "0"
L 04/04/2015 - 23:01:22: Server cvar "pausable" = "0"
L 04/04/2015 - 23:01:22: Server cvar "redirect_version" = "1.0.3"
L 04/04/2015 - 23:01:22: Server cvar "sv_accelerate" = "5"
L 04/04/2015 - 23:01:22: Server cvar "sv_aim" = "0"
L 04/04/2015 - 23:01:22: Server cvar "sv_airaccelerate" = "10"
L 04/04/2015 - 23:01:22: Server cvar "sv_airmove" = "1"
L 04/04/2015 - 23:01:22: Server cvar "sv_allowupload" = "1"
L 04/04/2015 - 23:01:22: Server cvar "sv_alltalk" = "0"
L 04/04/2015 - 23:01:22: Server cvar "sv_bounce" = "1"
L 04/04/2015 - 23:01:22: Server cvar "sv_cheats" = "0"
L 04/04/2015 - 23:01:22: Server cvar "sv_clienttrace" = "1"
L 04/04/2015 - 23:01:22: Server cvar "sv_clipmode" = "0"
L 04/04/2015 - 23:01:22: Server cvar "sv_contact" = ""
L 04/04/2015 - 23:01:22: Server cvar "sv_friction" = "4"
L 04/04/2015 - 23:01:22: Server cvar "sv_gravity" = "800"
L 04/04/2015 - 23:01:22: Server cvar "sv_logblocks" = "0"
L 04/04/2015 - 23:01:22: Server cvar "sv_maxrate" = "25000"
L 04/04/2015 - 23:01:22: Server cvar "sv_maxspeed" = "900"
L 04/04/2015 - 23:01:22: Server cvar "sv_minrate" = "100000"
L 04/04/2015 - 23:01:22: Server cvar "sv_password" = ""
L 04/04/2015 - 23:01:22: Server cvar "sv_proxies" = "0"
L 04/04/2015 - 23:01:22: Server cvar "sv_region" = "3"
L 04/04/2015 - 23:01:22: Server cvar "sv_restart" = "0"
L 04/04/2015 - 23:01:22: Server cvar "sv_restartround" = "0"
L 04/04/2015 - 23:01:22: Server cvar "sv_stepsize" = "18"
L 04/04/2015 - 23:01:22: Server cvar "sv_stopspeed" = "75"
L 04/04/2015 - 23:01:22: Server cvar "sv_uploadmax" = "0.5"
L 04/04/2015 - 23:01:22: Server cvar "sv_voiceenable" = "1"
L 04/04/2015 - 23:01:22: Server cvar "sv_wateraccelerate" = "10"
L 04/04/2015 - 23:01:22: Server cvar "sv_waterfriction" = "1"
L 04/04/2015 - 23:01:22: Server cvar "travo_statmarquee" = "v1.2"
L 04/04/2015 - 23:01:22: Server cvar "vtc_version" = "80"
L 04/04/2015 - 23:01:22: Server cvar "wallblocker_version" = "1.0"
L 04/04/2015 - 23:01:22: Server cvars end
L 04/04/2015 - 23:01:23: Server cvar "amx_nextmap" = "aim_headshot"
L 04/04/2015 - 23:01:23: Server cvar "sv_restart" = "1"
L 04/04/2015 - 23:01:23: World triggered "Restart_Round_(1_second)"
L 04/04/2015 - 23:01:23: Team "CT" scored "0" with "0" players
L 04/04/2015 - 23:01:23: Team "TERRORIST" scored "0" with "0" players
L 04/04/2015 - 23:01:23: Server cvar "sv_restart" = "0"
L 04/04/2015 - 23:01:23: Started map "$7000$" (CRC "-887931545")
L 04/04/2015 - 23:01:23: [VTC] Player 3 speex
L 04/04/2015 - 23:01:23: [VTC] Player 4 speex
L 04/04/2015 - 23:01:23: [VTC] Player 1 speex
L 04/04/2015 - 23:01:27: [DPROTO]: Client 0 - Set AuthIdType 3 [dp_RevEmu]; pClient = 0xb39dbf08
L 04/04/2015 - 23:01:27: "-=Ky4ik=-[BLR-1]***}l{apk@***<731><STEAM_0:4:547900677><>" connected, address "178.120.12.232:47859"
L 04/04/2015 - 23:01:28: [VTC] Player 1 speex
L 04/04/2015 - 23:01:28: "MONSTER[BLR-1]***}I{@PK@***<730><STEAM_0:4:1737805061><>" entered the game
L 04/04/2015 - 23:01:28: [DPROTO]: Client 3 - Set AuthIdType 3 [dp_RevEmu]; pClient = 0xb39eabe4
L 04/04/2015 - 23:01:28: "vampir[BLR-1]***}I{APK@***<732><STEAM_0:4:1726139397><>" connected, address "178.122.153.100:15035"
L 04/04/2015 - 23:01:28: World triggered "Round_Start"
L 04/04/2015 - 23:01:28: [VTC] Player 4 speex
L 04/04/2015 - 23:01:31: "-=Ky4ik=-[BLR-1]***}l{apk@***<731><STEAM_0:4:547900677><>" entered the game
L 04/04/2015 - 23:01:32: "vampir[BLR-1]***}I{APK@***<732><STEAM_0:4:1726139397><>" entered the game
L 04/04/2015 - 23:01:34: "MONSTER[BLR-1]***}I{@PK@***<730><STEAM_0:4:1737805061><>" joined team "TERRORIST"
L 04/04/2015 - 23:01:35: "-=Ky4ik=-[BLR-1]***}l{apk@***<731><STEAM_0:4:547900677><>" joined team "CT"
L 04/04/2015 - 23:01:36: World triggered "Game_Commencing"
L 04/04/2015 - 23:01:36: World triggered "Game_Commencing" (CT "0") (T "0")
L 04/04/2015 - 23:01:36: World triggered "Round_End"
L 04/04/2015 - 23:01:37: "vampir[BLR-1]***}I{APK@***<732><STEAM_0:4:1726139397><>" joined team "TERRORIST"
L 04/04/2015 - 23:01:44: World triggered "Round_Start"
L 04/04/2015 - 23:02:20: "-=Ky4ik=-[BLR-1]***}l{apk@***<731><STEAM_0:4:547900677><CT>" attacked "MONSTER[BLR-1]***}I{@PK@***<730><STEAM_0:4:1737805061><TERRORIST>" with "m4a1" (damage "31") (damage_armor "0") (health "69") (armor "0")
L 04/04/2015 - 23:02:20: "-=Ky4ik=-[BLR-1]***}l{apk@***<731><STEAM_0:4:547900677><CT>" attacked "MONSTER[BLR-1]***}I{@PK@***<730><STEAM_0:4:1737805061><TERRORIST>" with "m4a1" (damage "124") (damage_armor "0") (health "-55") (armor "0")
L 04/04/2015 - 23:02:20: "-=Ky4ik=-[BLR-1]***}l{apk@***<731><STEAM_0:4:547900677><CT>" killed "MONSTER[BLR-1]***}I{@PK@***<730><STEAM_0:4:1737805061><TERRORIST>" with "m4a1"
L 04/04/2015 - 23:02:22: "vampir[BLR-1]***}I{APK@***<732><STEAM_0:4:1726139397><TERRORIST>" attacked "-=Ky4ik=-[BLR-1]***}l{apk@***<731><STEAM_0:4:547900677><CT>" with "m4a1" (damage "21") (damage_armor "0") (health "79") (armor "0")
L 04/04/2015 - 23:02:22: "-=Ky4ik=-[BLR-1]***}l{apk@***<731><STEAM_0:4:547900677><CT>" attacked "vampir[BLR-1]***}I{APK@***<732><STEAM_0:4:1726139397><TERRORIST>" with "m4a1" (damage "22") (damage_armor "0") (health "78") (armor "0")
L 04/04/2015 - 23:02:22: "vampir[BLR-1]***}I{APK@***<732><STEAM_0:4:1726139397><TERRORIST>" attacked "-=Ky4ik=-[BLR-1]***}l{apk@***<731><STEAM_0:4:547900677><CT>" with "m4a1" (damage "21") (damage_armor "0") (health "58") (armor "0")
L 04/04/2015 - 23:02:22: "-=Ky4ik=-[BLR-1]***}l{apk@***<731><STEAM_0:4:547900677><CT>" attacked "vampir[BLR-1]***}I{APK@***<732><STEAM_0:4:1726139397><TERRORIST>" with "m4a1" (damage "30") (damage_armor "0") (health "48") (armor "0")
L 04/04/2015 - 23:02:22: "-=Ky4ik=-[BLR-1]***}l{apk@***<731><STEAM_0:4:547900677><CT>" attacked "vampir[BLR-1]***}I{APK@***<732><STEAM_0:4:1726139397><TERRORIST>" with "m4a1" (damage "30") (damage_armor "0") (health "18") (armor "0")
L 04/04/2015 - 23:02:23: "-=Ky4ik=-[BLR-1]***}l{apk@***<731><STEAM_0:4:547900677><CT>" attacked "vampir[BLR-1]***}I{APK@***<732><STEAM_0:4:1726139397><TERRORIST>" with "m4a1" (damage "120") (damage_armor "0") (health "-102") (armor "0")
L 04/04/2015 - 23:02:23: "-=Ky4ik=-[BLR-1]***}l{apk@***<731><STEAM_0:4:547900677><CT>" killed "vampir[BLR-1]***}I{APK@***<732><STEAM_0:4:1726139397><TERRORIST>" with "m4a1"
L 04/04/2015 - 23:02:23: Team "CT" triggered "CTs_Win" (CT "1") (T "0")
L 04/04/2015 - 23:02:23: World triggered "Round_End"
L 04/04/2015 - 23:02:33: World triggered "Round_Start"
L 04/04/2015 - 23:02:35: "-=Ky4ik=-[BLR-1]***}l{apk@***<731><STEAM_0:4:547900677><CT>" attacked "MONSTER[BLR-1]***}I{@PK@***<730><STEAM_0:4:1737805061><TERRORIST>" with "m4a1" (damage "35") (damage_armor "0") (health "65") (armor "0")
L 04/04/2015 - 23:02:35: "-=Ky4ik=-[BLR-1]***}l{apk@***<731><STEAM_0:4:547900677><CT>" attacked "MONSTER[BLR-1]***}I{@PK@***<730><STEAM_0:4:1737805061><TERRORIST>" with "m4a1" (damage "28") (damage_armor "0") (health "37") (armor "0")
L 04/04/2015 - 23:02:35: "-=Ky4ik=-[BLR-1]***}l{apk@***<731><STEAM_0:4:547900677><CT>" attacked "MONSTER[BLR-1]***}I{@PK@***<730><STEAM_0:4:1737805061><TERRORIST>" with "m4a1" (damage "29") (damage_armor "0") (health "8") (armor "0")
L 04/04/2015 - 23:02:35: "-=Ky4ik=-[BLR-1]***}l{apk@***<731><STEAM_0:4:547900677><CT>" attacked "MONSTER[BLR-1]***}I{@PK@***<730><STEAM_0:4:1737805061><TERRORIST>" with "m4a1" (damage "29") (damage_armor "0") (health "-21") (armor "0")
L 04/04/2015 - 23:02:35: "-=Ky4ik=-[BLR-1]***}l{apk@***<731><STEAM_0:4:547900677><CT>" killed "MONSTER[BLR-1]***}I{@PK@***<730><STEAM_0:4:1737805061><TERRORIST>" with "m4a1"
L 04/04/2015 - 23:02:41: "vampir[BLR-1]***}I{APK@***<732><STEAM_0:4:1726139397><TERRORIST>" attacked "-=Ky4ik=-[BLR-1]***}l{apk@***<731><STEAM_0:4:547900677><CT>" with "ak47" (damage "42") (damage_armor "0") (health "58") (armor "0")
L 04/04/2015 - 23:02:47: "-=Ky4ik=-[BLR-1]***}l{apk@***<731><STEAM_0:4:547900677><CT>" attacked "vampir[BLR-1]***}I{APK@***<732><STEAM_0:4:1726139397><TERRORIST>" with "m4a1" (damage "116") (damage_armor "0") (health "-16") (armor "0")
L 04/04/2015 - 23:02:47: "-=Ky4ik=-[BLR-1]***}l{apk@***<731><STEAM_0:4:547900677><CT>" killed "vampir[BLR-1]***}I{APK@***<732><STEAM_0:4:1726139397><TERRORIST>" with "m4a1"
L 04/04/2015 - 23:02:47: Team "CT" triggered "CTs_Win" (CT "2") (T "0")
L 04/04/2015 - 23:02:47: World triggered "Round_End"
L 04/04/2015 - 23:02:57: World triggered "Round_Start"
L 04/04/2015 - 23:02:57: "-=Ky4ik=-[BLR-1]***}l{apk@***<731><STEAM_0:4:547900677><CT>" attacked "vampir[BLR-1]***}I{APK@***<732><STEAM_0:4:1726139397><TERRORIST>" with "m4a1" (damage "108") (damage_armor "0") (health "-8") (armor "0")
L 04/04/2015 - 23:02:57: "-=Ky4ik=-[BLR-1]***}l{apk@***<731><STEAM_0:4:547900677><CT>" killed "vampir[BLR-1]***}I{APK@***<732><STEAM_0:4:1726139397><TERRORIST>" with "m4a1"
L 04/04/2015 - 23:03:06: "-=Ky4ik=-[BLR-1]***}l{apk@***<731><STEAM_0:4:547900677><CT>" attacked "MONSTER[BLR-1]***}I{@PK@***<730><STEAM_0:4:1737805061><TERRORIST>" with "m4a1" (damage "35") (damage_armor "0") (health "65") (armor "0")
L 04/04/2015 - 23:03:09: "-=Ky4ik=-[BLR-1]***}l{apk@***<731><STEAM_0:4:547900677><CT>" attacked "MONSTER[BLR-1]***}I{@PK@***<730><STEAM_0:4:1737805061><TERRORIST>" with "m4a1" (damage "28") (damage_armor "0") (health "37") (armor "0")
L 04/04/2015 - 23:03:09: "-=Ky4ik=-[BLR-1]***}l{apk@***<731><STEAM_0:4:547900677><CT>" attacked "MONSTER[BLR-1]***}I{@PK@***<730><STEAM_0:4:1737805061><TERRORIST>" with "m4a1" (damage "28") (damage_armor "0") (health "9") (armor "0")
L 04/04/2015 - 23:03:09: "-=Ky4ik=-[BLR-1]***}l{apk@***<731><STEAM_0:4:547900677><CT>" attacked "MONSTER[BLR-1]***}I{@PK@***<730><STEAM_0:4:1737805061><TERRORIST>" with "m4a1" (damage "28") (damage_armor "0") (health "-19") (armor "0")
L 04/04/2015 - 23:03:09: "-=Ky4ik=-[BLR-1]***}l{apk@***<731><STEAM_0:4:547900677><CT>" killed "MONSTER[BLR-1]***}I{@PK@***<730><STEAM_0:4:1737805061><TERRORIST>" with "m4a1"
L 04/04/2015 - 23:03:09: Team "CT" triggered "CTs_Win" (CT "3") (T "0")
L 04/04/2015 - 23:03:09: World triggered "Round_End"
L 04/04/2015 - 23:03:19: World triggered "Round_Start"
L 04/04/2015 - 23:03:22: "-=Ky4ik=-[BLR-1]***}l{apk@***<731><STEAM_0:4:547900677><CT>" attacked "MONSTER[BLR-1]***}I{@PK@***<730><STEAM_0:4:1737805061><TERRORIST>" with "m4a1" (damage "29") (damage_armor "0") (health "71") (armor "0")
L 04/04/2015 - 23:03:22: "-=Ky4ik=-[BLR-1]***}l{apk@***<731><STEAM_0:4:547900677><CT>" attacked "vampir[BLR-1]***}I{APK@***<732><STEAM_0:4:1726139397><TERRORIST>" with "m4a1" (damage "80") (damage_armor "0") (health "20") (armor "0")
L 04/04/2015 - 23:03:22: "-=Ky4ik=-[BLR-1]***}l{apk@***<731><STEAM_0:4:547900677><CT>" attacked "vampir[BLR-1]***}I{APK@***<732><STEAM_0:4:1726139397><TERRORIST>" with "m4a1" (damage "27") (damage_armor "0") (health "-7") (armor "0")
L 04/04/2015 - 23:03:22: "-=Ky4ik=-[BLR-1]***}l{apk@***<731><STEAM_0:4:547900677><CT>" killed "vampir[BLR-1]***}I{APK@***<732><STEAM_0:4:1726139397><TERRORIST>" with "m4a1"
L 04/04/2015 - 23:03:24: "-=Ky4ik=-[BLR-1]***}l{apk@***<731><STEAM_0:4:547900677><CT>" attacked "MONSTER[BLR-1]***}I{@PK@***<730><STEAM_0:4:1737805061><TERRORIST>" with "m4a1" (damage "29") (damage_armor "0") (health "42") (armor "0")
L 04/04/2015 - 23:03:25: "MONSTER[BLR-1]***}I{@PK@***<730><STEAM_0:4:1737805061><TERRORIST>" attacked "-=Ky4ik=-[BLR-1]***}l{apk@***<731><STEAM_0:4:547900677><CT>" with "m4a1" (damage "21") (damage_armor "0") (health "79") (armor "0")
L 04/04/2015 - 23:03:25: "-=Ky4ik=-[BLR-1]***}l{apk@***<731><STEAM_0:4:547900677><CT>" attacked "MONSTER[BLR-1]***}I{@PK@***<730><STEAM_0:4:1737805061><TERRORIST>" with "m4a1" (damage "29") (damage_armor "0") (health "13") (armor "0")
L 04/04/2015 - 23:03:25: "MONSTER[BLR-1]***}I{@PK@***<730><STEAM_0:4:1737805061><TERRORIST>" attacked "-=Ky4ik=-[BLR-1]***}l{apk@***<731><STEAM_0:4:547900677><CT>" with "m4a1" (damage "30") (damage_armor "0") (health "49") (armor "0")
L 04/04/2015 - 23:03:25: "-=Ky4ik=-[BLR-1]***}l{apk@***<731><STEAM_0:4:547900677><CT>" attacked "MONSTER[BLR-1]***}I{@PK@***<730><STEAM_0:4:1737805061><TERRORIST>" with "m4a1" (damage "29") (damage_armor "0") (health "-16") (armor "0")
L 04/04/2015 - 23:03:25: "-=Ky4ik=-[BLR-1]***}l{apk@***<731><STEAM_0:4:547900677><CT>" killed "MONSTER[BLR-1]***}I{@PK@***<730><STEAM_0:4:1737805061><TERRORIST>" with "m4a1"
L 04/04/2015 - 23:03:25: Team "CT" triggered "CTs_Win" (CT "4") (T "0")
L 04/04/2015 - 23:03:25: World triggered "Round_End"
L 04/04/2015 - 23:03:35: World triggered "Round_Start"
L 04/04/2015 - 23:03:39: "-=Ky4ik=-[BLR-1]***}l{apk@***<731><STEAM_0:4:547900677><CT>" attacked "vampir[BLR-1]***}I{APK@***<732><STEAM_0:4:1726139397><TERRORIST>" with "m4a1" (damage "31") (damage_armor "0") (health "69") (armor "0")
L 04/04/2015 - 23:03:39: "vampir[BLR-1]***}I{APK@***<732><STEAM_0:4:1726139397><TERRORIST>" attacked "-=Ky4ik=-[BLR-1]***}l{apk@***<731><STEAM_0:4:547900677><CT>" with "usp" (damage "26") (damage_armor "0") (health "74") (armor "0")
L 04/04/2015 - 23:03:39: "-=Ky4ik=-[BLR-1]***}l{apk@***<731><STEAM_0:4:547900677><CT>" attacked "vampir[BLR-1]***}I{APK@***<732><STEAM_0:4:1726139397><TERRORIST>" with "m4a1" (damage "31") (damage_armor "0") (health "38") (armor "0")
L 04/04/2015 - 23:03:39: "-=Ky4ik=-[BLR-1]***}l{apk@***<731><STEAM_0:4:547900677><CT>" attacked "vampir[BLR-1]***}I{APK@***<732><STEAM_0:4:1726139397><TERRORIST>" with "m4a1" (damage "31") (damage_armor "0") (health "7") (armor "0")
L 04/04/2015 - 23:03:43: "-=Ky4ik=-[BLR-1]***}l{apk@***<731><STEAM_0:4:547900677><CT>" attacked "vampir[BLR-1]***}I{APK@***<732><STEAM_0:4:1726139397><TERRORIST>" with "ak47" (damage "35") (damage_armor "0") (health "-28") (armor "0")
L 04/04/2015 - 23:03:43: "-=Ky4ik=-[BLR-1]***}l{apk@***<731><STEAM_0:4:547900677><CT>" killed "vampir[BLR-1]***}I{APK@***<732><STEAM_0:4:1726139397><TERRORIST>" with "ak47"
L 04/04/2015 - 23:03:49: "-=Ky4ik=-[BLR-1]***}l{apk@***<731><STEAM_0:4:547900677><CT>" attacked "MONSTER[BLR-1]***}I{@PK@***<730><STEAM_0:4:1737805061><TERRORIST>" with "m4a1" (damage "14") (damage_armor "0") (health "86") (armor "0")
L 04/04/2015 - 23:03:49: "MONSTER[BLR-1]***}I{@PK@***<730><STEAM_0:4:1737805061><TERRORIST>" attacked "-=Ky4ik=-[BLR-1]***}l{apk@***<731><STEAM_0:4:547900677><CT>" with "scout" (damage "69") (damage_armor "0") (health "5") (armor "0")
L 04/04/2015 - 23:03:49: "-=Ky4ik=-[BLR-1]***}l{apk@***<731><STEAM_0:4:547900677><CT>" attacked "MONSTER[BLR-1]***}I{@PK@***<730><STEAM_0:4:1737805061><TERRORIST>" with "m4a1" (damage "28") (damage_armor "0") (health "58") (armor "0")
L 04/04/2015 - 23:04:06: "-=Ky4ik=-[BLR-1]***}l{apk@***<731><STEAM_0:4:547900677><CT>" attacked "MONSTER[BLR-1]***}I{@PK@***<730><STEAM_0:4:1737805061><TERRORIST>" with "m4a1" (damage "14") (damage_armor "0") (health "44") (armor "0")
L 04/04/2015 - 23:04:17: "MONSTER[BLR-1]***}I{@PK@***<730><STEAM_0:4:1737805061><TERRORIST>" attacked "-=Ky4ik=-[BLR-1]***}l{apk@***<731><STEAM_0:4:547900677><CT>" with "m4a1" (damage "23") (damage_armor "0") (health "-18") (armor "0")
L 04/04/2015 - 23:04:17: "MONSTER[BLR-1]***}I{@PK@***<730><STEAM_0:4:1737805061><TERRORIST>" killed "-=Ky4ik=-[BLR-1]***}l{apk@***<731><STEAM_0:4:547900677><CT>" with "m4a1"
L 04/04/2015 - 23:04:17: Team "TERRORIST" triggered "Terrorists_Win" (CT "4") (T "1")
L 04/04/2015 - 23:04:17: World triggered "Round_End"
L 04/04/2015 - 23:04:27: World triggered "Round_Start"
L 04/04/2015 - 23:04:40: "MONSTER[BLR-1]***}I{@PK@***<730><STEAM_0:4:1737805061><TERRORIST>" attacked "-=Ky4ik=-[BLR-1]***}l{apk@***<731><STEAM_0:4:547900677><CT>" with "m4a1" (damage "31") (damage_armor "0") (health "69") (armor "0")
L 04/04/2015 - 23:04:40: "MONSTER[BLR-1]***}I{@PK@***<730><STEAM_0:4:1737805061><TERRORIST>" attacked "-=Ky4ik=-[BLR-1]***}l{apk@***<731><STEAM_0:4:547900677><CT>" with "m4a1" (damage "124") (damage_armor "0") (health "-55") (armor "0")
L 04/04/2015 - 23:04:40: "MONSTER[BLR-1]***}I{@PK@***<730><STEAM_0:4:1737805061><TERRORIST>" killed "-=Ky4ik=-[BLR-1]***}l{apk@***<731><STEAM_0:4:547900677><CT>" with "m4a1"
L 04/04/2015 - 23:04:40: Team "TERRORIST" triggered "Terrorists_Win" (CT "4") (T "2")
L 04/04/2015 - 23:04:40: World triggered "Round_End"
L 04/04/2015 - 23:04:50: World triggered "Round_Start"
L 04/04/2015 - 23:05:03: "-=Ky4ik=-[BLR-1]***}l{apk@***<731><STEAM_0:4:547900677><CT>" attacked "vampir[BLR-1]***}I{APK@***<732><STEAM_0:4:1726139397><TERRORIST>" with "m4a1" (damage "33") (damage_armor "0") (health "67") (armor "0")
L 04/04/2015 - 23:05:04: "-=Ky4ik=-[BLR-1]***}l{apk@***<731><STEAM_0:4:547900677><CT>" attacked "vampir[BLR-1]***}I{APK@***<732><STEAM_0:4:1726139397><TERRORIST>" with "m4a1" (damage "27") (damage_armor "0") (health "40") (armor "0")
L 04/04/2015 - 23:05:04: "-=Ky4ik=-[BLR-1]***}l{apk@***<731><STEAM_0:4:547900677><CT>" attacked "vampir[BLR-1]***}I{APK@***<732><STEAM_0:4:1726139397><TERRORIST>" with "m4a1" (damage "27") (damage_armor "0") (health "13") (armor "0")
L 04/04/2015 - 23:05:05: "-=Ky4ik=-[BLR-1]***}l{apk@***<731><STEAM_0:4:547900677><CT>" attacked "vampir[BLR-1]***}I{APK@***<732><STEAM_0:4:1726139397><TERRORIST>" with "m4a1" (damage "13") (damage_armor "0") (health "0") (armor "0")
L 04/04/2015 - 23:05:05: "-=Ky4ik=-[BLR-1]***}l{apk@***<731><STEAM_0:4:547900677><CT>" killed "vampir[BLR-1]***}I{APK@***<732><STEAM_0:4:1726139397><TERRORIST>" with "m4a1"
L 04/04/2015 - 23:05:34: "MONSTER[BLR-1]***}I{@PK@***<730><STEAM_0:4:1737805061><TERRORIST>" attacked "-=Ky4ik=-[BLR-1]***}l{apk@***<731><STEAM_0:4:547900677><CT>" with "awp" (damage "55") (damage_armor "0") (health "45") (armor "0")
L 04/04/2015 - 23:05:34: "-=Ky4ik=-[BLR-1]***}l{apk@***<731><STEAM_0:4:547900677><CT>" attacked "MONSTER[BLR-1]***}I{@PK@***<730><STEAM_0:4:1737805061><TERRORIST>" with "m4a1" (damage "12") (damage_armor "0") (health "88") (armor "0")
L 04/04/2015 - 23:05:35: "-=Ky4ik=-[BLR-1]***}l{apk@***<731><STEAM_0:4:547900677><CT>" attacked "MONSTER[BLR-1]***}I{@PK@***<730><STEAM_0:4:1737805061><TERRORIST>" with "m4a1" (damage "12") (damage_armor "0") (health "76") (armor "0")
L 04/04/2015 - 23:05:42: "MONSTER[BLR-1]***}I{@PK@***<730><STEAM_0:4:1737805061><TERRORIST>" attacked "-=Ky4ik=-[BLR-1]***}l{apk@***<731><STEAM_0:4:547900677><CT>" with "awp" (damage "440") (damage_armor "0") (health "-395") (armor "0")
L 04/04/2015 - 23:05:42: "MONSTER[BLR-1]***}I{@PK@***<730><STEAM_0:4:1737805061><TERRORIST>" killed "-=Ky4ik=-[BLR-1]***}l{apk@***<731><STEAM_0:4:547900677><CT>" with "awp"
L 04/04/2015 - 23:05:42: Team "TERRORIST" triggered "Terrorists_Win" (CT "4") (T "3")
L 04/04/2015 - 23:05:42: World triggered "Round_End"
L 04/04/2015 - 23:05:52: World triggered "Round_Start"
L 04/04/2015 - 23:06:04: "-=Ky4ik=-[BLR-1]***}l{apk@***<731><STEAM_0:4:547900677><CT>" attacked "MONSTER[BLR-1]***}I{@PK@***<730><STEAM_0:4:1737805061><TERRORIST>" with "m4a1" (damage "14") (damage_armor "0") (health "86") (armor "0")
L 04/04/2015 - 23:06:05: "-=Ky4ik=-[BLR-1]***}l{apk@***<731><STEAM_0:4:547900677><CT>" attacked "MONSTER[BLR-1]***}I{@PK@***<730><STEAM_0:4:1737805061><TERRORIST>" with "m4a1" (damage "14") (damage_armor "0") (health "72") (armor "0")
L 04/04/2015 - 23:06:09: "-=Ky4ik=-[BLR-1]***}l{apk@***<731><STEAM_0:4:547900677><CT>" attacked "MONSTER[BLR-1]***}I{@PK@***<730><STEAM_0:4:1737805061><TERRORIST>" with "m4a1" (damage "30") (damage_armor "0") (health "42") (armor "0")
L 04/04/2015 - 23:06:09: "-=Ky4ik=-[BLR-1]***}l{apk@***<731><STEAM_0:4:547900677><CT>" attacked "MONSTER[BLR-1]***}I{@PK@***<730><STEAM_0:4:1737805061><TERRORIST>" with "m4a1" (damage "30") (damage_armor "0") (health "12") (armor "0")
L 04/04/2015 - 23:06:10: "-=Ky4ik=-[BLR-1]***}l{apk@***<731><STEAM_0:4:547900677><CT>" attacked "MONSTER[BLR-1]***}I{@PK@***<730><STEAM_0:4:1737805061><TERRORIST>" with "m4a1" (damage "22") (damage_armor "0") (health "-10") (armor "0")
L 04/04/2015 - 23:06:10: "-=Ky4ik=-[BLR-1]***}l{apk@***<731><STEAM_0:4:547900677><CT>" killed "MONSTER[BLR-1]***}I{@PK@***<730><STEAM_0:4:1737805061><TERRORIST>" with "m4a1"
L 04/04/2015 - 23:06:32: "vampir[BLR-1]***}I{APK@***<732><STEAM_0:4:1726139397><TERRORIST>" attacked "-=Ky4ik=-[BLR-1]***}l{apk@***<731><STEAM_0:4:547900677><CT>" with "m4a1" (damage "31") (damage_armor "0") (health "69") (armor "0")
L 04/04/2015 - 23:06:32: "vampir[BLR-1]***}I{APK@***<732><STEAM_0:4:1726139397><TERRORIST>" attacked "-=Ky4ik=-[BLR-1]***}l{apk@***<731><STEAM_0:4:547900677><CT>" with "m4a1" (damage "31") (damage_armor "0") (health "38") (armor "0")
L 04/04/2015 - 23:06:32: "vampir[BLR-1]***}I{APK@***<732><STEAM_0:4:1726139397><TERRORIST>" attacked "-=Ky4ik=-[BLR-1]***}l{apk@***<731><STEAM_0:4:547900677><CT>" with "m4a1" (damage "31") (damage_armor "0") (health "7") (armor "0")
L 04/04/2015 - 23:06:32: "vampir[BLR-1]***}I{APK@***<732><STEAM_0:4:1726139397><TERRORIST>" attacked "-=Ky4ik=-[BLR-1]***}l{apk@***<731><STEAM_0:4:547900677><CT>" with "m4a1" (damage "124") (damage_armor "0") (health "-117") (armor "0")
L 04/04/2015 - 23:06:32: "vampir[BLR-1]***}I{APK@***<732><STEAM_0:4:1726139397><TERRORIST>" killed "-=Ky4ik=-[BLR-1]***}l{apk@***<731><STEAM_0:4:547900677><CT>" with "m4a1"
L 04/04/2015 - 23:06:32: Team "TERRORIST" triggered "Terrorists_Win" (CT "4") (T "4")
L 04/04/2015 - 23:06:32: World triggered "Round_End"
L 04/04/2015 - 23:06:42: World triggered "Round_Start"
L 04/04/2015 - 23:06:44: "MONSTER[BLR-1]***}I{@PK@***<730><STEAM_0:4:1737805061><TERRORIST>" attacked "-=Ky4ik=-[BLR-1]***}l{apk@***<731><STEAM_0:4:547900677><CT>" with "m4a1" (damage "22") (damage_armor "0") (health "78") (armor "0")
L 04/04/2015 - 23:06:45: "MONSTER[BLR-1]***}I{@PK@***<730><STEAM_0:4:1737805061><TERRORIST>" attacked "-=Ky4ik=-[BLR-1]***}l{apk@***<731><STEAM_0:4:547900677><CT>" with "m4a1" (damage "30") (damage_armor "0") (health "48") (armor "0")
L 04/04/2015 - 23:06:45: "-=Ky4ik=-[BLR-1]***}l{apk@***<731><STEAM_0:4:547900677><CT>" attacked "MONSTER[BLR-1]***}I{@PK@***<730><STEAM_0:4:1737805061><TERRORIST>" with "usp" (damage "31") (damage_armor "0") (health "69") (armor "0")
L 04/04/2015 - 23:06:45: "MONSTER[BLR-1]***}I{@PK@***<730><STEAM_0:4:1737805061><TERRORIST>" attacked "-=Ky4ik=-[BLR-1]***}l{apk@***<731><STEAM_0:4:547900677><CT>" with "m4a1" (damage "30") (damage_armor "0") (health "18") (armor "0")
L 04/04/2015 - 23:06:45: "MONSTER[BLR-1]***}I{@PK@***<730><STEAM_0:4:1737805061><TERRORIST>" attacked "-=Ky4ik=-[BLR-1]***}l{apk@***<731><STEAM_0:4:547900677><CT>" with "m4a1" (damage "30") (damage_armor "0") (health "-12") (armor "0")
L 04/04/2015 - 23:06:45: "MONSTER[BLR-1]***}I{@PK@***<730><STEAM_0:4:1737805061><TERRORIST>" killed "-=Ky4ik=-[BLR-1]***}l{apk@***<731><STEAM_0:4:547900677><CT>" with "m4a1"
L 04/04/2015 - 23:06:45: Team "TERRORIST" triggered "Terrorists_Win" (CT "4") (T "5")
L 04/04/2015 - 23:06:45: World triggered "Round_End"
L 04/04/2015 - 23:06:55: World triggered "Round_Start"
L 04/04/2015 - 23:07:08: "-=Ky4ik=-[BLR-1]***}l{apk@***<731><STEAM_0:4:547900677><CT>" attacked "MONSTER[BLR-1]***}I{@PK@***<730><STEAM_0:4:1737805061><TERRORIST>" with "awp" (damage "113") (damage_armor "0") (health "-13") (armor "0")
L 04/04/2015 - 23:07:08: "-=Ky4ik=-[BLR-1]***}l{apk@***<731><STEAM_0:4:547900677><CT>" killed "MONSTER[BLR-1]***}I{@PK@***<730><STEAM_0:4:1737805061><TERRORIST>" with "awp"
L 04/04/2015 - 23:07:14: "-=Ky4ik=-[BLR-1]***}l{apk@***<731><STEAM_0:4:547900677><CT>" attacked "vampir[BLR-1]***}I{APK@***<732><STEAM_0:4:1726139397><TERRORIST>" with "awp" (damage "112") (damage_armor "0") (health "-12") (armor "0")
L 04/04/2015 - 23:07:14: "-=Ky4ik=-[BLR-1]***}l{apk@***<731><STEAM_0:4:547900677><CT>" killed "vampir[BLR-1]***}I{APK@***<732><STEAM_0:4:1726139397><TERRORIST>" with "awp"
L 04/04/2015 - 23:07:14: Team "CT" triggered "CTs_Win" (CT "5") (T "5")
L 04/04/2015 - 23:07:14: World triggered "Round_End"
L 04/04/2015 - 23:07:24: World triggered "Round_Start"
L 04/04/2015 - 23:07:29: "vampir[BLR-1]***}I{APK@***<732><STEAM_0:4:1726139397><TERRORIST>" attacked "-=Ky4ik=-[BLR-1]***}l{apk@***<731><STEAM_0:4:547900677><CT>" with "m4a1" (damage "14") (damage_armor "0") (health "86") (armor "0")
L 04/04/2015 - 23:07:30: "-=Ky4ik=-[BLR-1]***}l{apk@***<731><STEAM_0:4:547900677><CT>" attacked "vampir[BLR-1]***}I{APK@***<732><STEAM_0:4:1726139397><TERRORIST>" with "awp" (damage "112") (damage_armor "0") (health "-12") (armor "0")
L 04/04/2015 - 23:07:30: "-=Ky4ik=-[BLR-1]***}l{apk@***<731><STEAM_0:4:547900677><CT>" killed "vampir[BLR-1]***}I{APK@***<732><STEAM_0:4:1726139397><TERRORIST>" with "awp"
L 04/04/2015 - 23:07:31: "MONSTER[BLR-1]***}I{@PK@***<730><STEAM_0:4:1737805061><TERRORIST>" attacked "-=Ky4ik=-[BLR-1]***}l{apk@***<731><STEAM_0:4:547900677><CT>" with "m4a1" (damage "30") (damage_armor "0") (health "56") (armor "0")
L 04/04/2015 - 23:07:31: "-=Ky4ik=-[BLR-1]***}l{apk@***<731><STEAM_0:4:547900677><CT>" attacked "MONSTER[BLR-1]***}I{@PK@***<730><STEAM_0:4:1737805061><TERRORIST>" with "awp" (damage "84") (damage_armor "0") (health "16") (armor "0")
L 04/04/2015 - 23:07:32: "MONSTER[BLR-1]***}I{@PK@***<730><STEAM_0:4:1737805061><TERRORIST>" attacked "-=Ky4ik=-[BLR-1]***}l{apk@***<731><STEAM_0:4:547900677><CT>" with "m4a1" (damage "14") (damage_armor "0") (health "42") (armor "0")
L 04/04/2015 - 23:07:32: "MONSTER[BLR-1]***}I{@PK@***<730><STEAM_0:4:1737805061><TERRORIST>" attacked "-=Ky4ik=-[BLR-1]***}l{apk@***<731><STEAM_0:4:547900677><CT>" with "m4a1" (damage "14") (damage_armor "0") (health "28") (armor "0")
L 04/04/2015 - 23:07:37: "-=Ky4ik=-[BLR-1]***}l{apk@***<731><STEAM_0:4:547900677><CT>" attacked "MONSTER[BLR-1]***}I{@PK@***<730><STEAM_0:4:1737805061><TERRORIST>" with "usp" (damage "31") (damage_armor "0") (health "-15") (armor "0")
L 04/04/2015 - 23:07:37: "-=Ky4ik=-[BLR-1]***}l{apk@***<731><STEAM_0:4:547900677><CT>" killed "MONSTER[BLR-1]***}I{@PK@***<730><STEAM_0:4:1737805061><TERRORIST>" with "usp"
L 04/04/2015 - 23:07:37: Team "CT" triggered "CTs_Win" (CT "6") (T "5")
L 04/04/2015 - 23:07:37: World triggered "Round_End"
L 04/04/2015 - 23:07:47: World triggered "Round_Start"
L 04/04/2015 - 23:07:54: "-=Ky4ik=-[BLR-1]***}l{apk@***<731><STEAM_0:4:547900677><CT>" attacked "MONSTER[BLR-1]***}I{@PK@***<730><STEAM_0:4:1737805061><TERRORIST>" with "awp" (damage "56") (damage_armor "0") (health "44") (armor "0")
L 04/04/2015 - 23:07:57: "vampir[BLR-1]***}I{APK@***<732><STEAM_0:4:1726139397><TERRORIST>" attacked "-=Ky4ik=-[BLR-1]***}l{apk@***<731><STEAM_0:4:547900677><CT>" with "ak47" (damage "26") (damage_armor "0") (health "74") (armor "0")
L 04/04/2015 - 23:07:58: "vampir[BLR-1]***}I{APK@***<732><STEAM_0:4:1726139397><TERRORIST>" attacked "-=Ky4ik=-[BLR-1]***}l{apk@***<731><STEAM_0:4:547900677><CT>" with "ak47" (damage "35") (damage_armor "0") (health "39") (armor "0")
L 04/04/2015 - 23:07:58: "-=Ky4ik=-[BLR-1]***}l{apk@***<731><STEAM_0:4:547900677><CT>" attacked "MONSTER[BLR-1]***}I{@PK@***<730><STEAM_0:4:1737805061><TERRORIST>" with "usp" (damage "24") (damage_armor "0") (health "20") (armor "0")
L 04/04/2015 - 23:07:58: "-=Ky4ik=-[BLR-1]***}l{apk@***<731><STEAM_0:4:547900677><CT>" attacked "MONSTER[BLR-1]***}I{@PK@***<730><STEAM_0:4:1737805061><TERRORIST>" with "usp" (damage "24") (damage_armor "0") (health "-4") (armor "0")
L 04/04/2015 - 23:07:58: "-=Ky4ik=-[BLR-1]***}l{apk@***<731><STEAM_0:4:547900677><CT>" killed "MONSTER[BLR-1]***}I{@PK@***<730><STEAM_0:4:1737805061><TERRORIST>" with "usp"
L 04/04/2015 - 23:07:58: "vampir[BLR-1]***}I{APK@***<732><STEAM_0:4:1726139397><TERRORIST>" attacked "-=Ky4ik=-[BLR-1]***}l{apk@***<731><STEAM_0:4:547900677><CT>" with "ak47" (damage "140") (damage_armor "0") (health "-101") (armor "0")
L 04/04/2015 - 23:07:58: "vampir[BLR-1]***}I{APK@***<732><STEAM_0:4:1726139397><TERRORIST>" killed "-=Ky4ik=-[BLR-1]***}l{apk@***<731><STEAM_0:4:547900677><CT>" with "ak47"
L 04/04/2015 - 23:07:58: Team "TERRORIST" triggered "Terrorists_Win" (CT "6") (T "6")
L 04/04/2015 - 23:07:58: World triggered "Round_End"
L 04/04/2015 - 23:08:08: World triggered "Round_Start"
L 04/04/2015 - 23:08:11: "-=Ky4ik=-[BLR-1]***}l{apk@***<731><STEAM_0:4:547900677><CT>" attacked "vampir[BLR-1]***}I{APK@***<732><STEAM_0:4:1726139397><TERRORIST>" with "m4a1" (damage "21") (damage_armor "0") (health "79") (armor "0")
L 04/04/2015 - 23:08:11: "-=Ky4ik=-[BLR-1]***}l{apk@***<731><STEAM_0:4:547900677><CT>" attacked "vampir[BLR-1]***}I{APK@***<732><STEAM_0:4:1726139397><TERRORIST>" with "m4a1" (damage "29") (damage_armor "0") (health "50") (armor "0")
L 04/04/2015 - 23:08:11: "-=Ky4ik=-[BLR-1]***}l{apk@***<731><STEAM_0:4:547900677><CT>" attacked "vampir[BLR-1]***}I{APK@***<732><STEAM_0:4:1726139397><TERRORIST>" with "m4a1" (damage "29") (damage_armor "0") (health "21") (armor "0")
L 04/04/2015 - 23:08:17: "-=Ky4ik=-[BLR-1]***}l{apk@***<731><STEAM_0:4:547900677><CT>" attacked "MONSTER[BLR-1]***}I{@PK@***<730><STEAM_0:4:1737805061><TERRORIST>" with "m4a1" (damage "14") (damage_armor "0") (health "86") (armor "0")
L 04/04/2015 - 23:08:18: "-=Ky4ik=-[BLR-1]***}l{apk@***<731><STEAM_0:4:547900677><CT>" attacked "MONSTER[BLR-1]***}I{@PK@***<730><STEAM_0:4:1737805061><TERRORIST>" with "m4a1" (damage "31") (damage_armor "0") (health "55") (armor "0")
L 04/04/2015 - 23:08:18: "-=Ky4ik=-[BLR-1]***}l{apk@***<731><STEAM_0:4:547900677><CT>" attacked "MONSTER[BLR-1]***}I{@PK@***<730><STEAM_0:4:1737805061><TERRORIST>" with "m4a1" (damage "31") (damage_armor "0") (health "24") (armor "0")
L 04/04/2015 - 23:08:18: "-=Ky4ik=-[BLR-1]***}l{apk@***<731><STEAM_0:4:547900677><CT>" attacked "MONSTER[BLR-1]***}I{@PK@***<730><STEAM_0:4:1737805061><TERRORIST>" with "m4a1" (damage "38") (damage_armor "0") (health "-14") (armor "0")
L 04/04/2015 - 23:08:18: "-=Ky4ik=-[BLR-1]***}l{apk@***<731><STEAM_0:4:547900677><CT>" killed "MONSTER[BLR-1]***}I{@PK@***<730><STEAM_0:4:1737805061><TERRORIST>" with "m4a1"
L 04/04/2015 - 23:08:22: "vampir[BLR-1]***}I{APK@***<732><STEAM_0:4:1726139397><TERRORIST>" attacked "-=Ky4ik=-[BLR-1]***}l{apk@***<731><STEAM_0:4:547900677><CT>" with "ak47" (damage "12") (damage_armor "0") (health "88") (armor "0")
L 04/04/2015 - 23:08:22: "vampir[BLR-1]***}I{APK@***<732><STEAM_0:4:1726139397><TERRORIST>" attacked "-=Ky4ik=-[BLR-1]***}l{apk@***<731><STEAM_0:4:547900677><CT>" with "ak47" (damage "35") (damage_armor "0") (health "53") (armor "0")
L 04/04/2015 - 23:08:22: "vampir[BLR-1]***}I{APK@***<732><STEAM_0:4:1726139397><TERRORIST>" attacked "-=Ky4ik=-[BLR-1]***}l{apk@***<731><STEAM_0:4:547900677><CT>" with "ak47" (damage "35") (damage_armor "0") (health "18") (armor "0")
L 04/04/2015 - 23:08:23: "-=Ky4ik=-[BLR-1]***}l{apk@***<731><STEAM_0:4:547900677><CT>" attacked "vampir[BLR-1]***}I{APK@***<732><STEAM_0:4:1726139397><TERRORIST>" with "usp" (damage "25") (damage_armor "0") (health "-4") (armor "0")
L 04/04/2015 - 23:08:23: "-=Ky4ik=-[BLR-1]***}l{apk@***<731><STEAM_0:4:547900677><CT>" killed "vampir[BLR-1]***}I{APK@***<732><STEAM_0:4:1726139397><TERRORIST>" with "usp"
L 04/04/2015 - 23:08:23: Team "CT" triggered "CTs_Win" (CT "7") (T "6")
L 04/04/2015 - 23:08:23: World triggered "Round_End"
L 04/04/2015 - 23:08:23: [DPROTO]: Client 1 - Set AuthIdType 3 [dp_RevEmu]; pClient = 0xb39e0dfc
L 04/04/2015 - 23:08:23: "VLG*OKT*<733><STEAM_0:4:433618038><>" connected, address "85.26.236.154:14458"
L 04/04/2015 - 23:08:23: [VTC] Player 2 speex
L 04/04/2015 - 23:08:29: [DPROTO]: Client 1 - Set AuthIdType 3 [dp_RevEmu]; pClient = 0xb39e0dfc
L 04/04/2015 - 23:08:29: "VLG*OKT*<734><STEAM_0:4:433618038><>" connected, address "85.26.236.154:14458"
L 04/04/2015 - 23:08:29: [VTC] Player 2 speex
L 04/04/2015 - 23:08:33: World triggered "Round_Start"
L 04/04/2015 - 23:08:34: "VLG*OKT*<734><STEAM_0:4:433618038><>" entered the game
L 04/04/2015 - 23:08:40: "-=Ky4ik=-[BLR-1]***}l{apk@***<731><STEAM_0:4:547900677><CT>" attacked "MONSTER[BLR-1]***}I{@PK@***<730><STEAM_0:4:1737805061><TERRORIST>" with "m4a1" (damage "37") (damage_armor "0") (health "63") (armor "0")
L 04/04/2015 - 23:08:40: "vampir[BLR-1]***}I{APK@***<732><STEAM_0:4:1726139397><TERRORIST>" attacked "-=Ky4ik=-[BLR-1]***}l{apk@***<731><STEAM_0:4:547900677><CT>" with "ak47" (damage "26") (damage_armor "0") (health "74") (armor "0")
L 04/04/2015 - 23:08:40: "VLG*OKT*<734><STEAM_0:4:433618038><>" joined team "CT"
L 04/04/2015 - 23:08:41: "-=Ky4ik=-[BLR-1]***}l{apk@***<731><STEAM_0:4:547900677><CT>" attacked "MONSTER[BLR-1]***}I{@PK@***<730><STEAM_0:4:1737805061><TERRORIST>" with "m4a1" (damage "56") (damage_armor "0") (health "7") (armor "0")
L 04/04/2015 - 23:08:41: "-=Ky4ik=-[BLR-1]***}l{apk@***<731><STEAM_0:4:547900677><CT>" attacked "MONSTER[BLR-1]***}I{@PK@***<730><STEAM_0:4:1737805061><TERRORIST>" with "m4a1" (damage "56") (damage_armor "0") (health "-49") (armor "0")
L 04/04/2015 - 23:08:41: "-=Ky4ik=-[BLR-1]***}l{apk@***<731><STEAM_0:4:547900677><CT>" killed "MONSTER[BLR-1]***}I{@PK@***<730><STEAM_0:4:1737805061><TERRORIST>" with "m4a1"
L 04/04/2015 - 23:08:41: "-=Ky4ik=-[BLR-1]***}l{apk@***<731><STEAM_0:4:547900677><CT>" attacked "vampir[BLR-1]***}I{APK@***<732><STEAM_0:4:1726139397><TERRORIST>" with "m4a1" (damage "14") (damage_armor "0") (health "86") (armor "0")
L 04/04/2015 - 23:08:42: "-=Ky4ik=-[BLR-1]***}l{apk@***<731><STEAM_0:4:547900677><CT>" attacked "vampir[BLR-1]***}I{APK@***<732><STEAM_0:4:1726139397><TERRORIST>" with "m4a1" (damage "14") (damage_armor "0") (health "72") (armor "0")
L 04/04/2015 - 23:08:42: "-=Ky4ik=-[BLR-1]***}l{apk@***<731><STEAM_0:4:547900677><CT>" attacked "vampir[BLR-1]***}I{APK@***<732><STEAM_0:4:1726139397><TERRORIST>" with "m4a1" (damage "14") (damage_armor "0") (health "58") (armor "0")
L 04/04/2015 - 23:08:42: "-=Ky4ik=-[BLR-1]***}l{apk@***<731><STEAM_0:4:547900677><CT>" attacked "vampir[BLR-1]***}I{APK@***<732><STEAM_0:4:1726139397><TERRORIST>" with "m4a1" (damage "10") (damage_armor "0") (health "48") (armor "0")
L 04/04/2015 - 23:08:42: "-=Ky4ik=-[BLR-1]***}l{apk@***<731><STEAM_0:4:547900677><CT>" attacked "vampir[BLR-1]***}I{APK@***<732><STEAM_0:4:1726139397><TERRORIST>" with "m4a1" (damage "14") (damage_armor "0") (health "34") (armor "0")
L 04/04/2015 - 23:08:43: "vampir[BLR-1]***}I{APK@***<732><STEAM_0:4:1726139397><TERRORIST>" attacked "-=Ky4ik=-[BLR-1]***}l{apk@***<731><STEAM_0:4:547900677><CT>" with "ak47" (damage "12") (damage_armor "0") (health "62") (armor "0")
L 04/04/2015 - 23:08:43: "-=Ky4ik=-[BLR-1]***}l{apk@***<731><STEAM_0:4:547900677><CT>" attacked "vampir[BLR-1]***}I{APK@***<732><STEAM_0:4:1726139397><TERRORIST>" with "m4a1" (damage "14") (damage_armor "0") (health "20") (armor "0")
L 04/04/2015 - 23:08:43: "vampir[BLR-1]***}I{APK@***<732><STEAM_0:4:1726139397><TERRORIST>" attacked "-=Ky4ik=-[BLR-1]***}l{apk@***<731><STEAM_0:4:547900677><CT>" with "ak47" (damage "16") (damage_armor "0") (health "46") (armor "0")
L 04/04/2015 - 23:08:43: "-=Ky4ik=-[BLR-1]***}l{apk@***<731><STEAM_0:4:547900677><CT>" attacked "vampir[BLR-1]***}I{APK@***<732><STEAM_0:4:1726139397><TERRORIST>" with "m4a1" (damage "14") (damage_armor "0") (health "6") (armor "0")
L 04/04/2015 - 23:08:43: "vampir[BLR-1]***}I{APK@***<732><STEAM_0:4:1726139397><TERRORIST>" attacked "-=Ky4ik=-[BLR-1]***}l{apk@***<731><STEAM_0:4:547900677><CT>" with "ak47" (damage "12") (damage_armor "0") (health "34") (armor "0")
L 04/04/2015 - 23:08:43: "vampir[BLR-1]***}I{APK@***<732><STEAM_0:4:1726139397><TERRORIST>" attacked "-=Ky4ik=-[BLR-1]***}l{apk@***<731><STEAM_0:4:547900677><CT>" with "ak47" (damage "16") (damage_armor "0") (health "18") (armor "0")
L 04/04/2015 - 23:08:43: "vampir[BLR-1]***}I{APK@***<732><STEAM_0:4:1726139397><TERRORIST>" attacked "-=Ky4ik=-[BLR-1]***}l{apk@***<731><STEAM_0:4:547900677><CT>" with "ak47" (damage "16") (damage_armor "0") (health "2") (armor "0")
L 04/04/2015 - 23:08:44: "vampir[BLR-1]***}I{APK@***<732><STEAM_0:4:1726139397><TERRORIST>" attacked "-=Ky4ik=-[BLR-1]***}l{apk@***<731><STEAM_0:4:547900677><CT>" with "ak47" (damage "43") (damage_armor "0") (health "-41") (armor "0")
L 04/04/2015 - 23:08:44: "vampir[BLR-1]***}I{APK@***<732><STEAM_0:4:1726139397><TERRORIST>" killed "-=Ky4ik=-[BLR-1]***}l{apk@***<731><STEAM_0:4:547900677><CT>" with "ak47"
L 04/04/2015 - 23:08:49: "VLG*OKT*<734><STEAM_0:4:433618038><CT>" attacked "vampir[BLR-1]***}I{APK@***<732><STEAM_0:4:1726139397><TERRORIST>" with "xm1014" (damage "18") (damage_armor "0") (health "-12") (armor "0")
L 04/04/2015 - 23:08:49: "VLG*OKT*<734><STEAM_0:4:433618038><CT>" killed "vampir[BLR-1]***}I{APK@***<732><STEAM_0:4:1726139397><TERRORIST>" with "xm1014"
L 04/04/2015 - 23:08:49: Team "CT" triggered "CTs_Win" (CT "8") (T "6")
L 04/04/2015 - 23:08:49: World triggered "Round_End"
L 04/04/2015 - 23:08:58: "vampir[BLR-1]***}I{APK@***<732><STEAM_0:4:1726139397><TERRORIST>" triggered "weaponstats" (weapon "usp") (shots "12") (hits "1") (kills "0") (headshots "0") (tks "0") (damage "26") (deaths "1")
L 04/04/2015 - 23:08:58: "vampir[BLR-1]***}I{APK@***<732><STEAM_0:4:1726139397><TERRORIST>" triggered "weaponstats2" (weapon "usp") (head "0") (chest "0") (stomach "0") (leftarm "1") (rightarm "0") (leftleg "0") (rightleg "0")
L 04/04/2015 - 23:08:58: "vampir[BLR-1]***}I{APK@***<732><STEAM_0:4:1726139397><TERRORIST>" triggered "weaponstats" (weapon "awp") (shots "1") (hits "0") (kills "0") (headshots "0") (tks "0") (damage "0") (deaths "1")
L 04/04/2015 - 23:08:58: "vampir[BLR-1]***}I{APK@***<732><STEAM_0:4:1726139397><TERRORIST>" triggered "weaponstats2" (weapon "awp") (head "0") (chest "0") (stomach "0") (leftarm "0") (rightarm "0") (leftleg "0") (rightleg "0")
L 04/04/2015 - 23:08:58: "vampir[BLR-1]***}I{APK@***<732><STEAM_0:4:1726139397><TERRORIST>" triggered "weaponstats" (weapon "m4a1") (shots "20") (hits "7") (kills "1") (headshots "1") (tks "0") (damage "273") (deaths "4")
L 04/04/2015 - 23:08:58: "vampir[BLR-1]***}I{APK@***<732><STEAM_0:4:1726139397><TERRORIST>" triggered "weaponstats2" (weapon "m4a1") (head "1") (chest "1") (stomach "0") (leftarm "2") (rightarm "1") (leftleg "0") (rightleg "2")
L 04/04/2015 - 23:08:58: "vampir[BLR-1]***}I{APK@***<732><STEAM_0:4:1726139397><TERRORIST>" triggered "weaponstats" (weapon "ak47") (shots "89") (hits "14") (kills "2") (headshots "1") (tks "0") (damage "466") (deaths "4")
L 04/04/2015 - 23:08:58: "vampir[BLR-1]***}I{APK@***<732><STEAM_0:4:1726139397><TERRORIST>" triggered "weaponstats2" (weapon "ak47") (head "1") (chest "1") (stomach "2") (leftarm "4") (rightarm "1") (leftleg "4") (rightleg "1")
L 04/04/2015 - 23:08:58: "vampir[BLR-1]***}I{APK@***<732><STEAM_0:4:1726139397><TERRORIST>" triggered "time" (time "7:25")
L 04/04/2015 - 23:08:58: "vampir[BLR-1]***}I{APK@***<732><STEAM_0:4:1726139397><TERRORIST>" triggered "latency" (ping "71")
L 04/04/2015 - 23:08:58: "vampir[BLR-1]***}I{APK@***<732><STEAM_0:4:1726139397><TERRORIST>" disconnected
L 04/04/2015 - 23:08:59: World triggered "Round_Start"
L 04/04/2015 - 23:09:06: "MONSTER[BLR-1]***}I{@PK@***<730><STEAM_0:4:1737805061><TERRORIST>" attacked "-=Ky4ik=-[BLR-1]***}l{apk@***<731><STEAM_0:4:547900677><CT>" with "awp" (damage "113") (damage_armor "0") (health "-13") (armor "0")
L 04/04/2015 - 23:09:06: "MONSTER[BLR-1]***}I{@PK@***<730><STEAM_0:4:1737805061><TERRORIST>" killed "-=Ky4ik=-[BLR-1]***}l{apk@***<731><STEAM_0:4:547900677><CT>" with "awp"
L 04/04/2015 - 23:09:06: "MONSTER[BLR-1]***}I{@PK@***<730><STEAM_0:4:1737805061><TERRORIST>" attacked "VLG*OKT*<734><STEAM_0:4:433618038><CT>" with "awp" (damage "83") (damage_armor "0") (health "17") (armor "0")
L 04/04/2015 - 23:09:07: "VLG*OKT*<734><STEAM_0:4:433618038><CT>" attacked "MONSTER[BLR-1]***}I{@PK@***<730><STEAM_0:4:1737805061><TERRORIST>" with "xm1014" (damage "21") (damage_armor "0") (health "79") (armor "0")
L 04/04/2015 - 23:09:13: "-=Ky4ik=-[BLR-1]***}l{apk@***<731><STEAM_0:4:547900677><CT>" joined team "TERRORIST"
L 04/04/2015 - 23:09:17: "VLG*OKT*<734><STEAM_0:4:433618038><CT>" attacked "MONSTER[BLR-1]***}I{@PK@***<730><STEAM_0:4:1737805061><TERRORIST>" with "xm1014" (damage "21") (damage_armor "0") (health "58") (armor "0")
L 04/04/2015 - 23:09:18: "MONSTER[BLR-1]***}I{@PK@***<730><STEAM_0:4:1737805061><TERRORIST>" attacked "VLG*OKT*<734><STEAM_0:4:433618038><CT>" with "awp" (damage "113") (damage_armor "0") (health "-96") (armor "0")
L 04/04/2015 - 23:09:18: "MONSTER[BLR-1]***}I{@PK@***<730><STEAM_0:4:1737805061><TERRORIST>" killed "VLG*OKT*<734><STEAM_0:4:433618038><CT>" with "awp"
L 04/04/2015 - 23:09:18: Team "TERRORIST" triggered "Terrorists_Win" (CT "8") (T "7")
L 04/04/2015 - 23:09:18: World triggered "Round_End"
L 04/04/2015 - 23:09:28: World triggered "Round_Start"
L 04/04/2015 - 23:09:32: "VLG*OKT*<734><STEAM_0:4:433618038><CT>" attacked "-=Ky4ik=-[BLR-1]***}l{apk@***<731><STEAM_0:4:547900677><TERRORIST>" with "m4a1" (damage "108") (damage_armor "0") (health "-8") (armor "0")
L 04/04/2015 - 23:09:32: "VLG*OKT*<734><STEAM_0:4:433618038><CT>" killed "-=Ky4ik=-[BLR-1]***}l{apk@***<731><STEAM_0:4:547900677><TERRORIST>" with "m4a1"
L 04/04/2015 - 23:09:45: "VLG*OKT*<734><STEAM_0:4:433618038><CT>" attacked "MONSTER[BLR-1]***}I{@PK@***<730><STEAM_0:4:1737805061><TERRORIST>" with "m4a1" (damage "37") (damage_armor "0") (health "63") (armor "0")
L 04/04/2015 - 23:09:46: "VLG*OKT*<734><STEAM_0:4:433618038><CT>" attacked "MONSTER[BLR-1]***}I{@PK@***<730><STEAM_0:4:1737805061><TERRORIST>" with "m4a1" (damage "37") (damage_armor "0") (health "26") (armor "0")
L 04/04/2015 - 23:09:46: "VLG*OKT*<734><STEAM_0:4:433618038><CT>" attacked "MONSTER[BLR-1]***}I{@PK@***<730><STEAM_0:4:1737805061><TERRORIST>" with "m4a1" (damage "10") (damage_armor "0") (health "16") (armor "0")
L 04/04/2015 - 23:09:46: "VLG*OKT*<734><STEAM_0:4:433618038><CT>" attacked "MONSTER[BLR-1]***}I{@PK@***<730><STEAM_0:4:1737805061><TERRORIST>" with "m4a1" (damage "30") (damage_armor "0") (health "-14") (armor "0")
L 04/04/2015 - 23:09:46: "VLG*OKT*<734><STEAM_0:4:433618038><CT>" killed "MONSTER[BLR-1]***}I{@PK@***<730><STEAM_0:4:1737805061><TERRORIST>" with "m4a1"
L 04/04/2015 - 23:09:46: Team "CT" triggered "CTs_Win" (CT "9") (T "7")
L 04/04/2015 - 23:09:46: World triggered "Round_End"
L 04/04/2015 - 23:09:56: World triggered "Round_Start"
L 04/04/2015 - 23:10:08: "VLG*OKT*<734><STEAM_0:4:433618038><CT>" attacked "MONSTER[BLR-1]***}I{@PK@***<730><STEAM_0:4:1737805061><TERRORIST>" with "m4a1" (damage "30") (damage_armor "0") (health "70") (armor "0")
L 04/04/2015 - 23:10:08: "VLG*OKT*<734><STEAM_0:4:433618038><CT>" attacked "MONSTER[BLR-1]***}I{@PK@***<730><STEAM_0:4:1737805061><TERRORIST>" with "m4a1" (damage "37") (damage_armor "0") (health "33") (armor "0")
L 04/04/2015 - 23:10:15: "-=Ky4ik=-[BLR-1]***}l{apk@***<731><STEAM_0:4:547900677><TERRORIST>" attacked "VLG*OKT*<734><STEAM_0:4:433618038><CT>" with "m4a1" (damage "27") (damage_armor "0") (health "73") (armor "0")
L 04/04/2015 - 23:10:21: "-=Ky4ik=-[BLR-1]***}l{apk@***<731><STEAM_0:4:547900677><TERRORIST>" attacked "VLG*OKT*<734><STEAM_0:4:433618038><CT>" with "m4a1" (damage "29") (damage_armor "0") (health "44") (armor "0")
L 04/04/2015 - 23:10:21: "-=Ky4ik=-[BLR-1]***}l{apk@***<731><STEAM_0:4:547900677><TERRORIST>" attacked "VLG*OKT*<734><STEAM_0:4:433618038><CT>" with "m4a1" (damage "29") (damage_armor "0") (health "15") (armor "0")
L 04/04/2015 - 23:10:22: "VLG*OKT*<734><STEAM_0:4:433618038><CT>" attacked "-=Ky4ik=-[BLR-1]***}l{apk@***<731><STEAM_0:4:547900677><TERRORIST>" with "m4a1" (damage "21") (damage_armor "0") (health "79") (armor "0")
L 04/04/2015 - 23:10:22: "-=Ky4ik=-[BLR-1]***}l{apk@***<731><STEAM_0:4:547900677><TERRORIST>" attacked "VLG*OKT*<734><STEAM_0:4:433618038><CT>" with "m4a1" (damage "29") (damage_armor "0") (health "-14") (armor "0")
L 04/04/2015 - 23:10:22: "-=Ky4ik=-[BLR-1]***}l{apk@***<731><STEAM_0:4:547900677><TERRORIST>" killed "VLG*OKT*<734><STEAM_0:4:433618038><CT>" with "m4a1"
L 04/04/2015 - 23:10:22: Team "TERRORIST" triggered "Terrorists_Win" (CT "9") (T "8")
L 04/04/2015 - 23:10:22: World triggered "Round_End"
L 04/04/2015 - 23:10:32: World triggered "Round_Start"
L 04/04/2015 - 23:10:41: "MONSTER[BLR-1]***}I{@PK@***<730><STEAM_0:4:1737805061><TERRORIST>" attacked "VLG*OKT*<734><STEAM_0:4:433618038><CT>" with "m4a1" (damage "38") (damage_armor "0") (health "62") (armor "0")
L 04/04/2015 - 23:10:41: "-=Ky4ik=-[BLR-1]***}l{apk@***<731><STEAM_0:4:547900677><TERRORIST>" attacked "VLG*OKT*<734><STEAM_0:4:433618038><CT>" with "m4a1" (damage "120") (damage_armor "0") (health "-58") (armor "0")
L 04/04/2015 - 23:10:41: "-=Ky4ik=-[BLR-1]***}l{apk@***<731><STEAM_0:4:547900677><TERRORIST>" killed "VLG*OKT*<734><STEAM_0:4:433618038><CT>" with "m4a1"
L 04/04/2015 - 23:10:41: Team "TERRORIST" triggered "Terrorists_Win" (CT "9") (T "9")
L 04/04/2015 - 23:10:41: World triggered "Round_End"
L 04/04/2015 - 23:10:51: World triggered "Round_Start"
L 04/04/2015 - 23:11:07: "-=Ky4ik=-[BLR-1]***}l{apk@***<731><STEAM_0:4:547900677><TERRORIST>" attacked "VLG*OKT*<734><STEAM_0:4:433618038><CT>" with "m4a1" (damage "27") (damage_armor "0") (health "73") (armor "0")
L 04/04/2015 - 23:11:07: "-=Ky4ik=-[BLR-1]***}l{apk@***<731><STEAM_0:4:547900677><TERRORIST>" attacked "VLG*OKT*<734><STEAM_0:4:433618038><CT>" with "m4a1" (damage "19") (damage_armor "0") (health "54") (armor "0")
L 04/04/2015 - 23:11:08: "-=Ky4ik=-[BLR-1]***}l{apk@***<731><STEAM_0:4:547900677><TERRORIST>" attacked "VLG*OKT*<734><STEAM_0:4:433618038><CT>" with "m4a1" (damage "26") (damage_armor "0") (health "28") (armor "0")
L 04/04/2015 - 23:11:08: "-=Ky4ik=-[BLR-1]***}l{apk@***<731><STEAM_0:4:547900677><TERRORIST>" attacked "VLG*OKT*<734><STEAM_0:4:433618038><CT>" with "m4a1" (damage "104") (damage_armor "0") (health "-76") (armor "0")
L 04/04/2015 - 23:11:08: "-=Ky4ik=-[BLR-1]***}l{apk@***<731><STEAM_0:4:547900677><TERRORIST>" killed "VLG*OKT*<734><STEAM_0:4:433618038><CT>" with "m4a1"
L 04/04/2015 - 23:11:08: Team "TERRORIST" triggered "Terrorists_Win" (CT "9") (T "10")
L 04/04/2015 - 23:11:08: World triggered "Round_End"
L 04/04/2015 - 23:11:11: "VLG*OKT*<734><STEAM_0:4:433618038><CT>" triggered "weaponstats" (weapon "xm1014") (shots "10") (hits "3") (kills "1") (headshots "0") (tks "0") (damage "60") (deaths "1")
L 04/04/2015 - 23:11:11: "VLG*OKT*<734><STEAM_0:4:433618038><CT>" triggered "weaponstats2" (weapon "xm1014") (head "0") (chest "0") (stomach "1") (leftarm "0") (rightarm "0") (leftleg "0") (rightleg "2")
L 04/04/2015 - 23:11:11: "VLG*OKT*<734><STEAM_0:4:433618038><CT>" triggered "weaponstats" (weapon "m4a1") (shots "42") (hits "8") (kills "2") (headshots "1") (tks "0") (damage "310") (deaths "3")
L 04/04/2015 - 23:11:11: "VLG*OKT*<734><STEAM_0:4:433618038><CT>" triggered "weaponstats2" (weapon "m4a1") (head "1") (chest "1") (stomach "3") (leftarm "1") (rightarm "0") (leftleg "0") (rightleg "2")
L 04/04/2015 - 23:11:11: "VLG*OKT*<734><STEAM_0:4:433618038><CT>" triggered "time" (time "2:36")
L 04/04/2015 - 23:11:11: "VLG*OKT*<734><STEAM_0:4:433618038><CT>" triggered "latency" (ping "85")
L 04/04/2015 - 23:11:11: "VLG*OKT*<734><STEAM_0:4:433618038><CT>" disconnected
L 04/04/2015 - 23:11:13: "-=Ky4ik=-[BLR-1]***}l{apk@***<731><STEAM_0:4:547900677><TERRORIST>" committed suicide with "world"
L 04/04/2015 - 23:11:13: "-=Ky4ik=-[BLR-1]***}l{apk@***<731><STEAM_0:4:547900677><TERRORIST>" joined team "SPECTATOR"
L 04/04/2015 - 23:11:18: World triggered "Round_Start"
L 04/04/2015 - 23:12:02: "MONSTER[BLR-1]***}I{@PK@***<730><STEAM_0:4:1737805061><TERRORIST>" triggered "weaponstats" (weapon "scout") (shots "2") (hits "1") (kills "0") (headshots "0") (tks "0") (damage "69") (deaths "0")
L 04/04/2015 - 23:12:02: "MONSTER[BLR-1]***}I{@PK@***<730><STEAM_0:4:1737805061><TERRORIST>" triggered "weaponstats2" (weapon "scout") (head "0") (chest "0") (stomach "0") (leftarm "1") (rightarm "0") (leftleg "0") (rightleg "0")
L 04/04/2015 - 23:12:02: "MONSTER[BLR-1]***}I{@PK@***<730><STEAM_0:4:1737805061><TERRORIST>" triggered "weaponstats" (weapon "usp") (shots "1") (hits "0") (kills "0") (headshots "0") (tks "0") (damage "0") (deaths "2")
L 04/04/2015 - 23:12:02: "MONSTER[BLR-1]***}I{@PK@***<730><STEAM_0:4:1737805061><TERRORIST>" triggered "weaponstats2" (weapon "usp") (head "0") (chest "0") (stomach "0") (leftarm "0") (rightarm "0") (leftleg "0") (rightleg "0")
L 04/04/2015 - 23:12:02: "MONSTER[BLR-1]***}I{@PK@***<730><STEAM_0:4:1737805061><TERRORIST>" triggered "weaponstats" (weapon "awp") (shots "21") (hits "5") (kills "3") (headshots "1") (tks "0") (damage "804") (deaths "1")
L 04/04/2015 - 23:12:02: "MONSTER[BLR-1]***}I{@PK@***<730><STEAM_0:4:1737805061><TERRORIST>" triggered "weaponstats2" (weapon "awp") (head "1") (chest "0") (stomach "0") (leftarm "3") (rightarm "1") (leftleg "0") (rightleg "0")
L 04/04/2015 - 23:12:02: "MONSTER[BLR-1]***}I{@PK@***<730><STEAM_0:4:1737805061><TERRORIST>" triggered "weaponstats" (weapon "m4a1") (shots "203") (hits "13") (kills "3") (headshots "1") (tks "0") (damage "437") (deaths "8")
L 04/04/2015 - 23:12:02: "MONSTER[BLR-1]***}I{@PK@***<730><STEAM_0:4:1737805061><TERRORIST>" triggered "weaponstats2" (weapon "m4a1") (head "1") (chest "2") (stomach "1") (leftarm "6") (rightarm "0") (leftleg "2") (rightleg "1")
L 04/04/2015 - 23:12:02: "MONSTER[BLR-1]***}I{@PK@***<730><STEAM_0:4:1737805061><TERRORIST>" triggered "weaponstats" (weapon "knife") (shots "1") (hits "0") (kills "0") (headshots "0") (tks "0") (damage "0") (deaths "0")
L 04/04/2015 - 23:12:02: "MONSTER[BLR-1]***}I{@PK@***<730><STEAM_0:4:1737805061><TERRORIST>" triggered "weaponstats2" (weapon "knife") (head "0") (chest "0") (stomach "0") (leftarm "0") (rightarm "0") (leftleg "0") (rightleg "0")
L 04/04/2015 - 23:12:02: "MONSTER[BLR-1]***}I{@PK@***<730><STEAM_0:4:1737805061><TERRORIST>" triggered "time" (time "10:34")
L 04/04/2015 - 23:12:02: "MONSTER[BLR-1]***}I{@PK@***<730><STEAM_0:4:1737805061><TERRORIST>" triggered "latency" (ping "65")
L 04/04/2015 - 23:12:02: "MONSTER[BLR-1]***}I{@PK@***<730><STEAM_0:4:1737805061><TERRORIST>" disconnected
L 04/04/2015 - 23:12:02: World triggered "Round_Draw" (CT "9") (T "10")
L 04/04/2015 - 23:12:02: World triggered "Round_End"
L 04/04/2015 - 23:12:12: World triggered "Round_Start"
L 04/04/2015 - 23:15:06: "-=Ky4ik=-[BLR-1]***}l{apk@***<731><STEAM_0:4:547900677><SPECTATOR>" triggered "weaponstats" (weapon "xm1014") (shots "3") (hits "0") (kills "0") (headshots "0") (tks "0") (damage "0") (deaths "1")
L 04/04/2015 - 23:15:06: "-=Ky4ik=-[BLR-1]***}l{apk@***<731><STEAM_0:4:547900677><SPECTATOR>" triggered "weaponstats2" (weapon "xm1014") (head "0") (chest "0") (stomach "0") (leftarm "0") (rightarm "0") (leftleg "0") (rightleg "0")
L 04/04/2015 - 23:15:06: "-=Ky4ik=-[BLR-1]***}l{apk@***<731><STEAM_0:4:547900677><SPECTATOR>" triggered "weaponstats" (weapon "usp") (shots "19") (hits "5") (kills "3") (headshots "0") (tks "0") (damage "135") (deaths "3")
L 04/04/2015 - 23:15:06: "-=Ky4ik=-[BLR-1]***}l{apk@***<731><STEAM_0:4:547900677><SPECTATOR>" triggered "weaponstats2" (weapon "usp") (head "0") (chest "0") (stomach "1") (leftarm "4") (rightarm "0") (leftleg "0") (rightleg "0")
L 04/04/2015 - 23:15:06: "-=Ky4ik=-[BLR-1]***}l{apk@***<731><STEAM_0:4:547900677><SPECTATOR>" triggered "weaponstats" (weapon "awp") (shots "11") (hits "5") (kills "3") (headshots "0") (tks "0") (damage "477") (deaths "1")
L 04/04/2015 - 23:15:06: "-=Ky4ik=-[BLR-1]***}l{apk@***<731><STEAM_0:4:547900677><SPECTATOR>" triggered "weaponstats2" (weapon "awp") (head "0") (chest "0") (stomach "0") (leftarm "2") (rightarm "2") (leftleg "0") (rightleg "1")
L 04/04/2015 - 23:15:06: "-=Ky4ik=-[BLR-1]***}l{apk@***<731><STEAM_0:4:547900677><SPECTATOR>" triggered "weaponstats" (weapon "m4a1") (shots "288") (hits "65") (kills "15") (headshots "7") (tks "0") (damage "2273") (deaths "4")
L 04/04/2015 - 23:15:06: "-=Ky4ik=-[BLR-1]***}l{apk@***<731><STEAM_0:4:547900677><SPECTATOR>" triggered "weaponstats2" (weapon "m4a1") (head "10") (chest "15") (stomach "5") (leftarm "24") (rightarm "6") (leftleg "4") (rightleg "1")
L 04/04/2015 - 23:15:06: "-=Ky4ik=-[BLR-1]***}l{apk@***<731><STEAM_0:4:547900677><SPECTATOR>" triggered "weaponstats" (weapon "ak47") (shots "20") (hits "1") (kills "1") (headshots "0") (tks "0") (damage "35") (deaths "0")
L 04/04/2015 - 23:15:06: "-=Ky4ik=-[BLR-1]***}l{apk@***<731><STEAM_0:4:547900677><SPECTATOR>" triggered "weaponstats2" (weapon "ak47") (head "0") (chest "0") (stomach "0") (leftarm "1") (rightarm "0") (leftleg "0") (rightleg "0")
L 04/04/2015 - 23:15:06: "-=Ky4ik=-[BLR-1]***}l{apk@***<731><STEAM_0:4:547900677><SPECTATOR>" triggered "time" (time "13:35")
L 04/04/2015 - 23:15:06: "-=Ky4ik=-[BLR-1]***}l{apk@***<731><STEAM_0:4:547900677><SPECTATOR>" triggered "latency" (ping "65")
L 04/04/2015 - 23:15:06: "-=Ky4ik=-[BLR-1]***}l{apk@***<731><STEAM_0:4:547900677><SPECTATOR>" disconnected
L 04/04/2015 - 23:15:06: World triggered "Round_Draw" (CT "9") (T "10")
L 04/04/2015 - 23:15:06: World triggered "Round_End"
L 04/04/2015 - 23:15:16: World triggered "Round_Start"
L 04/04/2015 - 23:16:32: [META] ini: Begin re-reading plugins list: /home/extazy/public/cstrike/addons/metamod/plugins.ini
L 04/04/2015 - 23:16:32: [META] ini: Read plugin config for: AMX Mod X
L 04/04/2015 - 23:16:32: [META] ini: Read plugin config for: dproto_EF
L 04/04/2015 - 23:16:32: [META] ini: Read plugin config for: VoiceTranscoder
L 04/04/2015 - 23:16:32: [META] ini: Finished reading plugins list: /home/extazy/public/cstrike/addons/metamod/plugins.ini; Found 3 plugins
L 04/04/2015 - 23:16:32: [META] dll: Updating plugins...
L 04/04/2015 - 23:16:32: [META] dll: Finished updating 12 plugins; kept 3, loaded 0, unloaded 0, reloaded 0, delayed 0
L 04/04/2015 - 23:16:32: Log file closed
