L 04/04/2015 - 15:25:36: Log file started (file "logs/L0404030.log") (game "cstrike") (version "48/1.6.3.7/Stdio/5787")
L 04/04/2015 - 15:25:36: Loading map "$1000$"
L 04/04/2015 - 15:25:36: Server cvars start
L 04/04/2015 - 15:25:36: Server cvar "_tutor_bomb_viewable_check_interval" = "0.5"
L 04/04/2015 - 15:25:36: Server cvar "_tutor_debug_level" = "0"
L 04/04/2015 - 15:25:36: Server cvar "_tutor_examine_time" = "0.5"
L 04/04/2015 - 15:25:36: Server cvar "_tutor_hint_interval_time" = "10.0"
L 04/04/2015 - 15:25:36: Server cvar "_tutor_look_angle" = "10"
L 04/04/2015 - 15:25:36: Server cvar "_tutor_look_distance" = "200"
L 04/04/2015 - 15:25:36: Server cvar "_tutor_message_character_display_time_coefficient" = "0.07"
L 04/04/2015 - 15:25:36: Server cvar "_tutor_message_minimum_display_time" = "1"
L 04/04/2015 - 15:25:36: Server cvar "_tutor_message_repeats" = "5"
L 04/04/2015 - 15:25:36: Server cvar "_tutor_view_distance" = "1000"
L 04/04/2015 - 15:25:36: Server cvar "aesp_version" = "1.5b_mini"
L 04/04/2015 - 15:25:36: Server cvar "allow_spectators" = "4"
L 04/04/2015 - 15:25:36: Server cvar "amx_client_languages" = "0"
L 04/04/2015 - 15:25:36: Server cvar "amx_contactinfo" = "ICQ: 691322983"
L 04/04/2015 - 15:25:36: Server cvar "amx_language" = "ru"
L 04/04/2015 - 15:25:36: Server cvar "amx_nextmap" = "de_dust2_2x2"
L 04/04/2015 - 15:25:36: Server cvar "amx_timeleft" = "08:53"
L 04/04/2015 - 15:25:36: Server cvar "amxbans_ssversion" = "Gm 1.6"
L 04/04/2015 - 15:25:36: Server cvar "amxbans_version" = "Gm 1.6"
L 04/04/2015 - 15:25:36: Server cvar "amxmodx_version" = "1.8.1.3746"
L 04/04/2015 - 15:25:36: Server cvar "Colored Translit Cheat" = "Loaded"
L 04/04/2015 - 15:25:36: Server cvar "Colored Translit Config" = "Loaded"
L 04/04/2015 - 15:25:36: Server cvar "Colored Translit Ignores" = "Loaded"
L 04/04/2015 - 15:25:36: Server cvar "Colored Translit Replace" = "Failed"
L 04/04/2015 - 15:25:36: Server cvar "Colored Translit Spam" = "Loaded"
L 04/04/2015 - 15:25:36: Server cvar "Colored Translit Status" = "Loaded"
L 04/04/2015 - 15:25:36: Server cvar "Colored Translit Swear" = "Loaded"
L 04/04/2015 - 15:25:36: Server cvar "Colored Translit Version" = "2.0b Final"
L 04/04/2015 - 15:25:36: Server cvar "coop" = "0"
L 04/04/2015 - 15:25:36: Server cvar "deathmatch" = "1"
L 04/04/2015 - 15:25:36: Server cvar "decalfrequency" = "9"
L 04/04/2015 - 15:25:36: Server cvar "dp_version" = "0.9.391"
L 04/04/2015 - 15:25:36: Server cvar "edgefriction" = "2"
L 04/04/2015 - 15:25:36: Server cvar "hostage_debug" = "0"
L 04/04/2015 - 15:25:36: Server cvar "hostage_stop" = "0"
L 04/04/2015 - 15:25:36: Server cvar "humans_join_team" = "any"
L 04/04/2015 - 15:25:36: Server cvar "jtp10181" = "chute,gore"
L 04/04/2015 - 15:25:36: Server cvar "max_queries_sec" = "3.0"
L 04/04/2015 - 15:25:36: Server cvar "max_queries_sec_global" = "30"
L 04/04/2015 - 15:25:36: Server cvar "max_queries_window" = "60"
L 04/04/2015 - 15:25:36: Server cvar "metamod_version" = "1.19"
L 04/04/2015 - 15:25:36: Server cvar "mp_allowmonsters" = "0"
L 04/04/2015 - 15:25:36: Server cvar "mp_autokick" = "1"
L 04/04/2015 - 15:25:36: Server cvar "mp_autoteambalance" = "1"
L 04/04/2015 - 15:25:36: Server cvar "mp_buytime" = "1.5"
L 04/04/2015 - 15:25:36: Server cvar "mp_c4timer" = "35"
L 04/04/2015 - 15:25:36: Server cvar "mp_chattime" = "1"
L 04/04/2015 - 15:25:36: Server cvar "mp_consistency" = "1"
L 04/04/2015 - 15:25:36: Server cvar "mp_fadetoblack" = "0"
L 04/04/2015 - 15:25:36: Server cvar "mp_flashlight" = "1"
L 04/04/2015 - 15:25:36: Server cvar "mp_footsteps" = "1"
L 04/04/2015 - 15:25:36: Server cvar "mp_forcecamera" = "0"
L 04/04/2015 - 15:25:36: Server cvar "mp_forcechasecam" = "0"
L 04/04/2015 - 15:25:36: Server cvar "mp_fragsleft" = "0"
L 04/04/2015 - 15:25:36: Server cvar "mp_freezetime" = "5"
L 04/04/2015 - 15:25:36: Server cvar "mp_friendlyfire" = "0"
L 04/04/2015 - 15:25:36: Server cvar "mp_ghostfrequency" = "0.1"
L 04/04/2015 - 15:25:36: Server cvar "mp_hostagepenalty" = "0"
L 04/04/2015 - 15:25:36: Server cvar "mp_kickpercent" = "0.66"
L 04/04/2015 - 15:25:36: Server cvar "mp_limitteams" = "5"
L 04/04/2015 - 15:25:36: Server cvar "mp_logdetail" = "3"
L 04/04/2015 - 15:25:36: Server cvar "mp_logfile" = "1"
L 04/04/2015 - 15:25:36: Server cvar "mp_logmessages" = "1"
L 04/04/2015 - 15:25:36: Server cvar "mp_mapvoteratio" = "0.66"
L 04/04/2015 - 15:25:36: Server cvar "mp_maxrounds" = "0"
L 04/04/2015 - 15:25:36: Server cvar "mp_mirrordamage" = "0"
L 04/04/2015 - 15:25:36: Server cvar "mp_playerid" = "0"
L 04/04/2015 - 15:25:36: Server cvar "mp_roundtime" = "2.57"
L 04/04/2015 - 15:25:36: Server cvar "mp_startmoney" = "800"
L 04/04/2015 - 15:25:36: Server cvar "mp_timeleft" = "0"
L 04/04/2015 - 15:25:36: Server cvar "mp_timelimit" = "30.000000"
L 04/04/2015 - 15:25:36: Server cvar "mp_tkpunish" = "1"
L 04/04/2015 - 15:25:36: Server cvar "mp_windifference" = "1"
L 04/04/2015 - 15:25:36: Server cvar "mp_winlimit" = "0"
L 04/04/2015 - 15:25:36: Server cvar "pausable" = "0"
L 04/04/2015 - 15:25:36: Server cvar "redirect_version" = "1.0.3"
L 04/04/2015 - 15:25:36: Server cvar "sv_accelerate" = "5"
L 04/04/2015 - 15:25:36: Server cvar "sv_aim" = "0"
L 04/04/2015 - 15:25:36: Server cvar "sv_airaccelerate" = "10"
L 04/04/2015 - 15:25:36: Server cvar "sv_airmove" = "1"
L 04/04/2015 - 15:25:36: Server cvar "sv_allowupload" = "1"
L 04/04/2015 - 15:25:36: Server cvar "sv_alltalk" = "0"
L 04/04/2015 - 15:25:36: Server cvar "sv_bounce" = "1"
L 04/04/2015 - 15:25:36: Server cvar "sv_cheats" = "0"
L 04/04/2015 - 15:25:36: Server cvar "sv_clienttrace" = "1"
L 04/04/2015 - 15:25:36: Server cvar "sv_clipmode" = "0"
L 04/04/2015 - 15:25:36: Server cvar "sv_contact" = ""
L 04/04/2015 - 15:25:36: Server cvar "sv_friction" = "4"
L 04/04/2015 - 15:25:36: Server cvar "sv_gravity" = "800"
L 04/04/2015 - 15:25:36: Server cvar "sv_logblocks" = "0"
L 04/04/2015 - 15:25:36: Server cvar "sv_maxrate" = "25000"
L 04/04/2015 - 15:25:36: Server cvar "sv_maxspeed" = "900"
L 04/04/2015 - 15:25:36: Server cvar "sv_minrate" = "100000"
L 04/04/2015 - 15:25:36: Server cvar "sv_password" = ""
L 04/04/2015 - 15:25:36: Server cvar "sv_proxies" = "0"
L 04/04/2015 - 15:25:36: Server cvar "sv_region" = "3"
L 04/04/2015 - 15:25:36: Server cvar "sv_restart" = "0"
L 04/04/2015 - 15:25:36: Server cvar "sv_restartround" = "0"
L 04/04/2015 - 15:25:36: Server cvar "sv_stepsize" = "18"
L 04/04/2015 - 15:25:36: Server cvar "sv_stopspeed" = "75"
L 04/04/2015 - 15:25:36: Server cvar "sv_uploadmax" = "0.5"
L 04/04/2015 - 15:25:36: Server cvar "sv_voiceenable" = "1"
L 04/04/2015 - 15:25:36: Server cvar "sv_wateraccelerate" = "10"
L 04/04/2015 - 15:25:36: Server cvar "sv_waterfriction" = "1"
L 04/04/2015 - 15:25:36: Server cvar "travo_statmarquee" = "v1.2"
L 04/04/2015 - 15:25:36: Server cvar "vtc_version" = "80"
L 04/04/2015 - 15:25:36: Server cvar "wallblocker_version" = "1.0"
L 04/04/2015 - 15:25:36: Server cvars end
L 04/04/2015 - 15:25:37: Server cvar "amx_nextmap" = "de_dust2_3x3"
L 04/04/2015 - 15:25:37: Server cvar "sv_restart" = "1"
L 04/04/2015 - 15:25:37: World triggered "Restart_Round_(1_second)"
L 04/04/2015 - 15:25:37: Team "CT" scored "0" with "0" players
L 04/04/2015 - 15:25:37: Team "TERRORIST" scored "0" with "0" players
L 04/04/2015 - 15:25:37: Server cvar "sv_restart" = "0"
L 04/04/2015 - 15:25:37: Started map "$1000$" (CRC "1781739224")
L 04/04/2015 - 15:25:37: [VTC] Player 3 speex
L 04/04/2015 - 15:25:37: [VTC] Player 1 speex
L 04/04/2015 - 15:25:37: [VTC] Player 2 speex
L 04/04/2015 - 15:25:37: [VTC] Player 4 speex
L 04/04/2015 - 15:25:37: [VTC] Player 3 speex
L 04/04/2015 - 15:25:40: "kill<299><STEAM_0:4:1029642830><>" entered the game
L 04/04/2015 - 15:25:42: "[Tyrbo]<302><STEAM_0:4:1474161157><>" entered the game
L 04/04/2015 - 15:25:42: World triggered "Round_Start"
L 04/04/2015 - 15:25:46: "Vika<291><STEAM_0:4:1436928715><>" entered the game
L 04/04/2015 - 15:25:48: [DPROTO]: Client 2 - Set AuthIdType 3 [dp_RevEmu]; pClient = 0xb39e5cf0
L 04/04/2015 - 15:25:48: "Geme | KamaTo3<304><STEAM_0:4:1000616947><>" connected, address "95.133.20.222:28695"
L 04/04/2015 - 15:25:48: "Vika<291><STEAM_0:4:1436928715><>" joined team "TERRORIST"
L 04/04/2015 - 15:25:49: [VTC] Player 3 speex
L 04/04/2015 - 15:25:49: "[Tyrbo]<302><STEAM_0:4:1474161157><>" joined team "CT"
L 04/04/2015 - 15:25:50: World triggered "Game_Commencing"
L 04/04/2015 - 15:25:50: World triggered "Game_Commencing" (CT "0") (T "0")
L 04/04/2015 - 15:25:50: World triggered "Round_End"
L 04/04/2015 - 15:25:52: "Geme | KamaTo3<304><STEAM_0:4:1000616947><>" entered the game
L 04/04/2015 - 15:25:58: World triggered "Round_Start"
L 04/04/2015 - 15:26:02: "Geme | KamaTo3<304><STEAM_0:4:1000616947><>" joined team "CT"
L 04/04/2015 - 15:26:12: "Vika<291><STEAM_0:4:1436928715><TERRORIST>" attacked "[Tyrbo]<302><STEAM_0:4:1474161157><CT>" with "glock18" (damage "19") (damage_armor "0") (health "81") (armor "0")
L 04/04/2015 - 15:26:12: "Vika<291><STEAM_0:4:1436928715><TERRORIST>" attacked "[Tyrbo]<302><STEAM_0:4:1474161157><CT>" with "glock18" (damage "19") (damage_armor "0") (health "62") (armor "0")
L 04/04/2015 - 15:26:12: "Vika<291><STEAM_0:4:1436928715><TERRORIST>" attacked "[Tyrbo]<302><STEAM_0:4:1474161157><CT>" with "glock18" (damage "19") (damage_armor "0") (health "43") (armor "0")
L 04/04/2015 - 15:26:12: "Vika<291><STEAM_0:4:1436928715><TERRORIST>" attacked "[Tyrbo]<302><STEAM_0:4:1474161157><CT>" with "glock18" (damage "19") (damage_armor "0") (health "24") (armor "0")
L 04/04/2015 - 15:26:13: "Vika<291><STEAM_0:4:1436928715><TERRORIST>" attacked "[Tyrbo]<302><STEAM_0:4:1474161157><CT>" with "glock18" (damage "19") (damage_armor "0") (health "5") (armor "0")
L 04/04/2015 - 15:26:13: "Vika<291><STEAM_0:4:1436928715><TERRORIST>" attacked "[Tyrbo]<302><STEAM_0:4:1474161157><CT>" with "glock18" (damage "76") (damage_armor "0") (health "-71") (armor "0")
L 04/04/2015 - 15:26:13: "Vika<291><STEAM_0:4:1436928715><TERRORIST>" killed "[Tyrbo]<302><STEAM_0:4:1474161157><CT>" with "glock18"
L 04/04/2015 - 15:26:15: "Geme | KamaTo3<304><STEAM_0:4:1000616947><CT>" attacked "Vika<291><STEAM_0:4:1436928715><TERRORIST>" with "m4a1" (damage "23") (damage_armor "0") (health "14") (armor "0")
L 04/04/2015 - 15:26:16: "Vika<291><STEAM_0:4:1436928715><TERRORIST>" attacked "Geme | KamaTo3<304><STEAM_0:4:1000616947><CT>" with "awp" (damage "114") (damage_armor "0") (health "-14") (armor "0")
L 04/04/2015 - 15:26:16: "Vika<291><STEAM_0:4:1436928715><TERRORIST>" killed "Geme | KamaTo3<304><STEAM_0:4:1000616947><CT>" with "awp"
L 04/04/2015 - 15:26:16: Team "TERRORIST" triggered "Terrorists_Win" (CT "0") (T "1")
L 04/04/2015 - 15:26:16: World triggered "Round_End"
L 04/04/2015 - 15:26:26: World triggered "Round_Start"
L 04/04/2015 - 15:26:32: "kill<299><STEAM_0:4:1029642830><>" joined team "TERRORIST"
L 04/04/2015 - 15:26:36: "Geme | KamaTo3<304><STEAM_0:4:1000616947><CT>" attacked "kill<299><STEAM_0:4:1029642830><TERRORIST>" with "m4a1" (damage "32") (damage_armor "0") (health "68") (armor "0")
L 04/04/2015 - 15:26:36: [DPROTO]: Client 4 - Set AuthIdType 3 [dp_RevEmu]; pClient = 0xb39efad8
L 04/04/2015 - 15:26:36: "Kirusha<305><STEAM_0:4:312581070><>" connected, address "37.213.31.140:20725"
L 04/04/2015 - 15:26:36: "Geme | KamaTo3<304><STEAM_0:4:1000616947><CT>" attacked "kill<299><STEAM_0:4:1029642830><TERRORIST>" with "m4a1" (damage "32") (damage_armor "0") (health "36") (armor "0")
L 04/04/2015 - 15:26:36: [VTC] Player 5 speex
L 04/04/2015 - 15:26:36: "Geme | KamaTo3<304><STEAM_0:4:1000616947><CT>" attacked "kill<299><STEAM_0:4:1029642830><TERRORIST>" with "m4a1" (damage "24") (damage_armor "0") (health "12") (armor "0")
L 04/04/2015 - 15:26:36: "Geme | KamaTo3<304><STEAM_0:4:1000616947><CT>" attacked "kill<299><STEAM_0:4:1029642830><TERRORIST>" with "m4a1" (damage "24") (damage_armor "0") (health "-12") (armor "0")
L 04/04/2015 - 15:26:36: "Geme | KamaTo3<304><STEAM_0:4:1000616947><CT>" killed "kill<299><STEAM_0:4:1029642830><TERRORIST>" with "m4a1"
L 04/04/2015 - 15:26:38: "Geme | KamaTo3<304><STEAM_0:4:1000616947><CT>" attacked "Vika<291><STEAM_0:4:1436928715><TERRORIST>" with "m4a1" (damage "124") (damage_armor "0") (health "-46") (armor "0")
L 04/04/2015 - 15:26:38: "Geme | KamaTo3<304><STEAM_0:4:1000616947><CT>" killed "Vika<291><STEAM_0:4:1436928715><TERRORIST>" with "m4a1"
L 04/04/2015 - 15:26:38: Team "CT" triggered "CTs_Win" (CT "1") (T "1")
L 04/04/2015 - 15:26:38: World triggered "Round_End"
L 04/04/2015 - 15:26:40: [DPROTO]: Client 4 - Set AuthIdType 3 [dp_RevEmu]; pClient = 0xb39efad8
L 04/04/2015 - 15:26:40: "Kirusha<306><STEAM_0:4:312581070><>" connected, address "37.213.31.140:20725"
L 04/04/2015 - 15:26:40: [VTC] Player 5 speex
L 04/04/2015 - 15:26:46: "Kirusha<306><STEAM_0:4:312581070><>" entered the game
L 04/04/2015 - 15:26:48: World triggered "Round_Start"
L 04/04/2015 - 15:26:50: "kill<299><STEAM_0:4:1029642830><TERRORIST>" attacked "Geme | KamaTo3<304><STEAM_0:4:1000616947><CT>" with "ak47" (damage "136") (damage_armor "0") (health "-36") (armor "0")
L 04/04/2015 - 15:26:50: "kill<299><STEAM_0:4:1029642830><TERRORIST>" killed "Geme | KamaTo3<304><STEAM_0:4:1000616947><CT>" with "ak47"
L 04/04/2015 - 15:26:52: "Kirusha<306><STEAM_0:4:312581070><>" joined team "CT"
L 04/04/2015 - 15:26:54: "kill<299><STEAM_0:4:1029642830><TERRORIST>" attacked "Kirusha<306><STEAM_0:4:312581070><CT>" with "ak47" (damage "35") (damage_armor "0") (health "65") (armor "0")
L 04/04/2015 - 15:26:55: "Kirusha<306><STEAM_0:4:312581070><CT>" attacked "kill<299><STEAM_0:4:1029642830><TERRORIST>" with "ak47" (damage "35") (damage_armor "0") (health "65") (armor "0")
L 04/04/2015 - 15:26:55: "Kirusha<306><STEAM_0:4:312581070><CT>" attacked "kill<299><STEAM_0:4:1029642830><TERRORIST>" with "ak47" (damage "35") (damage_armor "0") (health "30") (armor "0")
L 04/04/2015 - 15:26:55: "kill<299><STEAM_0:4:1029642830><TERRORIST>" attacked "Kirusha<306><STEAM_0:4:312581070><CT>" with "ak47" (damage "35") (damage_armor "0") (health "30") (armor "0")
L 04/04/2015 - 15:26:55: "Kirusha<306><STEAM_0:4:312581070><CT>" attacked "kill<299><STEAM_0:4:1029642830><TERRORIST>" with "ak47" (damage "35") (damage_armor "0") (health "-5") (armor "0")
L 04/04/2015 - 15:26:55: "Kirusha<306><STEAM_0:4:312581070><CT>" killed "kill<299><STEAM_0:4:1029642830><TERRORIST>" with "ak47"
L 04/04/2015 - 15:27:01: [DPROTO]: Client 5 - Set AuthIdType 3 [dp_RevEmu]; pClient = 0xb39f49cc
L 04/04/2015 - 15:27:01: "WiFi_007<307><STEAM_0:4:1198738693><>" connected, address "178.120.186.39:5031"
L 04/04/2015 - 15:27:01: [VTC] Player 6 speex
L 04/04/2015 - 15:27:03: "Kirusha<306><STEAM_0:4:312581070><CT>" attacked "Vika<291><STEAM_0:4:1436928715><TERRORIST>" with "ak47" (damage "34") (damage_armor "0") (health "66") (armor "0")
L 04/04/2015 - 15:27:03: "Kirusha<306><STEAM_0:4:312581070><CT>" attacked "Vika<291><STEAM_0:4:1436928715><TERRORIST>" with "ak47" (damage "35") (damage_armor "0") (health "31") (armor "0")
L 04/04/2015 - 15:27:04: "Kirusha<306><STEAM_0:4:312581070><CT>" attacked "Vika<291><STEAM_0:4:1436928715><TERRORIST>" with "ak47" (damage "34") (damage_armor "0") (health "-3") (armor "0")
L 04/04/2015 - 15:27:04: "Kirusha<306><STEAM_0:4:312581070><CT>" killed "Vika<291><STEAM_0:4:1436928715><TERRORIST>" with "ak47"
L 04/04/2015 - 15:27:04: Team "CT" triggered "CTs_Win" (CT "2") (T "1")
L 04/04/2015 - 15:27:04: World triggered "Round_End"
L 04/04/2015 - 15:27:14: World triggered "Round_Start"
L 04/04/2015 - 15:27:16: Kick: "Vika<291><STEAM_0:4:1436928715><>" was kicked by "Console" (message ""Извини, но ты лагер :D, попробуй зайти позже"")
L 04/04/2015 - 15:27:16: "Vika<291><STEAM_0:4:1436928715><TERRORIST>" triggered "weaponstats" (weapon "grenade") (shots "1") (hits "0") (kills "0") (headshots "0") (tks "0") (damage "0") (deaths "0")
L 04/04/2015 - 15:27:16: "Vika<291><STEAM_0:4:1436928715><TERRORIST>" triggered "weaponstats2" (weapon "grenade") (head "0") (chest "0") (stomach "0") (leftarm "0") (rightarm "0") (leftleg "0") (rightleg "0")
L 04/04/2015 - 15:27:16: "Vika<291><STEAM_0:4:1436928715><TERRORIST>" triggered "weaponstats" (weapon "glock18") (shots "9") (hits "6") (kills "1") (headshots "1") (tks "0") (damage "171") (deaths "1")
L 04/04/2015 - 15:27:16: "Vika<291><STEAM_0:4:1436928715><TERRORIST>" triggered "weaponstats2" (weapon "glock18") (head "1") (chest "4") (stomach "0") (leftarm "1") (rightarm "0") (leftleg "0") (rightleg "0")
L 04/04/2015 - 15:27:16: "Vika<291><STEAM_0:4:1436928715><TERRORIST>" triggered "weaponstats" (weapon "awp") (shots "4") (hits "1") (kills "1") (headshots "0") (tks "0") (damage "114") (deaths "1")
L 04/04/2015 - 15:27:16: "Vika<291><STEAM_0:4:1436928715><TERRORIST>" triggered "weaponstats2" (weapon "awp") (head "0") (chest "0") (stomach "0") (leftarm "1") (rightarm "0") (leftleg "0") (rightleg "0")
L 04/04/2015 - 15:27:16: "Vika<291><STEAM_0:4:1436928715><TERRORIST>" triggered "time" (time "1:30")
L 04/04/2015 - 15:27:16: "Vika<291><STEAM_0:4:1436928715><TERRORIST>" triggered "latency" (ping "100")
L 04/04/2015 - 15:27:16: "Vika<291><STEAM_0:4:1436928715><TERRORIST>" disconnected
L 04/04/2015 - 15:27:21: "Kirusha<306><STEAM_0:4:312581070><CT>" attacked "kill<299><STEAM_0:4:1029642830><TERRORIST>" with "ak47" (damage "16") (damage_armor "0") (health "84") (armor "0")
L 04/04/2015 - 15:27:21: "Kirusha<306><STEAM_0:4:312581070><CT>" attacked "kill<299><STEAM_0:4:1029642830><TERRORIST>" with "ak47" (damage "16") (damage_armor "0") (health "68") (armor "0")
L 04/04/2015 - 15:27:21: "Kirusha<306><STEAM_0:4:312581070><CT>" attacked "kill<299><STEAM_0:4:1029642830><TERRORIST>" with "ak47" (damage "42") (damage_armor "0") (health "26") (armor "0")
L 04/04/2015 - 15:27:22: "Kirusha<306><STEAM_0:4:312581070><CT>" attacked "kill<299><STEAM_0:4:1029642830><TERRORIST>" with "ak47" (damage "42") (damage_armor "0") (health "-16") (armor "0")
L 04/04/2015 - 15:27:22: "Kirusha<306><STEAM_0:4:312581070><CT>" killed "kill<299><STEAM_0:4:1029642830><TERRORIST>" with "ak47"
L 04/04/2015 - 15:27:22: Team "CT" triggered "CTs_Win" (CT "3") (T "1")
L 04/04/2015 - 15:27:22: World triggered "Round_End"
L 04/04/2015 - 15:27:24: "Kirusha<306><STEAM_0:4:312581070><CT>" committed suicide with "world"
L 04/04/2015 - 15:27:24: "Kirusha<306><STEAM_0:4:312581070><CT>" joined team "TERRORIST"
L 04/04/2015 - 15:27:32: World triggered "Round_Start"
L 04/04/2015 - 15:27:43: "[Tyrbo]<302><STEAM_0:4:1474161157><CT>" attacked "kill<299><STEAM_0:4:1029642830><TERRORIST>" with "m4a1" (damage "38") (damage_armor "0") (health "62") (armor "0")
L 04/04/2015 - 15:27:43: "[Tyrbo]<302><STEAM_0:4:1474161157><CT>" attacked "kill<299><STEAM_0:4:1029642830><TERRORIST>" with "m4a1" (damage "31") (damage_armor "0") (health "31") (armor "0")
L 04/04/2015 - 15:27:44: "[Tyrbo]<302><STEAM_0:4:1474161157><CT>" attacked "kill<299><STEAM_0:4:1029642830><TERRORIST>" with "m4a1" (damage "32") (damage_armor "0") (health "-1") (armor "0")
L 04/04/2015 - 15:27:44: "[Tyrbo]<302><STEAM_0:4:1474161157><CT>" killed "kill<299><STEAM_0:4:1029642830><TERRORIST>" with "m4a1"
L 04/04/2015 - 15:27:46: "Kirusha<306><STEAM_0:4:312581070><TERRORIST>" attacked "Geme | KamaTo3<304><STEAM_0:4:1000616947><CT>" with "ak47" (damage "34") (damage_armor "0") (health "35") (armor "0")
L 04/04/2015 - 15:27:46: "Kirusha<306><STEAM_0:4:312581070><TERRORIST>" attacked "Geme | KamaTo3<304><STEAM_0:4:1000616947><CT>" with "ak47" (damage "34") (damage_armor "0") (health "1") (armor "0")
L 04/04/2015 - 15:27:46: "Kirusha<306><STEAM_0:4:312581070><TERRORIST>" attacked "Geme | KamaTo3<304><STEAM_0:4:1000616947><CT>" with "ak47" (damage "42") (damage_armor "0") (health "-41") (armor "0")
L 04/04/2015 - 15:27:46: "Kirusha<306><STEAM_0:4:312581070><TERRORIST>" killed "Geme | KamaTo3<304><STEAM_0:4:1000616947><CT>" with "ak47"
L 04/04/2015 - 15:27:49: [DPROTO]: Client 3 - Set AuthIdType 3 [dp_RevEmu]; pClient = 0xb39eabe4
L 04/04/2015 - 15:27:49: "KATEPuHKA^^<308><STEAM_0:4:1339365764><>" connected, address "176.209.246.54:27005"
L 04/04/2015 - 15:27:49: "[Tyrbo]<302><STEAM_0:4:1474161157><CT>" attacked "Kirusha<306><STEAM_0:4:312581070><TERRORIST>" with "m4a1" (damage "32") (damage_armor "0") (health "68") (armor "0")
L 04/04/2015 - 15:27:49: "Kirusha<306><STEAM_0:4:312581070><TERRORIST>" attacked "[Tyrbo]<302><STEAM_0:4:1474161157><CT>" with "ak47" (damage "35") (damage_armor "0") (health "65") (armor "0")
L 04/04/2015 - 15:27:49: [VTC] Player 4 speex
L 04/04/2015 - 15:27:49: "Kirusha<306><STEAM_0:4:312581070><TERRORIST>" attacked "[Tyrbo]<302><STEAM_0:4:1474161157><CT>" with "ak47" (damage "35") (damage_armor "0") (health "30") (armor "0")
L 04/04/2015 - 15:27:49: "Kirusha<306><STEAM_0:4:312581070><TERRORIST>" attacked "[Tyrbo]<302><STEAM_0:4:1474161157><CT>" with "ak47" (damage "35") (damage_armor "0") (health "-5") (armor "0")
L 04/04/2015 - 15:27:49: "Kirusha<306><STEAM_0:4:312581070><TERRORIST>" killed "[Tyrbo]<302><STEAM_0:4:1474161157><CT>" with "ak47"
L 04/04/2015 - 15:27:49: Team "TERRORIST" triggered "Terrorists_Win" (CT "3") (T "2")
L 04/04/2015 - 15:27:49: World triggered "Round_End"
L 04/04/2015 - 15:27:55: "KATEPuHKA^^<308><STEAM_0:4:1339365764><>" entered the game
L 04/04/2015 - 15:27:58: "kill<299><STEAM_0:4:1029642830><TERRORIST>" triggered "weaponstats" (weapon "awp") (shots "1") (hits "0") (kills "0") (headshots "0") (tks "0") (damage "0") (deaths "0")
L 04/04/2015 - 15:27:58: "kill<299><STEAM_0:4:1029642830><TERRORIST>" triggered "weaponstats2" (weapon "awp") (head "0") (chest "0") (stomach "0") (leftarm "0") (rightarm "0") (leftleg "0") (rightleg "0")
L 04/04/2015 - 15:27:58: "kill<299><STEAM_0:4:1029642830><TERRORIST>" triggered "weaponstats" (weapon "ak47") (shots "14") (hits "3") (kills "1") (headshots "1") (tks "0") (damage "206") (deaths "2")
L 04/04/2015 - 15:27:58: "kill<299><STEAM_0:4:1029642830><TERRORIST>" triggered "weaponstats2" (weapon "ak47") (head "1") (chest "0") (stomach "0") (leftarm "2") (rightarm "0") (leftleg "0") (rightleg "0")
L 04/04/2015 - 15:27:58: "kill<299><STEAM_0:4:1029642830><TERRORIST>" triggered "time" (time "2:18")
L 04/04/2015 - 15:27:58: "kill<299><STEAM_0:4:1029642830><TERRORIST>" triggered "latency" (ping "36")
L 04/04/2015 - 15:27:58: "[Tyrbo]<302><STEAM_0:4:1474161157><CT>" triggered "weaponstats" (weapon "grenade") (shots "6") (hits "2") (kills "0") (headshots "0") (tks "0") (damage "83") (deaths "1")
L 04/04/2015 - 15:27:58: "[Tyrbo]<302><STEAM_0:4:1474161157><CT>" triggered "weaponstats2" (weapon "grenade") (head "0") (chest "0") (stomach "0") (leftarm "0") (rightarm "0") (leftleg "0") (rightleg "0")
L 04/04/2015 - 15:27:58: "[Tyrbo]<302><STEAM_0:4:1474161157><CT>" triggered "weaponstats" (weapon "m4a1") (shots "24") (hits "4") (kills "1") (headshots "0") (tks "0") (damage "133") (deaths "1")
L 04/04/2015 - 15:27:58: "[Tyrbo]<302><STEAM_0:4:1474161157><CT>" triggered "weaponstats2" (weapon "m4a1") (head "0") (chest "2") (stomach "1") (leftarm "1") (rightarm "0") (leftleg "0") (rightleg "0")
L 04/04/2015 - 15:27:58: "[Tyrbo]<302><STEAM_0:4:1474161157><CT>" triggered "time" (time "2:16")
L 04/04/2015 - 15:27:58: "[Tyrbo]<302><STEAM_0:4:1474161157><CT>" triggered "latency" (ping "63")
L 04/04/2015 - 15:27:58: "Geme | KamaTo3<304><STEAM_0:4:1000616947><CT>" triggered "weaponstats" (weapon "grenade") (shots "1") (hits "1") (kills "0") (headshots "0") (tks "0") (damage "2") (deaths "0")
L 04/04/2015 - 15:27:58: "Geme | KamaTo3<304><STEAM_0:4:1000616947><CT>" triggered "weaponstats2" (weapon "grenade") (head "0") (chest "0") (stomach "0") (leftarm "0") (rightarm "0") (leftleg "0") (rightleg "0")
L 04/04/2015 - 15:27:58: "Geme | KamaTo3<304><STEAM_0:4:1000616947><CT>" triggered "weaponstats" (weapon "m4a1") (shots "24") (hits "6") (kills "2") (headshots "1") (tks "0") (damage "259") (deaths "3")
L 04/04/2015 - 15:27:58: "Geme | KamaTo3<304><STEAM_0:4:1000616947><CT>" triggered "weaponstats2" (weapon "m4a1") (head "1") (chest "0") (stomach "0") (leftarm "2") (rightarm "0") (leftleg "2") (rightleg "1")
L 04/04/2015 - 15:27:58: "Geme | KamaTo3<304><STEAM_0:4:1000616947><CT>" triggered "time" (time "2:05")
L 04/04/2015 - 15:27:58: "Geme | KamaTo3<304><STEAM_0:4:1000616947><CT>" triggered "latency" (ping "108")
L 04/04/2015 - 15:27:58: "KATEPuHKA^^<308><STEAM_0:4:1339365764><UNASSIGNED>" triggered "time" (time "0:02")
L 04/04/2015 - 15:27:58: "KATEPuHKA^^<308><STEAM_0:4:1339365764><UNASSIGNED>" triggered "latency" (ping "0")
L 04/04/2015 - 15:27:58: "Kirusha<306><STEAM_0:4:312581070><TERRORIST>" triggered "weaponstats" (weapon "grenade") (shots "2") (hits "1") (kills "0") (headshots "0") (tks "0") (damage "31") (deaths "0")
L 04/04/2015 - 15:27:58: "Kirusha<306><STEAM_0:4:312581070><TERRORIST>" triggered "weaponstats2" (weapon "grenade") (head "0") (chest "0") (stomach "0") (leftarm "0") (rightarm "0") (leftleg "0") (rightleg "0")
L 04/04/2015 - 15:27:58: "Kirusha<306><STEAM_0:4:312581070><TERRORIST>" triggered "weaponstats" (weapon "awp") (shots "1") (hits "0") (kills "0") (headshots "0") (tks "0") (damage "0") (deaths "0")
L 04/04/2015 - 15:27:58: "Kirusha<306><STEAM_0:4:312581070><TERRORIST>" triggered "weaponstats2" (weapon "awp") (head "0") (chest "0") (stomach "0") (leftarm "0") (rightarm "0") (leftleg "0") (rightleg "0")
L 04/04/2015 - 15:27:58: "Kirusha<306><STEAM_0:4:312581070><TERRORIST>" triggered "weaponstats" (weapon "ak47") (shots "49") (hits "16") (kills "5") (headshots "0") (tks "0") (damage "539") (deaths "0")
L 04/04/2015 - 15:27:58: "Kirusha<306><STEAM_0:4:312581070><TERRORIST>" triggered "weaponstats2" (weapon "ak47") (head "0") (chest "2") (stomach "3") (leftarm "7") (rightarm "4") (leftleg "0") (rightleg "0")
L 04/04/2015 - 15:27:58: "Kirusha<306><STEAM_0:4:312581070><TERRORIST>" triggered "time" (time "1:12")
L 04/04/2015 - 15:27:58: "Kirusha<306><STEAM_0:4:312581070><TERRORIST>" triggered "latency" (ping "44")
L 04/04/2015 - 15:27:58: [META] ini: Begin re-reading plugins list: /home/extazy/public/cstrike/addons/metamod/plugins.ini
L 04/04/2015 - 15:27:58: [META] ini: Read plugin config for: AMX Mod X
L 04/04/2015 - 15:27:58: [META] ini: Read plugin config for: dproto_EF
L 04/04/2015 - 15:27:58: [META] ini: Read plugin config for: VoiceTranscoder
L 04/04/2015 - 15:27:58: [META] ini: Finished reading plugins list: /home/extazy/public/cstrike/addons/metamod/plugins.ini; Found 3 plugins
L 04/04/2015 - 15:27:58: [META] dll: Updating plugins...
L 04/04/2015 - 15:27:58: [META] dll: Finished updating 12 plugins; kept 3, loaded 0, unloaded 0, reloaded 0, delayed 0
L 04/04/2015 - 15:27:58: "kill<299><STEAM_0:4:1029642830><TERRORIST>" disconnected
L 04/04/2015 - 15:27:58: "[Tyrbo]<302><STEAM_0:4:1474161157><CT>" disconnected
L 04/04/2015 - 15:27:58: "Geme | KamaTo3<304><STEAM_0:4:1000616947><CT>" disconnected
L 04/04/2015 - 15:27:58: "KATEPuHKA^^<308><STEAM_0:4:1339365764><>" disconnected
L 04/04/2015 - 15:27:58: "Kirusha<306><STEAM_0:4:312581070><TERRORIST>" disconnected
L 04/04/2015 - 15:27:58: World triggered "Round_Draw" (CT "3") (T "2")
L 04/04/2015 - 15:27:58: World triggered "Round_End"
L 04/04/2015 - 15:27:58: Log file closed
