L 04/01/2015 - 22:16:07: Log file started (file "logs/L0401042.log") (game "cstrike") (version "48/1.6.3.7/Stdio/5787")
L 04/01/2015 - 22:16:07: Loading map "de_dust2"
L 04/01/2015 - 22:16:07: Server cvars start
L 04/01/2015 - 22:16:07: Server cvar "_tutor_bomb_viewable_check_interval" = "0.5"
L 04/01/2015 - 22:16:07: Server cvar "_tutor_debug_level" = "0"
L 04/01/2015 - 22:16:07: Server cvar "_tutor_examine_time" = "0.5"
L 04/01/2015 - 22:16:07: Server cvar "_tutor_hint_interval_time" = "10.0"
L 04/01/2015 - 22:16:07: Server cvar "_tutor_look_angle" = "10"
L 04/01/2015 - 22:16:07: Server cvar "_tutor_look_distance" = "200"
L 04/01/2015 - 22:16:07: Server cvar "_tutor_message_character_display_time_coefficient" = "0.07"
L 04/01/2015 - 22:16:07: Server cvar "_tutor_message_minimum_display_time" = "1"
L 04/01/2015 - 22:16:07: Server cvar "_tutor_message_repeats" = "5"
L 04/01/2015 - 22:16:07: Server cvar "_tutor_view_distance" = "1000"
L 04/01/2015 - 22:16:07: Server cvar "aesp_version" = "1.5b_mini"
L 04/01/2015 - 22:16:07: Server cvar "allow_spectators" = "4"
L 04/01/2015 - 22:16:07: Server cvar "amx_client_languages" = "0"
L 04/01/2015 - 22:16:07: Server cvar "amx_contactinfo" = "ICQ: 691322983"
L 04/01/2015 - 22:16:07: Server cvar "amx_language" = "ru"
L 04/01/2015 - 22:16:07: Server cvar "amx_nextmap" = "de_dust2_2x2"
L 04/01/2015 - 22:16:07: Server cvar "amx_timeleft" = "29:31"
L 04/01/2015 - 22:16:07: Server cvar "amxbans_ssversion" = "Gm 1.6"
L 04/01/2015 - 22:16:07: Server cvar "amxbans_version" = "Gm 1.6"
L 04/01/2015 - 22:16:07: Server cvar "amxmodx_version" = "1.8.1.3746"
L 04/01/2015 - 22:16:07: Server cvar "Colored Translit Cheat" = "Loaded"
L 04/01/2015 - 22:16:07: Server cvar "Colored Translit Config" = "Loaded"
L 04/01/2015 - 22:16:07: Server cvar "Colored Translit Ignores" = "Loaded"
L 04/01/2015 - 22:16:07: Server cvar "Colored Translit Replace" = "Failed"
L 04/01/2015 - 22:16:07: Server cvar "Colored Translit Spam" = "Loaded"
L 04/01/2015 - 22:16:07: Server cvar "Colored Translit Status" = "Loaded"
L 04/01/2015 - 22:16:07: Server cvar "Colored Translit Swear" = "Loaded"
L 04/01/2015 - 22:16:07: Server cvar "Colored Translit Version" = "2.0b Final"
L 04/01/2015 - 22:16:07: Server cvar "coop" = "0"
L 04/01/2015 - 22:16:07: Server cvar "deathmatch" = "1"
L 04/01/2015 - 22:16:07: Server cvar "decalfrequency" = "9"
L 04/01/2015 - 22:16:07: Server cvar "dp_version" = "0.9.391"
L 04/01/2015 - 22:16:07: Server cvar "edgefriction" = "2"
L 04/01/2015 - 22:16:07: Server cvar "hostage_debug" = "0"
L 04/01/2015 - 22:16:07: Server cvar "hostage_stop" = "0"
L 04/01/2015 - 22:16:07: Server cvar "humans_join_team" = "any"
L 04/01/2015 - 22:16:07: Server cvar "jtp10181" = "chute,gore"
L 04/01/2015 - 22:16:07: Server cvar "max_queries_sec" = "3.0"
L 04/01/2015 - 22:16:07: Server cvar "max_queries_sec_global" = "30"
L 04/01/2015 - 22:16:07: Server cvar "max_queries_window" = "60"
L 04/01/2015 - 22:16:07: Server cvar "metamod_version" = "1.19"
L 04/01/2015 - 22:16:07: Server cvar "mp_allowmonsters" = "0"
L 04/01/2015 - 22:16:07: Server cvar "mp_autokick" = "1"
L 04/01/2015 - 22:16:07: Server cvar "mp_autoteambalance" = "1"
L 04/01/2015 - 22:16:07: Server cvar "mp_buytime" = "1.5"
L 04/01/2015 - 22:16:07: Server cvar "mp_c4timer" = "35"
L 04/01/2015 - 22:16:07: Server cvar "mp_chattime" = "0"
L 04/01/2015 - 22:16:07: Server cvar "mp_consistency" = "1"
L 04/01/2015 - 22:16:07: Server cvar "mp_fadetoblack" = "0"
L 04/01/2015 - 22:16:07: Server cvar "mp_flashlight" = "1"
L 04/01/2015 - 22:16:07: Server cvar "mp_footsteps" = "1"
L 04/01/2015 - 22:16:07: Server cvar "mp_forcecamera" = "0"
L 04/01/2015 - 22:16:07: Server cvar "mp_forcechasecam" = "0"
L 04/01/2015 - 22:16:07: Server cvar "mp_fragsleft" = "0"
L 04/01/2015 - 22:16:07: Server cvar "mp_freezetime" = "5"
L 04/01/2015 - 22:16:07: Server cvar "mp_friendlyfire" = "0"
L 04/01/2015 - 22:16:07: Server cvar "mp_ghostfrequency" = "0.1"
L 04/01/2015 - 22:16:07: Server cvar "mp_hostagepenalty" = "0"
L 04/01/2015 - 22:16:07: Server cvar "mp_kickpercent" = "0.66"
L 04/01/2015 - 22:16:07: Server cvar "mp_limitteams" = "5"
L 04/01/2015 - 22:16:07: Server cvar "mp_logdetail" = "3"
L 04/01/2015 - 22:16:07: Server cvar "mp_logfile" = "1"
L 04/01/2015 - 22:16:07: Server cvar "mp_logmessages" = "1"
L 04/01/2015 - 22:16:07: Server cvar "mp_mapvoteratio" = "0.66"
L 04/01/2015 - 22:16:07: Server cvar "mp_maxrounds" = "0"
L 04/01/2015 - 22:16:07: Server cvar "mp_mirrordamage" = "0"
L 04/01/2015 - 22:16:07: Server cvar "mp_playerid" = "0"
L 04/01/2015 - 22:16:07: Server cvar "mp_roundtime" = "2.57"
L 04/01/2015 - 22:16:07: Server cvar "mp_startmoney" = "800"
L 04/01/2015 - 22:16:07: Server cvar "mp_timeleft" = "0"
L 04/01/2015 - 22:16:07: Server cvar "mp_timelimit" = "30"
L 04/01/2015 - 22:16:07: Server cvar "mp_tkpunish" = "1"
L 04/01/2015 - 22:16:07: Server cvar "mp_windifference" = "1"
L 04/01/2015 - 22:16:07: Server cvar "mp_winlimit" = "0"
L 04/01/2015 - 22:16:07: Server cvar "pausable" = "0"
L 04/01/2015 - 22:16:07: Server cvar "sv_accelerate" = "5"
L 04/01/2015 - 22:16:07: Server cvar "sv_aim" = "0"
L 04/01/2015 - 22:16:07: Server cvar "sv_airaccelerate" = "10"
L 04/01/2015 - 22:16:07: Server cvar "sv_airmove" = "1"
L 04/01/2015 - 22:16:07: Server cvar "sv_allowupload" = "1"
L 04/01/2015 - 22:16:07: Server cvar "sv_alltalk" = "0"
L 04/01/2015 - 22:16:07: Server cvar "sv_bounce" = "1"
L 04/01/2015 - 22:16:07: Server cvar "sv_cheats" = "0"
L 04/01/2015 - 22:16:07: Server cvar "sv_clienttrace" = "1"
L 04/01/2015 - 22:16:07: Server cvar "sv_clipmode" = "0"
L 04/01/2015 - 22:16:07: Server cvar "sv_contact" = ""
L 04/01/2015 - 22:16:07: Server cvar "sv_friction" = "4"
L 04/01/2015 - 22:16:07: Server cvar "sv_gravity" = "800"
L 04/01/2015 - 22:16:07: Server cvar "sv_logblocks" = "0"
L 04/01/2015 - 22:16:07: Server cvar "sv_maxrate" = "25000"
L 04/01/2015 - 22:16:07: Server cvar "sv_maxspeed" = "320"
L 04/01/2015 - 22:16:07: Server cvar "sv_minrate" = "100000"
L 04/01/2015 - 22:16:07: Server cvar "sv_password" = ""
L 04/01/2015 - 22:16:07: Server cvar "sv_proxies" = "0"
L 04/01/2015 - 22:16:07: Server cvar "sv_region" = "3"
L 04/01/2015 - 22:16:07: Server cvar "sv_restart" = "0"
L 04/01/2015 - 22:16:07: Server cvar "sv_restartround" = "0"
L 04/01/2015 - 22:16:07: Server cvar "sv_stepsize" = "18"
L 04/01/2015 - 22:16:07: Server cvar "sv_stopspeed" = "75"
L 04/01/2015 - 22:16:07: Server cvar "sv_uploadmax" = "0.5"
L 04/01/2015 - 22:16:07: Server cvar "sv_voiceenable" = "1"
L 04/01/2015 - 22:16:07: Server cvar "sv_wateraccelerate" = "10"
L 04/01/2015 - 22:16:07: Server cvar "sv_waterfriction" = "1"
L 04/01/2015 - 22:16:07: Server cvar "travo_statmarquee" = "v1.2"
L 04/01/2015 - 22:16:07: Server cvar "vtc_version" = "80"
L 04/01/2015 - 22:16:07: Server cvar "wallblocker_version" = "1.0"
L 04/01/2015 - 22:16:07: Server cvar "whb_version" = "1.5.530"
L 04/01/2015 - 22:16:07: Server cvars end
L 04/01/2015 - 22:16:07: Server cvar "sv_maxspeed" = "900"
L 04/01/2015 - 22:16:07: Server cvar "amx_nextmap" = "de_dust2_3x3"
L 04/01/2015 - 22:16:07: Server cvar "sv_restart" = "1"
L 04/01/2015 - 22:16:07: World triggered "Restart_Round_(1_second)"
L 04/01/2015 - 22:16:07: Team "CT" scored "0" with "0" players
L 04/01/2015 - 22:16:07: Team "TERRORIST" scored "0" with "0" players
L 04/01/2015 - 22:16:07: Server cvar "sv_restart" = "0"
L 04/01/2015 - 22:16:07: Started map "de_dust2" (CRC "1159425449")
L 04/01/2015 - 22:16:07: [VTC] Player 2 speex
L 04/01/2015 - 22:16:08: [VTC] Player 1 speex
L 04/01/2015 - 22:16:11: "Gnas<5><STEAM_0:4:1561369294><>" entered the game
L 04/01/2015 - 22:16:12: World triggered "Round_Start"
L 04/01/2015 - 22:16:15: "Gnas<5><STEAM_0:4:1561369294><>" joined team "TERRORIST"
L 04/01/2015 - 22:16:15: "Gnas<5><STEAM_0:4:1561369294><TERRORIST>" triggered "Spawned_With_The_Bomb"
L 04/01/2015 - 22:16:16: "{awP}Dimasik<3><STEAM_0:4:1770605957><>" entered the game
L 04/01/2015 - 22:16:20: "{awP}Dimasik<3><STEAM_0:4:1770605957><>" joined team "CT"
L 04/01/2015 - 22:16:21: World triggered "Game_Commencing"
L 04/01/2015 - 22:16:21: World triggered "Game_Commencing" (CT "0") (T "0")
L 04/01/2015 - 22:16:21: World triggered "Round_End"
L 04/01/2015 - 22:16:24: "Gnas<5><STEAM_0:4:1561369294><TERRORIST>" triggered "Spawned_With_The_Bomb"
L 04/01/2015 - 22:16:29: World triggered "Round_Start"
L 04/01/2015 - 22:16:43: "{awP}Dimasik<3><STEAM_0:4:1770605957><CT>" attacked "Gnas<5><STEAM_0:4:1561369294><TERRORIST>" with "deagle" (damage "144") (damage_armor "0") (health "-44") (armor "0")
L 04/01/2015 - 22:16:43: "{awP}Dimasik<3><STEAM_0:4:1770605957><CT>" killed "Gnas<5><STEAM_0:4:1561369294><TERRORIST>" with "deagle"
L 04/01/2015 - 22:16:43: Team "CT" triggered "CTs_Win" (CT "1") (T "0")
L 04/01/2015 - 22:16:43: World triggered "Round_End"
L 04/01/2015 - 22:16:48: "Gnas<5><STEAM_0:4:1561369294><TERRORIST>" triggered "Spawned_With_The_Bomb"
L 04/01/2015 - 22:16:53: World triggered "Round_Start"
L 04/01/2015 - 22:17:41: Kick: "Gnas<5><STEAM_0:4:1561369294><>" was kicked by "Console" (message ""Извини, но ты лагер :D, попробуй зайти позже"")
L 04/01/2015 - 22:17:41: "Gnas<5><STEAM_0:4:1561369294><TERRORIST>" triggered "weaponstats" (weapon "grenade") (shots "1") (hits "0") (kills "0") (headshots "0") (tks "0") (damage "0") (deaths "0")
L 04/01/2015 - 22:17:41: "Gnas<5><STEAM_0:4:1561369294><TERRORIST>" triggered "weaponstats2" (weapon "grenade") (head "0") (chest "0") (stomach "0") (leftarm "0") (rightarm "0") (leftleg "0") (rightleg "0")
L 04/01/2015 - 22:17:41: "Gnas<5><STEAM_0:4:1561369294><TERRORIST>" triggered "weaponstats" (weapon "deagle") (shots "2") (hits "0") (kills "0") (headshots "0") (tks "0") (damage "0") (deaths "1")
L 04/01/2015 - 22:17:41: "Gnas<5><STEAM_0:4:1561369294><TERRORIST>" triggered "weaponstats2" (weapon "deagle") (head "0") (chest "0") (stomach "0") (leftarm "0") (rightarm "0") (leftleg "0") (rightleg "0")
L 04/01/2015 - 22:17:41: "Gnas<5><STEAM_0:4:1561369294><TERRORIST>" triggered "time" (time "1:30")
L 04/01/2015 - 22:17:41: "Gnas<5><STEAM_0:4:1561369294><TERRORIST>" triggered "latency" (ping "171")
L 04/01/2015 - 22:17:41: "Gnas<5><STEAM_0:4:1561369294><TERRORIST>" triggered "Dropped_The_Bomb"
L 04/01/2015 - 22:17:41: "Gnas<5><STEAM_0:4:1561369294><TERRORIST>" disconnected
L 04/01/2015 - 22:17:45: [DPROTO]: Client 1 - Set AuthIdType 3 [dp_RevEmu]; pClient = 0xb3999dfc
L 04/01/2015 - 22:17:45: "Gnas<6><STEAM_0:4:1561369294><>" connected, address "37.215.125.19:31749"
L 04/01/2015 - 22:17:46: Kick: "Gnas<6><STEAM_0:4:1561369294><>" was kicked by "Console" (message ""Повторное подключение будет доступно через 16 секунд"")
L 04/01/2015 - 22:18:00: [DPROTO]: Client 1 - Set AuthIdType 3 [dp_RevEmu]; pClient = 0xb3999dfc
L 04/01/2015 - 22:18:00: "Gnas<7><STEAM_0:4:1561369294><>" connected, address "37.215.125.19:31749"
L 04/01/2015 - 22:18:00: Kick: "Gnas<7><STEAM_0:4:1561369294><>" was kicked by "Console" (message ""Повторное подключение будет доступно через 1 секунд"")
L 04/01/2015 - 22:18:04: [DPROTO]: Client 1 - Set AuthIdType 3 [dp_RevEmu]; pClient = 0xb3999dfc
L 04/01/2015 - 22:18:04: "Gnas<8><STEAM_0:4:1561369294><>" connected, address "37.215.125.19:31749"
L 04/01/2015 - 22:18:04: [VTC] Player 2 speex
L 04/01/2015 - 22:18:10: "Gnas<8><STEAM_0:4:1561369294><>" entered the game
L 04/01/2015 - 22:18:13: "Gnas<8><STEAM_0:4:1561369294><>" joined team "TERRORIST"
L 04/01/2015 - 22:18:13: World triggered "Game_Commencing"
L 04/01/2015 - 22:18:13: World triggered "Game_Commencing" (CT "1") (T "0")
L 04/01/2015 - 22:18:13: World triggered "Round_End"
L 04/01/2015 - 22:18:16: "Gnas<8><STEAM_0:4:1561369294><TERRORIST>" triggered "Spawned_With_The_Bomb"
L 04/01/2015 - 22:18:21: World triggered "Round_Start"
L 04/01/2015 - 22:18:57: "Gnas<8><STEAM_0:4:1561369294><TERRORIST>" triggered "Planted_The_Bomb"
L 04/01/2015 - 22:19:06: "Gnas<8><STEAM_0:4:1561369294><TERRORIST>" attacked "{awP}Dimasik<3><STEAM_0:4:1770605957><CT>" with "deagle" (damage "26") (damage_armor "0") (health "74") (armor "0")
L 04/01/2015 - 22:19:07: "Gnas<8><STEAM_0:4:1561369294><TERRORIST>" attacked "{awP}Dimasik<3><STEAM_0:4:1770605957><CT>" with "deagle" (damage "26") (damage_armor "0") (health "48") (armor "0")
L 04/01/2015 - 22:19:07: "{awP}Dimasik<3><STEAM_0:4:1770605957><CT>" attacked "Gnas<8><STEAM_0:4:1561369294><TERRORIST>" with "deagle" (damage "35") (damage_armor "0") (health "65") (armor "0")
L 04/01/2015 - 22:19:07: "{awP}Dimasik<3><STEAM_0:4:1770605957><CT>" attacked "Gnas<8><STEAM_0:4:1561369294><TERRORIST>" with "deagle" (damage "35") (damage_armor "0") (health "30") (armor "0")
L 04/01/2015 - 22:19:08: "{awP}Dimasik<3><STEAM_0:4:1770605957><CT>" attacked "Gnas<8><STEAM_0:4:1561369294><TERRORIST>" with "deagle" (damage "43") (damage_armor "0") (health "-13") (armor "0")
L 04/01/2015 - 22:19:08: "{awP}Dimasik<3><STEAM_0:4:1770605957><CT>" killed "Gnas<8><STEAM_0:4:1561369294><TERRORIST>" with "deagle"
L 04/01/2015 - 22:19:15: "Gnas<8><STEAM_0:4:1561369294><TERRORIST>" triggered "weaponstats" (weapon "deagle") (shots "7") (hits "2") (kills "0") (headshots "0") (tks "0") (damage "52") (deaths "1")
L 04/01/2015 - 22:19:15: "Gnas<8><STEAM_0:4:1561369294><TERRORIST>" triggered "weaponstats2" (weapon "deagle") (head "0") (chest "0") (stomach "0") (leftarm "0") (rightarm "0") (leftleg "1") (rightleg "1")
L 04/01/2015 - 22:19:15: "Gnas<8><STEAM_0:4:1561369294><TERRORIST>" triggered "time" (time "1:05")
L 04/01/2015 - 22:19:15: "Gnas<8><STEAM_0:4:1561369294><TERRORIST>" triggered "latency" (ping "51")
L 04/01/2015 - 22:19:15: "Gnas<8><STEAM_0:4:1561369294><TERRORIST>" disconnected
L 04/01/2015 - 22:19:15: [DPROTO]: Client 1 - Set AuthIdType 3 [dp_RevEmu]; pClient = 0xb3999dfc
L 04/01/2015 - 22:19:15: "Gnas<9><STEAM_0:4:1561369294><>" connected, address "37.215.125.19:31749"
L 04/01/2015 - 22:19:15: Kick: "Gnas<9><STEAM_0:4:1561369294><>" was kicked by "Console" (message ""Повторное подключение будет доступно через 20 секунд"")
L 04/01/2015 - 22:19:18: "{awP}Dimasik<3><STEAM_0:4:1770605957><CT>" triggered "Begin_Bomb_Defuse_Without_Kit"
L 04/01/2015 - 22:19:20: [DPROTO]: Client 1 - Set AuthIdType 3 [dp_RevEmu]; pClient = 0xb3999dfc
L 04/01/2015 - 22:19:20: "Gnas<10><STEAM_0:4:1561369294><>" connected, address "37.215.125.19:31749"
L 04/01/2015 - 22:19:20: Kick: "Gnas<10><STEAM_0:4:1561369294><>" was kicked by "Console" (message ""Повторное подключение будет доступно через 15 секунд"")
L 04/01/2015 - 22:19:24: [DPROTO]: Client 1 - Set AuthIdType 3 [dp_RevEmu]; pClient = 0xb3999dfc
L 04/01/2015 - 22:19:24: "Gnas<11><STEAM_0:4:1561369294><>" connected, address "37.215.125.19:31749"
L 04/01/2015 - 22:19:24: Kick: "Gnas<11><STEAM_0:4:1561369294><>" was kicked by "Console" (message ""Повторное подключение будет доступно через 11 секунд"")
L 04/01/2015 - 22:19:27: [DPROTO]: Client 1 - Set AuthIdType 3 [dp_RevEmu]; pClient = 0xb3999dfc
L 04/01/2015 - 22:19:27: "Gnas<12><STEAM_0:4:1561369294><>" connected, address "37.215.125.19:31749"
L 04/01/2015 - 22:19:27: Kick: "Gnas<12><STEAM_0:4:1561369294><>" was kicked by "Console" (message ""Повторное подключение будет доступно через 8 секунд"")
L 04/01/2015 - 22:19:28: "{awP}Dimasik<3><STEAM_0:4:1770605957><CT>" triggered "Defused_The_Bomb"
L 04/01/2015 - 22:19:28: Team "CT" triggered "Bomb_Defused" (CT "0") (T "0")
L 04/01/2015 - 22:19:28: World triggered "Round_End"
L 04/01/2015 - 22:19:30: [DPROTO]: Client 1 - Set AuthIdType 3 [dp_RevEmu]; pClient = 0xb3999dfc
L 04/01/2015 - 22:19:30: "Gnas<13><STEAM_0:4:1561369294><>" connected, address "37.215.125.19:31749"
L 04/01/2015 - 22:19:30: Kick: "Gnas<13><STEAM_0:4:1561369294><>" was kicked by "Console" (message ""Повторное подключение будет доступно через 5 секунд"")
L 04/01/2015 - 22:19:33: [DPROTO]: Client 1 - Set AuthIdType 3 [dp_RevEmu]; pClient = 0xb3999dfc
L 04/01/2015 - 22:19:33: "Gnas<14><STEAM_0:4:1561369294><>" connected, address "37.215.125.19:31749"
L 04/01/2015 - 22:19:33: Kick: "Gnas<14><STEAM_0:4:1561369294><>" was kicked by "Console" (message ""Повторное подключение будет доступно через 2 секунд"")
L 04/01/2015 - 22:19:35: [DPROTO]: Client 1 - Set AuthIdType 3 [dp_RevEmu]; pClient = 0xb3999dfc
L 04/01/2015 - 22:19:35: "Gnas<15><STEAM_0:4:1561369294><>" connected, address "37.215.125.19:31749"
L 04/01/2015 - 22:19:35: [VTC] Player 2 speex
L 04/01/2015 - 22:19:38: World triggered "Round_Start"
L 04/01/2015 - 22:19:39: "Gnas<15><STEAM_0:4:1561369294><>" entered the game
L 04/01/2015 - 22:19:42: "Gnas<15><STEAM_0:4:1561369294><>" joined team "TERRORIST"
L 04/01/2015 - 22:19:43: World triggered "Game_Commencing"
L 04/01/2015 - 22:19:43: World triggered "Game_Commencing" (CT "0") (T "0")
L 04/01/2015 - 22:19:43: World triggered "Round_End"
L 04/01/2015 - 22:19:46: "Gnas<15><STEAM_0:4:1561369294><TERRORIST>" triggered "Spawned_With_The_Bomb"
L 04/01/2015 - 22:19:51: World triggered "Round_Start"
L 04/01/2015 - 22:20:04: "{awP}Dimasik<3><STEAM_0:4:1770605957><CT>" triggered "weaponstats" (weapon "usp") (shots "2") (hits "0") (kills "0") (headshots "0") (tks "0") (damage "0") (deaths "0")
L 04/01/2015 - 22:20:04: "{awP}Dimasik<3><STEAM_0:4:1770605957><CT>" triggered "weaponstats2" (weapon "usp") (head "0") (chest "0") (stomach "0") (leftarm "0") (rightarm "0") (leftleg "0") (rightleg "0")
L 04/01/2015 - 22:20:04: "{awP}Dimasik<3><STEAM_0:4:1770605957><CT>" triggered "weaponstats" (weapon "m4a1") (shots "28") (hits "0") (kills "0") (headshots "0") (tks "0") (damage "0") (deaths "0")
L 04/01/2015 - 22:20:04: "{awP}Dimasik<3><STEAM_0:4:1770605957><CT>" triggered "weaponstats2" (weapon "m4a1") (head "0") (chest "0") (stomach "0") (leftarm "0") (rightarm "0") (leftleg "0") (rightleg "0")
L 04/01/2015 - 22:20:04: "{awP}Dimasik<3><STEAM_0:4:1770605957><CT>" triggered "weaponstats" (weapon "deagle") (shots "7") (hits "4") (kills "2") (headshots "1") (tks "0") (damage "257") (deaths "0")
L 04/01/2015 - 22:20:04: "{awP}Dimasik<3><STEAM_0:4:1770605957><CT>" triggered "weaponstats2" (weapon "deagle") (head "1") (chest "0") (stomach "1") (leftarm "2") (rightarm "0") (leftleg "0") (rightleg "0")
L 04/01/2015 - 22:20:04: "{awP}Dimasik<3><STEAM_0:4:1770605957><CT>" triggered "time" (time "3:47")
L 04/01/2015 - 22:20:04: "{awP}Dimasik<3><STEAM_0:4:1770605957><CT>" triggered "latency" (ping "51")
L 04/01/2015 - 22:20:04: "{awP}Dimasik<3><STEAM_0:4:1770605957><CT>" disconnected
L 04/01/2015 - 22:20:11: "Gnas<15><STEAM_0:4:1561369294><TERRORIST>" triggered "time" (time "0:32")
L 04/01/2015 - 22:20:11: "Gnas<15><STEAM_0:4:1561369294><TERRORIST>" triggered "latency" (ping "47")
L 04/01/2015 - 22:20:11: "Gnas<15><STEAM_0:4:1561369294><TERRORIST>" triggered "Dropped_The_Bomb"
L 04/01/2015 - 22:20:11: "Gnas<15><STEAM_0:4:1561369294><TERRORIST>" disconnected
L 04/01/2015 - 22:20:11: World triggered "Round_Draw" (CT "0") (T "0")
L 04/01/2015 - 22:20:11: World triggered "Round_End"
L 04/01/2015 - 22:20:12: [DPROTO]: Client 1 - Set AuthIdType 3 [dp_RevEmu]; pClient = 0xb3999dfc
L 04/01/2015 - 22:20:12: "Gnas<16><STEAM_0:4:1561369294><>" connected, address "37.215.125.19:31749"
L 04/01/2015 - 22:20:12: Kick: "Gnas<16><STEAM_0:4:1561369294><>" was kicked by "Console" (message ""Повторное подключение будет доступно через 20 секунд"")
L 04/01/2015 - 22:20:20: [DPROTO]: Client 1 - Set AuthIdType 3 [dp_RevEmu]; pClient = 0xb3999dfc
L 04/01/2015 - 22:20:20: "Gnas<17><STEAM_0:4:1561369294><>" connected, address "37.215.125.19:31749"
L 04/01/2015 - 22:20:20: Kick: "Gnas<17><STEAM_0:4:1561369294><>" was kicked by "Console" (message ""Повторное подключение будет доступно через 11 секунд"")
L 04/01/2015 - 22:20:21: World triggered "Round_Start"
L 04/01/2015 - 22:20:23: [DPROTO]: Client 1 - Set AuthIdType 3 [dp_RevEmu]; pClient = 0xb3999dfc
L 04/01/2015 - 22:20:23: "Gnas<18><STEAM_0:4:1561369294><>" connected, address "37.215.125.19:31749"
L 04/01/2015 - 22:20:23: Kick: "Gnas<18><STEAM_0:4:1561369294><>" was kicked by "Console" (message ""Повторное подключение будет доступно через 8 секунд"")
L 04/01/2015 - 22:20:25: [DPROTO]: Client 1 - Set AuthIdType 3 [dp_RevEmu]; pClient = 0xb3999dfc
L 04/01/2015 - 22:20:25: "Gnas<19><STEAM_0:4:1561369294><>" connected, address "37.215.125.19:31749"
L 04/01/2015 - 22:20:25: Kick: "Gnas<19><STEAM_0:4:1561369294><>" was kicked by "Console" (message ""Повторное подключение будет доступно через 6 секунд"")
L 04/01/2015 - 22:20:28: [DPROTO]: Client 1 - Set AuthIdType 3 [dp_RevEmu]; pClient = 0xb3999dfc
L 04/01/2015 - 22:20:28: "Gnas<20><STEAM_0:4:1561369294><>" connected, address "37.215.125.19:31749"
L 04/01/2015 - 22:20:28: Kick: "Gnas<20><STEAM_0:4:1561369294><>" was kicked by "Console" (message ""Повторное подключение будет доступно через 3 секунд"")
L 04/01/2015 - 22:20:35: [DPROTO]: Client 1 - Set AuthIdType 3 [dp_RevEmu]; pClient = 0xb3999dfc
L 04/01/2015 - 22:20:35: "Gnas<21><STEAM_0:4:1561369294><>" connected, address "37.215.125.19:31749"
L 04/01/2015 - 22:20:35: [VTC] Player 2 speex
L 04/01/2015 - 22:20:39: "Gnas<21><STEAM_0:4:1561369294><>" entered the game
L 04/01/2015 - 22:20:42: "Gnas<21><STEAM_0:4:1561369294><>" joined team "TERRORIST"
L 04/01/2015 - 22:20:42: "Gnas<21><STEAM_0:4:1561369294><TERRORIST>" triggered "Spawned_With_The_Bomb"
L 04/01/2015 - 22:21:06: "Gnas<21><STEAM_0:4:1561369294><TERRORIST>" triggered "time" (time "0:27")
L 04/01/2015 - 22:21:06: "Gnas<21><STEAM_0:4:1561369294><TERRORIST>" triggered "latency" (ping "144")
L 04/01/2015 - 22:21:06: "Gnas<21><STEAM_0:4:1561369294><TERRORIST>" triggered "Dropped_The_Bomb"
L 04/01/2015 - 22:21:06: "Gnas<21><STEAM_0:4:1561369294><TERRORIST>" disconnected
L 04/01/2015 - 22:21:06: World triggered "Round_Draw" (CT "0") (T "0")
L 04/01/2015 - 22:21:06: World triggered "Round_End"
L 04/01/2015 - 22:21:16: World triggered "Round_Start"
L 04/01/2015 - 22:21:16: [META] ini: Begin re-reading plugins list: /home/extazy/public/cstrike/addons/metamod/plugins.ini
L 04/01/2015 - 22:21:16: [META] ini: Read plugin config for: AMX Mod X
L 04/01/2015 - 22:21:16: [META] ini: Read plugin config for: dproto_EF
L 04/01/2015 - 22:21:16: [META] ini: Read plugin config for: VoiceTranscoder
L 04/01/2015 - 22:21:16: [META] ini: Read plugin config for: WHBlocker
L 04/01/2015 - 22:21:16: [META] ini: Finished reading plugins list: /home/extazy/public/cstrike/addons/metamod/plugins.ini; Found 4 plugins
L 04/01/2015 - 22:21:16: [META] dll: Updating plugins...
L 04/01/2015 - 22:21:16: [META] dll: Finished updating 13 plugins; kept 4, loaded 0, unloaded 0, reloaded 0, delayed 0
L 04/01/2015 - 22:21:16: Log file closed
