L 04/02/2015 - 18:37:20: Log file started (file "logs/L0402060.log") (game "cstrike") (version "48/1.6.3.7/Stdio/5787")
L 04/02/2015 - 18:37:20: Loading map "cs_mini_militia"
L 04/02/2015 - 18:37:20: Server cvars start
L 04/02/2015 - 18:37:20: Server cvar "_tutor_bomb_viewable_check_interval" = "0.5"
L 04/02/2015 - 18:37:20: Server cvar "_tutor_debug_level" = "0"
L 04/02/2015 - 18:37:20: Server cvar "_tutor_examine_time" = "0.5"
L 04/02/2015 - 18:37:20: Server cvar "_tutor_hint_interval_time" = "10.0"
L 04/02/2015 - 18:37:20: Server cvar "_tutor_look_angle" = "10"
L 04/02/2015 - 18:37:20: Server cvar "_tutor_look_distance" = "200"
L 04/02/2015 - 18:37:20: Server cvar "_tutor_message_character_display_time_coefficient" = "0.07"
L 04/02/2015 - 18:37:20: Server cvar "_tutor_message_minimum_display_time" = "1"
L 04/02/2015 - 18:37:20: Server cvar "_tutor_message_repeats" = "5"
L 04/02/2015 - 18:37:20: Server cvar "_tutor_view_distance" = "1000"
L 04/02/2015 - 18:37:20: Server cvar "aesp_version" = "1.5b_mini"
L 04/02/2015 - 18:37:20: Server cvar "allow_spectators" = "4"
L 04/02/2015 - 18:37:20: Server cvar "amx_client_languages" = "0"
L 04/02/2015 - 18:37:20: Server cvar "amx_contactinfo" = "ICQ: 691322983"
L 04/02/2015 - 18:37:20: Server cvar "amx_language" = "ru"
L 04/02/2015 - 18:37:20: Server cvar "amx_nextmap" = "cs_mini_militia"
L 04/02/2015 - 18:37:20: Server cvar "amx_timeleft" = "00:00"
L 04/02/2015 - 18:37:20: Server cvar "amxbans_ssversion" = "Gm 1.6"
L 04/02/2015 - 18:37:20: Server cvar "amxbans_version" = "Gm 1.6"
L 04/02/2015 - 18:37:20: Server cvar "amxmodx_version" = "1.8.1.3746"
L 04/02/2015 - 18:37:20: Server cvar "Colored Translit Cheat" = "Loaded"
L 04/02/2015 - 18:37:20: Server cvar "Colored Translit Config" = "Loaded"
L 04/02/2015 - 18:37:20: Server cvar "Colored Translit Ignores" = "Loaded"
L 04/02/2015 - 18:37:20: Server cvar "Colored Translit Replace" = "Failed"
L 04/02/2015 - 18:37:20: Server cvar "Colored Translit Spam" = "Loaded"
L 04/02/2015 - 18:37:20: Server cvar "Colored Translit Status" = "Loaded"
L 04/02/2015 - 18:37:20: Server cvar "Colored Translit Swear" = "Loaded"
L 04/02/2015 - 18:37:20: Server cvar "Colored Translit Version" = "2.0b Final"
L 04/02/2015 - 18:37:20: Server cvar "coop" = "0"
L 04/02/2015 - 18:37:20: Server cvar "deathmatch" = "1"
L 04/02/2015 - 18:37:20: Server cvar "decalfrequency" = "9"
L 04/02/2015 - 18:37:20: Server cvar "dp_version" = "0.9.391"
L 04/02/2015 - 18:37:20: Server cvar "edgefriction" = "2"
L 04/02/2015 - 18:37:20: Server cvar "hostage_debug" = "0"
L 04/02/2015 - 18:37:20: Server cvar "hostage_stop" = "0"
L 04/02/2015 - 18:37:20: Server cvar "humans_join_team" = "any"
L 04/02/2015 - 18:37:20: Server cvar "jtp10181" = "chute,gore"
L 04/02/2015 - 18:37:20: Server cvar "max_queries_sec" = "3.0"
L 04/02/2015 - 18:37:20: Server cvar "max_queries_sec_global" = "30"
L 04/02/2015 - 18:37:20: Server cvar "max_queries_window" = "60"
L 04/02/2015 - 18:37:20: Server cvar "metamod_version" = "1.19"
L 04/02/2015 - 18:37:20: Server cvar "mp_allowmonsters" = "0"
L 04/02/2015 - 18:37:20: Server cvar "mp_autokick" = "1"
L 04/02/2015 - 18:37:20: Server cvar "mp_autoteambalance" = "1"
L 04/02/2015 - 18:37:20: Server cvar "mp_buytime" = "1.5"
L 04/02/2015 - 18:37:20: Server cvar "mp_c4timer" = "35"
L 04/02/2015 - 18:37:20: Server cvar "mp_chattime" = "1"
L 04/02/2015 - 18:37:20: Server cvar "mp_consistency" = "1"
L 04/02/2015 - 18:37:20: Server cvar "mp_fadetoblack" = "0"
L 04/02/2015 - 18:37:20: Server cvar "mp_flashlight" = "1"
L 04/02/2015 - 18:37:20: Server cvar "mp_footsteps" = "1"
L 04/02/2015 - 18:37:20: Server cvar "mp_forcecamera" = "0"
L 04/02/2015 - 18:37:20: Server cvar "mp_forcechasecam" = "0"
L 04/02/2015 - 18:37:20: Server cvar "mp_fragsleft" = "0"
L 04/02/2015 - 18:37:20: Server cvar "mp_freezetime" = "5"
L 04/02/2015 - 18:37:20: Server cvar "mp_friendlyfire" = "0"
L 04/02/2015 - 18:37:20: Server cvar "mp_ghostfrequency" = "0.1"
L 04/02/2015 - 18:37:20: Server cvar "mp_hostagepenalty" = "0"
L 04/02/2015 - 18:37:20: Server cvar "mp_kickpercent" = "0.66"
L 04/02/2015 - 18:37:20: Server cvar "mp_limitteams" = "5"
L 04/02/2015 - 18:37:20: Server cvar "mp_logdetail" = "3"
L 04/02/2015 - 18:37:20: Server cvar "mp_logfile" = "1"
L 04/02/2015 - 18:37:20: Server cvar "mp_logmessages" = "1"
L 04/02/2015 - 18:37:20: Server cvar "mp_mapvoteratio" = "0.66"
L 04/02/2015 - 18:37:20: Server cvar "mp_maxrounds" = "0"
L 04/02/2015 - 18:37:20: Server cvar "mp_mirrordamage" = "0"
L 04/02/2015 - 18:37:20: Server cvar "mp_playerid" = "0"
L 04/02/2015 - 18:37:20: Server cvar "mp_roundtime" = "2.57"
L 04/02/2015 - 18:37:20: Server cvar "mp_startmoney" = "800"
L 04/02/2015 - 18:37:20: Server cvar "mp_timeleft" = "0"
L 04/02/2015 - 18:37:20: Server cvar "mp_timelimit" = "30.000000"
L 04/02/2015 - 18:37:20: Server cvar "mp_tkpunish" = "1"
L 04/02/2015 - 18:37:20: Server cvar "mp_windifference" = "1"
L 04/02/2015 - 18:37:20: Server cvar "mp_winlimit" = "0"
L 04/02/2015 - 18:37:20: Server cvar "pausable" = "0"
L 04/02/2015 - 18:37:20: Server cvar "sv_accelerate" = "5"
L 04/02/2015 - 18:37:20: Server cvar "sv_aim" = "0"
L 04/02/2015 - 18:37:20: Server cvar "sv_airaccelerate" = "10"
L 04/02/2015 - 18:37:20: Server cvar "sv_airmove" = "1"
L 04/02/2015 - 18:37:20: Server cvar "sv_allowupload" = "1"
L 04/02/2015 - 18:37:20: Server cvar "sv_alltalk" = "0"
L 04/02/2015 - 18:37:20: Server cvar "sv_bounce" = "1"
L 04/02/2015 - 18:37:20: Server cvar "sv_cheats" = "0"
L 04/02/2015 - 18:37:20: Server cvar "sv_clienttrace" = "1"
L 04/02/2015 - 18:37:20: Server cvar "sv_clipmode" = "0"
L 04/02/2015 - 18:37:20: Server cvar "sv_contact" = ""
L 04/02/2015 - 18:37:20: Server cvar "sv_friction" = "4"
L 04/02/2015 - 18:37:20: Server cvar "sv_gravity" = "800"
L 04/02/2015 - 18:37:20: Server cvar "sv_logblocks" = "0"
L 04/02/2015 - 18:37:20: Server cvar "sv_maxrate" = "25000"
L 04/02/2015 - 18:37:20: Server cvar "sv_maxspeed" = "900"
L 04/02/2015 - 18:37:20: Server cvar "sv_minrate" = "100000"
L 04/02/2015 - 18:37:20: Server cvar "sv_password" = ""
L 04/02/2015 - 18:37:20: Server cvar "sv_proxies" = "0"
L 04/02/2015 - 18:37:20: Server cvar "sv_region" = "3"
L 04/02/2015 - 18:37:20: Server cvar "sv_restart" = "0"
L 04/02/2015 - 18:37:20: Server cvar "sv_restartround" = "0"
L 04/02/2015 - 18:37:20: Server cvar "sv_stepsize" = "18"
L 04/02/2015 - 18:37:20: Server cvar "sv_stopspeed" = "75"
L 04/02/2015 - 18:37:20: Server cvar "sv_uploadmax" = "0.5"
L 04/02/2015 - 18:37:20: Server cvar "sv_voiceenable" = "1"
L 04/02/2015 - 18:37:20: Server cvar "sv_wateraccelerate" = "10"
L 04/02/2015 - 18:37:20: Server cvar "sv_waterfriction" = "1"
L 04/02/2015 - 18:37:20: Server cvar "travo_statmarquee" = "v1.2"
L 04/02/2015 - 18:37:20: Server cvar "vtc_version" = "80"
L 04/02/2015 - 18:37:20: Server cvar "wallblocker_version" = "1.0"
L 04/02/2015 - 18:37:20: Server cvars end
L 04/02/2015 - 18:37:21: Server cvar "amx_nextmap" = "awp_india2"
L 04/02/2015 - 18:37:21: Server cvar "sv_restart" = "1"
L 04/02/2015 - 18:37:21: World triggered "Restart_Round_(1_second)"
L 04/02/2015 - 18:37:21: Team "CT" scored "0" with "0" players
L 04/02/2015 - 18:37:21: Team "TERRORIST" scored "0" with "0" players
L 04/02/2015 - 18:37:21: Server cvar "sv_restart" = "0"
L 04/02/2015 - 18:37:21: Started map "cs_mini_militia" (CRC "1776465278")
L 04/02/2015 - 18:37:21: [VTC] Player 3 speex
L 04/02/2015 - 18:37:21: [VTC] Player 7 speex
L 04/02/2015 - 18:37:21: [VTC] Player 5 silk
L 04/02/2015 - 18:37:21: [VTC] Player 2 speex
L 04/02/2015 - 18:37:21: [VTC] Player 1 speex
L 04/02/2015 - 18:37:21: [VTC] Player 4 speex
L 04/02/2015 - 18:37:23: [DPROTO]: Client 1 - Set AuthIdType 3 [dp_RevEmu]; pClient = 0xb39a3dfc
L 04/02/2015 - 18:37:23: "-Stasss-<211><STEAM_0:4:1075290172><>" connected, address "192.162.115.41:43700"
L 04/02/2015 - 18:37:23: [VTC] Player 2 speex
L 04/02/2015 - 18:37:24: [DPROTO]: Client 4 - Set AuthIdType 1 [Native]; pClient = 0xb39b2ad8
L 04/02/2015 - 18:37:24: "Silencio_85<212><STEAM_0:0:102540574><>" connected, address "178.121.141.239:58741"
L 04/02/2015 - 18:37:24: [VTC] Player 5 silk
L 04/02/2015 - 18:37:24: [DPROTO]: Client 6 - Set AuthIdType 3 [dp_RevEmu]; pClient = 0xb39bc8c0
L 04/02/2015 - 18:37:24: "nExT--><213><STEAM_0:4:2114669829><>" connected, address "178.120.74.85:24437"
L 04/02/2015 - 18:37:24: "Silencio_85<212><STEAM_0:0:102540574><>" STEAM USERID validated
L 04/02/2015 - 18:37:24: [VTC] Player 7 speex
L 04/02/2015 - 18:37:26: [DPROTO]: Client 3 - Set AuthIdType 3 [dp_RevEmu]; pClient = 0xb39adbe4
L 04/02/2015 - 18:37:26: "[Hard_Skill]_FaNtoM<214><STEAM_0:4:2032520453><>" connected, address "178.120.23.91:61383"
L 04/02/2015 - 18:37:26: World triggered "Round_Start"
L 04/02/2015 - 18:37:26: [VTC] Player 4 speex
L 04/02/2015 - 18:37:27: "-Stasss-<211><STEAM_0:4:1075290172><>" entered the game
L 04/02/2015 - 18:37:27: "Silencio_85<212><STEAM_0:0:102540574><>" entered the game
L 04/02/2015 - 18:37:29: "nExT--><213><STEAM_0:4:2114669829><>" entered the game
L 04/02/2015 - 18:37:30: "[Hard_Skill]_FaNtoM<214><STEAM_0:4:2032520453><>" entered the game
L 04/02/2015 - 18:37:33: "-Stasss-<211><STEAM_0:4:1075290172><>" joined team "CT"
L 04/02/2015 - 18:37:33: "nExT--><213><STEAM_0:4:2114669829><>" joined team "TERRORIST"
L 04/02/2015 - 18:37:34: World triggered "Game_Commencing"
L 04/02/2015 - 18:37:34: World triggered "Game_Commencing" (CT "0") (T "0")
L 04/02/2015 - 18:37:34: World triggered "Round_End"
L 04/02/2015 - 18:37:42: World triggered "Round_Start"
L 04/02/2015 - 18:37:44: "[Hard_Skill]_FaNtoM<214><STEAM_0:4:2032520453><UNASSIGNED>" triggered "time" (time "0:13")
L 04/02/2015 - 18:37:44: "[Hard_Skill]_FaNtoM<214><STEAM_0:4:2032520453><UNASSIGNED>" triggered "latency" (ping "0")
L 04/02/2015 - 18:37:44: "[Hard_Skill]_FaNtoM<214><STEAM_0:4:2032520453><>" disconnected
L 04/02/2015 - 18:37:44: [DPROTO]: Client 3 - Set AuthIdType 3 [dp_RevEmu]; pClient = 0xb39adbe4
L 04/02/2015 - 18:37:44: "[Hard_Skill]_FaNtoM<215><STEAM_0:4:2032520453><>" connected, address "178.120.23.91:61383"
L 04/02/2015 - 18:37:44: Kick: "[Hard_Skill]_FaNtoM<215><STEAM_0:4:2032520453><>" was kicked by "Console" (message ""Повторное подключение будет доступно через 20 секунд"")
L 04/02/2015 - 18:37:48: [DPROTO]: Client 3 - Set AuthIdType 3 [dp_RevEmu]; pClient = 0xb39adbe4
L 04/02/2015 - 18:37:48: "[Hard_Skill]_FaNtoM<216><STEAM_0:4:2032520453><>" connected, address "178.120.23.91:61383"
L 04/02/2015 - 18:37:48: Kick: "[Hard_Skill]_FaNtoM<216><STEAM_0:4:2032520453><>" was kicked by "Console" (message ""Повторное подключение будет доступно через 16 секунд"")
L 04/02/2015 - 18:37:52: "-Stasss-<211><STEAM_0:4:1075290172><CT>" triggered "Killed_A_Hostage"
L 04/02/2015 - 18:37:54: "-Stasss-<211><STEAM_0:4:1075290172><CT>" attacked "nExT--><213><STEAM_0:4:2114669829><TERRORIST>" with "usp" (damage "28") (damage_armor "0") (health "72") (armor "0")
L 04/02/2015 - 18:37:54: "nExT--><213><STEAM_0:4:2114669829><TERRORIST>" attacked "-Stasss-<211><STEAM_0:4:1075290172><CT>" with "usp" (damage "112") (damage_armor "0") (health "-12") (armor "0")
L 04/02/2015 - 18:37:54: "nExT--><213><STEAM_0:4:2114669829><TERRORIST>" killed "-Stasss-<211><STEAM_0:4:1075290172><CT>" with "usp"
L 04/02/2015 - 18:37:54: Team "TERRORIST" triggered "Terrorists_Win" (CT "0") (T "1")
L 04/02/2015 - 18:37:54: World triggered "Round_End"
L 04/02/2015 - 18:38:04: World triggered "Round_Start"
L 04/02/2015 - 18:38:05: [DPROTO]: Client 3 - Set AuthIdType 3 [dp_RevEmu]; pClient = 0xb39adbe4
L 04/02/2015 - 18:38:05: "[Hard_Skill]_FaNtoM<217><STEAM_0:4:2032520453><>" connected, address "178.120.23.91:61383"
L 04/02/2015 - 18:38:06: [VTC] Player 4 speex
L 04/02/2015 - 18:38:09: "[Hard_Skill]_FaNtoM<217><STEAM_0:4:2032520453><>" entered the game
L 04/02/2015 - 18:38:11: "nExT--><213><STEAM_0:4:2114669829><TERRORIST>" attacked "-Stasss-<211><STEAM_0:4:1075290172><CT>" with "ak47" (damage "35") (damage_armor "0") (health "65") (armor "0")
L 04/02/2015 - 18:38:11: "nExT--><213><STEAM_0:4:2114669829><TERRORIST>" attacked "-Stasss-<211><STEAM_0:4:1075290172><CT>" with "ak47" (damage "140") (damage_armor "0") (health "-75") (armor "0")
L 04/02/2015 - 18:38:11: "nExT--><213><STEAM_0:4:2114669829><TERRORIST>" killed "-Stasss-<211><STEAM_0:4:1075290172><CT>" with "ak47"
L 04/02/2015 - 18:38:11: Team "TERRORIST" triggered "Terrorists_Win" (CT "0") (T "2")
L 04/02/2015 - 18:38:11: World triggered "Round_End"
L 04/02/2015 - 18:38:16: "[Hard_Skill]_FaNtoM<217><STEAM_0:4:2032520453><>" joined team "SPECTATOR"
L 04/02/2015 - 18:38:21: World triggered "Round_Start"
L 04/02/2015 - 18:38:29: "-Stasss-<211><STEAM_0:4:1075290172><CT>" attacked "nExT--><213><STEAM_0:4:2114669829><TERRORIST>" with "mp5navy" (damage "10") (damage_armor "6") (health "90") (armor "94")
L 04/02/2015 - 18:38:30: "-Stasss-<211><STEAM_0:4:1075290172><CT>" attacked "nExT--><213><STEAM_0:4:2114669829><TERRORIST>" with "mp5navy" (damage "10") (damage_armor "5") (health "80") (armor "89")
L 04/02/2015 - 18:38:30: "-Stasss-<211><STEAM_0:4:1075290172><CT>" attacked "nExT--><213><STEAM_0:4:2114669829><TERRORIST>" with "mp5navy" (damage "10") (damage_armor "5") (health "70") (armor "84")
L 04/02/2015 - 18:38:30: "nExT--><213><STEAM_0:4:2114669829><TERRORIST>" attacked "-Stasss-<211><STEAM_0:4:1075290172><CT>" with "usp" (damage "13") (damage_armor "7") (health "87") (armor "93")
L 04/02/2015 - 18:38:32: "nExT--><213><STEAM_0:4:2114669829><TERRORIST>" attacked "-Stasss-<211><STEAM_0:4:1075290172><CT>" with "ak47" (damage "12") (damage_armor "0") (health "75") (armor "93")
L 04/02/2015 - 18:38:34: "nExT--><213><STEAM_0:4:2114669829><TERRORIST>" attacked "-Stasss-<211><STEAM_0:4:1075290172><CT>" with "ak47" (damage "27") (damage_armor "4") (health "48") (armor "89")
L 04/02/2015 - 18:38:34: "-Stasss-<211><STEAM_0:4:1075290172><CT>" attacked "nExT--><213><STEAM_0:4:2114669829><TERRORIST>" with "mp5navy" (damage "88") (damage_armor "0") (health "-18") (armor "84")
L 04/02/2015 - 18:38:34: "-Stasss-<211><STEAM_0:4:1075290172><CT>" killed "nExT--><213><STEAM_0:4:2114669829><TERRORIST>" with "mp5navy"
L 04/02/2015 - 18:38:34: Team "CT" triggered "CTs_Win" (CT "1") (T "2")
L 04/02/2015 - 18:38:34: World triggered "Round_End"
L 04/02/2015 - 18:38:44: World triggered "Round_Start"
L 04/02/2015 - 18:38:52: "nExT--><213><STEAM_0:4:2114669829><TERRORIST>" attacked "-Stasss-<211><STEAM_0:4:1075290172><CT>" with "g3sg1" (damage "63") (damage_armor "7") (health "37") (armor "93")
L 04/02/2015 - 18:38:52: "-Stasss-<211><STEAM_0:4:1075290172><CT>" attacked "nExT--><213><STEAM_0:4:2114669829><TERRORIST>" with "deagle" (damage "40") (damage_armor "0") (health "-9") (armor "0")
L 04/02/2015 - 18:38:52: "-Stasss-<211><STEAM_0:4:1075290172><CT>" killed "nExT--><213><STEAM_0:4:2114669829><TERRORIST>" with "deagle"
L 04/02/2015 - 18:38:52: Team "CT" triggered "CTs_Win" (CT "2") (T "2")
L 04/02/2015 - 18:38:52: World triggered "Round_End"
L 04/02/2015 - 18:38:57: Kick: "-Stasss-<211><STEAM_0:4:1075290172><>" was kicked by "Console" (message ""Извини, но ты лагер :D, попробуй зайти позже"")
L 04/02/2015 - 18:38:57: "-Stasss-<211><STEAM_0:4:1075290172><CT>" triggered "weaponstats" (weapon "grenade") (shots "1") (hits "1") (kills "0") (headshots "0") (tks "0") (damage "69") (deaths "0")
L 04/02/2015 - 18:38:57: "-Stasss-<211><STEAM_0:4:1075290172><CT>" triggered "weaponstats2" (weapon "grenade") (head "0") (chest "0") (stomach "0") (leftarm "0") (rightarm "0") (leftleg "0") (rightleg "0")
L 04/02/2015 - 18:38:57: "-Stasss-<211><STEAM_0:4:1075290172><CT>" triggered "weaponstats" (weapon "usp") (shots "9") (hits "1") (kills "0") (headshots "0") (tks "0") (damage "28") (deaths "2")
L 04/02/2015 - 18:38:57: "-Stasss-<211><STEAM_0:4:1075290172><CT>" triggered "weaponstats2" (weapon "usp") (head "0") (chest "0") (stomach "0") (leftarm "1") (rightarm "0") (leftleg "0") (rightleg "0")
L 04/02/2015 - 18:38:57: "-Stasss-<211><STEAM_0:4:1075290172><CT>" triggered "weaponstats" (weapon "mp5navy") (shots "39") (hits "4") (kills "1") (headshots "1") (tks "0") (damage "118") (deaths "0")
L 04/02/2015 - 18:38:57: "-Stasss-<211><STEAM_0:4:1075290172><CT>" triggered "weaponstats2" (weapon "mp5navy") (head "1") (chest "0") (stomach "0") (leftarm "3") (rightarm "0") (leftleg "0") (rightleg "0")
L 04/02/2015 - 18:38:57: "-Stasss-<211><STEAM_0:4:1075290172><CT>" triggered "weaponstats" (weapon "deagle") (shots "7") (hits "1") (kills "1") (headshots "0") (tks "0") (damage "40") (deaths "0")
L 04/02/2015 - 18:38:57: "-Stasss-<211><STEAM_0:4:1075290172><CT>" triggered "weaponstats2" (weapon "deagle") (head "0") (chest "0") (stomach "0") (leftarm "1") (rightarm "0") (leftleg "0") (rightleg "0")
L 04/02/2015 - 18:38:57: "-Stasss-<211><STEAM_0:4:1075290172><CT>" triggered "time" (time "1:30")
L 04/02/2015 - 18:38:57: "-Stasss-<211><STEAM_0:4:1075290172><CT>" triggered "latency" (ping "87")
L 04/02/2015 - 18:38:57: "-Stasss-<211><STEAM_0:4:1075290172><CT>" disconnected
L 04/02/2015 - 18:39:00: "[Hard_Skill]_FaNtoM<217><STEAM_0:4:2032520453><SPECTATOR>" joined team "CT"
L 04/02/2015 - 18:39:00: World triggered "Game_Commencing"
L 04/02/2015 - 18:39:00: World triggered "Game_Commencing" (CT "2") (T "2")
L 04/02/2015 - 18:39:00: World triggered "Round_End"
L 04/02/2015 - 18:39:08: World triggered "Round_Start"
L 04/02/2015 - 18:39:13: "[Hard_Skill]_FaNtoM<217><STEAM_0:4:2032520453><CT>" attacked "nExT--><213><STEAM_0:4:2114669829><TERRORIST>" with "deagle" (damage "24") (damage_armor "0") (health "76") (armor "0")
L 04/02/2015 - 18:39:13: "nExT--><213><STEAM_0:4:2114669829><TERRORIST>" attacked "[Hard_Skill]_FaNtoM<217><STEAM_0:4:2032520453><CT>" with "deagle" (damage "24") (damage_armor "0") (health "76") (armor "0")
L 04/02/2015 - 18:39:14: "[Hard_Skill]_FaNtoM<217><STEAM_0:4:2032520453><CT>" attacked "nExT--><213><STEAM_0:4:2114669829><TERRORIST>" with "deagle" (damage "24") (damage_armor "0") (health "52") (armor "0")
L 04/02/2015 - 18:39:14: "nExT--><213><STEAM_0:4:2114669829><TERRORIST>" attacked "[Hard_Skill]_FaNtoM<217><STEAM_0:4:2032520453><CT>" with "deagle" (damage "14") (damage_armor "0") (health "62") (armor "0")
L 04/02/2015 - 18:39:20: "nExT--><213><STEAM_0:4:2114669829><TERRORIST>" attacked "[Hard_Skill]_FaNtoM<217><STEAM_0:4:2032520453><CT>" with "deagle" (damage "35") (damage_armor "0") (health "27") (armor "0")
L 04/02/2015 - 18:39:31: "[Hard_Skill]_FaNtoM<217><STEAM_0:4:2032520453><CT>" attacked "nExT--><213><STEAM_0:4:2114669829><TERRORIST>" with "deagle" (damage "45") (damage_armor "0") (health "7") (armor "0")
L 04/02/2015 - 18:39:31: "nExT--><213><STEAM_0:4:2114669829><TERRORIST>" attacked "[Hard_Skill]_FaNtoM<217><STEAM_0:4:2032520453><CT>" with "deagle" (damage "45") (damage_armor "0") (health "-18") (armor "0")
L 04/02/2015 - 18:39:31: "nExT--><213><STEAM_0:4:2114669829><TERRORIST>" killed "[Hard_Skill]_FaNtoM<217><STEAM_0:4:2032520453><CT>" with "deagle"
L 04/02/2015 - 18:39:31: Team "TERRORIST" triggered "Terrorists_Win" (CT "0") (T "1")
L 04/02/2015 - 18:39:31: World triggered "Round_End"
L 04/02/2015 - 18:39:41: World triggered "Round_Start"
L 04/02/2015 - 18:39:54: "nExT--><213><STEAM_0:4:2114669829><TERRORIST>" attacked "[Hard_Skill]_FaNtoM<217><STEAM_0:4:2032520453><CT>" with "ak47" (damage "43") (damage_armor "0") (health "57") (armor "0")
L 04/02/2015 - 18:39:54: "nExT--><213><STEAM_0:4:2114669829><TERRORIST>" attacked "[Hard_Skill]_FaNtoM<217><STEAM_0:4:2032520453><CT>" with "ak47" (damage "43") (damage_armor "0") (health "14") (armor "0")
L 04/02/2015 - 18:39:54: "nExT--><213><STEAM_0:4:2114669829><TERRORIST>" attacked "[Hard_Skill]_FaNtoM<217><STEAM_0:4:2032520453><CT>" with "ak47" (damage "35") (damage_armor "0") (health "-21") (armor "0")
L 04/02/2015 - 18:39:54: "nExT--><213><STEAM_0:4:2114669829><TERRORIST>" killed "[Hard_Skill]_FaNtoM<217><STEAM_0:4:2032520453><CT>" with "ak47"
L 04/02/2015 - 18:39:54: Team "TERRORIST" triggered "Terrorists_Win" (CT "0") (T "2")
L 04/02/2015 - 18:39:54: World triggered "Round_End"
L 04/02/2015 - 18:40:04: World triggered "Round_Start"
L 04/02/2015 - 18:40:06: [DPROTO]: Client 0 - Set AuthIdType 1 [dp_SteamEmu]; pClient = 0xb399ef08
L 04/02/2015 - 18:40:06: "DiGi0n<WOT>____10puk<218><STEAM_0:0:2109542054><>" connected, address "178.120.14.17:47959"
L 04/02/2015 - 18:40:06: [VTC] Player 1 speex
L 04/02/2015 - 18:40:10: "[Hard_Skill]_FaNtoM<217><STEAM_0:4:2032520453><CT>" attacked "nExT--><213><STEAM_0:4:2114669829><TERRORIST>" with "mp5navy" (damage "9") (damage_armor "5") (health "91") (armor "95")
L 04/02/2015 - 18:40:11: "[Hard_Skill]_FaNtoM<217><STEAM_0:4:2032520453><CT>" attacked "nExT--><213><STEAM_0:4:2114669829><TERRORIST>" with "mp5navy" (damage "9") (damage_armor "5") (health "82") (armor "90")
L 04/02/2015 - 18:40:16: "[Hard_Skill]_FaNtoM<217><STEAM_0:4:2032520453><CT>" attacked "nExT--><213><STEAM_0:4:2114669829><TERRORIST>" with "mp5navy" (damage "10") (damage_armor "5") (health "72") (armor "85")
L 04/02/2015 - 18:40:16: "[Hard_Skill]_FaNtoM<217><STEAM_0:4:2032520453><CT>" attacked "nExT--><213><STEAM_0:4:2114669829><TERRORIST>" with "mp5navy" (damage "15") (damage_armor "0") (health "57") (armor "85")
L 04/02/2015 - 18:40:16: "[Hard_Skill]_FaNtoM<217><STEAM_0:4:2032520453><CT>" attacked "nExT--><213><STEAM_0:4:2114669829><TERRORIST>" with "mp5navy" (damage "10") (damage_armor "5") (health "47") (armor "80")
L 04/02/2015 - 18:40:17: [DPROTO]: Client 0 - Set AuthIdType 1 [dp_SteamEmu]; pClient = 0xb399ef08
L 04/02/2015 - 18:40:17: "DiGi0n<WOT>____10puk<219><STEAM_0:0:2109542054><>" connected, address "178.120.14.17:47959"
L 04/02/2015 - 18:40:17: [VTC] Player 1 speex
L 04/02/2015 - 18:40:19: "[Hard_Skill]_FaNtoM<217><STEAM_0:4:2032520453><CT>" attacked "nExT--><213><STEAM_0:4:2114669829><TERRORIST>" with "mp5navy" (damage "11") (damage_armor "5") (health "36") (armor "75")
L 04/02/2015 - 18:40:19: "[Hard_Skill]_FaNtoM<217><STEAM_0:4:2032520453><CT>" attacked "nExT--><213><STEAM_0:4:2114669829><TERRORIST>" with "mp5navy" (damage "11") (damage_armor "6") (health "25") (armor "69")
L 04/02/2015 - 18:40:20: "[Hard_Skill]_FaNtoM<217><STEAM_0:4:2032520453><CT>" attacked "nExT--><213><STEAM_0:4:2114669829><TERRORIST>" with "mp5navy" (damage "11") (damage_armor "5") (health "14") (armor "64")
L 04/02/2015 - 18:40:22: "nExT--><213><STEAM_0:4:2114669829><TERRORIST>" attacked "[Hard_Skill]_FaNtoM<217><STEAM_0:4:2032520453><CT>" with "deagle" (damage "172") (damage_armor "0") (health "-72") (armor "0")
L 04/02/2015 - 18:40:22: "nExT--><213><STEAM_0:4:2114669829><TERRORIST>" killed "[Hard_Skill]_FaNtoM<217><STEAM_0:4:2032520453><CT>" with "deagle"
L 04/02/2015 - 18:40:22: Team "TERRORIST" triggered "Terrorists_Win" (CT "0") (T "3")
L 04/02/2015 - 18:40:22: World triggered "Round_End"
L 04/02/2015 - 18:40:32: World triggered "Round_Start"
L 04/02/2015 - 18:40:36: "nExT--><213><STEAM_0:4:2114669829><TERRORIST>" attacked "[Hard_Skill]_FaNtoM<217><STEAM_0:4:2032520453><CT>" with "ak47" (damage "136") (damage_armor "0") (health "-36") (armor "0")
L 04/02/2015 - 18:40:36: "nExT--><213><STEAM_0:4:2114669829><TERRORIST>" killed "[Hard_Skill]_FaNtoM<217><STEAM_0:4:2032520453><CT>" with "ak47"
L 04/02/2015 - 18:40:36: Team "TERRORIST" triggered "Terrorists_Win" (CT "0") (T "4")
L 04/02/2015 - 18:40:36: World triggered "Round_End"
L 04/02/2015 - 18:40:37: "DiGi0n<WOT>____10puk<219><STEAM_0:0:2109542054><>" entered the game
L 04/02/2015 - 18:40:46: World triggered "Round_Start"
L 04/02/2015 - 18:40:53: "[Hard_Skill]_FaNtoM<217><STEAM_0:4:2032520453><CT>" attacked "nExT--><213><STEAM_0:4:2114669829><TERRORIST>" with "famas" (damage "18") (damage_armor "4") (health "82") (armor "60")
L 04/02/2015 - 18:40:54: "[Hard_Skill]_FaNtoM<217><STEAM_0:4:2032520453><CT>" attacked "nExT--><213><STEAM_0:4:2114669829><TERRORIST>" with "famas" (damage "21") (damage_armor "5") (health "61") (armor "55")
L 04/02/2015 - 18:40:54: "nExT--><213><STEAM_0:4:2114669829><TERRORIST>" attacked "[Hard_Skill]_FaNtoM<217><STEAM_0:4:2032520453><CT>" with "ak47" (damage "34") (damage_armor "0") (health "66") (armor "0")
L 04/02/2015 - 18:40:54: "[Hard_Skill]_FaNtoM<217><STEAM_0:4:2032520453><CT>" attacked "nExT--><213><STEAM_0:4:2114669829><TERRORIST>" with "famas" (damage "18") (damage_armor "4") (health "43") (armor "51")
L 04/02/2015 - 18:40:54: "[Hard_Skill]_FaNtoM<217><STEAM_0:4:2032520453><CT>" attacked "nExT--><213><STEAM_0:4:2114669829><TERRORIST>" with "famas" (damage "20") (damage_armor "0") (health "23") (armor "51")
L 04/02/2015 - 18:40:54: "nExT--><213><STEAM_0:4:2114669829><TERRORIST>" attacked "[Hard_Skill]_FaNtoM<217><STEAM_0:4:2032520453><CT>" with "ak47" (damage "136") (damage_armor "0") (health "-70") (armor "0")
L 04/02/2015 - 18:40:54: "nExT--><213><STEAM_0:4:2114669829><TERRORIST>" killed "[Hard_Skill]_FaNtoM<217><STEAM_0:4:2032520453><CT>" with "ak47"
L 04/02/2015 - 18:40:54: Team "TERRORIST" triggered "Terrorists_Win" (CT "0") (T "5")
L 04/02/2015 - 18:40:54: World triggered "Round_End"
L 04/02/2015 - 18:41:04: World triggered "Round_Start"
L 04/02/2015 - 18:41:17: "nExT--><213><STEAM_0:4:2114669829><TERRORIST>" attacked "[Hard_Skill]_FaNtoM<217><STEAM_0:4:2032520453><CT>" with "ak47" (damage "35") (damage_armor "0") (health "65") (armor "0")
L 04/02/2015 - 18:41:17: "[Hard_Skill]_FaNtoM<217><STEAM_0:4:2032520453><CT>" attacked "nExT--><213><STEAM_0:4:2114669829><TERRORIST>" with "m4a1" (damage "9") (damage_armor "2") (health "91") (armor "49")
L 04/02/2015 - 18:41:17: "nExT--><213><STEAM_0:4:2114669829><TERRORIST>" attacked "[Hard_Skill]_FaNtoM<217><STEAM_0:4:2032520453><CT>" with "ak47" (damage "20") (damage_armor "0") (health "45") (armor "0")
L 04/02/2015 - 18:41:17: "nExT--><213><STEAM_0:4:2114669829><TERRORIST>" attacked "[Hard_Skill]_FaNtoM<217><STEAM_0:4:2032520453><CT>" with "ak47" (damage "20") (damage_armor "0") (health "25") (armor "0")
L 04/02/2015 - 18:41:19: "[Hard_Skill]_FaNtoM<217><STEAM_0:4:2032520453><CT>" attacked "nExT--><213><STEAM_0:4:2114669829><TERRORIST>" with "m4a1" (damage "68") (damage_armor "0") (health "23") (armor "49")
L 04/02/2015 - 18:41:23: "[Hard_Skill]_FaNtoM<217><STEAM_0:4:2032520453><CT>" attacked "nExT--><213><STEAM_0:4:2114669829><TERRORIST>" with "m4a1" (damage "12") (damage_armor "3") (health "11") (armor "46")
L 04/02/2015 - 18:41:29: "[Hard_Skill]_FaNtoM<217><STEAM_0:4:2032520453><CT>" attacked "nExT--><213><STEAM_0:4:2114669829><TERRORIST>" with "m4a1" (damage "21") (damage_armor "4") (health "-10") (armor "42")
L 04/02/2015 - 18:41:29: "[Hard_Skill]_FaNtoM<217><STEAM_0:4:2032520453><CT>" killed "nExT--><213><STEAM_0:4:2114669829><TERRORIST>" with "m4a1"
L 04/02/2015 - 18:41:29: Team "CT" triggered "CTs_Win" (CT "1") (T "5")
L 04/02/2015 - 18:41:29: World triggered "Round_End"
L 04/02/2015 - 18:41:39: World triggered "Round_Start"
L 04/02/2015 - 18:41:43: "[Hard_Skill]_FaNtoM<217><STEAM_0:4:2032520453><CT>" attacked "nExT--><213><STEAM_0:4:2114669829><TERRORIST>" with "ak47" (damage "136") (damage_armor "0") (health "-36") (armor "0")
L 04/02/2015 - 18:41:43: "[Hard_Skill]_FaNtoM<217><STEAM_0:4:2032520453><CT>" killed "nExT--><213><STEAM_0:4:2114669829><TERRORIST>" with "ak47"
L 04/02/2015 - 18:41:43: Team "CT" triggered "CTs_Win" (CT "2") (T "5")
L 04/02/2015 - 18:41:43: World triggered "Round_End"
L 04/02/2015 - 18:41:53: World triggered "Round_Start"
L 04/02/2015 - 18:41:57: "nExT--><213><STEAM_0:4:2114669829><TERRORIST>" attacked "[Hard_Skill]_FaNtoM<217><STEAM_0:4:2032520453><CT>" with "awp" (damage "444") (damage_armor "0") (health "-344") (armor "0")
L 04/02/2015 - 18:41:57: "nExT--><213><STEAM_0:4:2114669829><TERRORIST>" killed "[Hard_Skill]_FaNtoM<217><STEAM_0:4:2032520453><CT>" with "awp"
L 04/02/2015 - 18:41:57: Team "TERRORIST" triggered "Terrorists_Win" (CT "2") (T "6")
L 04/02/2015 - 18:41:57: World triggered "Round_End"
L 04/02/2015 - 18:42:06: "DiGi0n<WOT>____10puk<219><STEAM_0:0:2109542054><UNASSIGNED>" triggered "time" (time "1:29")
L 04/02/2015 - 18:42:06: "DiGi0n<WOT>____10puk<219><STEAM_0:0:2109542054><UNASSIGNED>" triggered "latency" (ping "60")
L 04/02/2015 - 18:42:06: "DiGi0n<WOT>____10puk<219><STEAM_0:0:2109542054><>" disconnected
L 04/02/2015 - 18:42:07: World triggered "Round_Start"
L 04/02/2015 - 18:42:22: "[Hard_Skill]_FaNtoM<217><STEAM_0:4:2032520453><CT>" triggered "Killed_A_Hostage"
L 04/02/2015 - 18:42:33: [DPROTO]: Client 0 - Set AuthIdType 3 [dp_RevEmu]; pClient = 0xb399ef08
L 04/02/2015 - 18:42:33: "SoHeib 01 ( H ) ( BoYkA )<220><STEAM_0:4:1588184424><>" connected, address "105.104.15.20:27005"
L 04/02/2015 - 18:42:34: [VTC] Player 1 speex
L 04/02/2015 - 18:42:38: "[Hard_Skill]_FaNtoM<217><STEAM_0:4:2032520453><CT>" attacked "nExT--><213><STEAM_0:4:2114669829><TERRORIST>" with "awp" (damage "264") (damage_armor "0") (health "-164") (armor "0")
L 04/02/2015 - 18:42:38: "[Hard_Skill]_FaNtoM<217><STEAM_0:4:2032520453><CT>" killed "nExT--><213><STEAM_0:4:2114669829><TERRORIST>" with "awp"
L 04/02/2015 - 18:42:38: Team "CT" triggered "CTs_Win" (CT "3") (T "6")
L 04/02/2015 - 18:42:38: World triggered "Round_End"
L 04/02/2015 - 18:42:38: "Silencio_85<212><STEAM_0:0:102540574><>" triggered "Game_idle_kick" (auto)
L 04/02/2015 - 18:42:38: Kick: "Silencio_85<212><STEAM_0:0:102540574><>" was kicked by "Console"
L 04/02/2015 - 18:42:38: "Silencio_85<212><STEAM_0:0:102540574><UNASSIGNED>" triggered "time" (time "5:10")
L 04/02/2015 - 18:42:38: "Silencio_85<212><STEAM_0:0:102540574><UNASSIGNED>" triggered "latency" (ping "48")
L 04/02/2015 - 18:42:38: "Silencio_85<212><STEAM_0:0:102540574><>" disconnected
L 04/02/2015 - 18:42:48: World triggered "Round_Start"
L 04/02/2015 - 18:42:52: "nExT--><213><STEAM_0:4:2114669829><TERRORIST>" attacked "[Hard_Skill]_FaNtoM<217><STEAM_0:4:2032520453><CT>" with "ak47" (damage "136") (damage_armor "0") (health "-36") (armor "0")
L 04/02/2015 - 18:42:52: "nExT--><213><STEAM_0:4:2114669829><TERRORIST>" killed "[Hard_Skill]_FaNtoM<217><STEAM_0:4:2032520453><CT>" with "ak47"
L 04/02/2015 - 18:42:52: Team "TERRORIST" triggered "Terrorists_Win" (CT "3") (T "7")
L 04/02/2015 - 18:42:52: World triggered "Round_End"
L 04/02/2015 - 18:43:02: World triggered "Round_Start"
L 04/02/2015 - 18:43:07: "nExT--><213><STEAM_0:4:2114669829><TERRORIST>" attacked "[Hard_Skill]_FaNtoM<217><STEAM_0:4:2032520453><CT>" with "ak47" (damage "26") (damage_armor "4") (health "74") (armor "96")
L 04/02/2015 - 18:43:07: "nExT--><213><STEAM_0:4:2114669829><TERRORIST>" attacked "[Hard_Skill]_FaNtoM<217><STEAM_0:4:2032520453><CT>" with "ak47" (damage "26") (damage_armor "4") (health "48") (armor "92")
L 04/02/2015 - 18:43:07: "nExT--><213><STEAM_0:4:2114669829><TERRORIST>" attacked "[Hard_Skill]_FaNtoM<217><STEAM_0:4:2032520453><CT>" with "ak47" (damage "26") (damage_armor "4") (health "22") (armor "88")
L 04/02/2015 - 18:43:11: "[Hard_Skill]_FaNtoM<217><STEAM_0:4:2032520453><CT>" attacked "nExT--><213><STEAM_0:4:2114669829><TERRORIST>" with "m4a1" (damage "9") (damage_armor "3") (health "91") (armor "97")
L 04/02/2015 - 18:43:13: "nExT--><213><STEAM_0:4:2114669829><TERRORIST>" attacked "[Hard_Skill]_FaNtoM<217><STEAM_0:4:2032520453><CT>" with "deagle" (damage "27") (damage_armor "4") (health "-5") (armor "84")
L 04/02/2015 - 18:43:13: "nExT--><213><STEAM_0:4:2114669829><TERRORIST>" killed "[Hard_Skill]_FaNtoM<217><STEAM_0:4:2032520453><CT>" with "deagle"
L 04/02/2015 - 18:43:13: Team "TERRORIST" triggered "Terrorists_Win" (CT "3") (T "8")
L 04/02/2015 - 18:43:13: World triggered "Round_End"
L 04/02/2015 - 18:43:21: [DPROTO]: Client 0 - Set AuthIdType 3 [dp_RevEmu]; pClient = 0xb399ef08
L 04/02/2015 - 18:43:21: "ANGELuHA<221><STEAM_0:4:1018023685><>" connected, address "178.124.7.208:27005"
L 04/02/2015 - 18:43:21: [VTC] Player 1 speex
L 04/02/2015 - 18:43:23: World triggered "Round_Start"
L 04/02/2015 - 18:43:26: [DPROTO]: Client 0 - Set AuthIdType 3 [dp_RevEmu]; pClient = 0xb399ef08
L 04/02/2015 - 18:43:26: "ANGELuHA<222><STEAM_0:4:1018023685><>" connected, address "178.124.7.208:27005"
L 04/02/2015 - 18:43:26: [VTC] Player 1 speex
L 04/02/2015 - 18:43:31: "ANGELuHA<222><STEAM_0:4:1018023685><>" entered the game
L 04/02/2015 - 18:43:45: "ANGELuHA<222><STEAM_0:4:1018023685><UNASSIGNED>" triggered "time" (time "0:14")
L 04/02/2015 - 18:43:45: "ANGELuHA<222><STEAM_0:4:1018023685><UNASSIGNED>" triggered "latency" (ping "0")
L 04/02/2015 - 18:43:45: "ANGELuHA<222><STEAM_0:4:1018023685><>" disconnected
L 04/02/2015 - 18:43:46: [DPROTO]: Client 0 - Set AuthIdType 3 [dp_RevEmu]; pClient = 0xb399ef08
L 04/02/2015 - 18:43:46: "ANGELuHA<223><STEAM_0:4:1018023685><>" connected, address "178.124.7.208:27005"
L 04/02/2015 - 18:43:46: [VTC] Player 1 speex
L 04/02/2015 - 18:43:49: "ANGELuHA<223><STEAM_0:4:1018023685><>" entered the game
L 04/02/2015 - 18:43:56: "ANGELuHA<223><STEAM_0:4:1018023685><>" joined team "SPECTATOR"
L 04/02/2015 - 18:44:11: "nExT--><213><STEAM_0:4:2114669829><TERRORIST>" attacked "[Hard_Skill]_FaNtoM<217><STEAM_0:4:2032520453><CT>" with "m4a1" (damage "32") (damage_armor "0") (health "68") (armor "0")
L 04/02/2015 - 18:44:11: "nExT--><213><STEAM_0:4:2114669829><TERRORIST>" attacked "[Hard_Skill]_FaNtoM<217><STEAM_0:4:2032520453><CT>" with "m4a1" (damage "128") (damage_armor "0") (health "-60") (armor "0")
L 04/02/2015 - 18:44:11: "nExT--><213><STEAM_0:4:2114669829><TERRORIST>" killed "[Hard_Skill]_FaNtoM<217><STEAM_0:4:2032520453><CT>" with "m4a1"
L 04/02/2015 - 18:44:11: Team "TERRORIST" triggered "Terrorists_Win" (CT "3") (T "9")
L 04/02/2015 - 18:44:11: World triggered "Round_End"
L 04/02/2015 - 18:44:20: "ANGELuHA<223><STEAM_0:4:1018023685><SPECTATOR>" triggered "time" (time "0:30")
L 04/02/2015 - 18:44:20: "ANGELuHA<223><STEAM_0:4:1018023685><SPECTATOR>" triggered "latency" (ping "3")
L 04/02/2015 - 18:44:20: "ANGELuHA<223><STEAM_0:4:1018023685><SPECTATOR>" disconnected
L 04/02/2015 - 18:44:20: [DPROTO]: Client 0 - Set AuthIdType 3 [dp_RevEmu]; pClient = 0xb399ef08
L 04/02/2015 - 18:44:20: "ANGELuHA<224><STEAM_0:4:1018023685><>" connected, address "178.124.7.208:27005"
L 04/02/2015 - 18:44:20: [VTC] Player 1 speex
L 04/02/2015 - 18:44:21: World triggered "Round_Start"
L 04/02/2015 - 18:44:24: "ANGELuHA<224><STEAM_0:4:1018023685><>" entered the game
L 04/02/2015 - 18:44:27: "[Hard_Skill]_FaNtoM<217><STEAM_0:4:2032520453><CT>" attacked "nExT--><213><STEAM_0:4:2114669829><TERRORIST>" with "famas" (damage "47") (damage_armor "10") (health "27") (armor "74")
L 04/02/2015 - 18:44:27: "[Hard_Skill]_FaNtoM<217><STEAM_0:4:2032520453><CT>" attacked "nExT--><213><STEAM_0:4:2114669829><TERRORIST>" with "famas" (damage "42") (damage_armor "9") (health "-15") (armor "65")
L 04/02/2015 - 18:44:27: "[Hard_Skill]_FaNtoM<217><STEAM_0:4:2032520453><CT>" killed "nExT--><213><STEAM_0:4:2114669829><TERRORIST>" with "famas"
L 04/02/2015 - 18:44:27: Team "CT" triggered "CTs_Win" (CT "4") (T "9")
L 04/02/2015 - 18:44:27: World triggered "Round_End"
L 04/02/2015 - 18:44:37: World triggered "Round_Start"
L 04/02/2015 - 18:44:40: "ANGELuHA<224><STEAM_0:4:1018023685><>" joined team "SPECTATOR"
L 04/02/2015 - 18:44:41: "[Hard_Skill]_FaNtoM<217><STEAM_0:4:2032520453><CT>" attacked "nExT--><213><STEAM_0:4:2114669829><TERRORIST>" with "famas" (damage "22") (damage_armor "5") (health "78") (armor "95")
L 04/02/2015 - 18:44:47: "[Hard_Skill]_FaNtoM<217><STEAM_0:4:2032520453><CT>" attacked "nExT--><213><STEAM_0:4:2114669829><TERRORIST>" with "famas" (damage "21") (damage_armor "0") (health "57") (armor "95")
L 04/02/2015 - 18:44:49: "[Hard_Skill]_FaNtoM<217><STEAM_0:4:2032520453><CT>" attacked "nExT--><213><STEAM_0:4:2114669829><TERRORIST>" with "famas" (damage "86") (damage_armor "19") (health "-29") (armor "76")
L 04/02/2015 - 18:44:49: "[Hard_Skill]_FaNtoM<217><STEAM_0:4:2032520453><CT>" killed "nExT--><213><STEAM_0:4:2114669829><TERRORIST>" with "famas"
L 04/02/2015 - 18:44:49: Team "CT" triggered "CTs_Win" (CT "5") (T "9")
L 04/02/2015 - 18:44:49: World triggered "Round_End"
L 04/02/2015 - 18:44:59: World triggered "Round_Start"
L 04/02/2015 - 18:45:06: "nExT--><213><STEAM_0:4:2114669829><TERRORIST>" attacked "[Hard_Skill]_FaNtoM<217><STEAM_0:4:2032520453><CT>" with "ak47" (damage "136") (damage_armor "0") (health "-36") (armor "0")
L 04/02/2015 - 18:45:06: "nExT--><213><STEAM_0:4:2114669829><TERRORIST>" killed "[Hard_Skill]_FaNtoM<217><STEAM_0:4:2032520453><CT>" with "ak47"
L 04/02/2015 - 18:45:06: Team "TERRORIST" triggered "Terrorists_Win" (CT "5") (T "10")
L 04/02/2015 - 18:45:06: World triggered "Round_End"
L 04/02/2015 - 18:45:16: World triggered "Round_Start"
L 04/02/2015 - 18:45:24: "ANGELuHA<224><STEAM_0:4:1018023685><SPECTATOR>" triggered "time" (time "1:00")
L 04/02/2015 - 18:45:24: "ANGELuHA<224><STEAM_0:4:1018023685><SPECTATOR>" triggered "latency" (ping "27")
L 04/02/2015 - 18:45:24: "ANGELuHA<224><STEAM_0:4:1018023685><SPECTATOR>" disconnected
L 04/02/2015 - 18:45:28: "nExT--><213><STEAM_0:4:2114669829><TERRORIST>" attacked "[Hard_Skill]_FaNtoM<217><STEAM_0:4:2032520453><CT>" with "ak47" (damage "16") (damage_armor "0") (health "84") (armor "0")
L 04/02/2015 - 18:45:32: "nExT--><213><STEAM_0:4:2114669829><TERRORIST>" attacked "[Hard_Skill]_FaNtoM<217><STEAM_0:4:2032520453><CT>" with "deagle" (damage "49") (damage_armor "0") (health "35") (armor "0")
L 04/02/2015 - 18:45:33: "nExT--><213><STEAM_0:4:2114669829><TERRORIST>" attacked "[Hard_Skill]_FaNtoM<217><STEAM_0:4:2032520453><CT>" with "deagle" (damage "196") (damage_armor "0") (health "-161") (armor "0")
L 04/02/2015 - 18:45:33: "nExT--><213><STEAM_0:4:2114669829><TERRORIST>" killed "[Hard_Skill]_FaNtoM<217><STEAM_0:4:2032520453><CT>" with "deagle"
L 04/02/2015 - 18:45:33: Team "TERRORIST" triggered "Terrorists_Win" (CT "5") (T "11")
L 04/02/2015 - 18:45:33: World triggered "Round_End"
L 04/02/2015 - 18:45:43: World triggered "Round_Start"
L 04/02/2015 - 18:46:04: "nExT--><213><STEAM_0:4:2114669829><TERRORIST>" attacked "[Hard_Skill]_FaNtoM<217><STEAM_0:4:2032520453><CT>" with "ak47" (damage "108") (damage_armor "16") (health "-8") (armor "84")
L 04/02/2015 - 18:46:04: "nExT--><213><STEAM_0:4:2114669829><TERRORIST>" killed "[Hard_Skill]_FaNtoM<217><STEAM_0:4:2032520453><CT>" with "ak47"
L 04/02/2015 - 18:46:04: Team "TERRORIST" triggered "Terrorists_Win" (CT "5") (T "12")
L 04/02/2015 - 18:46:04: World triggered "Round_End"
L 04/02/2015 - 18:46:14: World triggered "Round_Start"
L 04/02/2015 - 18:46:18: "[Hard_Skill]_FaNtoM<217><STEAM_0:4:2032520453><CT>" attacked "nExT--><213><STEAM_0:4:2114669829><TERRORIST>" with "awp" (damage "108") (damage_armor "1") (health "-8") (armor "82")
L 04/02/2015 - 18:46:18: "[Hard_Skill]_FaNtoM<217><STEAM_0:4:2032520453><CT>" killed "nExT--><213><STEAM_0:4:2114669829><TERRORIST>" with "awp"
L 04/02/2015 - 18:46:18: Team "CT" triggered "CTs_Win" (CT "6") (T "12")
L 04/02/2015 - 18:46:18: World triggered "Round_End"
L 04/02/2015 - 18:46:28: World triggered "Round_Start"
L 04/02/2015 - 18:46:45: "nExT--><213><STEAM_0:4:2114669829><TERRORIST>" attacked "[Hard_Skill]_FaNtoM<217><STEAM_0:4:2032520453><CT>" with "deagle" (damage "51") (damage_armor "0") (health "49") (armor "0")
L 04/02/2015 - 18:46:45: "nExT--><213><STEAM_0:4:2114669829><TERRORIST>" attacked "[Hard_Skill]_FaNtoM<217><STEAM_0:4:2032520453><CT>" with "deagle" (damage "52") (damage_armor "0") (health "-3") (armor "0")
L 04/02/2015 - 18:46:45: "nExT--><213><STEAM_0:4:2114669829><TERRORIST>" killed "[Hard_Skill]_FaNtoM<217><STEAM_0:4:2032520453><CT>" with "deagle"
L 04/02/2015 - 18:46:45: Team "TERRORIST" triggered "Terrorists_Win" (CT "6") (T "13")
L 04/02/2015 - 18:46:45: World triggered "Round_End"
L 04/02/2015 - 18:46:55: World triggered "Round_Start"
L 04/02/2015 - 18:47:05: "[Hard_Skill]_FaNtoM<217><STEAM_0:4:2032520453><CT>" attacked "nExT--><213><STEAM_0:4:2114669829><TERRORIST>" with "awp" (damage "112") (damage_armor "0") (health "-12") (armor "0")
L 04/02/2015 - 18:47:05: "[Hard_Skill]_FaNtoM<217><STEAM_0:4:2032520453><CT>" killed "nExT--><213><STEAM_0:4:2114669829><TERRORIST>" with "awp"
L 04/02/2015 - 18:47:05: Team "CT" triggered "CTs_Win" (CT "7") (T "13")
L 04/02/2015 - 18:47:05: World triggered "Round_End"
L 04/02/2015 - 18:47:06: [DPROTO]: Client 0 - Set AuthIdType 1 [dp_SteamEmu]; pClient = 0xb399ef08
L 04/02/2015 - 18:47:06: "DiGi0n<WOT>____10puk<225><STEAM_0:0:2109542054><>" connected, address "178.120.14.17:52530"
L 04/02/2015 - 18:47:06: [VTC] Player 1 speex
L 04/02/2015 - 18:47:14: "[Hard_Skill]_FaNtoM<217><STEAM_0:4:2032520453><CT>" committed suicide with "worldspawn" (world)
L 04/02/2015 - 18:47:14: Team "TERRORIST" triggered "Terrorists_Win" (CT "7") (T "14")
L 04/02/2015 - 18:47:14: World triggered "Round_End"
L 04/02/2015 - 18:47:14: "DiGi0n<WOT>____10puk<225><STEAM_0:0:2109542054><>" entered the game
L 04/02/2015 - 18:47:15: World triggered "Round_Start"
L 04/02/2015 - 18:47:24: World triggered "Round_Start"
L 04/02/2015 - 18:47:29: "DiGi0n<WOT>____10puk<225><STEAM_0:0:2109542054><UNASSIGNED>" triggered "time" (time "0:14")
L 04/02/2015 - 18:47:29: "DiGi0n<WOT>____10puk<225><STEAM_0:0:2109542054><UNASSIGNED>" triggered "latency" (ping "0")
L 04/02/2015 - 18:47:29: "DiGi0n<WOT>____10puk<225><STEAM_0:0:2109542054><>" disconnected
L 04/02/2015 - 18:47:29: [DPROTO]: Client 0 - Set AuthIdType 1 [dp_SteamEmu]; pClient = 0xb399ef08
L 04/02/2015 - 18:47:29: "DiGi0n<WOT>____10puk<226><STEAM_0:0:2109542054><>" connected, address "178.120.14.17:52530"
L 04/02/2015 - 18:47:29: [VTC] Player 1 speex
L 04/02/2015 - 18:47:29: Kick: "DiGi0n<WOT>____10puk<226><STEAM_0:0:2109542054><>" was kicked by "Console" (message ""Повторное подключение будет доступно через 19 секунд"")
L 04/02/2015 - 18:47:40: "[Hard_Skill]_FaNtoM<217><STEAM_0:4:2032520453><CT>" attacked "nExT--><213><STEAM_0:4:2114669829><TERRORIST>" with "usp" (damage "26") (damage_armor "0") (health "74") (armor "0")
L 04/02/2015 - 18:47:40: "nExT--><213><STEAM_0:4:2114669829><TERRORIST>" attacked "[Hard_Skill]_FaNtoM<217><STEAM_0:4:2032520453><CT>" with "deagle" (damage "42") (damage_armor "0") (health "58") (armor "0")
L 04/02/2015 - 18:47:40: "nExT--><213><STEAM_0:4:2114669829><TERRORIST>" attacked "[Hard_Skill]_FaNtoM<217><STEAM_0:4:2032520453><CT>" with "deagle" (damage "43") (damage_armor "0") (health "15") (armor "0")
L 04/02/2015 - 18:47:40: "nExT--><213><STEAM_0:4:2114669829><TERRORIST>" attacked "[Hard_Skill]_FaNtoM<217><STEAM_0:4:2032520453><CT>" with "deagle" (damage "31") (damage_armor "0") (health "-16") (armor "0")
L 04/02/2015 - 18:47:40: "nExT--><213><STEAM_0:4:2114669829><TERRORIST>" killed "[Hard_Skill]_FaNtoM<217><STEAM_0:4:2032520453><CT>" with "deagle"
L 04/02/2015 - 18:47:40: Team "TERRORIST" triggered "Terrorists_Win" (CT "7") (T "15")
L 04/02/2015 - 18:47:40: World triggered "Round_End"
L 04/02/2015 - 18:47:43: [DPROTO]: Client 0 - Set AuthIdType 1 [dp_SteamEmu]; pClient = 0xb399ef08
L 04/02/2015 - 18:47:43: "DiGi0n<WOT>____10puk<227><STEAM_0:0:2109542054><>" connected, address "178.120.14.17:52530"
L 04/02/2015 - 18:47:43: [VTC] Player 1 speex
L 04/02/2015 - 18:47:43: Kick: "DiGi0n<WOT>____10puk<227><STEAM_0:0:2109542054><>" was kicked by "Console" (message ""Повторное подключение будет доступно через 6 секунд"")
L 04/02/2015 - 18:47:46: [DPROTO]: Client 0 - Set AuthIdType 1 [dp_SteamEmu]; pClient = 0xb399ef08
L 04/02/2015 - 18:47:46: "DiGi0n<WOT>____10puk<228><STEAM_0:0:2109542054><>" connected, address "178.120.14.17:52530"
L 04/02/2015 - 18:47:46: [VTC] Player 1 speex
L 04/02/2015 - 18:47:46: Kick: "DiGi0n<WOT>____10puk<228><STEAM_0:0:2109542054><>" was kicked by "Console" (message ""Повторное подключение будет доступно через 3 секунд"")
L 04/02/2015 - 18:47:50: World triggered "Round_Start"
L 04/02/2015 - 18:47:50: [DPROTO]: Client 0 - Set AuthIdType 1 [dp_SteamEmu]; pClient = 0xb399ef08
L 04/02/2015 - 18:47:50: "DiGi0n<WOT>____10puk<229><STEAM_0:0:2109542054><>" connected, address "178.120.14.17:52530"
L 04/02/2015 - 18:47:50: [VTC] Player 1 speex
L 04/02/2015 - 18:47:56: "DiGi0n<WOT>____10puk<229><STEAM_0:0:2109542054><>" entered the game
L 04/02/2015 - 18:47:59: [DPROTO]: Client 1 - Set AuthIdType 3 [dp_RevEmu]; pClient = 0xb39a3dfc
L 04/02/2015 - 18:47:59: "kontrbeiba<230><STEAM_0:4:1081691141><>" connected, address "178.122.174.41:27005"
L 04/02/2015 - 18:47:59: [VTC] Player 2 speex
L 04/02/2015 - 18:48:03: "DiGi0n<WOT>____10puk<229><STEAM_0:0:2109542054><UNASSIGNED>" triggered "time" (time "0:07")
L 04/02/2015 - 18:48:03: "DiGi0n<WOT>____10puk<229><STEAM_0:0:2109542054><UNASSIGNED>" triggered "latency" (ping "0")
L 04/02/2015 - 18:48:03: "DiGi0n<WOT>____10puk<229><STEAM_0:0:2109542054><>" disconnected
L 04/02/2015 - 18:48:04: [DPROTO]: Client 0 - Set AuthIdType 1 [dp_SteamEmu]; pClient = 0xb399ef08
L 04/02/2015 - 18:48:04: "DiGi0n<WOT>____10puk<231><STEAM_0:0:2109542054><>" connected, address "178.120.14.17:52530"
L 04/02/2015 - 18:48:04: [VTC] Player 1 speex
L 04/02/2015 - 18:48:04: Kick: "DiGi0n<WOT>____10puk<231><STEAM_0:0:2109542054><>" was kicked by "Console" (message ""Повторное подключение будет доступно через 19 секунд"")
L 04/02/2015 - 18:48:06: [DPROTO]: Client 1 - Set AuthIdType 3 [dp_RevEmu]; pClient = 0xb39a3dfc
L 04/02/2015 - 18:48:06: "kontrbeiba<232><STEAM_0:4:1081691141><>" connected, address "178.122.174.41:27005"
L 04/02/2015 - 18:48:06: [VTC] Player 2 speex
L 04/02/2015 - 18:48:13: "[Hard_Skill]_FaNtoM<217><STEAM_0:4:2032520453><CT>" attacked "nExT--><213><STEAM_0:4:2114669829><TERRORIST>" with "scout" (damage "71") (damage_armor "0") (health "29") (armor "0")
L 04/02/2015 - 18:48:13: "nExT--><213><STEAM_0:4:2114669829><TERRORIST>" attacked "[Hard_Skill]_FaNtoM<217><STEAM_0:4:2032520453><CT>" with "awp" (damage "112") (damage_armor "0") (health "-12") (armor "0")
L 04/02/2015 - 18:48:13: "nExT--><213><STEAM_0:4:2114669829><TERRORIST>" killed "[Hard_Skill]_FaNtoM<217><STEAM_0:4:2032520453><CT>" with "awp"
L 04/02/2015 - 18:48:13: Team "TERRORIST" triggered "Terrorists_Win" (CT "7") (T "16")
L 04/02/2015 - 18:48:13: World triggered "Round_End"
L 04/02/2015 - 18:48:23: World triggered "Round_Start"
L 04/02/2015 - 18:48:29: "nExT--><213><STEAM_0:4:2114669829><TERRORIST>" attacked "[Hard_Skill]_FaNtoM<217><STEAM_0:4:2032520453><CT>" with "deagle" (damage "21") (damage_armor "0") (health "79") (armor "0")
L 04/02/2015 - 18:48:36: "[Hard_Skill]_FaNtoM<217><STEAM_0:4:2032520453><CT>" attacked "nExT--><213><STEAM_0:4:2114669829><TERRORIST>" with "famas" (damage "18") (damage_armor "0") (health "82") (armor "0")
L 04/02/2015 - 18:48:36: "[Hard_Skill]_FaNtoM<217><STEAM_0:4:2032520453><CT>" attacked "nExT--><213><STEAM_0:4:2114669829><TERRORIST>" with "famas" (damage "31") (damage_armor "0") (health "51") (armor "0")
L 04/02/2015 - 18:48:37: "[Hard_Skill]_FaNtoM<217><STEAM_0:4:2032520453><CT>" attacked "nExT--><213><STEAM_0:4:2114669829><TERRORIST>" with "famas" (damage "27") (damage_armor "0") (health "24") (armor "0")
L 04/02/2015 - 18:48:41: "nExT--><213><STEAM_0:4:2114669829><TERRORIST>" attacked "[Hard_Skill]_FaNtoM<217><STEAM_0:4:2032520453><CT>" with "awp" (damage "66") (damage_armor "0") (health "13") (armor "0")
L 04/02/2015 - 18:48:46: "nExT--><213><STEAM_0:4:2114669829><TERRORIST>" attacked "[Hard_Skill]_FaNtoM<217><STEAM_0:4:2032520453><CT>" with "deagle" (damage "172") (damage_armor "0") (health "-159") (armor "0")
L 04/02/2015 - 18:48:46: "nExT--><213><STEAM_0:4:2114669829><TERRORIST>" killed "[Hard_Skill]_FaNtoM<217><STEAM_0:4:2032520453><CT>" with "deagle"
L 04/02/2015 - 18:48:46: Team "TERRORIST" triggered "Terrorists_Win" (CT "7") (T "17")
L 04/02/2015 - 18:48:46: World triggered "Round_End"
L 04/02/2015 - 18:48:51: "[Hard_Skill]_FaNtoM<217><STEAM_0:4:2032520453><CT>" say "cerffff"
L 04/02/2015 - 18:48:56: World triggered "Round_Start"
L 04/02/2015 - 18:49:00: "nExT--><213><STEAM_0:4:2114669829><TERRORIST>" attacked "[Hard_Skill]_FaNtoM<217><STEAM_0:4:2032520453><CT>" with "awp" (damage "112") (damage_armor "0") (health "-12") (armor "0")
L 04/02/2015 - 18:49:00: "nExT--><213><STEAM_0:4:2114669829><TERRORIST>" killed "[Hard_Skill]_FaNtoM<217><STEAM_0:4:2032520453><CT>" with "awp"
L 04/02/2015 - 18:49:00: Team "TERRORIST" triggered "Terrorists_Win" (CT "7") (T "18")
L 04/02/2015 - 18:49:00: World triggered "Round_End"
L 04/02/2015 - 18:49:10: World triggered "Round_Start"
L 04/02/2015 - 18:49:18: "[Hard_Skill]_FaNtoM<217><STEAM_0:4:2032520453><CT>" attacked "nExT--><213><STEAM_0:4:2114669829><TERRORIST>" with "m4a1" (damage "120") (damage_armor "0") (health "-20") (armor "0")
L 04/02/2015 - 18:49:18: "[Hard_Skill]_FaNtoM<217><STEAM_0:4:2032520453><CT>" killed "nExT--><213><STEAM_0:4:2114669829><TERRORIST>" with "m4a1"
L 04/02/2015 - 18:49:18: Team "CT" triggered "CTs_Win" (CT "8") (T "18")
L 04/02/2015 - 18:49:18: World triggered "Round_End"
L 04/02/2015 - 18:49:24: Server cvar "amx_nextmap" = "aim_headshot"
L 04/02/2015 - 18:49:24: Server cvar "mp_timelimit" = "0.000000"
L 04/02/2015 - 18:49:28: Server cvar "mp_timelimit" = "0.010000"
L 04/02/2015 - 18:49:28: World triggered "Round_Start"
L 04/02/2015 - 18:49:28: Team "CT" scored "8" with "1" players
L 04/02/2015 - 18:49:28: Team "TERRORIST" scored "18" with "1" players
L 04/02/2015 - 18:49:28: Server cvar "mp_chattime" = "3"
L 04/02/2015 - 18:49:29: Server cvar "mp_chattime" = "1"
L 04/02/2015 - 18:49:29: "[Hard_Skill]_FaNtoM<217><STEAM_0:4:2032520453><CT>" triggered "weaponstats" (weapon "scout") (shots "1") (hits "1") (kills "0") (headshots "0") (tks "0") (damage "71") (deaths "0")
L 04/02/2015 - 18:49:29: "[Hard_Skill]_FaNtoM<217><STEAM_0:4:2032520453><CT>" triggered "weaponstats2" (weapon "scout") (head "0") (chest "0") (stomach "0") (leftarm "1") (rightarm "0") (leftleg "0") (rightleg "0")
L 04/02/2015 - 18:49:29: "[Hard_Skill]_FaNtoM<217><STEAM_0:4:2032520453><CT>" triggered "weaponstats" (weapon "grenade") (shots "4") (hits "2") (kills "0") (headshots "0") (tks "0") (damage "58") (deaths "0")
L 04/02/2015 - 18:49:29: "[Hard_Skill]_FaNtoM<217><STEAM_0:4:2032520453><CT>" triggered "weaponstats2" (weapon "grenade") (head "0") (chest "0") (stomach "0") (leftarm "0") (rightarm "0") (leftleg "0") (rightleg "0")
L 04/02/2015 - 18:49:29: "[Hard_Skill]_FaNtoM<217><STEAM_0:4:2032520453><CT>" triggered "weaponstats" (weapon "famas") (shots "74") (hits "12") (kills "2") (headshots "2") (tks "0") (damage "371") (deaths "4")
L 04/02/2015 - 18:49:29: "[Hard_Skill]_FaNtoM<217><STEAM_0:4:2032520453><CT>" triggered "weaponstats2" (weapon "famas") (head "3") (chest "1") (stomach "2") (leftarm "4") (rightarm "0") (leftleg "1") (rightleg "1")
L 04/02/2015 - 18:49:29: "[Hard_Skill]_FaNtoM<217><STEAM_0:4:2032520453><CT>" triggered "weaponstats" (weapon "usp") (shots "9") (hits "1") (kills "0") (headshots "0") (tks "0") (damage "26") (deaths "5")
L 04/02/2015 - 18:49:29: "[Hard_Skill]_FaNtoM<217><STEAM_0:4:2032520453><CT>" triggered "weaponstats2" (weapon "usp") (head "0") (chest "0") (stomach "0") (leftarm "1") (rightarm "0") (leftleg "0") (rightleg "0")
L 04/02/2015 - 18:49:29: "[Hard_Skill]_FaNtoM<217><STEAM_0:4:2032520453><CT>" triggered "weaponstats" (weapon "awp") (shots "15") (hits "3") (kills "3") (headshots "1") (tks "0") (damage "484") (deaths "1")
L 04/02/2015 - 18:49:29: "[Hard_Skill]_FaNtoM<217><STEAM_0:4:2032520453><CT>" triggered "weaponstats2" (weapon "awp") (head "1") (chest "0") (stomach "0") (leftarm "2") (rightarm "0") (leftleg "0") (rightleg "0")
L 04/02/2015 - 18:49:29: "[Hard_Skill]_FaNtoM<217><STEAM_0:4:2032520453><CT>" triggered "weaponstats" (weapon "mp5navy") (shots "46") (hits "8") (kills "0") (headshots "0") (tks "0") (damage "86") (deaths "0")
L 04/02/2015 - 18:49:29: "[Hard_Skill]_FaNtoM<217><STEAM_0:4:2032520453><CT>" triggered "weaponstats2" (weapon "mp5navy") (head "0") (chest "3") (stomach "0") (leftarm "3") (rightarm "1") (leftleg "1") (rightleg "0")
L 04/02/2015 - 18:49:29: "[Hard_Skill]_FaNtoM<217><STEAM_0:4:2032520453><CT>" triggered "weaponstats" (weapon "m4a1") (shots "61") (hits "6") (kills "2") (headshots "1") (tks "0") (damage "239") (deaths "2")
L 04/02/2015 - 18:49:29: "[Hard_Skill]_FaNtoM<217><STEAM_0:4:2032520453><CT>" triggered "weaponstats2" (weapon "m4a1") (head "2") (chest "0") (stomach "0") (leftarm "4") (rightarm "0") (leftleg "0") (rightleg "0")
L 04/02/2015 - 18:49:29: "[Hard_Skill]_FaNtoM<217><STEAM_0:4:2032520453><CT>" triggered "weaponstats" (weapon "deagle") (shots "15") (hits "3") (kills "0") (headshots "0") (tks "0") (damage "93") (deaths "3")
L 04/02/2015 - 18:49:29: "[Hard_Skill]_FaNtoM<217><STEAM_0:4:2032520453><CT>" triggered "weaponstats2" (weapon "deagle") (head "0") (chest "0") (stomach "0") (leftarm "1") (rightarm "0") (leftleg "2") (rightleg "0")
L 04/02/2015 - 18:49:29: "[Hard_Skill]_FaNtoM<217><STEAM_0:4:2032520453><CT>" triggered "weaponstats" (weapon "ak47") (shots "13") (hits "1") (kills "1") (headshots "1") (tks "0") (damage "136") (deaths "2")
L 04/02/2015 - 18:49:29: "[Hard_Skill]_FaNtoM<217><STEAM_0:4:2032520453><CT>" triggered "weaponstats2" (weapon "ak47") (head "1") (chest "0") (stomach "0") (leftarm "0") (rightarm "0") (leftleg "0") (rightleg "0")
L 04/02/2015 - 18:49:29: "[Hard_Skill]_FaNtoM<217><STEAM_0:4:2032520453><CT>" triggered "weaponstats" (weapon "knife") (shots "2") (hits "0") (kills "0") (headshots "0") (tks "0") (damage "0") (deaths "0")
L 04/02/2015 - 18:49:29: "[Hard_Skill]_FaNtoM<217><STEAM_0:4:2032520453><CT>" triggered "weaponstats2" (weapon "knife") (head "0") (chest "0") (stomach "0") (leftarm "0") (rightarm "0") (leftleg "0") (rightleg "0")
L 04/02/2015 - 18:49:29: "[Hard_Skill]_FaNtoM<217><STEAM_0:4:2032520453><CT>" triggered "time" (time "11:19")
L 04/02/2015 - 18:49:29: "[Hard_Skill]_FaNtoM<217><STEAM_0:4:2032520453><CT>" triggered "latency" (ping "54")
L 04/02/2015 - 18:49:29: "nExT--><213><STEAM_0:4:2114669829><TERRORIST>" triggered "weaponstats" (weapon "usp") (shots "5") (hits "2") (kills "1") (headshots "1") (tks "0") (damage "125") (deaths "0")
L 04/02/2015 - 18:49:29: "nExT--><213><STEAM_0:4:2114669829><TERRORIST>" triggered "weaponstats2" (weapon "usp") (head "1") (chest "0") (stomach "0") (leftarm "1") (rightarm "0") (leftleg "0") (rightleg "0")
L 04/02/2015 - 18:49:29: "nExT--><213><STEAM_0:4:2114669829><TERRORIST>" triggered "weaponstats" (weapon "glock18") (shots "6") (hits "0") (kills "0") (headshots "0") (tks "0") (damage "0") (deaths "0")
L 04/02/2015 - 18:49:29: "nExT--><213><STEAM_0:4:2114669829><TERRORIST>" triggered "weaponstats2" (weapon "glock18") (head "0") (chest "0") (stomach "0") (leftarm "0") (rightarm "0") (leftleg "0") (rightleg "0")
L 04/02/2015 - 18:49:29: "nExT--><213><STEAM_0:4:2114669829><TERRORIST>" triggered "weaponstats" (weapon "awp") (shots "11") (hits "4") (kills "3") (headshots "1") (tks "0") (damage "734") (deaths "3")
L 04/02/2015 - 18:49:29: "nExT--><213><STEAM_0:4:2114669829><TERRORIST>" triggered "weaponstats2" (weapon "awp") (head "1") (chest "2") (stomach "0") (leftarm "0") (rightarm "1") (leftleg "0") (rightleg "0")
L 04/02/2015 - 18:49:29: "nExT--><213><STEAM_0:4:2114669829><TERRORIST>" triggered "weaponstats" (weapon "m4a1") (shots "49") (hits "2") (kills "1") (headshots "1") (tks "0") (damage "160") (deaths "2")
L 04/02/2015 - 18:49:29: "nExT--><213><STEAM_0:4:2114669829><TERRORIST>" triggered "weaponstats2" (weapon "m4a1") (head "1") (chest "0") (stomach "0") (leftarm "1") (rightarm "0") (leftleg "0") (rightleg "0")
L 04/02/2015 - 18:49:29: "nExT--><213><STEAM_0:4:2114669829><TERRORIST>" triggered "weaponstats" (weapon "g3sg1") (shots "6") (hits "1") (kills "0") (headshots "0") (tks "0") (damage "63") (deaths "1")
L 04/02/2015 - 18:49:29: "nExT--><213><STEAM_0:4:2114669829><TERRORIST>" triggered "weaponstats2" (weapon "g3sg1") (head "0") (chest "0") (stomach "0") (leftarm "1") (rightarm "0") (leftleg "0") (rightleg "0")
L 04/02/2015 - 18:49:29: "nExT--><213><STEAM_0:4:2114669829><TERRORIST>" triggered "weaponstats" (weapon "deagle") (shots "60") (hits "15") (kills "7") (headshots "3") (tks "0") (damage "974") (deaths "0")
L 04/02/2015 - 18:49:29: "nExT--><213><STEAM_0:4:2114669829><TERRORIST>" triggered "weaponstats2" (weapon "deagle") (head "3") (chest "1") (stomach "0") (leftarm "4") (rightarm "4") (leftleg "1") (rightleg "2")
L 04/02/2015 - 18:49:29: "nExT--><213><STEAM_0:4:2114669829><TERRORIST>" triggered "weaponstats" (weapon "ak47") (shots "170") (hits "20") (kills "7") (headshots "6") (tks "0") (damage "1190") (deaths "3")
L 04/02/2015 - 18:49:29: "nExT--><213><STEAM_0:4:2114669829><TERRORIST>" triggered "weaponstats2" (weapon "ak47") (head "6") (chest "1") (stomach "2") (leftarm "7") (rightarm "3") (leftleg "1") (rightleg "0")
L 04/02/2015 - 18:49:29: "nExT--><213><STEAM_0:4:2114669829><TERRORIST>" triggered "weaponstats" (weapon "knife") (shots "4") (hits "0") (kills "0") (headshots "0") (tks "0") (damage "0") (deaths "1")
L 04/02/2015 - 18:49:29: "nExT--><213><STEAM_0:4:2114669829><TERRORIST>" triggered "weaponstats2" (weapon "knife") (head "0") (chest "0") (stomach "0") (leftarm "0") (rightarm "0") (leftleg "0") (rightleg "0")
L 04/02/2015 - 18:49:29: "nExT--><213><STEAM_0:4:2114669829><TERRORIST>" triggered "time" (time "12:00")
L 04/02/2015 - 18:49:29: "nExT--><213><STEAM_0:4:2114669829><TERRORIST>" triggered "latency" (ping "38")
L 04/02/2015 - 18:49:29: Server cvar "mp_timelimit" = "30.000000"
L 04/02/2015 - 18:49:29: [META] ini: Begin re-reading plugins list: /home/extazy/public/cstrike/addons/metamod/plugins.ini
L 04/02/2015 - 18:49:29: [META] ini: Read plugin config for: AMX Mod X
L 04/02/2015 - 18:49:29: [META] ini: Read plugin config for: dproto_EF
L 04/02/2015 - 18:49:29: [META] ini: Read plugin config for: VoiceTranscoder
L 04/02/2015 - 18:49:29: [META] ini: Finished reading plugins list: /home/extazy/public/cstrike/addons/metamod/plugins.ini; Found 3 plugins
L 04/02/2015 - 18:49:29: [META] dll: Updating plugins...
L 04/02/2015 - 18:49:29: [META] dll: Finished updating 12 plugins; kept 3, loaded 0, unloaded 0, reloaded 0, delayed 0
L 04/02/2015 - 18:49:29: Log file closed
