L 04/04/2015 - 20:30:38: Log file started (file "logs/L0404044.log") (game "cstrike") (version "48/1.6.3.7/Stdio/5787")
L 04/04/2015 - 20:30:38: Loading map "cs_italy"
L 04/04/2015 - 20:30:38: Server cvars start
L 04/04/2015 - 20:30:38: Server cvar "_tutor_bomb_viewable_check_interval" = "0.5"
L 04/04/2015 - 20:30:38: Server cvar "_tutor_debug_level" = "0"
L 04/04/2015 - 20:30:38: Server cvar "_tutor_examine_time" = "0.5"
L 04/04/2015 - 20:30:38: Server cvar "_tutor_hint_interval_time" = "10.0"
L 04/04/2015 - 20:30:38: Server cvar "_tutor_look_angle" = "10"
L 04/04/2015 - 20:30:38: Server cvar "_tutor_look_distance" = "200"
L 04/04/2015 - 20:30:38: Server cvar "_tutor_message_character_display_time_coefficient" = "0.07"
L 04/04/2015 - 20:30:38: Server cvar "_tutor_message_minimum_display_time" = "1"
L 04/04/2015 - 20:30:38: Server cvar "_tutor_message_repeats" = "5"
L 04/04/2015 - 20:30:38: Server cvar "_tutor_view_distance" = "1000"
L 04/04/2015 - 20:30:38: Server cvar "aesp_version" = "1.5b_mini"
L 04/04/2015 - 20:30:38: Server cvar "allow_spectators" = "4"
L 04/04/2015 - 20:30:38: Server cvar "amx_client_languages" = "0"
L 04/04/2015 - 20:30:38: Server cvar "amx_contactinfo" = "ICQ: 691322983"
L 04/04/2015 - 20:30:38: Server cvar "amx_language" = "ru"
L 04/04/2015 - 20:30:38: Server cvar "amx_nextmap" = "cs_italy"
L 04/04/2015 - 20:30:38: Server cvar "amx_timeleft" = "00:00"
L 04/04/2015 - 20:30:38: Server cvar "amxbans_ssversion" = "Gm 1.6"
L 04/04/2015 - 20:30:38: Server cvar "amxbans_version" = "Gm 1.6"
L 04/04/2015 - 20:30:38: Server cvar "amxmodx_version" = "1.8.1.3746"
L 04/04/2015 - 20:30:38: Server cvar "Colored Translit Cheat" = "Loaded"
L 04/04/2015 - 20:30:38: Server cvar "Colored Translit Config" = "Loaded"
L 04/04/2015 - 20:30:38: Server cvar "Colored Translit Ignores" = "Loaded"
L 04/04/2015 - 20:30:38: Server cvar "Colored Translit Replace" = "Failed"
L 04/04/2015 - 20:30:38: Server cvar "Colored Translit Spam" = "Loaded"
L 04/04/2015 - 20:30:38: Server cvar "Colored Translit Status" = "Loaded"
L 04/04/2015 - 20:30:38: Server cvar "Colored Translit Swear" = "Loaded"
L 04/04/2015 - 20:30:38: Server cvar "Colored Translit Version" = "2.0b Final"
L 04/04/2015 - 20:30:38: Server cvar "coop" = "0"
L 04/04/2015 - 20:30:38: Server cvar "deathmatch" = "1"
L 04/04/2015 - 20:30:38: Server cvar "decalfrequency" = "9"
L 04/04/2015 - 20:30:38: Server cvar "dp_version" = "0.9.391"
L 04/04/2015 - 20:30:38: Server cvar "edgefriction" = "2"
L 04/04/2015 - 20:30:38: Server cvar "hostage_debug" = "0"
L 04/04/2015 - 20:30:38: Server cvar "hostage_stop" = "0"
L 04/04/2015 - 20:30:38: Server cvar "humans_join_team" = "any"
L 04/04/2015 - 20:30:38: Server cvar "jtp10181" = "chute,gore"
L 04/04/2015 - 20:30:38: Server cvar "max_queries_sec" = "3.0"
L 04/04/2015 - 20:30:38: Server cvar "max_queries_sec_global" = "30"
L 04/04/2015 - 20:30:38: Server cvar "max_queries_window" = "60"
L 04/04/2015 - 20:30:38: Server cvar "metamod_version" = "1.19"
L 04/04/2015 - 20:30:38: Server cvar "mp_allowmonsters" = "0"
L 04/04/2015 - 20:30:38: Server cvar "mp_autokick" = "1"
L 04/04/2015 - 20:30:38: Server cvar "mp_autoteambalance" = "1"
L 04/04/2015 - 20:30:38: Server cvar "mp_buytime" = "1.5"
L 04/04/2015 - 20:30:38: Server cvar "mp_c4timer" = "35"
L 04/04/2015 - 20:30:38: Server cvar "mp_chattime" = "1"
L 04/04/2015 - 20:30:38: Server cvar "mp_consistency" = "1"
L 04/04/2015 - 20:30:38: Server cvar "mp_fadetoblack" = "0"
L 04/04/2015 - 20:30:38: Server cvar "mp_flashlight" = "1"
L 04/04/2015 - 20:30:38: Server cvar "mp_footsteps" = "1"
L 04/04/2015 - 20:30:38: Server cvar "mp_forcecamera" = "0"
L 04/04/2015 - 20:30:38: Server cvar "mp_forcechasecam" = "0"
L 04/04/2015 - 20:30:38: Server cvar "mp_fragsleft" = "0"
L 04/04/2015 - 20:30:38: Server cvar "mp_freezetime" = "5"
L 04/04/2015 - 20:30:38: Server cvar "mp_friendlyfire" = "0"
L 04/04/2015 - 20:30:38: Server cvar "mp_ghostfrequency" = "0.1"
L 04/04/2015 - 20:30:38: Server cvar "mp_hostagepenalty" = "0"
L 04/04/2015 - 20:30:38: Server cvar "mp_kickpercent" = "0.66"
L 04/04/2015 - 20:30:38: Server cvar "mp_limitteams" = "5"
L 04/04/2015 - 20:30:38: Server cvar "mp_logdetail" = "3"
L 04/04/2015 - 20:30:38: Server cvar "mp_logfile" = "1"
L 04/04/2015 - 20:30:38: Server cvar "mp_logmessages" = "1"
L 04/04/2015 - 20:30:38: Server cvar "mp_mapvoteratio" = "0.66"
L 04/04/2015 - 20:30:38: Server cvar "mp_maxrounds" = "0"
L 04/04/2015 - 20:30:38: Server cvar "mp_mirrordamage" = "0"
L 04/04/2015 - 20:30:38: Server cvar "mp_playerid" = "0"
L 04/04/2015 - 20:30:38: Server cvar "mp_roundtime" = "2.57"
L 04/04/2015 - 20:30:38: Server cvar "mp_startmoney" = "800"
L 04/04/2015 - 20:30:38: Server cvar "mp_timeleft" = "0"
L 04/04/2015 - 20:30:38: Server cvar "mp_timelimit" = "30.000000"
L 04/04/2015 - 20:30:38: Server cvar "mp_tkpunish" = "1"
L 04/04/2015 - 20:30:38: Server cvar "mp_windifference" = "1"
L 04/04/2015 - 20:30:38: Server cvar "mp_winlimit" = "0"
L 04/04/2015 - 20:30:38: Server cvar "pausable" = "0"
L 04/04/2015 - 20:30:38: Server cvar "redirect_version" = "1.0.3"
L 04/04/2015 - 20:30:38: Server cvar "sv_accelerate" = "5"
L 04/04/2015 - 20:30:38: Server cvar "sv_aim" = "0"
L 04/04/2015 - 20:30:38: Server cvar "sv_airaccelerate" = "10"
L 04/04/2015 - 20:30:38: Server cvar "sv_airmove" = "1"
L 04/04/2015 - 20:30:38: Server cvar "sv_allowupload" = "1"
L 04/04/2015 - 20:30:38: Server cvar "sv_alltalk" = "0"
L 04/04/2015 - 20:30:38: Server cvar "sv_bounce" = "1"
L 04/04/2015 - 20:30:38: Server cvar "sv_cheats" = "0"
L 04/04/2015 - 20:30:38: Server cvar "sv_clienttrace" = "1"
L 04/04/2015 - 20:30:38: Server cvar "sv_clipmode" = "0"
L 04/04/2015 - 20:30:38: Server cvar "sv_contact" = ""
L 04/04/2015 - 20:30:38: Server cvar "sv_friction" = "4"
L 04/04/2015 - 20:30:38: Server cvar "sv_gravity" = "800"
L 04/04/2015 - 20:30:38: Server cvar "sv_logblocks" = "0"
L 04/04/2015 - 20:30:38: Server cvar "sv_maxrate" = "25000"
L 04/04/2015 - 20:30:38: Server cvar "sv_maxspeed" = "900"
L 04/04/2015 - 20:30:38: Server cvar "sv_minrate" = "100000"
L 04/04/2015 - 20:30:38: Server cvar "sv_password" = ""
L 04/04/2015 - 20:30:38: Server cvar "sv_proxies" = "0"
L 04/04/2015 - 20:30:38: Server cvar "sv_region" = "3"
L 04/04/2015 - 20:30:38: Server cvar "sv_restart" = "0"
L 04/04/2015 - 20:30:38: Server cvar "sv_restartround" = "0"
L 04/04/2015 - 20:30:38: Server cvar "sv_stepsize" = "18"
L 04/04/2015 - 20:30:38: Server cvar "sv_stopspeed" = "75"
L 04/04/2015 - 20:30:38: Server cvar "sv_uploadmax" = "0.5"
L 04/04/2015 - 20:30:38: Server cvar "sv_voiceenable" = "1"
L 04/04/2015 - 20:30:38: Server cvar "sv_wateraccelerate" = "10"
L 04/04/2015 - 20:30:38: Server cvar "sv_waterfriction" = "1"
L 04/04/2015 - 20:30:38: Server cvar "travo_statmarquee" = "v1.2"
L 04/04/2015 - 20:30:38: Server cvar "vtc_version" = "80"
L 04/04/2015 - 20:30:38: Server cvar "wallblocker_version" = "1.0"
L 04/04/2015 - 20:30:38: Server cvars end
L 04/04/2015 - 20:30:38: Server cvar "amx_nextmap" = "aim_awp"
L 04/04/2015 - 20:30:38: Server cvar "sv_restart" = "1"
L 04/04/2015 - 20:30:38: World triggered "Restart_Round_(1_second)"
L 04/04/2015 - 20:30:38: Team "CT" scored "0" with "0" players
L 04/04/2015 - 20:30:38: Team "TERRORIST" scored "0" with "0" players
L 04/04/2015 - 20:30:38: Server cvar "sv_restart" = "0"
L 04/04/2015 - 20:30:39: Started map "cs_italy" (CRC "111715122")
L 04/04/2015 - 20:30:39: [VTC] Player 5 speex
L 04/04/2015 - 20:30:39: [VTC] Player 7 speex
L 04/04/2015 - 20:30:39: [VTC] Player 1 speex
L 04/04/2015 - 20:30:39: [VTC] Player 2 speex
L 04/04/2015 - 20:30:43: "[Hard_Skill]_4IKIST<583><STEAM_0:4:2118919429><>" entered the game
L 04/04/2015 - 20:30:43: "KYKY EPT<569><STEAM_0:4:526142466><>" entered the game
L 04/04/2015 - 20:30:44: World triggered "Round_Start"
L 04/04/2015 - 20:30:44: "bum<594><STEAM_0:4:182177413><>" entered the game
L 04/04/2015 - 20:30:47: "KYKY EPT<569><STEAM_0:4:526142466><>" joined team "CT"
L 04/04/2015 - 20:30:49: "bum<594><STEAM_0:4:182177413><>" joined team "TERRORIST"
L 04/04/2015 - 20:30:49: World triggered "Game_Commencing"
L 04/04/2015 - 20:30:49: World triggered "Game_Commencing" (CT "0") (T "0")
L 04/04/2015 - 20:30:49: World triggered "Round_End"
L 04/04/2015 - 20:30:50: "[Hard_Skill]_4IKIST<583><STEAM_0:4:2118919429><>" joined team "TERRORIST"
L 04/04/2015 - 20:30:52: "Major<570><STEAM_0:4:327286387><>" entered the game
L 04/04/2015 - 20:30:52: [DPROTO]: Client 2 - Set AuthIdType 3 [dp_RevEmu]; pClient = 0xb39e5cf0
L 04/04/2015 - 20:30:52: "GS-Monitor | K!LL3R<595><STEAM_0:4:985910917><>" connected, address "178.127.219.220:27005"
L 04/04/2015 - 20:30:52: [VTC] Player 3 speex
L 04/04/2015 - 20:30:57: "Major<570><STEAM_0:4:327286387><>" joined team "CT"
L 04/04/2015 - 20:30:57: World triggered "Round_Start"
L 04/04/2015 - 20:31:12: [DPROTO]: Client 2 - Set AuthIdType 3 [dp_RevEmu]; pClient = 0xb39e5cf0
L 04/04/2015 - 20:31:12: "GS-Monitor | K!LL3R<596><STEAM_0:4:985910917><>" connected, address "178.127.219.220:27005"
L 04/04/2015 - 20:31:12: [VTC] Player 3 speex
L 04/04/2015 - 20:31:19: "GS-Monitor | K!LL3R<596><STEAM_0:4:985910917><>" entered the game
L 04/04/2015 - 20:31:20: "[Hard_Skill]_4IKIST<583><STEAM_0:4:2118919429><TERRORIST>" triggered "weaponstats" (weapon "knife") (shots "3") (hits "0") (kills "0") (headshots "0") (tks "0") (damage "0") (deaths "0")
L 04/04/2015 - 20:31:20: "[Hard_Skill]_4IKIST<583><STEAM_0:4:2118919429><TERRORIST>" triggered "weaponstats2" (weapon "knife") (head "0") (chest "0") (stomach "0") (leftarm "0") (rightarm "0") (leftleg "0") (rightleg "0")
L 04/04/2015 - 20:31:20: "[Hard_Skill]_4IKIST<583><STEAM_0:4:2118919429><TERRORIST>" triggered "time" (time "0:37")
L 04/04/2015 - 20:31:20: "[Hard_Skill]_4IKIST<583><STEAM_0:4:2118919429><TERRORIST>" triggered "latency" (ping "20")
L 04/04/2015 - 20:31:20: "Major<570><STEAM_0:4:327286387><CT>" triggered "weaponstats" (weapon "deagle") (shots "1") (hits "0") (kills "0") (headshots "0") (tks "0") (damage "0") (deaths "0")
L 04/04/2015 - 20:31:20: "Major<570><STEAM_0:4:327286387><CT>" triggered "weaponstats2" (weapon "deagle") (head "0") (chest "0") (stomach "0") (leftarm "0") (rightarm "0") (leftleg "0") (rightleg "0")
L 04/04/2015 - 20:31:20: "Major<570><STEAM_0:4:327286387><CT>" triggered "time" (time "0:28")
L 04/04/2015 - 20:31:20: "Major<570><STEAM_0:4:327286387><CT>" triggered "latency" (ping "39")
L 04/04/2015 - 20:31:20: "GS-Monitor | K!LL3R<596><STEAM_0:4:985910917><UNASSIGNED>" triggered "time" (time "0:01")
L 04/04/2015 - 20:31:20: "GS-Monitor | K!LL3R<596><STEAM_0:4:985910917><UNASSIGNED>" triggered "latency" (ping "0")
L 04/04/2015 - 20:31:20: "bum<594><STEAM_0:4:182177413><TERRORIST>" triggered "time" (time "0:36")
L 04/04/2015 - 20:31:20: "bum<594><STEAM_0:4:182177413><TERRORIST>" triggered "latency" (ping "40")
L 04/04/2015 - 20:31:20: "KYKY EPT<569><STEAM_0:4:526142466><CT>" triggered "time" (time "0:37")
L 04/04/2015 - 20:31:20: "KYKY EPT<569><STEAM_0:4:526142466><CT>" triggered "latency" (ping "59")
L 04/04/2015 - 20:31:20: [META] ini: Begin re-reading plugins list: /home/extazy/public/cstrike/addons/metamod/plugins.ini
L 04/04/2015 - 20:31:20: [META] ini: Read plugin config for: AMX Mod X
L 04/04/2015 - 20:31:20: [META] ini: Read plugin config for: dproto_EF
L 04/04/2015 - 20:31:20: [META] ini: Read plugin config for: VoiceTranscoder
L 04/04/2015 - 20:31:20: [META] ini: Finished reading plugins list: /home/extazy/public/cstrike/addons/metamod/plugins.ini; Found 3 plugins
L 04/04/2015 - 20:31:20: [META] dll: Updating plugins...
L 04/04/2015 - 20:31:20: [META] dll: Finished updating 12 plugins; kept 3, loaded 0, unloaded 0, reloaded 0, delayed 0
L 04/04/2015 - 20:31:20: "[Hard_Skill]_4IKIST<583><STEAM_0:4:2118919429><TERRORIST>" disconnected
L 04/04/2015 - 20:31:20: "Major<570><STEAM_0:4:327286387><CT>" disconnected
L 04/04/2015 - 20:31:20: "GS-Monitor | K!LL3R<596><STEAM_0:4:985910917><>" disconnected
L 04/04/2015 - 20:31:20: "bum<594><STEAM_0:4:182177413><TERRORIST>" disconnected
L 04/04/2015 - 20:31:20: "KYKY EPT<569><STEAM_0:4:526142466><CT>" disconnected
L 04/04/2015 - 20:31:20: World triggered "Round_Draw" (CT "0") (T "0")
L 04/04/2015 - 20:31:20: World triggered "Round_End"
L 04/04/2015 - 20:31:20: Log file closed
