L 04/06/2015 - 22:01:46: Log file started (file "logs/L0406057.log") (game "cstrike") (version "48/1.6.3.7/Stdio/5787")
L 04/06/2015 - 22:01:46: Loading map "aim_aztec"
L 04/06/2015 - 22:01:46: Server cvars start
L 04/06/2015 - 22:01:46: Server cvar "_tutor_bomb_viewable_check_interval" = "0.5"
L 04/06/2015 - 22:01:46: Server cvar "_tutor_debug_level" = "0"
L 04/06/2015 - 22:01:46: Server cvar "_tutor_examine_time" = "0.5"
L 04/06/2015 - 22:01:46: Server cvar "_tutor_hint_interval_time" = "10.0"
L 04/06/2015 - 22:01:46: Server cvar "_tutor_look_angle" = "10"
L 04/06/2015 - 22:01:46: Server cvar "_tutor_look_distance" = "200"
L 04/06/2015 - 22:01:46: Server cvar "_tutor_message_character_display_time_coefficient" = "0.07"
L 04/06/2015 - 22:01:46: Server cvar "_tutor_message_minimum_display_time" = "1"
L 04/06/2015 - 22:01:46: Server cvar "_tutor_message_repeats" = "5"
L 04/06/2015 - 22:01:46: Server cvar "_tutor_view_distance" = "1000"
L 04/06/2015 - 22:01:46: Server cvar "aesp_version" = "1.5b_mini"
L 04/06/2015 - 22:01:46: Server cvar "allow_spectators" = "4"
L 04/06/2015 - 22:01:46: Server cvar "amx_client_languages" = "0"
L 04/06/2015 - 22:01:46: Server cvar "amx_contactinfo" = "ICQ: 691322983"
L 04/06/2015 - 22:01:46: Server cvar "amx_language" = "ru"
L 04/06/2015 - 22:01:46: Server cvar "amx_nextmap" = "aim_aztec"
L 04/06/2015 - 22:01:46: Server cvar "amx_timeleft" = "00:00"
L 04/06/2015 - 22:01:46: Server cvar "amxbans_ssversion" = "Gm 1.6"
L 04/06/2015 - 22:01:46: Server cvar "amxbans_version" = "Gm 1.6"
L 04/06/2015 - 22:01:46: Server cvar "amxmodx_version" = "1.8.1.3746"
L 04/06/2015 - 22:01:46: Server cvar "Colored Translit Cheat" = "Loaded"
L 04/06/2015 - 22:01:46: Server cvar "Colored Translit Config" = "Loaded"
L 04/06/2015 - 22:01:46: Server cvar "Colored Translit Ignores" = "Loaded"
L 04/06/2015 - 22:01:46: Server cvar "Colored Translit Replace" = "Failed"
L 04/06/2015 - 22:01:46: Server cvar "Colored Translit Spam" = "Loaded"
L 04/06/2015 - 22:01:46: Server cvar "Colored Translit Status" = "Loaded"
L 04/06/2015 - 22:01:46: Server cvar "Colored Translit Swear" = "Loaded"
L 04/06/2015 - 22:01:46: Server cvar "Colored Translit Version" = "2.0b Final"
L 04/06/2015 - 22:01:46: Server cvar "coop" = "0"
L 04/06/2015 - 22:01:46: Server cvar "deathmatch" = "1"
L 04/06/2015 - 22:01:46: Server cvar "decalfrequency" = "9"
L 04/06/2015 - 22:01:46: Server cvar "dp_version" = "0.9.391"
L 04/06/2015 - 22:01:46: Server cvar "edgefriction" = "2"
L 04/06/2015 - 22:01:46: Server cvar "hostage_debug" = "0"
L 04/06/2015 - 22:01:46: Server cvar "hostage_stop" = "0"
L 04/06/2015 - 22:01:46: Server cvar "humans_join_team" = "any"
L 04/06/2015 - 22:01:46: Server cvar "jtp10181" = "chute,gore"
L 04/06/2015 - 22:01:46: Server cvar "max_queries_sec" = "3.0"
L 04/06/2015 - 22:01:46: Server cvar "max_queries_sec_global" = "30"
L 04/06/2015 - 22:01:46: Server cvar "max_queries_window" = "60"
L 04/06/2015 - 22:01:46: Server cvar "metamod_version" = "1.19"
L 04/06/2015 - 22:01:46: Server cvar "mp_allowmonsters" = "0"
L 04/06/2015 - 22:01:46: Server cvar "mp_autokick" = "1"
L 04/06/2015 - 22:01:46: Server cvar "mp_autoteambalance" = "1"
L 04/06/2015 - 22:01:46: Server cvar "mp_buytime" = "1.5"
L 04/06/2015 - 22:01:46: Server cvar "mp_c4timer" = "35"
L 04/06/2015 - 22:01:46: Server cvar "mp_chattime" = "1"
L 04/06/2015 - 22:01:46: Server cvar "mp_consistency" = "1"
L 04/06/2015 - 22:01:46: Server cvar "mp_fadetoblack" = "0"
L 04/06/2015 - 22:01:46: Server cvar "mp_flashlight" = "1"
L 04/06/2015 - 22:01:46: Server cvar "mp_footsteps" = "1"
L 04/06/2015 - 22:01:46: Server cvar "mp_forcecamera" = "0"
L 04/06/2015 - 22:01:46: Server cvar "mp_forcechasecam" = "0"
L 04/06/2015 - 22:01:46: Server cvar "mp_fragsleft" = "0"
L 04/06/2015 - 22:01:46: Server cvar "mp_freezetime" = "5"
L 04/06/2015 - 22:01:46: Server cvar "mp_friendlyfire" = "0"
L 04/06/2015 - 22:01:46: Server cvar "mp_ghostfrequency" = "0.1"
L 04/06/2015 - 22:01:46: Server cvar "mp_hostagepenalty" = "0"
L 04/06/2015 - 22:01:46: Server cvar "mp_kickpercent" = "0.66"
L 04/06/2015 - 22:01:46: Server cvar "mp_limitteams" = "5"
L 04/06/2015 - 22:01:46: Server cvar "mp_logdetail" = "3"
L 04/06/2015 - 22:01:46: Server cvar "mp_logfile" = "1"
L 04/06/2015 - 22:01:46: Server cvar "mp_logmessages" = "1"
L 04/06/2015 - 22:01:46: Server cvar "mp_mapvoteratio" = "0.66"
L 04/06/2015 - 22:01:46: Server cvar "mp_maxrounds" = "0"
L 04/06/2015 - 22:01:46: Server cvar "mp_mirrordamage" = "0"
L 04/06/2015 - 22:01:46: Server cvar "mp_playerid" = "0"
L 04/06/2015 - 22:01:46: Server cvar "mp_roundtime" = "2.57"
L 04/06/2015 - 22:01:46: Server cvar "mp_startmoney" = "800"
L 04/06/2015 - 22:01:46: Server cvar "mp_timeleft" = "0"
L 04/06/2015 - 22:01:46: Server cvar "mp_timelimit" = "30.000000"
L 04/06/2015 - 22:01:46: Server cvar "mp_tkpunish" = "1"
L 04/06/2015 - 22:01:46: Server cvar "mp_windifference" = "1"
L 04/06/2015 - 22:01:46: Server cvar "mp_winlimit" = "0"
L 04/06/2015 - 22:01:46: Server cvar "pausable" = "0"
L 04/06/2015 - 22:01:46: Server cvar "sv_accelerate" = "5"
L 04/06/2015 - 22:01:46: Server cvar "sv_aim" = "0"
L 04/06/2015 - 22:01:46: Server cvar "sv_airaccelerate" = "10"
L 04/06/2015 - 22:01:46: Server cvar "sv_airmove" = "1"
L 04/06/2015 - 22:01:46: Server cvar "sv_allowupload" = "1"
L 04/06/2015 - 22:01:46: Server cvar "sv_alltalk" = "0"
L 04/06/2015 - 22:01:46: Server cvar "sv_bounce" = "1"
L 04/06/2015 - 22:01:46: Server cvar "sv_cheats" = "0"
L 04/06/2015 - 22:01:46: Server cvar "sv_clienttrace" = "1"
L 04/06/2015 - 22:01:46: Server cvar "sv_clipmode" = "0"
L 04/06/2015 - 22:01:46: Server cvar "sv_contact" = ""
L 04/06/2015 - 22:01:46: Server cvar "sv_friction" = "4"
L 04/06/2015 - 22:01:46: Server cvar "sv_gravity" = "800"
L 04/06/2015 - 22:01:46: Server cvar "sv_logblocks" = "0"
L 04/06/2015 - 22:01:46: Server cvar "sv_maxrate" = "25000"
L 04/06/2015 - 22:01:46: Server cvar "sv_maxspeed" = "900"
L 04/06/2015 - 22:01:46: Server cvar "sv_minrate" = "100000"
L 04/06/2015 - 22:01:46: Server cvar "sv_password" = ""
L 04/06/2015 - 22:01:46: Server cvar "sv_proxies" = "0"
L 04/06/2015 - 22:01:46: Server cvar "sv_region" = "3"
L 04/06/2015 - 22:01:46: Server cvar "sv_restart" = "0"
L 04/06/2015 - 22:01:46: Server cvar "sv_restartround" = "0"
L 04/06/2015 - 22:01:46: Server cvar "sv_stepsize" = "18"
L 04/06/2015 - 22:01:46: Server cvar "sv_stopspeed" = "75"
L 04/06/2015 - 22:01:46: Server cvar "sv_uploadmax" = "0.5"
L 04/06/2015 - 22:01:46: Server cvar "sv_voiceenable" = "1"
L 04/06/2015 - 22:01:46: Server cvar "sv_wateraccelerate" = "10"
L 04/06/2015 - 22:01:46: Server cvar "sv_waterfriction" = "1"
L 04/06/2015 - 22:01:46: Server cvar "travo_statmarquee" = "v1.2"
L 04/06/2015 - 22:01:46: Server cvar "ultimate_sounds" = "1.7"
L 04/06/2015 - 22:01:46: Server cvar "vtc_version" = "80"
L 04/06/2015 - 22:01:46: Server cvar "wallblocker_version" = "1.0"
L 04/06/2015 - 22:01:46: Server cvars end
L 04/06/2015 - 22:01:47: Server cvar "amx_nextmap" = "35hp_2"
L 04/06/2015 - 22:01:47: Server cvar "sv_restart" = "1"
L 04/06/2015 - 22:01:47: World triggered "Restart_Round_(1_second)"
L 04/06/2015 - 22:01:47: Team "CT" scored "0" with "0" players
L 04/06/2015 - 22:01:47: Team "TERRORIST" scored "0" with "0" players
L 04/06/2015 - 22:01:47: Server cvar "sv_restart" = "0"
L 04/06/2015 - 22:01:47: Started map "aim_aztec" (CRC "-319832823")
L 04/06/2015 - 22:01:47: [VTC] Player 5 silk
L 04/06/2015 - 22:01:47: [VTC] Player 4 speex
L 04/06/2015 - 22:01:47: [VTC] Player 1 speex
L 04/06/2015 - 22:01:47: [VTC] Player 2 speex
L 04/06/2015 - 22:01:51: [DPROTO]: Client 6 - Set AuthIdType 3 [dp_RevEmu]; pClient = 0xb39838c0
L 04/06/2015 - 22:01:51: "[Hard_Skill]_4IKIST<336><STEAM_0:4:1573594373><>" connected, address "178.168.202.18:27005"
L 04/06/2015 - 22:01:51: [VTC] Player 7 speex
L 04/06/2015 - 22:01:52: World triggered "Round_Start"
L 04/06/2015 - 22:01:53: "BuLBa<335><STEAM_0:4:70818638><>" entered the game
L 04/06/2015 - 22:01:54: [DPROTO]: Client 0 - Set AuthIdType 3 [dp_RevEmu]; pClient = 0xb3965f08
L 04/06/2015 - 22:01:54: "Novi4ek<337><STEAM_0:4:1939651589><>" connected, address "178.154.101.78:27005"
L 04/06/2015 - 22:01:54: "3JlOu_XJlE6yWEK<332><STEAM_0:4:578362190><>" entered the game
L 04/06/2015 - 22:01:54: [VTC] Player 1 speex
L 04/06/2015 - 22:01:57: "BuLBa<335><STEAM_0:4:70818638><>" joined team "CT"
L 04/06/2015 - 22:01:57: "3JlOu_XJlE6yWEK<332><STEAM_0:4:578362190><>" joined team "CT"
L 04/06/2015 - 22:02:00: "Novi4ek<337><STEAM_0:4:1939651589><>" entered the game
L 04/06/2015 - 22:02:03: "Novi4ek<337><STEAM_0:4:1939651589><>" joined team "TERRORIST"
L 04/06/2015 - 22:02:04: World triggered "Game_Commencing"
L 04/06/2015 - 22:02:04: World triggered "Game_Commencing" (CT "0") (T "0")
L 04/06/2015 - 22:02:04: World triggered "Round_End"
L 04/06/2015 - 22:02:12: World triggered "Round_Start"
L 04/06/2015 - 22:02:17: "Novi4ek<337><STEAM_0:4:1939651589><TERRORIST>" attacked "BuLBa<335><STEAM_0:4:70818638><CT>" with "ak47" (damage "33") (damage_armor "0") (health "67") (armor "0")
L 04/06/2015 - 22:02:19: "Novi4ek<337><STEAM_0:4:1939651589><TERRORIST>" attacked "BuLBa<335><STEAM_0:4:70818638><CT>" with "ak47" (damage "18") (damage_armor "0") (health "49") (armor "0")
L 04/06/2015 - 22:02:25: "Novi4ek<337><STEAM_0:4:1939651589><TERRORIST>" attacked "3JlOu_XJlE6yWEK<332><STEAM_0:4:578362190><CT>" with "ak47" (damage "33") (damage_armor "0") (health "67") (armor "0")
L 04/06/2015 - 22:02:40: [DPROTO]: Client 6 - Set AuthIdType 3 [dp_RevEmu]; pClient = 0xb39838c0
L 04/06/2015 - 22:02:40: "[Hard_Skill]_4IKIST<338><STEAM_0:4:1573594373><>" connected, address "178.168.202.18:27005"
L 04/06/2015 - 22:02:41: [VTC] Player 7 speex
L 04/06/2015 - 22:02:43: "[Hard_Skill]_4IKIST<338><STEAM_0:4:1573594373><>" entered the game
L 04/06/2015 - 22:02:45: "3JlOu_XJlE6yWEK<332><STEAM_0:4:578362190><CT>" attacked "Novi4ek<337><STEAM_0:4:1939651589><TERRORIST>" with "awp" (damage "84") (damage_armor "0") (health "16") (armor "100")
L 04/06/2015 - 22:02:47: "[Hard_Skill]_4IKIST<338><STEAM_0:4:1573594373><>" joined team "TERRORIST"
L 04/06/2015 - 22:02:47: "Novi4ek<337><STEAM_0:4:1939651589><TERRORIST>" attacked "BuLBa<335><STEAM_0:4:70818638><CT>" with "ak47" (damage "132") (damage_armor "0") (health "-83") (armor "0")
L 04/06/2015 - 22:02:47: "Novi4ek<337><STEAM_0:4:1939651589><TERRORIST>" killed "BuLBa<335><STEAM_0:4:70818638><CT>" with "ak47"
L 04/06/2015 - 22:02:48: "3JlOu_XJlE6yWEK<332><STEAM_0:4:578362190><CT>" attacked "Novi4ek<337><STEAM_0:4:1939651589><TERRORIST>" with "awp" (damage "214") (damage_armor "3") (health "-198") (armor "97")
L 04/06/2015 - 22:02:48: "3JlOu_XJlE6yWEK<332><STEAM_0:4:578362190><CT>" killed "Novi4ek<337><STEAM_0:4:1939651589><TERRORIST>" with "awp"
L 04/06/2015 - 22:02:48: Team "CT" triggered "CTs_Win" (CT "1") (T "0")
L 04/06/2015 - 22:02:48: World triggered "Round_End"
L 04/06/2015 - 22:02:58: World triggered "Round_Start"
L 04/06/2015 - 22:03:00: "Novi4ek<337><STEAM_0:4:1939651589><TERRORIST>" attacked "3JlOu_XJlE6yWEK<332><STEAM_0:4:578362190><CT>" with "ak47" (damage "11") (damage_armor "0") (health "89") (armor "0")
L 04/06/2015 - 22:03:00: "3JlOu_XJlE6yWEK<332><STEAM_0:4:578362190><CT>" attacked "Novi4ek<337><STEAM_0:4:1939651589><TERRORIST>" with "awp" (damage "429") (damage_armor "6") (health "-329") (armor "94")
L 04/06/2015 - 22:03:00: "3JlOu_XJlE6yWEK<332><STEAM_0:4:578362190><CT>" killed "Novi4ek<337><STEAM_0:4:1939651589><TERRORIST>" with "awp"
L 04/06/2015 - 22:03:09: "BuLBa<335><STEAM_0:4:70818638><CT>" attacked "[Hard_Skill]_4IKIST<338><STEAM_0:4:1573594373><TERRORIST>" with "m4a1" (damage "18") (damage_armor "5") (health "82") (armor "95")
L 04/06/2015 - 22:03:09: "BuLBa<335><STEAM_0:4:70818638><CT>" attacked "[Hard_Skill]_4IKIST<338><STEAM_0:4:1573594373><TERRORIST>" with "m4a1" (damage "18") (damage_armor "4") (health "64") (armor "91")
L 04/06/2015 - 22:03:09: "BuLBa<335><STEAM_0:4:70818638><CT>" attacked "[Hard_Skill]_4IKIST<338><STEAM_0:4:1573594373><TERRORIST>" with "m4a1" (damage "18") (damage_armor "4") (health "46") (armor "87")
L 04/06/2015 - 22:03:10: "BuLBa<335><STEAM_0:4:70818638><CT>" attacked "[Hard_Skill]_4IKIST<338><STEAM_0:4:1573594373><TERRORIST>" with "m4a1" (damage "75") (damage_armor "16") (health "-29") (armor "71")
L 04/06/2015 - 22:03:10: "BuLBa<335><STEAM_0:4:70818638><CT>" killed "[Hard_Skill]_4IKIST<338><STEAM_0:4:1573594373><TERRORIST>" with "m4a1"
L 04/06/2015 - 22:03:10: Team "CT" triggered "CTs_Win" (CT "2") (T "0")
L 04/06/2015 - 22:03:10: World triggered "Round_End"
L 04/06/2015 - 22:03:20: World triggered "Round_Start"
L 04/06/2015 - 22:03:32: [DPROTO]: Client 2 - Set AuthIdType 3 [dp_RevEmu]; pClient = 0xb396fcf0
L 04/06/2015 - 22:03:32: "Kefir<339><STEAM_0:4:2082000133><>" connected, address "178.120.109.81:47046"
L 04/06/2015 - 22:03:33: [VTC] Player 3 speex
L 04/06/2015 - 22:03:33: "Novi4ek<337><STEAM_0:4:1939651589><TERRORIST>" attacked "BuLBa<335><STEAM_0:4:70818638><CT>" with "ak47" (damage "136") (damage_armor "0") (health "-36") (armor "0")
L 04/06/2015 - 22:03:33: "Novi4ek<337><STEAM_0:4:1939651589><TERRORIST>" killed "BuLBa<335><STEAM_0:4:70818638><CT>" with "ak47"
L 04/06/2015 - 22:03:34: "3JlOu_XJlE6yWEK<332><STEAM_0:4:578362190><CT>" attacked "[Hard_Skill]_4IKIST<338><STEAM_0:4:1573594373><TERRORIST>" with "awp" (damage "107") (damage_armor "2") (health "-7") (armor "98")
L 04/06/2015 - 22:03:34: "3JlOu_XJlE6yWEK<332><STEAM_0:4:578362190><CT>" killed "[Hard_Skill]_4IKIST<338><STEAM_0:4:1573594373><TERRORIST>" with "awp"
L 04/06/2015 - 22:03:43: "Novi4ek<337><STEAM_0:4:1939651589><TERRORIST>" attacked "3JlOu_XJlE6yWEK<332><STEAM_0:4:578362190><CT>" with "ak47" (damage "18") (damage_armor "0") (health "82") (armor "0")
L 04/06/2015 - 22:03:48: [DPROTO]: Client 2 - Set AuthIdType 3 [dp_RevEmu]; pClient = 0xb396fcf0
L 04/06/2015 - 22:03:48: "Kefir<340><STEAM_0:4:2082000133><>" connected, address "178.120.109.81:47046"
L 04/06/2015 - 22:03:48: [VTC] Player 3 speex
L 04/06/2015 - 22:04:00: "Novi4ek<337><STEAM_0:4:1939651589><TERRORIST>" attacked "3JlOu_XJlE6yWEK<332><STEAM_0:4:578362190><CT>" with "ak47" (damage "33") (damage_armor "0") (health "49") (armor "0")
L 04/06/2015 - 22:04:00: "Novi4ek<337><STEAM_0:4:1939651589><TERRORIST>" attacked "3JlOu_XJlE6yWEK<332><STEAM_0:4:578362190><CT>" with "ak47" (damage "33") (damage_armor "0") (health "16") (armor "0")
L 04/06/2015 - 22:04:00: "3JlOu_XJlE6yWEK<332><STEAM_0:4:578362190><CT>" attacked "Novi4ek<337><STEAM_0:4:1939651589><TERRORIST>" with "awp" (damage "108") (damage_armor "2") (health "-8") (armor "98")
L 04/06/2015 - 22:04:00: "3JlOu_XJlE6yWEK<332><STEAM_0:4:578362190><CT>" killed "Novi4ek<337><STEAM_0:4:1939651589><TERRORIST>" with "awp"
L 04/06/2015 - 22:04:00: Team "CT" triggered "CTs_Win" (CT "3") (T "0")
L 04/06/2015 - 22:04:00: World triggered "Round_End"
L 04/06/2015 - 22:04:09: "Kefir<340><STEAM_0:4:2082000133><>" entered the game
L 04/06/2015 - 22:04:10: World triggered "Round_Start"
L 04/06/2015 - 22:04:15: "Novi4ek<337><STEAM_0:4:1939651589><TERRORIST>" attacked "BuLBa<335><STEAM_0:4:70818638><CT>" with "m4a1" (damage "27") (damage_armor "0") (health "73") (armor "0")
L 04/06/2015 - 22:04:16: "Novi4ek<337><STEAM_0:4:1939651589><TERRORIST>" attacked "BuLBa<335><STEAM_0:4:70818638><CT>" with "m4a1" (damage "27") (damage_armor "0") (health "46") (armor "0")
L 04/06/2015 - 22:04:16: "BuLBa<335><STEAM_0:4:70818638><CT>" attacked "Novi4ek<337><STEAM_0:4:1939651589><TERRORIST>" with "m4a1" (damage "18") (damage_armor "5") (health "82") (armor "95")
L 04/06/2015 - 22:04:16: "BuLBa<335><STEAM_0:4:70818638><CT>" attacked "Novi4ek<337><STEAM_0:4:1939651589><TERRORIST>" with "m4a1" (damage "75") (damage_armor "16") (health "7") (armor "79")
L 04/06/2015 - 22:04:16: "BuLBa<335><STEAM_0:4:70818638><CT>" attacked "Novi4ek<337><STEAM_0:4:1939651589><TERRORIST>" with "m4a1" (damage "75") (damage_armor "16") (health "-68") (armor "63")
L 04/06/2015 - 22:04:16: "BuLBa<335><STEAM_0:4:70818638><CT>" killed "Novi4ek<337><STEAM_0:4:1939651589><TERRORIST>" with "m4a1"
L 04/06/2015 - 22:04:17: [DPROTO]: Client 4 - Set AuthIdType 3 [dp_RevEmu]; pClient = 0xb3979ad8
L 04/06/2015 - 22:04:17: "Re0XiD<341><STEAM_0:4:308143859><>" connected, address "95.47.231.141:18538"
L 04/06/2015 - 22:04:19: "Re0XiD<341><STEAM_0:4:308143859><>" entered the game
L 04/06/2015 - 22:04:25: "Re0XiD<341><STEAM_0:4:308143859><>" joined team "CT"
L 04/06/2015 - 22:04:26: "Kefir<340><STEAM_0:4:2082000133><>" joined team "TERRORIST"
L 04/06/2015 - 22:04:31: "BuLBa<335><STEAM_0:4:70818638><CT>" attacked "[Hard_Skill]_4IKIST<338><STEAM_0:4:1573594373><TERRORIST>" with "m4a1" (damage "21") (damage_armor "5") (health "79") (armor "95")
L 04/06/2015 - 22:04:31: "[Hard_Skill]_4IKIST<338><STEAM_0:4:1573594373><TERRORIST>" attacked "BuLBa<335><STEAM_0:4:70818638><CT>" with "m4a1" (damage "22") (damage_armor "0") (health "24") (armor "0")
L 04/06/2015 - 22:04:31: "BuLBa<335><STEAM_0:4:70818638><CT>" attacked "[Hard_Skill]_4IKIST<338><STEAM_0:4:1573594373><TERRORIST>" with "m4a1" (damage "21") (damage_armor "4") (health "58") (armor "91")
L 04/06/2015 - 22:04:31: "[Hard_Skill]_4IKIST<338><STEAM_0:4:1573594373><TERRORIST>" attacked "BuLBa<335><STEAM_0:4:70818638><CT>" with "m4a1" (damage "30") (damage_armor "0") (health "-6") (armor "0")
L 04/06/2015 - 22:04:31: "[Hard_Skill]_4IKIST<338><STEAM_0:4:1573594373><TERRORIST>" killed "BuLBa<335><STEAM_0:4:70818638><CT>" with "m4a1"
L 04/06/2015 - 22:04:32: "Kefir<340><STEAM_0:4:2082000133><TERRORIST>" attacked "Re0XiD<341><STEAM_0:4:308143859><CT>" with "ak47" (damage "32") (damage_armor "0") (health "68") (armor "0")
L 04/06/2015 - 22:04:32: "Kefir<340><STEAM_0:4:2082000133><TERRORIST>" attacked "Re0XiD<341><STEAM_0:4:308143859><CT>" with "ak47" (damage "32") (damage_armor "0") (health "36") (armor "0")
L 04/06/2015 - 22:04:34: "Kefir<340><STEAM_0:4:2082000133><TERRORIST>" attacked "Re0XiD<341><STEAM_0:4:308143859><CT>" with "ak47" (damage "128") (damage_armor "0") (health "-92") (armor "0")
L 04/06/2015 - 22:04:34: "Kefir<340><STEAM_0:4:2082000133><TERRORIST>" killed "Re0XiD<341><STEAM_0:4:308143859><CT>" with "ak47"
L 04/06/2015 - 22:04:38: "[Hard_Skill]_4IKIST<338><STEAM_0:4:1573594373><TERRORIST>" attacked "3JlOu_XJlE6yWEK<332><STEAM_0:4:578362190><CT>" with "m4a1" (damage "14") (damage_armor "0") (health "86") (armor "0")
L 04/06/2015 - 22:04:38: "[Hard_Skill]_4IKIST<338><STEAM_0:4:1573594373><TERRORIST>" attacked "3JlOu_XJlE6yWEK<332><STEAM_0:4:578362190><CT>" with "m4a1" (damage "14") (damage_armor "0") (health "72") (armor "0")
L 04/06/2015 - 22:04:39: "[Hard_Skill]_4IKIST<338><STEAM_0:4:1573594373><TERRORIST>" attacked "3JlOu_XJlE6yWEK<332><STEAM_0:4:578362190><CT>" with "m4a1" (damage "14") (damage_armor "0") (health "58") (armor "0")
L 04/06/2015 - 22:04:39: "[Hard_Skill]_4IKIST<338><STEAM_0:4:1573594373><TERRORIST>" attacked "3JlOu_XJlE6yWEK<332><STEAM_0:4:578362190><CT>" with "m4a1" (damage "14") (damage_armor "0") (health "44") (armor "0")
L 04/06/2015 - 22:04:39: "[Hard_Skill]_4IKIST<338><STEAM_0:4:1573594373><TERRORIST>" attacked "3JlOu_XJlE6yWEK<332><STEAM_0:4:578362190><CT>" with "m4a1" (damage "14") (damage_armor "0") (health "30") (armor "0")
L 04/06/2015 - 22:04:39: "[Hard_Skill]_4IKIST<338><STEAM_0:4:1573594373><TERRORIST>" attacked "3JlOu_XJlE6yWEK<332><STEAM_0:4:578362190><CT>" with "m4a1" (damage "14") (damage_armor "0") (health "16") (armor "0")
L 04/06/2015 - 22:04:39: "[Hard_Skill]_4IKIST<338><STEAM_0:4:1573594373><TERRORIST>" attacked "3JlOu_XJlE6yWEK<332><STEAM_0:4:578362190><CT>" with "m4a1" (damage "17") (damage_armor "0") (health "-1") (armor "0")
L 04/06/2015 - 22:04:39: "[Hard_Skill]_4IKIST<338><STEAM_0:4:1573594373><TERRORIST>" killed "3JlOu_XJlE6yWEK<332><STEAM_0:4:578362190><CT>" with "m4a1"
L 04/06/2015 - 22:04:39: Team "TERRORIST" triggered "Terrorists_Win" (CT "3") (T "1")
L 04/06/2015 - 22:04:39: World triggered "Round_End"
L 04/06/2015 - 22:04:49: World triggered "Round_Start"
L 04/06/2015 - 22:04:52: "Novi4ek<337><STEAM_0:4:1939651589><TERRORIST>" attacked "BuLBa<335><STEAM_0:4:70818638><CT>" with "ak47" (damage "132") (damage_armor "0") (health "-32") (armor "0")
L 04/06/2015 - 22:04:52: "Novi4ek<337><STEAM_0:4:1939651589><TERRORIST>" killed "BuLBa<335><STEAM_0:4:70818638><CT>" with "ak47"
L 04/06/2015 - 22:04:54: "[Hard_Skill]_4IKIST<338><STEAM_0:4:1573594373><TERRORIST>" attacked "3JlOu_XJlE6yWEK<332><STEAM_0:4:578362190><CT>" with "m4a1" (damage "9") (damage_armor "0") (health "91") (armor "0")
L 04/06/2015 - 22:04:55: "Novi4ek<337><STEAM_0:4:1939651589><TERRORIST>" attacked "3JlOu_XJlE6yWEK<332><STEAM_0:4:578362190><CT>" with "ak47" (damage "132") (damage_armor "0") (health "-41") (armor "0")
L 04/06/2015 - 22:04:55: "Novi4ek<337><STEAM_0:4:1939651589><TERRORIST>" killed "3JlOu_XJlE6yWEK<332><STEAM_0:4:578362190><CT>" with "ak47"
L 04/06/2015 - 22:04:57: "Kefir<340><STEAM_0:4:2082000133><TERRORIST>" attacked "Re0XiD<341><STEAM_0:4:308143859><CT>" with "m4a1" (damage "28") (damage_armor "0") (health "72") (armor "0")
L 04/06/2015 - 22:04:57: "Kefir<340><STEAM_0:4:2082000133><TERRORIST>" attacked "Re0XiD<341><STEAM_0:4:308143859><CT>" with "m4a1" (damage "21") (damage_armor "0") (health "51") (armor "0")
L 04/06/2015 - 22:04:58: "Re0XiD<341><STEAM_0:4:308143859><CT>" attacked "Kefir<340><STEAM_0:4:2082000133><TERRORIST>" with "ak47" (damage "24") (damage_armor "0") (health "76") (armor "0")
L 04/06/2015 - 22:04:58: "Re0XiD<341><STEAM_0:4:308143859><CT>" attacked "Kefir<340><STEAM_0:4:2082000133><TERRORIST>" with "ak47" (damage "33") (damage_armor "0") (health "43") (armor "0")
L 04/06/2015 - 22:04:58: "Kefir<340><STEAM_0:4:2082000133><TERRORIST>" attacked "Re0XiD<341><STEAM_0:4:308143859><CT>" with "m4a1" (damage "9") (damage_armor "0") (health "42") (armor "0")
L 04/06/2015 - 22:05:18: "Kefir<340><STEAM_0:4:2082000133><TERRORIST>" attacked "Re0XiD<341><STEAM_0:4:308143859><CT>" with "m4a1" (damage "120") (damage_armor "0") (health "-78") (armor "0")
L 04/06/2015 - 22:05:18: "Kefir<340><STEAM_0:4:2082000133><TERRORIST>" killed "Re0XiD<341><STEAM_0:4:308143859><CT>" with "m4a1"
L 04/06/2015 - 22:05:18: Team "TERRORIST" triggered "Terrorists_Win" (CT "3") (T "2")
L 04/06/2015 - 22:05:18: World triggered "Round_End"
L 04/06/2015 - 22:05:28: World triggered "Round_Start"
L 04/06/2015 - 22:05:28: "Novi4ek<337><STEAM_0:4:1939651589><TERRORIST>" attacked "Re0XiD<341><STEAM_0:4:308143859><CT>" with "ak47" (damage "32") (damage_armor "0") (health "68") (armor "0")
L 04/06/2015 - 22:05:28: "Kefir<340><STEAM_0:4:2082000133><TERRORIST>" attacked "Re0XiD<341><STEAM_0:4:308143859><CT>" with "m4a1" (damage "12") (damage_armor "0") (health "56") (armor "0")
L 04/06/2015 - 22:05:29: "Kefir<340><STEAM_0:4:2082000133><TERRORIST>" attacked "Re0XiD<341><STEAM_0:4:308143859><CT>" with "m4a1" (damage "104") (damage_armor "0") (health "-48") (armor "0")
L 04/06/2015 - 22:05:29: "Kefir<340><STEAM_0:4:2082000133><TERRORIST>" killed "Re0XiD<341><STEAM_0:4:308143859><CT>" with "m4a1"
L 04/06/2015 - 22:05:32: "[Hard_Skill]_4IKIST<338><STEAM_0:4:1573594373><TERRORIST>" attacked "BuLBa<335><STEAM_0:4:70818638><CT>" with "awp" (damage "440") (damage_armor "0") (health "-340") (armor "0")
L 04/06/2015 - 22:05:32: "[Hard_Skill]_4IKIST<338><STEAM_0:4:1573594373><TERRORIST>" killed "BuLBa<335><STEAM_0:4:70818638><CT>" with "awp"
L 04/06/2015 - 22:05:33: "Re0XiD<341><STEAM_0:4:308143859><CT>" triggered "weaponstats" (weapon "usp") (shots "10") (hits "0") (kills "0") (headshots "0") (tks "0") (damage "0") (deaths "1")
L 04/06/2015 - 22:05:33: "Re0XiD<341><STEAM_0:4:308143859><CT>" triggered "weaponstats2" (weapon "usp") (head "0") (chest "0") (stomach "0") (leftarm "0") (rightarm "0") (leftleg "0") (rightleg "0")
L 04/06/2015 - 22:05:33: "Re0XiD<341><STEAM_0:4:308143859><CT>" triggered "weaponstats" (weapon "m4a1") (shots "1") (hits "0") (kills "0") (headshots "0") (tks "0") (damage "0") (deaths "1")
L 04/06/2015 - 22:05:33: "Re0XiD<341><STEAM_0:4:308143859><CT>" triggered "weaponstats2" (weapon "m4a1") (head "0") (chest "0") (stomach "0") (leftarm "0") (rightarm "0") (leftleg "0") (rightleg "0")
L 04/06/2015 - 22:05:33: "Re0XiD<341><STEAM_0:4:308143859><CT>" triggered "weaponstats" (weapon "ak47") (shots "14") (hits "2") (kills "0") (headshots "0") (tks "0") (damage "57") (deaths "1")
L 04/06/2015 - 22:05:33: "Re0XiD<341><STEAM_0:4:308143859><CT>" triggered "weaponstats2" (weapon "ak47") (head "0") (chest "0") (stomach "0") (leftarm "0") (rightarm "1") (leftleg "1") (rightleg "0")
L 04/06/2015 - 22:05:33: "Re0XiD<341><STEAM_0:4:308143859><CT>" triggered "time" (time "1:14")
L 04/06/2015 - 22:05:33: "Re0XiD<341><STEAM_0:4:308143859><CT>" triggered "latency" (ping "42")
L 04/06/2015 - 22:05:33: "Re0XiD<341><STEAM_0:4:308143859><CT>" disconnected
L 04/06/2015 - 22:05:37: "3JlOu_XJlE6yWEK<332><STEAM_0:4:578362190><CT>" attacked "[Hard_Skill]_4IKIST<338><STEAM_0:4:1573594373><TERRORIST>" with "m4a1" (damage "19") (damage_armor "5") (health "81") (armor "95")
L 04/06/2015 - 22:05:37: "3JlOu_XJlE6yWEK<332><STEAM_0:4:578362190><CT>" attacked "[Hard_Skill]_4IKIST<338><STEAM_0:4:1573594373><TERRORIST>" with "m4a1" (damage "78") (damage_armor "16") (health "3") (armor "79")
L 04/06/2015 - 22:05:37: "3JlOu_XJlE6yWEK<332><STEAM_0:4:578362190><CT>" attacked "[Hard_Skill]_4IKIST<338><STEAM_0:4:1573594373><TERRORIST>" with "m4a1" (damage "19") (damage_armor "5") (health "-16") (armor "74")
L 04/06/2015 - 22:05:37: "3JlOu_XJlE6yWEK<332><STEAM_0:4:578362190><CT>" killed "[Hard_Skill]_4IKIST<338><STEAM_0:4:1573594373><TERRORIST>" with "m4a1"
L 04/06/2015 - 22:05:41: "Kefir<340><STEAM_0:4:2082000133><TERRORIST>" attacked "3JlOu_XJlE6yWEK<332><STEAM_0:4:578362190><CT>" with "awp" (damage "111") (damage_armor "0") (health "-11") (armor "0")
L 04/06/2015 - 22:05:41: "Kefir<340><STEAM_0:4:2082000133><TERRORIST>" killed "3JlOu_XJlE6yWEK<332><STEAM_0:4:578362190><CT>" with "awp"
L 04/06/2015 - 22:05:41: Team "TERRORIST" triggered "Terrorists_Win" (CT "3") (T "3")
L 04/06/2015 - 22:05:41: World triggered "Round_End"
L 04/06/2015 - 22:05:51: World triggered "Round_Start"
L 04/06/2015 - 22:05:56: "Kefir<340><STEAM_0:4:2082000133><TERRORIST>" attacked "BuLBa<335><STEAM_0:4:70818638><CT>" with "awp" (damage "110") (damage_armor "0") (health "-10") (armor "0")
L 04/06/2015 - 22:05:56: "Kefir<340><STEAM_0:4:2082000133><TERRORIST>" killed "BuLBa<335><STEAM_0:4:70818638><CT>" with "awp"
L 04/06/2015 - 22:06:03: "Novi4ek<337><STEAM_0:4:1939651589><TERRORIST>" attacked "3JlOu_XJlE6yWEK<332><STEAM_0:4:578362190><CT>" with "ak47" (damage "33") (damage_armor "0") (health "67") (armor "0")
L 04/06/2015 - 22:06:03: "Novi4ek<337><STEAM_0:4:1939651589><TERRORIST>" attacked "3JlOu_XJlE6yWEK<332><STEAM_0:4:578362190><CT>" with "ak47" (damage "33") (damage_armor "0") (health "34") (armor "0")
L 04/06/2015 - 22:06:03: "3JlOu_XJlE6yWEK<332><STEAM_0:4:578362190><CT>" attacked "Novi4ek<337><STEAM_0:4:1939651589><TERRORIST>" with "m4a1" (damage "78") (damage_armor "17") (health "22") (armor "83")
L 04/06/2015 - 22:06:07: "Novi4ek<337><STEAM_0:4:1939651589><TERRORIST>" attacked "3JlOu_XJlE6yWEK<332><STEAM_0:4:578362190><CT>" with "ak47" (damage "33") (damage_armor "0") (health "1") (armor "0")
L 04/06/2015 - 22:06:07: "Novi4ek<337><STEAM_0:4:1939651589><TERRORIST>" attacked "3JlOu_XJlE6yWEK<332><STEAM_0:4:578362190><CT>" with "ak47" (damage "132") (damage_armor "0") (health "-131") (armor "0")
L 04/06/2015 - 22:06:07: "Novi4ek<337><STEAM_0:4:1939651589><TERRORIST>" killed "3JlOu_XJlE6yWEK<332><STEAM_0:4:578362190><CT>" with "ak47"
L 04/06/2015 - 22:06:07: Team "TERRORIST" triggered "Terrorists_Win" (CT "3") (T "4")
L 04/06/2015 - 22:06:07: World triggered "Round_End"
L 04/06/2015 - 22:06:17: World triggered "Round_Start"
L 04/06/2015 - 22:06:17: "Kefir<340><STEAM_0:4:2082000133><TERRORIST>" attacked "BuLBa<335><STEAM_0:4:70818638><CT>" with "awp" (damage "111") (damage_armor "0") (health "-11") (armor "0")
L 04/06/2015 - 22:06:17: "Kefir<340><STEAM_0:4:2082000133><TERRORIST>" killed "BuLBa<335><STEAM_0:4:70818638><CT>" with "awp"
L 04/06/2015 - 22:06:22: "[Hard_Skill]_4IKIST<338><STEAM_0:4:1573594373><TERRORIST>" attacked "3JlOu_XJlE6yWEK<332><STEAM_0:4:578362190><CT>" with "awp" (damage "111") (damage_armor "0") (health "-11") (armor "0")
L 04/06/2015 - 22:06:22: "[Hard_Skill]_4IKIST<338><STEAM_0:4:1573594373><TERRORIST>" killed "3JlOu_XJlE6yWEK<332><STEAM_0:4:578362190><CT>" with "awp"
L 04/06/2015 - 22:06:22: Team "TERRORIST" triggered "Terrorists_Win" (CT "3") (T "5")
L 04/06/2015 - 22:06:22: World triggered "Round_End"
L 04/06/2015 - 22:06:29: "3JlOu_XJlE6yWEK<332><STEAM_0:4:578362190><CT>" say "Cerf"
L 04/06/2015 - 22:06:32: World triggered "Round_Start"
L 04/06/2015 - 22:06:39: "Kefir<340><STEAM_0:4:2082000133><TERRORIST>" attacked "BuLBa<335><STEAM_0:4:70818638><CT>" with "awp" (damage "111") (damage_armor "0") (health "-11") (armor "0")
L 04/06/2015 - 22:06:39: "Kefir<340><STEAM_0:4:2082000133><TERRORIST>" killed "BuLBa<335><STEAM_0:4:70818638><CT>" with "awp"
L 04/06/2015 - 22:06:39: "3JlOu_XJlE6yWEK<332><STEAM_0:4:578362190><CT>" attacked "Novi4ek<337><STEAM_0:4:1939651589><TERRORIST>" with "ak47" (damage "26") (damage_armor "4") (health "74") (armor "96")
L 04/06/2015 - 22:06:39: "3JlOu_XJlE6yWEK<332><STEAM_0:4:578362190><CT>" attacked "[Hard_Skill]_4IKIST<338><STEAM_0:4:1573594373><TERRORIST>" with "ak47" (damage "74") (damage_armor "11") (health "26") (armor "89")
L 04/06/2015 - 22:06:39: "3JlOu_XJlE6yWEK<332><STEAM_0:4:578362190><CT>" attacked "[Hard_Skill]_4IKIST<338><STEAM_0:4:1573594373><TERRORIST>" with "ak47" (damage "25") (damage_armor "4") (health "1") (armor "85")
L 04/06/2015 - 22:06:41: "3JlOu_XJlE6yWEK<332><STEAM_0:4:578362190><CT>" attacked "Novi4ek<337><STEAM_0:4:1939651589><TERRORIST>" with "ak47" (damage "15") (damage_armor "3") (health "59") (armor "93")
L 04/06/2015 - 22:06:45: "3JlOu_XJlE6yWEK<332><STEAM_0:4:578362190><CT>" attacked "Kefir<340><STEAM_0:4:2082000133><TERRORIST>" with "ak47" (damage "132") (damage_armor "0") (health "-32") (armor "0")
L 04/06/2015 - 22:06:45: "3JlOu_XJlE6yWEK<332><STEAM_0:4:578362190><CT>" killed "Kefir<340><STEAM_0:4:2082000133><TERRORIST>" with "ak47"
L 04/06/2015 - 22:06:48: "3JlOu_XJlE6yWEK<332><STEAM_0:4:578362190><CT>" attacked "Novi4ek<337><STEAM_0:4:1939651589><TERRORIST>" with "ak47" (damage "26") (damage_armor "3") (health "33") (armor "90")
L 04/06/2015 - 22:06:48: "Novi4ek<337><STEAM_0:4:1939651589><TERRORIST>" attacked "3JlOu_XJlE6yWEK<332><STEAM_0:4:578362190><CT>" with "awp" (damage "112") (damage_armor "0") (health "-12") (armor "0")
L 04/06/2015 - 22:06:48: "Novi4ek<337><STEAM_0:4:1939651589><TERRORIST>" killed "3JlOu_XJlE6yWEK<332><STEAM_0:4:578362190><CT>" with "awp"
L 04/06/2015 - 22:06:48: Team "TERRORIST" triggered "Terrorists_Win" (CT "3") (T "6")
L 04/06/2015 - 22:06:48: World triggered "Round_End"
L 04/06/2015 - 22:06:58: World triggered "Round_Start"
L 04/06/2015 - 22:06:58: "Kefir<340><STEAM_0:4:2082000133><TERRORIST>" attacked "BuLBa<335><STEAM_0:4:70818638><CT>" with "glock18" (damage "28") (damage_armor "0") (health "72") (armor "0")
L 04/06/2015 - 22:06:58: "[Hard_Skill]_4IKIST<338><STEAM_0:4:1573594373><TERRORIST>" attacked "3JlOu_XJlE6yWEK<332><STEAM_0:4:578362190><CT>" with "awp" (damage "110") (damage_armor "0") (health "-10") (armor "0")
L 04/06/2015 - 22:06:58: "[Hard_Skill]_4IKIST<338><STEAM_0:4:1573594373><TERRORIST>" killed "3JlOu_XJlE6yWEK<332><STEAM_0:4:578362190><CT>" with "awp"
L 04/06/2015 - 22:06:58: "Novi4ek<337><STEAM_0:4:1939651589><TERRORIST>" attacked "BuLBa<335><STEAM_0:4:70818638><CT>" with "awp" (damage "110") (damage_armor "0") (health "-38") (armor "0")
L 04/06/2015 - 22:06:58: "Novi4ek<337><STEAM_0:4:1939651589><TERRORIST>" killed "BuLBa<335><STEAM_0:4:70818638><CT>" with "awp"
L 04/06/2015 - 22:06:58: Team "TERRORIST" triggered "Terrorists_Win" (CT "3") (T "7")
L 04/06/2015 - 22:06:58: World triggered "Round_End"
L 04/06/2015 - 22:07:08: World triggered "Round_Start"
L 04/06/2015 - 22:07:09: "Kefir<340><STEAM_0:4:2082000133><TERRORIST>" attacked "3JlOu_XJlE6yWEK<332><STEAM_0:4:578362190><CT>" with "m4a1" (damage "13") (damage_armor "0") (health "87") (armor "0")
L 04/06/2015 - 22:07:09: "Kefir<340><STEAM_0:4:2082000133><TERRORIST>" attacked "3JlOu_XJlE6yWEK<332><STEAM_0:4:578362190><CT>" with "m4a1" (damage "76") (damage_armor "0") (health "11") (armor "0")
L 04/06/2015 - 22:07:11: "Kefir<340><STEAM_0:4:2082000133><TERRORIST>" attacked "3JlOu_XJlE6yWEK<332><STEAM_0:4:578362190><CT>" with "m4a1" (damage "26") (damage_armor "0") (health "-15") (armor "0")
L 04/06/2015 - 22:07:11: "Kefir<340><STEAM_0:4:2082000133><TERRORIST>" killed "3JlOu_XJlE6yWEK<332><STEAM_0:4:578362190><CT>" with "m4a1"
L 04/06/2015 - 22:07:14: "Novi4ek<337><STEAM_0:4:1939651589><TERRORIST>" attacked "BuLBa<335><STEAM_0:4:70818638><CT>" with "awp" (damage "111") (damage_armor "0") (health "-11") (armor "0")
L 04/06/2015 - 22:07:14: "Novi4ek<337><STEAM_0:4:1939651589><TERRORIST>" killed "BuLBa<335><STEAM_0:4:70818638><CT>" with "awp"
L 04/06/2015 - 22:07:14: Team "TERRORIST" triggered "Terrorists_Win" (CT "3") (T "8")
L 04/06/2015 - 22:07:14: World triggered "Round_End"
L 04/06/2015 - 22:07:24: World triggered "Round_Start"
L 04/06/2015 - 22:07:25: "Kefir<340><STEAM_0:4:2082000133><TERRORIST>" attacked "BuLBa<335><STEAM_0:4:70818638><CT>" with "awp" (damage "110") (damage_armor "0") (health "-10") (armor "0")
L 04/06/2015 - 22:07:25: "Kefir<340><STEAM_0:4:2082000133><TERRORIST>" killed "BuLBa<335><STEAM_0:4:70818638><CT>" with "awp"
L 04/06/2015 - 22:07:28: "3JlOu_XJlE6yWEK<332><STEAM_0:4:578362190><CT>" attacked "Kefir<340><STEAM_0:4:2082000133><TERRORIST>" with "m4a1" (damage "28") (damage_armor "0") (health "72") (armor "0")
L 04/06/2015 - 22:07:28: "Kefir<340><STEAM_0:4:2082000133><TERRORIST>" attacked "3JlOu_XJlE6yWEK<332><STEAM_0:4:578362190><CT>" with "awp" (damage "111") (damage_armor "0") (health "-11") (armor "0")
L 04/06/2015 - 22:07:28: "Kefir<340><STEAM_0:4:2082000133><TERRORIST>" killed "3JlOu_XJlE6yWEK<332><STEAM_0:4:578362190><CT>" with "awp"
L 04/06/2015 - 22:07:28: Team "TERRORIST" triggered "Terrorists_Win" (CT "3") (T "9")
L 04/06/2015 - 22:07:28: World triggered "Round_End"
L 04/06/2015 - 22:07:29: "[Hard_Skill]_4IKIST<338><STEAM_0:4:1573594373><TERRORIST>" committed suicide with "world"
L 04/06/2015 - 22:07:29: "[Hard_Skill]_4IKIST<338><STEAM_0:4:1573594373><TERRORIST>" joined team "TERRORIST"
L 04/06/2015 - 22:07:38: World triggered "Round_Start"
L 04/06/2015 - 22:07:41: "Kefir<340><STEAM_0:4:2082000133><TERRORIST>" attacked "3JlOu_XJlE6yWEK<332><STEAM_0:4:578362190><CT>" with "awp" (damage "110") (damage_armor "0") (health "-10") (armor "0")
L 04/06/2015 - 22:07:41: "Kefir<340><STEAM_0:4:2082000133><TERRORIST>" killed "3JlOu_XJlE6yWEK<332><STEAM_0:4:578362190><CT>" with "awp"
L 04/06/2015 - 22:07:44: "Novi4ek<337><STEAM_0:4:1939651589><TERRORIST>" attacked "BuLBa<335><STEAM_0:4:70818638><CT>" with "awp" (damage "110") (damage_armor "0") (health "-10") (armor "0")
L 04/06/2015 - 22:07:44: "Novi4ek<337><STEAM_0:4:1939651589><TERRORIST>" killed "BuLBa<335><STEAM_0:4:70818638><CT>" with "awp"
L 04/06/2015 - 22:07:44: Team "TERRORIST" triggered "Terrorists_Win" (CT "3") (T "10")
L 04/06/2015 - 22:07:44: World triggered "Round_End"
L 04/06/2015 - 22:07:54: World triggered "Round_Start"
L 04/06/2015 - 22:07:56: "Novi4ek<337><STEAM_0:4:1939651589><TERRORIST>" attacked "BuLBa<335><STEAM_0:4:70818638><CT>" with "awp" (damage "110") (damage_armor "0") (health "-10") (armor "0")
L 04/06/2015 - 22:07:56: "Novi4ek<337><STEAM_0:4:1939651589><TERRORIST>" killed "BuLBa<335><STEAM_0:4:70818638><CT>" with "awp"
L 04/06/2015 - 22:08:00: "3JlOu_XJlE6yWEK<332><STEAM_0:4:578362190><CT>" attacked "Kefir<340><STEAM_0:4:2082000133><TERRORIST>" with "m4a1" (damage "112") (damage_armor "0") (health "-12") (armor "0")
L 04/06/2015 - 22:08:00: "3JlOu_XJlE6yWEK<332><STEAM_0:4:578362190><CT>" killed "Kefir<340><STEAM_0:4:2082000133><TERRORIST>" with "m4a1"
L 04/06/2015 - 22:08:03: "Kefir<340><STEAM_0:4:2082000133><TERRORIST>" joined team "CT"
L 04/06/2015 - 22:08:07: "Novi4ek<337><STEAM_0:4:1939651589><TERRORIST>" attacked "3JlOu_XJlE6yWEK<332><STEAM_0:4:578362190><CT>" with "awp" (damage "111") (damage_armor "0") (health "-11") (armor "0")
L 04/06/2015 - 22:08:07: "Novi4ek<337><STEAM_0:4:1939651589><TERRORIST>" killed "3JlOu_XJlE6yWEK<332><STEAM_0:4:578362190><CT>" with "awp"
L 04/06/2015 - 22:08:07: Team "TERRORIST" triggered "Terrorists_Win" (CT "3") (T "11")
L 04/06/2015 - 22:08:07: World triggered "Round_End"
L 04/06/2015 - 22:08:17: World triggered "Round_Start"
L 04/06/2015 - 22:08:27: "3JlOu_XJlE6yWEK<332><STEAM_0:4:578362190><CT>" attacked "Novi4ek<337><STEAM_0:4:1939651589><TERRORIST>" with "m4a1" (damage "84") (damage_armor "18") (health "16") (armor "82")
L 04/06/2015 - 22:08:27: "3JlOu_XJlE6yWEK<332><STEAM_0:4:578362190><CT>" attacked "Novi4ek<337><STEAM_0:4:1939651589><TERRORIST>" with "m4a1" (damage "84") (damage_armor "18") (health "-68") (armor "64")
L 04/06/2015 - 22:08:27: "3JlOu_XJlE6yWEK<332><STEAM_0:4:578362190><CT>" killed "Novi4ek<337><STEAM_0:4:1939651589><TERRORIST>" with "m4a1"
L 04/06/2015 - 22:08:27: Team "CT" triggered "CTs_Win" (CT "4") (T "11")
L 04/06/2015 - 22:08:27: World triggered "Round_End"
L 04/06/2015 - 22:08:37: World triggered "Round_Start"
L 04/06/2015 - 22:08:37: "3JlOu_XJlE6yWEK<332><STEAM_0:4:578362190><CT>" attacked "Novi4ek<337><STEAM_0:4:1939651589><TERRORIST>" with "m4a1" (damage "19") (damage_armor "5") (health "81") (armor "95")
L 04/06/2015 - 22:08:37: "3JlOu_XJlE6yWEK<332><STEAM_0:4:578362190><CT>" attacked "Novi4ek<337><STEAM_0:4:1939651589><TERRORIST>" with "m4a1" (damage "78") (damage_armor "16") (health "3") (armor "79")
L 04/06/2015 - 22:08:42: "Kefir<340><STEAM_0:4:2082000133><CT>" attacked "Novi4ek<337><STEAM_0:4:1939651589><TERRORIST>" with "awp" (damage "107") (damage_armor "2") (health "-104") (armor "77")
L 04/06/2015 - 22:08:42: "Kefir<340><STEAM_0:4:2082000133><CT>" killed "Novi4ek<337><STEAM_0:4:1939651589><TERRORIST>" with "awp"
L 04/06/2015 - 22:08:42: Team "CT" triggered "CTs_Win" (CT "5") (T "11")
L 04/06/2015 - 22:08:42: World triggered "Round_End"
L 04/06/2015 - 22:08:52: World triggered "Round_Start"
L 04/06/2015 - 22:08:59: "Novi4ek<337><STEAM_0:4:1939651589><TERRORIST>" attacked "3JlOu_XJlE6yWEK<332><STEAM_0:4:578362190><CT>" with "ak47" (damage "34") (damage_armor "0") (health "66") (armor "0")
L 04/06/2015 - 22:08:59: "3JlOu_XJlE6yWEK<332><STEAM_0:4:578362190><CT>" attacked "Novi4ek<337><STEAM_0:4:1939651589><TERRORIST>" with "m4a1" (damage "81") (damage_armor "18") (health "19") (armor "82")
L 04/06/2015 - 22:09:00: "Novi4ek<337><STEAM_0:4:1939651589><TERRORIST>" attacked "3JlOu_XJlE6yWEK<332><STEAM_0:4:578362190><CT>" with "ak47" (damage "34") (damage_armor "0") (health "32") (armor "0")
L 04/06/2015 - 22:09:00: "Kefir<340><STEAM_0:4:2082000133><CT>" attacked "Novi4ek<337><STEAM_0:4:1939651589><TERRORIST>" with "awp" (damage "109") (damage_armor "1") (health "-90") (armor "81")
L 04/06/2015 - 22:09:00: "Kefir<340><STEAM_0:4:2082000133><CT>" killed "Novi4ek<337><STEAM_0:4:1939651589><TERRORIST>" with "awp"
L 04/06/2015 - 22:09:00: Team "CT" triggered "CTs_Win" (CT "6") (T "11")
L 04/06/2015 - 22:09:00: World triggered "Round_End"
L 04/06/2015 - 22:09:10: World triggered "Round_Start"
L 04/06/2015 - 22:09:16: "Novi4ek<337><STEAM_0:4:1939651589><TERRORIST>" attacked "Kefir<340><STEAM_0:4:2082000133><CT>" with "ak47" (damage "33") (damage_armor "0") (health "67") (armor "0")
L 04/06/2015 - 22:09:17: "BuLBa<335><STEAM_0:4:70818638><CT>" attacked "Novi4ek<337><STEAM_0:4:1939651589><TERRORIST>" with "m4a1" (damage "18") (damage_armor "4") (health "82") (armor "96")
L 04/06/2015 - 22:09:18: "BuLBa<335><STEAM_0:4:70818638><CT>" attacked "Novi4ek<337><STEAM_0:4:1939651589><TERRORIST>" with "m4a1" (damage "18") (damage_armor "4") (health "64") (armor "92")
L 04/06/2015 - 22:09:18: "BuLBa<335><STEAM_0:4:70818638><CT>" attacked "Novi4ek<337><STEAM_0:4:1939651589><TERRORIST>" with "m4a1" (damage "72") (damage_armor "16") (health "-8") (armor "76")
L 04/06/2015 - 22:09:18: "BuLBa<335><STEAM_0:4:70818638><CT>" killed "Novi4ek<337><STEAM_0:4:1939651589><TERRORIST>" with "m4a1"
L 04/06/2015 - 22:09:18: Team "CT" triggered "CTs_Win" (CT "7") (T "11")
L 04/06/2015 - 22:09:18: World triggered "Round_End"
L 04/06/2015 - 22:09:20: "Kefir<340><STEAM_0:4:2082000133><CT>" committed suicide with "world"
L 04/06/2015 - 22:09:20: "Kefir<340><STEAM_0:4:2082000133><CT>" joined team "TERRORIST"
L 04/06/2015 - 22:09:28: World triggered "Round_Start"
L 04/06/2015 - 22:09:30: "Kefir<340><STEAM_0:4:2082000133><TERRORIST>" attacked "BuLBa<335><STEAM_0:4:70818638><CT>" with "ak47" (damage "132") (damage_armor "0") (health "-32") (armor "0")
L 04/06/2015 - 22:09:30: "Kefir<340><STEAM_0:4:2082000133><TERRORIST>" killed "BuLBa<335><STEAM_0:4:70818638><CT>" with "ak47"
L 04/06/2015 - 22:09:45: "Kefir<340><STEAM_0:4:2082000133><TERRORIST>" attacked "3JlOu_XJlE6yWEK<332><STEAM_0:4:578362190><CT>" with "knife" (damage "65") (damage_armor "0") (health "35") (armor "0")
L 04/06/2015 - 22:09:46: "Kefir<340><STEAM_0:4:2082000133><TERRORIST>" attacked "3JlOu_XJlE6yWEK<332><STEAM_0:4:578362190><CT>" with "knife" (damage "65") (damage_armor "0") (health "-30") (armor "0")
L 04/06/2015 - 22:09:46: "Kefir<340><STEAM_0:4:2082000133><TERRORIST>" killed "3JlOu_XJlE6yWEK<332><STEAM_0:4:578362190><CT>" with "knife"
L 04/06/2015 - 22:09:46: Team "TERRORIST" triggered "Terrorists_Win" (CT "7") (T "12")
L 04/06/2015 - 22:09:46: World triggered "Round_End"
L 04/06/2015 - 22:09:56: World triggered "Round_Start"
L 04/06/2015 - 22:09:56: "Kefir<340><STEAM_0:4:2082000133><TERRORIST>" attacked "BuLBa<335><STEAM_0:4:70818638><CT>" with "awp" (damage "110") (damage_armor "0") (health "-10") (armor "0")
L 04/06/2015 - 22:09:56: "Kefir<340><STEAM_0:4:2082000133><TERRORIST>" killed "BuLBa<335><STEAM_0:4:70818638><CT>" with "awp"
L 04/06/2015 - 22:09:56: "Novi4ek<337><STEAM_0:4:1939651589><TERRORIST>" attacked "3JlOu_XJlE6yWEK<332><STEAM_0:4:578362190><CT>" with "ak47" (damage "41") (damage_armor "0") (health "59") (armor "0")
L 04/06/2015 - 22:09:57: "Novi4ek<337><STEAM_0:4:1939651589><TERRORIST>" attacked "3JlOu_XJlE6yWEK<332><STEAM_0:4:578362190><CT>" with "ak47" (damage "33") (damage_armor "0") (health "26") (armor "0")
L 04/06/2015 - 22:09:57: "Novi4ek<337><STEAM_0:4:1939651589><TERRORIST>" attacked "3JlOu_XJlE6yWEK<332><STEAM_0:4:578362190><CT>" with "ak47" (damage "41") (damage_armor "0") (health "-15") (armor "0")
L 04/06/2015 - 22:09:57: "Novi4ek<337><STEAM_0:4:1939651589><TERRORIST>" killed "3JlOu_XJlE6yWEK<332><STEAM_0:4:578362190><CT>" with "ak47"
L 04/06/2015 - 22:09:57: Team "TERRORIST" triggered "Terrorists_Win" (CT "7") (T "13")
L 04/06/2015 - 22:09:57: World triggered "Round_End"
L 04/06/2015 - 22:10:07: World triggered "Round_Start"
L 04/06/2015 - 22:10:07: "Novi4ek<337><STEAM_0:4:1939651589><TERRORIST>" attacked "3JlOu_XJlE6yWEK<332><STEAM_0:4:578362190><CT>" with "ak47" (damage "132") (damage_armor "0") (health "-32") (armor "0")
L 04/06/2015 - 22:10:07: "Novi4ek<337><STEAM_0:4:1939651589><TERRORIST>" killed "3JlOu_XJlE6yWEK<332><STEAM_0:4:578362190><CT>" with "ak47"
L 04/06/2015 - 22:10:09: "Kefir<340><STEAM_0:4:2082000133><TERRORIST>" attacked "BuLBa<335><STEAM_0:4:70818638><CT>" with "awp" (damage "110") (damage_armor "0") (health "-10") (armor "0")
L 04/06/2015 - 22:10:09: "Kefir<340><STEAM_0:4:2082000133><TERRORIST>" killed "BuLBa<335><STEAM_0:4:70818638><CT>" with "awp"
L 04/06/2015 - 22:10:09: Team "TERRORIST" triggered "Terrorists_Win" (CT "7") (T "14")
L 04/06/2015 - 22:10:09: World triggered "Round_End"
L 04/06/2015 - 22:10:19: World triggered "Round_Start"
L 04/06/2015 - 22:10:19: "Kefir<340><STEAM_0:4:2082000133><TERRORIST>" attacked "BuLBa<335><STEAM_0:4:70818638><CT>" with "awp" (damage "109") (damage_armor "0") (health "-9") (armor "0")
L 04/06/2015 - 22:10:19: "Kefir<340><STEAM_0:4:2082000133><TERRORIST>" killed "BuLBa<335><STEAM_0:4:70818638><CT>" with "awp"
L 04/06/2015 - 22:10:24: "3JlOu_XJlE6yWEK<332><STEAM_0:4:578362190><CT>" attacked "Kefir<340><STEAM_0:4:2082000133><TERRORIST>" with "m4a1" (damage "112") (damage_armor "0") (health "-12") (armor "0")
L 04/06/2015 - 22:10:24: "3JlOu_XJlE6yWEK<332><STEAM_0:4:578362190><CT>" killed "Kefir<340><STEAM_0:4:2082000133><TERRORIST>" with "m4a1"
L 04/06/2015 - 22:10:47: "Novi4ek<337><STEAM_0:4:1939651589><TERRORIST>" attacked "3JlOu_XJlE6yWEK<332><STEAM_0:4:578362190><CT>" with "ak47" (damage "42") (damage_armor "0") (health "58") (armor "0")
L 04/06/2015 - 22:10:47: "Novi4ek<337><STEAM_0:4:1939651589><TERRORIST>" attacked "3JlOu_XJlE6yWEK<332><STEAM_0:4:578362190><CT>" with "ak47" (damage "42") (damage_armor "0") (health "16") (armor "0")
L 04/06/2015 - 22:10:47: "Novi4ek<337><STEAM_0:4:1939651589><TERRORIST>" attacked "3JlOu_XJlE6yWEK<332><STEAM_0:4:578362190><CT>" with "ak47" (damage "34") (damage_armor "0") (health "-18") (armor "0")
L 04/06/2015 - 22:10:47: "Novi4ek<337><STEAM_0:4:1939651589><TERRORIST>" killed "3JlOu_XJlE6yWEK<332><STEAM_0:4:578362190><CT>" with "ak47"
L 04/06/2015 - 22:10:48: Team "TERRORIST" triggered "Terrorists_Win" (CT "7") (T "15")
L 04/06/2015 - 22:10:48: World triggered "Round_End"
L 04/06/2015 - 22:10:58: World triggered "Round_Start"
L 04/06/2015 - 22:10:58: "Kefir<340><STEAM_0:4:2082000133><TERRORIST>" attacked "BuLBa<335><STEAM_0:4:70818638><CT>" with "glock18" (damage "24") (damage_armor "0") (health "76") (armor "0")
L 04/06/2015 - 22:11:00: "Novi4ek<337><STEAM_0:4:1939651589><TERRORIST>" attacked "3JlOu_XJlE6yWEK<332><STEAM_0:4:578362190><CT>" with "ak47" (damage "33") (damage_armor "0") (health "67") (armor "0")
L 04/06/2015 - 22:11:01: "3JlOu_XJlE6yWEK<332><STEAM_0:4:578362190><CT>" attacked "Novi4ek<337><STEAM_0:4:1939651589><TERRORIST>" with "ak47" (damage "25") (damage_armor "4") (health "75") (armor "96")
L 04/06/2015 - 22:11:03: "Kefir<340><STEAM_0:4:2082000133><TERRORIST>" attacked "BuLBa<335><STEAM_0:4:70818638><CT>" with "ak47" (damage "15") (damage_armor "0") (health "61") (armor "0")
L 04/06/2015 - 22:11:06: "Kefir<340><STEAM_0:4:2082000133><TERRORIST>" attacked "BuLBa<335><STEAM_0:4:70818638><CT>" with "ak47" (damage "16") (damage_armor "0") (health "45") (armor "0")
L 04/06/2015 - 22:11:06: "Kefir<340><STEAM_0:4:2082000133><TERRORIST>" attacked "BuLBa<335><STEAM_0:4:70818638><CT>" with "ak47" (damage "12") (damage_armor "0") (health "33") (armor "0")
L 04/06/2015 - 22:11:07: "BuLBa<335><STEAM_0:4:70818638><CT>" attacked "Kefir<340><STEAM_0:4:2082000133><TERRORIST>" with "ak47" (damage "34") (damage_armor "0") (health "66") (armor "0")
L 04/06/2015 - 22:11:07: "Novi4ek<337><STEAM_0:4:1939651589><TERRORIST>" attacked "BuLBa<335><STEAM_0:4:70818638><CT>" with "ak47" (damage "132") (damage_armor "0") (health "-99") (armor "0")
L 04/06/2015 - 22:11:07: "Novi4ek<337><STEAM_0:4:1939651589><TERRORIST>" killed "BuLBa<335><STEAM_0:4:70818638><CT>" with "ak47"
L 04/06/2015 - 22:11:10: "3JlOu_XJlE6yWEK<332><STEAM_0:4:578362190><CT>" attacked "Novi4ek<337><STEAM_0:4:1939651589><TERRORIST>" with "ak47" (damage "24") (damage_armor "0") (health "51") (armor "96")
L 04/06/2015 - 22:11:10: "3JlOu_XJlE6yWEK<332><STEAM_0:4:578362190><CT>" attacked "Novi4ek<337><STEAM_0:4:1939651589><TERRORIST>" with "ak47" (damage "25") (damage_armor "4") (health "26") (armor "92")
L 04/06/2015 - 22:11:11: "Novi4ek<337><STEAM_0:4:1939651589><TERRORIST>" attacked "3JlOu_XJlE6yWEK<332><STEAM_0:4:578362190><CT>" with "ak47" (damage "34") (damage_armor "0") (health "33") (armor "0")
L 04/06/2015 - 22:11:11: "3JlOu_XJlE6yWEK<332><STEAM_0:4:578362190><CT>" attacked "Novi4ek<337><STEAM_0:4:1939651589><TERRORIST>" with "ak47" (damage "25") (damage_armor "4") (health "1") (armor "88")
L 04/06/2015 - 22:11:11: "3JlOu_XJlE6yWEK<332><STEAM_0:4:578362190><CT>" attacked "Novi4ek<337><STEAM_0:4:1939651589><TERRORIST>" with "ak47" (damage "102") (damage_armor "14") (health "-101") (armor "74")
L 04/06/2015 - 22:11:11: "3JlOu_XJlE6yWEK<332><STEAM_0:4:578362190><CT>" killed "Novi4ek<337><STEAM_0:4:1939651589><TERRORIST>" with "ak47"
L 04/06/2015 - 22:11:19: "3JlOu_XJlE6yWEK<332><STEAM_0:4:578362190><CT>" attacked "Kefir<340><STEAM_0:4:2082000133><TERRORIST>" with "ak47" (damage "140") (damage_armor "0") (health "-74") (armor "0")
L 04/06/2015 - 22:11:19: "3JlOu_XJlE6yWEK<332><STEAM_0:4:578362190><CT>" killed "Kefir<340><STEAM_0:4:2082000133><TERRORIST>" with "ak47"
L 04/06/2015 - 22:11:19: Team "CT" triggered "CTs_Win" (CT "8") (T "15")
L 04/06/2015 - 22:11:19: World triggered "Round_End"
L 04/06/2015 - 22:11:29: World triggered "Round_Start"
L 04/06/2015 - 22:11:36: "Kefir<340><STEAM_0:4:2082000133><TERRORIST>" attacked "BuLBa<335><STEAM_0:4:70818638><CT>" with "ak47" (damage "132") (damage_armor "0") (health "-32") (armor "0")
L 04/06/2015 - 22:11:36: "Kefir<340><STEAM_0:4:2082000133><TERRORIST>" killed "BuLBa<335><STEAM_0:4:70818638><CT>" with "ak47"
L 04/06/2015 - 22:11:39: "Novi4ek<337><STEAM_0:4:1939651589><TERRORIST>" attacked "3JlOu_XJlE6yWEK<332><STEAM_0:4:578362190><CT>" with "ak47" (damage "34") (damage_armor "0") (health "66") (armor "0")
L 04/06/2015 - 22:11:40: "Kefir<340><STEAM_0:4:2082000133><TERRORIST>" attacked "3JlOu_XJlE6yWEK<332><STEAM_0:4:578362190><CT>" with "ak47" (damage "136") (damage_armor "0") (health "-70") (armor "0")
L 04/06/2015 - 22:11:40: "Kefir<340><STEAM_0:4:2082000133><TERRORIST>" killed "3JlOu_XJlE6yWEK<332><STEAM_0:4:578362190><CT>" with "ak47"
L 04/06/2015 - 22:11:40: Team "TERRORIST" triggered "Terrorists_Win" (CT "8") (T "16")
L 04/06/2015 - 22:11:40: World triggered "Round_End"
L 04/06/2015 - 22:11:50: World triggered "Round_Start"
L 04/06/2015 - 22:11:54: "Kefir<340><STEAM_0:4:2082000133><TERRORIST>" attacked "BuLBa<335><STEAM_0:4:70818638><CT>" with "awp" (damage "110") (damage_armor "0") (health "-10") (armor "0")
L 04/06/2015 - 22:11:54: "Kefir<340><STEAM_0:4:2082000133><TERRORIST>" killed "BuLBa<335><STEAM_0:4:70818638><CT>" with "awp"
L 04/06/2015 - 22:11:58: "Kefir<340><STEAM_0:4:2082000133><TERRORIST>" attacked "3JlOu_XJlE6yWEK<332><STEAM_0:4:578362190><CT>" with "awp" (damage "444") (damage_armor "0") (health "-344") (armor "0")
L 04/06/2015 - 22:11:58: "Kefir<340><STEAM_0:4:2082000133><TERRORIST>" killed "3JlOu_XJlE6yWEK<332><STEAM_0:4:578362190><CT>" with "awp"
L 04/06/2015 - 22:11:58: Team "TERRORIST" triggered "Terrorists_Win" (CT "8") (T "17")
L 04/06/2015 - 22:11:58: World triggered "Round_End"
L 04/06/2015 - 22:12:08: World triggered "Round_Start"
L 04/06/2015 - 22:12:08: "Novi4ek<337><STEAM_0:4:1939651589><TERRORIST>" attacked "3JlOu_XJlE6yWEK<332><STEAM_0:4:578362190><CT>" with "ak47" (damage "33") (damage_armor "0") (health "67") (armor "0")
L 04/06/2015 - 22:12:09: "Novi4ek<337><STEAM_0:4:1939651589><TERRORIST>" attacked "3JlOu_XJlE6yWEK<332><STEAM_0:4:578362190><CT>" with "ak47" (damage "33") (damage_armor "0") (health "34") (armor "0")
L 04/06/2015 - 22:12:11: "Novi4ek<337><STEAM_0:4:1939651589><TERRORIST>" attacked "3JlOu_XJlE6yWEK<332><STEAM_0:4:578362190><CT>" with "ak47" (damage "33") (damage_armor "0") (health "1") (armor "0")
L 04/06/2015 - 22:12:17: "Novi4ek<337><STEAM_0:4:1939651589><TERRORIST>" attacked "BuLBa<335><STEAM_0:4:70818638><CT>" with "ak47" (damage "33") (damage_armor "0") (health "67") (armor "0")
L 04/06/2015 - 22:12:17: "BuLBa<335><STEAM_0:4:70818638><CT>" attacked "Novi4ek<337><STEAM_0:4:1939651589><TERRORIST>" with "ak47" (damage "11") (damage_armor "2") (health "89") (armor "98")
L 04/06/2015 - 22:12:22: "Novi4ek<337><STEAM_0:4:1939651589><TERRORIST>" attacked "BuLBa<335><STEAM_0:4:70818638><CT>" with "deagle" (damage "24") (damage_armor "0") (health "43") (armor "0")
L 04/06/2015 - 22:12:23: "Kefir<340><STEAM_0:4:2082000133><TERRORIST>" attacked "3JlOu_XJlE6yWEK<332><STEAM_0:4:578362190><CT>" with "awp" (damage "112") (damage_armor "0") (health "-111") (armor "0")
L 04/06/2015 - 22:12:23: "Kefir<340><STEAM_0:4:2082000133><TERRORIST>" killed "3JlOu_XJlE6yWEK<332><STEAM_0:4:578362190><CT>" with "awp"
L 04/06/2015 - 22:12:26: "BuLBa<335><STEAM_0:4:70818638><CT>" attacked "Kefir<340><STEAM_0:4:2082000133><TERRORIST>" with "ak47" (damage "12") (damage_armor "0") (health "88") (armor "0")
L 04/06/2015 - 22:12:28: "Novi4ek<337><STEAM_0:4:1939651589><TERRORIST>" attacked "BuLBa<335><STEAM_0:4:70818638><CT>" with "deagle" (damage "38") (damage_armor "0") (health "5") (armor "0")
L 04/06/2015 - 22:12:28: "Novi4ek<337><STEAM_0:4:1939651589><TERRORIST>" attacked "BuLBa<335><STEAM_0:4:70818638><CT>" with "deagle" (damage "24") (damage_armor "0") (health "-19") (armor "0")
L 04/06/2015 - 22:12:28: "Novi4ek<337><STEAM_0:4:1939651589><TERRORIST>" killed "BuLBa<335><STEAM_0:4:70818638><CT>" with "deagle"
L 04/06/2015 - 22:12:28: Team "TERRORIST" triggered "Terrorists_Win" (CT "8") (T "18")
L 04/06/2015 - 22:12:28: World triggered "Round_End"
L 04/06/2015 - 22:12:38: World triggered "Round_Start"
L 04/06/2015 - 22:12:38: "BuLBa<335><STEAM_0:4:70818638><CT>" attacked "Novi4ek<337><STEAM_0:4:1939651589><TERRORIST>" with "usp" (damage "26") (damage_armor "13") (health "74") (armor "87")
L 04/06/2015 - 22:12:38: "Novi4ek<337><STEAM_0:4:1939651589><TERRORIST>" attacked "3JlOu_XJlE6yWEK<332><STEAM_0:4:578362190><CT>" with "ak47" (damage "24") (damage_armor "0") (health "76") (armor "0")
L 04/06/2015 - 22:12:38: "Novi4ek<337><STEAM_0:4:1939651589><TERRORIST>" attacked "3JlOu_XJlE6yWEK<332><STEAM_0:4:578362190><CT>" with "ak47" (damage "41") (damage_armor "0") (health "35") (armor "0")
L 04/06/2015 - 22:12:40: "Kefir<340><STEAM_0:4:2082000133><TERRORIST>" attacked "3JlOu_XJlE6yWEK<332><STEAM_0:4:578362190><CT>" with "awp" (damage "110") (damage_armor "0") (health "-75") (armor "0")
L 04/06/2015 - 22:12:40: "Kefir<340><STEAM_0:4:2082000133><TERRORIST>" killed "3JlOu_XJlE6yWEK<332><STEAM_0:4:578362190><CT>" with "awp"
L 04/06/2015 - 22:12:41: "Novi4ek<337><STEAM_0:4:1939651589><TERRORIST>" attacked "BuLBa<335><STEAM_0:4:70818638><CT>" with "ak47" (damage "41") (damage_armor "0") (health "59") (armor "0")
L 04/06/2015 - 22:12:42: "Kefir<340><STEAM_0:4:2082000133><TERRORIST>" attacked "BuLBa<335><STEAM_0:4:70818638><CT>" with "awp" (damage "110") (damage_armor "0") (health "-51") (armor "0")
L 04/06/2015 - 22:12:42: "Kefir<340><STEAM_0:4:2082000133><TERRORIST>" killed "BuLBa<335><STEAM_0:4:70818638><CT>" with "awp"
L 04/06/2015 - 22:12:42: Team "TERRORIST" triggered "Terrorists_Win" (CT "8") (T "19")
L 04/06/2015 - 22:12:42: World triggered "Round_End"
L 04/06/2015 - 22:12:45: "[Hard_Skill]_4IKIST<338><STEAM_0:4:1573594373><TERRORIST>" triggered "Game_idle_kick" (auto)
L 04/06/2015 - 22:12:45: Kick: "[Hard_Skill]_4IKIST<338><STEAM_0:4:1573594373><>" was kicked by "Console"
L 04/06/2015 - 22:12:45: "[Hard_Skill]_4IKIST<338><STEAM_0:4:1573594373><TERRORIST>" triggered "weaponstats" (weapon "glock18") (shots "1") (hits "0") (kills "0") (headshots "0") (tks "0") (damage "0") (deaths "0")
L 04/06/2015 - 22:12:45: "[Hard_Skill]_4IKIST<338><STEAM_0:4:1573594373><TERRORIST>" triggered "weaponstats2" (weapon "glock18") (head "0") (chest "0") (stomach "0") (leftarm "0") (rightarm "0") (leftleg "0") (rightleg "0")
L 04/06/2015 - 22:12:45: "[Hard_Skill]_4IKIST<338><STEAM_0:4:1573594373><TERRORIST>" triggered "weaponstats" (weapon "awp") (shots "11") (hits "3") (kills "3") (headshots "1") (tks "0") (damage "661") (deaths "0")
L 04/06/2015 - 22:12:45: "[Hard_Skill]_4IKIST<338><STEAM_0:4:1573594373><TERRORIST>" triggered "weaponstats2" (weapon "awp") (head "1") (chest "1") (stomach "0") (leftarm "1") (rightarm "0") (leftleg "0") (rightleg "0")
L 04/06/2015 - 22:12:45: "[Hard_Skill]_4IKIST<338><STEAM_0:4:1573594373><TERRORIST>" triggered "weaponstats" (weapon "m4a1") (shots "33") (hits "10") (kills "2") (headshots "0") (tks "0") (damage "162") (deaths "1")
L 04/06/2015 - 22:12:45: "[Hard_Skill]_4IKIST<338><STEAM_0:4:1573594373><TERRORIST>" triggered "weaponstats2" (weapon "m4a1") (head "0") (chest "3") (stomach "1") (leftarm "3") (rightarm "1") (leftleg "1") (rightleg "1")
L 04/06/2015 - 22:12:45: "[Hard_Skill]_4IKIST<338><STEAM_0:4:1573594373><TERRORIST>" triggered "weaponstats" (weapon "deagle") (shots "2") (hits "0") (kills "0") (headshots "0") (tks "0") (damage "0") (deaths "1")
L 04/06/2015 - 22:12:45: "[Hard_Skill]_4IKIST<338><STEAM_0:4:1573594373><TERRORIST>" triggered "weaponstats2" (weapon "deagle") (head "0") (chest "0") (stomach "0") (leftarm "0") (rightarm "0") (leftleg "0") (rightleg "0")
L 04/06/2015 - 22:12:45: "[Hard_Skill]_4IKIST<338><STEAM_0:4:1573594373><TERRORIST>" triggered "weaponstats" (weapon "ak47") (shots "14") (hits "0") (kills "0") (headshots "0") (tks "0") (damage "0") (deaths "1")
L 04/06/2015 - 22:12:45: "[Hard_Skill]_4IKIST<338><STEAM_0:4:1573594373><TERRORIST>" triggered "weaponstats2" (weapon "ak47") (head "0") (chest "0") (stomach "0") (leftarm "0") (rightarm "0") (leftleg "0") (rightleg "0")
L 04/06/2015 - 22:12:45: "[Hard_Skill]_4IKIST<338><STEAM_0:4:1573594373><TERRORIST>" triggered "time" (time "10:01")
L 04/06/2015 - 22:12:45: "[Hard_Skill]_4IKIST<338><STEAM_0:4:1573594373><TERRORIST>" triggered "latency" (ping "31")
L 04/06/2015 - 22:12:45: "[Hard_Skill]_4IKIST<338><STEAM_0:4:1573594373><TERRORIST>" disconnected
L 04/06/2015 - 22:12:52: World triggered "Round_Start"
L 04/06/2015 - 22:12:52: "Kefir<340><STEAM_0:4:2082000133><TERRORIST>" attacked "BuLBa<335><STEAM_0:4:70818638><CT>" with "awp" (damage "109") (damage_armor "0") (health "-9") (armor "0")
L 04/06/2015 - 22:12:52: "Kefir<340><STEAM_0:4:2082000133><TERRORIST>" killed "BuLBa<335><STEAM_0:4:70818638><CT>" with "awp"
L 04/06/2015 - 22:12:57: "3JlOu_XJlE6yWEK<332><STEAM_0:4:578362190><CT>" attacked "Kefir<340><STEAM_0:4:2082000133><TERRORIST>" with "m4a1" (damage "35") (damage_armor "0") (health "65") (armor "0")
L 04/06/2015 - 22:12:57: "Kefir<340><STEAM_0:4:2082000133><TERRORIST>" attacked "3JlOu_XJlE6yWEK<332><STEAM_0:4:578362190><CT>" with "awp" (damage "111") (damage_armor "0") (health "-11") (armor "0")
L 04/06/2015 - 22:12:57: "Kefir<340><STEAM_0:4:2082000133><TERRORIST>" killed "3JlOu_XJlE6yWEK<332><STEAM_0:4:578362190><CT>" with "awp"
L 04/06/2015 - 22:12:57: Team "TERRORIST" triggered "Terrorists_Win" (CT "8") (T "20")
L 04/06/2015 - 22:12:57: World triggered "Round_End"
L 04/06/2015 - 22:13:07: World triggered "Round_Start"
L 04/06/2015 - 22:13:07: "Kefir<340><STEAM_0:4:2082000133><TERRORIST>" attacked "BuLBa<335><STEAM_0:4:70818638><CT>" with "awp" (damage "110") (damage_armor "0") (health "-10") (armor "0")
L 04/06/2015 - 22:13:07: "Kefir<340><STEAM_0:4:2082000133><TERRORIST>" killed "BuLBa<335><STEAM_0:4:70818638><CT>" with "awp"
L 04/06/2015 - 22:13:12: "Kefir<340><STEAM_0:4:2082000133><TERRORIST>" attacked "3JlOu_XJlE6yWEK<332><STEAM_0:4:578362190><CT>" with "awp" (damage "111") (damage_armor "0") (health "-11") (armor "0")
L 04/06/2015 - 22:13:12: "Kefir<340><STEAM_0:4:2082000133><TERRORIST>" killed "3JlOu_XJlE6yWEK<332><STEAM_0:4:578362190><CT>" with "awp"
L 04/06/2015 - 22:13:12: Team "TERRORIST" triggered "Terrorists_Win" (CT "8") (T "21")
L 04/06/2015 - 22:13:12: World triggered "Round_End"
L 04/06/2015 - 22:13:19: "Novi4ek<337><STEAM_0:4:1939651589><TERRORIST>" committed suicide with "world"
L 04/06/2015 - 22:13:19: "Novi4ek<337><STEAM_0:4:1939651589><TERRORIST>" joined team "SPECTATOR"
L 04/06/2015 - 22:13:22: World triggered "Round_Start"
L 04/06/2015 - 22:13:26: "Kefir<340><STEAM_0:4:2082000133><TERRORIST>" attacked "3JlOu_XJlE6yWEK<332><STEAM_0:4:578362190><CT>" with "m4a1" (damage "28") (damage_armor "0") (health "72") (armor "0")
L 04/06/2015 - 22:13:26: "Kefir<340><STEAM_0:4:2082000133><TERRORIST>" attacked "3JlOu_XJlE6yWEK<332><STEAM_0:4:578362190><CT>" with "m4a1" (damage "112") (damage_armor "0") (health "-40") (armor "0")
L 04/06/2015 - 22:13:26: "Kefir<340><STEAM_0:4:2082000133><TERRORIST>" killed "3JlOu_XJlE6yWEK<332><STEAM_0:4:578362190><CT>" with "m4a1"
L 04/06/2015 - 22:13:27: "BuLBa<335><STEAM_0:4:70818638><CT>" attacked "Kefir<340><STEAM_0:4:2082000133><TERRORIST>" with "m4a1" (damage "28") (damage_armor "0") (health "72") (armor "0")
L 04/06/2015 - 22:13:27: "BuLBa<335><STEAM_0:4:70818638><CT>" attacked "Kefir<340><STEAM_0:4:2082000133><TERRORIST>" with "m4a1" (damage "28") (damage_armor "0") (health "44") (armor "0")
L 04/06/2015 - 22:13:27: [DPROTO]: Client 4 - Set AuthIdType 1 [dp_SteamEmu]; pClient = 0xb3979ad8
L 04/06/2015 - 22:13:27: "DrapomVxlam<342><STEAM_0:0:522401316><>" connected, address "37.215.91.92:18214"
L 04/06/2015 - 22:13:27: [VTC] Player 5 speex
L 04/06/2015 - 22:13:34: [DPROTO]: Client 4 - Set AuthIdType 1 [dp_SteamEmu]; pClient = 0xb3979ad8
L 04/06/2015 - 22:13:34: "DrapomVxlam<343><STEAM_0:0:522401316><>" connected, address "37.215.91.92:18214"
L 04/06/2015 - 22:13:34: [VTC] Player 5 speex
L 04/06/2015 - 22:13:34: "Kefir<340><STEAM_0:4:2082000133><TERRORIST>" attacked "BuLBa<335><STEAM_0:4:70818638><CT>" with "ak47" (damage "33") (damage_armor "0") (health "67") (armor "0")
L 04/06/2015 - 22:13:35: "Kefir<340><STEAM_0:4:2082000133><TERRORIST>" attacked "BuLBa<335><STEAM_0:4:70818638><CT>" with "ak47" (damage "33") (damage_armor "0") (health "34") (armor "0")
L 04/06/2015 - 22:13:41: "DrapomVxlam<343><STEAM_0:0:522401316><>" entered the game
L 04/06/2015 - 22:13:44: "Kefir<340><STEAM_0:4:2082000133><TERRORIST>" attacked "BuLBa<335><STEAM_0:4:70818638><CT>" with "ak47" (damage "136") (damage_armor "0") (health "-102") (armor "0")
L 04/06/2015 - 22:13:44: "Kefir<340><STEAM_0:4:2082000133><TERRORIST>" killed "BuLBa<335><STEAM_0:4:70818638><CT>" with "ak47"
L 04/06/2015 - 22:13:44: Team "TERRORIST" triggered "Terrorists_Win" (CT "8") (T "22")
L 04/06/2015 - 22:13:44: World triggered "Round_End"
L 04/06/2015 - 22:13:46: "DrapomVxlam<343><STEAM_0:0:522401316><>" joined team "CT"
L 04/06/2015 - 22:13:54: World triggered "Round_Start"
L 04/06/2015 - 22:13:57: "Novi4ek<337><STEAM_0:4:1939651589><SPECTATOR>" triggered "amx_chat" (text "Kefir<STEAM_0:4:2082000133>   . : .")
L 04/06/2015 - 22:14:07: Kick: "Kefir<340><STEAM_0:4:2082000133><>" was kicked by "Console" (message "     .   .")
L 04/06/2015 - 22:14:07: "Kefir<340><STEAM_0:4:2082000133><TERRORIST>" triggered "weaponstats" (weapon "usp") (shots "1") (hits "0") (kills "0") (headshots "0") (tks "0") (damage "0") (deaths "0")
L 04/06/2015 - 22:14:07: "Kefir<340><STEAM_0:4:2082000133><TERRORIST>" triggered "weaponstats2" (weapon "usp") (head "0") (chest "0") (stomach "0") (leftarm "0") (rightarm "0") (leftleg "0") (rightleg "0")
L 04/06/2015 - 22:14:07: "Kefir<340><STEAM_0:4:2082000133><TERRORIST>" triggered "weaponstats" (weapon "glock18") (shots "10") (hits "2") (kills "0") (headshots "0") (tks "0") (damage "52") (deaths "0")
L 04/06/2015 - 22:14:07: "Kefir<340><STEAM_0:4:2082000133><TERRORIST>" triggered "weaponstats2" (weapon "glock18") (head "2") (chest "0") (stomach "0") (leftarm "0") (rightarm "0") (leftleg "0") (rightleg "0")
L 04/06/2015 - 22:14:07: "Kefir<340><STEAM_0:4:2082000133><TERRORIST>" triggered "weaponstats" (weapon "awp") (shots "35") (hits "21") (kills "21") (headshots "1") (tks "0") (damage "2646") (deaths "4")
L 04/06/2015 - 22:14:07: "Kefir<340><STEAM_0:4:2082000133><TERRORIST>" triggered "weaponstats2" (weapon "awp") (head "1") (chest "4") (stomach "0") (leftarm "14") (rightarm "2") (leftleg "0") (rightleg "0")
L 04/06/2015 - 22:14:07: "Kefir<340><STEAM_0:4:2082000133><TERRORIST>" triggered "weaponstats" (weapon "m4a1") (shots "35") (hits "11") (kills "4") (headshots "3") (tks "0") (damage "549") (deaths "0")
L 04/06/2015 - 22:14:07: "Kefir<340><STEAM_0:4:2082000133><TERRORIST>" triggered "weaponstats2" (weapon "m4a1") (head "4") (chest "0") (stomach "0") (leftarm "4") (rightarm "1") (leftleg "0") (rightleg "2")
L 04/06/2015 - 22:14:07: "Kefir<340><STEAM_0:4:2082000133><TERRORIST>" triggered "weaponstats" (weapon "ak47") (shots "72") (hits "12") (kills "5") (headshots "5") (tks "0") (damage "837") (deaths "0")
L 04/06/2015 - 22:14:07: "Kefir<340><STEAM_0:4:2082000133><TERRORIST>" triggered "weaponstats2" (weapon "ak47") (head "5") (chest "3") (stomach "0") (leftarm "4") (rightarm "0") (leftleg "0") (rightleg "0")
L 04/06/2015 - 22:14:07: "Kefir<340><STEAM_0:4:2082000133><TERRORIST>" triggered "weaponstats" (weapon "knife") (shots "14") (hits "2") (kills "1") (headshots "0") (tks "0") (damage "130") (deaths "0")
L 04/06/2015 - 22:14:07: "Kefir<340><STEAM_0:4:2082000133><TERRORIST>" triggered "weaponstats2" (weapon "knife") (head "1") (chest "0") (stomach "0") (leftarm "0") (rightarm "0") (leftleg "0") (rightleg "0")
L 04/06/2015 - 22:14:07: "Kefir<340><STEAM_0:4:2082000133><TERRORIST>" triggered "time" (time "9:58")
L 04/06/2015 - 22:14:07: "Kefir<340><STEAM_0:4:2082000133><TERRORIST>" triggered "latency" (ping "61")
L 04/06/2015 - 22:14:07: "Kefir<340><STEAM_0:4:2082000133><TERRORIST>" disconnected
L 04/06/2015 - 22:14:10: "Novi4ek<337><STEAM_0:4:1939651589><SPECTATOR>" joined team "TERRORIST"
L 04/06/2015 - 22:14:10: World triggered "Game_Commencing"
L 04/06/2015 - 22:14:10: World triggered "Game_Commencing" (CT "8") (T "22")
L 04/06/2015 - 22:14:10: World triggered "Round_End"
L 04/06/2015 - 22:14:11: "3JlOu_XJlE6yWEK<332><STEAM_0:4:578362190><CT>" committed suicide with "world"
L 04/06/2015 - 22:14:11: "3JlOu_XJlE6yWEK<332><STEAM_0:4:578362190><CT>" joined team "TERRORIST"
L 04/06/2015 - 22:14:18: World triggered "Round_Start"
L 04/06/2015 - 22:14:23: "DrapomVxlam<343><STEAM_0:0:522401316><CT>" attacked "Novi4ek<337><STEAM_0:4:1939651589><TERRORIST>" with "ak47" (damage "11") (damage_armor "2") (health "89") (armor "98")
L 04/06/2015 - 22:14:23: "Novi4ek<337><STEAM_0:4:1939651589><TERRORIST>" attacked "DrapomVxlam<343><STEAM_0:0:522401316><CT>" with "ak47" (damage "33") (damage_armor "0") (health "67") (armor "0")
L 04/06/2015 - 22:14:23: "Novi4ek<337><STEAM_0:4:1939651589><TERRORIST>" attacked "DrapomVxlam<343><STEAM_0:0:522401316><CT>" with "ak47" (damage "41") (damage_armor "0") (health "26") (armor "0")
L 04/06/2015 - 22:14:23: "DrapomVxlam<343><STEAM_0:0:522401316><CT>" attacked "Novi4ek<337><STEAM_0:4:1939651589><TERRORIST>" with "ak47" (damage "25") (damage_armor "4") (health "64") (armor "94")
L 04/06/2015 - 22:14:24: "Novi4ek<337><STEAM_0:4:1939651589><TERRORIST>" attacked "DrapomVxlam<343><STEAM_0:0:522401316><CT>" with "ak47" (damage "33") (damage_armor "0") (health "-7") (armor "0")
L 04/06/2015 - 22:14:24: "Novi4ek<337><STEAM_0:4:1939651589><TERRORIST>" killed "DrapomVxlam<343><STEAM_0:0:522401316><CT>" with "ak47"
L 04/06/2015 - 22:14:28: "Novi4ek<337><STEAM_0:4:1939651589><TERRORIST>" attacked "BuLBa<335><STEAM_0:4:70818638><CT>" with "ak47" (damage "34") (damage_armor "0") (health "66") (armor "0")
L 04/06/2015 - 22:14:28: "Novi4ek<337><STEAM_0:4:1939651589><TERRORIST>" attacked "BuLBa<335><STEAM_0:4:70818638><CT>" with "ak47" (damage "34") (damage_armor "0") (health "32") (armor "0")
L 04/06/2015 - 22:14:28: "Novi4ek<337><STEAM_0:4:1939651589><TERRORIST>" attacked "BuLBa<335><STEAM_0:4:70818638><CT>" with "ak47" (damage "136") (damage_armor "0") (health "-104") (armor "0")
L 04/06/2015 - 22:14:28: "Novi4ek<337><STEAM_0:4:1939651589><TERRORIST>" killed "BuLBa<335><STEAM_0:4:70818638><CT>" with "ak47"
L 04/06/2015 - 22:14:28: Team "TERRORIST" triggered "Terrorists_Win" (CT "0") (T "1")
L 04/06/2015 - 22:14:28: World triggered "Round_End"
L 04/06/2015 - 22:14:38: World triggered "Round_Start"
L 04/06/2015 - 22:14:38: "Novi4ek<337><STEAM_0:4:1939651589><TERRORIST>" attacked "BuLBa<335><STEAM_0:4:70818638><CT>" with "ak47" (damage "33") (damage_armor "0") (health "67") (armor "0")
L 04/06/2015 - 22:14:42: "DrapomVxlam<343><STEAM_0:0:522401316><CT>" attacked "Novi4ek<337><STEAM_0:4:1939651589><TERRORIST>" with "ak47" (damage "102") (damage_armor "15") (health "-2") (armor "85")
L 04/06/2015 - 22:14:42: "DrapomVxlam<343><STEAM_0:0:522401316><CT>" killed "Novi4ek<337><STEAM_0:4:1939651589><TERRORIST>" with "ak47"
L 04/06/2015 - 22:15:01: "3JlOu_XJlE6yWEK<332><STEAM_0:4:578362190><TERRORIST>" attacked "DrapomVxlam<343><STEAM_0:0:522401316><CT>" with "ak47" (damage "42") (damage_armor "0") (health "58") (armor "0")
L 04/06/2015 - 22:15:03: "DrapomVxlam<343><STEAM_0:0:522401316><CT>" attacked "3JlOu_XJlE6yWEK<332><STEAM_0:4:578362190><TERRORIST>" with "ak47" (damage "34") (damage_armor "0") (health "66") (armor "0")
L 04/06/2015 - 22:15:03: "3JlOu_XJlE6yWEK<332><STEAM_0:4:578362190><TERRORIST>" attacked "BuLBa<335><STEAM_0:4:70818638><CT>" with "ak47" (damage "25") (damage_armor "0") (health "42") (armor "0")
L 04/06/2015 - 22:15:03: "BuLBa<335><STEAM_0:4:70818638><CT>" attacked "3JlOu_XJlE6yWEK<332><STEAM_0:4:578362190><TERRORIST>" with "m4a1" (damage "30") (damage_armor "0") (health "36") (armor "0")
L 04/06/2015 - 22:15:04: "BuLBa<335><STEAM_0:4:70818638><CT>" attacked "3JlOu_XJlE6yWEK<332><STEAM_0:4:578362190><TERRORIST>" with "m4a1" (damage "16") (damage_armor "0") (health "20") (armor "0")
L 04/06/2015 - 22:15:04: "BuLBa<335><STEAM_0:4:70818638><CT>" attacked "3JlOu_XJlE6yWEK<332><STEAM_0:4:578362190><TERRORIST>" with "m4a1" (damage "22") (damage_armor "0") (health "-2") (armor "0")
L 04/06/2015 - 22:15:04: "BuLBa<335><STEAM_0:4:70818638><CT>" killed "3JlOu_XJlE6yWEK<332><STEAM_0:4:578362190><TERRORIST>" with "m4a1"
L 04/06/2015 - 22:15:04: Team "CT" triggered "CTs_Win" (CT "1") (T "1")
L 04/06/2015 - 22:15:04: World triggered "Round_End"
L 04/06/2015 - 22:15:10: "Novi4ek<337><STEAM_0:4:1939651589><TERRORIST>" triggered "weaponstats" (weapon "glock18") (shots "1") (hits "0") (kills "0") (headshots "0") (tks "0") (damage "0") (deaths "0")
L 04/06/2015 - 22:15:10: "Novi4ek<337><STEAM_0:4:1939651589><TERRORIST>" triggered "weaponstats2" (weapon "glock18") (head "0") (chest "0") (stomach "0") (leftarm "0") (rightarm "0") (leftleg "0") (rightleg "0")
L 04/06/2015 - 22:15:10: "Novi4ek<337><STEAM_0:4:1939651589><TERRORIST>" triggered "weaponstats" (weapon "awp") (shots "10") (hits "4") (kills "4") (headshots "0") (tks "0") (damage "442") (deaths "1")
L 04/06/2015 - 22:15:10: "Novi4ek<337><STEAM_0:4:1939651589><TERRORIST>" triggered "weaponstats2" (weapon "awp") (head "0") (chest "1") (stomach "0") (leftarm "3") (rightarm "0") (leftleg "0") (rightleg "0")
L 04/06/2015 - 22:15:10: "Novi4ek<337><STEAM_0:4:1939651589><TERRORIST>" triggered "weaponstats" (weapon "m4a1") (shots "7") (hits "2") (kills "0") (headshots "0") (tks "0") (damage "54") (deaths "1")
L 04/06/2015 - 22:15:10: "Novi4ek<337><STEAM_0:4:1939651589><TERRORIST>" triggered "weaponstats2" (weapon "m4a1") (head "0") (chest "0") (stomach "0") (leftarm "1") (rightarm "1") (leftleg "0") (rightleg "0")
L 04/06/2015 - 22:15:10: "Novi4ek<337><STEAM_0:4:1939651589><TERRORIST>" triggered "weaponstats" (weapon "deagle") (shots "7") (hits "5") (kills "3") (headshots "0") (tks "0") (damage "308") (deaths "0")
L 04/06/2015 - 22:15:10: "Novi4ek<337><STEAM_0:4:1939651589><TERRORIST>" triggered "weaponstats2" (weapon "deagle") (head "0") (chest "0") (stomach "1") (leftarm "3") (rightarm "0") (leftleg "1") (rightleg "0")
L 04/06/2015 - 22:15:10: "Novi4ek<337><STEAM_0:4:1939651589><TERRORIST>" triggered "weaponstats" (weapon "ak47") (shots "266") (hits "44") (kills "11") (headshots "8") (tks "0") (damage "2255") (deaths "8")
L 04/06/2015 - 22:15:10: "Novi4ek<337><STEAM_0:4:1939651589><TERRORIST>" triggered "weaponstats2" (weapon "ak47") (head "8") (chest "4") (stomach "9") (leftarm "17") (rightarm "4") (leftleg "2") (rightleg "0")
L 04/06/2015 - 22:15:10: "Novi4ek<337><STEAM_0:4:1939651589><TERRORIST>" triggered "weaponstats" (weapon "knife") (shots "3") (hits "0") (kills "0") (headshots "0") (tks "0") (damage "0") (deaths "0")
L 04/06/2015 - 22:15:10: "Novi4ek<337><STEAM_0:4:1939651589><TERRORIST>" triggered "weaponstats2" (weapon "knife") (head "0") (chest "0") (stomach "0") (leftarm "0") (rightarm "0") (leftleg "0") (rightleg "0")
L 04/06/2015 - 22:15:10: "Novi4ek<337><STEAM_0:4:1939651589><TERRORIST>" triggered "time" (time "13:09")
L 04/06/2015 - 22:15:10: "Novi4ek<337><STEAM_0:4:1939651589><TERRORIST>" triggered "latency" (ping "92")
L 04/06/2015 - 22:15:10: "3JlOu_XJlE6yWEK<332><STEAM_0:4:578362190><TERRORIST>" triggered "weaponstats" (weapon "usp") (shots "42") (hits "0") (kills "0") (headshots "0") (tks "0") (damage "0") (deaths "5")
L 04/06/2015 - 22:15:10: "3JlOu_XJlE6yWEK<332><STEAM_0:4:578362190><TERRORIST>" triggered "weaponstats2" (weapon "usp") (head "0") (chest "0") (stomach "0") (leftarm "0") (rightarm "0") (leftleg "0") (rightleg "0")
L 04/06/2015 - 22:15:10: "3JlOu_XJlE6yWEK<332><STEAM_0:4:578362190><TERRORIST>" triggered "weaponstats" (weapon "awp") (shots "16") (hits "5") (kills "4") (headshots "2") (tks "0") (damage "942") (deaths "1")
L 04/06/2015 - 22:15:10: "3JlOu_XJlE6yWEK<332><STEAM_0:4:578362190><TERRORIST>" triggered "weaponstats2" (weapon "awp") (head "2") (chest "2") (stomach "0") (leftarm "0") (rightarm "0") (leftleg "1") (rightleg "0")
L 04/06/2015 - 22:15:10: "3JlOu_XJlE6yWEK<332><STEAM_0:4:578362190><TERRORIST>" triggered "weaponstats" (weapon "m4a1") (shots "84") (hits "13") (kills "4") (headshots "3") (tks "0") (damage "827") (deaths "11")
L 04/06/2015 - 22:15:10: "3JlOu_XJlE6yWEK<332><STEAM_0:4:578362190><TERRORIST>" triggered "weaponstats2" (weapon "m4a1") (head "8") (chest "0") (stomach "1") (leftarm "3") (rightarm "1") (leftleg "0") (rightleg "0")
L 04/06/2015 - 22:15:10: "3JlOu_XJlE6yWEK<332><STEAM_0:4:578362190><TERRORIST>" triggered "weaponstats" (weapon "ak47") (shots "80") (hits "14") (kills "3") (headshots "3") (tks "0") (damage "706") (deaths "6")
L 04/06/2015 - 22:15:10: "3JlOu_XJlE6yWEK<332><STEAM_0:4:578362190><TERRORIST>" triggered "weaponstats2" (weapon "ak47") (head "5") (chest "1") (stomach "2") (leftarm "2") (rightarm "2") (leftleg "1") (rightleg "1")
L 04/06/2015 - 22:15:10: "3JlOu_XJlE6yWEK<332><STEAM_0:4:578362190><TERRORIST>" triggered "time" (time "13:15")
L 04/06/2015 - 22:15:10: "3JlOu_XJlE6yWEK<332><STEAM_0:4:578362190><TERRORIST>" triggered "latency" (ping "51")
L 04/06/2015 - 22:15:10: "BuLBa<335><STEAM_0:4:70818638><CT>" triggered "weaponstats" (weapon "usp") (shots "10") (hits "1") (kills "0") (headshots "0") (tks "0") (damage "26") (deaths "9")
L 04/06/2015 - 22:15:10: "BuLBa<335><STEAM_0:4:70818638><CT>" triggered "weaponstats2" (weapon "usp") (head "1") (chest "0") (stomach "0") (leftarm "0") (rightarm "0") (leftleg "0") (rightleg "0")
L 04/06/2015 - 22:15:10: "BuLBa<335><STEAM_0:4:70818638><CT>" triggered "weaponstats" (weapon "m4a1") (shots "97") (hits "17") (kills "4") (headshots "3") (tks "0") (damage "571") (deaths "14")
L 04/06/2015 - 22:15:10: "BuLBa<335><STEAM_0:4:70818638><CT>" triggered "weaponstats2" (weapon "m4a1") (head "4") (chest "4") (stomach "0") (leftarm "7") (rightarm "0") (leftleg "0") (rightleg "2")
L 04/06/2015 - 22:15:10: "BuLBa<335><STEAM_0:4:70818638><CT>" triggered "weaponstats" (weapon "ak47") (shots "34") (hits "3") (kills "0") (headshots "0") (tks "0") (damage "57") (deaths "3")
L 04/06/2015 - 22:15:10: "BuLBa<335><STEAM_0:4:70818638><CT>" triggered "weaponstats2" (weapon "ak47") (head "0") (chest "0") (stomach "0") (leftarm "2") (rightarm "0") (leftleg "0") (rightleg "1")
L 04/06/2015 - 22:15:10: "BuLBa<335><STEAM_0:4:70818638><CT>" triggered "time" (time "13:17")
L 04/06/2015 - 22:15:10: "BuLBa<335><STEAM_0:4:70818638><CT>" triggered "latency" (ping "35")
L 04/06/2015 - 22:15:10: "DrapomVxlam<343><STEAM_0:0:522401316><CT>" triggered "weaponstats" (weapon "ak47") (shots "30") (hits "4") (kills "1") (headshots "1") (tks "0") (damage "172") (deaths "1")
L 04/06/2015 - 22:15:10: "DrapomVxlam<343><STEAM_0:0:522401316><CT>" triggered "weaponstats2" (weapon "ak47") (head "1") (chest "1") (stomach "0") (leftarm "2") (rightarm "0") (leftleg "0") (rightleg "0")
L 04/06/2015 - 22:15:10: "DrapomVxlam<343><STEAM_0:0:522401316><CT>" triggered "time" (time "1:28")
L 04/06/2015 - 22:15:10: "DrapomVxlam<343><STEAM_0:0:522401316><CT>" triggered "latency" (ping "34")
L 04/06/2015 - 22:15:10: [META] ini: Begin re-reading plugins list: /home/extazy/public/cstrike/addons/metamod/plugins.ini
L 04/06/2015 - 22:15:10: [META] ini: Read plugin config for: AMX Mod X
L 04/06/2015 - 22:15:10: [META] ini: Read plugin config for: dproto_EF
L 04/06/2015 - 22:15:10: [META] ini: Read plugin config for: VoiceTranscoder
L 04/06/2015 - 22:15:10: [META] ini: Finished reading plugins list: /home/extazy/public/cstrike/addons/metamod/plugins.ini; Found 3 plugins
L 04/06/2015 - 22:15:10: [META] dll: Updating plugins...
L 04/06/2015 - 22:15:10: [META] dll: Finished updating 12 plugins; kept 3, loaded 0, unloaded 0, reloaded 0, delayed 0
L 04/06/2015 - 22:15:10: "Novi4ek<337><STEAM_0:4:1939651589><TERRORIST>" disconnected
L 04/06/2015 - 22:15:10: "3JlOu_XJlE6yWEK<332><STEAM_0:4:578362190><TERRORIST>" disconnected
L 04/06/2015 - 22:15:10: "BuLBa<335><STEAM_0:4:70818638><CT>" disconnected
L 04/06/2015 - 22:15:10: "DrapomVxlam<343><STEAM_0:0:522401316><CT>" disconnected
L 04/06/2015 - 22:15:10: World triggered "Round_Draw" (CT "1") (T "1")
L 04/06/2015 - 22:15:10: World triggered "Round_End"
L 04/06/2015 - 22:15:10: Log file closed
