L 04/02/2015 - 22:32:28: Log file started (file "logs/L0402070.log") (game "cstrike") (version "48/1.6.3.7/Stdio/5787")
L 04/02/2015 - 22:32:28: Loading map "de_go_go_go"
L 04/02/2015 - 22:32:28: Server cvars start
L 04/02/2015 - 22:32:28: Server cvar "_tutor_bomb_viewable_check_interval" = "0.5"
L 04/02/2015 - 22:32:28: Server cvar "_tutor_debug_level" = "0"
L 04/02/2015 - 22:32:28: Server cvar "_tutor_examine_time" = "0.5"
L 04/02/2015 - 22:32:28: Server cvar "_tutor_hint_interval_time" = "10.0"
L 04/02/2015 - 22:32:28: Server cvar "_tutor_look_angle" = "10"
L 04/02/2015 - 22:32:28: Server cvar "_tutor_look_distance" = "200"
L 04/02/2015 - 22:32:28: Server cvar "_tutor_message_character_display_time_coefficient" = "0.07"
L 04/02/2015 - 22:32:28: Server cvar "_tutor_message_minimum_display_time" = "1"
L 04/02/2015 - 22:32:28: Server cvar "_tutor_message_repeats" = "5"
L 04/02/2015 - 22:32:28: Server cvar "_tutor_view_distance" = "1000"
L 04/02/2015 - 22:32:28: Server cvar "aesp_version" = "1.5b_mini"
L 04/02/2015 - 22:32:28: Server cvar "allow_spectators" = "4"
L 04/02/2015 - 22:32:28: Server cvar "amx_client_languages" = "0"
L 04/02/2015 - 22:32:28: Server cvar "amx_contactinfo" = "ICQ: 691322983"
L 04/02/2015 - 22:32:28: Server cvar "amx_language" = "ru"
L 04/02/2015 - 22:32:28: Server cvar "amx_nextmap" = "awp_india"
L 04/02/2015 - 22:32:28: Server cvar "amx_timeleft" = "29:09"
L 04/02/2015 - 22:32:28: Server cvar "amxbans_ssversion" = "Gm 1.6"
L 04/02/2015 - 22:32:28: Server cvar "amxbans_version" = "Gm 1.6"
L 04/02/2015 - 22:32:28: Server cvar "amxmodx_version" = "1.8.1.3746"
L 04/02/2015 - 22:32:28: Server cvar "Colored Translit Cheat" = "Loaded"
L 04/02/2015 - 22:32:28: Server cvar "Colored Translit Config" = "Loaded"
L 04/02/2015 - 22:32:28: Server cvar "Colored Translit Ignores" = "Loaded"
L 04/02/2015 - 22:32:28: Server cvar "Colored Translit Replace" = "Failed"
L 04/02/2015 - 22:32:28: Server cvar "Colored Translit Spam" = "Loaded"
L 04/02/2015 - 22:32:28: Server cvar "Colored Translit Status" = "Loaded"
L 04/02/2015 - 22:32:28: Server cvar "Colored Translit Swear" = "Loaded"
L 04/02/2015 - 22:32:28: Server cvar "Colored Translit Version" = "2.0b Final"
L 04/02/2015 - 22:32:28: Server cvar "coop" = "0"
L 04/02/2015 - 22:32:28: Server cvar "deathmatch" = "1"
L 04/02/2015 - 22:32:28: Server cvar "decalfrequency" = "9"
L 04/02/2015 - 22:32:28: Server cvar "dp_version" = "0.9.391"
L 04/02/2015 - 22:32:28: Server cvar "edgefriction" = "2"
L 04/02/2015 - 22:32:28: Server cvar "hostage_debug" = "0"
L 04/02/2015 - 22:32:28: Server cvar "hostage_stop" = "0"
L 04/02/2015 - 22:32:28: Server cvar "humans_join_team" = "any"
L 04/02/2015 - 22:32:28: Server cvar "jtp10181" = "chute,gore"
L 04/02/2015 - 22:32:28: Server cvar "max_queries_sec" = "3.0"
L 04/02/2015 - 22:32:28: Server cvar "max_queries_sec_global" = "30"
L 04/02/2015 - 22:32:28: Server cvar "max_queries_window" = "60"
L 04/02/2015 - 22:32:28: Server cvar "metamod_version" = "1.19"
L 04/02/2015 - 22:32:28: Server cvar "mp_allowmonsters" = "0"
L 04/02/2015 - 22:32:28: Server cvar "mp_autokick" = "1"
L 04/02/2015 - 22:32:28: Server cvar "mp_autoteambalance" = "1"
L 04/02/2015 - 22:32:28: Server cvar "mp_buytime" = "1.5"
L 04/02/2015 - 22:32:28: Server cvar "mp_c4timer" = "35"
L 04/02/2015 - 22:32:28: Server cvar "mp_chattime" = "1"
L 04/02/2015 - 22:32:28: Server cvar "mp_consistency" = "1"
L 04/02/2015 - 22:32:28: Server cvar "mp_fadetoblack" = "0"
L 04/02/2015 - 22:32:28: Server cvar "mp_flashlight" = "1"
L 04/02/2015 - 22:32:28: Server cvar "mp_footsteps" = "1"
L 04/02/2015 - 22:32:28: Server cvar "mp_forcecamera" = "0"
L 04/02/2015 - 22:32:28: Server cvar "mp_forcechasecam" = "0"
L 04/02/2015 - 22:32:28: Server cvar "mp_fragsleft" = "0"
L 04/02/2015 - 22:32:28: Server cvar "mp_freezetime" = "5"
L 04/02/2015 - 22:32:28: Server cvar "mp_friendlyfire" = "0"
L 04/02/2015 - 22:32:28: Server cvar "mp_ghostfrequency" = "0.1"
L 04/02/2015 - 22:32:28: Server cvar "mp_hostagepenalty" = "0"
L 04/02/2015 - 22:32:28: Server cvar "mp_kickpercent" = "0.66"
L 04/02/2015 - 22:32:28: Server cvar "mp_limitteams" = "5"
L 04/02/2015 - 22:32:28: Server cvar "mp_logdetail" = "3"
L 04/02/2015 - 22:32:28: Server cvar "mp_logfile" = "1"
L 04/02/2015 - 22:32:28: Server cvar "mp_logmessages" = "1"
L 04/02/2015 - 22:32:28: Server cvar "mp_mapvoteratio" = "0.66"
L 04/02/2015 - 22:32:28: Server cvar "mp_maxrounds" = "0"
L 04/02/2015 - 22:32:28: Server cvar "mp_mirrordamage" = "0"
L 04/02/2015 - 22:32:28: Server cvar "mp_playerid" = "0"
L 04/02/2015 - 22:32:28: Server cvar "mp_roundtime" = "2.57"
L 04/02/2015 - 22:32:28: Server cvar "mp_startmoney" = "800"
L 04/02/2015 - 22:32:28: Server cvar "mp_timeleft" = "0"
L 04/02/2015 - 22:32:28: Server cvar "mp_timelimit" = "30.000000"
L 04/02/2015 - 22:32:28: Server cvar "mp_tkpunish" = "1"
L 04/02/2015 - 22:32:28: Server cvar "mp_windifference" = "1"
L 04/02/2015 - 22:32:28: Server cvar "mp_winlimit" = "0"
L 04/02/2015 - 22:32:28: Server cvar "pausable" = "0"
L 04/02/2015 - 22:32:28: Server cvar "sv_accelerate" = "5"
L 04/02/2015 - 22:32:28: Server cvar "sv_aim" = "0"
L 04/02/2015 - 22:32:28: Server cvar "sv_airaccelerate" = "10"
L 04/02/2015 - 22:32:28: Server cvar "sv_airmove" = "1"
L 04/02/2015 - 22:32:28: Server cvar "sv_allowupload" = "1"
L 04/02/2015 - 22:32:28: Server cvar "sv_alltalk" = "0"
L 04/02/2015 - 22:32:28: Server cvar "sv_bounce" = "1"
L 04/02/2015 - 22:32:28: Server cvar "sv_cheats" = "0"
L 04/02/2015 - 22:32:28: Server cvar "sv_clienttrace" = "1"
L 04/02/2015 - 22:32:28: Server cvar "sv_clipmode" = "0"
L 04/02/2015 - 22:32:28: Server cvar "sv_contact" = ""
L 04/02/2015 - 22:32:28: Server cvar "sv_friction" = "4"
L 04/02/2015 - 22:32:28: Server cvar "sv_gravity" = "800"
L 04/02/2015 - 22:32:28: Server cvar "sv_logblocks" = "0"
L 04/02/2015 - 22:32:28: Server cvar "sv_maxrate" = "25000"
L 04/02/2015 - 22:32:28: Server cvar "sv_maxspeed" = "900"
L 04/02/2015 - 22:32:28: Server cvar "sv_minrate" = "100000"
L 04/02/2015 - 22:32:28: Server cvar "sv_password" = ""
L 04/02/2015 - 22:32:28: Server cvar "sv_proxies" = "0"
L 04/02/2015 - 22:32:28: Server cvar "sv_region" = "3"
L 04/02/2015 - 22:32:28: Server cvar "sv_restart" = "0"
L 04/02/2015 - 22:32:28: Server cvar "sv_restartround" = "0"
L 04/02/2015 - 22:32:28: Server cvar "sv_stepsize" = "18"
L 04/02/2015 - 22:32:28: Server cvar "sv_stopspeed" = "75"
L 04/02/2015 - 22:32:28: Server cvar "sv_uploadmax" = "0.5"
L 04/02/2015 - 22:32:28: Server cvar "sv_voiceenable" = "1"
L 04/02/2015 - 22:32:28: Server cvar "sv_wateraccelerate" = "10"
L 04/02/2015 - 22:32:28: Server cvar "sv_waterfriction" = "1"
L 04/02/2015 - 22:32:28: Server cvar "travo_statmarquee" = "v1.2"
L 04/02/2015 - 22:32:28: Server cvar "vtc_version" = "80"
L 04/02/2015 - 22:32:28: Server cvar "wallblocker_version" = "1.0"
L 04/02/2015 - 22:32:28: Server cvars end
L 04/02/2015 - 22:32:28: Server cvar "amx_nextmap" = "awp_dust"
L 04/02/2015 - 22:32:28: Server cvar "sv_restart" = "1"
L 04/02/2015 - 22:32:28: World triggered "Restart_Round_(1_second)"
L 04/02/2015 - 22:32:28: Team "CT" scored "0" with "0" players
L 04/02/2015 - 22:32:28: Team "TERRORIST" scored "0" with "0" players
L 04/02/2015 - 22:32:28: Server cvar "sv_restart" = "0"
L 04/02/2015 - 22:32:28: Started map "de_go_go_go" (CRC "-886311426")
L 04/02/2015 - 22:32:29: [VTC] Player 5 speex
L 04/02/2015 - 22:32:29: [VTC] Player 7 speex
L 04/02/2015 - 22:32:29: [VTC] Player 3 speex
L 04/02/2015 - 22:32:29: [VTC] Player 4 speex
L 04/02/2015 - 22:32:29: [VTC] Player 9 speex
L 04/02/2015 - 22:32:29: [VTC] Player 12 speex
L 04/02/2015 - 22:32:29: [VTC] Player 2 speex
L 04/02/2015 - 22:32:29: [VTC] Player 1 speex
L 04/02/2015 - 22:32:31: "Extazy<88><STEAM_0:4:397277401><>" entered the game
L 04/02/2015 - 22:32:32: "Fuck all# CblHoK 427<81><STEAM_0:4:807528509><>" entered the game
L 04/02/2015 - 22:32:32: "Fuck all# 6aTbKa 427<69><STEAM_0:4:807528509><>" entered the game
L 04/02/2015 - 22:32:32: [DPROTO]: Client 1 - Set AuthIdType 3 [dp_RevEmu]; pClient = 0xb3993dfc
L 04/02/2015 - 22:32:32: "{Virtyal_Pro}_[m][a][t][v][e]i<89><STEAM_0:4:1589418830><>" connected, address "37.212.37.20:60711"
L 04/02/2015 - 22:32:32: "[Hard_Skill]_Lexa Kosmonaft<84><STEAM_0:0:226379933><>" entered the game
L 04/02/2015 - 22:32:33: [VTC] Player 2 speex
L 04/02/2015 - 22:32:33: [DPROTO]: Client 8 - Set AuthIdType 3 [dp_RevEmu]; pClient = 0xb39b66a8
L 04/02/2015 - 22:32:33: "BlackHalk 427<90><STEAM_0:4:807528509><>" connected, address "195.50.31.201:56946"
L 04/02/2015 - 22:32:33: [VTC] Player 9 speex
L 04/02/2015 - 22:32:33: "Fuck all# CblHoK 427<81><STEAM_0:4:807528509><>" joined team "TERRORIST"
L 04/02/2015 - 22:32:33: World triggered "Round_Start"
L 04/02/2015 - 22:32:34: "Fuck all# CblHoK 427<81><STEAM_0:4:807528509><TERRORIST>" triggered "Spawned_With_The_Bomb"
L 04/02/2015 - 22:32:35: "[Hard_Skill]_4IKIST<86><STEAM_0:4:1766728965><>" entered the game
L 04/02/2015 - 22:32:35: [DPROTO]: Client 11 - Set AuthIdType 3 [dp_RevEmu]; pClient = 0xb39c5384
L 04/02/2015 - 22:32:35: "[Hard_Skill]_Mi{x}eR<91><STEAM_0:4:1908906958><>" connected, address "37.213.211.74:27005"
L 04/02/2015 - 22:32:35: [VTC] Player 12 speex
L 04/02/2015 - 22:32:36: "Fuck all# 6aTbKa 427<69><STEAM_0:4:807528509><>" joined team "TERRORIST"
L 04/02/2015 - 22:32:36: "BlackHalk 427<90><STEAM_0:4:807528509><>" entered the game
L 04/02/2015 - 22:32:37: "[Hard_Skill]_Lexa Kosmonaft<84><STEAM_0:0:226379933><>" joined team "CT"
L 04/02/2015 - 22:32:37: World triggered "Game_Commencing"
L 04/02/2015 - 22:32:37: World triggered "Game_Commencing" (CT "0") (T "0")
L 04/02/2015 - 22:32:37: World triggered "Round_End"
L 04/02/2015 - 22:32:38: "Extazy<88><STEAM_0:4:397277401><>" joined team "CT"
L 04/02/2015 - 22:32:38: "{Virtyal_Pro}_[m][a][t][v][e]i<89><STEAM_0:4:1589418830><>" entered the game
L 04/02/2015 - 22:32:39: "[Hard_Skill]_4IKIST<86><STEAM_0:4:1766728965><>" joined team "CT"
L 04/02/2015 - 22:32:39: "BlackHalk 427<90><STEAM_0:4:807528509><>" joined team "TERRORIST"
L 04/02/2015 - 22:32:40: "[Hard_Skill]_Mi{x}eR<91><STEAM_0:4:1908906958><>" entered the game
L 04/02/2015 - 22:32:40: "Fuck all# CblHoK 427<81><STEAM_0:4:807528509><TERRORIST>" triggered "Spawned_With_The_Bomb"
L 04/02/2015 - 22:32:43: "{Virtyal_Pro}_[m][a][t][v][e]i<89><STEAM_0:4:1589418830><>" joined team "CT"
L 04/02/2015 - 22:32:45: World triggered "Round_Start"
L 04/02/2015 - 22:32:50: "[Hard_Skill]_Mi{x}eR<91><STEAM_0:4:1908906958><>" joined team "CT"
L 04/02/2015 - 22:32:52: "Fuck all# 6aTbKa 427<69><STEAM_0:4:807528509><TERRORIST>" attacked "Extazy<88><STEAM_0:4:397277401><CT>" with "deagle" (damage "34") (damage_armor "0") (health "66") (armor "100")
L 04/02/2015 - 22:32:53: "Fuck all# 6aTbKa 427<69><STEAM_0:4:807528509><TERRORIST>" attacked "Extazy<88><STEAM_0:4:397277401><CT>" with "deagle" (damage "34") (damage_armor "0") (health "32") (armor "100")
L 04/02/2015 - 22:32:53: "Fuck all# 6aTbKa 427<69><STEAM_0:4:807528509><TERRORIST>" attacked "Extazy<88><STEAM_0:4:397277401><CT>" with "deagle" (damage "35") (damage_armor "0") (health "-3") (armor "100")
L 04/02/2015 - 22:32:53: "Fuck all# 6aTbKa 427<69><STEAM_0:4:807528509><TERRORIST>" killed "Extazy<88><STEAM_0:4:397277401><CT>" with "deagle"
L 04/02/2015 - 22:32:56: "[Hard_Skill]_Lexa Kosmonaft<84><STEAM_0:0:226379933><CT>" attacked "Fuck all# 6aTbKa 427<69><STEAM_0:4:807528509><TERRORIST>" with "deagle" (damage "41") (damage_armor "0") (health "59") (armor "0")
L 04/02/2015 - 22:32:56: "[Hard_Skill]_Lexa Kosmonaft<84><STEAM_0:0:226379933><CT>" attacked "Fuck all# 6aTbKa 427<69><STEAM_0:4:807528509><TERRORIST>" with "deagle" (damage "41") (damage_armor "0") (health "18") (armor "0")
L 04/02/2015 - 22:32:57: "[Hard_Skill]_Lexa Kosmonaft<84><STEAM_0:0:226379933><CT>" attacked "Fuck all# 6aTbKa 427<69><STEAM_0:4:807528509><TERRORIST>" with "deagle" (damage "40") (damage_armor "0") (health "-22") (armor "0")
L 04/02/2015 - 22:32:57: "[Hard_Skill]_Lexa Kosmonaft<84><STEAM_0:0:226379933><CT>" killed "Fuck all# 6aTbKa 427<69><STEAM_0:4:807528509><TERRORIST>" with "deagle"
L 04/02/2015 - 22:32:57: "Fuck all# CblHoK 427<81><STEAM_0:4:807528509><TERRORIST>" attacked "[Hard_Skill]_4IKIST<86><STEAM_0:4:1766728965><CT>" with "glock18" (damage "14") (damage_armor "0") (health "86") (armor "100")
L 04/02/2015 - 22:32:57: "Fuck all# CblHoK 427<81><STEAM_0:4:807528509><TERRORIST>" attacked "[Hard_Skill]_4IKIST<86><STEAM_0:4:1766728965><CT>" with "glock18" (damage "15") (damage_armor "0") (health "71") (armor "100")
L 04/02/2015 - 22:32:58: "Fuck all# CblHoK 427<81><STEAM_0:4:807528509><TERRORIST>" attacked "[Hard_Skill]_4IKIST<86><STEAM_0:4:1766728965><CT>" with "glock18" (damage "10") (damage_armor "5") (health "61") (armor "95")
L 04/02/2015 - 22:32:58: "Fuck all# CblHoK 427<81><STEAM_0:4:807528509><TERRORIST>" attacked "[Hard_Skill]_4IKIST<86><STEAM_0:4:1766728965><CT>" with "glock18" (damage "10") (damage_armor "5") (health "51") (armor "90")
L 04/02/2015 - 22:32:58: "Fuck all# CblHoK 427<81><STEAM_0:4:807528509><TERRORIST>" attacked "[Hard_Skill]_4IKIST<86><STEAM_0:4:1766728965><CT>" with "glock18" (damage "10") (damage_armor "5") (health "41") (armor "85")
L 04/02/2015 - 22:32:58: "[Hard_Skill]_4IKIST<86><STEAM_0:4:1766728965><CT>" attacked "Fuck all# CblHoK 427<81><STEAM_0:4:807528509><TERRORIST>" with "deagle" (damage "34") (damage_armor "0") (health "66") (armor "100")
L 04/02/2015 - 22:32:58: "[Hard_Skill]_4IKIST<86><STEAM_0:4:1766728965><CT>" attacked "Fuck all# CblHoK 427<81><STEAM_0:4:807528509><TERRORIST>" with "deagle" (damage "34") (damage_armor "6") (health "32") (armor "94")
L 04/02/2015 - 22:32:58: "Fuck all# CblHoK 427<81><STEAM_0:4:807528509><TERRORIST>" attacked "[Hard_Skill]_4IKIST<86><STEAM_0:4:1766728965><CT>" with "glock18" (damage "10") (damage_armor "4") (health "31") (armor "81")
L 04/02/2015 - 22:32:59: "[Hard_Skill]_4IKIST<86><STEAM_0:4:1766728965><CT>" attacked "Fuck all# CblHoK 427<81><STEAM_0:4:807528509><TERRORIST>" with "deagle" (damage "33") (damage_armor "6") (health "-1") (armor "88")
L 04/02/2015 - 22:32:59: "[Hard_Skill]_4IKIST<86><STEAM_0:4:1766728965><CT>" killed "Fuck all# CblHoK 427<81><STEAM_0:4:807528509><TERRORIST>" with "deagle"
L 04/02/2015 - 22:32:59: "Fuck all# CblHoK 427<81><STEAM_0:4:807528509><TERRORIST>" triggered "Dropped_The_Bomb"
L 04/02/2015 - 22:33:02: "[Hard_Skill]_4IKIST<86><STEAM_0:4:1766728965><CT>" attacked "BlackHalk 427<90><STEAM_0:4:807528509><TERRORIST>" with "deagle" (damage "53") (damage_armor "0") (health "47") (armor "0")
L 04/02/2015 - 22:33:02: "[Hard_Skill]_4IKIST<86><STEAM_0:4:1766728965><CT>" attacked "BlackHalk 427<90><STEAM_0:4:807528509><TERRORIST>" with "deagle" (damage "44") (damage_armor "0") (health "3") (armor "0")
L 04/02/2015 - 22:33:02: "[Hard_Skill]_4IKIST<86><STEAM_0:4:1766728965><CT>" attacked "BlackHalk 427<90><STEAM_0:4:807528509><TERRORIST>" with "deagle" (damage "44") (damage_armor "0") (health "-41") (armor "0")
L 04/02/2015 - 22:33:02: "[Hard_Skill]_4IKIST<86><STEAM_0:4:1766728965><CT>" killed "BlackHalk 427<90><STEAM_0:4:807528509><TERRORIST>" with "deagle"
L 04/02/2015 - 22:33:02: Team "CT" triggered "CTs_Win" (CT "1") (T "0")
L 04/02/2015 - 22:33:02: World triggered "Round_End"
L 04/02/2015 - 22:33:07: "BlackHalk 427<90><STEAM_0:4:807528509><TERRORIST>" triggered "Spawned_With_The_Bomb"
L 04/02/2015 - 22:33:12: World triggered "Round_Start"
L 04/02/2015 - 22:33:19: "Fuck all# CblHoK 427<81><STEAM_0:4:807528509><TERRORIST>" attacked "[Hard_Skill]_Mi{x}eR<91><STEAM_0:4:1908906958><CT>" with "deagle" (damage "18") (damage_armor "0") (health "82") (armor "0")
L 04/02/2015 - 22:33:19: "Fuck all# 6aTbKa 427<69><STEAM_0:4:807528509><TERRORIST>" attacked "[Hard_Skill]_Lexa Kosmonaft<84><STEAM_0:0:226379933><CT>" with "deagle" (damage "30") (damage_armor "6") (health "70") (armor "94")
L 04/02/2015 - 22:33:19: "Fuck all# 6aTbKa 427<69><STEAM_0:4:807528509><TERRORIST>" attacked "[Hard_Skill]_Lexa Kosmonaft<84><STEAM_0:0:226379933><CT>" with "deagle" (damage "123") (damage_armor "20") (health "-53") (armor "74")
L 04/02/2015 - 22:33:19: "Fuck all# 6aTbKa 427<69><STEAM_0:4:807528509><TERRORIST>" killed "[Hard_Skill]_Lexa Kosmonaft<84><STEAM_0:0:226379933><CT>" with "deagle"
L 04/02/2015 - 22:33:19: "[Hard_Skill]_Mi{x}eR<91><STEAM_0:4:1908906958><CT>" attacked "Fuck all# 6aTbKa 427<69><STEAM_0:4:807528509><TERRORIST>" with "m4a1" (damage "21") (damage_armor "5") (health "79") (armor "95")
L 04/02/2015 - 22:33:20: "[Hard_Skill]_Mi{x}eR<91><STEAM_0:4:1908906958><CT>" attacked "Fuck all# 6aTbKa 427<69><STEAM_0:4:807528509><TERRORIST>" with "m4a1" (damage "26") (damage_armor "6") (health "53") (armor "89")
L 04/02/2015 - 22:33:20: "Fuck all# CblHoK 427<81><STEAM_0:4:807528509><TERRORIST>" attacked "[Hard_Skill]_Mi{x}eR<91><STEAM_0:4:1908906958><CT>" with "deagle" (damage "23") (damage_armor "0") (health "59") (armor "0")
L 04/02/2015 - 22:33:20: "Fuck all# 6aTbKa 427<69><STEAM_0:4:807528509><TERRORIST>" attacked "[Hard_Skill]_Mi{x}eR<91><STEAM_0:4:1908906958><CT>" with "deagle" (damage "27") (damage_armor "0") (health "32") (armor "0")
L 04/02/2015 - 22:33:20: "[Hard_Skill]_Mi{x}eR<91><STEAM_0:4:1908906958><CT>" attacked "Fuck all# 6aTbKa 427<69><STEAM_0:4:807528509><TERRORIST>" with "m4a1" (damage "21") (damage_armor "4") (health "32") (armor "85")
L 04/02/2015 - 22:33:20: "[Hard_Skill]_Mi{x}eR<91><STEAM_0:4:1908906958><CT>" attacked "Fuck all# 6aTbKa 427<69><STEAM_0:4:807528509><TERRORIST>" with "m4a1" (damage "21") (damage_armor "5") (health "11") (armor "80")
L 04/02/2015 - 22:33:20: "[Hard_Skill]_Mi{x}eR<91><STEAM_0:4:1908906958><CT>" attacked "Fuck all# 6aTbKa 427<69><STEAM_0:4:807528509><TERRORIST>" with "m4a1" (damage "84") (damage_armor "18") (health "-73") (armor "62")
L 04/02/2015 - 22:33:20: "[Hard_Skill]_Mi{x}eR<91><STEAM_0:4:1908906958><CT>" killed "Fuck all# 6aTbKa 427<69><STEAM_0:4:807528509><TERRORIST>" with "m4a1"
L 04/02/2015 - 22:33:22: "BlackHalk 427<90><STEAM_0:4:807528509><TERRORIST>" attacked "{Virtyal_Pro}_[m][a][t][v][e]i<89><STEAM_0:4:1589418830><CT>" with "glock18" (damage "14") (damage_armor "0") (health "86") (armor "0")
L 04/02/2015 - 22:33:22: "BlackHalk 427<90><STEAM_0:4:807528509><TERRORIST>" attacked "{Virtyal_Pro}_[m][a][t][v][e]i<89><STEAM_0:4:1589418830><CT>" with "glock18" (damage "11") (damage_armor "0") (health "75") (armor "0")
L 04/02/2015 - 22:33:22: "BlackHalk 427<90><STEAM_0:4:807528509><TERRORIST>" attacked "{Virtyal_Pro}_[m][a][t][v][e]i<89><STEAM_0:4:1589418830><CT>" with "glock18" (damage "18") (damage_armor "0") (health "57") (armor "0")
L 04/02/2015 - 22:33:22: "BlackHalk 427<90><STEAM_0:4:807528509><TERRORIST>" attacked "{Virtyal_Pro}_[m][a][t][v][e]i<89><STEAM_0:4:1589418830><CT>" with "glock18" (damage "10") (damage_armor "0") (health "47") (armor "0")
L 04/02/2015 - 22:33:23: "BlackHalk 427<90><STEAM_0:4:807528509><TERRORIST>" attacked "{Virtyal_Pro}_[m][a][t][v][e]i<89><STEAM_0:4:1589418830><CT>" with "glock18" (damage "15") (damage_armor "0") (health "32") (armor "0")
L 04/02/2015 - 22:33:23: "{Virtyal_Pro}_[m][a][t][v][e]i<89><STEAM_0:4:1589418830><CT>" attacked "BlackHalk 427<90><STEAM_0:4:807528509><TERRORIST>" with "m4a1" (damage "21") (damage_armor "5") (health "79") (armor "95")
L 04/02/2015 - 22:33:23: "{Virtyal_Pro}_[m][a][t][v][e]i<89><STEAM_0:4:1589418830><CT>" attacked "BlackHalk 427<90><STEAM_0:4:807528509><TERRORIST>" with "m4a1" (damage "21") (damage_armor "4") (health "58") (armor "91")
L 04/02/2015 - 22:33:23: "BlackHalk 427<90><STEAM_0:4:807528509><TERRORIST>" attacked "{Virtyal_Pro}_[m][a][t][v][e]i<89><STEAM_0:4:1589418830><CT>" with "glock18" (damage "15") (damage_armor "0") (health "17") (armor "0")
L 04/02/2015 - 22:33:23: "Fuck all# CblHoK 427<81><STEAM_0:4:807528509><TERRORIST>" attacked "[Hard_Skill]_Mi{x}eR<91><STEAM_0:4:1908906958><CT>" with "deagle" (damage "15") (damage_armor "0") (health "17") (armor "0")
L 04/02/2015 - 22:33:23: "BlackHalk 427<90><STEAM_0:4:807528509><TERRORIST>" attacked "{Virtyal_Pro}_[m][a][t][v][e]i<89><STEAM_0:4:1589418830><CT>" with "glock18" (damage "15") (damage_armor "0") (health "2") (armor "0")
L 04/02/2015 - 22:33:24: "Fuck all# CblHoK 427<81><STEAM_0:4:807528509><TERRORIST>" attacked "[Hard_Skill]_Mi{x}eR<91><STEAM_0:4:1908906958><CT>" with "deagle" (damage "32") (damage_armor "0") (health "-15") (armor "0")
L 04/02/2015 - 22:33:24: "Fuck all# CblHoK 427<81><STEAM_0:4:807528509><TERRORIST>" killed "[Hard_Skill]_Mi{x}eR<91><STEAM_0:4:1908906958><CT>" with "deagle"
L 04/02/2015 - 22:33:24: "BlackHalk 427<90><STEAM_0:4:807528509><TERRORIST>" attacked "{Virtyal_Pro}_[m][a][t][v][e]i<89><STEAM_0:4:1589418830><CT>" with "glock18" (damage "11") (damage_armor "0") (health "-9") (armor "0")
L 04/02/2015 - 22:33:24: "BlackHalk 427<90><STEAM_0:4:807528509><TERRORIST>" killed "{Virtyal_Pro}_[m][a][t][v][e]i<89><STEAM_0:4:1589418830><CT>" with "glock18"
L 04/02/2015 - 22:33:27: "[Hard_Skill]_4IKIST<86><STEAM_0:4:1766728965><CT>" attacked "Fuck all# CblHoK 427<81><STEAM_0:4:807528509><TERRORIST>" with "m4a1" (damage "21") (damage_armor "5") (health "79") (armor "95")
L 04/02/2015 - 22:33:27: "[Hard_Skill]_4IKIST<86><STEAM_0:4:1766728965><CT>" attacked "Fuck all# CblHoK 427<81><STEAM_0:4:807528509><TERRORIST>" with "m4a1" (damage "21") (damage_armor "4") (health "58") (armor "91")
L 04/02/2015 - 22:33:27: "[Hard_Skill]_Mi{x}eR<91><STEAM_0:4:1908906958><CT>" say ",kz " (dead)
L 04/02/2015 - 22:33:28: "Fuck all# CblHoK 427<81><STEAM_0:4:807528509><TERRORIST>" attacked "[Hard_Skill]_4IKIST<86><STEAM_0:4:1766728965><CT>" with "deagle" (damage "123") (damage_armor "21") (health "-23") (armor "79")
L 04/02/2015 - 22:33:28: "Fuck all# CblHoK 427<81><STEAM_0:4:807528509><TERRORIST>" killed "[Hard_Skill]_4IKIST<86><STEAM_0:4:1766728965><CT>" with "deagle"
L 04/02/2015 - 22:33:32: "Extazy<88><STEAM_0:4:397277401><CT>" attacked "Fuck all# CblHoK 427<81><STEAM_0:4:807528509><TERRORIST>" with "deagle" (damage "29") (damage_armor "5") (health "29") (armor "86")
L 04/02/2015 - 22:33:32: "BlackHalk 427<90><STEAM_0:4:807528509><TERRORIST>" attacked "Extazy<88><STEAM_0:4:397277401><CT>" with "m4a1" (damage "26") (damage_armor "6") (health "74") (armor "94")
L 04/02/2015 - 22:33:32: "Extazy<88><STEAM_0:4:397277401><CT>" attacked "BlackHalk 427<90><STEAM_0:4:807528509><TERRORIST>" with "deagle" (damage "111") (damage_armor "19") (health "-53") (armor "72")
L 04/02/2015 - 22:33:32: "Extazy<88><STEAM_0:4:397277401><CT>" killed "BlackHalk 427<90><STEAM_0:4:807528509><TERRORIST>" with "deagle"
L 04/02/2015 - 22:33:32: "BlackHalk 427<90><STEAM_0:4:807528509><TERRORIST>" triggered "Dropped_The_Bomb"
L 04/02/2015 - 22:33:39: "Fuck all# CblHoK 427<81><STEAM_0:4:807528509><TERRORIST>" triggered "Got_The_Bomb"
L 04/02/2015 - 22:33:45: "Fuck all# CblHoK 427<81><STEAM_0:4:807528509><TERRORIST>" triggered "Planted_The_Bomb"
L 04/02/2015 - 22:33:47: "Fuck all# CblHoK 427<81><STEAM_0:4:807528509><TERRORIST>" attacked "Extazy<88><STEAM_0:4:397277401><CT>" with "m4a1" (damage "10") (damage_armor "0") (health "64") (armor "94")
L 04/02/2015 - 22:33:48: "Extazy<88><STEAM_0:4:397277401><CT>" attacked "Fuck all# CblHoK 427<81><STEAM_0:4:807528509><TERRORIST>" with "deagle" (damage "30") (damage_armor "5") (health "-1") (armor "81")
L 04/02/2015 - 22:33:48: "Extazy<88><STEAM_0:4:397277401><CT>" killed "Fuck all# CblHoK 427<81><STEAM_0:4:807528509><TERRORIST>" with "deagle"
L 04/02/2015 - 22:33:54: [DPROTO]: Client 5 - Set AuthIdType 3 [dp_RevEmu2013]; pClient = 0xb39a79cc
L 04/02/2015 - 22:33:54: "iPlayer<92><STEAM_0:4:1296788427><>" connected, address "46.53.202.51:51537"
L 04/02/2015 - 22:33:54: [VTC] Player 6 silk
L 04/02/2015 - 22:33:55: "Extazy<88><STEAM_0:4:397277401><CT>" triggered "Begin_Bomb_Defuse_Without_Kit"
L 04/02/2015 - 22:34:02: Kick: "Fuck all# CblHoK 427<81><STEAM_0:4:807528509><>" was kicked by "Console" (message ""Извини, но ты лагер :D, попробуй зайти позже"")
L 04/02/2015 - 22:34:02: "Fuck all# CblHoK 427<81><STEAM_0:4:807528509><TERRORIST>" triggered "weaponstats" (weapon "glock18") (shots "9") (hits "6") (kills "0") (headshots "0") (tks "0") (damage "69") (deaths "1")
L 04/02/2015 - 22:34:02: "Fuck all# CblHoK 427<81><STEAM_0:4:807528509><TERRORIST>" triggered "weaponstats2" (weapon "glock18") (head "0") (chest "2") (stomach "0") (leftarm "1") (rightarm "1") (leftleg "2") (rightleg "0")
L 04/02/2015 - 22:34:02: "Fuck all# CblHoK 427<81><STEAM_0:4:807528509><TERRORIST>" triggered "weaponstats" (weapon "m4a1") (shots "13") (hits "1") (kills "0") (headshots "0") (tks "0") (damage "10") (deaths "1")
L 04/02/2015 - 22:34:02: "Fuck all# CblHoK 427<81><STEAM_0:4:807528509><TERRORIST>" triggered "weaponstats2" (weapon "m4a1") (head "0") (chest "0") (stomach "0") (leftarm "0") (rightarm "0") (leftleg "0") (rightleg "1")
L 04/02/2015 - 22:34:02: "Fuck all# CblHoK 427<81><STEAM_0:4:807528509><TERRORIST>" triggered "weaponstats" (weapon "deagle") (shots "18") (hits "5") (kills "2") (headshots "1") (tks "0") (damage "211") (deaths "0")
L 04/02/2015 - 22:34:02: "Fuck all# CblHoK 427<81><STEAM_0:4:807528509><TERRORIST>" triggered "weaponstats2" (weapon "deagle") (head "1") (chest "0") (stomach "1") (leftarm "0") (rightarm "1") (leftleg "0") (rightleg "2")
L 04/02/2015 - 22:34:02: "Fuck all# CblHoK 427<81><STEAM_0:4:807528509><TERRORIST>" triggered "weaponstats" (weapon "knife") (shots "4") (hits "0") (kills "0") (headshots "0") (tks "0") (damage "0") (deaths "0")
L 04/02/2015 - 22:34:02: "Fuck all# CblHoK 427<81><STEAM_0:4:807528509><TERRORIST>" triggered "weaponstats2" (weapon "knife") (head "0") (chest "0") (stomach "0") (leftarm "0") (rightarm "0") (leftleg "0") (rightleg "0")
L 04/02/2015 - 22:34:02: "Fuck all# CblHoK 427<81><STEAM_0:4:807528509><TERRORIST>" triggered "time" (time "1:30")
L 04/02/2015 - 22:34:02: "Fuck all# CblHoK 427<81><STEAM_0:4:807528509><TERRORIST>" triggered "latency" (ping "60")
L 04/02/2015 - 22:34:02: "Fuck all# CblHoK 427<81><STEAM_0:4:807528509><TERRORIST>" disconnected
L 04/02/2015 - 22:34:05: [DPROTO]: Client 3 - Set AuthIdType 3 [dp_RevEmu]; pClient = 0xb399dbe4
L 04/02/2015 - 22:34:05: "Fuck all# CblHoK 427<93><STEAM_0:4:807528509><>" connected, address "195.50.31.201:61832"
L 04/02/2015 - 22:34:05: Kick: "Fuck all# CblHoK 427<93><STEAM_0:4:807528509><>" was kicked by "Console" (message ""Повторное подключение будет доступно через 17 секунд"")
L 04/02/2015 - 22:34:06: "Extazy<88><STEAM_0:4:397277401><CT>" triggered "Defused_The_Bomb"
L 04/02/2015 - 22:34:06: Team "CT" triggered "Bomb_Defused" (CT "2") (T "0")
L 04/02/2015 - 22:34:06: World triggered "Round_End"
L 04/02/2015 - 22:34:10: [DPROTO]: Client 3 - Set AuthIdType 3 [dp_RevEmu]; pClient = 0xb399dbe4
L 04/02/2015 - 22:34:10: "Fuck all# CblHoK 427<94><STEAM_0:4:807528509><>" connected, address "195.50.31.201:61832"
L 04/02/2015 - 22:34:10: Kick: "Fuck all# CblHoK 427<94><STEAM_0:4:807528509><>" was kicked by "Console" (message ""Повторное подключение будет доступно через 11 секунд"")
L 04/02/2015 - 22:34:11: "[Hard_Skill]_Mi{x}eR<91><STEAM_0:4:1908906958><CT>" joined team "TERRORIST" (auto)
L 04/02/2015 - 22:34:11: "Fuck all# 6aTbKa 427<69><STEAM_0:4:807528509><TERRORIST>" triggered "Spawned_With_The_Bomb"
L 04/02/2015 - 22:34:13: [DPROTO]: Client 3 - Set AuthIdType 3 [dp_RevEmu]; pClient = 0xb399dbe4
L 04/02/2015 - 22:34:13: "Fuck all# CblHoK 427<95><STEAM_0:4:807528509><>" connected, address "195.50.31.201:61832"
L 04/02/2015 - 22:34:13: Kick: "Fuck all# CblHoK 427<95><STEAM_0:4:807528509><>" was kicked by "Console" (message ""Повторное подключение будет доступно через 9 секунд"")
L 04/02/2015 - 22:34:14: [DPROTO]: Client 3 - Set AuthIdType 3 [dp_RevEmu]; pClient = 0xb399dbe4
L 04/02/2015 - 22:34:14: "Fuck all# CblHoK 427<96><STEAM_0:4:807528509><>" connected, address "195.50.31.201:61832"
L 04/02/2015 - 22:34:15: Kick: "Fuck all# CblHoK 427<96><STEAM_0:4:807528509><>" was kicked by "Console" (message ""Повторное подключение будет доступно через 7 секунд"")
L 04/02/2015 - 22:34:16: World triggered "Round_Start"
L 04/02/2015 - 22:34:21: [DPROTO]: Client 3 - Set AuthIdType 3 [dp_RevEmu]; pClient = 0xb399dbe4
L 04/02/2015 - 22:34:21: "Fuck all# CblHoK 427<97><STEAM_0:4:807528509><>" connected, address "195.50.31.201:61832"
L 04/02/2015 - 22:34:21: Kick: "Fuck all# CblHoK 427<97><STEAM_0:4:807528509><>" was kicked by "Console" (message ""Повторное подключение будет доступно через 1 секунд"")
L 04/02/2015 - 22:34:23: [DPROTO]: Client 3 - Set AuthIdType 3 [dp_RevEmu]; pClient = 0xb399dbe4
L 04/02/2015 - 22:34:23: "Fuck all# CblHoK 427<98><STEAM_0:4:807528509><>" connected, address "195.50.31.201:61832"
L 04/02/2015 - 22:34:23: [VTC] Player 4 speex
L 04/02/2015 - 22:34:24: "[Hard_Skill]_Lexa Kosmonaft<84><STEAM_0:0:226379933><CT>" attacked "[Hard_Skill]_Mi{x}eR<91><STEAM_0:4:1908906958><TERRORIST>" with "m4a1" (damage "124") (damage_armor "0") (health "-24") (armor "0")
L 04/02/2015 - 22:34:24: "[Hard_Skill]_Lexa Kosmonaft<84><STEAM_0:0:226379933><CT>" killed "[Hard_Skill]_Mi{x}eR<91><STEAM_0:4:1908906958><TERRORIST>" with "m4a1"
L 04/02/2015 - 22:34:24: [DPROTO]: Client 5 - Set AuthIdType 3 [dp_RevEmu2013]; pClient = 0xb39a79cc
L 04/02/2015 - 22:34:24: "iPlayer<99><STEAM_0:4:1296788427><>" connected, address "46.53.202.51:51537"
L 04/02/2015 - 22:34:25: [VTC] Player 6 silk
L 04/02/2015 - 22:34:25: "Fuck all# CblHoK 427<98><STEAM_0:4:807528509><>" entered the game
L 04/02/2015 - 22:34:27: "Fuck all# CblHoK 427<98><STEAM_0:4:807528509><>" joined team "TERRORIST"
L 04/02/2015 - 22:34:28: "[Hard_Skill]_Lexa Kosmonaft<84><STEAM_0:0:226379933><CT>" attacked "Fuck all# CblHoK 427<98><STEAM_0:4:807528509><TERRORIST>" with "m4a1" (damage "30") (damage_armor "0") (health "70") (armor "0")
L 04/02/2015 - 22:34:28: "[Hard_Skill]_Lexa Kosmonaft<84><STEAM_0:0:226379933><CT>" attacked "Fuck all# CblHoK 427<98><STEAM_0:4:807528509><TERRORIST>" with "m4a1" (damage "37") (damage_armor "0") (health "33") (armor "0")
L 04/02/2015 - 22:34:29: "[Hard_Skill]_Lexa Kosmonaft<84><STEAM_0:0:226379933><CT>" attacked "Fuck all# CblHoK 427<98><STEAM_0:4:807528509><TERRORIST>" with "m4a1" (damage "30") (damage_armor "0") (health "3") (armor "0")
L 04/02/2015 - 22:34:29: "[Hard_Skill]_Lexa Kosmonaft<84><STEAM_0:0:226379933><CT>" attacked "Fuck all# CblHoK 427<98><STEAM_0:4:807528509><TERRORIST>" with "m4a1" (damage "30") (damage_armor "0") (health "-27") (armor "0")
L 04/02/2015 - 22:34:29: "[Hard_Skill]_Lexa Kosmonaft<84><STEAM_0:0:226379933><CT>" killed "Fuck all# CblHoK 427<98><STEAM_0:4:807528509><TERRORIST>" with "m4a1"
L 04/02/2015 - 22:34:30: "[Hard_Skill]_Mi{x}eR<91><STEAM_0:4:1908906958><TERRORIST>" joined team "CT"
L 04/02/2015 - 22:34:30: "iPlayer<99><STEAM_0:4:1296788427><>" entered the game
L 04/02/2015 - 22:34:35: "[Hard_Skill]_Lexa Kosmonaft<84><STEAM_0:0:226379933><CT>" attacked "Fuck all# 6aTbKa 427<69><STEAM_0:4:807528509><TERRORIST>" with "m4a1" (damage "21") (damage_armor "5") (health "79") (armor "95")
L 04/02/2015 - 22:34:36: "[Hard_Skill]_Lexa Kosmonaft<84><STEAM_0:0:226379933><CT>" attacked "Fuck all# 6aTbKa 427<69><STEAM_0:4:807528509><TERRORIST>" with "m4a1" (damage "21") (damage_armor "4") (health "58") (armor "91")
L 04/02/2015 - 22:34:36: "[Hard_Skill]_Lexa Kosmonaft<84><STEAM_0:0:226379933><CT>" attacked "Fuck all# 6aTbKa 427<69><STEAM_0:4:807528509><TERRORIST>" with "m4a1" (damage "84") (damage_armor "18") (health "-26") (armor "73")
L 04/02/2015 - 22:34:36: "[Hard_Skill]_Lexa Kosmonaft<84><STEAM_0:0:226379933><CT>" killed "Fuck all# 6aTbKa 427<69><STEAM_0:4:807528509><TERRORIST>" with "m4a1"
L 04/02/2015 - 22:34:36: "Fuck all# 6aTbKa 427<69><STEAM_0:4:807528509><TERRORIST>" triggered "Dropped_The_Bomb"
L 04/02/2015 - 22:34:37: "Extazy<88><STEAM_0:4:397277401><CT>" attacked "BlackHalk 427<90><STEAM_0:4:807528509><TERRORIST>" with "deagle" (damage "50") (damage_armor "0") (health "50") (armor "0")
L 04/02/2015 - 22:34:37: "BlackHalk 427<90><STEAM_0:4:807528509><TERRORIST>" attacked "[Hard_Skill]_Lexa Kosmonaft<84><STEAM_0:0:226379933><CT>" with "ak47" (damage "27") (damage_armor "4") (health "73") (armor "96")
L 04/02/2015 - 22:34:37: "[Hard_Skill]_Lexa Kosmonaft<84><STEAM_0:0:226379933><CT>" attacked "BlackHalk 427<90><STEAM_0:4:807528509><TERRORIST>" with "m4a1" (damage "31") (damage_armor "0") (health "19") (armor "0")
L 04/02/2015 - 22:34:37: "[Hard_Skill]_Lexa Kosmonaft<84><STEAM_0:0:226379933><CT>" attacked "BlackHalk 427<90><STEAM_0:4:807528509><TERRORIST>" with "m4a1" (damage "31") (damage_armor "0") (health "-12") (armor "0")
L 04/02/2015 - 22:34:37: "[Hard_Skill]_Lexa Kosmonaft<84><STEAM_0:0:226379933><CT>" killed "BlackHalk 427<90><STEAM_0:4:807528509><TERRORIST>" with "m4a1"
L 04/02/2015 - 22:34:37: Team "CT" triggered "CTs_Win" (CT "3") (T "0")
L 04/02/2015 - 22:34:37: World triggered "Round_End"
L 04/02/2015 - 22:34:42: "[Hard_Skill]_Mi{x}eR<91><STEAM_0:4:1908906958><CT>" joined team "TERRORIST" (auto)
L 04/02/2015 - 22:34:42: "Fuck all# CblHoK 427<98><STEAM_0:4:807528509><TERRORIST>" triggered "Spawned_With_The_Bomb"
L 04/02/2015 - 22:34:47: World triggered "Round_Start"
L 04/02/2015 - 22:34:54: "[Hard_Skill]_Mi{x}eR<91><STEAM_0:4:1908906958><TERRORIST>" attacked "[Hard_Skill]_Lexa Kosmonaft<84><STEAM_0:0:226379933><CT>" with "mp5navy" (damage "7") (damage_armor "4") (health "93") (armor "96")
L 04/02/2015 - 22:34:54: "[Hard_Skill]_Mi{x}eR<91><STEAM_0:4:1908906958><TERRORIST>" attacked "Extazy<88><STEAM_0:4:397277401><CT>" with "mp5navy" (damage "7") (damage_armor "4") (health "93") (armor "96")
L 04/02/2015 - 22:34:55: "[Hard_Skill]_Mi{x}eR<91><STEAM_0:4:1908906958><TERRORIST>" attacked "Extazy<88><STEAM_0:4:397277401><CT>" with "mp5navy" (damage "10") (damage_armor "0") (health "83") (armor "96")
L 04/02/2015 - 22:34:57: "Fuck all# CblHoK 427<98><STEAM_0:4:807528509><TERRORIST>" attacked "[Hard_Skill]_4IKIST<86><STEAM_0:4:1766728965><CT>" with "ak47" (damage "33") (damage_armor "5") (health "67") (armor "95")
L 04/02/2015 - 22:34:57: "Fuck all# CblHoK 427<98><STEAM_0:4:807528509><TERRORIST>" attacked "[Hard_Skill]_4IKIST<86><STEAM_0:4:1766728965><CT>" with "ak47" (damage "33") (damage_armor "5") (health "34") (armor "90")
L 04/02/2015 - 22:34:57: "Fuck all# CblHoK 427<98><STEAM_0:4:807528509><TERRORIST>" attacked "[Hard_Skill]_4IKIST<86><STEAM_0:4:1766728965><CT>" with "ak47" (damage "33") (damage_armor "5") (health "1") (armor "85")
L 04/02/2015 - 22:34:57: "[Hard_Skill]_4IKIST<86><STEAM_0:4:1766728965><CT>" attacked "Fuck all# CblHoK 427<98><STEAM_0:4:807528509><TERRORIST>" with "m4a1" (damage "31") (damage_armor "0") (health "69") (armor "0")
L 04/02/2015 - 22:34:58: "Fuck all# CblHoK 427<98><STEAM_0:4:807528509><TERRORIST>" attacked "[Hard_Skill]_4IKIST<86><STEAM_0:4:1766728965><CT>" with "ak47" (damage "33") (damage_armor "5") (health "-32") (armor "80")
L 04/02/2015 - 22:34:58: "Fuck all# CblHoK 427<98><STEAM_0:4:807528509><TERRORIST>" killed "[Hard_Skill]_4IKIST<86><STEAM_0:4:1766728965><CT>" with "ak47"
L 04/02/2015 - 22:35:00: "[Hard_Skill]_Mi{x}eR<91><STEAM_0:4:1908906958><TERRORIST>" attacked "Extazy<88><STEAM_0:4:397277401><CT>" with "mp5navy" (damage "7") (damage_armor "3") (health "76") (armor "93")
L 04/02/2015 - 22:35:01: "Fuck all# CblHoK 427<98><STEAM_0:4:807528509><TERRORIST>" attacked "{Virtyal_Pro}_[m][a][t][v][e]i<89><STEAM_0:4:1589418830><CT>" with "ak47" (damage "27") (damage_armor "4") (health "73") (armor "96")
L 04/02/2015 - 22:35:01: "{Virtyal_Pro}_[m][a][t][v][e]i<89><STEAM_0:4:1589418830><CT>" attacked "BlackHalk 427<90><STEAM_0:4:807528509><TERRORIST>" with "m4a1" (damage "31") (damage_armor "0") (health "69") (armor "0")
L 04/02/2015 - 22:35:01: "Fuck all# CblHoK 427<98><STEAM_0:4:807528509><TERRORIST>" attacked "{Virtyal_Pro}_[m][a][t][v][e]i<89><STEAM_0:4:1589418830><CT>" with "ak47" (damage "27") (damage_armor "4") (health "46") (armor "92")
L 04/02/2015 - 22:35:01: "BlackHalk 427<90><STEAM_0:4:807528509><TERRORIST>" attacked "{Virtyal_Pro}_[m][a][t][v][e]i<89><STEAM_0:4:1589418830><CT>" with "ak47" (damage "26") (damage_armor "0") (health "20") (armor "92")
L 04/02/2015 - 22:35:01: "Fuck all# CblHoK 427<98><STEAM_0:4:807528509><TERRORIST>" attacked "{Virtyal_Pro}_[m][a][t][v][e]i<89><STEAM_0:4:1589418830><CT>" with "ak47" (damage "108") (damage_armor "16") (health "-88") (armor "76")
L 04/02/2015 - 22:35:01: "Fuck all# CblHoK 427<98><STEAM_0:4:807528509><TERRORIST>" killed "{Virtyal_Pro}_[m][a][t][v][e]i<89><STEAM_0:4:1589418830><CT>" with "ak47"
L 04/02/2015 - 22:35:03: "BlackHalk 427<90><STEAM_0:4:807528509><TERRORIST>" attacked "Extazy<88><STEAM_0:4:397277401><CT>" with "ak47" (damage "31") (damage_armor "5") (health "45") (armor "88")
L 04/02/2015 - 22:35:04: "BlackHalk 427<90><STEAM_0:4:807528509><TERRORIST>" attacked "Extazy<88><STEAM_0:4:397277401><CT>" with "ak47" (damage "25") (damage_armor "4") (health "20") (armor "84")
L 04/02/2015 - 22:35:04: "Fuck all# 6aTbKa 427<69><STEAM_0:4:807528509><TERRORIST>" attacked "Extazy<88><STEAM_0:4:397277401><CT>" with "m4a1" (damage "20") (damage_armor "4") (health "0") (armor "80")
L 04/02/2015 - 22:35:04: "Fuck all# 6aTbKa 427<69><STEAM_0:4:807528509><TERRORIST>" killed "Extazy<88><STEAM_0:4:397277401><CT>" with "m4a1"
L 04/02/2015 - 22:35:04: "[Hard_Skill]_Lexa Kosmonaft<84><STEAM_0:0:226379933><CT>" attacked "[Hard_Skill]_Mi{x}eR<91><STEAM_0:4:1908906958><TERRORIST>" with "m4a1" (damage "30") (damage_armor "0") (health "7") (armor "0")
L 04/02/2015 - 22:35:04: "[Hard_Skill]_Lexa Kosmonaft<84><STEAM_0:0:226379933><CT>" attacked "[Hard_Skill]_Mi{x}eR<91><STEAM_0:4:1908906958><TERRORIST>" with "m4a1" (damage "22") (damage_armor "0") (health "-15") (armor "0")
L 04/02/2015 - 22:35:04: "[Hard_Skill]_Lexa Kosmonaft<84><STEAM_0:0:226379933><CT>" killed "[Hard_Skill]_Mi{x}eR<91><STEAM_0:4:1908906958><TERRORIST>" with "m4a1"
L 04/02/2015 - 22:35:06: "Fuck all# 6aTbKa 427<69><STEAM_0:4:807528509><TERRORIST>" attacked "[Hard_Skill]_Lexa Kosmonaft<84><STEAM_0:0:226379933><CT>" with "m4a1" (damage "21") (damage_armor "0") (health "72") (armor "96")
L 04/02/2015 - 22:35:06: "Fuck all# 6aTbKa 427<69><STEAM_0:4:807528509><TERRORIST>" attacked "[Hard_Skill]_Lexa Kosmonaft<84><STEAM_0:0:226379933><CT>" with "m4a1" (damage "21") (damage_armor "4") (health "51") (armor "92")
L 04/02/2015 - 22:35:06: "Fuck all# 6aTbKa 427<69><STEAM_0:4:807528509><TERRORIST>" attacked "[Hard_Skill]_Lexa Kosmonaft<84><STEAM_0:0:226379933><CT>" with "m4a1" (damage "21") (damage_armor "5") (health "30") (armor "87")
L 04/02/2015 - 22:35:06: "Fuck all# 6aTbKa 427<69><STEAM_0:4:807528509><TERRORIST>" attacked "[Hard_Skill]_Lexa Kosmonaft<84><STEAM_0:0:226379933><CT>" with "m4a1" (damage "84") (damage_armor "18") (health "-54") (armor "69")
L 04/02/2015 - 22:35:06: "Fuck all# 6aTbKa 427<69><STEAM_0:4:807528509><TERRORIST>" killed "[Hard_Skill]_Lexa Kosmonaft<84><STEAM_0:0:226379933><CT>" with "m4a1"
L 04/02/2015 - 22:35:06: Team "TERRORIST" triggered "Terrorists_Win" (CT "3") (T "1")
L 04/02/2015 - 22:35:06: World triggered "Round_End"
L 04/02/2015 - 22:35:08: "[Hard_Skill]_Mi{x}eR<91><STEAM_0:4:1908906958><TERRORIST>" joined team "TERRORIST"
L 04/02/2015 - 22:35:11: "BlackHalk 427<90><STEAM_0:4:807528509><TERRORIST>" triggered "Spawned_With_The_Bomb"
L 04/02/2015 - 22:35:16: World triggered "Round_Start"
L 04/02/2015 - 22:35:24: "Fuck all# CblHoK 427<98><STEAM_0:4:807528509><TERRORIST>" attacked "[Hard_Skill]_Lexa Kosmonaft<84><STEAM_0:0:226379933><CT>" with "ak47" (damage "27") (damage_armor "4") (health "73") (armor "96")
L 04/02/2015 - 22:35:25: "Fuck all# CblHoK 427<98><STEAM_0:4:807528509><TERRORIST>" attacked "[Hard_Skill]_Lexa Kosmonaft<84><STEAM_0:0:226379933><CT>" with "ak47" (damage "27") (damage_armor "4") (health "46") (armor "92")
L 04/02/2015 - 22:35:25: "[Hard_Skill]_Lexa Kosmonaft<84><STEAM_0:0:226379933><CT>" attacked "Fuck all# 6aTbKa 427<69><STEAM_0:4:807528509><TERRORIST>" with "m4a1" (damage "23") (damage_armor "0") (health "77") (armor "100")
L 04/02/2015 - 22:35:25: "[Hard_Skill]_Lexa Kosmonaft<84><STEAM_0:0:226379933><CT>" attacked "Fuck all# 6aTbKa 427<69><STEAM_0:4:807528509><TERRORIST>" with "m4a1" (damage "23") (damage_armor "0") (health "54") (armor "100")
L 04/02/2015 - 22:35:25: "[Hard_Skill]_Lexa Kosmonaft<84><STEAM_0:0:226379933><CT>" attacked "Fuck all# CblHoK 427<98><STEAM_0:4:807528509><TERRORIST>" with "m4a1" (damage "21") (damage_armor "5") (health "79") (armor "95")
L 04/02/2015 - 22:35:25: "Fuck all# CblHoK 427<98><STEAM_0:4:807528509><TERRORIST>" attacked "[Hard_Skill]_Lexa Kosmonaft<84><STEAM_0:0:226379933><CT>" with "ak47" (damage "108") (damage_armor "16") (health "-62") (armor "76")
L 04/02/2015 - 22:35:25: "Fuck all# CblHoK 427<98><STEAM_0:4:807528509><TERRORIST>" killed "[Hard_Skill]_Lexa Kosmonaft<84><STEAM_0:0:226379933><CT>" with "ak47"
L 04/02/2015 - 22:35:29: "[Hard_Skill]_Mi{x}eR<91><STEAM_0:4:1908906958><TERRORIST>" attacked "{Virtyal_Pro}_[m][a][t][v][e]i<89><STEAM_0:4:1589418830><CT>" with "ak47" (damage "140") (damage_armor "0") (health "-40") (armor "0")
L 04/02/2015 - 22:35:29: "[Hard_Skill]_Mi{x}eR<91><STEAM_0:4:1908906958><TERRORIST>" killed "{Virtyal_Pro}_[m][a][t][v][e]i<89><STEAM_0:4:1589418830><CT>" with "ak47"
L 04/02/2015 - 22:35:32: "iPlayer<99><STEAM_0:4:1296788427><>" joined team "TERRORIST"
L 04/02/2015 - 22:35:34: "{Virtyal_Pro}_[m][a][t][v][e]i<89><STEAM_0:4:1589418830><CT>" joined team "SPECTATOR"
L 04/02/2015 - 22:35:36: "[Hard_Skill]_4IKIST<86><STEAM_0:4:1766728965><CT>" triggered "weaponstats" (weapon "grenade") (shots "1") (hits "0") (kills "0") (headshots "0") (tks "0") (damage "0") (deaths "0")
L 04/02/2015 - 22:35:36: "[Hard_Skill]_4IKIST<86><STEAM_0:4:1766728965><CT>" triggered "weaponstats2" (weapon "grenade") (head "0") (chest "0") (stomach "0") (leftarm "0") (rightarm "0") (leftleg "0") (rightleg "0")
L 04/02/2015 - 22:35:36: "[Hard_Skill]_4IKIST<86><STEAM_0:4:1766728965><CT>" triggered "weaponstats" (weapon "m4a1") (shots "40") (hits "3") (kills "0") (headshots "0") (tks "0") (damage "73") (deaths "2")
L 04/02/2015 - 22:35:36: "[Hard_Skill]_4IKIST<86><STEAM_0:4:1766728965><CT>" triggered "weaponstats2" (weapon "m4a1") (head "0") (chest "1") (stomach "0") (leftarm "2") (rightarm "0") (leftleg "0") (rightleg "0")
L 04/02/2015 - 22:35:36: "[Hard_Skill]_4IKIST<86><STEAM_0:4:1766728965><CT>" triggered "weaponstats" (weapon "deagle") (shots "11") (hits "6") (kills "2") (headshots "0") (tks "0") (damage "242") (deaths "0")
L 04/02/2015 - 22:35:36: "[Hard_Skill]_4IKIST<86><STEAM_0:4:1766728965><CT>" triggered "weaponstats2" (weapon "deagle") (head "0") (chest "1") (stomach "1") (leftarm "2") (rightarm "1") (leftleg "0") (rightleg "1")
L 04/02/2015 - 22:35:36: "[Hard_Skill]_4IKIST<86><STEAM_0:4:1766728965><CT>" triggered "time" (time "3:01")
L 04/02/2015 - 22:35:36: "[Hard_Skill]_4IKIST<86><STEAM_0:4:1766728965><CT>" triggered "latency" (ping "27")
L 04/02/2015 - 22:35:36: "{Virtyal_Pro}_[m][a][t][v][e]i<89><STEAM_0:4:1589418830><SPECTATOR>" triggered "weaponstats" (weapon "grenade") (shots "1") (hits "0") (kills "0") (headshots "0") (tks "0") (damage "0") (deaths "0")
L 04/02/2015 - 22:35:36: "{Virtyal_Pro}_[m][a][t][v][e]i<89><STEAM_0:4:1589418830><SPECTATOR>" triggered "weaponstats2" (weapon "grenade") (head "0") (chest "0") (stomach "0") (leftarm "0") (rightarm "0") (leftleg "0") (rightleg "0")
L 04/02/2015 - 22:35:36: "{Virtyal_Pro}_[m][a][t][v][e]i<89><STEAM_0:4:1589418830><SPECTATOR>" triggered "weaponstats" (weapon "famas") (shots "3") (hits "0") (kills "0") (headshots "0") (tks "0") (damage "0") (deaths "1")
L 04/02/2015 - 22:35:36: "{Virtyal_Pro}_[m][a][t][v][e]i<89><STEAM_0:4:1589418830><SPECTATOR>" triggered "weaponstats2" (weapon "famas") (head "0") (chest "0") (stomach "0") (leftarm "0") (rightarm "0") (leftleg "0") (rightleg "0")
L 04/02/2015 - 22:35:36: "{Virtyal_Pro}_[m][a][t][v][e]i<89><STEAM_0:4:1589418830><SPECTATOR>" triggered "weaponstats" (weapon "m4a1") (shots "20") (hits "3") (kills "0") (headshots "0") (tks "0") (damage "73") (deaths "2")
L 04/02/2015 - 22:35:36: "{Virtyal_Pro}_[m][a][t][v][e]i<89><STEAM_0:4:1589418830><SPECTATOR>" triggered "weaponstats2" (weapon "m4a1") (head "0") (chest "1") (stomach "0") (leftarm "0") (rightarm "2") (leftleg "0") (rightleg "0")
L 04/02/2015 - 22:35:36: "{Virtyal_Pro}_[m][a][t][v][e]i<89><STEAM_0:4:1589418830><SPECTATOR>" triggered "weaponstats" (weapon "deagle") (shots "9") (hits "0") (kills "0") (headshots "0") (tks "0") (damage "0") (deaths "0")
L 04/02/2015 - 22:35:36: "{Virtyal_Pro}_[m][a][t][v][e]i<89><STEAM_0:4:1589418830><SPECTATOR>" triggered "weaponstats2" (weapon "deagle") (head "0") (chest "0") (stomach "0") (leftarm "0") (rightarm "0") (leftleg "0") (rightleg "0")
L 04/02/2015 - 22:35:36: "{Virtyal_Pro}_[m][a][t][v][e]i<89><STEAM_0:4:1589418830><SPECTATOR>" triggered "weaponstats" (weapon "knife") (shots "3") (hits "0") (kills "0") (headshots "0") (tks "0") (damage "0") (deaths "0")
L 04/02/2015 - 22:35:36: "{Virtyal_Pro}_[m][a][t][v][e]i<89><STEAM_0:4:1589418830><SPECTATOR>" triggered "weaponstats2" (weapon "knife") (head "0") (chest "0") (stomach "0") (leftarm "0") (rightarm "0") (leftleg "0") (rightleg "0")
L 04/02/2015 - 22:35:36: "{Virtyal_Pro}_[m][a][t][v][e]i<89><STEAM_0:4:1589418830><SPECTATOR>" triggered "time" (time "2:58")
L 04/02/2015 - 22:35:36: "{Virtyal_Pro}_[m][a][t][v][e]i<89><STEAM_0:4:1589418830><SPECTATOR>" triggered "latency" (ping "106")
L 04/02/2015 - 22:35:36: "Fuck all# 6aTbKa 427<69><STEAM_0:4:807528509><TERRORIST>" triggered "weaponstats" (weapon "glock18") (shots "1") (hits "0") (kills "0") (headshots "0") (tks "0") (damage "0") (deaths "0")
L 04/02/2015 - 22:35:36: "Fuck all# 6aTbKa 427<69><STEAM_0:4:807528509><TERRORIST>" triggered "weaponstats2" (weapon "glock18") (head "0") (chest "0") (stomach "0") (leftarm "0") (rightarm "0") (leftleg "0") (rightleg "0")
L 04/02/2015 - 22:35:36: "Fuck all# 6aTbKa 427<69><STEAM_0:4:807528509><TERRORIST>" triggered "weaponstats" (weapon "m4a1") (shots "15") (hits "5") (kills "2") (headshots "1") (tks "0") (damage "167") (deaths "0")
L 04/02/2015 - 22:35:36: "Fuck all# 6aTbKa 427<69><STEAM_0:4:807528509><TERRORIST>" triggered "weaponstats2" (weapon "m4a1") (head "1") (chest "2") (stomach "0") (leftarm "0") (rightarm "1") (leftleg "0") (rightleg "1")
L 04/02/2015 - 22:35:36: "Fuck all# 6aTbKa 427<69><STEAM_0:4:807528509><TERRORIST>" triggered "weaponstats" (weapon "deagle") (shots "19") (hits "6") (kills "2") (headshots "1") (tks "0") (damage "283") (deaths "3")
L 04/02/2015 - 22:35:36: "Fuck all# 6aTbKa 427<69><STEAM_0:4:807528509><TERRORIST>" triggered "weaponstats2" (weapon "deagle") (head "1") (chest "0") (stomach "0") (leftarm "1") (rightarm "0") (leftleg "1") (rightleg "3")
L 04/02/2015 - 22:35:36: "Fuck all# 6aTbKa 427<69><STEAM_0:4:807528509><TERRORIST>" triggered "weaponstats" (weapon "knife") (shots "4") (hits "0") (kills "0") (headshots "0") (tks "0") (damage "0") (deaths "0")
L 04/02/2015 - 22:35:36: "Fuck all# 6aTbKa 427<69><STEAM_0:4:807528509><TERRORIST>" triggered "weaponstats2" (weapon "knife") (head "0") (chest "0") (stomach "0") (leftarm "0") (rightarm "0") (leftleg "0") (rightleg "0")
L 04/02/2015 - 22:35:36: "Fuck all# 6aTbKa 427<69><STEAM_0:4:807528509><TERRORIST>" triggered "time" (time "3:04")
L 04/02/2015 - 22:35:36: "Fuck all# 6aTbKa 427<69><STEAM_0:4:807528509><TERRORIST>" triggered "latency" (ping "33")
L 04/02/2015 - 22:35:36: "Fuck all# CblHoK 427<98><STEAM_0:4:807528509><TERRORIST>" triggered "weaponstats" (weapon "glock18") (shots "2") (hits "0") (kills "0") (headshots "0") (tks "0") (damage "0") (deaths "1")
L 04/02/2015 - 22:35:36: "Fuck all# CblHoK 427<98><STEAM_0:4:807528509><TERRORIST>" triggered "weaponstats2" (weapon "glock18") (head "0") (chest "0") (stomach "0") (leftarm "0") (rightarm "0") (leftleg "0") (rightleg "0")
L 04/02/2015 - 22:35:36: "Fuck all# CblHoK 427<98><STEAM_0:4:807528509><TERRORIST>" triggered "weaponstats" (weapon "ak47") (shots "38") (hits "9") (kills "3") (headshots "2") (tks "0") (damage "429") (deaths "0")
L 04/02/2015 - 22:35:36: "Fuck all# CblHoK 427<98><STEAM_0:4:807528509><TERRORIST>" triggered "weaponstats2" (weapon "ak47") (head "2") (chest "1") (stomach "4") (leftarm "1") (rightarm "1") (leftleg "0") (rightleg "0")
L 04/02/2015 - 22:35:36: "Fuck all# CblHoK 427<98><STEAM_0:4:807528509><TERRORIST>" triggered "time" (time "1:10")
L 04/02/2015 - 22:35:36: "Fuck all# CblHoK 427<98><STEAM_0:4:807528509><TERRORIST>" triggered "latency" (ping "48")
L 04/02/2015 - 22:35:36: "[Hard_Skill]_Lexa Kosmonaft<84><STEAM_0:0:226379933><CT>" triggered "weaponstats" (weapon "grenade") (shots "2") (hits "1") (kills "0") (headshots "0") (tks "0") (damage "63") (deaths "0")
L 04/02/2015 - 22:35:36: "[Hard_Skill]_Lexa Kosmonaft<84><STEAM_0:0:226379933><CT>" triggered "weaponstats2" (weapon "grenade") (head "0") (chest "0") (stomach "0") (leftarm "0") (rightarm "0") (leftleg "0") (rightleg "0")
L 04/02/2015 - 22:35:36: "[Hard_Skill]_Lexa Kosmonaft<84><STEAM_0:0:226379933><CT>" triggered "weaponstats" (weapon "m4a1") (shots "51") (hits "15") (kills "5") (headshots "2") (tks "0") (damage "558") (deaths "3")
L 04/02/2015 - 22:35:36: "[Hard_Skill]_Lexa Kosmonaft<84><STEAM_0:0:226379933><CT>" triggered "weaponstats2" (weapon "m4a1") (head "2") (chest "2") (stomach "1") (leftarm "3") (rightarm "4") (leftleg "1") (rightleg "2")
L 04/02/2015 - 22:35:36: "[Hard_Skill]_Lexa Kosmonaft<84><STEAM_0:0:226379933><CT>" triggered "weaponstats" (weapon "deagle") (shots "11") (hits "3") (kills "1") (headshots "0") (tks "0") (damage "122") (deaths "0")
L 04/02/2015 - 22:35:36: "[Hard_Skill]_Lexa Kosmonaft<84><STEAM_0:0:226379933><CT>" triggered "weaponstats2" (weapon "deagle") (head "0") (chest "1") (stomach "0") (leftarm "2") (rightarm "0") (leftleg "0") (rightleg "0")
L 04/02/2015 - 22:35:36: "[Hard_Skill]_Lexa Kosmonaft<84><STEAM_0:0:226379933><CT>" triggered "time" (time "3:03")
L 04/02/2015 - 22:35:36: "[Hard_Skill]_Lexa Kosmonaft<84><STEAM_0:0:226379933><CT>" triggered "latency" (ping "43")
L 04/02/2015 - 22:35:36: "iPlayer<99><STEAM_0:4:1296788427><TERRORIST>" triggered "time" (time "1:05")
L 04/02/2015 - 22:35:36: "iPlayer<99><STEAM_0:4:1296788427><TERRORIST>" triggered "latency" (ping "27")
L 04/02/2015 - 22:35:36: "Extazy<88><STEAM_0:4:397277401><CT>" triggered "weaponstats" (weapon "m4a1") (shots "9") (hits "0") (kills "0") (headshots "0") (tks "0") (damage "0") (deaths "0")
L 04/02/2015 - 22:35:36: "Extazy<88><STEAM_0:4:397277401><CT>" triggered "weaponstats2" (weapon "m4a1") (head "0") (chest "0") (stomach "0") (leftarm "0") (rightarm "0") (leftleg "0") (rightleg "0")
L 04/02/2015 - 22:35:36: "Extazy<88><STEAM_0:4:397277401><CT>" triggered "weaponstats" (weapon "deagle") (shots "13") (hits "4") (kills "2") (headshots "1") (tks "0") (damage "220") (deaths "2")
L 04/02/2015 - 22:35:36: "Extazy<88><STEAM_0:4:397277401><CT>" triggered "weaponstats2" (weapon "deagle") (head "1") (chest "1") (stomach "0") (leftarm "1") (rightarm "1") (leftleg "0") (rightleg "0")
L 04/02/2015 - 22:35:36: "Extazy<88><STEAM_0:4:397277401><CT>" triggered "time" (time "3:04")
L 04/02/2015 - 22:35:36: "Extazy<88><STEAM_0:4:397277401><CT>" triggered "latency" (ping "14")
L 04/02/2015 - 22:35:36: "BlackHalk 427<90><STEAM_0:4:807528509><TERRORIST>" triggered "weaponstats" (weapon "grenade") (shots "1") (hits "0") (kills "0") (headshots "0") (tks "0") (damage "0") (deaths "0")
L 04/02/2015 - 22:35:36: "BlackHalk 427<90><STEAM_0:4:807528509><TERRORIST>" triggered "weaponstats2" (weapon "grenade") (head "0") (chest "0") (stomach "0") (leftarm "0") (rightarm "0") (leftleg "0") (rightleg "0")
L 04/02/2015 - 22:35:36: "BlackHalk 427<90><STEAM_0:4:807528509><TERRORIST>" triggered "weaponstats" (weapon "glock18") (shots "20") (hits "8") (kills "1") (headshots "0") (tks "0") (damage "109") (deaths "0")
L 04/02/2015 - 22:35:36: "BlackHalk 427<90><STEAM_0:4:807528509><TERRORIST>" triggered "weaponstats2" (weapon "glock18") (head "0") (chest "1") (stomach "1") (leftarm "3") (rightarm "0") (leftleg "2") (rightleg "1")
L 04/02/2015 - 22:35:36: "BlackHalk 427<90><STEAM_0:4:807528509><TERRORIST>" triggered "weaponstats" (weapon "m4a1") (shots "6") (hits "1") (kills "0") (headshots "0") (tks "0") (damage "26") (deaths "1")
L 04/02/2015 - 22:35:36: "BlackHalk 427<90><STEAM_0:4:807528509><TERRORIST>" triggered "weaponstats2" (weapon "m4a1") (head "0") (chest "0") (stomach "1") (leftarm "0") (rightarm "0") (leftleg "0") (rightleg "0")
L 04/02/2015 - 22:35:36: "BlackHalk 427<90><STEAM_0:4:807528509><TERRORIST>" triggered "weaponstats" (weapon "deagle") (shots "7") (hits "0") (kills "0") (headshots "0") (tks "0") (damage "0") (deaths "1")
L 04/02/2015 - 22:35:36: "BlackHalk 427<90><STEAM_0:4:807528509><TERRORIST>" triggered "weaponstats2" (weapon "deagle") (head "0") (chest "0") (stomach "0") (leftarm "0") (rightarm "0") (leftleg "0") (rightleg "0")
L 04/02/2015 - 22:35:36: "BlackHalk 427<90><STEAM_0:4:807528509><TERRORIST>" triggered "weaponstats" (weapon "ak47") (shots "25") (hits "4") (kills "0") (headshots "0") (tks "0") (damage "136") (deaths "1")
L 04/02/2015 - 22:35:36: "BlackHalk 427<90><STEAM_0:4:807528509><TERRORIST>" triggered "weaponstats2" (weapon "ak47") (head "0") (chest "1") (stomach "1") (leftarm "1") (rightarm "0") (leftleg "1") (rightleg "0")
L 04/02/2015 - 22:35:36: "BlackHalk 427<90><STEAM_0:4:807528509><TERRORIST>" triggered "time" (time "2:59")
L 04/02/2015 - 22:35:36: "BlackHalk 427<90><STEAM_0:4:807528509><TERRORIST>" triggered "latency" (ping "67")
L 04/02/2015 - 22:35:36: "[Hard_Skill]_Mi{x}eR<91><STEAM_0:4:1908906958><TERRORIST>" triggered "weaponstats" (weapon "mp5navy") (shots "30") (hits "4") (kills "0") (headshots "0") (tks "0") (damage "31") (deaths "0")
L 04/02/2015 - 22:35:36: "[Hard_Skill]_Mi{x}eR<91><STEAM_0:4:1908906958><TERRORIST>" triggered "weaponstats2" (weapon "mp5navy") (head "0") (chest "2") (stomach "0") (leftarm "0") (rightarm "1") (leftleg "1") (rightleg "0")
L 04/02/2015 - 22:35:36: "[Hard_Skill]_Mi{x}eR<91><STEAM_0:4:1908906958><TERRORIST>" triggered "weaponstats" (weapon "m4a1") (shots "22") (hits "5") (kills "1") (headshots "1") (tks "0") (damage "173") (deaths "1")
L 04/02/2015 - 22:35:36: "[Hard_Skill]_Mi{x}eR<91><STEAM_0:4:1908906958><TERRORIST>" triggered "weaponstats2" (weapon "m4a1") (head "1") (chest "1") (stomach "1") (leftarm "1") (rightarm "1") (leftleg "0") (rightleg "0")
L 04/02/2015 - 22:35:36: "[Hard_Skill]_Mi{x}eR<91><STEAM_0:4:1908906958><TERRORIST>" triggered "weaponstats" (weapon "deagle") (shots "3") (hits "0") (kills "0") (headshots "0") (tks "0") (damage "0") (deaths "1")
L 04/02/2015 - 22:35:36: "[Hard_Skill]_Mi{x}eR<91><STEAM_0:4:1908906958><TERRORIST>" triggered "weaponstats2" (weapon "deagle") (head "0") (chest "0") (stomach "0") (leftarm "0") (rightarm "0") (leftleg "0") (rightleg "0")
L 04/02/2015 - 22:35:36: "[Hard_Skill]_Mi{x}eR<91><STEAM_0:4:1908906958><TERRORIST>" triggered "weaponstats" (weapon "ak47") (shots "5") (hits "1") (kills "1") (headshots "1") (tks "0") (damage "140") (deaths "0")
L 04/02/2015 - 22:35:36: "[Hard_Skill]_Mi{x}eR<91><STEAM_0:4:1908906958><TERRORIST>" triggered "weaponstats2" (weapon "ak47") (head "1") (chest "0") (stomach "0") (leftarm "0") (rightarm "0") (leftleg "0") (rightleg "0")
L 04/02/2015 - 22:35:36: "[Hard_Skill]_Mi{x}eR<91><STEAM_0:4:1908906958><TERRORIST>" triggered "weaponstats" (weapon "knife") (shots "4") (hits "0") (kills "0") (headshots "0") (tks "0") (damage "0") (deaths "0")
L 04/02/2015 - 22:35:36: "[Hard_Skill]_Mi{x}eR<91><STEAM_0:4:1908906958><TERRORIST>" triggered "weaponstats2" (weapon "knife") (head "0") (chest "0") (stomach "0") (leftarm "0") (rightarm "0") (leftleg "0") (rightleg "0")
L 04/02/2015 - 22:35:36: "[Hard_Skill]_Mi{x}eR<91><STEAM_0:4:1908906958><TERRORIST>" triggered "time" (time "2:56")
L 04/02/2015 - 22:35:36: "[Hard_Skill]_Mi{x}eR<91><STEAM_0:4:1908906958><TERRORIST>" triggered "latency" (ping "67")
L 04/02/2015 - 22:35:36: [META] ini: Begin re-reading plugins list: /home/extazy/public/cstrike/addons/metamod/plugins.ini
L 04/02/2015 - 22:35:36: [META] ini: Read plugin config for: AMX Mod X
L 04/02/2015 - 22:35:36: [META] ini: Read plugin config for: dproto_EF
L 04/02/2015 - 22:35:36: [META] ini: Read plugin config for: VoiceTranscoder
L 04/02/2015 - 22:35:36: [META] ini: Finished reading plugins list: /home/extazy/public/cstrike/addons/metamod/plugins.ini; Found 3 plugins
L 04/02/2015 - 22:35:36: [META] dll: Updating plugins...
L 04/02/2015 - 22:35:36: [META] dll: Finished updating 12 plugins; kept 3, loaded 0, unloaded 0, reloaded 0, delayed 0
L 04/02/2015 - 22:35:36: "[Hard_Skill]_4IKIST<86><STEAM_0:4:1766728965><CT>" disconnected
L 04/02/2015 - 22:35:36: "{Virtyal_Pro}_[m][a][t][v][e]i<89><STEAM_0:4:1589418830><SPECTATOR>" disconnected
L 04/02/2015 - 22:35:36: "Fuck all# 6aTbKa 427<69><STEAM_0:4:807528509><TERRORIST>" disconnected
L 04/02/2015 - 22:35:36: "Fuck all# CblHoK 427<98><STEAM_0:4:807528509><TERRORIST>" disconnected
L 04/02/2015 - 22:35:36: "[Hard_Skill]_Lexa Kosmonaft<84><STEAM_0:0:226379933><CT>" disconnected
L 04/02/2015 - 22:35:36: "iPlayer<99><STEAM_0:4:1296788427><TERRORIST>" disconnected
L 04/02/2015 - 22:35:36: "Extazy<88><STEAM_0:4:397277401><CT>" disconnected
L 04/02/2015 - 22:35:36: "BlackHalk 427<90><STEAM_0:4:807528509><TERRORIST>" triggered "Dropped_The_Bomb"
L 04/02/2015 - 22:35:36: "BlackHalk 427<90><STEAM_0:4:807528509><TERRORIST>" disconnected
L 04/02/2015 - 22:35:36: "[Hard_Skill]_Mi{x}eR<91><STEAM_0:4:1908906958><TERRORIST>" disconnected
L 04/02/2015 - 22:35:36: World triggered "Round_Draw" (CT "3") (T "1")
L 04/02/2015 - 22:35:36: World triggered "Round_End"
L 04/02/2015 - 22:35:36: Log file closed
