L 04/02/2015 - 10:44:28: Log file started (file "logs/L0402037.log") (game "cstrike") (version "48/1.6.3.7/Stdio/5787")
L 04/02/2015 - 10:44:28: Loading map "$2000$"
L 04/02/2015 - 10:44:28: Server cvars start
L 04/02/2015 - 10:44:28: Server cvar "_tutor_bomb_viewable_check_interval" = "0.5"
L 04/02/2015 - 10:44:28: Server cvar "_tutor_debug_level" = "0"
L 04/02/2015 - 10:44:28: Server cvar "_tutor_examine_time" = "0.5"
L 04/02/2015 - 10:44:28: Server cvar "_tutor_hint_interval_time" = "10.0"
L 04/02/2015 - 10:44:28: Server cvar "_tutor_look_angle" = "10"
L 04/02/2015 - 10:44:28: Server cvar "_tutor_look_distance" = "200"
L 04/02/2015 - 10:44:28: Server cvar "_tutor_message_character_display_time_coefficient" = "0.07"
L 04/02/2015 - 10:44:28: Server cvar "_tutor_message_minimum_display_time" = "1"
L 04/02/2015 - 10:44:28: Server cvar "_tutor_message_repeats" = "5"
L 04/02/2015 - 10:44:28: Server cvar "_tutor_view_distance" = "1000"
L 04/02/2015 - 10:44:28: Server cvar "aesp_version" = "1.5b_mini"
L 04/02/2015 - 10:44:28: Server cvar "allow_spectators" = "4"
L 04/02/2015 - 10:44:28: Server cvar "amx_client_languages" = "0"
L 04/02/2015 - 10:44:28: Server cvar "amx_contactinfo" = "ICQ: 691322983"
L 04/02/2015 - 10:44:28: Server cvar "amx_language" = "ru"
L 04/02/2015 - 10:44:28: Server cvar "amx_nextmap" = "aim_awp"
L 04/02/2015 - 10:44:28: Server cvar "amx_timeleft" = "24:51"
L 04/02/2015 - 10:44:28: Server cvar "amxbans_ssversion" = "Gm 1.6"
L 04/02/2015 - 10:44:28: Server cvar "amxbans_version" = "Gm 1.6"
L 04/02/2015 - 10:44:28: Server cvar "amxmodx_version" = "1.8.1.3746"
L 04/02/2015 - 10:44:28: Server cvar "Colored Translit Cheat" = "Loaded"
L 04/02/2015 - 10:44:28: Server cvar "Colored Translit Config" = "Loaded"
L 04/02/2015 - 10:44:28: Server cvar "Colored Translit Ignores" = "Loaded"
L 04/02/2015 - 10:44:28: Server cvar "Colored Translit Replace" = "Failed"
L 04/02/2015 - 10:44:28: Server cvar "Colored Translit Spam" = "Loaded"
L 04/02/2015 - 10:44:28: Server cvar "Colored Translit Status" = "Loaded"
L 04/02/2015 - 10:44:28: Server cvar "Colored Translit Swear" = "Loaded"
L 04/02/2015 - 10:44:28: Server cvar "Colored Translit Version" = "2.0b Final"
L 04/02/2015 - 10:44:28: Server cvar "coop" = "0"
L 04/02/2015 - 10:44:28: Server cvar "deathmatch" = "1"
L 04/02/2015 - 10:44:28: Server cvar "decalfrequency" = "9"
L 04/02/2015 - 10:44:28: Server cvar "dp_version" = "0.9.391"
L 04/02/2015 - 10:44:28: Server cvar "edgefriction" = "2"
L 04/02/2015 - 10:44:28: Server cvar "hostage_debug" = "0"
L 04/02/2015 - 10:44:28: Server cvar "hostage_stop" = "0"
L 04/02/2015 - 10:44:28: Server cvar "humans_join_team" = "any"
L 04/02/2015 - 10:44:28: Server cvar "jtp10181" = "chute,gore"
L 04/02/2015 - 10:44:28: Server cvar "max_queries_sec" = "3.0"
L 04/02/2015 - 10:44:28: Server cvar "max_queries_sec_global" = "30"
L 04/02/2015 - 10:44:28: Server cvar "max_queries_window" = "60"
L 04/02/2015 - 10:44:28: Server cvar "metamod_version" = "1.19"
L 04/02/2015 - 10:44:28: Server cvar "mp_allowmonsters" = "0"
L 04/02/2015 - 10:44:28: Server cvar "mp_autokick" = "1"
L 04/02/2015 - 10:44:28: Server cvar "mp_autoteambalance" = "1"
L 04/02/2015 - 10:44:28: Server cvar "mp_buytime" = "1.5"
L 04/02/2015 - 10:44:28: Server cvar "mp_c4timer" = "35"
L 04/02/2015 - 10:44:28: Server cvar "mp_chattime" = "1"
L 04/02/2015 - 10:44:28: Server cvar "mp_consistency" = "1"
L 04/02/2015 - 10:44:28: Server cvar "mp_fadetoblack" = "0"
L 04/02/2015 - 10:44:28: Server cvar "mp_flashlight" = "1"
L 04/02/2015 - 10:44:28: Server cvar "mp_footsteps" = "1"
L 04/02/2015 - 10:44:28: Server cvar "mp_forcecamera" = "0"
L 04/02/2015 - 10:44:28: Server cvar "mp_forcechasecam" = "0"
L 04/02/2015 - 10:44:28: Server cvar "mp_fragsleft" = "0"
L 04/02/2015 - 10:44:28: Server cvar "mp_freezetime" = "5"
L 04/02/2015 - 10:44:28: Server cvar "mp_friendlyfire" = "0"
L 04/02/2015 - 10:44:28: Server cvar "mp_ghostfrequency" = "0.1"
L 04/02/2015 - 10:44:28: Server cvar "mp_hostagepenalty" = "0"
L 04/02/2015 - 10:44:28: Server cvar "mp_kickpercent" = "0.66"
L 04/02/2015 - 10:44:28: Server cvar "mp_limitteams" = "5"
L 04/02/2015 - 10:44:28: Server cvar "mp_logdetail" = "3"
L 04/02/2015 - 10:44:28: Server cvar "mp_logfile" = "1"
L 04/02/2015 - 10:44:28: Server cvar "mp_logmessages" = "1"
L 04/02/2015 - 10:44:28: Server cvar "mp_mapvoteratio" = "0.66"
L 04/02/2015 - 10:44:28: Server cvar "mp_maxrounds" = "0"
L 04/02/2015 - 10:44:28: Server cvar "mp_mirrordamage" = "0"
L 04/02/2015 - 10:44:28: Server cvar "mp_playerid" = "0"
L 04/02/2015 - 10:44:28: Server cvar "mp_roundtime" = "2.57"
L 04/02/2015 - 10:44:28: Server cvar "mp_startmoney" = "800"
L 04/02/2015 - 10:44:28: Server cvar "mp_timeleft" = "0"
L 04/02/2015 - 10:44:28: Server cvar "mp_timelimit" = "30.000000"
L 04/02/2015 - 10:44:28: Server cvar "mp_tkpunish" = "1"
L 04/02/2015 - 10:44:28: Server cvar "mp_windifference" = "1"
L 04/02/2015 - 10:44:28: Server cvar "mp_winlimit" = "0"
L 04/02/2015 - 10:44:28: Server cvar "pausable" = "0"
L 04/02/2015 - 10:44:28: Server cvar "sv_accelerate" = "5"
L 04/02/2015 - 10:44:28: Server cvar "sv_aim" = "0"
L 04/02/2015 - 10:44:28: Server cvar "sv_airaccelerate" = "10"
L 04/02/2015 - 10:44:28: Server cvar "sv_airmove" = "1"
L 04/02/2015 - 10:44:28: Server cvar "sv_allowupload" = "1"
L 04/02/2015 - 10:44:28: Server cvar "sv_alltalk" = "0"
L 04/02/2015 - 10:44:28: Server cvar "sv_bounce" = "1"
L 04/02/2015 - 10:44:28: Server cvar "sv_cheats" = "0"
L 04/02/2015 - 10:44:28: Server cvar "sv_clienttrace" = "1"
L 04/02/2015 - 10:44:28: Server cvar "sv_clipmode" = "0"
L 04/02/2015 - 10:44:28: Server cvar "sv_contact" = ""
L 04/02/2015 - 10:44:28: Server cvar "sv_friction" = "4"
L 04/02/2015 - 10:44:28: Server cvar "sv_gravity" = "800"
L 04/02/2015 - 10:44:28: Server cvar "sv_logblocks" = "0"
L 04/02/2015 - 10:44:28: Server cvar "sv_maxrate" = "25000"
L 04/02/2015 - 10:44:28: Server cvar "sv_maxspeed" = "900"
L 04/02/2015 - 10:44:28: Server cvar "sv_minrate" = "100000"
L 04/02/2015 - 10:44:28: Server cvar "sv_password" = ""
L 04/02/2015 - 10:44:28: Server cvar "sv_proxies" = "0"
L 04/02/2015 - 10:44:28: Server cvar "sv_region" = "3"
L 04/02/2015 - 10:44:28: Server cvar "sv_restart" = "0"
L 04/02/2015 - 10:44:28: Server cvar "sv_restartround" = "0"
L 04/02/2015 - 10:44:28: Server cvar "sv_stepsize" = "18"
L 04/02/2015 - 10:44:28: Server cvar "sv_stopspeed" = "75"
L 04/02/2015 - 10:44:28: Server cvar "sv_uploadmax" = "0.5"
L 04/02/2015 - 10:44:28: Server cvar "sv_voiceenable" = "1"
L 04/02/2015 - 10:44:28: Server cvar "sv_wateraccelerate" = "10"
L 04/02/2015 - 10:44:28: Server cvar "sv_waterfriction" = "1"
L 04/02/2015 - 10:44:28: Server cvar "travo_statmarquee" = "v1.2"
L 04/02/2015 - 10:44:28: Server cvar "vtc_version" = "80"
L 04/02/2015 - 10:44:28: Server cvar "wallblocker_version" = "1.0"
L 04/02/2015 - 10:44:28: Server cvar "whb_version" = "1.5.530"
L 04/02/2015 - 10:44:28: Server cvars end
L 04/02/2015 - 10:44:28: Server cvar "amx_nextmap" = "35hp_2"
L 04/02/2015 - 10:44:28: Server cvar "sv_restart" = "1"
L 04/02/2015 - 10:44:28: World triggered "Restart_Round_(1_second)"
L 04/02/2015 - 10:44:28: Team "CT" scored "0" with "0" players
L 04/02/2015 - 10:44:28: Team "TERRORIST" scored "0" with "0" players
L 04/02/2015 - 10:44:28: Server cvar "sv_restart" = "0"
L 04/02/2015 - 10:44:29: Started map "$2000$" (CRC "-1688392397")
L 04/02/2015 - 10:44:34: World triggered "Round_Start"
L 04/02/2015 - 10:50:06: [DPROTO]: Client 0 - Set AuthIdType 3 [dp_RevEmu]; pClient = 0xb3994f08
L 04/02/2015 - 10:50:06: "a_7<119><STEAM_0:4:839371312><>" connected, address "217.118.83.205:16460"
L 04/02/2015 - 10:50:07: [VTC] Player 1 speex
L 04/02/2015 - 10:50:41: [DPROTO]: Client 0 - Set AuthIdType 3 [dp_RevEmu]; pClient = 0xb3994f08
L 04/02/2015 - 10:50:41: "a_7<120><STEAM_0:4:839371312><>" connected, address "217.118.83.205:16460"
L 04/02/2015 - 10:50:41: [VTC] Player 1 speex
L 04/02/2015 - 10:50:50: "a_7<120><STEAM_0:4:839371312><>" entered the game
L 04/02/2015 - 10:51:20: "a_7<120><STEAM_0:4:839371312><UNASSIGNED>" triggered "time" (time "0:29")
L 04/02/2015 - 10:51:20: "a_7<120><STEAM_0:4:839371312><UNASSIGNED>" triggered "latency" (ping "132")
L 04/02/2015 - 10:51:20: "a_7<120><STEAM_0:4:839371312><>" disconnected
L 04/02/2015 - 10:51:20: World triggered "Round_Draw" (CT "0") (T "0")
L 04/02/2015 - 10:51:20: World triggered "Round_End"
L 04/02/2015 - 10:51:30: World triggered "Round_Start"
L 04/02/2015 - 11:00:23: [DPROTO]: Client 0 - Set AuthIdType 3 [dp_RevEmu]; pClient = 0xb3994f08
L 04/02/2015 - 11:00:23: "Ace Baby<121><STEAM_0:4:419941765><>" connected, address "178.121.83.155:12855"
L 04/02/2015 - 11:00:23: [VTC] Player 1 speex
L 04/02/2015 - 11:00:40: [DPROTO]: Client 0 - Set AuthIdType 3 [dp_RevEmu]; pClient = 0xb3994f08
L 04/02/2015 - 11:00:40: "Mr.Dollor<122><STEAM_0:4:1121078405><>" connected, address "178.123.248.44:27005"
L 04/02/2015 - 11:00:40: [VTC] Player 1 speex
L 04/02/2015 - 11:01:09: [DPROTO]: Client 0 - Set AuthIdType 3 [dp_RevEmu]; pClient = 0xb3994f08
L 04/02/2015 - 11:01:09: "Ace Baby<123><STEAM_0:4:419941765><>" connected, address "178.121.83.155:12855"
L 04/02/2015 - 11:01:09: [DPROTO]: Client 1 - Set AuthIdType 3 [dp_RevEmu]; pClient = 0xb3999dfc
L 04/02/2015 - 11:01:09: "Mr.Dollor<124><STEAM_0:4:1121078405><>" connected, address "178.123.248.44:27005"
L 04/02/2015 - 11:01:09: [VTC] Player 1 speex
L 04/02/2015 - 11:01:09: [VTC] Player 2 speex
L 04/02/2015 - 11:01:18: "Ace Baby<123><STEAM_0:4:419941765><>" entered the game
L 04/02/2015 - 11:01:19: "Mr.Dollor<124><STEAM_0:4:1121078405><>" entered the game
L 04/02/2015 - 11:01:30: "Mr.Dollor<124><STEAM_0:4:1121078405><>" joined team "CT"
L 04/02/2015 - 11:01:41: "Ace Baby<123><STEAM_0:4:419941765><UNASSIGNED>" triggered "time" (time "0:22")
L 04/02/2015 - 11:01:41: "Ace Baby<123><STEAM_0:4:419941765><UNASSIGNED>" triggered "latency" (ping "53")
L 04/02/2015 - 11:01:41: "Ace Baby<123><STEAM_0:4:419941765><>" disconnected
L 04/02/2015 - 11:01:41: [DPROTO]: Client 0 - Set AuthIdType 3 [dp_RevEmu]; pClient = 0xb3994f08
L 04/02/2015 - 11:01:41: "Meepo<125><STEAM_0:4:419941765><>" connected, address "178.121.83.155:12855"
L 04/02/2015 - 11:01:41: Kick: "Meepo<125><STEAM_0:4:419941765><>" was kicked by "Console" (message ""Повторное подключение будет доступно через 19 секунд"")
L 04/02/2015 - 11:01:47: [DPROTO]: Client 0 - Set AuthIdType 3 [dp_RevEmu]; pClient = 0xb3994f08
L 04/02/2015 - 11:01:47: "Meepo<126><STEAM_0:4:419941765><>" connected, address "178.121.83.155:12855"
L 04/02/2015 - 11:01:47: Kick: "Meepo<126><STEAM_0:4:419941765><>" was kicked by "Console" (message ""Повторное подключение будет доступно через 13 секунд"")
L 04/02/2015 - 11:01:50: [DPROTO]: Client 0 - Set AuthIdType 3 [dp_RevEmu]; pClient = 0xb3994f08
L 04/02/2015 - 11:01:50: "Meepo<127><STEAM_0:4:419941765><>" connected, address "178.121.83.155:12855"
L 04/02/2015 - 11:01:50: Kick: "Meepo<127><STEAM_0:4:419941765><>" was kicked by "Console" (message ""Повторное подключение будет доступно через 10 секунд"")
L 04/02/2015 - 11:01:58: [DPROTO]: Client 0 - Set AuthIdType 3 [dp_RevEmu]; pClient = 0xb3994f08
L 04/02/2015 - 11:01:58: "Meepo<128><STEAM_0:4:419941765><>" connected, address "178.121.83.155:12855"
L 04/02/2015 - 11:01:58: Kick: "Meepo<128><STEAM_0:4:419941765><>" was kicked by "Console" (message ""Повторное подключение будет доступно через 2 секунд"")
L 04/02/2015 - 11:02:01: [DPROTO]: Client 0 - Set AuthIdType 3 [dp_RevEmu]; pClient = 0xb3994f08
L 04/02/2015 - 11:02:01: "Meepo<129><STEAM_0:4:419941765><>" connected, address "178.121.83.155:12855"
L 04/02/2015 - 11:02:01: [VTC] Player 1 speex
L 04/02/2015 - 11:02:04: "Meepo<129><STEAM_0:4:419941765><>" entered the game
L 04/02/2015 - 11:02:08: "Meepo<129><STEAM_0:4:419941765><>" joined team "CT"
L 04/02/2015 - 11:02:18: "Meepo<129><STEAM_0:4:419941765><CT>" committed suicide with "world"
L 04/02/2015 - 11:02:18: "Meepo<129><STEAM_0:4:419941765><CT>" joined team "TERRORIST"
L 04/02/2015 - 11:02:19: World triggered "Game_Commencing"
L 04/02/2015 - 11:02:19: World triggered "Game_Commencing" (CT "0") (T "0")
L 04/02/2015 - 11:02:19: World triggered "Round_End"
L 04/02/2015 - 11:02:27: World triggered "Round_Start"
L 04/02/2015 - 11:02:30: "Mr.Dollor<124><STEAM_0:4:1121078405><CT>" attacked "Meepo<129><STEAM_0:4:419941765><TERRORIST>" with "ak47" (damage "12") (damage_armor "0") (health "88") (armor "0")
L 04/02/2015 - 11:02:34: "Mr.Dollor<124><STEAM_0:4:1121078405><CT>" attacked "Meepo<129><STEAM_0:4:419941765><TERRORIST>" with "ak47" (damage "34") (damage_armor "0") (health "54") (armor "0")
L 04/02/2015 - 11:02:34: "Mr.Dollor<124><STEAM_0:4:1121078405><CT>" attacked "Meepo<129><STEAM_0:4:419941765><TERRORIST>" with "ak47" (damage "16") (damage_armor "0") (health "38") (armor "0")
L 04/02/2015 - 11:02:35: "Mr.Dollor<124><STEAM_0:4:1121078405><CT>" attacked "Meepo<129><STEAM_0:4:419941765><TERRORIST>" with "ak47" (damage "34") (damage_armor "0") (health "4") (armor "0")
L 04/02/2015 - 11:02:39: "Mr.Dollor<124><STEAM_0:4:1121078405><CT>" attacked "Meepo<129><STEAM_0:4:419941765><TERRORIST>" with "xm1014" (damage "29") (damage_armor "0") (health "-25") (armor "0")
L 04/02/2015 - 11:02:39: "Mr.Dollor<124><STEAM_0:4:1121078405><CT>" killed "Meepo<129><STEAM_0:4:419941765><TERRORIST>" with "xm1014"
L 04/02/2015 - 11:02:39: Team "CT" triggered "CTs_Win" (CT "1") (T "0")
L 04/02/2015 - 11:02:39: World triggered "Round_End"
L 04/02/2015 - 11:02:49: World triggered "Round_Start"
L 04/02/2015 - 11:02:52: "Meepo<129><STEAM_0:4:419941765><TERRORIST>" attacked "Mr.Dollor<124><STEAM_0:4:1121078405><CT>" with "awp" (damage "112") (damage_armor "0") (health "-12") (armor "0")
L 04/02/2015 - 11:02:52: "Meepo<129><STEAM_0:4:419941765><TERRORIST>" killed "Mr.Dollor<124><STEAM_0:4:1121078405><CT>" with "awp"
L 04/02/2015 - 11:02:52: Team "TERRORIST" triggered "Terrorists_Win" (CT "1") (T "1")
L 04/02/2015 - 11:02:52: World triggered "Round_End"
L 04/02/2015 - 11:03:02: World triggered "Round_Start"
L 04/02/2015 - 11:03:05: "Mr.Dollor<124><STEAM_0:4:1121078405><CT>" attacked "Meepo<129><STEAM_0:4:419941765><TERRORIST>" with "m4a1" (damage "37") (damage_armor "0") (health "63") (armor "0")
L 04/02/2015 - 11:03:08: "Meepo<129><STEAM_0:4:419941765><TERRORIST>" attacked "Mr.Dollor<124><STEAM_0:4:1121078405><CT>" with "m4a1" (damage "30") (damage_armor "0") (health "70") (armor "0")
L 04/02/2015 - 11:03:08: "Meepo<129><STEAM_0:4:419941765><TERRORIST>" attacked "Mr.Dollor<124><STEAM_0:4:1121078405><CT>" with "m4a1" (damage "120") (damage_armor "0") (health "-50") (armor "0")
L 04/02/2015 - 11:03:08: "Meepo<129><STEAM_0:4:419941765><TERRORIST>" killed "Mr.Dollor<124><STEAM_0:4:1121078405><CT>" with "m4a1"
L 04/02/2015 - 11:03:08: Team "TERRORIST" triggered "Terrorists_Win" (CT "1") (T "2")
L 04/02/2015 - 11:03:08: World triggered "Round_End"
L 04/02/2015 - 11:03:18: World triggered "Round_Start"
L 04/02/2015 - 11:03:22: "Mr.Dollor<124><STEAM_0:4:1121078405><CT>" attacked "Meepo<129><STEAM_0:4:419941765><TERRORIST>" with "ak47" (damage "26") (damage_armor "0") (health "74") (armor "0")
L 04/02/2015 - 11:03:22: "Mr.Dollor<124><STEAM_0:4:1121078405><CT>" attacked "Meepo<129><STEAM_0:4:419941765><TERRORIST>" with "ak47" (damage "35") (damage_armor "0") (health "39") (armor "0")
L 04/02/2015 - 11:03:25: "Meepo<129><STEAM_0:4:419941765><TERRORIST>" attacked "Mr.Dollor<124><STEAM_0:4:1121078405><CT>" with "m4a1" (damage "128") (damage_armor "0") (health "-28") (armor "0")
L 04/02/2015 - 11:03:25: "Meepo<129><STEAM_0:4:419941765><TERRORIST>" killed "Mr.Dollor<124><STEAM_0:4:1121078405><CT>" with "m4a1"
L 04/02/2015 - 11:03:25: Team "TERRORIST" triggered "Terrorists_Win" (CT "1") (T "3")
L 04/02/2015 - 11:03:25: World triggered "Round_End"
L 04/02/2015 - 11:03:35: World triggered "Round_Start"
L 04/02/2015 - 11:03:41: "Mr.Dollor<124><STEAM_0:4:1121078405><CT>" attacked "Meepo<129><STEAM_0:4:419941765><TERRORIST>" with "aug" (damage "28") (damage_armor "0") (health "72") (armor "0")
L 04/02/2015 - 11:03:41: "Meepo<129><STEAM_0:4:419941765><TERRORIST>" attacked "Mr.Dollor<124><STEAM_0:4:1121078405><CT>" with "m4a1" (damage "28") (damage_armor "0") (health "72") (armor "0")
L 04/02/2015 - 11:03:43: "Meepo<129><STEAM_0:4:419941765><TERRORIST>" attacked "Mr.Dollor<124><STEAM_0:4:1121078405><CT>" with "m4a1" (damage "28") (damage_armor "0") (health "44") (armor "0")
L 04/02/2015 - 11:03:46: "Meepo<129><STEAM_0:4:419941765><TERRORIST>" attacked "Mr.Dollor<124><STEAM_0:4:1121078405><CT>" with "m4a1" (damage "13") (damage_armor "0") (health "31") (armor "0")
L 04/02/2015 - 11:03:57: "Mr.Dollor<124><STEAM_0:4:1121078405><CT>" attacked "Meepo<129><STEAM_0:4:419941765><TERRORIST>" with "awp" (damage "444") (damage_armor "0") (health "-372") (armor "0")
L 04/02/2015 - 11:03:57: "Mr.Dollor<124><STEAM_0:4:1121078405><CT>" killed "Meepo<129><STEAM_0:4:419941765><TERRORIST>" with "awp"
L 04/02/2015 - 11:03:57: Team "CT" triggered "CTs_Win" (CT "2") (T "3")
L 04/02/2015 - 11:03:57: World triggered "Round_End"
L 04/02/2015 - 11:04:07: World triggered "Round_Start"
L 04/02/2015 - 11:04:22: "Meepo<129><STEAM_0:4:419941765><TERRORIST>" attacked "Mr.Dollor<124><STEAM_0:4:1121078405><CT>" with "m4a1" (damage "30") (damage_armor "0") (health "70") (armor "0")
L 04/02/2015 - 11:04:22: "Meepo<129><STEAM_0:4:419941765><TERRORIST>" attacked "Mr.Dollor<124><STEAM_0:4:1121078405><CT>" with "m4a1" (damage "30") (damage_armor "0") (health "40") (armor "0")
L 04/02/2015 - 11:04:27: "Mr.Dollor<124><STEAM_0:4:1121078405><CT>" attacked "Meepo<129><STEAM_0:4:419941765><TERRORIST>" with "m4a1" (damage "31") (damage_armor "0") (health "69") (armor "0")
L 04/02/2015 - 11:04:28: "Mr.Dollor<124><STEAM_0:4:1121078405><CT>" attacked "Meepo<129><STEAM_0:4:419941765><TERRORIST>" with "m4a1" (damage "31") (damage_armor "0") (health "38") (armor "0")
L 04/02/2015 - 11:04:28: "Mr.Dollor<124><STEAM_0:4:1121078405><CT>" attacked "Meepo<129><STEAM_0:4:419941765><TERRORIST>" with "m4a1" (damage "31") (damage_armor "0") (health "7") (armor "0")
L 04/02/2015 - 11:04:28: "Mr.Dollor<124><STEAM_0:4:1121078405><CT>" attacked "Meepo<129><STEAM_0:4:419941765><TERRORIST>" with "m4a1" (damage "38") (damage_armor "0") (health "-31") (armor "0")
L 04/02/2015 - 11:04:28: "Mr.Dollor<124><STEAM_0:4:1121078405><CT>" killed "Meepo<129><STEAM_0:4:419941765><TERRORIST>" with "m4a1"
L 04/02/2015 - 11:04:28: Team "CT" triggered "CTs_Win" (CT "3") (T "3")
L 04/02/2015 - 11:04:28: World triggered "Round_End"
L 04/02/2015 - 11:04:38: World triggered "Round_Start"
L 04/02/2015 - 11:04:41: "Mr.Dollor<124><STEAM_0:4:1121078405><CT>" attacked "Meepo<129><STEAM_0:4:419941765><TERRORIST>" with "m4a1" (damage "22") (damage_armor "0") (health "78") (armor "0")
L 04/02/2015 - 11:04:41: "Mr.Dollor<124><STEAM_0:4:1121078405><CT>" attacked "Meepo<129><STEAM_0:4:419941765><TERRORIST>" with "m4a1" (damage "30") (damage_armor "0") (health "48") (armor "0")
L 04/02/2015 - 11:04:42: "Mr.Dollor<124><STEAM_0:4:1121078405><CT>" attacked "Meepo<129><STEAM_0:4:419941765><TERRORIST>" with "m4a1" (damage "14") (damage_armor "0") (health "34") (armor "0")
L 04/02/2015 - 11:04:44: "Mr.Dollor<124><STEAM_0:4:1121078405><CT>" attacked "Meepo<129><STEAM_0:4:419941765><TERRORIST>" with "xm1014" (damage "11") (damage_armor "0") (health "23") (armor "0")
L 04/02/2015 - 11:04:45: "Mr.Dollor<124><STEAM_0:4:1121078405><CT>" attacked "Meepo<129><STEAM_0:4:419941765><TERRORIST>" with "xm1014" (damage "30") (damage_armor "0") (health "-7") (armor "0")
L 04/02/2015 - 11:04:45: "Mr.Dollor<124><STEAM_0:4:1121078405><CT>" killed "Meepo<129><STEAM_0:4:419941765><TERRORIST>" with "xm1014"
L 04/02/2015 - 11:04:45: Team "CT" triggered "CTs_Win" (CT "4") (T "3")
L 04/02/2015 - 11:04:45: World triggered "Round_End"
L 04/02/2015 - 11:04:55: World triggered "Round_Start"
L 04/02/2015 - 11:04:57: "Meepo<129><STEAM_0:4:419941765><TERRORIST>" attacked "Mr.Dollor<124><STEAM_0:4:1121078405><CT>" with "ak47" (damage "136") (damage_armor "0") (health "-36") (armor "0")
L 04/02/2015 - 11:04:57: "Meepo<129><STEAM_0:4:419941765><TERRORIST>" killed "Mr.Dollor<124><STEAM_0:4:1121078405><CT>" with "ak47"
L 04/02/2015 - 11:04:57: Team "TERRORIST" triggered "Terrorists_Win" (CT "4") (T "4")
L 04/02/2015 - 11:04:57: World triggered "Round_End"
L 04/02/2015 - 11:05:07: World triggered "Round_Start"
L 04/02/2015 - 11:05:11: "Mr.Dollor<124><STEAM_0:4:1121078405><CT>" attacked "Meepo<129><STEAM_0:4:419941765><TERRORIST>" with "m4a1" (damage "10") (damage_armor "0") (health "90") (armor "0")
L 04/02/2015 - 11:05:14: "Meepo<129><STEAM_0:4:419941765><TERRORIST>" attacked "Mr.Dollor<124><STEAM_0:4:1121078405><CT>" with "ak47" (damage "35") (damage_armor "0") (health "65") (armor "0")
L 04/02/2015 - 11:05:16: "Meepo<129><STEAM_0:4:419941765><TERRORIST>" attacked "Mr.Dollor<124><STEAM_0:4:1121078405><CT>" with "ak47" (damage "35") (damage_armor "0") (health "30") (armor "0")
L 04/02/2015 - 11:05:17: "Meepo<129><STEAM_0:4:419941765><TERRORIST>" attacked "Mr.Dollor<124><STEAM_0:4:1121078405><CT>" with "ak47" (damage "43") (damage_armor "0") (health "-13") (armor "0")
L 04/02/2015 - 11:05:17: "Meepo<129><STEAM_0:4:419941765><TERRORIST>" killed "Mr.Dollor<124><STEAM_0:4:1121078405><CT>" with "ak47"
L 04/02/2015 - 11:05:17: Team "TERRORIST" triggered "Terrorists_Win" (CT "4") (T "5")
L 04/02/2015 - 11:05:17: World triggered "Round_End"
L 04/02/2015 - 11:05:27: World triggered "Round_Start"
L 04/02/2015 - 11:05:34: "Meepo<129><STEAM_0:4:419941765><TERRORIST>" attacked "Mr.Dollor<124><STEAM_0:4:1121078405><CT>" with "xm1014" (damage "36") (damage_armor "0") (health "64") (armor "0")
L 04/02/2015 - 11:05:35: "Meepo<129><STEAM_0:4:419941765><TERRORIST>" attacked "Mr.Dollor<124><STEAM_0:4:1121078405><CT>" with "xm1014" (damage "160") (damage_armor "0") (health "-96") (armor "0")
L 04/02/2015 - 11:05:35: "Meepo<129><STEAM_0:4:419941765><TERRORIST>" killed "Mr.Dollor<124><STEAM_0:4:1121078405><CT>" with "xm1014"
L 04/02/2015 - 11:05:35: Team "TERRORIST" triggered "Terrorists_Win" (CT "4") (T "6")
L 04/02/2015 - 11:05:35: World triggered "Round_End"
L 04/02/2015 - 11:05:45: World triggered "Round_Start"
L 04/02/2015 - 11:06:01: "Meepo<129><STEAM_0:4:419941765><TERRORIST>" attacked "Mr.Dollor<124><STEAM_0:4:1121078405><CT>" with "xm1014" (damage "7") (damage_armor "0") (health "93") (armor "0")
L 04/02/2015 - 11:06:04: "Mr.Dollor<124><STEAM_0:4:1121078405><CT>" attacked "Meepo<129><STEAM_0:4:419941765><TERRORIST>" with "awp" (damage "84") (damage_armor "0") (health "16") (armor "0")
L 04/02/2015 - 11:06:09: "Meepo<129><STEAM_0:4:419941765><TERRORIST>" attacked "Mr.Dollor<124><STEAM_0:4:1121078405><CT>" with "xm1014" (damage "16") (damage_armor "0") (health "77") (armor "0")
L 04/02/2015 - 11:06:09: "Mr.Dollor<124><STEAM_0:4:1121078405><CT>" attacked "Meepo<129><STEAM_0:4:419941765><TERRORIST>" with "usp" (damage "16") (damage_armor "0") (health "0") (armor "0")
L 04/02/2015 - 11:06:09: "Mr.Dollor<124><STEAM_0:4:1121078405><CT>" killed "Meepo<129><STEAM_0:4:419941765><TERRORIST>" with "usp"
L 04/02/2015 - 11:06:09: Team "CT" triggered "CTs_Win" (CT "5") (T "6")
L 04/02/2015 - 11:06:09: World triggered "Round_End"
L 04/02/2015 - 11:06:19: World triggered "Round_Start"
L 04/02/2015 - 11:06:24: "Meepo<129><STEAM_0:4:419941765><TERRORIST>" attacked "Mr.Dollor<124><STEAM_0:4:1121078405><CT>" with "awp" (damage "113") (damage_armor "0") (health "-13") (armor "0")
L 04/02/2015 - 11:06:24: "Meepo<129><STEAM_0:4:419941765><TERRORIST>" killed "Mr.Dollor<124><STEAM_0:4:1121078405><CT>" with "awp"
L 04/02/2015 - 11:06:24: Team "TERRORIST" triggered "Terrorists_Win" (CT "5") (T "7")
L 04/02/2015 - 11:06:24: World triggered "Round_End"
L 04/02/2015 - 11:06:34: World triggered "Round_Start"
L 04/02/2015 - 11:06:38: "Mr.Dollor<124><STEAM_0:4:1121078405><CT>" attacked "Meepo<129><STEAM_0:4:419941765><TERRORIST>" with "awp" (damage "138") (damage_armor "0") (health "-38") (armor "0")
L 04/02/2015 - 11:06:38: "Mr.Dollor<124><STEAM_0:4:1121078405><CT>" killed "Meepo<129><STEAM_0:4:419941765><TERRORIST>" with "awp"
L 04/02/2015 - 11:06:38: Team "CT" triggered "CTs_Win" (CT "6") (T "7")
L 04/02/2015 - 11:06:38: World triggered "Round_End"
L 04/02/2015 - 11:06:48: World triggered "Round_Start"
L 04/02/2015 - 11:06:52: "Meepo<129><STEAM_0:4:419941765><TERRORIST>" attacked "Mr.Dollor<124><STEAM_0:4:1121078405><CT>" with "aug" (damage "28") (damage_armor "0") (health "72") (armor "0")
L 04/02/2015 - 11:06:52: "Mr.Dollor<124><STEAM_0:4:1121078405><CT>" attacked "Meepo<129><STEAM_0:4:419941765><TERRORIST>" with "awp" (damage "111") (damage_armor "0") (health "-11") (armor "0")
L 04/02/2015 - 11:06:52: "Mr.Dollor<124><STEAM_0:4:1121078405><CT>" killed "Meepo<129><STEAM_0:4:419941765><TERRORIST>" with "awp"
L 04/02/2015 - 11:06:52: Team "CT" triggered "CTs_Win" (CT "7") (T "7")
L 04/02/2015 - 11:06:52: World triggered "Round_End"
L 04/02/2015 - 11:07:02: World triggered "Round_Start"
L 04/02/2015 - 11:07:13: "Meepo<129><STEAM_0:4:419941765><TERRORIST>" attacked "Mr.Dollor<124><STEAM_0:4:1121078405><CT>" with "m4a1" (damage "120") (damage_armor "0") (health "-20") (armor "0")
L 04/02/2015 - 11:07:13: "Meepo<129><STEAM_0:4:419941765><TERRORIST>" killed "Mr.Dollor<124><STEAM_0:4:1121078405><CT>" with "m4a1"
L 04/02/2015 - 11:07:13: Team "TERRORIST" triggered "Terrorists_Win" (CT "7") (T "8")
L 04/02/2015 - 11:07:13: World triggered "Round_End"
L 04/02/2015 - 11:07:23: World triggered "Round_Start"
L 04/02/2015 - 11:07:37: "Mr.Dollor<124><STEAM_0:4:1121078405><CT>" attacked "Meepo<129><STEAM_0:4:419941765><TERRORIST>" with "awp" (damage "111") (damage_armor "0") (health "-11") (armor "0")
L 04/02/2015 - 11:07:37: "Mr.Dollor<124><STEAM_0:4:1121078405><CT>" killed "Meepo<129><STEAM_0:4:419941765><TERRORIST>" with "awp"
L 04/02/2015 - 11:07:37: Team "CT" triggered "CTs_Win" (CT "8") (T "8")
L 04/02/2015 - 11:07:37: World triggered "Round_End"
L 04/02/2015 - 11:07:47: World triggered "Round_Start"
L 04/02/2015 - 11:08:36: "Mr.Dollor<124><STEAM_0:4:1121078405><CT>" attacked "Meepo<129><STEAM_0:4:419941765><TERRORIST>" with "awp" (damage "111") (damage_armor "0") (health "-11") (armor "0")
L 04/02/2015 - 11:08:36: "Mr.Dollor<124><STEAM_0:4:1121078405><CT>" killed "Meepo<129><STEAM_0:4:419941765><TERRORIST>" with "awp"
L 04/02/2015 - 11:08:36: Team "CT" triggered "CTs_Win" (CT "9") (T "8")
L 04/02/2015 - 11:08:36: World triggered "Round_End"
L 04/02/2015 - 11:08:46: World triggered "Round_Start"
L 04/02/2015 - 11:08:58: "Mr.Dollor<124><STEAM_0:4:1121078405><CT>" attacked "Meepo<129><STEAM_0:4:419941765><TERRORIST>" with "awp" (damage "111") (damage_armor "0") (health "-11") (armor "0")
L 04/02/2015 - 11:08:58: "Mr.Dollor<124><STEAM_0:4:1121078405><CT>" killed "Meepo<129><STEAM_0:4:419941765><TERRORIST>" with "awp"
L 04/02/2015 - 11:08:58: Team "CT" triggered "CTs_Win" (CT "10") (T "8")
L 04/02/2015 - 11:08:58: World triggered "Round_End"
L 04/02/2015 - 11:09:08: World triggered "Round_Start"
L 04/02/2015 - 11:09:12: "Meepo<129><STEAM_0:4:419941765><TERRORIST>" attacked "Mr.Dollor<124><STEAM_0:4:1121078405><CT>" with "m4a1" (damage "36") (damage_armor "0") (health "64") (armor "0")
L 04/02/2015 - 11:09:17: "Mr.Dollor<124><STEAM_0:4:1121078405><CT>" attacked "Meepo<129><STEAM_0:4:419941765><TERRORIST>" with "usp" (damage "24") (damage_armor "0") (health "76") (armor "0")
L 04/02/2015 - 11:09:18: "Mr.Dollor<124><STEAM_0:4:1121078405><CT>" attacked "Meepo<129><STEAM_0:4:419941765><TERRORIST>" with "usp" (damage "18") (damage_armor "0") (health "58") (armor "0")
L 04/02/2015 - 11:09:18: "Mr.Dollor<124><STEAM_0:4:1121078405><CT>" attacked "Meepo<129><STEAM_0:4:419941765><TERRORIST>" with "usp" (damage "24") (damage_armor "0") (health "34") (armor "0")
L 04/02/2015 - 11:09:18: "Mr.Dollor<124><STEAM_0:4:1121078405><CT>" attacked "Meepo<129><STEAM_0:4:419941765><TERRORIST>" with "usp" (damage "24") (damage_armor "0") (health "10") (armor "0")
L 04/02/2015 - 11:09:18: "Mr.Dollor<124><STEAM_0:4:1121078405><CT>" attacked "Meepo<129><STEAM_0:4:419941765><TERRORIST>" with "usp" (damage "24") (damage_armor "0") (health "-14") (armor "0")
L 04/02/2015 - 11:09:18: "Mr.Dollor<124><STEAM_0:4:1121078405><CT>" killed "Meepo<129><STEAM_0:4:419941765><TERRORIST>" with "usp"
L 04/02/2015 - 11:09:18: Team "CT" triggered "CTs_Win" (CT "11") (T "8")
L 04/02/2015 - 11:09:18: World triggered "Round_End"
L 04/02/2015 - 11:09:28: World triggered "Round_Start"
L 04/02/2015 - 11:09:39: "Mr.Dollor<124><STEAM_0:4:1121078405><CT>" attacked "Meepo<129><STEAM_0:4:419941765><TERRORIST>" with "ak47" (damage "34") (damage_armor "0") (health "66") (armor "0")
L 04/02/2015 - 11:09:40: "Mr.Dollor<124><STEAM_0:4:1121078405><CT>" attacked "Meepo<129><STEAM_0:4:419941765><TERRORIST>" with "ak47" (damage "25") (damage_armor "0") (health "41") (armor "0")
L 04/02/2015 - 11:09:40: "Meepo<129><STEAM_0:4:419941765><TERRORIST>" attacked "Mr.Dollor<124><STEAM_0:4:1121078405><CT>" with "ak47" (damage "25") (damage_armor "0") (health "75") (armor "0")
L 04/02/2015 - 11:09:41: "Meepo<129><STEAM_0:4:419941765><TERRORIST>" attacked "Mr.Dollor<124><STEAM_0:4:1121078405><CT>" with "ak47" (damage "25") (damage_armor "0") (health "50") (armor "0")
L 04/02/2015 - 11:09:43: "Meepo<129><STEAM_0:4:419941765><TERRORIST>" attacked "Mr.Dollor<124><STEAM_0:4:1121078405><CT>" with "ak47" (damage "34") (damage_armor "0") (health "16") (armor "0")
L 04/02/2015 - 11:09:44: "Meepo<129><STEAM_0:4:419941765><TERRORIST>" attacked "Mr.Dollor<124><STEAM_0:4:1121078405><CT>" with "ak47" (damage "25") (damage_armor "0") (health "-9") (armor "0")
L 04/02/2015 - 11:09:44: "Meepo<129><STEAM_0:4:419941765><TERRORIST>" killed "Mr.Dollor<124><STEAM_0:4:1121078405><CT>" with "ak47"
L 04/02/2015 - 11:09:44: Team "TERRORIST" triggered "Terrorists_Win" (CT "11") (T "9")
L 04/02/2015 - 11:09:44: World triggered "Round_End"
L 04/02/2015 - 11:09:54: World triggered "Round_Start"
L 04/02/2015 - 11:10:10: "Mr.Dollor<124><STEAM_0:4:1121078405><CT>" attacked "Meepo<129><STEAM_0:4:419941765><TERRORIST>" with "ak47" (damage "140") (damage_armor "0") (health "-40") (armor "0")
L 04/02/2015 - 11:10:10: "Mr.Dollor<124><STEAM_0:4:1121078405><CT>" killed "Meepo<129><STEAM_0:4:419941765><TERRORIST>" with "ak47"
L 04/02/2015 - 11:10:10: Team "CT" triggered "CTs_Win" (CT "12") (T "9")
L 04/02/2015 - 11:10:10: World triggered "Round_End"
L 04/02/2015 - 11:10:20: World triggered "Round_Start"
L 04/02/2015 - 11:10:37: "Mr.Dollor<124><STEAM_0:4:1121078405><CT>" attacked "Meepo<129><STEAM_0:4:419941765><TERRORIST>" with "ak47" (damage "34") (damage_armor "0") (health "64") (armor "0")
L 04/02/2015 - 11:10:37: "Meepo<129><STEAM_0:4:419941765><TERRORIST>" attacked "Mr.Dollor<124><STEAM_0:4:1121078405><CT>" with "m4a1" (damage "30") (damage_armor "0") (health "70") (armor "0")
L 04/02/2015 - 11:10:37: "Meepo<129><STEAM_0:4:419941765><TERRORIST>" attacked "Mr.Dollor<124><STEAM_0:4:1121078405><CT>" with "m4a1" (damage "22") (damage_armor "0") (health "48") (armor "0")
L 04/02/2015 - 11:10:37: "Mr.Dollor<124><STEAM_0:4:1121078405><CT>" attacked "Meepo<129><STEAM_0:4:419941765><TERRORIST>" with "ak47" (damage "136") (damage_armor "0") (health "-72") (armor "0")
L 04/02/2015 - 11:10:37: "Mr.Dollor<124><STEAM_0:4:1121078405><CT>" killed "Meepo<129><STEAM_0:4:419941765><TERRORIST>" with "ak47"
L 04/02/2015 - 11:10:37: Team "CT" triggered "CTs_Win" (CT "13") (T "9")
L 04/02/2015 - 11:10:37: World triggered "Round_End"
L 04/02/2015 - 11:10:47: World triggered "Round_Start"
L 04/02/2015 - 11:10:50: "Meepo<129><STEAM_0:4:419941765><TERRORIST>" attacked "Mr.Dollor<124><STEAM_0:4:1121078405><CT>" with "m4a1" (damage "21") (damage_armor "0") (health "79") (armor "0")
L 04/02/2015 - 11:10:55: "Meepo<129><STEAM_0:4:419941765><TERRORIST>" attacked "Mr.Dollor<124><STEAM_0:4:1121078405><CT>" with "m4a1" (damage "116") (damage_armor "0") (health "-37") (armor "0")
L 04/02/2015 - 11:10:55: "Meepo<129><STEAM_0:4:419941765><TERRORIST>" killed "Mr.Dollor<124><STEAM_0:4:1121078405><CT>" with "m4a1"
L 04/02/2015 - 11:10:55: Team "TERRORIST" triggered "Terrorists_Win" (CT "13") (T "10")
L 04/02/2015 - 11:10:55: World triggered "Round_End"
L 04/02/2015 - 11:11:05: World triggered "Round_Start"
L 04/02/2015 - 11:11:09: "Meepo<129><STEAM_0:4:419941765><TERRORIST>" attacked "Mr.Dollor<124><STEAM_0:4:1121078405><CT>" with "m4a1" (damage "28") (damage_armor "0") (health "72") (armor "0")
L 04/02/2015 - 11:11:20: "Meepo<129><STEAM_0:4:419941765><TERRORIST>" attacked "Mr.Dollor<124><STEAM_0:4:1121078405><CT>" with "knife" (damage "65") (damage_armor "0") (health "7") (armor "0")
L 04/02/2015 - 11:11:22: "Meepo<129><STEAM_0:4:419941765><TERRORIST>" attacked "Mr.Dollor<124><STEAM_0:4:1121078405><CT>" with "knife" (damage "48") (damage_armor "0") (health "-41") (armor "0")
L 04/02/2015 - 11:11:22: "Meepo<129><STEAM_0:4:419941765><TERRORIST>" killed "Mr.Dollor<124><STEAM_0:4:1121078405><CT>" with "knife"
L 04/02/2015 - 11:11:22: Team "TERRORIST" triggered "Terrorists_Win" (CT "13") (T "11")
L 04/02/2015 - 11:11:22: World triggered "Round_End"
L 04/02/2015 - 11:11:32: World triggered "Round_Start"
L 04/02/2015 - 11:11:45: "Mr.Dollor<124><STEAM_0:4:1121078405><CT>" attacked "Meepo<129><STEAM_0:4:419941765><TERRORIST>" with "m4a1" (damage "29") (damage_armor "0") (health "71") (armor "0")
L 04/02/2015 - 11:11:46: "Mr.Dollor<124><STEAM_0:4:1121078405><CT>" attacked "Meepo<129><STEAM_0:4:419941765><TERRORIST>" with "m4a1" (damage "29") (damage_armor "0") (health "42") (armor "0")
L 04/02/2015 - 11:11:46: "Meepo<129><STEAM_0:4:419941765><TERRORIST>" attacked "Mr.Dollor<124><STEAM_0:4:1121078405><CT>" with "m4a1" (damage "21") (damage_armor "0") (health "79") (armor "0")
L 04/02/2015 - 11:11:52: "Mr.Dollor<124><STEAM_0:4:1121078405><CT>" attacked "Meepo<129><STEAM_0:4:419941765><TERRORIST>" with "m4a1" (damage "31") (damage_armor "0") (health "11") (armor "0")
L 04/02/2015 - 11:11:57: "Mr.Dollor<124><STEAM_0:4:1121078405><CT>" attacked "Meepo<129><STEAM_0:4:419941765><TERRORIST>" with "m4a1" (damage "14") (damage_armor "0") (health "-3") (armor "0")
L 04/02/2015 - 11:11:57: "Mr.Dollor<124><STEAM_0:4:1121078405><CT>" killed "Meepo<129><STEAM_0:4:419941765><TERRORIST>" with "m4a1"
L 04/02/2015 - 11:11:57: Team "CT" triggered "CTs_Win" (CT "14") (T "11")
L 04/02/2015 - 11:11:57: World triggered "Round_End"
L 04/02/2015 - 11:12:07: World triggered "Round_Start"
L 04/02/2015 - 11:12:18: "Mr.Dollor<124><STEAM_0:4:1121078405><CT>" attacked "Meepo<129><STEAM_0:4:419941765><TERRORIST>" with "xm1014" (damage "60") (damage_armor "0") (health "40") (armor "0")
L 04/02/2015 - 11:12:19: "Mr.Dollor<124><STEAM_0:4:1121078405><CT>" attacked "Meepo<129><STEAM_0:4:419941765><TERRORIST>" with "xm1014" (damage "85") (damage_armor "0") (health "-45") (armor "0")
L 04/02/2015 - 11:12:19: "Mr.Dollor<124><STEAM_0:4:1121078405><CT>" killed "Meepo<129><STEAM_0:4:419941765><TERRORIST>" with "xm1014"
L 04/02/2015 - 11:12:19: Team "CT" triggered "CTs_Win" (CT "15") (T "11")
L 04/02/2015 - 11:12:19: World triggered "Round_End"
L 04/02/2015 - 11:12:29: World triggered "Round_Start"
L 04/02/2015 - 11:12:40: "Meepo<129><STEAM_0:4:419941765><TERRORIST>" attacked "Mr.Dollor<124><STEAM_0:4:1121078405><CT>" with "m4a1" (damage "86") (damage_armor "19") (health "14") (armor "81")
L 04/02/2015 - 11:12:40: "Meepo<129><STEAM_0:4:419941765><TERRORIST>" attacked "Mr.Dollor<124><STEAM_0:4:1121078405><CT>" with "m4a1" (damage "21") (damage_armor "5") (health "-7") (armor "76")
L 04/02/2015 - 11:12:40: "Meepo<129><STEAM_0:4:419941765><TERRORIST>" killed "Mr.Dollor<124><STEAM_0:4:1121078405><CT>" with "m4a1"
L 04/02/2015 - 11:12:40: Team "TERRORIST" triggered "Terrorists_Win" (CT "15") (T "12")
L 04/02/2015 - 11:12:40: World triggered "Round_End"
L 04/02/2015 - 11:12:50: World triggered "Round_Start"
L 04/02/2015 - 11:12:56: "Meepo<129><STEAM_0:4:419941765><TERRORIST>" attacked "Mr.Dollor<124><STEAM_0:4:1121078405><CT>" with "xm1014" (damage "10") (damage_armor "0") (health "68") (armor "0")
L 04/02/2015 - 11:13:03: "Mr.Dollor<124><STEAM_0:4:1121078405><CT>" attacked "Meepo<129><STEAM_0:4:419941765><TERRORIST>" with "m4a1" (damage "31") (damage_armor "0") (health "69") (armor "0")
L 04/02/2015 - 11:13:03: "Mr.Dollor<124><STEAM_0:4:1121078405><CT>" attacked "Meepo<129><STEAM_0:4:419941765><TERRORIST>" with "m4a1" (damage "31") (damage_armor "0") (health "38") (armor "0")
L 04/02/2015 - 11:13:04: "Mr.Dollor<124><STEAM_0:4:1121078405><CT>" attacked "Meepo<129><STEAM_0:4:419941765><TERRORIST>" with "m4a1" (damage "31") (damage_armor "0") (health "7") (armor "0")
L 04/02/2015 - 11:13:04: "Meepo<129><STEAM_0:4:419941765><TERRORIST>" attacked "Mr.Dollor<124><STEAM_0:4:1121078405><CT>" with "xm1014" (damage "57") (damage_armor "0") (health "11") (armor "0")
L 04/02/2015 - 11:13:04: "Meepo<129><STEAM_0:4:419941765><TERRORIST>" attacked "Mr.Dollor<124><STEAM_0:4:1121078405><CT>" with "xm1014" (damage "123") (damage_armor "0") (health "-112") (armor "0")
L 04/02/2015 - 11:13:04: "Meepo<129><STEAM_0:4:419941765><TERRORIST>" killed "Mr.Dollor<124><STEAM_0:4:1121078405><CT>" with "xm1014"
L 04/02/2015 - 11:13:04: Team "TERRORIST" triggered "Terrorists_Win" (CT "15") (T "13")
L 04/02/2015 - 11:13:04: World triggered "Round_End"
L 04/02/2015 - 11:13:14: World triggered "Round_Start"
L 04/02/2015 - 11:13:25: "Mr.Dollor<124><STEAM_0:4:1121078405><CT>" attacked "Meepo<129><STEAM_0:4:419941765><TERRORIST>" with "awp" (damage "111") (damage_armor "0") (health "-11") (armor "0")
L 04/02/2015 - 11:13:25: "Mr.Dollor<124><STEAM_0:4:1121078405><CT>" killed "Meepo<129><STEAM_0:4:419941765><TERRORIST>" with "awp"
L 04/02/2015 - 11:13:25: Team "CT" triggered "CTs_Win" (CT "16") (T "13")
L 04/02/2015 - 11:13:25: World triggered "Round_End"
L 04/02/2015 - 11:13:35: World triggered "Round_Start"
L 04/02/2015 - 11:13:37: "Meepo<129><STEAM_0:4:419941765><TERRORIST>" attacked "Mr.Dollor<124><STEAM_0:4:1121078405><CT>" with "aug" (damage "52") (damage_armor "0") (health "48") (armor "0")
L 04/02/2015 - 11:13:39: "Meepo<129><STEAM_0:4:419941765><TERRORIST>" attacked "Mr.Dollor<124><STEAM_0:4:1121078405><CT>" with "aug" (damage "112") (damage_armor "0") (health "-64") (armor "0")
L 04/02/2015 - 11:13:39: "Meepo<129><STEAM_0:4:419941765><TERRORIST>" killed "Mr.Dollor<124><STEAM_0:4:1121078405><CT>" with "aug"
L 04/02/2015 - 11:13:39: Team "TERRORIST" triggered "Terrorists_Win" (CT "16") (T "14")
L 04/02/2015 - 11:13:39: World triggered "Round_End"
L 04/02/2015 - 11:13:49: World triggered "Round_Start"
L 04/02/2015 - 11:14:08: "Mr.Dollor<124><STEAM_0:4:1121078405><CT>" attacked "Meepo<129><STEAM_0:4:419941765><TERRORIST>" with "ak47" (damage "140") (damage_armor "0") (health "-40") (armor "0")
L 04/02/2015 - 11:14:08: "Mr.Dollor<124><STEAM_0:4:1121078405><CT>" killed "Meepo<129><STEAM_0:4:419941765><TERRORIST>" with "ak47"
L 04/02/2015 - 11:14:08: Team "CT" triggered "CTs_Win" (CT "17") (T "14")
L 04/02/2015 - 11:14:08: World triggered "Round_End"
L 04/02/2015 - 11:14:18: World triggered "Round_Start"
L 04/02/2015 - 11:14:27: "Mr.Dollor<124><STEAM_0:4:1121078405><CT>" attacked "Meepo<129><STEAM_0:4:419941765><TERRORIST>" with "usp" (damage "30") (damage_armor "0") (health "70") (armor "0")
L 04/02/2015 - 11:14:28: "Mr.Dollor<124><STEAM_0:4:1121078405><CT>" attacked "Meepo<129><STEAM_0:4:419941765><TERRORIST>" with "usp" (damage "120") (damage_armor "0") (health "-50") (armor "0")
L 04/02/2015 - 11:14:28: "Mr.Dollor<124><STEAM_0:4:1121078405><CT>" killed "Meepo<129><STEAM_0:4:419941765><TERRORIST>" with "usp"
L 04/02/2015 - 11:14:28: Team "CT" triggered "CTs_Win" (CT "18") (T "14")
L 04/02/2015 - 11:14:28: World triggered "Round_End"
L 04/02/2015 - 11:14:38: World triggered "Round_Start"
L 04/02/2015 - 11:14:45: "Mr.Dollor<124><STEAM_0:4:1121078405><CT>" attacked "Meepo<129><STEAM_0:4:419941765><TERRORIST>" with "ak47" (damage "136") (damage_armor "0") (health "-36") (armor "0")
L 04/02/2015 - 11:14:45: "Mr.Dollor<124><STEAM_0:4:1121078405><CT>" killed "Meepo<129><STEAM_0:4:419941765><TERRORIST>" with "ak47"
L 04/02/2015 - 11:14:45: Team "CT" triggered "CTs_Win" (CT "19") (T "14")
L 04/02/2015 - 11:14:45: World triggered "Round_End"
L 04/02/2015 - 11:14:55: World triggered "Round_Start"
L 04/02/2015 - 11:14:57: "Meepo<129><STEAM_0:4:419941765><TERRORIST>" attacked "Mr.Dollor<124><STEAM_0:4:1121078405><CT>" with "awp" (damage "448") (damage_armor "0") (health "-348") (armor "0")
L 04/02/2015 - 11:14:57: "Meepo<129><STEAM_0:4:419941765><TERRORIST>" killed "Mr.Dollor<124><STEAM_0:4:1121078405><CT>" with "awp"
L 04/02/2015 - 11:14:57: Team "TERRORIST" triggered "Terrorists_Win" (CT "19") (T "15")
L 04/02/2015 - 11:14:57: World triggered "Round_End"
L 04/02/2015 - 11:15:07: World triggered "Round_Start"
L 04/02/2015 - 11:15:12: "Meepo<129><STEAM_0:4:419941765><TERRORIST>" attacked "Mr.Dollor<124><STEAM_0:4:1121078405><CT>" with "xm1014" (damage "80") (damage_armor "0") (health "20") (armor "0")
L 04/02/2015 - 11:15:12: "Meepo<129><STEAM_0:4:419941765><TERRORIST>" attacked "Mr.Dollor<124><STEAM_0:4:1121078405><CT>" with "xm1014" (damage "35") (damage_armor "0") (health "-15") (armor "0")
L 04/02/2015 - 11:15:12: "Meepo<129><STEAM_0:4:419941765><TERRORIST>" killed "Mr.Dollor<124><STEAM_0:4:1121078405><CT>" with "xm1014"
L 04/02/2015 - 11:15:12: Team "TERRORIST" triggered "Terrorists_Win" (CT "19") (T "16")
L 04/02/2015 - 11:15:12: World triggered "Round_End"
L 04/02/2015 - 11:15:22: World triggered "Round_Start"
L 04/02/2015 - 11:16:31: "Mr.Dollor<124><STEAM_0:4:1121078405><CT>" attacked "Meepo<129><STEAM_0:4:419941765><TERRORIST>" with "awp" (damage "114") (damage_armor "0") (health "-14") (armor "0")
L 04/02/2015 - 11:16:31: "Mr.Dollor<124><STEAM_0:4:1121078405><CT>" killed "Meepo<129><STEAM_0:4:419941765><TERRORIST>" with "awp"
L 04/02/2015 - 11:16:31: Team "CT" triggered "CTs_Win" (CT "20") (T "16")
L 04/02/2015 - 11:16:31: World triggered "Round_End"
L 04/02/2015 - 11:16:41: World triggered "Round_Start"
L 04/02/2015 - 11:16:57: "Mr.Dollor<124><STEAM_0:4:1121078405><CT>" attacked "Meepo<129><STEAM_0:4:419941765><TERRORIST>" with "usp" (damage "18") (damage_armor "0") (health "82") (armor "0")
L 04/02/2015 - 11:17:04: "Mr.Dollor<124><STEAM_0:4:1121078405><CT>" attacked "Meepo<129><STEAM_0:4:419941765><TERRORIST>" with "ak47" (damage "26") (damage_armor "0") (health "56") (armor "0")
L 04/02/2015 - 11:17:05: "Meepo<129><STEAM_0:4:419941765><TERRORIST>" attacked "Mr.Dollor<124><STEAM_0:4:1121078405><CT>" with "glock18" (damage "21") (damage_armor "0") (health "64") (armor "0")
L 04/02/2015 - 11:17:05: "Meepo<129><STEAM_0:4:419941765><TERRORIST>" attacked "Mr.Dollor<124><STEAM_0:4:1121078405><CT>" with "glock18" (damage "21") (damage_armor "0") (health "43") (armor "0")
L 04/02/2015 - 11:17:05: "Meepo<129><STEAM_0:4:419941765><TERRORIST>" attacked "Mr.Dollor<124><STEAM_0:4:1121078405><CT>" with "glock18" (damage "26") (damage_armor "0") (health "17") (armor "0")
L 04/02/2015 - 11:17:05: "Meepo<129><STEAM_0:4:419941765><TERRORIST>" attacked "Mr.Dollor<124><STEAM_0:4:1121078405><CT>" with "glock18" (damage "15") (damage_armor "0") (health "2") (armor "0")
L 04/02/2015 - 11:17:06: "Mr.Dollor<124><STEAM_0:4:1121078405><CT>" attacked "Meepo<129><STEAM_0:4:419941765><TERRORIST>" with "ak47" (damage "140") (damage_armor "0") (health "-84") (armor "0")
L 04/02/2015 - 11:17:06: "Mr.Dollor<124><STEAM_0:4:1121078405><CT>" killed "Meepo<129><STEAM_0:4:419941765><TERRORIST>" with "ak47"
L 04/02/2015 - 11:17:06: Team "CT" triggered "CTs_Win" (CT "21") (T "16")
L 04/02/2015 - 11:17:06: World triggered "Round_End"
L 04/02/2015 - 11:17:16: World triggered "Round_Start"
L 04/02/2015 - 11:17:25: "Mr.Dollor<124><STEAM_0:4:1121078405><CT>" attacked "Meepo<129><STEAM_0:4:419941765><TERRORIST>" with "xm1014" (damage "18") (damage_armor "0") (health "82") (armor "0")
L 04/02/2015 - 11:17:26: "Mr.Dollor<124><STEAM_0:4:1121078405><CT>" attacked "Meepo<129><STEAM_0:4:419941765><TERRORIST>" with "xm1014" (damage "16") (damage_armor "0") (health "66") (armor "0")
L 04/02/2015 - 11:17:26: "Mr.Dollor<124><STEAM_0:4:1121078405><CT>" attacked "Meepo<129><STEAM_0:4:419941765><TERRORIST>" with "xm1014" (damage "16") (damage_armor "0") (health "50") (armor "0")
L 04/02/2015 - 11:17:27: "Meepo<129><STEAM_0:4:419941765><TERRORIST>" attacked "Mr.Dollor<124><STEAM_0:4:1121078405><CT>" with "m4a1" (damage "37") (damage_armor "0") (health "63") (armor "0")
L 04/02/2015 - 11:17:31: "Meepo<129><STEAM_0:4:419941765><TERRORIST>" attacked "Mr.Dollor<124><STEAM_0:4:1121078405><CT>" with "m4a1" (damage "23") (damage_armor "0") (health "40") (armor "0")
L 04/02/2015 - 11:17:33: "Meepo<129><STEAM_0:4:419941765><TERRORIST>" attacked "Mr.Dollor<124><STEAM_0:4:1121078405><CT>" with "glock18" (damage "24") (damage_armor "0") (health "16") (armor "0")
L 04/02/2015 - 11:17:33: "Meepo<129><STEAM_0:4:419941765><TERRORIST>" attacked "Mr.Dollor<124><STEAM_0:4:1121078405><CT>" with "glock18" (damage "30") (damage_armor "0") (health "-14") (armor "0")
L 04/02/2015 - 11:17:33: "Meepo<129><STEAM_0:4:419941765><TERRORIST>" killed "Mr.Dollor<124><STEAM_0:4:1121078405><CT>" with "glock18"
L 04/02/2015 - 11:17:33: Team "TERRORIST" triggered "Terrorists_Win" (CT "21") (T "17")
L 04/02/2015 - 11:17:33: World triggered "Round_End"
L 04/02/2015 - 11:17:43: World triggered "Round_Start"
L 04/02/2015 - 11:17:48: "Mr.Dollor<124><STEAM_0:4:1121078405><CT>" attacked "Meepo<129><STEAM_0:4:419941765><TERRORIST>" with "ak47" (damage "34") (damage_armor "0") (health "66") (armor "0")
L 04/02/2015 - 11:17:48: "Meepo<129><STEAM_0:4:419941765><TERRORIST>" attacked "Mr.Dollor<124><STEAM_0:4:1121078405><CT>" with "ak47" (damage "35") (damage_armor "0") (health "65") (armor "0")
L 04/02/2015 - 11:17:48: "Meepo<129><STEAM_0:4:419941765><TERRORIST>" attacked "Mr.Dollor<124><STEAM_0:4:1121078405><CT>" with "ak47" (damage "35") (damage_armor "0") (health "30") (armor "0")
L 04/02/2015 - 11:17:48: "Meepo<129><STEAM_0:4:419941765><TERRORIST>" attacked "Mr.Dollor<124><STEAM_0:4:1121078405><CT>" with "ak47" (damage "25") (damage_armor "0") (health "5") (armor "0")
L 04/02/2015 - 11:17:49: "Meepo<129><STEAM_0:4:419941765><TERRORIST>" attacked "Mr.Dollor<124><STEAM_0:4:1121078405><CT>" with "ak47" (damage "35") (damage_armor "0") (health "-30") (armor "0")
L 04/02/2015 - 11:17:49: "Meepo<129><STEAM_0:4:419941765><TERRORIST>" killed "Mr.Dollor<124><STEAM_0:4:1121078405><CT>" with "ak47"
L 04/02/2015 - 11:17:49: Team "TERRORIST" triggered "Terrorists_Win" (CT "21") (T "18")
L 04/02/2015 - 11:17:49: World triggered "Round_End"
L 04/02/2015 - 11:17:59: World triggered "Round_Start"
L 04/02/2015 - 11:18:12: "Meepo<129><STEAM_0:4:419941765><TERRORIST>" attacked "Mr.Dollor<124><STEAM_0:4:1121078405><CT>" with "xm1014" (damage "97") (damage_armor "0") (health "3") (armor "0")
L 04/02/2015 - 11:18:13: "Meepo<129><STEAM_0:4:419941765><TERRORIST>" attacked "Mr.Dollor<124><STEAM_0:4:1121078405><CT>" with "xm1014" (damage "102") (damage_armor "0") (health "-99") (armor "0")
L 04/02/2015 - 11:18:13: "Meepo<129><STEAM_0:4:419941765><TERRORIST>" killed "Mr.Dollor<124><STEAM_0:4:1121078405><CT>" with "xm1014"
L 04/02/2015 - 11:18:13: Team "TERRORIST" triggered "Terrorists_Win" (CT "21") (T "19")
L 04/02/2015 - 11:18:13: World triggered "Round_End"
L 04/02/2015 - 11:18:23: World triggered "Round_Start"
L 04/02/2015 - 11:18:34: "Meepo<129><STEAM_0:4:419941765><TERRORIST>" attacked "Mr.Dollor<124><STEAM_0:4:1121078405><CT>" with "xm1014" (damage "12") (damage_armor "0") (health "88") (armor "0")
L 04/02/2015 - 11:18:34: "Meepo<129><STEAM_0:4:419941765><TERRORIST>" attacked "Mr.Dollor<124><STEAM_0:4:1121078405><CT>" with "xm1014" (damage "59") (damage_armor "0") (health "29") (armor "0")
L 04/02/2015 - 11:18:35: "Meepo<129><STEAM_0:4:419941765><TERRORIST>" attacked "Mr.Dollor<124><STEAM_0:4:1121078405><CT>" with "xm1014" (damage "72") (damage_armor "0") (health "-43") (armor "0")
L 04/02/2015 - 11:18:35: "Meepo<129><STEAM_0:4:419941765><TERRORIST>" killed "Mr.Dollor<124><STEAM_0:4:1121078405><CT>" with "xm1014"
L 04/02/2015 - 11:18:35: Team "TERRORIST" triggered "Terrorists_Win" (CT "21") (T "20")
L 04/02/2015 - 11:18:35: World triggered "Round_End"
L 04/02/2015 - 11:18:45: World triggered "Round_Start"
L 04/02/2015 - 11:18:50: "Mr.Dollor<124><STEAM_0:4:1121078405><CT>" attacked "Meepo<129><STEAM_0:4:419941765><TERRORIST>" with "m4a1" (damage "30") (damage_armor "0") (health "70") (armor "0")
L 04/02/2015 - 11:18:51: "Mr.Dollor<124><STEAM_0:4:1121078405><CT>" attacked "Meepo<129><STEAM_0:4:419941765><TERRORIST>" with "m4a1" (damage "30") (damage_armor "0") (health "40") (armor "0")
L 04/02/2015 - 11:18:51: "Mr.Dollor<124><STEAM_0:4:1121078405><CT>" attacked "Meepo<129><STEAM_0:4:419941765><TERRORIST>" with "m4a1" (damage "22") (damage_armor "0") (health "18") (armor "0")
L 04/02/2015 - 11:18:51: "Mr.Dollor<124><STEAM_0:4:1121078405><CT>" attacked "Meepo<129><STEAM_0:4:419941765><TERRORIST>" with "m4a1" (damage "30") (damage_armor "0") (health "-12") (armor "0")
L 04/02/2015 - 11:18:51: "Mr.Dollor<124><STEAM_0:4:1121078405><CT>" killed "Meepo<129><STEAM_0:4:419941765><TERRORIST>" with "m4a1"
L 04/02/2015 - 11:18:51: Team "CT" triggered "CTs_Win" (CT "22") (T "20")
L 04/02/2015 - 11:18:51: World triggered "Round_End"
L 04/02/2015 - 11:19:01: World triggered "Round_Start"
L 04/02/2015 - 11:19:14: "Meepo<129><STEAM_0:4:419941765><TERRORIST>" attacked "Mr.Dollor<124><STEAM_0:4:1121078405><CT>" with "glock18" (damage "6") (damage_armor "4") (health "94") (armor "96")
L 04/02/2015 - 11:19:14: "Meepo<129><STEAM_0:4:419941765><TERRORIST>" attacked "Mr.Dollor<124><STEAM_0:4:1121078405><CT>" with "glock18" (damage "9") (damage_armor "0") (health "85") (armor "96")
L 04/02/2015 - 11:19:14: "Meepo<129><STEAM_0:4:419941765><TERRORIST>" attacked "Mr.Dollor<124><STEAM_0:4:1121078405><CT>" with "glock18" (damage "9") (damage_armor "0") (health "76") (armor "96")
L 04/02/2015 - 11:19:15: "Meepo<129><STEAM_0:4:419941765><TERRORIST>" attacked "Mr.Dollor<124><STEAM_0:4:1121078405><CT>" with "glock18" (damage "9") (damage_armor "0") (health "67") (armor "96")
L 04/02/2015 - 11:19:15: "Mr.Dollor<124><STEAM_0:4:1121078405><CT>" attacked "Meepo<129><STEAM_0:4:419941765><TERRORIST>" with "deagle" (damage "25") (damage_armor "0") (health "75") (armor "0")
L 04/02/2015 - 11:19:15: "Mr.Dollor<124><STEAM_0:4:1121078405><CT>" attacked "Meepo<129><STEAM_0:4:419941765><TERRORIST>" with "deagle" (damage "25") (damage_armor "0") (health "50") (armor "0")
L 04/02/2015 - 11:19:16: "Mr.Dollor<124><STEAM_0:4:1121078405><CT>" attacked "Meepo<129><STEAM_0:4:419941765><TERRORIST>" with "deagle" (damage "25") (damage_armor "0") (health "25") (armor "0")
L 04/02/2015 - 11:19:16: "Meepo<129><STEAM_0:4:419941765><TERRORIST>" attacked "Mr.Dollor<124><STEAM_0:4:1121078405><CT>" with "glock18" (damage "9") (damage_armor "0") (health "58") (armor "96")
L 04/02/2015 - 11:19:21: "Meepo<129><STEAM_0:4:419941765><TERRORIST>" attacked "Mr.Dollor<124><STEAM_0:4:1121078405><CT>" with "glock18" (damage "11") (damage_armor "5") (health "47") (armor "91")
L 04/02/2015 - 11:19:21: "Meepo<129><STEAM_0:4:419941765><TERRORIST>" attacked "Mr.Dollor<124><STEAM_0:4:1121078405><CT>" with "glock18" (damage "9") (damage_armor "4") (health "38") (armor "87")
L 04/02/2015 - 11:19:22: "Meepo<129><STEAM_0:4:419941765><TERRORIST>" attacked "Mr.Dollor<124><STEAM_0:4:1121078405><CT>" with "glock18" (damage "9") (damage_armor "5") (health "29") (armor "82")
L 04/02/2015 - 11:19:22: "Meepo<129><STEAM_0:4:419941765><TERRORIST>" attacked "Mr.Dollor<124><STEAM_0:4:1121078405><CT>" with "glock18" (damage "9") (damage_armor "4") (health "20") (armor "78")
L 04/02/2015 - 11:19:22: "Meepo<129><STEAM_0:4:419941765><TERRORIST>" attacked "Mr.Dollor<124><STEAM_0:4:1121078405><CT>" with "glock18" (damage "14") (damage_armor "0") (health "6") (armor "78")
L 04/02/2015 - 11:19:23: "Meepo<129><STEAM_0:4:419941765><TERRORIST>" attacked "Mr.Dollor<124><STEAM_0:4:1121078405><CT>" with "glock18" (damage "9") (damage_armor "5") (health "-3") (armor "73")
L 04/02/2015 - 11:19:23: "Meepo<129><STEAM_0:4:419941765><TERRORIST>" killed "Mr.Dollor<124><STEAM_0:4:1121078405><CT>" with "glock18"
L 04/02/2015 - 11:19:23: Team "TERRORIST" triggered "Terrorists_Win" (CT "22") (T "21")
L 04/02/2015 - 11:19:23: World triggered "Round_End"
L 04/02/2015 - 11:19:33: World triggered "Round_Start"
L 04/02/2015 - 11:19:37: "Meepo<129><STEAM_0:4:419941765><TERRORIST>" attacked "Mr.Dollor<124><STEAM_0:4:1121078405><CT>" with "ak47" (damage "35") (damage_armor "0") (health "65") (armor "0")
L 04/02/2015 - 11:19:37: "Meepo<129><STEAM_0:4:419941765><TERRORIST>" attacked "Mr.Dollor<124><STEAM_0:4:1121078405><CT>" with "ak47" (damage "35") (damage_armor "0") (health "30") (armor "0")
L 04/02/2015 - 11:19:37: "Mr.Dollor<124><STEAM_0:4:1121078405><CT>" attacked "Meepo<129><STEAM_0:4:419941765><TERRORIST>" with "ak47" (damage "35") (damage_armor "0") (health "65") (armor "0")
L 04/02/2015 - 11:19:38: "Mr.Dollor<124><STEAM_0:4:1121078405><CT>" attacked "Meepo<129><STEAM_0:4:419941765><TERRORIST>" with "ak47" (damage "26") (damage_armor "0") (health "39") (armor "0")
L 04/02/2015 - 11:19:38: "Mr.Dollor<124><STEAM_0:4:1121078405><CT>" attacked "Meepo<129><STEAM_0:4:419941765><TERRORIST>" with "ak47" (damage "35") (damage_armor "0") (health "4") (armor "0")
L 04/02/2015 - 11:19:38: "Meepo<129><STEAM_0:4:419941765><TERRORIST>" attacked "Mr.Dollor<124><STEAM_0:4:1121078405><CT>" with "ak47" (damage "140") (damage_armor "0") (health "-110") (armor "0")
L 04/02/2015 - 11:19:38: "Meepo<129><STEAM_0:4:419941765><TERRORIST>" killed "Mr.Dollor<124><STEAM_0:4:1121078405><CT>" with "ak47"
L 04/02/2015 - 11:19:38: Team "TERRORIST" triggered "Terrorists_Win" (CT "22") (T "22")
L 04/02/2015 - 11:19:38: World triggered "Round_End"
L 04/02/2015 - 11:19:48: World triggered "Round_Start"
L 04/02/2015 - 11:20:00: "Meepo<129><STEAM_0:4:419941765><TERRORIST>" attacked "Mr.Dollor<124><STEAM_0:4:1121078405><CT>" with "aug" (damage "21") (damage_armor "0") (health "79") (armor "0")
L 04/02/2015 - 11:20:00: "Meepo<129><STEAM_0:4:419941765><TERRORIST>" attacked "Mr.Dollor<124><STEAM_0:4:1121078405><CT>" with "aug" (damage "21") (damage_armor "0") (health "58") (armor "0")
L 04/02/2015 - 11:20:00: "Meepo<129><STEAM_0:4:419941765><TERRORIST>" attacked "Mr.Dollor<124><STEAM_0:4:1121078405><CT>" with "aug" (damage "21") (damage_armor "0") (health "37") (armor "0")
L 04/02/2015 - 11:20:03: "Mr.Dollor<124><STEAM_0:4:1121078405><CT>" attacked "Meepo<129><STEAM_0:4:419941765><TERRORIST>" with "awp" (damage "111") (damage_armor "0") (health "-11") (armor "0")
L 04/02/2015 - 11:20:03: "Mr.Dollor<124><STEAM_0:4:1121078405><CT>" killed "Meepo<129><STEAM_0:4:419941765><TERRORIST>" with "awp"
L 04/02/2015 - 11:20:03: Team "CT" triggered "CTs_Win" (CT "23") (T "22")
L 04/02/2015 - 11:20:03: World triggered "Round_End"
L 04/02/2015 - 11:20:13: World triggered "Round_Start"
L 04/02/2015 - 11:20:17: "Meepo<129><STEAM_0:4:419941765><TERRORIST>" attacked "Mr.Dollor<124><STEAM_0:4:1121078405><CT>" with "aug" (damage "13") (damage_armor "0") (health "87") (armor "0")
L 04/02/2015 - 11:20:17: "Meepo<129><STEAM_0:4:419941765><TERRORIST>" attacked "Mr.Dollor<124><STEAM_0:4:1121078405><CT>" with "aug" (damage "13") (damage_armor "0") (health "74") (armor "0")
L 04/02/2015 - 11:20:18: "Mr.Dollor<124><STEAM_0:4:1121078405><CT>" attacked "Meepo<129><STEAM_0:4:419941765><TERRORIST>" with "awp" (damage "138") (damage_armor "0") (health "-38") (armor "0")
L 04/02/2015 - 11:20:18: "Mr.Dollor<124><STEAM_0:4:1121078405><CT>" killed "Meepo<129><STEAM_0:4:419941765><TERRORIST>" with "awp"
L 04/02/2015 - 11:20:18: Team "CT" triggered "CTs_Win" (CT "24") (T "22")
L 04/02/2015 - 11:20:18: World triggered "Round_End"
L 04/02/2015 - 11:20:28: World triggered "Round_Start"
L 04/02/2015 - 11:20:41: "Mr.Dollor<124><STEAM_0:4:1121078405><CT>" attacked "Meepo<129><STEAM_0:4:419941765><TERRORIST>" with "m4a1" (damage "30") (damage_armor "0") (health "70") (armor "0")
L 04/02/2015 - 11:20:43: "Mr.Dollor<124><STEAM_0:4:1121078405><CT>" attacked "Meepo<129><STEAM_0:4:419941765><TERRORIST>" with "m4a1" (damage "37") (damage_armor "0") (health "33") (armor "0")
L 04/02/2015 - 11:20:43: "Mr.Dollor<124><STEAM_0:4:1121078405><CT>" attacked "Meepo<129><STEAM_0:4:419941765><TERRORIST>" with "m4a1" (damage "22") (damage_armor "0") (health "11") (armor "0")
L 04/02/2015 - 11:20:48: "Mr.Dollor<124><STEAM_0:4:1121078405><CT>" attacked "Meepo<129><STEAM_0:4:419941765><TERRORIST>" with "usp" (damage "31") (damage_armor "0") (health "-20") (armor "0")
L 04/02/2015 - 11:20:48: "Mr.Dollor<124><STEAM_0:4:1121078405><CT>" killed "Meepo<129><STEAM_0:4:419941765><TERRORIST>" with "usp"
L 04/02/2015 - 11:20:48: Team "CT" triggered "CTs_Win" (CT "25") (T "22")
L 04/02/2015 - 11:20:48: World triggered "Round_End"
L 04/02/2015 - 11:20:58: World triggered "Round_Start"
L 04/02/2015 - 11:21:04: "Mr.Dollor<124><STEAM_0:4:1121078405><CT>" attacked "Meepo<129><STEAM_0:4:419941765><TERRORIST>" with "m4a1" (damage "31") (damage_armor "0") (health "69") (armor "0")
L 04/02/2015 - 11:21:04: "Mr.Dollor<124><STEAM_0:4:1121078405><CT>" attacked "Meepo<129><STEAM_0:4:419941765><TERRORIST>" with "m4a1" (damage "31") (damage_armor "0") (health "38") (armor "0")
L 04/02/2015 - 11:21:04: "Mr.Dollor<124><STEAM_0:4:1121078405><CT>" attacked "Meepo<129><STEAM_0:4:419941765><TERRORIST>" with "m4a1" (damage "31") (damage_armor "0") (health "7") (armor "0")
L 04/02/2015 - 11:21:04: "Mr.Dollor<124><STEAM_0:4:1121078405><CT>" attacked "Meepo<129><STEAM_0:4:419941765><TERRORIST>" with "m4a1" (damage "31") (damage_armor "0") (health "-24") (armor "0")
L 04/02/2015 - 11:21:04: "Mr.Dollor<124><STEAM_0:4:1121078405><CT>" killed "Meepo<129><STEAM_0:4:419941765><TERRORIST>" with "m4a1"
L 04/02/2015 - 11:21:04: Team "CT" triggered "CTs_Win" (CT "26") (T "22")
L 04/02/2015 - 11:21:04: World triggered "Round_End"
L 04/02/2015 - 11:21:14: World triggered "Round_Start"
L 04/02/2015 - 11:21:17: "Mr.Dollor<124><STEAM_0:4:1121078405><CT>" attacked "Meepo<129><STEAM_0:4:419941765><TERRORIST>" with "m4a1" (damage "29") (damage_armor "0") (health "71") (armor "0")
L 04/02/2015 - 11:21:17: "Mr.Dollor<124><STEAM_0:4:1121078405><CT>" attacked "Meepo<129><STEAM_0:4:419941765><TERRORIST>" with "m4a1" (damage "116") (damage_armor "0") (health "-45") (armor "0")
L 04/02/2015 - 11:21:17: "Mr.Dollor<124><STEAM_0:4:1121078405><CT>" killed "Meepo<129><STEAM_0:4:419941765><TERRORIST>" with "m4a1"
L 04/02/2015 - 11:21:17: Team "CT" triggered "CTs_Win" (CT "27") (T "22")
L 04/02/2015 - 11:21:17: World triggered "Round_End"
L 04/02/2015 - 11:21:27: World triggered "Round_Start"
L 04/02/2015 - 11:21:31: "Mr.Dollor<124><STEAM_0:4:1121078405><CT>" attacked "Meepo<129><STEAM_0:4:419941765><TERRORIST>" with "m4a1" (damage "36") (damage_armor "0") (health "64") (armor "0")
L 04/02/2015 - 11:21:31: "Mr.Dollor<124><STEAM_0:4:1121078405><CT>" attacked "Meepo<129><STEAM_0:4:419941765><TERRORIST>" with "m4a1" (damage "29") (damage_armor "0") (health "35") (armor "0")
L 04/02/2015 - 11:21:31: "Mr.Dollor<124><STEAM_0:4:1121078405><CT>" attacked "Meepo<129><STEAM_0:4:419941765><TERRORIST>" with "m4a1" (damage "29") (damage_armor "0") (health "6") (armor "0")
L 04/02/2015 - 11:21:32: "Mr.Dollor<124><STEAM_0:4:1121078405><CT>" attacked "Meepo<129><STEAM_0:4:419941765><TERRORIST>" with "m4a1" (damage "116") (damage_armor "0") (health "-110") (armor "0")
L 04/02/2015 - 11:21:32: "Mr.Dollor<124><STEAM_0:4:1121078405><CT>" killed "Meepo<129><STEAM_0:4:419941765><TERRORIST>" with "m4a1"
L 04/02/2015 - 11:21:32: Team "CT" triggered "CTs_Win" (CT "28") (T "22")
L 04/02/2015 - 11:21:32: World triggered "Round_End"
L 04/02/2015 - 11:21:42: World triggered "Round_Start"
L 04/02/2015 - 11:21:44: "Meepo<129><STEAM_0:4:419941765><TERRORIST>" attacked "Mr.Dollor<124><STEAM_0:4:1121078405><CT>" with "ak47" (damage "32") (damage_armor "5") (health "68") (armor "95")
L 04/02/2015 - 11:21:45: "Mr.Dollor<124><STEAM_0:4:1121078405><CT>" attacked "Meepo<129><STEAM_0:4:419941765><TERRORIST>" with "m4a1" (damage "120") (damage_armor "0") (health "-20") (armor "0")
L 04/02/2015 - 11:21:45: "Mr.Dollor<124><STEAM_0:4:1121078405><CT>" killed "Meepo<129><STEAM_0:4:419941765><TERRORIST>" with "m4a1"
L 04/02/2015 - 11:21:45: Team "CT" triggered "CTs_Win" (CT "29") (T "22")
L 04/02/2015 - 11:21:45: World triggered "Round_End"
L 04/02/2015 - 11:21:55: World triggered "Round_Start"
L 04/02/2015 - 11:22:01: "Mr.Dollor<124><STEAM_0:4:1121078405><CT>" attacked "Meepo<129><STEAM_0:4:419941765><TERRORIST>" with "m4a1" (damage "30") (damage_armor "0") (health "70") (armor "0")
L 04/02/2015 - 11:22:01: "Mr.Dollor<124><STEAM_0:4:1121078405><CT>" attacked "Meepo<129><STEAM_0:4:419941765><TERRORIST>" with "m4a1" (damage "30") (damage_armor "0") (health "40") (armor "0")
L 04/02/2015 - 11:22:01: "Mr.Dollor<124><STEAM_0:4:1121078405><CT>" attacked "Meepo<129><STEAM_0:4:419941765><TERRORIST>" with "m4a1" (damage "30") (damage_armor "0") (health "10") (armor "0")
L 04/02/2015 - 11:22:01: "Mr.Dollor<124><STEAM_0:4:1121078405><CT>" attacked "Meepo<129><STEAM_0:4:419941765><TERRORIST>" with "m4a1" (damage "120") (damage_armor "0") (health "-110") (armor "0")
L 04/02/2015 - 11:22:01: "Mr.Dollor<124><STEAM_0:4:1121078405><CT>" killed "Meepo<129><STEAM_0:4:419941765><TERRORIST>" with "m4a1"
L 04/02/2015 - 11:22:01: Team "CT" triggered "CTs_Win" (CT "30") (T "22")
L 04/02/2015 - 11:22:01: World triggered "Round_End"
L 04/02/2015 - 11:22:11: World triggered "Round_Start"
L 04/02/2015 - 11:22:25: "Meepo<129><STEAM_0:4:419941765><TERRORIST>" attacked "Mr.Dollor<124><STEAM_0:4:1121078405><CT>" with "xm1014" (damage "51") (damage_armor "26") (health "49") (armor "69")
L 04/02/2015 - 11:22:25: "Mr.Dollor<124><STEAM_0:4:1121078405><CT>" attacked "Meepo<129><STEAM_0:4:419941765><TERRORIST>" with "m4a1" (damage "31") (damage_armor "0") (health "69") (armor "0")
L 04/02/2015 - 11:22:25: "Meepo<129><STEAM_0:4:419941765><TERRORIST>" attacked "Mr.Dollor<124><STEAM_0:4:1121078405><CT>" with "xm1014" (damage "9") (damage_armor "5") (health "40") (armor "64")
L 04/02/2015 - 11:22:25: "Mr.Dollor<124><STEAM_0:4:1121078405><CT>" attacked "Meepo<129><STEAM_0:4:419941765><TERRORIST>" with "m4a1" (damage "124") (damage_armor "0") (health "-55") (armor "0")
L 04/02/2015 - 11:22:25: "Mr.Dollor<124><STEAM_0:4:1121078405><CT>" killed "Meepo<129><STEAM_0:4:419941765><TERRORIST>" with "m4a1"
L 04/02/2015 - 11:22:25: Team "CT" triggered "CTs_Win" (CT "31") (T "22")
L 04/02/2015 - 11:22:25: World triggered "Round_End"
L 04/02/2015 - 11:22:35: World triggered "Round_Start"
L 04/02/2015 - 11:22:51: "Mr.Dollor<124><STEAM_0:4:1121078405><CT>" attacked "Meepo<129><STEAM_0:4:419941765><TERRORIST>" with "m4a1" (damage "29") (damage_armor "0") (health "71") (armor "0")
L 04/02/2015 - 11:22:51: "Mr.Dollor<124><STEAM_0:4:1121078405><CT>" attacked "Meepo<129><STEAM_0:4:419941765><TERRORIST>" with "m4a1" (damage "29") (damage_armor "0") (health "42") (armor "0")
L 04/02/2015 - 11:22:51: "Meepo<129><STEAM_0:4:419941765><TERRORIST>" attacked "Mr.Dollor<124><STEAM_0:4:1121078405><CT>" with "m4a1" (damage "20") (damage_armor "4") (health "80") (armor "60")
L 04/02/2015 - 11:22:51: "Mr.Dollor<124><STEAM_0:4:1121078405><CT>" attacked "Meepo<129><STEAM_0:4:419941765><TERRORIST>" with "m4a1" (damage "29") (damage_armor "0") (health "13") (armor "0")
L 04/02/2015 - 11:22:51: "Meepo<129><STEAM_0:4:419941765><TERRORIST>" attacked "Mr.Dollor<124><STEAM_0:4:1121078405><CT>" with "m4a1" (damage "20") (damage_armor "4") (health "60") (armor "56")
L 04/02/2015 - 11:22:52: "Mr.Dollor<124><STEAM_0:4:1121078405><CT>" attacked "Meepo<129><STEAM_0:4:419941765><TERRORIST>" with "m4a1" (damage "116") (damage_armor "0") (health "-103") (armor "0")
L 04/02/2015 - 11:22:52: "Mr.Dollor<124><STEAM_0:4:1121078405><CT>" killed "Meepo<129><STEAM_0:4:419941765><TERRORIST>" with "m4a1"
L 04/02/2015 - 11:22:52: Team "CT" triggered "CTs_Win" (CT "32") (T "22")
L 04/02/2015 - 11:22:52: World triggered "Round_End"
L 04/02/2015 - 11:23:02: World triggered "Round_Start"
L 04/02/2015 - 11:23:29: "Mr.Dollor<124><STEAM_0:4:1121078405><CT>" attacked "Meepo<129><STEAM_0:4:419941765><TERRORIST>" with "m4a1" (damage "29") (damage_armor "0") (health "71") (armor "0")
L 04/02/2015 - 11:23:29: "Mr.Dollor<124><STEAM_0:4:1121078405><CT>" attacked "Meepo<129><STEAM_0:4:419941765><TERRORIST>" with "m4a1" (damage "29") (damage_armor "0") (health "42") (armor "0")
L 04/02/2015 - 11:23:30: "Meepo<129><STEAM_0:4:419941765><TERRORIST>" attacked "Mr.Dollor<124><STEAM_0:4:1121078405><CT>" with "ak47" (damage "102") (damage_armor "15") (health "-2") (armor "41")
L 04/02/2015 - 11:23:30: "Meepo<129><STEAM_0:4:419941765><TERRORIST>" killed "Mr.Dollor<124><STEAM_0:4:1121078405><CT>" with "ak47"
L 04/02/2015 - 11:23:30: Team "TERRORIST" triggered "Terrorists_Win" (CT "32") (T "23")
L 04/02/2015 - 11:23:30: World triggered "Round_End"
L 04/02/2015 - 11:23:40: World triggered "Round_Start"
L 04/02/2015 - 11:23:43: "Mr.Dollor<124><STEAM_0:4:1121078405><CT>" attacked "Meepo<129><STEAM_0:4:419941765><TERRORIST>" with "m4a1" (damage "120") (damage_armor "0") (health "-20") (armor "0")
L 04/02/2015 - 11:23:43: "Mr.Dollor<124><STEAM_0:4:1121078405><CT>" killed "Meepo<129><STEAM_0:4:419941765><TERRORIST>" with "m4a1"
L 04/02/2015 - 11:23:43: Team "CT" triggered "CTs_Win" (CT "33") (T "23")
L 04/02/2015 - 11:23:43: World triggered "Round_End"
L 04/02/2015 - 11:23:53: World triggered "Round_Start"
L 04/02/2015 - 11:23:56: "Meepo<129><STEAM_0:4:419941765><TERRORIST>" attacked "Mr.Dollor<124><STEAM_0:4:1121078405><CT>" with "m4a1" (damage "22") (damage_armor "0") (health "78") (armor "0")
L 04/02/2015 - 11:23:56: "Meepo<129><STEAM_0:4:419941765><TERRORIST>" attacked "Mr.Dollor<124><STEAM_0:4:1121078405><CT>" with "m4a1" (damage "22") (damage_armor "0") (health "56") (armor "0")
L 04/02/2015 - 11:23:57: "Mr.Dollor<124><STEAM_0:4:1121078405><CT>" attacked "Meepo<129><STEAM_0:4:419941765><TERRORIST>" with "m4a1" (damage "30") (damage_armor "0") (health "70") (armor "0")
L 04/02/2015 - 11:24:00: "Mr.Dollor<124><STEAM_0:4:1121078405><CT>" attacked "Meepo<129><STEAM_0:4:419941765><TERRORIST>" with "usp" (damage "18") (damage_armor "0") (health "52") (armor "0")
L 04/02/2015 - 11:24:00: "Mr.Dollor<124><STEAM_0:4:1121078405><CT>" attacked "Meepo<129><STEAM_0:4:419941765><TERRORIST>" with "usp" (damage "26") (damage_armor "0") (health "26") (armor "0")
L 04/02/2015 - 11:24:00: "Mr.Dollor<124><STEAM_0:4:1121078405><CT>" attacked "Meepo<129><STEAM_0:4:419941765><TERRORIST>" with "usp" (damage "20") (damage_armor "0") (health "6") (armor "0")
L 04/02/2015 - 11:24:00: "Mr.Dollor<124><STEAM_0:4:1121078405><CT>" attacked "Meepo<129><STEAM_0:4:419941765><TERRORIST>" with "usp" (damage "35") (damage_armor "0") (health "-29") (armor "0")
L 04/02/2015 - 11:24:00: "Mr.Dollor<124><STEAM_0:4:1121078405><CT>" killed "Meepo<129><STEAM_0:4:419941765><TERRORIST>" with "usp"
L 04/02/2015 - 11:24:00: Team "CT" triggered "CTs_Win" (CT "34") (T "23")
L 04/02/2015 - 11:24:00: World triggered "Round_End"
L 04/02/2015 - 11:24:10: World triggered "Round_Start"
L 04/02/2015 - 11:24:29: "Mr.Dollor<124><STEAM_0:4:1121078405><CT>" attacked "Meepo<129><STEAM_0:4:419941765><TERRORIST>" with "m4a1" (damage "29") (damage_armor "0") (health "71") (armor "0")
L 04/02/2015 - 11:24:29: "Mr.Dollor<124><STEAM_0:4:1121078405><CT>" attacked "Meepo<129><STEAM_0:4:419941765><TERRORIST>" with "m4a1" (damage "29") (damage_armor "0") (health "42") (armor "0")
L 04/02/2015 - 11:24:30: "Mr.Dollor<124><STEAM_0:4:1121078405><CT>" attacked "Meepo<129><STEAM_0:4:419941765><TERRORIST>" with "m4a1" (damage "29") (damage_armor "0") (health "13") (armor "0")
L 04/02/2015 - 11:24:30: "Mr.Dollor<124><STEAM_0:4:1121078405><CT>" attacked "Meepo<129><STEAM_0:4:419941765><TERRORIST>" with "m4a1" (damage "14") (damage_armor "0") (health "-1") (armor "0")
L 04/02/2015 - 11:24:30: "Mr.Dollor<124><STEAM_0:4:1121078405><CT>" killed "Meepo<129><STEAM_0:4:419941765><TERRORIST>" with "m4a1"
L 04/02/2015 - 11:24:30: Team "CT" triggered "CTs_Win" (CT "35") (T "23")
L 04/02/2015 - 11:24:30: World triggered "Round_End"
L 04/02/2015 - 11:24:40: World triggered "Round_Start"
L 04/02/2015 - 11:24:49: "Mr.Dollor<124><STEAM_0:4:1121078405><CT>" attacked "Meepo<129><STEAM_0:4:419941765><TERRORIST>" with "m4a1" (damage "30") (damage_armor "0") (health "70") (armor "0")
L 04/02/2015 - 11:24:49: "Meepo<129><STEAM_0:4:419941765><TERRORIST>" attacked "Mr.Dollor<124><STEAM_0:4:1121078405><CT>" with "m4a1" (damage "37") (damage_armor "0") (health "63") (armor "0")
L 04/02/2015 - 11:24:49: "Meepo<129><STEAM_0:4:419941765><TERRORIST>" attacked "Mr.Dollor<124><STEAM_0:4:1121078405><CT>" with "m4a1" (damage "38") (damage_armor "0") (health "25") (armor "0")
L 04/02/2015 - 11:24:49: "Mr.Dollor<124><STEAM_0:4:1121078405><CT>" attacked "Meepo<129><STEAM_0:4:419941765><TERRORIST>" with "m4a1" (damage "31") (damage_armor "0") (health "39") (armor "0")
L 04/02/2015 - 11:24:50: "Mr.Dollor<124><STEAM_0:4:1121078405><CT>" attacked "Meepo<129><STEAM_0:4:419941765><TERRORIST>" with "m4a1" (damage "23") (damage_armor "0") (health "16") (armor "0")
L 04/02/2015 - 11:24:50: "Meepo<129><STEAM_0:4:419941765><TERRORIST>" attacked "Mr.Dollor<124><STEAM_0:4:1121078405><CT>" with "m4a1" (damage "31") (damage_armor "0") (health "-6") (armor "0")
L 04/02/2015 - 11:24:50: "Meepo<129><STEAM_0:4:419941765><TERRORIST>" killed "Mr.Dollor<124><STEAM_0:4:1121078405><CT>" with "m4a1"
L 04/02/2015 - 11:24:50: Team "TERRORIST" triggered "Terrorists_Win" (CT "35") (T "24")
L 04/02/2015 - 11:24:50: World triggered "Round_End"
L 04/02/2015 - 11:25:00: World triggered "Round_Start"
L 04/02/2015 - 11:25:02: "Meepo<129><STEAM_0:4:419941765><TERRORIST>" attacked "Mr.Dollor<124><STEAM_0:4:1121078405><CT>" with "m4a1" (damage "22") (damage_armor "0") (health "78") (armor "0")
L 04/02/2015 - 11:25:02: "Meepo<129><STEAM_0:4:419941765><TERRORIST>" attacked "Mr.Dollor<124><STEAM_0:4:1121078405><CT>" with "m4a1" (damage "120") (damage_armor "0") (health "-42") (armor "0")
L 04/02/2015 - 11:25:02: "Meepo<129><STEAM_0:4:419941765><TERRORIST>" killed "Mr.Dollor<124><STEAM_0:4:1121078405><CT>" with "m4a1"
L 04/02/2015 - 11:25:02: Team "TERRORIST" triggered "Terrorists_Win" (CT "35") (T "25")
L 04/02/2015 - 11:25:02: World triggered "Round_End"
L 04/02/2015 - 11:25:12: World triggered "Round_Start"
L 04/02/2015 - 11:25:27: "Meepo<129><STEAM_0:4:419941765><TERRORIST>" attacked "Mr.Dollor<124><STEAM_0:4:1121078405><CT>" with "awp" (damage "111") (damage_armor "0") (health "-11") (armor "0")
L 04/02/2015 - 11:25:27: "Meepo<129><STEAM_0:4:419941765><TERRORIST>" killed "Mr.Dollor<124><STEAM_0:4:1121078405><CT>" with "awp"
L 04/02/2015 - 11:25:27: Team "TERRORIST" triggered "Terrorists_Win" (CT "35") (T "26")
L 04/02/2015 - 11:25:27: World triggered "Round_End"
L 04/02/2015 - 11:25:37: World triggered "Round_Start"
L 04/02/2015 - 11:25:43: "Mr.Dollor<124><STEAM_0:4:1121078405><CT>" attacked "Meepo<129><STEAM_0:4:419941765><TERRORIST>" with "awp" (damage "112") (damage_armor "0") (health "-12") (armor "0")
L 04/02/2015 - 11:25:43: "Mr.Dollor<124><STEAM_0:4:1121078405><CT>" killed "Meepo<129><STEAM_0:4:419941765><TERRORIST>" with "awp"
L 04/02/2015 - 11:25:43: Team "CT" triggered "CTs_Win" (CT "36") (T "26")
L 04/02/2015 - 11:25:43: World triggered "Round_End"
L 04/02/2015 - 11:25:53: World triggered "Round_Start"
L 04/02/2015 - 11:26:08: "Meepo<129><STEAM_0:4:419941765><TERRORIST>" attacked "Mr.Dollor<124><STEAM_0:4:1121078405><CT>" with "ak47" (damage "25") (damage_armor "0") (health "75") (armor "0")
L 04/02/2015 - 11:26:12: "Meepo<129><STEAM_0:4:419941765><TERRORIST>" attacked "Mr.Dollor<124><STEAM_0:4:1121078405><CT>" with "ak47" (damage "35") (damage_armor "0") (health "40") (armor "0")
L 04/02/2015 - 11:26:12: "Mr.Dollor<124><STEAM_0:4:1121078405><CT>" attacked "Meepo<129><STEAM_0:4:419941765><TERRORIST>" with "m4a1" (damage "31") (damage_armor "0") (health "69") (armor "0")
L 04/02/2015 - 11:26:12: "Mr.Dollor<124><STEAM_0:4:1121078405><CT>" attacked "Meepo<129><STEAM_0:4:419941765><TERRORIST>" with "m4a1" (damage "31") (damage_armor "0") (health "38") (armor "0")
L 04/02/2015 - 11:26:13: "Mr.Dollor<124><STEAM_0:4:1121078405><CT>" attacked "Meepo<129><STEAM_0:4:419941765><TERRORIST>" with "m4a1" (damage "31") (damage_armor "0") (health "7") (armor "0")
L 04/02/2015 - 11:26:14: "Meepo<129><STEAM_0:4:419941765><TERRORIST>" attacked "Mr.Dollor<124><STEAM_0:4:1121078405><CT>" with "ak47" (damage "35") (damage_armor "0") (health "5") (armor "0")
L 04/02/2015 - 11:26:14: "Mr.Dollor<124><STEAM_0:4:1121078405><CT>" attacked "Meepo<129><STEAM_0:4:419941765><TERRORIST>" with "m4a1" (damage "31") (damage_armor "0") (health "-24") (armor "0")
L 04/02/2015 - 11:26:14: "Mr.Dollor<124><STEAM_0:4:1121078405><CT>" killed "Meepo<129><STEAM_0:4:419941765><TERRORIST>" with "m4a1"
L 04/02/2015 - 11:26:14: Team "CT" triggered "CTs_Win" (CT "37") (T "26")
L 04/02/2015 - 11:26:14: World triggered "Round_End"
L 04/02/2015 - 11:26:24: World triggered "Round_Start"
L 04/02/2015 - 11:26:31: "Mr.Dollor<124><STEAM_0:4:1121078405><CT>" attacked "Meepo<129><STEAM_0:4:419941765><TERRORIST>" with "m4a1" (damage "30") (damage_armor "0") (health "70") (armor "0")
L 04/02/2015 - 11:26:31: "Mr.Dollor<124><STEAM_0:4:1121078405><CT>" attacked "Meepo<129><STEAM_0:4:419941765><TERRORIST>" with "m4a1" (damage "30") (damage_armor "0") (health "40") (armor "0")
L 04/02/2015 - 11:26:31: "Mr.Dollor<124><STEAM_0:4:1121078405><CT>" attacked "Meepo<129><STEAM_0:4:419941765><TERRORIST>" with "m4a1" (damage "120") (damage_armor "0") (health "-80") (armor "0")
L 04/02/2015 - 11:26:31: "Mr.Dollor<124><STEAM_0:4:1121078405><CT>" killed "Meepo<129><STEAM_0:4:419941765><TERRORIST>" with "m4a1"
L 04/02/2015 - 11:26:31: Team "CT" triggered "CTs_Win" (CT "38") (T "26")
L 04/02/2015 - 11:26:31: World triggered "Round_End"
L 04/02/2015 - 11:26:37: "Mr.Dollor<124><STEAM_0:4:1121078405><CT>" triggered "weaponstats" (weapon "grenade") (shots "13") (hits "2") (kills "0") (headshots "0") (tks "0") (damage "75") (deaths "0")
L 04/02/2015 - 11:26:37: "Mr.Dollor<124><STEAM_0:4:1121078405><CT>" triggered "weaponstats2" (weapon "grenade") (head "0") (chest "0") (stomach "0") (leftarm "0") (rightarm "0") (leftleg "0") (rightleg "0")
L 04/02/2015 - 11:26:37: "Mr.Dollor<124><STEAM_0:4:1121078405><CT>" triggered "weaponstats" (weapon "xm1014") (shots "27") (hits "8") (kills "3") (headshots "0") (tks "0") (damage "265") (deaths "3")
L 04/02/2015 - 11:26:37: "Mr.Dollor<124><STEAM_0:4:1121078405><CT>" triggered "weaponstats2" (weapon "xm1014") (head "0") (chest "0") (stomach "1") (leftarm "3") (rightarm "2") (leftleg "0") (rightleg "2")
L 04/02/2015 - 11:26:37: "Mr.Dollor<124><STEAM_0:4:1121078405><CT>" triggered "weaponstats" (weapon "aug") (shots "22") (hits "1") (kills "0") (headshots "0") (tks "0") (damage "28") (deaths "0")
L 04/02/2015 - 11:26:37: "Mr.Dollor<124><STEAM_0:4:1121078405><CT>" triggered "weaponstats2" (weapon "aug") (head "0") (chest "0") (stomach "0") (leftarm "1") (rightarm "0") (leftleg "0") (rightleg "0")
L 04/02/2015 - 11:26:37: "Mr.Dollor<124><STEAM_0:4:1121078405><CT>" triggered "weaponstats" (weapon "usp") (shots "82") (hits "14") (kills "5") (headshots "1") (tks "0") (damage "428") (deaths "1")
L 04/02/2015 - 11:26:37: "Mr.Dollor<124><STEAM_0:4:1121078405><CT>" triggered "weaponstats2" (weapon "usp") (head "1") (chest "3") (stomach "2") (leftarm "2") (rightarm "1") (leftleg "0") (rightleg "5")
L 04/02/2015 - 11:26:37: "Mr.Dollor<124><STEAM_0:4:1121078405><CT>" triggered "weaponstats" (weapon "awp") (shots "42") (hits "12") (kills "11") (headshots "1") (tks "0") (damage "1696") (deaths "4")
L 04/02/2015 - 11:26:37: "Mr.Dollor<124><STEAM_0:4:1121078405><CT>" triggered "weaponstats2" (weapon "awp") (head "1") (chest "3") (stomach "2") (leftarm "5") (rightarm "0") (leftleg "0") (rightleg "1")
L 04/02/2015 - 11:26:37: "Mr.Dollor<124><STEAM_0:4:1121078405><CT>" triggered "weaponstats" (weapon "m4a1") (shots "321") (hits "62") (kills "14") (headshots "8") (tks "0") (damage "2505") (deaths "7")
L 04/02/2015 - 11:26:37: "Mr.Dollor<124><STEAM_0:4:1121078405><CT>" triggered "weaponstats2" (weapon "m4a1") (head "8") (chest "12") (stomach "4") (leftarm "24") (rightarm "9") (leftleg "3") (rightleg "2")
L 04/02/2015 - 11:26:37: "Mr.Dollor<124><STEAM_0:4:1121078405><CT>" triggered "weaponstats" (weapon "deagle") (shots "14") (hits "3") (kills "0") (headshots "0") (tks "0") (damage "75") (deaths "1")
L 04/02/2015 - 11:26:37: "Mr.Dollor<124><STEAM_0:4:1121078405><CT>" triggered "weaponstats2" (weapon "deagle") (head "0") (chest "0") (stomach "0") (leftarm "0") (rightarm "0") (leftleg "0") (rightleg "3")
L 04/02/2015 - 11:26:37: "Mr.Dollor<124><STEAM_0:4:1121078405><CT>" triggered "weaponstats" (weapon "ak47") (shots "188") (hits "19") (kills "5") (headshots "5") (tks "0") (damage "1098") (deaths "8")
L 04/02/2015 - 11:26:37: "Mr.Dollor<124><STEAM_0:4:1121078405><CT>" triggered "weaponstats2" (weapon "ak47") (head "5") (chest "1") (stomach "0") (leftarm "8") (rightarm "0") (leftleg "5") (rightleg "0")
L 04/02/2015 - 11:26:37: "Mr.Dollor<124><STEAM_0:4:1121078405><CT>" triggered "weaponstats" (weapon "knife") (shots "2") (hits "0") (kills "0") (headshots "0") (tks "0") (damage "0") (deaths "2")
L 04/02/2015 - 11:26:37: "Mr.Dollor<124><STEAM_0:4:1121078405><CT>" triggered "weaponstats2" (weapon "knife") (head "0") (chest "0") (stomach "0") (leftarm "0") (rightarm "0") (leftleg "0") (rightleg "0")
L 04/02/2015 - 11:26:37: "Mr.Dollor<124><STEAM_0:4:1121078405><CT>" triggered "time" (time "25:18")
L 04/02/2015 - 11:26:37: "Mr.Dollor<124><STEAM_0:4:1121078405><CT>" triggered "latency" (ping "39")
L 04/02/2015 - 11:26:37: "Mr.Dollor<124><STEAM_0:4:1121078405><CT>" disconnected
L 04/02/2015 - 11:26:38: "Meepo<129><STEAM_0:4:419941765><TERRORIST>" triggered "weaponstats" (weapon "grenade") (shots "11") (hits "2") (kills "0") (headshots "0") (tks "0") (damage "37") (deaths "0")
L 04/02/2015 - 11:26:38: "Meepo<129><STEAM_0:4:419941765><TERRORIST>" triggered "weaponstats2" (weapon "grenade") (head "0") (chest "0") (stomach "0") (leftarm "0") (rightarm "0") (leftleg "0") (rightleg "0")
L 04/02/2015 - 11:26:38: "Meepo<129><STEAM_0:4:419941765><TERRORIST>" triggered "weaponstats" (weapon "xm1014") (shots "50") (hits "16") (kills "5") (headshots "2") (tks "0") (damage "926") (deaths "5")
L 04/02/2015 - 11:26:38: "Meepo<129><STEAM_0:4:419941765><TERRORIST>" triggered "weaponstats2" (weapon "xm1014") (head "3") (chest "0") (stomach "2") (leftarm "3") (rightarm "2") (leftleg "3") (rightleg "3")
L 04/02/2015 - 11:26:38: "Meepo<129><STEAM_0:4:419941765><TERRORIST>" triggered "weaponstats" (weapon "aug") (shots "25") (hits "8") (kills "1") (headshots "1") (tks "0") (damage "281") (deaths "4")
L 04/02/2015 - 11:26:38: "Meepo<129><STEAM_0:4:419941765><TERRORIST>" triggered "weaponstats2" (weapon "aug") (head "2") (chest "1") (stomach "0") (leftarm "2") (rightarm "0") (leftleg "1") (rightleg "2")
L 04/02/2015 - 11:26:38: "Meepo<129><STEAM_0:4:419941765><TERRORIST>" triggered "weaponstats" (weapon "glock18") (shots "49") (hits "17") (kills "2") (headshots "0") (tks "0") (damage "240") (deaths "2")
L 04/02/2015 - 11:26:38: "Meepo<129><STEAM_0:4:419941765><TERRORIST>" triggered "weaponstats2" (weapon "glock18") (head "0") (chest "0") (stomach "3") (leftarm "5") (rightarm "3") (leftleg "1") (rightleg "5")
L 04/02/2015 - 11:26:38: "Meepo<129><STEAM_0:4:419941765><TERRORIST>" triggered "weaponstats" (weapon "awp") (shots "9") (hits "4") (kills "4") (headshots "1") (tks "0") (damage "784") (deaths "8")
L 04/02/2015 - 11:26:38: "Meepo<129><STEAM_0:4:419941765><TERRORIST>" triggered "weaponstats2" (weapon "awp") (head "1") (chest "0") (stomach "0") (leftarm "3") (rightarm "0") (leftleg "0") (rightleg "0")
L 04/02/2015 - 11:26:38: "Meepo<129><STEAM_0:4:419941765><TERRORIST>" triggered "weaponstats" (weapon "m4a1") (shots "256") (hits "29") (kills "7") (headshots "5") (tks "0") (damage "1300") (deaths "15")
L 04/02/2015 - 11:26:38: "Meepo<129><STEAM_0:4:419941765><TERRORIST>" triggered "weaponstats2" (weapon "m4a1") (head "6") (chest "2") (stomach "4") (leftarm "7") (rightarm "3") (leftleg "2") (rightleg "5")
L 04/02/2015 - 11:26:38: "Meepo<129><STEAM_0:4:419941765><TERRORIST>" triggered "weaponstats" (weapon "ak47") (shots "151") (hits "20") (kills "6") (headshots "3") (tks "0") (damage "927") (deaths "3")
L 04/02/2015 - 11:26:38: "Meepo<129><STEAM_0:4:419941765><TERRORIST>" triggered "weaponstats2" (weapon "ak47") (head "3") (chest "2") (stomach "2") (leftarm "5") (rightarm "3") (leftleg "1") (rightleg "4")
L 04/02/2015 - 11:26:38: "Meepo<129><STEAM_0:4:419941765><TERRORIST>" triggered "weaponstats" (weapon "knife") (shots "3") (hits "2") (kills "1") (headshots "0") (tks "0") (damage "113") (deaths "1")
L 04/02/2015 - 11:26:38: "Meepo<129><STEAM_0:4:419941765><TERRORIST>" triggered "weaponstats2" (weapon "knife") (head "1") (chest "0") (stomach "0") (leftarm "0") (rightarm "0") (leftleg "0") (rightleg "0")
L 04/02/2015 - 11:26:38: "Meepo<129><STEAM_0:4:419941765><TERRORIST>" triggered "time" (time "24:33")
L 04/02/2015 - 11:26:38: "Meepo<129><STEAM_0:4:419941765><TERRORIST>" triggered "latency" (ping "49")
L 04/02/2015 - 11:26:38: "Meepo<129><STEAM_0:4:419941765><TERRORIST>" disconnected
L 04/02/2015 - 11:26:38: World triggered "Round_Draw" (CT "38") (T "26")
L 04/02/2015 - 11:26:38: World triggered "Round_End"
L 04/02/2015 - 11:26:41: World triggered "Round_Start"
L 04/02/2015 - 11:26:48: World triggered "Round_Start"
L 04/02/2015 - 11:30:30: [META] ini: Begin re-reading plugins list: /home/extazy/public/cstrike/addons/metamod/plugins.ini
L 04/02/2015 - 11:30:30: [META] ini: Read plugin config for: AMX Mod X
L 04/02/2015 - 11:30:30: [META] ini: Read plugin config for: dproto_EF
L 04/02/2015 - 11:30:30: [META] ini: Read plugin config for: VoiceTranscoder
L 04/02/2015 - 11:30:30: [META] ini: Read plugin config for: WHBlocker
L 04/02/2015 - 11:30:30: [META] ini: Finished reading plugins list: /home/extazy/public/cstrike/addons/metamod/plugins.ini; Found 4 plugins
L 04/02/2015 - 11:30:30: [META] dll: Updating plugins...
L 04/02/2015 - 11:30:30: [META] dll: Finished updating 13 plugins; kept 4, loaded 0, unloaded 0, reloaded 0, delayed 0
L 04/02/2015 - 11:30:30: Log file closed
