L 04/03/2015 - 20:58:18: Log file started (file "logs/L0403033.log") (game "cstrike") (version "48/1.6.3.7/Stdio/5787")
L 04/03/2015 - 20:58:18: Loading map "de_dust2_3x3"
L 04/03/2015 - 20:58:18: Server cvars start
L 04/03/2015 - 20:58:18: Server cvar "_tutor_bomb_viewable_check_interval" = "0.5"
L 04/03/2015 - 20:58:18: Server cvar "_tutor_debug_level" = "0"
L 04/03/2015 - 20:58:18: Server cvar "_tutor_examine_time" = "0.5"
L 04/03/2015 - 20:58:18: Server cvar "_tutor_hint_interval_time" = "10.0"
L 04/03/2015 - 20:58:18: Server cvar "_tutor_look_angle" = "10"
L 04/03/2015 - 20:58:18: Server cvar "_tutor_look_distance" = "200"
L 04/03/2015 - 20:58:18: Server cvar "_tutor_message_character_display_time_coefficient" = "0.07"
L 04/03/2015 - 20:58:18: Server cvar "_tutor_message_minimum_display_time" = "1"
L 04/03/2015 - 20:58:18: Server cvar "_tutor_message_repeats" = "5"
L 04/03/2015 - 20:58:18: Server cvar "_tutor_view_distance" = "1000"
L 04/03/2015 - 20:58:18: Server cvar "aesp_version" = "1.5b_mini"
L 04/03/2015 - 20:58:18: Server cvar "allow_spectators" = "4"
L 04/03/2015 - 20:58:18: Server cvar "amx_client_languages" = "0"
L 04/03/2015 - 20:58:18: Server cvar "amx_contactinfo" = "ICQ: 691322983"
L 04/03/2015 - 20:58:18: Server cvar "amx_language" = "ru"
L 04/03/2015 - 20:58:18: Server cvar "amx_nextmap" = "de_dust2_3x3"
L 04/03/2015 - 20:58:18: Server cvar "amx_timeleft" = "00:00"
L 04/03/2015 - 20:58:18: Server cvar "amxbans_ssversion" = "Gm 1.6"
L 04/03/2015 - 20:58:18: Server cvar "amxbans_version" = "Gm 1.6"
L 04/03/2015 - 20:58:18: Server cvar "amxmodx_version" = "1.8.1.3746"
L 04/03/2015 - 20:58:18: Server cvar "Colored Translit Cheat" = "Loaded"
L 04/03/2015 - 20:58:18: Server cvar "Colored Translit Config" = "Loaded"
L 04/03/2015 - 20:58:18: Server cvar "Colored Translit Ignores" = "Loaded"
L 04/03/2015 - 20:58:18: Server cvar "Colored Translit Replace" = "Failed"
L 04/03/2015 - 20:58:18: Server cvar "Colored Translit Spam" = "Loaded"
L 04/03/2015 - 20:58:18: Server cvar "Colored Translit Status" = "Loaded"
L 04/03/2015 - 20:58:18: Server cvar "Colored Translit Swear" = "Loaded"
L 04/03/2015 - 20:58:18: Server cvar "Colored Translit Version" = "2.0b Final"
L 04/03/2015 - 20:58:18: Server cvar "coop" = "0"
L 04/03/2015 - 20:58:18: Server cvar "deathmatch" = "1"
L 04/03/2015 - 20:58:18: Server cvar "decalfrequency" = "9"
L 04/03/2015 - 20:58:18: Server cvar "dp_version" = "0.9.391"
L 04/03/2015 - 20:58:18: Server cvar "edgefriction" = "2"
L 04/03/2015 - 20:58:18: Server cvar "hostage_debug" = "0"
L 04/03/2015 - 20:58:18: Server cvar "hostage_stop" = "0"
L 04/03/2015 - 20:58:18: Server cvar "humans_join_team" = "any"
L 04/03/2015 - 20:58:18: Server cvar "jtp10181" = "chute,gore"
L 04/03/2015 - 20:58:18: Server cvar "max_queries_sec" = "3.0"
L 04/03/2015 - 20:58:18: Server cvar "max_queries_sec_global" = "30"
L 04/03/2015 - 20:58:18: Server cvar "max_queries_window" = "60"
L 04/03/2015 - 20:58:18: Server cvar "metamod_version" = "1.19"
L 04/03/2015 - 20:58:18: Server cvar "mp_allowmonsters" = "0"
L 04/03/2015 - 20:58:18: Server cvar "mp_autokick" = "1"
L 04/03/2015 - 20:58:18: Server cvar "mp_autoteambalance" = "1"
L 04/03/2015 - 20:58:18: Server cvar "mp_buytime" = "1.5"
L 04/03/2015 - 20:58:18: Server cvar "mp_c4timer" = "35"
L 04/03/2015 - 20:58:18: Server cvar "mp_chattime" = "1"
L 04/03/2015 - 20:58:18: Server cvar "mp_consistency" = "1"
L 04/03/2015 - 20:58:18: Server cvar "mp_fadetoblack" = "0"
L 04/03/2015 - 20:58:18: Server cvar "mp_flashlight" = "1"
L 04/03/2015 - 20:58:18: Server cvar "mp_footsteps" = "1"
L 04/03/2015 - 20:58:18: Server cvar "mp_forcecamera" = "0"
L 04/03/2015 - 20:58:18: Server cvar "mp_forcechasecam" = "0"
L 04/03/2015 - 20:58:18: Server cvar "mp_fragsleft" = "0"
L 04/03/2015 - 20:58:18: Server cvar "mp_freezetime" = "5"
L 04/03/2015 - 20:58:18: Server cvar "mp_friendlyfire" = "0"
L 04/03/2015 - 20:58:18: Server cvar "mp_ghostfrequency" = "0.1"
L 04/03/2015 - 20:58:18: Server cvar "mp_hostagepenalty" = "0"
L 04/03/2015 - 20:58:18: Server cvar "mp_kickpercent" = "0.66"
L 04/03/2015 - 20:58:18: Server cvar "mp_limitteams" = "5"
L 04/03/2015 - 20:58:18: Server cvar "mp_logdetail" = "3"
L 04/03/2015 - 20:58:18: Server cvar "mp_logfile" = "1"
L 04/03/2015 - 20:58:18: Server cvar "mp_logmessages" = "1"
L 04/03/2015 - 20:58:18: Server cvar "mp_mapvoteratio" = "0.66"
L 04/03/2015 - 20:58:18: Server cvar "mp_maxrounds" = "0"
L 04/03/2015 - 20:58:18: Server cvar "mp_mirrordamage" = "0"
L 04/03/2015 - 20:58:18: Server cvar "mp_playerid" = "0"
L 04/03/2015 - 20:58:18: Server cvar "mp_roundtime" = "2.57"
L 04/03/2015 - 20:58:18: Server cvar "mp_startmoney" = "800"
L 04/03/2015 - 20:58:18: Server cvar "mp_timeleft" = "0"
L 04/03/2015 - 20:58:18: Server cvar "mp_timelimit" = "30.000000"
L 04/03/2015 - 20:58:18: Server cvar "mp_tkpunish" = "1"
L 04/03/2015 - 20:58:18: Server cvar "mp_windifference" = "1"
L 04/03/2015 - 20:58:18: Server cvar "mp_winlimit" = "0"
L 04/03/2015 - 20:58:18: Server cvar "pausable" = "0"
L 04/03/2015 - 20:58:18: Server cvar "sv_accelerate" = "5"
L 04/03/2015 - 20:58:18: Server cvar "sv_aim" = "0"
L 04/03/2015 - 20:58:18: Server cvar "sv_airaccelerate" = "10"
L 04/03/2015 - 20:58:18: Server cvar "sv_airmove" = "1"
L 04/03/2015 - 20:58:18: Server cvar "sv_allowupload" = "1"
L 04/03/2015 - 20:58:18: Server cvar "sv_alltalk" = "0"
L 04/03/2015 - 20:58:18: Server cvar "sv_bounce" = "1"
L 04/03/2015 - 20:58:18: Server cvar "sv_cheats" = "0"
L 04/03/2015 - 20:58:18: Server cvar "sv_clienttrace" = "1"
L 04/03/2015 - 20:58:18: Server cvar "sv_clipmode" = "0"
L 04/03/2015 - 20:58:18: Server cvar "sv_contact" = ""
L 04/03/2015 - 20:58:18: Server cvar "sv_friction" = "4"
L 04/03/2015 - 20:58:18: Server cvar "sv_gravity" = "800"
L 04/03/2015 - 20:58:18: Server cvar "sv_logblocks" = "0"
L 04/03/2015 - 20:58:18: Server cvar "sv_maxrate" = "25000"
L 04/03/2015 - 20:58:18: Server cvar "sv_maxspeed" = "900"
L 04/03/2015 - 20:58:18: Server cvar "sv_minrate" = "100000"
L 04/03/2015 - 20:58:18: Server cvar "sv_password" = ""
L 04/03/2015 - 20:58:18: Server cvar "sv_proxies" = "0"
L 04/03/2015 - 20:58:18: Server cvar "sv_region" = "3"
L 04/03/2015 - 20:58:18: Server cvar "sv_restart" = "0"
L 04/03/2015 - 20:58:18: Server cvar "sv_restartround" = "0"
L 04/03/2015 - 20:58:18: Server cvar "sv_stepsize" = "18"
L 04/03/2015 - 20:58:18: Server cvar "sv_stopspeed" = "75"
L 04/03/2015 - 20:58:18: Server cvar "sv_uploadmax" = "0.5"
L 04/03/2015 - 20:58:18: Server cvar "sv_voiceenable" = "1"
L 04/03/2015 - 20:58:18: Server cvar "sv_wateraccelerate" = "10"
L 04/03/2015 - 20:58:18: Server cvar "sv_waterfriction" = "1"
L 04/03/2015 - 20:58:18: Server cvar "travo_statmarquee" = "v1.2"
L 04/03/2015 - 20:58:18: Server cvar "vtc_version" = "80"
L 04/03/2015 - 20:58:18: Server cvar "wallblocker_version" = "1.0"
L 04/03/2015 - 20:58:18: Server cvars end
L 04/03/2015 - 20:58:19: Server cvar "amx_nextmap" = "de_dust2_2x2"
L 04/03/2015 - 20:58:19: Server cvar "sv_restart" = "1"
L 04/03/2015 - 20:58:19: World triggered "Restart_Round_(1_second)"
L 04/03/2015 - 20:58:19: Team "CT" scored "0" with "0" players
L 04/03/2015 - 20:58:19: Team "TERRORIST" scored "0" with "0" players
L 04/03/2015 - 20:58:19: Server cvar "sv_restart" = "0"
L 04/03/2015 - 20:58:19: Started map "de_dust2_3x3" (CRC "1202583262")
L 04/03/2015 - 20:58:19: [VTC] Player 3 silk
L 04/03/2015 - 20:58:19: [VTC] Player 9 speex
L 04/03/2015 - 20:58:19: [VTC] Player 1 speex
L 04/03/2015 - 20:58:20: [DPROTO]: Client 1 - Set AuthIdType 1 [dp_SteamEmu]; pClient = 0xb3929dfc
L 04/03/2015 - 20:58:20: "Vadim<453><STEAM_0:0:1911259416><>" connected, address "178.120.117.203:58927"
L 04/03/2015 - 20:58:20: [VTC] Player 2 speex
L 04/03/2015 - 20:58:22: "Skyfall<422><STEAM_0:1:6978287><>" entered the game
L 04/03/2015 - 20:58:23: "Skyfall<422><STEAM_0:1:6978287><>" joined team "CT"
L 04/03/2015 - 20:58:23: [DPROTO]: Client 1 - Set AuthIdType 1 [dp_SteamEmu]; pClient = 0xb3929dfc
L 04/03/2015 - 20:58:23: "Vadim<454><STEAM_0:0:1911259416><>" connected, address "178.120.117.203:58927"
L 04/03/2015 - 20:58:23: [VTC] Player 2 speex
L 04/03/2015 - 20:58:24: World triggered "Round_Start"
L 04/03/2015 - 20:58:28: [DPROTO]: Client 0 - Set AuthIdType 3 [dp_RevEmu]; pClient = 0xb3924f08
L 04/03/2015 - 20:58:28: "kakto-tak<455><STEAM_0:4:2061978885><>" connected, address "178.120.146.92:43191"
L 04/03/2015 - 20:58:28: [VTC] Player 1 speex
L 04/03/2015 - 20:58:32: "kakto-tak<455><STEAM_0:4:2061978885><>" entered the game
L 04/03/2015 - 20:58:37: "kakto-tak<455><STEAM_0:4:2061978885><>" joined team "CT"
L 04/03/2015 - 20:58:39: "kakto-tak<455><STEAM_0:4:2061978885><CT>" triggered "time" (time "0:06")
L 04/03/2015 - 20:58:39: "kakto-tak<455><STEAM_0:4:2061978885><CT>" triggered "latency" (ping "0")
L 04/03/2015 - 20:58:39: "kakto-tak<455><STEAM_0:4:2061978885><CT>" disconnected
L 04/03/2015 - 20:58:39: [DPROTO]: Client 0 - Set AuthIdType 3 [dp_RevEmu]; pClient = 0xb3924f08
L 04/03/2015 - 20:58:39: "kakto-tak<456><STEAM_0:4:2061978885><>" connected, address "178.120.146.92:43191"
L 04/03/2015 - 20:58:39: Kick: "kakto-tak<456><STEAM_0:4:2061978885><>" was kicked by "Console" (message ""Повторное подключение будет доступно через 20 секунд"")
L 04/03/2015 - 20:58:40: [DPROTO]: Client 8 - Set AuthIdType 3 [dp_RevEmu]; pClient = 0xb394c6a8
L 04/03/2015 - 20:58:40: "[Hard_Skill]_Dasha<457><STEAM_0:4:1068366041><>" connected, address "10.19.7.214:27005"
L 04/03/2015 - 20:58:40: [VTC] Player 9 speex
L 04/03/2015 - 20:58:41: [DPROTO]: Client 1 - Set AuthIdType 1 [dp_SteamEmu]; pClient = 0xb3929dfc
L 04/03/2015 - 20:58:41: "Vadim<458><STEAM_0:0:1911259416><>" connected, address "178.120.117.203:58927"
L 04/03/2015 - 20:58:41: [VTC] Player 2 speex
L 04/03/2015 - 20:58:41: [DPROTO]: Client 0 - Set AuthIdType 3 [dp_RevEmu]; pClient = 0xb3924f08
L 04/03/2015 - 20:58:41: "kakto-tak<459><STEAM_0:4:2061978885><>" connected, address "178.120.146.92:43191"
L 04/03/2015 - 20:58:41: Kick: "kakto-tak<459><STEAM_0:4:2061978885><>" was kicked by "Console" (message ""Повторное подключение будет доступно через 18 секунд"")
L 04/03/2015 - 20:58:42: [DPROTO]: Client 0 - Set AuthIdType 3 [dp_RevEmu]; pClient = 0xb3924f08
L 04/03/2015 - 20:58:42: "NO HARD<460><STEAM_0:4:1921817166><>" connected, address "37.214.69.76:27289"
L 04/03/2015 - 20:58:42: [VTC] Player 1 speex
L 04/03/2015 - 20:58:48: [DPROTO]: Client 0 - Set AuthIdType 3 [dp_RevEmu]; pClient = 0xb3924f08
L 04/03/2015 - 20:58:48: "kakto-tak<461><STEAM_0:4:2061978885><>" connected, address "178.120.146.92:43191"
L 04/03/2015 - 20:58:48: Kick: "kakto-tak<461><STEAM_0:4:2061978885><>" was kicked by "Console" (message ""Повторное подключение будет доступно через 11 секунд"")
L 04/03/2015 - 20:58:50: [DPROTO]: Client 0 - Set AuthIdType 3 [dp_RevEmu]; pClient = 0xb3924f08
L 04/03/2015 - 20:58:50: "NO HARD<462><STEAM_0:4:1921817166><>" connected, address "37.214.69.76:27289"
L 04/03/2015 - 20:58:50: [VTC] Player 1 speex
L 04/03/2015 - 20:58:55: "[Hard_Skill]_Dasha<457><STEAM_0:4:1068366041><>" entered the game
L 04/03/2015 - 20:58:56: [DPROTO]: Client 1 - Set AuthIdType 3 [dp_RevEmu]; pClient = 0xb3929dfc
L 04/03/2015 - 20:58:56: "kakto-tak<463><STEAM_0:4:2061978885><>" connected, address "178.120.146.92:43191"
L 04/03/2015 - 20:58:56: [VTC] Player 2 speex
L 04/03/2015 - 20:58:57: "NO HARD<462><STEAM_0:4:1921817166><>" entered the game
L 04/03/2015 - 20:59:00: "NO HARD<462><STEAM_0:4:1921817166><>" joined team "TERRORIST"
L 04/03/2015 - 20:59:01: World triggered "Game_Commencing"
L 04/03/2015 - 20:59:01: World triggered "Game_Commencing" (CT "0") (T "0")
L 04/03/2015 - 20:59:01: World triggered "Round_End"
L 04/03/2015 - 20:59:02: "kakto-tak<463><STEAM_0:4:2061978885><>" entered the game
L 04/03/2015 - 20:59:04: "NO HARD<462><STEAM_0:4:1921817166><TERRORIST>" triggered "Spawned_With_The_Bomb"
L 04/03/2015 - 20:59:06: "kakto-tak<463><STEAM_0:4:2061978885><>" joined team "TERRORIST"
L 04/03/2015 - 20:59:08: "[Hard_Skill]_Dasha<457><STEAM_0:4:1068366041><>" joined team "CT"
L 04/03/2015 - 20:59:09: World triggered "Round_Start"
L 04/03/2015 - 20:59:20: "Skyfall<422><STEAM_0:1:6978287><CT>" attacked "NO HARD<462><STEAM_0:4:1921817166><TERRORIST>" with "usp" (damage "31") (damage_armor "0") (health "69") (armor "0")
L 04/03/2015 - 20:59:20: "Skyfall<422><STEAM_0:1:6978287><CT>" attacked "NO HARD<462><STEAM_0:4:1921817166><TERRORIST>" with "usp" (damage "31") (damage_armor "0") (health "38") (armor "0")
L 04/03/2015 - 20:59:21: "Skyfall<422><STEAM_0:1:6978287><CT>" attacked "NO HARD<462><STEAM_0:4:1921817166><TERRORIST>" with "usp" (damage "25") (damage_armor "0") (health "13") (armor "0")
L 04/03/2015 - 20:59:21: "Skyfall<422><STEAM_0:1:6978287><CT>" attacked "NO HARD<462><STEAM_0:4:1921817166><TERRORIST>" with "usp" (damage "31") (damage_armor "0") (health "-18") (armor "0")
L 04/03/2015 - 20:59:21: "Skyfall<422><STEAM_0:1:6978287><CT>" killed "NO HARD<462><STEAM_0:4:1921817166><TERRORIST>" with "usp"
L 04/03/2015 - 20:59:21: "NO HARD<462><STEAM_0:4:1921817166><TERRORIST>" triggered "Dropped_The_Bomb"
L 04/03/2015 - 20:59:27: "Skyfall<422><STEAM_0:1:6978287><CT>" attacked "kakto-tak<463><STEAM_0:4:2061978885><TERRORIST>" with "usp" (damage "20") (damage_armor "0") (health "80") (armor "0")
L 04/03/2015 - 20:59:36: "kakto-tak<463><STEAM_0:4:2061978885><TERRORIST>" attacked "[Hard_Skill]_Dasha<457><STEAM_0:4:1068366041><CT>" with "deagle" (damage "46") (damage_armor "0") (health "54") (armor "0")
L 04/03/2015 - 20:59:36: "kakto-tak<463><STEAM_0:4:2061978885><TERRORIST>" attacked "[Hard_Skill]_Dasha<457><STEAM_0:4:1068366041><CT>" with "deagle" (damage "33") (damage_armor "0") (health "21") (armor "0")
L 04/03/2015 - 20:59:36: "kakto-tak<463><STEAM_0:4:2061978885><TERRORIST>" attacked "[Hard_Skill]_Dasha<457><STEAM_0:4:1068366041><CT>" with "deagle" (damage "45") (damage_armor "0") (health "-24") (armor "0")
L 04/03/2015 - 20:59:36: "kakto-tak<463><STEAM_0:4:2061978885><TERRORIST>" killed "[Hard_Skill]_Dasha<457><STEAM_0:4:1068366041><CT>" with "deagle"
L 04/03/2015 - 21:00:01: "Skyfall<422><STEAM_0:1:6978287><CT>" attacked "kakto-tak<463><STEAM_0:4:2061978885><TERRORIST>" with "knife" (damage "65") (damage_armor "0") (health "15") (armor "0")
L 04/03/2015 - 21:00:03: "Skyfall<422><STEAM_0:1:6978287><CT>" attacked "kakto-tak<463><STEAM_0:4:2061978885><TERRORIST>" with "knife" (damage "65") (damage_armor "0") (health "-50") (armor "0")
L 04/03/2015 - 21:00:03: "Skyfall<422><STEAM_0:1:6978287><CT>" killed "kakto-tak<463><STEAM_0:4:2061978885><TERRORIST>" with "knife"
L 04/03/2015 - 21:00:03: Team "CT" triggered "CTs_Win" (CT "1") (T "0")
L 04/03/2015 - 21:00:03: World triggered "Round_End"
L 04/03/2015 - 21:00:08: "kakto-tak<463><STEAM_0:4:2061978885><TERRORIST>" triggered "Spawned_With_The_Bomb"
L 04/03/2015 - 21:00:13: World triggered "Round_Start"
L 04/03/2015 - 21:00:26: "NO HARD<462><STEAM_0:4:1921817166><TERRORIST>" attacked "[Hard_Skill]_Dasha<457><STEAM_0:4:1068366041><CT>" with "deagle" (damage "35") (damage_armor "0") (health "65") (armor "0")
L 04/03/2015 - 21:00:29: "Skyfall<422><STEAM_0:1:6978287><CT>" attacked "NO HARD<462><STEAM_0:4:1921817166><TERRORIST>" with "m4a1" (damage "52") (damage_armor "0") (health "48") (armor "0")
L 04/03/2015 - 21:00:29: "Skyfall<422><STEAM_0:1:6978287><CT>" attacked "NO HARD<462><STEAM_0:4:1921817166><TERRORIST>" with "m4a1" (damage "16") (damage_armor "0") (health "32") (armor "0")
L 04/03/2015 - 21:00:30: "[Hard_Skill]_Dasha<457><STEAM_0:4:1068366041><CT>" attacked "NO HARD<462><STEAM_0:4:1921817166><TERRORIST>" with "m4a1" (damage "124") (damage_armor "0") (health "-92") (armor "0")
L 04/03/2015 - 21:00:30: "[Hard_Skill]_Dasha<457><STEAM_0:4:1068366041><CT>" killed "NO HARD<462><STEAM_0:4:1921817166><TERRORIST>" with "m4a1"
L 04/03/2015 - 21:00:36: "[Hard_Skill]_Dasha<457><STEAM_0:4:1068366041><CT>" attacked "kakto-tak<463><STEAM_0:4:2061978885><TERRORIST>" with "m4a1" (damage "31") (damage_armor "0") (health "69") (armor "0")
L 04/03/2015 - 21:00:36: "[Hard_Skill]_Dasha<457><STEAM_0:4:1068366041><CT>" attacked "kakto-tak<463><STEAM_0:4:2061978885><TERRORIST>" with "m4a1" (damage "38") (damage_armor "0") (health "31") (armor "0")
L 04/03/2015 - 21:00:37: "[Hard_Skill]_Dasha<457><STEAM_0:4:1068366041><CT>" attacked "kakto-tak<463><STEAM_0:4:2061978885><TERRORIST>" with "m4a1" (damage "31") (damage_armor "0") (health "0") (armor "0")
L 04/03/2015 - 21:00:37: "[Hard_Skill]_Dasha<457><STEAM_0:4:1068366041><CT>" killed "kakto-tak<463><STEAM_0:4:2061978885><TERRORIST>" with "m4a1"
L 04/03/2015 - 21:00:37: Team "CT" triggered "CTs_Win" (CT "2") (T "0")
L 04/03/2015 - 21:00:37: World triggered "Round_End"
L 04/03/2015 - 21:00:42: "NO HARD<462><STEAM_0:4:1921817166><TERRORIST>" triggered "Spawned_With_The_Bomb"
L 04/03/2015 - 21:00:47: World triggered "Round_Start"
L 04/03/2015 - 21:00:59: "kakto-tak<463><STEAM_0:4:2061978885><TERRORIST>" attacked "[Hard_Skill]_Dasha<457><STEAM_0:4:1068366041><CT>" with "galil" (damage "28") (damage_armor "0") (health "72") (armor "0")
L 04/03/2015 - 21:01:00: "kakto-tak<463><STEAM_0:4:2061978885><TERRORIST>" attacked "[Hard_Skill]_Dasha<457><STEAM_0:4:1068366041><CT>" with "galil" (damage "28") (damage_armor "0") (health "44") (armor "0")
L 04/03/2015 - 21:01:00: "kakto-tak<463><STEAM_0:4:2061978885><TERRORIST>" attacked "[Hard_Skill]_Dasha<457><STEAM_0:4:1068366041><CT>" with "galil" (damage "28") (damage_armor "0") (health "16") (armor "0")
L 04/03/2015 - 21:01:00: "kakto-tak<463><STEAM_0:4:2061978885><TERRORIST>" attacked "[Hard_Skill]_Dasha<457><STEAM_0:4:1068366041><CT>" with "galil" (damage "112") (damage_armor "0") (health "-96") (armor "0")
L 04/03/2015 - 21:01:00: "kakto-tak<463><STEAM_0:4:2061978885><TERRORIST>" killed "[Hard_Skill]_Dasha<457><STEAM_0:4:1068366041><CT>" with "galil"
L 04/03/2015 - 21:01:16: "NO HARD<462><STEAM_0:4:1921817166><TERRORIST>" attacked "Skyfall<422><STEAM_0:1:6978287><CT>" with "galil" (damage "21") (damage_armor "4") (health "79") (armor "96")
L 04/03/2015 - 21:01:16: "Skyfall<422><STEAM_0:1:6978287><CT>" attacked "NO HARD<462><STEAM_0:4:1921817166><TERRORIST>" with "m4a1" (damage "116") (damage_armor "0") (health "-16") (armor "0")
L 04/03/2015 - 21:01:16: "Skyfall<422><STEAM_0:1:6978287><CT>" killed "NO HARD<462><STEAM_0:4:1921817166><TERRORIST>" with "m4a1"
L 04/03/2015 - 21:01:16: "NO HARD<462><STEAM_0:4:1921817166><TERRORIST>" triggered "Dropped_The_Bomb"
L 04/03/2015 - 21:01:37: "NO HARD<462><STEAM_0:4:1921817166><TERRORIST>" triggered "weaponstats" (weapon "grenade") (shots "1") (hits "1") (kills "0") (headshots "0") (tks "0") (damage "16") (deaths "0")
L 04/03/2015 - 21:01:37: "NO HARD<462><STEAM_0:4:1921817166><TERRORIST>" triggered "weaponstats2" (weapon "grenade") (head "0") (chest "0") (stomach "0") (leftarm "0") (rightarm "0") (leftleg "0") (rightleg "0")
L 04/03/2015 - 21:01:37: "NO HARD<462><STEAM_0:4:1921817166><TERRORIST>" triggered "weaponstats" (weapon "galil") (shots "5") (hits "1") (kills "0") (headshots "0") (tks "0") (damage "21") (deaths "1")
L 04/03/2015 - 21:01:37: "NO HARD<462><STEAM_0:4:1921817166><TERRORIST>" triggered "weaponstats2" (weapon "galil") (head "0") (chest "0") (stomach "0") (leftarm "1") (rightarm "0") (leftleg "0") (rightleg "0")
L 04/03/2015 - 21:01:37: "NO HARD<462><STEAM_0:4:1921817166><TERRORIST>" triggered "weaponstats" (weapon "glock18") (shots "20") (hits "0") (kills "0") (headshots "0") (tks "0") (damage "0") (deaths "0")
L 04/03/2015 - 21:01:37: "NO HARD<462><STEAM_0:4:1921817166><TERRORIST>" triggered "weaponstats2" (weapon "glock18") (head "0") (chest "0") (stomach "0") (leftarm "0") (rightarm "0") (leftleg "0") (rightleg "0")
L 04/03/2015 - 21:01:37: "NO HARD<462><STEAM_0:4:1921817166><TERRORIST>" triggered "weaponstats" (weapon "deagle") (shots "2") (hits "1") (kills "0") (headshots "0") (tks "0") (damage "35") (deaths "2")
L 04/03/2015 - 21:01:37: "NO HARD<462><STEAM_0:4:1921817166><TERRORIST>" triggered "weaponstats2" (weapon "deagle") (head "0") (chest "0") (stomach "0") (leftarm "1") (rightarm "0") (leftleg "0") (rightleg "0")
L 04/03/2015 - 21:01:37: "NO HARD<462><STEAM_0:4:1921817166><TERRORIST>" triggered "time" (time "2:40")
L 04/03/2015 - 21:01:37: "NO HARD<462><STEAM_0:4:1921817166><TERRORIST>" triggered "latency" (ping "20")
L 04/03/2015 - 21:01:37: "NO HARD<462><STEAM_0:4:1921817166><TERRORIST>" disconnected
L 04/03/2015 - 21:01:42: "Skyfall<422><STEAM_0:1:6978287><CT>" attacked "kakto-tak<463><STEAM_0:4:2061978885><TERRORIST>" with "m4a1" (damage "56") (damage_armor "0") (health "44") (armor "0")
L 04/03/2015 - 21:01:43: "Skyfall<422><STEAM_0:1:6978287><CT>" attacked "kakto-tak<463><STEAM_0:4:2061978885><TERRORIST>" with "m4a1" (damage "60") (damage_armor "0") (health "-16") (armor "0")
L 04/03/2015 - 21:01:43: "Skyfall<422><STEAM_0:1:6978287><CT>" killed "kakto-tak<463><STEAM_0:4:2061978885><TERRORIST>" with "m4a1"
L 04/03/2015 - 21:01:43: Team "CT" triggered "CTs_Win" (CT "3") (T "0")
L 04/03/2015 - 21:01:43: World triggered "Round_End"
L 04/03/2015 - 21:01:48: "kakto-tak<463><STEAM_0:4:2061978885><TERRORIST>" triggered "Spawned_With_The_Bomb"
L 04/03/2015 - 21:01:53: World triggered "Round_Start"
L 04/03/2015 - 21:02:29: [DPROTO]: Client 0 - Set AuthIdType 1 [dp_SteamEmu]; pClient = 0xb3924f08
L 04/03/2015 - 21:02:29: "Vadim<464><STEAM_0:0:1911259416><>" connected, address "178.120.117.203:65482"
L 04/03/2015 - 21:02:29: [VTC] Player 1 speex
L 04/03/2015 - 21:02:34: "kakto-tak<463><STEAM_0:4:2061978885><TERRORIST>" attacked "[Hard_Skill]_Dasha<457><STEAM_0:4:1068366041><CT>" with "ak47" (damage "105") (damage_armor "16") (health "-5") (armor "84")
L 04/03/2015 - 21:02:34: "kakto-tak<463><STEAM_0:4:2061978885><TERRORIST>" killed "[Hard_Skill]_Dasha<457><STEAM_0:4:1068366041><CT>" with "ak47"
L 04/03/2015 - 21:02:47: [DPROTO]: Client 0 - Set AuthIdType 1 [Native]; pClient = 0xb3924f08
L 04/03/2015 - 21:02:47: "Extazy<465><STEAM_0:1:113150434><>" connected, address "10.19.7.134:27005"
L 04/03/2015 - 21:02:47: [VTC] Player 1 silk
L 04/03/2015 - 21:02:47: "Extazy<465><STEAM_0:1:113150434><>" STEAM USERID validated
L 04/03/2015 - 21:03:14: "Extazy<465><STEAM_0:1:113150434><>" entered the game
L 04/03/2015 - 21:03:31: "Skyfall<422><STEAM_0:1:6978287><CT>" attacked "kakto-tak<463><STEAM_0:4:2061978885><TERRORIST>" with "knife" (damage "65") (damage_armor "0") (health "35") (armor "0")
L 04/03/2015 - 21:03:32: "Extazy<465><STEAM_0:1:113150434><>" joined team "TERRORIST"
L 04/03/2015 - 21:03:32: "Skyfall<422><STEAM_0:1:6978287><CT>" attacked "kakto-tak<463><STEAM_0:4:2061978885><TERRORIST>" with "knife" (damage "65") (damage_armor "0") (health "-30") (armor "0")
L 04/03/2015 - 21:03:32: "Skyfall<422><STEAM_0:1:6978287><CT>" killed "kakto-tak<463><STEAM_0:4:2061978885><TERRORIST>" with "knife"
L 04/03/2015 - 21:03:32: Team "CT" triggered "CTs_Win" (CT "4") (T "0")
L 04/03/2015 - 21:03:32: World triggered "Round_End"
L 04/03/2015 - 21:03:37: "kakto-tak<463><STEAM_0:4:2061978885><TERRORIST>" triggered "Spawned_With_The_Bomb"
L 04/03/2015 - 21:03:42: World triggered "Round_Start"
L 04/03/2015 - 21:04:09: "Skyfall<422><STEAM_0:1:6978287><CT>" attacked "kakto-tak<463><STEAM_0:4:2061978885><TERRORIST>" with "knife" (damage "65") (damage_armor "0") (health "35") (armor "0")
L 04/03/2015 - 21:04:09: "kakto-tak<463><STEAM_0:4:2061978885><TERRORIST>" attacked "Skyfall<422><STEAM_0:1:6978287><CT>" with "knife" (damage "55") (damage_armor "5") (health "45") (armor "91")
L 04/03/2015 - 21:04:11: "Skyfall<422><STEAM_0:1:6978287><CT>" attacked "kakto-tak<463><STEAM_0:4:2061978885><TERRORIST>" with "knife" (damage "65") (damage_armor "0") (health "-30") (armor "0")
L 04/03/2015 - 21:04:11: "Skyfall<422><STEAM_0:1:6978287><CT>" killed "kakto-tak<463><STEAM_0:4:2061978885><TERRORIST>" with "knife"
L 04/03/2015 - 21:04:11: "kakto-tak<463><STEAM_0:4:2061978885><TERRORIST>" triggered "Dropped_The_Bomb"
L 04/03/2015 - 21:04:30: "Skyfall<422><STEAM_0:1:6978287><CT>" attacked "Extazy<465><STEAM_0:1:113150434><TERRORIST>" with "knife" (damage "55") (damage_armor "5") (health "45") (armor "95")
L 04/03/2015 - 21:04:34: "Extazy<465><STEAM_0:1:113150434><TERRORIST>" attacked "[Hard_Skill]_Dasha<457><STEAM_0:4:1068366041><CT>" with "ak47" (damage "35") (damage_armor "0") (health "65") (armor "0")
L 04/03/2015 - 21:04:34: "Extazy<465><STEAM_0:1:113150434><TERRORIST>" attacked "[Hard_Skill]_Dasha<457><STEAM_0:4:1068366041><CT>" with "ak47" (damage "140") (damage_armor "0") (health "-75") (armor "0")
L 04/03/2015 - 21:04:34: "Extazy<465><STEAM_0:1:113150434><TERRORIST>" killed "[Hard_Skill]_Dasha<457><STEAM_0:4:1068366041><CT>" with "ak47"
L 04/03/2015 - 21:04:39: "Extazy<465><STEAM_0:1:113150434><TERRORIST>" attacked "Skyfall<422><STEAM_0:1:6978287><CT>" with "knife" (damage "221") (damage_armor "19") (health "-176") (armor "72")
L 04/03/2015 - 21:04:39: "Extazy<465><STEAM_0:1:113150434><TERRORIST>" killed "Skyfall<422><STEAM_0:1:6978287><CT>" with "knife"
L 04/03/2015 - 21:04:39: Team "TERRORIST" triggered "Terrorists_Win" (CT "4") (T "1")
L 04/03/2015 - 21:04:39: World triggered "Round_End"
L 04/03/2015 - 21:04:40: [DPROTO]: Client 3 - Set AuthIdType 1 [Native]; pClient = 0xb3933be4
L 04/03/2015 - 21:04:40: "[EKH]+6eIIIaHblu'<466><STEAM_0:0:581832><>" connected, address "178.121.182.31:14523"
L 04/03/2015 - 21:04:40: [VTC] Player 4 silk
L 04/03/2015 - 21:04:40: "[EKH]+6eIIIaHblu'<466><STEAM_0:0:581832><>" STEAM USERID validated
L 04/03/2015 - 21:04:44: "Extazy<465><STEAM_0:1:113150434><TERRORIST>" triggered "Spawned_With_The_Bomb"
L 04/03/2015 - 21:04:49: World triggered "Round_Start"
L 04/03/2015 - 21:05:02: "Extazy<465><STEAM_0:1:113150434><TERRORIST>" attacked "Skyfall<422><STEAM_0:1:6978287><CT>" with "ak47" (damage "12") (damage_armor "2") (health "88") (armor "98")
L 04/03/2015 - 21:05:03: "Extazy<465><STEAM_0:1:113150434><TERRORIST>" attacked "Skyfall<422><STEAM_0:1:6978287><CT>" with "ak47" (damage "105") (damage_armor "16") (health "-17") (armor "82")
L 04/03/2015 - 21:05:03: "Extazy<465><STEAM_0:1:113150434><TERRORIST>" killed "Skyfall<422><STEAM_0:1:6978287><CT>" with "ak47"
L 04/03/2015 - 21:05:16: "Extazy<465><STEAM_0:1:113150434><TERRORIST>" attacked "[Hard_Skill]_Dasha<457><STEAM_0:4:1068366041><CT>" with "deagle" (damage "50") (damage_armor "0") (health "50") (armor "0")
L 04/03/2015 - 21:05:16: "Extazy<465><STEAM_0:1:113150434><TERRORIST>" attacked "[Hard_Skill]_Dasha<457><STEAM_0:4:1068366041><CT>" with "deagle" (damage "196") (damage_armor "0") (health "-146") (armor "0")
L 04/03/2015 - 21:05:16: "Extazy<465><STEAM_0:1:113150434><TERRORIST>" killed "[Hard_Skill]_Dasha<457><STEAM_0:4:1068366041><CT>" with "deagle"
L 04/03/2015 - 21:05:16: Team "TERRORIST" triggered "Terrorists_Win" (CT "4") (T "2")
L 04/03/2015 - 21:05:16: World triggered "Round_End"
L 04/03/2015 - 21:05:21: "kakto-tak<463><STEAM_0:4:2061978885><TERRORIST>" triggered "Spawned_With_The_Bomb"
L 04/03/2015 - 21:05:26: World triggered "Round_Start"
L 04/03/2015 - 21:05:27: [DPROTO]: Client 3 - Set AuthIdType 1 [Native]; pClient = 0xb3933be4
L 04/03/2015 - 21:05:27: "[EKH]+6eIIIaHblu'<467><STEAM_0:0:581832><>" connected, address "178.121.182.31:14523"
L 04/03/2015 - 21:05:27: [VTC] Player 4 silk
L 04/03/2015 - 21:05:27: "[EKH]+6eIIIaHblu'<467><STEAM_0:0:581832><>" STEAM USERID validated
L 04/03/2015 - 21:05:32: "[EKH]+6eIIIaHblu'<467><STEAM_0:0:581832><>" entered the game
L 04/03/2015 - 21:05:53: "Skyfall<422><STEAM_0:1:6978287><CT>" attacked "Extazy<465><STEAM_0:1:113150434><TERRORIST>" with "m4a1" (damage "20") (damage_armor "5") (health "80") (armor "95")
L 04/03/2015 - 21:05:53: "Extazy<465><STEAM_0:1:113150434><TERRORIST>" attacked "Skyfall<422><STEAM_0:1:6978287><CT>" with "ak47" (damage "26") (damage_armor "4") (health "74") (armor "96")
L 04/03/2015 - 21:05:55: "Skyfall<422><STEAM_0:1:6978287><CT>" attacked "Extazy<465><STEAM_0:1:113150434><TERRORIST>" with "m4a1" (damage "20") (damage_armor "4") (health "60") (armor "91")
L 04/03/2015 - 21:05:56: "Skyfall<422><STEAM_0:1:6978287><CT>" attacked "Extazy<465><STEAM_0:1:113150434><TERRORIST>" with "m4a1" (damage "20") (damage_armor "5") (health "40") (armor "86")
L 04/03/2015 - 21:05:57: "Skyfall<422><STEAM_0:1:6978287><CT>" attacked "kakto-tak<463><STEAM_0:4:2061978885><TERRORIST>" with "m4a1" (damage "20") (damage_armor "5") (health "80") (armor "95")
L 04/03/2015 - 21:05:57: "Skyfall<422><STEAM_0:1:6978287><CT>" attacked "kakto-tak<463><STEAM_0:4:2061978885><TERRORIST>" with "m4a1" (damage "20") (damage_armor "4") (health "60") (armor "91")
L 04/03/2015 - 21:05:57: "Skyfall<422><STEAM_0:1:6978287><CT>" attacked "kakto-tak<463><STEAM_0:4:2061978885><TERRORIST>" with "m4a1" (damage "25") (damage_armor "6") (health "35") (armor "85")
L 04/03/2015 - 21:05:57: "Skyfall<422><STEAM_0:1:6978287><CT>" attacked "kakto-tak<463><STEAM_0:4:2061978885><TERRORIST>" with "m4a1" (damage "21") (damage_armor "0") (health "14") (armor "85")
L 04/03/2015 - 21:05:58: "Skyfall<422><STEAM_0:1:6978287><CT>" attacked "kakto-tak<463><STEAM_0:4:2061978885><TERRORIST>" with "m4a1" (damage "20") (damage_armor "4") (health "-6") (armor "81")
L 04/03/2015 - 21:05:58: "Skyfall<422><STEAM_0:1:6978287><CT>" killed "kakto-tak<463><STEAM_0:4:2061978885><TERRORIST>" with "m4a1"
L 04/03/2015 - 21:05:58: "kakto-tak<463><STEAM_0:4:2061978885><TERRORIST>" triggered "Dropped_The_Bomb"
L 04/03/2015 - 21:05:59: "Skyfall<422><STEAM_0:1:6978287><CT>" attacked "Extazy<465><STEAM_0:1:113150434><TERRORIST>" with "m4a1" (damage "20") (damage_armor "4") (health "20") (armor "82")
L 04/03/2015 - 21:06:03: "Extazy<465><STEAM_0:1:113150434><TERRORIST>" attacked "Skyfall<422><STEAM_0:1:6978287><CT>" with "ak47" (damage "12") (damage_armor "2") (health "62") (armor "94")
L 04/03/2015 - 21:06:06: "[Hard_Skill]_Dasha<457><STEAM_0:4:1068366041><CT>" attacked "Extazy<465><STEAM_0:1:113150434><TERRORIST>" with "m4a1" (damage "9") (damage_armor "2") (health "11") (armor "80")
L 04/03/2015 - 21:06:06: "[EKH]+6eIIIaHblu'<467><STEAM_0:0:581832><>" joined team "TERRORIST"
L 04/03/2015 - 21:06:08: "[Hard_Skill]_Dasha<457><STEAM_0:4:1068366041><CT>" attacked "Extazy<465><STEAM_0:1:113150434><TERRORIST>" with "m4a1" (damage "22") (damage_armor "0") (health "-11") (armor "80")
L 04/03/2015 - 21:06:08: "[Hard_Skill]_Dasha<457><STEAM_0:4:1068366041><CT>" killed "Extazy<465><STEAM_0:1:113150434><TERRORIST>" with "m4a1"
L 04/03/2015 - 21:06:08: Team "CT" triggered "CTs_Win" (CT "5") (T "2")
L 04/03/2015 - 21:06:08: World triggered "Round_End"
L 04/03/2015 - 21:06:13: "[EKH]+6eIIIaHblu'<467><STEAM_0:0:581832><TERRORIST>" triggered "Spawned_With_The_Bomb"
L 04/03/2015 - 21:06:18: World triggered "Round_Start"
L 04/03/2015 - 21:06:28: [DPROTO]: Client 4 - Set AuthIdType 3 [dp_RevEmu]; pClient = 0xb3938ad8
L 04/03/2015 - 21:06:28: "Strikes<468><STEAM_0:4:1304848189><>" connected, address "194.44.208.50:27005"
L 04/03/2015 - 21:06:28: [VTC] Player 5 speex
L 04/03/2015 - 21:06:31: "kakto-tak<463><STEAM_0:4:2061978885><TERRORIST>" attacked "[Hard_Skill]_Dasha<457><STEAM_0:4:1068366041><CT>" with "ak47" (damage "27") (damage_armor "4") (health "73") (armor "96")
L 04/03/2015 - 21:06:32: "[Hard_Skill]_Dasha<457><STEAM_0:4:1068366041><CT>" attacked "kakto-tak<463><STEAM_0:4:2061978885><TERRORIST>" with "m4a1" (damage "21") (damage_armor "5") (health "79") (armor "95")
L 04/03/2015 - 21:06:32: "[Hard_Skill]_Dasha<457><STEAM_0:4:1068366041><CT>" attacked "kakto-tak<463><STEAM_0:4:2061978885><TERRORIST>" with "m4a1" (damage "21") (damage_armor "5") (health "58") (armor "90")
L 04/03/2015 - 21:06:33: "[Hard_Skill]_Dasha<457><STEAM_0:4:1068366041><CT>" attacked "kakto-tak<463><STEAM_0:4:2061978885><TERRORIST>" with "m4a1" (damage "21") (damage_armor "4") (health "37") (armor "86")
L 04/03/2015 - 21:06:33: "[EKH]+6eIIIaHblu'<467><STEAM_0:0:581832><TERRORIST>" attacked "[Hard_Skill]_Dasha<457><STEAM_0:4:1068366041><CT>" with "galil" (damage "22") (damage_armor "4") (health "51") (armor "92")
L 04/03/2015 - 21:06:33: "[EKH]+6eIIIaHblu'<467><STEAM_0:0:581832><TERRORIST>" attacked "[Hard_Skill]_Dasha<457><STEAM_0:4:1068366041><CT>" with "galil" (damage "15") (damage_armor "2") (health "36") (armor "90")
L 04/03/2015 - 21:06:33: "kakto-tak<463><STEAM_0:4:2061978885><TERRORIST>" attacked "[Hard_Skill]_Dasha<457><STEAM_0:4:1068366041><CT>" with "ak47" (damage "27") (damage_armor "4") (health "9") (armor "86")
L 04/03/2015 - 21:06:33: "[Hard_Skill]_Dasha<457><STEAM_0:4:1068366041><CT>" attacked "kakto-tak<463><STEAM_0:4:2061978885><TERRORIST>" with "m4a1" (damage "21") (damage_armor "5") (health "16") (armor "81")
L 04/03/2015 - 21:06:33: "kakto-tak<463><STEAM_0:4:2061978885><TERRORIST>" attacked "[Hard_Skill]_Dasha<457><STEAM_0:4:1068366041><CT>" with "ak47" (damage "27") (damage_armor "4") (health "-18") (armor "82")
L 04/03/2015 - 21:06:33: "kakto-tak<463><STEAM_0:4:2061978885><TERRORIST>" killed "[Hard_Skill]_Dasha<457><STEAM_0:4:1068366041><CT>" with "ak47"
L 04/03/2015 - 21:06:34: [DPROTO]: Client 4 - Set AuthIdType 3 [dp_RevEmu]; pClient = 0xb3938ad8
L 04/03/2015 - 21:06:34: "Strikes<469><STEAM_0:4:1304848189><>" connected, address "194.44.208.50:27005"
L 04/03/2015 - 21:06:34: [VTC] Player 5 speex
L 04/03/2015 - 21:06:37: "Skyfall<422><STEAM_0:1:6978287><CT>" attacked "Extazy<465><STEAM_0:1:113150434><TERRORIST>" with "m4a1" (damage "21") (damage_armor "5") (health "79") (armor "95")
L 04/03/2015 - 21:06:37: "Extazy<465><STEAM_0:1:113150434><TERRORIST>" attacked "Skyfall<422><STEAM_0:1:6978287><CT>" with "ak47" (damage "26") (damage_armor "4") (health "74") (armor "90")
L 04/03/2015 - 21:06:37: "Skyfall<422><STEAM_0:1:6978287><CT>" attacked "Extazy<465><STEAM_0:1:113150434><TERRORIST>" with "m4a1" (damage "84") (damage_armor "18") (health "-5") (armor "77")
L 04/03/2015 - 21:06:37: "Skyfall<422><STEAM_0:1:6978287><CT>" killed "Extazy<465><STEAM_0:1:113150434><TERRORIST>" with "m4a1"
L 04/03/2015 - 21:06:40: "[EKH]+6eIIIaHblu'<467><STEAM_0:0:581832><TERRORIST>" attacked "Skyfall<422><STEAM_0:1:6978287><CT>" with "m4a1" (damage "21") (damage_armor "0") (health "53") (armor "90")
L 04/03/2015 - 21:06:40: "Strikes<469><STEAM_0:4:1304848189><>" entered the game
L 04/03/2015 - 21:06:40: "[EKH]+6eIIIaHblu'<467><STEAM_0:0:581832><TERRORIST>" attacked "Skyfall<422><STEAM_0:1:6978287><CT>" with "m4a1" (damage "20") (damage_armor "4") (health "33") (armor "86")
L 04/03/2015 - 21:06:40: "[EKH]+6eIIIaHblu'<467><STEAM_0:0:581832><TERRORIST>" attacked "Skyfall<422><STEAM_0:1:6978287><CT>" with "m4a1" (damage "25") (damage_armor "6") (health "8") (armor "80")
L 04/03/2015 - 21:06:41: "[EKH]+6eIIIaHblu'<467><STEAM_0:0:581832><TERRORIST>" attacked "Skyfall<422><STEAM_0:1:6978287><CT>" with "m4a1" (damage "20") (damage_armor "4") (health "-12") (armor "76")
L 04/03/2015 - 21:06:41: "[EKH]+6eIIIaHblu'<467><STEAM_0:0:581832><TERRORIST>" killed "Skyfall<422><STEAM_0:1:6978287><CT>" with "m4a1"
L 04/03/2015 - 21:06:41: Team "TERRORIST" triggered "Terrorists_Win" (CT "5") (T "3")
L 04/03/2015 - 21:06:41: World triggered "Round_End"
L 04/03/2015 - 21:06:45: "Strikes<469><STEAM_0:4:1304848189><>" joined team "CT"
L 04/03/2015 - 21:06:46: "Extazy<465><STEAM_0:1:113150434><TERRORIST>" triggered "Spawned_With_The_Bomb"
L 04/03/2015 - 21:06:51: World triggered "Round_Start"
L 04/03/2015 - 21:07:05: "Skyfall<422><STEAM_0:1:6978287><CT>" attacked "Extazy<465><STEAM_0:1:113150434><TERRORIST>" with "m4a1" (damage "86") (damage_armor "19") (health "14") (armor "81")
L 04/03/2015 - 21:07:05: "Skyfall<422><STEAM_0:1:6978287><CT>" attacked "Extazy<465><STEAM_0:1:113150434><TERRORIST>" with "m4a1" (damage "21") (damage_armor "5") (health "-7") (armor "76")
L 04/03/2015 - 21:07:05: "Skyfall<422><STEAM_0:1:6978287><CT>" killed "Extazy<465><STEAM_0:1:113150434><TERRORIST>" with "m4a1"
L 04/03/2015 - 21:07:05: "Extazy<465><STEAM_0:1:113150434><TERRORIST>" triggered "Dropped_The_Bomb"
L 04/03/2015 - 21:07:05: "[EKH]+6eIIIaHblu'<467><STEAM_0:0:581832><TERRORIST>" attacked "Skyfall<422><STEAM_0:1:6978287><CT>" with "m4a1" (damage "22") (damage_armor "0") (health "78") (armor "100")
L 04/03/2015 - 21:07:05: "[EKH]+6eIIIaHblu'<467><STEAM_0:0:581832><TERRORIST>" attacked "Skyfall<422><STEAM_0:1:6978287><CT>" with "m4a1" (damage "22") (damage_armor "0") (health "56") (armor "100")
L 04/03/2015 - 21:07:05: "[EKH]+6eIIIaHblu'<467><STEAM_0:0:581832><TERRORIST>" attacked "Skyfall<422><STEAM_0:1:6978287><CT>" with "m4a1" (damage "26") (damage_armor "6") (health "30") (armor "94")
L 04/03/2015 - 21:07:05: "[EKH]+6eIIIaHblu'<467><STEAM_0:0:581832><TERRORIST>" attacked "Skyfall<422><STEAM_0:1:6978287><CT>" with "m4a1" (damage "26") (damage_armor "6") (health "4") (armor "88")
L 04/03/2015 - 21:07:05: "[EKH]+6eIIIaHblu'<467><STEAM_0:0:581832><TERRORIST>" attacked "Skyfall<422><STEAM_0:1:6978287><CT>" with "m4a1" (damage "21") (damage_armor "4") (health "-17") (armor "84")
L 04/03/2015 - 21:07:05: "[EKH]+6eIIIaHblu'<467><STEAM_0:0:581832><TERRORIST>" killed "Skyfall<422><STEAM_0:1:6978287><CT>" with "m4a1"
L 04/03/2015 - 21:07:20: "[EKH]+6eIIIaHblu'<467><STEAM_0:0:581832><TERRORIST>" attacked "[Hard_Skill]_Dasha<457><STEAM_0:4:1068366041><CT>" with "m4a1" (damage "21") (damage_armor "5") (health "79") (armor "95")
L 04/03/2015 - 21:07:21: "[Hard_Skill]_Dasha<457><STEAM_0:4:1068366041><CT>" attacked "[EKH]+6eIIIaHblu'<467><STEAM_0:0:581832><TERRORIST>" with "m4a1" (damage "9") (damage_armor "3") (health "91") (armor "97")
L 04/03/2015 - 21:07:22: "[EKH]+6eIIIaHblu'<467><STEAM_0:0:581832><TERRORIST>" attacked "Strikes<469><STEAM_0:4:1304848189><CT>" with "glock18" (damage "9") (damage_armor "5") (health "91") (armor "95")
L 04/03/2015 - 21:07:23: "[EKH]+6eIIIaHblu'<467><STEAM_0:0:581832><TERRORIST>" attacked "Strikes<469><STEAM_0:4:1304848189><CT>" with "glock18" (damage "13") (damage_armor "0") (health "78") (armor "95")
L 04/03/2015 - 21:07:23: "[EKH]+6eIIIaHblu'<467><STEAM_0:0:581832><TERRORIST>" attacked "Strikes<469><STEAM_0:4:1304848189><CT>" with "glock18" (damage "13") (damage_armor "0") (health "65") (armor "95")
L 04/03/2015 - 21:07:23: "[EKH]+6eIIIaHblu'<467><STEAM_0:0:581832><TERRORIST>" attacked "Strikes<469><STEAM_0:4:1304848189><CT>" with "glock18" (damage "9") (damage_armor "4") (health "56") (armor "91")
L 04/03/2015 - 21:07:24: "[Hard_Skill]_Dasha<457><STEAM_0:4:1068366041><CT>" attacked "[EKH]+6eIIIaHblu'<467><STEAM_0:0:581832><TERRORIST>" with "m4a1" (damage "21") (damage_armor "4") (health "70") (armor "93")
L 04/03/2015 - 21:07:24: "Strikes<469><STEAM_0:4:1304848189><CT>" attacked "[EKH]+6eIIIaHblu'<467><STEAM_0:0:581832><TERRORIST>" with "m4a1" (damage "84") (damage_armor "18") (health "-14") (armor "75")
L 04/03/2015 - 21:07:24: "Strikes<469><STEAM_0:4:1304848189><CT>" killed "[EKH]+6eIIIaHblu'<467><STEAM_0:0:581832><TERRORIST>" with "m4a1"
L 04/03/2015 - 21:07:31: "[Hard_Skill]_Dasha<457><STEAM_0:4:1068366041><CT>" attacked "kakto-tak<463><STEAM_0:4:2061978885><TERRORIST>" with "m4a1" (damage "21") (damage_armor "5") (health "79") (armor "95")
L 04/03/2015 - 21:07:31: "[Hard_Skill]_Dasha<457><STEAM_0:4:1068366041><CT>" attacked "kakto-tak<463><STEAM_0:4:2061978885><TERRORIST>" with "m4a1" (damage "26") (damage_armor "6") (health "53") (armor "89")
L 04/03/2015 - 21:07:31: "[Hard_Skill]_Dasha<457><STEAM_0:4:1068366041><CT>" attacked "kakto-tak<463><STEAM_0:4:2061978885><TERRORIST>" with "m4a1" (damage "21") (damage_armor "4") (health "32") (armor "85")
L 04/03/2015 - 21:07:31: "[Hard_Skill]_Dasha<457><STEAM_0:4:1068366041><CT>" attacked "kakto-tak<463><STEAM_0:4:2061978885><TERRORIST>" with "m4a1" (damage "84") (damage_armor "18") (health "-52") (armor "67")
L 04/03/2015 - 21:07:31: "[Hard_Skill]_Dasha<457><STEAM_0:4:1068366041><CT>" killed "kakto-tak<463><STEAM_0:4:2061978885><TERRORIST>" with "m4a1"
L 04/03/2015 - 21:07:31: Team "CT" triggered "CTs_Win" (CT "6") (T "3")
L 04/03/2015 - 21:07:31: World triggered "Round_End"
L 04/03/2015 - 21:07:36: "kakto-tak<463><STEAM_0:4:2061978885><TERRORIST>" triggered "Spawned_With_The_Bomb"
L 04/03/2015 - 21:07:41: World triggered "Round_Start"
L 04/03/2015 - 21:07:58: "Skyfall<422><STEAM_0:1:6978287><CT>" attacked "Extazy<465><STEAM_0:1:113150434><TERRORIST>" with "m4a1" (damage "21") (damage_armor "5") (health "79") (armor "95")
L 04/03/2015 - 21:07:58: "Skyfall<422><STEAM_0:1:6978287><CT>" attacked "Extazy<465><STEAM_0:1:113150434><TERRORIST>" with "m4a1" (damage "21") (damage_armor "4") (health "58") (armor "91")
L 04/03/2015 - 21:07:58: "Extazy<465><STEAM_0:1:113150434><TERRORIST>" attacked "Skyfall<422><STEAM_0:1:6978287><CT>" with "ak47" (damage "12") (damage_armor "2") (health "88") (armor "98")
L 04/03/2015 - 21:07:59: "Skyfall<422><STEAM_0:1:6978287><CT>" attacked "Extazy<465><STEAM_0:1:113150434><TERRORIST>" with "m4a1" (damage "9") (damage_armor "3") (health "49") (armor "88")
L 04/03/2015 - 21:07:59: "Skyfall<422><STEAM_0:1:6978287><CT>" attacked "Extazy<465><STEAM_0:1:113150434><TERRORIST>" with "m4a1" (damage "84") (damage_armor "18") (health "-35") (armor "70")
L 04/03/2015 - 21:07:59: "Skyfall<422><STEAM_0:1:6978287><CT>" killed "Extazy<465><STEAM_0:1:113150434><TERRORIST>" with "m4a1"
L 04/03/2015 - 21:08:02: "[Hard_Skill]_Dasha<457><STEAM_0:4:1068366041><CT>" attacked "kakto-tak<463><STEAM_0:4:2061978885><TERRORIST>" with "m4a1" (damage "21") (damage_armor "5") (health "79") (armor "95")
L 04/03/2015 - 21:08:02: "[Hard_Skill]_Dasha<457><STEAM_0:4:1068366041><CT>" attacked "kakto-tak<463><STEAM_0:4:2061978885><TERRORIST>" with "m4a1" (damage "21") (damage_armor "4") (health "58") (armor "91")
L 04/03/2015 - 21:08:03: "[Hard_Skill]_Dasha<457><STEAM_0:4:1068366041><CT>" attacked "kakto-tak<463><STEAM_0:4:2061978885><TERRORIST>" with "m4a1" (damage "84") (damage_armor "18") (health "-26") (armor "73")
L 04/03/2015 - 21:08:03: "[Hard_Skill]_Dasha<457><STEAM_0:4:1068366041><CT>" killed "kakto-tak<463><STEAM_0:4:2061978885><TERRORIST>" with "m4a1"
L 04/03/2015 - 21:08:03: "kakto-tak<463><STEAM_0:4:2061978885><TERRORIST>" triggered "Dropped_The_Bomb"
L 04/03/2015 - 21:08:05: "[EKH]+6eIIIaHblu'<467><STEAM_0:0:581832><TERRORIST>" attacked "Strikes<469><STEAM_0:4:1304848189><CT>" with "ak47" (damage "108") (damage_armor "16") (health "-8") (armor "75")
L 04/03/2015 - 21:08:05: "[EKH]+6eIIIaHblu'<467><STEAM_0:0:581832><TERRORIST>" killed "Strikes<469><STEAM_0:4:1304848189><CT>" with "ak47"
L 04/03/2015 - 21:08:05: "[Hard_Skill]_Dasha<457><STEAM_0:4:1068366041><CT>" attacked "[EKH]+6eIIIaHblu'<467><STEAM_0:0:581832><TERRORIST>" with "m4a1" (damage "21") (damage_armor "5") (health "79") (armor "95")
L 04/03/2015 - 21:08:06: "Skyfall<422><STEAM_0:1:6978287><CT>" attacked "[EKH]+6eIIIaHblu'<467><STEAM_0:0:581832><TERRORIST>" with "m4a1" (damage "9") (damage_armor "2") (health "70") (armor "93")
L 04/03/2015 - 21:08:06: "[EKH]+6eIIIaHblu'<467><STEAM_0:0:581832><TERRORIST>" attacked "[Hard_Skill]_Dasha<457><STEAM_0:4:1068366041><CT>" with "ak47" (damage "25") (damage_armor "0") (health "75") (armor "95")
L 04/03/2015 - 21:08:06: "Skyfall<422><STEAM_0:1:6978287><CT>" attacked "[EKH]+6eIIIaHblu'<467><STEAM_0:0:581832><TERRORIST>" with "m4a1" (damage "9") (damage_armor "2") (health "61") (armor "91")
L 04/03/2015 - 21:08:06: "[EKH]+6eIIIaHblu'<467><STEAM_0:0:581832><TERRORIST>" attacked "[Hard_Skill]_Dasha<457><STEAM_0:4:1068366041><CT>" with "ak47" (damage "25") (damage_armor "0") (health "50") (armor "95")
L 04/03/2015 - 21:08:06: "[Hard_Skill]_Dasha<457><STEAM_0:4:1068366041><CT>" attacked "[EKH]+6eIIIaHblu'<467><STEAM_0:0:581832><TERRORIST>" with "m4a1" (damage "22") (damage_armor "0") (health "39") (armor "91")
L 04/03/2015 - 21:08:06: "[Hard_Skill]_Dasha<457><STEAM_0:4:1068366041><CT>" attacked "[EKH]+6eIIIaHblu'<467><STEAM_0:0:581832><TERRORIST>" with "m4a1" (damage "26") (damage_armor "6") (health "13") (armor "85")
L 04/03/2015 - 21:08:06: "[EKH]+6eIIIaHblu'<467><STEAM_0:0:581832><TERRORIST>" attacked "[Hard_Skill]_Dasha<457><STEAM_0:4:1068366041><CT>" with "ak47" (damage "25") (damage_armor "0") (health "25") (armor "95")
L 04/03/2015 - 21:08:06: "[Hard_Skill]_Dasha<457><STEAM_0:4:1068366041><CT>" attacked "[EKH]+6eIIIaHblu'<467><STEAM_0:0:581832><TERRORIST>" with "m4a1" (damage "22") (damage_armor "0") (health "-9") (armor "85")
L 04/03/2015 - 21:08:06: "[Hard_Skill]_Dasha<457><STEAM_0:4:1068366041><CT>" killed "[EKH]+6eIIIaHblu'<467><STEAM_0:0:581832><TERRORIST>" with "m4a1"
L 04/03/2015 - 21:08:06: Team "CT" triggered "CTs_Win" (CT "7") (T "3")
L 04/03/2015 - 21:08:06: World triggered "Round_End"
L 04/03/2015 - 21:08:10: Kick: "Strikes<469><STEAM_0:4:1304848189><>" was kicked by "Console" (message ""Извини, но ты лагер :D, попробуй зайти позже"")
L 04/03/2015 - 21:08:10: "Strikes<469><STEAM_0:4:1304848189><CT>" triggered "weaponstats" (weapon "m4a1") (shots "24") (hits "1") (kills "1") (headshots "1") (tks "0") (damage "84") (deaths "1")
L 04/03/2015 - 21:08:10: "Strikes<469><STEAM_0:4:1304848189><CT>" triggered "weaponstats2" (weapon "m4a1") (head "1") (chest "0") (stomach "0") (leftarm "0") (rightarm "0") (leftleg "0") (rightleg "0")
L 04/03/2015 - 21:08:10: "Strikes<469><STEAM_0:4:1304848189><CT>" triggered "time" (time "1:30")
L 04/03/2015 - 21:08:10: "Strikes<469><STEAM_0:4:1304848189><CT>" triggered "latency" (ping "104")
L 04/03/2015 - 21:08:10: "Strikes<469><STEAM_0:4:1304848189><CT>" disconnected
L 04/03/2015 - 21:08:11: "[EKH]+6eIIIaHblu'<467><STEAM_0:0:581832><TERRORIST>" triggered "Spawned_With_The_Bomb"
L 04/03/2015 - 21:08:14: [DPROTO]: Client 4 - Set AuthIdType 3 [dp_RevEmu]; pClient = 0xb3938ad8
L 04/03/2015 - 21:08:14: "Strikes<470><STEAM_0:4:1304848189><>" connected, address "194.44.208.50:27005"
L 04/03/2015 - 21:08:14: Kick: "Strikes<470><STEAM_0:4:1304848189><>" was kicked by "Console" (message ""Повторное подключение будет доступно через 16 секунд"")
L 04/03/2015 - 21:08:16: World triggered "Round_Start"
L 04/03/2015 - 21:08:17: [DPROTO]: Client 4 - Set AuthIdType 3 [dp_RevEmu]; pClient = 0xb3938ad8
L 04/03/2015 - 21:08:17: "Strikes<471><STEAM_0:4:1304848189><>" connected, address "194.44.208.50:27005"
L 04/03/2015 - 21:08:17: Kick: "Strikes<471><STEAM_0:4:1304848189><>" was kicked by "Console" (message ""Повторное подключение будет доступно через 13 секунд"")
L 04/03/2015 - 21:08:25: "[EKH]+6eIIIaHblu'<467><STEAM_0:0:581832><TERRORIST>" attacked "[Hard_Skill]_Dasha<457><STEAM_0:4:1068366041><CT>" with "ak47" (damage "27") (damage_armor "4") (health "73") (armor "91")
L 04/03/2015 - 21:08:25: "[EKH]+6eIIIaHblu'<467><STEAM_0:0:581832><TERRORIST>" attacked "[Hard_Skill]_Dasha<457><STEAM_0:4:1068366041><CT>" with "ak47" (damage "27") (damage_armor "4") (health "46") (armor "87")
L 04/03/2015 - 21:08:25: "[Hard_Skill]_Dasha<457><STEAM_0:4:1068366041><CT>" attacked "[EKH]+6eIIIaHblu'<467><STEAM_0:0:581832><TERRORIST>" with "m4a1" (damage "30") (damage_armor "0") (health "70") (armor "0")
L 04/03/2015 - 21:08:25: "[EKH]+6eIIIaHblu'<467><STEAM_0:0:581832><TERRORIST>" attacked "[Hard_Skill]_Dasha<457><STEAM_0:4:1068366041><CT>" with "ak47" (damage "27") (damage_armor "4") (health "19") (armor "83")
L 04/03/2015 - 21:08:25: "[Hard_Skill]_Dasha<457><STEAM_0:4:1068366041><CT>" attacked "[EKH]+6eIIIaHblu'<467><STEAM_0:0:581832><TERRORIST>" with "m4a1" (damage "30") (damage_armor "0") (health "40") (armor "0")
L 04/03/2015 - 21:08:26: "[Hard_Skill]_Dasha<457><STEAM_0:4:1068366041><CT>" attacked "[EKH]+6eIIIaHblu'<467><STEAM_0:0:581832><TERRORIST>" with "m4a1" (damage "30") (damage_armor "0") (health "10") (armor "0")
L 04/03/2015 - 21:08:26: "[EKH]+6eIIIaHblu'<467><STEAM_0:0:581832><TERRORIST>" attacked "[Hard_Skill]_Dasha<457><STEAM_0:4:1068366041><CT>" with "ak47" (damage "108") (damage_armor "16") (health "-89") (armor "67")
L 04/03/2015 - 21:08:26: "[EKH]+6eIIIaHblu'<467><STEAM_0:0:581832><TERRORIST>" killed "[Hard_Skill]_Dasha<457><STEAM_0:4:1068366041><CT>" with "ak47"
L 04/03/2015 - 21:08:29: "[Hard_Skill]_Dasha<457><STEAM_0:4:1068366041><CT>" triggered "weaponstats" (weapon "usp") (shots "5") (hits "0") (kills "0") (headshots "0") (tks "0") (damage "0") (deaths "2")
L 04/03/2015 - 21:08:29: "[Hard_Skill]_Dasha<457><STEAM_0:4:1068366041><CT>" triggered "weaponstats2" (weapon "usp") (head "0") (chest "0") (stomach "0") (leftarm "0") (rightarm "0") (leftleg "0") (rightleg "0")
L 04/03/2015 - 21:08:29: "[Hard_Skill]_Dasha<457><STEAM_0:4:1068366041><CT>" triggered "weaponstats" (weapon "m4a1") (shots "104") (hits "26") (kills "6") (headshots "3") (tks "0") (damage "828") (deaths "3")
L 04/03/2015 - 21:08:29: "[Hard_Skill]_Dasha<457><STEAM_0:4:1068366041><CT>" triggered "weaponstats2" (weapon "m4a1") (head "3") (chest "4") (stomach "3") (leftarm "11") (rightarm "2") (leftleg "1") (rightleg "2")
L 04/03/2015 - 21:08:29: "[Hard_Skill]_Dasha<457><STEAM_0:4:1068366041><CT>" triggered "weaponstats" (weapon "deagle") (shots "3") (hits "0") (kills "0") (headshots "0") (tks "0") (damage "0") (deaths "2")
L 04/03/2015 - 21:08:29: "[Hard_Skill]_Dasha<457><STEAM_0:4:1068366041><CT>" triggered "weaponstats2" (weapon "deagle") (head "0") (chest "0") (stomach "0") (leftarm "0") (rightarm "0") (leftleg "0") (rightleg "0")
L 04/03/2015 - 21:08:29: "[Hard_Skill]_Dasha<457><STEAM_0:4:1068366041><CT>" triggered "time" (time "9:33")
L 04/03/2015 - 21:08:29: "[Hard_Skill]_Dasha<457><STEAM_0:4:1068366041><CT>" triggered "latency" (ping "6")
L 04/03/2015 - 21:08:29: "[Hard_Skill]_Dasha<457><STEAM_0:4:1068366041><CT>" disconnected
L 04/03/2015 - 21:08:34: "Skyfall<422><STEAM_0:1:6978287><CT>" attacked "kakto-tak<463><STEAM_0:4:2061978885><TERRORIST>" with "m4a1" (damage "30") (damage_armor "0") (health "70") (armor "0")
L 04/03/2015 - 21:08:35: "Skyfall<422><STEAM_0:1:6978287><CT>" attacked "kakto-tak<463><STEAM_0:4:2061978885><TERRORIST>" with "m4a1" (damage "120") (damage_armor "0") (health "-50") (armor "0")
L 04/03/2015 - 21:08:35: "Skyfall<422><STEAM_0:1:6978287><CT>" killed "kakto-tak<463><STEAM_0:4:2061978885><TERRORIST>" with "m4a1"
L 04/03/2015 - 21:08:45: [DPROTO]: Client 4 - Set AuthIdType 3 [dp_RevEmu]; pClient = 0xb3938ad8
L 04/03/2015 - 21:08:45: "Wkololo<472><STEAM_0:4:713051397><>" connected, address "178.120.92.252:62347"
L 04/03/2015 - 21:08:45: [VTC] Player 5 speex
L 04/03/2015 - 21:08:50: "Wkololo<472><STEAM_0:4:713051397><>" entered the game
L 04/03/2015 - 21:08:51: "[EKH]+6eIIIaHblu'<467><STEAM_0:0:581832><TERRORIST>" triggered "Planted_The_Bomb"
L 04/03/2015 - 21:08:52: "Wkololo<472><STEAM_0:4:713051397><>" joined team "CT"
L 04/03/2015 - 21:08:53: "Skyfall<422><STEAM_0:1:6978287><CT>" attacked "[EKH]+6eIIIaHblu'<467><STEAM_0:0:581832><TERRORIST>" with "m4a1" (damage "30") (damage_armor "0") (health "-20") (armor "0")
L 04/03/2015 - 21:08:53: "Skyfall<422><STEAM_0:1:6978287><CT>" killed "[EKH]+6eIIIaHblu'<467><STEAM_0:0:581832><TERRORIST>" with "m4a1"
L 04/03/2015 - 21:08:55: "Skyfall<422><STEAM_0:1:6978287><CT>" attacked "Extazy<465><STEAM_0:1:113150434><TERRORIST>" with "m4a1" (damage "21") (damage_armor "5") (health "79") (armor "95")
L 04/03/2015 - 21:08:55: "Extazy<465><STEAM_0:1:113150434><TERRORIST>" attacked "Skyfall<422><STEAM_0:1:6978287><CT>" with "ak47" (damage "26") (damage_armor "4") (health "74") (armor "94")
L 04/03/2015 - 21:08:55: "Skyfall<422><STEAM_0:1:6978287><CT>" attacked "Extazy<465><STEAM_0:1:113150434><TERRORIST>" with "m4a1" (damage "22") (damage_armor "0") (health "57") (armor "95")
L 04/03/2015 - 21:08:55: "Skyfall<422><STEAM_0:1:6978287><CT>" attacked "Extazy<465><STEAM_0:1:113150434><TERRORIST>" with "m4a1" (damage "21") (damage_armor "4") (health "36") (armor "91")
L 04/03/2015 - 21:08:55: "Skyfall<422><STEAM_0:1:6978287><CT>" attacked "Extazy<465><STEAM_0:1:113150434><TERRORIST>" with "m4a1" (damage "84") (damage_armor "18") (health "-48") (armor "73")
L 04/03/2015 - 21:08:55: "Skyfall<422><STEAM_0:1:6978287><CT>" killed "Extazy<465><STEAM_0:1:113150434><TERRORIST>" with "m4a1"
L 04/03/2015 - 21:08:58: "Skyfall<422><STEAM_0:1:6978287><CT>" triggered "Begin_Bomb_Defuse_With_Kit"
L 04/03/2015 - 21:09:03: "Skyfall<422><STEAM_0:1:6978287><CT>" triggered "Defused_The_Bomb"
L 04/03/2015 - 21:09:03: Team "CT" triggered "Bomb_Defused" (CT "8") (T "3")
L 04/03/2015 - 21:09:03: World triggered "Round_End"
L 04/03/2015 - 21:09:08: "Extazy<465><STEAM_0:1:113150434><TERRORIST>" triggered "Spawned_With_The_Bomb"
L 04/03/2015 - 21:09:13: World triggered "Round_Start"
L 04/03/2015 - 21:09:38: "Skyfall<422><STEAM_0:1:6978287><CT>" attacked "kakto-tak<463><STEAM_0:4:2061978885><TERRORIST>" with "m4a1" (damage "25") (damage_armor "6") (health "75") (armor "94")
L 04/03/2015 - 21:09:38: "Skyfall<422><STEAM_0:1:6978287><CT>" attacked "kakto-tak<463><STEAM_0:4:2061978885><TERRORIST>" with "m4a1" (damage "25") (damage_armor "5") (health "50") (armor "89")
L 04/03/2015 - 21:09:38: "Skyfall<422><STEAM_0:1:6978287><CT>" attacked "kakto-tak<463><STEAM_0:4:2061978885><TERRORIST>" with "m4a1" (damage "81") (damage_armor "18") (health "-31") (armor "71")
L 04/03/2015 - 21:09:38: "Skyfall<422><STEAM_0:1:6978287><CT>" killed "kakto-tak<463><STEAM_0:4:2061978885><TERRORIST>" with "m4a1"
L 04/03/2015 - 21:09:38: "Skyfall<422><STEAM_0:1:6978287><CT>" attacked "Extazy<465><STEAM_0:1:113150434><TERRORIST>" with "m4a1" (damage "21") (damage_armor "0") (health "79") (armor "100")
L 04/03/2015 - 21:09:40: "Wkololo<472><STEAM_0:4:713051397><CT>" attacked "[EKH]+6eIIIaHblu'<467><STEAM_0:0:581832><TERRORIST>" with "m4a1" (damage "29") (damage_armor "0") (health "71") (armor "0")
L 04/03/2015 - 21:09:40: "Wkololo<472><STEAM_0:4:713051397><CT>" attacked "[EKH]+6eIIIaHblu'<467><STEAM_0:0:581832><TERRORIST>" with "m4a1" (damage "21") (damage_armor "0") (health "50") (armor "0")
L 04/03/2015 - 21:09:40: "Extazy<465><STEAM_0:1:113150434><TERRORIST>" attacked "Wkololo<472><STEAM_0:4:713051397><CT>" with "m4a1" (damage "28") (damage_armor "0") (health "72") (armor "0")
L 04/03/2015 - 21:09:41: "Extazy<465><STEAM_0:1:113150434><TERRORIST>" attacked "Skyfall<422><STEAM_0:1:6978287><CT>" with "m4a1" (damage "19") (damage_armor "5") (health "81") (armor "95")
L 04/03/2015 - 21:09:41: "Wkololo<472><STEAM_0:4:713051397><CT>" attacked "[EKH]+6eIIIaHblu'<467><STEAM_0:0:581832><TERRORIST>" with "m4a1" (damage "21") (damage_armor "0") (health "29") (armor "0")
L 04/03/2015 - 21:09:41: "Extazy<465><STEAM_0:1:113150434><TERRORIST>" attacked "Wkololo<472><STEAM_0:4:713051397><CT>" with "m4a1" (damage "28") (damage_armor "0") (health "44") (armor "0")
L 04/03/2015 - 21:09:41: "Skyfall<422><STEAM_0:1:6978287><CT>" attacked "Extazy<465><STEAM_0:1:113150434><TERRORIST>" with "m4a1" (damage "19") (damage_armor "5") (health "60") (armor "95")
L 04/03/2015 - 21:09:41: "Extazy<465><STEAM_0:1:113150434><TERRORIST>" attacked "Wkololo<472><STEAM_0:4:713051397><CT>" with "m4a1" (damage "21") (damage_armor "0") (health "23") (armor "0")
L 04/03/2015 - 21:09:41: "Extazy<465><STEAM_0:1:113150434><TERRORIST>" attacked "Wkololo<472><STEAM_0:4:713051397><CT>" with "m4a1" (damage "28") (damage_armor "0") (health "-5") (armor "0")
L 04/03/2015 - 21:09:41: "Extazy<465><STEAM_0:1:113150434><TERRORIST>" killed "Wkololo<472><STEAM_0:4:713051397><CT>" with "m4a1"
L 04/03/2015 - 21:09:41: "Extazy<465><STEAM_0:1:113150434><TERRORIST>" attacked "Skyfall<422><STEAM_0:1:6978287><CT>" with "m4a1" (damage "24") (damage_armor "5") (health "57") (armor "90")
L 04/03/2015 - 21:09:41: "[EKH]+6eIIIaHblu'<467><STEAM_0:0:581832><TERRORIST>" attacked "Skyfall<422><STEAM_0:1:6978287><CT>" with "ak47" (damage "26") (damage_armor "4") (health "31") (armor "86")
L 04/03/2015 - 21:09:42: "[EKH]+6eIIIaHblu'<467><STEAM_0:0:581832><TERRORIST>" attacked "Skyfall<422><STEAM_0:1:6978287><CT>" with "ak47" (damage "26") (damage_armor "4") (health "5") (armor "82")
L 04/03/2015 - 21:09:42: "Extazy<465><STEAM_0:1:113150434><TERRORIST>" attacked "Skyfall<422><STEAM_0:1:6978287><CT>" with "m4a1" (damage "19") (damage_armor "4") (health "-14") (armor "78")
L 04/03/2015 - 21:09:42: "Extazy<465><STEAM_0:1:113150434><TERRORIST>" killed "Skyfall<422><STEAM_0:1:6978287><CT>" with "m4a1"
L 04/03/2015 - 21:09:42: Team "TERRORIST" triggered "Terrorists_Win" (CT "8") (T "4")
L 04/03/2015 - 21:09:42: World triggered "Round_End"
L 04/03/2015 - 21:09:47: "kakto-tak<463><STEAM_0:4:2061978885><TERRORIST>" triggered "Spawned_With_The_Bomb"
L 04/03/2015 - 21:09:52: World triggered "Round_Start"
L 04/03/2015 - 21:10:06: "Extazy<465><STEAM_0:1:113150434><TERRORIST>" attacked "Skyfall<422><STEAM_0:1:6978287><CT>" with "m4a1" (damage "21") (damage_armor "5") (health "79") (armor "95")
L 04/03/2015 - 21:10:06: "Extazy<465><STEAM_0:1:113150434><TERRORIST>" attacked "Skyfall<422><STEAM_0:1:6978287><CT>" with "m4a1" (damage "21") (damage_armor "5") (health "58") (armor "90")
L 04/03/2015 - 21:10:06: "Skyfall<422><STEAM_0:1:6978287><CT>" attacked "Extazy<465><STEAM_0:1:113150434><TERRORIST>" with "m4a1" (damage "21") (damage_armor "5") (health "79") (armor "95")
L 04/03/2015 - 21:10:07: "Skyfall<422><STEAM_0:1:6978287><CT>" attacked "Extazy<465><STEAM_0:1:113150434><TERRORIST>" with "m4a1" (damage "21") (damage_armor "5") (health "58") (armor "90")
L 04/03/2015 - 21:10:07: "Skyfall<422><STEAM_0:1:6978287><CT>" attacked "Extazy<465><STEAM_0:1:113150434><TERRORIST>" with "m4a1" (damage "21") (damage_armor "4") (health "37") (armor "86")
L 04/03/2015 - 21:10:07: "Skyfall<422><STEAM_0:1:6978287><CT>" attacked "Extazy<465><STEAM_0:1:113150434><TERRORIST>" with "m4a1" (damage "21") (damage_armor "5") (health "16") (armor "81")
L 04/03/2015 - 21:10:07: "Skyfall<422><STEAM_0:1:6978287><CT>" attacked "Extazy<465><STEAM_0:1:113150434><TERRORIST>" with "m4a1" (damage "21") (damage_armor "5") (health "-5") (armor "76")
L 04/03/2015 - 21:10:07: "Skyfall<422><STEAM_0:1:6978287><CT>" killed "Extazy<465><STEAM_0:1:113150434><TERRORIST>" with "m4a1"
L 04/03/2015 - 21:10:07: "kakto-tak<463><STEAM_0:4:2061978885><TERRORIST>" attacked "Skyfall<422><STEAM_0:1:6978287><CT>" with "ak47" (damage "27") (damage_armor "4") (health "31") (armor "86")
L 04/03/2015 - 21:10:08: "kakto-tak<463><STEAM_0:4:2061978885><TERRORIST>" attacked "Skyfall<422><STEAM_0:1:6978287><CT>" with "ak47" (damage "27") (damage_armor "4") (health "4") (armor "82")
L 04/03/2015 - 21:10:08: "kakto-tak<463><STEAM_0:4:2061978885><TERRORIST>" attacked "Skyfall<422><STEAM_0:1:6978287><CT>" with "ak47" (damage "27") (damage_armor "4") (health "-23") (armor "78")
L 04/03/2015 - 21:10:08: "kakto-tak<463><STEAM_0:4:2061978885><TERRORIST>" killed "Skyfall<422><STEAM_0:1:6978287><CT>" with "ak47"
L 04/03/2015 - 21:10:10: "Wkololo<472><STEAM_0:4:713051397><CT>" attacked "kakto-tak<463><STEAM_0:4:2061978885><TERRORIST>" with "deagle" (damage "43") (damage_armor "8") (health "57") (armor "92")
L 04/03/2015 - 21:10:10: "Wkololo<472><STEAM_0:4:713051397><CT>" attacked "kakto-tak<463><STEAM_0:4:2061978885><TERRORIST>" with "deagle" (damage "34") (damage_armor "5") (health "23") (armor "87")
L 04/03/2015 - 21:10:12: "[EKH]+6eIIIaHblu'<467><STEAM_0:0:581832><TERRORIST>" attacked "Wkololo<472><STEAM_0:4:713051397><CT>" with "ak47" (damage "140") (damage_armor "0") (health "-40") (armor "0")
L 04/03/2015 - 21:10:12: "[EKH]+6eIIIaHblu'<467><STEAM_0:0:581832><TERRORIST>" killed "Wkololo<472><STEAM_0:4:713051397><CT>" with "ak47"
L 04/03/2015 - 21:10:12: Team "TERRORIST" triggered "Terrorists_Win" (CT "8") (T "5")
L 04/03/2015 - 21:10:12: World triggered "Round_End"
L 04/03/2015 - 21:10:17: "[EKH]+6eIIIaHblu'<467><STEAM_0:0:581832><TERRORIST>" triggered "Spawned_With_The_Bomb"
L 04/03/2015 - 21:10:22: World triggered "Round_Start"
L 04/03/2015 - 21:10:29: "Wkololo<472><STEAM_0:4:713051397><CT>" changed name to "nExT-->"
L 04/03/2015 - 21:10:31: "Skyfall<422><STEAM_0:1:6978287><CT>" attacked "[EKH]+6eIIIaHblu'<467><STEAM_0:0:581832><TERRORIST>" with "m4a1" (damage "21") (damage_armor "5") (health "79") (armor "95")
L 04/03/2015 - 21:10:31: "Skyfall<422><STEAM_0:1:6978287><CT>" attacked "[EKH]+6eIIIaHblu'<467><STEAM_0:0:581832><TERRORIST>" with "m4a1" (damage "21") (damage_armor "4") (health "58") (armor "91")
L 04/03/2015 - 21:10:31: "[EKH]+6eIIIaHblu'<467><STEAM_0:0:581832><TERRORIST>" attacked "Skyfall<422><STEAM_0:1:6978287><CT>" with "ak47" (damage "26") (damage_armor "4") (health "74") (armor "96")
L 04/03/2015 - 21:10:31: "Skyfall<422><STEAM_0:1:6978287><CT>" attacked "[EKH]+6eIIIaHblu'<467><STEAM_0:0:581832><TERRORIST>" with "m4a1" (damage "21") (damage_armor "5") (health "37") (armor "86")
L 04/03/2015 - 21:10:32: "[EKH]+6eIIIaHblu'<467><STEAM_0:0:581832><TERRORIST>" attacked "Skyfall<422><STEAM_0:1:6978287><CT>" with "ak47" (damage "26") (damage_armor "4") (health "48") (armor "92")
L 04/03/2015 - 21:10:32: "[EKH]+6eIIIaHblu'<467><STEAM_0:0:581832><TERRORIST>" attacked "Skyfall<422><STEAM_0:1:6978287><CT>" with "ak47" (damage "136") (damage_armor "0") (health "-88") (armor "92")
L 04/03/2015 - 21:10:32: "[EKH]+6eIIIaHblu'<467><STEAM_0:0:581832><TERRORIST>" killed "Skyfall<422><STEAM_0:1:6978287><CT>" with "ak47"
L 04/03/2015 - 21:10:38: "nExT--><472><STEAM_0:4:713051397><CT>" attacked "kakto-tak<463><STEAM_0:4:2061978885><TERRORIST>" with "famas" (damage "18") (damage_armor "4") (health "82") (armor "83")
L 04/03/2015 - 21:10:39: "nExT--><472><STEAM_0:4:713051397><CT>" attacked "kakto-tak<463><STEAM_0:4:2061978885><TERRORIST>" with "famas" (damage "18") (damage_armor "5") (health "64") (armor "78")
L 04/03/2015 - 21:10:39: "nExT--><472><STEAM_0:4:713051397><CT>" attacked "kakto-tak<463><STEAM_0:4:2061978885><TERRORIST>" with "famas" (damage "18") (damage_armor "4") (health "46") (armor "74")
L 04/03/2015 - 21:10:40: "nExT--><472><STEAM_0:4:713051397><CT>" attacked "kakto-tak<463><STEAM_0:4:2061978885><TERRORIST>" with "famas" (damage "21") (damage_armor "4") (health "25") (armor "70")
L 04/03/2015 - 21:10:40: "nExT--><472><STEAM_0:4:713051397><CT>" attacked "kakto-tak<463><STEAM_0:4:2061978885><TERRORIST>" with "famas" (damage "18") (damage_armor "4") (health "7") (armor "66")
L 04/03/2015 - 21:10:40: "nExT--><472><STEAM_0:4:713051397><CT>" attacked "Extazy<465><STEAM_0:1:113150434><TERRORIST>" with "famas" (damage "18") (damage_armor "5") (health "82") (armor "95")
L 04/03/2015 - 21:10:40: "nExT--><472><STEAM_0:4:713051397><CT>" attacked "kakto-tak<463><STEAM_0:4:2061978885><TERRORIST>" with "famas" (damage "13") (damage_armor "3") (health "-6") (armor "63")
L 04/03/2015 - 21:10:40: "nExT--><472><STEAM_0:4:713051397><CT>" killed "kakto-tak<463><STEAM_0:4:2061978885><TERRORIST>" with "famas"
L 04/03/2015 - 21:10:40: "Extazy<465><STEAM_0:1:113150434><TERRORIST>" attacked "nExT--><472><STEAM_0:4:713051397><CT>" with "m4a1" (damage "29") (damage_armor "0") (health "71") (armor "0")
L 04/03/2015 - 21:10:40: "Extazy<465><STEAM_0:1:113150434><TERRORIST>" attacked "nExT--><472><STEAM_0:4:713051397><CT>" with "m4a1" (damage "29") (damage_armor "0") (health "42") (armor "0")
L 04/03/2015 - 21:10:40: "nExT--><472><STEAM_0:4:713051397><CT>" attacked "Extazy<465><STEAM_0:1:113150434><TERRORIST>" with "famas" (damage "21") (damage_armor "4") (health "61") (armor "91")
L 04/03/2015 - 21:10:41: "nExT--><472><STEAM_0:4:713051397><CT>" attacked "Extazy<465><STEAM_0:1:113150434><TERRORIST>" with "famas" (damage "21") (damage_armor "5") (health "40") (armor "86")
L 04/03/2015 - 21:10:41: "Extazy<465><STEAM_0:1:113150434><TERRORIST>" attacked "nExT--><472><STEAM_0:4:713051397><CT>" with "m4a1" (damage "29") (damage_armor "0") (health "13") (armor "0")
L 04/03/2015 - 21:10:41: "nExT--><472><STEAM_0:4:713051397><CT>" attacked "Extazy<465><STEAM_0:1:113150434><TERRORIST>" with "famas" (damage "18") (damage_armor "4") (health "22") (armor "82")
L 04/03/2015 - 21:10:41: "Extazy<465><STEAM_0:1:113150434><TERRORIST>" attacked "nExT--><472><STEAM_0:4:713051397><CT>" with "m4a1" (damage "21") (damage_armor "0") (health "-8") (armor "0")
L 04/03/2015 - 21:10:41: "Extazy<465><STEAM_0:1:113150434><TERRORIST>" killed "nExT--><472><STEAM_0:4:713051397><CT>" with "m4a1"
L 04/03/2015 - 21:10:41: Team "TERRORIST" triggered "Terrorists_Win" (CT "8") (T "6")
L 04/03/2015 - 21:10:41: World triggered "Round_End"
L 04/03/2015 - 21:10:46: "Extazy<465><STEAM_0:1:113150434><TERRORIST>" triggered "Spawned_With_The_Bomb"
L 04/03/2015 - 21:10:49: "kakto-tak<463><STEAM_0:4:2061978885><TERRORIST>" triggered "weaponstats" (weapon "galil") (shots "9") (hits "4") (kills "1") (headshots "1") (tks "0") (damage "196") (deaths "1")
L 04/03/2015 - 21:10:49: "kakto-tak<463><STEAM_0:4:2061978885><TERRORIST>" triggered "weaponstats2" (weapon "galil") (head "1") (chest "2") (stomach "0") (leftarm "1") (rightarm "0") (leftleg "0") (rightleg "0")
L 04/03/2015 - 21:10:49: "kakto-tak<463><STEAM_0:4:2061978885><TERRORIST>" triggered "weaponstats" (weapon "mp5navy") (shots "10") (hits "0") (kills "0") (headshots "0") (tks "0") (damage "0") (deaths "1")
L 04/03/2015 - 21:10:49: "kakto-tak<463><STEAM_0:4:2061978885><TERRORIST>" triggered "weaponstats2" (weapon "mp5navy") (head "0") (chest "0") (stomach "0") (leftarm "0") (rightarm "0") (leftleg "0") (rightleg "0")
L 04/03/2015 - 21:10:49: "kakto-tak<463><STEAM_0:4:2061978885><TERRORIST>" triggered "weaponstats" (weapon "deagle") (shots "6") (hits "3") (kills "1") (headshots "0") (tks "0") (damage "124") (deaths "0")
L 04/03/2015 - 21:10:49: "kakto-tak<463><STEAM_0:4:2061978885><TERRORIST>" triggered "weaponstats2" (weapon "deagle") (head "0") (chest "1") (stomach "0") (leftarm "1") (rightarm "0") (leftleg "0") (rightleg "1")
L 04/03/2015 - 21:10:49: "kakto-tak<463><STEAM_0:4:2061978885><TERRORIST>" triggered "weaponstats" (weapon "ak47") (shots "54") (hits "7") (kills "3") (headshots "1") (tks "0") (damage "267") (deaths "4")
L 04/03/2015 - 21:10:49: "kakto-tak<463><STEAM_0:4:2061978885><TERRORIST>" triggered "weaponstats2" (weapon "ak47") (head "1") (chest "0") (stomach "0") (leftarm "6") (rightarm "0") (leftleg "0") (rightleg "0")
L 04/03/2015 - 21:10:49: "kakto-tak<463><STEAM_0:4:2061978885><TERRORIST>" triggered "weaponstats" (weapon "knife") (shots "82") (hits "1") (kills "0") (headshots "0") (tks "0") (damage "55") (deaths "5")
L 04/03/2015 - 21:10:49: "kakto-tak<463><STEAM_0:4:2061978885><TERRORIST>" triggered "weaponstats2" (weapon "knife") (head "0") (chest "0") (stomach "1") (leftarm "0") (rightarm "0") (leftleg "0") (rightleg "0")
L 04/03/2015 - 21:10:49: "kakto-tak<463><STEAM_0:4:2061978885><TERRORIST>" triggered "time" (time "11:46")
L 04/03/2015 - 21:10:49: "kakto-tak<463><STEAM_0:4:2061978885><TERRORIST>" triggered "latency" (ping "73")
L 04/03/2015 - 21:10:49: "kakto-tak<463><STEAM_0:4:2061978885><TERRORIST>" disconnected
L 04/03/2015 - 21:10:49: [DPROTO]: Client 1 - Set AuthIdType 3 [dp_RevEmu]; pClient = 0xb3929dfc
L 04/03/2015 - 21:10:49: "kakto-tak<473><STEAM_0:4:2061978885><>" connected, address "178.120.146.92:43191"
L 04/03/2015 - 21:10:49: Kick: "kakto-tak<473><STEAM_0:4:2061978885><>" was kicked by "Console" (message ""Повторное подключение будет доступно через 20 секунд"")
L 04/03/2015 - 21:10:51: World triggered "Round_Start"
L 04/03/2015 - 21:10:52: [DPROTO]: Client 1 - Set AuthIdType 3 [dp_RevEmu]; pClient = 0xb3929dfc
L 04/03/2015 - 21:10:52: "kakto-tak<474><STEAM_0:4:2061978885><>" connected, address "178.120.146.92:43191"
L 04/03/2015 - 21:10:52: Kick: "kakto-tak<474><STEAM_0:4:2061978885><>" was kicked by "Console" (message ""Повторное подключение будет доступно через 17 секунд"")
L 04/03/2015 - 21:11:09: "Extazy<465><STEAM_0:1:113150434><TERRORIST>" attacked "nExT--><472><STEAM_0:4:713051397><CT>" with "m4a1" (damage "22") (damage_armor "0") (health "78") (armor "0")
L 04/03/2015 - 21:11:09: "Extazy<465><STEAM_0:1:113150434><TERRORIST>" attacked "nExT--><472><STEAM_0:4:713051397><CT>" with "m4a1" (damage "30") (damage_armor "0") (health "48") (armor "0")
L 04/03/2015 - 21:11:09: "Extazy<465><STEAM_0:1:113150434><TERRORIST>" attacked "nExT--><472><STEAM_0:4:713051397><CT>" with "m4a1" (damage "120") (damage_armor "0") (health "-72") (armor "0")
L 04/03/2015 - 21:11:09: "Extazy<465><STEAM_0:1:113150434><TERRORIST>" killed "nExT--><472><STEAM_0:4:713051397><CT>" with "m4a1"
L 04/03/2015 - 21:11:18: "Skyfall<422><STEAM_0:1:6978287><CT>" attacked "[EKH]+6eIIIaHblu'<467><STEAM_0:0:581832><TERRORIST>" with "deagle" (damage "15") (damage_armor "3") (health "85") (armor "97")
L 04/03/2015 - 21:11:20: "Extazy<465><STEAM_0:1:113150434><TERRORIST>" attacked "Skyfall<422><STEAM_0:1:6978287><CT>" with "m4a1" (damage "28") (damage_armor "0") (health "72") (armor "0")
L 04/03/2015 - 21:11:20: "Extazy<465><STEAM_0:1:113150434><TERRORIST>" attacked "Skyfall<422><STEAM_0:1:6978287><CT>" with "m4a1" (damage "20") (damage_armor "0") (health "52") (armor "0")
L 04/03/2015 - 21:11:21: "[EKH]+6eIIIaHblu'<467><STEAM_0:0:581832><TERRORIST>" attacked "Skyfall<422><STEAM_0:1:6978287><CT>" with "ak47" (damage "34") (damage_armor "0") (health "18") (armor "0")
L 04/03/2015 - 21:11:21: "[EKH]+6eIIIaHblu'<467><STEAM_0:0:581832><TERRORIST>" attacked "Skyfall<422><STEAM_0:1:6978287><CT>" with "ak47" (damage "34") (damage_armor "0") (health "-16") (armor "0")
L 04/03/2015 - 21:11:21: "[EKH]+6eIIIaHblu'<467><STEAM_0:0:581832><TERRORIST>" killed "Skyfall<422><STEAM_0:1:6978287><CT>" with "ak47"
L 04/03/2015 - 21:11:21: Team "TERRORIST" triggered "Terrorists_Win" (CT "8") (T "7")
L 04/03/2015 - 21:11:21: World triggered "Round_End"
L 04/03/2015 - 21:11:26: "Skyfall<422><STEAM_0:1:6978287><CT>" triggered "weaponstats" (weapon "grenade") (shots "2") (hits "1") (kills "0") (headshots "0") (tks "0") (damage "6") (deaths "0")
L 04/03/2015 - 21:11:26: "Skyfall<422><STEAM_0:1:6978287><CT>" triggered "weaponstats2" (weapon "grenade") (head "0") (chest "0") (stomach "0") (leftarm "0") (rightarm "0") (leftleg "0") (rightleg "0")
L 04/03/2015 - 21:11:26: "Skyfall<422><STEAM_0:1:6978287><CT>" triggered "weaponstats" (weapon "usp") (shots "11") (hits "5") (kills "1") (headshots "0") (tks "0") (damage "138") (deaths "0")
L 04/03/2015 - 21:11:26: "Skyfall<422><STEAM_0:1:6978287><CT>" triggered "weaponstats2" (weapon "usp") (head "0") (chest "1") (stomach "3") (leftarm "0") (rightarm "1") (leftleg "0") (rightleg "0")
L 04/03/2015 - 21:11:26: "Skyfall<422><STEAM_0:1:6978287><CT>" triggered "weaponstats" (weapon "m4a1") (shots "185") (hits "44") (kills "11") (headshots "7") (tks "0") (damage "1518") (deaths "6")
L 04/03/2015 - 21:11:26: "Skyfall<422><STEAM_0:1:6978287><CT>" triggered "weaponstats2" (weapon "m4a1") (head "10") (chest "11") (stomach "4") (leftarm "12") (rightarm "4") (leftleg "2") (rightleg "1")
L 04/03/2015 - 21:11:26: "Skyfall<422><STEAM_0:1:6978287><CT>" triggered "weaponstats" (weapon "deagle") (shots "6") (hits "1") (kills "0") (headshots "0") (tks "0") (damage "15") (deaths "1")
L 04/03/2015 - 21:11:26: "Skyfall<422><STEAM_0:1:6978287><CT>" triggered "weaponstats2" (weapon "deagle") (head "0") (chest "0") (stomach "1") (leftarm "0") (rightarm "0") (leftleg "0") (rightleg "0")
L 04/03/2015 - 21:11:26: "Skyfall<422><STEAM_0:1:6978287><CT>" triggered "weaponstats" (weapon "knife") (shots "10") (hits "7") (kills "3") (headshots "0") (tks "0") (damage "445") (deaths "1")
L 04/03/2015 - 21:11:26: "Skyfall<422><STEAM_0:1:6978287><CT>" triggered "weaponstats2" (weapon "knife") (head "1") (chest "1") (stomach "0") (leftarm "1") (rightarm "0") (leftleg "0") (rightleg "1")
L 04/03/2015 - 21:11:26: "Skyfall<422><STEAM_0:1:6978287><CT>" triggered "time" (time "13:04")
L 04/03/2015 - 21:11:26: "Skyfall<422><STEAM_0:1:6978287><CT>" triggered "latency" (ping "28")
L 04/03/2015 - 21:11:26: "Skyfall<422><STEAM_0:1:6978287><CT>" disconnected
L 04/03/2015 - 21:11:26: "[EKH]+6eIIIaHblu'<467><STEAM_0:0:581832><TERRORIST>" triggered "Spawned_With_The_Bomb"
L 04/03/2015 - 21:11:31: World triggered "Round_Start"
L 04/03/2015 - 21:11:35: "nExT--><472><STEAM_0:4:713051397><CT>" say "ye ,kzn*m xj ns nfv lhjxb*"
L 04/03/2015 - 21:11:46: "Extazy<465><STEAM_0:1:113150434><TERRORIST>" attacked "nExT--><472><STEAM_0:4:713051397><CT>" with "m4a1" (damage "21") (damage_armor "0") (health "79") (armor "0")
L 04/03/2015 - 21:11:47: "Extazy<465><STEAM_0:1:113150434><TERRORIST>" attacked "nExT--><472><STEAM_0:4:713051397><CT>" with "m4a1" (damage "21") (damage_armor "0") (health "58") (armor "0")
L 04/03/2015 - 21:11:47: "nExT--><472><STEAM_0:4:713051397><CT>" attacked "Extazy<465><STEAM_0:1:113150434><TERRORIST>" with "m4a1" (damage "19") (damage_armor "5") (health "81") (armor "95")
L 04/03/2015 - 21:11:48: "nExT--><472><STEAM_0:4:713051397><CT>" attacked "[EKH]+6eIIIaHblu'<467><STEAM_0:0:581832><TERRORIST>" with "m4a1" (damage "18") (damage_armor "5") (health "82") (armor "95")
L 04/03/2015 - 21:11:51: "[EKH]+6eIIIaHblu'<467><STEAM_0:0:581832><TERRORIST>" attacked "nExT--><472><STEAM_0:4:713051397><CT>" with "ak47" (damage "18") (damage_armor "0") (health "40") (armor "0")
L 04/03/2015 - 21:11:52: "[EKH]+6eIIIaHblu'<467><STEAM_0:0:581832><TERRORIST>" attacked "nExT--><472><STEAM_0:4:713051397><CT>" with "ak47" (damage "24") (damage_armor "0") (health "16") (armor "0")
L 04/03/2015 - 21:11:52: "Extazy<465><STEAM_0:1:113150434><TERRORIST>" killed "nExT--><472><STEAM_0:4:713051397><CT>" with "grenade"
L 04/03/2015 - 21:11:52: Team "TERRORIST" triggered "Terrorists_Win" (CT "8") (T "8")
L 04/03/2015 - 21:11:52: World triggered "Round_End"
L 04/03/2015 - 21:11:57: "Extazy<465><STEAM_0:1:113150434><TERRORIST>" triggered "Spawned_With_The_Bomb"
L 04/03/2015 - 21:12:02: World triggered "Round_Start"
L 04/03/2015 - 21:12:18: "nExT--><472><STEAM_0:4:713051397><CT>" attacked "Extazy<465><STEAM_0:1:113150434><TERRORIST>" with "usp" (damage "44") (damage_armor "22") (health "56") (armor "78")
L 04/03/2015 - 21:12:18: "[EKH]+6eIIIaHblu'<467><STEAM_0:0:581832><TERRORIST>" attacked "nExT--><472><STEAM_0:4:713051397><CT>" with "ak47" (damage "25") (damage_armor "0") (health "75") (armor "0")
L 04/03/2015 - 21:12:18: "nExT--><472><STEAM_0:4:713051397><CT>" attacked "[EKH]+6eIIIaHblu'<467><STEAM_0:0:581832><TERRORIST>" with "usp" (damage "17") (damage_armor "0") (health "83") (armor "100")
L 04/03/2015 - 21:12:19: "[EKH]+6eIIIaHblu'<467><STEAM_0:0:581832><TERRORIST>" attacked "nExT--><472><STEAM_0:4:713051397><CT>" with "ak47" (damage "136") (damage_armor "0") (health "-61") (armor "0")
L 04/03/2015 - 21:12:19: "[EKH]+6eIIIaHblu'<467><STEAM_0:0:581832><TERRORIST>" killed "nExT--><472><STEAM_0:4:713051397><CT>" with "ak47"
L 04/03/2015 - 21:12:19: Team "TERRORIST" triggered "Terrorists_Win" (CT "8") (T "9")
L 04/03/2015 - 21:12:19: World triggered "Round_End"
L 04/03/2015 - 21:12:24: "[EKH]+6eIIIaHblu'<467><STEAM_0:0:581832><TERRORIST>" triggered "Spawned_With_The_Bomb"
L 04/03/2015 - 21:12:29: World triggered "Round_Start"
L 04/03/2015 - 21:12:39: [DPROTO]: Client 1 - Set AuthIdType 3 [dp_RevEmu]; pClient = 0xb3929dfc
L 04/03/2015 - 21:12:39: "kakto-tak<475><STEAM_0:4:2061978885><>" connected, address "178.120.146.92:43191"
L 04/03/2015 - 21:12:40: [VTC] Player 2 speex
L 04/03/2015 - 21:12:45: "kakto-tak<475><STEAM_0:4:2061978885><>" entered the game
L 04/03/2015 - 21:12:45: "Extazy<465><STEAM_0:1:113150434><TERRORIST>" attacked "nExT--><472><STEAM_0:4:713051397><CT>" with "m4a1" (damage "56") (damage_armor "0") (health "-1") (armor "0")
L 04/03/2015 - 21:12:45: "Extazy<465><STEAM_0:1:113150434><TERRORIST>" killed "nExT--><472><STEAM_0:4:713051397><CT>" with "m4a1"
L 04/03/2015 - 21:12:45: Team "TERRORIST" triggered "Terrorists_Win" (CT "8") (T "10")
L 04/03/2015 - 21:12:45: World triggered "Round_End"
L 04/03/2015 - 21:12:50: "Extazy<465><STEAM_0:1:113150434><TERRORIST>" triggered "Spawned_With_The_Bomb"
L 04/03/2015 - 21:12:55: World triggered "Round_Start"
L 04/03/2015 - 21:13:01: "kakto-tak<475><STEAM_0:4:2061978885><>" joined team "CT"
L 04/03/2015 - 21:13:11: "[EKH]+6eIIIaHblu'<467><STEAM_0:0:581832><TERRORIST>" attacked "nExT--><472><STEAM_0:4:713051397><CT>" with "ak47" (damage "27") (damage_armor "4") (health "73") (armor "96")
L 04/03/2015 - 21:13:11: "nExT--><472><STEAM_0:4:713051397><CT>" attacked "[EKH]+6eIIIaHblu'<467><STEAM_0:0:581832><TERRORIST>" with "m4a1" (damage "89") (damage_armor "20") (health "11") (armor "80")
L 04/03/2015 - 21:13:11: "[EKH]+6eIIIaHblu'<467><STEAM_0:0:581832><TERRORIST>" attacked "nExT--><472><STEAM_0:4:713051397><CT>" with "ak47" (damage "33") (damage_armor "5") (health "40") (armor "91")
L 04/03/2015 - 21:13:11: "Extazy<465><STEAM_0:1:113150434><TERRORIST>" attacked "nExT--><472><STEAM_0:4:713051397><CT>" with "m4a1" (damage "21") (damage_armor "5") (health "19") (armor "86")
L 04/03/2015 - 21:13:11: "[EKH]+6eIIIaHblu'<467><STEAM_0:0:581832><TERRORIST>" attacked "nExT--><472><STEAM_0:4:713051397><CT>" with "ak47" (damage "27") (damage_armor "4") (health "-8") (armor "82")
L 04/03/2015 - 21:13:11: "[EKH]+6eIIIaHblu'<467><STEAM_0:0:581832><TERRORIST>" killed "nExT--><472><STEAM_0:4:713051397><CT>" with "ak47"
L 04/03/2015 - 21:13:14: "Extazy<465><STEAM_0:1:113150434><TERRORIST>" attacked "kakto-tak<475><STEAM_0:4:2061978885><CT>" with "m4a1" (damage "32") (damage_armor "0") (health "68") (armor "0")
L 04/03/2015 - 21:13:14: "Extazy<465><STEAM_0:1:113150434><TERRORIST>" attacked "kakto-tak<475><STEAM_0:4:2061978885><CT>" with "m4a1" (damage "128") (damage_armor "0") (health "-60") (armor "0")
L 04/03/2015 - 21:13:14: "Extazy<465><STEAM_0:1:113150434><TERRORIST>" killed "kakto-tak<475><STEAM_0:4:2061978885><CT>" with "m4a1"
L 04/03/2015 - 21:13:14: Team "TERRORIST" triggered "Terrorists_Win" (CT "8") (T "11")
L 04/03/2015 - 21:13:14: World triggered "Round_End"
L 04/03/2015 - 21:13:15: "nExT--><472><STEAM_0:4:713051397><CT>" triggered "weaponstats" (weapon "famas") (shots "53") (hits "10") (kills "1") (headshots "0") (tks "0") (damage "184") (deaths "2")
L 04/03/2015 - 21:13:15: "nExT--><472><STEAM_0:4:713051397><CT>" triggered "weaponstats2" (weapon "famas") (head "0") (chest "4") (stomach "0") (leftarm "4") (rightarm "2") (leftleg "0") (rightleg "0")
L 04/03/2015 - 21:13:15: "nExT--><472><STEAM_0:4:713051397><CT>" triggered "weaponstats" (weapon "usp") (shots "7") (hits "2") (kills "0") (headshots "0") (tks "0") (damage "61") (deaths "1")
L 04/03/2015 - 21:13:15: "nExT--><472><STEAM_0:4:713051397><CT>" triggered "weaponstats2" (weapon "usp") (head "1") (chest "0") (stomach "0") (leftarm "0") (rightarm "0") (leftleg "0") (rightleg "1")
L 04/03/2015 - 21:13:15: "nExT--><472><STEAM_0:4:713051397><CT>" triggered "weaponstats" (weapon "m4a1") (shots "45") (hits "6") (kills "0") (headshots "0") (tks "0") (damage "197") (deaths "3")
L 04/03/2015 - 21:13:15: "nExT--><472><STEAM_0:4:713051397><CT>" triggered "weaponstats2" (weapon "m4a1") (head "1") (chest "1") (stomach "0") (leftarm "2") (rightarm "1") (leftleg "0") (rightleg "1")
L 04/03/2015 - 21:13:15: "nExT--><472><STEAM_0:4:713051397><CT>" triggered "weaponstats" (weapon "deagle") (shots "8") (hits "2") (kills "0") (headshots "0") (tks "0") (damage "77") (deaths "2")
L 04/03/2015 - 21:13:15: "nExT--><472><STEAM_0:4:713051397><CT>" triggered "weaponstats2" (weapon "deagle") (head "0") (chest "1") (stomach "1") (leftarm "0") (rightarm "0") (leftleg "0") (rightleg "0")
L 04/03/2015 - 21:13:15: "nExT--><472><STEAM_0:4:713051397><CT>" triggered "weaponstats" (weapon "knife") (shots "5") (hits "0") (kills "0") (headshots "0") (tks "0") (damage "0") (deaths "0")
L 04/03/2015 - 21:13:15: "nExT--><472><STEAM_0:4:713051397><CT>" triggered "weaponstats2" (weapon "knife") (head "0") (chest "0") (stomach "0") (leftarm "0") (rightarm "0") (leftleg "0") (rightleg "0")
L 04/03/2015 - 21:13:15: "nExT--><472><STEAM_0:4:713051397><CT>" triggered "time" (time "4:25")
L 04/03/2015 - 21:13:15: "nExT--><472><STEAM_0:4:713051397><CT>" triggered "latency" (ping "68")
L 04/03/2015 - 21:13:15: "nExT--><472><STEAM_0:4:713051397><CT>" disconnected
L 04/03/2015 - 21:13:19: "[EKH]+6eIIIaHblu'<467><STEAM_0:0:581832><TERRORIST>" triggered "Spawned_With_The_Bomb"
L 04/03/2015 - 21:13:24: World triggered "Round_Start"
L 04/03/2015 - 21:14:01: "Extazy<465><STEAM_0:1:113150434><TERRORIST>" attacked "kakto-tak<475><STEAM_0:4:2061978885><CT>" with "m4a1" (damage "124") (damage_armor "0") (health "-24") (armor "0")
L 04/03/2015 - 21:14:01: "Extazy<465><STEAM_0:1:113150434><TERRORIST>" killed "kakto-tak<475><STEAM_0:4:2061978885><CT>" with "m4a1"
L 04/03/2015 - 21:14:01: Team "TERRORIST" triggered "Terrorists_Win" (CT "8") (T "12")
L 04/03/2015 - 21:14:01: World triggered "Round_End"
L 04/03/2015 - 21:14:06: "Extazy<465><STEAM_0:1:113150434><TERRORIST>" triggered "Spawned_With_The_Bomb"
L 04/03/2015 - 21:14:11: World triggered "Round_Start"
L 04/03/2015 - 21:14:15: Kick: "kakto-tak<475><STEAM_0:4:2061978885><>" was kicked by "Console" (message ""Извини, но ты лагер :D, попробуй зайти позже"")
L 04/03/2015 - 21:14:15: "kakto-tak<475><STEAM_0:4:2061978885><CT>" triggered "weaponstats" (weapon "usp") (shots "9") (hits "0") (kills "0") (headshots "0") (tks "0") (damage "0") (deaths "2")
L 04/03/2015 - 21:14:15: "kakto-tak<475><STEAM_0:4:2061978885><CT>" triggered "weaponstats2" (weapon "usp") (head "0") (chest "0") (stomach "0") (leftarm "0") (rightarm "0") (leftleg "0") (rightleg "0")
L 04/03/2015 - 21:14:15: "kakto-tak<475><STEAM_0:4:2061978885><CT>" triggered "weaponstats" (weapon "knife") (shots "2") (hits "0") (kills "0") (headshots "0") (tks "0") (damage "0") (deaths "0")
L 04/03/2015 - 21:14:15: "kakto-tak<475><STEAM_0:4:2061978885><CT>" triggered "weaponstats2" (weapon "knife") (head "0") (chest "0") (stomach "0") (leftarm "0") (rightarm "0") (leftleg "0") (rightleg "0")
L 04/03/2015 - 21:14:15: "kakto-tak<475><STEAM_0:4:2061978885><CT>" triggered "time" (time "1:30")
L 04/03/2015 - 21:14:15: "kakto-tak<475><STEAM_0:4:2061978885><CT>" triggered "latency" (ping "119")
L 04/03/2015 - 21:14:15: "kakto-tak<475><STEAM_0:4:2061978885><CT>" disconnected
L 04/03/2015 - 21:14:30: "Extazy<465><STEAM_0:1:113150434><TERRORIST>" triggered "weaponstats" (weapon "grenade") (shots "3") (hits "1") (kills "1") (headshots "0") (tks "0") (damage "38") (deaths "0")
L 04/03/2015 - 21:14:30: "Extazy<465><STEAM_0:1:113150434><TERRORIST>" triggered "weaponstats2" (weapon "grenade") (head "0") (chest "0") (stomach "0") (leftarm "0") (rightarm "0") (leftleg "0") (rightleg "0")
L 04/03/2015 - 21:14:30: "Extazy<465><STEAM_0:1:113150434><TERRORIST>" triggered "weaponstats" (weapon "m4a1") (shots "166") (hits "25") (kills "7") (headshots "4") (tks "0") (damage "940") (deaths "1")
L 04/03/2015 - 21:14:30: "Extazy<465><STEAM_0:1:113150434><TERRORIST>" triggered "weaponstats2" (weapon "m4a1") (head "4") (chest "1") (stomach "1") (leftarm "8") (rightarm "5") (leftleg "4") (rightleg "2")
L 04/03/2015 - 21:14:30: "Extazy<465><STEAM_0:1:113150434><TERRORIST>" triggered "weaponstats" (weapon "deagle") (shots "5") (hits "2") (kills "1") (headshots "1") (tks "0") (damage "246") (deaths "0")
L 04/03/2015 - 21:14:30: "Extazy<465><STEAM_0:1:113150434><TERRORIST>" triggered "weaponstats2" (weapon "deagle") (head "1") (chest "0") (stomach "0") (leftarm "0") (rightarm "1") (leftleg "0") (rightleg "0")
L 04/03/2015 - 21:14:30: "Extazy<465><STEAM_0:1:113150434><TERRORIST>" triggered "weaponstats" (weapon "ak47") (shots "74") (hits "9") (kills "2") (headshots "2") (tks "0") (damage "394") (deaths "5")
L 04/03/2015 - 21:14:30: "Extazy<465><STEAM_0:1:113150434><TERRORIST>" triggered "weaponstats2" (weapon "ak47") (head "2") (chest "1") (stomach "0") (leftarm "5") (rightarm "1") (leftleg "0") (rightleg "0")
L 04/03/2015 - 21:14:30: "Extazy<465><STEAM_0:1:113150434><TERRORIST>" triggered "weaponstats" (weapon "knife") (shots "12") (hits "1") (kills "1") (headshots "1") (tks "0") (damage "221") (deaths "0")
L 04/03/2015 - 21:14:30: "Extazy<465><STEAM_0:1:113150434><TERRORIST>" triggered "weaponstats2" (weapon "knife") (head "1") (chest "0") (stomach "0") (leftarm "0") (rightarm "0") (leftleg "0") (rightleg "0")
L 04/03/2015 - 21:14:30: "Extazy<465><STEAM_0:1:113150434><TERRORIST>" triggered "time" (time "11:16")
L 04/03/2015 - 21:14:30: "Extazy<465><STEAM_0:1:113150434><TERRORIST>" triggered "latency" (ping "8")
L 04/03/2015 - 21:14:30: "[EKH]+6eIIIaHblu'<467><STEAM_0:0:581832><TERRORIST>" triggered "weaponstats" (weapon "grenade") (shots "4") (hits "1") (kills "0") (headshots "0") (tks "0") (damage "45") (deaths "0")
L 04/03/2015 - 21:14:30: "[EKH]+6eIIIaHblu'<467><STEAM_0:0:581832><TERRORIST>" triggered "weaponstats2" (weapon "grenade") (head "0") (chest "0") (stomach "0") (leftarm "0") (rightarm "0") (leftleg "0") (rightleg "0")
L 04/03/2015 - 21:14:30: "[EKH]+6eIIIaHblu'<467><STEAM_0:0:581832><TERRORIST>" triggered "weaponstats" (weapon "galil") (shots "8") (hits "2") (kills "0") (headshots "0") (tks "0") (damage "37") (deaths "0")
L 04/03/2015 - 21:14:30: "[EKH]+6eIIIaHblu'<467><STEAM_0:0:581832><TERRORIST>" triggered "weaponstats2" (weapon "galil") (head "0") (chest "0") (stomach "0") (leftarm "2") (rightarm "0") (leftleg "0") (rightleg "0")
L 04/03/2015 - 21:14:30: "[EKH]+6eIIIaHblu'<467><STEAM_0:0:581832><TERRORIST>" triggered "weaponstats" (weapon "glock18") (shots "13") (hits "4") (kills "0") (headshots "0") (tks "0") (damage "44") (deaths "1")
L 04/03/2015 - 21:14:30: "[EKH]+6eIIIaHblu'<467><STEAM_0:0:581832><TERRORIST>" triggered "weaponstats2" (weapon "glock18") (head "0") (chest "0") (stomach "0") (leftarm "2") (rightarm "0") (leftleg "2") (rightleg "0")
L 04/03/2015 - 21:14:30: "[EKH]+6eIIIaHblu'<467><STEAM_0:0:581832><TERRORIST>" triggered "weaponstats" (weapon "m4a1") (shots "37") (hits "10") (kills "2") (headshots "0") (tks "0") (damage "224") (deaths "0")
L 04/03/2015 - 21:14:30: "[EKH]+6eIIIaHblu'<467><STEAM_0:0:581832><TERRORIST>" triggered "weaponstats2" (weapon "m4a1") (head "0") (chest "1") (stomach "3") (leftarm "3") (rightarm "0") (leftleg "2") (rightleg "1")
L 04/03/2015 - 21:14:30: "[EKH]+6eIIIaHblu'<467><STEAM_0:0:581832><TERRORIST>" triggered "weaponstats" (weapon "ak47") (shots "122") (hits "23") (kills "7") (headshots "5") (tks "0") (damage "1110") (deaths "2")
L 04/03/2015 - 21:14:30: "[EKH]+6eIIIaHblu'<467><STEAM_0:0:581832><TERRORIST>" triggered "weaponstats2" (weapon "ak47") (head "5") (chest "2") (stomach "1") (leftarm "7") (rightarm "2") (leftleg "3") (rightleg "3")
L 04/03/2015 - 21:14:30: "[EKH]+6eIIIaHblu'<467><STEAM_0:0:581832><TERRORIST>" triggered "time" (time "8:58")
L 04/03/2015 - 21:14:30: "[EKH]+6eIIIaHblu'<467><STEAM_0:0:581832><TERRORIST>" triggered "latency" (ping "56")
L 04/03/2015 - 21:14:30: [META] ini: Begin re-reading plugins list: /home/extazy/public/cstrike/addons/metamod/plugins.ini
L 04/03/2015 - 21:14:30: [META] ini: Read plugin config for: AMX Mod X
L 04/03/2015 - 21:14:30: [META] ini: Read plugin config for: dproto_EF
L 04/03/2015 - 21:14:30: [META] ini: Read plugin config for: VoiceTranscoder
L 04/03/2015 - 21:14:30: [META] ini: Finished reading plugins list: /home/extazy/public/cstrike/addons/metamod/plugins.ini; Found 3 plugins
L 04/03/2015 - 21:14:30: [META] dll: Updating plugins...
L 04/03/2015 - 21:14:30: [META] dll: Finished updating 12 plugins; kept 3, loaded 0, unloaded 0, reloaded 0, delayed 0
L 04/03/2015 - 21:14:30: "Extazy<465><STEAM_0:1:113150434><TERRORIST>" triggered "Dropped_The_Bomb"
L 04/03/2015 - 21:14:30: "Extazy<465><STEAM_0:1:113150434><TERRORIST>" disconnected
L 04/03/2015 - 21:14:30: "[EKH]+6eIIIaHblu'<467><STEAM_0:0:581832><TERRORIST>" disconnected
L 04/03/2015 - 21:14:30: World triggered "Round_Draw" (CT "8") (T "12")
L 04/03/2015 - 21:14:30: World triggered "Round_End"
L 04/03/2015 - 21:14:30: Log file closed
