L 04/02/2015 - 07:08:26: Log file started (file "logs/L0402025.log") (game "cstrike") (version "48/1.6.3.7/Stdio/5787")
L 04/02/2015 - 07:08:26: Loading map "$2000$"
L 04/02/2015 - 07:08:26: Server cvars start
L 04/02/2015 - 07:08:26: Server cvar "_tutor_bomb_viewable_check_interval" = "0.5"
L 04/02/2015 - 07:08:26: Server cvar "_tutor_debug_level" = "0"
L 04/02/2015 - 07:08:26: Server cvar "_tutor_examine_time" = "0.5"
L 04/02/2015 - 07:08:26: Server cvar "_tutor_hint_interval_time" = "10.0"
L 04/02/2015 - 07:08:26: Server cvar "_tutor_look_angle" = "10"
L 04/02/2015 - 07:08:26: Server cvar "_tutor_look_distance" = "200"
L 04/02/2015 - 07:08:26: Server cvar "_tutor_message_character_display_time_coefficient" = "0.07"
L 04/02/2015 - 07:08:26: Server cvar "_tutor_message_minimum_display_time" = "1"
L 04/02/2015 - 07:08:26: Server cvar "_tutor_message_repeats" = "5"
L 04/02/2015 - 07:08:26: Server cvar "_tutor_view_distance" = "1000"
L 04/02/2015 - 07:08:26: Server cvar "aesp_version" = "1.5b_mini"
L 04/02/2015 - 07:08:26: Server cvar "allow_spectators" = "4"
L 04/02/2015 - 07:08:26: Server cvar "amx_client_languages" = "0"
L 04/02/2015 - 07:08:26: Server cvar "amx_contactinfo" = "ICQ: 691322983"
L 04/02/2015 - 07:08:26: Server cvar "amx_language" = "ru"
L 04/02/2015 - 07:08:26: Server cvar "amx_nextmap" = "awp_india"
L 04/02/2015 - 07:08:26: Server cvar "amx_timeleft" = "24:51"
L 04/02/2015 - 07:08:26: Server cvar "amxbans_ssversion" = "Gm 1.6"
L 04/02/2015 - 07:08:26: Server cvar "amxbans_version" = "Gm 1.6"
L 04/02/2015 - 07:08:26: Server cvar "amxmodx_version" = "1.8.1.3746"
L 04/02/2015 - 07:08:26: Server cvar "Colored Translit Cheat" = "Loaded"
L 04/02/2015 - 07:08:26: Server cvar "Colored Translit Config" = "Loaded"
L 04/02/2015 - 07:08:26: Server cvar "Colored Translit Ignores" = "Loaded"
L 04/02/2015 - 07:08:26: Server cvar "Colored Translit Replace" = "Failed"
L 04/02/2015 - 07:08:26: Server cvar "Colored Translit Spam" = "Loaded"
L 04/02/2015 - 07:08:26: Server cvar "Colored Translit Status" = "Loaded"
L 04/02/2015 - 07:08:26: Server cvar "Colored Translit Swear" = "Loaded"
L 04/02/2015 - 07:08:26: Server cvar "Colored Translit Version" = "2.0b Final"
L 04/02/2015 - 07:08:26: Server cvar "coop" = "0"
L 04/02/2015 - 07:08:26: Server cvar "deathmatch" = "1"
L 04/02/2015 - 07:08:26: Server cvar "decalfrequency" = "9"
L 04/02/2015 - 07:08:26: Server cvar "dp_version" = "0.9.391"
L 04/02/2015 - 07:08:26: Server cvar "edgefriction" = "2"
L 04/02/2015 - 07:08:26: Server cvar "hostage_debug" = "0"
L 04/02/2015 - 07:08:26: Server cvar "hostage_stop" = "0"
L 04/02/2015 - 07:08:26: Server cvar "humans_join_team" = "any"
L 04/02/2015 - 07:08:26: Server cvar "jtp10181" = "chute,gore"
L 04/02/2015 - 07:08:26: Server cvar "max_queries_sec" = "3.0"
L 04/02/2015 - 07:08:26: Server cvar "max_queries_sec_global" = "30"
L 04/02/2015 - 07:08:26: Server cvar "max_queries_window" = "60"
L 04/02/2015 - 07:08:26: Server cvar "metamod_version" = "1.19"
L 04/02/2015 - 07:08:26: Server cvar "mp_allowmonsters" = "0"
L 04/02/2015 - 07:08:26: Server cvar "mp_autokick" = "1"
L 04/02/2015 - 07:08:26: Server cvar "mp_autoteambalance" = "1"
L 04/02/2015 - 07:08:26: Server cvar "mp_buytime" = "1.5"
L 04/02/2015 - 07:08:26: Server cvar "mp_c4timer" = "35"
L 04/02/2015 - 07:08:26: Server cvar "mp_chattime" = "1"
L 04/02/2015 - 07:08:26: Server cvar "mp_consistency" = "1"
L 04/02/2015 - 07:08:26: Server cvar "mp_fadetoblack" = "0"
L 04/02/2015 - 07:08:26: Server cvar "mp_flashlight" = "1"
L 04/02/2015 - 07:08:26: Server cvar "mp_footsteps" = "1"
L 04/02/2015 - 07:08:26: Server cvar "mp_forcecamera" = "0"
L 04/02/2015 - 07:08:26: Server cvar "mp_forcechasecam" = "0"
L 04/02/2015 - 07:08:26: Server cvar "mp_fragsleft" = "0"
L 04/02/2015 - 07:08:26: Server cvar "mp_freezetime" = "5"
L 04/02/2015 - 07:08:26: Server cvar "mp_friendlyfire" = "0"
L 04/02/2015 - 07:08:26: Server cvar "mp_ghostfrequency" = "0.1"
L 04/02/2015 - 07:08:26: Server cvar "mp_hostagepenalty" = "0"
L 04/02/2015 - 07:08:26: Server cvar "mp_kickpercent" = "0.66"
L 04/02/2015 - 07:08:26: Server cvar "mp_limitteams" = "5"
L 04/02/2015 - 07:08:26: Server cvar "mp_logdetail" = "3"
L 04/02/2015 - 07:08:26: Server cvar "mp_logfile" = "1"
L 04/02/2015 - 07:08:26: Server cvar "mp_logmessages" = "1"
L 04/02/2015 - 07:08:26: Server cvar "mp_mapvoteratio" = "0.66"
L 04/02/2015 - 07:08:26: Server cvar "mp_maxrounds" = "0"
L 04/02/2015 - 07:08:26: Server cvar "mp_mirrordamage" = "0"
L 04/02/2015 - 07:08:26: Server cvar "mp_playerid" = "0"
L 04/02/2015 - 07:08:26: Server cvar "mp_roundtime" = "2.57"
L 04/02/2015 - 07:08:26: Server cvar "mp_startmoney" = "800"
L 04/02/2015 - 07:08:26: Server cvar "mp_timeleft" = "0"
L 04/02/2015 - 07:08:26: Server cvar "mp_timelimit" = "30.000000"
L 04/02/2015 - 07:08:26: Server cvar "mp_tkpunish" = "1"
L 04/02/2015 - 07:08:26: Server cvar "mp_windifference" = "1"
L 04/02/2015 - 07:08:26: Server cvar "mp_winlimit" = "0"
L 04/02/2015 - 07:08:26: Server cvar "pausable" = "0"
L 04/02/2015 - 07:08:26: Server cvar "sv_accelerate" = "5"
L 04/02/2015 - 07:08:26: Server cvar "sv_aim" = "0"
L 04/02/2015 - 07:08:26: Server cvar "sv_airaccelerate" = "10"
L 04/02/2015 - 07:08:26: Server cvar "sv_airmove" = "1"
L 04/02/2015 - 07:08:26: Server cvar "sv_allowupload" = "1"
L 04/02/2015 - 07:08:26: Server cvar "sv_alltalk" = "0"
L 04/02/2015 - 07:08:26: Server cvar "sv_bounce" = "1"
L 04/02/2015 - 07:08:26: Server cvar "sv_cheats" = "0"
L 04/02/2015 - 07:08:26: Server cvar "sv_clienttrace" = "1"
L 04/02/2015 - 07:08:26: Server cvar "sv_clipmode" = "0"
L 04/02/2015 - 07:08:26: Server cvar "sv_contact" = ""
L 04/02/2015 - 07:08:26: Server cvar "sv_friction" = "4"
L 04/02/2015 - 07:08:26: Server cvar "sv_gravity" = "800"
L 04/02/2015 - 07:08:26: Server cvar "sv_logblocks" = "0"
L 04/02/2015 - 07:08:26: Server cvar "sv_maxrate" = "25000"
L 04/02/2015 - 07:08:26: Server cvar "sv_maxspeed" = "900"
L 04/02/2015 - 07:08:26: Server cvar "sv_minrate" = "100000"
L 04/02/2015 - 07:08:26: Server cvar "sv_password" = ""
L 04/02/2015 - 07:08:26: Server cvar "sv_proxies" = "0"
L 04/02/2015 - 07:08:26: Server cvar "sv_region" = "3"
L 04/02/2015 - 07:08:26: Server cvar "sv_restart" = "0"
L 04/02/2015 - 07:08:26: Server cvar "sv_restartround" = "0"
L 04/02/2015 - 07:08:26: Server cvar "sv_stepsize" = "18"
L 04/02/2015 - 07:08:26: Server cvar "sv_stopspeed" = "75"
L 04/02/2015 - 07:08:26: Server cvar "sv_uploadmax" = "0.5"
L 04/02/2015 - 07:08:26: Server cvar "sv_voiceenable" = "1"
L 04/02/2015 - 07:08:26: Server cvar "sv_wateraccelerate" = "10"
L 04/02/2015 - 07:08:26: Server cvar "sv_waterfriction" = "1"
L 04/02/2015 - 07:08:26: Server cvar "travo_statmarquee" = "v1.2"
L 04/02/2015 - 07:08:26: Server cvar "vtc_version" = "80"
L 04/02/2015 - 07:08:26: Server cvar "wallblocker_version" = "1.0"
L 04/02/2015 - 07:08:26: Server cvar "whb_version" = "1.5.530"
L 04/02/2015 - 07:08:26: Server cvars end
L 04/02/2015 - 07:08:26: Server cvar "amx_nextmap" = "awp_dust"
L 04/02/2015 - 07:08:26: Server cvar "sv_restart" = "1"
L 04/02/2015 - 07:08:26: World triggered "Restart_Round_(1_second)"
L 04/02/2015 - 07:08:26: Team "CT" scored "0" with "0" players
L 04/02/2015 - 07:08:26: Team "TERRORIST" scored "0" with "0" players
L 04/02/2015 - 07:08:26: Server cvar "sv_restart" = "0"
L 04/02/2015 - 07:08:26: Started map "$2000$" (CRC "-1688392397")
L 04/02/2015 - 07:08:31: World triggered "Round_Start"
L 04/02/2015 - 07:22:07: [DPROTO]: Client 0 - Set AuthIdType 3 [dp_RevEmu]; pClient = 0xb3994f08
L 04/02/2015 - 07:22:07: "[F.T.F]LiMoH4iK<111><STEAM_0:4:439111557><>" connected, address "178.125.4.157:27005"
L 04/02/2015 - 07:22:07: [VTC] Player 1 speex
L 04/02/2015 - 07:22:23: "[F.T.F]LiMoH4iK<111><STEAM_0:4:439111557><>" entered the game
L 04/02/2015 - 07:22:32: "[F.T.F]LiMoH4iK<111><STEAM_0:4:439111557><>" joined team "CT"
L 04/02/2015 - 07:22:44: [DPROTO]: Client 1 - Set AuthIdType 3 [dp_RevEmu]; pClient = 0xb3999dfc
L 04/02/2015 - 07:22:44: "[F.T.F] LYKASHENKO<112><STEAM_0:4:855907022><>" connected, address "37.215.84.207:34170"
L 04/02/2015 - 07:22:44: [VTC] Player 2 speex
L 04/02/2015 - 07:23:10: [DPROTO]: Client 1 - Set AuthIdType 3 [dp_RevEmu]; pClient = 0xb3999dfc
L 04/02/2015 - 07:23:10: "[F.T.F] LYKASHENKO<113><STEAM_0:4:855907022><>" connected, address "37.215.84.207:34170"
L 04/02/2015 - 07:23:10: [VTC] Player 2 speex
L 04/02/2015 - 07:23:13: "[F.T.F] LYKASHENKO<113><STEAM_0:4:855907022><>" entered the game
L 04/02/2015 - 07:23:19: "[F.T.F] LYKASHENKO<113><STEAM_0:4:855907022><>" joined team "TERRORIST"
L 04/02/2015 - 07:23:19: World triggered "Game_Commencing"
L 04/02/2015 - 07:23:19: World triggered "Game_Commencing" (CT "0") (T "0")
L 04/02/2015 - 07:23:19: World triggered "Round_End"
L 04/02/2015 - 07:23:27: World triggered "Round_Start"
L 04/02/2015 - 07:23:31: "[F.T.F]LiMoH4iK<111><STEAM_0:4:439111557><CT>" attacked "[F.T.F] LYKASHENKO<113><STEAM_0:4:855907022><TERRORIST>" with "m4a1" (damage "37") (damage_armor "0") (health "63") (armor "0")
L 04/02/2015 - 07:23:32: "[F.T.F]LiMoH4iK<111><STEAM_0:4:439111557><CT>" attacked "[F.T.F] LYKASHENKO<113><STEAM_0:4:855907022><TERRORIST>" with "m4a1" (damage "30") (damage_armor "0") (health "33") (armor "0")
L 04/02/2015 - 07:23:33: "[F.T.F]LiMoH4iK<111><STEAM_0:4:439111557><CT>" attacked "[F.T.F] LYKASHENKO<113><STEAM_0:4:855907022><TERRORIST>" with "m4a1" (damage "30") (damage_armor "0") (health "3") (armor "0")
L 04/02/2015 - 07:23:33: "[F.T.F]LiMoH4iK<111><STEAM_0:4:439111557><CT>" attacked "[F.T.F] LYKASHENKO<113><STEAM_0:4:855907022><TERRORIST>" with "m4a1" (damage "30") (damage_armor "0") (health "-27") (armor "0")
L 04/02/2015 - 07:23:33: "[F.T.F]LiMoH4iK<111><STEAM_0:4:439111557><CT>" killed "[F.T.F] LYKASHENKO<113><STEAM_0:4:855907022><TERRORIST>" with "m4a1"
L 04/02/2015 - 07:23:33: Team "CT" triggered "CTs_Win" (CT "1") (T "0")
L 04/02/2015 - 07:23:33: World triggered "Round_End"
L 04/02/2015 - 07:23:43: World triggered "Round_Start"
L 04/02/2015 - 07:23:48: "[F.T.F] LYKASHENKO<113><STEAM_0:4:855907022><TERRORIST>" attacked "[F.T.F]LiMoH4iK<111><STEAM_0:4:439111557><CT>" with "m4a1" (damage "31") (damage_armor "0") (health "43") (armor "0")
L 04/02/2015 - 07:23:48: "[F.T.F] LYKASHENKO<113><STEAM_0:4:855907022><TERRORIST>" attacked "[F.T.F]LiMoH4iK<111><STEAM_0:4:439111557><CT>" with "m4a1" (damage "31") (damage_armor "0") (health "12") (armor "0")
L 04/02/2015 - 07:23:48: "[F.T.F]LiMoH4iK<111><STEAM_0:4:439111557><CT>" attacked "[F.T.F] LYKASHENKO<113><STEAM_0:4:855907022><TERRORIST>" with "m4a1" (damage "31") (damage_armor "0") (health "69") (armor "0")
L 04/02/2015 - 07:23:48: "[F.T.F] LYKASHENKO<113><STEAM_0:4:855907022><TERRORIST>" attacked "[F.T.F]LiMoH4iK<111><STEAM_0:4:439111557><CT>" with "m4a1" (damage "31") (damage_armor "0") (health "-19") (armor "0")
L 04/02/2015 - 07:23:48: "[F.T.F] LYKASHENKO<113><STEAM_0:4:855907022><TERRORIST>" killed "[F.T.F]LiMoH4iK<111><STEAM_0:4:439111557><CT>" with "m4a1"
L 04/02/2015 - 07:23:48: Team "TERRORIST" triggered "Terrorists_Win" (CT "1") (T "1")
L 04/02/2015 - 07:23:48: World triggered "Round_End"
L 04/02/2015 - 07:23:58: World triggered "Round_Start"
L 04/02/2015 - 07:24:08: "[F.T.F] LYKASHENKO<113><STEAM_0:4:855907022><TERRORIST>" attacked "[F.T.F]LiMoH4iK<111><STEAM_0:4:439111557><CT>" with "m4a1" (damage "32") (damage_armor "0") (health "68") (armor "0")
L 04/02/2015 - 07:24:09: "[F.T.F]LiMoH4iK<111><STEAM_0:4:439111557><CT>" attacked "[F.T.F] LYKASHENKO<113><STEAM_0:4:855907022><TERRORIST>" with "ak47" (damage "35") (damage_armor "0") (health "65") (armor "0")
L 04/02/2015 - 07:24:09: "[F.T.F] LYKASHENKO<113><STEAM_0:4:855907022><TERRORIST>" attacked "[F.T.F]LiMoH4iK<111><STEAM_0:4:439111557><CT>" with "m4a1" (damage "32") (damage_armor "0") (health "36") (armor "0")
L 04/02/2015 - 07:24:09: "[F.T.F]LiMoH4iK<111><STEAM_0:4:439111557><CT>" attacked "[F.T.F] LYKASHENKO<113><STEAM_0:4:855907022><TERRORIST>" with "ak47" (damage "43") (damage_armor "0") (health "22") (armor "0")
L 04/02/2015 - 07:24:09: "[F.T.F]LiMoH4iK<111><STEAM_0:4:439111557><CT>" attacked "[F.T.F] LYKASHENKO<113><STEAM_0:4:855907022><TERRORIST>" with "ak47" (damage "35") (damage_armor "0") (health "-13") (armor "0")
L 04/02/2015 - 07:24:09: "[F.T.F]LiMoH4iK<111><STEAM_0:4:439111557><CT>" killed "[F.T.F] LYKASHENKO<113><STEAM_0:4:855907022><TERRORIST>" with "ak47"
L 04/02/2015 - 07:24:09: Team "CT" triggered "CTs_Win" (CT "2") (T "1")
L 04/02/2015 - 07:24:09: World triggered "Round_End"
L 04/02/2015 - 07:24:19: World triggered "Round_Start"
L 04/02/2015 - 07:24:25: "[F.T.F]LiMoH4iK<111><STEAM_0:4:439111557><CT>" attacked "[F.T.F] LYKASHENKO<113><STEAM_0:4:855907022><TERRORIST>" with "m4a1" (damage "14") (damage_armor "0") (health "86") (armor "0")
L 04/02/2015 - 07:24:25: "[F.T.F]LiMoH4iK<111><STEAM_0:4:439111557><CT>" attacked "[F.T.F] LYKASHENKO<113><STEAM_0:4:855907022><TERRORIST>" with "m4a1" (damage "30") (damage_armor "0") (health "56") (armor "0")
L 04/02/2015 - 07:24:25: "[F.T.F]LiMoH4iK<111><STEAM_0:4:439111557><CT>" attacked "[F.T.F] LYKASHENKO<113><STEAM_0:4:855907022><TERRORIST>" with "m4a1" (damage "30") (damage_armor "0") (health "26") (armor "0")
L 04/02/2015 - 07:24:26: "[F.T.F]LiMoH4iK<111><STEAM_0:4:439111557><CT>" attacked "[F.T.F] LYKASHENKO<113><STEAM_0:4:855907022><TERRORIST>" with "m4a1" (damage "30") (damage_armor "0") (health "-4") (armor "0")
L 04/02/2015 - 07:24:26: "[F.T.F]LiMoH4iK<111><STEAM_0:4:439111557><CT>" killed "[F.T.F] LYKASHENKO<113><STEAM_0:4:855907022><TERRORIST>" with "m4a1"
L 04/02/2015 - 07:24:26: Team "CT" triggered "CTs_Win" (CT "3") (T "1")
L 04/02/2015 - 07:24:26: World triggered "Round_End"
L 04/02/2015 - 07:24:36: World triggered "Round_Start"
L 04/02/2015 - 07:24:41: "[F.T.F] LYKASHENKO<113><STEAM_0:4:855907022><TERRORIST>" attacked "[F.T.F]LiMoH4iK<111><STEAM_0:4:439111557><CT>" with "m4a1" (damage "25") (damage_armor "6") (health "75") (armor "94")
L 04/02/2015 - 07:24:41: "[F.T.F]LiMoH4iK<111><STEAM_0:4:439111557><CT>" attacked "[F.T.F] LYKASHENKO<113><STEAM_0:4:855907022><TERRORIST>" with "ak47" (damage "34") (damage_armor "0") (health "66") (armor "0")
L 04/02/2015 - 07:24:42: "[F.T.F] LYKASHENKO<113><STEAM_0:4:855907022><TERRORIST>" attacked "[F.T.F]LiMoH4iK<111><STEAM_0:4:439111557><CT>" with "m4a1" (damage "20") (damage_armor "4") (health "55") (armor "90")
L 04/02/2015 - 07:24:42: "[F.T.F]LiMoH4iK<111><STEAM_0:4:439111557><CT>" attacked "[F.T.F] LYKASHENKO<113><STEAM_0:4:855907022><TERRORIST>" with "ak47" (damage "34") (damage_armor "0") (health "32") (armor "0")
L 04/02/2015 - 07:24:42: "[F.T.F]LiMoH4iK<111><STEAM_0:4:439111557><CT>" attacked "[F.T.F] LYKASHENKO<113><STEAM_0:4:855907022><TERRORIST>" with "ak47" (damage "34") (damage_armor "0") (health "-2") (armor "0")
L 04/02/2015 - 07:24:42: "[F.T.F]LiMoH4iK<111><STEAM_0:4:439111557><CT>" killed "[F.T.F] LYKASHENKO<113><STEAM_0:4:855907022><TERRORIST>" with "ak47"
L 04/02/2015 - 07:24:42: Team "CT" triggered "CTs_Win" (CT "4") (T "1")
L 04/02/2015 - 07:24:42: World triggered "Round_End"
L 04/02/2015 - 07:24:52: World triggered "Round_Start"
L 04/02/2015 - 07:24:58: "[F.T.F]LiMoH4iK<111><STEAM_0:4:439111557><CT>" attacked "[F.T.F] LYKASHENKO<113><STEAM_0:4:855907022><TERRORIST>" with "ak47" (damage "35") (damage_armor "0") (health "65") (armor "0")
L 04/02/2015 - 07:24:58: "[F.T.F]LiMoH4iK<111><STEAM_0:4:439111557><CT>" attacked "[F.T.F] LYKASHENKO<113><STEAM_0:4:855907022><TERRORIST>" with "ak47" (damage "35") (damage_armor "0") (health "30") (armor "0")
L 04/02/2015 - 07:24:58: "[F.T.F]LiMoH4iK<111><STEAM_0:4:439111557><CT>" attacked "[F.T.F] LYKASHENKO<113><STEAM_0:4:855907022><TERRORIST>" with "ak47" (damage "35") (damage_armor "0") (health "-5") (armor "0")
L 04/02/2015 - 07:24:58: "[F.T.F]LiMoH4iK<111><STEAM_0:4:439111557><CT>" killed "[F.T.F] LYKASHENKO<113><STEAM_0:4:855907022><TERRORIST>" with "ak47"
L 04/02/2015 - 07:24:58: Team "CT" triggered "CTs_Win" (CT "5") (T "1")
L 04/02/2015 - 07:24:58: World triggered "Round_End"
L 04/02/2015 - 07:25:08: World triggered "Round_Start"
L 04/02/2015 - 07:25:12: "[F.T.F] LYKASHENKO<113><STEAM_0:4:855907022><TERRORIST>" attacked "[F.T.F]LiMoH4iK<111><STEAM_0:4:439111557><CT>" with "ak47" (damage "26") (damage_armor "4") (health "74") (armor "86")
L 04/02/2015 - 07:25:12: "[F.T.F]LiMoH4iK<111><STEAM_0:4:439111557><CT>" attacked "[F.T.F] LYKASHENKO<113><STEAM_0:4:855907022><TERRORIST>" with "ak47" (damage "42") (damage_armor "0") (health "58") (armor "0")
L 04/02/2015 - 07:25:12: "[F.T.F]LiMoH4iK<111><STEAM_0:4:439111557><CT>" attacked "[F.T.F] LYKASHENKO<113><STEAM_0:4:855907022><TERRORIST>" with "ak47" (damage "34") (damage_armor "0") (health "24") (armor "0")
L 04/02/2015 - 07:25:12: "[F.T.F]LiMoH4iK<111><STEAM_0:4:439111557><CT>" attacked "[F.T.F] LYKASHENKO<113><STEAM_0:4:855907022><TERRORIST>" with "ak47" (damage "34") (damage_armor "0") (health "-10") (armor "0")
L 04/02/2015 - 07:25:12: "[F.T.F]LiMoH4iK<111><STEAM_0:4:439111557><CT>" killed "[F.T.F] LYKASHENKO<113><STEAM_0:4:855907022><TERRORIST>" with "ak47"
L 04/02/2015 - 07:25:12: Team "CT" triggered "CTs_Win" (CT "6") (T "1")
L 04/02/2015 - 07:25:12: World triggered "Round_End"
L 04/02/2015 - 07:25:22: World triggered "Round_Start"
L 04/02/2015 - 07:25:28: "[F.T.F] LYKASHENKO<113><STEAM_0:4:855907022><TERRORIST>" attacked "[F.T.F]LiMoH4iK<111><STEAM_0:4:439111557><CT>" with "m4a1" (damage "21") (damage_armor "5") (health "79") (armor "81")
L 04/02/2015 - 07:25:29: "[F.T.F] LYKASHENKO<113><STEAM_0:4:855907022><TERRORIST>" attacked "[F.T.F]LiMoH4iK<111><STEAM_0:4:439111557><CT>" with "m4a1" (damage "21") (damage_armor "4") (health "58") (armor "77")
L 04/02/2015 - 07:25:30: "[F.T.F]LiMoH4iK<111><STEAM_0:4:439111557><CT>" attacked "[F.T.F] LYKASHENKO<113><STEAM_0:4:855907022><TERRORIST>" with "ak47" (damage "35") (damage_armor "0") (health "65") (armor "0")
L 04/02/2015 - 07:25:30: "[F.T.F] LYKASHENKO<113><STEAM_0:4:855907022><TERRORIST>" attacked "[F.T.F]LiMoH4iK<111><STEAM_0:4:439111557><CT>" with "glock18" (damage "9") (damage_armor "5") (health "49") (armor "72")
L 04/02/2015 - 07:25:30: "[F.T.F] LYKASHENKO<113><STEAM_0:4:855907022><TERRORIST>" attacked "[F.T.F]LiMoH4iK<111><STEAM_0:4:439111557><CT>" with "glock18" (damage "9") (damage_armor "4") (health "40") (armor "68")
L 04/02/2015 - 07:25:31: "[F.T.F]LiMoH4iK<111><STEAM_0:4:439111557><CT>" attacked "[F.T.F] LYKASHENKO<113><STEAM_0:4:855907022><TERRORIST>" with "ak47" (damage "35") (damage_armor "0") (health "30") (armor "0")
L 04/02/2015 - 07:25:31: "[F.T.F] LYKASHENKO<113><STEAM_0:4:855907022><TERRORIST>" attacked "[F.T.F]LiMoH4iK<111><STEAM_0:4:439111557><CT>" with "glock18" (damage "9") (damage_armor "4") (health "31") (armor "64")
L 04/02/2015 - 07:25:31: "[F.T.F]LiMoH4iK<111><STEAM_0:4:439111557><CT>" attacked "[F.T.F] LYKASHENKO<113><STEAM_0:4:855907022><TERRORIST>" with "ak47" (damage "35") (damage_armor "0") (health "-5") (armor "0")
L 04/02/2015 - 07:25:31: "[F.T.F]LiMoH4iK<111><STEAM_0:4:439111557><CT>" killed "[F.T.F] LYKASHENKO<113><STEAM_0:4:855907022><TERRORIST>" with "ak47"
L 04/02/2015 - 07:25:31: Team "CT" triggered "CTs_Win" (CT "7") (T "1")
L 04/02/2015 - 07:25:31: World triggered "Round_End"
L 04/02/2015 - 07:25:41: World triggered "Round_Start"
L 04/02/2015 - 07:25:47: "[F.T.F] LYKASHENKO<113><STEAM_0:4:855907022><TERRORIST>" attacked "[F.T.F]LiMoH4iK<111><STEAM_0:4:439111557><CT>" with "m4a1" (damage "21") (damage_armor "5") (health "79") (armor "59")
L 04/02/2015 - 07:25:47: "[F.T.F] LYKASHENKO<113><STEAM_0:4:855907022><TERRORIST>" attacked "[F.T.F]LiMoH4iK<111><STEAM_0:4:439111557><CT>" with "m4a1" (damage "21") (damage_armor "4") (health "58") (armor "55")
L 04/02/2015 - 07:25:47: "[F.T.F]LiMoH4iK<111><STEAM_0:4:439111557><CT>" attacked "[F.T.F] LYKASHENKO<113><STEAM_0:4:855907022><TERRORIST>" with "m4a1" (damage "14") (damage_armor "0") (health "86") (armor "0")
L 04/02/2015 - 07:25:48: "[F.T.F] LYKASHENKO<113><STEAM_0:4:855907022><TERRORIST>" attacked "[F.T.F]LiMoH4iK<111><STEAM_0:4:439111557><CT>" with "m4a1" (damage "21") (damage_armor "5") (health "37") (armor "50")
L 04/02/2015 - 07:25:49: "[F.T.F] LYKASHENKO<113><STEAM_0:4:855907022><TERRORIST>" attacked "[F.T.F]LiMoH4iK<111><STEAM_0:4:439111557><CT>" with "m4a1" (damage "21") (damage_armor "4") (health "16") (armor "46")
L 04/02/2015 - 07:25:49: "[F.T.F] LYKASHENKO<113><STEAM_0:4:855907022><TERRORIST>" attacked "[F.T.F]LiMoH4iK<111><STEAM_0:4:439111557><CT>" with "m4a1" (damage "21") (damage_armor "5") (health "-5") (armor "41")
L 04/02/2015 - 07:25:49: "[F.T.F] LYKASHENKO<113><STEAM_0:4:855907022><TERRORIST>" killed "[F.T.F]LiMoH4iK<111><STEAM_0:4:439111557><CT>" with "m4a1"
L 04/02/2015 - 07:25:49: Team "TERRORIST" triggered "Terrorists_Win" (CT "7") (T "2")
L 04/02/2015 - 07:25:49: World triggered "Round_End"
L 04/02/2015 - 07:25:59: World triggered "Round_Start"
L 04/02/2015 - 07:26:04: "[F.T.F] LYKASHENKO<113><STEAM_0:4:855907022><TERRORIST>" attacked "[F.T.F]LiMoH4iK<111><STEAM_0:4:439111557><CT>" with "m4a1" (damage "30") (damage_armor "0") (health "70") (armor "0")
L 04/02/2015 - 07:26:04: "[F.T.F] LYKASHENKO<113><STEAM_0:4:855907022><TERRORIST>" attacked "[F.T.F]LiMoH4iK<111><STEAM_0:4:439111557><CT>" with "m4a1" (damage "30") (damage_armor "0") (health "40") (armor "0")
L 04/02/2015 - 07:26:04: "[F.T.F] LYKASHENKO<113><STEAM_0:4:855907022><TERRORIST>" attacked "[F.T.F]LiMoH4iK<111><STEAM_0:4:439111557><CT>" with "m4a1" (damage "30") (damage_armor "0") (health "10") (armor "0")
L 04/02/2015 - 07:26:05: "[F.T.F]LiMoH4iK<111><STEAM_0:4:439111557><CT>" attacked "[F.T.F] LYKASHENKO<113><STEAM_0:4:855907022><TERRORIST>" with "m4a1" (damage "30") (damage_armor "0") (health "70") (armor "0")
L 04/02/2015 - 07:26:05: "[F.T.F]LiMoH4iK<111><STEAM_0:4:439111557><CT>" attacked "[F.T.F] LYKASHENKO<113><STEAM_0:4:855907022><TERRORIST>" with "m4a1" (damage "30") (damage_armor "0") (health "40") (armor "0")
L 04/02/2015 - 07:26:05: "[F.T.F]LiMoH4iK<111><STEAM_0:4:439111557><CT>" attacked "[F.T.F] LYKASHENKO<113><STEAM_0:4:855907022><TERRORIST>" with "m4a1" (damage "22") (damage_armor "0") (health "18") (armor "0")
L 04/02/2015 - 07:26:05: "[F.T.F] LYKASHENKO<113><STEAM_0:4:855907022><TERRORIST>" attacked "[F.T.F]LiMoH4iK<111><STEAM_0:4:439111557><CT>" with "m4a1" (damage "30") (damage_armor "0") (health "-20") (armor "0")
L 04/02/2015 - 07:26:05: "[F.T.F] LYKASHENKO<113><STEAM_0:4:855907022><TERRORIST>" killed "[F.T.F]LiMoH4iK<111><STEAM_0:4:439111557><CT>" with "m4a1"
L 04/02/2015 - 07:26:05: Team "TERRORIST" triggered "Terrorists_Win" (CT "7") (T "3")
L 04/02/2015 - 07:26:05: World triggered "Round_End"
L 04/02/2015 - 07:26:15: World triggered "Round_Start"
L 04/02/2015 - 07:26:22: "[F.T.F] LYKASHENKO<113><STEAM_0:4:855907022><TERRORIST>" attacked "[F.T.F]LiMoH4iK<111><STEAM_0:4:439111557><CT>" with "m4a1" (damage "32") (damage_armor "0") (health "68") (armor "0")
L 04/02/2015 - 07:26:22: "[F.T.F] LYKASHENKO<113><STEAM_0:4:855907022><TERRORIST>" attacked "[F.T.F]LiMoH4iK<111><STEAM_0:4:439111557><CT>" with "m4a1" (damage "32") (damage_armor "0") (health "36") (armor "0")
L 04/02/2015 - 07:26:23: "[F.T.F]LiMoH4iK<111><STEAM_0:4:439111557><CT>" attacked "[F.T.F] LYKASHENKO<113><STEAM_0:4:855907022><TERRORIST>" with "m4a1" (damage "128") (damage_armor "0") (health "-28") (armor "0")
L 04/02/2015 - 07:26:23: "[F.T.F]LiMoH4iK<111><STEAM_0:4:439111557><CT>" killed "[F.T.F] LYKASHENKO<113><STEAM_0:4:855907022><TERRORIST>" with "m4a1"
L 04/02/2015 - 07:26:23: Team "CT" triggered "CTs_Win" (CT "8") (T "3")
L 04/02/2015 - 07:26:23: World triggered "Round_End"
L 04/02/2015 - 07:26:33: World triggered "Round_Start"
L 04/02/2015 - 07:26:39: "[F.T.F]LiMoH4iK<111><STEAM_0:4:439111557><CT>" attacked "[F.T.F] LYKASHENKO<113><STEAM_0:4:855907022><TERRORIST>" with "ak47" (damage "136") (damage_armor "0") (health "-36") (armor "0")
L 04/02/2015 - 07:26:39: "[F.T.F]LiMoH4iK<111><STEAM_0:4:439111557><CT>" killed "[F.T.F] LYKASHENKO<113><STEAM_0:4:855907022><TERRORIST>" with "ak47"
L 04/02/2015 - 07:26:39: Team "CT" triggered "CTs_Win" (CT "9") (T "3")
L 04/02/2015 - 07:26:39: World triggered "Round_End"
L 04/02/2015 - 07:26:49: World triggered "Round_Start"
L 04/02/2015 - 07:27:03: "[F.T.F]LiMoH4iK<111><STEAM_0:4:439111557><CT>" attacked "[F.T.F] LYKASHENKO<113><STEAM_0:4:855907022><TERRORIST>" with "ak47" (damage "140") (damage_armor "0") (health "-72") (armor "0")
L 04/02/2015 - 07:27:03: "[F.T.F]LiMoH4iK<111><STEAM_0:4:439111557><CT>" killed "[F.T.F] LYKASHENKO<113><STEAM_0:4:855907022><TERRORIST>" with "ak47"
L 04/02/2015 - 07:27:03: Team "CT" triggered "CTs_Win" (CT "10") (T "3")
L 04/02/2015 - 07:27:03: World triggered "Round_End"
L 04/02/2015 - 07:27:13: World triggered "Round_Start"
L 04/02/2015 - 07:27:18: "[F.T.F] LYKASHENKO<113><STEAM_0:4:855907022><TERRORIST>" attacked "[F.T.F]LiMoH4iK<111><STEAM_0:4:439111557><CT>" with "ak47" (damage "27") (damage_armor "4") (health "73") (armor "96")
L 04/02/2015 - 07:27:19: "[F.T.F] LYKASHENKO<113><STEAM_0:4:855907022><TERRORIST>" attacked "[F.T.F]LiMoH4iK<111><STEAM_0:4:439111557><CT>" with "ak47" (damage "27") (damage_armor "4") (health "46") (armor "92")
L 04/02/2015 - 07:27:19: "[F.T.F]LiMoH4iK<111><STEAM_0:4:439111557><CT>" attacked "[F.T.F] LYKASHENKO<113><STEAM_0:4:855907022><TERRORIST>" with "ak47" (damage "140") (damage_armor "0") (health "-52") (armor "0")
L 04/02/2015 - 07:27:19: "[F.T.F]LiMoH4iK<111><STEAM_0:4:439111557><CT>" killed "[F.T.F] LYKASHENKO<113><STEAM_0:4:855907022><TERRORIST>" with "ak47"
L 04/02/2015 - 07:27:19: Team "CT" triggered "CTs_Win" (CT "11") (T "3")
L 04/02/2015 - 07:27:19: World triggered "Round_End"
L 04/02/2015 - 07:27:29: World triggered "Round_Start"
L 04/02/2015 - 07:27:43: "[F.T.F] LYKASHENKO<113><STEAM_0:4:855907022><TERRORIST>" attacked "[F.T.F]LiMoH4iK<111><STEAM_0:4:439111557><CT>" with "m4a1" (damage "22") (damage_armor "0") (health "78") (armor "92")
L 04/02/2015 - 07:27:43: "[F.T.F]LiMoH4iK<111><STEAM_0:4:439111557><CT>" attacked "[F.T.F] LYKASHENKO<113><STEAM_0:4:855907022><TERRORIST>" with "ak47" (damage "136") (damage_armor "0") (health "-36") (armor "0")
L 04/02/2015 - 07:27:43: "[F.T.F]LiMoH4iK<111><STEAM_0:4:439111557><CT>" killed "[F.T.F] LYKASHENKO<113><STEAM_0:4:855907022><TERRORIST>" with "ak47"
L 04/02/2015 - 07:27:43: Team "CT" triggered "CTs_Win" (CT "12") (T "3")
L 04/02/2015 - 07:27:43: World triggered "Round_End"
L 04/02/2015 - 07:27:53: World triggered "Round_Start"
L 04/02/2015 - 07:27:59: "[F.T.F]LiMoH4iK<111><STEAM_0:4:439111557><CT>" attacked "[F.T.F] LYKASHENKO<113><STEAM_0:4:855907022><TERRORIST>" with "ak47" (damage "64") (damage_armor "0") (health "36") (armor "0")
L 04/02/2015 - 07:28:00: "[F.T.F]LiMoH4iK<111><STEAM_0:4:439111557><CT>" attacked "[F.T.F] LYKASHENKO<113><STEAM_0:4:855907022><TERRORIST>" with "ak47" (damage "34") (damage_armor "0") (health "2") (armor "0")
L 04/02/2015 - 07:28:02: "[F.T.F]LiMoH4iK<111><STEAM_0:4:439111557><CT>" attacked "[F.T.F] LYKASHENKO<113><STEAM_0:4:855907022><TERRORIST>" with "ak47" (damage "16") (damage_armor "0") (health "-14") (armor "0")
L 04/02/2015 - 07:28:02: "[F.T.F]LiMoH4iK<111><STEAM_0:4:439111557><CT>" killed "[F.T.F] LYKASHENKO<113><STEAM_0:4:855907022><TERRORIST>" with "ak47"
L 04/02/2015 - 07:28:02: Team "CT" triggered "CTs_Win" (CT "13") (T "3")
L 04/02/2015 - 07:28:02: World triggered "Round_End"
L 04/02/2015 - 07:28:12: World triggered "Round_Start"
L 04/02/2015 - 07:28:20: "[F.T.F]LiMoH4iK<111><STEAM_0:4:439111557><CT>" attacked "[F.T.F] LYKASHENKO<113><STEAM_0:4:855907022><TERRORIST>" with "ak47" (damage "16") (damage_armor "0") (health "35") (armor "0")
L 04/02/2015 - 07:28:22: "[F.T.F] LYKASHENKO<113><STEAM_0:4:855907022><TERRORIST>" attacked "[F.T.F]LiMoH4iK<111><STEAM_0:4:439111557><CT>" with "ak47" (damage "26") (damage_armor "4") (health "59") (armor "80")
L 04/02/2015 - 07:28:23: "[F.T.F] LYKASHENKO<113><STEAM_0:4:855907022><TERRORIST>" attacked "[F.T.F]LiMoH4iK<111><STEAM_0:4:439111557><CT>" with "ak47" (damage "26") (damage_armor "4") (health "33") (armor "76")
L 04/02/2015 - 07:28:23: "[F.T.F]LiMoH4iK<111><STEAM_0:4:439111557><CT>" attacked "[F.T.F] LYKASHENKO<113><STEAM_0:4:855907022><TERRORIST>" with "ak47" (damage "34") (damage_armor "0") (health "1") (armor "0")
L 04/02/2015 - 07:28:23: "[F.T.F]LiMoH4iK<111><STEAM_0:4:439111557><CT>" attacked "[F.T.F] LYKASHENKO<113><STEAM_0:4:855907022><TERRORIST>" with "ak47" (damage "34") (damage_armor "0") (health "-33") (armor "0")
L 04/02/2015 - 07:28:23: "[F.T.F]LiMoH4iK<111><STEAM_0:4:439111557><CT>" killed "[F.T.F] LYKASHENKO<113><STEAM_0:4:855907022><TERRORIST>" with "ak47"
L 04/02/2015 - 07:28:23: Team "CT" triggered "CTs_Win" (CT "14") (T "3")
L 04/02/2015 - 07:28:23: World triggered "Round_End"
L 04/02/2015 - 07:28:33: World triggered "Round_Start"
L 04/02/2015 - 07:28:37: "[F.T.F] LYKASHENKO<113><STEAM_0:4:855907022><TERRORIST>" attacked "[F.T.F]LiMoH4iK<111><STEAM_0:4:439111557><CT>" with "m4a1" (damage "21") (damage_armor "5") (health "79") (armor "95")
L 04/02/2015 - 07:28:37: "[F.T.F] LYKASHENKO<113><STEAM_0:4:855907022><TERRORIST>" attacked "[F.T.F]LiMoH4iK<111><STEAM_0:4:439111557><CT>" with "m4a1" (damage "9") (damage_armor "2") (health "70") (armor "93")
L 04/02/2015 - 07:28:38: "[F.T.F] LYKASHENKO<113><STEAM_0:4:855907022><TERRORIST>" attacked "[F.T.F]LiMoH4iK<111><STEAM_0:4:439111557><CT>" with "m4a1" (damage "84") (damage_armor "18") (health "-14") (armor "75")
L 04/02/2015 - 07:28:38: "[F.T.F] LYKASHENKO<113><STEAM_0:4:855907022><TERRORIST>" killed "[F.T.F]LiMoH4iK<111><STEAM_0:4:439111557><CT>" with "m4a1"
L 04/02/2015 - 07:28:38: Team "TERRORIST" triggered "Terrorists_Win" (CT "14") (T "4")
L 04/02/2015 - 07:28:38: World triggered "Round_End"
L 04/02/2015 - 07:28:48: World triggered "Round_Start"
L 04/02/2015 - 07:29:06: "[F.T.F] LYKASHENKO<113><STEAM_0:4:855907022><TERRORIST>" attacked "[F.T.F]LiMoH4iK<111><STEAM_0:4:439111557><CT>" with "m4a1" (damage "116") (damage_armor "0") (health "-38") (armor "0")
L 04/02/2015 - 07:29:06: "[F.T.F] LYKASHENKO<113><STEAM_0:4:855907022><TERRORIST>" killed "[F.T.F]LiMoH4iK<111><STEAM_0:4:439111557><CT>" with "m4a1"
L 04/02/2015 - 07:29:06: Team "TERRORIST" triggered "Terrorists_Win" (CT "14") (T "5")
L 04/02/2015 - 07:29:06: World triggered "Round_End"
L 04/02/2015 - 07:29:16: World triggered "Round_Start"
L 04/02/2015 - 07:29:26: "[F.T.F]LiMoH4iK<111><STEAM_0:4:439111557><CT>" attacked "[F.T.F] LYKASHENKO<113><STEAM_0:4:855907022><TERRORIST>" with "m4a1" (damage "14") (damage_armor "0") (health "86") (armor "0")
L 04/02/2015 - 07:29:29: "[F.T.F]LiMoH4iK<111><STEAM_0:4:439111557><CT>" attacked "[F.T.F] LYKASHENKO<113><STEAM_0:4:855907022><TERRORIST>" with "m4a1" (damage "14") (damage_armor "0") (health "72") (armor "0")
L 04/02/2015 - 07:29:30: "[F.T.F]LiMoH4iK<111><STEAM_0:4:439111557><CT>" attacked "[F.T.F] LYKASHENKO<113><STEAM_0:4:855907022><TERRORIST>" with "m4a1" (damage "14") (damage_armor "0") (health "58") (armor "0")
L 04/02/2015 - 07:29:32: "[F.T.F] LYKASHENKO<113><STEAM_0:4:855907022><TERRORIST>" attacked "[F.T.F]LiMoH4iK<111><STEAM_0:4:439111557><CT>" with "m4a1" (damage "116") (damage_armor "0") (health "-16") (armor "0")
L 04/02/2015 - 07:29:32: "[F.T.F] LYKASHENKO<113><STEAM_0:4:855907022><TERRORIST>" killed "[F.T.F]LiMoH4iK<111><STEAM_0:4:439111557><CT>" with "m4a1"
L 04/02/2015 - 07:29:32: Team "TERRORIST" triggered "Terrorists_Win" (CT "14") (T "6")
L 04/02/2015 - 07:29:32: World triggered "Round_End"
L 04/02/2015 - 07:29:42: World triggered "Round_Start"
L 04/02/2015 - 07:29:50: "[F.T.F]LiMoH4iK<111><STEAM_0:4:439111557><CT>" attacked "[F.T.F] LYKASHENKO<113><STEAM_0:4:855907022><TERRORIST>" with "ak47" (damage "16") (damage_armor "0") (health "84") (armor "0")
L 04/02/2015 - 07:29:51: "[F.T.F]LiMoH4iK<111><STEAM_0:4:439111557><CT>" attacked "[F.T.F] LYKASHENKO<113><STEAM_0:4:855907022><TERRORIST>" with "ak47" (damage "16") (damage_armor "0") (health "68") (armor "0")
L 04/02/2015 - 07:29:51: "[F.T.F]LiMoH4iK<111><STEAM_0:4:439111557><CT>" attacked "[F.T.F] LYKASHENKO<113><STEAM_0:4:855907022><TERRORIST>" with "ak47" (damage "16") (damage_armor "0") (health "52") (armor "0")
L 04/02/2015 - 07:29:51: "[F.T.F]LiMoH4iK<111><STEAM_0:4:439111557><CT>" attacked "[F.T.F] LYKASHENKO<113><STEAM_0:4:855907022><TERRORIST>" with "ak47" (damage "16") (damage_armor "0") (health "36") (armor "0")
L 04/02/2015 - 07:29:51: "[F.T.F]LiMoH4iK<111><STEAM_0:4:439111557><CT>" attacked "[F.T.F] LYKASHENKO<113><STEAM_0:4:855907022><TERRORIST>" with "ak47" (damage "16") (damage_armor "0") (health "20") (armor "0")
L 04/02/2015 - 07:29:51: "[F.T.F]LiMoH4iK<111><STEAM_0:4:439111557><CT>" attacked "[F.T.F] LYKASHENKO<113><STEAM_0:4:855907022><TERRORIST>" with "ak47" (damage "16") (damage_armor "0") (health "4") (armor "0")
L 04/02/2015 - 07:29:51: "[F.T.F]LiMoH4iK<111><STEAM_0:4:439111557><CT>" attacked "[F.T.F] LYKASHENKO<113><STEAM_0:4:855907022><TERRORIST>" with "ak47" (damage "16") (damage_armor "0") (health "-12") (armor "0")
L 04/02/2015 - 07:29:51: "[F.T.F]LiMoH4iK<111><STEAM_0:4:439111557><CT>" killed "[F.T.F] LYKASHENKO<113><STEAM_0:4:855907022><TERRORIST>" with "ak47"
L 04/02/2015 - 07:29:51: Team "CT" triggered "CTs_Win" (CT "15") (T "6")
L 04/02/2015 - 07:29:51: World triggered "Round_End"
L 04/02/2015 - 07:30:01: World triggered "Round_Start"
L 04/02/2015 - 07:30:14: "[F.T.F] LYKASHENKO<113><STEAM_0:4:855907022><TERRORIST>" attacked "[F.T.F]LiMoH4iK<111><STEAM_0:4:439111557><CT>" with "m4a1" (damage "128") (damage_armor "0") (health "-28") (armor "0")
L 04/02/2015 - 07:30:14: "[F.T.F] LYKASHENKO<113><STEAM_0:4:855907022><TERRORIST>" killed "[F.T.F]LiMoH4iK<111><STEAM_0:4:439111557><CT>" with "m4a1"
L 04/02/2015 - 07:30:14: Team "TERRORIST" triggered "Terrorists_Win" (CT "15") (T "7")
L 04/02/2015 - 07:30:14: World triggered "Round_End"
L 04/02/2015 - 07:30:23: "[F.T.F] LYKASHENKO<113><STEAM_0:4:855907022><TERRORIST>" triggered "weaponstats" (weapon "grenade") (shots "1") (hits "1") (kills "0") (headshots "0") (tks "0") (damage "22") (deaths "0")
L 04/02/2015 - 07:30:23: "[F.T.F] LYKASHENKO<113><STEAM_0:4:855907022><TERRORIST>" triggered "weaponstats2" (weapon "grenade") (head "0") (chest "0") (stomach "0") (leftarm "0") (rightarm "0") (leftleg "0") (rightleg "0")
L 04/02/2015 - 07:30:23: "[F.T.F] LYKASHENKO<113><STEAM_0:4:855907022><TERRORIST>" triggered "weaponstats" (weapon "aug") (shots "3") (hits "0") (kills "0") (headshots "0") (tks "0") (damage "0") (deaths "2")
L 04/02/2015 - 07:30:23: "[F.T.F] LYKASHENKO<113><STEAM_0:4:855907022><TERRORIST>" triggered "weaponstats2" (weapon "aug") (head "0") (chest "0") (stomach "0") (leftarm "0") (rightarm "0") (leftleg "0") (rightleg "0")
L 04/02/2015 - 07:30:23: "[F.T.F] LYKASHENKO<113><STEAM_0:4:855907022><TERRORIST>" triggered "weaponstats" (weapon "glock18") (shots "6") (hits "3") (kills "0") (headshots "0") (tks "0") (damage "27") (deaths "2")
L 04/02/2015 - 07:30:23: "[F.T.F] LYKASHENKO<113><STEAM_0:4:855907022><TERRORIST>" triggered "weaponstats2" (weapon "glock18") (head "0") (chest "0") (stomach "0") (leftarm "3") (rightarm "0") (leftleg "0") (rightleg "0")
L 04/02/2015 - 07:30:23: "[F.T.F] LYKASHENKO<113><STEAM_0:4:855907022><TERRORIST>" triggered "weaponstats" (weapon "awp") (shots "6") (hits "0") (kills "0") (headshots "0") (tks "0") (damage "0") (deaths "1")
L 04/02/2015 - 07:30:23: "[F.T.F] LYKASHENKO<113><STEAM_0:4:855907022><TERRORIST>" triggered "weaponstats2" (weapon "awp") (head "0") (chest "0") (stomach "0") (leftarm "0") (rightarm "0") (leftleg "0") (rightleg "0")
L 04/02/2015 - 07:30:23: "[F.T.F] LYKASHENKO<113><STEAM_0:4:855907022><TERRORIST>" triggered "weaponstats" (weapon "m4a1") (shots "131") (hits "26") (kills "6") (headshots "3") (tks "0") (damage "901") (deaths "5")
L 04/02/2015 - 07:30:23: "[F.T.F] LYKASHENKO<113><STEAM_0:4:855907022><TERRORIST>" triggered "weaponstats2" (weapon "m4a1") (head "3") (chest "4") (stomach "1") (leftarm "15") (rightarm "2") (leftleg "1") (rightleg "0")
L 04/02/2015 - 07:30:23: "[F.T.F] LYKASHENKO<113><STEAM_0:4:855907022><TERRORIST>" triggered "weaponstats" (weapon "ak47") (shots "27") (hits "5") (kills "0") (headshots "0") (tks "0") (damage "132") (deaths "5")
L 04/02/2015 - 07:30:23: "[F.T.F] LYKASHENKO<113><STEAM_0:4:855907022><TERRORIST>" triggered "weaponstats2" (weapon "ak47") (head "0") (chest "1") (stomach "0") (leftarm "2") (rightarm "2") (leftleg "0") (rightleg "0")
L 04/02/2015 - 07:30:23: "[F.T.F] LYKASHENKO<113><STEAM_0:4:855907022><TERRORIST>" triggered "time" (time "7:10")
L 04/02/2015 - 07:30:23: "[F.T.F] LYKASHENKO<113><STEAM_0:4:855907022><TERRORIST>" triggered "latency" (ping "32")
L 04/02/2015 - 07:30:23: "[F.T.F] LYKASHENKO<113><STEAM_0:4:855907022><TERRORIST>" disconnected
L 04/02/2015 - 07:30:23: [DPROTO]: Client 1 - Set AuthIdType 3 [dp_RevEmu]; pClient = 0xb3999dfc
L 04/02/2015 - 07:30:23: "[F.T.F] LYKASHENKO<114><STEAM_0:4:855907022><>" connected, address "37.215.84.207:34170"
L 04/02/2015 - 07:30:24: Kick: "[F.T.F] LYKASHENKO<114><STEAM_0:4:855907022><>" was kicked by "Console" (message ""Повторное подключение будет доступно через 20 секунд"")
L 04/02/2015 - 07:30:24: World triggered "Round_Start"
L 04/02/2015 - 07:30:29: [DPROTO]: Client 1 - Set AuthIdType 3 [dp_RevEmu]; pClient = 0xb3999dfc
L 04/02/2015 - 07:30:29: "[F.T.F] LYKASHENKO<115><STEAM_0:4:855907022><>" connected, address "37.215.84.207:34170"
L 04/02/2015 - 07:30:29: Kick: "[F.T.F] LYKASHENKO<115><STEAM_0:4:855907022><>" was kicked by "Console" (message ""Повторное подключение будет доступно через 15 секунд"")
L 04/02/2015 - 07:31:10: "[F.T.F]LiMoH4iK<111><STEAM_0:4:439111557><CT>" triggered "weaponstats" (weapon "grenade") (shots "19") (hits "3") (kills "0") (headshots "0") (tks "0") (damage "93") (deaths "0")
L 04/02/2015 - 07:31:10: "[F.T.F]LiMoH4iK<111><STEAM_0:4:439111557><CT>" triggered "weaponstats2" (weapon "grenade") (head "0") (chest "0") (stomach "0") (leftarm "0") (rightarm "0") (leftleg "0") (rightleg "0")
L 04/02/2015 - 07:31:10: "[F.T.F]LiMoH4iK<111><STEAM_0:4:439111557><CT>" triggered "weaponstats" (weapon "m4a1") (shots "112") (hits "17") (kills "3") (headshots "1") (tks "0") (damage "528") (deaths "4")
L 04/02/2015 - 07:31:10: "[F.T.F]LiMoH4iK<111><STEAM_0:4:439111557><CT>" triggered "weaponstats2" (weapon "m4a1") (head "1") (chest "2") (stomach "1") (leftarm "5") (rightarm "7") (leftleg "1") (rightleg "0")
L 04/02/2015 - 07:31:10: "[F.T.F]LiMoH4iK<111><STEAM_0:4:439111557><CT>" triggered "weaponstats" (weapon "ak47") (shots "141") (hits "31") (kills "12") (headshots "4") (tks "0") (damage "1397") (deaths "2")
L 04/02/2015 - 07:31:10: "[F.T.F]LiMoH4iK<111><STEAM_0:4:439111557><CT>" triggered "weaponstats2" (weapon "ak47") (head "5") (chest "10") (stomach "1") (leftarm "14") (rightarm "1") (leftleg "0") (rightleg "0")
L 04/02/2015 - 07:31:10: "[F.T.F]LiMoH4iK<111><STEAM_0:4:439111557><CT>" triggered "time" (time "8:47")
L 04/02/2015 - 07:31:10: "[F.T.F]LiMoH4iK<111><STEAM_0:4:439111557><CT>" triggered "latency" (ping "49")
L 04/02/2015 - 07:31:10: "[F.T.F]LiMoH4iK<111><STEAM_0:4:439111557><CT>" disconnected
L 04/02/2015 - 07:31:10: World triggered "Round_Draw" (CT "15") (T "7")
L 04/02/2015 - 07:31:10: World triggered "Round_End"
L 04/02/2015 - 07:31:20: World triggered "Round_Start"
L 04/02/2015 - 07:51:43: [META] ini: Begin re-reading plugins list: /home/extazy/public/cstrike/addons/metamod/plugins.ini
L 04/02/2015 - 07:51:43: [META] ini: Read plugin config for: AMX Mod X
L 04/02/2015 - 07:51:43: [META] ini: Read plugin config for: dproto_EF
L 04/02/2015 - 07:51:43: [META] ini: Read plugin config for: VoiceTranscoder
L 04/02/2015 - 07:51:43: [META] ini: Read plugin config for: WHBlocker
L 04/02/2015 - 07:51:43: [META] ini: Finished reading plugins list: /home/extazy/public/cstrike/addons/metamod/plugins.ini; Found 4 plugins
L 04/02/2015 - 07:51:43: [META] dll: Updating plugins...
L 04/02/2015 - 07:51:43: [META] dll: Finished updating 13 plugins; kept 4, loaded 0, unloaded 0, reloaded 0, delayed 0
L 04/02/2015 - 07:51:43: Log file closed
