L 04/03/2015 - 17:06:26: Log file started (file "logs/L0403024.log") (game "cstrike") (version "48/1.6.3.7/Stdio/5787")
L 04/03/2015 - 17:06:26: Loading map "awp_map"
L 04/03/2015 - 17:06:26: Server cvars start
L 04/03/2015 - 17:06:26: Server cvar "_tutor_bomb_viewable_check_interval" = "0.5"
L 04/03/2015 - 17:06:26: Server cvar "_tutor_debug_level" = "0"
L 04/03/2015 - 17:06:26: Server cvar "_tutor_examine_time" = "0.5"
L 04/03/2015 - 17:06:26: Server cvar "_tutor_hint_interval_time" = "10.0"
L 04/03/2015 - 17:06:26: Server cvar "_tutor_look_angle" = "10"
L 04/03/2015 - 17:06:26: Server cvar "_tutor_look_distance" = "200"
L 04/03/2015 - 17:06:26: Server cvar "_tutor_message_character_display_time_coefficient" = "0.07"
L 04/03/2015 - 17:06:26: Server cvar "_tutor_message_minimum_display_time" = "1"
L 04/03/2015 - 17:06:26: Server cvar "_tutor_message_repeats" = "5"
L 04/03/2015 - 17:06:26: Server cvar "_tutor_view_distance" = "1000"
L 04/03/2015 - 17:06:26: Server cvar "aesp_version" = "1.5b_mini"
L 04/03/2015 - 17:06:26: Server cvar "allow_spectators" = "4"
L 04/03/2015 - 17:06:26: Server cvar "amx_client_languages" = "0"
L 04/03/2015 - 17:06:26: Server cvar "amx_contactinfo" = "ICQ: 691322983"
L 04/03/2015 - 17:06:26: Server cvar "amx_language" = "ru"
L 04/03/2015 - 17:06:26: Server cvar "amx_nextmap" = "awp_map"
L 04/03/2015 - 17:06:26: Server cvar "amx_timeleft" = "00:00"
L 04/03/2015 - 17:06:26: Server cvar "amxbans_ssversion" = "Gm 1.6"
L 04/03/2015 - 17:06:26: Server cvar "amxbans_version" = "Gm 1.6"
L 04/03/2015 - 17:06:26: Server cvar "amxmodx_version" = "1.8.1.3746"
L 04/03/2015 - 17:06:26: Server cvar "Colored Translit Cheat" = "Loaded"
L 04/03/2015 - 17:06:26: Server cvar "Colored Translit Config" = "Loaded"
L 04/03/2015 - 17:06:26: Server cvar "Colored Translit Ignores" = "Loaded"
L 04/03/2015 - 17:06:26: Server cvar "Colored Translit Replace" = "Failed"
L 04/03/2015 - 17:06:26: Server cvar "Colored Translit Spam" = "Loaded"
L 04/03/2015 - 17:06:26: Server cvar "Colored Translit Status" = "Loaded"
L 04/03/2015 - 17:06:26: Server cvar "Colored Translit Swear" = "Loaded"
L 04/03/2015 - 17:06:26: Server cvar "Colored Translit Version" = "2.0b Final"
L 04/03/2015 - 17:06:26: Server cvar "coop" = "0"
L 04/03/2015 - 17:06:26: Server cvar "deathmatch" = "1"
L 04/03/2015 - 17:06:26: Server cvar "decalfrequency" = "9"
L 04/03/2015 - 17:06:26: Server cvar "dp_version" = "0.9.391"
L 04/03/2015 - 17:06:26: Server cvar "edgefriction" = "2"
L 04/03/2015 - 17:06:26: Server cvar "hostage_debug" = "0"
L 04/03/2015 - 17:06:26: Server cvar "hostage_stop" = "0"
L 04/03/2015 - 17:06:26: Server cvar "humans_join_team" = "any"
L 04/03/2015 - 17:06:26: Server cvar "jtp10181" = "chute,gore"
L 04/03/2015 - 17:06:26: Server cvar "max_queries_sec" = "3.0"
L 04/03/2015 - 17:06:26: Server cvar "max_queries_sec_global" = "30"
L 04/03/2015 - 17:06:26: Server cvar "max_queries_window" = "60"
L 04/03/2015 - 17:06:26: Server cvar "metamod_version" = "1.19"
L 04/03/2015 - 17:06:26: Server cvar "mp_allowmonsters" = "0"
L 04/03/2015 - 17:06:26: Server cvar "mp_autokick" = "1"
L 04/03/2015 - 17:06:26: Server cvar "mp_autoteambalance" = "1"
L 04/03/2015 - 17:06:26: Server cvar "mp_buytime" = "1.5"
L 04/03/2015 - 17:06:26: Server cvar "mp_c4timer" = "35"
L 04/03/2015 - 17:06:26: Server cvar "mp_chattime" = "1"
L 04/03/2015 - 17:06:26: Server cvar "mp_consistency" = "1"
L 04/03/2015 - 17:06:26: Server cvar "mp_fadetoblack" = "0"
L 04/03/2015 - 17:06:26: Server cvar "mp_flashlight" = "1"
L 04/03/2015 - 17:06:26: Server cvar "mp_footsteps" = "1"
L 04/03/2015 - 17:06:26: Server cvar "mp_forcecamera" = "0"
L 04/03/2015 - 17:06:26: Server cvar "mp_forcechasecam" = "0"
L 04/03/2015 - 17:06:26: Server cvar "mp_fragsleft" = "0"
L 04/03/2015 - 17:06:26: Server cvar "mp_freezetime" = "5"
L 04/03/2015 - 17:06:26: Server cvar "mp_friendlyfire" = "0"
L 04/03/2015 - 17:06:26: Server cvar "mp_ghostfrequency" = "0.1"
L 04/03/2015 - 17:06:26: Server cvar "mp_hostagepenalty" = "0"
L 04/03/2015 - 17:06:26: Server cvar "mp_kickpercent" = "0.66"
L 04/03/2015 - 17:06:26: Server cvar "mp_limitteams" = "5"
L 04/03/2015 - 17:06:26: Server cvar "mp_logdetail" = "3"
L 04/03/2015 - 17:06:26: Server cvar "mp_logfile" = "1"
L 04/03/2015 - 17:06:26: Server cvar "mp_logmessages" = "1"
L 04/03/2015 - 17:06:26: Server cvar "mp_mapvoteratio" = "0.66"
L 04/03/2015 - 17:06:26: Server cvar "mp_maxrounds" = "0"
L 04/03/2015 - 17:06:26: Server cvar "mp_mirrordamage" = "0"
L 04/03/2015 - 17:06:26: Server cvar "mp_playerid" = "0"
L 04/03/2015 - 17:06:26: Server cvar "mp_roundtime" = "2.57"
L 04/03/2015 - 17:06:26: Server cvar "mp_startmoney" = "800"
L 04/03/2015 - 17:06:26: Server cvar "mp_timeleft" = "0"
L 04/03/2015 - 17:06:26: Server cvar "mp_timelimit" = "30.000000"
L 04/03/2015 - 17:06:26: Server cvar "mp_tkpunish" = "1"
L 04/03/2015 - 17:06:26: Server cvar "mp_windifference" = "1"
L 04/03/2015 - 17:06:26: Server cvar "mp_winlimit" = "0"
L 04/03/2015 - 17:06:26: Server cvar "pausable" = "0"
L 04/03/2015 - 17:06:26: Server cvar "sv_accelerate" = "5"
L 04/03/2015 - 17:06:26: Server cvar "sv_aim" = "0"
L 04/03/2015 - 17:06:26: Server cvar "sv_airaccelerate" = "10"
L 04/03/2015 - 17:06:26: Server cvar "sv_airmove" = "1"
L 04/03/2015 - 17:06:26: Server cvar "sv_allowupload" = "1"
L 04/03/2015 - 17:06:26: Server cvar "sv_alltalk" = "0"
L 04/03/2015 - 17:06:26: Server cvar "sv_bounce" = "1"
L 04/03/2015 - 17:06:26: Server cvar "sv_cheats" = "0"
L 04/03/2015 - 17:06:26: Server cvar "sv_clienttrace" = "1"
L 04/03/2015 - 17:06:26: Server cvar "sv_clipmode" = "0"
L 04/03/2015 - 17:06:26: Server cvar "sv_contact" = ""
L 04/03/2015 - 17:06:26: Server cvar "sv_friction" = "4"
L 04/03/2015 - 17:06:26: Server cvar "sv_gravity" = "800"
L 04/03/2015 - 17:06:26: Server cvar "sv_logblocks" = "0"
L 04/03/2015 - 17:06:26: Server cvar "sv_maxrate" = "25000"
L 04/03/2015 - 17:06:26: Server cvar "sv_maxspeed" = "900"
L 04/03/2015 - 17:06:26: Server cvar "sv_minrate" = "100000"
L 04/03/2015 - 17:06:26: Server cvar "sv_password" = ""
L 04/03/2015 - 17:06:26: Server cvar "sv_proxies" = "0"
L 04/03/2015 - 17:06:26: Server cvar "sv_region" = "3"
L 04/03/2015 - 17:06:26: Server cvar "sv_restart" = "0"
L 04/03/2015 - 17:06:26: Server cvar "sv_restartround" = "0"
L 04/03/2015 - 17:06:26: Server cvar "sv_stepsize" = "18"
L 04/03/2015 - 17:06:26: Server cvar "sv_stopspeed" = "75"
L 04/03/2015 - 17:06:26: Server cvar "sv_uploadmax" = "0.5"
L 04/03/2015 - 17:06:26: Server cvar "sv_voiceenable" = "1"
L 04/03/2015 - 17:06:26: Server cvar "sv_wateraccelerate" = "10"
L 04/03/2015 - 17:06:26: Server cvar "sv_waterfriction" = "1"
L 04/03/2015 - 17:06:26: Server cvar "travo_statmarquee" = "v1.2"
L 04/03/2015 - 17:06:26: Server cvar "vtc_version" = "80"
L 04/03/2015 - 17:06:26: Server cvar "wallblocker_version" = "1.0"
L 04/03/2015 - 17:06:26: Server cvars end
L 04/03/2015 - 17:06:26: Server cvar "amx_nextmap" = "cs_assault"
L 04/03/2015 - 17:06:26: Server cvar "sv_restart" = "1"
L 04/03/2015 - 17:06:26: World triggered "Restart_Round_(1_second)"
L 04/03/2015 - 17:06:26: Team "CT" scored "0" with "0" players
L 04/03/2015 - 17:06:26: Team "TERRORIST" scored "0" with "0" players
L 04/03/2015 - 17:06:26: Server cvar "sv_restart" = "0"
L 04/03/2015 - 17:06:26: Started map "awp_map" (CRC "1246007192")
L 04/03/2015 - 17:06:26: [VTC] Player 7 speex
L 04/03/2015 - 17:06:26: [VTC] Player 4 speex
L 04/03/2015 - 17:06:26: [VTC] Player 8 speex
L 04/03/2015 - 17:06:26: [VTC] Player 1 speex
L 04/03/2015 - 17:06:26: [VTC] Player 2 speex
L 04/03/2015 - 17:06:26: [VTC] Player 5 speex
L 04/03/2015 - 17:06:26: [VTC] Player 6 speex
L 04/03/2015 - 17:06:28: "Dimon_Flo_Rida<196><STEAM_0:4:127683973><>" entered the game
L 04/03/2015 - 17:06:28: [DPROTO]: Client 7 - Set AuthIdType 3 [dp_RevEmu]; pClient = 0xb39477b4
L 04/03/2015 - 17:06:28: "White Walker<200><STEAM_0:4:1280756741><>" connected, address "178.122.241.49:27005"
L 04/03/2015 - 17:06:28: [DPROTO]: Client 2 - Set AuthIdType 3 [dp_RevEmu]; pClient = 0xb392ecf0
L 04/03/2015 - 17:06:28: "4ANHNK<201><STEAM_0:4:837733637><>" connected, address "178.120.129.202:45981"
L 04/03/2015 - 17:06:28: [VTC] Player 8 speex
L 04/03/2015 - 17:06:28: [DPROTO]: Client 6 - Set AuthIdType 3 [dp_RevEmu]; pClient = 0xb39428c0
L 04/03/2015 - 17:06:28: "AIMPOWER* myP<202><STEAM_0:4:1767286533><>" connected, address "178.172.241.123:33033"
L 04/03/2015 - 17:06:28: [VTC] Player 7 speex
L 04/03/2015 - 17:06:28: [DPROTO]: Client 1 - Set AuthIdType 3 [dp_RevEmu]; pClient = 0xb3929dfc
L 04/03/2015 - 17:06:28: "[WRP]~TAPO4EK~<203><STEAM_0:4:2063064822><>" connected, address "85.95.179.92:28722"
L 04/03/2015 - 17:06:29: [VTC] Player 2 speex
L 04/03/2015 - 17:06:29: [DPROTO]: Client 0 - Set AuthIdType 3 [dp_RevEmu]; pClient = 0xb3924f08
L 04/03/2015 - 17:06:29: "Buka<204><STEAM_0:4:1443581317><>" connected, address "178.121.74.5:54105"
L 04/03/2015 - 17:06:29: [VTC] Player 1 speex
L 04/03/2015 - 17:06:30: "White Walker<200><STEAM_0:4:1280756741><>" entered the game
L 04/03/2015 - 17:06:30: "ANGELuHA<176><STEAM_0:4:1512754949><>" entered the game
L 04/03/2015 - 17:06:31: "4ANHNK<201><STEAM_0:4:837733637><>" entered the game
L 04/03/2015 - 17:06:31: "AIMPOWER* myP<202><STEAM_0:4:1767286533><>" entered the game
L 04/03/2015 - 17:06:31: "Dimon_Flo_Rida<196><STEAM_0:4:127683973><>" joined team "CT"
L 04/03/2015 - 17:06:31: World triggered "Round_Start"
L 04/03/2015 - 17:06:32: "[WRP]~TAPO4EK~<203><STEAM_0:4:2063064822><>" entered the game
L 04/03/2015 - 17:06:32: [DPROTO]: Client 4 - Set AuthIdType 3 [dp_RevEmu]; pClient = 0xb3938ad8
L 04/03/2015 - 17:06:32: "Kefir<205><STEAM_0:4:731565317><>" connected, address "178.120.105.254:41208"
L 04/03/2015 - 17:06:32: [VTC] Player 5 speex
L 04/03/2015 - 17:06:33: "AIMPOWER* myP<202><STEAM_0:4:1767286533><>" joined team "TERRORIST"
L 04/03/2015 - 17:06:33: World triggered "Game_Commencing"
L 04/03/2015 - 17:06:33: World triggered "Game_Commencing" (CT "0") (T "0")
L 04/03/2015 - 17:06:33: World triggered "Round_End"
L 04/03/2015 - 17:06:34: "Buka<204><STEAM_0:4:1443581317><>" entered the game
L 04/03/2015 - 17:06:34: "[WRP]~TAPO4EK~<203><STEAM_0:4:2063064822><>" joined team "TERRORIST"
L 04/03/2015 - 17:06:36: "Buka<204><STEAM_0:4:1443581317><>" joined team "CT"
L 04/03/2015 - 17:06:38: "4ANHNK<201><STEAM_0:4:837733637><>" joined team "CT"
L 04/03/2015 - 17:06:38: "ANGELuHA<176><STEAM_0:4:1512754949><>" joined team "CT"
L 04/03/2015 - 17:06:39: "White Walker<200><STEAM_0:4:1280756741><>" joined team "CT"
L 04/03/2015 - 17:06:40: "Kefir<205><STEAM_0:4:731565317><>" entered the game
L 04/03/2015 - 17:06:41: World triggered "Round_Start"
L 04/03/2015 - 17:06:43: "[WRP]~TAPO4EK~<203><STEAM_0:4:2063064822><TERRORIST>" attacked "Dimon_Flo_Rida<196><STEAM_0:4:127683973><CT>" with "awp" (damage "108") (damage_armor "0") (health "-8") (armor "0")
L 04/03/2015 - 17:06:44: "[WRP]~TAPO4EK~<203><STEAM_0:4:2063064822><TERRORIST>" killed "Dimon_Flo_Rida<196><STEAM_0:4:127683973><CT>" with "awp"
L 04/03/2015 - 17:06:46: "Kefir<205><STEAM_0:4:731565317><>" joined team "TERRORIST"
L 04/03/2015 - 17:06:46: "[WRP]~TAPO4EK~<203><STEAM_0:4:2063064822><TERRORIST>" attacked "ANGELuHA<176><STEAM_0:4:1512754949><CT>" with "awp" (damage "105") (damage_armor "2") (health "-5") (armor "98")
L 04/03/2015 - 17:06:46: "[WRP]~TAPO4EK~<203><STEAM_0:4:2063064822><TERRORIST>" killed "ANGELuHA<176><STEAM_0:4:1512754949><CT>" with "awp"
L 04/03/2015 - 17:06:49: "Kefir<205><STEAM_0:4:731565317><TERRORIST>" attacked "Buka<204><STEAM_0:4:1443581317><CT>" with "awp" (damage "108") (damage_armor "0") (health "-8") (armor "0")
L 04/03/2015 - 17:06:49: "Kefir<205><STEAM_0:4:731565317><TERRORIST>" killed "Buka<204><STEAM_0:4:1443581317><CT>" with "awp"
L 04/03/2015 - 17:06:50: "4ANHNK<201><STEAM_0:4:837733637><CT>" attacked "[WRP]~TAPO4EK~<203><STEAM_0:4:2063064822><TERRORIST>" with "awp" (damage "108") (damage_armor "0") (health "-8") (armor "0")
L 04/03/2015 - 17:06:50: "4ANHNK<201><STEAM_0:4:837733637><CT>" killed "[WRP]~TAPO4EK~<203><STEAM_0:4:2063064822><TERRORIST>" with "awp"
L 04/03/2015 - 17:06:52: "White Walker<200><STEAM_0:4:1280756741><CT>" attacked "AIMPOWER* myP<202><STEAM_0:4:1767286533><TERRORIST>" with "awp" (damage "54") (damage_armor "0") (health "46") (armor "0")
L 04/03/2015 - 17:06:52: "Kefir<205><STEAM_0:4:731565317><TERRORIST>" attacked "White Walker<200><STEAM_0:4:1280756741><CT>" with "awp" (damage "109") (damage_armor "0") (health "-9") (armor "0")
L 04/03/2015 - 17:06:52: "Kefir<205><STEAM_0:4:731565317><TERRORIST>" killed "White Walker<200><STEAM_0:4:1280756741><CT>" with "awp"
L 04/03/2015 - 17:06:53: "4ANHNK<201><STEAM_0:4:837733637><CT>" attacked "AIMPOWER* myP<202><STEAM_0:4:1767286533><TERRORIST>" with "awp" (damage "436") (damage_armor "0") (health "-390") (armor "0")
L 04/03/2015 - 17:06:53: "4ANHNK<201><STEAM_0:4:837733637><CT>" killed "AIMPOWER* myP<202><STEAM_0:4:1767286533><TERRORIST>" with "awp"
L 04/03/2015 - 17:06:58: "Kefir<205><STEAM_0:4:731565317><TERRORIST>" attacked "4ANHNK<201><STEAM_0:4:837733637><CT>" with "awp" (damage "53") (damage_armor "0") (health "47") (armor "0")
L 04/03/2015 - 17:07:00: "AIMPOWER* myP<202><STEAM_0:4:1767286533><TERRORIST>" triggered "weaponstats" (weapon "awp") (shots "2") (hits "0") (kills "0") (headshots "0") (tks "0") (damage "0") (deaths "1")
L 04/03/2015 - 17:07:00: "AIMPOWER* myP<202><STEAM_0:4:1767286533><TERRORIST>" triggered "weaponstats2" (weapon "awp") (head "0") (chest "0") (stomach "0") (leftarm "0") (rightarm "0") (leftleg "0") (rightleg "0")
L 04/03/2015 - 17:07:00: "AIMPOWER* myP<202><STEAM_0:4:1767286533><TERRORIST>" triggered "weaponstats" (weapon "knife") (shots "1") (hits "0") (kills "0") (headshots "0") (tks "0") (damage "0") (deaths "0")
L 04/03/2015 - 17:07:00: "AIMPOWER* myP<202><STEAM_0:4:1767286533><TERRORIST>" triggered "weaponstats2" (weapon "knife") (head "0") (chest "0") (stomach "0") (leftarm "0") (rightarm "0") (leftleg "0") (rightleg "0")
L 04/03/2015 - 17:07:00: "AIMPOWER* myP<202><STEAM_0:4:1767286533><TERRORIST>" triggered "time" (time "0:28")
L 04/03/2015 - 17:07:00: "AIMPOWER* myP<202><STEAM_0:4:1767286533><TERRORIST>" triggered "latency" (ping "29")
L 04/03/2015 - 17:07:00: "AIMPOWER* myP<202><STEAM_0:4:1767286533><TERRORIST>" disconnected
L 04/03/2015 - 17:07:05: "4ANHNK<201><STEAM_0:4:837733637><CT>" attacked "Kefir<205><STEAM_0:4:731565317><TERRORIST>" with "awp" (damage "81") (damage_armor "0") (health "19") (armor "0")
L 04/03/2015 - 17:07:07: "Kefir<205><STEAM_0:4:731565317><TERRORIST>" attacked "4ANHNK<201><STEAM_0:4:837733637><CT>" with "awp" (damage "108") (damage_armor "0") (health "-61") (armor "0")
L 04/03/2015 - 17:07:07: "Kefir<205><STEAM_0:4:731565317><TERRORIST>" killed "4ANHNK<201><STEAM_0:4:837733637><CT>" with "awp"
L 04/03/2015 - 17:07:07: Team "TERRORIST" triggered "Terrorists_Win" (CT "0") (T "1")
L 04/03/2015 - 17:07:07: World triggered "Round_End"
L 04/03/2015 - 17:07:17: World triggered "Round_Start"
L 04/03/2015 - 17:07:17: "[WRP]~TAPO4EK~<203><STEAM_0:4:2063064822><TERRORIST>" attacked "4ANHNK<201><STEAM_0:4:837733637><CT>" with "glock18" (damage "4") (damage_armor "0") (health "96") (armor "0")
L 04/03/2015 - 17:07:25: "Kefir<205><STEAM_0:4:731565317><TERRORIST>" attacked "ANGELuHA<176><STEAM_0:4:1512754949><CT>" with "awp" (damage "105") (damage_armor "2") (health "-5") (armor "98")
L 04/03/2015 - 17:07:25: "Kefir<205><STEAM_0:4:731565317><TERRORIST>" killed "ANGELuHA<176><STEAM_0:4:1512754949><CT>" with "awp"
L 04/03/2015 - 17:07:27: "Kefir<205><STEAM_0:4:731565317><TERRORIST>" attacked "White Walker<200><STEAM_0:4:1280756741><CT>" with "awp" (damage "108") (damage_armor "0") (health "-8") (armor "0")
L 04/03/2015 - 17:07:27: "Kefir<205><STEAM_0:4:731565317><TERRORIST>" killed "White Walker<200><STEAM_0:4:1280756741><CT>" with "awp"
L 04/03/2015 - 17:07:27: "[WRP]~TAPO4EK~<203><STEAM_0:4:2063064822><TERRORIST>" attacked "Dimon_Flo_Rida<196><STEAM_0:4:127683973><CT>" with "awp" (damage "108") (damage_armor "0") (health "-8") (armor "0")
L 04/03/2015 - 17:07:27: "[WRP]~TAPO4EK~<203><STEAM_0:4:2063064822><TERRORIST>" killed "Dimon_Flo_Rida<196><STEAM_0:4:127683973><CT>" with "awp"
L 04/03/2015 - 17:07:32: "[WRP]~TAPO4EK~<203><STEAM_0:4:2063064822><TERRORIST>" attacked "Buka<204><STEAM_0:4:1443581317><CT>" with "awp" (damage "436") (damage_armor "0") (health "-336") (armor "0")
L 04/03/2015 - 17:07:32: "[WRP]~TAPO4EK~<203><STEAM_0:4:2063064822><TERRORIST>" killed "Buka<204><STEAM_0:4:1443581317><CT>" with "awp"
L 04/03/2015 - 17:07:37: "4ANHNK<201><STEAM_0:4:837733637><CT>" attacked "[WRP]~TAPO4EK~<203><STEAM_0:4:2063064822><TERRORIST>" with "awp" (damage "109") (damage_armor "0") (health "-9") (armor "0")
L 04/03/2015 - 17:07:37: "4ANHNK<201><STEAM_0:4:837733637><CT>" killed "[WRP]~TAPO4EK~<203><STEAM_0:4:2063064822><TERRORIST>" with "awp"
L 04/03/2015 - 17:08:00: "4ANHNK<201><STEAM_0:4:837733637><CT>" attacked "Kefir<205><STEAM_0:4:731565317><TERRORIST>" with "usp" (damage "22") (damage_armor "0") (health "78") (armor "0")
L 04/03/2015 - 17:08:00: "4ANHNK<201><STEAM_0:4:837733637><CT>" attacked "Kefir<205><STEAM_0:4:731565317><TERRORIST>" with "usp" (damage "16") (damage_armor "0") (health "62") (armor "0")
L 04/03/2015 - 17:08:04: "4ANHNK<201><STEAM_0:4:837733637><CT>" attacked "Kefir<205><STEAM_0:4:731565317><TERRORIST>" with "usp" (damage "16") (damage_armor "0") (health "46") (armor "0")
L 04/03/2015 - 17:08:04: "Kefir<205><STEAM_0:4:731565317><TERRORIST>" attacked "4ANHNK<201><STEAM_0:4:837733637><CT>" with "awp" (damage "113") (damage_armor "0") (health "-17") (armor "0")
L 04/03/2015 - 17:08:04: "Kefir<205><STEAM_0:4:731565317><TERRORIST>" killed "4ANHNK<201><STEAM_0:4:837733637><CT>" with "awp"
L 04/03/2015 - 17:08:04: Team "TERRORIST" triggered "Terrorists_Win" (CT "0") (T "2")
L 04/03/2015 - 17:08:04: World triggered "Round_End"
L 04/03/2015 - 17:08:09: "Buka<204><STEAM_0:4:1443581317><CT>" joined team "TERRORIST" (auto)
L 04/03/2015 - 17:08:11: Kick: "Kefir<205><STEAM_0:4:731565317><>" was kicked by "Console" (message ""Извини, но ты лагер :D, попробуй зайти позже"")
L 04/03/2015 - 17:08:11: "Kefir<205><STEAM_0:4:731565317><TERRORIST>" triggered "weaponstats" (weapon "awp") (shots "12") (hits "7") (kills "6") (headshots "0") (tks "0") (damage "704") (deaths "0")
L 04/03/2015 - 17:08:11: "Kefir<205><STEAM_0:4:731565317><TERRORIST>" triggered "weaponstats2" (weapon "awp") (head "0") (chest "1") (stomach "0") (leftarm "6") (rightarm "0") (leftleg "0") (rightleg "0")
L 04/03/2015 - 17:08:11: "Kefir<205><STEAM_0:4:731565317><TERRORIST>" triggered "time" (time "1:30")
L 04/03/2015 - 17:08:11: "Kefir<205><STEAM_0:4:731565317><TERRORIST>" triggered "latency" (ping "54")
L 04/03/2015 - 17:08:11: "Kefir<205><STEAM_0:4:731565317><TERRORIST>" disconnected
L 04/03/2015 - 17:08:14: World triggered "Round_Start"
L 04/03/2015 - 17:08:16: [DPROTO]: Client 4 - Set AuthIdType 3 [dp_RevEmu]; pClient = 0xb3938ad8
L 04/03/2015 - 17:08:16: "Kefir<206><STEAM_0:4:731565317><>" connected, address "178.120.105.254:41208"
L 04/03/2015 - 17:08:16: Kick: "Kefir<206><STEAM_0:4:731565317><>" was kicked by "Console" (message ""Повторное подключение будет доступно через 14 секунд"")
L 04/03/2015 - 17:08:20: "Buka<204><STEAM_0:4:1443581317><TERRORIST>" attacked "ANGELuHA<176><STEAM_0:4:1512754949><CT>" with "awp" (damage "81") (damage_armor "0") (health "19") (armor "100")
L 04/03/2015 - 17:08:20: "ANGELuHA<176><STEAM_0:4:1512754949><CT>" attacked "Buka<204><STEAM_0:4:1443581317><TERRORIST>" with "awp" (damage "109") (damage_armor "0") (health "-9") (armor "0")
L 04/03/2015 - 17:08:20: "ANGELuHA<176><STEAM_0:4:1512754949><CT>" killed "Buka<204><STEAM_0:4:1443581317><TERRORIST>" with "awp"
L 04/03/2015 - 17:08:22: "[WRP]~TAPO4EK~<203><STEAM_0:4:2063064822><TERRORIST>" attacked "Dimon_Flo_Rida<196><STEAM_0:4:127683973><CT>" with "awp" (damage "81") (damage_armor "0") (health "19") (armor "0")
L 04/03/2015 - 17:08:23: "Dimon_Flo_Rida<196><STEAM_0:4:127683973><CT>" attacked "[WRP]~TAPO4EK~<203><STEAM_0:4:2063064822><TERRORIST>" with "awp" (damage "109") (damage_armor "0") (health "-9") (armor "0")
L 04/03/2015 - 17:08:23: "Dimon_Flo_Rida<196><STEAM_0:4:127683973><CT>" killed "[WRP]~TAPO4EK~<203><STEAM_0:4:2063064822><TERRORIST>" with "awp"
L 04/03/2015 - 17:08:23: Team "CT" triggered "CTs_Win" (CT "1") (T "2")
L 04/03/2015 - 17:08:23: World triggered "Round_End"
L 04/03/2015 - 17:08:26: "Dimon_Flo_Rida<196><STEAM_0:4:127683973><CT>" committed suicide with "world"
L 04/03/2015 - 17:08:26: "Dimon_Flo_Rida<196><STEAM_0:4:127683973><CT>" joined team "TERRORIST"
L 04/03/2015 - 17:08:33: World triggered "Round_Start"
L 04/03/2015 - 17:08:33: "White Walker<200><STEAM_0:4:1280756741><CT>" attacked "Buka<204><STEAM_0:4:1443581317><TERRORIST>" with "m4a1" (damage "18") (damage_armor "0") (health "82") (armor "0")
L 04/03/2015 - 17:08:33: "4ANHNK<201><STEAM_0:4:837733637><CT>" attacked "Dimon_Flo_Rida<196><STEAM_0:4:127683973><TERRORIST>" with "awp" (damage "80") (damage_armor "0") (health "20") (armor "0")
L 04/03/2015 - 17:08:33: "White Walker<200><STEAM_0:4:1280756741><CT>" attacked "Buka<204><STEAM_0:4:1443581317><TERRORIST>" with "m4a1" (damage "24") (damage_armor "0") (health "58") (armor "0")
L 04/03/2015 - 17:08:33: "White Walker<200><STEAM_0:4:1280756741><CT>" attacked "Buka<204><STEAM_0:4:1443581317><TERRORIST>" with "m4a1" (damage "30") (damage_armor "0") (health "28") (armor "0")
L 04/03/2015 - 17:08:38: "White Walker<200><STEAM_0:4:1280756741><CT>" attacked "Buka<204><STEAM_0:4:1443581317><TERRORIST>" with "m4a1" (damage "25") (damage_armor "0") (health "3") (armor "0")
L 04/03/2015 - 17:08:38: [DPROTO]: Client 4 - Set AuthIdType 3 [dp_RevEmu]; pClient = 0xb3938ad8
L 04/03/2015 - 17:08:38: "Kefir<207><STEAM_0:4:731565317><>" connected, address "178.120.105.254:41208"
L 04/03/2015 - 17:08:38: "[WRP]~TAPO4EK~<203><STEAM_0:4:2063064822><TERRORIST>" attacked "4ANHNK<201><STEAM_0:4:837733637><CT>" with "awp" (damage "109") (damage_armor "0") (health "-9") (armor "0")
L 04/03/2015 - 17:08:38: "[WRP]~TAPO4EK~<203><STEAM_0:4:2063064822><TERRORIST>" killed "4ANHNK<201><STEAM_0:4:837733637><CT>" with "awp"
L 04/03/2015 - 17:08:38: [VTC] Player 5 speex
L 04/03/2015 - 17:08:38: "White Walker<200><STEAM_0:4:1280756741><CT>" attacked "Buka<204><STEAM_0:4:1443581317><TERRORIST>" with "m4a1" (damage "30") (damage_armor "0") (health "-27") (armor "0")
L 04/03/2015 - 17:08:38: "White Walker<200><STEAM_0:4:1280756741><CT>" killed "Buka<204><STEAM_0:4:1443581317><TERRORIST>" with "m4a1"
L 04/03/2015 - 17:08:41: "Buka<204><STEAM_0:4:1443581317><TERRORIST>" triggered "weaponstats" (weapon "awp") (shots "7") (hits "1") (kills "0") (headshots "0") (tks "0") (damage "81") (deaths "4")
L 04/03/2015 - 17:08:41: "Buka<204><STEAM_0:4:1443581317><TERRORIST>" triggered "weaponstats2" (weapon "awp") (head "0") (chest "0") (stomach "0") (leftarm "0") (rightarm "0") (leftleg "1") (rightleg "0")
L 04/03/2015 - 17:08:41: "Buka<204><STEAM_0:4:1443581317><TERRORIST>" triggered "time" (time "2:07")
L 04/03/2015 - 17:08:41: "Buka<204><STEAM_0:4:1443581317><TERRORIST>" triggered "latency" (ping "80")
L 04/03/2015 - 17:08:41: "Buka<204><STEAM_0:4:1443581317><TERRORIST>" disconnected
L 04/03/2015 - 17:08:42: "Kefir<207><STEAM_0:4:731565317><>" entered the game
L 04/03/2015 - 17:08:42: "Dimon_Flo_Rida<196><STEAM_0:4:127683973><TERRORIST>" attacked "ANGELuHA<176><STEAM_0:4:1512754949><CT>" with "awp" (damage "106") (damage_armor "2") (health "-6") (armor "98")
L 04/03/2015 - 17:08:42: "Dimon_Flo_Rida<196><STEAM_0:4:127683973><TERRORIST>" killed "ANGELuHA<176><STEAM_0:4:1512754949><CT>" with "awp"
L 04/03/2015 - 17:08:43: "[WRP]~TAPO4EK~<203><STEAM_0:4:2063064822><TERRORIST>" attacked "White Walker<200><STEAM_0:4:1280756741><CT>" with "awp" (damage "109") (damage_armor "0") (health "-9") (armor "0")
L 04/03/2015 - 17:08:43: "[WRP]~TAPO4EK~<203><STEAM_0:4:2063064822><TERRORIST>" killed "White Walker<200><STEAM_0:4:1280756741><CT>" with "awp"
L 04/03/2015 - 17:08:43: Team "TERRORIST" triggered "Terrorists_Win" (CT "1") (T "3")
L 04/03/2015 - 17:08:43: World triggered "Round_End"
L 04/03/2015 - 17:08:45: "Kefir<207><STEAM_0:4:731565317><>" joined team "CT"
L 04/03/2015 - 17:08:53: World triggered "Round_Start"
L 04/03/2015 - 17:08:53: "Dimon_Flo_Rida<196><STEAM_0:4:127683973><TERRORIST>" attacked "4ANHNK<201><STEAM_0:4:837733637><CT>" with "awp" (damage "432") (damage_armor "0") (health "-332") (armor "0")
L 04/03/2015 - 17:08:53: "Dimon_Flo_Rida<196><STEAM_0:4:127683973><TERRORIST>" killed "4ANHNK<201><STEAM_0:4:837733637><CT>" with "awp"
L 04/03/2015 - 17:08:55: "Kefir<207><STEAM_0:4:731565317><CT>" attacked "Dimon_Flo_Rida<196><STEAM_0:4:127683973><TERRORIST>" with "awp" (damage "109") (damage_armor "0") (health "-9") (armor "0")
L 04/03/2015 - 17:08:55: "Kefir<207><STEAM_0:4:731565317><CT>" killed "Dimon_Flo_Rida<196><STEAM_0:4:127683973><TERRORIST>" with "awp"
L 04/03/2015 - 17:09:00: "Kefir<207><STEAM_0:4:731565317><CT>" attacked "[WRP]~TAPO4EK~<203><STEAM_0:4:2063064822><TERRORIST>" with "awp" (damage "110") (damage_armor "0") (health "-10") (armor "0")
L 04/03/2015 - 17:09:00: "Kefir<207><STEAM_0:4:731565317><CT>" killed "[WRP]~TAPO4EK~<203><STEAM_0:4:2063064822><TERRORIST>" with "awp"
L 04/03/2015 - 17:09:00: Team "CT" triggered "CTs_Win" (CT "2") (T "3")
L 04/03/2015 - 17:09:00: World triggered "Round_End"
L 04/03/2015 - 17:09:05: "Kefir<207><STEAM_0:4:731565317><CT>" joined team "TERRORIST" (auto)
L 04/03/2015 - 17:09:10: World triggered "Round_Start"
L 04/03/2015 - 17:09:14: "White Walker<200><STEAM_0:4:1280756741><CT>" attacked "[WRP]~TAPO4EK~<203><STEAM_0:4:2063064822><TERRORIST>" with "awp" (damage "108") (damage_armor "0") (health "-8") (armor "0")
L 04/03/2015 - 17:09:14: "White Walker<200><STEAM_0:4:1280756741><CT>" killed "[WRP]~TAPO4EK~<203><STEAM_0:4:2063064822><TERRORIST>" with "awp"
L 04/03/2015 - 17:09:16: "Dimon_Flo_Rida<196><STEAM_0:4:127683973><TERRORIST>" attacked "ANGELuHA<176><STEAM_0:4:1512754949><CT>" with "awp" (damage "105") (damage_armor "2") (health "-5") (armor "98")
L 04/03/2015 - 17:09:16: "Dimon_Flo_Rida<196><STEAM_0:4:127683973><TERRORIST>" killed "ANGELuHA<176><STEAM_0:4:1512754949><CT>" with "awp"
L 04/03/2015 - 17:09:20: "Kefir<207><STEAM_0:4:731565317><TERRORIST>" attacked "4ANHNK<201><STEAM_0:4:837733637><CT>" with "awp" (damage "109") (damage_armor "0") (health "-9") (armor "0")
L 04/03/2015 - 17:09:20: "Kefir<207><STEAM_0:4:731565317><TERRORIST>" killed "4ANHNK<201><STEAM_0:4:837733637><CT>" with "awp"
L 04/03/2015 - 17:09:22: "Dimon_Flo_Rida<196><STEAM_0:4:127683973><TERRORIST>" attacked "White Walker<200><STEAM_0:4:1280756741><CT>" with "awp" (damage "135") (damage_armor "0") (health "-35") (armor "0")
L 04/03/2015 - 17:09:22: "Dimon_Flo_Rida<196><STEAM_0:4:127683973><TERRORIST>" killed "White Walker<200><STEAM_0:4:1280756741><CT>" with "awp"
L 04/03/2015 - 17:09:22: Team "TERRORIST" triggered "Terrorists_Win" (CT "2") (T "4")
L 04/03/2015 - 17:09:22: World triggered "Round_End"
L 04/03/2015 - 17:09:32: World triggered "Round_Start"
L 04/03/2015 - 17:09:32: "Dimon_Flo_Rida<196><STEAM_0:4:127683973><TERRORIST>" attacked "White Walker<200><STEAM_0:4:1280756741><CT>" with "awp" (damage "432") (damage_armor "0") (health "-332") (armor "0")
L 04/03/2015 - 17:09:32: "Dimon_Flo_Rida<196><STEAM_0:4:127683973><TERRORIST>" killed "White Walker<200><STEAM_0:4:1280756741><CT>" with "awp"
L 04/03/2015 - 17:09:38: "4ANHNK<201><STEAM_0:4:837733637><CT>" attacked "[WRP]~TAPO4EK~<203><STEAM_0:4:2063064822><TERRORIST>" with "awp" (damage "108") (damage_armor "0") (health "-8") (armor "0")
L 04/03/2015 - 17:09:38: "4ANHNK<201><STEAM_0:4:837733637><CT>" killed "[WRP]~TAPO4EK~<203><STEAM_0:4:2063064822><TERRORIST>" with "awp"
L 04/03/2015 - 17:09:41: "Dimon_Flo_Rida<196><STEAM_0:4:127683973><TERRORIST>" attacked "ANGELuHA<176><STEAM_0:4:1512754949><CT>" with "awp" (damage "107") (damage_armor "2") (health "-7") (armor "98")
L 04/03/2015 - 17:09:41: "Dimon_Flo_Rida<196><STEAM_0:4:127683973><TERRORIST>" killed "ANGELuHA<176><STEAM_0:4:1512754949><CT>" with "awp"
L 04/03/2015 - 17:09:47: "Dimon_Flo_Rida<196><STEAM_0:4:127683973><TERRORIST>" attacked "4ANHNK<201><STEAM_0:4:837733637><CT>" with "awp" (damage "110") (damage_armor "0") (health "-10") (armor "0")
L 04/03/2015 - 17:09:47: "Dimon_Flo_Rida<196><STEAM_0:4:127683973><TERRORIST>" killed "4ANHNK<201><STEAM_0:4:837733637><CT>" with "awp"
L 04/03/2015 - 17:09:47: Team "TERRORIST" triggered "Terrorists_Win" (CT "2") (T "5")
L 04/03/2015 - 17:09:47: World triggered "Round_End"
L 04/03/2015 - 17:09:57: World triggered "Round_Start"
L 04/03/2015 - 17:09:57: "Kefir<207><STEAM_0:4:731565317><TERRORIST>" attacked "4ANHNK<201><STEAM_0:4:837733637><CT>" with "awp" (damage "108") (damage_armor "0") (health "-8") (armor "0")
L 04/03/2015 - 17:09:57: "Kefir<207><STEAM_0:4:731565317><TERRORIST>" killed "4ANHNK<201><STEAM_0:4:837733637><CT>" with "awp"
L 04/03/2015 - 17:10:06: "White Walker<200><STEAM_0:4:1280756741><CT>" attacked "Kefir<207><STEAM_0:4:731565317><TERRORIST>" with "awp" (damage "109") (damage_armor "0") (health "-9") (armor "0")
L 04/03/2015 - 17:10:06: "White Walker<200><STEAM_0:4:1280756741><CT>" killed "Kefir<207><STEAM_0:4:731565317><TERRORIST>" with "awp"
L 04/03/2015 - 17:10:08: "ANGELuHA<176><STEAM_0:4:1512754949><CT>" attacked "Dimon_Flo_Rida<196><STEAM_0:4:127683973><TERRORIST>" with "awp" (damage "60") (damage_armor "0") (health "40") (armor "0")
L 04/03/2015 - 17:10:13: "Dimon_Flo_Rida<196><STEAM_0:4:127683973><TERRORIST>" attacked "ANGELuHA<176><STEAM_0:4:1512754949><CT>" with "awp" (damage "82") (damage_armor "0") (health "18") (armor "100")
L 04/03/2015 - 17:10:16: "White Walker<200><STEAM_0:4:1280756741><CT>" attacked "[WRP]~TAPO4EK~<203><STEAM_0:4:2063064822><TERRORIST>" with "awp" (damage "54") (damage_armor "0") (health "46") (armor "0")
L 04/03/2015 - 17:10:19: "ANGELuHA<176><STEAM_0:4:1512754949><CT>" attacked "[WRP]~TAPO4EK~<203><STEAM_0:4:2063064822><TERRORIST>" with "deagle" (damage "16") (damage_armor "0") (health "30") (armor "0")
L 04/03/2015 - 17:10:19: "[WRP]~TAPO4EK~<203><STEAM_0:4:2063064822><TERRORIST>" attacked "ANGELuHA<176><STEAM_0:4:1512754949><CT>" with "awp" (damage "78") (damage_armor "2") (health "-60") (armor "98")
L 04/03/2015 - 17:10:19: "[WRP]~TAPO4EK~<203><STEAM_0:4:2063064822><TERRORIST>" killed "ANGELuHA<176><STEAM_0:4:1512754949><CT>" with "awp"
L 04/03/2015 - 17:10:29: "White Walker<200><STEAM_0:4:1280756741><CT>" attacked "Dimon_Flo_Rida<196><STEAM_0:4:127683973><TERRORIST>" with "awp" (damage "113") (damage_armor "0") (health "-73") (armor "0")
L 04/03/2015 - 17:10:29: "White Walker<200><STEAM_0:4:1280756741><CT>" killed "Dimon_Flo_Rida<196><STEAM_0:4:127683973><TERRORIST>" with "awp"
L 04/03/2015 - 17:10:37: "White Walker<200><STEAM_0:4:1280756741><CT>" attacked "[WRP]~TAPO4EK~<203><STEAM_0:4:2063064822><TERRORIST>" with "awp" (damage "55") (damage_armor "0") (health "-25") (armor "0")
L 04/03/2015 - 17:10:37: "White Walker<200><STEAM_0:4:1280756741><CT>" killed "[WRP]~TAPO4EK~<203><STEAM_0:4:2063064822><TERRORIST>" with "awp"
L 04/03/2015 - 17:10:37: Team "CT" triggered "CTs_Win" (CT "3") (T "5")
L 04/03/2015 - 17:10:37: World triggered "Round_End"
L 04/03/2015 - 17:10:47: World triggered "Round_Start"
L 04/03/2015 - 17:10:47: "White Walker<200><STEAM_0:4:1280756741><CT>" attacked "[WRP]~TAPO4EK~<203><STEAM_0:4:2063064822><TERRORIST>" with "awp" (damage "135") (damage_armor "0") (health "-35") (armor "0")
L 04/03/2015 - 17:10:47: "White Walker<200><STEAM_0:4:1280756741><CT>" killed "[WRP]~TAPO4EK~<203><STEAM_0:4:2063064822><TERRORIST>" with "awp"
L 04/03/2015 - 17:10:51: "Kefir<207><STEAM_0:4:731565317><TERRORIST>" attacked "White Walker<200><STEAM_0:4:1280756741><CT>" with "awp" (damage "432") (damage_armor "0") (health "-332") (armor "0")
L 04/03/2015 - 17:10:51: "Kefir<207><STEAM_0:4:731565317><TERRORIST>" killed "White Walker<200><STEAM_0:4:1280756741><CT>" with "awp"
L 04/03/2015 - 17:10:56: "Kefir<207><STEAM_0:4:731565317><TERRORIST>" attacked "ANGELuHA<176><STEAM_0:4:1512754949><CT>" with "awp" (damage "425") (damage_armor "6") (health "-325") (armor "94")
L 04/03/2015 - 17:10:56: "Kefir<207><STEAM_0:4:731565317><TERRORIST>" killed "ANGELuHA<176><STEAM_0:4:1512754949><CT>" with "awp"
L 04/03/2015 - 17:10:59: "4ANHNK<201><STEAM_0:4:837733637><CT>" attacked "Kefir<207><STEAM_0:4:731565317><TERRORIST>" with "awp" (damage "432") (damage_armor "0") (health "-332") (armor "0")
L 04/03/2015 - 17:10:59: "4ANHNK<201><STEAM_0:4:837733637><CT>" killed "Kefir<207><STEAM_0:4:731565317><TERRORIST>" with "awp"
L 04/03/2015 - 17:11:09: "Dimon_Flo_Rida<196><STEAM_0:4:127683973><TERRORIST>" attacked "4ANHNK<201><STEAM_0:4:837733637><CT>" with "awp" (damage "113") (damage_armor "0") (health "-13") (armor "0")
L 04/03/2015 - 17:11:09: "Dimon_Flo_Rida<196><STEAM_0:4:127683973><TERRORIST>" killed "4ANHNK<201><STEAM_0:4:837733637><CT>" with "awp"
L 04/03/2015 - 17:11:09: Team "TERRORIST" triggered "Terrorists_Win" (CT "3") (T "6")
L 04/03/2015 - 17:11:09: World triggered "Round_End"
L 04/03/2015 - 17:11:19: World triggered "Round_Start"
L 04/03/2015 - 17:11:19: "[WRP]~TAPO4EK~<203><STEAM_0:4:2063064822><TERRORIST>" attacked "White Walker<200><STEAM_0:4:1280756741><CT>" with "glock18" (damage "4") (damage_armor "0") (health "96") (armor "0")
L 04/03/2015 - 17:11:19: "Dimon_Flo_Rida<196><STEAM_0:4:127683973><TERRORIST>" attacked "ANGELuHA<176><STEAM_0:4:1512754949><CT>" with "awp" (damage "417") (damage_armor "6") (health "-317") (armor "94")
L 04/03/2015 - 17:11:19: "Dimon_Flo_Rida<196><STEAM_0:4:127683973><TERRORIST>" killed "ANGELuHA<176><STEAM_0:4:1512754949><CT>" with "awp"
L 04/03/2015 - 17:11:19: "[WRP]~TAPO4EK~<203><STEAM_0:4:2063064822><TERRORIST>" attacked "White Walker<200><STEAM_0:4:1280756741><CT>" with "glock18" (damage "5") (damage_armor "0") (health "91") (armor "0")
L 04/03/2015 - 17:11:27: "Kefir<207><STEAM_0:4:731565317><TERRORIST>" say "lf ,kz ytn [thjdsq"
L 04/03/2015 - 17:11:29: "Dimon_Flo_Rida<196><STEAM_0:4:127683973><TERRORIST>" attacked "White Walker<200><STEAM_0:4:1280756741><CT>" with "awp" (damage "111") (damage_armor "0") (health "-20") (armor "0")
L 04/03/2015 - 17:11:29: "Dimon_Flo_Rida<196><STEAM_0:4:127683973><TERRORIST>" killed "White Walker<200><STEAM_0:4:1280756741><CT>" with "awp"
L 04/03/2015 - 17:11:36: "4ANHNK<201><STEAM_0:4:837733637><CT>" attacked "[WRP]~TAPO4EK~<203><STEAM_0:4:2063064822><TERRORIST>" with "awp" (damage "111") (damage_armor "0") (health "-11") (armor "0")
L 04/03/2015 - 17:11:36: "4ANHNK<201><STEAM_0:4:837733637><CT>" killed "[WRP]~TAPO4EK~<203><STEAM_0:4:2063064822><TERRORIST>" with "awp"
L 04/03/2015 - 17:11:36: "Dimon_Flo_Rida<196><STEAM_0:4:127683973><TERRORIST>" attacked "4ANHNK<201><STEAM_0:4:837733637><CT>" with "awp" (damage "113") (damage_armor "0") (health "-13") (armor "0")
L 04/03/2015 - 17:11:36: "Dimon_Flo_Rida<196><STEAM_0:4:127683973><TERRORIST>" killed "4ANHNK<201><STEAM_0:4:837733637><CT>" with "awp"
L 04/03/2015 - 17:11:36: Team "TERRORIST" triggered "Terrorists_Win" (CT "3") (T "7")
L 04/03/2015 - 17:11:36: World triggered "Round_End"
L 04/03/2015 - 17:11:46: World triggered "Round_Start"
L 04/03/2015 - 17:11:46: "Kefir<207><STEAM_0:4:731565317><TERRORIST>" attacked "4ANHNK<201><STEAM_0:4:837733637><CT>" with "awp" (damage "428") (damage_armor "0") (health "-328") (armor "0")
L 04/03/2015 - 17:11:46: "Kefir<207><STEAM_0:4:731565317><TERRORIST>" killed "4ANHNK<201><STEAM_0:4:837733637><CT>" with "awp"
L 04/03/2015 - 17:11:46: "White Walker<200><STEAM_0:4:1280756741><CT>" attacked "[WRP]~TAPO4EK~<203><STEAM_0:4:2063064822><TERRORIST>" with "m4a1" (damage "17") (damage_armor "0") (health "83") (armor "0")
L 04/03/2015 - 17:11:54: "Kefir<207><STEAM_0:4:731565317><TERRORIST>" attacked "ANGELuHA<176><STEAM_0:4:1512754949><CT>" with "awp" (damage "106") (damage_armor "2") (health "-6") (armor "98")
L 04/03/2015 - 17:11:54: "Kefir<207><STEAM_0:4:731565317><TERRORIST>" killed "ANGELuHA<176><STEAM_0:4:1512754949><CT>" with "awp"
L 04/03/2015 - 17:11:57: "White Walker<200><STEAM_0:4:1280756741><CT>" attacked "Dimon_Flo_Rida<196><STEAM_0:4:127683973><TERRORIST>" with "m4a1" (damage "27") (damage_armor "0") (health "73") (armor "0")
L 04/03/2015 - 17:11:57: "White Walker<200><STEAM_0:4:1280756741><CT>" attacked "Dimon_Flo_Rida<196><STEAM_0:4:127683973><TERRORIST>" with "m4a1" (damage "33") (damage_armor "0") (health "40") (armor "0")
L 04/03/2015 - 17:11:57: "White Walker<200><STEAM_0:4:1280756741><CT>" attacked "Dimon_Flo_Rida<196><STEAM_0:4:127683973><TERRORIST>" with "m4a1" (damage "27") (damage_armor "0") (health "13") (armor "0")
L 04/03/2015 - 17:12:01: "White Walker<200><STEAM_0:4:1280756741><CT>" attacked "[WRP]~TAPO4EK~<203><STEAM_0:4:2063064822><TERRORIST>" with "m4a1" (damage "104") (damage_armor "0") (health "-21") (armor "0")
L 04/03/2015 - 17:12:01: "White Walker<200><STEAM_0:4:1280756741><CT>" killed "[WRP]~TAPO4EK~<203><STEAM_0:4:2063064822><TERRORIST>" with "m4a1"
L 04/03/2015 - 17:12:04: "White Walker<200><STEAM_0:4:1280756741><CT>" attacked "Dimon_Flo_Rida<196><STEAM_0:4:127683973><TERRORIST>" with "m4a1" (damage "21") (damage_armor "0") (health "-8") (armor "0")
L 04/03/2015 - 17:12:04: "White Walker<200><STEAM_0:4:1280756741><CT>" killed "Dimon_Flo_Rida<196><STEAM_0:4:127683973><TERRORIST>" with "m4a1"
L 04/03/2015 - 17:12:15: "White Walker<200><STEAM_0:4:1280756741><CT>" attacked "Kefir<207><STEAM_0:4:731565317><TERRORIST>" with "m4a1" (damage "27") (damage_armor "0") (health "73") (armor "0")
L 04/03/2015 - 17:12:15: "White Walker<200><STEAM_0:4:1280756741><CT>" attacked "Kefir<207><STEAM_0:4:731565317><TERRORIST>" with "m4a1" (damage "33") (damage_armor "0") (health "40") (armor "0")
L 04/03/2015 - 17:12:15: "White Walker<200><STEAM_0:4:1280756741><CT>" attacked "Kefir<207><STEAM_0:4:731565317><TERRORIST>" with "m4a1" (damage "27") (damage_armor "0") (health "13") (armor "0")
L 04/03/2015 - 17:12:17: "Kefir<207><STEAM_0:4:731565317><TERRORIST>" attacked "White Walker<200><STEAM_0:4:1280756741><CT>" with "awp" (damage "107") (damage_armor "2") (health "-7") (armor "98")
L 04/03/2015 - 17:12:17: "Kefir<207><STEAM_0:4:731565317><TERRORIST>" killed "White Walker<200><STEAM_0:4:1280756741><CT>" with "awp"
L 04/03/2015 - 17:12:17: Team "TERRORIST" triggered "Terrorists_Win" (CT "3") (T "8")
L 04/03/2015 - 17:12:17: World triggered "Round_End"
L 04/03/2015 - 17:12:27: World triggered "Round_Start"
L 04/03/2015 - 17:12:30: "[WRP]~TAPO4EK~<203><STEAM_0:4:2063064822><TERRORIST>" attacked "White Walker<200><STEAM_0:4:1280756741><CT>" with "awp" (damage "81") (damage_armor "0") (health "19") (armor "100")
L 04/03/2015 - 17:12:31: "White Walker<200><STEAM_0:4:1280756741><CT>" attacked "[WRP]~TAPO4EK~<203><STEAM_0:4:2063064822><TERRORIST>" with "m4a1" (damage "25") (damage_armor "0") (health "75") (armor "0")
L 04/03/2015 - 17:12:31: "White Walker<200><STEAM_0:4:1280756741><CT>" attacked "[WRP]~TAPO4EK~<203><STEAM_0:4:2063064822><TERRORIST>" with "m4a1" (damage "25") (damage_armor "0") (health "50") (armor "0")
L 04/03/2015 - 17:12:31: "Kefir<207><STEAM_0:4:731565317><TERRORIST>" attacked "White Walker<200><STEAM_0:4:1280756741><CT>" with "awp" (damage "105") (damage_armor "2") (health "-86") (armor "98")
L 04/03/2015 - 17:12:31: "Kefir<207><STEAM_0:4:731565317><TERRORIST>" killed "White Walker<200><STEAM_0:4:1280756741><CT>" with "awp"
L 04/03/2015 - 17:12:34: "Dimon_Flo_Rida<196><STEAM_0:4:127683973><TERRORIST>" attacked "ANGELuHA<176><STEAM_0:4:1512754949><CT>" with "awp" (damage "425") (damage_armor "6") (health "-325") (armor "94")
L 04/03/2015 - 17:12:34: "Dimon_Flo_Rida<196><STEAM_0:4:127683973><TERRORIST>" killed "ANGELuHA<176><STEAM_0:4:1512754949><CT>" with "awp"
L 04/03/2015 - 17:12:34: "4ANHNK<201><STEAM_0:4:837733637><CT>" attacked "Kefir<207><STEAM_0:4:731565317><TERRORIST>" with "awp" (damage "108") (damage_armor "0") (health "-8") (armor "0")
L 04/03/2015 - 17:12:34: "4ANHNK<201><STEAM_0:4:837733637><CT>" killed "Kefir<207><STEAM_0:4:731565317><TERRORIST>" with "awp"
L 04/03/2015 - 17:12:37: "Kefir<207><STEAM_0:4:731565317><TERRORIST>" say "cerf" (dead)
L 04/03/2015 - 17:12:38: "Dimon_Flo_Rida<196><STEAM_0:4:127683973><TERRORIST>" attacked "4ANHNK<201><STEAM_0:4:837733637><CT>" with "awp" (damage "136") (damage_armor "0") (health "-36") (armor "0")
L 04/03/2015 - 17:12:38: "Dimon_Flo_Rida<196><STEAM_0:4:127683973><TERRORIST>" killed "4ANHNK<201><STEAM_0:4:837733637><CT>" with "awp"
L 04/03/2015 - 17:12:38: Team "TERRORIST" triggered "Terrorists_Win" (CT "3") (T "9")
L 04/03/2015 - 17:12:38: World triggered "Round_End"
L 04/03/2015 - 17:12:48: World triggered "Round_Start"
L 04/03/2015 - 17:12:48: "Kefir<207><STEAM_0:4:731565317><TERRORIST>" attacked "White Walker<200><STEAM_0:4:1280756741><CT>" with "glock18" (damage "3") (damage_armor "0") (health "97") (armor "0")
L 04/03/2015 - 17:12:48: "Kefir<207><STEAM_0:4:731565317><TERRORIST>" attacked "White Walker<200><STEAM_0:4:1280756741><CT>" with "glock18" (damage "12") (damage_armor "0") (health "85") (armor "0")
L 04/03/2015 - 17:12:49: "Kefir<207><STEAM_0:4:731565317><TERRORIST>" attacked "White Walker<200><STEAM_0:4:1280756741><CT>" with "glock18" (damage "2") (damage_armor "0") (health "83") (armor "0")
L 04/03/2015 - 17:12:51: "Kefir<207><STEAM_0:4:731565317><TERRORIST>" attacked "ANGELuHA<176><STEAM_0:4:1512754949><CT>" with "awp" (damage "105") (damage_armor "2") (health "-5") (armor "98")
L 04/03/2015 - 17:12:51: "Kefir<207><STEAM_0:4:731565317><TERRORIST>" killed "ANGELuHA<176><STEAM_0:4:1512754949><CT>" with "awp"
L 04/03/2015 - 17:12:54: "4ANHNK<201><STEAM_0:4:837733637><CT>" attacked "Dimon_Flo_Rida<196><STEAM_0:4:127683973><TERRORIST>" with "awp" (damage "109") (damage_armor "0") (health "-9") (armor "0")
L 04/03/2015 - 17:12:54: "4ANHNK<201><STEAM_0:4:837733637><CT>" killed "Dimon_Flo_Rida<196><STEAM_0:4:127683973><TERRORIST>" with "awp"
L 04/03/2015 - 17:13:00: "Kefir<207><STEAM_0:4:731565317><TERRORIST>" attacked "4ANHNK<201><STEAM_0:4:837733637><CT>" with "awp" (damage "111") (damage_armor "0") (health "-11") (armor "0")
L 04/03/2015 - 17:13:00: "Kefir<207><STEAM_0:4:731565317><TERRORIST>" killed "4ANHNK<201><STEAM_0:4:837733637><CT>" with "awp"
L 04/03/2015 - 17:13:03: "White Walker<200><STEAM_0:4:1280756741><CT>" attacked "[WRP]~TAPO4EK~<203><STEAM_0:4:2063064822><TERRORIST>" with "awp" (damage "432") (damage_armor "0") (health "-332") (armor "0")
L 04/03/2015 - 17:13:03: "White Walker<200><STEAM_0:4:1280756741><CT>" killed "[WRP]~TAPO4EK~<203><STEAM_0:4:2063064822><TERRORIST>" with "awp"
L 04/03/2015 - 17:13:26: "ANGELuHA<176><STEAM_0:4:1512754949><CT>" triggered "weaponstats" (weapon "usp") (shots "1") (hits "0") (kills "0") (headshots "0") (tks "0") (damage "0") (deaths "0")
L 04/03/2015 - 17:13:26: "ANGELuHA<176><STEAM_0:4:1512754949><CT>" triggered "weaponstats2" (weapon "usp") (head "0") (chest "0") (stomach "0") (leftarm "0") (rightarm "0") (leftleg "0") (rightleg "0")
L 04/03/2015 - 17:13:26: "ANGELuHA<176><STEAM_0:4:1512754949><CT>" triggered "weaponstats" (weapon "awp") (shots "9") (hits "2") (kills "1") (headshots "0") (tks "0") (damage "169") (deaths "9")
L 04/03/2015 - 17:13:26: "ANGELuHA<176><STEAM_0:4:1512754949><CT>" triggered "weaponstats2" (weapon "awp") (head "0") (chest "0") (stomach "0") (leftarm "1") (rightarm "0") (leftleg "1") (rightleg "0")
L 04/03/2015 - 17:13:26: "ANGELuHA<176><STEAM_0:4:1512754949><CT>" triggered "weaponstats" (weapon "deagle") (shots "2") (hits "1") (kills "0") (headshots "0") (tks "0") (damage "16") (deaths "2")
L 04/03/2015 - 17:13:26: "ANGELuHA<176><STEAM_0:4:1512754949><CT>" triggered "weaponstats2" (weapon "deagle") (head "0") (chest "0") (stomach "0") (leftarm "0") (rightarm "0") (leftleg "0") (rightleg "1")
L 04/03/2015 - 17:13:26: "ANGELuHA<176><STEAM_0:4:1512754949><CT>" triggered "time" (time "6:55")
L 04/03/2015 - 17:13:26: "ANGELuHA<176><STEAM_0:4:1512754949><CT>" triggered "latency" (ping "27")
L 04/03/2015 - 17:13:26: "ANGELuHA<176><STEAM_0:4:1512754949><CT>" disconnected
L 04/03/2015 - 17:13:33: "Kefir<207><STEAM_0:4:731565317><TERRORIST>" attacked "White Walker<200><STEAM_0:4:1280756741><CT>" with "knife" (damage "65") (damage_armor "0") (health "18") (armor "0")
L 04/03/2015 - 17:13:34: "Kefir<207><STEAM_0:4:731565317><TERRORIST>" attacked "White Walker<200><STEAM_0:4:1280756741><CT>" with "knife" (damage "65") (damage_armor "0") (health "-47") (armor "0")
L 04/03/2015 - 17:13:34: "Kefir<207><STEAM_0:4:731565317><TERRORIST>" killed "White Walker<200><STEAM_0:4:1280756741><CT>" with "knife"
L 04/03/2015 - 17:13:34: Team "TERRORIST" triggered "Terrorists_Win" (CT "3") (T "10")
L 04/03/2015 - 17:13:34: World triggered "Round_End"
L 04/03/2015 - 17:13:44: World triggered "Round_Start"
L 04/03/2015 - 17:13:47: "Kefir<207><STEAM_0:4:731565317><TERRORIST>" attacked "4ANHNK<201><STEAM_0:4:837733637><CT>" with "awp" (damage "108") (damage_armor "0") (health "-8") (armor "0")
L 04/03/2015 - 17:13:47: "Kefir<207><STEAM_0:4:731565317><TERRORIST>" killed "4ANHNK<201><STEAM_0:4:837733637><CT>" with "awp"
L 04/03/2015 - 17:13:49: "Kefir<207><STEAM_0:4:731565317><TERRORIST>" attacked "White Walker<200><STEAM_0:4:1280756741><CT>" with "awp" (damage "108") (damage_armor "0") (health "-8") (armor "0")
L 04/03/2015 - 17:13:49: "Kefir<207><STEAM_0:4:731565317><TERRORIST>" killed "White Walker<200><STEAM_0:4:1280756741><CT>" with "awp"
L 04/03/2015 - 17:13:49: Team "TERRORIST" triggered "Terrorists_Win" (CT "3") (T "11")
L 04/03/2015 - 17:13:49: World triggered "Round_End"
L 04/03/2015 - 17:13:59: World triggered "Round_Start"
L 04/03/2015 - 17:13:59: "Dimon_Flo_Rida<196><STEAM_0:4:127683973><TERRORIST>" attacked "4ANHNK<201><STEAM_0:4:837733637><CT>" with "awp" (damage "432") (damage_armor "0") (health "-332") (armor "0")
L 04/03/2015 - 17:13:59: "Dimon_Flo_Rida<196><STEAM_0:4:127683973><TERRORIST>" killed "4ANHNK<201><STEAM_0:4:837733637><CT>" with "awp"
L 04/03/2015 - 17:14:06: "White Walker<200><STEAM_0:4:1280756741><CT>" attacked "[WRP]~TAPO4EK~<203><STEAM_0:4:2063064822><TERRORIST>" with "awp" (damage "137") (damage_armor "0") (health "-37") (armor "0")
L 04/03/2015 - 17:14:06: "White Walker<200><STEAM_0:4:1280756741><CT>" killed "[WRP]~TAPO4EK~<203><STEAM_0:4:2063064822><TERRORIST>" with "awp"
L 04/03/2015 - 17:14:12: "Kefir<207><STEAM_0:4:731565317><TERRORIST>" attacked "White Walker<200><STEAM_0:4:1280756741><CT>" with "scout" (damage "272") (damage_armor "0") (health "-172") (armor "0")
L 04/03/2015 - 17:14:12: "Kefir<207><STEAM_0:4:731565317><TERRORIST>" killed "White Walker<200><STEAM_0:4:1280756741><CT>" with "scout"
L 04/03/2015 - 17:14:12: Team "TERRORIST" triggered "Terrorists_Win" (CT "3") (T "12")
L 04/03/2015 - 17:14:12: World triggered "Round_End"
L 04/03/2015 - 17:14:14: "Dimon_Flo_Rida<196><STEAM_0:4:127683973><TERRORIST>" committed suicide with "world"
L 04/03/2015 - 17:14:14: "Dimon_Flo_Rida<196><STEAM_0:4:127683973><TERRORIST>" joined team "CT"
L 04/03/2015 - 17:14:22: World triggered "Round_Start"
L 04/03/2015 - 17:14:28: "[WRP]~TAPO4EK~<203><STEAM_0:4:2063064822><TERRORIST>" attacked "4ANHNK<201><STEAM_0:4:837733637><CT>" with "awp" (damage "109") (damage_armor "0") (health "-9") (armor "0")
L 04/03/2015 - 17:14:28: "[WRP]~TAPO4EK~<203><STEAM_0:4:2063064822><TERRORIST>" killed "4ANHNK<201><STEAM_0:4:837733637><CT>" with "awp"
L 04/03/2015 - 17:14:36: "Kefir<207><STEAM_0:4:731565317><TERRORIST>" attacked "Dimon_Flo_Rida<196><STEAM_0:4:127683973><CT>" with "ak47" (damage "136") (damage_armor "0") (health "-36") (armor "0")
L 04/03/2015 - 17:14:36: "Kefir<207><STEAM_0:4:731565317><TERRORIST>" killed "Dimon_Flo_Rida<196><STEAM_0:4:127683973><CT>" with "ak47"
L 04/03/2015 - 17:14:41: "White Walker<200><STEAM_0:4:1280756741><CT>" attacked "[WRP]~TAPO4EK~<203><STEAM_0:4:2063064822><TERRORIST>" with "awp" (damage "109") (damage_armor "0") (health "-9") (armor "0")
L 04/03/2015 - 17:14:41: "White Walker<200><STEAM_0:4:1280756741><CT>" killed "[WRP]~TAPO4EK~<203><STEAM_0:4:2063064822><TERRORIST>" with "awp"
L 04/03/2015 - 17:14:42: "[WRP]~TAPO4EK~<203><STEAM_0:4:2063064822><TERRORIST>" triggered "weaponstats" (weapon "glock18") (shots "12") (hits "3") (kills "0") (headshots "0") (tks "0") (damage "13") (deaths "2")
L 04/03/2015 - 17:14:42: "[WRP]~TAPO4EK~<203><STEAM_0:4:2063064822><TERRORIST>" triggered "weaponstats2" (weapon "glock18") (head "0") (chest "1") (stomach "1") (leftarm "0") (rightarm "1") (leftleg "0") (rightleg "0")
L 04/03/2015 - 17:14:42: "[WRP]~TAPO4EK~<203><STEAM_0:4:2063064822><TERRORIST>" triggered "weaponstats" (weapon "awp") (shots "40") (hits "10") (kills "8") (headshots "1") (tks "0") (damage "1324") (deaths "11")
L 04/03/2015 - 17:14:42: "[WRP]~TAPO4EK~<203><STEAM_0:4:2063064822><TERRORIST>" triggered "weaponstats2" (weapon "awp") (head "1") (chest "1") (stomach "0") (leftarm "4") (rightarm "2") (leftleg "2") (rightleg "0")
L 04/03/2015 - 17:14:42: "[WRP]~TAPO4EK~<203><STEAM_0:4:2063064822><TERRORIST>" triggered "time" (time "8:10")
L 04/03/2015 - 17:14:42: "[WRP]~TAPO4EK~<203><STEAM_0:4:2063064822><TERRORIST>" triggered "latency" (ping "60")
L 04/03/2015 - 17:14:42: "[WRP]~TAPO4EK~<203><STEAM_0:4:2063064822><TERRORIST>" disconnected
L 04/03/2015 - 17:15:01: "White Walker<200><STEAM_0:4:1280756741><CT>" attacked "Kefir<207><STEAM_0:4:731565317><TERRORIST>" with "awp" (damage "109") (damage_armor "2") (health "-9") (armor "98")
L 04/03/2015 - 17:15:01: "White Walker<200><STEAM_0:4:1280756741><CT>" killed "Kefir<207><STEAM_0:4:731565317><TERRORIST>" with "awp"
L 04/03/2015 - 17:15:01: Team "CT" triggered "CTs_Win" (CT "4") (T "12")
L 04/03/2015 - 17:15:01: World triggered "Round_End"
L 04/03/2015 - 17:15:11: World triggered "Round_Start"
L 04/03/2015 - 17:15:14: "4ANHNK<201><STEAM_0:4:837733637><CT>" attacked "Kefir<207><STEAM_0:4:731565317><TERRORIST>" with "awp" (damage "135") (damage_armor "0") (health "-35") (armor "0")
L 04/03/2015 - 17:15:14: "4ANHNK<201><STEAM_0:4:837733637><CT>" killed "Kefir<207><STEAM_0:4:731565317><TERRORIST>" with "awp"
L 04/03/2015 - 17:15:14: Team "CT" triggered "CTs_Win" (CT "5") (T "12")
L 04/03/2015 - 17:15:14: World triggered "Round_End"
L 04/03/2015 - 17:15:19: "4ANHNK<201><STEAM_0:4:837733637><CT>" joined team "TERRORIST" (auto)
L 04/03/2015 - 17:15:24: World triggered "Round_Start"
L 04/03/2015 - 17:15:24: "Kefir<207><STEAM_0:4:731565317><TERRORIST>" attacked "White Walker<200><STEAM_0:4:1280756741><CT>" with "glock18" (damage "16") (damage_armor "0") (health "84") (armor "0")
L 04/03/2015 - 17:15:24: "Kefir<207><STEAM_0:4:731565317><TERRORIST>" attacked "White Walker<200><STEAM_0:4:1280756741><CT>" with "glock18" (damage "16") (damage_armor "0") (health "68") (armor "0")
L 04/03/2015 - 17:15:26: "4ANHNK<201><STEAM_0:4:837733637><TERRORIST>" attacked "White Walker<200><STEAM_0:4:1280756741><CT>" with "awp" (damage "432") (damage_armor "0") (health "-364") (armor "0")
L 04/03/2015 - 17:15:26: "4ANHNK<201><STEAM_0:4:837733637><TERRORIST>" killed "White Walker<200><STEAM_0:4:1280756741><CT>" with "awp"
L 04/03/2015 - 17:15:28: "Kefir<207><STEAM_0:4:731565317><TERRORIST>" attacked "Dimon_Flo_Rida<196><STEAM_0:4:127683973><CT>" with "awp" (damage "109") (damage_armor "0") (health "-9") (armor "0")
L 04/03/2015 - 17:15:28: "Kefir<207><STEAM_0:4:731565317><TERRORIST>" killed "Dimon_Flo_Rida<196><STEAM_0:4:127683973><CT>" with "awp"
L 04/03/2015 - 17:15:28: Team "TERRORIST" triggered "Terrorists_Win" (CT "5") (T "13")
L 04/03/2015 - 17:15:28: World triggered "Round_End"
L 04/03/2015 - 17:15:38: World triggered "Round_Start"
L 04/03/2015 - 17:15:38: "4ANHNK<201><STEAM_0:4:837733637><TERRORIST>" attacked "White Walker<200><STEAM_0:4:1280756741><CT>" with "awp" (damage "104") (damage_armor "2") (health "-4") (armor "98")
L 04/03/2015 - 17:15:38: "4ANHNK<201><STEAM_0:4:837733637><TERRORIST>" killed "White Walker<200><STEAM_0:4:1280756741><CT>" with "awp"
L 04/03/2015 - 17:15:42: "Dimon_Flo_Rida<196><STEAM_0:4:127683973><CT>" attacked "Kefir<207><STEAM_0:4:731565317><TERRORIST>" with "awp" (damage "109") (damage_armor "0") (health "-9") (armor "0")
L 04/03/2015 - 17:15:42: "Dimon_Flo_Rida<196><STEAM_0:4:127683973><CT>" killed "Kefir<207><STEAM_0:4:731565317><TERRORIST>" with "awp"
L 04/03/2015 - 17:15:45: "Kefir<207><STEAM_0:4:731565317><TERRORIST>" joined team "SPECTATOR"
L 04/03/2015 - 17:15:46: "Dimon_Flo_Rida<196><STEAM_0:4:127683973><CT>" attacked "4ANHNK<201><STEAM_0:4:837733637><TERRORIST>" with "awp" (damage "111") (damage_armor "0") (health "-11") (armor "0")
L 04/03/2015 - 17:15:46: "Dimon_Flo_Rida<196><STEAM_0:4:127683973><CT>" killed "4ANHNK<201><STEAM_0:4:837733637><TERRORIST>" with "awp"
L 04/03/2015 - 17:15:46: Team "CT" triggered "CTs_Win" (CT "6") (T "13")
L 04/03/2015 - 17:15:46: World triggered "Round_End"
L 04/03/2015 - 17:15:56: World triggered "Round_Start"
L 04/03/2015 - 17:15:56: "Dimon_Flo_Rida<196><STEAM_0:4:127683973><CT>" attacked "4ANHNK<201><STEAM_0:4:837733637><TERRORIST>" with "awp" (damage "428") (damage_armor "0") (health "-328") (armor "0")
L 04/03/2015 - 17:15:56: "Dimon_Flo_Rida<196><STEAM_0:4:127683973><CT>" killed "4ANHNK<201><STEAM_0:4:837733637><TERRORIST>" with "awp"
L 04/03/2015 - 17:15:56: Team "CT" triggered "CTs_Win" (CT "7") (T "13")
L 04/03/2015 - 17:15:56: World triggered "Round_End"
L 04/03/2015 - 17:15:58: "Kefir<207><STEAM_0:4:731565317><SPECTATOR>" joined team "TERRORIST"
L 04/03/2015 - 17:16:06: World triggered "Round_Start"
L 04/03/2015 - 17:16:06: "Dimon_Flo_Rida<196><STEAM_0:4:127683973><CT>" attacked "4ANHNK<201><STEAM_0:4:837733637><TERRORIST>" with "awp" (damage "432") (damage_armor "0") (health "-332") (armor "0")
L 04/03/2015 - 17:16:06: "Dimon_Flo_Rida<196><STEAM_0:4:127683973><CT>" killed "4ANHNK<201><STEAM_0:4:837733637><TERRORIST>" with "awp"
L 04/03/2015 - 17:16:11: "Kefir<207><STEAM_0:4:731565317><TERRORIST>" attacked "Dimon_Flo_Rida<196><STEAM_0:4:127683973><CT>" with "awp" (damage "110") (damage_armor "0") (health "-10") (armor "0")
L 04/03/2015 - 17:16:11: "Kefir<207><STEAM_0:4:731565317><TERRORIST>" killed "Dimon_Flo_Rida<196><STEAM_0:4:127683973><CT>" with "awp"
L 04/03/2015 - 17:16:14: "Dimon_Flo_Rida<196><STEAM_0:4:127683973><CT>" joined team "SPECTATOR"
L 04/03/2015 - 17:16:16: "White Walker<200><STEAM_0:4:1280756741><CT>" attacked "Kefir<207><STEAM_0:4:731565317><TERRORIST>" with "awp" (damage "108") (damage_armor "0") (health "-8") (armor "0")
L 04/03/2015 - 17:16:16: "White Walker<200><STEAM_0:4:1280756741><CT>" killed "Kefir<207><STEAM_0:4:731565317><TERRORIST>" with "awp"
L 04/03/2015 - 17:16:16: Team "CT" triggered "CTs_Win" (CT "8") (T "13")
L 04/03/2015 - 17:16:16: World triggered "Round_End"
L 04/03/2015 - 17:16:26: World triggered "Round_Start"
L 04/03/2015 - 17:16:26: "White Walker<200><STEAM_0:4:1280756741><CT>" attacked "Kefir<207><STEAM_0:4:731565317><TERRORIST>" with "awp" (damage "81") (damage_armor "0") (health "19") (armor "0")
L 04/03/2015 - 17:16:29: "4ANHNK<201><STEAM_0:4:837733637><TERRORIST>" attacked "White Walker<200><STEAM_0:4:1280756741><CT>" with "awp" (damage "108") (damage_armor "0") (health "-8") (armor "0")
L 04/03/2015 - 17:16:29: "4ANHNK<201><STEAM_0:4:837733637><TERRORIST>" killed "White Walker<200><STEAM_0:4:1280756741><CT>" with "awp"
L 04/03/2015 - 17:16:29: Team "TERRORIST" triggered "Terrorists_Win" (CT "8") (T "14")
L 04/03/2015 - 17:16:29: World triggered "Round_End"
L 04/03/2015 - 17:16:39: World triggered "Round_Start"
L 04/03/2015 - 17:16:39: "White Walker<200><STEAM_0:4:1280756741><CT>" attacked "4ANHNK<201><STEAM_0:4:837733637><TERRORIST>" with "usp" (damage "8") (damage_armor "0") (health "92") (armor "0")
L 04/03/2015 - 17:16:40: "4ANHNK<201><STEAM_0:4:837733637><TERRORIST>" attacked "White Walker<200><STEAM_0:4:1280756741><CT>" with "awp" (damage "108") (damage_armor "0") (health "-8") (armor "0")
L 04/03/2015 - 17:16:40: "4ANHNK<201><STEAM_0:4:837733637><TERRORIST>" killed "White Walker<200><STEAM_0:4:1280756741><CT>" with "awp"
L 04/03/2015 - 17:16:40: Team "TERRORIST" triggered "Terrorists_Win" (CT "8") (T "15")
L 04/03/2015 - 17:16:40: World triggered "Round_End"
L 04/03/2015 - 17:16:45: [DPROTO]: Client 5 - Set AuthIdType 3 [dp_RevEmu]; pClient = 0xb393d9cc
L 04/03/2015 - 17:16:45: "ANGELuHA<208><STEAM_0:4:1512754949><>" connected, address "178.124.9.29:27005"
L 04/03/2015 - 17:16:45: [VTC] Player 6 speex
L 04/03/2015 - 17:16:49: "ANGELuHA<208><STEAM_0:4:1512754949><>" entered the game
L 04/03/2015 - 17:16:50: World triggered "Round_Start"
L 04/03/2015 - 17:16:52: "Dimon_Flo_Rida<196><STEAM_0:4:127683973><SPECTATOR>" triggered "weaponstats" (weapon "usp") (shots "2") (hits "0") (kills "0") (headshots "0") (tks "0") (damage "0") (deaths "2")
L 04/03/2015 - 17:16:52: "Dimon_Flo_Rida<196><STEAM_0:4:127683973><SPECTATOR>" triggered "weaponstats2" (weapon "usp") (head "0") (chest "0") (stomach "0") (leftarm "0") (rightarm "0") (leftleg "0") (rightleg "0")
L 04/03/2015 - 17:16:52: "Dimon_Flo_Rida<196><STEAM_0:4:127683973><SPECTATOR>" triggered "weaponstats" (weapon "glock18") (shots "3") (hits "0") (kills "0") (headshots "0") (tks "0") (damage "0") (deaths "0")
L 04/03/2015 - 17:16:52: "Dimon_Flo_Rida<196><STEAM_0:4:127683973><SPECTATOR>" triggered "weaponstats2" (weapon "glock18") (head "0") (chest "0") (stomach "0") (leftarm "0") (rightarm "0") (leftleg "0") (rightleg "0")
L 04/03/2015 - 17:16:52: "Dimon_Flo_Rida<196><STEAM_0:4:127683973><SPECTATOR>" triggered "weaponstats" (weapon "awp") (shots "45") (hits "20") (kills "19") (headshots "7") (tks "0") (damage "4445") (deaths "6")
L 04/03/2015 - 17:16:52: "Dimon_Flo_Rida<196><STEAM_0:4:127683973><SPECTATOR>" triggered "weaponstats2" (weapon "awp") (head "7") (chest "0") (stomach "2") (leftarm "5") (rightarm "5") (leftleg "0") (rightleg "1")
L 04/03/2015 - 17:16:52: "Dimon_Flo_Rida<196><STEAM_0:4:127683973><SPECTATOR>" triggered "time" (time "10:23")
L 04/03/2015 - 17:16:52: "Dimon_Flo_Rida<196><STEAM_0:4:127683973><SPECTATOR>" triggered "latency" (ping "43")
L 04/03/2015 - 17:16:52: "Dimon_Flo_Rida<196><STEAM_0:4:127683973><SPECTATOR>" disconnected
L 04/03/2015 - 17:16:52: "ANGELuHA<208><STEAM_0:4:1512754949><>" joined team "CT"
L 04/03/2015 - 17:16:56: "4ANHNK<201><STEAM_0:4:837733637><TERRORIST>" attacked "ANGELuHA<208><STEAM_0:4:1512754949><CT>" with "glock18" (damage "3") (damage_armor "0") (health "97") (armor "100")
L 04/03/2015 - 17:16:58: Server cvar "amx_nextmap" = "$7000$"
L 04/03/2015 - 17:16:58: Server cvar "mp_timelimit" = "0.000000"
L 04/03/2015 - 17:17:03: "ANGELuHA<208><STEAM_0:4:1512754949><CT>" attacked "Kefir<207><STEAM_0:4:731565317><TERRORIST>" with "awp" (damage "107") (damage_armor "0") (health "-7") (armor "0")
L 04/03/2015 - 17:17:03: "ANGELuHA<208><STEAM_0:4:1512754949><CT>" killed "Kefir<207><STEAM_0:4:731565317><TERRORIST>" with "awp"
L 04/03/2015 - 17:17:22: "4ANHNK<201><STEAM_0:4:837733637><TERRORIST>" attacked "ANGELuHA<208><STEAM_0:4:1512754949><CT>" with "awp" (damage "107") (damage_armor "2") (health "-10") (armor "98")
L 04/03/2015 - 17:17:22: "4ANHNK<201><STEAM_0:4:837733637><TERRORIST>" killed "ANGELuHA<208><STEAM_0:4:1512754949><CT>" with "awp"
L 04/03/2015 - 17:17:34: "4ANHNK<201><STEAM_0:4:837733637><TERRORIST>" attacked "White Walker<200><STEAM_0:4:1280756741><CT>" with "awp" (damage "110") (damage_armor "0") (health "-10") (armor "0")
L 04/03/2015 - 17:17:34: "4ANHNK<201><STEAM_0:4:837733637><TERRORIST>" killed "White Walker<200><STEAM_0:4:1280756741><CT>" with "awp"
L 04/03/2015 - 17:17:34: Team "TERRORIST" triggered "Terrorists_Win" (CT "8") (T "16")
L 04/03/2015 - 17:17:34: World triggered "Round_End"
L 04/03/2015 - 17:17:44: Server cvar "mp_timelimit" = "0.010000"
L 04/03/2015 - 17:17:44: World triggered "Round_Start"
L 04/03/2015 - 17:17:44: Team "CT" scored "8" with "2" players
L 04/03/2015 - 17:17:44: Team "TERRORIST" scored "16" with "2" players
L 04/03/2015 - 17:17:44: Server cvar "mp_chattime" = "3"
L 04/03/2015 - 17:17:45: Server cvar "mp_chattime" = "1"
L 04/03/2015 - 17:17:45: "4ANHNK<201><STEAM_0:4:837733637><TERRORIST>" triggered "weaponstats" (weapon "usp") (shots "15") (hits "5") (kills "1") (headshots "1") (tks "0") (damage "567") (deaths "8")
L 04/03/2015 - 17:17:45: "4ANHNK<201><STEAM_0:4:837733637><TERRORIST>" triggered "weaponstats2" (weapon "usp") (head "1") (chest "0") (stomach "0") (leftarm "0") (rightarm "1") (leftleg "1") (rightleg "2")
L 04/03/2015 - 17:17:45: "4ANHNK<201><STEAM_0:4:837733637><TERRORIST>" triggered "weaponstats" (weapon "glock18") (shots "11") (hits "1") (kills "0") (headshots "0") (tks "0") (damage "3") (deaths "1")
L 04/03/2015 - 17:17:45: "4ANHNK<201><STEAM_0:4:837733637><TERRORIST>" triggered "weaponstats2" (weapon "glock18") (head "0") (chest "0") (stomach "0") (leftarm "0") (rightarm "0") (leftleg "1") (rightleg "0")
L 04/03/2015 - 17:17:45: "4ANHNK<201><STEAM_0:4:837733637><TERRORIST>" triggered "weaponstats" (weapon "awp") (shots "35") (hits "15") (kills "14") (headshots "2") (tks "0") (damage "2273") (deaths "6")
L 04/03/2015 - 17:17:45: "4ANHNK<201><STEAM_0:4:837733637><TERRORIST>" triggered "weaponstats2" (weapon "awp") (head "2") (chest "1") (stomach "1") (leftarm "9") (rightarm "1") (leftleg "1") (rightleg "0")
L 04/03/2015 - 17:17:45: "4ANHNK<201><STEAM_0:4:837733637><TERRORIST>" triggered "time" (time "11:14")
L 04/03/2015 - 17:17:45: "4ANHNK<201><STEAM_0:4:837733637><TERRORIST>" triggered "latency" (ping "45")
L 04/03/2015 - 17:17:45: "Kefir<207><STEAM_0:4:731565317><TERRORIST>" triggered "weaponstats" (weapon "scout") (shots "2") (hits "2") (kills "2") (headshots "1") (tks "0") (damage "380") (deaths "0")
L 04/03/2015 - 17:17:45: "Kefir<207><STEAM_0:4:731565317><TERRORIST>" triggered "weaponstats2" (weapon "scout") (head "1") (chest "0") (stomach "0") (leftarm "0") (rightarm "1") (leftleg "0") (rightleg "0")
L 04/03/2015 - 17:17:45: "Kefir<207><STEAM_0:4:731565317><TERRORIST>" triggered "weaponstats" (weapon "grenade") (shots "2") (hits "0") (kills "0") (headshots "0") (tks "0") (damage "0") (deaths "0")
L 04/03/2015 - 17:17:45: "Kefir<207><STEAM_0:4:731565317><TERRORIST>" triggered "weaponstats2" (weapon "grenade") (head "0") (chest "0") (stomach "0") (leftarm "0") (rightarm "0") (leftleg "0") (rightleg "0")
L 04/03/2015 - 17:17:45: "Kefir<207><STEAM_0:4:731565317><TERRORIST>" triggered "weaponstats" (weapon "usp") (shots "1") (hits "0") (kills "0") (headshots "0") (tks "0") (damage "0") (deaths "0")
L 04/03/2015 - 17:17:45: "Kefir<207><STEAM_0:4:731565317><TERRORIST>" triggered "weaponstats2" (weapon "usp") (head "0") (chest "0") (stomach "0") (leftarm "0") (rightarm "0") (leftleg "0") (rightleg "0")
L 04/03/2015 - 17:17:45: "Kefir<207><STEAM_0:4:731565317><TERRORIST>" triggered "weaponstats" (weapon "glock18") (shots "13") (hits "5") (kills "0") (headshots "0") (tks "0") (damage "49") (deaths "1")
L 04/03/2015 - 17:17:45: "Kefir<207><STEAM_0:4:731565317><TERRORIST>" triggered "weaponstats2" (weapon "glock18") (head "3") (chest "0") (stomach "0") (leftarm "1") (rightarm "0") (leftleg "1") (rightleg "0")
L 04/03/2015 - 17:17:45: "Kefir<207><STEAM_0:4:731565317><TERRORIST>" triggered "weaponstats" (weapon "awp") (shots "24") (hits "15") (kills "15") (headshots "3") (tks "0") (damage "2582") (deaths "6")
L 04/03/2015 - 17:17:45: "Kefir<207><STEAM_0:4:731565317><TERRORIST>" triggered "weaponstats2" (weapon "awp") (head "3") (chest "3") (stomach "0") (leftarm "8") (rightarm "1") (leftleg "0") (rightleg "0")
L 04/03/2015 - 17:17:45: "Kefir<207><STEAM_0:4:731565317><TERRORIST>" triggered "weaponstats" (weapon "ak47") (shots "4") (hits "1") (kills "1") (headshots "1") (tks "0") (damage "136") (deaths "1")
L 04/03/2015 - 17:17:45: "Kefir<207><STEAM_0:4:731565317><TERRORIST>" triggered "weaponstats2" (weapon "ak47") (head "1") (chest "0") (stomach "0") (leftarm "0") (rightarm "0") (leftleg "0") (rightleg "0")
L 04/03/2015 - 17:17:45: "Kefir<207><STEAM_0:4:731565317><TERRORIST>" triggered "weaponstats" (weapon "knife") (shots "27") (hits "2") (kills "1") (headshots "0") (tks "0") (damage "130") (deaths "0")
L 04/03/2015 - 17:17:45: "Kefir<207><STEAM_0:4:731565317><TERRORIST>" triggered "weaponstats2" (weapon "knife") (head "0") (chest "0") (stomach "0") (leftarm "1") (rightarm "0") (leftleg "0") (rightleg "0")
L 04/03/2015 - 17:17:45: "Kefir<207><STEAM_0:4:731565317><TERRORIST>" triggered "time" (time "9:03")
L 04/03/2015 - 17:17:45: "Kefir<207><STEAM_0:4:731565317><TERRORIST>" triggered "latency" (ping "55")
L 04/03/2015 - 17:17:45: "ANGELuHA<208><STEAM_0:4:1512754949><CT>" triggered "weaponstats" (weapon "awp") (shots "3") (hits "1") (kills "1") (headshots "0") (tks "0") (damage "107") (deaths "1")
L 04/03/2015 - 17:17:45: "ANGELuHA<208><STEAM_0:4:1512754949><CT>" triggered "weaponstats2" (weapon "awp") (head "0") (chest "0") (stomach "0") (leftarm "1") (rightarm "0") (leftleg "0") (rightleg "0")
L 04/03/2015 - 17:17:45: "ANGELuHA<208><STEAM_0:4:1512754949><CT>" triggered "time" (time "0:56")
L 04/03/2015 - 17:17:45: "ANGELuHA<208><STEAM_0:4:1512754949><CT>" triggered "latency" (ping "29")
L 04/03/2015 - 17:17:45: "White Walker<200><STEAM_0:4:1280756741><CT>" triggered "weaponstats" (weapon "usp") (shots "46") (hits "2") (kills "1") (headshots "0") (tks "0") (damage "117") (deaths "3")
L 04/03/2015 - 17:17:45: "White Walker<200><STEAM_0:4:1280756741><CT>" triggered "weaponstats2" (weapon "usp") (head "0") (chest "0") (stomach "0") (leftarm "2") (rightarm "0") (leftleg "0") (rightleg "0")
L 04/03/2015 - 17:17:45: "White Walker<200><STEAM_0:4:1280756741><CT>" triggered "weaponstats" (weapon "awp") (shots "33") (hits "12") (kills "9") (headshots "1") (tks "0") (damage "1495") (deaths "9")
L 04/03/2015 - 17:17:45: "White Walker<200><STEAM_0:4:1280756741><CT>" triggered "weaponstats2" (weapon "awp") (head "1") (chest "1") (stomach "2") (leftarm "5") (rightarm "2") (leftleg "0") (rightleg "1")
L 04/03/2015 - 17:17:45: "White Walker<200><STEAM_0:4:1280756741><CT>" triggered "weaponstats" (weapon "m4a1") (shots "62") (hits "14") (kills "3") (headshots "1") (tks "0") (damage "493") (deaths "4")
L 04/03/2015 - 17:17:45: "White Walker<200><STEAM_0:4:1280756741><CT>" triggered "weaponstats2" (weapon "m4a1") (head "1") (chest "2") (stomach "3") (leftarm "3") (rightarm "2") (leftleg "2") (rightleg "1")
L 04/03/2015 - 17:17:45: "White Walker<200><STEAM_0:4:1280756741><CT>" triggered "weaponstats" (weapon "knife") (shots "3") (hits "0") (kills "0") (headshots "0") (tks "0") (damage "0") (deaths "1")
L 04/03/2015 - 17:17:45: "White Walker<200><STEAM_0:4:1280756741><CT>" triggered "weaponstats2" (weapon "knife") (head "0") (chest "0") (stomach "0") (leftarm "0") (rightarm "0") (leftleg "0") (rightleg "0")
L 04/03/2015 - 17:17:45: "White Walker<200><STEAM_0:4:1280756741><CT>" triggered "time" (time "11:15")
L 04/03/2015 - 17:17:45: "White Walker<200><STEAM_0:4:1280756741><CT>" triggered "latency" (ping "66")
L 04/03/2015 - 17:17:45: Server cvar "mp_timelimit" = "30.000000"
L 04/03/2015 - 17:17:45: [META] ini: Begin re-reading plugins list: /home/extazy/public/cstrike/addons/metamod/plugins.ini
L 04/03/2015 - 17:17:45: [META] ini: Read plugin config for: AMX Mod X
L 04/03/2015 - 17:17:45: [META] ini: Read plugin config for: dproto_EF
L 04/03/2015 - 17:17:45: [META] ini: Read plugin config for: VoiceTranscoder
L 04/03/2015 - 17:17:45: [META] ini: Finished reading plugins list: /home/extazy/public/cstrike/addons/metamod/plugins.ini; Found 3 plugins
L 04/03/2015 - 17:17:45: [META] dll: Updating plugins...
L 04/03/2015 - 17:17:45: [META] dll: Finished updating 12 plugins; kept 3, loaded 0, unloaded 0, reloaded 0, delayed 0
L 04/03/2015 - 17:17:45: Log file closed
