L 04/08/2015 - 16:21:56: Log file started (file "logs/L0408002.log") (game "cstrike") (version "48/1.6.3.7/Stdio/5787")
L 04/08/2015 - 16:21:56: Loading map "de_go_go_go"
L 04/08/2015 - 16:21:56: Server cvars start
L 04/08/2015 - 16:21:56: Server cvar "_tutor_bomb_viewable_check_interval" = "0.5"
L 04/08/2015 - 16:21:56: Server cvar "_tutor_debug_level" = "0"
L 04/08/2015 - 16:21:56: Server cvar "_tutor_examine_time" = "0.5"
L 04/08/2015 - 16:21:56: Server cvar "_tutor_hint_interval_time" = "10.0"
L 04/08/2015 - 16:21:56: Server cvar "_tutor_look_angle" = "10"
L 04/08/2015 - 16:21:56: Server cvar "_tutor_look_distance" = "200"
L 04/08/2015 - 16:21:56: Server cvar "_tutor_message_character_display_time_coefficient" = "0.07"
L 04/08/2015 - 16:21:56: Server cvar "_tutor_message_minimum_display_time" = "1"
L 04/08/2015 - 16:21:56: Server cvar "_tutor_message_repeats" = "5"
L 04/08/2015 - 16:21:56: Server cvar "_tutor_view_distance" = "1000"
L 04/08/2015 - 16:21:56: Server cvar "aesp_version" = "1.5b_mini"
L 04/08/2015 - 16:21:56: Server cvar "allow_spectators" = "4"
L 04/08/2015 - 16:21:56: Server cvar "amx_client_languages" = "0"
L 04/08/2015 - 16:21:56: Server cvar "amx_contactinfo" = "ICQ: 691322983"
L 04/08/2015 - 16:21:56: Server cvar "amx_language" = "ru"
L 04/08/2015 - 16:21:56: Server cvar "amx_nextmap" = "de_go_go_go"
L 04/08/2015 - 16:21:56: Server cvar "amx_timeleft" = "00:00"
L 04/08/2015 - 16:21:56: Server cvar "amxbans_ssversion" = "Gm 1.6"
L 04/08/2015 - 16:21:56: Server cvar "amxbans_version" = "Gm 1.6"
L 04/08/2015 - 16:21:56: Server cvar "amxmodx_version" = "1.8.1.3746"
L 04/08/2015 - 16:21:56: Server cvar "Colored Translit Cheat" = "Loaded"
L 04/08/2015 - 16:21:56: Server cvar "Colored Translit Config" = "Loaded"
L 04/08/2015 - 16:21:56: Server cvar "Colored Translit Ignores" = "Loaded"
L 04/08/2015 - 16:21:56: Server cvar "Colored Translit Replace" = "Failed"
L 04/08/2015 - 16:21:56: Server cvar "Colored Translit Spam" = "Loaded"
L 04/08/2015 - 16:21:56: Server cvar "Colored Translit Status" = "Loaded"
L 04/08/2015 - 16:21:56: Server cvar "Colored Translit Swear" = "Loaded"
L 04/08/2015 - 16:21:56: Server cvar "Colored Translit Version" = "2.0b Final"
L 04/08/2015 - 16:21:56: Server cvar "coop" = "0"
L 04/08/2015 - 16:21:56: Server cvar "deathmatch" = "1"
L 04/08/2015 - 16:21:56: Server cvar "decalfrequency" = "9"
L 04/08/2015 - 16:21:56: Server cvar "dp_version" = "0.9.391"
L 04/08/2015 - 16:21:56: Server cvar "edgefriction" = "2"
L 04/08/2015 - 16:21:56: Server cvar "hostage_debug" = "0"
L 04/08/2015 - 16:21:56: Server cvar "hostage_stop" = "0"
L 04/08/2015 - 16:21:56: Server cvar "humans_join_team" = "any"
L 04/08/2015 - 16:21:56: Server cvar "jtp10181" = "chute,gore"
L 04/08/2015 - 16:21:56: Server cvar "max_queries_sec" = "3.0"
L 04/08/2015 - 16:21:56: Server cvar "max_queries_sec_global" = "30"
L 04/08/2015 - 16:21:56: Server cvar "max_queries_window" = "60"
L 04/08/2015 - 16:21:56: Server cvar "metamod_version" = "1.19"
L 04/08/2015 - 16:21:56: Server cvar "mp_allowmonsters" = "0"
L 04/08/2015 - 16:21:56: Server cvar "mp_autokick" = "1"
L 04/08/2015 - 16:21:56: Server cvar "mp_autoteambalance" = "1"
L 04/08/2015 - 16:21:56: Server cvar "mp_buytime" = "1.5"
L 04/08/2015 - 16:21:56: Server cvar "mp_c4timer" = "35"
L 04/08/2015 - 16:21:56: Server cvar "mp_chattime" = "1"
L 04/08/2015 - 16:21:56: Server cvar "mp_consistency" = "1"
L 04/08/2015 - 16:21:56: Server cvar "mp_fadetoblack" = "0"
L 04/08/2015 - 16:21:56: Server cvar "mp_flashlight" = "1"
L 04/08/2015 - 16:21:56: Server cvar "mp_footsteps" = "1"
L 04/08/2015 - 16:21:56: Server cvar "mp_forcecamera" = "0"
L 04/08/2015 - 16:21:56: Server cvar "mp_forcechasecam" = "0"
L 04/08/2015 - 16:21:56: Server cvar "mp_fragsleft" = "0"
L 04/08/2015 - 16:21:56: Server cvar "mp_freezetime" = "5"
L 04/08/2015 - 16:21:56: Server cvar "mp_friendlyfire" = "0"
L 04/08/2015 - 16:21:56: Server cvar "mp_ghostfrequency" = "0.1"
L 04/08/2015 - 16:21:56: Server cvar "mp_hostagepenalty" = "0"
L 04/08/2015 - 16:21:56: Server cvar "mp_kickpercent" = "0.66"
L 04/08/2015 - 16:21:56: Server cvar "mp_limitteams" = "5"
L 04/08/2015 - 16:21:56: Server cvar "mp_logdetail" = "3"
L 04/08/2015 - 16:21:56: Server cvar "mp_logfile" = "1"
L 04/08/2015 - 16:21:56: Server cvar "mp_logmessages" = "1"
L 04/08/2015 - 16:21:56: Server cvar "mp_mapvoteratio" = "0.66"
L 04/08/2015 - 16:21:56: Server cvar "mp_maxrounds" = "0"
L 04/08/2015 - 16:21:56: Server cvar "mp_mirrordamage" = "0"
L 04/08/2015 - 16:21:56: Server cvar "mp_playerid" = "0"
L 04/08/2015 - 16:21:56: Server cvar "mp_roundtime" = "2.57"
L 04/08/2015 - 16:21:56: Server cvar "mp_startmoney" = "800"
L 04/08/2015 - 16:21:56: Server cvar "mp_timeleft" = "0"
L 04/08/2015 - 16:21:56: Server cvar "mp_timelimit" = "30.000000"
L 04/08/2015 - 16:21:56: Server cvar "mp_tkpunish" = "1"
L 04/08/2015 - 16:21:56: Server cvar "mp_windifference" = "1"
L 04/08/2015 - 16:21:56: Server cvar "mp_winlimit" = "0"
L 04/08/2015 - 16:21:56: Server cvar "pausable" = "0"
L 04/08/2015 - 16:21:56: Server cvar "sv_accelerate" = "5"
L 04/08/2015 - 16:21:56: Server cvar "sv_aim" = "0"
L 04/08/2015 - 16:21:56: Server cvar "sv_airaccelerate" = "10"
L 04/08/2015 - 16:21:56: Server cvar "sv_airmove" = "1"
L 04/08/2015 - 16:21:56: Server cvar "sv_allowupload" = "1"
L 04/08/2015 - 16:21:56: Server cvar "sv_alltalk" = "0"
L 04/08/2015 - 16:21:56: Server cvar "sv_bounce" = "1"
L 04/08/2015 - 16:21:56: Server cvar "sv_cheats" = "0"
L 04/08/2015 - 16:21:56: Server cvar "sv_clienttrace" = "1"
L 04/08/2015 - 16:21:56: Server cvar "sv_clipmode" = "0"
L 04/08/2015 - 16:21:56: Server cvar "sv_contact" = ""
L 04/08/2015 - 16:21:56: Server cvar "sv_friction" = "4"
L 04/08/2015 - 16:21:56: Server cvar "sv_gravity" = "800"
L 04/08/2015 - 16:21:56: Server cvar "sv_logblocks" = "0"
L 04/08/2015 - 16:21:56: Server cvar "sv_maxrate" = "25000"
L 04/08/2015 - 16:21:56: Server cvar "sv_maxspeed" = "900"
L 04/08/2015 - 16:21:56: Server cvar "sv_minrate" = "100000"
L 04/08/2015 - 16:21:56: Server cvar "sv_password" = ""
L 04/08/2015 - 16:21:56: Server cvar "sv_proxies" = "0"
L 04/08/2015 - 16:21:56: Server cvar "sv_region" = "3"
L 04/08/2015 - 16:21:56: Server cvar "sv_restart" = "0"
L 04/08/2015 - 16:21:56: Server cvar "sv_restartround" = "0"
L 04/08/2015 - 16:21:56: Server cvar "sv_stepsize" = "18"
L 04/08/2015 - 16:21:56: Server cvar "sv_stopspeed" = "75"
L 04/08/2015 - 16:21:56: Server cvar "sv_uploadmax" = "0.5"
L 04/08/2015 - 16:21:56: Server cvar "sv_voiceenable" = "1"
L 04/08/2015 - 16:21:56: Server cvar "sv_wateraccelerate" = "10"
L 04/08/2015 - 16:21:56: Server cvar "sv_waterfriction" = "1"
L 04/08/2015 - 16:21:56: Server cvar "travo_statmarquee" = "v1.2"
L 04/08/2015 - 16:21:56: Server cvar "vtc_version" = "80"
L 04/08/2015 - 16:21:56: Server cvars end
L 04/08/2015 - 16:21:56: Server cvar "amx_nextmap" = "de_inferno_2x2"
L 04/08/2015 - 16:21:56: Server cvar "sv_restart" = "1"
L 04/08/2015 - 16:21:56: World triggered "Restart_Round_(1_second)"
L 04/08/2015 - 16:21:56: Team "CT" scored "0" with "0" players
L 04/08/2015 - 16:21:56: Team "TERRORIST" scored "0" with "0" players
L 04/08/2015 - 16:21:56: Server cvar "sv_restart" = "0"
L 04/08/2015 - 16:21:57: Started map "de_go_go_go" (CRC "-886311426")
L 04/08/2015 - 16:21:57: [VTC] Player 1 speex
L 04/08/2015 - 16:21:57: [VTC] Player 2 speex
L 04/08/2015 - 16:21:57: [VTC] Player 3 silk
L 04/08/2015 - 16:21:57: [VTC] Player 4 silk
L 04/08/2015 - 16:21:57: [VTC] Player 5 speex
L 04/08/2015 - 16:21:59: "KR3<32><STEAM_0:0:5978693><>" entered the game
L 04/08/2015 - 16:22:00: [DPROTO]: Client 0 - Set AuthIdType 3 [dp_RevEmu]; pClient = 0xb38f1f08
L 04/08/2015 - 16:22:00: "RilAT<41><STEAM_0:4:1510428037><>" connected, address "178.121.82.29:56225"
L 04/08/2015 - 16:22:00: [DPROTO]: Client 3 - Set AuthIdType 1 [Native]; pClient = 0xb3900be4
L 04/08/2015 - 16:22:00: "PRO<42><STEAM_0:1:89334618><>" connected, address "46.219.242.217:25893"
L 04/08/2015 - 16:22:00: [VTC] Player 1 speex
L 04/08/2015 - 16:22:00: [VTC] Player 4 silk
L 04/08/2015 - 16:22:01: "PRO<42><STEAM_0:1:89334618><>" STEAM USERID validated
L 04/08/2015 - 16:22:01: "STuff<40><STEAM_0:4:1654850673><>" entered the game
L 04/08/2015 - 16:22:02: World triggered "Round_Start"
L 04/08/2015 - 16:22:04: "RilAT<41><STEAM_0:4:1510428037><>" entered the game
L 04/08/2015 - 16:22:04: "PRO<42><STEAM_0:1:89334618><>" entered the game
L 04/08/2015 - 16:22:04: [DPROTO]: Client 1 - Set AuthIdType 3 [dp_RevEmu]; pClient = 0xb38f6dfc
L 04/08/2015 - 16:22:04: "}I{YK<43><STEAM_0:4:1510428037><>" connected, address "178.121.82.29:39535"
L 04/08/2015 - 16:22:04: [VTC] Player 2 speex
L 04/08/2015 - 16:22:04: "KR3<32><STEAM_0:0:5978693><>" joined team "CT"
L 04/08/2015 - 16:22:06: "RilAT<41><STEAM_0:4:1510428037><>" joined team "TERRORIST"
L 04/08/2015 - 16:22:06: World triggered "Game_Commencing"
L 04/08/2015 - 16:22:06: World triggered "Game_Commencing" (CT "0") (T "0")
L 04/08/2015 - 16:22:06: World triggered "Round_End"
L 04/08/2015 - 16:22:07: "STuff<40><STEAM_0:4:1654850673><>" joined team "CT"
L 04/08/2015 - 16:22:08: "PRO<42><STEAM_0:1:89334618><>" joined team "TERRORIST"
L 04/08/2015 - 16:22:09: "}I{YK<43><STEAM_0:4:1510428037><>" entered the game
L 04/08/2015 - 16:22:09: "RilAT<41><STEAM_0:4:1510428037><TERRORIST>" triggered "Spawned_With_The_Bomb"
L 04/08/2015 - 16:22:14: World triggered "Round_Start"
L 04/08/2015 - 16:22:18: "}I{YK<43><STEAM_0:4:1510428037><>" joined team "CT"
L 04/08/2015 - 16:22:27: "RilAT<41><STEAM_0:4:1510428037><TERRORIST>" attacked "}I{YK<43><STEAM_0:4:1510428037><CT>" with "glock18" (damage "18") (damage_armor "0") (health "82") (armor "0")
L 04/08/2015 - 16:22:27: "RilAT<41><STEAM_0:4:1510428037><TERRORIST>" attacked "}I{YK<43><STEAM_0:4:1510428037><CT>" with "glock18" (damage "18") (damage_armor "0") (health "64") (armor "0")
L 04/08/2015 - 16:22:29: "}I{YK<43><STEAM_0:4:1510428037><CT>" attacked "RilAT<41><STEAM_0:4:1510428037><TERRORIST>" with "usp" (damage "25") (damage_armor "0") (health "75") (armor "0")
L 04/08/2015 - 16:22:29: "KR3<32><STEAM_0:0:5978693><CT>" attacked "PRO<42><STEAM_0:1:89334618><TERRORIST>" with "usp" (damage "26") (damage_armor "0") (health "74") (armor "0")
L 04/08/2015 - 16:22:29: "}I{YK<43><STEAM_0:4:1510428037><CT>" attacked "RilAT<41><STEAM_0:4:1510428037><TERRORIST>" with "usp" (damage "31") (damage_armor "0") (health "44") (armor "0")
L 04/08/2015 - 16:22:29: "KR3<32><STEAM_0:0:5978693><CT>" attacked "PRO<42><STEAM_0:1:89334618><TERRORIST>" with "usp" (damage "26") (damage_armor "0") (health "48") (armor "0")
L 04/08/2015 - 16:22:30: "KR3<32><STEAM_0:0:5978693><CT>" attacked "PRO<42><STEAM_0:1:89334618><TERRORIST>" with "usp" (damage "26") (damage_armor "0") (health "22") (armor "0")
L 04/08/2015 - 16:22:30: "PRO<42><STEAM_0:1:89334618><TERRORIST>" attacked "KR3<32><STEAM_0:0:5978693><CT>" with "glock18" (damage "21") (damage_armor "0") (health "79") (armor "0")
L 04/08/2015 - 16:22:30: "KR3<32><STEAM_0:0:5978693><CT>" attacked "PRO<42><STEAM_0:1:89334618><TERRORIST>" with "usp" (damage "26") (damage_armor "0") (health "-4") (armor "0")
L 04/08/2015 - 16:22:30: "KR3<32><STEAM_0:0:5978693><CT>" killed "PRO<42><STEAM_0:1:89334618><TERRORIST>" with "usp"
L 04/08/2015 - 16:22:31: "RilAT<41><STEAM_0:4:1510428037><TERRORIST>" attacked "}I{YK<43><STEAM_0:4:1510428037><CT>" with "glock18" (damage "21") (damage_armor "0") (health "43") (armor "0")
L 04/08/2015 - 16:22:32: "RilAT<41><STEAM_0:4:1510428037><TERRORIST>" attacked "}I{YK<43><STEAM_0:4:1510428037><CT>" with "glock18" (damage "22") (damage_armor "0") (health "21") (armor "0")
L 04/08/2015 - 16:22:34: "}I{YK<43><STEAM_0:4:1510428037><CT>" attacked "RilAT<41><STEAM_0:4:1510428037><TERRORIST>" with "usp" (damage "19") (damage_armor "0") (health "25") (armor "0")
L 04/08/2015 - 16:22:35: "}I{YK<43><STEAM_0:4:1510428037><CT>" attacked "RilAT<41><STEAM_0:4:1510428037><TERRORIST>" with "usp" (damage "21") (damage_armor "0") (health "4") (armor "0")
L 04/08/2015 - 16:22:35: "RilAT<41><STEAM_0:4:1510428037><TERRORIST>" attacked "}I{YK<43><STEAM_0:4:1510428037><CT>" with "glock18" (damage "24") (damage_armor "0") (health "-3") (armor "0")
L 04/08/2015 - 16:22:35: "RilAT<41><STEAM_0:4:1510428037><TERRORIST>" killed "}I{YK<43><STEAM_0:4:1510428037><CT>" with "glock18"
L 04/08/2015 - 16:22:41: "STuff<40><STEAM_0:4:1654850673><CT>" attacked "RilAT<41><STEAM_0:4:1510428037><TERRORIST>" with "deagle" (damage "31") (damage_armor "0") (health "-27") (armor "0")
L 04/08/2015 - 16:22:41: "STuff<40><STEAM_0:4:1654850673><CT>" killed "RilAT<41><STEAM_0:4:1510428037><TERRORIST>" with "deagle"
L 04/08/2015 - 16:22:41: Team "CT" triggered "CTs_Win" (CT "1") (T "0")
L 04/08/2015 - 16:22:41: World triggered "Round_End"
L 04/08/2015 - 16:22:46: "PRO<42><STEAM_0:1:89334618><TERRORIST>" triggered "Spawned_With_The_Bomb"
L 04/08/2015 - 16:22:51: World triggered "Round_Start"
L 04/08/2015 - 16:23:00: "STuff<40><STEAM_0:4:1654850673><CT>" attacked "PRO<42><STEAM_0:1:89334618><TERRORIST>" with "m4a1" (damage "21") (damage_armor "5") (health "79") (armor "95")
L 04/08/2015 - 16:23:00: "STuff<40><STEAM_0:4:1654850673><CT>" attacked "PRO<42><STEAM_0:1:89334618><TERRORIST>" with "m4a1" (damage "21") (damage_armor "4") (health "58") (armor "91")
L 04/08/2015 - 16:23:00: "RilAT<41><STEAM_0:4:1510428037><TERRORIST>" attacked "STuff<40><STEAM_0:4:1654850673><CT>" with "ak47" (damage "35") (damage_armor "0") (health "65") (armor "0")
L 04/08/2015 - 16:23:01: "STuff<40><STEAM_0:4:1654850673><CT>" attacked "PRO<42><STEAM_0:1:89334618><TERRORIST>" with "m4a1" (damage "22") (damage_armor "0") (health "36") (armor "91")
L 04/08/2015 - 16:23:01: "STuff<40><STEAM_0:4:1654850673><CT>" attacked "PRO<42><STEAM_0:1:89334618><TERRORIST>" with "m4a1" (damage "22") (damage_armor "0") (health "14") (armor "91")
L 04/08/2015 - 16:23:01: "STuff<40><STEAM_0:4:1654850673><CT>" attacked "PRO<42><STEAM_0:1:89334618><TERRORIST>" with "m4a1" (damage "10") (damage_armor "0") (health "4") (armor "91")
L 04/08/2015 - 16:23:01: "STuff<40><STEAM_0:4:1654850673><CT>" attacked "RilAT<41><STEAM_0:4:1510428037><TERRORIST>" with "m4a1" (damage "31") (damage_armor "0") (health "69") (armor "0")
L 04/08/2015 - 16:23:01: "STuff<40><STEAM_0:4:1654850673><CT>" attacked "RilAT<41><STEAM_0:4:1510428037><TERRORIST>" with "m4a1" (damage "31") (damage_armor "0") (health "38") (armor "0")
L 04/08/2015 - 16:23:01: "STuff<40><STEAM_0:4:1654850673><CT>" attacked "RilAT<41><STEAM_0:4:1510428037><TERRORIST>" with "m4a1" (damage "31") (damage_armor "0") (health "7") (armor "0")
L 04/08/2015 - 16:23:02: "STuff<40><STEAM_0:4:1654850673><CT>" attacked "RilAT<41><STEAM_0:4:1510428037><TERRORIST>" with "m4a1" (damage "31") (damage_armor "0") (health "-24") (armor "0")
L 04/08/2015 - 16:23:02: "STuff<40><STEAM_0:4:1654850673><CT>" killed "RilAT<41><STEAM_0:4:1510428037><TERRORIST>" with "m4a1"
L 04/08/2015 - 16:23:02: "PRO<42><STEAM_0:1:89334618><TERRORIST>" attacked "STuff<40><STEAM_0:4:1654850673><CT>" with "deagle" (damage "37") (damage_armor "0") (health "28") (armor "0")
L 04/08/2015 - 16:23:03: "PRO<42><STEAM_0:1:89334618><TERRORIST>" attacked "STuff<40><STEAM_0:4:1654850673><CT>" with "deagle" (damage "37") (damage_armor "0") (health "-9") (armor "0")
L 04/08/2015 - 16:23:03: "PRO<42><STEAM_0:1:89334618><TERRORIST>" killed "STuff<40><STEAM_0:4:1654850673><CT>" with "deagle"
L 04/08/2015 - 16:23:14: "}I{YK<43><STEAM_0:4:1510428037><CT>" attacked "PRO<42><STEAM_0:1:89334618><TERRORIST>" with "usp" (damage "15") (damage_armor "0") (health "-11") (armor "91")
L 04/08/2015 - 16:23:14: "}I{YK<43><STEAM_0:4:1510428037><CT>" killed "PRO<42><STEAM_0:1:89334618><TERRORIST>" with "usp"
L 04/08/2015 - 16:23:14: Team "CT" triggered "CTs_Win" (CT "2") (T "0")
L 04/08/2015 - 16:23:14: World triggered "Round_End"
L 04/08/2015 - 16:23:19: "RilAT<41><STEAM_0:4:1510428037><TERRORIST>" triggered "Spawned_With_The_Bomb"
L 04/08/2015 - 16:23:23: [DPROTO]: Client 5 - Set AuthIdType 3 [dp_RevEmu]; pClient = 0xb390a9cc
L 04/08/2015 - 16:23:23: "[SnIpEr__--__[GOD LOL<44><STEAM_0:4:1569580499><>" connected, address "31.41.71.18:27005"
L 04/08/2015 - 16:23:24: [VTC] Player 6 speex
L 04/08/2015 - 16:23:24: World triggered "Round_Start"
L 04/08/2015 - 16:23:27: [DPROTO]: Client 5 - Set AuthIdType 3 [dp_RevEmu]; pClient = 0xb390a9cc
L 04/08/2015 - 16:23:27: "[SnIpEr__--__[GOD LOL<45><STEAM_0:4:1569580499><>" connected, address "31.41.71.18:27005"
L 04/08/2015 - 16:23:27: [VTC] Player 6 speex
L 04/08/2015 - 16:23:35: "PRO<42><STEAM_0:1:89334618><TERRORIST>" attacked "STuff<40><STEAM_0:4:1654850673><CT>" with "glock18" (damage "22") (damage_armor "0") (health "78") (armor "0")
L 04/08/2015 - 16:23:35: "[SnIpEr__--__[GOD LOL<45><STEAM_0:4:1569580499><>" entered the game
L 04/08/2015 - 16:23:35: "STuff<40><STEAM_0:4:1654850673><CT>" attacked "PRO<42><STEAM_0:1:89334618><TERRORIST>" with "m4a1" (damage "30") (damage_armor "0") (health "70") (armor "0")
L 04/08/2015 - 16:23:35: "STuff<40><STEAM_0:4:1654850673><CT>" attacked "PRO<42><STEAM_0:1:89334618><TERRORIST>" with "m4a1" (damage "37") (damage_armor "0") (health "33") (armor "0")
L 04/08/2015 - 16:23:35: "STuff<40><STEAM_0:4:1654850673><CT>" attacked "PRO<42><STEAM_0:1:89334618><TERRORIST>" with "m4a1" (damage "30") (damage_armor "0") (health "3") (armor "0")
L 04/08/2015 - 16:23:36: "STuff<40><STEAM_0:4:1654850673><CT>" attacked "PRO<42><STEAM_0:1:89334618><TERRORIST>" with "m4a1" (damage "30") (damage_armor "0") (health "-27") (armor "0")
L 04/08/2015 - 16:23:36: "STuff<40><STEAM_0:4:1654850673><CT>" killed "PRO<42><STEAM_0:1:89334618><TERRORIST>" with "m4a1"
L 04/08/2015 - 16:23:36: "STuff<40><STEAM_0:4:1654850673><CT>" attacked "RilAT<41><STEAM_0:4:1510428037><TERRORIST>" with "m4a1" (damage "10") (damage_armor "0") (health "90") (armor "0")
L 04/08/2015 - 16:23:36: "STuff<40><STEAM_0:4:1654850673><CT>" attacked "RilAT<41><STEAM_0:4:1510428037><TERRORIST>" with "m4a1" (damage "10") (damage_armor "0") (health "80") (armor "0")
L 04/08/2015 - 16:23:36: "RilAT<41><STEAM_0:4:1510428037><TERRORIST>" attacked "STuff<40><STEAM_0:4:1654850673><CT>" with "mp5navy" (damage "11") (damage_armor "0") (health "67") (armor "0")
L 04/08/2015 - 16:23:37: "STuff<40><STEAM_0:4:1654850673><CT>" attacked "RilAT<41><STEAM_0:4:1510428037><TERRORIST>" with "m4a1" (damage "116") (damage_armor "0") (health "-36") (armor "0")
L 04/08/2015 - 16:23:37: "STuff<40><STEAM_0:4:1654850673><CT>" killed "RilAT<41><STEAM_0:4:1510428037><TERRORIST>" with "m4a1"
L 04/08/2015 - 16:23:37: Team "CT" triggered "CTs_Win" (CT "3") (T "0")
L 04/08/2015 - 16:23:37: World triggered "Round_End"
L 04/08/2015 - 16:23:42: "PRO<42><STEAM_0:1:89334618><TERRORIST>" triggered "Spawned_With_The_Bomb"
L 04/08/2015 - 16:23:42: "[SnIpEr__--__[GOD LOL<45><STEAM_0:4:1569580499><>" joined team "TERRORIST"
L 04/08/2015 - 16:23:47: World triggered "Round_Start"
L 04/08/2015 - 16:23:55: "PRO<42><STEAM_0:1:89334618><TERRORIST>" attacked "STuff<40><STEAM_0:4:1654850673><CT>" with "ak47" (damage "34") (damage_armor "0") (health "66") (armor "0")
L 04/08/2015 - 16:23:55: "PRO<42><STEAM_0:1:89334618><TERRORIST>" attacked "STuff<40><STEAM_0:4:1654850673><CT>" with "ak47" (damage "34") (damage_armor "0") (health "32") (armor "0")
L 04/08/2015 - 16:23:55: "PRO<42><STEAM_0:1:89334618><TERRORIST>" attacked "STuff<40><STEAM_0:4:1654850673><CT>" with "ak47" (damage "34") (damage_armor "0") (health "-2") (armor "0")
L 04/08/2015 - 16:23:55: "PRO<42><STEAM_0:1:89334618><TERRORIST>" killed "STuff<40><STEAM_0:4:1654850673><CT>" with "ak47"
L 04/08/2015 - 16:23:57: "PRO<42><STEAM_0:1:89334618><TERRORIST>" attacked "}I{YK<43><STEAM_0:4:1510428037><CT>" with "ak47" (damage "35") (damage_armor "0") (health "65") (armor "0")
L 04/08/2015 - 16:23:57: "PRO<42><STEAM_0:1:89334618><TERRORIST>" attacked "}I{YK<43><STEAM_0:4:1510428037><CT>" with "ak47" (damage "26") (damage_armor "0") (health "39") (armor "0")
L 04/08/2015 - 16:23:57: "PRO<42><STEAM_0:1:89334618><TERRORIST>" attacked "}I{YK<43><STEAM_0:4:1510428037><CT>" with "ak47" (damage "26") (damage_armor "0") (health "13") (armor "0")
L 04/08/2015 - 16:23:57: "PRO<42><STEAM_0:1:89334618><TERRORIST>" attacked "}I{YK<43><STEAM_0:4:1510428037><CT>" with "ak47" (damage "26") (damage_armor "0") (health "-13") (armor "0")
L 04/08/2015 - 16:23:57: "PRO<42><STEAM_0:1:89334618><TERRORIST>" killed "}I{YK<43><STEAM_0:4:1510428037><CT>" with "ak47"
L 04/08/2015 - 16:23:58: "STuff<40><STEAM_0:4:1654850673><CT>" triggered "weaponstats" (weapon "grenade") (shots "1") (hits "0") (kills "0") (headshots "0") (tks "0") (damage "0") (deaths "0")
L 04/08/2015 - 16:23:58: "STuff<40><STEAM_0:4:1654850673><CT>" triggered "weaponstats2" (weapon "grenade") (head "0") (chest "0") (stomach "0") (leftarm "0") (rightarm "0") (leftleg "0") (rightleg "0")
L 04/08/2015 - 16:23:58: "STuff<40><STEAM_0:4:1654850673><CT>" triggered "weaponstats" (weapon "usp") (shots "1") (hits "0") (kills "0") (headshots "0") (tks "0") (damage "0") (deaths "0")
L 04/08/2015 - 16:23:58: "STuff<40><STEAM_0:4:1654850673><CT>" triggered "weaponstats2" (weapon "usp") (head "0") (chest "0") (stomach "0") (leftarm "0") (rightarm "0") (leftleg "0") (rightleg "0")
L 04/08/2015 - 16:23:58: "STuff<40><STEAM_0:4:1654850673><CT>" triggered "weaponstats" (weapon "m4a1") (shots "30") (hits "16") (kills "3") (headshots "1") (tks "0") (damage "483") (deaths "2")
L 04/08/2015 - 16:23:58: "STuff<40><STEAM_0:4:1654850673><CT>" triggered "weaponstats2" (weapon "m4a1") (head "1") (chest "4") (stomach "1") (leftarm "3") (rightarm "2") (leftleg "3") (rightleg "2")
L 04/08/2015 - 16:23:58: "STuff<40><STEAM_0:4:1654850673><CT>" triggered "weaponstats" (weapon "deagle") (shots "7") (hits "1") (kills "1") (headshots "0") (tks "0") (damage "31") (deaths "0")
L 04/08/2015 - 16:23:58: "STuff<40><STEAM_0:4:1654850673><CT>" triggered "weaponstats2" (weapon "deagle") (head "0") (chest "1") (stomach "0") (leftarm "0") (rightarm "0") (leftleg "0") (rightleg "0")
L 04/08/2015 - 16:23:58: "STuff<40><STEAM_0:4:1654850673><CT>" triggered "weaponstats" (weapon "knife") (shots "1") (hits "0") (kills "0") (headshots "0") (tks "0") (damage "0") (deaths "0")
L 04/08/2015 - 16:23:58: "STuff<40><STEAM_0:4:1654850673><CT>" triggered "weaponstats2" (weapon "knife") (head "0") (chest "0") (stomach "0") (leftarm "0") (rightarm "0") (leftleg "0") (rightleg "0")
L 04/08/2015 - 16:23:58: "STuff<40><STEAM_0:4:1654850673><CT>" triggered "time" (time "1:57")
L 04/08/2015 - 16:23:58: "STuff<40><STEAM_0:4:1654850673><CT>" triggered "latency" (ping "65")
L 04/08/2015 - 16:23:58: "STuff<40><STEAM_0:4:1654850673><CT>" disconnected
L 04/08/2015 - 16:24:02: "PRO<42><STEAM_0:1:89334618><TERRORIST>" attacked "KR3<32><STEAM_0:0:5978693><CT>" with "ak47" (damage "140") (damage_armor "0") (health "-40") (armor "0")
L 04/08/2015 - 16:24:02: "PRO<42><STEAM_0:1:89334618><TERRORIST>" killed "KR3<32><STEAM_0:0:5978693><CT>" with "ak47"
L 04/08/2015 - 16:24:02: Team "TERRORIST" triggered "Terrorists_Win" (CT "3") (T "1")
L 04/08/2015 - 16:24:02: World triggered "Round_End"
L 04/08/2015 - 16:24:07: "[SnIpEr__--__[GOD LOL<45><STEAM_0:4:1569580499><TERRORIST>" triggered "Spawned_With_The_Bomb"
L 04/08/2015 - 16:24:12: World triggered "Round_Start"
L 04/08/2015 - 16:24:19: "PRO<42><STEAM_0:1:89334618><TERRORIST>" attacked "KR3<32><STEAM_0:0:5978693><CT>" with "ak47" (damage "105") (damage_armor "16") (health "-5") (armor "84")
L 04/08/2015 - 16:24:19: "PRO<42><STEAM_0:1:89334618><TERRORIST>" killed "KR3<32><STEAM_0:0:5978693><CT>" with "ak47"
L 04/08/2015 - 16:24:25: "RilAT<41><STEAM_0:4:1510428037><TERRORIST>" attacked "}I{YK<43><STEAM_0:4:1510428037><CT>" with "ak47" (damage "35") (damage_armor "0") (health "65") (armor "0")
L 04/08/2015 - 16:24:25: "RilAT<41><STEAM_0:4:1510428037><TERRORIST>" attacked "}I{YK<43><STEAM_0:4:1510428037><CT>" with "ak47" (damage "35") (damage_armor "0") (health "30") (armor "0")
L 04/08/2015 - 16:24:25: "PRO<42><STEAM_0:1:89334618><TERRORIST>" attacked "}I{YK<43><STEAM_0:4:1510428037><CT>" with "ak47" (damage "34") (damage_armor "0") (health "-4") (armor "0")
L 04/08/2015 - 16:24:25: "PRO<42><STEAM_0:1:89334618><TERRORIST>" killed "}I{YK<43><STEAM_0:4:1510428037><CT>" with "ak47"
L 04/08/2015 - 16:24:25: Team "TERRORIST" triggered "Terrorists_Win" (CT "3") (T "2")
L 04/08/2015 - 16:24:25: World triggered "Round_End"
L 04/08/2015 - 16:24:30: "RilAT<41><STEAM_0:4:1510428037><TERRORIST>" triggered "Spawned_With_The_Bomb"
L 04/08/2015 - 16:24:35: World triggered "Round_Start"
L 04/08/2015 - 16:24:42: "[SnIpEr__--__[GOD LOL<45><STEAM_0:4:1569580499><TERRORIST>" attacked "KR3<32><STEAM_0:0:5978693><CT>" with "m4a1" (damage "20") (damage_armor "0") (health "80") (armor "0")
L 04/08/2015 - 16:24:42: "[SnIpEr__--__[GOD LOL<45><STEAM_0:4:1569580499><TERRORIST>" attacked "KR3<32><STEAM_0:0:5978693><CT>" with "m4a1" (damage "20") (damage_armor "0") (health "60") (armor "0")
L 04/08/2015 - 16:24:44: "[SnIpEr__--__[GOD LOL<45><STEAM_0:4:1569580499><TERRORIST>" attacked "KR3<32><STEAM_0:0:5978693><CT>" with "m4a1" (damage "33") (damage_armor "0") (health "27") (armor "0")
L 04/08/2015 - 16:24:44: "[SnIpEr__--__[GOD LOL<45><STEAM_0:4:1569580499><TERRORIST>" attacked "KR3<32><STEAM_0:0:5978693><CT>" with "m4a1" (damage "20") (damage_armor "0") (health "7") (armor "0")
L 04/08/2015 - 16:24:45: "[SnIpEr__--__[GOD LOL<45><STEAM_0:4:1569580499><TERRORIST>" attacked "}I{YK<43><STEAM_0:4:1510428037><CT>" with "m4a1" (damage "36") (damage_armor "0") (health "64") (armor "0")
L 04/08/2015 - 16:24:45: "[SnIpEr__--__[GOD LOL<45><STEAM_0:4:1569580499><TERRORIST>" attacked "}I{YK<43><STEAM_0:4:1510428037><CT>" with "m4a1" (damage "29") (damage_armor "0") (health "35") (armor "0")
L 04/08/2015 - 16:24:45: "[SnIpEr__--__[GOD LOL<45><STEAM_0:4:1569580499><TERRORIST>" attacked "}I{YK<43><STEAM_0:4:1510428037><CT>" with "m4a1" (damage "116") (damage_armor "0") (health "-81") (armor "0")
L 04/08/2015 - 16:24:45: "[SnIpEr__--__[GOD LOL<45><STEAM_0:4:1569580499><TERRORIST>" killed "}I{YK<43><STEAM_0:4:1510428037><CT>" with "m4a1"
L 04/08/2015 - 16:24:53: "RilAT<41><STEAM_0:4:1510428037><TERRORIST>" attacked "KR3<32><STEAM_0:0:5978693><CT>" with "ak47" (damage "42") (damage_armor "0") (health "-35") (armor "0")
L 04/08/2015 - 16:24:53: "RilAT<41><STEAM_0:4:1510428037><TERRORIST>" killed "KR3<32><STEAM_0:0:5978693><CT>" with "ak47"
L 04/08/2015 - 16:24:53: Team "TERRORIST" triggered "Terrorists_Win" (CT "3") (T "3")
L 04/08/2015 - 16:24:53: World triggered "Round_End"
L 04/08/2015 - 16:24:58: "PRO<42><STEAM_0:1:89334618><TERRORIST>" triggered "Spawned_With_The_Bomb"
L 04/08/2015 - 16:25:03: World triggered "Round_Start"
L 04/08/2015 - 16:25:16: "[SnIpEr__--__[GOD LOL<45><STEAM_0:4:1569580499><TERRORIST>" attacked "}I{YK<43><STEAM_0:4:1510428037><CT>" with "m4a1" (damage "29") (damage_armor "0") (health "71") (armor "0")
L 04/08/2015 - 16:25:16: "[SnIpEr__--__[GOD LOL<45><STEAM_0:4:1569580499><TERRORIST>" attacked "}I{YK<43><STEAM_0:4:1510428037><CT>" with "m4a1" (damage "36") (damage_armor "0") (health "35") (armor "0")
L 04/08/2015 - 16:25:16: "[SnIpEr__--__[GOD LOL<45><STEAM_0:4:1569580499><TERRORIST>" attacked "}I{YK<43><STEAM_0:4:1510428037><CT>" with "m4a1" (damage "36") (damage_armor "0") (health "-1") (armor "0")
L 04/08/2015 - 16:25:16: "[SnIpEr__--__[GOD LOL<45><STEAM_0:4:1569580499><TERRORIST>" killed "}I{YK<43><STEAM_0:4:1510428037><CT>" with "m4a1"
L 04/08/2015 - 16:25:19: "PRO<42><STEAM_0:1:89334618><TERRORIST>" attacked "KR3<32><STEAM_0:0:5978693><CT>" with "ak47" (damage "25") (damage_armor "0") (health "75") (armor "0")
L 04/08/2015 - 16:25:20: "RilAT<41><STEAM_0:4:1510428037><TERRORIST>" attacked "KR3<32><STEAM_0:0:5978693><CT>" with "ak47" (damage "24") (damage_armor "0") (health "51") (armor "0")
L 04/08/2015 - 16:25:20: "RilAT<41><STEAM_0:4:1510428037><TERRORIST>" attacked "KR3<32><STEAM_0:0:5978693><CT>" with "ak47" (damage "24") (damage_armor "0") (health "27") (armor "0")
L 04/08/2015 - 16:25:20: "PRO<42><STEAM_0:1:89334618><TERRORIST>" attacked "KR3<32><STEAM_0:0:5978693><CT>" with "ak47" (damage "42") (damage_armor "0") (health "-15") (armor "0")
L 04/08/2015 - 16:25:20: "PRO<42><STEAM_0:1:89334618><TERRORIST>" killed "KR3<32><STEAM_0:0:5978693><CT>" with "ak47"
L 04/08/2015 - 16:25:20: Team "TERRORIST" triggered "Terrorists_Win" (CT "3") (T "4")
L 04/08/2015 - 16:25:20: World triggered "Round_End"
L 04/08/2015 - 16:25:25: "KR3<32><STEAM_0:0:5978693><CT>" triggered "weaponstats" (weapon "usp") (shots "23") (hits "4") (kills "1") (headshots "0") (tks "0") (damage "104") (deaths "1")
L 04/08/2015 - 16:25:25: "KR3<32><STEAM_0:0:5978693><CT>" triggered "weaponstats2" (weapon "usp") (head "0") (chest "0") (stomach "0") (leftarm "3") (rightarm "1") (leftleg "0") (rightleg "0")
L 04/08/2015 - 16:25:25: "KR3<32><STEAM_0:0:5978693><CT>" triggered "time" (time "3:25")
L 04/08/2015 - 16:25:25: "KR3<32><STEAM_0:0:5978693><CT>" triggered "latency" (ping "48")
L 04/08/2015 - 16:25:25: "KR3<32><STEAM_0:0:5978693><CT>" disconnected
L 04/08/2015 - 16:25:25: "[SnIpEr__--__[GOD LOL<45><STEAM_0:4:1569580499><TERRORIST>" triggered "Spawned_With_The_Bomb"
L 04/08/2015 - 16:25:30: World triggered "Round_Start"
L 04/08/2015 - 16:25:39: "[SnIpEr__--__[GOD LOL<45><STEAM_0:4:1569580499><TERRORIST>" attacked "}I{YK<43><STEAM_0:4:1510428037><CT>" with "m4a1" (damage "32") (damage_armor "0") (health "68") (armor "0")
L 04/08/2015 - 16:25:40: "[SnIpEr__--__[GOD LOL<45><STEAM_0:4:1569580499><TERRORIST>" attacked "}I{YK<43><STEAM_0:4:1510428037><CT>" with "m4a1" (damage "24") (damage_armor "0") (health "44") (armor "0")
L 04/08/2015 - 16:25:40: "[SnIpEr__--__[GOD LOL<45><STEAM_0:4:1569580499><TERRORIST>" attacked "}I{YK<43><STEAM_0:4:1510428037><CT>" with "m4a1" (damage "32") (damage_armor "0") (health "12") (armor "0")
L 04/08/2015 - 16:25:40: "PRO<42><STEAM_0:1:89334618><TERRORIST>" attacked "}I{YK<43><STEAM_0:4:1510428037><CT>" with "ak47" (damage "35") (damage_armor "0") (health "-23") (armor "0")
L 04/08/2015 - 16:25:40: "PRO<42><STEAM_0:1:89334618><TERRORIST>" killed "}I{YK<43><STEAM_0:4:1510428037><CT>" with "ak47"
L 04/08/2015 - 16:25:40: Team "TERRORIST" triggered "Terrorists_Win" (CT "3") (T "5")
L 04/08/2015 - 16:25:40: World triggered "Round_End"
L 04/08/2015 - 16:25:43: [DPROTO]: Client 2 - Set AuthIdType 1 [Native]; pClient = 0xb38fbcf0
L 04/08/2015 - 16:25:43: "KR3<50><STEAM_0:0:5978693><>" connected, address "178.121.186.40:45002"
L 04/08/2015 - 16:25:43: [VTC] Player 3 silk
L 04/08/2015 - 16:25:43: "KR3<50><STEAM_0:0:5978693><>" STEAM USERID validated
L 04/08/2015 - 16:25:45: "PRO<42><STEAM_0:1:89334618><TERRORIST>" committed suicide with "world"
L 04/08/2015 - 16:25:45: "PRO<42><STEAM_0:1:89334618><TERRORIST>" joined team "CT"
L 04/08/2015 - 16:25:45: "RilAT<41><STEAM_0:4:1510428037><TERRORIST>" triggered "Spawned_With_The_Bomb"
L 04/08/2015 - 16:25:45: "KR3<50><STEAM_0:0:5978693><>" entered the game
L 04/08/2015 - 16:25:49: "KR3<50><STEAM_0:0:5978693><>" joined team "CT"
L 04/08/2015 - 16:25:50: World triggered "Round_Start"
L 04/08/2015 - 16:25:56: "}I{YK<43><STEAM_0:4:1510428037><CT>" attacked "[SnIpEr__--__[GOD LOL<45><STEAM_0:4:1569580499><TERRORIST>" with "m4a1" (damage "23") (damage_armor "0") (health "77") (armor "0")
L 04/08/2015 - 16:25:56: "}I{YK<43><STEAM_0:4:1510428037><CT>" attacked "[SnIpEr__--__[GOD LOL<45><STEAM_0:4:1569580499><TERRORIST>" with "m4a1" (damage "31") (damage_armor "0") (health "46") (armor "0")
L 04/08/2015 - 16:25:56: "[SnIpEr__--__[GOD LOL<45><STEAM_0:4:1569580499><TERRORIST>" attacked "}I{YK<43><STEAM_0:4:1510428037><CT>" with "m4a1" (damage "28") (damage_armor "6") (health "72") (armor "94")
L 04/08/2015 - 16:25:56: "}I{YK<43><STEAM_0:4:1510428037><CT>" attacked "[SnIpEr__--__[GOD LOL<45><STEAM_0:4:1569580499><TERRORIST>" with "m4a1" (damage "31") (damage_armor "0") (health "15") (armor "0")
L 04/08/2015 - 16:25:56: "[SnIpEr__--__[GOD LOL<45><STEAM_0:4:1569580499><TERRORIST>" attacked "}I{YK<43><STEAM_0:4:1510428037><CT>" with "m4a1" (damage "22") (damage_armor "5") (health "50") (armor "89")
L 04/08/2015 - 16:25:56: "}I{YK<43><STEAM_0:4:1510428037><CT>" attacked "[SnIpEr__--__[GOD LOL<45><STEAM_0:4:1569580499><TERRORIST>" with "m4a1" (damage "31") (damage_armor "0") (health "-16") (armor "0")
L 04/08/2015 - 16:25:56: "}I{YK<43><STEAM_0:4:1510428037><CT>" killed "[SnIpEr__--__[GOD LOL<45><STEAM_0:4:1569580499><TERRORIST>" with "m4a1"
L 04/08/2015 - 16:26:03: "KR3<50><STEAM_0:0:5978693><CT>" triggered "time" (time "0:17")
L 04/08/2015 - 16:26:03: "KR3<50><STEAM_0:0:5978693><CT>" triggered "latency" (ping "0")
L 04/08/2015 - 16:26:03: "KR3<50><STEAM_0:0:5978693><CT>" disconnected
L 04/08/2015 - 16:26:03: [DPROTO]: Client 2 - Set AuthIdType 1 [Native]; pClient = 0xb38fbcf0
L 04/08/2015 - 16:26:03: "KR3<51><STEAM_0:0:5978693><>" connected, address "178.121.186.40:45002"
L 04/08/2015 - 16:26:03: Kick: "KR3<51><STEAM_0:0:5978693><>" was kicked by "Console" (message ""Повторное подключение будет доступно через 19 секунд"")
L 04/08/2015 - 16:26:16: [DPROTO]: Client 2 - Set AuthIdType 1 [Native]; pClient = 0xb38fbcf0
L 04/08/2015 - 16:26:16: "KR3<52><STEAM_0:0:5978693><>" connected, address "178.121.186.40:47615"
L 04/08/2015 - 16:26:16: [VTC] Player 3 silk
L 04/08/2015 - 16:26:16: "KR3<52><STEAM_0:0:5978693><>" STEAM USERID validated
L 04/08/2015 - 16:26:18: "KR3<52><STEAM_0:0:5978693><>" entered the game
L 04/08/2015 - 16:26:20: "KR3<52><STEAM_0:0:5978693><>" joined team "CT"
L 04/08/2015 - 16:26:20: "}I{YK<43><STEAM_0:4:1510428037><CT>" attacked "RilAT<41><STEAM_0:4:1510428037><TERRORIST>" with "knife" (damage "260") (damage_armor "0") (health "-160") (armor "0")
L 04/08/2015 - 16:26:20: "}I{YK<43><STEAM_0:4:1510428037><CT>" killed "RilAT<41><STEAM_0:4:1510428037><TERRORIST>" with "knife"
L 04/08/2015 - 16:26:20: Team "CT" triggered "CTs_Win" (CT "4") (T "5")
L 04/08/2015 - 16:26:20: World triggered "Round_End"
L 04/08/2015 - 16:26:25: "[SnIpEr__--__[GOD LOL<45><STEAM_0:4:1569580499><TERRORIST>" triggered "Spawned_With_The_Bomb"
L 04/08/2015 - 16:26:30: World triggered "Round_Start"
L 04/08/2015 - 16:26:40: "KR3<52><STEAM_0:0:5978693><CT>" attacked "[SnIpEr__--__[GOD LOL<45><STEAM_0:4:1569580499><TERRORIST>" with "usp" (damage "18") (damage_armor "0") (health "82") (armor "0")
L 04/08/2015 - 16:26:40: "[SnIpEr__--__[GOD LOL<45><STEAM_0:4:1569580499><TERRORIST>" attacked "KR3<52><STEAM_0:0:5978693><CT>" with "deagle" (damage "57") (damage_armor "0") (health "43") (armor "0")
L 04/08/2015 - 16:26:40: "KR3<52><STEAM_0:0:5978693><CT>" attacked "[SnIpEr__--__[GOD LOL<45><STEAM_0:4:1569580499><TERRORIST>" with "usp" (damage "26") (damage_armor "0") (health "56") (armor "0")
L 04/08/2015 - 16:26:40: "KR3<52><STEAM_0:0:5978693><CT>" attacked "[SnIpEr__--__[GOD LOL<45><STEAM_0:4:1569580499><TERRORIST>" with "usp" (damage "26") (damage_armor "0") (health "30") (armor "0")
L 04/08/2015 - 16:26:40: "[SnIpEr__--__[GOD LOL<45><STEAM_0:4:1569580499><TERRORIST>" attacked "KR3<52><STEAM_0:0:5978693><CT>" with "deagle" (damage "60") (damage_armor "0") (health "-17") (armor "0")
L 04/08/2015 - 16:26:40: "[SnIpEr__--__[GOD LOL<45><STEAM_0:4:1569580499><TERRORIST>" killed "KR3<52><STEAM_0:0:5978693><CT>" with "deagle"
L 04/08/2015 - 16:26:49: "[SnIpEr__--__[GOD LOL<45><STEAM_0:4:1569580499><TERRORIST>" attacked "}I{YK<43><STEAM_0:4:1510428037><CT>" with "m4a1" (damage "21") (damage_armor "5") (health "79") (armor "84")
L 04/08/2015 - 16:26:49: "[SnIpEr__--__[GOD LOL<45><STEAM_0:4:1569580499><TERRORIST>" attacked "}I{YK<43><STEAM_0:4:1510428037><CT>" with "m4a1" (damage "21") (damage_armor "5") (health "58") (armor "79")
L 04/08/2015 - 16:26:50: "[SnIpEr__--__[GOD LOL<45><STEAM_0:4:1569580499><TERRORIST>" attacked "}I{YK<43><STEAM_0:4:1510428037><CT>" with "m4a1" (damage "86") (damage_armor "18") (health "-28") (armor "61")
L 04/08/2015 - 16:26:50: "[SnIpEr__--__[GOD LOL<45><STEAM_0:4:1569580499><TERRORIST>" killed "}I{YK<43><STEAM_0:4:1510428037><CT>" with "m4a1"
L 04/08/2015 - 16:27:02: "[SnIpEr__--__[GOD LOL<45><STEAM_0:4:1569580499><TERRORIST>" attacked "PRO<42><STEAM_0:1:89334618><CT>" with "m4a1" (damage "23") (damage_armor "0") (health "77") (armor "100")
L 04/08/2015 - 16:27:02: "[SnIpEr__--__[GOD LOL<45><STEAM_0:4:1569580499><TERRORIST>" attacked "PRO<42><STEAM_0:1:89334618><CT>" with "m4a1" (damage "21") (damage_armor "5") (health "56") (armor "95")
L 04/08/2015 - 16:27:02: "[SnIpEr__--__[GOD LOL<45><STEAM_0:4:1569580499><TERRORIST>" attacked "PRO<42><STEAM_0:1:89334618><CT>" with "m4a1" (damage "21") (damage_armor "5") (health "35") (armor "90")
L 04/08/2015 - 16:27:02: "PRO<42><STEAM_0:1:89334618><CT>" attacked "[SnIpEr__--__[GOD LOL<45><STEAM_0:4:1569580499><TERRORIST>" with "awp" (damage "114") (damage_armor "0") (health "-84") (armor "0")
L 04/08/2015 - 16:27:02: "PRO<42><STEAM_0:1:89334618><CT>" killed "[SnIpEr__--__[GOD LOL<45><STEAM_0:4:1569580499><TERRORIST>" with "awp"
L 04/08/2015 - 16:27:02: "[SnIpEr__--__[GOD LOL<45><STEAM_0:4:1569580499><TERRORIST>" triggered "Dropped_The_Bomb"
L 04/08/2015 - 16:27:16: "PRO<42><STEAM_0:1:89334618><CT>" attacked "RilAT<41><STEAM_0:4:1510428037><TERRORIST>" with "awp" (damage "84") (damage_armor "0") (health "16") (armor "100")
L 04/08/2015 - 16:27:18: "RilAT<41><STEAM_0:4:1510428037><TERRORIST>" attacked "PRO<42><STEAM_0:1:89334618><CT>" with "ak47" (damage "26") (damage_armor "4") (health "9") (armor "86")
L 04/08/2015 - 16:27:40: "PRO<42><STEAM_0:1:89334618><CT>" attacked "RilAT<41><STEAM_0:4:1510428037><TERRORIST>" with "usp" (damage "12") (damage_armor "6") (health "4") (armor "94")
L 04/08/2015 - 16:27:41: "PRO<42><STEAM_0:1:89334618><CT>" attacked "RilAT<41><STEAM_0:4:1510428037><TERRORIST>" with "usp" (damage "12") (damage_armor "6") (health "-8") (armor "88")
L 04/08/2015 - 16:27:41: "PRO<42><STEAM_0:1:89334618><CT>" killed "RilAT<41><STEAM_0:4:1510428037><TERRORIST>" with "usp"
L 04/08/2015 - 16:27:41: Team "CT" triggered "CTs_Win" (CT "5") (T "5")
L 04/08/2015 - 16:27:41: World triggered "Round_End"
L 04/08/2015 - 16:27:46: "RilAT<41><STEAM_0:4:1510428037><TERRORIST>" triggered "Spawned_With_The_Bomb"
L 04/08/2015 - 16:27:49: "RilAT<41><STEAM_0:4:1510428037><TERRORIST>" triggered "weaponstats" (weapon "grenade") (shots "4") (hits "0") (kills "0") (headshots "0") (tks "0") (damage "0") (deaths "0")
L 04/08/2015 - 16:27:49: "RilAT<41><STEAM_0:4:1510428037><TERRORIST>" triggered "weaponstats2" (weapon "grenade") (head "0") (chest "0") (stomach "0") (leftarm "0") (rightarm "0") (leftleg "0") (rightleg "0")
L 04/08/2015 - 16:27:49: "RilAT<41><STEAM_0:4:1510428037><TERRORIST>" triggered "weaponstats" (weapon "glock18") (shots "28") (hits "5") (kills "1") (headshots "0") (tks "0") (damage "103") (deaths "1")
L 04/08/2015 - 16:27:49: "RilAT<41><STEAM_0:4:1510428037><TERRORIST>" triggered "weaponstats2" (weapon "glock18") (head "0") (chest "0") (stomach "0") (leftarm "4") (rightarm "1") (leftleg "0") (rightleg "0")
L 04/08/2015 - 16:27:49: "RilAT<41><STEAM_0:4:1510428037><TERRORIST>" triggered "weaponstats" (weapon "mp5navy") (shots "8") (hits "1") (kills "0") (headshots "0") (tks "0") (damage "11") (deaths "1")
L 04/08/2015 - 16:27:49: "RilAT<41><STEAM_0:4:1510428037><TERRORIST>" triggered "weaponstats2" (weapon "mp5navy") (head "0") (chest "0") (stomach "0") (leftarm "0") (rightarm "0") (leftleg "0") (rightleg "1")
L 04/08/2015 - 16:27:49: "RilAT<41><STEAM_0:4:1510428037><TERRORIST>" triggered "weaponstats" (weapon "ak47") (shots "153") (hits "4") (kills "0") (headshots "0") (tks "0") (damage "131") (deaths "2")
L 04/08/2015 - 16:27:49: "RilAT<41><STEAM_0:4:1510428037><TERRORIST>" triggered "weaponstats2" (weapon "ak47") (head "0") (chest "0") (stomach "0") (leftarm "1") (rightarm "3") (leftleg "0") (rightleg "0")
L 04/08/2015 - 16:27:49: "RilAT<41><STEAM_0:4:1510428037><TERRORIST>" triggered "weaponstats" (weapon "knife") (shots "3") (hits "0") (kills "0") (headshots "0") (tks "0") (damage "0") (deaths "1")
L 04/08/2015 - 16:27:49: "RilAT<41><STEAM_0:4:1510428037><TERRORIST>" triggered "weaponstats2" (weapon "knife") (head "0") (chest "0") (stomach "0") (leftarm "0") (rightarm "0") (leftleg "0") (rightleg "0")
L 04/08/2015 - 16:27:49: "RilAT<41><STEAM_0:4:1510428037><TERRORIST>" triggered "time" (time "5:45")
L 04/08/2015 - 16:27:49: "RilAT<41><STEAM_0:4:1510428037><TERRORIST>" triggered "latency" (ping "45")
L 04/08/2015 - 16:27:49: "RilAT<41><STEAM_0:4:1510428037><TERRORIST>" triggered "Dropped_The_Bomb"
L 04/08/2015 - 16:27:49: "RilAT<41><STEAM_0:4:1510428037><TERRORIST>" disconnected
L 04/08/2015 - 16:27:51: World triggered "Round_Start"
L 04/08/2015 - 16:27:52: "[SnIpEr__--__[GOD LOL<45><STEAM_0:4:1569580499><TERRORIST>" triggered "Got_The_Bomb"
L 04/08/2015 - 16:27:55: "KR3<52><STEAM_0:0:5978693><CT>" triggered "weaponstats" (weapon "usp") (shots "8") (hits "3") (kills "0") (headshots "0") (tks "0") (damage "70") (deaths "1")
L 04/08/2015 - 16:27:55: "KR3<52><STEAM_0:0:5978693><CT>" triggered "weaponstats2" (weapon "usp") (head "0") (chest "0") (stomach "0") (leftarm "2") (rightarm "0") (leftleg "0") (rightleg "1")
L 04/08/2015 - 16:27:55: "KR3<52><STEAM_0:0:5978693><CT>" triggered "time" (time "1:37")
L 04/08/2015 - 16:27:55: "KR3<52><STEAM_0:0:5978693><CT>" triggered "latency" (ping "44")
L 04/08/2015 - 16:27:55: "KR3<52><STEAM_0:0:5978693><CT>" disconnected
L 04/08/2015 - 16:28:04: "[SnIpEr__--__[GOD LOL<45><STEAM_0:4:1569580499><TERRORIST>" attacked "}I{YK<43><STEAM_0:4:1510428037><CT>" with "deagle" (damage "41") (damage_armor "7") (health "59") (armor "93")
L 04/08/2015 - 16:28:07: "PRO<42><STEAM_0:1:89334618><CT>" attacked "[SnIpEr__--__[GOD LOL<45><STEAM_0:4:1569580499><TERRORIST>" with "usp" (damage "33") (damage_armor "0") (health "67") (armor "0")
L 04/08/2015 - 16:28:08: "[SnIpEr__--__[GOD LOL<45><STEAM_0:4:1569580499><TERRORIST>" attacked "PRO<42><STEAM_0:1:89334618><CT>" with "deagle" (damage "33") (damage_armor "0") (health "67") (armor "100")
L 04/08/2015 - 16:28:08: "[SnIpEr__--__[GOD LOL<45><STEAM_0:4:1569580499><TERRORIST>" attacked "PRO<42><STEAM_0:1:89334618><CT>" with "deagle" (damage "33") (damage_armor "0") (health "34") (armor "100")
L 04/08/2015 - 16:28:08: "PRO<42><STEAM_0:1:89334618><CT>" attacked "[SnIpEr__--__[GOD LOL<45><STEAM_0:4:1569580499><TERRORIST>" with "usp" (damage "27") (damage_armor "0") (health "40") (armor "0")
L 04/08/2015 - 16:28:09: "[SnIpEr__--__[GOD LOL<45><STEAM_0:4:1569580499><TERRORIST>" attacked "PRO<42><STEAM_0:1:89334618><CT>" with "deagle" (damage "33") (damage_armor "6") (health "1") (armor "94")
L 04/08/2015 - 16:28:17: "[SnIpEr__--__[GOD LOL<45><STEAM_0:4:1569580499><TERRORIST>" attacked "}I{YK<43><STEAM_0:4:1510428037><CT>" with "deagle" (damage "36") (damage_armor "0") (health "23") (armor "93")
L 04/08/2015 - 16:28:17: "[SnIpEr__--__[GOD LOL<45><STEAM_0:4:1569580499><TERRORIST>" attacked "}I{YK<43><STEAM_0:4:1510428037><CT>" with "deagle" (damage "36") (damage_armor "0") (health "-13") (armor "93")
L 04/08/2015 - 16:28:17: "[SnIpEr__--__[GOD LOL<45><STEAM_0:4:1569580499><TERRORIST>" killed "}I{YK<43><STEAM_0:4:1510428037><CT>" with "deagle"
L 04/08/2015 - 16:28:17: "PRO<42><STEAM_0:1:89334618><CT>" attacked "[SnIpEr__--__[GOD LOL<45><STEAM_0:4:1569580499><TERRORIST>" with "usp" (damage "27") (damage_armor "0") (health "13") (armor "0")
L 04/08/2015 - 16:28:17: "PRO<42><STEAM_0:1:89334618><CT>" attacked "[SnIpEr__--__[GOD LOL<45><STEAM_0:4:1569580499><TERRORIST>" with "usp" (damage "33") (damage_armor "0") (health "-20") (armor "0")
L 04/08/2015 - 16:28:17: "PRO<42><STEAM_0:1:89334618><CT>" killed "[SnIpEr__--__[GOD LOL<45><STEAM_0:4:1569580499><TERRORIST>" with "usp"
L 04/08/2015 - 16:28:17: Team "CT" triggered "CTs_Win" (CT "6") (T "5")
L 04/08/2015 - 16:28:17: World triggered "Round_End"
L 04/08/2015 - 16:28:22: "[SnIpEr__--__[GOD LOL<45><STEAM_0:4:1569580499><TERRORIST>" triggered "Spawned_With_The_Bomb"
L 04/08/2015 - 16:28:27: World triggered "Round_Start"
L 04/08/2015 - 16:28:37: "[SnIpEr__--__[GOD LOL<45><STEAM_0:4:1569580499><TERRORIST>" attacked "}I{YK<43><STEAM_0:4:1510428037><CT>" with "deagle" (damage "30") (damage_armor "0") (health "70") (armor "100")
L 04/08/2015 - 16:28:37: "[SnIpEr__--__[GOD LOL<45><STEAM_0:4:1569580499><TERRORIST>" attacked "}I{YK<43><STEAM_0:4:1510428037><CT>" with "deagle" (damage "31") (damage_armor "0") (health "39") (armor "100")
L 04/08/2015 - 16:28:38: "}I{YK<43><STEAM_0:4:1510428037><CT>" attacked "[SnIpEr__--__[GOD LOL<45><STEAM_0:4:1569580499><TERRORIST>" with "m4a1" (damage "23") (damage_armor "0") (health "77") (armor "0")
L 04/08/2015 - 16:28:38: "}I{YK<43><STEAM_0:4:1510428037><CT>" attacked "[SnIpEr__--__[GOD LOL<45><STEAM_0:4:1569580499><TERRORIST>" with "m4a1" (damage "124") (damage_armor "0") (health "-47") (armor "0")
L 04/08/2015 - 16:28:38: "}I{YK<43><STEAM_0:4:1510428037><CT>" killed "[SnIpEr__--__[GOD LOL<45><STEAM_0:4:1569580499><TERRORIST>" with "m4a1"
L 04/08/2015 - 16:28:38: Team "CT" triggered "CTs_Win" (CT "7") (T "5")
L 04/08/2015 - 16:28:38: World triggered "Round_End"
L 04/08/2015 - 16:28:43: "[SnIpEr__--__[GOD LOL<45><STEAM_0:4:1569580499><TERRORIST>" triggered "Spawned_With_The_Bomb"
L 04/08/2015 - 16:28:46: [DPROTO]: Client 0 - Set AuthIdType 3 [dp_RevEmu]; pClient = 0xb38f1f08
L 04/08/2015 - 16:28:46: "RilAT<55><STEAM_0:4:1510428037><>" connected, address "178.121.82.29:56225"
L 04/08/2015 - 16:28:46: [VTC] Player 1 speex
L 04/08/2015 - 16:28:48: World triggered "Round_Start"
L 04/08/2015 - 16:28:49: "RilAT<55><STEAM_0:4:1510428037><>" entered the game
L 04/08/2015 - 16:28:52: "RilAT<55><STEAM_0:4:1510428037><>" joined team "TERRORIST"
L 04/08/2015 - 16:28:58: "[SnIpEr__--__[GOD LOL<45><STEAM_0:4:1569580499><TERRORIST>" attacked "}I{YK<43><STEAM_0:4:1510428037><CT>" with "deagle" (damage "36") (damage_armor "6") (health "64") (armor "94")
L 04/08/2015 - 16:28:58: "[SnIpEr__--__[GOD LOL<45><STEAM_0:4:1569580499><TERRORIST>" attacked "}I{YK<43><STEAM_0:4:1510428037><CT>" with "deagle" (damage "36") (damage_armor "7") (health "28") (armor "87")
L 04/08/2015 - 16:28:59: "}I{YK<43><STEAM_0:4:1510428037><CT>" attacked "[SnIpEr__--__[GOD LOL<45><STEAM_0:4:1569580499><TERRORIST>" with "m4a1" (damage "31") (damage_armor "0") (health "69") (armor "0")
L 04/08/2015 - 16:28:59: "}I{YK<43><STEAM_0:4:1510428037><CT>" attacked "[SnIpEr__--__[GOD LOL<45><STEAM_0:4:1569580499><TERRORIST>" with "m4a1" (damage "31") (damage_armor "0") (health "38") (armor "0")
L 04/08/2015 - 16:28:59: "[SnIpEr__--__[GOD LOL<45><STEAM_0:4:1569580499><TERRORIST>" attacked "}I{YK<43><STEAM_0:4:1510428037><CT>" with "deagle" (damage "36") (damage_armor "6") (health "-8") (armor "81")
L 04/08/2015 - 16:28:59: "[SnIpEr__--__[GOD LOL<45><STEAM_0:4:1569580499><TERRORIST>" killed "}I{YK<43><STEAM_0:4:1510428037><CT>" with "deagle"
L 04/08/2015 - 16:29:00: "RilAT<55><STEAM_0:4:1510428037><TERRORIST>" attacked "PRO<42><STEAM_0:1:89334618><CT>" with "glock18" (damage "9") (damage_armor "0") (health "91") (armor "100")
L 04/08/2015 - 16:29:00: "RilAT<55><STEAM_0:4:1510428037><TERRORIST>" attacked "PRO<42><STEAM_0:1:89334618><CT>" with "glock18" (damage "9") (damage_armor "0") (health "82") (armor "100")
L 04/08/2015 - 16:29:00: "RilAT<55><STEAM_0:4:1510428037><TERRORIST>" attacked "PRO<42><STEAM_0:1:89334618><CT>" with "glock18" (damage "9") (damage_armor "0") (health "73") (armor "100")
L 04/08/2015 - 16:29:01: "RilAT<55><STEAM_0:4:1510428037><TERRORIST>" attacked "PRO<42><STEAM_0:1:89334618><CT>" with "glock18" (damage "7") (damage_armor "4") (health "66") (armor "96")
L 04/08/2015 - 16:29:01: "PRO<42><STEAM_0:1:89334618><CT>" attacked "RilAT<55><STEAM_0:4:1510428037><TERRORIST>" with "m4a1" (damage "29") (damage_armor "0") (health "71") (armor "0")
L 04/08/2015 - 16:29:01: "PRO<42><STEAM_0:1:89334618><CT>" attacked "RilAT<55><STEAM_0:4:1510428037><TERRORIST>" with "m4a1" (damage "10") (damage_armor "0") (health "61") (armor "0")
L 04/08/2015 - 16:29:02: "RilAT<55><STEAM_0:4:1510428037><TERRORIST>" attacked "PRO<42><STEAM_0:1:89334618><CT>" with "glock18" (damage "9") (damage_armor "0") (health "57") (armor "96")
L 04/08/2015 - 16:29:02: "RilAT<55><STEAM_0:4:1510428037><TERRORIST>" attacked "PRO<42><STEAM_0:1:89334618><CT>" with "glock18" (damage "9") (damage_armor "0") (health "48") (armor "96")
L 04/08/2015 - 16:29:02: "PRO<42><STEAM_0:1:89334618><CT>" attacked "RilAT<55><STEAM_0:4:1510428037><TERRORIST>" with "m4a1" (damage "36") (damage_armor "0") (health "25") (armor "0")
L 04/08/2015 - 16:29:02: "PRO<42><STEAM_0:1:89334618><CT>" attacked "RilAT<55><STEAM_0:4:1510428037><TERRORIST>" with "m4a1" (damage "29") (damage_armor "0") (health "-4") (armor "0")
L 04/08/2015 - 16:29:02: "PRO<42><STEAM_0:1:89334618><CT>" killed "RilAT<55><STEAM_0:4:1510428037><TERRORIST>" with "m4a1"
L 04/08/2015 - 16:29:06: "[SnIpEr__--__[GOD LOL<45><STEAM_0:4:1569580499><TERRORIST>" attacked "PRO<42><STEAM_0:1:89334618><CT>" with "m4a1" (damage "24") (damage_armor "0") (health "24") (armor "96")
L 04/08/2015 - 16:29:06: "[SnIpEr__--__[GOD LOL<45><STEAM_0:4:1569580499><TERRORIST>" attacked "PRO<42><STEAM_0:1:89334618><CT>" with "m4a1" (damage "22") (damage_armor "5") (health "2") (armor "91")
L 04/08/2015 - 16:29:06: "[SnIpEr__--__[GOD LOL<45><STEAM_0:4:1569580499><TERRORIST>" attacked "PRO<42><STEAM_0:1:89334618><CT>" with "m4a1" (damage "24") (damage_armor "0") (health "-22") (armor "91")
L 04/08/2015 - 16:29:06: "[SnIpEr__--__[GOD LOL<45><STEAM_0:4:1569580499><TERRORIST>" killed "PRO<42><STEAM_0:1:89334618><CT>" with "m4a1"
L 04/08/2015 - 16:29:06: Team "TERRORIST" triggered "Terrorists_Win" (CT "7") (T "6")
L 04/08/2015 - 16:29:06: World triggered "Round_End"
L 04/08/2015 - 16:29:07: "RilAT<55><STEAM_0:4:1510428037><TERRORIST>" triggered "weaponstats" (weapon "glock18") (shots "19") (hits "6") (kills "0") (headshots "0") (tks "0") (damage "52") (deaths "1")
L 04/08/2015 - 16:29:07: "RilAT<55><STEAM_0:4:1510428037><TERRORIST>" triggered "weaponstats2" (weapon "glock18") (head "0") (chest "0") (stomach "1") (leftarm "0") (rightarm "0") (leftleg "2") (rightleg "3")
L 04/08/2015 - 16:29:07: "RilAT<55><STEAM_0:4:1510428037><TERRORIST>" triggered "time" (time "0:18")
L 04/08/2015 - 16:29:07: "RilAT<55><STEAM_0:4:1510428037><TERRORIST>" triggered "latency" (ping "0")
L 04/08/2015 - 16:29:07: "RilAT<55><STEAM_0:4:1510428037><TERRORIST>" disconnected
L 04/08/2015 - 16:29:11: "[SnIpEr__--__[GOD LOL<45><STEAM_0:4:1569580499><TERRORIST>" triggered "Spawned_With_The_Bomb"
L 04/08/2015 - 16:29:15: "}I{YK<43><STEAM_0:4:1510428037><CT>" triggered "weaponstats" (weapon "grenade") (shots "3") (hits "0") (kills "0") (headshots "0") (tks "0") (damage "0") (deaths "0")
L 04/08/2015 - 16:29:15: "}I{YK<43><STEAM_0:4:1510428037><CT>" triggered "weaponstats2" (weapon "grenade") (head "0") (chest "0") (stomach "0") (leftarm "0") (rightarm "0") (leftleg "0") (rightleg "0")
L 04/08/2015 - 16:29:15: "}I{YK<43><STEAM_0:4:1510428037><CT>" triggered "weaponstats" (weapon "sg550") (shots "8") (hits "0") (kills "0") (headshots "0") (tks "0") (damage "0") (deaths "2")
L 04/08/2015 - 16:29:15: "}I{YK<43><STEAM_0:4:1510428037><CT>" triggered "weaponstats2" (weapon "sg550") (head "0") (chest "0") (stomach "0") (leftarm "0") (rightarm "0") (leftleg "0") (rightleg "0")
L 04/08/2015 - 16:29:15: "}I{YK<43><STEAM_0:4:1510428037><CT>" triggered "weaponstats" (weapon "usp") (shots "39") (hits "5") (kills "1") (headshots "0") (tks "0") (damage "111") (deaths "3")
L 04/08/2015 - 16:29:15: "}I{YK<43><STEAM_0:4:1510428037><CT>" triggered "weaponstats2" (weapon "usp") (head "0") (chest "0") (stomach "1") (leftarm "1") (rightarm "0") (leftleg "1") (rightleg "2")
L 04/08/2015 - 16:29:15: "}I{YK<43><STEAM_0:4:1510428037><CT>" triggered "weaponstats" (weapon "m4a1") (shots "61") (hits "8") (kills "2") (headshots "1") (tks "0") (damage "325") (deaths "3")
L 04/08/2015 - 16:29:15: "}I{YK<43><STEAM_0:4:1510428037><CT>" triggered "weaponstats2" (weapon "m4a1") (head "1") (chest "3") (stomach "0") (leftarm "1") (rightarm "1") (leftleg "0") (rightleg "2")
L 04/08/2015 - 16:29:15: "}I{YK<43><STEAM_0:4:1510428037><CT>" triggered "weaponstats" (weapon "knife") (shots "10") (hits "1") (kills "1") (headshots "1") (tks "0") (damage "260") (deaths "1")
L 04/08/2015 - 16:29:15: "}I{YK<43><STEAM_0:4:1510428037><CT>" triggered "weaponstats2" (weapon "knife") (head "1") (chest "0") (stomach "0") (leftarm "0") (rightarm "0") (leftleg "0") (rightleg "0")
L 04/08/2015 - 16:29:15: "}I{YK<43><STEAM_0:4:1510428037><CT>" triggered "time" (time "7:06")
L 04/08/2015 - 16:29:15: "}I{YK<43><STEAM_0:4:1510428037><CT>" triggered "latency" (ping "55")
L 04/08/2015 - 16:29:15: "}I{YK<43><STEAM_0:4:1510428037><CT>" disconnected
L 04/08/2015 - 16:29:16: World triggered "Round_Start"
L 04/08/2015 - 16:29:22: "PRO<42><STEAM_0:1:89334618><CT>" attacked "[SnIpEr__--__[GOD LOL<45><STEAM_0:4:1569580499><TERRORIST>" with "famas" (damage "108") (damage_armor "0") (health "-8") (armor "0")
L 04/08/2015 - 16:29:22: "PRO<42><STEAM_0:1:89334618><CT>" killed "[SnIpEr__--__[GOD LOL<45><STEAM_0:4:1569580499><TERRORIS