L 04/05/2015 - 13:13:24: Log file started (file "logs/L0405043.log") (game "cstrike") (version "48/1.6.3.7/Stdio/5787")
L 04/05/2015 - 13:13:24: Loading map "aim_awp"
L 04/05/2015 - 13:13:24: Server cvars start
L 04/05/2015 - 13:13:24: Server cvar "_tutor_bomb_viewable_check_interval" = "0.5"
L 04/05/2015 - 13:13:24: Server cvar "_tutor_debug_level" = "0"
L 04/05/2015 - 13:13:24: Server cvar "_tutor_examine_time" = "0.5"
L 04/05/2015 - 13:13:24: Server cvar "_tutor_hint_interval_time" = "10.0"
L 04/05/2015 - 13:13:24: Server cvar "_tutor_look_angle" = "10"
L 04/05/2015 - 13:13:24: Server cvar "_tutor_look_distance" = "200"
L 04/05/2015 - 13:13:24: Server cvar "_tutor_message_character_display_time_coefficient" = "0.07"
L 04/05/2015 - 13:13:24: Server cvar "_tutor_message_minimum_display_time" = "1"
L 04/05/2015 - 13:13:24: Server cvar "_tutor_message_repeats" = "5"
L 04/05/2015 - 13:13:24: Server cvar "_tutor_view_distance" = "1000"
L 04/05/2015 - 13:13:24: Server cvar "aesp_version" = "1.5b_mini"
L 04/05/2015 - 13:13:24: Server cvar "allow_spectators" = "4"
L 04/05/2015 - 13:13:24: Server cvar "amx_client_languages" = "0"
L 04/05/2015 - 13:13:24: Server cvar "amx_contactinfo" = "ICQ: 691322983"
L 04/05/2015 - 13:13:24: Server cvar "amx_language" = "ru"
L 04/05/2015 - 13:13:24: Server cvar "amx_nextmap" = "aim_awp"
L 04/05/2015 - 13:13:24: Server cvar "amx_timeleft" = "00:00"
L 04/05/2015 - 13:13:24: Server cvar "amxbans_ssversion" = "Gm 1.6"
L 04/05/2015 - 13:13:24: Server cvar "amxbans_version" = "Gm 1.6"
L 04/05/2015 - 13:13:24: Server cvar "amxmodx_version" = "1.8.1.3746"
L 04/05/2015 - 13:13:24: Server cvar "Colored Translit Cheat" = "Loaded"
L 04/05/2015 - 13:13:24: Server cvar "Colored Translit Config" = "Loaded"
L 04/05/2015 - 13:13:24: Server cvar "Colored Translit Ignores" = "Loaded"
L 04/05/2015 - 13:13:24: Server cvar "Colored Translit Replace" = "Failed"
L 04/05/2015 - 13:13:24: Server cvar "Colored Translit Spam" = "Loaded"
L 04/05/2015 - 13:13:24: Server cvar "Colored Translit Status" = "Loaded"
L 04/05/2015 - 13:13:24: Server cvar "Colored Translit Swear" = "Loaded"
L 04/05/2015 - 13:13:24: Server cvar "Colored Translit Version" = "2.0b Final"
L 04/05/2015 - 13:13:24: Server cvar "coop" = "0"
L 04/05/2015 - 13:13:24: Server cvar "deathmatch" = "1"
L 04/05/2015 - 13:13:24: Server cvar "decalfrequency" = "9"
L 04/05/2015 - 13:13:24: Server cvar "dp_version" = "0.9.391"
L 04/05/2015 - 13:13:24: Server cvar "edgefriction" = "2"
L 04/05/2015 - 13:13:24: Server cvar "hostage_debug" = "0"
L 04/05/2015 - 13:13:24: Server cvar "hostage_stop" = "0"
L 04/05/2015 - 13:13:24: Server cvar "humans_join_team" = "any"
L 04/05/2015 - 13:13:24: Server cvar "jtp10181" = "chute,gore"
L 04/05/2015 - 13:13:24: Server cvar "max_queries_sec" = "3.0"
L 04/05/2015 - 13:13:24: Server cvar "max_queries_sec_global" = "30"
L 04/05/2015 - 13:13:24: Server cvar "max_queries_window" = "60"
L 04/05/2015 - 13:13:24: Server cvar "metamod_version" = "1.19"
L 04/05/2015 - 13:13:24: Server cvar "mp_allowmonsters" = "0"
L 04/05/2015 - 13:13:24: Server cvar "mp_autokick" = "1"
L 04/05/2015 - 13:13:24: Server cvar "mp_autoteambalance" = "1"
L 04/05/2015 - 13:13:24: Server cvar "mp_buytime" = "1.5"
L 04/05/2015 - 13:13:24: Server cvar "mp_c4timer" = "35"
L 04/05/2015 - 13:13:24: Server cvar "mp_chattime" = "1"
L 04/05/2015 - 13:13:24: Server cvar "mp_consistency" = "1"
L 04/05/2015 - 13:13:24: Server cvar "mp_fadetoblack" = "0"
L 04/05/2015 - 13:13:24: Server cvar "mp_flashlight" = "1"
L 04/05/2015 - 13:13:24: Server cvar "mp_footsteps" = "1"
L 04/05/2015 - 13:13:24: Server cvar "mp_forcecamera" = "0"
L 04/05/2015 - 13:13:24: Server cvar "mp_forcechasecam" = "0"
L 04/05/2015 - 13:13:24: Server cvar "mp_fragsleft" = "0"
L 04/05/2015 - 13:13:24: Server cvar "mp_freezetime" = "5"
L 04/05/2015 - 13:13:24: Server cvar "mp_friendlyfire" = "0"
L 04/05/2015 - 13:13:24: Server cvar "mp_ghostfrequency" = "0.1"
L 04/05/2015 - 13:13:24: Server cvar "mp_hostagepenalty" = "0"
L 04/05/2015 - 13:13:24: Server cvar "mp_kickpercent" = "0.66"
L 04/05/2015 - 13:13:24: Server cvar "mp_limitteams" = "5"
L 04/05/2015 - 13:13:24: Server cvar "mp_logdetail" = "3"
L 04/05/2015 - 13:13:24: Server cvar "mp_logfile" = "1"
L 04/05/2015 - 13:13:24: Server cvar "mp_logmessages" = "1"
L 04/05/2015 - 13:13:24: Server cvar "mp_mapvoteratio" = "0.66"
L 04/05/2015 - 13:13:24: Server cvar "mp_maxrounds" = "0"
L 04/05/2015 - 13:13:24: Server cvar "mp_mirrordamage" = "0"
L 04/05/2015 - 13:13:24: Server cvar "mp_playerid" = "0"
L 04/05/2015 - 13:13:24: Server cvar "mp_roundtime" = "2.57"
L 04/05/2015 - 13:13:24: Server cvar "mp_startmoney" = "800"
L 04/05/2015 - 13:13:24: Server cvar "mp_timeleft" = "0"
L 04/05/2015 - 13:13:24: Server cvar "mp_timelimit" = "30.000000"
L 04/05/2015 - 13:13:24: Server cvar "mp_tkpunish" = "1"
L 04/05/2015 - 13:13:24: Server cvar "mp_windifference" = "1"
L 04/05/2015 - 13:13:24: Server cvar "mp_winlimit" = "0"
L 04/05/2015 - 13:13:24: Server cvar "pausable" = "0"
L 04/05/2015 - 13:13:24: Server cvar "sv_accelerate" = "5"
L 04/05/2015 - 13:13:24: Server cvar "sv_aim" = "0"
L 04/05/2015 - 13:13:24: Server cvar "sv_airaccelerate" = "10"
L 04/05/2015 - 13:13:24: Server cvar "sv_airmove" = "1"
L 04/05/2015 - 13:13:24: Server cvar "sv_allowupload" = "1"
L 04/05/2015 - 13:13:24: Server cvar "sv_alltalk" = "0"
L 04/05/2015 - 13:13:24: Server cvar "sv_bounce" = "1"
L 04/05/2015 - 13:13:24: Server cvar "sv_cheats" = "0"
L 04/05/2015 - 13:13:24: Server cvar "sv_clienttrace" = "1"
L 04/05/2015 - 13:13:24: Server cvar "sv_clipmode" = "0"
L 04/05/2015 - 13:13:24: Server cvar "sv_contact" = ""
L 04/05/2015 - 13:13:24: Server cvar "sv_friction" = "4"
L 04/05/2015 - 13:13:24: Server cvar "sv_gravity" = "800"
L 04/05/2015 - 13:13:24: Server cvar "sv_logblocks" = "0"
L 04/05/2015 - 13:13:24: Server cvar "sv_maxrate" = "25000"
L 04/05/2015 - 13:13:24: Server cvar "sv_maxspeed" = "900"
L 04/05/2015 - 13:13:24: Server cvar "sv_minrate" = "100000"
L 04/05/2015 - 13:13:24: Server cvar "sv_password" = ""
L 04/05/2015 - 13:13:24: Server cvar "sv_proxies" = "0"
L 04/05/2015 - 13:13:24: Server cvar "sv_region" = "3"
L 04/05/2015 - 13:13:24: Server cvar "sv_restart" = "0"
L 04/05/2015 - 13:13:24: Server cvar "sv_restartround" = "0"
L 04/05/2015 - 13:13:24: Server cvar "sv_stepsize" = "18"
L 04/05/2015 - 13:13:24: Server cvar "sv_stopspeed" = "75"
L 04/05/2015 - 13:13:24: Server cvar "sv_uploadmax" = "0.5"
L 04/05/2015 - 13:13:24: Server cvar "sv_voiceenable" = "1"
L 04/05/2015 - 13:13:24: Server cvar "sv_wateraccelerate" = "10"
L 04/05/2015 - 13:13:24: Server cvar "sv_waterfriction" = "1"
L 04/05/2015 - 13:13:24: Server cvar "travo_statmarquee" = "v1.2"
L 04/05/2015 - 13:13:24: Server cvar "vtc_version" = "80"
L 04/05/2015 - 13:13:24: Server cvar "wallblocker_version" = "1.0"
L 04/05/2015 - 13:13:24: Server cvars end
L 04/05/2015 - 13:13:24: Server cvar "amx_nextmap" = "de_westwood"
L 04/05/2015 - 13:13:24: Server cvar "sv_restart" = "1"
L 04/05/2015 - 13:13:24: World triggered "Restart_Round_(1_second)"
L 04/05/2015 - 13:13:24: Team "CT" scored "0" with "0" players
L 04/05/2015 - 13:13:24: Team "TERRORIST" scored "0" with "0" players
L 04/05/2015 - 13:13:24: Server cvar "sv_restart" = "0"
L 04/05/2015 - 13:13:24: Started map "aim_awp" (CRC "313702955")
L 04/05/2015 - 13:13:24: [VTC] Player 4 silk
L 04/05/2015 - 13:13:24: [VTC] Player 3 speex
L 04/05/2015 - 13:13:24: [VTC] Player 8 speex
L 04/05/2015 - 13:13:24: [VTC] Player 2 speex
L 04/05/2015 - 13:13:24: [VTC] Player 1 speex
L 04/05/2015 - 13:13:24: [VTC] Player 7 speex
L 04/05/2015 - 13:13:26: [DPROTO]: Client 2 - Set AuthIdType 3 [dp_RevEmu]; pClient = 0xb39accf0
L 04/05/2015 - 13:13:26: "}I{YK<169><STEAM_0:4:1432964485><>" connected, address "178.121.142.3:41281"
L 04/05/2015 - 13:13:26: [VTC] Player 3 speex
L 04/05/2015 - 13:13:26: [DPROTO]: Client 1 - Set AuthIdType 3 [dp_RevEmu]; pClient = 0xb39a7dfc
L 04/05/2015 - 13:13:26: "adamas<170><STEAM_0:4:443597682><>" connected, address "93.100.189.157:27005"
L 04/05/2015 - 13:13:27: [VTC] Player 2 speex
L 04/05/2015 - 13:13:28: "[Chuck_Skull]_BaLLl_DeDyLLika<150><STEAM_0:4:971492613><>" entered the game
L 04/05/2015 - 13:13:28: "[Chuck_Skull]_Bawa Babywka)<151><STEAM_0:4:360697093><>" entered the game
L 04/05/2015 - 13:13:28: "ANGELuHA<164><STEAM_0:4:1512754949><>" entered the game
L 04/05/2015 - 13:13:29: World triggered "Round_Start"
L 04/05/2015 - 13:13:29: "[Chuck_Skull]_Bawa Babywka)<151><STEAM_0:4:360697093><>" joined team "TERRORIST"
L 04/05/2015 - 13:13:30: "adamas<170><STEAM_0:4:443597682><>" entered the game
L 04/05/2015 - 13:13:30: "ANGELuHA<164><STEAM_0:4:1512754949><>" joined team "CT"
L 04/05/2015 - 13:13:30: "}I{YK<169><STEAM_0:4:1432964485><>" entered the game
L 04/05/2015 - 13:13:30: World triggered "Game_Commencing"
L 04/05/2015 - 13:13:30: World triggered "Game_Commencing" (CT "0") (T "0")
L 04/05/2015 - 13:13:30: World triggered "Round_End"
L 04/05/2015 - 13:13:31: "[Chuck_Skull]_BaLLl_DeDyLLika<150><STEAM_0:4:971492613><>" joined team "TERRORIST"
L 04/05/2015 - 13:13:33: "}I{YK<169><STEAM_0:4:1432964485><>" joined team "CT"
L 04/05/2015 - 13:13:38: World triggered "Round_Start"
L 04/05/2015 - 13:13:38: "[Chuck_Skull]_Bawa Babywka)<151><STEAM_0:4:360697093><TERRORIST>" attacked "ANGELuHA<164><STEAM_0:4:1512754949><CT>" with "awp" (damage "82") (damage_armor "0") (health "18") (armor "0")
L 04/05/2015 - 13:13:40: "[Chuck_Skull]_BaLLl_DeDyLLika<150><STEAM_0:4:971492613><TERRORIST>" attacked "ANGELuHA<164><STEAM_0:4:1512754949><CT>" with "awp" (damage "110") (damage_armor "0") (health "-92") (armor "0")
L 04/05/2015 - 13:13:40: "[Chuck_Skull]_BaLLl_DeDyLLika<150><STEAM_0:4:971492613><TERRORIST>" killed "ANGELuHA<164><STEAM_0:4:1512754949><CT>" with "awp"
L 04/05/2015 - 13:13:50: "}I{YK<169><STEAM_0:4:1432964485><CT>" committed suicide with "worldspawn" (world)
L 04/05/2015 - 13:13:50: Team "TERRORIST" triggered "Terrorists_Win" (CT "0") (T "1")
L 04/05/2015 - 13:13:50: World triggered "Round_End"
L 04/05/2015 - 13:14:00: World triggered "Round_Start"
L 04/05/2015 - 13:14:01: "adamas<170><STEAM_0:4:443597682><>" joined team "TERRORIST"
L 04/05/2015 - 13:14:05: "[Chuck_Skull]_BaLLl_DeDyLLika<150><STEAM_0:4:971492613><TERRORIST>" attacked "ANGELuHA<164><STEAM_0:4:1512754949><CT>" with "awp" (damage "111") (damage_armor "0") (health "-11") (armor "0")
L 04/05/2015 - 13:14:05: "[Chuck_Skull]_BaLLl_DeDyLLika<150><STEAM_0:4:971492613><TERRORIST>" killed "ANGELuHA<164><STEAM_0:4:1512754949><CT>" with "awp"
L 04/05/2015 - 13:14:11: "[Chuck_Skull]_BaLLl_DeDyLLika<150><STEAM_0:4:971492613><TERRORIST>" attacked "}I{YK<169><STEAM_0:4:1432964485><CT>" with "awp" (damage "112") (damage_armor "0") (health "-12") (armor "0")
L 04/05/2015 - 13:14:11: "[Chuck_Skull]_BaLLl_DeDyLLika<150><STEAM_0:4:971492613><TERRORIST>" killed "}I{YK<169><STEAM_0:4:1432964485><CT>" with "awp"
L 04/05/2015 - 13:14:11: Team "TERRORIST" triggered "Terrorists_Win" (CT "0") (T "2")
L 04/05/2015 - 13:14:11: World triggered "Round_End"
L 04/05/2015 - 13:14:11: "ANGELuHA<164><STEAM_0:4:1512754949><CT>" triggered "weaponstats" (weapon "awp") (shots "2") (hits "0") (kills "0") (headshots "0") (tks "0") (damage "0") (deaths "2")
L 04/05/2015 - 13:14:11: "ANGELuHA<164><STEAM_0:4:1512754949><CT>" triggered "weaponstats2" (weapon "awp") (head "0") (chest "0") (stomach "0") (leftarm "0") (rightarm "0") (leftleg "0") (rightleg "0")
L 04/05/2015 - 13:14:11: "ANGELuHA<164><STEAM_0:4:1512754949><CT>" triggered "time" (time "0:42")
L 04/05/2015 - 13:14:11: "ANGELuHA<164><STEAM_0:4:1512754949><CT>" triggered "latency" (ping "11")
L 04/05/2015 - 13:14:11: "ANGELuHA<164><STEAM_0:4:1512754949><CT>" disconnected
L 04/05/2015 - 13:14:15: "[Chuck_Skull]_BaLLl_DeDyLLika<150><STEAM_0:4:971492613><TERRORIST>" committed suicide with "worldspawn" (world)
L 04/05/2015 - 13:14:21: World triggered "Round_Start"
L 04/05/2015 - 13:14:22: "[Chuck_Skull]_Bawa Babywka)<151><STEAM_0:4:360697093><TERRORIST>" attacked "}I{YK<169><STEAM_0:4:1432964485><CT>" with "awp" (damage "112") (damage_armor "0") (health "-12") (armor "0")
L 04/05/2015 - 13:14:22: "[Chuck_Skull]_Bawa Babywka)<151><STEAM_0:4:360697093><TERRORIST>" killed "}I{YK<169><STEAM_0:4:1432964485><CT>" with "awp"
L 04/05/2015 - 13:14:22: Team "TERRORIST" triggered "Terrorists_Win" (CT "0") (T "3")
L 04/05/2015 - 13:14:22: World triggered "Round_End"
L 04/05/2015 - 13:14:27: "adamas<170><STEAM_0:4:443597682><TERRORIST>" joined team "CT" (auto)
L 04/05/2015 - 13:14:32: World triggered "Round_Start"
L 04/05/2015 - 13:14:32: "[Chuck_Skull]_BaLLl_DeDyLLika<150><STEAM_0:4:971492613><TERRORIST>" attacked "adamas<170><STEAM_0:4:443597682><CT>" with "awp" (damage "444") (damage_armor "0") (health "-344") (armor "0")
L 04/05/2015 - 13:14:32: "[Chuck_Skull]_BaLLl_DeDyLLika<150><STEAM_0:4:971492613><TERRORIST>" killed "adamas<170><STEAM_0:4:443597682><CT>" with "awp"
L 04/05/2015 - 13:14:35: "adamas<170><STEAM_0:4:443597682><CT>" joined team "CT"
L 04/05/2015 - 13:14:38: "}I{YK<169><STEAM_0:4:1432964485><CT>" attacked "[Chuck_Skull]_BaLLl_DeDyLLika<150><STEAM_0:4:971492613><TERRORIST>" with "usp" (damage "21") (damage_armor "0") (health "79") (armor "0")
L 04/05/2015 - 13:14:43: "[Chuck_Skull]_BaLLl_DeDyLLika<150><STEAM_0:4:971492613><TERRORIST>" attacked "}I{YK<169><STEAM_0:4:1432964485><CT>" with "glock18" (damage "52") (damage_armor "0") (health "48") (armor "0")
L 04/05/2015 - 13:14:43: "[Chuck_Skull]_BaLLl_DeDyLLika<150><STEAM_0:4:971492613><TERRORIST>" attacked "}I{YK<169><STEAM_0:4:1432964485><CT>" with "glock18" (damage "14") (damage_armor "0") (health "34") (armor "0")
L 04/05/2015 - 13:14:43: "}I{YK<169><STEAM_0:4:1432964485><CT>" committed suicide with "worldspawn" (world)
L 04/05/2015 - 13:14:43: Team "TERRORIST" triggered "Terrorists_Win" (CT "0") (T "4")
L 04/05/2015 - 13:14:43: World triggered "Round_End"
L 04/05/2015 - 13:14:53: World triggered "Round_Start"
L 04/05/2015 - 13:14:54: "}I{YK<169><STEAM_0:4:1432964485><CT>" attacked "[Chuck_Skull]_Bawa Babywka)<151><STEAM_0:4:360697093><TERRORIST>" with "awp" (damage "54") (damage_armor "0") (health "46") (armor "0")
L 04/05/2015 - 13:14:57: "}I{YK<169><STEAM_0:4:1432964485><CT>" attacked "[Chuck_Skull]_Bawa Babywka)<151><STEAM_0:4:360697093><TERRORIST>" with "awp" (damage "138") (damage_armor "0") (health "-92") (armor "0")
L 04/05/2015 - 13:14:57: "}I{YK<169><STEAM_0:4:1432964485><CT>" killed "[Chuck_Skull]_Bawa Babywka)<151><STEAM_0:4:360697093><TERRORIST>" with "awp"
L 04/05/2015 - 13:14:59: [DPROTO]: Client 0 - Set AuthIdType 3 [dp_RevEmu]; pClient = 0xb39a2f08
L 04/05/2015 - 13:14:59: "23950.WNPX<171><STEAM_0:4:402148613><>" connected, address "178.120.172.134:15561"
L 04/05/2015 - 13:14:59: [VTC] Player 1 speex
L 04/05/2015 - 13:15:07: "}I{YK<169><STEAM_0:4:1432964485><CT>" attacked "[Chuck_Skull]_BaLLl_DeDyLLika<150><STEAM_0:4:971492613><TERRORIST>" with "awp" (damage "140") (damage_armor "0") (health "-40") (armor "0")
L 04/05/2015 - 13:15:07: "}I{YK<169><STEAM_0:4:1432964485><CT>" killed "[Chuck_Skull]_BaLLl_DeDyLLika<150><STEAM_0:4:971492613><TERRORIST>" with "awp"
L 04/05/2015 - 13:15:07: Team "CT" triggered "CTs_Win" (CT "1") (T "4")
L 04/05/2015 - 13:15:07: World triggered "Round_End"
L 04/05/2015 - 13:15:17: World triggered "Round_Start"
L 04/05/2015 - 13:15:23: "[Chuck_Skull]_Bawa Babywka)<151><STEAM_0:4:360697093><TERRORIST>" attacked "}I{YK<169><STEAM_0:4:1432964485><CT>" with "glock18" (damage "17") (damage_armor "0") (health "83") (armor "0")
L 04/05/2015 - 13:15:23: "[Chuck_Skull]_Bawa Babywka)<151><STEAM_0:4:360697093><TERRORIST>" attacked "}I{YK<169><STEAM_0:4:1432964485><CT>" with "glock18" (damage "68") (damage_armor "0") (health "15") (armor "0")
L 04/05/2015 - 13:15:23: "[Chuck_Skull]_Bawa Babywka)<151><STEAM_0:4:360697093><TERRORIST>" attacked "}I{YK<169><STEAM_0:4:1432964485><CT>" with "glock18" (damage "17") (damage_armor "0") (health "-2") (armor "0")
L 04/05/2015 - 13:15:23: "[Chuck_Skull]_Bawa Babywka)<151><STEAM_0:4:360697093><TERRORIST>" killed "}I{YK<169><STEAM_0:4:1432964485><CT>" with "glock18"
L 04/05/2015 - 13:15:27: "[Chuck_Skull]_BaLLl_DeDyLLika<150><STEAM_0:4:971492613><TERRORIST>" attacked "adamas<170><STEAM_0:4:443597682><CT>" with "glock18" (damage "22") (damage_armor "0") (health "78") (armor "0")
L 04/05/2015 - 13:15:27: "[Chuck_Skull]_BaLLl_DeDyLLika<150><STEAM_0:4:971492613><TERRORIST>" attacked "adamas<170><STEAM_0:4:443597682><CT>" with "glock18" (damage "22") (damage_armor "0") (health "56") (armor "0")
L 04/05/2015 - 13:15:28: "[Chuck_Skull]_BaLLl_DeDyLLika<150><STEAM_0:4:971492613><TERRORIST>" attacked "adamas<170><STEAM_0:4:443597682><CT>" with "glock18" (damage "92") (damage_armor "0") (health "-36") (armor "0")
L 04/05/2015 - 13:15:28: "[Chuck_Skull]_BaLLl_DeDyLLika<150><STEAM_0:4:971492613><TERRORIST>" killed "adamas<170><STEAM_0:4:443597682><CT>" with "glock18"
L 04/05/2015 - 13:15:28: Team "TERRORIST" triggered "Terrorists_Win" (CT "1") (T "5")
L 04/05/2015 - 13:15:28: World triggered "Round_End"
L 04/05/2015 - 13:15:38: World triggered "Round_Start"
L 04/05/2015 - 13:15:38: "[Chuck_Skull]_BaLLl_DeDyLLika<150><STEAM_0:4:971492613><TERRORIST>" attacked "adamas<170><STEAM_0:4:443597682><CT>" with "awp" (damage "110") (damage_armor "0") (health "-10") (armor "0")
L 04/05/2015 - 13:15:38: "[Chuck_Skull]_BaLLl_DeDyLLika<150><STEAM_0:4:971492613><TERRORIST>" killed "adamas<170><STEAM_0:4:443597682><CT>" with "awp"
L 04/05/2015 - 13:15:46: "}I{YK<169><STEAM_0:4:1432964485><CT>" attacked "[Chuck_Skull]_BaLLl_DeDyLLika<150><STEAM_0:4:971492613><TERRORIST>" with "usp" (damage "20") (damage_armor "0") (health "80") (armor "0")
L 04/05/2015 - 13:15:50: "[Chuck_Skull]_Bawa Babywka)<151><STEAM_0:4:360697093><TERRORIST>" attacked "}I{YK<169><STEAM_0:4:1432964485><CT>" with "glock18" (damage "11") (damage_armor "0") (health "89") (armor "0")
L 04/05/2015 - 13:15:50: "[Chuck_Skull]_BaLLl_DeDyLLika<150><STEAM_0:4:971492613><TERRORIST>" attacked "}I{YK<169><STEAM_0:4:1432964485><CT>" with "glock18" (damage "13") (damage_armor "0") (health "76") (armor "0")
L 04/05/2015 - 13:15:50: "[Chuck_Skull]_BaLLl_DeDyLLika<150><STEAM_0:4:971492613><TERRORIST>" attacked "}I{YK<169><STEAM_0:4:1432964485><CT>" with "glock18" (damage "16") (damage_armor "0") (health "60") (armor "0")
L 04/05/2015 - 13:15:51: "[Chuck_Skull]_BaLLl_DeDyLLika<150><STEAM_0:4:971492613><TERRORIST>" attacked "}I{YK<169><STEAM_0:4:1432964485><CT>" with "glock18" (damage "12") (damage_armor "0") (health "48") (armor "0")
L 04/05/2015 - 13:15:52: "}I{YK<169><STEAM_0:4:1432964485><CT>" attacked "[Chuck_Skull]_BaLLl_DeDyLLika<150><STEAM_0:4:971492613><TERRORIST>" with "usp" (damage "20") (damage_armor "0") (health "60") (armor "0")
L 04/05/2015 - 13:15:53: "}I{YK<169><STEAM_0:4:1432964485><CT>" attacked "[Chuck_Skull]_BaLLl_DeDyLLika<150><STEAM_0:4:971492613><TERRORIST>" with "usp" (damage "21") (damage_armor "0") (health "39") (armor "0")
L 04/05/2015 - 13:15:54: "}I{YK<169><STEAM_0:4:1432964485><CT>" attacked "[Chuck_Skull]_BaLLl_DeDyLLika<150><STEAM_0:4:971492613><TERRORIST>" with "usp" (damage "29") (damage_armor "0") (health "10") (armor "0")
L 04/05/2015 - 13:15:55: "}I{YK<169><STEAM_0:4:1432964485><CT>" attacked "[Chuck_Skull]_BaLLl_DeDyLLika<150><STEAM_0:4:971492613><TERRORIST>" with "usp" (damage "21") (damage_armor "0") (health "-11") (armor "0")
L 04/05/2015 - 13:15:55: "}I{YK<169><STEAM_0:4:1432964485><CT>" killed "[Chuck_Skull]_BaLLl_DeDyLLika<150><STEAM_0:4:971492613><TERRORIST>" with "usp"
L 04/05/2015 - 13:15:56: "[Chuck_Skull]_Bawa Babywka)<151><STEAM_0:4:360697093><TERRORIST>" attacked "}I{YK<169><STEAM_0:4:1432964485><CT>" with "knife" (damage "48") (damage_armor "0") (health "0") (armor "0")
L 04/05/2015 - 13:15:56: "[Chuck_Skull]_Bawa Babywka)<151><STEAM_0:4:360697093><TERRORIST>" killed "}I{YK<169><STEAM_0:4:1432964485><CT>" with "knife"
L 04/05/2015 - 13:15:56: Team "TERRORIST" triggered "Terrorists_Win" (CT "1") (T "6")
L 04/05/2015 - 13:15:56: World triggered "Round_End"
L 04/05/2015 - 13:16:03: [DPROTO]: Client 0 - Set AuthIdType 3 [dp_RevEmu]; pClient = 0xb39a2f08
L 04/05/2015 - 13:16:03: "REXTO :3<172><STEAM_0:4:362934603><>" connected, address "46.0.31.130:27005"
L 04/05/2015 - 13:16:04: [VTC] Player 1 speex
L 04/05/2015 - 13:16:06: World triggered "Round_Start"
L 04/05/2015 - 13:16:17: "REXTO :3<172><STEAM_0:4:362934603><>" entered the game
L 04/05/2015 - 13:16:20: "[Chuck_Skull]_BaLLl_DeDyLLika<150><STEAM_0:4:971492613><TERRORIST>" attacked "}I{YK<169><STEAM_0:4:1432964485><CT>" with "glock18" (damage "9") (damage_armor "0") (health "91") (armor "0")
L 04/05/2015 - 13:16:21: "[Chuck_Skull]_BaLLl_DeDyLLika<150><STEAM_0:4:971492613><TERRORIST>" attacked "}I{YK<169><STEAM_0:4:1432964485><CT>" with "glock18" (damage "12") (damage_armor "0") (health "79") (armor "0")
L 04/05/2015 - 13:16:21: "[Chuck_Skull]_Bawa Babywka)<151><STEAM_0:4:360697093><TERRORIST>" attacked "}I{YK<169><STEAM_0:4:1432964485><CT>" with "glock18" (damage "9") (damage_armor "0") (health "70") (armor "0")
L 04/05/2015 - 13:16:21: "[Chuck_Skull]_BaLLl_DeDyLLika<150><STEAM_0:4:971492613><TERRORIST>" attacked "}I{YK<169><STEAM_0:4:1432964485><CT>" with "glock18" (damage "9") (damage_armor "0") (health "61") (armor "0")
L 04/05/2015 - 13:16:21: "[Chuck_Skull]_Bawa Babywka)<151><STEAM_0:4:360697093><TERRORIST>" attacked "}I{YK<169><STEAM_0:4:1432964485><CT>" with "glock18" (damage "15") (damage_armor "0") (health "46") (armor "0")
L 04/05/2015 - 13:16:21: "[Chuck_Skull]_BaLLl_DeDyLLika<150><STEAM_0:4:971492613><TERRORIST>" attacked "}I{YK<169><STEAM_0:4:1432964485><CT>" with "glock18" (damage "12") (damage_armor "0") (health "34") (armor "0")
L 04/05/2015 - 13:16:21: "[Chuck_Skull]_Bawa Babywka)<151><STEAM_0:4:360697093><TERRORIST>" attacked "}I{YK<169><STEAM_0:4:1432964485><CT>" with "glock18" (damage "9") (damage_armor "0") (health "25") (armor "0")
L 04/05/2015 - 13:16:21: "[Chuck_Skull]_Bawa Babywka)<151><STEAM_0:4:360697093><TERRORIST>" attacked "}I{YK<169><STEAM_0:4:1432964485><CT>" with "glock18" (damage "9") (damage_armor "0") (health "16") (armor "0")
L 04/05/2015 - 13:16:21: "[Chuck_Skull]_BaLLl_DeDyLLika<150><STEAM_0:4:971492613><TERRORIST>" attacked "}I{YK<169><STEAM_0:4:1432964485><CT>" with "glock18" (damage "9") (damage_armor "0") (health "7") (armor "0")
L 04/05/2015 - 13:16:22: "REXTO :3<172><STEAM_0:4:362934603><>" joined team "TERRORIST"
L 04/05/2015 - 13:16:22: "[Chuck_Skull]_BaLLl_DeDyLLika<150><STEAM_0:4:971492613><TERRORIST>" attacked "}I{YK<169><STEAM_0:4:1432964485><CT>" with "glock18" (damage "9") (damage_armor "0") (health "-2") (armor "0")
L 04/05/2015 - 13:16:22: "[Chuck_Skull]_BaLLl_DeDyLLika<150><STEAM_0:4:971492613><TERRORIST>" killed "}I{YK<169><STEAM_0:4:1432964485><CT>" with "glock18"
L 04/05/2015 - 13:16:33: "adamas<170><STEAM_0:4:443597682><CT>" attacked "REXTO :3<172><STEAM_0:4:362934603><TERRORIST>" with "awp" (damage "113") (damage_armor "0") (health "-13") (armor "0")
L 04/05/2015 - 13:16:33: "adamas<170><STEAM_0:4:443597682><CT>" killed "REXTO :3<172><STEAM_0:4:362934603><TERRORIST>" with "awp"
L 04/05/2015 - 13:16:43: "adamas<170><STEAM_0:4:443597682><CT>" committed suicide with "worldspawn" (world)
L 04/05/2015 - 13:16:43: Team "TERRORIST" triggered "Terrorists_Win" (CT "1") (T "7")
L 04/05/2015 - 13:16:43: World triggered "Round_End"
L 04/05/2015 - 13:16:53: World triggered "Round_Start"
L 04/05/2015 - 13:16:54: "adamas<170><STEAM_0:4:443597682><CT>" attacked "[Chuck_Skull]_BaLLl_DeDyLLika<150><STEAM_0:4:971492613><TERRORIST>" with "awp" (damage "111") (damage_armor "0") (health "-11") (armor "0")
L 04/05/2015 - 13:16:54: "adamas<170><STEAM_0:4:443597682><CT>" killed "[Chuck_Skull]_BaLLl_DeDyLLika<150><STEAM_0:4:971492613><TERRORIST>" with "awp"
L 04/05/2015 - 13:17:07: "REXTO :3<172><STEAM_0:4:362934603><TERRORIST>" attacked "}I{YK<169><STEAM_0:4:1432964485><CT>" with "glock18" (damage "19") (damage_armor "0") (health "81") (armor "0")
L 04/05/2015 - 13:17:11: "}I{YK<169><STEAM_0:4:1432964485><CT>" attacked "REXTO :3<172><STEAM_0:4:362934603><TERRORIST>" with "usp" (damage "27") (damage_armor "0") (health "73") (armor "0")
L 04/05/2015 - 13:17:13: "REXTO :3<172><STEAM_0:4:362934603><TERRORIST>" attacked "}I{YK<169><STEAM_0:4:1432964485><CT>" with "glock18" (damage "15") (damage_armor "0") (health "66") (armor "0")
L 04/05/2015 - 13:17:14: "REXTO :3<172><STEAM_0:4:362934603><TERRORIST>" attacked "}I{YK<169><STEAM_0:4:1432964485><CT>" with "glock18" (damage "15") (damage_armor "0") (health "51") (armor "0")
L 04/05/2015 - 13:17:14: "}I{YK<169><STEAM_0:4:1432964485><CT>" attacked "REXTO :3<172><STEAM_0:4:362934603><TERRORIST>" with "usp" (damage "21") (damage_armor "0") (health "52") (armor "0")
L 04/05/2015 - 13:17:14: "REXTO :3<172><STEAM_0:4:362934603><TERRORIST>" attacked "}I{YK<169><STEAM_0:4:1432964485><CT>" with "glock18" (damage "21") (damage_armor "0") (health "30") (armor "0")
L 04/05/2015 - 13:17:15: "[Chuck_Skull]_Bawa Babywka)<151><STEAM_0:4:360697093><TERRORIST>" attacked "}I{YK<169><STEAM_0:4:1432964485><CT>" with "knife" (damage "65") (damage_armor "0") (health "-35") (armor "0")
L 04/05/2015 - 13:17:15: "[Chuck_Skull]_Bawa Babywka)<151><STEAM_0:4:360697093><TERRORIST>" killed "}I{YK<169><STEAM_0:4:1432964485><CT>" with "knife"
L 04/05/2015 - 13:17:18: "[Chuck_Skull]_Bawa Babywka)<151><STEAM_0:4:360697093><TERRORIST>" attacked "adamas<170><STEAM_0:4:443597682><CT>" with "awp" (damage "83") (damage_armor "0") (health "17") (armor "0")
L 04/05/2015 - 13:17:30: "[Chuck_Skull]_Bawa Babywka)<151><STEAM_0:4:360697093><TERRORIST>" attacked "adamas<170><STEAM_0:4:443597682><CT>" with "awp" (damage "40") (damage_armor "0") (health "-23") (armor "0")
L 04/05/2015 - 13:17:30: "[Chuck_Skull]_Bawa Babywka)<151><STEAM_0:4:360697093><TERRORIST>" killed "adamas<170><STEAM_0:4:443597682><CT>" with "awp"
L 04/05/2015 - 13:17:30: Team "TERRORIST" triggered "Terrorists_Win" (CT "1") (T "8")
L 04/05/2015 - 13:17:30: World triggered "Round_End"
L 04/05/2015 - 13:17:40: World triggered "Round_Start"
L 04/05/2015 - 13:17:47: "REXTO :3<172><STEAM_0:4:362934603><TERRORIST>" attacked "}I{YK<169><STEAM_0:4:1432964485><CT>" with "awp" (damage "112") (damage_armor "0") (health "-12") (armor "0")
L 04/05/2015 - 13:17:47: "REXTO :3<172><STEAM_0:4:362934603><TERRORIST>" killed "}I{YK<169><STEAM_0:4:1432964485><CT>" with "awp"
L 04/05/2015 - 13:17:50: "}I{YK<169><STEAM_0:4:1432964485><CT>" triggered "weaponstats" (weapon "usp") (shots "61") (hits "8") (kills "1") (headshots "0") (tks "0") (damage "180") (deaths "3")
L 04/05/2015 - 13:17:50: "}I{YK<169><STEAM_0:4:1432964485><CT>" triggered "weaponstats2" (weapon "usp") (head "0") (chest "0") (stomach "1") (leftarm "0") (rightarm "2") (leftleg "1") (rightleg "4")
L 04/05/2015 - 13:17:50: "}I{YK<169><STEAM_0:4:1432964485><CT>" triggered "weaponstats" (weapon "awp") (shots "13") (hits "3") (kills "2") (headshots "0") (tks "0") (damage "332") (deaths "4")
L 04/05/2015 - 13:17:50: "}I{YK<169><STEAM_0:4:1432964485><CT>" triggered "weaponstats2" (weapon "awp") (head "0") (chest "0") (stomach "2") (leftarm "0") (rightarm "1") (leftleg "0") (rightleg "0")
L 04/05/2015 - 13:17:50: "}I{YK<169><STEAM_0:4:1432964485><CT>" triggered "time" (time "4:19")
L 04/05/2015 - 13:17:50: "}I{YK<169><STEAM_0:4:1432964485><CT>" triggered "latency" (ping "42")
L 04/05/2015 - 13:17:50: "}I{YK<169><STEAM_0:4:1432964485><CT>" disconnected
L 04/05/2015 - 13:17:56: "REXTO :3<172><STEAM_0:4:362934603><TERRORIST>" attacked "adamas<170><STEAM_0:4:443597682><CT>" with "glock18" (damage "22") (damage_armor "0") (health "78") (armor "0")
L 04/05/2015 - 13:17:56: "adamas<170><STEAM_0:4:443597682><CT>" attacked "REXTO :3<172><STEAM_0:4:362934603><TERRORIST>" with "usp" (damage "38") (damage_armor "0") (health "62") (armor "0")
L 04/05/2015 - 13:17:56: "REXTO :3<172><STEAM_0:4:362934603><TERRORIST>" attacked "adamas<170><STEAM_0:4:443597682><CT>" with "glock18" (damage "22") (damage_armor "0") (health "56") (armor "0")
L 04/05/2015 - 13:17:56: "adamas<170><STEAM_0:4:443597682><CT>" attacked "REXTO :3<172><STEAM_0:4:362934603><TERRORIST>" with "usp" (damage "31") (damage_armor "0") (health "31") (armor "0")
L 04/05/2015 - 13:17:56: "REXTO :3<172><STEAM_0:4:362934603><TERRORIST>" attacked "adamas<170><STEAM_0:4:443597682><CT>" with "glock18" (damage "22") (damage_armor "0") (health "34") (armor "0")
L 04/05/2015 - 13:17:56: "adamas<170><STEAM_0:4:443597682><CT>" attacked "REXTO :3<172><STEAM_0:4:362934603><TERRORIST>" with "usp" (damage "31") (damage_armor "0") (health "0") (armor "0")
L 04/05/2015 - 13:17:56: "adamas<170><STEAM_0:4:443597682><CT>" killed "REXTO :3<172><STEAM_0:4:362934603><TERRORIST>" with "usp"
L 04/05/2015 - 13:18:16: "[Chuck_Skull]_BaLLl_DeDyLLika<150><STEAM_0:4:971492613><TERRORIST>" attacked "adamas<170><STEAM_0:4:443597682><CT>" with "awp" (damage "111") (damage_armor "0") (health "-77") (armor "0")
L 04/05/2015 - 13:18:16: "[Chuck_Skull]_BaLLl_DeDyLLika<150><STEAM_0:4:971492613><TERRORIST>" killed "adamas<170><STEAM_0:4:443597682><CT>" with "awp"
L 04/05/2015 - 13:18:16: Team "TERRORIST" triggered "Terrorists_Win" (CT "1") (T "9")
L 04/05/2015 - 13:18:16: World triggered "Round_End"
L 04/05/2015 - 13:18:26: World triggered "Round_Start"
L 04/05/2015 - 13:18:30: "[Chuck_Skull]_BaLLl_DeDyLLika<150><STEAM_0:4:971492613><TERRORIST>" attacked "adamas<170><STEAM_0:4:443597682><CT>" with "awp" (damage "138") (damage_armor "0") (health "-38") (armor "0")
L 04/05/2015 - 13:18:30: "[Chuck_Skull]_BaLLl_DeDyLLika<150><STEAM_0:4:971492613><TERRORIST>" killed "adamas<170><STEAM_0:4:443597682><CT>" with "awp"
L 04/05/2015 - 13:18:30: Team "TERRORIST" triggered "Terrorists_Win" (CT "1") (T "10")
L 04/05/2015 - 13:18:30: World triggered "Round_End"
L 04/05/2015 - 13:18:35: "REXTO :3<172><STEAM_0:4:362934603><TERRORIST>" joined team "CT" (auto)
L 04/05/2015 - 13:18:40: World triggered "Round_Start"
L 04/05/2015 - 13:18:46: "REXTO :3<172><STEAM_0:4:362934603><CT>" attacked "[Chuck_Skull]_BaLLl_DeDyLLika<150><STEAM_0:4:971492613><TERRORIST>" with "awp" (damage "84") (damage_armor "0") (health "16") (armor "0")
L 04/05/2015 - 13:18:49: "[Chuck_Skull]_BaLLl_DeDyLLika<150><STEAM_0:4:971492613><TERRORIST>" attacked "adamas<170><STEAM_0:4:443597682><CT>" with "awp" (damage "112") (damage_armor "0") (health "-12") (armor "0")
L 04/05/2015 - 13:18:49: "[Chuck_Skull]_BaLLl_DeDyLLika<150><STEAM_0:4:971492613><TERRORIST>" killed "adamas<170><STEAM_0:4:443597682><CT>" with "awp"
L 04/05/2015 - 13:18:54: "REXTO :3<172><STEAM_0:4:362934603><CT>" attacked "[Chuck_Skull]_BaLLl_DeDyLLika<150><STEAM_0:4:971492613><TERRORIST>" with "glock18" (damage "15") (damage_armor "0") (health "1") (armor "0")
L 04/05/2015 - 13:18:54: "REXTO :3<172><STEAM_0:4:362934603><CT>" attacked "[Chuck_Skull]_BaLLl_DeDyLLika<150><STEAM_0:4:971492613><TERRORIST>" with "glock18" (damage "88") (damage_armor "0") (health "-87") (armor "0")
L 04/05/2015 - 13:18:54: "REXTO :3<172><STEAM_0:4:362934603><CT>" killed "[Chuck_Skull]_BaLLl_DeDyLLika<150><STEAM_0:4:971492613><TERRORIST>" with "glock18"
L 04/05/2015 - 13:19:14: [DPROTO]: Client 2 - Set AuthIdType 3 [dp_RevEmu]; pClient = 0xb39accf0
L 04/05/2015 - 13:19:14: "vampir[BLR-1]***}I{APK@***<173><STEAM_0:4:1726139397><>" connected, address "178.122.153.100:19702"
L 04/05/2015 - 13:19:14: [VTC] Player 3 speex
L 04/05/2015 - 13:19:25: [DPROTO]: Client 2 - Set AuthIdType 3 [dp_RevEmu]; pClient = 0xb39accf0
L 04/05/2015 - 13:19:25: "vampir[BLR-1]***}I{APK@***<174><STEAM_0:4:1726139397><>" connected, address "178.122.153.100:19702"
L 04/05/2015 - 13:19:25: [VTC] Player 3 speex
L 04/05/2015 - 13:19:29: "REXTO :3<172><STEAM_0:4:362934603><CT>" attacked "[Chuck_Skull]_Bawa Babywka)<151><STEAM_0:4:360697093><TERRORIST>" with "awp" (damage "111") (damage_armor "0") (health "-11") (armor "0")
L 04/05/2015 - 13:19:29: "REXTO :3<172><STEAM_0:4:362934603><CT>" killed "[Chuck_Skull]_Bawa Babywka)<151><STEAM_0:4:360697093><TERRORIST>" with "awp"
L 04/05/2015 - 13:19:29: Team "CT" triggered "CTs_Win" (CT "2") (T "10")
L 04/05/2015 - 13:19:29: World triggered "Round_End"
L 04/05/2015 - 13:19:39: World triggered "Round_Start"
L 04/05/2015 - 13:19:49: "[Chuck_Skull]_BaLLl_DeDyLLika<150><STEAM_0:4:971492613><TERRORIST>" attacked "adamas<170><STEAM_0:4:443597682><CT>" with "awp" (damage "112") (damage_armor "0") (health "-12") (armor "0")
L 04/05/2015 - 13:19:49: "[Chuck_Skull]_BaLLl_DeDyLLika<150><STEAM_0:4:971492613><TERRORIST>" killed "adamas<170><STEAM_0:4:443597682><CT>" with "awp"
L 04/05/2015 - 13:19:52: "[Chuck_Skull]_BaLLl_DeDyLLika<150><STEAM_0:4:971492613><TERRORIST>" attacked "REXTO :3<172><STEAM_0:4:362934603><CT>" with "awp" (damage "111") (damage_armor "0") (health "-11") (armor "0")
L 04/05/2015 - 13:19:52: "[Chuck_Skull]_BaLLl_DeDyLLika<150><STEAM_0:4:971492613><TERRORIST>" killed "REXTO :3<172><STEAM_0:4:362934603><CT>" with "awp"
L 04/05/2015 - 13:19:52: Team "TERRORIST" triggered "Terrorists_Win" (CT "2") (T "11")
L 04/05/2015 - 13:19:52: World triggered "Round_End"
L 04/05/2015 - 13:20:02: World triggered "Round_Start"
L 04/05/2015 - 13:20:02: "adamas<170><STEAM_0:4:443597682><CT>" attacked "[Chuck_Skull]_BaLLl_DeDyLLika<150><STEAM_0:4:971492613><TERRORIST>" with "awp" (damage "110") (damage_armor "0") (health "-10") (armor "0")
L 04/05/2015 - 13:20:02: "adamas<170><STEAM_0:4:443597682><CT>" killed "[Chuck_Skull]_BaLLl_DeDyLLika<150><STEAM_0:4:971492613><TERRORIST>" with "awp"
L 04/05/2015 - 13:20:02: [DPROTO]: Client 2 - Set AuthIdType 3 [dp_RevEmu]; pClient = 0xb39accf0
L 04/05/2015 - 13:20:02: "vampir[BLR-1]***}I{APK@***<175><STEAM_0:4:1726139397><>" connected, address "178.122.153.100:19702"
L 04/05/2015 - 13:20:02: [VTC] Player 3 speex
L 04/05/2015 - 13:20:05: "[Chuck_Skull]_Bawa Babywka)<151><STEAM_0:4:360697093><TERRORIST>" attacked "REXTO :3<172><STEAM_0:4:362934603><CT>" with "awp" (damage "110") (damage_armor "0") (health "-10") (armor "0")
L 04/05/2015 - 13:20:05: "[Chuck_Skull]_Bawa Babywka)<151><STEAM_0:4:360697093><TERRORIST>" killed "REXTO :3<172><STEAM_0:4:362934603><CT>" with "awp"
L 04/05/2015 - 13:20:11: "[Chuck_Skull]_Bawa Babywka)<151><STEAM_0:4:360697093><TERRORIST>" attacked "adamas<170><STEAM_0:4:443597682><CT>" with "awp" (damage "55") (damage_armor "0") (health "45") (armor "0")
L 04/05/2015 - 13:20:18: "[Chuck_Skull]_Bawa Babywka)<151><STEAM_0:4:360697093><TERRORIST>" attacked "adamas<170><STEAM_0:4:443597682><CT>" with "awp" (damage "111") (damage_armor "0") (health "-66") (armor "0")
L 04/05/2015 - 13:20:18: "[Chuck_Skull]_Bawa Babywka)<151><STEAM_0:4:360697093><TERRORIST>" killed "adamas<170><STEAM_0:4:443597682><CT>" with "awp"
L 04/05/2015 - 13:20:18: Team "TERRORIST" triggered "Terrorists_Win" (CT "2") (T "12")
L 04/05/2015 - 13:20:18: World triggered "Round_End"
L 04/05/2015 - 13:20:28: World triggered "Round_Start"
L 04/05/2015 - 13:20:32: "[Chuck_Skull]_BaLLl_DeDyLLika<150><STEAM_0:4:971492613><TERRORIST>" attacked "adamas<170><STEAM_0:4:443597682><CT>" with "awp" (damage "111") (damage_armor "0") (health "-11") (armor "0")
L 04/05/2015 - 13:20:32: "[Chuck_Skull]_BaLLl_DeDyLLika<150><STEAM_0:4:971492613><TERRORIST>" killed "adamas<170><STEAM_0:4:443597682><CT>" with "awp"
L 04/05/2015 - 13:20:32: "[Chuck_Skull]_Bawa Babywka)<151><STEAM_0:4:360697093><TERRORIST>" attacked "REXTO :3<172><STEAM_0:4:362934603><CT>" with "awp" (damage "112") (damage_armor "0") (health "-12") (armor "0")
L 04/05/2015 - 13:20:32: "[Chuck_Skull]_Bawa Babywka)<151><STEAM_0:4:360697093><TERRORIST>" killed "REXTO :3<172><STEAM_0:4:362934603><CT>" with "awp"
L 04/05/2015 - 13:20:32: Team "TERRORIST" triggered "Terrorists_Win" (CT "2") (T "13")
L 04/05/2015 - 13:20:32: World triggered "Round_End"
L 04/05/2015 - 13:20:42: "[Chuck_Skull]_BaLLl_DeDyLLika<150><STEAM_0:4:971492613><TERRORIST>" changed name to "[Chuck_Skull]_BaLLl_DeDyLLika)"
L 04/05/2015 - 13:20:42: World triggered "Round_Start"
L 04/05/2015 - 13:20:43: "[Chuck_Skull]_Bawa Babywka)<151><STEAM_0:4:360697093><TERRORIST>" attacked "REXTO :3<172><STEAM_0:4:362934603><CT>" with "awp" (damage "110") (damage_armor "0") (health "-10") (armor "0")
L 04/05/2015 - 13:20:43: "[Chuck_Skull]_Bawa Babywka)<151><STEAM_0:4:360697093><TERRORIST>" killed "REXTO :3<172><STEAM_0:4:362934603><CT>" with "awp"
L 04/05/2015 - 13:20:47: "[Chuck_Skull]_Bawa Babywka)<151><STEAM_0:4:360697093><TERRORIST>" attacked "adamas<170><STEAM_0:4:443597682><CT>" with "awp" (damage "444") (damage_armor "0") (health "-344") (armor "0")
L 04/05/2015 - 13:20:47: "[Chuck_Skull]_Bawa Babywka)<151><STEAM_0:4:360697093><TERRORIST>" killed "adamas<170><STEAM_0:4:443597682><CT>" with "awp"
L 04/05/2015 - 13:20:47: Team "TERRORIST" triggered "Terrorists_Win" (CT "2") (T "14")
L 04/05/2015 - 13:20:47: World triggered "Round_End"
L 04/05/2015 - 13:20:52: "[Chuck_Skull]_BaLLl_DeDyLLika)<150><STEAM_0:4:971492613><TERRORIST>" committed suicide with "worldspawn" (world)
L 04/05/2015 - 13:20:57: World triggered "Round_Start"
L 04/05/2015 - 13:21:04: "[Chuck_Skull]_BaLLl_DeDyLLika)<150><STEAM_0:4:971492613><TERRORIST>" attacked "adamas<170><STEAM_0:4:443597682><CT>" with "awp" (damage "112") (damage_armor "0") (health "-12") (armor "0")
L 04/05/2015 - 13:21:04: "[Chuck_Skull]_BaLLl_DeDyLLika)<150><STEAM_0:4:971492613><TERRORIST>" killed "adamas<170><STEAM_0:4:443597682><CT>" with "awp"
L 04/05/2015 - 13:21:06: "[Chuck_Skull]_BaLLl_DeDyLLika)<150><STEAM_0:4:971492613><TERRORIST>" attacked "REXTO :3<172><STEAM_0:4:362934603><CT>" with "awp" (damage "112") (damage_armor "0") (health "-12") (armor "0")
L 04/05/2015 - 13:21:06: "[Chuck_Skull]_BaLLl_DeDyLLika)<150><STEAM_0:4:971492613><TERRORIST>" killed "REXTO :3<172><STEAM_0:4:362934603><CT>" with "awp"
L 04/05/2015 - 13:21:06: Team "TERRORIST" triggered "Terrorists_Win" (CT "2") (T "15")
L 04/05/2015 - 13:21:06: World triggered "Round_End"
L 04/05/2015 - 13:21:16: World triggered "Round_Start"
L 04/05/2015 - 13:21:25: "[Chuck_Skull]_Bawa Babywka)<151><STEAM_0:4:360697093><TERRORIST>" attacked "adamas<170><STEAM_0:4:443597682><CT>" with "awp" (damage "444") (damage_armor "0") (health "-344") (armor "0")
L 04/05/2015 - 13:21:25: "[Chuck_Skull]_Bawa Babywka)<151><STEAM_0:4:360697093><TERRORIST>" killed "adamas<170><STEAM_0:4:443597682><CT>" with "awp"
L 04/05/2015 - 13:21:33: "[Chuck_Skull]_BaLLl_DeDyLLika)<150><STEAM_0:4:971492613><TERRORIST>" attacked "REXTO :3<172><STEAM_0:4:362934603><CT>" with "knife" (damage "65") (damage_armor "0") (health "35") (armor "0")
L 04/05/2015 - 13:21:36: "[Chuck_Skull]_BaLLl_DeDyLLika)<150><STEAM_0:4:971492613><TERRORIST>" attacked "REXTO :3<172><STEAM_0:4:362934603><CT>" with "knife" (damage "65") (damage_armor "0") (health "-30") (armor "0")
L 04/05/2015 - 13:21:36: "[Chuck_Skull]_BaLLl_DeDyLLika)<150><STEAM_0:4:971492613><TERRORIST>" killed "REXTO :3<172><STEAM_0:4:362934603><CT>" with "knife"
L 04/05/2015 - 13:21:36: Team "TERRORIST" triggered "Terrorists_Win" (CT "2") (T "16")
L 04/05/2015 - 13:21:36: World triggered "Round_End"
L 04/05/2015 - 13:21:46: World triggered "Round_Start"
L 04/05/2015 - 13:21:59: "[Chuck_Skull]_BaLLl_DeDyLLika)<150><STEAM_0:4:971492613><TERRORIST>" attacked "REXTO :3<172><STEAM_0:4:362934603><CT>" with "awp" (damage "113") (damage_armor "0") (health "-15") (armor "0")
L 04/05/2015 - 13:21:59: "[Chuck_Skull]_BaLLl_DeDyLLika)<150><STEAM_0:4:971492613><TERRORIST>" killed "REXTO :3<172><STEAM_0:4:362934603><CT>" with "awp"
L 04/05/2015 - 13:22:07: "adamas<170><STEAM_0:4:443597682><CT>" attacked "[Chuck_Skull]_Bawa Babywka)<151><STEAM_0:4:360697093><TERRORIST>" with "awp" (damage "55") (damage_armor "0") (health "45") (armor "0")
L 04/05/2015 - 13:22:12: [DPROTO]: Client 4 - Set AuthIdType 1 [dp_SteamEmu]; pClient = 0xb39b6ad8
L 04/05/2015 - 13:22:12: "Tolstopuzz<176><STEAM_0:0:622962821><>" connected, address "37.214.253.30:7887"
L 04/05/2015 - 13:22:12: [VTC] Player 5 speex
L 04/05/2015 - 13:22:13: Kick: "Tolstopuzz<176><STEAM_0:0:622962821><>" was kicked by "Console" (message " Вы забанены на этом сервере. Подробности в консоли.")
L 04/05/2015 - 13:22:26: "[Chuck_Skull]_Bawa Babywka)<151><STEAM_0:4:360697093><TERRORIST>" attacked "adamas<170><STEAM_0:4:443597682><CT>" with "awp" (damage "55") (damage_armor "0") (health "45") (armor "0")
L 04/05/2015 - 13:22:29: "adamas<170><STEAM_0:4:443597682><CT>" attacked "[Chuck_Skull]_Bawa Babywka)<151><STEAM_0:4:360697093><TERRORIST>" with "awp" (damage "140") (damage_armor "0") (health "-95") (armor "0")
L 04/05/2015 - 13:22:29: "adamas<170><STEAM_0:4:443597682><CT>" killed "[Chuck_Skull]_Bawa Babywka)<151><STEAM_0:4:360697093><TERRORIST>" with "awp"
L 04/05/2015 - 13:22:38: "REXTO :3<172><STEAM_0:4:362934603><CT>" joined team "TERRORIST"
L 04/05/2015 - 13:22:48: "[Chuck_Skull]_BaLLl_DeDyLLika)<150><STEAM_0:4:971492613><TERRORIST>" attacked "adamas<170><STEAM_0:4:443597682><CT>" with "awp" (damage "84") (damage_armor "0") (health "-39") (armor "0")
L 04/05/2015 - 13:22:48: "[Chuck_Skull]_BaLLl_DeDyLLika)<150><STEAM_0:4:971492613><TERRORIST>" killed "adamas<170><STEAM_0:4:443597682><CT>" with "awp"
L 04/05/2015 - 13:22:48: Team "TERRORIST" triggered "Terrorists_Win" (CT "2") (T "17")
L 04/05/2015 - 13:22:48: World triggered "Round_End"
L 04/05/2015 - 13:22:58: World triggered "Round_Start"
L 04/05/2015 - 13:22:58: "REXTO :3<172><STEAM_0:4:362934603><TERRORIST>" attacked "adamas<170><STEAM_0:4:443597682><CT>" with "awp" (damage "110") (damage_armor "0") (health "-10") (armor "0")
L 04/05/2015 - 13:22:58: "REXTO :3<172><STEAM_0:4:362934603><TERRORIST>" killed "adamas<170><STEAM_0:4:443597682><CT>" with "awp"
L 04/05/2015 - 13:22:58: Team "TERRORIST" triggered "Terrorists_Win" (CT "2") (T "18")
L 04/05/2015 - 13:22:58: World triggered "Round_End"
L 04/05/2015 - 13:23:03: "REXTO :3<172><STEAM_0:4:362934603><TERRORIST>" joined team "CT" (auto)
L 04/05/2015 - 13:23:08: World triggered "Round_Start"
L 04/05/2015 - 13:23:17: "REXTO :3<172><STEAM_0:4:362934603><CT>" attacked "[Chuck_Skull]_Bawa Babywka)<151><STEAM_0:4:360697093><TERRORIST>" with "awp" (damage "112") (damage_armor "0") (health "-12") (armor "0")
L 04/05/2015 - 13:23:17: "REXTO :3<172><STEAM_0:4:362934603><CT>" killed "[Chuck_Skull]_Bawa Babywka)<151><STEAM_0:4:360697093><TERRORIST>" with "awp"
L 04/05/2015 - 13:23:18: "REXTO :3<172><STEAM_0:4:362934603><CT>" attacked "[Chuck_Skull]_BaLLl_DeDyLLika)<150><STEAM_0:4:971492613><TERRORIST>" with "awp" (damage "85") (damage_armor "0") (health "15") (armor "0")
L 04/05/2015 - 13:23:19: "adamas<170><STEAM_0:4:443597682><CT>" attacked "[Chuck_Skull]_BaLLl_DeDyLLika)<150><STEAM_0:4:971492613><TERRORIST>" with "awp" (damage "112") (damage_armor "0") (health "-97") (armor "0")
L 04/05/2015 - 13:23:19: "adamas<170><STEAM_0:4:443597682><CT>" killed "[Chuck_Skull]_BaLLl_DeDyLLika)<150><STEAM_0:4:971492613><TERRORIST>" with "awp"
L 04/05/2015 - 13:23:19: Team "CT" triggered "CTs_Win" (CT "3") (T "18")
L 04/05/2015 - 13:23:19: World triggered "Round_End"
L 04/05/2015 - 13:23:28: World triggered "Round_Start"
L 04/05/2015 - 13:23:29: "[Chuck_Skull]_BaLLl_DeDyLLika)<150><STEAM_0:4:971492613><TERRORIST>" attacked "REXTO :3<172><STEAM_0:4:362934603><CT>" with "awp" (damage "110") (damage_armor "0") (health "-10") (armor "0")
L 04/05/2015 - 13:23:29: "[Chuck_Skull]_BaLLl_DeDyLLika)<150><STEAM_0:4:971492613><TERRORIST>" killed "REXTO :3<172><STEAM_0:4:362934603><CT>" with "awp"
L 04/05/2015 - 13:23:39: [DPROTO]: Client 2 - Set AuthIdType 3 [dp_RevEmu]; pClient = 0xb39accf0
L 04/05/2015 - 13:23:39: "GS-Monitor | K!LL3R<177><STEAM_0:4:985910917><>" connected, address "178.127.219.220:27005"
L 04/05/2015 - 13:23:39: [VTC] Player 3 speex
L 04/05/2015 - 13:23:47: [DPROTO]: Client 2 - Set AuthIdType 3 [dp_RevEmu]; pClient = 0xb39accf0
L 04/05/2015 - 13:23:47: "GS-Monitor | K!LL3R<178><STEAM_0:4:985910917><>" connected, address "178.127.219.220:27005"
L 04/05/2015 - 13:23:47: [VTC] Player 3 speex
L 04/05/2015 - 13:24:17: "GS-Monitor | K!LL3R<178><STEAM_0:4:985910917><>" entered the game
L 04/05/2015 - 13:24:22: "[Chuck_Skull]_Bawa Babywka)<151><STEAM_0:4:360697093><TERRORIST>" attacked "adamas<170><STEAM_0:4:443597682><CT>" with "glock18" (damage "27") (damage_armor "0") (health "73") (armor "0")
L 04/05/2015 - 13:24:22: "[Chuck_Skull]_Bawa Babywka)<151><STEAM_0:4:360697093><TERRORIST>" attacked "adamas<170><STEAM_0:4:443597682><CT>" with "glock18" (damage "23") (damage_armor "0") (health "50") (armor "0")
L 04/05/2015 - 13:24:22: "[Chuck_Skull]_Bawa Babywka)<151><STEAM_0:4:360697093><TERRORIST>" attacked "adamas<170><STEAM_0:4:443597682><CT>" with "glock18" (damage "24") (damage_armor "0") (health "26") (armor "0")
L 04/05/2015 - 13:24:22: "[Chuck_Skull]_Bawa Babywka)<151><STEAM_0:4:360697093><TERRORIST>" attacked "adamas<170><STEAM_0:4:443597682><CT>" with "glock18" (damage "24") (damage_armor "0") (health "2") (armor "0")
L 04/05/2015 - 13:24:23: "[Chuck_Skull]_Bawa Babywka)<151><STEAM_0:4:360697093><TERRORIST>" attacked "adamas<170><STEAM_0:4:443597682><CT>" with "glock18" (damage "24") (damage_armor "0") (health "-22") (armor "0")
L 04/05/2015 - 13:24:23: "[Chuck_Skull]_Bawa Babywka)<151><STEAM_0:4:360697093><TERRORIST>" killed "adamas<170><STEAM_0:4:443597682><CT>" with "glock18"
L 04/05/2015 - 13:24:23: Team "TERRORIST" triggered "Terrorists_Win" (CT "3") (T "19")
L 04/05/2015 - 13:24:23: World triggered "Round_End"
L 04/05/2015 - 13:24:33: World triggered "Round_Start"
L 04/05/2015 - 13:24:34: "GS-Monitor | K!LL3R<178><STEAM_0:4:985910917><>" joined team "TERRORIST"
L 04/05/2015 - 13:24:35: "[Chuck_Skull]_BaLLl_DeDyLLika)<150><STEAM_0:4:971492613><TERRORIST>" attacked "REXTO :3<172><STEAM_0:4:362934603><CT>" with "awp" (damage "110") (damage_armor "0") (health "-10") (armor "0")
L 04/05/2015 - 13:24:35: "[Chuck_Skull]_BaLLl_DeDyLLika)<150><STEAM_0:4:971492613><TERRORIST>" killed "REXTO :3<172><STEAM_0:4:362934603><CT>" with "awp"
L 04/05/2015 - 13:24:41: "[Chuck_Skull]_BaLLl_DeDyLLika)<150><STEAM_0:4:971492613><TERRORIST>" attacked "adamas<170><STEAM_0:4:443597682><CT>" with "awp" (damage "111") (damage_armor "0") (health "-11") (armor "0")
L 04/05/2015 - 13:24:41: "[Chuck_Skull]_BaLLl_DeDyLLika)<150><STEAM_0:4:971492613><TERRORIST>" killed "adamas<170><STEAM_0:4:443597682><CT>" with "awp"
L 04/05/2015 - 13:24:41: Team "TERRORIST" triggered "Terrorists_Win" (CT "3") (T "20")
L 04/05/2015 - 13:24:41: World triggered "Round_End"
L 04/05/2015 - 13:24:51: World triggered "Round_Start"
L 04/05/2015 - 13:24:57: "[Chuck_Skull]_BaLLl_DeDyLLika)<150><STEAM_0:4:971492613><TERRORIST>" attacked "REXTO :3<172><STEAM_0:4:362934603><CT>" with "glock18" (damage "22") (damage_armor "0") (health "78") (armor "0")
L 04/05/2015 - 13:24:57: "[Chuck_Skull]_BaLLl_DeDyLLika)<150><STEAM_0:4:971492613><TERRORIST>" attacked "REXTO :3<172><STEAM_0:4:362934603><CT>" with "glock18" (damage "18") (damage_armor "0") (health "60") (armor "0")
L 04/05/2015 - 13:24:57: "[Chuck_Skull]_BaLLl_DeDyLLika)<150><STEAM_0:4:971492613><TERRORIST>" attacked "REXTO :3<172><STEAM_0:4:362934603><CT>" with "glock18" (damage "22") (damage_armor "0") (health "38") (armor "0")
L 04/05/2015 - 13:24:58: "[Chuck_Skull]_BaLLl_DeDyLLika)<150><STEAM_0:4:971492613><TERRORIST>" attacked "REXTO :3<172><STEAM_0:4:362934603><CT>" with "glock18" (damage "20") (damage_armor "0") (health "18") (armor "0")
L 04/05/2015 - 13:24:58: "[Chuck_Skull]_BaLLl_DeDyLLika)<150><STEAM_0:4:971492613><TERRORIST>" attacked "REXTO :3<172><STEAM_0:4:362934603><CT>" with "glock18" (damage "20") (damage_armor "0") (health "-2") (armor "0")
L 04/05/2015 - 13:24:58: "[Chuck_Skull]_BaLLl_DeDyLLika)<150><STEAM_0:4:971492613><TERRORIST>" killed "REXTO :3<172><STEAM_0:4:362934603><CT>" with "glock18"
L 04/05/2015 - 13:25:01: "[Chuck_Skull]_BaLLl_DeDyLLika)<150><STEAM_0:4:971492613><TERRORIST>" attacked "adamas<170><STEAM_0:4:443597682><CT>" with "knife" (damage "65") (damage_armor "0") (health "35") (armor "0")
L 04/05/2015 - 13:25:02: "GS-Monitor | K!LL3R<178><STEAM_0:4:985910917><TERRORIST>" attacked "adamas<170><STEAM_0:4:443597682><CT>" with "awp" (damage "111") (damage_armor "0") (health "-76") (armor "0")
L 04/05/2015 - 13:25:02: "GS-Monitor | K!LL3R<178><STEAM_0:4:985910917><TERRORIST>" killed "adamas<170><STEAM_0:4:443597682><CT>" with "awp"
L 04/05/2015 - 13:25:02: Team "TERRORIST" triggered "Terrorists_Win" (CT "3") (T "21")
L 04/05/2015 - 13:25:02: World triggered "Round_End"
L 04/05/2015 - 13:25:12: World triggered "Round_Start"
L 04/05/2015 - 13:25:12: "[Chuck_Skull]_Bawa Babywka)<151><STEAM_0:4:360697093><TERRORIST>" attacked "adamas<170><STEAM_0:4:443597682><CT>" with "awp" (damage "138") (damage_armor "0") (health "-38") (armor "0")
L 04/05/2015 - 13:25:12: "[Chuck_Skull]_Bawa Babywka)<151><STEAM_0:4:360697093><TERRORIST>" killed "adamas<170><STEAM_0:4:443597682><CT>" with "awp"
L 04/05/2015 - 13:25:16: "REXTO :3<172><STEAM_0:4:362934603><CT>" attacked "[Chuck_Skull]_BaLLl_DeDyLLika)<150><STEAM_0:4:971492613><TERRORIST>" with "awp" (damage "112") (damage_armor "0") (health "-12") (armor "0")
L 04/05/2015 - 13:25:16: "REXTO :3<172><STEAM_0:4:362934603><CT>" killed "[Chuck_Skull]_BaLLl_DeDyLLika)<150><STEAM_0:4:971492613><TERRORIST>" with "awp"
L 04/05/2015 - 13:25:16: "GS-Monitor | K!LL3R<178><STEAM_0:4:985910917><TERRORIST>" attacked "REXTO :3<172><STEAM_0:4:362934603><CT>" with "awp" (damage "111") (damage_armor "0") (health "-11") (armor "0")
L 04/05/2015 - 13:25:16: "GS-Monitor | K!LL3R<178><STEAM_0:4:985910917><TERRORIST>" killed "REXTO :3<172><STEAM_0:4:362934603><CT>" with "awp"
L 04/05/2015 - 13:25:16: Team "TERRORIST" triggered "Terrorists_Win" (CT "3") (T "22")
L 04/05/2015 - 13:25:16: World triggered "Round_End"
L 04/05/2015 - 13:25:26: World triggered "Round_Start"
L 04/05/2015 - 13:25:37: "adamas<170><STEAM_0:4:443597682><CT>" attacked "GS-Monitor | K!LL3R<178><STEAM_0:4:985910917><TERRORIST>" with "awp" (damage "138") (damage_armor "0") (health "-38") (armor "0")
L 04/05/2015 - 13:25:37: "adamas<170><STEAM_0:4:443597682><CT>" killed "GS-Monitor | K!LL3R<178><STEAM_0:4:985910917><TERRORIST>" with "awp"
L 04/05/2015 - 13:25:45: "adamas<170><STEAM_0:4:443597682><CT>" attacked "[Chuck_Skull]_BaLLl_DeDyLLika)<150><STEAM_0:4:971492613><TERRORIST>" with "awp" (damage "112") (damage_armor "0") (health "-12") (armor "0")
L 04/05/2015 - 13:25:45: "adamas<170><STEAM_0:4:443597682><CT>" killed "[Chuck_Skull]_BaLLl_DeDyLLika)<150><STEAM_0:4:971492613><TERRORIST>" with "awp"
L 04/05/2015 - 13:26:36: "[Chuck_Skull]_Bawa Babywka)<151><STEAM_0:4:360697093><TERRORIST>" attacked "adamas<170><STEAM_0:4:443597682><CT>" with "awp" (damage "140") (damage_armor "0") (health "-40") (armor "0")
L 04/05/2015 - 13:26:36: "[Chuck_Skull]_Bawa Babywka)<151><STEAM_0:4:360697093><TERRORIST>" killed "adamas<170><STEAM_0:4:443597682><CT>" with "awp"
L 04/05/2015 - 13:27:23: "[Chuck_Skull]_Bawa Babywka)<151><STEAM_0:4:360697093><TERRORIST>" attacked "REXTO :3<172><STEAM_0:4:362934603><CT>" with "awp" (damage "83") (damage_armor "0") (health "17") (armor "0")
L 04/05/2015 - 13:27:23: [DPROTO]: Client 3 - Set AuthIdType 3 [dp_RevEmu]; pClient = 0xb39b1be4
L 04/05/2015 - 13:27:23: "Strikes<179><STEAM_0:4:1304848189><>" connected, address "194.44.208.50:27005"
L 04/05/2015 - 13:27:24: [VTC] Player 4 speex
L 04/05/2015 - 13:27:25: "REXTO :3<172><STEAM_0:4:362934603><CT>" attacked "[Chuck_Skull]_Bawa Babywka)<151><STEAM_0:4:360697093><TERRORIST>" with "awp" (damage "111") (damage_armor "0") (health "-11") (armor "0")
L 04/05/2015 - 13:27:25: "REXTO :3<172><STEAM_0:4:362934603><CT>" killed "[Chuck_Skull]_Bawa Babywka)<151><STEAM_0:4:360697093><TERRORIST>" with "awp"
L 04/05/2015 - 13:27:25: Team "CT" triggered "CTs_Win" (CT "4") (T "22")
L 04/05/2015 - 13:27:25: World triggered "Round_End"
L 04/05/2015 - 13:27:28: [DPROTO]: Client 3 - Set AuthIdType 3 [dp_RevEmu]; pClient = 0xb39b1be4
L 04/05/2015 - 13:27:28: "Strikes<180><STEAM_0:4:1304848189><>" connected, address "194.44.208.50:27005"
L 04/05/2015 - 13:27:29: [VTC] Player 4 speex
L 04/05/2015 - 13:27:34: "Strikes<180><STEAM_0:4:1304848189><>" entered the game
L 04/05/2015 - 13:27:35: World triggered "Round_Start"
L 04/05/2015 - 13:27:37: "Strikes<180><STEAM_0:4:1304848189><>" joined team "CT"
L 04/05/2015 - 13:27:41: "[Chuck_Skull]_BaLLl_DeDyLLika)<150><STEAM_0:4:971492613><TERRORIST>" attacked "REXTO :3<172><STEAM_0:4:362934603><CT>" with "awp" (damage "111") (damage_armor "0") (health "-11") (armor "0")
L 04/05/2015 - 13:27:41: "[Chuck_Skull]_BaLLl_DeDyLLika)<150><STEAM_0:4:971492613><TERRORIST>" killed "REXTO :3<172><STEAM_0:4:362934603><CT>" with "awp"
L 04/05/2015 - 13:27:51: "REXTO :3<172><STEAM_0:4:362934603><CT>" triggered "weaponstats" (weapon "usp") (shots "15") (hits "0") (kills "0") (headshots "0") (tks "0") (damage "0") (deaths "3")
L 04/05/2015 - 13:27:51: "REXTO :3<172><STEAM_0:4:362934603><CT>" triggered "weaponstats2" (weapon "usp") (head "0") (chest "0") (stomach "0") (leftarm "0") (rightarm "0") (leftleg "0") (rightleg "0")
L 04/05/2015 - 13:27:51: "REXTO :3<172><STEAM_0:4:362934603><CT>" triggered "weaponstats" (weapon "glock18") (shots "73") (hits "9") (kills "1") (headshots "1") (tks "0") (damage "239") (deaths "1")
L 04/05/2015 - 13:27:51: "REXTO :3<172><STEAM_0:4:362934603><CT>" triggered "weaponstats2" (weapon "glock18") (head "1") (chest "2") (stomach "0") (leftarm "3") (rightarm "0") (leftleg "2") (rightleg "1")
L 04/05/2015 - 13:27:51: "REXTO :3<172><STEAM_0:4:362934603><CT>" triggered "weaponstats" (weapon "awp") (shots "37") (hits "8") (kills "6") (headshots "0") (tks "0") (damage "837") (deaths "10")
L 04/05/2015 - 13:27:51: "REXTO :3<172><STEAM_0:4:362934603><CT>" triggered "weaponstats2" (weapon "awp") (head "0") (chest "1") (stomach "0") (leftarm "4") (rightarm "1") (leftleg "1") (rightleg "1")
L 04/05/2015 - 13:27:51: "REXTO :3<172><STEAM_0:4:362934603><CT>" triggered "time" (time "11:34")
L 04/05/2015 - 13:27:51: "REXTO :3<172><STEAM_0:4:362934603><CT>" triggered "latency" (ping "51")
L 04/05/2015 - 13:27:51: "REXTO :3<172><STEAM_0:4:362934603><CT>" disconnected
L 04/05/2015 - 13:27:51: "GS-Monitor | K!LL3R<178><STEAM_0:4:985910917><TERRORIST>" attacked "adamas<170><STEAM_0:4:443597682><CT>" with "awp" (damage "113") (damage_armor "0") (health "-13") (armor "0")
L 04/05/2015 - 13:27:51: "GS-Monitor | K!LL3R<178><STEAM_0:4:985910917><TERRORIST>" killed "adamas<170><STEAM_0:4:443597682><CT>" with "awp"
L 04/05/2015 - 13:27:52: "[Chuck_Skull]_BaLLl_DeDyLLika)<150><STEAM_0:4:971492613><TERRORIST>" attacked "Strikes<180><STEAM_0:4:1304848189><CT>" with "glock18" (damage "19") (damage_armor "0") (health "81") (armor "0")
L 04/05/2015 - 13:27:54: "[Chuck_Skull]_BaLLl_DeDyLLika)<150><STEAM_0:4:971492613><TERRORIST>" attacked "Strikes<180><STEAM_0:4:1304848189><CT>" with "knife" (damage "65") (damage_armor "0") (health "16") (armor "0")
L 04/05/2015 - 13:27:55: "[Chuck_Skull]_BaLLl_DeDyLLika)<150><STEAM_0:4:971492613><TERRORIST>" attacked "Strikes<180><STEAM_0:4:1304848189><CT>" with "knife" (damage "65") (damage_armor "0") (health "-49") (armor "0")
L 04/05/2015 - 13:27:55: "[Chuck_Skull]_BaLLl_DeDyLLika)<150><STEAM_0:4:971492613><TERRORIST>" killed "Strikes<180><STEAM_0:4:1304848189><CT>" with "knife"
L 04/05/2015 - 13:27:55: Team "TERRORIST" triggered "Terrorists_Win" (CT "4") (T "23")
L 04/05/2015 - 13:27:55: World triggered "Round_End"
L 04/05/2015 - 13:27:58: "adamas<170><STEAM_0:4:443597682><CT>" triggered "weaponstats" (weapon "usp") (shots "10") (hits "3") (kills "1") (headshots "0") (tks "0") (damage "100") (deaths "0")
L 04/05/2015 - 13:27:58: "adamas<170><STEAM_0:4:443597682><CT>" triggered "weaponstats2" (weapon "usp") (head "0") (chest "1") (stomach "1") (leftarm "1") (rightarm "0") (leftleg "0") (rightleg "0")
L 04/05/2015 - 13:27:58: "adamas<170><STEAM_0:4:443597682><CT>" triggered "weaponstats" (weapon "glock18") (shots "1") (hits "0") (kills "0") (headshots "0") (tks "0") (damage "0") (deaths "0")
L 04/05/2015 - 13:27:58: "adamas<170><STEAM_0:4:443597682><CT>" triggered "weaponstats2" (weapon "glock18") (head "0") (chest "0") (stomach "0") (leftarm "0") (rightarm "0") (leftleg "0") (rightleg "0")
L 04/05/2015 - 13:27:58: "adamas<170><STEAM_0:4:443597682><CT>" triggered "weaponstats" (weapon "awp") (shots "32") (hits "8") (kills "7") (headshots "0") (tks "0") (damage "891") (deaths "21")
L 04/05/2015 - 13:27:58: "adamas<170><STEAM_0:4:443597682><CT>" triggered "weaponstats2" (weapon "awp") (head "0") (chest "0") (stomach "2") (leftarm "5") (rightarm "1") (leftleg "0") (rightleg "0")
L 04/05/2015 - 13:27:58: "adamas<170><STEAM_0:4:443597682><CT>" triggered "time" (time "14:28")
L 04/05/2015 - 13:27:58: "adamas<170><STEAM_0:4:443597682><CT>" triggered "latency" (ping "44")
L 04/05/2015 - 13:27:58: "adamas<170><STEAM_0:4:443597682><CT>" disconnected
L 04/05/2015 - 13:28:05: World triggered "Round_Start"
L 04/05/2015 - 13:28:14: "Strikes<180><STEAM_0:4:1304848189><CT>" attacked "[Chuck_Skull]_Bawa Babywka)<151><STEAM_0:4:360697093><TERRORIST>" with "usp" (damage "31") (damage_armor "0") (health "69") (armor "0")
L 04/05/2015 - 13:28:15: "Strikes<180><STEAM_0:4:1304848189><CT>" attacked "[Chuck_Skull]_Bawa Babywka)<151><STEAM_0:4:360697093><TERRORIST>" with "usp" (damage "104") (damage_armor "0") (health "-35") (armor "0")
L 04/05/2015 - 13:28:15: "Strikes<180><STEAM_0:4:1304848189><CT>" killed "[Chuck_Skull]_Bawa Babywka)<151><STEAM_0:4:360697093><TERRORIST>" with "usp"
L 04/05/2015 - 13:28:20: "GS-Monitor | K!LL3R<178><STEAM_0:4:985910917><TERRORIST>" attacked "Strikes<180><STEAM_0:4:1304848189><CT>" with "glock18" (damage "9") (damage_armor "0") (health "91") (armor "0")
L 04/05/2015 - 13:28:20: "GS-Monitor | K!LL3R<178><STEAM_0:4:985910917><TERRORIST>" attacked "Strikes<180><STEAM_0:4:1304848189><CT>" with "glock18" (damage "17") (damage_armor "0") (health "74") (armor "0")
L 04/05/2015 - 13:28:21: "GS-Monitor | K!LL3R<178><STEAM_0:4:985910917><TERRORIST>" attacked "Strikes<180><STEAM_0:4:1304848189><CT>" with "glock18" (damage "17") (damage_armor "0") (health "57") (armor "0")
L 04/05/2015 - 13:28:21: "GS-Monitor | K!LL3R<178><STEAM_0:4:985910917><TERRORIST>" attacked "Strikes<180><STEAM_0:4:1304848189><CT>" with "glock18" (damage "14") (damage_armor "0") (health "43") (armor "0")
L 04/05/2015 - 13:28:21: "GS-Monitor | K!LL3R<178><STEAM_0:4:985910917><TERRORIST>" attacked "Strikes<180><STEAM_0:4:1304848189><CT>" with "glock18" (damage "17") (damage_armor "0") (health "26") (armor "0")
L 04/05/2015 - 13:28:28: "GS-Monitor | K!LL3R<178><STEAM_0:4:985910917><TERRORIST>" attacked "Strikes<180><STEAM_0:4:1304848189><CT>" with "glock18" (damage "9") (damage_armor "0") (health "17") (armor "0")
L 04/05/2015 - 13:28:48: "GS-Monitor | K!LL3R<178><STEAM_0:4:985910917><TERRORIST>" committed suicide with "worldspawn" (world)
L 04/05/2015 - 13:29:05: Kick: "Strikes<180><STEAM_0:4:1304848189><>" was kicked by "Console" (message ""Извини, но ты лагер :D, попробуй зайти позже"")
L 04/05/2015 - 13:29:05: "Strikes<180><STEAM_0:4:1304848189><CT>" triggered "weaponstats" (weapon "usp") (shots "36") (hits "2") (kills "1") (headshots "1") (tks "0") (damage "135") (deaths "0")
L 04/05/2015 - 13:29:05: "Strikes<180><STEAM_0:4:1304848189><CT>" triggered "weaponstats2" (weapon "usp") (head "1") (chest "0") (stomach "1") (leftarm "0") (rightarm "0") (leftleg "0") (rightleg "0")
L 04/05/2015 - 13:29:05: "Strikes<180><STEAM_0:4:1304848189><CT>" triggered "weaponstats" (weapon "awp") (shots "2") (hits "0") (kills "0") (headshots "0") (tks "0") (damage "0") (deaths "1")
L 04/05/2015 - 13:29:05: "Strikes<180><STEAM_0:4:1304848189><CT>" triggered "weaponstats2" (weapon "awp") (head "0") (chest "0") (stomach "0") (leftarm "0") (rightarm "0") (leftleg "0") (rightleg "0")
L 04/05/2015 - 13:29:05: "Strikes<180><STEAM_0:4:1304848189><CT>" triggered "time" (time "1:30")
L 04/05/2015 - 13:29:05: "Strikes<180><STEAM_0:4:1304848189><CT>" triggered "latency" (ping "99")
L 04/05/2015 - 13:29:05: "Strikes<180><STEAM_0:4:1304848189><CT>" disconnected
L 04/05/2015 - 13:29:28: "[Chuck_Skull]_Bawa Babywka)<151><STEAM_0:4:360697093><TERRORIST>" joined team "CT"
L 04/05/2015 - 13:29:28: World triggered "Game_Commencing"
L 04/05/2015 - 13:29:28: World triggered "Game_Commencing" (CT "4") (T "23")
L 04/05/2015 - 13:29:28: World triggered "Round_End"
L 04/05/2015 - 13:29:36: World triggered "Round_Start"
L 04/05/2015 - 13:29:40: "GS-Monitor | K!LL3R<178><STEAM_0:4:985910917><TERRORIST>" triggered "weaponstats" (weapon "glock18") (shots "21") (hits "6") (kills "0") (headshots "0") (tks "0") (damage "83") (deaths "0")
L 04/05/2015 - 13:29:40: "GS-Monitor | K!LL3R<178><STEAM_0:4:985910917><TERRORIST>" triggered "weaponstats2" (weapon "glock18") (head "0") (chest "0") (stomach "3") (leftarm "1") (rightarm "0") (leftleg "2") (rightleg "0")
L 04/05/2015 - 13:29:40: "GS-Monitor | K!LL3R<178><STEAM_0:4:985910917><TERRORIST>" triggered "weaponstats" (weapon "awp") (shots "11") (hits "3") (kills "3") (headshots "0") (tks "0") (damage "335") (deaths "1")
L 04/05/2015 - 13:29:40: "GS-Monitor | K!LL3R<178><STEAM_0:4:985910917><TERRORIST>" triggered "weaponstats2" (weapon "awp") (head "0") (chest "1") (stomach "0") (leftarm "1") (rightarm "1") (leftleg "0") (rightleg "0")
L 04/05/2015 - 13:29:40: "GS-Monitor | K!LL3R<178><STEAM_0:4:985910917><TERRORIST>" triggered "time" (time "5:22")
L 04/05/2015 - 13:29:40: "GS-Monitor | K!LL3R<178><STEAM_0:4:985910917><TERRORIST>" triggered "latency" (ping "36")
L 04/05/2015 - 13:29:40: "GS-Monitor | K!LL3R<178><STEAM_0:4:985910917><TERRORIST>" disconnected
L 04/05/2015 - 13:29:42: "[Chuck_Skull]_Bawa Babywka)<151><STEAM_0:4:360697093><CT>" attacked "[Chuck_Skull]_BaLLl_DeDyLLika)<150><STEAM_0:4:971492613><TERRORIST>" with "awp" (damage "111") (damage_armor "0") (health "-11") (armor "0")
L 04/05/2015 - 13:29:42: "[Chuck_Skull]_Bawa Babywka)<151><STEAM_0:4:360697093><CT>" killed "[Chuck_Skull]_BaLLl_DeDyLLika)<150><STEAM_0:4:971492613><TERRORIST>" with "awp"
L 04/05/2015 - 13:29:42: Team "CT" triggered "CTs_Win" (CT "1") (T "0")
L 04/05/2015 - 13:29:42: World triggered "Round_End"
L 04/05/2015 - 13:29:46: "[Chuck_Skull]_BaLLl_DeDyLLika)<150><STEAM_0:4:971492613><TERRORIST>" joined team "CT"
L 04/05/2015 - 13:29:52: World triggered "Round_Start"
L 04/05/2015 - 13:29:58: "[Chuck_Skull]_Bawa Babywka)<151><STEAM_0:4:360697093><CT>" committed suicide with "world"
L 04/05/2015 - 13:29:58: "[Chuck_Skull]_Bawa Babywka)<151><STEAM_0:4:360697093><CT>" joined team "TERRORIST"
L 04/05/2015 - 13:29:58: World triggered "Game_Commencing"
L 04/05/2015 - 13:29:58: World triggered "Game_Commencing" (CT "1") (T "0")
L 04/05/2015 - 13:29:58: World triggered "Round_End"
L 04/05/2015 - 13:30:06: World triggered "Round_Start"
L 04/05/2015 - 13:30:37: [DPROTO]: Client 0 - Set AuthIdType 3 [dp_RevEmu]; pClient = 0xb39a2f08
L 04/05/2015 - 13:30:37: "ANGELuHA<181><STEAM_0:4:1512754949><>" connected, address "178.124.9.29:27005"
L 04/05/2015 - 13:30:37: [VTC] Player 1 speex
L 04/05/2015 - 13:30:41: "ANGELuHA<181><STEAM_0:4:1512754949><>" entered the game
L 04/05/2015 - 13:30:45: "[Chuck_Skull]_BaLLl_DeDyLLika)<150><STEAM_0:4:971492613><CT>" attacked "[Chuck_Skull]_Bawa Babywka)<151><STEAM_0:4:360697093><TERRORIST>" with "awp" (damage "112") (damage_armor "0") (health "-48") (armor "0")
L 04/05/2015 - 13:30:45: "[Chuck_Skull]_BaLLl_DeDyLLika)<150><STEAM_0:4:971492613><CT>" killed "[Chuck_Skull]_Bawa Babywka)<151><STEAM_0:4:360697093><TERRORIST>" with "awp"
L 04/05/2015 - 13:30:45: Team "CT" triggered "CTs_Win" (CT "1") (T "0")
L 04/05/2015 - 13:30:45: World triggered "Round_End"
L 04/05/2015 - 13:30:53: "ANGELuHA<181><STEAM_0:4:1512754949><>" joined team "TERRORIST"
L 04/05/2015 - 13:30:55: World triggered "Round_Start"
L 04/05/2015 - 13:30:59: "[Chuck_Skull]_BaLLl_DeDyLLika)<150><STEAM_0:4:971492613><CT>" attacked "ANGELuHA<181><STEAM_0:4:1512754949><TERRORIST>" with "awp" (damage "111") (damage_armor "0") (health "-11") (armor "0")
L 04/05/2015 - 13:30:59: "[Chuck_Skull]_BaLLl_DeDyLLika)<150><STEAM_0:4:971492613><CT>" killed "ANGELuHA<181><STEAM_0:4:1512754949><TERRORIST>" with "awp"
L 04/05/2015 - 13:31:15: "[Chuck_Skull]_Bawa Babywka)<151><STEAM_0:4:360697093><TERRORIST>" attacked "[Chuck_Skull]_BaLLl_DeDyLLika)<150><STEAM_0:4:971492613><CT>" with "awp" (damage "114") (damage_armor "0") (health "-111") (armor "0")
L 04/05/2015 - 13:31:15: "[Chuck_Skull]_Bawa Babywka)<151><STEAM_0:4:360697093><TERRORIST>" killed "[Chuck_Skull]_BaLLl_DeDyLLika)<150><STEAM_0:4:971492613><CT>" with "awp"
L 04/05/2015 - 13:31:15: Team "TERRORIST" triggered "Terrorists_Win" (CT "1") (T "1")
L 04/05/2015 - 13:31:15: World triggered "Round_End"
L 04/05/2015 - 13:31:22: Server cvar "amx_nextmap" = "aim_ak-colt"
L 04/05/2015 - 13:31:22: Server cvar "mp_timelimit" = "0.000000"
L 04/05/2015 - 13:31:25: Server cvar "mp_timelimit" = "0.010000"
L 04/05/2015 - 13:31:25: World triggered "Round_Start"
L 04/05/2015 - 13:31:25: Team "CT" scored "1" with "1" players
L 04/05/2015 - 13:31:25: Team "TERRORIST" scored "1" with "2" players
L 04/05/2015 - 13:31:25: Server cvar "mp_chattime" = "3"
L 04/05/2015 - 13:31:26: Server cvar "mp_chattime" = "1"
L 04/05/2015 - 13:31:26: "ANGELuHA<181><STEAM_0:4:1512754949><TERRORIST>" triggered "time" (time "0:45")
L 04/05/2015 - 13:31:26: "ANGELuHA<181><STEAM_0:4:1512754949><TERRORIST>" triggered "latency" (ping "13")
L 04/05/2015 - 13:31:26: "[Chuck_Skull]_BaLLl_DeDyLLika)<150><STEAM_0:4:971492613><CT>" triggered "weaponstats" (weapon "usp") (shots "1") (hits "0") (kills "0") (headshots "0") (tks "0") (damage "0") (deaths "1")
L 04/05/2015 - 13:31:26: "[Chuck_Skull]_BaLLl_DeDyLLika)<150><STEAM_0:4:971492613><CT>" triggered "weaponstats2" (weapon "usp") (head "0") (chest "0") (stomach "0") (leftarm "0") (rightarm "0") (leftleg "0") (rightleg "0")
L 04/05/2015 - 13:31:26: "[Chuck_Skull]_BaLLl_DeDyLLika)<150><STEAM_0:4:971492613><CT>" triggered "weaponstats" (weapon "glock18") (shots "146") (hits "20") (kills "3") (headshots "1") (tks "0") (damage "424") (deaths "2")
L 04/05/2015 - 13:31:26: "[Chuck_Skull]_BaLLl_DeDyLLika)<150><STEAM_0:4:971492613><CT>" triggered "weaponstats2" (weapon "glock18") (head "2") (chest "2") (stomach "2") (leftarm "8") (rightarm "0") (leftleg "2") (rightleg "4")
L 04/05/2015 - 13:31:26: "[Chuck_Skull]_BaLLl_DeDyLLika)<150><STEAM_0:4:971492613><CT>" triggered "weaponstats" (weapon "awp") (shots "69") (hits "21") (kills "21") (headshots "1") (tks "0") (damage "2668") (deaths "5")
L 04/05/2015 - 13:31:26: "[Chuck_Skull]_BaLLl_DeDyLLika)<150><STEAM_0:4:971492613><CT>" triggered "weaponstats2" (weapon "awp") (head "1") (chest "3") (stomach "1") (leftarm "12") (rightarm "3") (leftleg "0") (rightleg "1")
L 04/05/2015 - 13:31:26: "[Chuck_Skull]_BaLLl_DeDyLLika)<150><STEAM_0:4:971492613><CT>" triggered "weaponstats" (weapon "knife") (shots "15") (hits "5") (kills "2") (headshots "0") (tks "0") (damage "325") (deaths "2")
L 04/05/2015 - 13:31:26: "[Chuck_Skull]_BaLLl_DeDyLLika)<150><STEAM_0:4:971492613><CT>" triggered "weaponstats2" (weapon "knife") (head "2") (chest "1") (stomach "0") (leftarm "0") (rightarm "0") (leftleg "0") (rightleg "0")
L 04/05/2015 - 13:31:26: "[Chuck_Skull]_BaLLl_DeDyLLika)<150><STEAM_0:4:971492613><CT>" triggered "time" (time "17:58")
L 04/05/2015 - 13:31:26: "[Chuck_Skull]_BaLLl_DeDyLLika)<150><STEAM_0:4:971492613><CT>" triggered "latency" (ping "55")
L 04/05/2015 - 13:31:26: "[Chuck_Skull]_Bawa Babywka)<151><STEAM_0:4:360697093><TERRORIST>" triggered "weaponstats" (weapon "usp") (shots "2") (hits "0") (kills "0") (headshots "0") (tks "0") (damage "0") (deaths "0")
L 04/05/2015 - 13:31:26: "[Chuck_Skull]_Bawa Babywka)<151><STEAM_0:4:360697093><TERRORIST>" triggered "weaponstats2" (weapon "usp") (head "0") (chest "0") (stomach "0") (leftarm "0") (rightarm "0") (leftleg "0") (rightleg "0")
L 04/05/2015 - 13:31:26: "[Chuck_Skull]_Bawa Babywka)<151><STEAM_0:4:360697093><TERRORIST>" triggered "weaponstats" (weapon "glock18") (shots "223") (hits "14") (kills "2") (headshots "0") (tks "0") (damage "360") (deaths "2")
L 04/05/2015 - 13:31:26: "[Chuck_Skull]_Bawa Babywka)<151><STEAM_0:4:360697093><TERRORIST>" triggered "weaponstats2" (weapon "glock18") (head "1") (chest "1") (stomach "2") (leftarm "4") (rightarm "1") (leftleg "3") (rightleg "2")
L 04/05/2015 - 13:31:26: "[Chuck_Skull]_Bawa Babywka)<151><STEAM_0:4:360697093><TERRORIST>" triggered "weaponstats" (weapon "awp") (shots "108") (hits "16") (kills "12") (headshots "2") (tks "0") (damage "2261") (deaths "5")
L 04/05/2015 - 13:31:26: "[Chuck_Skull]_Bawa Babywka)<151><STEAM_0:4:360697093><TERRORIST>" triggered "weaponstats2" (weapon "awp") (head "2") (chest "0") (stomach "2") (leftarm "8") (rightarm "1") (leftleg "1") (rightleg "2")
L 04/05/2015 - 13:31:26: "[Chuck_Skull]_Bawa Babywka)<151><STEAM_0:4:360697093><TERRORIST>" triggered "weaponstats" (weapon "knife") (shots "7") (hits "2") (kills "2") (headshots "0") (tks "0") (damage "113") (deaths "0")
L 04/05/2015 - 13:31:26: "[Chuck_Skull]_Bawa Babywka)<151><STEAM_0:4:360697093><TERRORIST>" triggered "weaponstats2" (weapon "knife") (head "0") (chest "0") (stomach "0") (leftarm "0") (rightarm "0") (leftleg "0") (rightleg "0")
L 04/05/2015 - 13:31:26: "[Chuck_Skull]_Bawa Babywka)<151><STEAM_0:4:360697093><TERRORIST>" triggered "time" (time "17:58")
L 04/05/2015 - 13:31:26: "[Chuck_Skull]_Bawa Babywka)<151><STEAM_0:4:360697093><TERRORIST>" triggered "latency" (ping "59")
L 04/05/2015 - 13:31:26: Server cvar "mp_timelimit" = "30.000000"
L 04/05/2015 - 13:31:26: [META] ini: Begin re-reading plugins list: /home/extazy/public/cstrike/addons/metamod/plugins.ini
L 04/05/2015 - 13:31:26: [META] ini: Read plugin config for: AMX Mod X
L 04/05/2015 - 13:31:26: [META] ini: Read plugin config for: dproto_EF
L 04/05/2015 - 13:31:26: [META] ini: Read plugin config for: VoiceTranscoder
L 04/05/2015 - 13:31:26: [META] ini: Finished reading plugins list: /home/extazy/public/cstrike/addons/metamod/plugins.ini; Found 3 plugins
L 04/05/2015 - 13:31:26: [META] dll: Updating plugins...
L 04/05/2015 - 13:31:26: [META] dll: Finished updating 12 plugins; kept 3, loaded 0, unloaded 0, reloaded 0, delayed 0
L 04/05/2015 - 13:31:26: Log file closed
