L 04/01/2015 - 18:36:00: Log file started (file "logs/L0401036.log") (game "cstrike") (version "48/1.6.3.7/Stdio/5787")
L 04/01/2015 - 18:36:00: Loading map "35hp_2"
L 04/01/2015 - 18:36:00: Server cvars start
L 04/01/2015 - 18:36:00: Server cvar "_tutor_bomb_viewable_check_interval" = "0.5"
L 04/01/2015 - 18:36:00: Server cvar "_tutor_debug_level" = "0"
L 04/01/2015 - 18:36:00: Server cvar "_tutor_examine_time" = "0.5"
L 04/01/2015 - 18:36:00: Server cvar "_tutor_hint_interval_time" = "10.0"
L 04/01/2015 - 18:36:00: Server cvar "_tutor_look_angle" = "10"
L 04/01/2015 - 18:36:00: Server cvar "_tutor_look_distance" = "200"
L 04/01/2015 - 18:36:00: Server cvar "_tutor_message_character_display_time_coefficient" = "0.07"
L 04/01/2015 - 18:36:00: Server cvar "_tutor_message_minimum_display_time" = "1"
L 04/01/2015 - 18:36:00: Server cvar "_tutor_message_repeats" = "5"
L 04/01/2015 - 18:36:00: Server cvar "_tutor_view_distance" = "1000"
L 04/01/2015 - 18:36:00: Server cvar "aesp_version" = "1.5b_mini"
L 04/01/2015 - 18:36:00: Server cvar "allow_spectators" = "4"
L 04/01/2015 - 18:36:00: Server cvar "amx_client_languages" = "0"
L 04/01/2015 - 18:36:00: Server cvar "amx_contactinfo" = "ICQ: 691322983"
L 04/01/2015 - 18:36:00: Server cvar "amx_language" = "ru"
L 04/01/2015 - 18:36:00: Server cvar "amx_nextmap" = "35hp_2"
L 04/01/2015 - 18:36:00: Server cvar "amx_timeleft" = "00:00"
L 04/01/2015 - 18:36:00: Server cvar "amxbans_ssversion" = "Gm 1.6"
L 04/01/2015 - 18:36:00: Server cvar "amxbans_version" = "Gm 1.6"
L 04/01/2015 - 18:36:00: Server cvar "amxmodx_version" = "1.8.1.3746"
L 04/01/2015 - 18:36:00: Server cvar "Colored Translit Cheat" = "Loaded"
L 04/01/2015 - 18:36:00: Server cvar "Colored Translit Config" = "Loaded"
L 04/01/2015 - 18:36:00: Server cvar "Colored Translit Ignores" = "Loaded"
L 04/01/2015 - 18:36:00: Server cvar "Colored Translit Replace" = "Failed"
L 04/01/2015 - 18:36:00: Server cvar "Colored Translit Spam" = "Loaded"
L 04/01/2015 - 18:36:00: Server cvar "Colored Translit Status" = "Loaded"
L 04/01/2015 - 18:36:00: Server cvar "Colored Translit Swear" = "Loaded"
L 04/01/2015 - 18:36:00: Server cvar "Colored Translit Version" = "2.0b Final"
L 04/01/2015 - 18:36:00: Server cvar "coop" = "0"
L 04/01/2015 - 18:36:00: Server cvar "deathmatch" = "1"
L 04/01/2015 - 18:36:00: Server cvar "decalfrequency" = "9"
L 04/01/2015 - 18:36:00: Server cvar "dp_version" = "0.9.391"
L 04/01/2015 - 18:36:00: Server cvar "edgefriction" = "2"
L 04/01/2015 - 18:36:00: Server cvar "hostage_debug" = "0"
L 04/01/2015 - 18:36:00: Server cvar "hostage_stop" = "0"
L 04/01/2015 - 18:36:00: Server cvar "humans_join_team" = "any"
L 04/01/2015 - 18:36:00: Server cvar "jtp10181" = "chute,gore"
L 04/01/2015 - 18:36:00: Server cvar "max_queries_sec" = "3.0"
L 04/01/2015 - 18:36:00: Server cvar "max_queries_sec_global" = "30"
L 04/01/2015 - 18:36:00: Server cvar "max_queries_window" = "60"
L 04/01/2015 - 18:36:00: Server cvar "metamod_version" = "1.19"
L 04/01/2015 - 18:36:00: Server cvar "mp_allowmonsters" = "0"
L 04/01/2015 - 18:36:00: Server cvar "mp_autokick" = "1"
L 04/01/2015 - 18:36:00: Server cvar "mp_autoteambalance" = "1"
L 04/01/2015 - 18:36:00: Server cvar "mp_buytime" = "1.5"
L 04/01/2015 - 18:36:00: Server cvar "mp_c4timer" = "35"
L 04/01/2015 - 18:36:00: Server cvar "mp_chattime" = "1"
L 04/01/2015 - 18:36:00: Server cvar "mp_consistency" = "1"
L 04/01/2015 - 18:36:00: Server cvar "mp_fadetoblack" = "0"
L 04/01/2015 - 18:36:00: Server cvar "mp_flashlight" = "1"
L 04/01/2015 - 18:36:00: Server cvar "mp_footsteps" = "1"
L 04/01/2015 - 18:36:00: Server cvar "mp_forcecamera" = "0"
L 04/01/2015 - 18:36:00: Server cvar "mp_forcechasecam" = "0"
L 04/01/2015 - 18:36:00: Server cvar "mp_fragsleft" = "0"
L 04/01/2015 - 18:36:00: Server cvar "mp_freezetime" = "5"
L 04/01/2015 - 18:36:00: Server cvar "mp_friendlyfire" = "0"
L 04/01/2015 - 18:36:00: Server cvar "mp_ghostfrequency" = "0.1"
L 04/01/2015 - 18:36:00: Server cvar "mp_hostagepenalty" = "0"
L 04/01/2015 - 18:36:00: Server cvar "mp_kickpercent" = "0.66"
L 04/01/2015 - 18:36:00: Server cvar "mp_limitteams" = "5"
L 04/01/2015 - 18:36:00: Server cvar "mp_logdetail" = "3"
L 04/01/2015 - 18:36:00: Server cvar "mp_logfile" = "1"
L 04/01/2015 - 18:36:00: Server cvar "mp_logmessages" = "1"
L 04/01/2015 - 18:36:00: Server cvar "mp_mapvoteratio" = "0.66"
L 04/01/2015 - 18:36:00: Server cvar "mp_maxrounds" = "0"
L 04/01/2015 - 18:36:00: Server cvar "mp_mirrordamage" = "0"
L 04/01/2015 - 18:36:00: Server cvar "mp_playerid" = "0"
L 04/01/2015 - 18:36:00: Server cvar "mp_roundtime" = "2.57"
L 04/01/2015 - 18:36:00: Server cvar "mp_startmoney" = "800"
L 04/01/2015 - 18:36:00: Server cvar "mp_timeleft" = "0"
L 04/01/2015 - 18:36:00: Server cvar "mp_timelimit" = "30.000000"
L 04/01/2015 - 18:36:00: Server cvar "mp_tkpunish" = "1"
L 04/01/2015 - 18:36:00: Server cvar "mp_windifference" = "1"
L 04/01/2015 - 18:36:00: Server cvar "mp_winlimit" = "0"
L 04/01/2015 - 18:36:00: Server cvar "pausable" = "0"
L 04/01/2015 - 18:36:00: Server cvar "sv_accelerate" = "5"
L 04/01/2015 - 18:36:00: Server cvar "sv_aim" = "0"
L 04/01/2015 - 18:36:00: Server cvar "sv_airaccelerate" = "10"
L 04/01/2015 - 18:36:00: Server cvar "sv_airmove" = "1"
L 04/01/2015 - 18:36:00: Server cvar "sv_allowupload" = "1"
L 04/01/2015 - 18:36:00: Server cvar "sv_alltalk" = "0"
L 04/01/2015 - 18:36:00: Server cvar "sv_bounce" = "1"
L 04/01/2015 - 18:36:00: Server cvar "sv_cheats" = "0"
L 04/01/2015 - 18:36:00: Server cvar "sv_clienttrace" = "1"
L 04/01/2015 - 18:36:00: Server cvar "sv_clipmode" = "0"
L 04/01/2015 - 18:36:00: Server cvar "sv_contact" = ""
L 04/01/2015 - 18:36:00: Server cvar "sv_friction" = "4"
L 04/01/2015 - 18:36:00: Server cvar "sv_gravity" = "800"
L 04/01/2015 - 18:36:00: Server cvar "sv_logblocks" = "0"
L 04/01/2015 - 18:36:00: Server cvar "sv_maxrate" = "25000"
L 04/01/2015 - 18:36:00: Server cvar "sv_maxspeed" = "320"
L 04/01/2015 - 18:36:00: Server cvar "sv_minrate" = "100000"
L 04/01/2015 - 18:36:00: Server cvar "sv_password" = ""
L 04/01/2015 - 18:36:00: Server cvar "sv_proxies" = "0"
L 04/01/2015 - 18:36:00: Server cvar "sv_region" = "3"
L 04/01/2015 - 18:36:00: Server cvar "sv_restart" = "0"
L 04/01/2015 - 18:36:00: Server cvar "sv_restartround" = "0"
L 04/01/2015 - 18:36:00: Server cvar "sv_stepsize" = "18"
L 04/01/2015 - 18:36:00: Server cvar "sv_stopspeed" = "75"
L 04/01/2015 - 18:36:00: Server cvar "sv_uploadmax" = "0.5"
L 04/01/2015 - 18:36:00: Server cvar "sv_voiceenable" = "1"
L 04/01/2015 - 18:36:00: Server cvar "sv_wateraccelerate" = "10"
L 04/01/2015 - 18:36:00: Server cvar "sv_waterfriction" = "1"
L 04/01/2015 - 18:36:00: Server cvar "travo_statmarquee" = "v1.2"
L 04/01/2015 - 18:36:00: Server cvar "vtc_version" = "80"
L 04/01/2015 - 18:36:00: Server cvar "wallblocker_version" = "1.0"
L 04/01/2015 - 18:36:00: Server cvar "whb_version" = "1.5.530"
L 04/01/2015 - 18:36:00: Server cvars end
L 04/01/2015 - 18:36:01: Server cvar "sv_maxspeed" = "900"
L 04/01/2015 - 18:36:01: Server cvar "amx_nextmap" = "de_dust2_3x3"
L 04/01/2015 - 18:36:01: Server cvar "sv_restart" = "1"
L 04/01/2015 - 18:36:01: World triggered "Restart_Round_(1_second)"
L 04/01/2015 - 18:36:01: Team "CT" scored "0" with "0" players
L 04/01/2015 - 18:36:01: Team "TERRORIST" scored "0" with "0" players
L 04/01/2015 - 18:36:01: Server cvar "sv_restart" = "0"
L 04/01/2015 - 18:36:01: Started map "35hp_2" (CRC "-364611601")
L 04/01/2015 - 18:36:01: [VTC] Player 4 speex
L 04/01/2015 - 18:36:01: [VTC] Player 3 silk
L 04/01/2015 - 18:36:05: "Extazy<6><STEAM_0:1:113150434><>" entered the game
L 04/01/2015 - 18:36:05: "bum<8><STEAM_0:4:2060242565><>" entered the game
L 04/01/2015 - 18:36:06: World triggered "Round_Start"
L 04/01/2015 - 18:36:08: "bum<8><STEAM_0:4:2060242565><>" joined team "CT"
L 04/01/2015 - 18:36:10: "Extazy<6><STEAM_0:1:113150434><>" joined team "TERRORIST"
L 04/01/2015 - 18:36:10: World triggered "Game_Commencing"
L 04/01/2015 - 18:36:10: World triggered "Game_Commencing" (CT "0") (T "0")
L 04/01/2015 - 18:36:10: World triggered "Round_End"
L 04/01/2015 - 18:36:17: [DPROTO]: Client 0 - Set AuthIdType 3 [dp_RevEmu]; pClient = 0xb39d2f08
L 04/01/2015 - 18:36:17: "T.N.L.Le[k]s<19><STEAM_0:4:1399475461><>" connected, address "178.120.136.15:58821"
L 04/01/2015 - 18:36:17: [VTC] Player 1 speex
L 04/01/2015 - 18:36:18: World triggered "Round_Start"
L 04/01/2015 - 18:36:26: "bum<8><STEAM_0:4:2060242565><CT>" attacked "Extazy<6><STEAM_0:1:113150434><TERRORIST>" with "knife" (damage "65") (damage_armor "0") (health "-30") (armor "0")
L 04/01/2015 - 18:36:26: "bum<8><STEAM_0:4:2060242565><CT>" killed "Extazy<6><STEAM_0:1:113150434><TERRORIST>" with "knife"
L 04/01/2015 - 18:36:26: Team "CT" triggered "CTs_Win" (CT "1") (T "0")
L 04/01/2015 - 18:36:26: World triggered "Round_End"
L 04/01/2015 - 18:36:32: [DPROTO]: Client 0 - Set AuthIdType 3 [dp_RevEmu]; pClient = 0xb39d2f08
L 04/01/2015 - 18:36:32: "T.N.L.Le[k]s<20><STEAM_0:4:1399475461><>" connected, address "178.120.136.15:58821"
L 04/01/2015 - 18:36:32: [VTC] Player 1 speex
L 04/01/2015 - 18:36:36: World triggered "Round_Start"
L 04/01/2015 - 18:36:36: "T.N.L.Le[k]s<20><STEAM_0:4:1399475461><>" entered the game
L 04/01/2015 - 18:36:43: "T.N.L.Le[k]s<20><STEAM_0:4:1399475461><>" joined team "CT"
L 04/01/2015 - 18:36:58: "bum<8><STEAM_0:4:2060242565><CT>" attacked "Extazy<6><STEAM_0:1:113150434><TERRORIST>" with "knife" (damage "260") (damage_armor "0") (health "-225") (armor "0")
L 04/01/2015 - 18:36:58: "bum<8><STEAM_0:4:2060242565><CT>" killed "Extazy<6><STEAM_0:1:113150434><TERRORIST>" with "knife"
L 04/01/2015 - 18:36:58: Team "CT" triggered "CTs_Win" (CT "2") (T "0")
L 04/01/2015 - 18:36:58: World triggered "Round_End"
L 04/01/2015 - 18:37:08: World triggered "Round_Start"
L 04/01/2015 - 18:37:19: "bum<8><STEAM_0:4:2060242565><CT>" attacked "Extazy<6><STEAM_0:1:113150434><TERRORIST>" with "knife" (damage "65") (damage_armor "0") (health "-30") (armor "0")
L 04/01/2015 - 18:37:19: "bum<8><STEAM_0:4:2060242565><CT>" killed "Extazy<6><STEAM_0:1:113150434><TERRORIST>" with "knife"
L 04/01/2015 - 18:37:19: Team "CT" triggered "CTs_Win" (CT "3") (T "0")
L 04/01/2015 - 18:37:19: World triggered "Round_End"
L 04/01/2015 - 18:37:29: World triggered "Round_Start"
L 04/01/2015 - 18:37:37: "bum<8><STEAM_0:4:2060242565><CT>" attacked "Extazy<6><STEAM_0:1:113150434><TERRORIST>" with "knife" (damage "65") (damage_armor "0") (health "-30") (armor "0")
L 04/01/2015 - 18:37:37: "bum<8><STEAM_0:4:2060242565><CT>" killed "Extazy<6><STEAM_0:1:113150434><TERRORIST>" with "knife"
L 04/01/2015 - 18:37:37: Team "CT" triggered "CTs_Win" (CT "4") (T "0")
L 04/01/2015 - 18:37:37: World triggered "Round_End"
L 04/01/2015 - 18:37:47: World triggered "Round_Start"
L 04/01/2015 - 18:37:53: "bum<8><STEAM_0:4:2060242565><CT>" attacked "Extazy<6><STEAM_0:1:113150434><TERRORIST>" with "knife" (damage "65") (damage_armor "0") (health "-30") (armor "0")
L 04/01/2015 - 18:37:53: "bum<8><STEAM_0:4:2060242565><CT>" killed "Extazy<6><STEAM_0:1:113150434><TERRORIST>" with "knife"
L 04/01/2015 - 18:37:53: Team "CT" triggered "CTs_Win" (CT "5") (T "0")
L 04/01/2015 - 18:37:53: World triggered "Round_End"
L 04/01/2015 - 18:38:03: World triggered "Round_Start"
L 04/01/2015 - 18:38:10: "bum<8><STEAM_0:4:2060242565><CT>" attacked "Extazy<6><STEAM_0:1:113150434><TERRORIST>" with "knife" (damage "65") (damage_armor "0") (health "-30") (armor "0")
L 04/01/2015 - 18:38:10: "bum<8><STEAM_0:4:2060242565><CT>" killed "Extazy<6><STEAM_0:1:113150434><TERRORIST>" with "knife"
L 04/01/2015 - 18:38:10: Team "CT" triggered "CTs_Win" (CT "6") (T "0")
L 04/01/2015 - 18:38:10: World triggered "Round_End"
L 04/01/2015 - 18:38:17: [DPROTO]: Client 1 - Set AuthIdType 1 [dp_SteamEmu]; pClient = 0xb39d7dfc
L 04/01/2015 - 18:38:17: "AnaNasiK*<21><STEAM_0:0:2034575934><>" connected, address "178.121.101.110:52439"
L 04/01/2015 - 18:38:17: [VTC] Player 2 speex
L 04/01/2015 - 18:38:17: Kick: "AnaNasiK*<21><STEAM_0:0:2034575934><>" was kicked by "Console" (message " Вы не имеете права входа на этот сервер...")
L 04/01/2015 - 18:38:20: World triggered "Round_Start"
L 04/01/2015 - 18:38:25: [DPROTO]: Client 1 - Set AuthIdType 1 [dp_SteamEmu]; pClient = 0xb39d7dfc
L 04/01/2015 - 18:38:25: "AnaNasiK*<22><STEAM_0:0:2034575934><>" connected, address "178.121.101.110:52439"
L 04/01/2015 - 18:38:25: [VTC] Player 2 speex
L 04/01/2015 - 18:38:25: Kick: "AnaNasiK*<22><STEAM_0:0:2034575934><>" was kicked by "Console" (message " Вы не имеете права входа на этот сервер...")
L 04/01/2015 - 18:38:29: [DPROTO]: Client 1 - Set AuthIdType 1 [dp_SteamEmu]; pClient = 0xb39d7dfc
L 04/01/2015 - 18:38:29: "AnaNasiK<23><STEAM_0:0:2034575934><>" connected, address "178.121.101.110:52439"
L 04/01/2015 - 18:38:29: [VTC] Player 2 speex
L 04/01/2015 - 18:38:37: "AnaNasiK<23><STEAM_0:0:2034575934><>" entered the game
L 04/01/2015 - 18:38:38: "bum<8><STEAM_0:4:2060242565><CT>" attacked "Extazy<6><STEAM_0:1:113150434><TERRORIST>" with "knife" (damage "15") (damage_armor "0") (health "20") (armor "0")
L 04/01/2015 - 18:38:39: "bum<8><STEAM_0:4:2060242565><CT>" attacked "Extazy<6><STEAM_0:1:113150434><TERRORIST>" with "knife" (damage "15") (damage_armor "0") (health "5") (armor "0")
L 04/01/2015 - 18:38:42: "AnaNasiK<23><STEAM_0:0:2034575934><>" joined team "TERRORIST"
L 04/01/2015 - 18:38:43: "bum<8><STEAM_0:4:2060242565><CT>" attacked "Extazy<6><STEAM_0:1:113150434><TERRORIST>" with "knife" (damage "15") (damage_armor "0") (health "-10") (armor "0")
L 04/01/2015 - 18:38:43: "bum<8><STEAM_0:4:2060242565><CT>" killed "Extazy<6><STEAM_0:1:113150434><TERRORIST>" with "knife"
L 04/01/2015 - 18:38:43: Team "CT" triggered "CTs_Win" (CT "7") (T "0")
L 04/01/2015 - 18:38:43: World triggered "Round_End"
L 04/01/2015 - 18:38:44: "T.N.L.Le[k]s<20><STEAM_0:4:1399475461><CT>" triggered "weaponstats" (weapon "knife") (shots "3") (hits "0") (kills "0") (headshots "0") (tks "0") (damage "0") (deaths "0")
L 04/01/2015 - 18:38:44: "T.N.L.Le[k]s<20><STEAM_0:4:1399475461><CT>" triggered "weaponstats2" (weapon "knife") (head "0") (chest "0") (stomach "0") (leftarm "0") (rightarm "0") (leftleg "0") (rightleg "0")
L 04/01/2015 - 18:38:44: "T.N.L.Le[k]s<20><STEAM_0:4:1399475461><CT>" triggered "time" (time "2:07")
L 04/01/2015 - 18:38:44: "T.N.L.Le[k]s<20><STEAM_0:4:1399475461><CT>" triggered "latency" (ping "55")
L 04/01/2015 - 18:38:44: "T.N.L.Le[k]s<20><STEAM_0:4:1399475461><CT>" disconnected
L 04/01/2015 - 18:38:47: [DPROTO]: Client 0 - Set AuthIdType 3 [dp_RevEmu]; pClient = 0xb39d2f08
L 04/01/2015 - 18:38:47: "T.N.L.Le[k]s<24><STEAM_0:4:1399475461><>" connected, address "178.120.136.15:58821"
L 04/01/2015 - 18:38:47: Kick: "T.N.L.Le[k]s<24><STEAM_0:4:1399475461><>" was kicked by "Console" (message ""Повторное подключение будет доступно через 17 секунд"")
L 04/01/2015 - 18:38:53: World triggered "Round_Start"
L 04/01/2015 - 18:38:59: "bum<8><STEAM_0:4:2060242565><CT>" attacked "AnaNasiK<23><STEAM_0:0:2034575934><TERRORIST>" with "knife" (damage "65") (damage_armor "0") (health "-30") (armor "0")
L 04/01/2015 - 18:38:59: "bum<8><STEAM_0:4:2060242565><CT>" killed "AnaNasiK<23><STEAM_0:0:2034575934><TERRORIST>" with "knife"
L 04/01/2015 - 18:39:06: "bum<8><STEAM_0:4:2060242565><CT>" attacked "Extazy<6><STEAM_0:1:113150434><TERRORIST>" with "knife" (damage "65") (damage_armor "0") (health "-30") (armor "0")
L 04/01/2015 - 18:39:06: "bum<8><STEAM_0:4:2060242565><CT>" killed "Extazy<6><STEAM_0:1:113150434><TERRORIST>" with "knife"
L 04/01/2015 - 18:39:06: Team "CT" triggered "CTs_Win" (CT "8") (T "0")
L 04/01/2015 - 18:39:06: World triggered "Round_End"
L 04/01/2015 - 18:39:16: World triggered "Round_Start"
L 04/01/2015 - 18:39:26: [DPROTO]: Client 0 - Set AuthIdType 3 [dp_RevEmu]; pClient = 0xb39d2f08
L 04/01/2015 - 18:39:26: "NooBasS<25><STEAM_0:4:208812336><>" connected, address "217.144.184.177:27005"
L 04/01/2015 - 18:39:26: [VTC] Player 1 speex
L 04/01/2015 - 18:39:35: "bum<8><STEAM_0:4:2060242565><CT>" attacked "Extazy<6><STEAM_0:1:113150434><TERRORIST>" with "knife" (damage "65") (damage_armor "0") (health "-30") (armor "0")
L 04/01/2015 - 18:39:35: "bum<8><STEAM_0:4:2060242565><CT>" killed "Extazy<6><STEAM_0:1:113150434><TERRORIST>" with "knife"
L 04/01/2015 - 18:39:35: [DPROTO]: Client 0 - Set AuthIdType 3 [dp_RevEmu]; pClient = 0xb39d2f08
L 04/01/2015 - 18:39:35: "T.N.L.Le[k]s<26><STEAM_0:4:1399475461><>" connected, address "178.120.136.15:58821"
L 04/01/2015 - 18:39:35: [VTC] Player 1 speex
L 04/01/2015 - 18:39:39: "T.N.L.Le[k]s<26><STEAM_0:4:1399475461><>" entered the game
L 04/01/2015 - 18:39:42: "T.N.L.Le[k]s<26><STEAM_0:4:1399475461><>" joined team "CT"
L 04/01/2015 - 18:39:43: "AnaNasiK<23><STEAM_0:0:2034575934><TERRORIST>" attacked "bum<8><STEAM_0:4:2060242565><CT>" with "knife" (damage "65") (damage_armor "0") (health "-30") (armor "0")
L 04/01/2015 - 18:39:43: "AnaNasiK<23><STEAM_0:0:2034575934><TERRORIST>" killed "bum<8><STEAM_0:4:2060242565><CT>" with "knife"
L 04/01/2015 - 18:39:43: Team "TERRORIST" triggered "Terrorists_Win" (CT "8") (T "1")
L 04/01/2015 - 18:39:43: World triggered "Round_End"
L 04/01/2015 - 18:39:53: World triggered "Round_Start"
L 04/01/2015 - 18:40:05: "bum<8><STEAM_0:4:2060242565><CT>" attacked "Extazy<6><STEAM_0:1:113150434><TERRORIST>" with "knife" (damage "65") (damage_armor "0") (health "-30") (armor "0")
L 04/01/2015 - 18:40:05: "bum<8><STEAM_0:4:2060242565><CT>" killed "Extazy<6><STEAM_0:1:113150434><TERRORIST>" with "knife"
L 04/01/2015 - 18:40:09: [DPROTO]: Client 4 - Set AuthIdType 3 [dp_RevEmu]; pClient = 0xb39e6ad8
L 04/01/2015 - 18:40:09: "NooBasS<27><STEAM_0:4:208812336><>" connected, address "217.144.184.177:27005"
L 04/01/2015 - 18:40:09: [VTC] Player 5 speex
L 04/01/2015 - 18:40:16: "AnaNasiK<23><STEAM_0:0:2034575934><TERRORIST>" attacked "T.N.L.Le[k]s<26><STEAM_0:4:1399475461><CT>" with "knife" (damage "15") (damage_armor "0") (health "-12") (armor "0")
L 04/01/2015 - 18:40:16: "AnaNasiK<23><STEAM_0:0:2034575934><TERRORIST>" killed "T.N.L.Le[k]s<26><STEAM_0:4:1399475461><CT>" with "knife"
L 04/01/2015 - 18:40:24: "NooBasS<27><STEAM_0:4:208812336><>" entered the game
L 04/01/2015 - 18:40:26: "bum<8><STEAM_0:4:2060242565><CT>" attacked "AnaNasiK<23><STEAM_0:0:2034575934><TERRORIST>" with "knife" (damage "65") (damage_armor "0") (health "-30") (armor "0")
L 04/01/2015 - 18:40:26: "bum<8><STEAM_0:4:2060242565><CT>" killed "AnaNasiK<23><STEAM_0:0:2034575934><TERRORIST>" with "knife"
L 04/01/2015 - 18:40:26: Team "CT" triggered "CTs_Win" (CT "9") (T "1")
L 04/01/2015 - 18:40:26: World triggered "Round_End"
L 04/01/2015 - 18:40:33: "NooBasS<27><STEAM_0:4:208812336><>" joined team "TERRORIST"
L 04/01/2015 - 18:40:36: World triggered "Round_Start"
L 04/01/2015 - 18:40:43: "T.N.L.Le[k]s<26><STEAM_0:4:1399475461><CT>" attacked "AnaNasiK<23><STEAM_0:0:2034575934><TERRORIST>" with "knife" (damage "65") (damage_armor "0") (health "-30") (armor "0")
L 04/01/2015 - 18:40:43: "T.N.L.Le[k]s<26><STEAM_0:4:1399475461><CT>" killed "AnaNasiK<23><STEAM_0:0:2034575934><TERRORIST>" with "knife"
L 04/01/2015 - 18:40:48: "bum<8><STEAM_0:4:2060242565><CT>" attacked "NooBasS<27><STEAM_0:4:208812336><TERRORIST>" with "knife" (damage "65") (damage_armor "0") (health "-30") (armor "0")
L 04/01/2015 - 18:40:48: "bum<8><STEAM_0:4:2060242565><CT>" killed "NooBasS<27><STEAM_0:4:208812336><TERRORIST>" with "knife"
L 04/01/2015 - 18:40:57: "bum<8><STEAM_0:4:2060242565><CT>" attacked "Extazy<6><STEAM_0:1:113150434><TERRORIST>" with "knife" (damage "65") (damage_armor "0") (health "-30") (armor "0")
L 04/01/2015 - 18:40:57: "bum<8><STEAM_0:4:2060242565><CT>" killed "Extazy<6><STEAM_0:1:113150434><TERRORIST>" with "knife"
L 04/01/2015 - 18:40:57: Team "CT" triggered "CTs_Win" (CT "10") (T "1")
L 04/01/2015 - 18:40:57: World triggered "Round_End"
L 04/01/2015 - 18:41:07: World triggered "Round_Start"
L 04/01/2015 - 18:41:09: [DPROTO]: Client 5 - Set AuthIdType 3 [dp_RevEmu]; pClient = 0xb39eb9cc
L 04/01/2015 - 18:41:09: "Hier kommt die Sonne<28><STEAM_0:4:1820666563><>" connected, address "62.183.86.112:38558"
L 04/01/2015 - 18:41:09: [VTC] Player 6 speex
L 04/01/2015 - 18:41:12: "bum<8><STEAM_0:4:2060242565><CT>" attacked "NooBasS<27><STEAM_0:4:208812336><TERRORIST>" with "knife" (damage "65") (damage_armor "0") (health "-30") (armor "0")
L 04/01/2015 - 18:41:12: "bum<8><STEAM_0:4:2060242565><CT>" killed "NooBasS<27><STEAM_0:4:208812336><TERRORIST>" with "knife"
L 04/01/2015 - 18:41:14: "Hier kommt die Sonne<28><STEAM_0:4:1820666563><>" entered the game
L 04/01/2015 - 18:41:15: "AnaNasiK<23><STEAM_0:0:2034575934><TERRORIST>" attacked "T.N.L.Le[k]s<26><STEAM_0:4:1399475461><CT>" with "knife" (damage "65") (damage_armor "0") (health "-30") (armor "0")
L 04/01/2015 - 18:41:15: "AnaNasiK<23><STEAM_0:0:2034575934><TERRORIST>" killed "T.N.L.Le[k]s<26><STEAM_0:4:1399475461><CT>" with "knife"
L 04/01/2015 - 18:41:18: "bum<8><STEAM_0:4:2060242565><CT>" attacked "AnaNasiK<23><STEAM_0:0:2034575934><TERRORIST>" with "knife" (damage "65") (damage_armor "0") (health "-30") (armor "0")
L 04/01/2015 - 18:41:18: "bum<8><STEAM_0:4:2060242565><CT>" killed "AnaNasiK<23><STEAM_0:0:2034575934><TERRORIST>" with "knife"
L 04/01/2015 - 18:41:31: "bum<8><STEAM_0:4:2060242565><CT>" attacked "Extazy<6><STEAM_0:1:113150434><TERRORIST>" with "knife" (damage "15") (damage_armor "0") (health "20") (armor "0")
L 04/01/2015 - 18:41:31: "Hier kommt die Sonne<28><STEAM_0:4:1820666563><>" joined team "CT"
L 04/01/2015 - 18:41:31: "bum<8><STEAM_0:4:2060242565><CT>" attacked "Extazy<6><STEAM_0:1:113150434><TERRORIST>" with "knife" (damage "65") (damage_armor "0") (health "-45") (armor "0")
L 04/01/2015 - 18:41:31: "bum<8><STEAM_0:4:2060242565><CT>" killed "Extazy<6><STEAM_0:1:113150434><TERRORIST>" with "knife"
L 04/01/2015 - 18:41:31: Team "CT" triggered "CTs_Win" (CT "11") (T "1")
L 04/01/2015 - 18:41:31: World triggered "Round_End"
L 04/01/2015 - 18:41:41: World triggered "Round_Start"
L 04/01/2015 - 18:41:53: "Hier kommt die Sonne<28><STEAM_0:4:1820666563><CT>" attacked "AnaNasiK<23><STEAM_0:0:2034575934><TERRORIST>" with "knife" (damage "65") (damage_armor "0") (health "-30") (armor "0")
L 04/01/2015 - 18:41:53: "Hier kommt die Sonne<28><STEAM_0:4:1820666563><CT>" killed "AnaNasiK<23><STEAM_0:0:2034575934><TERRORIST>" with "knife"
L 04/01/2015 - 18:41:54: Kick: "NooBasS<27><STEAM_0:4:208812336><>" was kicked by "Console" (message ""Извини, но ты лагер :D, попробуй зайти позже"")
L 04/01/2015 - 18:41:54: "NooBasS<27><STEAM_0:4:208812336><TERRORIST>" triggered "weaponstats" (weapon "knife") (shots "2") (hits "0") (kills "0") (headshots "0") (tks "0") (damage "0") (deaths "2")
L 04/01/2015 - 18:41:54: "NooBasS<27><STEAM_0:4:208812336><TERRORIST>" triggered "weaponstats2" (weapon "knife") (head "0") (chest "0") (stomach "0") (leftarm "0") (rightarm "0") (leftleg "0") (rightleg "0")
L 04/01/2015 - 18:41:54: "NooBasS<27><STEAM_0:4:208812336><TERRORIST>" triggered "time" (time "1:30")
L 04/01/2015 - 18:41:54: "NooBasS<27><STEAM_0:4:208812336><TERRORIST>" triggered "latency" (ping "136")
L 04/01/2015 - 18:41:54: "NooBasS<27><STEAM_0:4:208812336><TERRORIST>" disconnected
L 04/01/2015 - 18:41:56: "bum<8><STEAM_0:4:2060242565><CT>" attacked "Extazy<6><STEAM_0:1:113150434><TERRORIST>" with "knife" (damage "65") (damage_armor "0") (health "-30") (armor "0")
L 04/01/2015 - 18:41:56: "bum<8><STEAM_0:4:2060242565><CT>" killed "Extazy<6><STEAM_0:1:113150434><TERRORIST>" with "knife"
L 04/01/2015 - 18:41:56: Team "CT" triggered "CTs_Win" (CT "12") (T "1")
L 04/01/2015 - 18:41:56: World triggered "Round_End"
L 04/01/2015 - 18:41:57: Kick: "AnaNasiK<23><STEAM_0:0:2034575934><>" was kicked by "Console" (message ""Извини, но ты лагер :D, попробуй зайти позже"")
L 04/01/2015 - 18:41:57: "AnaNasiK<23><STEAM_0:0:2034575934><TERRORIST>" triggered "weaponstats" (weapon "knife") (shots "16") (hits "2") (kills "2") (headshots "0") (tks "0") (damage "130") (deaths "5")
L 04/01/2015 - 18:41:57: "AnaNasiK<23><STEAM_0:0:2034575934><TERRORIST>" triggered "weaponstats2" (weapon "knife") (head "0") (chest "0") (stomach "0") (leftarm "0") (rightarm "0") (leftleg "0") (rightleg "0")
L 04/01/2015 - 18:41:57: "AnaNasiK<23><STEAM_0:0:2034575934><TERRORIST>" triggered "time" (time "3:20")
L 04/01/2015 - 18:41:57: "AnaNasiK<23><STEAM_0:0:2034575934><TERRORIST>" triggered "latency" (ping "104")
L 04/01/2015 - 18:41:57: "AnaNasiK<23><STEAM_0:0:2034575934><TERRORIST>" disconnected
L 04/01/2015 - 18:42:00: [DPROTO]: Client 1 - Set AuthIdType 1 [dp_SteamEmu]; pClient = 0xb39d7dfc
L 04/01/2015 - 18:42:00: "AnaNasiK<29><STEAM_0:0:2034575934><>" connected, address "178.121.101.110:52439"
L 04/01/2015 - 18:42:00: [VTC] Player 2 speex
L 04/01/2015 - 18:42:01: Kick: "AnaNasiK<29><STEAM_0:0:2034575934><>" was kicked by "Console" (message ""Повторное подключение будет доступно через 16 секунд"")
L 04/01/2015 - 18:42:02: [DPROTO]: Client 4 - Set AuthIdType 3 [dp_RevEmu]; pClient = 0xb39e6ad8
L 04/01/2015 - 18:42:02: "NooBasS<30><STEAM_0:4:208812336><>" connected, address "217.144.184.177:27005"
L 04/01/2015 - 18:42:02: Kick: "NooBasS<30><STEAM_0:4:208812336><>" was kicked by "Console" (message ""Повторное подключение будет доступно через 12 секунд"")
L 04/01/2015 - 18:42:04: "Hier kommt die Sonne<28><STEAM_0:4:1820666563><CT>" committed suicide with "world"
L 04/01/2015 - 18:42:04: "Hier kommt die Sonne<28><STEAM_0:4:1820666563><CT>" joined team "TERRORIST"
L 04/01/2015 - 18:42:06: World triggered "Round_Start"
L 04/01/2015 - 18:42:18: "bum<8><STEAM_0:4:2060242565><CT>" attacked "Extazy<6><STEAM_0:1:113150434><TERRORIST>" with "knife" (damage "15") (damage_armor "0") (health "20") (armor "0")
L 04/01/2015 - 18:42:18: "T.N.L.Le[k]s<26><STEAM_0:4:1399475461><CT>" attacked "Extazy<6><STEAM_0:1:113150434><TERRORIST>" with "knife" (damage "15") (damage_armor "0") (health "5") (armor "0")
L 04/01/2015 - 18:42:18: "bum<8><STEAM_0:4:2060242565><CT>" attacked "Extazy<6><STEAM_0:1:113150434><TERRORIST>" with "knife" (damage "65") (damage_armor "0") (health "-60") (armor "0")
L 04/01/2015 - 18:42:18: "bum<8><STEAM_0:4:2060242565><CT>" killed "Extazy<6><STEAM_0:1:113150434><TERRORIST>" with "knife"
L 04/01/2015 - 18:42:18: Team "CT" triggered "CTs_Win" (CT "13") (T "1")
L 04/01/2015 - 18:42:18: World triggered "Round_End"
L 04/01/2015 - 18:42:22: [DPROTO]: Client 1 - Set AuthIdType 1 [dp_SteamEmu]; pClient = 0xb39d7dfc
L 04/01/2015 - 18:42:22: "AnaNasiK<31><STEAM_0:0:2034575934><>" connected, address "178.121.101.110:52439"
L 04/01/2015 - 18:42:22: [VTC] Player 2 speex
L 04/01/2015 - 18:42:28: World triggered "Round_Start"
L 04/01/2015 - 18:42:29: "AnaNasiK<31><STEAM_0:0:2034575934><>" entered the game
L 04/01/2015 - 18:42:33: "AnaNasiK<31><STEAM_0:0:2034575934><>" joined team "TERRORIST"
L 04/01/2015 - 18:42:39: [DPROTO]: Client 4 - Set AuthIdType 3 [dp_RevEmu]; pClient = 0xb39e6ad8
L 04/01/2015 - 18:42:39: "RoJleM ;)<32><STEAM_0:4:336317829><>" connected, address "178.121.75.129:37373"
L 04/01/2015 - 18:42:39: [VTC] Player 5 speex
L 04/01/2015 - 18:42:43: "T.N.L.Le[k]s<26><STEAM_0:4:1399475461><CT>" attacked "Extazy<6><STEAM_0:1:113150434><TERRORIST>" with "knife" (damage "65") (damage_armor "0") (health "-30") (armor "0")
L 04/01/2015 - 18:42:43: "T.N.L.Le[k]s<26><STEAM_0:4:1399475461><CT>" killed "Extazy<6><STEAM_0:1:113150434><TERRORIST>" with "knife"
L 04/01/2015 - 18:42:43: "Hier kommt die Sonne<28><STEAM_0:4:1820666563><TERRORIST>" attacked "bum<8><STEAM_0:4:2060242565><CT>" with "knife" (damage "65") (damage_armor "0") (health "-30") (armor "0")
L 04/01/2015 - 18:42:43: "Hier kommt die Sonne<28><STEAM_0:4:1820666563><TERRORIST>" killed "bum<8><STEAM_0:4:2060242565><CT>" with "knife"
L 04/01/2015 - 18:42:48: "RoJleM ;)<32><STEAM_0:4:336317829><>" entered the game
L 04/01/2015 - 18:42:49: "Hier kommt die Sonne<28><STEAM_0:4:1820666563><TERRORIST>" attacked "T.N.L.Le[k]s<26><STEAM_0:4:1399475461><CT>" with "knife" (damage "65") (damage_armor "0") (health "-30") (armor "0")
L 04/01/2015 - 18:42:49: "Hier kommt die Sonne<28><STEAM_0:4:1820666563><TERRORIST>" killed "T.N.L.Le[k]s<26><STEAM_0:4:1399475461><CT>" with "knife"
L 04/01/2015 - 18:42:49: Team "TERRORIST" triggered "Terrorists_Win" (CT "13") (T "2")
L 04/01/2015 - 18:42:49: World triggered "Round_End"
L 04/01/2015 - 18:42:54: "RoJleM ;)<32><STEAM_0:4:336317829><>" joined team "CT"
L 04/01/2015 - 18:42:59: World triggered "Round_Start"
L 04/01/2015 - 18:43:12: "T.N.L.Le[k]s<26><STEAM_0:4:1399475461><CT>" attacked "Hier kommt die Sonne<28><STEAM_0:4:1820666563><TERRORIST>" with "knife" (damage "65") (damage_armor "0") (health "-30") (armor "0")
L 04/01/2015 - 18:43:12: "T.N.L.Le[k]s<26><STEAM_0:4:1399475461><CT>" killed "Hier kommt die Sonne<28><STEAM_0:4:1820666563><TERRORIST>" with "knife"
L 04/01/2015 - 18:43:13: "RoJleM ;)<32><STEAM_0:4:336317829><CT>" attacked "Extazy<6><STEAM_0:1:113150434><TERRORIST>" with "knife" (damage "195") (damage_armor "0") (health "-160") (armor "0")
L 04/01/2015 - 18:43:13: "RoJleM ;)<32><STEAM_0:4:336317829><CT>" killed "Extazy<6><STEAM_0:1:113150434><TERRORIST>" with "knife"
L 04/01/2015 - 18:43:26: "AnaNasiK<31><STEAM_0:0:2034575934><TERRORIST>" attacked "T.N.L.Le[k]s<26><STEAM_0:4:1399475461><CT>" with "knife" (damage "15") (damage_armor "0") (health "3") (armor "0")
L 04/01/2015 - 18:43:26: "T.N.L.Le[k]s<26><STEAM_0:4:1399475461><CT>" committed suicide with "worldspawn" (world)
L 04/01/2015 - 18:43:27: "AnaNasiK<31><STEAM_0:0:2034575934><TERRORIST>" attacked "bum<8><STEAM_0:4:2060242565><CT>" with "knife" (damage "15") (damage_armor "0") (health "20") (armor "0")
L 04/01/2015 - 18:43:28: "AnaNasiK<31><STEAM_0:0:2034575934><TERRORIST>" attacked "bum<8><STEAM_0:4:2060242565><CT>" with "knife" (damage "15") (damage_armor "0") (health "5") (armor "0")
L 04/01/2015 - 18:43:29: "AnaNasiK<31><STEAM_0:0:2034575934><TERRORIST>" attacked "RoJleM ;)<32><STEAM_0:4:336317829><CT>" with "knife" (damage "15") (damage_armor "0") (health "20") (armor "0")
L 04/01/2015 - 18:43:32: "AnaNasiK<31><STEAM_0:0:2034575934><TERRORIST>" attacked "bum<8><STEAM_0:4:2060242565><CT>" with "knife" (damage "15") (damage_armor "0") (health "-10") (armor "0")
L 04/01/2015 - 18:43:32: "AnaNasiK<31><STEAM_0:0:2034575934><TERRORIST>" killed "bum<8><STEAM_0:4:2060242565><CT>" with "knife"
L 04/01/2015 - 18:43:34: "RoJleM ;)<32><STEAM_0:4:336317829><CT>" attacked "AnaNasiK<31><STEAM_0:0:2034575934><TERRORIST>" with "knife" (damage "65") (damage_armor "0") (health "-30") (armor "0")
L 04/01/2015 - 18:43:34: "RoJleM ;)<32><STEAM_0:4:336317829><CT>" killed "AnaNasiK<31><STEAM_0:0:2034575934><TERRORIST>" with "knife"
L 04/01/2015 - 18:43:34: Team "CT" triggered "CTs_Win" (CT "14") (T "2")
L 04/01/2015 - 18:43:34: World triggered "Round_End"
L 04/01/2015 - 18:43:44: World triggered "Round_Start"
L 04/01/2015 - 18:43:54: "AnaNasiK<31><STEAM_0:0:2034575934><TERRORIST>" attacked "RoJleM ;)<32><STEAM_0:4:336317829><CT>" with "knife" (damage "60") (damage_armor "0") (health "-25") (armor "0")
L 04/01/2015 - 18:43:54: "AnaNasiK<31><STEAM_0:0:2034575934><TERRORIST>" killed "RoJleM ;)<32><STEAM_0:4:336317829><CT>" with "knife"
L 04/01/2015 - 18:43:56: "AnaNasiK<31><STEAM_0:0:2034575934><TERRORIST>" attacked "bum<8><STEAM_0:4:2060242565><CT>" with "knife" (damage "60") (damage_armor "0") (health "-25") (armor "0")
L 04/01/2015 - 18:43:56: "AnaNasiK<31><STEAM_0:0:2034575934><TERRORIST>" killed "bum<8><STEAM_0:4:2060242565><CT>" with "knife"
L 04/01/2015 - 18:43:56: "T.N.L.Le[k]s<26><STEAM_0:4:1399475461><CT>" attacked "AnaNasiK<31><STEAM_0:0:2034575934><TERRORIST>" with "knife" (damage "65") (damage_armor "0") (health "-30") (armor "0")
L 04/01/2015 - 18:43:56: "T.N.L.Le[k]s<26><STEAM_0:4:1399475461><CT>" killed "AnaNasiK<31><STEAM_0:0:2034575934><TERRORIST>" with "knife"
L 04/01/2015 - 18:43:59: Kick: "AnaNasiK<31><STEAM_0:0:2034575934><>" was kicked by "Console" (message ""Извини, но ты лагер :D, попробуй зайти позже"")
L 04/01/2015 - 18:43:59: "AnaNasiK<31><STEAM_0:0:2034575934><TERRORIST>" triggered "weaponstats" (weapon "knife") (shots "33") (hits "7") (kills "3") (headshots "2") (tks "0") (damage "195") (deaths "2")
L 04/01/2015 - 18:43:59: "AnaNasiK<31><STEAM_0:0:2034575934><TERRORIST>" triggered "weaponstats2" (weapon "knife") (head "2") (chest "0") (stomach "0") (leftarm "0") (rightarm "0") (leftleg "0") (rightleg "0")
L 04/01/2015 - 18:43:59: "AnaNasiK<31><STEAM_0:0:2034575934><TERRORIST>" triggered "time" (time "1:30")
L 04/01/2015 - 18:43:59: "AnaNasiK<31><STEAM_0:0:2034575934><TERRORIST>" triggered "latency" (ping "113")
L 04/01/2015 - 18:43:59: "AnaNasiK<31><STEAM_0:0:2034575934><TERRORIST>" disconnected
L 04/01/2015 - 18:43:59: "T.N.L.Le[k]s<26><STEAM_0:4:1399475461><CT>" attacked "Hier kommt die Sonne<28><STEAM_0:4:1820666563><TERRORIST>" with "knife" (damage "65") (damage_armor "0") (health "-30") (armor "0")
L 04/01/2015 - 18:43:59: "T.N.L.Le[k]s<26><STEAM_0:4:1399475461><CT>" killed "Hier kommt die Sonne<28><STEAM_0:4:1820666563><TERRORIST>" with "knife"
L 04/01/2015 - 18:44:00: [DPROTO]: Client 1 - Set AuthIdType 3 [dp_RevEmu]; pClient = 0xb39d7dfc
L 04/01/2015 - 18:44:00: "ser<33><STEAM_0:4:248060494><>" connected, address "37.214.206.180:61290"
L 04/01/2015 - 18:44:00: [VTC] Player 2 speex
L 04/01/2015 - 18:44:02: [DPROTO]: Client 6 - Set AuthIdType 1 [dp_SteamEmu]; pClient = 0xb39f08c0
L 04/01/2015 - 18:44:02: "AnaNasiK<34><STEAM_0:0:2034575934><>" connected, address "178.121.101.110:52439"
L 04/01/2015 - 18:44:02: [VTC] Player 7 speex
L 04/01/2015 - 18:44:07: "T.N.L.Le[k]s<26><STEAM_0:4:1399475461><CT>" attacked "Extazy<6><STEAM_0:1:113150434><TERRORIST>" with "knife" (damage "15") (damage_armor "0") (health "20") (armor "0")
L 04/01/2015 - 18:44:08: "AnaNasiK<34><STEAM_0:0:2034575934><>" entered the game
L 04/01/2015 - 18:44:08: "T.N.L.Le[k]s<26><STEAM_0:4:1399475461><CT>" attacked "Extazy<6><STEAM_0:1:113150434><TERRORIST>" with "knife" (damage "15") (damage_armor "0") (health "5") (armor "0")
L 04/01/2015 - 18:44:10: "AnaNasiK<34><STEAM_0:0:2034575934><>" joined team "TERRORIST"
L 04/01/2015 - 18:44:10: "T.N.L.Le[k]s<26><STEAM_0:4:1399475461><CT>" attacked "Extazy<6><STEAM_0:1:113150434><TERRORIST>" with "knife" (damage "60") (damage_armor "0") (health "-55") (armor "0")
L 04/01/2015 - 18:44:10: "T.N.L.Le[k]s<26><STEAM_0:4:1399475461><CT>" killed "Extazy<6><STEAM_0:1:113150434><TERRORIST>" with "knife"
L 04/01/2015 - 18:44:10: Team "CT" triggered "CTs_Win" (CT "15") (T "2")
L 04/01/2015 - 18:44:10: World triggered "Round_End"
L 04/01/2015 - 18:44:20: World triggered "Round_Start"
L 04/01/2015 - 18:44:35: "RoJleM ;)<32><STEAM_0:4:336317829><CT>" attacked "Hier kommt die Sonne<28><STEAM_0:4:1820666563><TERRORIST>" with "knife" (damage "65") (damage_armor "0") (health "-30") (armor "0")
L 04/01/2015 - 18:44:35: "RoJleM ;)<32><STEAM_0:4:336317829><CT>" killed "Hier kommt die Sonne<28><STEAM_0:4:1820666563><TERRORIST>" with "knife"
L 04/01/2015 - 18:44:42: "AnaNasiK<34><STEAM_0:0:2034575934><TERRORIST>" attacked "bum<8><STEAM_0:4:2060242565><CT>" with "knife" (damage "65") (damage_armor "0") (health "-30") (armor "0")
L 04/01/2015 - 18:44:42: "AnaNasiK<34><STEAM_0:0:2034575934><TERRORIST>" killed "bum<8><STEAM_0:4:2060242565><CT>" with "knife"
L 04/01/2015 - 18:44:43: [DPROTO]: Client 1 - Set AuthIdType 3 [dp_RevEmu]; pClient = 0xb39d7dfc
L 04/01/2015 - 18:44:43: "ser<35><STEAM_0:4:248060494><>" connected, address "37.214.206.180:61290"
L 04/01/2015 - 18:44:43: "Extazy<6><STEAM_0:1:113150434><TERRORIST>" attacked "RoJleM ;)<32><STEAM_0:4:336317829><CT>" with "knife" (damage "65") (damage_armor "0") (health "-30") (armor "0")
L 04/01/2015 - 18:44:43: "Extazy<6><STEAM_0:1:113150434><TERRORIST>" killed "RoJleM ;)<32><STEAM_0:4:336317829><CT>" with "knife"
L 04/01/2015 - 18:44:43: [VTC] Player 2 speex
L 04/01/2015 - 18:44:56: "ser<35><STEAM_0:4:248060494><>" entered the game
L 04/01/2015 - 18:45:04: "Extazy<6><STEAM_0:1:113150434><TERRORIST>" attacked "T.N.L.Le[k]s<26><STEAM_0:4:1399475461><CT>" with "knife" (damage "65") (damage_armor "0") (health "-30") (armor "0")
L 04/01/2015 - 18:45:04: "Extazy<6><STEAM_0:1:113150434><TERRORIST>" killed "T.N.L.Le[k]s<26><STEAM_0:4:1399475461><CT>" with "knife"
L 04/01/2015 - 18:45:04: Team "TERRORIST" triggered "Terrorists_Win" (CT "15") (T "3")
L 04/01/2015 - 18:45:04: World triggered "Round_End"
L 04/01/2015 - 18:45:09: "ser<35><STEAM_0:4:248060494><>" joined team "TERRORIST"
L 04/01/2015 - 18:45:14: World triggered "Round_Start"
L 04/01/2015 - 18:45:22: Kick: "T.N.L.Le[k]s<26><STEAM_0:4:1399475461><>" was kicked by "Console"
L 04/01/2015 - 18:45:22: "T.N.L.Le[k]s<26><STEAM_0:4:1399475461><CT>" triggered "weaponstats" (weapon "knife") (shots "63") (hits "8") (kills "6") (headshots "1") (tks "0") (damage "415") (deaths "3")
L 04/01/2015 - 18:45:22: "T.N.L.Le[k]s<26><STEAM_0:4:1399475461><CT>" triggered "weaponstats2" (weapon "knife") (head "1") (chest "0") (stomach "0") (leftarm "0") (rightarm "0") (leftleg "0") (rightleg "0")
L 04/01/2015 - 18:45:22: "T.N.L.Le[k]s<26><STEAM_0:4:1399475461><CT>" triggered "time" (time "5:42")
L 04/01/2015 - 18:45:22: "T.N.L.Le[k]s<26><STEAM_0:4:1399475461><CT>" triggered "latency" (ping "54")
L 04/01/2015 - 18:45:22: "T.N.L.Le[k]s<26><STEAM_0:4:1399475461><CT>" disconnected
L 04/01/2015 - 18:45:24: "bum<8><STEAM_0:4:2060242565><CT>" attacked "Extazy<6><STEAM_0:1:113150434><TERRORIST>" with "knife" (damage "260") (damage_armor "0") (health "-225") (armor "0")
L 04/01/2015 - 18:45:24: "bum<8><STEAM_0:4:2060242565><CT>" killed "Extazy<6><STEAM_0:1:113150434><TERRORIST>" with "knife"
L 04/01/2015 - 18:45:25: [DPROTO]: Client 0 - Set AuthIdType 3 [dp_RevEmu]; pClient = 0xb39d2f08
L 04/01/2015 - 18:45:25: "T.N.L.Le[k]s<36><STEAM_0:4:1399475461><>" connected, address "178.120.136.15:58821"
L 04/01/2015 - 18:45:25: Kick: "T.N.L.Le[k]s<36><STEAM_0:4:1399475461><>" was kicked by "Console" (message ""Повторное подключение будет доступно через 17 секунд"")
L 04/01/2015 - 18:45:29: "ser<35><STEAM_0:4:248060494><TERRORIST>" attacked "RoJleM ;)<32><STEAM_0:4:336317829><CT>" with "knife" (damage "65") (damage_armor "0") (health "-44") (armor "0")
L 04/01/2015 - 18:45:29: "ser<35><STEAM_0:4:248060494><TERRORIST>" killed "RoJleM ;)<32><STEAM_0:4:336317829><CT>" with "knife"
L 04/01/2015 - 18:45:30: "AnaNasiK<34><STEAM_0:0:2034575934><TERRORIST>" attacked "bum<8><STEAM_0:4:2060242565><CT>" with "knife" (damage "195") (damage_armor "0") (health "-160") (armor "0")
L 04/01/2015 - 18:45:30: "AnaNasiK<34><STEAM_0:0:2034575934><TERRORIST>" killed "bum<8><STEAM_0:4:2060242565><CT>" with "knife"
L 04/01/2015 - 18:45:30: Team "TERRORIST" triggered "Terrorists_Win" (CT "15") (T "4")
L 04/01/2015 - 18:45:30: World triggered "Round_End"
L 04/01/2015 - 18:45:33: [DPROTO]: Client 0 - Set AuthIdType 3 [dp_RevEmu]; pClient = 0xb39d2f08
L 04/01/2015 - 18:45:33: "T.N.L.Le[k]s<37><STEAM_0:4:1399475461><>" connected, address "178.120.136.15:58821"
L 04/01/2015 - 18:45:33: Kick: "T.N.L.Le[k]s<37><STEAM_0:4:1399475461><>" was kicked by "Console" (message ""Повторное подключение будет доступно через 9 секунд"")
L 04/01/2015 - 18:45:38: Kick: "AnaNasiK<34><STEAM_0:0:2034575934><>" was kicked by "Console" (message ""Извини, но ты лагер :D, попробуй зайти позже"")
L 04/01/2015 - 18:45:38: "AnaNasiK<34><STEAM_0:0:2034575934><TERRORIST>" triggered "weaponstats" (weapon "knife") (shots "7") (hits "2") (kills "2") (headshots "0") (tks "0") (damage "260") (deaths "0")
L 04/01/2015 - 18:45:38: "AnaNasiK<34><STEAM_0:0:2034575934><TERRORIST>" triggered "weaponstats2" (weapon "knife") (head "0") (chest "0") (stomach "0") (leftarm "0") (rightarm "0") (leftleg "0") (rightleg "0")
L 04/01/2015 - 18:45:38: "AnaNasiK<34><STEAM_0:0:2034575934><TERRORIST>" triggered "time" (time "1:30")
L 04/01/2015 - 18:45:38: "AnaNasiK<34><STEAM_0:0:2034575934><TERRORIST>" triggered "latency" (ping "119")
L 04/01/2015 - 18:45:38: "AnaNasiK<34><STEAM_0:0:2034575934><TERRORIST>" disconnected
L 04/01/2015 - 18:45:40: World triggered "Round_Start"
L 04/01/2015 - 18:45:42: [DPROTO]: Client 6 - Set AuthIdType 1 [dp_SteamEmu]; pClient = 0xb39f08c0
L 04/01/2015 - 18:45:42: "AnaNasiK<38><STEAM_0:0:2034575934><>" connected, address "178.121.101.110:52439"
L 04/01/2015 - 18:45:42: [VTC] Player 7 speex
L 04/01/2015 - 18:45:42: Kick: "AnaNasiK<38><STEAM_0:0:2034575934><>" was kicked by "Console" (message ""Повторное подключение будет доступно через 16 секунд"")
L 04/01/2015 - 18:45:43: [DPROTO]: Client 0 - Set AuthIdType 3 [dp_RevEmu]; pClient = 0xb39d2f08
L 04/01/2015 - 18:45:43: "T.N.L.Le[k]s<39><STEAM_0:4:1399475461><>" connected, address "178.120.136.15:58821"
L 04/01/2015 - 18:45:43: [VTC] Player 1 speex
L 04/01/2015 - 18:45:44: [DPROTO]: Client 6 - Set AuthIdType 1 [dp_SteamEmu]; pClient = 0xb39f08c0
L 04/01/2015 - 18:45:44: "AnaNasiK<40><STEAM_0:0:2034575934><>" connected, address "178.121.101.110:52439"
L 04/01/2015 - 18:45:44: [VTC] Player 7 speex
L 04/01/2015 - 18:45:44: Kick: "AnaNasiK<40><STEAM_0:0:2034575934><>" was kicked by "Console" (message ""Повторное подключение будет доступно через 14 секунд"")
L 04/01/2015 - 18:45:46: "T.N.L.Le[k]s<39><STEAM_0:4:1399475461><>" entered the game
L 04/01/2015 - 18:45:48: "bum<8><STEAM_0:4:2060242565><CT>" attacked "Hier kommt die Sonne<28><STEAM_0:4:1820666563><TERRORIST>" with "knife" (damage "65") (damage_armor "0") (health "-30") (armor "0")
L 04/01/2015 - 18:45:48: "bum<8><STEAM_0:4:2060242565><CT>" killed "Hier kommt die Sonne<28><STEAM_0:4:1820666563><TERRORIST>" with "knife"
L 04/01/2015 - 18:45:52: "bum<8><STEAM_0:4:2060242565><CT>" attacked "Extazy<6><STEAM_0:1:113150434><TERRORIST>" with "knife" (damage "260") (damage_armor "0") (health "-225") (armor "0")
L 04/01/2015 - 18:45:52: "bum<8><STEAM_0:4:2060242565><CT>" killed "Extazy<6><STEAM_0:1:113150434><TERRORIST>" with "knife"
L 04/01/2015 - 18:45:55: "T.N.L.Le[k]s<39><STEAM_0:4:1399475461><>" joined team "CT"
L 04/01/2015 - 18:45:58: [DPROTO]: Client 6 - Set AuthIdType 1 [dp_SteamEmu]; pClient = 0xb39f08c0
L 04/01/2015 - 18:45:58: "AnaNasiK<41><STEAM_0:0:2034575934><>" connected, address "178.121.101.110:52439"
L 04/01/2015 - 18:45:59: [VTC] Player 7 speex
L 04/01/2015 - 18:45:59: "RoJleM ;)<32><STEAM_0:4:336317829><CT>" attacked "ser<35><STEAM_0:4:248060494><TERRORIST>" with "knife" (damage "260") (damage_armor "0") (health "-225") (armor "0")
L 04/01/2015 - 18:45:59: "RoJleM ;)<32><STEAM_0:4:336317829><CT>" killed "ser<35><STEAM_0:4:248060494><TERRORIST>" with "knife"
L 04/01/2015 - 18:45:59: Team "CT" triggered "CTs_Win" (CT "16") (T "4")
L 04/01/2015 - 18:45:59: World triggered "Round_End"
L 04/01/2015 - 18:46:05: "AnaNasiK<41><STEAM_0:0:2034575934><>" entered the game
L 04/01/2015 - 18:46:07: Kick: "T.N.L.Le[k]s<39><STEAM_0:4:1399475461><>" was kicked by "Console"
L 04/01/2015 - 18:46:07: "T.N.L.Le[k]s<39><STEAM_0:4:1399475461><CT>" triggered "time" (time "0:20")
L 04/01/2015 - 18:46:07: "T.N.L.Le[k]s<39><STEAM_0:4:1399475461><CT>" triggered "latency" (ping "52")
L 04/01/2015 - 18:46:07: "T.N.L.Le[k]s<39><STEAM_0:4:1399475461><CT>" disconnected
L 04/01/2015 - 18:46:07: "AnaNasiK<41><STEAM_0:0:2034575934><>" joined team "SPECTATOR"
L 04/01/2015 - 18:46:09: World triggered "Round_Start"
L 04/01/2015 - 18:46:09: [DPROTO]: Client 0 - Set AuthIdType 3 [dp_RevEmu]; pClient = 0xb39d2f08
L 04/01/2015 - 18:46:09: "T.N.L.Le[k]s<42><STEAM_0:4:1399475461><>" connected, address "178.120.136.15:58821"
L 04/01/2015 - 18:46:09: Kick: "T.N.L.Le[k]s<42><STEAM_0:4:1399475461><>" was kicked by "Console" (message ""Повторное подключение будет доступно через 18 секунд"")
L 04/01/2015 - 18:46:18: "ser<35><STEAM_0:4:248060494><TERRORIST>" attacked "bum<8><STEAM_0:4:2060242565><CT>" with "knife" (damage "65") (damage_armor "0") (health "-30") (armor "0")
L 04/01/2015 - 18:46:18: "ser<35><STEAM_0:4:248060494><TERRORIST>" killed "bum<8><STEAM_0:4:2060242565><CT>" with "knife"
L 04/01/2015 - 18:46:22: "RoJleM ;)<32><STEAM_0:4:336317829><CT>" attacked "ser<35><STEAM_0:4:248060494><TERRORIST>" with "knife" (damage "65") (damage_armor "0") (health "-30") (armor "0")
L 04/01/2015 - 18:46:22: "RoJleM ;)<32><STEAM_0:4:336317829><CT>" killed "ser<35><STEAM_0:4:248060494><TERRORIST>" with "knife"
L 04/01/2015 - 18:46:26: "Hier kommt die Sonne<28><STEAM_0:4:1820666563><TERRORIST>" attacked "RoJleM ;)<32><STEAM_0:4:336317829><CT>" with "knife" (damage "65") (damage_armor "0") (health "-30") (armor "0")
L 04/01/2015 - 18:46:26: "Hier kommt die Sonne<28><STEAM_0:4:1820666563><TERRORIST>" killed "RoJleM ;)<32><STEAM_0:4:336317829><CT>" with "knife"
L 04/01/2015 - 18:46:26: Team "TERRORIST" triggered "Terrorists_Win" (CT "16") (T "5")
L 04/01/2015 - 18:46:26: World triggered "Round_End"
L 04/01/2015 - 18:46:36: World triggered "Round_Start"
L 04/01/2015 - 18:46:42: "Hier kommt die Sonne<28><STEAM_0:4:1820666563><TERRORIST>" attacked "RoJleM ;)<32><STEAM_0:4:336317829><CT>" with "knife" (damage "65") (damage_armor "0") (health "-30") (armor "0")
L 04/01/2015 - 18:46:42: "Hier kommt die Sonne<28><STEAM_0:4:1820666563><TERRORIST>" killed "RoJleM ;)<32><STEAM_0:4:336317829><CT>" with "knife"
L 04/01/2015 - 18:46:43: "bum<8><STEAM_0:4:2060242565><CT>" attacked "Hier kommt die Sonne<28><STEAM_0:4:1820666563><TERRORIST>" with "knife" (damage "260") (damage_armor "0") (health "-225") (armor "0")
L 04/01/2015 - 18:46:43: "bum<8><STEAM_0:4:2060242565><CT>" killed "Hier kommt die Sonne<28><STEAM_0:4:1820666563><TERRORIST>" with "knife"
L 04/01/2015 - 18:46:43: "ser<35><STEAM_0:4:248060494><TERRORIST>" attacked "bum<8><STEAM_0:4:2060242565><CT>" with "knife" (damage "260") (damage_armor "0") (health "-225") (armor "0")
L 04/01/2015 - 18:46:43: "ser<35><STEAM_0:4:248060494><TERRORIST>" killed "bum<8><STEAM_0:4:2060242565><CT>" with "knife"
L 04/01/2015 - 18:46:43: Team "TERRORIST" triggered "Terrorists_Win" (CT "16") (T "6")
L 04/01/2015 - 18:46:43: World triggered "Round_End"
L 04/01/2015 - 18:46:53: World triggered "Round_Start"
L 04/01/2015 - 18:46:59: "ser<35><STEAM_0:4:248060494><TERRORIST>" attacked "RoJleM ;)<32><STEAM_0:4:336317829><CT>" with "knife" (damage "65") (damage_armor "0") (health "-30") (armor "0")
L 04/01/2015 - 18:46:59: "ser<35><STEAM_0:4:248060494><TERRORIST>" killed "RoJleM ;)<32><STEAM_0:4:336317829><CT>" with "knife"
L 04/01/2015 - 18:47:01: "bum<8><STEAM_0:4:2060242565><CT>" attacked "ser<35><STEAM_0:4:248060494><TERRORIST>" with "knife" (damage "260") (damage_armor "0") (health "-225") (armor "0")
L 04/01/2015 - 18:47:01: "bum<8><STEAM_0:4:2060242565><CT>" killed "ser<35><STEAM_0:4:248060494><TERRORIST>" with "knife"
L 04/01/2015 - 18:47:03: "RoJleM ;)<32><STEAM_0:4:336317829><CT>" joined team "SPECTATOR"
L 04/01/2015 - 18:47:07: "Extazy<6><STEAM_0:1:113150434><TERRORIST>" attacked "bum<8><STEAM_0:4:2060242565><CT>" with "knife" (damage "65") (damage_armor "0") (health "-30") (armor "0")
L 04/01/2015 - 18:47:07: "Extazy<6><STEAM_0:1:113150434><TERRORIST>" killed "bum<8><STEAM_0:4:2060242565><CT>" with "knife"
L 04/01/2015 - 18:47:07: Team "TERRORIST" triggered "Terrorists_Win" (CT "16") (T "7")
L 04/01/2015 - 18:47:07: World triggered "Round_End"
L 04/01/2015 - 18:47:16: "Hier kommt die Sonne<28><STEAM_0:4:1820666563><TERRORIST>" committed suicide with "world"
L 04/01/2015 - 18:47:16: "Hier kommt die Sonne<28><STEAM_0:4:1820666563><TERRORIST>" joined team "CT"
L 04/01/2015 - 18:47:17: World triggered "Round_Start"
L 04/01/2015 - 18:47:17: "AnaNasiK<41><STEAM_0:0:2034575934><SPECTATOR>" joined team "TERRORIST"
L 04/01/2015 - 18:47:24: "RoJleM ;)<32><STEAM_0:4:336317829><SPECTATOR>" triggered "weaponstats" (weapon "knife") (shots "10") (hits "5") (kills "5") (headshots "1") (tks "0") (damage "650") (deaths "6")
L 04/01/2015 - 18:47:24: "RoJleM ;)<32><STEAM_0:4:336317829><SPECTATOR>" triggered "weaponstats2" (weapon "knife") (head "1") (chest "0") (stomach "0") (leftarm "0") (rightarm "0") (leftleg "0") (rightleg "0")
L 04/01/2015 - 18:47:24: "RoJleM ;)<32><STEAM_0:4:336317829><SPECTATOR>" triggered "time" (time "4:36")
L 04/01/2015 - 18:47:24: "RoJleM ;)<32><STEAM_0:4:336317829><SPECTATOR>" triggered "latency" (ping "64")
L 04/01/2015 - 18:47:24: "RoJleM ;)<32><STEAM_0:4:336317829><SPECTATOR>" disconnected
L 04/01/2015 - 18:47:28: "ser<35><STEAM_0:4:248060494><TERRORIST>" attacked "bum<8><STEAM_0:4:2060242565><CT>" with "knife" (damage "65") (damage_armor "0") (health "-30") (armor "0")
L 04/01/2015 - 18:47:28: "ser<35><STEAM_0:4:248060494><TERRORIST>" killed "bum<8><STEAM_0:4:2060242565><CT>" with "knife"
L 04/01/2015 - 18:47:28: Team "TERRORIST" triggered "Terrorists_Win" (CT "16") (T "8")
L 04/01/2015 - 18:47:28: World triggered "Round_End"
L 04/01/2015 - 18:47:35: Kick: "AnaNasiK<41><STEAM_0:0:2034575934><>" was kicked by "Console" (message ""Извини, но ты лагер :D, попробуй зайти позже"")
L 04/01/2015 - 18:47:35: "AnaNasiK<41><STEAM_0:0:2034575934><TERRORIST>" triggered "time" (time "1:30")
L 04/01/2015 - 18:47:35: "AnaNasiK<41><STEAM_0:0:2034575934><TERRORIST>" triggered "latency" (ping "143")
L 04/01/2015 - 18:47:35: "AnaNasiK<41><STEAM_0:0:2034575934><TERRORIST>" disconnected
L 04/01/2015 - 18:47:38: World triggered "Round_Start"
L 04/01/2015 - 18:47:41: [DPROTO]: Client 6 - Set AuthIdType 1 [dp_SteamEmu]; pClient = 0xb39f08c0
L 04/01/2015 - 18:47:41: "AnaNasiK<43><STEAM_0:0:2034575934><>" connected, address "178.121.101.110:52439"
L 04/01/2015 - 18:47:41: [VTC] Player 7 speex
L 04/01/2015 - 18:47:41: Kick: "AnaNasiK<43><STEAM_0:0:2034575934><>" was kicked by "Console" (message ""Повторное подключение будет доступно через 14 секунд"")
L 04/01/2015 - 18:47:45: "bum<8><STEAM_0:4:2060242565><CT>" attacked "Extazy<6><STEAM_0:1:113150434><TERRORIST>" with "knife" (damage "65") (damage_armor "0") (health "-30") (armor "0")
L 04/01/2015 - 18:47:45: "bum<8><STEAM_0:4:2060242565><CT>" killed "Extazy<6><STEAM_0:1:113150434><TERRORIST>" with "knife"
L 04/01/2015 - 18:47:47: "ser<35><STEAM_0:4:248060494><TERRORIST>" attacked "bum<8><STEAM_0:4:2060242565><CT>" with "knife" (damage "65") (damage_armor "0") (health "-30") (armor "0")
L 04/01/2015 - 18:47:47: "ser<35><STEAM_0:4:248060494><TERRORIST>" killed "bum<8><STEAM_0:4:2060242565><CT>" with "knife"
L 04/01/2015 - 18:47:52: [DPROTO]: Client 6 - Set AuthIdType 1 [dp_SteamEmu]; pClient = 0xb39f08c0
L 04/01/2015 - 18:47:52: "AnaNasiK<44><STEAM_0:0:2034575934><>" connected, address "178.121.101.110:52439"
L 04/01/2015 - 18:47:52: [VTC] Player 7 speex
L 04/01/2015 - 18:47:52: Kick: "AnaNasiK<44><STEAM_0:0:2034575934><>" was kicked by "Console" (message ""Повторное подключение будет доступно через 3 секунд"")
L 04/01/2015 - 18:47:53: "Hier kommt die Sonne<28><STEAM_0:4:1820666563><CT>" attacked "ser<35><STEAM_0:4:248060494><TERRORIST>" with "knife" (damage "65") (damage_armor "0") (health "-30") (armor "0")
L 04/01/2015 - 18:47:53: "Hier kommt die Sonne<28><STEAM_0:4:1820666563><CT>" killed "ser<35><STEAM_0:4:248060494><TERRORIST>" with "knife"
L 04/01/2015 - 18:47:53: Team "CT" triggered "CTs_Win" (CT "17") (T "8")
L 04/01/2015 - 18:47:53: World triggered "Round_End"
L 04/01/2015 - 18:47:55: [DPROTO]: Client 6 - Set AuthIdType 1 [dp_SteamEmu]; pClient = 0xb39f08c0
L 04/01/2015 - 18:47:55: "AnaNasiK<45><STEAM_0:0:2034575934><>" connected, address "178.121.101.110:52439"
L 04/01/2015 - 18:47:55: [VTC] Player 7 speex
L 04/01/2015 - 18:48:01: "AnaNasiK<45><STEAM_0:0:2034575934><>" entered the game
L 04/01/2015 - 18:48:03: World triggered "Round_Start"
L 04/01/2015 - 18:48:06: "AnaNasiK<45><STEAM_0:0:2034575934><>" joined team "TERRORIST"
L 04/01/2015 - 18:48:10: "Extazy<6><STEAM_0:1:113150434><TERRORIST>" attacked "bum<8><STEAM_0:4:2060242565><CT>" with "knife" (damage "65") (damage_armor "0") (health "-30") (armor "0")
L 04/01/2015 - 18:48:10: "Extazy<6><STEAM_0:1:113150434><TERRORIST>" killed "bum<8><STEAM_0:4:2060242565><CT>" with "knife"
L 04/01/2015 - 18:48:16: "Hier kommt die Sonne<28><STEAM_0:4:1820666563><CT>" attacked "Extazy<6><STEAM_0:1:113150434><TERRORIST>" with "knife" (damage "65") (damage_armor "0") (health "-30") (armor "0")
L 04/01/2015 - 18:48:16: "Hier kommt die Sonne<28><STEAM_0:4:1820666563><CT>" killed "Extazy<6><STEAM_0:1:113150434><TERRORIST>" with "knife"
L 04/01/2015 - 18:48:30: "Hier kommt die Sonne<28><STEAM_0:4:1820666563><CT>" attacked "ser<35><STEAM_0:4:248060494><TERRORIST>" with "knife" (damage "65") (damage_armor "0") (health "-30") (armor "0")
L 04/01/2015 - 18:48:30: "Hier kommt die Sonne<28><STEAM_0:4:1820666563><CT>" killed "ser<35><STEAM_0:4:248060494><TERRORIST>" with "knife"
L 04/01/2015 - 18:48:33: "AnaNasiK<45><STEAM_0:0:2034575934><TERRORIST>" attacked "Hier kommt die Sonne<28><STEAM_0:4:1820666563><CT>" with "knife" (damage "48") (damage_armor "0") (health "-25") (armor "0")
L 04/01/2015 - 18:48:33: "AnaNasiK<45><STEAM_0:0:2034575934><TERRORIST>" killed "Hier kommt die Sonne<28><STEAM_0:4:1820666563><CT>" with "knife"
L 04/01/2015 - 18:48:33: Team "TERRORIST" triggered "Terrorists_Win" (CT "17") (T "9")
L 04/01/2015 - 18:48:33: World triggered "Round_End"
L 04/01/2015 - 18:48:43: World triggered "Round_Start"
L 04/01/2015 - 18:48:51: "AnaNasiK<45><STEAM_0:0:2034575934><TERRORIST>" attacked "bum<8><STEAM_0:4:2060242565><CT>" with "knife" (damage "60") (damage_armor "0") (health "-25") (armor "0")
L 04/01/2015 - 18:48:51: "AnaNasiK<45><STEAM_0:0:2034575934><TERRORIST>" killed "bum<8><STEAM_0:4:2060242565><CT>" with "knife"
L 04/01/2015 - 18:48:58: "Hier kommt die Sonne<28><STEAM_0:4:1820666563><CT>" attacked "Extazy<6><STEAM_0:1:113150434><TERRORIST>" with "knife" (damage "65") (damage_armor "0") (health "-30") (armor "0")
L 04/01/2015 - 18:48:58: "Hier kommt die Sonne<28><STEAM_0:4:1820666563><CT>" killed "Extazy<6><STEAM_0:1:113150434><TERRORIST>" with "knife"
L 04/01/2015 - 18:49:00: "Hier kommt die Sonne<28><STEAM_0:4:1820666563><CT>" attacked "ser<35><STEAM_0:4:248060494><TERRORIST>" with "knife" (damage "65") (damage_armor "0") (health "-30") (armor "0")
L 04/01/2015 - 18:49:00: "Hier kommt die Sonne<28><STEAM_0:4:1820666563><CT>" killed "ser<35><STEAM_0:4:248060494><TERRORIST>" with "knife"
L 04/01/2015 - 18:49:03: "Hier kommt die Sonne<28><STEAM_0:4:1820666563><CT>" attacked "AnaNasiK<45><STEAM_0:0:2034575934><TERRORIST>" with "knife" (damage "65") (damage_armor "0") (health "-30") (armor "0")
L 04/01/2015 - 18:49:03: "Hier kommt die Sonne<28><STEAM_0:4:1820666563><CT>" killed "AnaNasiK<45><STEAM_0:0:2034575934><TERRORIST>" with "knife"
L 04/01/2015 - 18:49:03: Team "CT" triggered "CTs_Win" (CT "18") (T "9")
L 04/01/2015 - 18:49:03: World triggered "Round_End"
L 04/01/2015 - 18:49:13: World triggered "Round_Start"
L 04/01/2015 - 18:49:19: "Extazy<6><STEAM_0:1:113150434><TERRORIST>" attacked "bum<8><STEAM_0:4:2060242565><CT>" with "knife" (damage "65") (damage_armor "0") (health "-30") (armor "0")
L 04/01/2015 - 18:49:19: "Extazy<6><STEAM_0:1:113150434><TERRORIST>" killed "bum<8><STEAM_0:4:2060242565><CT>" with "knife"
L 04/01/2015 - 18:49:24: "Hier kommt die Sonne<28><STEAM_0:4:1820666563><CT>" attacked "ser<35><STEAM_0:4:248060494><TERRORIST>" with "knife" (damage "65") (damage_armor "0") (health "-30") (armor "0")
L 04/01/2015 - 18:49:24: "Hier kommt die Sonne<28><STEAM_0:4:1820666563><CT>" killed "ser<35><STEAM_0:4:248060494><TERRORIST>" with "knife"
L 04/01/2015 - 18:49:26: "Extazy<6><STEAM_0:1:113150434><TERRORIST>" attacked "Hier kommt die Sonne<28><STEAM_0:4:1820666563><CT>" with "knife" (damage "65") (damage_armor "0") (health "-30") (armor "0")
L 04/01/2015 - 18:49:26: "Extazy<6><STEAM_0:1:113150434><TERRORIST>" killed "Hier kommt die Sonne<28><STEAM_0:4:1820666563><CT>" with "knife"
L 04/01/2015 - 18:49:26: Team "TERRORIST" triggered "Terrorists_Win" (CT "18") (T "10")
L 04/01/2015 - 18:49:26: World triggered "Round_End"
L 04/01/2015 - 18:49:31: Kick: "AnaNasiK<45><STEAM_0:0:2034575934><>" was kicked by "Console" (message ""Извини, но ты лагер :D, попробуй зайти позже"")
L 04/01/2015 - 18:49:31: "AnaNasiK<45><STEAM_0:0:2034575934><TERRORIST>" triggered "weaponstats" (weapon "knife") (shots "6") (hits "2") (kills "2") (headshots "1") (tks "0") (damage "108") (deaths "1")
L 04/01/2015 - 18:49:31: "AnaNasiK<45><STEAM_0:0:2034575934><TERRORIST>" triggered "weaponstats2" (weapon "knife") (head "1") (chest "0") (stomach "0") (leftarm "0") (rightarm "0") (leftleg "0") (rightleg "0")
L 04/01/2015 - 18:49:31: "AnaNasiK<45><STEAM_0:0:2034575934><TERRORIST>" triggered "time" (time "1:30")
L 04/01/2015 - 18:49:31: "AnaNasiK<45><STEAM_0:0:2034575934><TERRORIST>" triggered "latency" (ping "146")
L 04/01/2015 - 18:49:31: "AnaNasiK<45><STEAM_0:0:2034575934><TERRORIST>" disconnected
L 04/01/2015 - 18:49:36: World triggered "Round_Start"
L 04/01/2015 - 18:49:42: "bum<8><STEAM_0:4:2060242565><CT>" attacked "ser<35><STEAM_0:4:248060494><TERRORIST>" with "knife" (damage "65") (damage_armor "0") (health "-30") (armor "0")
L 04/01/2015 - 18:49:42: "bum<8><STEAM_0:4:2060242565><CT>" killed "ser<35><STEAM_0:4:248060494><TERRORIST>" with "knife"
L 04/01/2015 - 18:49:44: "bum<8><STEAM_0:4:2060242565><CT>" attacked "Extazy<6><STEAM_0:1:113150434><TERRORIST>" with "knife" (damage "65") (damage_armor "0") (health "-30") (armor "0")
L 04/01/2015 - 18:49:44: "bum<8><STEAM_0:4:2060242565><CT>" killed "Extazy<6><STEAM_0:1:113150434><TERRORIST>" with "knife"
L 04/01/2015 - 18:49:44: Team "CT" triggered "CTs_Win" (CT "19") (T "10")
L 04/01/2015 - 18:49:44: World triggered "Round_End"
L 04/01/2015 - 18:49:54: World triggered "Round_Start"
L 04/01/2015 - 18:49:56: "ser<35><STEAM_0:4:248060494><TERRORIST>" triggered "weaponstats" (weapon "knife") (shots "11") (hits "6") (kills "6") (headshots "1") (tks "0") (damage "585") (deaths "8")
L 04/01/2015 - 18:49:56: "ser<35><STEAM_0:4:248060494><TERRORIST>" triggered "weaponstats2" (weapon "knife") (head "1") (chest "0") (stomach "0") (leftarm "0") (rightarm "0") (leftleg "0") (rightleg "0")
L 04/01/2015 - 18:49:56: "ser<35><STEAM_0:4:248060494><TERRORIST>" triggered "time" (time "4:59")
L 04/01/2015 - 18:49:56: "ser<35><STEAM_0:4:248060494><TERRORIST>" triggered "latency" (ping "44")
L 04/01/2015 - 18:49:56: "ser<35><STEAM_0:4:248060494><TERRORIST>" disconnected
L 04/01/2015 - 18:50:03: "bum<8><STEAM_0:4:2060242565><CT>" attacked "Extazy<6><STEAM_0:1:113150434><TERRORIST>" with "knife" (damage "65") (damage_armor "0") (health "-30") (armor "0")
L 04/01/2015 - 18:50:03: "bum<8><STEAM_0:4:2060242565><CT>" killed "Extazy<6><STEAM_0:1:113150434><TERRORIST>" with "knife"
L 04/01/2015 - 18:50:03: Team "CT" triggered "CTs_Win" (CT "20") (T "10")
L 04/01/2015 - 18:50:03: World triggered "Round_End"
L 04/01/2015 - 18:50:13: World triggered "Round_Start"
L 04/01/2015 - 18:50:20: [DPROTO]: Client 6 - Set AuthIdType 1 [dp_SteamEmu]; pClient = 0xb39f08c0
L 04/01/2015 - 18:50:20: "AnaNasiK<46><STEAM_0:0:2034575934><>" connected, address "178.121.101.110:52439"
L 04/01/2015 - 18:50:20: [VTC] Player 7 speex
L 04/01/2015 - 18:50:22: "bum<8><STEAM_0:4:2060242565><CT>" attacked "Extazy<6><STEAM_0:1:113150434><TERRORIST>" with "knife" (damage "65") (damage_armor "0") (health "-30") (armor "0")
L 04/01/2015 - 18:50:22: "bum<8><STEAM_0:4:2060242565><CT>" killed "Extazy<6><STEAM_0:1:113150434><TERRORIST>" with "knife"
L 04/01/2015 - 18:50:22: Team "CT" triggered "CTs_Win" (CT "21") (T "10")
L 04/01/2015 - 18:50:22: World triggered "Round_End"
L 04/01/2015 - 18:50:25: "Hier kommt die Sonne<28><STEAM_0:4:1820666563><CT>" committed suicide with "world"
L 04/01/2015 - 18:50:25: "Hier kommt die Sonne<28><STEAM_0:4:1820666563><CT>" joined team "TERRORIST"
L 04/01/2015 - 18:50:26: "AnaNasiK<46><STEAM_0:0:2034575934><>" entered the game
L 04/01/2015 - 18:50:32: World triggered "Round_Start"
L 04/01/2015 - 18:50:38: "AnaNasiK<46><STEAM_0:0:2034575934><>" joined team "CT"
L 04/01/2015 - 18:50:42: "Hier kommt die Sonne<28><STEAM_0:4:1820666563><TERRORIST>" attacked "bum<8><STEAM_0:4:2060242565><CT>" with "knife" (damage "65") (damage_armor "0") (health "-30") (armor "0")
L 04/01/2015 - 18:50:42: "Hier kommt die Sonne<28><STEAM_0:4:1820666563><TERRORIST>" killed "bum<8><STEAM_0:4:2060242565><CT>" with "knife"
L 04/01/2015 - 18:50:55: "Hier kommt die Sonne<28><STEAM_0:4:1820666563><TERRORIST>" attacked "AnaNasiK<46><STEAM_0:0:2034575934><CT>" with "knife" (damage "65") (damage_armor "0") (health "-30") (armor "0")
L 04/01/2015 - 18:50:55: "Hier kommt die Sonne<28><STEAM_0:4:1820666563><TERRORIST>" killed "AnaNasiK<46><STEAM_0:0:2034575934><CT>" with "knife"
L 04/01/2015 - 18:50:55: Team "TERRORIST" triggered "Terrorists_Win" (CT "21") (T "11")
L 04/01/2015 - 18:50:55: World triggered "Round_End"
L 04/01/2015 - 18:51:05: World triggered "Round_Start"
L 04/01/2015 - 18:51:10: "bum<8><STEAM_0:4:2060242565><CT>" attacked "Extazy<6><STEAM_0:1:113150434><TERRORIST>" with "knife" (damage "65") (damage_armor "0") (health "-30") (armor "0")
L 04/01/2015 - 18:51:10: "bum<8><STEAM_0:4:2060242565><CT>" killed "Extazy<6><STEAM_0:1:113150434><TERRORIST>" with "knife"
L 04/01/2015 - 18:51:10: [DPROTO]: Client 0 - Set AuthIdType 3 [dp_RevEmu]; pClient = 0xb39d2f08
L 04/01/2015 - 18:51:10: "RoJleM ;)<47><STEAM_0:4:336317829><>" connected, address "178.121.75.129:27057"
L 04/01/2015 - 18:51:11: [VTC] Player 1 speex
L 04/01/2015 - 18:51:14: "RoJleM ;)<47><STEAM_0:4:336317829><>" entered the game
L 04/01/2015 - 18:51:16: "RoJleM ;)<47><STEAM_0:4:336317829><>" joined team "TERRORIST"
L 04/01/2015 - 18:51:16: "Hier kommt die Sonne<28><STEAM_0:4:1820666563><TERRORIST>" attacked "bum<8><STEAM_0:4:2060242565><CT>" with "knife" (damage "65") (damage_armor "0") (health "-30") (armor "0")
L 04/01/2015 - 18:51:16: "Hier kommt die Sonne<28><STEAM_0:4:1820666563><TERRORIST>" killed "bum<8><STEAM_0:4:2060242565><CT>" with "knife"
L 04/01/2015 - 18:51:30: "AnaNasiK<46><STEAM_0:0:2034575934><CT>" attacked "RoJleM ;)<47><STEAM_0:4:336317829><TERRORIST>" with "knife" (damage "65") (damage_armor "0") (health "-30") (armor "0")
L 04/01/2015 - 18:51:30: "AnaNasiK<46><STEAM_0:0:2034575934><CT>" killed "RoJleM ;)<47><STEAM_0:4:336317829><TERRORIST>" with "knife"
L 04/01/2015 - 18:51:31: "Hier kommt die Sonne<28><STEAM_0:4:1820666563><TERRORIST>" attacked "AnaNasiK<46><STEAM_0:0:2034575934><CT>" with "knife" (damage "65") (damage_armor "0") (health "-30") (armor "0")
L 04/01/2015 - 18:51:31: "Hier kommt die Sonne<28><STEAM_0:4:1820666563><TERRORIST>" killed "AnaNasiK<46><STEAM_0:0:2034575934><CT>" with "knife"
L 04/01/2015 - 18:51:31: Team "TERRORIST" triggered "Terrorists_Win" (CT "21") (T "12")
L 04/01/2015 - 18:51:31: World triggered "Round_End"
L 04/01/2015 - 18:51:41: World triggered "Round_Start"
L 04/01/2015 - 18:51:46: "AnaNasiK<46><STEAM_0:0:2034575934><CT>" say "nf jy pft,"
L 04/01/2015 - 18:51:50: "bum<8><STEAM_0:4:2060242565><CT>" attacked "RoJleM ;)<47><STEAM_0:4:336317829><TERRORIST>" with "knife" (damage "65") (damage_armor "0") (health "-30") (armor "0")
L 04/01/2015 - 18:51:50: "bum<8><STEAM_0:4:2060242565><CT>" killed "RoJleM ;)<47><STEAM_0:4:336317829><TERRORIST>" with "knife"
L 04/01/2015 - 18:51:55: "bum<8><STEAM_0:4:2060242565><CT>" attacked "Extazy<6><STEAM_0:1:113150434><TERRORIST>" with "knife" (damage "65") (damage_armor "0") (health "-30") (armor "0")
L 04/01/2015 - 18:51:55: "bum<8><STEAM_0:4:2060242565><CT>" killed "Extazy<6><STEAM_0:1:113150434><TERRORIST>" with "knife"
L 04/01/2015 - 18:51:56: Kick: "AnaNasiK<46><STEAM_0:0:2034575934><>" was kicked by "Console" (message ""Извини, но ты лагер :D, попробуй зайти позже"")
L 04/01/2015 - 18:51:56: "AnaNasiK<46><STEAM_0:0:2034575934><CT>" triggered "weaponstats" (weapon "knife") (shots "3") (hits "1") (kills "1") (headshots "0") (tks "0") (damage "65") (deaths "2")
L 04/01/2015 - 18:51:56: "AnaNasiK<46><STEAM_0:0:2034575934><CT>" triggered "weaponstats2" (weapon "knife") (head "0") (chest "0") (stomach "0") (leftarm "0") (rightarm "0") (leftleg "0") (rightleg "0")
L 04/01/2015 - 18:51:56: "AnaNasiK<46><STEAM_0:0:2034575934><CT>" triggered "time" (time "1:30")
L 04/01/2015 - 18:51:56: "AnaNasiK<46><STEAM_0:0:2034575934><CT>" triggered "latency" (ping "90")
L 04/01/2015 - 18:51:56: "AnaNasiK<46><STEAM_0:0:2034575934><CT>" disconnected
L 04/01/2015 - 18:51:57: "bum<8><STEAM_0:4:2060242565><CT>" attacked "Hier kommt die Sonne<28><STEAM_0:4:1820666563><TERRORIST>" with "knife" (damage "65") (damage_armor "0") (health "-30") (armor "0")
L 04/01/2015 - 18:51:57: "bum<8><STEAM_0:4:2060242565><CT>" killed "Hier kommt die Sonne<28><STEAM_0:4:1820666563><TERRORIST>" with "knife"
L 04/01/2015 - 18:51:57: Team "CT" triggered "CTs_Win" (CT "22") (T "12")
L 04/01/2015 - 18:51:57: World triggered "Round_End"
L 04/01/2015 - 18:52:03: "RoJleM ;)<47><STEAM_0:4:336317829><TERRORIST>" committed suicide with "world"
L 04/01/2015 - 18:52:03: "RoJleM ;)<47><STEAM_0:4:336317829><TERRORIST>" joined team "CT"
L 04/01/2015 - 18:52:07: World triggered "Round_Start"
L 04/01/2015 - 18:52:15: "Extazy<6><STEAM_0:1:113150434><TERRORIST>" attacked "bum<8><STEAM_0:4:2060242565><CT>" with "knife" (damage "65") (damage_armor "0") (health "-30") (armor "0")
L 04/01/2015 - 18:52:15: "Extazy<6><STEAM_0:1:113150434><TERRORIST>" killed "bum<8><STEAM_0:4:2060242565><CT>" with "knife"
L 04/01/2015 - 18:52:15: Team "TERRORIST" triggered "Terrorists_Win" (CT "22") (T "13")
L 04/01/2015 - 18:52:15: World triggered "Round_End"
L 04/01/2015 - 18:52:25: World triggered "Round_Start"
L 04/01/2015 - 18:52:27: "RoJleM ;)<47><STEAM_0:4:336317829><CT>" committed suicide with "worldspawn" (world)
L 04/01/2015 - 18:52:28: "RoJleM ;)<47><STEAM_0:4:336317829><CT>" triggered "time" (time "1:14")
L 04/01/2015 - 18:52:28: "RoJleM ;)<47><STEAM_0:4:336317829><CT>" triggered "latency" (ping "62")
L 04/01/2015 - 18:52:28: "Extazy<6><STEAM_0:1:113150434><TERRORIST>" triggered "weaponstats" (weapon "knife") (shots "23") (hits "7") (kills "7") (headshots "0") (tks "0") (damage "455") (deaths "27")
L 04/01/2015 - 18:52:28: "Extazy<6><STEAM_0:1:113150434><TERRORIST>" triggered "weaponstats2" (weapon "knife") (head "0") (chest "0") (stomach "0") (leftarm "0") (rightarm "0") (leftleg "0") (rightleg "0")
L 04/01/2015 - 18:52:28: "Extazy<6><STEAM_0:1:113150434><TERRORIST>" triggered "time" (time "16:23")
L 04/01/2015 - 18:52:28: "Extazy<6><STEAM_0:1:113150434><TERRORIST>" triggered "latency" (ping "9")
L 04/01/2015 - 18:52:28: "bum<8><STEAM_0:4:2060242565><CT>" triggered "weaponstats" (weapon "knife") (shots "97") (hits "37") (kills "33") (headshots "5") (tks "0") (damage "3145") (deaths "17")
L 04/01/2015 - 18:52:28: "bum<8><STEAM_0:4:2060242565><CT>" triggered "weaponstats2" (weapon "knife") (head "5") (chest "0") (stomach "0") (leftarm "0") (rightarm "0") (leftleg "0") (rightleg "0")
L 04/01/2015 - 18:52:28: "bum<8><STEAM_0:4:2060242565><CT>" triggered "time" (time "16:23")
L 04/01/2015 - 18:52:28: "bum<8><STEAM_0:4:2060242565><CT>" triggered "latency" (ping "35")
L 04/01/2015 - 18:52:28: "Hier kommt die Sonne<28><STEAM_0:4:1820666563><TERRORIST>" triggered "weaponstats" (weapon "knife") (shots "57") (hits "16") (kills "16") (headshots "0") (tks "0") (damage "1040") (deaths "8")
L 04/01/2015 - 18:52:28: "Hier kommt die Sonne<28><STEAM_0:4:1820666563><TERRORIST>" triggered "weaponstats2" (weapon "knife") (head "0") (chest "0") (stomach "0") (leftarm "0") (rightarm "0") (leftleg "0") (rightleg "0")
L 04/01/2015 - 18:52:28: "Hier kommt die Sonne<28><STEAM_0:4:1820666563><TERRORIST>" triggered "time" (time "11:14")
L 04/01/2015 - 18:52:28: "Hier kommt die Sonne<28><STEAM_0:4:1820666563><TERRORIST>" triggered "latency" (ping "73")
L 04/01/2015 - 18:52:28: [META] ini: Begin re-reading plugins list: /home/extazy/public/cstrike/addons/metamod/plugins.ini
L 04/01/2015 - 18:52:28: [META] ini: Read plugin config for: AMX Mod X
L 04/01/2015 - 18:52:28: [META] ini: Read plugin config for: dproto_EF
L 04/01/2015 - 18:52:28: [META] ini: Read plugin config for: VoiceTranscoder
L 04/01/2015 - 18:52:28: [META] ini: Read plugin config for: WHBlocker
L 04/01/2015 - 18:52:28: [META] ini: Finished reading plugins list: /home/extazy/public/cstrike/addons/metamod/plugins.ini; Found 4 plugins
L 04/01/2015 - 18:52:28: [META] dll: Updating plugins...
L 04/01/2015 - 18:52:28: [META] dll: Finished updating 13 plugins; kept 4, loaded 0, unloaded 0, reloaded 0, delayed 0
L 04/01/2015 - 18:52:28: "RoJleM ;)<47><STEAM_0:4:336317829><CT>" disconnected
L 04/01/2015 - 18:52:28: "Extazy<6><STEAM_0:1:113150434><TERRORIST>" disconnected
L 04/01/2015 - 18:52:28: "bum<8><STEAM_0:4:2060242565><CT>" disconnected
L 04/01/2015 - 18:52:28: "Hier kommt die Sonne<28><STEAM_0:4:1820666563><TERRORIST>" disconnected
L 04/01/2015 - 18:52:28: World triggered "Round_Draw" (CT "22") (T "13")
L 04/01/2015 - 18:52:28: World triggered "Round_End"
L 04/01/2015 - 18:52:28: Log file closed
