L 04/03/2015 - 13:18:45: Log file started (file "logs/L0403020.log") (game "cstrike") (version "48/1.6.3.7/Stdio/5787")
L 04/03/2015 - 13:18:45: Loading map "$2000$"
L 04/03/2015 - 13:18:45: Server cvars start
L 04/03/2015 - 13:18:45: Server cvar "_tutor_bomb_viewable_check_interval" = "0.5"
L 04/03/2015 - 13:18:45: Server cvar "_tutor_debug_level" = "0"
L 04/03/2015 - 13:18:45: Server cvar "_tutor_examine_time" = "0.5"
L 04/03/2015 - 13:18:45: Server cvar "_tutor_hint_interval_time" = "10.0"
L 04/03/2015 - 13:18:45: Server cvar "_tutor_look_angle" = "10"
L 04/03/2015 - 13:18:45: Server cvar "_tutor_look_distance" = "200"
L 04/03/2015 - 13:18:45: Server cvar "_tutor_message_character_display_time_coefficient" = "0.07"
L 04/03/2015 - 13:18:45: Server cvar "_tutor_message_minimum_display_time" = "1"
L 04/03/2015 - 13:18:45: Server cvar "_tutor_message_repeats" = "5"
L 04/03/2015 - 13:18:45: Server cvar "_tutor_view_distance" = "1000"
L 04/03/2015 - 13:18:45: Server cvar "aesp_version" = "1.5b_mini"
L 04/03/2015 - 13:18:45: Server cvar "allow_spectators" = "4"
L 04/03/2015 - 13:18:45: Server cvar "amx_client_languages" = "0"
L 04/03/2015 - 13:18:45: Server cvar "amx_contactinfo" = "ICQ: 691322983"
L 04/03/2015 - 13:18:45: Server cvar "amx_language" = "ru"
L 04/03/2015 - 13:18:45: Server cvar "amx_nextmap" = "aim_ak-colt"
L 04/03/2015 - 13:18:45: Server cvar "amx_timeleft" = "22:59"
L 04/03/2015 - 13:18:45: Server cvar "amxbans_ssversion" = "Gm 1.6"
L 04/03/2015 - 13:18:45: Server cvar "amxbans_version" = "Gm 1.6"
L 04/03/2015 - 13:18:45: Server cvar "amxmodx_version" = "1.8.1.3746"
L 04/03/2015 - 13:18:45: Server cvar "Colored Translit Cheat" = "Loaded"
L 04/03/2015 - 13:18:45: Server cvar "Colored Translit Config" = "Loaded"
L 04/03/2015 - 13:18:45: Server cvar "Colored Translit Ignores" = "Loaded"
L 04/03/2015 - 13:18:45: Server cvar "Colored Translit Replace" = "Failed"
L 04/03/2015 - 13:18:45: Server cvar "Colored Translit Spam" = "Loaded"
L 04/03/2015 - 13:18:45: Server cvar "Colored Translit Status" = "Loaded"
L 04/03/2015 - 13:18:45: Server cvar "Colored Translit Swear" = "Loaded"
L 04/03/2015 - 13:18:45: Server cvar "Colored Translit Version" = "2.0b Final"
L 04/03/2015 - 13:18:45: Server cvar "coop" = "0"
L 04/03/2015 - 13:18:45: Server cvar "deathmatch" = "1"
L 04/03/2015 - 13:18:45: Server cvar "decalfrequency" = "9"
L 04/03/2015 - 13:18:45: Server cvar "dp_version" = "0.9.391"
L 04/03/2015 - 13:18:45: Server cvar "edgefriction" = "2"
L 04/03/2015 - 13:18:45: Server cvar "hostage_debug" = "0"
L 04/03/2015 - 13:18:45: Server cvar "hostage_stop" = "0"
L 04/03/2015 - 13:18:45: Server cvar "humans_join_team" = "any"
L 04/03/2015 - 13:18:45: Server cvar "jtp10181" = "chute,gore"
L 04/03/2015 - 13:18:45: Server cvar "max_queries_sec" = "3.0"
L 04/03/2015 - 13:18:45: Server cvar "max_queries_sec_global" = "30"
L 04/03/2015 - 13:18:45: Server cvar "max_queries_window" = "60"
L 04/03/2015 - 13:18:45: Server cvar "metamod_version" = "1.19"
L 04/03/2015 - 13:18:45: Server cvar "mp_allowmonsters" = "0"
L 04/03/2015 - 13:18:45: Server cvar "mp_autokick" = "1"
L 04/03/2015 - 13:18:45: Server cvar "mp_autoteambalance" = "1"
L 04/03/2015 - 13:18:45: Server cvar "mp_buytime" = "1.5"
L 04/03/2015 - 13:18:45: Server cvar "mp_c4timer" = "35"
L 04/03/2015 - 13:18:45: Server cvar "mp_chattime" = "0"
L 04/03/2015 - 13:18:45: Server cvar "mp_consistency" = "1"
L 04/03/2015 - 13:18:45: Server cvar "mp_fadetoblack" = "0"
L 04/03/2015 - 13:18:45: Server cvar "mp_flashlight" = "1"
L 04/03/2015 - 13:18:45: Server cvar "mp_footsteps" = "1"
L 04/03/2015 - 13:18:45: Server cvar "mp_forcecamera" = "0"
L 04/03/2015 - 13:18:45: Server cvar "mp_forcechasecam" = "0"
L 04/03/2015 - 13:18:45: Server cvar "mp_fragsleft" = "0"
L 04/03/2015 - 13:18:45: Server cvar "mp_freezetime" = "5"
L 04/03/2015 - 13:18:45: Server cvar "mp_friendlyfire" = "0"
L 04/03/2015 - 13:18:45: Server cvar "mp_ghostfrequency" = "0.1"
L 04/03/2015 - 13:18:45: Server cvar "mp_hostagepenalty" = "0"
L 04/03/2015 - 13:18:45: Server cvar "mp_kickpercent" = "0.66"
L 04/03/2015 - 13:18:45: Server cvar "mp_limitteams" = "5"
L 04/03/2015 - 13:18:45: Server cvar "mp_logdetail" = "3"
L 04/03/2015 - 13:18:45: Server cvar "mp_logfile" = "1"
L 04/03/2015 - 13:18:45: Server cvar "mp_logmessages" = "1"
L 04/03/2015 - 13:18:45: Server cvar "mp_mapvoteratio" = "0.66"
L 04/03/2015 - 13:18:45: Server cvar "mp_maxrounds" = "0"
L 04/03/2015 - 13:18:45: Server cvar "mp_mirrordamage" = "0"
L 04/03/2015 - 13:18:45: Server cvar "mp_playerid" = "0"
L 04/03/2015 - 13:18:45: Server cvar "mp_roundtime" = "2.57"
L 04/03/2015 - 13:18:45: Server cvar "mp_startmoney" = "800"
L 04/03/2015 - 13:18:45: Server cvar "mp_timeleft" = "0"
L 04/03/2015 - 13:18:45: Server cvar "mp_timelimit" = "30"
L 04/03/2015 - 13:18:45: Server cvar "mp_tkpunish" = "1"
L 04/03/2015 - 13:18:45: Server cvar "mp_windifference" = "1"
L 04/03/2015 - 13:18:45: Server cvar "mp_winlimit" = "0"
L 04/03/2015 - 13:18:45: Server cvar "pausable" = "0"
L 04/03/2015 - 13:18:45: Server cvar "sv_accelerate" = "5"
L 04/03/2015 - 13:18:45: Server cvar "sv_aim" = "0"
L 04/03/2015 - 13:18:45: Server cvar "sv_airaccelerate" = "10"
L 04/03/2015 - 13:18:45: Server cvar "sv_airmove" = "1"
L 04/03/2015 - 13:18:45: Server cvar "sv_allowupload" = "1"
L 04/03/2015 - 13:18:45: Server cvar "sv_alltalk" = "0"
L 04/03/2015 - 13:18:45: Server cvar "sv_bounce" = "1"
L 04/03/2015 - 13:18:45: Server cvar "sv_cheats" = "0"
L 04/03/2015 - 13:18:45: Server cvar "sv_clienttrace" = "1"
L 04/03/2015 - 13:18:45: Server cvar "sv_clipmode" = "0"
L 04/03/2015 - 13:18:45: Server cvar "sv_contact" = ""
L 04/03/2015 - 13:18:45: Server cvar "sv_friction" = "4"
L 04/03/2015 - 13:18:45: Server cvar "sv_gravity" = "800"
L 04/03/2015 - 13:18:45: Server cvar "sv_logblocks" = "0"
L 04/03/2015 - 13:18:45: Server cvar "sv_maxrate" = "25000"
L 04/03/2015 - 13:18:45: Server cvar "sv_maxspeed" = "900"
L 04/03/2015 - 13:18:45: Server cvar "sv_minrate" = "100000"
L 04/03/2015 - 13:18:45: Server cvar "sv_password" = ""
L 04/03/2015 - 13:18:45: Server cvar "sv_proxies" = "0"
L 04/03/2015 - 13:18:45: Server cvar "sv_region" = "3"
L 04/03/2015 - 13:18:45: Server cvar "sv_restart" = "0"
L 04/03/2015 - 13:18:45: Server cvar "sv_restartround" = "0"
L 04/03/2015 - 13:18:45: Server cvar "sv_stepsize" = "18"
L 04/03/2015 - 13:18:45: Server cvar "sv_stopspeed" = "75"
L 04/03/2015 - 13:18:45: Server cvar "sv_uploadmax" = "0.5"
L 04/03/2015 - 13:18:45: Server cvar "sv_voiceenable" = "1"
L 04/03/2015 - 13:18:45: Server cvar "sv_wateraccelerate" = "10"
L 04/03/2015 - 13:18:45: Server cvar "sv_waterfriction" = "1"
L 04/03/2015 - 13:18:45: Server cvar "travo_statmarquee" = "v1.2"
L 04/03/2015 - 13:18:45: Server cvar "vtc_version" = "80"
L 04/03/2015 - 13:18:45: Server cvar "wallblocker_version" = "1.0"
L 04/03/2015 - 13:18:45: Server cvars end
L 04/03/2015 - 13:18:46: Server cvar "amx_nextmap" = "35_hp_2011"
L 04/03/2015 - 13:18:46: Server cvar "sv_restart" = "1"
L 04/03/2015 - 13:18:46: World triggered "Restart_Round_(1_second)"
L 04/03/2015 - 13:18:46: Team "CT" scored "0" with "0" players
L 04/03/2015 - 13:18:46: Team "TERRORIST" scored "0" with "0" players
L 04/03/2015 - 13:18:46: Server cvar "sv_restart" = "0"
L 04/03/2015 - 13:18:46: Started map "$2000$" (CRC "-1688392397")
L 04/03/2015 - 13:18:51: World triggered "Round_Start"
L 04/03/2015 - 13:18:51: [DPROTO]: Client 0 - Set AuthIdType 3 [dp_RevEmu]; pClient = 0xb3924f08
L 04/03/2015 - 13:18:51: "Kaban<55><STEAM_0:4:599156541><>" connected, address "194.44.48.238:27005"
L 04/03/2015 - 13:18:52: [VTC] Player 1 speex
L 04/03/2015 - 13:19:09: [DPROTO]: Client 7 - Set AuthIdType 1 [Native]; pClient = 0xb39477b4
L 04/03/2015 - 13:19:09: "Player<56><STEAM_0:1:113150434><>" connected, address "178.172.151.48:27005"
L 04/03/2015 - 13:19:09: [VTC] Player 8 silk
L 04/03/2015 - 13:19:10: "Player<56><STEAM_0:1:113150434><>" STEAM USERID validated
L 04/03/2015 - 13:19:13: "Player<56><STEAM_0:1:113150434><>" entered the game
L 04/03/2015 - 13:19:16: "Player<56><STEAM_0:1:113150434><>" joined team "CT"
L 04/03/2015 - 13:19:18: "Kaban<55><STEAM_0:4:599156541><>" entered the game
L 04/03/2015 - 13:19:29: "Kaban<55><STEAM_0:4:599156541><>" joined team "TERRORIST"
L 04/03/2015 - 13:19:29: World triggered "Game_Commencing"
L 04/03/2015 - 13:19:29: World triggered "Game_Commencing" (CT "0") (T "0")
L 04/03/2015 - 13:19:29: World triggered "Round_End"
L 04/03/2015 - 13:19:37: World triggered "Round_Start"
L 04/03/2015 - 13:19:38: "Player<56><STEAM_0:1:113150434><CT>" triggered "amx_chat" (text "Player<STEAM_0:1:113150434> был забанен на 30 минут (30 минут). Причина: LOL.")
L 04/03/2015 - 13:19:47: "Kaban<55><STEAM_0:4:599156541><TERRORIST>" attacked "Player<56><STEAM_0:1:113150434><CT>" with "awp" (damage "444") (damage_armor "6") (health "-344") (armor "94")
L 04/03/2015 - 13:19:47: "Kaban<55><STEAM_0:4:599156541><TERRORIST>" killed "Player<56><STEAM_0:1:113150434><CT>" with "awp"
L 04/03/2015 - 13:19:47: Team "TERRORIST" triggered "Terrorists_Win" (CT "0") (T "1")
L 04/03/2015 - 13:19:47: World triggered "Round_End"
L 04/03/2015 - 13:19:48: Kick: "Player<56><STEAM_0:1:113150434><>" was kicked by "Console" (message " Вы забанены на этом сервере. Подробности в консоли.")
L 04/03/2015 - 13:19:48: "Player<56><STEAM_0:1:113150434><CT>" triggered "time" (time "0:34")
L 04/03/2015 - 13:19:48: "Player<56><STEAM_0:1:113150434><CT>" triggered "latency" (ping "24")
L 04/03/2015 - 13:19:48: "Player<56><STEAM_0:1:113150434><CT>" disconnected
L 04/03/2015 - 13:19:57: World triggered "Round_Start"
L 04/03/2015 - 13:20:18: "Kaban<55><STEAM_0:4:599156541><TERRORIST>" triggered "weaponstats" (weapon "xm1014") (shots "15") (hits "0") (kills "0") (headshots "0") (tks "0") (damage "0") (deaths "0")
L 04/03/2015 - 13:20:18: "Kaban<55><STEAM_0:4:599156541><TERRORIST>" triggered "weaponstats2" (weapon "xm1014") (head "0") (chest "0") (stomach "0") (leftarm "0") (rightarm "0") (leftleg "0") (rightleg "0")
L 04/03/2015 - 13:20:18: "Kaban<55><STEAM_0:4:599156541><TERRORIST>" triggered "weaponstats" (weapon "awp") (shots "1") (hits "1") (kills "1") (headshots "1") (tks "0") (damage "444") (deaths "0")
L 04/03/2015 - 13:20:18: "Kaban<55><STEAM_0:4:599156541><TERRORIST>" triggered "weaponstats2" (weapon "awp") (head "1") (chest "0") (stomach "0") (leftarm "0") (rightarm "0") (leftleg "0") (rightleg "0")
L 04/03/2015 - 13:20:18: "Kaban<55><STEAM_0:4:599156541><TERRORIST>" triggered "time" (time "1:00")
L 04/03/2015 - 13:20:18: "Kaban<55><STEAM_0:4:599156541><TERRORIST>" triggered "latency" (ping "102")
L 04/03/2015 - 13:20:18: "Kaban<55><STEAM_0:4:599156541><TERRORIST>" disconnected
L 04/03/2015 - 13:20:18: World triggered "Round_Draw" (CT "0") (T "1")
L 04/03/2015 - 13:20:18: World triggered "Round_End"
L 04/03/2015 - 13:20:28: World triggered "Round_Start"
L 04/03/2015 - 13:23:40: [DPROTO]: Client 0 - Set AuthIdType 3 [dp_RevEmu]; pClient = 0xb3924f08
L 04/03/2015 - 13:23:40: "~~~BANDIT~~~<57><STEAM_0:4:1034941696><>" connected, address "185.8.3.210:27005"
L 04/03/2015 - 13:23:40: [VTC] Player 1 speex
L 04/03/2015 - 13:23:45: [DPROTO]: Client 0 - Set AuthIdType 3 [dp_RevEmu]; pClient = 0xb3924f08
L 04/03/2015 - 13:23:45: "Na_nax<58><STEAM_0:4:1446693380><>" connected, address "176.118.41.5:14661"
L 04/03/2015 - 13:23:45: [VTC] Player 1 speex
L 04/03/2015 - 13:23:50: "Na_nax<58><STEAM_0:4:1446693380><>" entered the game
L 04/03/2015 - 13:23:53: "Na_nax<58><STEAM_0:4:1446693380><>" joined team "CT"
L 04/03/2015 - 13:24:12: [DPROTO]: Client 1 - Set AuthIdType 3 [dp_RevEmu]; pClient = 0xb3929dfc
L 04/03/2015 - 13:24:12: "(Parinok)<59><STEAM_0:4:2078106835><>" connected, address "31.43.230.94:27005"
L 04/03/2015 - 13:24:12: [VTC] Player 2 speex
L 04/03/2015 - 13:24:16: "(Parinok)<59><STEAM_0:4:2078106835><>" entered the game
L 04/03/2015 - 13:24:19: "(Parinok)<59><STEAM_0:4:2078106835><>" joined team "CT"
L 04/03/2015 - 13:24:25: "Na_nax<58><STEAM_0:4:1446693380><CT>" committed suicide with "world"
L 04/03/2015 - 13:24:25: "Na_nax<58><STEAM_0:4:1446693380><CT>" joined team "TERRORIST"
L 04/03/2015 - 13:24:25: World triggered "Game_Commencing"
L 04/03/2015 - 13:24:25: World triggered "Game_Commencing" (CT "0") (T "1")
L 04/03/2015 - 13:24:25: World triggered "Round_End"
L 04/03/2015 - 13:24:33: World triggered "Round_Start"
L 04/03/2015 - 13:24:44: "(Parinok)<59><STEAM_0:4:2078106835><CT>" attacked "Na_nax<58><STEAM_0:4:1446693380><TERRORIST>" with "mp5navy" (damage "22") (damage_armor "0") (health "78") (armor "0")
L 04/03/2015 - 13:24:44: "(Parinok)<59><STEAM_0:4:2078106835><CT>" attacked "Na_nax<58><STEAM_0:4:1446693380><TERRORIST>" with "mp5navy" (damage "23") (damage_armor "0") (health "55") (armor "0")
L 04/03/2015 - 13:24:44: "(Parinok)<59><STEAM_0:4:2078106835><CT>" attacked "Na_nax<58><STEAM_0:4:1446693380><TERRORIST>" with "mp5navy" (damage "76") (damage_armor "0") (health "-21") (armor "0")
L 04/03/2015 - 13:24:44: "(Parinok)<59><STEAM_0:4:2078106835><CT>" killed "Na_nax<58><STEAM_0:4:1446693380><TERRORIST>" with "mp5navy"
L 04/03/2015 - 13:24:44: Team "CT" triggered "CTs_Win" (CT "1") (T "0")
L 04/03/2015 - 13:24:44: World triggered "Round_End"
L 04/03/2015 - 13:24:45: [DPROTO]: Client 2 - Set AuthIdType 3 [dp_RevEmu]; pClient = 0xb392ecf0
L 04/03/2015 - 13:24:45: "~~~BANDIT~~~<60><STEAM_0:4:1034941696><>" connected, address "185.8.3.210:27005"
L 04/03/2015 - 13:24:46: [VTC] Player 3 speex
L 04/03/2015 - 13:24:50: "~~~BANDIT~~~<60><STEAM_0:4:1034941696><>" entered the game
L 04/03/2015 - 13:24:53: "~~~BANDIT~~~<60><STEAM_0:4:1034941696><>" joined team "TERRORIST"
L 04/03/2015 - 13:24:54: World triggered "Round_Start"
L 04/03/2015 - 13:25:01: "(Parinok)<59><STEAM_0:4:2078106835><CT>" attacked "~~~BANDIT~~~<60><STEAM_0:4:1034941696><TERRORIST>" with "mp5navy" (damage "23") (damage_armor "0") (health "77") (armor "0")
L 04/03/2015 - 13:25:01: "(Parinok)<59><STEAM_0:4:2078106835><CT>" attacked "~~~BANDIT~~~<60><STEAM_0:4:1034941696><TERRORIST>" with "mp5navy" (damage "23") (damage_armor "0") (health "54") (armor "0")
L 04/03/2015 - 13:25:02: "(Parinok)<59><STEAM_0:4:2078106835><CT>" attacked "~~~BANDIT~~~<60><STEAM_0:4:1034941696><TERRORIST>" with "mp5navy" (damage "14") (damage_armor "0") (health "40") (armor "0")
L 04/03/2015 - 13:25:02: "(Parinok)<59><STEAM_0:4:2078106835><CT>" attacked "~~~BANDIT~~~<60><STEAM_0:4:1034941696><TERRORIST>" with "mp5navy" (damage "19") (damage_armor "0") (health "21") (armor "0")
L 04/03/2015 - 13:25:02: "~~~BANDIT~~~<60><STEAM_0:4:1034941696><TERRORIST>" attacked "(Parinok)<59><STEAM_0:4:2078106835><CT>" with "m4a1" (damage "22") (damage_armor "0") (health "78") (armor "0")
L 04/03/2015 - 13:25:02: "~~~BANDIT~~~<60><STEAM_0:4:1034941696><TERRORIST>" attacked "(Parinok)<59><STEAM_0:4:2078106835><CT>" with "m4a1" (damage "30") (damage_armor "0") (health "48") (armor "0")
L 04/03/2015 - 13:25:02: "~~~BANDIT~~~<60><STEAM_0:4:1034941696><TERRORIST>" attacked "(Parinok)<59><STEAM_0:4:2078106835><CT>" with "m4a1" (damage "30") (damage_armor "0") (health "18") (armor "0")
L 04/03/2015 - 13:25:02: "~~~BANDIT~~~<60><STEAM_0:4:1034941696><TERRORIST>" attacked "(Parinok)<59><STEAM_0:4:2078106835><CT>" with "m4a1" (damage "30") (damage_armor "0") (health "-12") (armor "0")
L 04/03/2015 - 13:25:02: "~~~BANDIT~~~<60><STEAM_0:4:1034941696><TERRORIST>" killed "(Parinok)<59><STEAM_0:4:2078106835><CT>" with "m4a1"
L 04/03/2015 - 13:25:02: Team "TERRORIST" triggered "Terrorists_Win" (CT "1") (T "1")
L 04/03/2015 - 13:25:02: World triggered "Round_End"
L 04/03/2015 - 13:25:12: World triggered "Round_Start"
L 04/03/2015 - 13:25:18: "~~~BANDIT~~~<60><STEAM_0:4:1034941696><TERRORIST>" attacked "(Parinok)<59><STEAM_0:4:2078106835><CT>" with "m4a1" (damage "29") (damage_armor "0") (health "71") (armor "0")
L 04/03/2015 - 13:25:18: "~~~BANDIT~~~<60><STEAM_0:4:1034941696><TERRORIST>" attacked "(Parinok)<59><STEAM_0:4:2078106835><CT>" with "m4a1" (damage "29") (damage_armor "0") (health "42") (armor "0")
L 04/03/2015 - 13:25:18: "~~~BANDIT~~~<60><STEAM_0:4:1034941696><TERRORIST>" attacked "(Parinok)<59><STEAM_0:4:2078106835><CT>" with "m4a1" (damage "116") (damage_armor "0") (health "-74") (armor "0")
L 04/03/2015 - 13:25:18: "~~~BANDIT~~~<60><STEAM_0:4:1034941696><TERRORIST>" killed "(Parinok)<59><STEAM_0:4:2078106835><CT>" with "m4a1"
L 04/03/2015 - 13:25:18: Team "TERRORIST" triggered "Terrorists_Win" (CT "1") (T "2")
L 04/03/2015 - 13:25:18: World triggered "Round_End"
L 04/03/2015 - 13:25:22: "Na_nax<58><STEAM_0:4:1446693380><TERRORIST>" committed suicide with "world"
L 04/03/2015 - 13:25:22: "Na_nax<58><STEAM_0:4:1446693380><TERRORIST>" joined team "CT"
L 04/03/2015 - 13:25:28: World triggered "Round_Start"
L 04/03/2015 - 13:25:31: "(Parinok)<59><STEAM_0:4:2078106835><CT>" attacked "~~~BANDIT~~~<60><STEAM_0:4:1034941696><TERRORIST>" with "mp5navy" (damage "20") (damage_armor "0") (health "80") (armor "0")
L 04/03/2015 - 13:25:31: "(Parinok)<59><STEAM_0:4:2078106835><CT>" attacked "~~~BANDIT~~~<60><STEAM_0:4:1034941696><TERRORIST>" with "mp5navy" (damage "21") (damage_armor "0") (health "59") (armor "0")
L 04/03/2015 - 13:25:32: "(Parinok)<59><STEAM_0:4:2078106835><CT>" attacked "~~~BANDIT~~~<60><STEAM_0:4:1034941696><TERRORIST>" with "mp5navy" (damage "21") (damage_armor "0") (health "38") (armor "0")
L 04/03/2015 - 13:25:32: "~~~BANDIT~~~<60><STEAM_0:4:1034941696><TERRORIST>" attacked "(Parinok)<59><STEAM_0:4:2078106835><CT>" with "m4a1" (damage "23") (damage_armor "0") (health "77") (armor "0")
L 04/03/2015 - 13:25:32: "~~~BANDIT~~~<60><STEAM_0:4:1034941696><TERRORIST>" attacked "(Parinok)<59><STEAM_0:4:2078106835><CT>" with "m4a1" (damage "23") (damage_armor "0") (health "54") (armor "0")
L 04/03/2015 - 13:25:32: "~~~BANDIT~~~<60><STEAM_0:4:1034941696><TERRORIST>" attacked "(Parinok)<59><STEAM_0:4:2078106835><CT>" with "m4a1" (damage "23") (damage_armor "0") (health "31") (armor "0")
L 04/03/2015 - 13:25:32: "~~~BANDIT~~~<60><STEAM_0:4:1034941696><TERRORIST>" attacked "(Parinok)<59><STEAM_0:4:2078106835><CT>" with "m4a1" (damage "31") (damage_armor "0") (health "0") (armor "0")
L 04/03/2015 - 13:25:32: "~~~BANDIT~~~<60><STEAM_0:4:1034941696><TERRORIST>" killed "(Parinok)<59><STEAM_0:4:2078106835><CT>" with "m4a1"
L 04/03/2015 - 13:25:32: "Na_nax<58><STEAM_0:4:1446693380><CT>" attacked "~~~BANDIT~~~<60><STEAM_0:4:1034941696><TERRORIST>" with "ak47" (damage "35") (damage_armor "0") (health "3") (armor "0")
L 04/03/2015 - 13:25:33: "Na_nax<58><STEAM_0:4:1446693380><CT>" attacked "~~~BANDIT~~~<60><STEAM_0:4:1034941696><TERRORIST>" with "ak47" (damage "35") (damage_armor "0") (health "-32") (armor "0")
L 04/03/2015 - 13:25:33: "Na_nax<58><STEAM_0:4:1446693380><CT>" killed "~~~BANDIT~~~<60><STEAM_0:4:1034941696><TERRORIST>" with "ak47"
L 04/03/2015 - 13:25:33: Team "CT" triggered "CTs_Win" (CT "2") (T "2")
L 04/03/2015 - 13:25:33: World triggered "Round_End"
L 04/03/2015 - 13:25:37: "~~~BANDIT~~~<60><STEAM_0:4:1034941696><TERRORIST>" triggered "weaponstats" (weapon "m4a1") (shots "19") (hits "11") (kills "3") (headshots "1") (tks "0") (damage "386") (deaths "1")
L 04/03/2015 - 13:25:37: "~~~BANDIT~~~<60><STEAM_0:4:1034941696><TERRORIST>" triggered "weaponstats2" (weapon "m4a1") (head "1") (chest "0") (stomach "0") (leftarm "6") (rightarm "0") (leftleg "3") (rightleg "1")
L 04/03/2015 - 13:25:37: "~~~BANDIT~~~<60><STEAM_0:4:1034941696><TERRORIST>" triggered "time" (time "0:47")
L 04/03/2015 - 13:25:37: "~~~BANDIT~~~<60><STEAM_0:4:1034941696><TERRORIST>" triggered "latency" (ping "100")
L 04/03/2015 - 13:25:37: "~~~BANDIT~~~<60><STEAM_0:4:1034941696><TERRORIST>" disconnected
L 04/03/2015 - 13:25:43: World triggered "Round_Start"
L 04/03/2015 - 13:25:59: "Na_nax<58><STEAM_0:4:1446693380><CT>" committed suicide with "world"
L 04/03/2015 - 13:25:59: "Na_nax<58><STEAM_0:4:1446693380><CT>" joined team "TERRORIST"
L 04/03/2015 - 13:25:59: World triggered "Game_Commencing"
L 04/03/2015 - 13:25:59: World triggered "Game_Commencing" (CT "2") (T "2")
L 04/03/2015 - 13:25:59: World triggered "Round_End"
L 04/03/2015 - 13:26:07: World triggered "Round_Start"
L 04/03/2015 - 13:26:19: "Na_nax<58><STEAM_0:4:1446693380><TERRORIST>" attacked "(Parinok)<59><STEAM_0:4:2078106835><CT>" with "ak47" (damage "25") (damage_armor "0") (health "75") (armor "0")
L 04/03/2015 - 13:26:20: "Na_nax<58><STEAM_0:4:1446693380><TERRORIST>" attacked "(Parinok)<59><STEAM_0:4:2078106835><CT>" with "ak47" (damage "25") (damage_armor "0") (health "50") (armor "0")
L 04/03/2015 - 13:26:20: "Na_nax<58><STEAM_0:4:1446693380><TERRORIST>" attacked "(Parinok)<59><STEAM_0:4:2078106835><CT>" with "ak47" (damage "34") (damage_armor "0") (health "16") (armor "0")
L 04/03/2015 - 13:26:22: "Na_nax<58><STEAM_0:4:1446693380><TERRORIST>" attacked "(Parinok)<59><STEAM_0:4:2078106835><CT>" with "glock18" (damage "15") (damage_armor "0") (health "1") (armor "0")
L 04/03/2015 - 13:26:22: "(Parinok)<59><STEAM_0:4:2078106835><CT>" attacked "Na_nax<58><STEAM_0:4:1446693380><TERRORIST>" with "m4a1" (damage "37") (damage_armor "0") (health "63") (armor "0")
L 04/03/2015 - 13:26:22: "Na_nax<58><STEAM_0:4:1446693380><TERRORIST>" attacked "(Parinok)<59><STEAM_0:4:2078106835><CT>" with "glock18" (damage "12") (damage_armor "0") (health "-11") (armor "0")
L 04/03/2015 - 13:26:22: "Na_nax<58><STEAM_0:4:1446693380><TERRORIST>" killed "(Parinok)<59><STEAM_0:4:2078106835><CT>" with "glock18"
L 04/03/2015 - 13:26:22: Team "TERRORIST" triggered "Terrorists_Win" (CT "0") (T "1")
L 04/03/2015 - 13:26:22: World triggered "Round_End"
L 04/03/2015 - 13:26:32: World triggered "Round_Start"
L 04/03/2015 - 13:26:35: "(Parinok)<59><STEAM_0:4:2078106835><CT>" attacked "Na_nax<58><STEAM_0:4:1446693380><TERRORIST>" with "mp5navy" (damage "15") (damage_armor "0") (health "85") (armor "0")
L 04/03/2015 - 13:26:35: "Na_nax<58><STEAM_0:4:1446693380><TERRORIST>" attacked "(Parinok)<59><STEAM_0:4:2078106835><CT>" with "ak47" (damage "35") (damage_armor "0") (health "62") (armor "0")
L 04/03/2015 - 13:26:36: "(Parinok)<59><STEAM_0:4:2078106835><CT>" attacked "Na_nax<58><STEAM_0:4:1446693380><TERRORIST>" with "mp5navy" (damage "22") (damage_armor "0") (health "63") (armor "0")
L 04/03/2015 - 13:26:37: "(Parinok)<59><STEAM_0:4:2078106835><CT>" attacked "Na_nax<58><STEAM_0:4:1446693380><TERRORIST>" with "mp5navy" (damage "88") (damage_armor "0") (health "-25") (armor "0")
L 04/03/2015 - 13:26:37: "(Parinok)<59><STEAM_0:4:2078106835><CT>" killed "Na_nax<58><STEAM_0:4:1446693380><TERRORIST>" with "mp5navy"
L 04/03/2015 - 13:26:37: Team "CT" triggered "CTs_Win" (CT "1") (T "1")
L 04/03/2015 - 13:26:37: World triggered "Round_End"
L 04/03/2015 - 13:26:47: World triggered "Round_Start"
L 04/03/2015 - 13:26:52: "(Parinok)<59><STEAM_0:4:2078106835><CT>" attacked "Na_nax<58><STEAM_0:4:1446693380><TERRORIST>" with "mp5navy" (damage "23") (damage_armor "0") (health "77") (armor "0")
L 04/03/2015 - 13:26:52: "(Parinok)<59><STEAM_0:4:2078106835><CT>" attacked "Na_nax<58><STEAM_0:4:1446693380><TERRORIST>" with "mp5navy" (damage "23") (damage_armor "0") (health "54") (armor "0")
L 04/03/2015 - 13:26:53: "Na_nax<58><STEAM_0:4:1446693380><TERRORIST>" attacked "(Parinok)<59><STEAM_0:4:2078106835><CT>" with "deagle" (damage "60") (damage_armor "0") (health "40") (armor "0")
L 04/03/2015 - 13:26:53: "(Parinok)<59><STEAM_0:4:2078106835><CT>" attacked "Na_nax<58><STEAM_0:4:1446693380><TERRORIST>" with "mp5navy" (damage "24") (damage_armor "0") (health "30") (armor "0")
L 04/03/2015 - 13:26:53: "Na_nax<58><STEAM_0:4:1446693380><TERRORIST>" attacked "(Parinok)<59><STEAM_0:4:2078106835><CT>" with "deagle" (damage "36") (damage_armor "0") (health "4") (armor "0")
L 04/03/2015 - 13:26:53: "(Parinok)<59><STEAM_0:4:2078106835><CT>" attacked "Na_nax<58><STEAM_0:4:1446693380><TERRORIST>" with "mp5navy" (damage "24") (damage_armor "0") (health "6") (armor "0")
L 04/03/2015 - 13:26:53: "(Parinok)<59><STEAM_0:4:2078106835><CT>" attacked "Na_nax<58><STEAM_0:4:1446693380><TERRORIST>" with "mp5navy" (damage "24") (damage_armor "0") (health "-18") (armor "0")
L 04/03/2015 - 13:26:53: "(Parinok)<59><STEAM_0:4:2078106835><CT>" killed "Na_nax<58><STEAM_0:4:1446693380><TERRORIST>" with "mp5navy"
L 04/03/2015 - 13:26:53: Team "CT" triggered "CTs_Win" (CT "2") (T "1")
L 04/03/2015 - 13:26:53: World triggered "Round_End"
L 04/03/2015 - 13:27:03: World triggered "Round_Start"
L 04/03/2015 - 13:27:13: "(Parinok)<59><STEAM_0:4:2078106835><CT>" attacked "Na_nax<58><STEAM_0:4:1446693380><TERRORIST>" with "mp5navy" (damage "15") (damage_armor "0") (health "85") (armor "0")
L 04/03/2015 - 13:27:13: "Na_nax<58><STEAM_0:4:1446693380><TERRORIST>" attacked "(Parinok)<59><STEAM_0:4:2078106835><CT>" with "aug" (damage "120") (damage_armor "0") (health "-20") (armor "0")
L 04/03/2015 - 13:27:13: "Na_nax<58><STEAM_0:4:1446693380><TERRORIST>" killed "(Parinok)<59><STEAM_0:4:2078106835><CT>" with "aug"
L 04/03/2015 - 13:27:13: Team "TERRORIST" triggered "Terrorists_Win" (CT "2") (T "2")
L 04/03/2015 - 13:27:13: World triggered "Round_End"
L 04/03/2015 - 13:27:23: World triggered "Round_Start"
L 04/03/2015 - 13:27:25: [DPROTO]: Client 2 - Set AuthIdType 3 [dp_RevEmu]; pClient = 0xb392ecf0
L 04/03/2015 - 13:27:25: "Jofa74<61><STEAM_0:4:2056953466><>" connected, address "77.222.105.92:27005"
L 04/03/2015 - 13:27:25: [VTC] Player 3 speex
L 04/03/2015 - 13:27:36: "(Parinok)<59><STEAM_0:4:2078106835><CT>" attacked "Na_nax<58><STEAM_0:4:1446693380><TERRORIST>" with "usp" (damage "21") (damage_armor "0") (health "79") (armor "0")
L 04/03/2015 - 13:27:37: "Na_nax<58><STEAM_0:4:1446693380><TERRORIST>" attacked "(Parinok)<59><STEAM_0:4:2078106835><CT>" with "deagle" (damage "19") (damage_armor "0") (health "81") (armor "0")
L 04/03/2015 - 13:27:37: "(Parinok)<59><STEAM_0:4:2078106835><CT>" attacked "Na_nax<58><STEAM_0:4:1446693380><TERRORIST>" with "usp" (damage "15") (damage_armor "0") (health "64") (armor "0")
L 04/03/2015 - 13:27:37: "Na_nax<58><STEAM_0:4:1446693380><TERRORIST>" attacked "(Parinok)<59><STEAM_0:4:2078106835><CT>" with "deagle" (damage "18") (damage_armor "0") (health "63") (armor "0")
L 04/03/2015 - 13:27:37: "(Parinok)<59><STEAM_0:4:2078106835><CT>" attacked "Na_nax<58><STEAM_0:4:1446693380><TERRORIST>" with "usp" (damage "15") (damage_armor "0") (health "49") (armor "0")
L 04/03/2015 - 13:27:37: "Na_nax<58><STEAM_0:4:1446693380><TERRORIST>" attacked "(Parinok)<59><STEAM_0:4:2078106835><CT>" with "deagle" (damage "47") (damage_armor "0") (health "16") (armor "0")
L 04/03/2015 - 13:27:39: "Jofa74<61><STEAM_0:4:2056953466><>" entered the game
L 04/03/2015 - 13:27:44: "(Parinok)<59><STEAM_0:4:2078106835><CT>" attacked "Na_nax<58><STEAM_0:4:1446693380><TERRORIST>" with "usp" (damage "27") (damage_armor "0") (health "22") (armor "0")
L 04/03/2015 - 13:27:44: "(Parinok)<59><STEAM_0:4:2078106835><CT>" attacked "Na_nax<58><STEAM_0:4:1446693380><TERRORIST>" with "usp" (damage "27") (damage_armor "0") (health "-5") (armor "0")
L 04/03/2015 - 13:27:44: "(Parinok)<59><STEAM_0:4:2078106835><CT>" killed "Na_nax<58><STEAM_0:4:1446693380><TERRORIST>" with "usp"
L 04/03/2015 - 13:27:44: Team "CT" triggered "CTs_Win" (CT "3") (T "2")
L 04/03/2015 - 13:27:44: World triggered "Round_End"
L 04/03/2015 - 13:27:51: "Jofa74<61><STEAM_0:4:2056953466><>" joined team "TERRORIST"
L 04/03/2015 - 13:27:54: World triggered "Round_Start"
L 04/03/2015 - 13:28:02: "Jofa74<61><STEAM_0:4:2056953466><TERRORIST>" attacked "(Parinok)<59><STEAM_0:4:2078106835><CT>" with "mp5navy" (damage "76") (damage_armor "0") (health "24") (armor "0")
L 04/03/2015 - 13:28:03: "Jofa74<61><STEAM_0:4:2056953466><TERRORIST>" attacked "(Parinok)<59><STEAM_0:4:2078106835><CT>" with "mp5navy" (damage "76") (damage_armor "0") (health "-52") (armor "0")
L 04/03/2015 - 13:28:03: "Jofa74<61><STEAM_0:4:2056953466><TERRORIST>" killed "(Parinok)<59><STEAM_0:4:2078106835><CT>" with "mp5navy"
L 04/03/2015 - 13:28:03: Team "TERRORIST" triggered "Terrorists_Win" (CT "3") (T "3")
L 04/03/2015 - 13:28:03: World triggered "Round_End"
L 04/03/2015 - 13:28:10: "Na_nax<58><STEAM_0:4:1446693380><TERRORIST>" triggered "weaponstats" (weapon "grenade") (shots "6") (hits "0") (kills "0") (headshots "0") (tks "0") (damage "0") (deaths "1")
L 04/03/2015 - 13:28:10: "Na_nax<58><STEAM_0:4:1446693380><TERRORIST>" triggered "weaponstats2" (weapon "grenade") (head "0") (chest "0") (stomach "0") (leftarm "0") (rightarm "0") (leftleg "0") (rightleg "0")
L 04/03/2015 - 13:28:10: "Na_nax<58><STEAM_0:4:1446693380><TERRORIST>" triggered "weaponstats" (weapon "aug") (shots "4") (hits "1") (kills "1") (headshots "1") (tks "0") (damage "120") (deaths "0")
L 04/03/2015 - 13:28:10: "Na_nax<58><STEAM_0:4:1446693380><TERRORIST>" triggered "weaponstats2" (weapon "aug") (head "1") (chest "0") (stomach "0") (leftarm "0") (rightarm "0") (leftleg "0") (rightleg "0")
L 04/03/2015 - 13:28:10: "Na_nax<58><STEAM_0:4:1446693380><TERRORIST>" triggered "weaponstats" (weapon "glock18") (shots "9") (hits "2") (kills "1") (headshots "0") (tks "0") (damage "27") (deaths "0")
L 04/03/2015 - 13:28:10: "Na_nax<58><STEAM_0:4:1446693380><TERRORIST>" triggered "weaponstats2" (weapon "glock18") (head "0") (chest "0") (stomach "0") (leftarm "0") (rightarm "1") (leftleg "1") (rightleg "0")
L 04/03/2015 - 13:28:10: "Na_nax<58><STEAM_0:4:1446693380><TERRORIST>" triggered "weaponstats" (weapon "deagle") (shots "10") (hits "5") (kills "0") (headshots "0") (tks "0") (damage "180") (deaths "2")
L 04/03/2015 - 13:28:10: "Na_nax<58><STEAM_0:4:1446693380><TERRORIST>" triggered "weaponstats2" (weapon "deagle") (head "0") (chest "1") (stomach "2") (leftarm "1") (rightarm "0") (leftleg "1") (rightleg "0")
L 04/03/2015 - 13:28:10: "Na_nax<58><STEAM_0:4:1446693380><TERRORIST>" triggered "weaponstats" (weapon "ak47") (shots "49") (hits "6") (kills "1") (headshots "0") (tks "0") (damage "189") (deaths "1")
L 04/03/2015 - 13:28:10: "Na_nax<58><STEAM_0:4:1446693380><TERRORIST>" triggered "weaponstats2" (weapon "ak47") (head "0") (chest "1") (stomach "0") (leftarm "2") (rightarm "1") (leftleg "2") (rightleg "0")
L 04/03/2015 - 13:28:10: "Na_nax<58><STEAM_0:4:1446693380><TERRORIST>" triggered "time" (time "4:19")
L 04/03/2015 - 13:28:10: "Na_nax<58><STEAM_0:4:1446693380><TERRORIST>" triggered "latency" (ping "62")
L 04/03/2015 - 13:28:10: "(Parinok)<59><STEAM_0:4:2078106835><CT>" triggered "weaponstats" (weapon "grenade") (shots "1") (hits "0") (kills "0") (headshots "0") (tks "0") (damage "0") (deaths "0")
L 04/03/2015 - 13:28:10: "(Parinok)<59><STEAM_0:4:2078106835><CT>" triggered "weaponstats2" (weapon "grenade") (head "0") (chest "0") (stomach "0") (leftarm "0") (rightarm "0") (leftleg "0") (rightleg "0")
L 04/03/2015 - 13:28:10: "(Parinok)<59><STEAM_0:4:2078106835><CT>" triggered "weaponstats" (weapon "usp") (shots "10") (hits "5") (kills "1") (headshots "0") (tks "0") (damage "105") (deaths "0")
L 04/03/2015 - 13:28:10: "(Parinok)<59><STEAM_0:4:2078106835><CT>" triggered "weaponstats2" (weapon "usp") (head "0") (chest "1") (stomach "0") (leftarm "1") (rightarm "1") (leftleg "1") (rightleg "1")
L 04/03/2015 - 13:28:10: "(Parinok)<59><STEAM_0:4:2078106835><CT>" triggered "weaponstats" (weapon "mp5navy") (shots "83") (hits "19") (kills "3") (headshots "2") (tks "0") (damage "520") (deaths "4")
L 04/03/2015 - 13:28:10: "(Parinok)<59><STEAM_0:4:2078106835><CT>" triggered "weaponstats2" (weapon "mp5navy") (head "2") (chest "0") (stomach "4") (leftarm "6") (rightarm "4") (leftleg "2") (rightleg "1")
L 04/03/2015 - 13:28:10: "(Parinok)<59><STEAM_0:4:2078106835><CT>" triggered "weaponstats" (weapon "m4a1") (shots "10") (hits "1") (kills "0") (headshots "0") (tks "0") (damage "37") (deaths "1")
L 04/03/2015 - 13:28:10: "(Parinok)<59><STEAM_0:4:2078106835><CT>" triggered "weaponstats2" (weapon "m4a1") (head "0") (chest "0") (stomach "1") (leftarm "0") (rightarm "0") (leftleg "0") (rightleg "0")
L 04/03/2015 - 13:28:10: "(Parinok)<59><STEAM_0:4:2078106835><CT>" triggered "weaponstats" (weapon "ak47") (shots "3") (hits "0") (kills "0") (headshots "0") (tks "0") (damage "0") (deaths "1")
L 04/03/2015 - 13:28:10: "(Parinok)<59><STEAM_0:4:2078106835><CT>" triggered "weaponstats2" (weapon "ak47") (head "0") (chest "0") (stomach "0") (leftarm "0") (rightarm "0") (leftleg "0") (rightleg "0")
L 04/03/2015 - 13:28:10: "(Parinok)<59><STEAM_0:4:2078106835><CT>" triggered "time" (time "3:53")
L 04/03/2015 - 13:28:10: "(Parinok)<59><STEAM_0:4:2078106835><CT>" triggered "latency" (ping "51")
L 04/03/2015 - 13:28:10: "Jofa74<61><STEAM_0:4:2056953466><TERRORIST>" triggered "weaponstats" (weapon "mp5navy") (shots "6") (hits "2") (kills "1") (headshots "1") (tks "0") (damage "152") (deaths "0")
L 04/03/2015 - 13:28:10: "Jofa74<61><STEAM_0:4:2056953466><TERRORIST>" triggered "weaponstats2" (weapon "mp5navy") (head "2") (chest "0") (stomach "0") (leftarm "0") (rightarm "0") (leftleg "0") (rightleg "0")
L 04/03/2015 - 13:28:10: "Jofa74<61><STEAM_0:4:2056953466><TERRORIST>" triggered "time" (time "0:30")
L 04/03/2015 - 13:28:10: "Jofa74<61><STEAM_0:4:2056953466><TERRORIST>" triggered "latency" (ping "67")
L 04/03/2015 - 13:28:10: [META] ini: Begin re-reading plugins list: /home/extazy/public/cstrike/addons/metamod/plugins.ini
L 04/03/2015 - 13:28:10: [META] ini: Read plugin config for: AMX Mod X
L 04/03/2015 - 13:28:10: [META] ini: Read plugin config for: dproto_EF
L 04/03/2015 - 13:28:10: [META] ini: Read plugin config for: VoiceTranscoder
L 04/03/2015 - 13:28:10: [META] ini: Finished reading plugins list: /home/extazy/public/cstrike/addons/metamod/plugins.ini; Found 3 plugins
L 04/03/2015 - 13:28:10: [META] dll: Updating plugins...
L 04/03/2015 - 13:28:10: [META] dll: Finished updating 12 plugins; kept 3, loaded 0, unloaded 0, reloaded 0, delayed 0
L 04/03/2015 - 13:28:10: "Na_nax<58><STEAM_0:4:1446693380><TERRORIST>" disconnected
L 04/03/2015 - 13:28:10: "(Parinok)<59><STEAM_0:4:2078106835><CT>" disconnected
L 04/03/2015 - 13:28:10: "Jofa74<61><STEAM_0:4:2056953466><TERRORIST>" disconnected
L 04/03/2015 - 13:28:10: World triggered "Round_Draw" (CT "3") (T "3")
L 04/03/2015 - 13:28:10: World triggered "Round_End"
L 04/03/2015 - 13:28:10: Log file closed
