L 11/15/2015 - 16:11:42: Log file started (file "logs/L1115023.log") (game "cstrike") (version "48/1.1.2.6/Stdio/5787")
L 11/15/2015 - 16:11:42: Server cvar "mp_logdetail" = "3"
L 11/15/2015 - 16:11:42: Server cvar "sv_maxrate" = "8000"
L 11/15/2015 - 16:11:42: Server cvar "sv_maxspeed" = "320"
L 11/15/2015 - 16:11:42: Server cvar "mp_autokick" = "0"
L 11/15/2015 - 16:11:42: Server cvar "mp_c4timer" = "35"
L 11/15/2015 - 16:11:42: Server cvar "mp_chattime" = "5"
L 11/15/2015 - 16:11:42: Server cvar "mp_flashlight" = "1"
L 11/15/2015 - 16:11:42: Server cvar "mp_forcechasecam" = "1"
L 11/15/2015 - 16:11:42: Server cvar "mp_forcecamera" = "1"
L 11/15/2015 - 16:11:42: Server cvar "mp_freezetime" = "2"
L 11/15/2015 - 16:11:42: Server cvar "mp_friendlyfire" = "1"
L 11/15/2015 - 16:11:42: Server cvar "mp_limitteams" = "16"
L 11/15/2015 - 16:11:42: Server cvar "mp_hostagepenalty" = "0"
L 11/15/2015 - 16:11:42: Server cvar "mp_limitteams" = "3"
L 11/15/2015 - 16:11:42: Server cvar "mp_roundtime" = "2.5"
L 11/15/2015 - 16:11:42: Server cvar "mp_timelimit" = "20"
L 11/15/2015 - 16:11:42: Server cvar "sv_aim" = "0"
L 11/15/2015 - 16:11:47: "[POD]Botman (100)<1><BOT><>" entered the game
L 11/15/2015 - 16:11:47: "[POD]Botman (100)<1><BOT><>" joined team "TERRORIST"
L 11/15/2015 - 16:11:47: "[POD]Botman (100)<1><BOT><TERRORIST>" triggered "Spawned_With_The_Bomb"
L 11/15/2015 - 16:11:47: "[P*D]Mickey_Rourke (100)<2><BOT><>" entered the game
L 11/15/2015 - 16:11:47: "[P*D]Mickey_Rourke (100)<2><BOT><>" joined team "CT"
L 11/15/2015 - 16:11:47: World triggered "Game_Commencing"
L 11/15/2015 - 16:11:47: World triggered "Game_Commencing" (CT "0") (T "0")
L 11/15/2015 - 16:11:47: World triggered "Round_End"
L 11/15/2015 - 16:11:48: "[P*D]George_Clooney (100)<3><BOT><>" entered the game
L 11/15/2015 - 16:11:48: "[P*D]George_Clooney (100)<3><BOT><>" joined team "TERRORIST"
L 11/15/2015 - 16:11:48: "[P*D]Jennifer_Anniston (100)<4><BOT><>" entered the game
L 11/15/2015 - 16:11:48: "[P*D]Jennifer_Anniston (100)<4><BOT><>" joined team "CT"
L 11/15/2015 - 16:11:49: "[P0D]Harvey_Keitel (100)<5><BOT><>" entered the game
L 11/15/2015 - 16:11:49: "[P0D]Harvey_Keitel (100)<5><BOT><>" joined team "CT"
L 11/15/2015 - 16:11:49: "[POD]Fragnatic (100)<6><BOT><>" entered the game
L 11/15/2015 - 16:11:49: "[POD]Fragnatic (100)<6><BOT><>" joined team "TERRORIST"
L 11/15/2015 - 16:11:50: "[P*D]Robert_Downey_Jr (100)<7><BOT><>" entered the game
L 11/15/2015 - 16:11:50: "[P*D]Robert_Downey_Jr (100)<7><BOT><>" joined team "CT"
L 11/15/2015 - 16:11:50: "[P*D]George_Clooney (100)<3><BOT><TERRORIST>" triggered "Spawned_With_The_Bomb"
L 11/15/2015 - 16:11:52: World triggered "Round_Start"
L 11/15/2015 - 16:11:57: Your server needs to be restarted in order to receive the latest update.
L 11/15/2015 - 16:12:02: [DPROTO]: Client 7 - Set AuthIdType 10 [dproto]; pClient = 0xf39747b4
L 11/15/2015 - 16:12:02: "DOG_RouL!$<8><VALVE_ID_LAN><>" connected, address "127.0.0.1:27005"
L 11/15/2015 - 16:12:07: Kick: "[POD]Botman (100)<1><UNKNOWN><>" was kicked by "Console"
L 11/15/2015 - 16:12:07: "[POD]Botman (100)<1><BOT><TERRORIST>" disconnected
L 11/15/2015 - 16:12:07: "DOG_RouL!$<8><VALVE_ID_LAN><>" entered the game
L 11/15/2015 - 16:12:16: "[P*D]Robert_Downey_Jr (100)<7><BOT><CT>" attacked "[POD]Fragnatic (100)<6><BOT><TERRORIST>" with "usp" (damage "27") (damage_armor "0") (health "73") (armor "0")
L 11/15/2015 - 16:12:16: "[POD]Fragnatic (100)<6><BOT><TERRORIST>" attacked "[P*D]Robert_Downey_Jr (100)<7><BOT><CT>" with "glock18" (damage "19") (damage_armor "0") (health "81") (armor "0")
L 11/15/2015 - 16:12:17: "[P*D]Robert_Downey_Jr (100)<7><BOT><CT>" attacked "[POD]Fragnatic (100)<6><BOT><TERRORIST>" with "usp" (damage "28") (damage_armor "0") (health "45") (armor "0")
L 11/15/2015 - 16:12:17: "[POD]Fragnatic (100)<6><BOT><TERRORIST>" attacked "[P*D]Robert_Downey_Jr (100)<7><BOT><CT>" with "glock18" (damage "76") (damage_armor "0") (health "5") (armor "0")
L 11/15/2015 - 16:12:17: "[POD]Fragnatic (100)<6><BOT><TERRORIST>" attacked "[P*D]Robert_Downey_Jr (100)<7><BOT><CT>" with "glock18" (damage "76") (damage_armor "0") (health "-71") (armor "0")
L 11/15/2015 - 16:12:17: "[POD]Fragnatic (100)<6><BOT><TERRORIST>" killed "[P*D]Robert_Downey_Jr (100)<7><BOT><CT>" with "glock18"
L 11/15/2015 - 16:12:17: "[POD]Fragnatic (100)<6><BOT><TERRORIST>" say "Sorry, Robert_Downey_Jr. can we do the scene again?"
L 11/15/2015 - 16:12:19: "[P*D]George_Clooney (100)<3><BOT><TERRORIST>" attacked "[P*D]Mickey_Rourke (100)<2><BOT><CT>" with "glock18" (damage "56") (damage_armor "0") (health "44") (armor "0")
L 11/15/2015 - 16:12:19: "[POD]Fragnatic (100)<6><BOT><TERRORIST>" attacked "[P*D]Jennifer_Anniston (100)<4><BOT><CT>" with "glock18" (damage "14") (damage_armor "0") (health "86") (armor "0")
L 11/15/2015 - 16:12:19: "[P*D]Jennifer_Anniston (100)<4><BOT><CT>" attacked "[POD]Fragnatic (100)<6><BOT><TERRORIST>" with "usp" (damage "22") (damage_armor "0") (health "23") (armor "0")
L 11/15/2015 - 16:12:19: "[POD]Fragnatic (100)<6><BOT><TERRORIST>" attacked "[P*D]Jennifer_Anniston (100)<4><BOT><CT>" with "glock18" (damage "14") (damage_armor "0") (health "72") (armor "0")
L 11/15/2015 - 16:12:19: "[P*D]Jennifer_Anniston (100)<4><BOT><CT>" attacked "[POD]Fragnatic (100)<6><BOT><TERRORIST>" with "usp" (damage "22") (damage_armor "0") (health "1") (armor "0")
L 11/15/2015 - 16:12:19: "[POD]Fragnatic (100)<6><BOT><TERRORIST>" attacked "[P*D]Jennifer_Anniston (100)<4><BOT><CT>" with "glock18" (damage "14") (damage_armor "0") (health "58") (armor "0")
L 11/15/2015 - 16:12:19: "[P*D]Jennifer_Anniston (100)<4><BOT><CT>" attacked "[POD]Fragnatic (100)<6><BOT><TERRORIST>" with "usp" (damage "22") (damage_armor "0") (health "-21") (armor "0")
L 11/15/2015 - 16:12:19: "[P*D]Jennifer_Anniston (100)<4><BOT><CT>" killed "[POD]Fragnatic (100)<6><BOT><TERRORIST>" with "usp"
L 11/15/2015 - 16:12:20: "[P*D]George_Clooney (100)<3><BOT><TERRORIST>" attacked "[P*D]Mickey_Rourke (100)<2><BOT><CT>" with "glock18" (damage "18") (damage_armor "0") (health "26") (armor "0")
L 11/15/2015 - 16:12:21: "[P*D]Mickey_Rourke (100)<2><BOT><CT>" attacked "[P*D]George_Clooney (100)<3><BOT><TERRORIST>" with "usp" (damage "30") (damage_armor "0") (health "70") (armor "0")
L 11/15/2015 - 16:12:21: "[P*D]Mickey_Rourke (100)<2><BOT><CT>" attacked "[P*D]George_Clooney (100)<3><BOT><TERRORIST>" with "usp" (damage "24") (damage_armor "0") (health "46") (armor "0")
L 11/15/2015 - 16:12:22: "[P*D]George_Clooney (100)<3><BOT><TERRORIST>" attacked "[P*D]Mickey_Rourke (100)<2><BOT><CT>" with "glock18" (damage "16") (damage_armor "0") (health "10") (armor "0")
L 11/15/2015 - 16:12:22: "[P*D]Mickey_Rourke (100)<2><BOT><CT>" attacked "[P*D]George_Clooney (100)<3><BOT><TERRORIST>" with "usp" (damage "24") (damage_armor "0") (health "22") (armor "0")
L 11/15/2015 - 16:12:22: "[P*D]Mickey_Rourke (100)<2><BOT><CT>" attacked "[P*D]George_Clooney (100)<3><BOT><TERRORIST>" with "usp" (damage "24") (damage_armor "0") (health "-2") (armor "0")
L 11/15/2015 - 16:12:22: "[P*D]Mickey_Rourke (100)<2><BOT><CT>" killed "[P*D]George_Clooney (100)<3><BOT><TERRORIST>" with "usp"
L 11/15/2015 - 16:12:22: Team "CT" triggered "CTs_Win" (CT "1") (T "0")
L 11/15/2015 - 16:12:22: World triggered "Round_End"
L 11/15/2015 - 16:12:22: "[P*D]Mickey_Rourke (100)<2><BOT><CT>" say "George_Clooney get it right this time, dont stand in front of my bullets."
L 11/15/2015 - 16:12:22: Your server needs to be restarted in order to receive the latest update.
L 11/15/2015 - 16:12:27: "[P*D]George_Clooney (100)<3><BOT><TERRORIST>" triggered "Spawned_With_The_Bomb"
L 11/15/2015 - 16:12:29: World triggered "Round_Start"
L 11/15/2015 - 16:12:34: "DOG_RouL!$<8><VALVE_ID_LAN><>" joined team "TERRORIST"
L 11/15/2015 - 16:13:09: "[P*D]George_Clooney (100)<3><BOT><TERRORIST>" triggered "Planted_The_Bomb"
L 11/15/2015 - 16:13:09: "[P*D]George_Clooney (100)<3><BOT><TERRORIST>" say_team "Planted the Bomb!"
L 11/15/2015 - 16:13:09: "[P*D]Jennifer_Anniston (100)<4><BOT><CT>" say "oh no Mickey_Rourke, what did they do to the plants?"
L 11/15/2015 - 16:13:13: "DOG_RouL!$<8><VALVE_ID_LAN><TERRORIST>" disconnected
L 11/1