L 11/15/2015 - 16:07:06: Log file started (file "logs/L1115021.log") (game "cstrike") (version "48/1.1.2.6/Stdio/5787")
L 11/15/2015 - 16:07:06: Server cvar "mp_logdetail" = "3"
L 11/15/2015 - 16:07:06: Server cvar "sv_maxrate" = "8000"
L 11/15/2015 - 16:07:06: Server cvar "sv_maxspeed" = "320"
L 11/15/2015 - 16:07:06: Server cvar "mp_autokick" = "0"
L 11/15/2015 - 16:07:06: Server cvar "mp_c4timer" = "35"
L 11/15/2015 - 16:07:06: Server cvar "mp_chattime" = "5"
L 11/15/2015 - 16:07:06: Server cvar "mp_flashlight" = "1"
L 11/15/2015 - 16:07:06: Server cvar "mp_forcechasecam" = "1"
L 11/15/2015 - 16:07:06: Server cvar "mp_forcecamera" = "1"
L 11/15/2015 - 16:07:06: Server cvar "mp_freezetime" = "2"
L 11/15/2015 - 16:07:06: Server cvar "mp_friendlyfire" = "1"
L 11/15/2015 - 16:07:06: Server cvar "mp_limitteams" = "16"
L 11/15/2015 - 16:07:06: Server cvar "mp_hostagepenalty" = "0"
L 11/15/2015 - 16:07:06: Server cvar "mp_limitteams" = "3"
L 11/15/2015 - 16:07:06: Server cvar "mp_roundtime" = "2.5"
L 11/15/2015 - 16:07:06: Server cvar "mp_timelimit" = "20"
L 11/15/2015 - 16:07:06: Server cvar "sv_aim" = "0"
L 11/15/2015 - 16:07:11: "[P*D]Chris_Tucker (100)<1><BOT><>" entered the game
L 11/15/2015 - 16:07:11: "[P*D]Chris_Tucker (100)<1><BOT><>" joined team "TERRORIST"
L 11/15/2015 - 16:07:11: "[P*D]Chris_Tucker (100)<1><BOT><TERRORIST>" triggered "Spawned_With_The_Bomb"
L 11/15/2015 - 16:07:12: "[P*D]Samuel_L_Jackson (100)<2><BOT><>" entered the game
L 11/15/2015 - 16:07:12: "[P*D]Samuel_L_Jackson (100)<2><BOT><>" joined team "CT"
L 11/15/2015 - 16:07:12: World triggered "Game_Commencing"
L 11/15/2015 - 16:07:12: World triggered "Game_Commencing" (CT "0") (T "0")
L 11/15/2015 - 16:07:12: World triggered "Round_End"
L 11/15/2015 - 16:07:12: "[P0D]Charlie_Sheen (100)<3><BOT><>" entered the game
L 11/15/2015 - 16:07:12: "[P0D]Charlie_Sheen (100)<3><BOT><>" joined team "TERRORIST"
L 11/15/2015 - 16:07:13: "[P0D]Robert_Deniro (100)<4><BOT><>" entered the game
L 11/15/2015 - 16:07:13: "[P0D]Robert_Deniro (100)<4><BOT><>" joined team "CT"
L 11/15/2015 - 16:07:13: "[P0D]Bloodlust (100)<5><BOT><>" entered the game
L 11/15/2015 - 16:07:13: "[P0D]Bloodlust (100)<5><BOT><>" joined team "CT"
L 11/15/2015 - 16:07:14: "[P*D]Keanau_Reeves (100)<6><BOT><>" entered the game
L 11/15/2015 - 16:07:14: "[P*D]Keanau_Reeves (100)<6><BOT><>" joined team "TERRORIST"
L 11/15/2015 - 16:07:14: "[P0D]DaTa (100)<7><BOT><>" entered the game
L 11/15/2015 - 16:07:14: "[P0D]DaTa (100)<7><BOT><>" joined team "CT"
L 11/15/2015 - 16:07:15: "[P0D]Charlie_Sheen (100)<3><BOT><TERRORIST>" triggered "Spawned_With_The_Bomb"
L 11/15/2015 - 16:07:17: World triggered "Round_Start"
L 11/15/2015 - 16:07:19: Your server needs to be restarted in order to receive the latest update.
L 11/15/2015 - 16:07:23: [DPROTO]: Client 7 - Set AuthIdType 10 [dproto]; pClient = 0xf38e57b4
L 11/15/2015 - 16:07:23: "DOG_RouL!$<8><VALVE_ID_LAN><>" connected, address "127.0.0.1:27005"
L 11/15/2015 - 16:07:27: Kick: "[P*D]Chris_Tucker (100)<1><UNKNOWN><>" was kicked by "Console"
L 11/15/2015 - 16:07:27: "[P*D]Chris_Tucker (100)<1><BOT><TERRORIST>" disconnected
L 11/15/2015 - 16:07:27: "DOG_RouL!$<8><VALVE_ID_LAN><>" entered the game
L 11/15/2015 - 16:07:33: "[P0D]Charlie_Sheen (100)<3><BOT><TERRORIST>" attacked "[P*D]Samuel_L_Jackson (100)<2><BOT><CT>" with "glock18" (damage "18") (damage_armor "0") (health "82") (armor "0")
L 11/15/2015 - 16:07:35: "[P0D]Charlie_Sheen (100)<3><BOT><TERRORIST>" attacked "[P*D]Samuel_L_Jackson (100)<2><BOT><CT>" with "glock18" (damage "21") (damage_armor "0") (health "61") (armor "0")
L 11/15/2015 - 16:07:35: "[P*D]Samuel_L_Jackson (100)<2><BOT><CT>" attacked "[P0D]Charlie_Sheen (100)<3><BOT><TERRORIST>" with "usp" (damage "29") (damage_armor "0") (health "71") (armor "0")
L 11/15/2015 - 16:07:35: "[P*D]Samuel_L_Jackson (100)<2><BOT><CT>" attacked "[P0D]Charlie_Sheen (100)<3><BOT><TERRORIST>" with "usp" (damage "116") (damage_armor "0") (health "-45") (armor "0")
L 11/15/2015 - 16:07:35: "[P*D]Samuel_L_Jackson (100)<2><BOT><CT>" killed "[P0D]Charlie_Sheen (100)<3><BOT><TERRORIST>" with "usp"
L 11/15/2015 - 16:07:35: "[P0D]Charlie_Sheen (100)<3><BOT><TERRORIST>" triggered "Dropped_The_Bomb"
L 11/15/2015 - 16:07:39: Your server needs to be restarted in order to receive the latest update.
L 11/15/2015 - 16:07:39: "[P*D]Keanau_Reeves (100)<6><BOT><TERRORIST>" attacked "[P0D]Bloodlust (100)<5><BOT><CT>" with "glock18" (damage "10") (damage_armor "0") (health "90") (armor "0")
L 11/15/2015 - 16:07:40: "[P0D]Charlie_Sheen (100)<3><BOT><TERRORIST>" say "I have an audition, B R B" (dead)
L 11/15/2015 - 16:07:40: "[P0D]Bloodlust (100)<5><BOT><CT>" attacked "[P*D]Keanau_Reeves (100)<6><BOT><TERRORIST>" with "usp" (damage "18") (damage_armor "0") (health "82") (armor "0")
L 11/15/2015 - 16:07:41: "[P0D]Bloodlust (100)<5><BOT><CT>" attacked "[P*D]Keanau_Reeves (100)<6><BOT><TERRORIST>" with "usp" (damage "22") (damage_armor "0") (health "60") (armor "0")
L 11/15/2015 - 16:07:43: "[P0D]Bloodlust (100)<5><BOT><CT>" attacked "[P*D]Keanau_Reeves (100)<6><BOT><TERRORIST>" with "usp" (damage "17") (damage_armor "0") (health "43") (armor "0")
L 11/15/2015 - 16:07:43: "[P0D]Bloodlust (100)<5><BOT><CT>" attacked "[P*D]Keanau_Reeves (100)<6><BOT><TERRORIST>" with "usp" (damage "17") (damage_armor "0") (health "26") (armor "0")
L 11/15/2015 - 16:07:43: "[P0D]Bloodlust (100)<5><BOT><CT>" attacked "[P*D]Keanau_Reeves (100)<6><BOT><TERRORIST>" with "usp" (damage "17") (damage_armor "0") (health "9") (armor "0")
L 11/15/2015 - 16:07:44: "[P0D]Bloodlust (100)<5><BOT><CT>" attacked "[P*D]Keanau_Reeves (100)<6><BOT><TERRORIST>" with "usp" (damage "22") (damage_armor "0") (health "-13") (armor "0")
L 11/15/2015 - 16:07:44: "[P0D]Bloodlust (100)<5><BOT><CT>" killed "[P*D]Keanau_Reeves (100)<6><BOT><TERRORIST>" with "usp"
L 11/15/2015 - 16:07:44: Team "CT" triggered "CTs_Win" (CT "1") (T "0")
L 11/15/2015 - 16:07:44: World triggered "Round_End"
L 11/15/2015 - 16:07:44: "[P0D]Bloodlust (100)<5><BOT><CT>" say "Look at all that blood Keanau_Reeves  YEEEEEEEEEEEHAAAAAAAAAAAAAAA?"
L 11/15/2015 - 16:07:49: "[P0D]Charlie_Sheen (100)<3><BOT><TERRORIST>" triggered "Spawned_With_The_Bomb"
L 11/15/2015 - 16:07:51: World triggered "Round_Start"
L 11/15/2015 - 16:08:19: "[P0D]Robert_Deniro (100)<4><BOT><CT>" attacked "[P*D]Keanau_Reeves (100)<6><BOT><TERRORIST>" with "usp" (damage "10") (damage_armor "0") (health "90") (armor "0")
L 11/15/2015 - 16:08:19: "[P*D]Keanau_Reeves (100)<6><BOT><TERRORIST>" attacked "[P0D]Robert_Deniro (100)<4><BOT><CT>" with "glock18" (damage "10") (damage_armor "0") (health "90") (armor "0")
L 11/15/2015 - 16:08:19: "[P*D]Keanau_Reeves (100)<6><BOT><TERRORIST>" attacked "[P0D]Robert_Deniro (100)<4><BOT><CT>" with "glock18" (damage "10") (damage_armor "0") (health "80") (armor "0")
L 11/15/2015 - 16:08:19: "[P*D]Keanau_Reeves (100)<6><BOT><TERRORIST>" attacked "[P0D]Robert_Deniro (100)<4><BOT><CT>" with "glock18" (damage "10") (damage_armor "0") (health "70") (armor "0")
L 11/15/2015 - 16:08:19: "[P0D]Charlie_Sheen (100)<3><BOT><TERRORIST>" triggered "Planted_The_Bomb"
L 11/15/2015 - 16:08:19: "[P0D]Charlie_Sheen (100)<3><BOT><TERRORIST>" say_team "Planted the Bomb!"
L 11/15/2015 - 16:08:19: "[P0D]Robert_Deniro (100)<4><BOT><CT>" say "sssshhhhh... Samuel_L_Jackson, did you hear that beeping noise? was that your watch?"
L 11/15/2015 - 16:08:21: "[P0D]Robert_Deniro (100)<4><BOT><CT>" attacked "[P*D]Keanau_Reeves (100)<6><BOT><TERRORIST>" with "usp" (damage "12") (damage_armor "0") (health "78") (armor "0")
L 11/15/2015 - 16:08:23: "[P0D]Robert_Deniro (100)<4><BOT><CT>" attacked "[P*D]Keanau_Reeves (100)<6><BOT><TERRORIST>" with "usp" (damage "19") (damage_armor "0") (health "59") (armor "0")
L 11/15/2015 - 16:08:24: "[P0D]Robert_Deniro (100)<4><BOT><CT>" attacked "[P*D]Keanau_Reeves (100)<6><BOT><TERRORIST>" with "usp" (damage "20") (damage_armor "0") (health "39") (armor "0")
L 11/15/2015 - 16:08:24: "[P0D]Robert_Deniro (100)<4><BOT><CT>" attacked "[P*D]Keanau_Reeves (100)<6><BOT><TERRORIST>" with "usp" (damage "20") (damage_armor "0") (health "19") (armor "0")
L 11/15/2015 - 16:08:24: "[P*D]Keanau_Reeves (100)<6><BOT><TERRORIST>" attacked "[P0D]Robert_Deniro (100)<4><BOT><CT>" with "glock18" (damage "64") (damage_armor "0") (health "6") (armor "0")
L 11/15/2015 - 16:08:24: "[P*D]Keanau_Reeves (100)<6><BOT><TERRORIST>" attacked "[P0D]Robert_Deniro (100)<4><BOT><CT>" with "glock18" (damage "16") (damage_armor "0") (health "-10") (armor "0")
L 11/15/2015 - 16:08:24: "[P*D]Keanau_Reeves (100)<6><BOT><TERRORIST>" killed "[P0D]Robert_Deniro (100)<4><BOT><CT>" with "glock18"
L 11/15/2015 - 16:08:30: "[P0D]DaTa (100)<7><BOT><CT>" attacked "[P0D]Charlie_Sheen (100)<3><BOT><TERRORIST>" with "usp" (damage "22") (damage_armor "0") (health "78") (armor "0")
L 11/15/2015 - 16:08:31: "[P0D]Charlie_Sheen (100)<3><BOT><TERRORIST>" attacked "[P0D]DaTa (100)<7><BOT><CT>" with "glock18" (damage "22") (damage_armor "0") (health "78") (armor "0")
L 11/15/2015 - 16:08:31: "[P0D]DaTa (100)<7><BOT><CT>" attacked "[P0D]Charlie_Sheen (100)<3><BOT><TERRORIST>" with "usp" (damage "22") (damage_armor "0") (health "56") (armor "0")
L 11/15/2015 - 16:08:31: "[P0D]Charlie_Sheen (100)<3><BOT><TERRORIST>" attacked "[P0D]DaTa (100)<7><BOT><CT>" with "glock18" (damage "84") (damage_armor "0") (health "-6") (armor "0")
L 11/15/2015 - 16:08:31: "[P0D]Charlie_Sheen (100)<3><BOT><TERRORIST>" killed "[P0D]DaTa (100)<7><BOT><CT>" with "glock18"
L 11/15/2015 - 16:08:32: "[P0D]DaTa (100)<7><BOT><CT>" say "Why does everyone keep trying to hurt me, where are my stuntmen??" (dead)
L 11/15/2015 - 16:08:32: "[P*D]Keanau_Reeves (100)<6><BOT><TERRORIST>" attacked "[P0D]Bloodlust (100)<5><BOT><CT>" with "glock18" (damage "13") (damage_armor "0") (health "87") (armor "0")
L 11/15/2015 - 16:08:36: "[P*D]Keanau_Reeves (100)<6><BOT><TERRORIST>" attacked "[P0D]Bloodlust (100)<5><BOT><CT>" with "glock18" (damage "12") (damage_armor "0") (health "75") (armor "0")
L 11/15/2015 - 16:08:36: "[P0D]Bloodlust (100)<5><BOT><CT>" attacked "[P*D]Keanau_Reeves (100)<6><BOT><TERRORIST>" with "usp" (damage "16") (damage_armor "0") (health "3") (armor "0")
L 11/15/2015 - 16:08:36: "[P0D]Bloodlust (100)<5><BOT><CT>" attacked "[P*D]Keanau_Reeves (100)<6><BOT><TERRORIST>" with "usp" (damage "20") (damage_armor "0") (health "-17") (armor "0")
L 11/15/2015 - 16:08:36: "[P0D]Bloodlust (100)<5><BOT><CT>" killed "[P*D]Keanau_Reeves (100)<6><BOT><TERRORIST>" with "usp"
L 11/15/2015 - 16:08:36: "[P0D]Bloodlust (100)<5><BOT><CT>" say "Sorry, Keanau_Reeves. can we do the scene again?"
L 11/15/2015 - 16:08:36: "DOG_RouL!$<8><VALVE_ID_LAN><>" joined team "TERRORIST"
L 11/15/2015 - 16:08:42: "[P0D]Robert_Deniro (100)<4><BOT><CT>" say "You will never find out, DaTa!" (dead)
L 11/15/2015 - 16:08:51: "[P0D]DaTa (100)<7><BOT><CT>" say "Silly rabbit...um....i forgot the rest" (dead)
L 11/15/2015 - 16:08:55: Team "TERRORIST" triggered "Target_Bombed" (CT "1") (T "1")
L 11/15/2015 - 16:08:55: World triggered "Round_End"
L 11/15/2015 - 16:08:55: "[P0D]Charlie_Sheen (100)<3><BOT><TERRORIST>" say "I thought all of you action heros would be good at this...guess not hehe" (dead)
L 11/15/2015 - 16:09:00: "[P*D]Keanau_Reeves (100)<6><BOT><TERRORIST>" triggered "Spawned_With_The_Bomb"
L 11/15/2015 - 16:09:02: World triggered "Round_Start"
L 11/15/2015 - 16:09:18: "[P0D]Robert_Deniro (100)<4><BOT><CT>" attacked "[P0D]Charlie_Sheen (100)<3><BOT><TERRORIST>" with "usp" (damage "23") (damage_armor "0") (health "77") (armor "0")
L 11/15/2015 - 16:09:18: "[P0D]Charlie_Sheen (100)<3><BOT><TERRORIST>" attacked "[P0D]Robert_Deniro (100)<4><BOT><CT>" with "glock18" (damage "18") (damage_armor "0") (health "82") (armor "0")
L 11/15/2015 - 16:09:18: "[P0D]Charlie_Sheen (100)<3><BOT><TERRORIST>" attacked "[P0D]Robert_Deniro (100)<4><BOT><CT>" with "glock18" (damage "72") (damage_armor "0") (health "10") (armor "0")
L 11/15/2015 - 16:09:19: "[P0D]Charlie_Sheen (100)<3><BOT><TERRORIST>" attacked "[P0D]Robert_Deniro (100)<4><BOT><CT>" with "glock18" (damage "18") (damage_armor "0") (health "-8") (armor "0")
L 11/15/2015 - 16:09:19: "[P0D]Charlie_Sheen (100)<3><BOT><TERRORIST>" killed "[P0D]Robert_Deniro (100)<4><BOT><CT>" with "glock18"
L 11/15/2015 - 16:09:23: "[P0D]DaTa (100)<7><BOT><CT>" attacked "[P*D]Keanau_Reeves (100)<6><BOT><TERRORIST>" with "usp" (damage "23") (damage_armor "0") (health "77") (armor "0")
L 11/15/2015 - 16:09:23: "[P*D]Keanau_Reeves (100)<6><BOT><TERRORIST>" attacked "[P0D]DaTa (100)<7><BOT><CT>" with "glock18" (damage "18") (damage_armor "0") (health "82") (armor "0")
L 11/15/2015 - 16:09:23: "[P0D]DaTa (100)<7><BOT><CT>" attacked "[P*D]Keanau_Reeves (100)<6><BOT><TERRORIST>" with "usp" (damage "23") (damage_armor "0") (health "54") (armor "0")
L 11/15/2015 - 16:09:23: "[P*D]Keanau_Reeves (100)<6><BOT><TERRORIST>" attacked "[P0D]DaTa (100)<7><BOT><CT>" with "glock18" (damage "18") (damage_armor "0") (health "64") (armor "0")
L 11/15/2015 - 16:09:23: "[P0D]DaTa (100)<7><BOT><CT>" attacked "[P*D]Keanau_Reeves (100)<6><BOT><TERRORIST>" with "usp" (damage "23") (damage_armor "0") (health "31") (armor "0")
L 11/15/2015 - 16:09:23: "[P*D]Keanau_Reeves (100)<6><BOT><TERRORIST>" attacked "[P0D]DaTa (100)<7><BOT><CT>" with "glock18" (damage "18") (damage_armor "0") (health "46") (armor "0")
L 11/15/2015 - 16:09:23: "[P0D]DaTa (100)<7><BOT><CT>" attacked "[P*D]Keanau_Reeves (100)<6><BOT><TERRORIST>" with "usp" (damage "28") (damage_armor "0") (health "3") (armor "0")
L 11/15/2015 - 16:09:24: "[P*D]Keanau_Reeves (100)<6><BOT><TERRORIST>" attacked "[P0D]DaTa (100)<7><BOT><CT>" with "glock18" (damage "72") (damage_armor "0") (health "-26") (armor "0")
L 11/15/2015 - 16:09:24: "[P*D]Keanau_Reeves (100)<6><BOT><TERRORIST>" killed "[P0D]DaTa (100)<7><BOT><CT>" with "glock18"
L 11/15/2015 - 16:09:25: "[P0D]DaTa (100)<7><BOT><CT>" say "Spectating is something normal people do....not us." (dead)
L 11/15/2015 - 16:09:30: "[P0D]Robert_Deniro (100)<4><BOT><CT>" say "Roger That, Colonel, I'm on my way" (dead)
L 11/15/2015 - 16:09:39: "[P0D]DaTa (100)<7><BOT><CT>" say "OMG you're weird in person! i'd rather watch your movies." (dead)
L 11/15/2015 - 16:09:39: "[P*D]Samuel_L_Jackson (100)<2><BOT><CT>" attacked "[P*D]Keanau_Reeves (100)<6><BOT><TERRORIST>" with "usp" (damage "18") (damage_armor "0") (health "-15") (armor "0")
L 11/15/2015 - 16:09:39: "[P*D]Samuel_L_Jackson (100)<2><BOT><CT>" killed "[P*D]Keanau_Reeves (100)<6><BOT><TERRORIST>" with "usp"
L 11/15/2015 - 16:09:39: "[P*D]Keanau_Reeves (100)<6><BOT><TERRORIST>" triggered "Dropped_The_Bomb"
L 11/15/2015 - 16:09:44: "[P0D]Robert_Deniro (100)<4><BOT><CT>" say "Man, cant we talk about something besides our jobs??" (dead)
L 11/15/2015 - 16:09:44: "[P*D]Keanau_Reeves (100)<6><BOT><TERRORIST>" say "no way Charlie_Sheen!! No human is that quick" (dead)
L 11/15/2015 - 16:09:54: "[P*D]Keanau_Reeves (100)<6><BOT><TERRORIST>" say "I usually don't play this with famous people !" (dead)
L 11/15/2015 - 16:09:59: "[P0D]Robert_Deniro (100)<4><BOT><CT>" say "Who's famous Keanau_Reeves??" (dead)
L 11/15/2015 - 16:10:05: "[P*D]Keanau_Reeves (100)<6><BOT><TERRORIST>" say "My fame is due to hard work *snicker*" (dead)
L 11/15/2015 - 16:10:11: "[P0D]DaTa (100)<7><BOT><CT>" say "LOL! Look at Samuel_L_Jackson ... WTF ?...never seen anything like that before !" (dead)
L 11/15/2015 - 16:10:14: "[P0D]DaTa (100)<7><BOT><CT>" say "Bla bla bla..." (dead)
L 11/15/2015 - 16:10:19: "[P0D]Robert_Deniro (100)<4><BOT><CT>" say "I believe you!!!" (dead)
L 11/15/2015 - 16:10:24: "[P*D]Keanau_Reeves (100)<6><BOT><TERRORIST>" say "I think you're retarded" (dead)
L 11/15/2015 - 16:10:29: "[P0D]Robert_Deniro (100)<4><BOT><CT>" say "And I think you should sit back down and play!" (dead)
L 11/15/2015 - 16:10:34: "[P*D]Samuel_L_Jackson (100)<2><BOT><CT>" attacked "[P0D]Charlie_Sheen (100)<3><BOT><TERRORIST>" with "usp" (damage "27") (damage_armor "0") (health "50") (armor "0")
L 11/15/2015 - 16:10:35: "[P*D]Keanau_Reeves (100)<6><BOT><TERRORIST>" say "I think you're retarded" (dead)
L 11/15/2015 - 16:10:35: "[P0D]Charlie_Sheen (100)<3><BOT><TERRORIST>" attacked "[P*D]Samuel_L_Jackson (100)<2><BOT><CT>" with "glock18" (damage "19") (damage_armor "0") (health "81") (armor "0")
L 11/15/2015 - 16:10:35: "[P0D]Charlie_Sheen (100)<3><