L 11/15/2015 - 16:21:03: Log file started (file "logs/L1115025.log") (game "cstrike") (version "48/1.1.2.6/Stdio/5787")
L 11/15/2015 - 16:21:03: Server cvar "mp_logdetail" = "3"
L 11/15/2015 - 16:21:03: Server cvar "sv_maxrate" = "8000"
L 11/15/2015 - 16:21:03: Server cvar "sv_maxspeed" = "320"
L 11/15/2015 - 16:21:03: Server cvar "mp_autokick" = "0"
L 11/15/2015 - 16:21:03: Server cvar "mp_c4timer" = "35"
L 11/15/2015 - 16:21:03: Server cvar "mp_chattime" = "5"
L 11/15/2015 - 16:21:03: Server cvar "mp_flashlight" = "1"
L 11/15/2015 - 16:21:03: Server cvar "mp_forcechasecam" = "1"
L 11/15/2015 - 16:21:03: Server cvar "mp_forcecamera" = "1"
L 11/15/2015 - 16:21:03: Server cvar "mp_freezetime" = "2"
L 11/15/2015 - 16:21:03: Server cvar "mp_friendlyfire" = "1"
L 11/15/2015 - 16:21:03: Server cvar "mp_limitteams" = "16"
L 11/15/2015 - 16:21:03: Server cvar "mp_hostagepenalty" = "0"
L 11/15/2015 - 16:21:03: Server cvar "mp_limitteams" = "3"
L 11/15/2015 - 16:21:03: Server cvar "mp_roundtime" = "2.5"
L 11/15/2015 - 16:21:03: Server cvar "mp_timelimit" = "20"
L 11/15/2015 - 16:21:03: Server cvar "sv_aim" = "0"
L 11/15/2015 - 16:21:08: "[P*D]Woody_Harrelson (100)<1><BOT><>" entered the game
L 11/15/2015 - 16:21:08: "[P*D]Woody_Harrelson (100)<1><BOT><>" joined team "TERRORIST"
L 11/15/2015 - 16:21:08: "[P*D]Woody_Harrelson (100)<1><BOT><TERRORIST>" triggered "Spawned_With_The_Bomb"
L 11/15/2015 - 16:21:09: "[POD]Polymorph (100)<2><BOT><>" entered the game
L 11/15/2015 - 16:21:09: "[POD]Polymorph (100)<2><BOT><>" joined team "CT"
L 11/15/2015 - 16:21:09: World triggered "Game_Commencing"
L 11/15/2015 - 16:21:09: World triggered "Game_Commencing" (CT "0") (T "0")
L 11/15/2015 - 16:21:09: World triggered "Round_End"
L 11/15/2015 - 16:21:09: "[P0D]George_Hamilton (100)<3><BOT><>" entered the game
L 11/15/2015 - 16:21:09: "[P0D]George_Hamilton (100)<3><BOT><>" joined team "CT"
L 11/15/2015 - 16:21:10: "[P0D]Kate_Winslet (100)<4><BOT><>" entered the game
L 11/15/2015 - 16:21:10: "[P0D]Kate_Winslet (100)<4><BOT><>" joined team "TERRORIST"
L 11/15/2015 - 16:21:10: "[POD]Bruce_Willis (100)<5><BOT><>" entered the game
L 11/15/2015 - 16:21:10: "[POD]Bruce_Willis (100)<5><BOT><>" joined team "TERRORIST"
L 11/15/2015 - 16:21:11: "[P*D]Fuzzy Logic (100)<6><BOT><>" entered the game
L 11/15/2015 - 16:21:11: "[P*D]Fuzzy Logic (100)<6><BOT><>" joined team "CT"
L 11/15/2015 - 16:21:11: "[POD]Jennifer_Anniston (100)<7><BOT><>" entered the game
L 11/15/2015 - 16:21:11: "[POD]Jennifer_Anniston (100)<7><BOT><>" joined team "TERRORIST"
L 11/15/2015 - 16:21:12: "[P0D]Kate_Winslet (100)<4><BOT><TERRORIST>" triggered "Spawned_With_The_Bomb"
L 11/15/2015 - 16:21:14: World triggered "Round_Start"
L 11/15/2015 - 16:21:20: Your server needs to be restarted in order to receive the latest update.
L 11/15/2015 - 16:21:25: [DPROTO]: Client 7 - Set AuthIdType 10 [dproto]; pClient = 0xf39a37b4
L 11/15/2015 - 16:21:25: "DOG_RouL!$<8><VALVE_ID_LAN><>" connected, address "127.0.0.1:27005"
L 11/15/2015 - 16:21:30: Kick: "[P*D]Woody_Harrelson (100)<1><UNKNOWN><>" was kicked by "Console"
L 11/15/2015 - 16:21:30: "[P*D]Woody_Harrelson (100)<1><BOT><TERRORIST>" disconnected
L 11/15/2015 - 16:21:30: "DOG_RouL!$<8><VALVE_ID_LAN><>" entered the game
L 11/15/2015 - 16:21:32: "DOG_RouL!$<8><VALVE_ID_LAN><>" joined team "TERRORIST"
L 11/15/2015 - 16:21:39: "[P0D]Kate_Winslet (100)<4><BOT><TERRORIST>" attacked "[P0D]George_Hamilton (100)<3><BOT><CT>" with "glock18" (damage "20") (damage_armor "0") (health "80") (armor "0")
L 11/15/2015 - 16:21:39: "[P0D]George_Hamilton (100)<3><BOT><CT>" attacked "[P0D]Kate_Winslet (100)<4><BOT><TERRORIST>" with "usp" (damage "30") (damage_armor "0") (health "70") (armor "0")
L 11/15/2015 - 16:21:39: "[P0D]Kate_Winslet (100)<4><BOT><TERRORIST>" attacked "[P0D]George_Hamilton (100)<3><BOT><CT>" with "glock18" (damage "20") (damage_armor "0") (health "60") (armor "0")
L 11/15/2015 - 16:21:39: "[P0D]George_Hamilton (100)<3><BOT><CT>" attacked "[P0D]Kate_Winslet (100)<4><BOT><TERRORIST>" with "usp" (damage "18") (damage_armor "0") (health "52") (armor "0")
L 11/15/2015 - 16:21:39: "[P0D]Kate_Winslet (100)<4><BOT><TERRORIST>" attacked "[P0D]George_Hamilton (100)<3><BOT><CT>" with "glock18" (damage "20") (damage_armor "0") (health "40") (armor "0")
L 11/15/2015 - 16:21:40: "[P0D]George_Hamilton (100)<3><BOT><CT>" attacked "[P0D]Kate_Winslet (100)<4><BOT><TERRORIST>" with "usp" (damage "104") (damage_armor "0") (health "-52") (armor "0")
L 11/15/2015 - 16:21:40: "[P0D]George_Hamilton (100)<3><BOT><CT>" killed "[P0D]Kate_Winslet (100)<4><BOT><TERRORIST>" with "usp"
L 11/15/2015 - 16:21:40: "[P0D]Kate_Winslet (100)<4><BOT><TERRORIST>" triggered "Dropped_The_Bomb"
L 11/15/2015 - 16:21:41: "[POD]Polymorph (100)<2><BOT><CT>" attacked "[POD]Bruce_Willis (100)<5><BOT><TERRORIST>" with "usp" (damage "19") (damage_armor "0") (health "81") (armor "0")
L 11/15/2015 - 16:21:44: "[POD]Polymorph (100)<2><BOT><CT>" attacked "[POD]Bruce_Willis (100)<5><BOT><TERRORIST>" with "usp" (damage "23") (damage_armor "0") (health "58") (armor "0")
L 11/15/2015 - 16:21:44: "[POD]Bruce_Willis (100)<5><BOT><TERRORIST>" attacked "[POD]Polymorph (100)<2><BOT><CT>" with "glock18" (damage "72") (damage_armor "0") (health "28") (armor "0")
L 11/15/2015 - 16:21:45: Your server needs to be restarted in order to receive the latest update.
L 11/15/2015 - 16:21:45: "[POD]Polymorph (100)<2><BOT><CT>" attacked "[POD]Bruce_Willis (100)<5><BOT><TERRORIST>" with "usp" (damage "23") (damage_armor "0") (health "35") (armor "0")
L 11/15/2015 - 16:21:46: "[POD]Polymorph (100)<2><BOT><CT>" attacked "[POD]Bruce_Willis (100)<5><BOT><TERRORIST>" with "usp" (damage "23") (damage_armor "0") (health "12") (armor "0")
L 11/15/2015 - 16:21:46: "[P0D]Kate_Winslet (100)<4><BOT><TERRORIST>" say "What music are you listening to??" (dead)
L 11/15/2015 - 16:21:55: "[P*D]Fuzzy Logic (100)<6><BOT><CT>" attacked "DOG_RouL!$<8><VALVE_ID_LAN><TERRORIST>" with "usp" (damage "31") (damage_armor "0") (health "69") (armor "0")
L 11/15/2015 - 16:21:55: "[P*D]Fuzzy Logic (100)<6><BOT><CT>" attacked "DOG_RouL!$<8><VALVE_ID_LAN><TERRORIST>" with "usp" (damage "19") (damage_armor "0") (health "50") (armor "0")
L 11/15/2015 - 16:21:55: "[P*D]Fuzzy Logic (100)<6><BOT><CT>" attacked "DOG_RouL!$<8><VALVE_ID_LAN><TERRORIST>" with "usp" (damage "27") (damage_armor "0") (health "23") (armor "0")
L 11/15/2015 - 16:21:55: "[P*D]Fuzzy Logic (100)<6><BOT><CT>" attacked "DOG_RouL!$<8><VALVE_ID_LAN><TERRORIST>" with "usp" (damage "35") (damage_armor "0") (health "-12") (armor "0")
L 11/15/2015 - 16:21:55: "[P*D]Fuzzy Logic (100)<6><BOT><CT>" killed "DOG_RouL!$<8><VALVE_ID_LAN><TERRORIST>" with "usp"
L 11/15/2015 - 16:21:58: "[P*D]Fuzzy Logic (100)<6><BOT><CT>" attacked "[POD]Jennifer_Anniston (100)<7><BOT><TERRORIST>" with "usp" (damage "31") (damage_armor "0") (health "69") (armor "0")
L 11/15/2015 - 16:21:58: "[POD]Jennifer_Anniston (100)<7><BOT><TERRORIST>" attacked "[P*D]Fuzzy Logic (100)<6><BOT><CT>" with "glock18" (damage "22") (damage_armor "0") (health "78") (armor "0")
L 11/15/2015 - 16:21:58: "[P0D]George_Hamilton (100)<3><BOT><CT>" attacked "[POD]Bruce_Willis (100)<5><BOT><TERRORIST>" with "usp" (damage "24") (damage_armor "0") (health "-12") (armor "0")
L 11/15/2015 - 16:21:58: "[P0D]George_Hamilton (100)<3><BOT><CT>" killed "[POD]Bruce_Willis (100)<5><BOT><TERRORIST>" with "usp"
L 11/15/2015 - 16:21:58: "[P*D]Fuzzy Logic (100)<6><BOT><CT>" attacked "[POD]Jennifer_Anniston (100)<7><BOT><TERRORIST>" with "usp" (damage "31") (damage_armor "0") (health "38") (armor "0")
L 11/15/2015 - 16:21:58: "[POD]Bruce_Willis (100)<5><BOT><TERRORIST>" say "Trance beats make me dizzy when I'm drunk" (dead)
L 11/15/2015 - 16:21:58: "[POD]Jennifer_Anniston (100)<7><BOT><TERRORIST>" attacked "[P*D]Fuzzy Logic (100)<6><BOT><CT>" with "glock18" (damage "22") (damage_armor "0") (health "56") (armor "0")
L 11/15/2015 - 16:21:58: "[P*D]Fuzzy Logic (100)<6><BOT><CT>" attacked "[POD]Jennifer_Anniston (100)<7><BOT><TERRORIST>" with "usp" (damage "31") (damage_armor "0") (health "7") (armor "0")
L 11/15/2015 - 16:21:58: "[POD]Jennifer_Anniston (100)<7><BOT><TERRORIST>" attacked "[P*D]Fuzzy Logic (100)<6><BOT><CT>" with "glock18" (damage "22") (damage_armor "0") (health "34") (armor "0")
L 11/15/2015 - 16:21:58: "[POD]Jennifer_Anniston (100)<7><BOT><TERRORIST>" attacked "[P*D]Fuzzy Logic (100)<6><BOT><CT>" with "glock18" (damage "22") (damage_armor "0") (health "12") (armor "0")
L 11/15/2015 - 16:21:58: "[POD]Jennifer_Anniston (100)<7><BOT><TERRORIST>" attacked "[P*D]Fuzzy Logic (100)<6><BOT><CT>" with "glock18" (damage "88") (damage_armor "0") (health "-76") (armor "0")
L 11/15/2015 - 16:21:58: "[POD]Jennifer_Anniston (100)<7><BOT><TERRORIST>" killed "[P*D]Fuzzy Logic (100)<6><BOT><CT>" with "glock18"
L 11/15/2015 - 16:22:00: "[POD]Polymorph (100)<2><BOT><CT>" committed suicide with "world"
L 11/15/2015 - 16:22:00: "[P0D]George_Hamilton (100)<3><BOT><CT>" committed suicide with "world"
L 11/15/2015 - 16:22:00: Team "TERRORIST" triggered "Terrorists_Win" (CT "0") (T "1")
L 11/15/2015 - 16:22:00: World triggered "Round_End"
L 11/15/2015 - 16:22:00: "[POD]Jennifer_Anniston (100)<7><BOT><TERRORIST>" committed suicide with "world"
L 11/15/2015 - 16:22:03: "[POD]Jennifer_Anniston (100)<7><BOT><TERRORIST>" say "Find out yourself, Bruce_Willis !" (dead)
L 11/15/2015 - 16:22:05: "[POD]Jennifer_Anniston (100)<7><BOT><TERRORIST>" triggered "Spawned_With_The_Bomb"
L 11/15/2015 - 16:22:07: World triggered "Round_Start"
L 11/15/2015 - 16:22:29: "[POD]Polymorph (100)<2><BOT><CT>" attacked "[POD]Bruce_Willis (100)<5><BOT><TERRORIST>" with "usp" (damage "28") (damage_armor "0") (health "72") (armor "0")
L 11/15/2015 - 16:22:29: "[POD]Bruce_Willis (100)<5><BOT><TERRORIST>" attacked "[POD]Polymorph (100)<2><BOT><CT>" with "ak47" (damage "19") (damage_armor "0") (health "81") (armor "0")
L 11/15/2015 - 16:22:29: "[POD]Bruce_Willis (100)<5><BOT><TERRORIST>" attacked "[POD]Polymorph (100)<2><BOT><CT>" with "ak47" (damage "76") (damage_armor "0") (health "5") (armor "0")
L 11/15/2015 - 16:22:29: "[POD]Bruce_Willis (100)<5><BOT><TERRORIST>" attacked "[POD]Polymorph (100)<2><BOT><CT>" with "ak47" (damage "76") (damage_armor "0") (health "-71") (armor "0")
L 11/15/2015 - 16:22:29: "[POD]Bruce_Willis (100)<5><BOT><TERRORIST>" killed "[POD]Polymorph (100)<2><BOT><CT>" with "ak47"
L 11/15/2015 - 16:22:29: "[POD]Bruce_Willis (100)<5><BOT><TERRORIST>" say "are you talking to me Polymorph??"
L 11/15/2015 - 16:22:30: "[P0D]George_Hamilton (100)<3><BOT><CT>" attacked "[P0D]Kate_Winslet (100)<4><BOT><TERRORIST>" with "usp" (damage "21") (damage_armor "0") (health "79") (armor "0")
L 11/15/2015 - 16:22:30: "[P0D]George_Hamilton (100)<3><BOT><CT>" attacked "[P0D]Kate_Winslet (100)<4><BOT><TERRORIST>" with "usp" (damage "21") (damage_armor "0") (health "58") (armor "0")
L 11/15/2015 - 16:22:30: "[P0D]Kate_Winslet (100)<4><BOT><TERRORIST>" attacked "[P0D]George_Hamilton (100)<3><BOT><CT>" with "ak47" (damage "30") (damage_armor "0") (health "70") (armor "0")
L 11/15/2015 - 16:22:30: "[P0D]Kate_Winslet (100)<4><BOT><TERRORIST>" attacked "[P0D]George_Hamilton (100)<3><BOT><CT>" with "ak47" (damage "30") (damage_armor "0") (health "40") (armor "0")
L 11/15/2015 - 16:22:31: "[P0D]George_Hamilton (100)<3><BOT><CT>" attacked "[POD]Bruce_Willis (100)<5><BOT><TERRORIST>" with "usp" (damage "26") (damage_armor "0") (health "46") (armor "0")
L 11/15/2015 - 16:22:31: "[P0D]Kate_Winslet (100)<4><BOT><TERRORIST>" attacked "[P0D]George_Hamilton (100)<3><BOT><CT>" with "ak47" (damage "30") (damage_armor "0") (health "10") (armor "0")
L 11/15/2015 - 16:22:31: "[POD]Bruce_Willis (100)<5><BOT><TERRORIST>" attacked "[P0D]George_Hamilton (100)<3><BOT><CT>" with "ak47" (damage "14") (damage_armor "0") (health "-4") (armor "0")
L 11/15/2015 - 16:22:31: "[POD]Bruce_Willis (100)<5><BOT><TERRORIST>" killed "[P0D]George_Hamilton (100)<3><BOT><CT>" with "ak47"
L 11/15/2015 - 16:22:31: "[POD]Bruce_Willis (100)<5><BOT><TERRORIST>" say "Hip-Hop is phat George_Hamilton!!"
L 11/15/2015 - 16:22:33: "[POD]Bruce_Willis (100)<5><BOT><TERRORIST>" attacked "[P*D]Fuzzy Logic (100)<6><BOT><CT>" with "ak47" (damage "31") (damage_armor "0") (health "69") (armor "0")
L 11/15/2015 - 16:22:33: "[P*D]Fuzzy Logic (100)<6><BOT><CT>" attacked "[POD]Bruce_Willis (100)<5><BOT><TERRORIST>" with "usp" (damage "120") (damage_armor "0") (health "-74") (armor "0")
L 11/15/2015 - 16:22:33: "[P*D]Fuzzy Logic (100)<6><BOT><CT>" killed "[POD]Bruce_Willis (100)<5><BOT><TERRORIST>" with "usp"
L 11/15/2015 - 16:22:34: "[P0D]Kate_Winslet (100)<4><BOT><TERRORIST>" attacked "[P*D]Fuzzy Logic (100)<6><BOT><CT>" with "ak47" (damage "42") (damage_armor "0") (health "27") (armor "0")
L 11/15/2015 - 16:22:34: "[P*D]Fuzzy Logic (100)<6><BOT><CT>" attacked "[P0D]Kate_Winslet (100)<4><BOT><TERRORIST>" with "usp" (damage "25") (damage_armor "0") (health "33") (armor "0")
L 11/15/2015 - 16:22:34: "[P0D]Kate_Winslet (100)<4><BOT><TERRORIST>" attacked "[P*D]Fuzzy Logic (100)<6><BOT><CT>" with "ak47" (damage "42") (damage_armor "0") (health "-15") (armor "0")
L 11/15/2015 - 16:22:34: "[P0D]Kate_Winslet (100)<4><BOT><TERRORIST>" killed "[P*D]Fuzzy Logic (100)<6><BOT><CT>" with "ak47"
L 11/15/2015 - 16:22:34: Team "TERRORIST" triggered "Terrorists_Win" (CT "0") (T "2")
L 11/15/2015 - 16:22:34: World triggered "Round_End"
L 11/15/2015 - 16:22:37: "[P*D]Fuzzy Logic (100)<6><BOT><CT>" say "Busta Rhymes is the fastest rapper..and has great style too" (dead)
L 11/15/2015 - 16:22:39: "[POD]Jennifer_Anniston (100)<7><BOT><TERRORIST>" triggered "Planted_The_Bomb"
L 11/15/2015 - 16:22:39: "[POD]Jennifer_Anniston (100)<7><BOT><TERRORIST>" say_team "Planted the Bomb!"
L 11/15/2015 - 16:22:39: "DOG_RouL!$<8><VALVE_ID_LAN><TERRORIST>" triggered "Spawned_With_The_Bomb"
L 11/15/2015 - 16:22:41: World triggered "Round_Start"
L 11/15/2015 - 16:23:04: "DOG_RouL!$<8><VALVE_ID_LAN><TERRORIST>" attacked "[POD]Polymorph (100)<2><BOT><CT>" with "ak47" (damage "16") (damage_armor "0") (health "84") (armor "0")
L 11/15/2015 - 16:23:05: "[POD]Polymorph (100)<2><BOT><CT>" attacked "[P0D]Kate_Winslet (100)<4><BOT><TERRORIST>" with "usp" (damage "24") (damage_armor "0") (health "76") (armor "0")
L 11/15/2015 - 16:23:05: "DOG_RouL!$<8><VALVE_ID_LAN><TERRORIST>" attacked "[POD]Polymorph (100)<2><BOT><CT>" with "ak47" (damage "140") (damage_armor "0") (health "-56") (armor "0")
L 11/15/2015 - 16:23:05: "DOG_RouL!$<8><VALVE_ID_LAN><TERRORIST>" killed "[POD]Polymorph (100)<2><BOT><CT>" with "ak47"
L 11/15/2015 - 16:23:21: "[POD]Bruce_Willis (100)<5><BOT><TERRORIST>" attacked "[P0D]George_Hamilton (100)<3><BOT><CT>" with "glock18" (damage "11") (damage_armor "0") (health "89") (armor "0")
L 11/15/2015 - 16:23:22: "[POD]Bruce_Willis (100)<5><BOT><TERRORIST>" attacked "[P0D]George_Hamilton (100)<3><BOT><CT>" with "glock18" (damage "10") (damage_armor "0") (health "79") (armor "0")
L 11/15/2015 - 16:23:22: "[POD]Jennifer_Anniston (100)<7><BOT><TERRORIST>" attacked "[P0D]George_Hamilton (100)<3><BOT><CT>" with "ak47" (damage "136") (damage_armor "0") (health "-57") (armor "0")
L 11/15/2015 - 16:23:22: "[POD]Jennifer_Anniston (100)<7><BOT><TERRORIST>" killed "[P0D]George_Hamilton (100)<3><BOT><CT>" with "ak47"
L 11/15/2015 - 16:23:24: "[POD]Polymorph (100)<2><BOT><CT>" say "Stop waiting around you freaks!! There's only 01:47 left !!" (dead)
L 11/15/2015 - 16:23:32: "[P0D]George_Hamilton (100)<3><BOT><CT>" say "MAN you are so impatient Polymorph" (dead)
L 11/15/2015 - 16:23:40: "[POD]Polymorph (100)<2><BOT><CT>" say "YEAH RIGHT! HAHA SURE!!!" (dead)
L 11/15/2015 - 16:23:48: "[P0D]George_Hamilton (100)<3><BOT><CT>" say "yeah lol, Polymorph!" (dead)
L 11/15/2015 - 16:23:50: "[POD]Jennifer_Anniston (100)<7><BOT><TERRORIST>" attacked "[P*D]Fuzzy Logic (100)<6><BOT><CT>" with "ak47" (damage "35") (damage_armor "0") (health "65") (armor "0")
L 11/15/2015 - 16:23:51: "[POD]Jennifer_Anniston (100)<7><BOT><TERRORIST>" attacked "[P*D]Fuzzy Logic (100)<6><BOT><CT>" with "ak47" (damage "35") (damage_armor "0") (health "30") (armor "0")
L 11/15/2015 - 16:23:51: "[P*D]Fuzzy Logic (100)<6><BOT><CT>" attacked "[POD]Jennifer_Anniston (100)<7><BOT><TERRORIST>" with "ak47" (damage "35") (damage_armor "0") (health "65") (armor "0")
L 11/15/2015 - 16:23:51: "[P*D]Fuzzy Logic (100)<6><BOT><CT>" attacked "[POD]Jennifer_Anniston (100)<7><BOT><TERRORIST>" with "ak47" (damage "26") (damage_armor "0") (health "39") (armor "0")
L 11/15/2015 - 16:23:51: "[POD]Jennifer_Anniston (100)<7><BOT><TERRORIST>" attacked "[P*D]Fuzzy Logic (100)<6><BOT><CT>" with "ak47" (damage "26") (damage_armor "0") (health "4") (armor "0")
L 11/15/2015 - 16:23:51: "[POD]Jennifer_Anniston (100)<7><BOT><TERRORIST>" attacked "[P*D]Fuzzy Logic (100)<6><BOT><CT>" with "ak47" (damage "43") (damage_armor "0") (health "-39") (armor "0")
L 11/15/2015 - 16:23:51: "[POD]Jennifer_Anniston (100)<7><BOT><TERRORIST>" killed "[P*D]Fuzzy Logic (100)<6><BOT><CT>" with "ak47"
L 11/15/2015 - 16:23:51: Team "TERRORIST" triggered "Terrorists_Win" (CT "0") (T "3")
L 11/15/2015 - 16:23:51: World triggered "Round_End"
L 11/15/2015 - 16:23:54: "[P*D]Fuzzy Logic (100)<6><BOT><CT>" say "ROFL" (dead)
L 11/15/2015 - 16:23:56: "[P0D]Kate_Winslet (100)<4><BOT><TERRORIST>" triggered "Spawned_With_The_Bomb"
L 11/15/2015 - 16:23:58: World triggered "Round_Start"
L 11/15/2015 - 16:24:21: "[P0D]George_Hamilton (100)<3><BOT><CT>" attacked "[POD]Jennifer_Anniston (100)<7><BOT><TERRORIST>" with "usp" (damage "17") (damage_armor "0") (health "83") (armor "0")
L 11/15/2015 - 16:24:22: "[P0D]George_Hamilton (100)<3><BOT><CT>" attacked "[POD]Jennifer_Anniston (100)<7><BOT><TERRORIST>" with "usp" (damage "18") (damage_armor "0") (health "65") (armor "0")
L 11/15/2015 - 16:24:22: "[P0D]George_Hamilton (100)<3><BOT><CT>" attacked "[POD]Jennifer_Anniston (100)<7><BOT><TERRORIST>" with "usp" (damage "18") (damage_armor "0") (health "47") (armor "0")
L 11/15/2015 - 16:24:22: "[POD]Jennifer_Anniston (100)<7><BOT><TERRORIST>" attacked "[P0D]George_Hamilton (100)<3><BOT><CT>" with "ak47" (damage "34") (damage_armor "0") (health "66") (armor "0")
L 11/15/2015 - 16:24:22: "[POD]Jennifer_Anniston (100)<7><BOT><TERRORIST>" attacked "[P0D]George_Hamilton (100)<3><BOT><CT>" with "ak47" (damage "34") (damage_armor "0") (health "32") (armor "0")
L 11/15/2015 - 16:24:32: "[POD]Bruce_Willis (100)<5><BOT><TERRORIST>" attacked "[P0D]George_Hamilton (100)<3><BOT><CT>" with "glock18" (damage "22") (damage_armor "0") (health "10") (armor "0")
L 11/15/2015 - 16:24:32: "[P*D]Fuzzy Logic (100)<6><BOT><CT>" attacked "DOG_RouL!$<8><VALVE_ID_LAN><TERRORIST>" with "usp" (damage "31") (damage_armor "0") (health "69") (armor "0")
L 11/15/2015 - 16:24:32: "[POD]Bruce_Willis (100)<5><BOT><TERRORIST>" attacked "[P0D]George_Hamilton (100)<3><BOT><CT>" with "glock18" (damage "22") (damage_armor "0") (health "-12") (armor "0")
L 11/15/2015 - 16:24:32: "[POD]Bruce_Willis (100)<5><BOT><TERRORIST>" killed "[P0D]George_Hamilton (100)<3><BOT><CT>" with "glock18"
L 11/15/2015 - 16:24:33: "[P*D]Fuzzy Logic (100)<6><BOT><CT>" attacked "DOG_RouL!$<8><VALVE_ID_LAN><TERRORIST>" with "knife" (damage "15") (damage_armor "0") (health "54") (armor "0")
L 11/15/2015 - 16:24:33: "DOG_RouL!$<8><VALVE_ID_LAN><TERRORIST>" attacked "[P*D]Fuzzy Logic (100)<6><BOT><CT>" with "ak47" (damage "140") (damage_armor "0") (health "-40") (armor "0")
L 11/15/2015 - 16:24:33: "DOG_RouL!$<8><VALVE_ID_LAN><TERRORIST>" killed "[P*D]Fuzzy Logic (100)<6><BOT><CT>" with "ak47"
L 11/15/2015 - 16:24:34: "[P*D]Fuzzy Logic (100)<6><BOT><CT>" say "This is even close to real looking, good work on the set !!" (dead)
L 11/15/2015 - 16:24:41: "[P0D]Kate_Winslet (100)<4><BOT><TERRORIST>" triggered "Planted_The_Bomb"
L 11/15/2015 - 16:24:41: "[P0D]Kate_Winslet (100)<4><BOT><TERRORIST>" say_team "Planted the Bomb!"
L 11/15/2015 - 16:24:42: "[P0D]George_Hamilton (100)<3><BOT><CT>" say "define real for me please" (dead)
L 11/15/2015 - 16:24:48: "[P*D]Fuzzy Logic (100)<6><BOT><CT>" say "It makes me sick to look at you FAMOUS idiots!" (dead)
L 11/15/2015 - 16:24:51: "[POD]Polymorph (100)<2><BOT><CT>" attacked "DOG_RouL!$<8><VALVE_ID_LAN><TERRORIST>" with "usp" (damage "27") (damage_armor "0") (health "27") (armor "0")
L 11/15/2015 - 16:24:51: "[POD]Polymorph (100)<2><BOT><CT>" attacked "DOG_RouL!$<8><VALVE_ID_LAN><TERRORIST>" with "usp" (damage "28") (damage_armor "