L 11/15/2015 - 13:38:51: Log file started (file "logs/L1115013.log") (game "cstrike") (version "48/1.1.2.6/Stdio/5787")
L 11/15/2015 - 13:38:51: Server cvar "mp_logdetail" = "3"
L 11/15/2015 - 13:38:51: Server cvar "sv_maxrate" = "8000"
L 11/15/2015 - 13:38:51: Server cvar "sv_maxspeed" = "320"
L 11/15/2015 - 13:38:51: Server cvar "mp_autokick" = "0"
L 11/15/2015 - 13:38:51: Server cvar "mp_c4timer" = "35"
L 11/15/2015 - 13:38:51: Server cvar "mp_chattime" = "5"
L 11/15/2015 - 13:38:51: Server cvar "mp_flashlight" = "1"
L 11/15/2015 - 13:38:51: Server cvar "mp_forcechasecam" = "1"
L 11/15/2015 - 13:38:51: Server cvar "mp_forcecamera" = "1"
L 11/15/2015 - 13:38:51: Server cvar "mp_freezetime" = "2"
L 11/15/2015 - 13:38:51: Server cvar "mp_friendlyfire" = "1"
L 11/15/2015 - 13:38:51: Server cvar "mp_limitteams" = "16"
L 11/15/2015 - 13:38:51: Server cvar "mp_hostagepenalty" = "0"
L 11/15/2015 - 13:38:51: Server cvar "mp_limitteams" = "3"
L 11/15/2015 - 13:38:51: Server cvar "mp_roundtime" = "2.5"
L 11/15/2015 - 13:38:51: Server cvar "mp_timelimit" = "20"
L 11/15/2015 - 13:38:51: Server cvar "sv_aim" = "0"
L 11/15/2015 - 13:38:56: "[P0D]S.E.S. (100)<1><BOT><>" entered the game
L 11/15/2015 - 13:38:56: "[P0D]S.E.S. (100)<1><BOT><>" joined team "CT"
L 11/15/2015 - 13:38:57: "[P*D]Make my Day (100)<2><BOT><>" entered the game
L 11/15/2015 - 13:38:57: "[P*D]Make my Day (100)<2><BOT><>" joined team "TERRORIST"
L 11/15/2015 - 13:38:57: World triggered "Game_Commencing"
L 11/15/2015 - 13:38:57: World triggered "Game_Commencing" (CT "0") (T "0")
L 11/15/2015 - 13:38:57: World triggered "Round_End"
L 11/15/2015 - 13:38:57: "[POD]Alloc (100)<3><BOT><>" entered the game
L 11/15/2015 - 13:38:57: "[POD]Alloc (100)<3><BOT><>" joined team "CT"
L 11/15/2015 - 13:38:58: "[POD]Pissed Off (100)<4><BOT><>" entered the game
L 11/15/2015 - 13:38:58: "[POD]Pissed Off (100)<4><BOT><>" joined team "TERRORIST"
L 11/15/2015 - 13:38:58: "[POD]Count Floyd (100)<5><BOT><>" entered the game
L 11/15/2015 - 13:38:58: "[POD]Count Floyd (100)<5><BOT><>" joined team "CT"
L 11/15/2015 - 13:38:59: "[P*D]Larry_Fishbourne (100)<6><BOT><>" entered the game
L 11/15/2015 - 13:38:59: "[P*D]Larry_Fishbourne (100)<6><BOT><>" joined team "TERRORIST"
L 11/15/2015 - 13:38:59: "[POD]Bloodlust (100)<7><BOT><>" entered the game
L 11/15/2015 - 13:38:59: "[POD]Bloodlust (100)<7><BOT><>" joined team "CT"
L 11/15/2015 - 13:39:00: "[P*D]Make my Day (100)<2><BOT><TERRORIST>" triggered "Spawned_With_The_Bomb"
L 11/15/2015 - 13:39:01: [DPROTO]: Client 7 - Set AuthIdType 10 [dproto]; pClient = 0xf39b97b4
L 11/15/2015 - 13:39:01: "DOG_RouL!$<8><VALVE_ID_LAN><>" connected, address "127.0.0.1:27005"
L 11/15/2015 - 13:39:02: World triggered "Round_Start"
L 11/15/2015 - 13:39:05: Kick: "[P0D]S.E.S. (100)<1><UNKNOWN><>" was kicked by "Console"
L 11/15/2015 - 13:39:05: "[P0D]S.E.S. (100)<1><BOT><CT>" disconnected
L 11/15/2015 - 13:39:05: "DOG_RouL!$<8><VALVE_ID_LAN><>" entered the game
L 11/15/2015 - 13:39:06: Your server needs to be restarted in order to receive the latest update.
L 11/15/2015 - 13:39:07: "DOG_RouL!$<8><VALVE_ID_LAN><>" joined team "TERRORIST"
L 11/15/2015 - 13:39:16: Your server needs to be restarted in order to receive the latest update.
L 11/15/2015 - 13:39:17: "[P*D]Make my Day (100)<2><BOT><TERRORIST>" attacked "[POD]Count Floyd (100)<5><BOT><CT>" with "glock18" (damage "18") (damage_armor "0") (health "82") (armor "0")
L 11/15/2015 - 13:39:18: "[P*D]Make my Day (100)<2><BOT><TERRORIST>" attacked "[POD]Count Floyd (100)<5><BOT><CT>" with "glock18" (damage "19") (damage_armor "0") (health "63") (armor "0")
L 11/15/2015 - 13:39:18: "[POD]Count Floyd (100)<5><BOT><CT>" attacked "[P*D]Make my Day (100)<2><BOT><TERRORIST>" with "usp" (damage "26") (damage_armor "0") (health "74") (armor "0")
L 11/15/2015 - 13:39:18: "[P*D]Make my Day (100)<2><BOT><TERRORIST>" attacked "[POD]Count Floyd (100)<5><BOT><CT>" with "glock18" (damage "21") (damage_armor "0") (health "42") (armor "0")
L 11/15/2015 - 13:39:18: "[POD]Count Floyd (100)<5><BOT><CT>" attacked "[P*D]Make my Day (100)<2>