L 11/16/2015 - 20:36:17: Log file started (file "logs/L1116004.log") (game "cstrike") (version "48/1.6.3.7/Stdio/5787")
L 11/16/2015 - 20:36:17: Server cvar "mp_logdetail" = "3"
L 11/16/2015 - 20:36:17: Server cvar "mp_timelimit" = "30"
L 11/16/2015 - 20:36:17: Server cvar "mp_c4timer" = "35"
L 11/16/2015 - 20:36:17: Server cvar "mp_flashlight" = "1"
L 11/16/2015 - 20:36:17: Server cvar "mp_freezetime" = "5"
L 11/16/2015 - 20:36:17: Server cvar "mp_hostagepenalty" = "0"
L 11/16/2015 - 20:36:17: Server cvar "mp_limitteams" = "5"
L 11/16/2015 - 20:36:17: Server cvar "mp_roundtime" = "2.57"
L 11/16/2015 - 20:36:17: Server cvar "mp_tkpunish" = "1"
L 11/16/2015 - 20:36:17: Server cvar "sv_restartround" = "1"
L 11/16/2015 - 20:36:17: Server cvar "sv_maxspeed" = "320"
L 11/16/2015 - 20:36:17: Server cvar "sv_proxies" = "0"
L 11/16/2015 - 20:36:17: Server cvar "allow_spectators" = "4"
L 11/16/2015 - 20:36:17: Server cvar "mp_chattime" = "0"
L 11/16/2015 - 20:36:17: Server cvar "decalfrequency" = "9"
L 11/16/2015 - 20:36:17: Server cvar "sv_aim" = "0"
L 11/16/2015 - 20:36:17: Server cvar "sv_minrate" = "100000"
L 11/16/2015 - 20:36:17: Server cvar "sv_maxrate" = "25000"
L 11/16/2015 - 20:36:17: Server cvar "sv_region" = "3"
L 11/16/2015 - 20:36:18: World triggered "Restart_Round_(1_second)"
L 11/16/2015 - 20:36:18: Team "CT" scored "0" with "0" players
L 11/16/2015 - 20:36:18: Team "TERRORIST" scored "0" with "0" players
L 11/16/2015 - 20:36:18: Server cvar "sv_restartround" = "0"
L 11/16/2015 - 20:36:20: [DPROTO]: Client 0 - Set AuthIdType 10 [dproto]; pClient = 0xf3963f08
L 11/16/2015 - 20:36:20: "DOG_RouL!$<1><VALVE_ID_LAN><>" connected, address "127.0.0.1:27005"
L 11/16/2015 - 20:36:21: [VTC] Player 1 silk
L 11/16/2015 - 20:36:22: "[P*D]Heather_Graham (100)<2><BOT><>" entered the game
L 11/16/2015 - 20:36:22: "[P*D]Heather_Graham (100)<2><BOT><>" joined team "CT"
L 11/16/2015 - 20:36:22: "[POD]Matt_Damon (100)<3><BOT><>" entered the game
L 11/16/2015 - 20:36:22: "[POD]Matt_Damon (100)<3><BOT><>" joined team "TERRORIST"
L 11/16/2015 - 20:36:22: World triggered "Game_Commencing"
L 11/16/2015 - 20:36:22: World triggered "Game_Commencing" (CT "0") (T "0")
L 11/16/2015 - 20:36:22: World triggered "Round_End"
L 11/16/2015 - 20:36:23: "[P0D]Jeff_Bridges (100)<4><BOT><>" entered the game
L 11/16/2015 - 20:36:23: "[P0D]Jeff_Bridges (100)<4><BOT><>" joined team "CT"
L 11/16/2015 - 20:36:23: "[P*D]Will_Smith (100)<5><BOT><>" entered the game
L 11/16/2015 - 20:36:23: "[P*D]Will_Smith (100)<5><BOT><>" joined team "TERRORIST"
L 11/16/2015 - 20:36:23: "DOG_RouL!$<1><VALVE_ID_LAN><>" entered the game
L 11/16/2015 - 20:36:24: "[P*D]Stacy_Keech (100)<6><BOT><>" entered the game
L 11/16/2015 - 20:36:24: "[P*D]Stacy_Keech (100)<6><BOT><>" joined team "CT"
L 11/16/2015 - 20:36:24: "[POD]Andrew_Dice_Clay (100)<7><BOT><>" entered the game
L 11/16/2015 - 20:36:24: "[POD]Andrew_Dice_Clay (100)<7><BOT><>" joined team "TERRORIST"
L 11/16/2015 - 20:36:25: "DOG_RouL!$<1><VALVE_ID_LAN><>" joined team "TERRORIST"
L 11/16/2015 - 20:36:25: "[P0D]Chris_Tucker (100)<8><BOT><>" entered the game
L 11/16/2015 - 20:36:25: Kick: "[P*D]Heather_Graham (100)<2><BOT><>" was kicked by "Console"
L 11/16/2015 - 20:36:25: "[P*D]Heather_Graham (100)<2><BOT><CT>" disconnected
L 11/16/2015 - 20:36:25: "[P0D]Chris_Tucker (100)<8><BOT><>" joined team "CT"
L 11/16/2015 - 20:36:25: "DOG_RouL!$<1><VALVE_ID_LAN><TERRORIST>" triggered "Spawned_With_The_Bomb"
L 11/16/2015 - 20:36:30: World triggered "Round_Start"
L 11/16/2015 - 20:36:44: "[P0D]Jeff_Bridges (100)<4><BOT><CT>" attacked "DOG_RouL!$<1><VALVE_ID_LAN><TERRORIST>" with "deagle" (damage "36") (damage_armor "0") (health "64") (armor "0")
L 11/16/2015 - 20:36:45: "[P0D]Jeff_Bridges (100)<4><BOT><CT>" attacked "DOG_RouL!$<1><VALVE_ID_LAN><TERRORIST>" with "deagle" (damage "16") (damage_armor "0") (health "48") (armor "0")
L 11/16/2015 - 20:36:47: "[P0D]Chris_Tucker (100)<8><BOT><CT>" attacked "DOG_RouL!$<1><VALVE_ID_LAN><TERRORIST>" with "usp" (damage "22") (damage_armor "0") (health "26") (armor "0")
L 11/16/2015 - 20:36:47: "[P0D]Chris_Tucker (100)<8><BOT><CT>" attacked "DOG_RouL!$<1><VALVE_ID_LAN><TERRORIST>" with "usp" (damage "22") (damage_armor "0") (health "4") (armor "0")
L 11/16/2015 - 20:36:47: "[P0D]Chris_Tucker (100)<8><BOT><CT>" attacked "DOG_RouL!$<1><VALVE_ID_LAN><TERRORIST>" with "usp" (damage "21") (damage_armor "0") (health "-17") (armor "0")
L 11/16/2015 - 20:36:47: "[P0D]Chris_Tucker (100)<8><BOT><CT>" killed "DOG_RouL!$<1><VALVE_ID_LAN><TERRORIST>" with "usp"
L 11/16/2015 - 20:36:47: "DOG_RouL!$<1><VALVE_ID_LAN><TERRORIST>" triggered "Dropped_The_Bomb"
L 11/16/2015 - 20:36:50: "[POD]Andrew_Dice_Clay (100)<7><BOT><TERRORIST>" attacked "[P0D]Chris_Tucker (100)<8><BOT><CT>" with "deagle" (damage "21") (damage_armor "0") (health "79") (armor "0")
L 11/16/2015 - 20:36:52: "[POD]Matt_Damon (100)<3><BOT><TERRORIST>" committed suicide with "world"
L 11/16/2015 - 20:36:52: "[P0D]Jeff_Bridges (100)<4><BOT><CT>" committed suicide with "world"
L 11/16/2015 - 20:36:52: "[P*D]Will_Smith (100)<5><BOT><TERRORIST>" committed suicide with "world"
L 11/16/2015 - 20:36:52: "[P*D]Stacy_Keech (100)<6><BOT><CT>" committed suicide with "world"
L 11/16/2015 - 20:36:52: "[POD]Andrew_Dice_Clay (100)<7><BOT><TERRORIST>" committed suicide with "world"
L 11/16/2015 - 20:36:52: Team "CT" triggered "CTs_Win" (CT "1") (T "0")
L 11/16/2015 - 20:36:52: World triggered "Round_End"
L 11/16/2015 - 20:36:52: "[P0D]Chris_Tucker (100)<8><BOT><CT>" committed suicide with "world"
L 11/16/2015 - 20:36:53: "[POD]Andrew_Dice_Clay (100)<7><BOT><TERRORIST>" say "...All that and a bag of chips with a side order of bacon!" (dead)
L 11/16/2015 - 20:36:57: "[POD]Matt_Damon (100)<3><BOT><TERRORIST>" triggered "Spawned_With_The_Bomb"
L 11/16/2015 - 20:37:02: World triggered "Round_Start"
L 11/16/2015 - 20:37:03: "DOG_RouL!$<1><VALVE_ID_LAN><TERRORIST>" committed suicide with "world"
L 11/16/2015 - 20:37:03: "DOG_RouL!$<1><VALVE_ID_LAN><TERRORIST>" joined team "CT"
L 11/16/2015 - 20:37:08: "[POD]Matt_Damon (100)<3><BOT><TERRORIST>" committed suicide with "world"
L 11/16/2015 - 20:37:08: "[POD]Matt_Damon (100)<3><BOT><TERRORIST>" triggered "Dropped_The_Bomb"
L 11/16/2015 - 20:37:08: "[P0D]Jeff_Bridges (100)<4><BOT><CT>" committed suicide with "world"
L 11/16/2015 - 20:37:08: "[P*D]Will_Smith (100)<5><BOT><TERRORIST>" committed suicide with "world"
L 11/16/2015 - 20:37:08: "[P*D]Stacy_Keech (100)<6><BOT><CT>" committed suicide with "world"
L 11/16/2015 - 20:37:08: "[POD]Andrew_Dice_Clay (100)<7><BOT><TERRORIST>" committed suicide with "world"
L 11/16/2015 - 20:37:08: Team "CT" triggered "CTs_Win" (CT "2") (T "0")
L 11/16/2015 - 20:37:08: World triggered "Round_End"
L 11/16/2015 - 20:37:08: "[P0D]Chris_Tucker (100)<8><BOT><CT>" committed suicide with "world"
L 11/16/2015 - 20:37:08: "[P*D]Stacy_Keech (100)<6><BOT><CT>" say "Chris_Tucker gimme a smoke please" (dead)
L 11/16/2015 - 20:37:13: "[POD]Matt_Damon (100)<3><BOT><TERRORIST>" say "Very funny, Stacy_Keech! you must be on drugs." (dead)
L 11/16/2015 - 20:37:13: "[POD]Andrew_Dice_Clay (100)<7><BOT><TERRORIST>" triggered "Spawned_With_The_Bomb"
L 11/16/2015 - 20:37:18: World triggered "Round_Start"
L 11/16/2015 - 20:37:32: "[P0D]Chris_Tucker (100)<8><BOT><CT>" attacked "[POD]Andrew_Dice_Clay (100)<7><BOT><TERRORIST>" with "famas" (damage "35") (damage_armor "0") (health "65") (armor "0")
L 11/16/2015 - 20:37:33: "[P0D]Chris_Tucker (100)<8><BOT><CT>" attacked "[POD]Andrew_Dice_Clay (100)<7><BOT><TERRORIST>" with "famas" (damage "21") (damage_armor "0") (health "44") (armor "0")
L 11/16/2015 - 20:37:33: "[P0D]Chris_Tucker (100)<8><BOT><CT>" attacked "[POD]Andrew_Dice_Clay (100)<7><BOT><TERRORIST>" with "famas" (damage "21") (damage_armor "0") (health "23") (armor "0")
L 11/16/2015 - 20:37:33: "[P0D]Chris_Tucker (100)<8><BOT><CT>" attacked "[POD]Andrew_Dice_Clay (100)<7><BOT><TERRORIST>" with "famas" (damage "28") (damage_armor "0") (health "-5") (armor "0")
L 11/16/2015 - 20:37:33: "[P0D]Chris_Tucker (100)<8><BOT><CT>" killed "[POD]Andrew_Dice_Clay (100)<7><BOT><TERRORIST>" with "famas"
L 11/16/2015 - 20:37:33: "[POD]Andrew_Dice_Clay (100)<7><BOT><TERRORIST>" triggered "Dropped_The_Bomb"
L 11/16/2015 - 20:37:33: "[POD]Andrew_Dice_Clay (100)<7><BOT><TERRORIST>" say "I have an audition, B R B" (dead)
L 11/16/2015 - 20:37:41: "[P*D]Will_Smith (100)<5><BOT><TERRORIST>" attacked "DOG_RouL!$<1><VALVE_ID_LAN><CT>" with "mac10" (damage "24") (damage_armor "0") (health "76") (armor "0")
L 11/16/2015 - 20:37:42: "DOG_RouL!$<1><VALVE_ID_LAN><CT>" attacked "[P*D]Will_Smith (100)<5><BOT><TERRORIST>" with "m4a1" (damage "14") (damage_armor "0") (health "86") (armor "0")
L 11/16/2015 - 20:37:42: "[P*D]Will_Smith (100)<5><BOT><TERRORIST>" attacked "DOG_RouL!$<1><VALVE_ID_LAN><CT>" with "mac10" (damage "25") (damage_armor "0") (health "51") (armor "0")
L 11/16/2015 - 20:37:42: "[P*D]Will_Smith (100)<5><BOT><TERRORIST>" attacked "DOG_RouL!$<1><VALVE_ID_LAN><CT>" with "mac10" (damage "25") (damage_armor "0") (health "26") (armor "0")
L 11/16/2015 - 20:37:42: "[P*D]Will_Smith (100)<5><BOT><TERRORIST>" attacked "DOG_RouL!$<1><VALVE_ID_LAN><CT>" with "mac10" (damage "25") (damage_armor "0") (health "1") (armor "0")
L 11/16/2015 - 20:37:42: "[P*D]Will_Smith (100)<5><BOT><TERRORIST>" attacked "DOG_RouL!$<1><VALVE_ID_LAN><CT>" with "mac10" (damage "25") (damage_armor "0") (health "-24") (armor "0")
L 11/16/2015 - 20:37:42: "[P*D]Will_Smith (100)<5><BOT><TERRORIST>" killed "DOG_RouL!$<1><VALVE_ID_LAN><CT>" with "mac10"
L 11/16/2015 - 20:37:42: "[P*D]Will_Smith (100)<5><BOT><TERRORIST>" say "I've always been better, DOG_RouL!$. AND YOU KNOW THIS ...MAN!!!!!!."
L 11/16/2015 - 20:37:47: "[POD]Matt_Damon (100)<3><BOT><TERRORIST>" committed suicide with "world"
L 11/16/2015 - 20:37:47: "[P0D]Jeff_Bridges (100)<4><BOT><CT>" committed suicide with "world"
L 11/16/2015 - 20:37:47: "[P*D]Will_Smith (100)<5><BOT><TERRORIST>" committed suicide with "world"
L 11/16/2015 - 20:37:47: Team "CT" triggered "CTs_Win" (CT "3") (T "0")
L 11/16/2015 - 20:37:47: World triggered "Round_End"
L 11/16/2015 - 20:37:47: "[P*D]Stacy_Keech (100)<6><BOT><CT>" committed suicide with "world"
L 11/16/2015 - 20:37:47: "[P0D]Chris_Tucker (100)<8><BOT><CT>" committed suicide with "world"
L 11/16/2015 - 20:37:47: "[POD]Matt_Damon (100)<3><BOT><TERRORIST>" say "Have you got ICQ, Will_Smith?" (dead)
L 11/16/2015 - 20:37:47: "[P*D]Will_Smith (100)<5><BOT><TERRORIST>" say "can someone tell me what brb means?" (dead)
L 11/16/2015 - 20:37:52: "[POD]Matt_Damon (100)<3><BOT><TERRORIST>" say "You will never find out, Will_Smith!" (dead)
L 11/16/2015 - 20:37:52: "[POD]Matt_Damon (100)<3><BOT><TERRORIST>" triggered "Spawned_With_The_Bomb"
L 11/16/2015 - 20:37:57: World triggered "Round_Start"
L 11/16/2015 - 20:38:12: "[POD]Andrew_Dice_Clay (100)<7><BOT><TERRORIST>" attacked "DOG_RouL!$<1><VALVE_ID_LAN><CT>" with "mp5navy" (damage "17") (damage_armor "0") (health "83") (armor "0")
L 11/16/2015 - 20:38:12: "[POD]Andrew_Dice_Clay (100)<7><BOT><TERRORIST>" attacked "DOG_RouL!$<1><VALVE_ID_LAN><CT>" with "mp5navy" (damage "17") (damage_armor "0") (health "66") (armor "0")
L 11/16/2015 - 20:38:12: "[POD]Andrew_Dice_Clay (100)<7><BOT><TERRORIST>" attacked "DOG_RouL!$<1><VALVE_ID_LAN><CT>" with "mp5navy" (damage "17") (damage_armor "0") (health "49") (armor "0")
L 11/16/2015 - 20:38:12: "[POD]Andrew_Dice_Clay (100)<7><BOT><TERRORIST>" attacked "DOG_RouL!$<1><VALVE_ID_LAN><CT>" with "mp5navy" (damage "17") (damage_armor "0") (health "32") (armor "0")
L 11/16/2015 - 20:38:12: "[POD]Andrew_Dice_Clay (100)<7><BOT><TERRORIST>" attacked "DOG_RouL!$<1><VALVE_ID_LAN><CT>" with "mp5navy" (damage "12") (damage_armor "0") (health "20") (armor "0")
L 11/16/2015 - 20:38:12: "[POD]Matt_Damon (100)<3><BOT><TERRORIST>" attacked "DOG_RouL!$<1><VALVE_ID_LAN><CT>" with "galil" (damage "28") (damage_armor "0") (health "-8") (armor "0")
L 11/16/2015 - 20:38:12: "[POD]Matt_Damon (100)<3><BOT><TERRORIST>" killed "DOG_RouL!$<1><VALVE_ID_LAN><CT>" with "galil"
L 11/16/2015 - 20:38:14: "[P*D]Will_Smith (100)<5><BOT><TERRORIST>" attacked "[P0D]Chris_Tucker (100)<8><BOT><CT>" with "glock18" (damage "15") (damage_armor "0") (health "85") (armor "0")
L 11/16/2015 - 20:38:14: "[P0D]Chris_Tucker (100)<8><BOT><CT>" attacked "[P*D]Will_Smith (100)<5><BOT><TERRORIST>" with "aug" (damage "20") (damage_armor "5") (health "80") (armor "95")
L 11/16/2015 - 20:38:15: "[P*D]Will_Smith (100)<5><BOT><TERRORIST>" attacked "[P0D]Chris_Tucker (100)<8><BOT><CT>" with "glock18" (damage "15") (damage_armor "0") (health "70") (armor "0")
L 11/16/2015 - 20:38:15: "[P0D]Chris_Tucker (100)<8><BOT><CT>" attacked "[P*D]Will_Smith (100)<5><BOT><TERRORIST>" with "aug" (damage "20") (damage_armor "4") (health "60") (armor "91")
L 11/16/2015 - 20:38:15: "[P0D]Jeff_Bridges (100)<4><BOT><CT>" attacked "[P*D]Will_Smith (100)<5><BOT><TERRORIST>" with "famas" (damage "19") (damage_armor "4") (health "41") (armor "87")
L 11/16/2015 - 20:38:15: "[P*D]Will_Smith (100)<5><BOT><TERRORIST>" attacked "[P0D]Chris_Tucker (100)<8><BOT><CT>" with "glock18" (damage "15") (damage_armor "0") (health "55") (armor "0")
L 11/16/2015 - 20:38:15: "[P0D]Jeff_Bridges (100)<4><BOT><CT>" attacked "[P*D]Will_Smith (100)<5><BOT><TERRORIST>" with "famas" (damage "19") (damage_armor "5") (health "22") (armor "82")
L 11/16/2015 - 20:38:15: "[P0D]Chris_Tucker (100)<8><BOT><CT>" attacked "[P*D]Will_Smith (100)<5><BOT><TERRORIST>" with "aug" (damage "20") (damage_armor "4") (health "2") (armor "78")
L 11/16/2015 - 20:38:15: "[P0D]Jeff_Bridges (100)<4><BOT><CT>" attacked "[P*D]Will_Smith (100)<5><BOT><TERRORIST>" with "famas" (damage "19") (damage_armor "4") (health "-17") (armor "74")
L 11/16/2015 - 20:38:15: "[P0D]Jeff_Bridges (100)<4><BOT><CT>" killed "[P*D]Will_Smith (100)<5><BOT><TERRORIST>" with "famas"
L 11/16/2015 - 20:38:17: "[POD]Matt_Damon (100)<3><BOT><TERRORIST>" committed suicide with "world"
L 11/16/2015 - 20:38:17: "[POD]Matt_Damon (100)<3><BOT><TERRORIST>" triggered "Dropped_The_Bomb"
L 11/16/2015 - 20:38:17: "[P0D]Jeff_Bridges (100)<4><BOT><CT>" committed suicide with "world"
L 11/16/2015 - 20:38:17: "[P*D]Stacy_Keech (100)<6><BOT><CT>" committed suicide with "world"
L 11/16/2015 - 20:38:17: "[POD]Andrew_Dice_Clay (100)<7><BOT><TERRORIST>" committed suicide with "world"
L 11/16/2015 - 20:38:17: Team "CT" triggered "CTs_Win" (CT "4") (T "0")
L 11/16/2015 - 20:38:17: World triggered "Round_End"
L 11/16/2015 - 20:38:17: "[P0D]Chris_Tucker (100)<8><BOT><CT>" committed suicide with "world"
L 11/16/2015 - 20:38:18: "[P0D]Chris_Tucker (100)<8><BOT><CT>" say "WTF, I wish someone better than  would join the server." (dead)
L 11/16/2015 - 20:38:22: "[P*D]Will_Smith (100)<5><BOT><TERRORIST>" triggered "Spawned_With_The_Bomb"
L 11/16/2015 - 20:38:27: World triggered "Round_Start"
L 11/16/2015 - 20:38:41: "[POD]Matt_Damon (100)<3><BOT><TERRORIST>" attacked "DOG_RouL!$<1><VALVE_ID_LAN><CT>" with "scout" (damage "69") (damage_armor "0") (health "31") (armor "0")
L 11/16/2015 - 20:38:41: "DOG_RouL!$<1><VALVE_ID_LAN><CT>" attacked "[POD]Matt_Damon (100)<3><BOT><TERRORIST>" with "m4a1" (damage "26") (damage_armor "0") (health "74") (armor "0")
L 11/16/2015 - 20:38:42: "[POD]Matt_Damon (100)<3><BOT><TERRORIST>" attacked "DOG_RouL!$<1><VALVE_ID_LAN><CT>" with "scout" (damage "69") (damage_armor "0") (health "-38") (armor "0")
L 11/16/2015 - 20:38:42: "[POD]Matt_Damon (100)<3><BOT><TERRORIST>" killed "DOG_RouL!$<1><VALVE_ID_LAN><CT>" with "scout"
L 11/16/2015 - 20:38:45: "[POD]Matt_Damon (100)<3><BOT><TERRORIST>" attacked "[P0D]Jeff_Bridges (100)<4><BOT><CT>" with "scout" (damage "71") (damage_armor "0") (health "29") (armor "0")
L 11/16/2015 - 20:38:45: "[P*D]Stacy_Keech (100)<6><BOT><CT>" attacked "[P*D]Will_Smith (100)<5><BOT><TERRORIST>" with "m3" (damage "11") (damage_armor "0") (health "89") (armor "100")
L 11/16/2015 - 20:38:45: "[P*D]Will_Smith (100)<5><BOT><TERRORIST>" attacked "[P*D]Stacy_Keech (100)<6><BOT><CT>" with "sg552" (damage "27") (damage_armor "6") (health "73") (armor "94")
L 11/16/2015 - 20:38:46: "[P*D]Will_Smith (100)<5><BOT><TERRORIST>" attacked "[P*D]Stacy_Keech (100)<6><BOT><CT>" with "sg552" (damage "21") (damage_armor "5") (health "52") (armor "89")
L 11/16/2015 - 20:38:47: "[POD]Matt_Damon (100)<3><BOT><TERRORIST>" committed suicide with "world"
L 11/16/2015 - 20:38:47: "[P0D]Jeff_Bridges (100)<4><BOT><CT>" committed suicide with "world"
L 11/16/2015 - 20:38:47: "[P*D]Will_Smith (100)<5><BOT><TERRORIST>" committed suicide with "world"
L 11/16/2015 - 20:38:47: "[P*D]Will_Smith (100)<5><BOT><TERRORIST>" triggered "Dropped_The_Bomb"
L 11/16/2015 - 20:38:47: "[P*D]Stacy_Keech (100)<6><BOT><CT>" committed suicide with "world"
L 11/16/2015 - 20:38:47: "[POD]Andrew_Dice_Clay (100)<7><BOT><TERRORIST>" committed suicide with "world"
L 11/16/2015 - 20:38:47: Team "CT" triggered "CTs_Win" (CT "5") (T "0")
L 11/16/2015 - 20:38:47: World triggered "Round_End"
L 11/16/2015 - 20:38:47: "[P0D]Chris_Tucker (100)<8><BOT><CT>" committed suicide with "world"
L 11/16/2015 - 20:38:47: "[POD]Andrew_Dice_Clay (100)<7><BOT><TERRORIST>" say "Stop playing Dead....we see that you do that well now get up." (dead)
L 11/16/2015 - 20:38:52: "[POD]Andrew_Dice_Clay (100)<7><BOT><TERRORIST>" triggered "Spawned_With_The_Bomb"
L 11/16/2015 - 20:38:57: World triggered "Round_Start"
L 11/16/2015 - 20:39:12: "[POD]Andrew_Dice_Clay (100)<7><BOT><TERRORIST>" attacked "DOG_RouL!$<1><VALVE_ID_LAN><CT>" with "scout" (damage "292") (damage_armor "0") (health "-192") (armor "0")
L 11/16/2015 - 20:39:12: "[POD]Andrew_Dice_Clay (100)<7><BOT><TERRORIST>" killed "DOG_RouL!$<1><VALVE_ID_LAN><CT>" with "scout"
L 11/16/2015 - 20:39:13: "[P0D]Chris_Tucker (100)<8><BOT><CT>" attacked "[POD]Andrew_Dice_Clay (100)<7><BOT><TERRORIST>" with "usp" (damage "28") (damage_armor "0") (health "72") (armor "0")
L 11/16/2015 - 20:39:14: "[P*D]Stacy_Keech (100)<6><BOT><CT>" attacked "[POD]Matt_Damon (100)<3><BOT><TERRORIST>" with "xm1014" (damage "8") (damage_armor "4") (health "92") (armor "96")
L 11/16/2015 - 20:39:14: "[P0D]Chris_Tucker (100)<8><BOT><CT>" attacked "[POD]Andrew_Dice_Clay (100)<7><BOT><TERRORIST>" with "usp" (damage "28") (damage_armor "0") (health "44") (armor "0")
L 11/16/2015 - 20:39:14: "[P*D]Stacy_Keech (100)<6><BOT><CT>" attacked "[POD]Matt_Damon (100)<3><BOT><TERRORIST>" with "xm1014" (damage "8") (damage_armor "4") (health "84") (armor "92")
L 11/16/2015 - 20:39:14: "[P0D]Chris_Tucker (100)<8><BOT><CT>" attacked "[POD]Andrew_Dice_Clay (100)<7><BOT><TERRORIST>" with "usp" (damage "21") (damage_armor "0") (health "23") (armor "0")
L 11/16/2015 - 20:39:14: "[P*D]Stacy_Keech (100)<6><BOT><CT>" attacked "[POD]Matt_Damon (100)<3><BOT><TERRORIST>" with "xm1014" (damage "11") (damage_armor "0") (health "73") (armor "92")
L 11/16/2015 - 20:39:14: "[POD]Matt_Damon (100)<3><BOT><TERRORIST>" attacked "[P*D]Stacy_Keech (100)<6><BOT><CT>" with "galil" (damage "21") (damage_armor "0") (health "79") (armor "0")
L 11/16/2015 - 20:39:14: "[P0D]Jeff_Bridges (100)<4><BOT><CT>" attacked "[POD]Andrew_Dice_Clay (100)<7><BOT><TERRORIST>" with "usp" (damage "18") (damage_armor "0") (health "5") (armor "0")
L 11/16/2015 - 20:39:14: "[POD]Matt_Damon (100)<3><BOT><TERRORIST>" attacked "[P*D]Stacy_Keech (100)<6><BOT><CT>" with "galil" (damage "29") (damage_armor "0") (health "50") (armor "0")
L 11/16/2015 - 20:39:14: "[POD]Matt_Damon (100)<3><BOT><TERRORIST>" attacked "[P*D]Stacy_Keech (100)<6><BOT><CT>" with "galil" (damage "29") (damage_armor "0") (health "21") (armor "0")
L 11/16/2015 - 20:39:14: "[P0D]Jeff_Bridges (100)<4><BOT><CT>" attacked "[POD]Andrew_Dice_Clay (100)<7><BOT><TERRORIST>" with "usp" (damage "18") (damage_armor "0") (health "-13") (armor "0")
L 11/16/2015 - 20:39:14: "[P0D]Jeff_Bridges (100)<4><BOT><CT>" killed "[POD]Andrew_Dice_Clay (100)<7><BOT><TERRORIST>" with "usp"
L 11/16/2015 - 20:39:14: "[POD]Andrew_Dice_Clay (100)<7><BOT><TERRORIST>" triggered "Dropped_The_Bomb"
L 11/16/2015 - 20:39:14: "[P*D]Stacy_Keech (100)<6><BOT><CT>" attacked "[POD]Matt_Damon (100)<3><BOT><TERRORIST>" with "xm1014" (damage "15") (damage_armor "8") (health "58") (armor "84")
L 11/16/2015 - 20:39:14: "[POD]Matt_Damon (100)<3><BOT><TERRORIST>" attacked "[P*D]Stacy_Keech (100)<6><BOT><CT>" with "galil" (damage "29") (damage_armor "0") (health "-8") (armor "0")
L 11/16/2015 - 20:39:14: "[POD]Matt_Damon (100)<3><BOT><TERRORIST>" killed "[P*D]Stacy_Keech (100)<6><BOT><CT>" with "galil"
L 11/16/2015 - 20:39:15: "[POD]Andrew_Dice_Clay (100)<7><BOT><TERRORIST>" say "Matt_Damon You act like my sister...she's a Tomboy" (dead)
L 11/16/2015 - 20:39:17: "[POD]Matt_Damon (100)<3><BOT><TERRORIST>" committed suicide with "world"
L 11/16/2015 - 20:39:17: "[P0D]Jeff_Bridges (100)<4><BOT><CT>" committed suicide with "world"
L 11/16/2015 - 20:39:17: "[P*D]Will_Smith (100)<5><BOT><TERRORIST>" committed suicide with "world"
L 11/16/2015 - 20:39:17: Team "CT" triggered "CTs_Win" (CT "6") (T "0")
L 11/16/2015 - 20:39:17: World triggered "Round_End"
L 11/16/2015 - 20:39:17: "[P0D]Chris_Tucker (100)<8><BOT><CT>" committed suicide with "world"
L 11/16/2015 - 20:39:19: "[POD]Matt_Damon (100)<3><BOT><TERRORIST>" say "acting is my life. my whole life is just an act. OMG IM SO DEPRESSED" (dead)
L 11/16/2015 - 20:39:22: "[POD]Matt_Damon (100)<3><BOT><TERRORIST>" triggered "Spawned_With_The_Bomb"
L 11/16/2015 - 20:39:27: World triggered "Round_Start"
L 11/16/2015 - 20:39:48: "[POD]Matt_Damon (100)<3><BOT><TERRORIST>" attacked "[P*D]Stacy_Keech (100)<6><BOT><CT>" with "galil" (damage "9") (damage_armor "0") (health "91") (armor "0")
L 11/16/2015 - 20:39:48: "[POD]Matt_Damon (100)<3><BOT><TERRORIST>" attacked "[P*D]Stacy_Keech (100)<6><BOT><CT>" with "galil" (damage "9") (damage_armor "0") (health "82") (armor "0")
L 11/16/2015 - 20:39:49: "[POD]Matt_Damon (100)<3><BOT><TERRORIST>" attacked "[P*D]Stacy_Keech (100)<6><BOT><CT>" with "galil" (damage "9") (damage_armor "0") (health "73") (armor "0")
L 11/16/2015 - 20:39:49: "[POD]Matt_Damon (100)<3><BOT><TERRORIST>" attacked "[P*D]Stacy_Keech (100)<6><BOT><CT>" with "galil" (damage "9") (damage_armor "0") (health "64") (armor "0")
L 11/16/2015 - 20:39:49: "[POD]Matt_Damon (100)<3><BOT><TERRORIST>" attacked "[P*D]Stacy_Keech (100)<6><BOT><CT>" with "galil" (damage "9") (damage_armor "0") (health "55") (armor "0")
L 11/16/2015 - 20:39:49: "[POD]Matt_Damon (100)<3><BOT><TERRORIST>" attacked "[P*D]Stacy_Keech (100)<6><BOT><CT>" with "galil" (damage "9") (damage_armor "0") (health "46") (armor "0")
L 11/16/2015 - 20:39:49: "[P*D]Stacy_Keech (100)<6><BOT><CT>" attacked "[P*D]Will_Smith (100)<5><BOT><TERRORIST>" with "xm1014" (damage "43") (damage_armor "22") (health "57") (armor "78")
L 11/16/2015 - 20:39:51: "[P*D]Will_Smith (100)<5><BOT><TERRORIST>" attacked "[P*D]Stacy_Keech (100)<6><BOT><CT>" with "ak47" (damage "25") (damage_armor "0") (health "21") (armor "0")
L 11/16/2015 - 20:39:51: "[P*D]Will_Smith (100)<5><BOT><TERRORIST>" attacked "[P*D]Stacy_Keech (100)<6><BOT><CT>" with "ak47" (damage "25") (damage_armor "0") (health "-4") (armor "0")
L 11/16/2015 - 20:39:51: "[P*D]Will_Smith (100)<5><BOT><TERRORIST>" killed "[P*D]Stacy_Keech (100)<6><BOT><CT>" with "ak47"
L 11/16/2015 - 20:39:52: "[P*D]Stacy_Keech (100)<6><BOT><CT>" say "Whatever happened to Wu-Tang?? they had style for musicians" (dead)
L 11/16/2015 - 20:40:02: "DOG_RouL!$<1><VALVE_ID_LAN><CT>" attacked "[POD]Matt_Damon (100)<3><BOT><TERRORIST>" with "m4a1" (damage "21") (damage_armor "5") (health "79") (armor "95")
L 11/16/2015 - 20:40:02: "DOG_RouL!$<1><VALVE_ID_LAN><CT>" attacked "[POD]Matt_Damon (100)<3><BOT><TERRORIST>" with "m4a1" (damage "21") (damage_armor "5") (health "58") (armor "90")
L 11/16/2015 - 20:40:02: "[POD]Matt_Damon (100)<3><BOT><TERRORIST>" attacked "DOG_RouL!$<1><VALVE_ID_LAN><CT>" with "galil" (damage "29") (damage_armor "0") (health "57") (armor "0")
L 11/16/2015 - 20:40:02: "[POD]Matt_Damon (100)<3><BOT><TERRORIST>" attacked "DOG_RouL!$<1><VALVE_ID_LAN><CT>" with "galil" (damage "29") (damage_armor "0") (health "28") (armor "0")
L 11/16/2015 - 20:40:02: "[POD]Matt_Damon (100)<3><BOT><TERRORIST>" attacked "DOG_RouL!$<1><VALVE_ID_LAN><CT>" with "galil" (damage "29") (damage_armor "0") (health "-1") (armor "0")
L 11/16/2015 - 20:40:02: "[POD]Matt_Damon (100)<3><BOT><TERRORIST>" killed "DOG_RouL!$<1><VALVE_ID_LAN><CT>" with "galil"
L 11/16/2015 - 20:40:06: "[P*D]Stacy_Keech (100)<6><BOT><CT>" say "I didnt realize that 