L 11/22/2015 - 18:45:24: Log file started (file "logs/L1122024.log") (game "cstrike") (version "48/1.6.3.7/Stdio/5787")
L 11/22/2015 - 18:45:24: Server cvar "mp_logdetail" = "3"
L 11/22/2015 - 18:45:24: Server cvar "mp_timelimit" = "30"
L 11/22/2015 - 18:45:24: Server cvar "mp_c4timer" = "35"
L 11/22/2015 - 18:45:24: Server cvar "mp_flashlight" = "1"
L 11/22/2015 - 18:45:24: Server cvar "mp_freezetime" = "5"
L 11/22/2015 - 18:45:24: Server cvar "mp_hostagepenalty" = "0"
L 11/22/2015 - 18:45:24: Server cvar "mp_limitteams" = "5"
L 11/22/2015 - 18:45:24: Server cvar "mp_roundtime" = "2.57"
L 11/22/2015 - 18:45:24: Server cvar "mp_tkpunish" = "1"
L 11/22/2015 - 18:45:24: Server cvar "sv_restartround" = "1"
L 11/22/2015 - 18:45:24: Server cvar "sv_maxspeed" = "320"
L 11/22/2015 - 18:45:24: Server cvar "sv_proxies" = "0"
L 11/22/2015 - 18:45:24: Server cvar "allow_spectators" = "4"
L 11/22/2015 - 18:45:24: Server cvar "mp_chattime" = "0"
L 11/22/2015 - 18:45:24: Server cvar "decalfrequency" = "9"
L 11/22/2015 - 18:45:24: Server cvar "sv_aim" = "0"
L 11/22/2015 - 18:45:24: Server cvar "sv_minrate" = "100000"
L 11/22/2015 - 18:45:24: Server cvar "sv_maxrate" = "25000"
L 11/22/2015 - 18:45:24: Server cvar "sv_region" = "3"
L 11/22/2015 - 18:45:24: World triggered "Restart_Round_(1_second)"
L 11/22/2015 - 18:45:24: Team "CT" scored "0" with "0" players
L 11/22/2015 - 18:45:24: Team "TERRORIST" scored "0" with "0" players
L 11/22/2015 - 18:45:24: Server cvar "sv_restartround" = "0"
L 11/22/2015 - 18:45:28: "[P*D]Jack_Nicholson (100)<1><BOT><>" entered the game
L 11/22/2015 - 18:45:28: "[P*D]Jack_Nicholson (100)<1><BOT><>" joined team "CT"
L 11/22/2015 - 18:45:29: "[P0D]Tommy_Lee_Jones (100)<2><BOT><>" entered the game
L 11/22/2015 - 18:45:29: "[P0D]Tommy_Lee_Jones (100)<2><BOT><>" joined team "TERRORIST"
L 11/22/2015 - 18:45:29: World triggered "Game_Commencing"
L 11/22/2015 - 18:45:29: World triggered "Game_Commencing" (CT "0") (T "0")
L 11/22/2015 - 18:45:29: World triggered "Round_End"
L 11/22/2015 - 18:45:29: "[P*D]Jennifer_Love_Hewitt (100)<3><BOT><>" entered the game
L 11/22/2015 - 18:45:29: "[P*D]Jennifer_Love_Hewitt (100)<3><BOT><>" joined team "TERRORIST"
L 11/22/2015 - 18:45:30: "[P*D]L33t B0t (100)<4><BOT><>" entered the game
L 11/22/2015 - 18:45:30: "[P*D]L33t B0t (100)<4><BOT><>" joined team "CT"
L 11/22/2015 - 18:45:30: "[POD]Botsie Collins (100)<5><BOT><>" entered the game
L 11/22/2015 - 18:45:30: "[POD]Botsie Collins (100)<5><BOT><>" joined team "TERRORIST"
L 11/22/2015 - 18:45:31: "[P*D]Funky Byte (100)<6><BOT><>" entered the game
L 11/22/2015 - 18:45:31: "[P*D]Funky Byte (100)<6><BOT><>" joined team "CT"
L 11/22/2015 - 18:45:31: "[P*D]Mel_Gibson (100)<7><BOT><>" entered the game
L 11/22/2015 - 18:45:31: "[P*D]Mel_Gibson (100)<7><BOT><>" joined team "CT"
L 11/22/2015 - 18:45:32: "[P0D]Tommy_Lee_Jones (100)<2><BOT><TERRORIST>" triggered "Spawned_With_The_Bomb"
L 11/22/2015 - 18:45:35: [DPROTO]: Client 7 - Set AuthIdType 10 [dproto]; pClient = 0xf39d67b4
L 11/22/2015 - 18:45:35: "DOG_RouL!$<8><VALVE_ID_LAN><>" connected, address "127.0.0.1:27005"
L 11/22/2015 - 18:45:35: [VTC] Player 8 silk
L 11/22/2015 - 18:45:37: World triggered "Round_Start"
L 11/22/2015 - 18:45:38: [DPROTO]: Client 7 - Set AuthIdType 10 [dproto]; pClient = 0xf39d67b4
L 11/22/2015 - 18:45:38: "DOG_RouL!$<9><VALVE_ID_LAN><>" connected, address "127.0.0.1:27005"
L 11/22/2015 - 18:45:38: [VTC] Player 8 silk
L 11/22/2015 - 18:45:42: Kick: "[P*D]Jack_Nicholson (100)<1><BOT><>" was kicked by "Console"
L 11/22/2015 - 18:45:42: "[P*D]Jack_Nicholson (100)<1><BOT><CT>" disconnected
L 11/22/2015 - 18:45:42: "DOG_RouL!$<9><VALVE_ID_LAN><>" entered the game
L 11/22/2015 - 18:45:44: "DOG_RouL!$<9><VALVE_ID_LAN><>" joined team "CT"
L 11/22/2015 - 18:45:51: "[POD]Botsie Collins (100)<5><BOT><TERRORIST>" attacked "[P*D]L33t B0t (100)<4><BOT><CT>" with "knife" (damage "260") (damage_armor "0") (health "-160") (armor "0")
L 11/22/2015 - 18:45:51: "[POD]Botsie Collins (100)<5><BOT><TERRORIST>" killed "[P*D]L33t B0t (100)<4><BOT><CT>" with "knife"
L 11/22/2015 - 18:45:54: "[P*D]L33t B0t (100)<4><BOT><CT>" say "Collins is really rockin the set" (dead)
L 11/22/2015 - 18:46:04: "[P0D]Tommy_Lee_Jones (100)<2><BOT><TERRORIST>" attacked "[P*D]Funky Byte (100)<6><BOT><CT>" with "deagle" (damage "9") (damage_armor "0") (health "91") (armor "0")
L 11/22/2015 - 18:46:06: "[P*D]L33t B0t (100)<4><BOT><CT>" say "I usually don't play this with famous people !" (dead)
L 11/22/2015 - 18:46:11: "[P*D]Jennifer_Love_Hewitt (100)<3><BOT><TERRORIST>" attacked "DOG_RouL!$<9><VALVE_ID_LAN><CT>" with "deagle" (damage "16") (damage_armor "3") (health "84") (armor "97")
L 11/22/2015 - 18:46:11: "[P*D]Jennifer_Love_Hewitt (100)<3><BOT><TERRORIST>" attacked "DOG_RouL!$<9><VALVE_ID_LAN><CT>" with "deagle" (damage "16") (damage_armor "0") (health "68") (armor "97")
L 11/22/2015 - 18:46:16: "[POD]Botsie Collins (100)<5><BOT><TERRORIST>" attacked "DOG_RouL!$<9><VALVE_ID_LAN><CT>" with "fiveseven" (damage "11") (damage_armor "2") (health "57") (armor "95")
L 11/22/2015 - 18:46:17: "DOG_RouL!$<9><VALVE_ID_LAN><CT>" attacked "[POD]Botsie Collins (100)<5><BOT><TERRORIST>" with "deagle" (damage "46") (damage_armor "0") (health "54") (armor "0")
L 11/22/2015 - 18:46:18: "DOG_RouL!$<9><VALVE_ID_LAN><CT>" attacked "[POD]Botsie Collins (100)<5><BOT><TERRORIST>" with "deagle" (damage "13") (damage_armor "0") (health "41") (armor "0")
L 11/22/2015 - 18:46:19: "DOG_RouL!$<9><VALVE_ID_LAN><CT>" attacked "[P*D]Jennifer_Love_Hewitt (100)<3><BOT><TERRORIST>" with "deagle" (damage "50") (damage_armor "0") (health "50") (armor "0")
L 11/22/2015 - 18:46:21: "[P*D]Jennifer_Love_Hewitt (100)<3><BOT><TERRORIST>" attacked "DOG_RouL!$<9><VALVE_ID_LAN><CT>" with "knife" (damage "55") (damage_armor "5") (health "2") (armor "90")
L 11/22/2015 - 18:46:22: "[P*D]Jennifer_Love_Hewitt (100)<3><BOT><TERRORIST>" attacked "DOG_RouL!$<9><VALVE_ID_LAN><CT>" with "knife" (damage "55") (damage_armor "5") (health "-53") (armor "85")
L 11/22/2015 - 18:46:22: "[P*D]Jennifer_Love_Hewitt (100)<3><BOT><TERRORIST>" killed "DOG_RouL!$<9><VALVE_ID_LAN><CT>" with "knife"
L 11/22/2015 - 18:46:27: "[P0D]Tommy_Lee_Jones (100)<2><BOT><TERRORIST>" committed suicide with "world"
L 11/22/2015 - 18:46:27: "[P0D]Tommy_Lee_Jones (100)<2><BOT><TERRORIST>" triggered "Dropped_The_Bomb"
L 11/22/2015 - 18:46:27: "[P*D]Jennifer_Love_Hewitt (100)<3><BOT><TERRORIST>" committed suicide with "world"
L 11/22/2015 - 18:46:27: "[POD]Botsie Collins (100)<5><BOT><TERRORIST>" committed suicide with "world"
L 11/22/2015 - 18:46:27: Team "CT" triggered "CTs_Win" (CT "1") (T "0")
L 11/22/2015 - 18:46:27: World triggered "Round_End"
L 11/22/2015 - 18:46:27: "[P*D]Funky Byte (100)<6><BOT><CT>" committed suicide with "world"
L 11/22/2015 - 18:46:27: "[P*D]Mel_Gibson (100)<7><BOT><CT>" committed suicide with "world"
L 11/22/2015 - 18:46:27: "[P*D]Funky Byte (100)<6><BOT><CT>" say "My fame is due to hard work *snicker*" (dead)
L 11/22/2015 - 18:46:27: "[P0D]Tommy_Lee_Jones (100)<2><BOT><TERRORIST>" say "Ever see a drugged up famous person??? lol" (dead)
L 11/22/2015 - 18:46:27: "[P*D]Jennifer_Love_Hewitt (100)<3><BOT><TERRORIST>" say "Whats so cool about Fame?  THE MONEY!!!!!" (dead)
L 11/22/2015 - 18:46:27: "[POD]Botsie Collins (100)<5><BOT><TERRORIST>" say "Ever see a drugged up famous person??? lol" (dead)
L 11/22/2015 - 18:46:32: "[P*D]Jennifer_Love_Hewitt (100)<3><BOT><TERRORIST>" triggered "Spawned_With_The_Bomb"
L 11/22/2015 - 18:46:37: World triggered "Round_Start"
L 11/22/2015 - 18:46:49: "[P*D]Mel_Gibson (100)<7><BOT><CT>" attacked "[P0D]Tommy_Lee_Jones (100)<2><BOT><TERRORIST>" with "m3" (damage "36") (damage_armor "0") (health "64") (armor "100")
L 11/22/2015 - 18:46:49: "[P0D]Tommy_Lee_Jones (100)<2><BOT><TERRORIST>" attacked "[P*D]Mel_Gibson (100)<7><BOT><CT>" with "glock18" (damage "15") (damage_armor "0") (health "85") (armor "100")
L 11/22/2015 - 18:46:49: "[P0D]Tommy_Lee_Jones (100)<2><BOT><TERRORIST>" attacked "[P*D]Mel_Gibson (100)<7><BOT><CT>" with "glock18" (damage "16") (damage_armor "0") (health "69") (armor "100")
L 11/22/2015 - 18:46:50: "[P0D]Tommy_Lee_Jones (100)<2><BOT><TERRORIST>" attacked "[P*D]Mel_Gibson (100)<7><BOT><CT>" with "glock18" (damage "16") (damage_armor "0") (health "53") (armor "100")
L 11/22/2015 - 18:46:50: "[P0D]Tommy_Lee_Jones (100)<2><BOT><TERRORIST>" attacked "[P*D]Mel_Gibson (100)<7><BOT><CT>" with "glock18" (damage "12") (damage_armor "6") (health "41") (armor "94")
L 11/22/2015 - 18:46:50: "[P*D]Mel_Gibson (100)<7><BOT><CT>" attacked "[P0D]Tommy_Lee_Jones (100)<2><BOT><TERRORIST>" with "m3" (damage "76") (damage_armor "38") (health "-12") (armor "62")
L 11/22/2015 - 18:46:50: "[P*D]Mel_Gibson (100)<7><BOT><CT>" killed "[P0D]Tommy_Lee_Jones (100)<2><BOT><TERRORIST>" with "m3"
L 11/22/2015 - 18:46:51: "[P0D]Tommy_Lee_Jones (100)<2><BOT><TERRORIST>" say "Have you heard of Metallica?" (dead)
L 11/22/2015 - 18:46:52: "[P*D]Mel_Gibson (100)<7><BOT><CT>" attacked "[POD]Botsie Collins (100)<5><BOT><TERRORIST>" with "m3" (damage "34") (damage_armor "0") (health "66") (armor "0")
L 11/22/2015 - 18:46:53: "[P*D]Mel_Gibson (100)<7><BOT><CT>" attacked "[POD]Botsie Collins (100)<5><BOT><TERRORIST>" with "m3" (damage "18") (damage_armor "0") (health "48") (armor "0")
L 11/22/2015 - 18:46:53: "[POD]Botsie Collins (100)<5><BOT><TERRORIST>" attacked "[P*D]Mel_Gibson (100)<7><BOT><CT>" with "mac10" (damage "12") (damage_armor "7") (health "29") (armor "87")
L 11/22/2015 - 18:46:54: "[POD]Botsie Collins (100)<5><BOT><TERRORIST>" attacked "[P*D]Mel_Gibson (100)<7><BOT><CT>" with "mac10" (damage "12") (damage_armor "7") (health "17") (armor "80")
L 11/22/2015 - 18:46:54: "[P*D]Jennifer_Love_Hewitt (100)<3><BOT><TERRORIST>" attacked "[P*D]Mel_Gibson (100)<7><BOT><CT>" with "mp5navy" (damage "48") (damage_armor "24") (health "-31") (armor "56")
L 11/22/2015 - 18:46:54: "[P*D]Jennifer_Love_Hewitt (100)<3><BOT><TERRORIST>" killed "[P*D]Mel_Gibson (100)<7><BOT><CT>" with "mp5navy"
L 11/22/2015 - 18:46:56: "[P*D]Mel_Gibson (100)<7><BOT><CT>" say "Jennifer_Love_Hewitt were your parents musicians?" (dead)
L 11/22/2015 - 18:46:59: "[P*D]Mel_Gibson (100)<7><BOT><CT>" say "um...METALLICA RULLLLLLZZZZZZZZZZZZZ" (dead)
L 11/22/2015 - 18:47:07: "[P0D]Tommy_Lee_Jones (100)<2><BOT><TERRORIST>" say "Busta Rhymes is the fastest rapper..and has great style too" (dead)
L 11/22/2015 - 18:47:07: "[P*D]Jennifer_Love_Hewitt (100)<3><BOT><TERRORIST>" triggered "Planted_The_Bomb"
L 11/22/2015 - 18:47:07: "[P*D]Jennifer_Love_Hewitt (100)<3><BOT><TERRORIST>" say_team "Planted the Bomb!"
L 11/22/2015 - 18:47:07: "[P*D]L33t B0t (100)<4><BOT><CT>" say "FIDEL CASTRO DID IT! no....WAIT SADDAM DID IT!! no....wait..."
L 11/22/2015 - 18:47:13: "[P*D]Mel_Gibson (100)<7><BOT><CT>" say " and L33t are still alive! Something must be very wrong..." (dead)
L 11/22/2015 - 18:47:13: "[POD]Botsie Collins (100)<5><BOT><TERRORIST>" attacked "DOG_RouL!$<9><VALVE_ID_LAN><CT>" with "mac10" (damage "10") (damage_armor "7") (health "90") (armor "93")
L 11/22/2015 - 18:47:13: "[POD]Botsie Collins (100)<5><BOT><TERRORIST>" attacked "DOG_RouL!$<9><VALVE_ID_LAN><CT>" with "mac10" (damage "10") (damage_armor "6") (health "80") (armor "87")
L 11/22/2015 - 18:47:13: "[POD]Botsie Collins (100)<5><BOT><TERRORIST>" attacked "DOG_RouL!$<9><VALVE_ID_LAN><CT>" with "mac10" (damage "10") (damage_armor "6") (health "70") (armor "81")
L 11/22/2015 - 18:47:14: "[POD]Botsie Collins (100)<5><BOT><TERRORIST>" attacked "DOG_RouL!$<9><VALVE_ID_LAN><CT>" with "mac10" (damage "13") (damage_armor "7") (health "57") (armor "74")
L 11/22/2015 - 18:47:14: "DOG_RouL!$<9><VALVE_ID_LAN><CT>" attacked "[POD]Botsie Collins (100)<5><BOT><TERRORIST>" with "m4a1" (damage "23") (damage_armor "0") (health "25") (armor "0")
L 11/22/2015 - 18:47:14: "[POD]Botsie Collins (100)<5><BOT><TERRORIST>" attacked "DOG_RouL!$<9><VALVE_ID_LAN><CT>" with "mac10" (damage "10") (damage_armor "6") (health "47") (armor "68")
L 11/22/2015 - 18:47:18: "[P0D]Tommy_Lee_Jones (100)<2><BOT><TERRORIST>" say "LOL! Look at Jennifer_Love_Hewitt ... WTF ?...never seen anything like that before !" (dead)
L 11/22/2015 - 18:47:19: "[P*D]Funky Byte (100)<6><BOT><CT>" attacked "[POD]Botsie Collins (100)<5><BOT><TERRORIST>" with "m4a1" (damage "31") (damage_armor "0") (health "-6") (armor "0")
L 11/22/2015 - 18:47:19: "[P*D]Funky Byte (100)<6><BOT><CT>" killed "[POD]Botsie Collins (100)<5><BOT><TERRORIST>" with "m4a1"
L 11/22/2015 - 18:47:20: "[P*D]Jennifer_Love_Hewitt (100)<3><BOT><TERRORIST>" attacked "[P*D]Funky Byte (100)<6><BOT><CT>" with "mp5navy" (damage "14") (damage_armor "0") (health "86") (armor "0")
L 11/22/2015 - 18:47:20: "[P*D]Jennifer_Love_Hewitt (100)<3><BOT><TERRORIST>" attacked "[P*D]Funky Byte (100)<6><BOT><CT>" with "mp5navy" (damage "14") (damage_armor "0") (health "72") (armor "0")
L 11/22/2015 - 18:47:20: "[P*D]Jennifer_Love_Hewitt (100)<3><BOT><TERRORIST>" attacked "[P*D]Funky Byte (100)<6><BOT><CT>" with "mp5navy" (damage "14") (damage_armor "0") (health "58") (armor "0")
L 11/22/2015 - 18:47:20: "[P*D]Jennifer_Love_Hewitt (100)<3><BOT><TERRORIST>" attacked "[P*D]Funky Byte (100)<6><BOT><CT>" with "mp5navy" (damage "14") (damage_armor "0") (health "44") (armor "0")
L 11/22/2015 - 18:47:20: "[P*D]Jennifer_Love_Hewitt (100)<3><BOT><TERRORIST>" attacked "[P*D]Funky Byte (100)<6><BOT><CT>" with "mp5navy" (damage "23") (damage_armor "0") (health "21") (armor "0")
L 11/22/2015 - 18:47:20: "[P*D]Jennifer_Love_Hewitt (100)<3><BOT><TERRORIST>" attacked "[P*D]Funky Byte (100)<6><BOT><CT>" with "mp5navy" (damage "19") (damage_armor "0") (health "2") (armor "0")
L 11/22/2015 - 18:47:21: "[P*D]Jennifer_Love_Hewitt (100)<3><BOT><TERRORIST>" attacked "[P*D]Funky Byte (100)<6><BOT><CT>" with "mp5navy" (damage "19") (damage_armor "0") (health "-17") (armor "0")
L 11/22/2015 - 18:47:21: "[P*D]Jennifer_Love_Hewitt (100)<3><BOT><TERRORIST>" killed "[P*D]Funky Byte (100)<6><BOT><CT>" with "mp5navy"
L 11/22/2015 - 18:47:22: "[P*D]L33t B0t (100)<4><BOT><CT>" attacked "[P*D]Jennifer_Love_Hewitt (100)<3><BOT><TERRORIST>" with "m3" (damage "124") (damage_armor "0") (health "-24") (armor "0")
L 11/22/2015 - 18:47:22: "[P*D]L33t B0t (100)<4><BOT><CT>" killed "[P*D]Jennifer_Love_Hewitt (100)<3><BOT><TERRORIST>" with "m3"
L 11/22/2015 - 18:47:22: "[P*D]L33t B0t (100)<4><BOT><CT>" say "Jennifer_Love_Hewitt, I enjoyed that one!! Lets play it again Sam"
L 11/22/2015 - 18:47:26: "[P*D]L33t B0t (100)<4><BOT><CT>" say_team "Trying to defuse the Bomb!"
L 11/22/2015 - 18:47:27: "[POD]Botsie Collins (100)<5><BOT><TERRORIST>" say "I can't believe this...this is crazy!" (dead)
L 11/22/2015 - 18:47:28: "[POD]Botsie Collins (100)<5><BOT><TERRORIST>" say "ROFLMAO" (dead)
L 11/22/2015 - 18:47:34: "DOG_RouL!$<9><VALVE_ID_LAN><CT>" triggered "Begin_Bomb_Defuse_With_Kit"
L 11/22/2015 - 18:47:34: "[P*D]Mel_Gibson (100)<7><BOT><CT>" say "Anyone here like doing love scenes???" (dead)
L 11/22/2015 - 18:47:37: "[P*D]Mel_Gibson (100)<7><BOT><CT>" say "These chat-messages are freaking me out! I feel like I know you all!" (dead)
L 11/22/2015 - 18:47:39: "DOG_RouL!$<9><VALVE_ID_LAN><CT>" triggered "Defused_The_Bomb"
L 11/22/2015 - 18:47:39: Team "CT" triggered "Bomb_Defused" (CT "2") (T "0")
L 11/22/2015 - 18:47:39: World triggered "Round_End"
L 11/22/2015 - 18:47:42: "[POD]Botsie Collins (100)<5><BOT><TERRORIST>" say "WTF, ....??" (dead)
L 11/22/2015 - 18:47:44: "[POD]Botsie Collins (100)<5><BOT><TERRORIST>" triggered "Spawned_With_The_Bomb"
L 11/22/2015 - 18:47:49: World triggered "Round_Start"
L 11/22/2015 - 18:48:01: "[POD]Botsie Collins (100)<5><BOT><TERRORIST>" attacked "DOG_RouL!$<9><VALVE_ID_LAN><CT>" with "ak47" (damage "25") (damage_armor "0") (health "75") (armor "100")
L 11/22/2015 - 18:48:01: "[POD]Botsie Collins (100)<5><BOT><TERRORIST>" attacked "DOG_RouL!$<9><VALVE_ID_LAN><CT>" with "ak47" (damage "26") (damage_armor "0") (health "49") (armor "100")
L 11/22/2015 - 18:48:01: "[POD]Botsie Collins (100)<5><BOT><TERRORIST>" attacked "DOG_RouL!$<9><VALVE_ID_LAN><CT>" with "ak47" (damage "12") (damage_armor "2") (health "37") (armor "98")
L 11/22/2015 - 18:48:01: "[POD]Botsie Collins (100)<5><BOT><TERRORIST>" attacked "DOG_RouL!$<9><VALVE_ID_LAN><CT>" with "ak47" (damage "15") (damage_armor "3") (health "22") (armor "95")
L 11/22/2015 - 1